
Problem information:
  Number of variables (n): 12
  Number of constraints (m): 40

Starting reference QAOA with parameters:
  sample_size (total shots): 1000
Added all constraints
Found feasible solution: [0 1 0 0 0 0 0 1 0 1 0 1] with objective value 146.0
Found feasible solution:
  Solution: [0, 1, 0, 0, 0, 0, 0, 1, 0, 1, 0, 1]
  Value: 146.0
  QAOA solution found:
    Solution: [0, 1, 0, 0, 0, 0, 0, 1, 0, 1, 0, 1]
    Value: 146.0

Running Constraint Generation:

Problem information:
  Number of variables (n): 12
  Number of constraints (m): 40

Running classical reference solver:
  Reference solution found:
    Solution: [1, 0, 1, 1, 1, 0, 0, 0, 0, 0, 0, 0]
    Value: 134.0

Starting quantum constraint generation with parameters:
  sample_size (total shots): 1000
  tau: 0.1
  max_iters: 1000

Iteration 0:
Circuit optimization did not converge
Circuit optimization did not converge
  No feasible solution found in this iteration
  Added 6 new constraints: [1, 20, 29, 30, 33, 38]

Iteration 1:
Circuit optimization did not converge
Circuit optimization did not converge
  No feasible solution found in this iteration
  No new constraints added, lowered tau multiplier: 1.0 -> 0.9
  No new constraints added, lowered tau multiplier: 0.9 -> 0.8
  No new constraints added, lowered tau multiplier: 0.8 -> 0.7
  No new constraints added, lowered tau multiplier: 0.7 -> 0.6
  No new constraints added, lowered tau multiplier: 0.6 -> 0.5
  No new constraints added, lowered tau multiplier: 0.5 -> 0.4
  Added 27 new constraints: [0, 4, 5, 6, 7, 8, 11, 12, 13, 14, 15, 16, 17, 18, 19, 21, 22, 23, 24, 25, 27, 28, 31, 32, 34, 36, 39]

Iteration 2:
Circuit optimization did not converge
Circuit optimization did not converge
  No feasible solution found in this iteration
  No new constraints added, lowered tau multiplier: 1.0 -> 0.9
  No new constraints added, lowered tau multiplier: 0.9 -> 0.8
  No new constraints added, lowered tau multiplier: 0.8 -> 0.7
  No new constraints added, lowered tau multiplier: 0.7 -> 0.6
  No new constraints added, lowered tau multiplier: 0.6 -> 0.5
  No new constraints added, lowered tau multiplier: 0.5 -> 0.4
  Added 7 new constraints: [2, 3, 9, 10, 26, 35, 37]

Iteration 3:
Circuit optimization did not converge
Circuit optimization did not converge
  No feasible solution found in this iteration
  All constraints added, exiting
  Constraint generation found no feasible solution

Instance 60 results:
  Classical value: 134.0
  QAOA value: 146.0
  Constraint generation value: 0.0

Running instance 61/100

Running Classical Reference Solver (SCIP):
  Reference solution found:
    Solution: [1, 0, 1, 0, 1, 0, 1, 0, 1, 0, 0, 0]
    Value: 143.0

Running QAOA Reference Solution (with all constraints):
