2025-02-24 14:09:51,537 - INFO - 
Problem information:
2025-02-24 14:09:51,537 - INFO -   Number of variables (n): 12
2025-02-24 14:09:51,537 - INFO -   Number of constraints (m): 40
2025-02-24 14:09:51,537 - DEBUG -   Density of A: 25.00%
2025-02-24 14:09:51,537 - INFO - 
Starting reference QAOA with parameters:
2025-02-24 14:09:51,537 - INFO -   sample_size (total shots): 1000
2025-02-24 14:09:51,537 - INFO - Added all constraints
2025-02-24 14:09:51,538 - DEBUG - Generated Ising Hamiltonian
2025-02-24 14:09:51,696 - DEBUG - Optimizing QAOA circuit...
2025-02-24 14:09:56,017 - DEBUG - Circuit optimization successful
2025-02-24 14:09:56,017 - DEBUG - Circuit optimization successful, final value: 18169.906093906102
2025-02-24 14:09:56,017 - DEBUG - Sampling from optimized circuit...
2025-02-24 14:09:56,061 - DEBUG - Generated 806 unique samples from 1000 total measurements
2025-02-24 14:09:56,061 - DEBUG - 
Top 5 most frequent samples:
2025-02-24 14:09:56,061 - DEBUG -   Rank | Count |   %   
2025-02-24 14:09:56,061 - DEBUG -   -----|-------|-------
2025-02-24 14:09:56,061 - DEBUG -      1 |     5 |   0.5
2025-02-24 14:09:56,062 - DEBUG -     Sample: [1 0 0 1 1 1 1 0 1 0 1 1]
2025-02-24 14:09:56,062 - DEBUG -      2 |     5 |   0.5
2025-02-24 14:09:56,062 - DEBUG -     Sample: [1 0 0 1 1 1 1 1 1 0 0 0]
2025-02-24 14:09:56,062 - DEBUG -      3 |     4 |   0.4
2025-02-24 14:09:56,062 - DEBUG -     Sample: [1 0 1 1 1 0 1 1 0 1 0 0]
2025-02-24 14:09:56,062 - DEBUG -      4 |     4 |   0.4
2025-02-24 14:09:56,062 - DEBUG -     Sample: [1 1 0 1 1 1 1 0 1 0 1 1]
2025-02-24 14:09:56,062 - DEBUG -      5 |     3 |   0.3
2025-02-24 14:09:56,063 - DEBUG -     Sample: [0 0 1 1 1 0 0 1 1 0 0 1]
2025-02-24 14:09:56,064 - DEBUG - Generated 806 unique samples from 1000 total measurements
2025-02-24 14:09:56,076 - INFO - No feasible solution found
2025-02-24 14:09:56,077 - INFO -   QAOA solver found no feasible solution
2025-02-24 14:09:56,077 - INFO - 
Running Constraint Generation:
2025-02-24 14:09:56,078 - INFO - 
Problem information:
2025-02-24 14:09:56,078 - INFO -   Number of variables (n): 12
2025-02-24 14:09:56,079 - INFO -   Number of constraints (m): 40
2025-02-24 14:09:56,079 - DEBUG -   Density of A: 25.00%
2025-02-24 14:09:56,079 - INFO - 
Running classical reference solver:
2025-02-24 14:09:56,090 - INFO -   Reference solution found:
2025-02-24 14:09:56,091 - INFO -     Solution: [0, 0, 0, 0, 1, 1, 0, 0, 0, 0, 0, 1]
2025-02-24 14:09:56,091 - INFO -     Value: 148.0
2025-02-24 14:09:56,092 - INFO - 
Starting quantum constraint generation with parameters:
2025-02-24 14:09:56,092 - INFO -   sample_size (total shots): 1000
2025-02-24 14:09:56,092 - INFO -   tau: 0.1
2025-02-24 14:09:56,092 - INFO -   max_iters: 1000
2025-02-24 14:09:56,092 - INFO - 
Iteration 0:
2025-02-24 14:09:56,092 - DEBUG - Generated Ising Hamiltonian
2025-02-24 14:09:56,093 - DEBUG - Optimizing QAOA circuit...
2025-02-24 14:09:59,289 - WARNING - Circuit optimization did not converge
2025-02-24 14:09:59,290 - WARNING - Circuit optimization did not converge
2025-02-24 14:09:59,290 - DEBUG - Sampling from optimized circuit...
2025-02-24 14:09:59,352 - DEBUG - Generated 16 unique samples from 1000 total measurements
2025-02-24 14:09:59,352 - DEBUG - 
Top 5 most frequent samples:
2025-02-24 14:09:59,352 - DEBUG -   Rank | Count |   %   
2025-02-24 14:09:59,352 - DEBUG -   -----|-------|-------
2025-02-24 14:09:59,353 - DEBUG -      1 |   196 |  19.6
2025-02-24 14:09:59,353 - DEBUG -     Sample: [0 0 0 0 0 0 0 0 1 0 1 1]
2025-02-24 14:09:59,353 - DEBUG -      2 |   177 |  17.7
2025-02-24 14:09:59,353 - DEBUG -     Sample: [0 0 0 0 0 0 0 0 1 0 1 0]
2025-02-24 14:09:59,353 - DEBUG -      3 |   147 |  14.7
2025-02-24 14:09:59,353 - DEBUG -     Sample: [0 0 0 0 0 0 0 0 1 1 1 0]
2025-02-24 14:09:59,353 - DEBUG -      4 |   128 |  12.8
2025-02-24 14:09:59,354 - DEBUG -     Sample: [0 0 0 0 0 0 0 0 1 1 1 1]
2025-02-24 14:09:59,354 - DEBUG -      5 |    67 |   6.7
2025-02-24 14:09:59,354 - DEBUG -     Sample: [0 0 0 0 0 0 0 0 0 1 1 0]
2025-02-24 14:09:59,354 - DEBUG - Generated 16 unique samples from 1000 total measurements
2025-02-24 14:09:59,354 - INFO -   No feasible solution found in this iteration
2025-02-24 14:09:59,355 - INFO -   Added 11 new constraints: [8, 10, 12, 14, 19, 20, 21, 25, 30, 31, 34]
2025-02-24 14:09:59,355 - INFO - 
Iteration 1:
2025-02-24 14:09:59,355 - DEBUG - Generated Ising Hamiltonian
2025-02-24 14:09:59,356 - DEBUG - Optimizing QAOA circuit...
2025-02-24 14:10:07,896 - WARNING - Circuit optimization did not converge
2025-02-24 14:10:07,896 - WARNING - Circuit optimization did not converge
2025-02-24 14:10:07,897 - DEBUG - Sampling from optimized circuit...
2025-02-24 14:10:07,948 - DEBUG - Generated 16 unique samples from 1000 total measurements
2025-02-24 14:10:07,948 - DEBUG - 
Top 5 most frequent samples:
2025-02-24 14:10:07,949 - DEBUG -   Rank | Count |   %   
2025-02-24 14:10:07,949 - DEBUG -   -----|-------|-------
2025-02-24 14:10:07,949 - DEBUG -      1 |   212 |  21.2
2025-02-24 14:10:07,949 - DEBUG -     Sample: [0 0 0 0 0 0 0 0 1 0 1 0]
2025-02-24 14:10:07,949 - DEBUG -      2 |   174 |  17.4
2025-02-24 14:10:07,949 - DEBUG -     Sample: [0 0 0 0 0 0 0 0 1 1 1 0]
2025-02-24 14:10:07,949 - DEBUG -      3 |    98 |   9.8
2025-02-24 14:10:07,949 - DEBUG -     Sample: [0 0 0 0 0 0 0 0 1 0 1 1]
2025-02-24 14:10:07,949 - DEBUG -      4 |    72 |   7.2
2025-02-24 14:10:07,949 - DEBUG -     Sample: [0 0 0 0 0 0 0 0 1 0 0 0]
2025-02-24 14:10:07,949 - DEBUG -      5 |    71 |   7.1
2025-02-24 14:10:07,950 - DEBUG -     Sample: [0 0 0 0 0 0 0 0 1 1 1 1]
2025-02-24 14:10:07,950 - DEBUG - Generated 16 unique samples from 1000 total measurements
2025-02-24 14:10:07,950 - INFO -   No feasible solution found in this iteration
2025-02-24 14:10:07,950 - INFO -   No new constraints added, lowered tau multiplier: 1.0 -> 0.9
2025-02-24 14:10:07,950 - INFO -   No new constraints added, lowered tau multiplier: 0.9 -> 0.8
2025-02-24 14:10:07,950 - INFO -   No new constraints added, lowered tau multiplier: 0.8 -> 0.7
2025-02-24 14:10:07,950 - INFO -   No new constraints added, lowered tau multiplier: 0.7 -> 0.6
2025-02-24 14:10:07,951 - INFO -   Added 2 new constraints: [2, 13]
2025-02-24 14:10:07,951 - INFO - 
Iteration 2:
2025-02-24 14:10:07,951 - DEBUG - Generated Ising Hamiltonian
2025-02-24 14:10:07,952 - DEBUG - Optimizing QAOA circuit...
2025-02-24 14:10:14,776 - WARNING - Circuit optimization did not converge
2025-02-24 14:10:14,776 - WARNING - Circuit optimization did not converge
2025-02-24 14:10:14,776 - DEBUG - Sampling from optimized circuit...
2025-02-24 14:10:14,839 - DEBUG - Generated 16 unique samples from 1000 total measurements
2025-02-24 14:10:14,839 - DEBUG - 
Top 5 most frequent samples:
2025-02-24 14:10:14,839 - DEBUG -   Rank | Count |   %   
2025-02-24 14:10:14,839 - DEBUG -   -----|-------|-------
2025-02-24 14:10:14,839 - DEBUG -      1 |   201 |  20.1
2025-02-24 14:10:14,840 - DEBUG -     Sample: [0 0 0 0 0 0 0 0 0 1 0 1]
2025-02-24 14:10:14,840 - DEBUG -      2 |   200 |  20.0
2025-02-24 14:10:14,840 - DEBUG -     Sample: [0 0 0 0 0 0 0 0 0 0 0 1]
2025-02-24 14:10:14,840 - DEBUG -      3 |   124 |  12.4
2025-02-24 14:10:14,840 - DEBUG -     Sample: [0 0 0 0 0 0 0 0 1 0 0 0]
2025-02-24 14:10:14,840 - DEBUG -      4 |   116 |  11.6
2025-02-24 14:10:14,840 - DEBUG -     Sample: [0 0 0 0 0 0 0 0 1 1 0 0]
2025-02-24 14:10:14,840 - DEBUG -      5 |    84 |   8.4
2025-02-24 14:10:14,840 - DEBUG -     Sample: [0 0 0 0 0 0 0 0 1 0 1 1]
2025-02-24 14:10:14,840 - DEBUG - Generated 16 unique samples from 1000 total measurements
2025-02-24 14:10:14,841 - INFO -   No feasible solution found in this iteration
2025-02-24 14:10:14,841 - INFO -   No new constraints added, lowered tau multiplier: 1.0 -> 0.9
2025-02-24 14:10:14,841 - INFO -   No new constraints added, lowered tau multiplier: 0.9 -> 0.8
2025-02-24 14:10:14,841 - INFO -   No new constraints added, lowered tau multiplier: 0.8 -> 0.7
2025-02-24 14:10:14,841 - INFO -   No new constraints added, lowered tau multiplier: 0.7 -> 0.6
2025-02-24 14:10:14,841 - INFO -   No new constraints added, lowered tau multiplier: 0.6 -> 0.5
2025-02-24 14:10:14,841 - INFO -   No new constraints added, lowered tau multiplier: 0.5 -> 0.4
2025-02-24 14:10:14,842 - INFO -   Added 27 new constraints: [0, 1, 3, 4, 5, 6, 7, 9, 11, 15, 16, 17, 18, 22, 23, 24, 26, 27, 28, 29, 32, 33, 35, 36, 37, 38, 39]
2025-02-24 14:10:14,842 - INFO - 
Iteration 3:
2025-02-24 14:10:14,842 - DEBUG - Generated Ising Hamiltonian
2025-02-24 14:10:14,844 - DEBUG - Optimizing QAOA circuit...
2025-02-24 14:10:25,074 - WARNING - Circuit optimization did not converge
2025-02-24 14:10:25,074 - WARNING - Circuit optimization did not converge
2025-02-24 14:10:25,074 - DEBUG - Sampling from optimized circuit...
2025-02-24 14:10:25,140 - DEBUG - Generated 11 unique samples from 1000 total measurements
2025-02-24 14:10:25,140 - DEBUG - 
Top 5 most frequent samples:
2025-02-24 14:10:25,140 - DEBUG -   Rank | Count |   %   
2025-02-24 14:10:25,140 - DEBUG -   -----|-------|-------
2025-02-24 14:10:25,140 - DEBUG -      1 |   721 |  72.1
2025-02-24 14:10:25,140 - DEBUG -     Sample: [0 0 0 0 0 0 0 0 0 1 1 0]
2025-02-24 14:10:25,140 - DEBUG -      2 |   127 |  12.7
2025-02-24 14:10:25,140 - DEBUG -     Sample: [0 0 0 0 0 0 0 0 0 1 0 0]
2025-02-24 14:10:25,140 - DEBUG -      3 |    84 |   8.4
2025-02-24 14:10:25,140 - DEBUG -     Sample: [0 0 0 0 0 0 0 0 1 1 1 0]
2025-02-24 14:10:25,140 - DEBUG -      4 |    33 |   3.3
2025-02-24 14:10:25,141 - DEBUG -     Sample: [0 0 0 0 0 0 0 0 0 0 1 0]
2025-02-24 14:10:25,141 - DEBUG -      5 |    19 |   1.9
2025-02-24 14:10:25,141 - DEBUG -     Sample: [0 0 0 0 0 0 0 0 1 1 0 0]
2025-02-24 14:10:25,141 - DEBUG - Generated 11 unique samples from 1000 total measurements
2025-02-24 14:10:25,141 - INFO -   No feasible solution found in this iteration
2025-02-24 14:10:25,141 - INFO -   All constraints added, exiting
2025-02-24 14:10:25,141 - INFO -   Constraint generation found no feasible solution
2025-02-24 14:10:25,141 - INFO - 
Instance 3 results:
2025-02-24 14:10:25,141 - INFO -   Classical value: 148.0
2025-02-24 14:10:25,142 - INFO -   QAOA value: 0.0
2025-02-24 14:10:25,142 - INFO -   Constraint generation value: 0.0
2025-02-24 14:10:25,142 - INFO - 
Running instance 4/100
2025-02-24 14:10:25,143 - INFO - 
Running Classical Reference Solver (SCIP):
2025-02-24 14:10:25,144 - DEBUG - Problem dimensions: 40 constraints, 12 variables
2025-02-24 14:10:25,144 - DEBUG - Row names: ['ELEM1', 'ELEM2', 'ELEM3', 'ELEM4', 'ELEM5', 'ELEM6', 'ELEM7', 'ELEM8', 'ELEM9', 'ELEM10', 'ELEM11', 'ELEM12', 'ELEM13', 'ELEM14', 'ELEM15', 'ELEM16', 'ELEM17', 'ELEM18', 'ELEM19', 'ELEM20', 'ELEM21', 'ELEM22', 'ELEM23', 'ELEM24', 'ELEM25', 'ELEM26', 'ELEM27', 'ELEM28', 'ELEM29', 'ELEM30', 'ELEM31', 'ELEM32', 'ELEM33', 'ELEM34', 'ELEM35', 'ELEM36', 'ELEM37', 'ELEM38', 'ELEM39', 'ELEM40']
2025-02-24 14:10:25,144 - DEBUG - RHS values: {'ELEM1': 1.0, 'ELEM2': 1.0, 'ELEM3': 1.0, 'ELEM4': 1.0, 'ELEM5': 1.0, 'ELEM6': 1.0, 'ELEM7': 1.0, 'ELEM8': 1.0, 'ELEM9': 1.0, 'ELEM10': 1.0, 'ELEM11': 1.0, 'ELEM12': 1.0, 'ELEM13': 1.0, 'ELEM14': 1.0, 'ELEM15': 1.0, 'ELEM16': 1.0, 'ELEM17': 1.0, 'ELEM18': 1.0, 'ELEM19': 1.0, 'ELEM20': 1.0, 'ELEM21': 1.0, 'ELEM22': 1.0, 'ELEM23': 1.0, 'ELEM24': 1.0, 'ELEM25': 1.0, 'ELEM26': 1.0, 'ELEM27': 1.0, 'ELEM28': 1.0, 'ELEM29': 1.0, 'ELEM30': 1.0, 'ELEM31': 1.0, 'ELEM32': 1.0, 'ELEM33': 1.0, 'ELEM34': 1.0, 'ELEM35': 1.0, 'ELEM36': 1.0, 'ELEM37': 1.0, 'ELEM38': 1.0, 'ELEM39': 1.0, 'ELEM40': 1.0}
2025-02-24 14:10:25,151 - INFO -   Reference solution found:
2025-02-24 14:10:25,151 - INFO -     Solution: [1, 0, 0, 1, 0, 0, 1, 0, 0, 0, 1, 0]
2025-02-24 14:10:25,151 - INFO -     Value: 251.0
2025-02-24 14:10:25,151 - INFO - 
Running QAOA Reference Solution (with all constraints):
