2025-02-24 14:25:42,915 - INFO - 
Problem information:
2025-02-24 14:25:42,915 - INFO -   Number of variables (n): 12
2025-02-24 14:25:42,915 - INFO -   Number of constraints (m): 40
2025-02-24 14:25:42,915 - DEBUG -   Density of A: 16.67%
2025-02-24 14:25:42,915 - INFO - 
Starting reference QAOA with parameters:
2025-02-24 14:25:42,916 - INFO -   sample_size (total shots): 1000
2025-02-24 14:25:42,916 - INFO - Added all constraints
2025-02-24 14:25:42,916 - DEBUG - Generated Ising Hamiltonian
2025-02-24 14:25:43,052 - DEBUG - Optimizing QAOA circuit...
2025-02-24 14:25:45,508 - DEBUG - Circuit optimization successful
2025-02-24 14:25:45,508 - DEBUG - Circuit optimization successful, final value: 25551.878121878115
2025-02-24 14:25:45,508 - DEBUG - Sampling from optimized circuit...
2025-02-24 14:25:45,535 - DEBUG - Generated 590 unique samples from 1000 total measurements
2025-02-24 14:25:45,536 - DEBUG - 
Top 5 most frequent samples:
2025-02-24 14:25:45,536 - DEBUG -   Rank | Count |   %   
2025-02-24 14:25:45,536 - DEBUG -   -----|-------|-------
2025-02-24 14:25:45,536 - DEBUG -      1 |    16 |   1.6
2025-02-24 14:25:45,536 - DEBUG -     Sample: [1 1 1 1 0 0 1 0 1 1 0 1]
2025-02-24 14:25:45,536 - DEBUG -      2 |    15 |   1.5
2025-02-24 14:25:45,536 - DEBUG -     Sample: [1 1 1 1 0 0 1 0 1 0 0 1]
2025-02-24 14:25:45,536 - DEBUG -      3 |    15 |   1.5
2025-02-24 14:25:45,536 - DEBUG -     Sample: [1 1 1 1 0 0 1 0 1 1 1 1]
2025-02-24 14:25:45,537 - DEBUG -      4 |    15 |   1.5
2025-02-24 14:25:45,537 - DEBUG -     Sample: [1 1 1 1 0 0 1 0 1 0 1 1]
2025-02-24 14:25:45,537 - DEBUG -      5 |    14 |   1.4
2025-02-24 14:25:45,537 - DEBUG -     Sample: [1 1 1 1 0 0 1 1 1 0 0 1]
2025-02-24 14:25:45,538 - DEBUG - Generated 590 unique samples from 1000 total measurements
2025-02-24 14:25:45,546 - INFO - No feasible solution found
2025-02-24 14:25:45,546 - INFO -   QAOA solver found no feasible solution
2025-02-24 14:25:45,547 - INFO - 
Running Constraint Generation:
2025-02-24 14:25:45,548 - INFO - 
Problem information:
2025-02-24 14:25:45,548 - INFO -   Number of variables (n): 12
2025-02-24 14:25:45,548 - INFO -   Number of constraints (m): 40
2025-02-24 14:25:45,548 - DEBUG -   Density of A: 16.67%
2025-02-24 14:25:45,548 - INFO - 
Running classical reference solver:
2025-02-24 14:25:45,556 - INFO -   Reference solution found:
2025-02-24 14:25:45,556 - INFO -     Solution: [1, 1, 0, 1, 0, 1, 0, 1, 0, 0, 0, 0]
2025-02-24 14:25:45,556 - INFO -     Value: 175.0
2025-02-24 14:25:45,557 - INFO - 
Starting quantum constraint generation with parameters:
2025-02-24 14:25:45,557 - INFO -   sample_size (total shots): 1000
2025-02-24 14:25:45,557 - INFO -   tau: 0.1
2025-02-24 14:25:45,557 - INFO -   max_iters: 1000
2025-02-24 14:25:45,557 - INFO - 
Iteration 0:
2025-02-24 14:25:45,557 - DEBUG - Generated Ising Hamiltonian
2025-02-24 14:25:45,558 - DEBUG - Optimizing QAOA circuit...
2025-02-24 14:25:48,535 - WARNING - Circuit optimization did not converge
2025-02-24 14:25:48,535 - WARNING - Circuit optimization did not converge
2025-02-24 14:25:48,535 - DEBUG - Sampling from optimized circuit...
2025-02-24 14:25:48,578 - DEBUG - Generated 16 unique samples from 1000 total measurements
2025-02-24 14:25:48,578 - DEBUG - 
Top 5 most frequent samples:
2025-02-24 14:25:48,578 - DEBUG -   Rank | Count |   %   
2025-02-24 14:25:48,578 - DEBUG -   -----|-------|-------
2025-02-24 14:25:48,578 - DEBUG -      1 |   249 |  24.9
2025-02-24 14:25:48,579 - DEBUG -     Sample: [0 0 0 0 0 0 0 0 1 1 0 1]
2025-02-24 14:25:48,579 - DEBUG -      2 |   222 |  22.2
2025-02-24 14:25:48,579 - DEBUG -     Sample: [0 0 0 0 0 0 0 0 1 1 1 1]
2025-02-24 14:25:48,579 - DEBUG -      3 |   160 |  16.0
2025-02-24 14:25:48,579 - DEBUG -     Sample: [0 0 0 0 0 0 0 0 1 0 0 1]
2025-02-24 14:25:48,579 - DEBUG -      4 |    90 |   9.0
2025-02-24 14:25:48,579 - DEBUG -     Sample: [0 0 0 0 0 0 0 0 1 0 1 1]
2025-02-24 14:25:48,579 - DEBUG -      5 |    63 |   6.3
2025-02-24 14:25:48,580 - DEBUG -     Sample: [0 0 0 0 0 0 0 0 0 1 0 1]
2025-02-24 14:25:48,580 - DEBUG - Generated 16 unique samples from 1000 total measurements
2025-02-24 14:25:48,580 - INFO -   No feasible solution found in this iteration
2025-02-24 14:25:48,580 - INFO -   Added 14 new constraints: [4, 5, 8, 9, 10, 12, 14, 15, 22, 25, 26, 28, 31, 33]
2025-02-24 14:25:48,581 - INFO - 
Iteration 1:
2025-02-24 14:25:48,581 - DEBUG - Generated Ising Hamiltonian
2025-02-24 14:25:48,582 - DEBUG - Optimizing QAOA circuit...
2025-02-24 14:25:57,039 - WARNING - Circuit optimization did not converge
2025-02-24 14:25:57,039 - WARNING - Circuit optimization did not converge
2025-02-24 14:25:57,039 - DEBUG - Sampling from optimized circuit...
2025-02-24 14:25:57,103 - DEBUG - Generated 16 unique samples from 1000 total measurements
2025-02-24 14:25:57,104 - DEBUG - 
Top 5 most frequent samples:
2025-02-24 14:25:57,104 - DEBUG -   Rank | Count |   %   
2025-02-24 14:25:57,104 - DEBUG -   -----|-------|-------
2025-02-24 14:25:57,104 - DEBUG -      1 |   256 |  25.6
2025-02-24 14:25:57,104 - DEBUG -     Sample: [0 0 0 0 0 0 0 0 0 1 1 1]
2025-02-24 14:25:57,104 - DEBUG -      2 |   182 |  18.2
2025-02-24 14:25:57,104 - DEBUG -     Sample: [0 0 0 0 0 0 0 0 0 1 1 0]
2025-02-24 14:25:57,104 - DEBUG -      3 |    93 |   9.3
2025-02-24 14:25:57,104 - DEBUG -     Sample: [0 0 0 0 0 0 0 0 0 1 0 1]
2025-02-24 14:25:57,104 - DEBUG -      4 |    89 |   8.9
2025-02-24 14:25:57,105 - DEBUG -     Sample: [0 0 0 0 0 0 0 0 0 1 0 0]
2025-02-24 14:25:57,105 - DEBUG -      5 |    85 |   8.5
2025-02-24 14:25:57,105 - DEBUG -     Sample: [0 0 0 0 0 0 0 0 1 1 1 1]
2025-02-24 14:25:57,105 - DEBUG - Generated 16 unique samples from 1000 total measurements
2025-02-24 14:25:57,105 - INFO -   No feasible solution found in this iteration
2025-02-24 14:25:57,106 - INFO -   No new constraints added, lowered tau multiplier: 1.0 -> 0.9
2025-02-24 14:25:57,106 - INFO -   No new constraints added, lowered tau multiplier: 0.9 -> 0.8
2025-02-24 14:25:57,106 - INFO -   No new constraints added, lowered tau multiplier: 0.8 -> 0.7
2025-02-24 14:25:57,106 - INFO -   No new constraints added, lowered tau multiplier: 0.7 -> 0.6
2025-02-24 14:25:57,106 - INFO -   No new constraints added, lowered tau multiplier: 0.6 -> 0.5
2025-02-24 14:25:57,106 - INFO -   No new constraints added, lowered tau multiplier: 0.5 -> 0.4
2025-02-24 14:25:57,106 - INFO -   Added 26 new constraints: [0, 1, 2, 3, 6, 7, 11, 13, 16, 17, 18, 19, 20, 21, 23, 24, 27, 29, 30, 32, 34, 35, 36, 37, 38, 39]
2025-02-24 14:25:57,106 - INFO - 
Iteration 2:
2025-02-24 14:25:57,106 - DEBUG - Generated Ising Hamiltonian
2025-02-24 14:25:57,108 - DEBUG - Optimizing QAOA circuit...
2025-02-24 14:26:07,489 - WARNING - Circuit optimization did not converge
2025-02-24 14:26:07,489 - WARNING - Circuit optimization did not converge
2025-02-24 14:26:07,489 - DEBUG - Sampling from optimized circuit...
2025-02-24 14:26:07,544 - DEBUG - Generated 16 unique samples from 1000 total measurements
2025-02-24 14:26:07,544 - DEBUG - 
Top 5 most frequent samples:
2025-02-24 14:26:07,544 - DEBUG -   Rank | Count |   %   
2025-02-24 14:26:07,544 - DEBUG -   -----|-------|-------
2025-02-24 14:26:07,544 - DEBUG -      1 |    92 |   9.2
2025-02-24 14:26:07,544 - DEBUG -     Sample: [0 0 0 0 0 0 0 0 0 0 1 1]
2025-02-24 14:26:07,545 - DEBUG -      2 |    91 |   9.1
2025-02-24 14:26:07,545 - DEBUG -     Sample: [0 0 0 0 0 0 0 0 1 0 1 1]
2025-02-24 14:26:07,545 - DEBUG -      3 |    78 |   7.8
2025-02-24 14:26:07,545 - DEBUG -     Sample: [0 0 0 0 0 0 0 0 0 1 1 1]
2025-02-24 14:26:07,545 - DEBUG -      4 |    70 |   7.0
2025-02-24 14:26:07,545 - DEBUG -     Sample: [0 0 0 0 0 0 0 0 1 1 1 1]
2025-02-24 14:26:07,545 - DEBUG -      5 |    69 |   6.9
2025-02-24 14:26:07,545 - DEBUG -     Sample: [0 0 0 0 0 0 0 0 1 0 1 0]
2025-02-24 14:26:07,545 - DEBUG - Generated 16 unique samples from 1000 total measurements
2025-02-24 14:26:07,546 - INFO -   No feasible solution found in this iteration
2025-02-24 14:26:07,546 - INFO -   All constraints added, exiting
2025-02-24 14:26:07,546 - INFO -   Constraint generation found no feasible solution
2025-02-24 14:26:07,546 - INFO - 
Instance 30 results:
2025-02-24 14:26:07,546 - INFO -   Classical value: 175.0
2025-02-24 14:26:07,546 - INFO -   QAOA value: 0.0
2025-02-24 14:26:07,546 - INFO -   Constraint generation value: 0.0
2025-02-24 14:26:07,546 - INFO - 
Running instance 31/100
2025-02-24 14:26:07,548 - INFO - 
Running Classical Reference Solver (SCIP):
2025-02-24 14:26:07,548 - DEBUG - Problem dimensions: 40 constraints, 12 variables
2025-02-24 14:26:07,548 - DEBUG - Row names: ['ELEM1', 'ELEM2', 'ELEM3', 'ELEM4', 'ELEM5', 'ELEM6', 'ELEM7', 'ELEM8', 'ELEM9', 'ELEM10', 'ELEM11', 'ELEM12', 'ELEM13', 'ELEM14', 'ELEM15', 'ELEM16', 'ELEM17', 'ELEM18', 'ELEM19', 'ELEM20', 'ELEM21', 'ELEM22', 'ELEM23', 'ELEM24', 'ELEM25', 'ELEM26', 'ELEM27', 'ELEM28', 'ELEM29', 'ELEM30', 'ELEM31', 'ELEM32', 'ELEM33', 'ELEM34', 'ELEM35', 'ELEM36', 'ELEM37', 'ELEM38', 'ELEM39', 'ELEM40']
2025-02-24 14:26:07,548 - DEBUG - RHS values: {'ELEM1': 1.0, 'ELEM2': 1.0, 'ELEM3': 1.0, 'ELEM4': 1.0, 'ELEM5': 1.0, 'ELEM6': 1.0, 'ELEM7': 1.0, 'ELEM8': 1.0, 'ELEM9': 1.0, 'ELEM10': 1.0, 'ELEM11': 1.0, 'ELEM12': 1.0, 'ELEM13': 1.0, 'ELEM14': 1.0, 'ELEM15': 1.0, 'ELEM16': 1.0, 'ELEM17': 1.0, 'ELEM18': 1.0, 'ELEM19': 1.0, 'ELEM20': 1.0, 'ELEM21': 1.0, 'ELEM22': 1.0, 'ELEM23': 1.0, 'ELEM24': 1.0, 'ELEM25': 1.0, 'ELEM26': 1.0, 'ELEM27': 1.0, 'ELEM28': 1.0, 'ELEM29': 1.0, 'ELEM30': 1.0, 'ELEM31': 1.0, 'ELEM32': 1.0, 'ELEM33': 1.0, 'ELEM34': 1.0, 'ELEM35': 1.0, 'ELEM36': 1.0, 'ELEM37': 1.0, 'ELEM38': 1.0, 'ELEM39': 1.0, 'ELEM40': 1.0}
2025-02-24 14:26:07,556 - INFO -   Reference solution found:
2025-02-24 14:26:07,556 - INFO -     Solution: [1, 0, 0, 0, 0, 0, 0, 1, 0, 0, 1, 1]
2025-02-24 14:26:07,556 - INFO -     Value: 159.00000000000003
2025-02-24 14:26:07,556 - INFO - 
Running QAOA Reference Solution (with all constraints):
