2025-02-23 18:46:06,696 - INFO - 
Problem information:
2025-02-23 18:46:06,697 - INFO -   Number of variables (n): 10
2025-02-23 18:46:06,697 - INFO -   Number of constraints (m): 20
2025-02-23 18:46:06,697 - DEBUG -   Density of A: 50.00%
2025-02-23 18:46:06,697 - INFO - 
Starting reference QAOA with parameters:
2025-02-23 18:46:06,697 - INFO -   sample_size (total shots): 100
2025-02-23 18:46:06,697 - INFO - Added all constraints
2025-02-23 18:46:06,698 - DEBUG - Generated Ising Hamiltonian
2025-02-23 18:46:06,922 - DEBUG - Optimizing QAOA circuit...
2025-02-23 18:46:08,440 - DEBUG - Circuit optimization successful
2025-02-23 18:46:08,441 - DEBUG - Circuit optimization successful, final value: -30248.665334665333
2025-02-23 18:46:08,441 - DEBUG - Sampling from optimized circuit...
2025-02-23 18:46:08,454 - DEBUG - Generated 72 unique samples from 100 total measurements
2025-02-23 18:46:08,454 - DEBUG - 
Top 5 most frequent samples:
2025-02-23 18:46:08,454 - DEBUG -   Rank | Count |   %   
2025-02-23 18:46:08,454 - DEBUG -   -----|-------|-------
2025-02-23 18:46:08,454 - DEBUG -      1 |     8 |   8.0
2025-02-23 18:46:08,455 - DEBUG -     Sample: [0 1 0 1 1 0 0 0 1 0]
2025-02-23 18:46:08,455 - DEBUG -      2 |     4 |   4.0
2025-02-23 18:46:08,455 - DEBUG -     Sample: [0 1 1 1 1 0 0 0 0 0]
2025-02-23 18:46:08,455 - DEBUG -      3 |     4 |   4.0
2025-02-23 18:46:08,455 - DEBUG -     Sample: [0 0 0 1 1 0 0 1 1 0]
2025-02-23 18:46:08,455 - DEBUG -      4 |     4 |   4.0
2025-02-23 18:46:08,456 - DEBUG -     Sample: [0 1 0 1 1 0 0 1 1 0]
2025-02-23 18:46:08,456 - DEBUG -      5 |     3 |   3.0
2025-02-23 18:46:08,456 - DEBUG -     Sample: [1 1 0 1 1 0 0 0 0 0]
2025-02-23 18:46:08,456 - DEBUG - Generated 72 unique samples from 100 total measurements
2025-02-23 18:46:08,458 - INFO - No feasible solution found
2025-02-23 18:46:08,458 - INFO -   QAOA solver found no feasible solution
2025-02-23 18:46:08,458 - INFO - 
Running Constraint Generation:
2025-02-23 18:46:08,459 - INFO - 
Problem information:
2025-02-23 18:46:08,459 - INFO -   Number of variables (n): 10
2025-02-23 18:46:08,459 - INFO -   Number of constraints (m): 20
2025-02-23 18:46:08,460 - DEBUG -   Density of A: 50.00%
2025-02-23 18:46:08,460 - INFO - 
Running classical reference solver:
2025-02-23 18:46:08,470 - INFO -   Reference solution found:
2025-02-23 18:46:08,471 - INFO -     Solution: [0, 0, 1, 0, 0, 1, 0, 0, 0, 0]
2025-02-23 18:46:08,471 - INFO -     Value: 58.0
2025-02-23 18:46:08,471 - INFO - 
Starting quantum constraint generation with parameters:
2025-02-23 18:46:08,471 - INFO -   sample_size (total shots): 100
2025-02-23 18:46:08,471 - INFO -   tau: 0.1
2025-02-23 18:46:08,471 - INFO -   max_iters: 1000
2025-02-23 18:46:08,472 - INFO - 
Iteration 0:
2025-02-23 18:46:08,472 - DEBUG - Generated Ising Hamiltonian
2025-02-23 18:46:08,706 - DEBUG - Optimizing QAOA circuit...
2025-02-23 18:46:09,740 - DEBUG - Circuit optimization successful
2025-02-23 18:46:09,740 - DEBUG - Circuit optimization successful, final value: -78.21978021978023
2025-02-23 18:46:09,740 - DEBUG - Sampling from optimized circuit...
2025-02-23 18:46:09,752 - DEBUG - Generated 86 unique samples from 100 total measurements
2025-02-23 18:46:09,752 - DEBUG - 
Top 5 most frequent samples:
2025-02-23 18:46:09,752 - DEBUG -   Rank | Count |   %   
2025-02-23 18:46:09,753 - DEBUG -   -----|-------|-------
2025-02-23 18:46:09,753 - DEBUG -      1 |     4 |   4.0
2025-02-23 18:46:09,753 - DEBUG -     Sample: [1 1 0 0 1 1 0 1 0 1]
2025-02-23 18:46:09,753 - DEBUG -      2 |     3 |   3.0
2025-02-23 18:46:09,753 - DEBUG -     Sample: [1 1 0 0 0 0 0 1 0 1]
2025-02-23 18:46:09,753 - DEBUG -      3 |     3 |   3.0
2025-02-23 18:46:09,754 - DEBUG -     Sample: [1 1 0 1 0 1 1 1 0 1]
2025-02-23 18:46:09,754 - DEBUG -      4 |     2 |   2.0
2025-02-23 18:46:09,754 - DEBUG -     Sample: [1 1 0 0 1 1 1 0 0 1]
2025-02-23 18:46:09,754 - DEBUG -      5 |     2 |   2.0
2025-02-23 18:46:09,754 - DEBUG -     Sample: [1 1 0 0 0 1 0 1 0 0]
2025-02-23 18:46:09,755 - DEBUG - Generated 86 unique samples from 100 total measurements
2025-02-23 18:46:09,756 - INFO - Found feasible solution: [0 0 1 0 0 1 0 0 0 0] with objective value 58.0
2025-02-23 18:46:09,758 - INFO -   Found feasible solution:
2025-02-23 18:46:09,758 - INFO -     Solution: [0, 0, 1, 0, 0, 1, 0, 0, 0, 0]
2025-02-23 18:46:09,758 - INFO -     Value: 58.0
2025-02-23 18:46:09,758 - INFO -     Gap to reference: 0.00%
2025-02-23 18:46:09,759 - INFO -   Constraint generation solution found:
2025-02-23 18:46:09,760 - INFO -     Solution: [0, 0, 1, 0, 0, 1, 0, 0, 0, 0]
2025-02-23 18:46:09,760 - INFO -     Value: 58.0
2025-02-23 18:46:09,760 - INFO - 
Instance 12 results:
2025-02-23 18:46:09,760 - INFO -   Classical value: 58.0
2025-02-23 18:46:09,761 - INFO -   QAOA value: 0.0
2025-02-23 18:46:09,761 - INFO -   Constraint generation value: 58.0
2025-02-23 18:46:09,761 - INFO - 
Running instance 13/100
2025-02-23 18:46:09,763 - INFO - 
Running Classical Reference Solver (SCIP):
2025-02-23 18:46:09,764 - DEBUG - Problem dimensions: 20 constraints, 10 variables
2025-02-23 18:46:09,764 - DEBUG - Row names: ['ELEM1', 'ELEM2', 'ELEM3', 'ELEM4', 'ELEM5', 'ELEM6', 'ELEM7', 'ELEM8', 'ELEM9', 'ELEM10', 'ELEM11', 'ELEM12', 'ELEM13', 'ELEM14', 'ELEM15', 'ELEM16', 'ELEM17', 'ELEM18', 'ELEM19', 'ELEM20']
2025-02-23 18:46:09,764 - DEBUG - RHS values: {'ELEM1': 1.0, 'ELEM2': 1.0, 'ELEM3': 1.0, 'ELEM4': 1.0, 'ELEM5': 1.0, 'ELEM6': 1.0, 'ELEM7': 1.0, 'ELEM8': 1.0, 'ELEM9': 1.0, 'ELEM10': 1.0, 'ELEM11': 1.0, 'ELEM12': 1.0, 'ELEM13': 1.0, 'ELEM14': 1.0, 'ELEM15': 1.0, 'ELEM16': 1.0, 'ELEM17': 1.0, 'ELEM18': 1.0, 'ELEM19': 1.0, 'ELEM20': 1.0}
2025-02-23 18:46:09,775 - INFO -   Reference solution found:
2025-02-23 18:46:09,776 - INFO -     Solution: [1, 0, 0, 0, 0, 0, 0, 1, 0, 0]
2025-02-23 18:46:09,776 - INFO -     Value: 41.0
2025-02-23 18:46:09,777 - INFO - 
Running QAOA Reference Solution (with all constraints):
