2025-02-24 14:10:49,156 - INFO - 
Problem information:
2025-02-24 14:10:49,156 - INFO -   Number of variables (n): 12
2025-02-24 14:10:49,156 - INFO -   Number of constraints (m): 40
2025-02-24 14:10:49,156 - DEBUG -   Density of A: 21.04%
2025-02-24 14:10:49,156 - INFO - 
Starting reference QAOA with parameters:
2025-02-24 14:10:49,156 - INFO -   sample_size (total shots): 1000
2025-02-24 14:10:49,156 - INFO - Added all constraints
2025-02-24 14:10:49,157 - DEBUG - Generated Ising Hamiltonian
2025-02-24 14:10:49,290 - DEBUG - Optimizing QAOA circuit...
2025-02-24 14:10:53,082 - DEBUG - Circuit optimization successful
2025-02-24 14:10:53,083 - DEBUG - Circuit optimization successful, final value: 21750.07267732269
2025-02-24 14:10:53,083 - DEBUG - Sampling from optimized circuit...
2025-02-24 14:10:53,118 - DEBUG - Generated 430 unique samples from 1000 total measurements
2025-02-24 14:10:53,119 - DEBUG - 
Top 5 most frequent samples:
2025-02-24 14:10:53,119 - DEBUG -   Rank | Count |   %   
2025-02-24 14:10:53,119 - DEBUG -   -----|-------|-------
2025-02-24 14:10:53,119 - DEBUG -      1 |    31 |   3.1
2025-02-24 14:10:53,119 - DEBUG -     Sample: [1 1 1 1 1 1 0 1 0 0 1 1]
2025-02-24 14:10:53,119 - DEBUG -      2 |    30 |   3.0
2025-02-24 14:10:53,119 - DEBUG -     Sample: [1 1 1 1 0 1 0 1 0 0 1 1]
2025-02-24 14:10:53,119 - DEBUG -      3 |    28 |   2.8
2025-02-24 14:10:53,120 - DEBUG -     Sample: [1 1 1 1 0 1 0 1 0 0 0 1]
2025-02-24 14:10:53,120 - DEBUG -      4 |    23 |   2.3
2025-02-24 14:10:53,120 - DEBUG -     Sample: [1 1 1 1 0 1 0 1 0 0 1 0]
2025-02-24 14:10:53,120 - DEBUG -      5 |    17 |   1.7
2025-02-24 14:10:53,120 - DEBUG -     Sample: [1 1 1 1 0 1 0 1 0 0 0 0]
2025-02-24 14:10:53,121 - DEBUG - Generated 430 unique samples from 1000 total measurements
2025-02-24 14:10:53,127 - INFO - No feasible solution found
2025-02-24 14:10:53,127 - INFO -   QAOA solver found no feasible solution
2025-02-24 14:10:53,128 - INFO - 
Running Constraint Generation:
2025-02-24 14:10:53,129 - INFO - 
Problem information:
2025-02-24 14:10:53,129 - INFO -   Number of variables (n): 12
2025-02-24 14:10:53,129 - INFO -   Number of constraints (m): 40
2025-02-24 14:10:53,129 - DEBUG -   Density of A: 21.04%
2025-02-24 14:10:53,129 - INFO - 
Running classical reference solver:
2025-02-24 14:10:53,138 - INFO -   Reference solution found:
2025-02-24 14:10:53,139 - INFO -     Solution: [0, 0, 1, 0, 0, 1, 1, 1, 0, 0, 1, 0]
2025-02-24 14:10:53,139 - INFO -     Value: 129.0
2025-02-24 14:10:53,139 - INFO - 
Starting quantum constraint generation with parameters:
2025-02-24 14:10:53,139 - INFO -   sample_size (total shots): 1000
2025-02-24 14:10:53,139 - INFO -   tau: 0.1
2025-02-24 14:10:53,139 - INFO -   max_iters: 1000
2025-02-24 14:10:53,139 - INFO - 
Iteration 0:
2025-02-24 14:10:53,140 - DEBUG - Generated Ising Hamiltonian
2025-02-24 14:10:53,140 - DEBUG - Optimizing QAOA circuit...
2025-02-24 14:10:56,248 - WARNING - Circuit optimization did not converge
2025-02-24 14:10:56,248 - WARNING - Circuit optimization did not converge
2025-02-24 14:10:56,249 - DEBUG - Sampling from optimized circuit...
2025-02-24 14:10:56,311 - DEBUG - Generated 10 unique samples from 1000 total measurements
2025-02-24 14:10:56,311 - DEBUG - 
Top 5 most frequent samples:
2025-02-24 14:10:56,312 - DEBUG -   Rank | Count |   %   
2025-02-24 14:10:56,312 - DEBUG -   -----|-------|-------
2025-02-24 14:10:56,312 - DEBUG -      1 |   480 |  48.0
2025-02-24 14:10:56,312 - DEBUG -     Sample: [0 0 0 0 0 0 0 0 1 0 1 1]
2025-02-24 14:10:56,312 - DEBUG -      2 |   354 |  35.4
2025-02-24 14:10:56,312 - DEBUG -     Sample: [0 0 0 0 0 0 0 0 1 0 0 1]
2025-02-24 14:10:56,312 - DEBUG -      3 |    66 |   6.6
2025-02-24 14:10:56,312 - DEBUG -     Sample: [0 0 0 0 0 0 0 0 1 1 1 1]
2025-02-24 14:10:56,313 - DEBUG -      4 |    57 |   5.7
2025-02-24 14:10:56,313 - DEBUG -     Sample: [0 0 0 0 0 0 0 0 1 1 0 1]
2025-02-24 14:10:56,313 - DEBUG -      5 |    26 |   2.6
2025-02-24 14:10:56,313 - DEBUG -     Sample: [0 0 0 0 0 0 0 0 0 0 1 1]
2025-02-24 14:10:56,313 - DEBUG - Generated 10 unique samples from 1000 total measurements
2025-02-24 14:10:56,313 - INFO -   No feasible solution found in this iteration
2025-02-24 14:10:56,314 - INFO -   Added 13 new constraints: [0, 6, 7, 8, 10, 14, 16, 19, 26, 28, 29, 32, 39]
2025-02-24 14:10:56,314 - INFO - 
Iteration 1:
2025-02-24 14:10:56,314 - DEBUG - Generated Ising Hamiltonian
2025-02-24 14:10:56,315 - DEBUG - Optimizing QAOA circuit...
2025-02-24 14:11:10,972 - WARNING - Circuit optimization did not converge
2025-02-24 14:11:10,972 - WARNING - Circuit optimization did not converge
2025-02-24 14:11:10,972 - DEBUG - Sampling from optimized circuit...
2025-02-24 14:11:11,022 - DEBUG - Generated 16 unique samples from 1000 total measurements
2025-02-24 14:11:11,022 - DEBUG - 
Top 5 most frequent samples:
2025-02-24 14:11:11,022 - DEBUG -   Rank | Count |   %   
2025-02-24 14:11:11,022 - DEBUG -   -----|-------|-------
2025-02-24 14:11:11,022 - DEBUG -      1 |   358 |  35.8
2025-02-24 14:11:11,022 - DEBUG -     Sample: [0 0 0 0 0 0 0 0 1 0 1 1]
2025-02-24 14:11:11,022 - DEBUG -      2 |   325 |  32.5
2025-02-24 14:11:11,022 - DEBUG -     Sample: [0 0 0 0 0 0 0 0 1 1 1 1]
2025-02-24 14:11:11,022 - DEBUG -      3 |    52 |   5.2
2025-02-24 14:11:11,022 - DEBUG -     Sample: [0 0 0 0 0 0 0 0 1 1 1 0]
2025-02-24 14:11:11,023 - DEBUG -      4 |    46 |   4.6
2025-02-24 14:11:11,023 - DEBUG -     Sample: [0 0 0 0 0 0 0 0 1 0 1 0]
2025-02-24 14:11:11,023 - DEBUG -      5 |    46 |   4.6
2025-02-24 14:11:11,023 - DEBUG -     Sample: [0 0 0 0 0 0 0 0 1 1 0 1]
2025-02-24 14:11:11,023 - DEBUG - Generated 16 unique samples from 1000 total measurements
2025-02-24 14:11:11,023 - INFO -   No feasible solution found in this iteration
2025-02-24 14:11:11,023 - INFO -   No new constraints added, lowered tau multiplier: 1.0 -> 0.9
2025-02-24 14:11:11,023 - INFO -   No new constraints added, lowered tau multiplier: 0.9 -> 0.8
2025-02-24 14:11:11,024 - INFO -   No new constraints added, lowered tau multiplier: 0.8 -> 0.7
2025-02-24 14:11:11,024 - INFO -   No new constraints added, lowered tau multiplier: 0.7 -> 0.6
2025-02-24 14:11:11,024 - INFO -   No new constraints added, lowered tau multiplier: 0.6 -> 0.5
2025-02-24 14:11:11,024 - INFO -   No new constraints added, lowered tau multiplier: 0.5 -> 0.4
2025-02-24 14:11:11,024 - INFO -   Added 27 new constraints: [1, 2, 3, 4, 5, 9, 11, 12, 13, 15, 17, 18, 20, 21, 22, 23, 24, 25, 27, 30, 31, 33, 34, 35, 36, 37, 38]
2025-02-24 14:11:11,024 - INFO - 
Iteration 2:
2025-02-24 14:11:11,024 - DEBUG - Generated Ising Hamiltonian
2025-02-24 14:11:11,026 - DEBUG - Optimizing QAOA circuit...
2025-02-24 14:11:24,475 - WARNING - Circuit optimization did not converge
2025-02-24 14:11:24,476 - WARNING - Circuit optimization did not converge
2025-02-24 14:11:24,476 - DEBUG - Sampling from optimized circuit...
2025-02-24 14:11:24,534 - DEBUG - Generated 16 unique samples from 1000 total measurements
2025-02-24 14:11:24,534 - DEBUG - 
Top 5 most frequent samples:
2025-02-24 14:11:24,534 - DEBUG -   Rank | Count |   %   
2025-02-24 14:11:24,534 - DEBUG -   -----|-------|-------
2025-02-24 14:11:24,534 - DEBUG -      1 |    90 |   9.0
2025-02-24 14:11:24,535 - DEBUG -     Sample: [0 0 0 0 0 0 0 0 0 0 1 0]
2025-02-24 14:11:24,535 - DEBUG -      2 |    76 |   7.6
2025-02-24 14:11:24,535 - DEBUG -     Sample: [0 0 0 0 0 0 0 0 0 1 0 0]
2025-02-24 14:11:24,535 - DEBUG -      3 |    76 |   7.6
2025-02-24 14:11:24,535 - DEBUG -     Sample: [0 0 0 0 0 0 0 0 0 1 1 0]
2025-02-24 14:11:24,535 - DEBUG -      4 |    71 |   7.1
2025-02-24 14:11:24,535 - DEBUG -     Sample: [0 0 0 0 0 0 0 0 0 1 0 1]
2025-02-24 14:11:24,535 - DEBUG -      5 |    70 |   7.0
2025-02-24 14:11:24,536 - DEBUG -     Sample: [0 0 0 0 0 0 0 0 0 0 1 1]
2025-02-24 14:11:24,536 - DEBUG - Generated 16 unique samples from 1000 total measurements
2025-02-24 14:11:24,536 - INFO -   No feasible solution found in this iteration
2025-02-24 14:11:24,536 - INFO -   All constraints added, exiting
2025-02-24 14:11:24,536 - INFO -   Constraint generation found no feasible solution
2025-02-24 14:11:24,536 - INFO - 
Instance 5 results:
2025-02-24 14:11:24,536 - INFO -   Classical value: 129.0
2025-02-24 14:11:24,536 - INFO -   QAOA value: 0.0
2025-02-24 14:11:24,536 - INFO -   Constraint generation value: 0.0
2025-02-24 14:11:24,537 - INFO - 
Running instance 6/100
2025-02-24 14:11:24,538 - INFO - 
Running Classical Reference Solver (SCIP):
2025-02-24 14:11:24,539 - DEBUG - Problem dimensions: 40 constraints, 12 variables
2025-02-24 14:11:24,539 - DEBUG - Row names: ['ELEM1', 'ELEM2', 'ELEM3', 'ELEM4', 'ELEM5', 'ELEM6', 'ELEM7', 'ELEM8', 'ELEM9', 'ELEM10', 'ELEM11', 'ELEM12', 'ELEM13', 'ELEM14', 'ELEM15', 'ELEM16', 'ELEM17', 'ELEM18', 'ELEM19', 'ELEM20', 'ELEM21', 'ELEM22', 'ELEM23', 'ELEM24', 'ELEM25', 'ELEM26', 'ELEM27', 'ELEM28', 'ELEM29', 'ELEM30', 'ELEM31', 'ELEM32', 'ELEM33', 'ELEM34', 'ELEM35', 'ELEM36', 'ELEM37', 'ELEM38', 'ELEM39', 'ELEM40']
2025-02-24 14:11:24,539 - DEBUG - RHS values: {'ELEM1': 1.0, 'ELEM2': 1.0, 'ELEM3': 1.0, 'ELEM4': 1.0, 'ELEM5': 1.0, 'ELEM6': 1.0, 'ELEM7': 1.0, 'ELEM8': 1.0, 'ELEM9': 1.0, 'ELEM10': 1.0, 'ELEM11': 1.0, 'ELEM12': 1.0, 'ELEM13': 1.0, 'ELEM14': 1.0, 'ELEM15': 1.0, 'ELEM16': 1.0, 'ELEM17': 1.0, 'ELEM18': 1.0, 'ELEM19': 1.0, 'ELEM20': 1.0, 'ELEM21': 1.0, 'ELEM22': 1.0, 'ELEM23': 1.0, 'ELEM24': 1.0, 'ELEM25': 1.0, 'ELEM26': 1.0, 'ELEM27': 1.0, 'ELEM28': 1.0, 'ELEM29': 1.0, 'ELEM30': 1.0, 'ELEM31': 1.0, 'ELEM32': 1.0, 'ELEM33': 1.0, 'ELEM34': 1.0, 'ELEM35': 1.0, 'ELEM36': 1.0, 'ELEM37': 1.0, 'ELEM38': 1.0, 'ELEM39': 1.0, 'ELEM40': 1.0}
2025-02-24 14:11:24,546 - INFO -   Reference solution found:
2025-02-24 14:11:24,546 - INFO -     Solution: [0, 0, 0, 1, 0, 0, 0, 1, 0, 1, 1, 1]
2025-02-24 14:11:24,546 - INFO -     Value: 270.0
2025-02-24 14:11:24,547 - INFO - 
Running QAOA Reference Solution (with all constraints):
