
Problem information:
  Number of variables (n): 8
  Number of constraints (m): 25

Starting reference QAOA with parameters:
  sample_size (total shots): 500
Added all constraints
Found feasible solution: [0 0 0 1 0 0 1 1] with objective value 88.0
Found feasible solution:
  Solution: [0, 0, 0, 1, 0, 0, 1, 1]
  Value: 88.0
  QAOA solution found:
    Solution: [0, 0, 0, 1, 0, 0, 1, 1]
    Value: 88.0

Running Constraint Generation:

Problem information:
  Number of variables (n): 8
  Number of constraints (m): 25

Running classical reference solver:
  Reference solution found:
    Solution: [0, 0, 0, 1, 0, 0, 1, 1]
    Value: 88.00000000000003

Starting quantum constraint generation with parameters:
  sample_size (total shots): 500
  tau: 0.1
  max_iters: 1000

Iteration 0:
  No feasible solution found in this iteration
  Added 2 new constraints: [2, 21]

Iteration 1:
  No feasible solution found in this iteration
  Added 1 new constraints: [4]

Iteration 2:
Found feasible solution: [1 0 1 0 1 0 0 0] with objective value 171.0
  Found feasible solution:
    Solution: [1, 0, 1, 0, 1, 0, 0, 0]
    Value: 171.0
    Gap to reference: 94.32%
  Constraint generation solution found:
    Solution: [1, 0, 1, 0, 1, 0, 0, 0]
    Value: 171.0

Instance 57 results:
  Classical value: 88.00000000000003
  QAOA value: 88.0
  Constraint generation value: 171.0

Running instance 58/100

Running Classical Reference Solver (SCIP):
  Reference solution found:
    Solution: [1, 0, 0, 0, 0, 0, 1, 1]
    Value: 95.0

Running QAOA Reference Solution (with all constraints):
