2025-02-24 15:07:57,893 - INFO - 
Problem information:
2025-02-24 15:07:57,893 - INFO -   Number of variables (n): 12
2025-02-24 15:07:57,893 - INFO -   Number of constraints (m): 40
2025-02-24 15:07:57,893 - DEBUG -   Density of A: 18.12%
2025-02-24 15:07:57,894 - INFO - 
Starting reference QAOA with parameters:
2025-02-24 15:07:57,894 - INFO -   sample_size (total shots): 1000
2025-02-24 15:07:57,894 - INFO - Added all constraints
2025-02-24 15:07:57,894 - DEBUG - Generated Ising Hamiltonian
2025-02-24 15:07:58,025 - DEBUG - Optimizing QAOA circuit...
2025-02-24 15:08:00,830 - DEBUG - Circuit optimization successful
2025-02-24 15:08:00,830 - DEBUG - Circuit optimization successful, final value: 1361.400849150849
2025-02-24 15:08:00,830 - DEBUG - Sampling from optimized circuit...
2025-02-24 15:08:00,861 - DEBUG - Generated 766 unique samples from 1000 total measurements
2025-02-24 15:08:00,862 - DEBUG - 
Top 5 most frequent samples:
2025-02-24 15:08:00,862 - DEBUG -   Rank | Count |   %   
2025-02-24 15:08:00,862 - DEBUG -   -----|-------|-------
2025-02-24 15:08:00,862 - DEBUG -      1 |     8 |   0.8
2025-02-24 15:08:00,862 - DEBUG -     Sample: [0 1 0 0 1 0 1 0 1 1 1 1]
2025-02-24 15:08:00,862 - DEBUG -      2 |     7 |   0.7
2025-02-24 15:08:00,862 - DEBUG -     Sample: [1 0 0 1 1 0 1 1 1 1 1 1]
2025-02-24 15:08:00,863 - DEBUG -      3 |     6 |   0.6
2025-02-24 15:08:00,863 - DEBUG -     Sample: [1 1 1 0 0 0 0 1 1 1 1 1]
2025-02-24 15:08:00,863 - DEBUG -      4 |     6 |   0.6
2025-02-24 15:08:00,863 - DEBUG -     Sample: [0 0 1 1 0 0 0 1 1 1 0 0]
2025-02-24 15:08:00,863 - DEBUG -      5 |     5 |   0.5
2025-02-24 15:08:00,863 - DEBUG -     Sample: [1 1 0 1 0 0 1 1 1 1 0 0]
2025-02-24 15:08:00,865 - DEBUG - Generated 766 unique samples from 1000 total measurements
2025-02-24 15:08:00,871 - INFO - Found feasible solution: [1 0 1 1 1 0 0 1 0 0 1 0] with objective value 334.0
2025-02-24 15:08:00,875 - INFO - Found feasible solution:
2025-02-24 15:08:00,875 - INFO -   Solution: [1, 0, 1, 1, 1, 0, 0, 1, 0, 0, 1, 0]
2025-02-24 15:08:00,876 - INFO -   Value: 334.0
2025-02-24 15:08:00,876 - INFO -   QAOA solution found:
2025-02-24 15:08:00,876 - INFO -     Solution: [1, 0, 1, 1, 1, 0, 0, 1, 0, 0, 1, 0]
2025-02-24 15:08:00,876 - INFO -     Value: 334.0
2025-02-24 15:08:00,876 - INFO - 
Running Constraint Generation:
2025-02-24 15:08:00,878 - INFO - 
Problem information:
2025-02-24 15:08:00,878 - INFO -   Number of variables (n): 12
2025-02-24 15:08:00,878 - INFO -   Number of constraints (m): 40
2025-02-24 15:08:00,878 - DEBUG -   Density of A: 18.12%
2025-02-24 15:08:00,878 - INFO - 
Running classical reference solver:
2025-02-24 15:08:00,887 - INFO -   Reference solution found:
2025-02-24 15:08:00,887 - INFO -     Solution: [0, 1, 0, 0, 0, 1, 1, 0, 0, 1, 0, 1]
2025-02-24 15:08:00,887 - INFO -     Value: 236.0
2025-02-24 15:08:00,887 - INFO - 
Starting quantum constraint generation with parameters:
2025-02-24 15:08:00,887 - INFO -   sample_size (total shots): 1000
2025-02-24 15:08:00,888 - INFO -   tau: 0.1
2025-02-24 15:08:00,888 - INFO -   max_iters: 1000
2025-02-24 15:08:00,888 - INFO - 
Iteration 0:
2025-02-24 15:08:00,888 - DEBUG - Generated Ising Hamiltonian
2025-02-24 15:08:00,889 - DEBUG - Optimizing QAOA circuit...
2025-02-24 15:08:06,123 - WARNING - Circuit optimization did not converge
2025-02-24 15:08:06,123 - WARNING - Circuit optimization did not converge
2025-02-24 15:08:06,123 - DEBUG - Sampling from optimized circuit...
2025-02-24 15:08:06,178 - DEBUG - Generated 15 unique samples from 1000 total measurements
2025-02-24 15:08:06,179 - DEBUG - 
Top 5 most frequent samples:
2025-02-24 15:08:06,179 - DEBUG -   Rank | Count |   %   
2025-02-24 15:08:06,179 - DEBUG -   -----|-------|-------
2025-02-24 15:08:06,179 - DEBUG -      1 |   227 |  22.7
2025-02-24 15:08:06,179 - DEBUG -     Sample: [0 0 0 0 0 0 0 0 1 1 1 0]
2025-02-24 15:08:06,179 - DEBUG -      2 |   192 |  19.2
2025-02-24 15:08:06,180 - DEBUG -     Sample: [0 0 0 0 0 0 0 0 1 0 1 0]
2025-02-24 15:08:06,180 - DEBUG -      3 |   178 |  17.8
2025-02-24 15:08:06,180 - DEBUG -     Sample: [0 0 0 0 0 0 0 0 0 0 1 0]
2025-02-24 15:08:06,180 - DEBUG -      4 |   171 |  17.1
2025-02-24 15:08:06,180 - DEBUG -     Sample: [0 0 0 0 0 0 0 0 0 1 1 0]
2025-02-24 15:08:06,180 - DEBUG -      5 |    55 |   5.5
2025-02-24 15:08:06,181 - DEBUG -     Sample: [0 0 0 0 0 0 0 0 0 1 1 1]
2025-02-24 15:08:06,181 - DEBUG - Generated 15 unique samples from 1000 total measurements
2025-02-24 15:08:06,181 - INFO -   No feasible solution found in this iteration
2025-02-24 15:08:06,182 - INFO -   Added 11 new constraints: [2, 3, 4, 8, 12, 15, 16, 19, 25, 38, 39]
2025-02-24 15:08:06,182 - INFO - 
Iteration 1:
2025-02-24 15:08:06,182 - DEBUG - Generated Ising Hamiltonian
2025-02-24 15:08:06,183 - DEBUG - Optimizing QAOA circuit...
2025-02-24 15:08:11,770 - WARNING - Circuit optimization did not converge
2025-02-24 15:08:11,770 - WARNING - Circuit optimization did not converge
2025-02-24 15:08:11,770 - DEBUG - Sampling from optimized circuit...
2025-02-24 15:08:11,826 - DEBUG - Generated 15 unique samples from 1000 total measurements
2025-02-24 15:08:11,826 - DEBUG - 
Top 5 most frequent samples:
2025-02-24 15:08:11,826 - DEBUG -   Rank | Count |   %   
2025-02-24 15:08:11,826 - DEBUG -   -----|-------|-------
2025-02-24 15:08:11,827 - DEBUG -      1 |   504 |  50.4
2025-02-24 15:08:11,827 - DEBUG -     Sample: [0 0 0 0 0 0 0 0 0 0 1 0]
2025-02-24 15:08:11,827 - DEBUG -      2 |   159 |  15.9
2025-02-24 15:08:11,827 - DEBUG -     Sample: [0 0 0 0 0 0 0 0 0 0 1 1]
2025-02-24 15:08:11,827 - DEBUG -      3 |   144 |  14.4
2025-02-24 15:08:11,827 - DEBUG -     Sample: [0 0 0 0 0 0 0 0 0 1 1 0]
2025-02-24 15:08:11,827 - DEBUG -      4 |    51 |   5.1
2025-02-24 15:08:11,828 - DEBUG -     Sample: [0 0 0 0 0 0 0 0 0 1 1 1]
2025-02-24 15:08:11,828 - DEBUG -      5 |    41 |   4.1
2025-02-24 15:08:11,828 - DEBUG -     Sample: [0 0 0 0 0 0 0 0 1 0 1 0]
2025-02-24 15:08:11,828 - DEBUG - Generated 15 unique samples from 1000 total measurements
2025-02-24 15:08:11,828 - INFO -   No feasible solution found in this iteration
2025-02-24 15:08:11,828 - INFO -   No new constraints added, lowered tau multiplier: 1.0 -> 0.9
2025-02-24 15:08:11,829 - INFO -   No new constraints added, lowered tau multiplier: 0.9 -> 0.8
2025-02-24 15:08:11,829 - INFO -   No new constraints added, lowered tau multiplier: 0.8 -> 0.7
2025-02-24 15:08:11,829 - INFO -   No new constraints added, lowered tau multiplier: 0.7 -> 0.6
2025-02-24 15:08:11,829 - INFO -   No new constraints added, lowered tau multiplier: 0.6 -> 0.5
2025-02-24 15:08:11,829 - INFO -   Added 25 new constraints: [0, 1, 5, 6, 7, 9, 10, 11, 13, 14, 17, 18, 20, 21, 22, 23, 24, 27, 29, 30, 31, 32, 35, 36, 37]
2025-02-24 15:08:11,829 - INFO - 
Iteration 2:
2025-02-24 15:08:11,829 - DEBUG - Generated Ising Hamiltonian
2025-02-24 15:08:11,831 - DEBUG - Optimizing QAOA circuit...
2025-02-24 15:08:20,306 - WARNING - Circuit optimization did not converge
2025-02-24 15:08:20,306 - WARNING - Circuit optimization did not converge
2025-02-24 15:08:20,306 - DEBUG - Sampling from optimized circuit...
2025-02-24 15:08:20,369 - DEBUG - Generated 16 unique samples from 1000 total measurements
2025-02-24 15:08:20,369 - DEBUG - 
Top 5 most frequent samples:
2025-02-24 15:08:20,369 - DEBUG -   Rank | Count |   %   
2025-02-24 15:08:20,369 - DEBUG -   -----|-------|-------
2025-02-24 15:08:20,369 - DEBUG -      1 |    75 |   7.5
2025-02-24 15:08:20,369 - DEBUG -     Sample: [0 0 0 0 0 0 0 0 0 0 1 1]
2025-02-24 15:08:20,369 - DEBUG -      2 |    72 |   7.2
2025-02-24 15:08:20,369 - DEBUG -     Sample: [0 0 0 0 0 0 0 0 1 1 0 0]
2025-02-24 15:08:20,370 - DEBUG -      3 |    69 |   6.9
2025-02-24 15:08:20,370 - DEBUG -     Sample: [0 0 0 0 0 0 0 0 0 1 0 1]
2025-02-24 15:08:20,370 - DEBUG -      4 |    68 |   6.8
2025-02-24 15:08:20,370 - DEBUG -     Sample: [0 0 0 0 0 0 0 0 1 1 0 1]
2025-02-24 15:08:20,370 - DEBUG -      5 |    65 |   6.5
2025-02-24 15:08:20,370 - DEBUG -     Sample: [0 0 0 0 0 0 0 0 1 0 0 0]
2025-02-24 15:08:20,370 - DEBUG - Generated 16 unique samples from 1000 total measurements
2025-02-24 15:08:20,370 - INFO -   No feasible solution found in this iteration
2025-02-24 15:08:20,371 - INFO -   No new constraints added, lowered tau multiplier: 1.0 -> 0.9
2025-02-24 15:08:20,371 - INFO -   No new constraints added, lowered tau multiplier: 0.9 -> 0.8
2025-02-24 15:08:20,371 - INFO -   No new constraints added, lowered tau multiplier: 0.8 -> 0.7
2025-02-24 15:08:20,371 - INFO -   No new constraints added, lowered tau multiplier: 0.7 -> 0.6
2025-02-24 15:08:20,371 - INFO -   No new constraints added, lowered tau multiplier: 0.6 -> 0.5
2025-02-24 15:08:20,371 - INFO -   No new constraints added, lowered tau multiplier: 0.5 -> 0.4
2025-02-24 15:08:20,371 - INFO -   Added 4 new constraints: [26, 28, 33, 34]
2025-02-24 15:08:20,371 - INFO - 
Iteration 3:
2025-02-24 15:08:20,371 - DEBUG - Generated Ising Hamiltonian
2025-02-24 15:08:20,373 - DEBUG - Optimizing QAOA circuit...
2025-02-24 15:08:31,266 - WARNING - Circuit optimization did not converge
2025-02-24 15:08:31,267 - WARNING - Circuit optimization did not converge
2025-02-24 15:08:31,267 - DEBUG - Sampling from optimized circuit...
2025-02-24 15:08:31,331 - DEBUG - Generated 16 unique samples from 1000 total measurements
2025-02-24 15:08:31,332 - DEBUG - 
Top 5 most frequent samples:
2025-02-24 15:08:31,332 - DEBUG -   Rank | Count |   %   
2025-02-24 15:08:31,332 - DEBUG -   -----|-------|-------
2025-02-24 15:08:31,332 - DEBUG -      1 |    84 |   8.4
2025-02-24 15:08:31,332 - DEBUG -     Sample: [0 0 0 0 0 0 0 0 0 0 1 1]
2025-02-24 15:08:31,332 - DEBUG -      2 |    82 |   8.2
2025-02-24 15:08:31,332 - DEBUG -     Sample: [0 0 0 0 0 0 0 0 0 0 1 0]
2025-02-24 15:08:31,332 - DEBUG -      3 |    81 |   8.1
2025-02-24 15:08:31,332 - DEBUG -     Sample: [0 0 0 0 0 0 0 0 0 0 0 0]
2025-02-24 15:08:31,333 - DEBUG -      4 |    76 |   7.6
2025-02-24 15:08:31,333 - DEBUG -     Sample: [0 0 0 0 0 0 0 0 1 1 0 0]
2025-02-24 15:08:31,333 - DEBUG -      5 |    75 |   7.5
2025-02-24 15:08:31,333 - DEBUG -     Sample: [0 0 0 0 0 0 0 0 1 1 0 1]
2025-02-24 15:08:31,333 - DEBUG - Generated 16 unique samples from 1000 total measurements
2025-02-24 15:08:31,334 - INFO -   No feasible solution found in this iteration
2025-02-24 15:08:31,334 - INFO -   All constraints added, exiting
2025-02-24 15:08:31,334 - INFO -   Constraint generation found no feasible solution
2025-02-24 15:08:31,334 - INFO - 
Instance 93 results:
2025-02-24 15:08:31,334 - INFO -   Classical value: 236.0
2025-02-24 15:08:31,334 - INFO -   QAOA value: 334.0
2025-02-24 15:08:31,334 - INFO -   Constraint generation value: 0.0
2025-02-24 15:08:31,334 - INFO - 
Running instance 94/100
2025-02-24 15:08:31,336 - INFO - 
Running Classical Reference Solver (SCIP):
2025-02-24 15:08:31,336 - DEBUG - Problem dimensions: 40 constraints, 12 variables
2025-02-24 15:08:31,336 - DEBUG - Row names: ['ELEM1', 'ELEM2', 'ELEM3', 'ELEM4', 'ELEM5', 'ELEM6', 'ELEM7', 'ELEM8', 'ELEM9', 'ELEM10', 'ELEM11', 'ELEM12', 'ELEM13', 'ELEM14', 'ELEM15', 'ELEM16', 'ELEM17', 'ELEM18', 'ELEM19', 'ELEM20', 'ELEM21', 'ELEM22', 'ELEM23', 'ELEM24', 'ELEM25', 'ELEM26', 'ELEM27', 'ELEM28', 'ELEM29', 'ELEM30', 'ELEM31', 'ELEM32', 'ELEM33', 'ELEM34', 'ELEM35', 'ELEM36', 'ELEM37', 'ELEM38', 'ELEM39', 'ELEM40']
2025-02-24 15:08:31,336 - DEBUG - RHS values: {'ELEM1': 1.0, 'ELEM2': 1.0, 'ELEM3': 1.0, 'ELEM4': 1.0, 'ELEM5': 1.0, 'ELEM6': 1.0, 'ELEM7': 1.0, 'ELEM8': 1.0, 'ELEM9': 1.0, 'ELEM10': 1.0, 'ELEM11': 1.0, 'ELEM12': 1.0, 'ELEM13': 1.0, 'ELEM14': 1.0, 'ELEM15': 1.0, 'ELEM16': 1.0, 'ELEM17': 1.0, 'ELEM18': 1.0, 'ELEM19': 1.0, 'ELEM20': 1.0, 'ELEM21': 1.0, 'ELEM22': 1.0, 'ELEM23': 1.0, 'ELEM24': 1.0, 'ELEM25': 1.0, 'ELEM26': 1.0, 'ELEM27': 1.0, 'ELEM28': 1.0, 'ELEM29': 1.0, 'ELEM30': 1.0, 'ELEM31': 1.0, 'ELEM32': 1.0, 'ELEM33': 1.0, 'ELEM34': 1.0, 'ELEM35': 1.0, 'ELEM36': 1.0, 'ELEM37': 1.0, 'ELEM38': 1.0, 'ELEM39': 1.0, 'ELEM40': 1.0}
2025-02-24 15:08:31,346 - INFO -   Reference solution found:
2025-02-24 15:08:31,346 - INFO -     Solution: [0, 0, 0, 0, 1, 0, 0, 0, 1, 0, 1, 0]
2025-02-24 15:08:31,347 - INFO -     Value: 156.0
2025-02-24 15:08:31,347 - INFO - 
Running QAOA Reference Solution (with all constraints):
