2025-02-24 15:23:57,680 - INFO - 
Problem information:
2025-02-24 15:23:57,680 - INFO -   Number of variables (n): 12
2025-02-24 15:23:57,680 - INFO -   Number of constraints (m): 40
2025-02-24 15:23:57,681 - DEBUG -   Density of A: 23.33%
2025-02-24 15:23:57,681 - INFO - 
Starting reference QAOA with parameters:
2025-02-24 15:23:57,681 - INFO -   sample_size (total shots): 1000
2025-02-24 15:23:57,681 - INFO - Added all constraints
2025-02-24 15:23:57,682 - DEBUG - Generated Ising Hamiltonian
2025-02-24 15:23:57,901 - DEBUG - Optimizing QAOA circuit...
2025-02-24 15:24:02,369 - DEBUG - Circuit optimization successful
2025-02-24 15:24:02,369 - DEBUG - Circuit optimization successful, final value: -14904.917082917083
2025-02-24 15:24:02,369 - DEBUG - Sampling from optimized circuit...
2025-02-24 15:24:02,415 - DEBUG - Generated 664 unique samples from 1000 total measurements
2025-02-24 15:24:02,416 - DEBUG - 
Top 5 most frequent samples:
2025-02-24 15:24:02,416 - DEBUG -   Rank | Count |   %   
2025-02-24 15:24:02,416 - DEBUG -   -----|-------|-------
2025-02-24 15:24:02,416 - DEBUG -      1 |    11 |   1.1
2025-02-24 15:24:02,417 - DEBUG -     Sample: [1 0 1 0 1 1 0 1 1 0 0 1]
2025-02-24 15:24:02,417 - DEBUG -      2 |    10 |   1.0
2025-02-24 15:24:02,417 - DEBUG -     Sample: [1 0 0 1 1 0 1 1 1 1 0 1]
2025-02-24 15:24:02,417 - DEBUG -      3 |     9 |   0.9
2025-02-24 15:24:02,417 - DEBUG -     Sample: [1 0 1 0 1 0 1 0 0 0 1 1]
2025-02-24 15:24:02,418 - DEBUG -      4 |     7 |   0.7
2025-02-24 15:24:02,418 - DEBUG -     Sample: [1 0 1 0 1 1 1 0 1 0 1 1]
2025-02-24 15:24:02,418 - DEBUG -      5 |     6 |   0.6
2025-02-24 15:24:02,418 - DEBUG -     Sample: [1 0 1 0 1 0 1 0 1 0 1 1]
2025-02-24 15:24:02,420 - DEBUG - Generated 664 unique samples from 1000 total measurements
2025-02-24 15:24:02,427 - INFO - Found feasible solution: [0 1 1 0 1 0 1 0 1 0 0 0] with objective value 252.0
2025-02-24 15:24:02,431 - INFO - Found feasible solution:
2025-02-24 15:24:02,432 - INFO -   Solution: [0, 1, 1, 0, 1, 0, 1, 0, 1, 0, 0, 0]
2025-02-24 15:24:02,432 - INFO -   Value: 252.0
2025-02-24 15:24:02,432 - INFO -   QAOA solution found:
2025-02-24 15:24:02,432 - INFO -     Solution: [0, 1, 1, 0, 1, 0, 1, 0, 1, 0, 0, 0]
2025-02-24 15:24:02,433 - INFO -     Value: 252.0
2025-02-24 15:24:02,433 - INFO - 
Running Constraint Generation:
2025-02-24 15:24:02,434 - INFO - 
Problem information:
2025-02-24 15:24:02,434 - INFO -   Number of variables (n): 12
2025-02-24 15:24:02,435 - INFO -   Number of constraints (m): 40
2025-02-24 15:24:02,435 - DEBUG -   Density of A: 23.33%
2025-02-24 15:24:02,435 - INFO - 
Running classical reference solver:
2025-02-24 15:24:02,446 - INFO -   Reference solution found:
2025-02-24 15:24:02,447 - INFO -     Solution: [0, 0, 0, 1, 0, 1, 0, 1, 0, 0, 0, 1]
2025-02-24 15:24:02,447 - INFO -     Value: 203.0
2025-02-24 15:24:02,447 - INFO - 
Starting quantum constraint generation with parameters:
2025-02-24 15:24:02,447 - INFO -   sample_size (total shots): 1000
2025-02-24 15:24:02,447 - INFO -   tau: 0.1
2025-02-24 15:24:02,447 - INFO -   max_iters: 1000
2025-02-24 15:24:02,448 - INFO - 
Iteration 0:
2025-02-24 15:24:02,448 - DEBUG - Generated Ising Hamiltonian
2025-02-24 15:24:02,656 - DEBUG - Optimizing QAOA circuit...
2025-02-24 15:24:04,648 - DEBUG - Circuit optimization successful
2025-02-24 15:24:04,649 - DEBUG - Circuit optimization successful, final value: -199.02297702297702
2025-02-24 15:24:04,649 - DEBUG - Sampling from optimized circuit...
2025-02-24 15:24:04,672 - DEBUG - Generated 556 unique samples from 1000 total measurements
2025-02-24 15:24:04,673 - DEBUG - 
Top 5 most frequent samples:
2025-02-24 15:24:04,673 - DEBUG -   Rank | Count |   %   
2025-02-24 15:24:04,673 - DEBUG -   -----|-------|-------
2025-02-24 15:24:04,673 - DEBUG -      1 |    16 |   1.6
2025-02-24 15:24:04,673 - DEBUG -     Sample: [0 0 0 0 1 1 1 1 1 1 1 0]
2025-02-24 15:24:04,674 - DEBUG -      2 |    16 |   1.6
2025-02-24 15:24:04,674 - DEBUG -     Sample: [1 0 1 0 1 1 1 1 1 1 1 1]
2025-02-24 15:24:04,674 - DEBUG -      3 |    15 |   1.5
2025-02-24 15:24:04,674 - DEBUG -     Sample: [1 1 0 0 1 1 1 1 1 1 1 1]
2025-02-24 15:24:04,674 - DEBUG -      4 |    13 |   1.3
2025-02-24 15:24:04,675 - DEBUG -     Sample: [0 1 0 0 1 1 1 1 1 1 1 0]
2025-02-24 15:24:04,675 - DEBUG -      5 |    13 |   1.3
2025-02-24 15:24:04,675 - DEBUG -     Sample: [1 0 0 0 1 1 1 1 1 1 1 1]
2025-02-24 15:24:04,676 - DEBUG - Generated 556 unique samples from 1000 total measurements
2025-02-24 15:24:04,688 - INFO -   No feasible solution found in this iteration
2025-02-24 15:24:04,689 - INFO -   Added 1 new constraints: [3]
2025-02-24 15:24:04,689 - INFO - 
Iteration 1:
2025-02-24 15:24:04,689 - DEBUG - Generated Ising Hamiltonian
2025-02-24 15:24:04,891 - DEBUG - Optimizing QAOA circuit...
2025-02-24 15:24:07,437 - DEBUG - Circuit optimization successful
2025-02-24 15:24:07,437 - DEBUG - Circuit optimization successful, final value: -6582.988511488511
2025-02-24 15:24:07,437 - DEBUG - Sampling from optimized circuit...
2025-02-24 15:24:07,467 - DEBUG - Generated 535 unique samples from 1000 total measurements
2025-02-24 15:24:07,467 - DEBUG - 
Top 5 most frequent samples:
2025-02-24 15:24:07,468 - DEBUG -   Rank | Count |   %   
2025-02-24 15:24:07,468 - DEBUG -   -----|-------|-------
2025-02-24 15:24:07,468 - DEBUG -      1 |    15 |   1.5
2025-02-24 15:24:07,468 - DEBUG -     Sample: [0 0 1 1 1 1 0 0 1 0 0 0]
2025-02-24 15:24:07,468 - DEBUG -      2 |    13 |   1.3
2025-02-24 15:24:07,468 - DEBUG -     Sample: [0 0 1 1 1 1 0 0 1 0 0 1]
2025-02-24 15:24:07,469 - DEBUG -      3 |    12 |   1.2
2025-02-24 15:24:07,469 - DEBUG -     Sample: [0 1 1 1 1 1 0 1 1 1 1 1]
2025-02-24 15:24:07,469 - DEBUG -      4 |     9 |   0.9
2025-02-24 15:24:07,469 - DEBUG -     Sample: [0 1 1 1 1 0 0 1 1 1 1 1]
2025-02-24 15:24:07,469 - DEBUG -      5 |     9 |   0.9
2025-02-24 15:24:07,469 - DEBUG -     Sample: [0 0 1 1 0 1 0 0 0 0 0 1]
2025-02-24 15:24:07,471 - DEBUG - Generated 535 unique samples from 1000 total measurements
2025-02-24 15:24:07,480 - INFO -   No feasible solution found in this iteration
2025-02-24 15:24:07,481 - INFO -   Added 1 new constraints: [13]
2025-02-24 15:24:07,481 - INFO - 
Iteration 2:
2025-02-24 15:24:07,481 - DEBUG - Generated Ising Hamiltonian
2025-02-24 15:24:07,679 - DEBUG - Optimizing QAOA circuit...
2025-02-24 15:24:10,223 - DEBUG - Circuit optimization successful
2025-02-24 15:24:10,224 - DEBUG - Circuit optimization successful, final value: -20729.855144855148
2025-02-24 15:24:10,224 - DEBUG - Sampling from optimized circuit...
2025-02-24 15:24:10,253 - DEBUG - Generated 430 unique samples from 1000 total measurements
2025-02-24 15:24:10,253 - DEBUG - 
Top 5 most frequent samples:
2025-02-24 15:24:10,253 - DEBUG -   Rank | Count |   %   
2025-02-24 15:24:10,253 - DEBUG -   -----|-------|-------
2025-02-24 15:24:10,254 - DEBUG -      1 |    43 |   4.3
2025-02-24 15:24:10,254 - DEBUG -     Sample: [0 0 1 1 1 0 1 1 1 1 0 1]
2025-02-24 15:24:10,254 - DEBUG -      2 |    39 |   3.9
2025-02-24 15:24:10,254 - DEBUG -     Sample: [0 0 1 1 1 0 1 1 1 0 0 1]
2025-02-24 15:24:10,254 - DEBUG -      3 |    31 |   3.1
2025-02-24 15:24:10,255 - DEBUG -     Sample: [0 0 1 1 1 0 1 0 1 0 0 1]
2025-02-24 15:24:10,255 - DEBUG -      4 |    18 |   1.8
2025-02-24 15:24:10,255 - DEBUG -     Sample: [0 0 1 1 1 0 1 0 1 1 0 1]
2025-02-24 15:24:10,255 - DEBUG -      5 |    17 |   1.7
2025-02-24 15:24:10,255 - DEBUG -     Sample: [0 0 1 1 1 0 1 1 1 1 1 1]
2025-02-24 15:24:10,257 - DEBUG - Generated 430 unique samples from 1000 total measurements
2025-02-24 15:24:10,264 - INFO -   No feasible solution found in this iteration
2025-02-24 15:24:10,265 - INFO -   Added 1 new constraints: [8]
2025-02-24 15:24:10,265 - INFO - 
Iteration 3:
2025-02-24 15:24:10,265 - DEBUG - Generated Ising Hamiltonian
2025-02-24 15:24:10,474 - DEBUG - Optimizing QAOA circuit...
2025-02-24 15:24:12,971 - DEBUG - Circuit optimization successful
2025-02-24 15:24:12,972 - DEBUG - Circuit optimization successful, final value: -16670.736263736264
2025-02-24 15:24:12,972 - DEBUG - Sampling from optimized circuit...
2025-02-24 15:24:13,004 - DEBUG - Generated 406 unique samples from 1000 total measurements
2025-02-24 15:24:13,004 - DEBUG - 
Top 5 most frequent samples:
2025-02-24 15:24:13,004 - DEBUG -   Rank | Count |   %   
2025-02-24 15:24:13,004 - DEBUG -   -----|-------|-------
2025-02-24 15:24:13,004 - DEBUG -      1 |    40 |   4.0
2025-02-24 15:24:13,005 - DEBUG -     Sample: [1 1 1 0 0 0 1 0 1 0 0 1]
2025-02-24 15:24:13,005 - DEBUG -      2 |    30 |   3.0
2025-02-24 15:24:13,005 - DEBUG -     Sample: [1 0 1 0 0 0 1 0 1 0 0 1]
2025-02-24 15:24:13,005 - DEBUG -      3 |    27 |   2.7
2025-02-24 15:24:13,005 - DEBUG -     Sample: [1 1 1 0 0 0 1 0 1 1 0 1]
2025-02-24 15:24:13,005 - DEBUG -      4 |    25 |   2.5
2025-02-24 15:24:13,005 - DEBUG -     Sample: [1 0 1 0 1 0 1 0 1 0 0 1]
2025-02-24 15:24:13,006 - DEBUG -      5 |    22 |   2.2
2025-02-24 15:24:13,006 - DEBUG -     Sample: [1 0 1 0 0 0 1 0 1 1 0 1]
2025-02-24 15:24:13,007 - DEBUG - Generated 406 unique samples from 1000 total measurements
2025-02-24 15:24:13,013 - INFO - Found feasible solution: [0 1 1 0 1 0 1 0 1 0 0 0] with objective value 252.0
2025-02-24 15:24:13,014 - INFO -   Found feasible solution:
2025-02-24 15:24:13,014 - INFO -     Solution: [0, 1, 1, 0, 1, 0, 1, 0, 1, 0, 0, 0]
2025-02-24 15:24:13,014 - INFO -     Value: 252.0
2025-02-24 15:24:13,014 - INFO -     Gap to reference: 24.14%
2025-02-24 15:24:13,015 - INFO -   Constraint generation solution found:
2025-02-24 15:24:13,015 - INFO -     Solution: [0, 1, 1, 0, 1, 0, 1, 0, 1, 0, 0, 0]
2025-02-24 15:24:13,015 - INFO -     Value: 252.0
2025-02-24 15:24:13,015 - INFO - 
Instance 2 results:
2025-02-24 15:24:13,015 - INFO -   Classical value: 203.0
2025-02-24 15:24:13,015 - INFO -   QAOA value: 252.0
2025-02-24 15:24:13,015 - INFO -   Constraint generation value: 252.0
2025-02-24 15:24:13,016 - INFO - 
Running instance 3/100
2025-02-24 15:24:13,018 - INFO - 
Running Classical Reference Solver (SCIP):
2025-02-24 15:24:13,020 - DEBUG - Problem dimensions: 40 constraints, 12 variables
2025-02-24 15:24:13,020 - DEBUG - Row names: ['ELEM1', 'ELEM2', 'ELEM3', 'ELEM4', 'ELEM5', 'ELEM6', 'ELEM7', 'ELEM8', 'ELEM9', 'ELEM10', 'ELEM11', 'ELEM12', 'ELEM13', 'ELEM14', 'ELEM15', 'ELEM16', 'ELEM17', 'ELEM18', 'ELEM19', 'ELEM20', 'ELEM21', 'ELEM22', 'ELEM23', 'ELEM24', 'ELEM25', 'ELEM26', 'ELEM27', 'ELEM28', 'ELEM29', 'ELEM30', 'ELEM31', 'ELEM32', 'ELEM33', 'ELEM34', 'ELEM35', 'ELEM36', 'ELEM37', 'ELEM38', 'ELEM39', 'ELEM40']
2025-02-24 15:24:13,020 - DEBUG - RHS values: {'ELEM1': 1.0, 'ELEM2': 1.0, 'ELEM3': 1.0, 'ELEM4': 1.0, 'ELEM5': 1.0, 'ELEM6': 1.0, 'ELEM7': 1.0, 'ELEM8': 1.0, 'ELEM9': 1.0, 'ELEM10': 1.0, 'ELEM11': 1.0, 'ELEM12': 1.0, 'ELEM13': 1.0, 'ELEM14': 1.0, 'ELEM15': 1.0, 'ELEM16': 1.0, 'ELEM17': 1.0, 'ELEM18': 1.0, 'ELEM19': 1.0, 'ELEM20': 1.0, 'ELEM21': 1.0, 'ELEM22': 1.0, 'ELEM23': 1.0, 'ELEM24': 1.0, 'ELEM25': 1.0, 'ELEM26': 1.0, 'ELEM27': 1.0, 'ELEM28': 1.0, 'ELEM29': 1.0, 'ELEM30': 1.0, 'ELEM31': 1.0, 'ELEM32': 1.0, 'ELEM33': 1.0, 'ELEM34': 1.0, 'ELEM35': 1.0, 'ELEM36': 1.0, 'ELEM37': 1.0, 'ELEM38': 1.0, 'ELEM39': 1.0, 'ELEM40': 1.0}
2025-02-24 15:24:13,032 - INFO -   Reference solution found:
2025-02-24 15:24:13,032 - INFO -     Solution: [1, 0, 0, 0, 1, 1, 1, 0, 0, 0, 0, 0]
2025-02-24 15:24:13,032 - INFO -     Value: 109.0
2025-02-24 15:24:13,032 - INFO - 
Running QAOA Reference Solution (with all constraints):
