2025-02-24 15:44:21,162 - INFO - 
Problem information:
2025-02-24 15:44:21,162 - INFO -   Number of variables (n): 12
2025-02-24 15:44:21,162 - INFO -   Number of constraints (m): 40
2025-02-24 15:44:21,163 - DEBUG -   Density of A: 19.79%
2025-02-24 15:44:21,163 - INFO - 
Starting reference QAOA with parameters:
2025-02-24 15:44:21,163 - INFO -   sample_size (total shots): 1000
2025-02-24 15:44:21,163 - INFO - Added all constraints
2025-02-24 15:44:21,164 - DEBUG - Generated Ising Hamiltonian
2025-02-24 15:44:21,404 - DEBUG - Optimizing QAOA circuit...
2025-02-24 15:44:26,437 - DEBUG - Circuit optimization successful
2025-02-24 15:44:26,437 - DEBUG - Circuit optimization successful, final value: -4471.673076923077
2025-02-24 15:44:26,437 - DEBUG - Sampling from optimized circuit...
2025-02-24 15:44:26,482 - DEBUG - Generated 795 unique samples from 1000 total measurements
2025-02-24 15:44:26,483 - DEBUG - 
Top 5 most frequent samples:
2025-02-24 15:44:26,483 - DEBUG -   Rank | Count |   %   
2025-02-24 15:44:26,483 - DEBUG -   -----|-------|-------
2025-02-24 15:44:26,483 - DEBUG -      1 |     8 |   0.8
2025-02-24 15:44:26,484 - DEBUG -     Sample: [0 1 1 0 1 0 0 0 0 1 0 1]
2025-02-24 15:44:26,484 - DEBUG -      2 |     7 |   0.7
2025-02-24 15:44:26,484 - DEBUG -     Sample: [0 0 1 0 0 1 0 1 0 0 0 1]
2025-02-24 15:44:26,485 - DEBUG -      3 |     4 |   0.4
2025-02-24 15:44:26,485 - DEBUG -     Sample: [0 1 0 0 0 1 1 1 1 0 0 1]
2025-02-24 15:44:26,485 - DEBUG -      4 |     4 |   0.4
2025-02-24 15:44:26,485 - DEBUG -     Sample: [0 1 0 0 1 1 1 0 1 0 1 1]
2025-02-24 15:44:26,485 - DEBUG -      5 |     4 |   0.4
2025-02-24 15:44:26,485 - DEBUG -     Sample: [0 1 1 1 0 1 0 1 0 0 1 0]
2025-02-24 15:44:26,487 - DEBUG - Generated 795 unique samples from 1000 total measurements
2025-02-24 15:44:26,503 - INFO - No feasible solution found
2025-02-24 15:44:26,504 - INFO -   QAOA solver found no feasible solution
2025-02-24 15:44:26,504 - INFO - 
Running Constraint Generation:
2025-02-24 15:44:26,506 - INFO - 
Problem information:
2025-02-24 15:44:26,506 - INFO -   Number of variables (n): 12
2025-02-24 15:44:26,507 - INFO -   Number of constraints (m): 40
2025-02-24 15:44:26,507 - DEBUG -   Density of A: 19.79%
2025-02-24 15:44:26,507 - INFO - 
Running classical reference solver:
2025-02-24 15:44:26,518 - INFO -   Reference solution found:
2025-02-24 15:44:26,519 - INFO -     Solution: [1, 0, 1, 0, 0, 0, 0, 0, 0, 0, 1, 1]
2025-02-24 15:44:26,519 - INFO -     Value: 258.0
2025-02-24 15:44:26,519 - INFO - 
Starting quantum constraint generation with parameters:
2025-02-24 15:44:26,519 - INFO -   sample_size (total shots): 1000
2025-02-24 15:44:26,519 - INFO -   tau: 0.1
2025-02-24 15:44:26,519 - INFO -   max_iters: 1000
2025-02-24 15:44:26,519 - INFO - 
Iteration 0:
2025-02-24 15:44:26,520 - DEBUG - Generated Ising Hamiltonian
2025-02-24 15:44:26,734 - DEBUG - Optimizing QAOA circuit...
2025-02-24 15:44:28,947 - DEBUG - Circuit optimization successful
2025-02-24 15:44:28,947 - DEBUG - Circuit optimization successful, final value: -188.9460539460539
2025-02-24 15:44:28,948 - DEBUG - Sampling from optimized circuit...
2025-02-24 15:44:28,971 - DEBUG - Generated 280 unique samples from 1000 total measurements
2025-02-24 15:44:28,971 - DEBUG - 
Top 5 most frequent samples:
2025-02-24 15:44:28,971 - DEBUG -   Rank | Count |   %   
2025-02-24 15:44:28,971 - DEBUG -   -----|-------|-------
2025-02-24 15:44:28,972 - DEBUG -      1 |    63 |   6.3
2025-02-24 15:44:28,972 - DEBUG -     Sample: [1 1 1 1 1 1 0 1 0 1 1 0]
2025-02-24 15:44:28,972 - DEBUG -      2 |    46 |   4.6
2025-02-24 15:44:28,973 - DEBUG -     Sample: [1 1 1 1 1 0 0 1 0 1 1 0]
2025-02-24 15:44:28,973 - DEBUG -      3 |    35 |   3.5
2025-02-24 15:44:28,974 - DEBUG -     Sample: [1 0 1 1 1 1 0 1 0 1 1 0]
2025-02-24 15:44:28,974 - DEBUG -      4 |    33 |   3.3
2025-02-24 15:44:28,974 - DEBUG -     Sample: [1 1 1 1 1 1 0 0 0 1 1 0]
2025-02-24 15:44:28,974 - DEBUG -      5 |    30 |   3.0
2025-02-24 15:44:28,975 - DEBUG -     Sample: [1 0 1 1 1 0 0 1 0 1 1 0]
2025-02-24 15:44:28,976 - DEBUG - Generated 280 unique samples from 1000 total measurements
2025-02-24 15:44:28,981 - INFO -   No feasible solution found in this iteration
2025-02-24 15:44:28,982 - INFO -   Added 1 new constraints: [4]
2025-02-24 15:44:28,982 - INFO - 
Iteration 1:
2025-02-24 15:44:28,983 - DEBUG - Generated Ising Hamiltonian
2025-02-24 15:44:29,318 - DEBUG - Optimizing QAOA circuit...
2025-02-24 15:44:31,768 - DEBUG - Circuit optimization successful
2025-02-24 15:44:31,768 - DEBUG - Circuit optimization successful, final value: -7431.90934065934
2025-02-24 15:44:31,769 - DEBUG - Sampling from optimized circuit...
2025-02-24 15:44:31,791 - DEBUG - Generated 298 unique samples from 1000 total measurements
2025-02-24 15:44:31,792 - DEBUG - 
Top 5 most frequent samples:
2025-02-24 15:44:31,792 - DEBUG -   Rank | Count |   %   
2025-02-24 15:44:31,792 - DEBUG -   -----|-------|-------
2025-02-24 15:44:31,793 - DEBUG -      1 |    49 |   4.9
2025-02-24 15:44:31,793 - DEBUG -     Sample: [0 0 1 0 0 0 0 0 1 1 1 0]
2025-02-24 15:44:31,793 - DEBUG -      2 |    48 |   4.8
2025-02-24 15:44:31,794 - DEBUG -     Sample: [0 1 1 0 0 0 0 0 1 1 1 0]
2025-02-24 15:44:31,794 - DEBUG -      3 |    34 |   3.4
2025-02-24 15:44:31,794 - DEBUG -     Sample: [0 1 1 0 0 0 0 0 1 1 0 0]
2025-02-24 15:44:31,794 - DEBUG -      4 |    29 |   2.9
2025-02-24 15:44:31,795 - DEBUG -     Sample: [0 0 1 0 0 0 0 0 1 1 0 0]
2025-02-24 15:44:31,795 - DEBUG -      5 |    26 |   2.6
2025-02-24 15:44:31,795 - DEBUG -     Sample: [0 0 1 0 0 0 0 0 0 1 1 0]
2025-02-24 15:44:31,796 - DEBUG - Generated 298 unique samples from 1000 total measurements
2025-02-24 15:44:31,802 - INFO -   No feasible solution found in this iteration
2025-02-24 15:44:31,803 - INFO -   Added 1 new constraints: [31]
2025-02-24 15:44:31,803 - INFO - 
Iteration 2:
2025-02-24 15:44:31,803 - DEBUG - Generated Ising Hamiltonian
2025-02-24 15:44:32,049 - DEBUG - Optimizing QAOA circuit...
2025-02-24 15:44:34,112 - DEBUG - Circuit optimization successful
2025-02-24 15:44:34,113 - DEBUG - Circuit optimization successful, final value: -6847.650599400599
2025-02-24 15:44:34,113 - DEBUG - Sampling from optimized circuit...
2025-02-24 15:44:34,137 - DEBUG - Generated 444 unique samples from 1000 total measurements
2025-02-24 15:44:34,137 - DEBUG - 
Top 5 most frequent samples:
2025-02-24 15:44:34,137 - DEBUG -   Rank | Count |   %   
2025-02-24 15:44:34,137 - DEBUG -   -----|-------|-------
2025-02-24 15:44:34,137 - DEBUG -      1 |    25 |   2.5
2025-02-24 15:44:34,138 - DEBUG -     Sample: [1 0 0 0 0 0 0 0 0 0 0 0]
2025-02-24 15:44:34,138 - DEBUG -      2 |    19 |   1.9
2025-02-24 15:44:34,138 - DEBUG -     Sample: [0 1 0 0 0 0 0 0 0 0 0 0]
2025-02-24 15:44:34,138 - DEBUG -      3 |    17 |   1.7
2025-02-24 15:44:34,138 - DEBUG -     Sample: [1 0 0 0 0 0 0 0 0 0 0 1]
2025-02-24 15:44:34,139 - DEBUG -      4 |    14 |   1.4
2025-02-24 15:44:34,139 - DEBUG -     Sample: [0 0 0 0 0 0 1 0 0 0 0 0]
2025-02-24 15:44:34,139 - DEBUG -      5 |    14 |   1.4
2025-02-24 15:44:34,139 - DEBUG -     Sample: [1 1 0 0 0 0 0 0 0 0 0 0]
2025-02-24 15:44:34,141 - DEBUG - Generated 444 unique samples from 1000 total measurements
2025-02-24 15:44:34,149 - INFO -   No feasible solution found in this iteration
2025-02-24 15:44:34,150 - INFO -   Added 2 new constraints: [13, 38]
2025-02-24 15:44:34,150 - INFO - 
Iteration 3:
2025-02-24 15:44:34,150 - DEBUG - Generated Ising Hamiltonian
2025-02-24 15:44:34,378 - DEBUG - Optimizing QAOA circuit...
2025-02-24 15:44:36,591 - DEBUG - Circuit optimization successful
2025-02-24 15:44:36,592 - DEBUG - Circuit optimization successful, final value: 4188.761488511489
2025-02-24 15:44:36,592 - DEBUG - Sampling from optimized circuit...
2025-02-24 15:44:36,628 - DEBUG - Generated 460 unique samples from 1000 total measurements
2025-02-24 15:44:36,628 - DEBUG - 
Top 5 most frequent samples:
2025-02-24 15:44:36,629 - DEBUG -   Rank | Count |   %   
2025-02-24 15:44:36,629 - DEBUG -   -----|-------|-------
2025-02-24 15:44:36,630 - DEBUG -      1 |    27 |   2.7
2025-02-24 15:44:36,631 - DEBUG -     Sample: [0 1 1 0 1 0 0 1 0 0 0 1]
2025-02-24 15:44:36,631 - DEBUG -      2 |    24 |   2.4
2025-02-24 15:44:36,631 - DEBUG -     Sample: [0 0 1 0 1 0 0 1 0 0 0 1]
2025-02-24 15:44:36,631 - DEBUG -      3 |    19 |   1.9
2025-02-24 15:44:36,632 - DEBUG -     Sample: [0 0 1 0 1 0 0 1 0 0 1 1]
2025-02-24 15:44:36,632 - DEBUG -      4 |    18 |   1.8
2025-02-24 15:44:36,632 - DEBUG -     Sample: [0 0 1 0 1 0 0 1 1 0 0 1]
2025-02-24 15:44:36,633 - DEBUG -      5 |    15 |   1.5
2025-02-24 15:44:36,633 - DEBUG -     Sample: [0 0 1 0 1 0 0 0 0 0 0 1]
2025-02-24 15:44:36,635 - DEBUG - Generated 460 unique samples from 1000 total measurements
2025-02-24 15:44:36,646 - INFO -   No feasible solution found in this iteration
2025-02-24 15:44:36,647 - INFO -   Added 1 new constraints: [39]
2025-02-24 15:44:36,647 - INFO - 
Iteration 4:
2025-02-24 15:44:36,647 - DEBUG - Generated Ising Hamiltonian
2025-02-24 15:44:36,908 - DEBUG - Optimizing QAOA circuit...
2025-02-24 15:44:39,994 - DEBUG - Circuit optimization successful
2025-02-24 15:44:39,995 - DEBUG - Circuit optimization successful, final value: -207.7929570429568
2025-02-24 15:44:39,995 - DEBUG - Sampling from optimized circuit...
2025-02-24 15:44:40,031 - DEBUG - Generated 697 unique samples from 1000 total measurements
2025-02-24 15:44:40,031 - DEBUG - 
Top 5 most frequent samples:
2025-02-24 15:44:40,032 - DEBUG -   Rank | Count |   %   
2025-02-24 15:44:40,032 - DEBUG -   -----|-------|-------
2025-02-24 15:44:40,032 - DEBUG -      1 |     9 |   0.9
2025-02-24 15:44:40,032 - DEBUG -     Sample: [0 0 1 0 0 0 0 1 0 0 1 1]
2025-02-24 15:44:40,032 - DEBUG -      2 |     7 |   0.7
2025-02-24 15:44:40,033 - DEBUG -     Sample: [1 0 1 0 0 0 0 1 0 0 1 1]
2025-02-24 15:44:40,033 - DEBUG -      3 |     6 |   0.6
2025-02-24 15:44:40,033 - DEBUG -     Sample: [0 0 1 0 1 0 1 1 0 0 1 1]
2025-02-24 15:44:40,033 - DEBUG -      4 |     6 |   0.6
2025-02-24 15:44:40,033 - DEBUG -     Sample: [0 0 1 0 0 0 1 1 0 0 0 1]
2025-02-24 15:44:40,034 - DEBUG -      5 |     6 |   0.6
2025-02-24 15:44:40,034 - DEBUG -     Sample: [0 0 1 0 0 0 1 1 0 1 1 1]
2025-02-24 15:44:40,036 - DEBUG - Generated 697 unique samples from 1000 total measurements
2025-02-24 15:44:40,053 - INFO -   No feasible solution found in this iteration
2025-02-24 15:44:40,054 - INFO -   No new constraints added, lowered tau multiplier: 1.0 -> 0.9
2025-02-24 15:44:40,054 - INFO -   Added 1 new constraints: [32]
2025-02-24 15:44:40,054 - INFO - 
Iteration 5:
2025-02-24 15:44:40,054 - DEBUG - Generated Ising Hamiltonian
2025-02-24 15:44:40,332 - DEBUG - Optimizing QAOA circuit...
2025-02-24 15:44:43,407 - DEBUG - Circuit optimization successful
2025-02-24 15:44:43,408 - DEBUG - Circuit optimization successful, final value: -1867.6436063936071
2025-02-24 15:44:43,408 - DEBUG - Sampling from optimized circuit...
2025-02-24 15:44:43,438 - DEBUG - Generated 461 unique samples from 1000 total measurements
2025-02-24 15:44:43,439 - DEBUG - 
Top 5 most frequent samples:
2025-02-24 15:44:43,439 - DEBUG -   Rank | Count |   %   
2025-02-24 15:44:43,439 - DEBUG -   -----|-------|-------
2025-02-24 15:44:43,440 - DEBUG -      1 |    22 |   2.2
2025-02-24 15:44:43,440 - DEBUG -     Sample: [1 1 1 1 1 1 1 0 0 0 0 0]
2025-02-24 15:44:43,440 - DEBUG -      2 |    17 |   1.7
2025-02-24 15:44:43,441 - DEBUG -     Sample: [1 1 1 1 1 1 0 0 0 0 0 0]
2025-02-24 15:44:43,441 - DEBUG -      3 |    15 |   1.5
2025-02-24 15:44:43,441 - DEBUG -     Sample: [1 0 1 1 1 0 1 0 0 0 0 0]
2025-02-24 15:44:43,441 - DEBUG -      4 |    14 |   1.4
2025-02-24 15:44:43,442 - DEBUG -     Sample: [1 0 1 1 0 0 0 0 0 0 0 0]
2025-02-24 15:44:43,442 - DEBUG -      5 |    14 |   1.4
2025-02-24 15:44:43,442 - DEBUG -     Sample: [1 0 0 1 1 1 0 0 0 0 0 0]
2025-02-24 15:44:43,444 - DEBUG - Generated 461 unique samples from 1000 total measurements
2025-02-24 15:44:43,452 - INFO -   No feasible solution found in this iteration
2025-02-24 15:44:43,452 - INFO -   Added 1 new constraints: [26]
2025-02-24 15:44:43,452 - INFO - 
Iteration 6:
2025-02-24 15:44:43,453 - DEBUG - Generated Ising Hamiltonian
2025-02-24 15:44:43,690 - DEBUG - Optimizing QAOA circuit...
2025-02-24 15:44:46,859 - DEBUG - Circuit optimization successful
2025-02-24 15:44:46,860 - DEBUG - Circuit optimization successful, final value: 3256.439310689311
2025-02-24 15:44:46,860 - DEBUG - Sampling from optimized circuit...
2025-02-24 15:44:46,894 - DEBUG - Generated 221 unique samples from 1000 total measurements
2025-02-24 15:44:46,894 - DEBUG - 
Top 5 most frequent samples:
2025-02-24 15:44:46,895 - DEBUG -   Rank | Count |   %   
2025-02-24 15:44:46,895 - DEBUG -   -----|-------|-------
2025-02-24 15:44:46,895 - DEBUG -      1 |   110 |  11.0
2025-02-24 15:44:46,895 - DEBUG -     Sample: [0 1 0 0 0 1 0 1 0 1 1 0]
2025-02-24 15:44:46,895 - DEBUG -      2 |    74 |   7.4
2025-02-24 15:44:46,895 - DEBUG -     Sample: [0 1 0 0 0 1 0 1 0 1 1 1]
2025-02-24 15:44:46,896 - DEBUG -      3 |    49 |   4.9
2025-02-24 15:44:46,896 - DEBUG -     Sample: [0 1 0 0 0 1 0 1 1 1 1 0]
2025-02-24 15:44:46,896 - DEBUG -      4 |    42 |   4.2
2025-02-24 15:44:46,896 - DEBUG -     Sample: [0 1 0 0 0 1 0 1 1 1 1 1]
2025-02-24 15:44:46,896 - DEBUG -      5 |    35 |   3.5
2025-02-24 15:44:46,897 - DEBUG -     Sample: [0 1 0 0 0 1 0 0 0 1 1 0]
2025-02-24 15:44:46,898 - DEBUG - Generated 221 unique samples from 1000 total measurements
2025-02-24 15:44:46,902 - INFO -   No feasible solution found in this iteration
2025-02-24 15:44:46,903 - INFO -   No new constraints added, lowered tau multiplier: 1.0 -> 0.9
2025-02-24 15:44:46,904 - INFO -   Added 2 new constraints: [5, 25]
2025-02-24 15:44:46,904 - INFO - 
Iteration 7:
2025-02-24 15:44:46,904 - DEBUG - Generated Ising Hamiltonian
2025-02-24 15:44:47,135 - DEBUG - Optimizing QAOA circuit...
2025-02-24 15:44:50,032 - DEBUG - Circuit optimization successful
2025-02-24 15:44:50,033 - DEBUG - Circuit optimization successful, final value: -21071.524225774225
2025-02-24 15:44:50,033 - DEBUG - Sampling from optimized circuit...
2025-02-24 15:44:50,072 - DEBUG - Generated 454 unique samples from 1000 total measurements
2025-02-24 15:44:50,073 - DEBUG - 
Top 5 most frequent samples:
2025-02-24 15:44:50,073 - DEBUG -   Rank | Count |   %   
2025-02-24 15:44:50,073 - DEBUG -   -----|-------|-------
2025-02-24 15:44:50,073 - DEBUG -      1 |    24 |   2.4
2025-02-24 15:44:50,074 - DEBUG -     Sample: [0 0 1 1 0 0 1 1 1 0 0 0]
2025-02-24 15:44:50,074 - DEBUG -      2 |    21 |   2.1
2025-02-24 15:44:50,074 - DEBUG -     Sample: [0 0 1 1 0 1 1 1 1 0 0 0]
2025-02-24 15:44:50,074 - DEBUG -      3 |    16 |   1.6
2025-02-24 15:44:50,074 - DEBUG -     Sample: [0 0 0 1 0 1 1 1 1 0 0 0]
2025-02-24 15:44:50,074 - DEBUG -      4 |    14 |   1.4
2025-02-24 15:44:50,075 - DEBUG -     Sample: [0 1 0 1 0 0 1 0 1 0 0 0]
2025-02-24 15:44:50,075 - DEBUG -      5 |    14 |   1.4
2025-02-24 15:44:50,075 - DEBUG -     Sample: [0 0 1 1 0 1 1 1 1 0 1 0]
2025-02-24 15:44:50,076 - DEBUG - Generated 454 unique samples from 1000 total measurements
2025-02-24 15:44:50,087 - INFO -   No feasible solution found in this iteration
2025-02-24 15:44:50,088 - INFO -   No new constraints added, lowered tau multiplier: 1.0 -> 0.9
2025-02-24 15:44:50,088 - INFO -   Added 1 new constraints: [34]
2025-02-24 15:44:50,088 - INFO - 
Iteration 8:
2025-02-24 15:44:50,089 - DEBUG - Generated Ising Hamiltonian
2025-02-24 15:44:50,321 - DEBUG - Optimizing QAOA circuit...
2025-02-24 15:44:53,620 - DEBUG - Circuit optimization successful
2025-02-24 15:44:53,622 - DEBUG - Circuit optimization successful, final value: 2076.3733766233768
2025-02-24 15:44:53,622 - DEBUG - Sampling from optimized circuit...
2025-02-24 15:44:53,667 - DEBUG - Generated 577 unique samples from 1000 total measurements
2025-02-24 15:44:53,667 - DEBUG - 
Top 5 most frequent samples:
2025-02-24 15:44:53,667 - DEBUG -   Rank | Count |   %   
2025-02-24 15:44:53,668 - DEBUG -   -----|-------|-------
2025-02-24 15:44:53,668 - DEBUG -      1 |    19 |   1.9
2025-02-24 15:44:53,668 - DEBUG -     Sample: [0 0 1 0 0 1 1 1 1 0 1 0]
2025-02-24 15:44:53,668 - DEBUG -      2 |    19 |   1.9
2025-02-24 15:44:53,668 - DEBUG -     Sample: [0 0 1 1 0 1 1 1 1 0 1 0]
2025-02-24 15:44:53,669 - DEBUG -      3 |    18 |   1.8
2025-02-24 15:44:53,669 - DEBUG -     Sample: [0 0 1 0 0 1 1 1 0 0 1 0]
2025-02-24 15:44:53,669 - DEBUG -      4 |    12 |   1.2
2025-02-24 15:44:53,669 - DEBUG -     Sample: [0 0 0 0 0 1 1 1 1 0 1 0]
2025-02-24 15:44:53,669 - DEBUG -      5 |    11 |   1.1
2025-02-24 15:44:53,670 - DEBUG -     Sample: [0 0 0 1 0 1 1 1 1 0 1 0]
2025-02-24 15:44:53,672 - DEBUG - Generated 577 unique samples from 1000 total measurements
2025-02-24 15:44:53,684 - INFO -   No feasible solution found in this iteration
2025-02-24 15:44:53,685 - INFO -   No new constraints added, lowered tau multiplier: 1.0 -> 0.9
2025-02-24 15:44:53,685 - INFO -   No new constraints added, lowered tau multiplier: 0.9 -> 0.8
2025-02-24 15:44:53,685 - INFO -   Added 4 new constraints: [1, 8, 19, 23]
2025-02-24 15:44:53,685 - INFO - 
Iteration 9:
2025-02-24 15:44:53,685 - DEBUG - Generated Ising Hamiltonian
2025-02-24 15:44:53,904 - DEBUG - Optimizing QAOA circuit...
2025-02-24 15:44:57,153 - DEBUG - Circuit optimization successful
2025-02-24 15:44:57,153 - DEBUG - Circuit optimization successful, final value: 15148.584665334663
2025-02-24 15:44:57,153 - DEBUG - Sampling from optimized circuit...
2025-02-24 15:44:57,193 - DEBUG - Generated 630 unique samples from 1000 total measurements
2025-02-24 15:44:57,194 - DEBUG - 
Top 5 most frequent samples:
2025-02-24 15:44:57,194 - DEBUG -   Rank | Count |   %   
2025-02-24 15:44:57,194 - DEBUG -   -----|-------|-------
2025-02-24 15:44:57,194 - DEBUG -      1 |    10 |   1.0
2025-02-24 15:44:57,194 - DEBUG -     Sample: [0 1 0 0 1 1 1 1 1 0 0 0]
2025-02-24 15:44:57,194 - DEBUG -      2 |     8 |   0.8
2025-02-24 15:44:57,195 - DEBUG -     Sample: [1 0 1 1 1 0 1 1 1 0 1 0]
2025-02-24 15:44:57,195 - DEBUG -      3 |     7 |   0.7
2025-02-24 15:44:57,195 - DEBUG -     Sample: [1 0 1 0 1 1 0 1 1 0 1 0]
2025-02-24 15:44:57,195 - DEBUG -      4 |     7 |   0.7
2025-02-24 15:44:57,195 - DEBUG -     Sample: [1 1 0 0 1 0 1 1 1 0 1 0]
2025-02-24 15:44:57,195 - DEBUG -      5 |     7 |   0.7
2025-02-24 15:44:57,196 - DEBUG -     Sample: [0 0 1 0 1 1 0 1 1 0 1 0]
2025-02-24 15:44:57,199 - DEBUG - Generated 630 unique samples from 1000 total measurements
2025-02-24 15:44:57,208 - INFO - Found feasible solution: [0 0 0 1 1 0 1 1 1 1 0 0] with objective value 282.0
2025-02-24 15:44:57,213 - INFO -   Found feasible solution:
2025-02-24 15:44:57,213 - INFO -     Solution: [0, 0, 0, 1, 1, 0, 1, 1, 1, 1, 0, 0]
2025-02-24 15:44:57,213 - INFO -     Value: 282.0
2025-02-24 15:44:57,214 - INFO -     Gap to reference: 9.30%
2025-02-24 15:44:57,215 - INFO -   Constraint generation solution found:
2025-02-24 15:44:57,215 - INFO -     Solution: [0, 0, 0, 1, 1, 0, 1, 1, 1, 1, 0, 0]
2025-02-24 15:44:57,215 - INFO -     Value: 282.0
2025-02-24 15:44:57,215 - INFO - 
Instance 75 results:
2025-02-24 15:44:57,215 - INFO -   Classical value: 258.0
2025-02-24 15:44:57,215 - INFO -   QAOA value: 0.0
2025-02-24 15:44:57,215 - INFO -   Constraint generation value: 282.0
2025-02-24 15:44:57,216 - INFO - 
Running instance 76/100
2025-02-24 15:44:57,218 - INFO - 
Running Classical Reference Solver (SCIP):
2025-02-24 15:44:57,219 - DEBUG - Problem dimensions: 40 constraints, 12 variables
2025-02-24 15:44:57,219 - DEBUG - Row names: ['ELEM1', 'ELEM2', 'ELEM3', 'ELEM4', 'ELEM5', 'ELEM6', 'ELEM7', 'ELEM8', 'ELEM9', 'ELEM10', 'ELEM11', 'ELEM12', 'ELEM13', 'ELEM14', 'ELEM15', 'ELEM16', 'ELEM17', 'ELEM18', 'ELEM19', 'ELEM20', 'ELEM21', 'ELEM22', 'ELEM23', 'ELEM24', 'ELEM25', 'ELEM26', 'ELEM27', 'ELEM28', 'ELEM29', 'ELEM30', 'ELEM31', 'ELEM32', 'ELEM33', 'ELEM34', 'ELEM35', 'ELEM36', 'ELEM37', 'ELEM38', 'ELEM39', 'ELEM40']
2025-02-24 15:44:57,220 - DEBUG - RHS values: {'ELEM1': 1.0, 'ELEM2': 1.0, 'ELEM3': 1.0, 'ELEM4': 1.0, 'ELEM5': 1.0, 'ELEM6': 1.0, 'ELEM7': 1.0, 'ELEM8': 1.0, 'ELEM9': 1.0, 'ELEM10': 1.0, 'ELEM11': 1.0, 'ELEM12': 1.0, 'ELEM13': 1.0, 'ELEM14': 1.0, 'ELEM15': 1.0, 'ELEM16': 1.0, 'ELEM17': 1.0, 'ELEM18': 1.0, 'ELEM19': 1.0, 'ELEM20': 1.0, 'ELEM21': 1.0, 'ELEM22': 1.0, 'ELEM23': 1.0, 'ELEM24': 1.0, 'ELEM25': 1.0, 'ELEM26': 1.0, 'ELEM27': 1.0, 'ELEM28': 1.0, 'ELEM29': 1.0, 'ELEM30': 1.0, 'ELEM31': 1.0, 'ELEM32': 1.0, 'ELEM33': 1.0, 'ELEM34': 1.0, 'ELEM35': 1.0, 'ELEM36': 1.0, 'ELEM37': 1.0, 'ELEM38': 1.0, 'ELEM39': 1.0, 'ELEM40': 1.0}
2025-02-24 15:44:57,235 - INFO -   Reference solution found:
2025-02-24 15:44:57,235 - INFO -     Solution: [1, 0, 0, 1, 0, 0, 0, 0, 0, 1, 0, 0]
2025-02-24 15:44:57,235 - INFO -     Value: 116.0
2025-02-24 15:44:57,235 - INFO - 
Running QAOA Reference Solution (with all constraints):
