2025-02-24 14:50:05,470 - INFO - 
Problem information:
2025-02-24 14:50:05,470 - INFO -   Number of variables (n): 12
2025-02-24 14:50:05,470 - INFO -   Number of constraints (m): 40
2025-02-24 14:50:05,470 - DEBUG -   Density of A: 25.00%
2025-02-24 14:50:05,470 - INFO - 
Starting reference QAOA with parameters:
2025-02-24 14:50:05,470 - INFO -   sample_size (total shots): 1000
2025-02-24 14:50:05,470 - INFO - Added all constraints
2025-02-24 14:50:05,471 - DEBUG - Generated Ising Hamiltonian
2025-02-24 14:50:05,635 - DEBUG - Optimizing QAOA circuit...
2025-02-24 14:50:09,419 - DEBUG - Circuit optimization successful
2025-02-24 14:50:09,420 - DEBUG - Circuit optimization successful, final value: -27460.610389610385
2025-02-24 14:50:09,420 - DEBUG - Sampling from optimized circuit...
2025-02-24 14:50:09,464 - DEBUG - Generated 679 unique samples from 1000 total measurements
2025-02-24 14:50:09,465 - DEBUG - 
Top 5 most frequent samples:
2025-02-24 14:50:09,465 - DEBUG -   Rank | Count |   %   
2025-02-24 14:50:09,465 - DEBUG -   -----|-------|-------
2025-02-24 14:50:09,465 - DEBUG -      1 |     9 |   0.9
2025-02-24 14:50:09,466 - DEBUG -     Sample: [1 1 1 1 1 0 0 1 0 0 1 1]
2025-02-24 14:50:09,466 - DEBUG -      2 |     7 |   0.7
2025-02-24 14:50:09,466 - DEBUG -     Sample: [1 0 0 1 1 0 0 0 0 0 1 1]
2025-02-24 14:50:09,466 - DEBUG -      3 |     7 |   0.7
2025-02-24 14:50:09,466 - DEBUG -     Sample: [0 0 0 0 1 0 1 1 0 0 0 1]
2025-02-24 14:50:09,466 - DEBUG -      4 |     7 |   0.7
2025-02-24 14:50:09,467 - DEBUG -     Sample: [1 1 0 0 1 0 0 1 0 0 0 1]
2025-02-24 14:50:09,467 - DEBUG -      5 |     7 |   0.7
2025-02-24 14:50:09,467 - DEBUG -     Sample: [1 0 0 0 1 0 1 0 0 0 1 0]
2025-02-24 14:50:09,468 - DEBUG - Generated 679 unique samples from 1000 total measurements
2025-02-24 14:50:09,478 - INFO - No feasible solution found
2025-02-24 14:50:09,479 - INFO -   QAOA solver found no feasible solution
2025-02-24 14:50:09,479 - INFO - 
Running Constraint Generation:
2025-02-24 14:50:09,480 - INFO - 
Problem information:
2025-02-24 14:50:09,480 - INFO -   Number of variables (n): 12
2025-02-24 14:50:09,481 - INFO -   Number of constraints (m): 40
2025-02-24 14:50:09,481 - DEBUG -   Density of A: 25.00%
2025-02-24 14:50:09,481 - INFO - 
Running classical reference solver:
2025-02-24 14:50:09,491 - INFO -   Reference solution found:
2025-02-24 14:50:09,491 - INFO -     Solution: [1, 1, 0, 0, 0, 1, 0, 0, 0, 0, 1, 0]
2025-02-24 14:50:09,492 - INFO -     Value: 159.0
2025-02-24 14:50:09,492 - INFO - 
Starting quantum constraint generation with parameters:
2025-02-24 14:50:09,492 - INFO -   sample_size (total shots): 1000
2025-02-24 14:50:09,492 - INFO -   tau: 0.1
2025-02-24 14:50:09,492 - INFO -   max_iters: 1000
2025-02-24 14:50:09,493 - INFO - 
Iteration 0:
2025-02-24 14:50:09,493 - DEBUG - Generated Ising Hamiltonian
2025-02-24 14:50:09,494 - DEBUG - Optimizing QAOA circuit...
2025-02-24 14:50:14,506 - WARNING - Circuit optimization did not converge
2025-02-24 14:50:14,507 - WARNING - Circuit optimization did not converge
2025-02-24 14:50:14,508 - DEBUG - Sampling from optimized circuit...
2025-02-24 14:50:14,569 - DEBUG - Generated 16 unique samples from 1000 total measurements
2025-02-24 14:50:14,570 - DEBUG - 
Top 5 most frequent samples:
2025-02-24 14:50:14,570 - DEBUG -   Rank | Count |   %   
2025-02-24 14:50:14,570 - DEBUG -   -----|-------|-------
2025-02-24 14:50:14,570 - DEBUG -      1 |   262 |  26.2
2025-02-24 14:50:14,570 - DEBUG -     Sample: [0 0 0 0 0 0 0 0 1 1 1 0]
2025-02-24 14:50:14,570 - DEBUG -      2 |   190 |  19.0
2025-02-24 14:50:14,571 - DEBUG -     Sample: [0 0 0 0 0 0 0 0 1 1 1 1]
2025-02-24 14:50:14,571 - DEBUG -      3 |   132 |  13.2
2025-02-24 14:50:14,571 - DEBUG -     Sample: [0 0 0 0 0 0 0 0 1 1 0 0]
2025-02-24 14:50:14,571 - DEBUG -      4 |    87 |   8.7
2025-02-24 14:50:14,571 - DEBUG -     Sample: [0 0 0 0 0 0 0 0 1 1 0 1]
2025-02-24 14:50:14,571 - DEBUG -      5 |    62 |   6.2
2025-02-24 14:50:14,571 - DEBUG -     Sample: [0 0 0 0 0 0 0 0 0 1 1 0]
2025-02-24 14:50:14,571 - DEBUG - Generated 16 unique samples from 1000 total measurements
2025-02-24 14:50:14,572 - INFO -   No feasible solution found in this iteration
2025-02-24 14:50:14,572 - INFO -   Added 11 new constraints: [5, 9, 16, 17, 20, 23, 25, 27, 29, 32, 33]
2025-02-24 14:50:14,572 - INFO - 
Iteration 1:
2025-02-24 14:50:14,572 - DEBUG - Generated Ising Hamiltonian
2025-02-24 14:50:14,574 - DEBUG - Optimizing QAOA circuit...
2025-02-24 14:50:24,218 - WARNING - Circuit optimization did not converge
2025-02-24 14:50:24,218 - WARNING - Circuit optimization did not converge
2025-02-24 14:50:24,218 - DEBUG - Sampling from optimized circuit...
2025-02-24 14:50:24,271 - DEBUG - Generated 16 unique samples from 1000 total measurements
2025-02-24 14:50:24,271 - DEBUG - 
Top 5 most frequent samples:
2025-02-24 14:50:24,271 - DEBUG -   Rank | Count |   %   
2025-02-24 14:50:24,271 - DEBUG -   -----|-------|-------
2025-02-24 14:50:24,271 - DEBUG -      1 |   220 |  22.0
2025-02-24 14:50:24,271 - DEBUG -     Sample: [0 0 0 0 0 0 0 0 1 1 0 0]
2025-02-24 14:50:24,271 - DEBUG -      2 |   157 |  15.7
2025-02-24 14:50:24,272 - DEBUG -     Sample: [0 0 0 0 0 0 0 0 1 1 0 1]
2025-02-24 14:50:24,272 - DEBUG -      3 |   143 |  14.3
2025-02-24 14:50:24,272 - DEBUG -     Sample: [0 0 0 0 0 0 0 0 0 1 0 1]
2025-02-24 14:50:24,272 - DEBUG -      4 |   140 |  14.0
2025-02-24 14:50:24,272 - DEBUG -     Sample: [0 0 0 0 0 0 0 0 0 1 0 0]
2025-02-24 14:50:24,272 - DEBUG -      5 |    54 |   5.4
2025-02-24 14:50:24,272 - DEBUG -     Sample: [0 0 0 0 0 0 0 0 1 0 0 0]
2025-02-24 14:50:24,272 - DEBUG - Generated 16 unique samples from 1000 total measurements
2025-02-24 14:50:24,273 - INFO -   No feasible solution found in this iteration
2025-02-24 14:50:24,273 - INFO -   No new constraints added, lowered tau multiplier: 1.0 -> 0.9
2025-02-24 14:50:24,273 - INFO -   No new constraints added, lowered tau multiplier: 0.9 -> 0.8
2025-02-24 14:50:24,273 - INFO -   No new constraints added, lowered tau multiplier: 0.8 -> 0.7
2025-02-24 14:50:24,273 - INFO -   No new constraints added, lowered tau multiplier: 0.7 -> 0.6
2025-02-24 14:50:24,273 - INFO -   No new constraints added, lowered tau multiplier: 0.6 -> 0.5
2025-02-24 14:50:24,274 - INFO -   No new constraints added, lowered tau multiplier: 0.5 -> 0.4
2025-02-24 14:50:24,274 - INFO -   Added 29 new constraints: [0, 1, 2, 3, 4, 6, 7, 8, 10, 11, 12, 13, 14, 15, 18, 19, 21, 22, 24, 26, 28, 30, 31, 34, 35, 36, 37, 38, 39]
2025-02-24 14:50:24,274 - INFO - 
Iteration 2:
2025-02-24 14:50:24,274 - DEBUG - Generated Ising Hamiltonian
2025-02-24 14:50:24,276 - DEBUG - Optimizing QAOA circuit...
2025-02-24 14:50:35,623 - WARNING - Circuit optimization did not converge
2025-02-24 14:50:35,623 - WARNING - Circuit optimization did not converge
2025-02-24 14:50:35,624 - DEBUG - Sampling from optimized circuit...
2025-02-24 14:50:35,687 - DEBUG - Generated 16 unique samples from 1000 total measurements
2025-02-24 14:50:35,687 - DEBUG - 
Top 5 most frequent samples:
2025-02-24 14:50:35,687 - DEBUG -   Rank | Count |   %   
2025-02-24 14:50:35,688 - DEBUG -   -----|-------|-------
2025-02-24 14:50:35,688 - DEBUG -      1 |    94 |   9.4
2025-02-24 14:50:35,688 - DEBUG -     Sample: [0 0 0 0 0 0 0 0 0 1 0 1]
2025-02-24 14:50:35,688 - DEBUG -      2 |    94 |   9.4
2025-02-24 14:50:35,688 - DEBUG -     Sample: [0 0 0 0 0 0 0 0 0 0 0 1]
2025-02-24 14:50:35,688 - DEBUG -      3 |    91 |   9.1
2025-02-24 14:50:35,688 - DEBUG -     Sample: [0 0 0 0 0 0 0 0 0 1 0 0]
2025-02-24 14:50:35,688 - DEBUG -      4 |    80 |   8.0
2025-02-24 14:50:35,688 - DEBUG -     Sample: [0 0 0 0 0 0 0 0 0 1 1 0]
2025-02-24 14:50:35,688 - DEBUG -      5 |    76 |   7.6
2025-02-24 14:50:35,688 - DEBUG -     Sample: [0 0 0 0 0 0 0 0 0 0 1 0]
2025-02-24 14:50:35,689 - DEBUG - Generated 16 unique samples from 1000 total measurements
2025-02-24 14:50:35,689 - INFO -   No feasible solution found in this iteration
2025-02-24 14:50:35,689 - INFO -   All constraints added, exiting
2025-02-24 14:50:35,689 - INFO -   Constraint generation found no feasible solution
2025-02-24 14:50:35,689 - INFO - 
Instance 67 results:
2025-02-24 14:50:35,689 - INFO -   Classical value: 159.0
2025-02-24 14:50:35,689 - INFO -   QAOA value: 0.0
2025-02-24 14:50:35,689 - INFO -   Constraint generation value: 0.0
2025-02-24 14:50:35,690 - INFO - 
Running instance 68/100
2025-02-24 14:50:35,691 - INFO - 
Running Classical Reference Solver (SCIP):
2025-02-24 14:50:35,691 - DEBUG - Problem dimensions: 40 constraints, 12 variables
2025-02-24 14:50:35,691 - DEBUG - Row names: ['ELEM1', 'ELEM2', 'ELEM3', 'ELEM4', 'ELEM5', 'ELEM6', 'ELEM7', 'ELEM8', 'ELEM9', 'ELEM10', 'ELEM11', 'ELEM12', 'ELEM13', 'ELEM14', 'ELEM15', 'ELEM16', 'ELEM17', 'ELEM18', 'ELEM19', 'ELEM20', 'ELEM21', 'ELEM22', 'ELEM23', 'ELEM24', 'ELEM25', 'ELEM26', 'ELEM27', 'ELEM28', 'ELEM29', 'ELEM30', 'ELEM31', 'ELEM32', 'ELEM33', 'ELEM34', 'ELEM35', 'ELEM36', 'ELEM37', 'ELEM38', 'ELEM39', 'ELEM40']
2025-02-24 14:50:35,691 - DEBUG - RHS values: {'ELEM1': 1.0, 'ELEM2': 1.0, 'ELEM3': 1.0, 'ELEM4': 1.0, 'ELEM5': 1.0, 'ELEM6': 1.0, 'ELEM7': 1.0, 'ELEM8': 1.0, 'ELEM9': 1.0, 'ELEM10': 1.0, 'ELEM11': 1.0, 'ELEM12': 1.0, 'ELEM13': 1.0, 'ELEM14': 1.0, 'ELEM15': 1.0, 'ELEM16': 1.0, 'ELEM17': 1.0, 'ELEM18': 1.0, 'ELEM19': 1.0, 'ELEM20': 1.0, 'ELEM21': 1.0, 'ELEM22': 1.0, 'ELEM23': 1.0, 'ELEM24': 1.0, 'ELEM25': 1.0, 'ELEM26': 1.0, 'ELEM27': 1.0, 'ELEM28': 1.0, 'ELEM29': 1.0, 'ELEM30': 1.0, 'ELEM31': 1.0, 'ELEM32': 1.0, 'ELEM33': 1.0, 'ELEM34': 1.0, 'ELEM35': 1.0, 'ELEM36': 1.0, 'ELEM37': 1.0, 'ELEM38': 1.0, 'ELEM39': 1.0, 'ELEM40': 1.0}
2025-02-24 14:50:35,700 - INFO -   Reference solution found:
2025-02-24 14:50:35,700 - INFO -     Solution: [0, 0, 0, 0, 0, 0, 0, 1, 0, 0, 1, 1]
2025-02-24 14:50:35,700 - INFO -     Value: 116.0
2025-02-24 14:50:35,700 - INFO - 
Running QAOA Reference Solution (with all constraints):
