2025-02-23 17:51:36,022 - INFO - 
Problem information:
2025-02-23 17:51:36,022 - INFO -   Number of variables (n): 12
2025-02-23 17:51:36,022 - INFO -   Number of constraints (m): 40
2025-02-23 17:51:36,022 - DEBUG -   Density of A: 17.92%
2025-02-23 17:51:36,022 - INFO - 
Starting reference QAOA with parameters:
2025-02-23 17:51:36,022 - INFO -   sample_size (total shots): 200
2025-02-23 17:51:36,023 - INFO - Added all constraints
2025-02-23 17:51:36,023 - DEBUG - Generated Ising Hamiltonian
2025-02-23 17:51:36,241 - DEBUG - Optimizing QAOA circuit...
2025-02-23 17:51:38,645 - DEBUG - Circuit optimization successful
2025-02-23 17:51:38,645 - DEBUG - Circuit optimization successful, final value: -399.82317682317677
2025-02-23 17:51:38,645 - DEBUG - Sampling from optimized circuit...
2025-02-23 17:51:38,663 - DEBUG - Generated 196 unique samples from 200 total measurements
2025-02-23 17:51:38,663 - DEBUG - 
Top 5 most frequent samples:
2025-02-23 17:51:38,664 - DEBUG -   Rank | Count |   %   
2025-02-23 17:51:38,664 - DEBUG -   -----|-------|-------
2025-02-23 17:51:38,664 - DEBUG -      1 |     2 |   1.0
2025-02-23 17:51:38,664 - DEBUG -     Sample: [0 1 0 0 1 0 1 0 1 0 0 1]
2025-02-23 17:51:38,664 - DEBUG -      2 |     2 |   1.0
2025-02-23 17:51:38,664 - DEBUG -     Sample: [1 0 0 1 1 0 1 0 1 0 1 0]
2025-02-23 17:51:38,665 - DEBUG -      3 |     2 |   1.0
2025-02-23 17:51:38,665 - DEBUG -     Sample: [0 0 0 1 1 0 1 0 1 0 1 1]
2025-02-23 17:51:38,665 - DEBUG -      4 |     2 |   1.0
2025-02-23 17:51:38,665 - DEBUG -     Sample: [0 0 0 0 1 0 1 1 0 1 0 0]
2025-02-23 17:51:38,665 - DEBUG -      5 |     1 |   0.5
2025-02-23 17:51:38,666 - DEBUG -     Sample: [0 1 0 0 1 1 0 1 0 1 0 0]
2025-02-23 17:51:38,667 - DEBUG - Generated 196 unique samples from 200 total measurements
2025-02-23 17:51:38,671 - INFO - No feasible solution found
2025-02-23 17:51:38,671 - INFO -   QAOA solver found no feasible solution
2025-02-23 17:51:38,671 - INFO - 
Running Constraint Generation:
2025-02-23 17:51:38,673 - INFO - 
Problem information:
2025-02-23 17:51:38,673 - INFO -   Number of variables (n): 12
2025-02-23 17:51:38,673 - INFO -   Number of constraints (m): 40
2025-02-23 17:51:38,673 - DEBUG -   Density of A: 17.92%
2025-02-23 17:51:38,673 - INFO - 
Running classical reference solver:
2025-02-23 17:51:38,684 - INFO -   Reference solution found:
2025-02-23 17:51:38,685 - INFO -     Solution: [1, 0, 1, 1, 0, 1, 0, 1, 0, 0, 0, 0]
2025-02-23 17:51:38,685 - INFO -     Value: 238.0
2025-02-23 17:51:38,685 - INFO - 
Starting quantum constraint generation with parameters:
2025-02-23 17:51:38,685 - INFO -   sample_size (total shots): 200
2025-02-23 17:51:38,685 - INFO -   tau: 0.1
2025-02-23 17:51:38,685 - INFO -   max_iters: 1000
2025-02-23 17:51:38,685 - INFO - 
Iteration 0:
2025-02-23 17:51:38,686 - DEBUG - Generated Ising Hamiltonian
2025-02-23 17:51:38,909 - DEBUG - Optimizing QAOA circuit...
2025-02-23 17:51:40,023 - DEBUG - Circuit optimization successful
2025-02-23 17:51:40,023 - DEBUG - Circuit optimization successful, final value: -133.971028971029
2025-02-23 17:51:40,024 - DEBUG - Sampling from optimized circuit...
2025-02-23 17:51:40,040 - DEBUG - Generated 101 unique samples from 200 total measurements
2025-02-23 17:51:40,040 - DEBUG - 
Top 5 most frequent samples:
2025-02-23 17:51:40,040 - DEBUG -   Rank | Count |   %   
2025-02-23 17:51:40,040 - DEBUG -   -----|-------|-------
2025-02-23 17:51:40,040 - DEBUG -      1 |    19 |   9.5
2025-02-23 17:51:40,041 - DEBUG -     Sample: [0 0 1 1 1 0 1 1 0 1 1 0]
2025-02-23 17:51:40,041 - DEBUG -      2 |    13 |   6.5
2025-02-23 17:51:40,041 - DEBUG -     Sample: [0 0 1 1 1 0 1 1 1 1 1 0]
2025-02-23 17:51:40,041 - DEBUG -      3 |     6 |   3.0
2025-02-23 17:51:40,041 - DEBUG -     Sample: [1 0 0 1 1 0 1 1 1 1 1 0]
2025-02-23 17:51:40,042 - DEBUG -      4 |     6 |   3.0
2025-02-23 17:51:40,042 - DEBUG -     Sample: [0 0 0 1 1 0 1 1 0 1 1 0]
2025-02-23 17:51:40,042 - DEBUG -      5 |     6 |   3.0
2025-02-23 17:51:40,042 - DEBUG -     Sample: [0 0 1 1 1 1 1 1 1 1 1 0]
2025-02-23 17:51:40,043 - DEBUG - Generated 101 unique samples from 200 total measurements
2025-02-23 17:51:40,045 - INFO -   No feasible solution found in this iteration
2025-02-23 17:51:40,045 - INFO -   Added 1 new constraints: [36]
2025-02-23 17:51:40,045 - INFO - 
Iteration 1:
2025-02-23 17:51:40,046 - DEBUG - Generated Ising Hamiltonian
2025-02-23 17:51:40,279 - DEBUG - Optimizing QAOA circuit...
2025-02-23 17:51:41,397 - DEBUG - Circuit optimization successful
2025-02-23 17:51:41,397 - DEBUG - Circuit optimization successful, final value: -2590.096153846154
2025-02-23 17:51:41,397 - DEBUG - Sampling from optimized circuit...
2025-02-23 17:51:41,412 - DEBUG - Generated 155 unique samples from 200 total measurements
2025-02-23 17:51:41,412 - DEBUG - 
Top 5 most frequent samples:
2025-02-23 17:51:41,412 - DEBUG -   Rank | Count |   %   
2025-02-23 17:51:41,413 - DEBUG -   -----|-------|-------
2025-02-23 17:51:41,413 - DEBUG -      1 |     5 |   2.5
2025-02-23 17:51:41,413 - DEBUG -     Sample: [0 0 1 1 0 1 1 0 1 0 0 1]
2025-02-23 17:51:41,413 - DEBUG -      2 |     4 |   2.0
2025-02-23 17:51:41,413 - DEBUG -     Sample: [0 0 1 1 0 1 1 0 0 0 0 1]
2025-02-23 17:51:41,413 - DEBUG -      3 |     4 |   2.0
2025-02-23 17:51:41,414 - DEBUG -     Sample: [0 0 0 1 0 1 1 0 1 0 1 1]
2025-02-23 17:51:41,414 - DEBUG -      4 |     4 |   2.0
2025-02-23 17:51:41,414 - DEBUG -     Sample: [0 0 1 0 0 1 1 0 1 0 0 1]
2025-02-23 17:51:41,414 - DEBUG -      5 |     3 |   1.5
2025-02-23 17:51:41,414 - DEBUG -     Sample: [0 0 0 1 0 1 1 0 1 0 0 1]
2025-02-23 17:51:41,415 - DEBUG - Generated 155 unique samples from 200 total measurements
2025-02-23 17:51:41,418 - INFO -   No feasible solution found in this iteration
2025-02-23 17:51:41,419 - INFO -   Added 1 new constraints: [20]
2025-02-23 17:51:41,419 - INFO - 
Iteration 2:
2025-02-23 17:51:41,419 - DEBUG - Generated Ising Hamiltonian
2025-02-23 17:51:41,623 - DEBUG - Optimizing QAOA circuit...
2025-02-23 17:51:43,092 - DEBUG - Circuit optimization successful
2025-02-23 17:51:43,092 - DEBUG - Circuit optimization successful, final value: -2780.564935064935
2025-02-23 17:51:43,092 - DEBUG - Sampling from optimized circuit...
2025-02-23 17:51:43,107 - DEBUG - Generated 185 unique samples from 200 total measurements
2025-02-23 17:51:43,108 - DEBUG - 
Top 5 most frequent samples:
2025-02-23 17:51:43,108 - DEBUG -   Rank | Count |   %   
2025-02-23 17:51:43,108 - DEBUG -   -----|-------|-------
2025-02-23 17:51:43,108 - DEBUG -      1 |     3 |   1.5
2025-02-23 17:51:43,108 - DEBUG -     Sample: [1 1 1 1 1 0 0 1 1 0 1 0]
2025-02-23 17:51:43,108 - DEBUG -      2 |     3 |   1.5
2025-02-23 17:51:43,109 - DEBUG -     Sample: [1 1 1 0 1 1 0 1 1 0 1 0]
2025-02-23 17:51:43,109 - DEBUG -      3 |     3 |   1.5
2025-02-23 17:51:43,109 - DEBUG -     Sample: [0 1 1 1 0 0 1 0 1 0 1 0]
2025-02-23 17:51:43,109 - DEBUG -      4 |     2 |   1.0
2025-02-23 17:51:43,109 - DEBUG -     Sample: [0 1 0 0 0 0 0 0 1 0 1 0]
2025-02-23 17:51:43,110 - DEBUG -      5 |     2 |   1.0
2025-02-23 17:51:43,110 - DEBUG -     Sample: [0 0 1 0 0 0 0 0 1 0 1 0]
2025-02-23 17:51:43,110 - DEBUG - Generated 185 unique samples from 200 total measurements
2025-02-23 17:51:43,115 - INFO -   No feasible solution found in this iteration
2025-02-23 17:51:43,115 - INFO -   No new constraints added, lowered tau multiplier: 1.0 -> 0.9
2025-02-23 17:51:43,116 - INFO -   Added 2 new constraints: [9, 38]
2025-02-23 17:51:43,116 - INFO - 
Iteration 3:
2025-02-23 17:51:43,116 - DEBUG - Generated Ising Hamiltonian
2025-02-23 17:51:43,338 - DEBUG - Optimizing QAOA circuit...
2025-02-23 17:51:44,613 - DEBUG - Circuit optimization successful
2025-02-23 17:51:44,615 - DEBUG - Circuit optimization successful, final value: -4190.594905094906
2025-02-23 17:51:44,615 - DEBUG - Sampling from optimized circuit...
2025-02-23 17:51:44,648 - DEBUG - Generated 183 unique samples from 200 total measurements
2025-02-23 17:51:44,650 - DEBUG - 
Top 5 most frequent samples:
2025-02-23 17:51:44,650 - DEBUG -   Rank | Count |   %   
2025-02-23 17:51:44,650 - DEBUG -   -----|-------|-------
2025-02-23 17:51:44,650 - DEBUG -      1 |     3 |   1.5
2025-02-23 17:51:44,651 - DEBUG -     Sample: [0 1 0 0 0 1 1 0 1 0 0 0]
2025-02-23 17:51:44,651 - DEBUG -      2 |     3 |   1.5
2025-02-23 17:51:44,651 - DEBUG -     Sample: [0 1 1 0 0 1 0 1 0 0 1 1]
2025-02-23 17:51:44,651 - DEBUG -      3 |     2 |   1.0
2025-02-23 17:51:44,651 - DEBUG -     Sample: [0 1 0 1 0 1 1 0 0 1 0 0]
2025-02-23 17:51:44,652 - DEBUG -      4 |     2 |   1.0
2025-02-23 17:51:44,652 - DEBUG -     Sample: [0 1 0 0 0 0 1 1 0 1 0 0]
2025-02-23 17:51:44,652 - DEBUG -      5 |     2 |   1.0
2025-02-23 17:51:44,652 - DEBUG -     Sample: [0 1 0 1 0 1 1 1 1 0 0 1]
2025-02-23 17:51:44,653 - DEBUG - Generated 183 unique samples from 200 total measurements
2025-02-23 17:51:44,658 - INFO -   No feasible solution found in this iteration
2025-02-23 17:51:44,658 - INFO -   Added 1 new constraints: [7]
2025-02-23 17:51:44,659 - INFO - 
Iteration 4:
2025-02-23 17:51:44,659 - DEBUG - Generated Ising Hamiltonian
2025-02-23 17:51:44,920 - DEBUG - Optimizing QAOA circuit...
2025-02-23 17:51:46,395 - DEBUG - Circuit optimization successful
2025-02-23 17:51:46,395 - DEBUG - Circuit optimization successful, final value: -1882.7275224775224
2025-02-23 17:51:46,395 - DEBUG - Sampling from optimized circuit...
2025-02-23 17:51:46,412 - DEBUG - Generated 153 unique samples from 200 total measurements
2025-02-23 17:51:46,412 - DEBUG - 
Top 5 most frequent samples:
2025-02-23 17:51:46,412 - DEBUG -   Rank | Count |   %   
2025-02-23 17:51:46,412 - DEBUG -   -----|-------|-------
2025-02-23 17:51:46,412 - DEBUG -      1 |     8 |   4.0
2025-02-23 17:51:46,413 - DEBUG -     Sample: [0 0 1 0 0 0 1 0 0 1 0 0]
2025-02-23 17:51:46,413 - DEBUG -      2 |     4 |   2.0
2025-02-23 17:51:46,413 - DEBUG -     Sample: [0 0 1 0 0 0 0 0 0 1 0 0]
2025-02-23 17:51:46,413 - DEBUG -      3 |     4 |   2.0
2025-02-23 17:51:46,413 - DEBUG -     Sample: [0 0 1 1 0 0 0 0 0 1 0 1]
2025-02-23 17:51:46,413 - DEBUG -      4 |     3 |   1.5
2025-02-23 17:51:46,414 - DEBUG -     Sample: [0 0 1 0 0 0 1 1 0 1 0 1]
2025-02-23 17:51:46,414 - DEBUG -      5 |     3 |   1.5
2025-02-23 17:51:46,414 - DEBUG -     Sample: [1 0 1 0 0 0 0 1 0 1 0 0]
2025-02-23 17:51:46,415 - DEBUG - Generated 153 unique samples from 200 total measurements
2025-02-23 17:51:46,419 - INFO -   No feasible solution found in this iteration
2025-02-23 17:51:46,420 - INFO -   Added 1 new constraints: [21]
2025-02-23 17:51:46,420 - INFO - 
Iteration 5:
2025-02-23 17:51:46,420 - DEBUG - Generated Ising Hamiltonian
2025-02-23 17:51:46,687 - DEBUG - Optimizing QAOA circuit...
2025-02-23 17:51:48,008 - DEBUG - Circuit optimization successful
2025-02-23 17:51:48,008 - DEBUG - Circuit optimization successful, final value: -5845.233266733266
2025-02-23 17:51:48,009 - DEBUG - Sampling from optimized circuit...
2025-02-23 17:51:48,024 - DEBUG - Generated 147 unique samples from 200 total measurements
2025-02-23 17:51:48,024 - DEBUG - 
Top 5 most frequent samples:
2025-02-23 17:51:48,024 - DEBUG -   Rank | Count |   %   
2025-02-23 17:51:48,024 - DEBUG -   -----|-------|-------
2025-02-23 17:51:48,025 - DEBUG -      1 |     7 |   3.5
2025-02-23 17:51:48,025 - DEBUG -     Sample: [0 0 1 1 0 1 1 1 0 1 0 0]
2025-02-23 17:51:48,025 - DEBUG -      2 |     4 |   2.0
2025-02-23 17:51:48,025 - DEBUG -     Sample: [0 0 0 0 0 1 1 1 0 0 0 0]
2025-02-23 17:51:48,025 - DEBUG -      3 |     4 |   2.0
2025-02-23 17:51:48,026 - DEBUG -     Sample: [0 0 1 0 0 1 1 1 0 0 0 0]
2025-02-23 17:51:48,026 - DEBUG -      4 |     4 |   2.0
2025-02-23 17:51:48,026 - DEBUG -     Sample: [0 0 0 0 0 1 1 1 0 1 0 0]
2025-02-23 17:51:48,026 - DEBUG -      5 |     4 |   2.0
2025-02-23 17:51:48,026 - DEBUG -     Sample: [0 0 1 0 0 1 1 1 0 1 0 0]
2025-02-23 17:51:48,027 - DEBUG - Generated 147 unique samples from 200 total measurements
2025-02-23 17:51:48,029 - INFO -   No feasible solution found in this iteration
2025-02-23 17:51:48,030 - INFO -   Added 3 new constraints: [6, 11, 33]
2025-02-23 17:51:48,030 - INFO - 
Iteration 6:
2025-02-23 17:51:48,030 - DEBUG - Generated Ising Hamiltonian
2025-02-23 17:51:48,234 - DEBUG - Optimizing QAOA circuit...
2025-02-23 17:51:49,412 - DEBUG - Circuit optimization successful
2025-02-23 17:51:49,412 - DEBUG - Circuit optimization successful, final value: 2529.5267232767237
2025-02-23 17:51:49,412 - DEBUG - Sampling from optimized circuit...
2025-02-23 17:51:49,428 - DEBUG - Generated 120 unique samples from 200 total measurements
2025-02-23 17:51:49,428 - DEBUG - 
Top 5 most frequent samples:
2025-02-23 17:51:49,428 - DEBUG -   Rank | Count |   %   
2025-02-23 17:51:49,428 - DEBUG -   -----|-------|-------
2025-02-23 17:51:49,428 - DEBUG -      1 |    13 |   6.5
2025-02-23 17:51:49,428 - DEBUG -     Sample: [0 0 0 0 1 0 1 0 0 1 0 0]
2025-02-23 17:51:49,429 - DEBUG -      2 |     7 |   3.5
2025-02-23 17:51:49,429 - DEBUG -     Sample: [0 0 1 0 1 0 0 0 0 1 1 1]
2025-02-23 17:51:49,429 - DEBUG -      3 |     7 |   3.5
2025-02-23 17:51:49,429 - DEBUG -     Sample: [0 0 1 0 1 0 1 0 0 1 0 0]
2025-02-23 17:51:49,429 - DEBUG -      4 |     7 |   3.5
2025-02-23 17:51:49,429 - DEBUG -     Sample: [0 0 1 0 1 0 1 0 1 1 0 1]
2025-02-23 17:51:49,429 - DEBUG -      5 |     7 |   3.5
2025-02-23 17:51:49,430 - DEBUG -     Sample: [0 0 0 0 1 0 1 0 1 1 0 0]
2025-02-23 17:51:49,430 - DEBUG - Generated 120 unique samples from 200 total measurements
2025-02-23 17:51:49,433 - INFO -   No feasible solution found in this iteration
2025-02-23 17:51:49,434 - INFO -   No new constraints added, lowered tau multiplier: 1.0 -> 0.9
2025-02-23 17:51:49,434 - INFO -   Added 5 new constraints: [0, 19, 23, 24, 30]
2025-02-23 17:51:49,434 - INFO - 
Iteration 7:
2025-02-23 17:51:49,435 - DEBUG - Generated Ising Hamiltonian
2025-02-23 17:51:49,663 - DEBUG - Optimizing QAOA circuit...
2025-02-23 17:51:51,564 - DEBUG - Circuit optimization successful
2025-02-23 17:51:51,564 - DEBUG - Circuit optimization successful, final value: 1051.0449550449546
2025-02-23 17:51:51,565 - DEBUG - Sampling from optimized circuit...
2025-02-23 17:51:51,584 - DEBUG - Generated 192 unique samples from 200 total measurements
2025-02-23 17:51:51,584 - DEBUG - 
Top 5 most frequent samples:
2025-02-23 17:51:51,584 - DEBUG -   Rank | Count |   %   
2025-02-23 17:51:51,585 - DEBUG -   -----|-------|-------
2025-02-23 17:51:51,585 - DEBUG -      1 |     2 |   1.0
2025-02-23 17:51:51,585 - DEBUG -     Sample: [0 0 0 1 1 1 0 1 0 0 0 1]
2025-02-23 17:51:51,585 - DEBUG -      2 |     2 |   1.0
2025-02-23 17:51:51,585 - DEBUG -     Sample: [0 0 1 1 1 1 0 1 0 0 1 1]
2025-02-23 17:51:51,585 - DEBUG -      3 |     2 |   1.0
2025-02-23 17:51:51,586 - DEBUG -     Sample: [1 1 1 1 1 0 1 1 1 1 1 1]
2025-02-23 17:51:51,586 - DEBUG -      4 |     2 |   1.0
2025-02-23 17:51:51,586 - DEBUG -     Sample: [0 1 0 1 0 0 0 0 1 1 1 0]
2025-02-23 17:51:51,586 - DEBUG -      5 |     2 |   1.0
2025-02-23 17:51:51,587 - DEBUG -     Sample: [1 1 0 0 1 0 0 0 0 0 1 0]
2025-02-23 17:51:51,588 - DEBUG - Generated 192 unique samples from 200 total measurements
2025-02-23 17:51:51,590 - INFO - Found feasible solution: [1 0 1 1 0 1 0 1 0 0 0 0] with objective value 238.0
2025-02-23 17:51:51,593 - INFO -   Found feasible solution:
2025-02-23 17:51:51,593 - INFO -     Solution: [1, 0, 1, 1, 0, 1, 0, 1, 0, 0, 0, 0]
2025-02-23 17:51:51,593 - INFO -     Value: 238.0
2025-02-23 17:51:51,593 - INFO -     Gap to reference: 0.00%
2025-02-23 17:51:51,594 - INFO -   Constraint generation solution found:
2025-02-23 17:51:51,594 - INFO -     Solution: [1, 0, 1, 1, 0, 1, 0, 1, 0, 0, 0, 0]
2025-02-23 17:51:51,594 - INFO -     Value: 238.0
2025-02-23 17:51:51,594 - INFO - 
Instance 14 results:
2025-02-23 17:51:51,594 - INFO -   Classical value: 238.0
2025-02-23 17:51:51,594 - INFO -   QAOA value: 0.0
2025-02-23 17:51:51,595 - INFO -   Constraint generation value: 238.0
2025-02-23 17:51:51,595 - INFO - 
Running instance 15/100
2025-02-23 17:51:51,598 - INFO - 
Running Classical Reference Solver (SCIP):
2025-02-23 17:51:51,599 - DEBUG - Problem dimensions: 40 constraints, 12 variables
2025-02-23 17:51:51,599 - DEBUG - Row names: ['ELEM1', 'ELEM2', 'ELEM3', 'ELEM4', 'ELEM5', 'ELEM6', 'ELEM7', 'ELEM8', 'ELEM9', 'ELEM10', 'ELEM11', 'ELEM12', 'ELEM13', 'ELEM14', 'ELEM15', 'ELEM16', 'ELEM17', 'ELEM18', 'ELEM19', 'ELEM20', 'ELEM21', 'ELEM22', 'ELEM23', 'ELEM24', 'ELEM25', 'ELEM26', 'ELEM27', 'ELEM28', 'ELEM29', 'ELEM30', 'ELEM31', 'ELEM32', 'ELEM33', 'ELEM34', 'ELEM35', 'ELEM36', 'ELEM37', 'ELEM38', 'ELEM39', 'ELEM40']
2025-02-23 17:51:51,600 - DEBUG - RHS values: {'ELEM1': 1.0, 'ELEM2': 1.0, 'ELEM3': 1.0, 'ELEM4': 1.0, 'ELEM5': 1.0, 'ELEM6': 1.0, 'ELEM7': 1.0, 'ELEM8': 1.0, 'ELEM9': 1.0, 'ELEM10': 1.0, 'ELEM11': 1.0, 'ELEM12': 1.0, 'ELEM13': 1.0, 'ELEM14': 1.0, 'ELEM15': 1.0, 'ELEM16': 1.0, 'ELEM17': 1.0, 'ELEM18': 1.0, 'ELEM19': 1.0, 'ELEM20': 1.0, 'ELEM21': 1.0, 'ELEM22': 1.0, 'ELEM23': 1.0, 'ELEM24': 1.0, 'ELEM25': 1.0, 'ELEM26': 1.0, 'ELEM27': 1.0, 'ELEM28': 1.0, 'ELEM29': 1.0, 'ELEM30': 1.0, 'ELEM31': 1.0, 'ELEM32': 1.0, 'ELEM33': 1.0, 'ELEM34': 1.0, 'ELEM35': 1.0, 'ELEM36': 1.0, 'ELEM37': 1.0, 'ELEM38': 1.0, 'ELEM39': 1.0, 'ELEM40': 1.0}
2025-02-23 17:51:51,612 - INFO -   Reference solution found:
2025-02-23 17:51:51,613 - INFO -     Solution: [0, 1, 0, 0, 0, 1, 1, 1, 0, 0, 0, 0]
2025-02-23 17:51:51,613 - INFO -     Value: 220.0
2025-02-23 17:51:51,613 - INFO - 
Running QAOA Reference Solution (with all constraints):
