
Problem information:
  Number of variables (n): 12
  Number of constraints (m): 40

Starting reference QAOA with parameters:
  sample_size (total shots): 1000
Added all constraints
Found feasible solution: [1 0 0 0 0 1 0 1 0 0 1 0] with objective value 278.0
Found feasible solution: [0 1 1 1 0 0 0 0 0 1 0 0] with objective value 241.0
Found feasible solution:
  Solution: [0, 1, 1, 1, 0, 0, 0, 0, 0, 1, 0, 0]
  Value: 241.0
  QAOA solution found:
    Solution: [0, 1, 1, 1, 0, 0, 0, 0, 0, 1, 0, 0]
    Value: 241.0

Running Constraint Generation:

Problem information:
  Number of variables (n): 12
  Number of constraints (m): 40

Running classical reference solver:
  Reference solution found:
    Solution: [0, 0, 0, 0, 1, 0, 1, 0, 1, 0, 0, 1]
    Value: 184.0

Starting quantum constraint generation with parameters:
  sample_size (total shots): 1000
  tau: 0.1
  max_iters: 1000

Iteration 0:
  No feasible solution found in this iteration
  Added 1 new constraints: [28]

Iteration 1:
  No feasible solution found in this iteration
  Added 3 new constraints: [2, 7, 14]

Iteration 2:
  No feasible solution found in this iteration
  Added 4 new constraints: [10, 12, 20, 38]

Iteration 3:
  No feasible solution found in this iteration
  Added 2 new constraints: [6, 26]

Iteration 4:
Found feasible solution: [0 1 1 1 0 0 0 0 0 1 0 0] with objective value 241.0
  Found feasible solution:
    Solution: [0, 1, 1, 1, 0, 0, 0, 0, 0, 1, 0, 0]
    Value: 241.0
    Gap to reference: 30.98%
  Constraint generation solution found:
    Solution: [0, 1, 1, 1, 0, 0, 0, 0, 0, 1, 0, 0]
    Value: 241.0

Instance 16 results:
  Classical value: 184.0
  QAOA value: 241.0
  Constraint generation value: 241.0

Running instance 17/100

Running Classical Reference Solver (SCIP):
  Reference solution found:
    Solution: [0, 0, 1, 1, 0, 0, 0, 0, 0, 0, 1, 0]
    Value: 138.0

Running QAOA Reference Solution (with all constraints):
