2025-02-24 15:46:05,658 - INFO - 
Problem information:
2025-02-24 15:46:05,658 - INFO -   Number of variables (n): 12
2025-02-24 15:46:05,659 - INFO -   Number of constraints (m): 40
2025-02-24 15:46:05,659 - DEBUG -   Density of A: 25.00%
2025-02-24 15:46:05,659 - INFO - 
Starting reference QAOA with parameters:
2025-02-24 15:46:05,659 - INFO -   sample_size (total shots): 1000
2025-02-24 15:46:05,659 - INFO - Added all constraints
2025-02-24 15:46:05,659 - DEBUG - Generated Ising Hamiltonian
2025-02-24 15:46:05,898 - DEBUG - Optimizing QAOA circuit...
2025-02-24 15:46:11,350 - DEBUG - Circuit optimization successful
2025-02-24 15:46:11,350 - DEBUG - Circuit optimization successful, final value: 11418.326673326672
2025-02-24 15:46:11,351 - DEBUG - Sampling from optimized circuit...
2025-02-24 15:46:11,422 - DEBUG - Generated 770 unique samples from 1000 total measurements
2025-02-24 15:46:11,423 - DEBUG - 
Top 5 most frequent samples:
2025-02-24 15:46:11,423 - DEBUG -   Rank | Count |   %   
2025-02-24 15:46:11,423 - DEBUG -   -----|-------|-------
2025-02-24 15:46:11,423 - DEBUG -      1 |     8 |   0.8
2025-02-24 15:46:11,423 - DEBUG -     Sample: [0 1 1 1 0 0 0 0 1 0 0 0]
2025-02-24 15:46:11,424 - DEBUG -      2 |     7 |   0.7
2025-02-24 15:46:11,424 - DEBUG -     Sample: [0 1 1 1 1 0 0 0 1 1 0 1]
2025-02-24 15:46:11,424 - DEBUG -      3 |     7 |   0.7
2025-02-24 15:46:11,424 - DEBUG -     Sample: [0 0 1 0 0 1 0 0 1 0 0 0]
2025-02-24 15:46:11,424 - DEBUG -      4 |     7 |   0.7
2025-02-24 15:46:11,425 - DEBUG -     Sample: [0 1 0 1 1 1 0 0 1 1 0 1]
2025-02-24 15:46:11,425 - DEBUG -      5 |     4 |   0.4
2025-02-24 15:46:11,425 - DEBUG -     Sample: [0 1 0 1 1 0 1 0 1 1 1 1]
2025-02-24 15:46:11,427 - DEBUG - Generated 770 unique samples from 1000 total measurements
2025-02-24 15:46:11,452 - INFO - Found feasible solution: [1 1 0 0 0 0 0 0 1 1 0 0] with objective value 312.0
2025-02-24 15:46:11,465 - INFO - Found feasible solution:
2025-02-24 15:46:11,465 - INFO -   Solution: [1, 1, 0, 0, 0, 0, 0, 0, 1, 1, 0, 0]
2025-02-24 15:46:11,465 - INFO -   Value: 312.0
2025-02-24 15:46:11,466 - INFO -   QAOA solution found:
2025-02-24 15:46:11,466 - INFO -     Solution: [1, 1, 0, 0, 0, 0, 0, 0, 1, 1, 0, 0]
2025-02-24 15:46:11,466 - INFO -     Value: 312.0
2025-02-24 15:46:11,466 - INFO - 
Running Constraint Generation:
2025-02-24 15:46:11,468 - INFO - 
Problem information:
2025-02-24 15:46:11,468 - INFO -   Number of variables (n): 12
2025-02-24 15:46:11,468 - INFO -   Number of constraints (m): 40
2025-02-24 15:46:11,468 - DEBUG -   Density of A: 25.00%
2025-02-24 15:46:11,469 - INFO - 
Running classical reference solver:
2025-02-24 15:46:11,481 - INFO -   Reference solution found:
2025-02-24 15:46:11,481 - INFO -     Solution: [0, 0, 1, 1, 0, 1, 0, 0, 0, 0, 0, 0]
2025-02-24 15:46:11,482 - INFO -     Value: 119.0
2025-02-24 15:46:11,482 - INFO - 
Starting quantum constraint generation with parameters:
2025-02-24 15:46:11,482 - INFO -   sample_size (total shots): 1000
2025-02-24 15:46:11,482 - INFO -   tau: 0.1
2025-02-24 15:46:11,482 - INFO -   max_iters: 1000
2025-02-24 15:46:11,482 - INFO - 
Iteration 0:
2025-02-24 15:46:11,483 - DEBUG - Generated Ising Hamiltonian
2025-02-24 15:46:11,721 - DEBUG - Optimizing QAOA circuit...
2025-02-24 15:46:13,918 - DEBUG - Circuit optimization successful
2025-02-24 15:46:13,918 - DEBUG - Circuit optimization successful, final value: -329.75724275724275
2025-02-24 15:46:13,918 - DEBUG - Sampling from optimized circuit...
2025-02-24 15:46:13,942 - DEBUG - Generated 257 unique samples from 1000 total measurements
2025-02-24 15:46:13,942 - DEBUG - 
Top 5 most frequent samples:
2025-02-24 15:46:13,943 - DEBUG -   Rank | Count |   %   
2025-02-24 15:46:13,943 - DEBUG -   -----|-------|-------
2025-02-24 15:46:13,943 - DEBUG -      1 |    69 |   6.9
2025-02-24 15:46:13,943 - DEBUG -     Sample: [1 1 0 1 1 0 1 1 1 1 1 1]
2025-02-24 15:46:13,943 - DEBUG -      2 |    54 |   5.4
2025-02-24 15:46:13,944 - DEBUG -     Sample: [1 0 0 1 1 0 1 1 1 1 1 1]
2025-02-24 15:46:13,944 - DEBUG -      3 |    34 |   3.4
2025-02-24 15:46:13,944 - DEBUG -     Sample: [1 1 0 1 1 1 1 1 1 1 1 1]
2025-02-24 15:46:13,944 - DEBUG -      4 |    29 |   2.9
2025-02-24 15:46:13,945 - DEBUG -     Sample: [1 0 0 1 1 1 1 1 1 1 1 1]
2025-02-24 15:46:13,945 - DEBUG -      5 |    28 |   2.8
2025-02-24 15:46:13,945 - DEBUG -     Sample: [1 1 1 1 1 0 1 1 1 1 1 1]
2025-02-24 15:46:13,946 - DEBUG - Generated 257 unique samples from 1000 total measurements
2025-02-24 15:46:13,951 - INFO -   No feasible solution found in this iteration
2025-02-24 15:46:13,951 - INFO -   Added 2 new constraints: [26, 32]
2025-02-24 15:46:13,952 - INFO - 
Iteration 1:
2025-02-24 15:46:13,952 - DEBUG - Generated Ising Hamiltonian
2025-02-24 15:46:14,176 - DEBUG - Optimizing QAOA circuit...
2025-02-24 15:46:16,384 - DEBUG - Circuit optimization successful
2025-02-24 15:46:16,384 - DEBUG - Circuit optimization successful, final value: -6840.742757242756
2025-02-24 15:46:16,384 - DEBUG - Sampling from optimized circuit...
2025-02-24 15:46:16,411 - DEBUG - Generated 276 unique samples from 1000 total measurements
2025-02-24 15:46:16,411 - DEBUG - 
Top 5 most frequent samples:
2025-02-24 15:46:16,411 - DEBUG -   Rank | Count |   %   
2025-02-24 15:46:16,412 - DEBUG -   -----|-------|-------
2025-02-24 15:46:16,412 - DEBUG -      1 |    97 |   9.7
2025-02-24 15:46:16,412 - DEBUG -     Sample: [1 0 0 0 0 0 0 1 0 0 1 0]
2025-02-24 15:46:16,412 - DEBUG -      2 |    41 |   4.1
2025-02-24 15:46:16,412 - DEBUG -     Sample: [0 0 0 0 0 0 0 1 0 0 1 0]
2025-02-24 15:46:16,413 - DEBUG -      3 |    37 |   3.7
2025-02-24 15:46:16,413 - DEBUG -     Sample: [1 0 0 0 0 0 1 1 0 0 1 0]
2025-02-24 15:46:16,413 - DEBUG -      4 |    36 |   3.6
2025-02-24 15:46:16,413 - DEBUG -     Sample: [1 0 0 0 0 0 0 0 0 0 1 0]
2025-02-24 15:46:16,413 - DEBUG -      5 |    33 |   3.3
2025-02-24 15:46:16,414 - DEBUG -     Sample: [1 0 0 0 0 0 0 1 0 0 0 0]
2025-02-24 15:46:16,415 - DEBUG - Generated 276 unique samples from 1000 total measurements
2025-02-24 15:46:16,421 - INFO -   No feasible solution found in this iteration
2025-02-24 15:46:16,422 - INFO -   Added 1 new constraints: [25]
2025-02-24 15:46:16,422 - INFO - 
Iteration 2:
2025-02-24 15:46:16,423 - DEBUG - Generated Ising Hamiltonian
2025-02-24 15:46:16,671 - DEBUG - Optimizing QAOA circuit...
2025-02-24 15:46:19,372 - DEBUG - Circuit optimization successful
2025-02-24 15:46:19,372 - DEBUG - Circuit optimization successful, final value: -4634.982767232768
2025-02-24 15:46:19,373 - DEBUG - Sampling from optimized circuit...
2025-02-24 15:46:19,434 - DEBUG - Generated 530 unique samples from 1000 total measurements
2025-02-24 15:46:19,435 - DEBUG - 
Top 5 most frequent samples:
2025-02-24 15:46:19,435 - DEBUG -   Rank | Count |   %   
2025-02-24 15:46:19,436 - DEBUG -   -----|-------|-------
2025-02-24 15:46:19,436 - DEBUG -      1 |    17 |   1.7
2025-02-24 15:46:19,437 - DEBUG -     Sample: [1 1 1 1 0 1 0 1 0 0 1 1]
2025-02-24 15:46:19,437 - DEBUG -      2 |    16 |   1.6
2025-02-24 15:46:19,438 - DEBUG -     Sample: [1 0 1 1 0 1 0 1 0 0 1 0]
2025-02-24 15:46:19,438 - DEBUG -      3 |    15 |   1.5
2025-02-24 15:46:19,439 - DEBUG -     Sample: [1 0 1 0 0 1 0 1 0 0 1 0]
2025-02-24 15:46:19,439 - DEBUG -      4 |    12 |   1.2
2025-02-24 15:46:19,439 - DEBUG -     Sample: [1 0 1 1 0 0 0 1 0 0 1 0]
2025-02-24 15:46:19,439 - DEBUG -      5 |    10 |   1.0
2025-02-24 15:46:19,440 - DEBUG -     Sample: [1 0 1 0 0 1 0 0 0 0 1 0]
2025-02-24 15:46:19,442 - DEBUG - Generated 530 unique samples from 1000 total measurements
2025-02-24 15:46:19,452 - INFO -   No feasible solution found in this iteration
2025-02-24 15:46:19,453 - INFO -   Added 1 new constraints: [5]
2025-02-24 15:46:19,456 - INFO - 
Iteration 3:
2025-02-24 15:46:19,457 - DEBUG - Generated Ising Hamiltonian
2025-02-24 15:46:19,670 - DEBUG - Optimizing QAOA circuit...
2025-02-24 15:46:22,553 - DEBUG - Circuit optimization successful
2025-02-24 15:46:22,554 - DEBUG - Circuit optimization successful, final value: -10687.004995004998
2025-02-24 15:46:22,554 - DEBUG - Sampling from optimized circuit...
2025-02-24 15:46:22,585 - DEBUG - Generated 345 unique samples from 1000 total measurements
2025-02-24 15:46:22,586 - DEBUG - 
Top 5 most frequent samples:
2025-02-24 15:46:22,586 - DEBUG -   Rank | Count |   %   
2025-02-24 15:46:22,586 - DEBUG -   -----|-------|-------
2025-02-24 15:46:22,586 - DEBUG -      1 |    46 |   4.6
2025-02-24 15:46:22,587 - DEBUG -     Sample: [0 0 0 0 0 0 0 1 1 1 0 0]
2025-02-24 15:46:22,587 - DEBUG -      2 |    33 |   3.3
2025-02-24 15:46:22,587 - DEBUG -     Sample: [1 0 0 0 0 0 0 1 1 1 0 0]
2025-02-24 15:46:22,588 - DEBUG -      3 |    30 |   3.0
2025-02-24 15:46:22,588 - DEBUG -     Sample: [0 0 0 0 0 0 0 0 1 1 0 0]
2025-02-24 15:46:22,588 - DEBUG -      4 |    25 |   2.5
2025-02-24 15:46:22,588 - DEBUG -     Sample: [0 0 0 0 0 0 0 1 1 0 0 0]
2025-02-24 15:46:22,588 - DEBUG -      5 |    25 |   2.5
2025-02-24 15:46:22,589 - DEBUG -     Sample: [0 1 0 0 0 0 0 0 1 1 0 0]
2025-02-24 15:46:22,590 - DEBUG - Generated 345 unique samples from 1000 total measurements
2025-02-24 15:46:22,591 - INFO - Found feasible solution: [1 1 0 0 0 0 0 0 1 1 0 0] with objective value 312.0
2025-02-24 15:46:22,597 - INFO -   Found feasible solution:
2025-02-24 15:46:22,597 - INFO -     Solution: [1, 1, 0, 0, 0, 0, 0, 0, 1, 1, 0, 0]
2025-02-24 15:46:22,597 - INFO -     Value: 312.0
2025-02-24 15:46:22,598 - INFO -     Gap to reference: 162.18%
2025-02-24 15:46:22,598 - INFO -   Constraint generation solution found:
2025-02-24 15:46:22,598 - INFO -     Solution: [1, 1, 0, 0, 0, 0, 0, 0, 1, 1, 0, 0]
2025-02-24 15:46:22,598 - INFO -     Value: 312.0
2025-02-24 15:46:22,599 - INFO - 
Instance 79 results:
2025-02-24 15:46:22,599 - INFO -   Classical value: 119.0
2025-02-24 15:46:22,599 - INFO -   QAOA value: 312.0
2025-02-24 15:46:22,599 - INFO -   Constraint generation value: 312.0
2025-02-24 15:46:22,600 - INFO - 
Running instance 80/100
2025-02-24 15:46:22,602 - INFO - 
Running Classical Reference Solver (SCIP):
2025-02-24 15:46:22,603 - DEBUG - Problem dimensions: 40 constraints, 12 variables
2025-02-24 15:46:22,604 - DEBUG - Row names: ['ELEM1', 'ELEM2', 'ELEM3', 'ELEM4', 'ELEM5', 'ELEM6', 'ELEM7', 'ELEM8', 'ELEM9', 'ELEM10', 'ELEM11', 'ELEM12', 'ELEM13', 'ELEM14', 'ELEM15', 'ELEM16', 'ELEM17', 'ELEM18', 'ELEM19', 'ELEM20', 'ELEM21', 'ELEM22', 'ELEM23', 'ELEM24', 'ELEM25', 'ELEM26', 'ELEM27', 'ELEM28', 'ELEM29', 'ELEM30', 'ELEM31', 'ELEM32', 'ELEM33', 'ELEM34', 'ELEM35', 'ELEM36', 'ELEM37', 'ELEM38', 'ELEM39', 'ELEM40']
2025-02-24 15:46:22,604 - DEBUG - RHS values: {'ELEM1': 1.0, 'ELEM2': 1.0, 'ELEM3': 1.0, 'ELEM4': 1.0, 'ELEM5': 1.0, 'ELEM6': 1.0, 'ELEM7': 1.0, 'ELEM8': 1.0, 'ELEM9': 1.0, 'ELEM10': 1.0, 'ELEM11': 1.0, 'ELEM12': 1.0, 'ELEM13': 1.0, 'ELEM14': 1.0, 'ELEM15': 1.0, 'ELEM16': 1.0, 'ELEM17': 1.0, 'ELEM18': 1.0, 'ELEM19': 1.0, 'ELEM20': 1.0, 'ELEM21': 1.0, 'ELEM22': 1.0, 'ELEM23': 1.0, 'ELEM24': 1.0, 'ELEM25': 1.0, 'ELEM26': 1.0, 'ELEM27': 1.0, 'ELEM28': 1.0, 'ELEM29': 1.0, 'ELEM30': 1.0, 'ELEM31': 1.0, 'ELEM32': 1.0, 'ELEM33': 1.0, 'ELEM34': 1.0, 'ELEM35': 1.0, 'ELEM36': 1.0, 'ELEM37': 1.0, 'ELEM38': 1.0, 'ELEM39': 1.0, 'ELEM40': 1.0}
2025-02-24 15:46:22,616 - INFO -   Reference solution found:
2025-02-24 15:46:22,616 - INFO -     Solution: [0, 1, 1, 0, 1, 0, 0, 1, 0, 1, 0, 0]
2025-02-24 15:46:22,616 - INFO -     Value: 209.99999999999997
2025-02-24 15:46:22,616 - INFO - 
Running QAOA Reference Solution (with all constraints):
