2025-02-23 17:12:11,179 - INFO - 
Problem information:
2025-02-23 17:12:11,180 - INFO -   Number of variables (n): 10
2025-02-23 17:12:11,180 - INFO -   Number of constraints (m): 30
2025-02-23 17:12:11,180 - DEBUG -   Density of A: 25.33%
2025-02-23 17:12:11,181 - INFO - 
Starting reference QAOA with parameters:
2025-02-23 17:12:11,181 - INFO -   sample_size (total shots): 200
2025-02-23 17:12:11,181 - INFO - Added all constraints
2025-02-23 17:12:11,182 - DEBUG - Generated Ising Hamiltonian
2025-02-23 17:12:11,372 - DEBUG - Optimizing QAOA circuit...
2025-02-23 17:12:12,659 - DEBUG - Circuit optimization successful
2025-02-23 17:12:12,660 - DEBUG - Circuit optimization successful, final value: 32995.1968031968
2025-02-23 17:12:12,660 - DEBUG - Sampling from optimized circuit...
2025-02-23 17:12:12,672 - DEBUG - Generated 121 unique samples from 200 total measurements
2025-02-23 17:12:12,672 - DEBUG - 
Top 5 most frequent samples:
2025-02-23 17:12:12,672 - DEBUG -   Rank | Count |   %   
2025-02-23 17:12:12,672 - DEBUG -   -----|-------|-------
2025-02-23 17:12:12,672 - DEBUG -      1 |     8 |   4.0
2025-02-23 17:12:12,673 - DEBUG -     Sample: [1 1 0 1 1 1 0 0 0 1]
2025-02-23 17:12:12,673 - DEBUG -      2 |     7 |   3.5
2025-02-23 17:12:12,673 - DEBUG -     Sample: [1 1 0 1 1 1 0 0 0 0]
2025-02-23 17:12:12,673 - DEBUG -      3 |     7 |   3.5
2025-02-23 17:12:12,673 - DEBUG -     Sample: [1 1 0 0 1 1 1 1 0 1]
2025-02-23 17:12:12,673 - DEBUG -      4 |     6 |   3.0
2025-02-23 17:12:12,674 - DEBUG -     Sample: [1 1 1 1 1 1 0 0 0 1]
2025-02-23 17:12:12,674 - DEBUG -      5 |     5 |   2.5
2025-02-23 17:12:12,674 - DEBUG -     Sample: [1 1 0 1 1 1 0 1 0 1]
2025-02-23 17:12:12,674 - DEBUG - Generated 121 unique samples from 200 total measurements
2025-02-23 17:12:12,677 - INFO - No feasible solution found
2025-02-23 17:12:12,677 - INFO - 
=====
2025-02-23 17:12:12,677 - INFO - Running Classical Reference Solver (SCIP):
2025-02-23 17:12:12,678 - DEBUG - Problem dimensions: 30 constraints, 10 variables
2025-02-23 17:12:12,678 - DEBUG - Row names: ['ELEM1', 'ELEM2', 'ELEM3', 'ELEM4', 'ELEM5', 'ELEM6', 'ELEM7', 'ELEM8', 'ELEM9', 'ELEM10', 'ELEM11', 'ELEM12', 'ELEM13', 'ELEM14', 'ELEM15', 'ELEM16', 'ELEM17', 'ELEM18', 'ELEM19', 'ELEM20', 'ELEM21', 'ELEM22', 'ELEM23', 'ELEM24', 'ELEM25', 'ELEM26', 'ELEM27', 'ELEM28', 'ELEM29', 'ELEM30']
2025-02-23 17:12:12,678 - DEBUG - RHS values: {'ELEM1': 1.0, 'ELEM2': 1.0, 'ELEM3': 1.0, 'ELEM4': 1.0, 'ELEM5': 1.0, 'ELEM6': 1.0, 'ELEM7': 1.0, 'ELEM8': 1.0, 'ELEM9': 1.0, 'ELEM10': 1.0, 'ELEM11': 1.0, 'ELEM12': 1.0, 'ELEM13': 1.0, 'ELEM14': 1.0, 'ELEM15': 1.0, 'ELEM16': 1.0, 'ELEM17': 1.0, 'ELEM18': 1.0, 'ELEM19': 1.0, 'ELEM20': 1.0, 'ELEM21': 1.0, 'ELEM22': 1.0, 'ELEM23': 1.0, 'ELEM24': 1.0, 'ELEM25': 1.0, 'ELEM26': 1.0, 'ELEM27': 1.0, 'ELEM28': 1.0, 'ELEM29': 1.0, 'ELEM30': 1.0}
2025-02-23 17:12:12,688 - INFO -   Reference solution found:
2025-02-23 17:12:12,688 - INFO -     Solution: [1, 0, 0, 0, 0, 0, 1, 1, 0, 0]
2025-02-23 17:12:12,688 - INFO -     Value: 134.0
2025-02-23 17:12:12,688 - INFO - 
=====
2025-02-23 17:12:12,689 - INFO - Running Constraint Generation:
2025-02-23 17:12:12,690 - INFO - 
Problem information:
2025-02-23 17:12:12,690 - INFO -   Number of variables (n): 10
2025-02-23 17:12:12,690 - INFO -   Number of constraints (m): 30
2025-02-23 17:12:12,690 - DEBUG -   Density of A: 25.33%
2025-02-23 17:12:12,690 - INFO - 
Running classical reference solver:
2025-02-23 17:12:12,700 - INFO -   Reference solution found:
2025-02-23 17:12:12,700 - INFO -     Solution: [1, 0, 0, 0, 0, 0, 1, 1, 0, 0]
2025-02-23 17:12:12,700 - INFO -     Value: 134.0
2025-02-23 17:12:12,700 - INFO - 
Starting quantum constraint generation with parameters:
2025-02-23 17:12:12,700 - INFO -   sample_size (total shots): 200
2025-02-23 17:12:12,700 - INFO -   tau: 0.1
2025-02-23 17:12:12,701 - INFO -   max_iters: 1000
2025-02-23 17:12:12,701 - INFO - 
Iteration 0:
2025-02-23 17:12:12,701 - DEBUG - Generated Ising Hamiltonian
2025-02-23 17:12:12,907 - DEBUG - Optimizing QAOA circuit...
2025-02-23 17:12:13,796 - DEBUG - Circuit optimization successful
2025-02-23 17:12:13,797 - DEBUG - Circuit optimization successful, final value: -127.26973026973025
2025-02-23 17:12:13,797 - DEBUG - Sampling from optimized circuit...
2025-02-23 17:12:13,808 - DEBUG - Generated 69 unique samples from 200 total measurements
2025-02-23 17:12:13,809 - DEBUG - 
Top 5 most frequent samples:
2025-02-23 17:12:13,809 - DEBUG -   Rank | Count |   %   
2025-02-23 17:12:13,809 - DEBUG -   -----|-------|-------
2025-02-23 17:12:13,810 - DEBUG -      1 |    19 |   9.5
2025-02-23 17:12:13,810 - DEBUG -     Sample: [0 1 0 0 0 1 1 1 0 1]
2025-02-23 17:12:13,810 - DEBUG -      2 |    14 |   7.0
2025-02-23 17:12:13,811 - DEBUG -     Sample: [0 1 0 1 0 1 1 1 0 1]
2025-02-23 17:12:13,811 - DEBUG -      3 |    11 |   5.5
2025-02-23 17:12:13,812 - DEBUG -     Sample: [1 0 0 0 0 1 1 1 0 1]
2025-02-23 17:12:13,812 - DEBUG -      4 |    11 |   5.5
2025-02-23 17:12:13,812 - DEBUG -     Sample: [1 1 0 0 0 1 1 1 0 1]
2025-02-23 17:12:13,813 - DEBUG -      5 |    10 |   5.0
2025-02-23 17:12:13,813 - DEBUG -     Sample: [0 1 0 0 1 1 1 1 0 1]
2025-02-23 17:12:13,813 - DEBUG - Generated 69 unique samples from 200 total measurements
2025-02-23 17:12:13,815 - INFO -   No feasible solution found in this iteration
2025-02-23 17:12:13,816 - INFO -   Added 1 new constraints: [21]
2025-02-23 17:12:13,816 - INFO - 
Iteration 1:
2025-02-23 17:12:13,816 - DEBUG - Generated Ising Hamiltonian
2025-02-23 17:12:14,001 - DEBUG - Optimizing QAOA circuit...
2025-02-23 17:12:14,887 - DEBUG - Circuit optimization successful
2025-02-23 17:12:14,887 - DEBUG - Circuit optimization successful, final value: -3114.741008991009
2025-02-23 17:12:14,887 - DEBUG - Sampling from optimized circuit...
2025-02-23 17:12:14,898 - DEBUG - Generated 53 unique samples from 200 total measurements
2025-02-23 17:12:14,898 - DEBUG - 
Top 5 most frequent samples:
2025-02-23 17:12:14,898 - DEBUG -   Rank | Count |   %   
2025-02-23 17:12:14,898 - DEBUG -   -----|-------|-------
2025-02-23 17:12:14,898 - DEBUG -      1 |    25 |  12.5
2025-02-23 17:12:14,899 - DEBUG -     Sample: [0 1 1 1 1 0 0 1 1 0]
2025-02-23 17:12:14,899 - DEBUG -      2 |    20 |  10.0
2025-02-23 17:12:14,899 - DEBUG -     Sample: [0 1 0 1 1 0 0 1 1 0]
2025-02-23 17:12:14,899 - DEBUG -      3 |    17 |   8.5
2025-02-23 17:12:14,900 - DEBUG -     Sample: [0 1 1 1 1 1 0 1 1 0]
2025-02-23 17:12:14,900 - DEBUG -      4 |    14 |   7.0
2025-02-23 17:12:14,900 - DEBUG -     Sample: [0 1 0 1 1 1 0 1 1 0]
2025-02-23 17:12:14,900 - DEBUG -      5 |     9 |   4.5
2025-02-23 17:12:14,901 - DEBUG -     Sample: [0 1 1 1 1 0 0 1 1 1]
2025-02-23 17:12:14,901 - DEBUG - Generated 53 unique samples from 200 total measurements
2025-02-23 17:12:14,902 - INFO -   No feasible solution found in this iteration
2025-02-23 17:12:14,903 - INFO -   Added 1 new constraints: [22]
2025-02-23 17:12:14,904 - INFO - 
Iteration 2:
2025-02-23 17:12:14,905 - DEBUG - Generated Ising Hamiltonian
2025-02-23 17:12:15,092 - DEBUG - Optimizing QAOA circuit...
2025-02-23 17:12:15,992 - DEBUG - Circuit optimization successful
2025-02-23 17:12:15,992 - DEBUG - Circuit optimization successful, final value: -2463.5699300699303
2025-02-23 17:12:15,992 - DEBUG - Sampling from optimized circuit...
2025-02-23 17:12:16,002 - DEBUG - Generated 73 unique samples from 200 total measurements
2025-02-23 17:12:16,002 - DEBUG - 
Top 5 most frequent samples:
2025-02-23 17:12:16,002 - DEBUG -   Rank | Count |   %   
2025-02-23 17:12:16,002 - DEBUG -   -----|-------|-------
2025-02-23 17:12:16,002 - DEBUG -      1 |    15 |   7.5
2025-02-23 17:12:16,003 - DEBUG -     Sample: [0 0 0 0 0 0 1 0 0 0]
2025-02-23 17:12:16,003 - DEBUG -      2 |    15 |   7.5
2025-02-23 17:12:16,003 - DEBUG -     Sample: [0 0 0 0 0 0 1 0 1 0]
2025-02-23 17:12:16,003 - DEBUG -      3 |    12 |   6.0
2025-02-23 17:12:16,003 - DEBUG -     Sample: [0 0 0 0 0 0 1 0 0 1]
2025-02-23 17:12:16,003 - DEBUG -      4 |    11 |   5.5
2025-02-23 17:12:16,004 - DEBUG -     Sample: [0 0 0 0 0 0 1 1 1 1]
2025-02-23 17:12:16,004 - DEBUG -      5 |    11 |   5.5
2025-02-23 17:12:16,004 - DEBUG -     Sample: [0 0 0 0 0 0 1 1 1 0]
2025-02-23 17:12:16,004 - DEBUG - Generated 73 unique samples from 200 total measurements
2025-02-23 17:12:16,005 - INFO - Found feasible solution: [1 0 0 0 0 0 1 1 0 0] with objective value 134.0
2025-02-23 17:12:16,006 - INFO -   Found feasible solution:
2025-02-23 17:12:16,006 - INFO -     Solution: [1, 0, 0, 0, 0, 0, 1, 1, 0, 0]
2025-02-23 17:12:16,007 - INFO -     Value: 134.0
2025-02-23 17:12:16,007 - INFO -     Gap to reference: 0.00%
2025-02-23 17:12:16,007 - INFO - 
---
2025-02-23 17:12:16,007 - INFO - Solution Comparison:
2025-02-23 17:12:16,007 - INFO - Gap to classical reference: 0.00%
2025-02-23 17:12:16,009 - INFO - 
Problem information:
2025-02-23 17:12:16,009 - INFO -   Number of variables (n): 10
2025-02-23 17:12:16,009 - INFO -   Number of constraints (m): 30
2025-02-23 17:12:16,009 - DEBUG -   Density of A: 27.00%
2025-02-23 17:12:16,009 - INFO - 
=====
2025-02-23 17:12:16,009 - INFO - Running Classical Reference Solver (SCIP):
2025-02-23 17:12:16,010 - DEBUG - Problem dimensions: 30 constraints, 10 variables
2025-02-23 17:12:16,010 - DEBUG - Row names: ['ELEM1', 'ELEM2', 'ELEM3', 'ELEM4', 'ELEM5', 'ELEM6', 'ELEM7', 'ELEM8', 'ELEM9', 'ELEM10', 'ELEM11', 'ELEM12', 'ELEM13', 'ELEM14', 'ELEM15', 'ELEM16', 'ELEM17', 'ELEM18', 'ELEM19', 'ELEM20', 'ELEM21', 'ELEM22', 'ELEM23', 'ELEM24', 'ELEM25', 'ELEM26', 'ELEM27', 'ELEM28', 'ELEM29', 'ELEM30']
2025-02-23 17:12:16,010 - DEBUG - RHS values: {'ELEM1': 1.0, 'ELEM2': 1.0, 'ELEM3': 1.0, 'ELEM4': 1.0, 'ELEM5': 1.0, 'ELEM6': 1.0, 'ELEM7': 1.0, 'ELEM8': 1.0, 'ELEM9': 1.0, 'ELEM10': 1.0, 'ELEM11': 1.0, 'ELEM12': 1.0, 'ELEM13': 1.0, 'ELEM14': 1.0, 'ELEM15': 1.0, 'ELEM16': 1.0, 'ELEM17': 1.0, 'ELEM18': 1.0, 'ELEM19': 1.0, 'ELEM20': 1.0, 'ELEM21': 1.0, 'ELEM22': 1.0, 'ELEM23': 1.0, 'ELEM24': 1.0, 'ELEM25': 1.0, 'ELEM26': 1.0, 'ELEM27': 1.0, 'ELEM28': 1.0, 'ELEM29': 1.0, 'ELEM30': 1.0}
2025-02-23 17:12:16,020 - INFO -   Reference solution found:
2025-02-23 17:12:16,020 - INFO -     Solution: [0, 1, 0, 1, 1, 1, 0, 0, 0, 0]
2025-02-23 17:12:16,021 - INFO -     Value: 184.0
2025-02-23 17:12:16,021 - INFO - 
=====
2025-02-23 17:12:16,021 - INFO - Running Constraint Generation:
2025-02-23 17:12:16,022 - INFO - 
Problem information:
2025-02-23 17:12:16,022 - INFO -   Number of variables (n): 10
2025-02-23 17:12:16,023 - INFO -   Number of constraints (m): 30
2025-02-23 17:12:16,023 - DEBUG -   Density of A: 27.00%
2025-02-23 17:12:16,023 - INFO - 
Running classical reference solver:
2025-02-23 17:12:16,033 - INFO -   Reference solution found:
2025-02-23 17:12:16,033 - INFO -     Solution: [0, 1, 0, 1, 1, 1, 0, 0, 0, 0]
2025-02-23 17:12:16,033 - INFO -     Value: 184.0
2025-02-23 17:12:16,033 - INFO - 
Starting quantum constraint generation with parameters:
2025-02-23 17:12:16,034 - INFO -   sample_size (total shots): 200
2025-02-23 17:12:16,034 - INFO -   tau: 0.1
2025-02-23 17:12:16,034 - INFO -   max_iters: 1000
2025-02-23 17:12:16,034 - INFO - 
Iteration 0:
2025-02-23 17:12:16,034 - DEBUG - Generated Ising Hamiltonian
2025-02-23 17:12:16,213 - DEBUG - Optimizing QAOA circuit...
2025-02-23 17:12:17,170 - DEBUG - Circuit optimization successful
2025-02-23 17:12:17,170 - DEBUG - Circuit optimization successful, final value: -185.20279720279723
2025-02-23 17:12:17,170 - DEBUG - Sampling from optimized circuit...
2025-02-23 17:12:17,181 - DEBUG - Generated 131 unique samples from 200 total measurements
2025-02-23 17:12:17,181 - DEBUG - 
Top 5 most frequent samples:
2025-02-23 17:12:17,181 - DEBUG -   Rank | Count |   %   
2025-02-23 17:12:17,182 - DEBUG -   -----|-------|-------
2025-02-23 17:12:17,182 - DEBUG -      1 |     8 |   4.0
2025-02-23 17:12:17,182 - DEBUG -     Sample: [1 1 1 1 1 0 0 1 1 0]
2025-02-23 17:12:17,182 - DEBUG -      2 |     7 |   3.5
2025-02-23 17:12:17,182 - DEBUG -     Sample: [1 1 1 1 1 1 1 1 1 0]
2025-02-23 17:12:17,182 - DEBUG -      3 |     7 |   3.5
2025-02-23 17:12:17,183 - DEBUG -     Sample: [1 1 1 1 1 0 1 1 1 0]
2025-02-23 17:12:17,183 - DEBUG -      4 |     6 |   3.0
2025-02-23 17:12:17,183 - DEBUG -     Sample: [1 1 1 1 1 1 1 1 1 1]
2025-02-23 17:12:17,183 - DEBUG -      5 |     5 |   2.5
2025-02-23 17:12:17,183 - DEBUG -     Sample: [1 0 1 1 1 1 1 1 1 0]
2025-02-23 17:12:17,184 - DEBUG - Generated 131 unique samples from 200 total measurements
2025-02-23 17:12:17,186 - INFO -   No feasible solution found in this iteration
2025-02-23 17:12:17,187 - INFO -   Added 1 new constraints: [22]
2025-02-23 17:12:17,187 - INFO - 
Iteration 1:
2025-02-23 17:12:17,188 - DEBUG - Generated Ising Hamiltonian
2025-02-23 17:12:17,380 - DEBUG - Optimizing QAOA circuit...
2025-02-23 17:12:18,291 - DEBUG - Circuit optimization successful
2025-02-23 17:12:18,291 - DEBUG - Circuit optimization successful, final value: -3131.82017982018
2025-02-23 17:12:18,292 - DEBUG - Sampling from optimized circuit...
2025-02-23 17:12:18,302 - DEBUG - Generated 137 unique samples from 200 total measurements
2025-02-23 17:12:18,302 - DEBUG - 
Top 5 most frequent samples:
2025-02-23 17:12:18,302 - DEBUG -   Rank | Count |   %   
2025-02-23 17:12:18,302 - DEBUG -   -----|-------|-------
2025-02-23 17:12:18,302 - DEBUG -      1 |     9 |   4.5
2025-02-23 17:12:18,303 - DEBUG -     Sample: [1 1 0 0 1 0 0 1 1 1]
2025-02-23 17:12:18,303 - DEBUG -      2 |     4 |   2.0
2025-02-23 17:12:18,303 - DEBUG -     Sample: [1 1 0 0 1 1 0 0 1 1]
2025-02-23 17:12:18,303 - DEBUG -      3 |     4 |   2.0
2025-02-23 17:12:18,303 - DEBUG -     Sample: [1 1 1 0 1 0 0 1 1 1]
2025-02-23 17:12:18,303 - DEBUG -      4 |     4 |   2.0
2025-02-23 17:12:18,304 - DEBUG -     Sample: [1 1 0 0 1 1 0 1 0 1]
2025-02-23 17:12:18,304 - DEBUG -      5 |     3 |   1.5
2025-02-23 17:12:18,304 - DEBUG -     Sample: [1 1 0 0 1 0 0 0 1 0]
2025-02-23 17:12:18,305 - DEBUG - Generated 137 unique samples from 200 total measurements
2025-02-23 17:12:18,308 - INFO -   No feasible solution found in this iteration
2025-02-23 17:12:18,308 - INFO -   Added 1 new constraints: [29]
2025-02-23 17:12:18,308 - INFO - 
Iteration 2:
2025-02-23 17:12:18,309 - DEBUG - Generated Ising Hamiltonian
2025-02-23 17:12:18,495 - DEBUG - Optimizing QAOA circuit...
2025-02-23 17:12:19,461 - DEBUG - Circuit optimization successful
2025-02-23 17:12:19,461 - DEBUG - Circuit optimization successful, final value: -10989.495004995004
2025-02-23 17:12:19,462 - DEBUG - Sampling from optimized circuit...
2025-02-23 17:12:19,474 - DEBUG - Generated 130 unique samples from 200 total measurements
2025-02-23 17:12:19,475 - DEBUG - 
Top 5 most frequent samples:
2025-02-23 17:12:19,475 - DEBUG -   Rank | Count |   %   
2025-02-23 17:12:19,475 - DEBUG -   -----|-------|-------
2025-02-23 17:12:19,475 - DEBUG -      1 |     9 |   4.5
2025-02-23 17:12:19,476 - DEBUG -     Sample: [1 1 0 0 0 1 0 0 1 0]
2025-02-23 17:12:19,476 - DEBUG -      2 |     6 |   3.0
2025-02-23 17:12:19,476 - DEBUG -     Sample: [1 1 0 0 0 0 0 0 1 0]
2025-02-23 17:12:19,476 - DEBUG -      3 |     6 |   3.0
2025-02-23 17:12:19,477 - DEBUG -     Sample: [1 1 0 0 1 0 0 0 1 0]
2025-02-23 17:12:19,477 - DEBUG -      4 |     5 |   2.5
2025-02-23 17:12:19,477 - DEBUG -     Sample: [1 1 1 0 0 0 0 0 1 0]
2025-02-23 17:12:19,477 - DEBUG -      5 |     5 |   2.5
2025-02-23 17:12:19,478 - DEBUG -     Sample: [0 1 0 0 0 1 0 0 1 0]
2025-02-23 17:12:19,478 - DEBUG - Generated 130 unique samples from 200 total measurements
2025-02-23 17:12:19,480 - INFO -   No feasible solution found in this iteration
2025-02-23 17:12:19,481 - INFO -   Added 1 new constraints: [27]
2025-02-23 17:12:19,481 - INFO - 
Iteration 3:
2025-02-23 17:12:19,482 - DEBUG - Generated Ising Hamiltonian
2025-02-23 17:12:19,671 - DEBUG - Optimizing QAOA circuit...
2025-02-23 17:12:20,637 - DEBUG - Circuit optimization successful
2025-02-23 17:12:20,637 - DEBUG - Circuit optimization successful, final value: -7359.813186813187
2025-02-23 17:12:20,637 - DEBUG - Sampling from optimized circuit...
2025-02-23 17:12:20,647 - DEBUG - Generated 136 unique samples from 200 total measurements
2025-02-23 17:12:20,648 - DEBUG - 
Top 5 most frequent samples:
2025-02-23 17:12:20,648 - DEBUG -   Rank | Count |   %   
2025-02-23 17:12:20,648 - DEBUG -   -----|-------|-------
2025-02-23 17:12:20,648 - DEBUG -      1 |     6 |   3.0
2025-02-23 17:12:20,648 - DEBUG -     Sample: [1 1 0 0 1 0 0 0 0 0]
2025-02-23 17:12:20,649 - DEBUG -      2 |     5 |   2.5
2025-02-23 17:12:20,649 - DEBUG -     Sample: [1 1 0 0 1 1 0 0 0 0]
2025-02-23 17:12:20,649 - DEBUG -      3 |     5 |   2.5
2025-02-23 17:12:20,649 - DEBUG -     Sample: [1 1 0 0 0 1 0 1 0 0]
2025-02-23 17:12:20,649 - DEBUG -      4 |     4 |   2.0
2025-02-23 17:12:20,649 - DEBUG -     Sample: [1 1 0 0 1 0 0 0 1 1]
2025-02-23 17:12:20,649 - DEBUG -      5 |     4 |   2.0
2025-02-23 17:12:20,650 - DEBUG -     Sample: [1 1 0 0 1 0 0 0 0 1]
2025-02-23 17:12:20,650 - DEBUG - Generated 136 unique samples from 200 total measurements
2025-02-23 17:12:20,652 - INFO -   No feasible solution found in this iteration
2025-02-23 17:12:20,652 - INFO -   Added 1 new constraints: [9]
2025-02-23 17:12:20,653 - INFO - 
Iteration 4:
2025-02-23 17:12:20,653 - DEBUG - Generated Ising Hamiltonian
2025-02-23 17:12:20,825 - DEBUG - Optimizing QAOA circuit...
2025-02-23 17:12:21,777 - DEBUG - Circuit optimization successful
2025-02-23 17:12:21,777 - DEBUG - Circuit optimization successful, final value: -11203.888111888113
2025-02-23 17:12:21,777 - DEBUG - Sampling from optimized circuit...
2025-02-23 17:12:21,788 - DEBUG - Generated 159 unique samples from 200 total measurements
2025-02-23 17:12:21,788 - DEBUG - 
Top 5 most frequent samples:
2025-02-23 17:12:21,788 - DEBUG -   Rank | Count |   %   
2025-02-23 17:12:21,789 - DEBUG -   -----|-------|-------
2025-02-23 17:12:21,789 - DEBUG -      1 |     5 |   2.5
2025-02-23 17:12:21,789 - DEBUG -     Sample: [0 1 0 1 0 0 0 0 0 1]
2025-02-23 17:12:21,789 - DEBUG -      2 |     4 |   2.0
2025-02-23 17:12:21,789 - DEBUG -     Sample: [0 1 0 1 1 0 0 0 0 0]
2025-02-23 17:12:21,789 - DEBUG -      3 |     3 |   1.5
2025-02-23 17:12:21,790 - DEBUG -     Sample: [0 1 0 0 0 0 1 0 1 1]
2025-02-23 17:12:21,790 - DEBUG -      4 |     3 |   1.5
2025-02-23 17:12:21,790 - DEBUG -     Sample: [1 1 0 1 0 0 0 0 1 0]
2025-02-23 17:12:21,790 - DEBUG -      5 |     3 |   1.5
2025-02-23 17:12:21,790 - DEBUG -     Sample: [1 1 0 1 1 0 1 0 0 0]
2025-02-23 17:12:21,791 - DEBUG - Generated 159 unique samples from 200 total measurements
2025-02-23 17:12:21,793 - INFO - Found feasible solution: [1 0 0 0 0 0 1 1 1 0] with objective value 249.0
2025-02-23 17:12:21,793 - INFO - Found feasible solution: [0 1 0 1 1 1 0 0 0 0] with objective value 184.0
2025-02-23 17:12:21,794 - INFO -   Found feasible solution:
2025-02-23 17:12:21,794 - INFO -     Solution: [0, 1, 0, 1, 1, 1, 0, 0, 0, 0]
2025-02-23 17:12:21,794 - INFO -     Value: 184.0
2025-02-23 17:12:21,794 - INFO -     Gap to reference: 0.00%
2025-02-23 17:12:21,794 - INFO - 
---
2025-02-23 17:12:21,795 - INFO - Solution Comparison:
2025-02-23 17:12:21,795 - INFO - Gap to classical reference: 0.00%
2025-02-23 17:12:21,795 - INFO - 
Instance 2 results:
2025-02-23 17:12:21,795 - INFO -   Classical value: 190.00000000000003
2025-02-23 17:12:21,795 - INFO -   QAOA value: 134.0
2025-02-23 17:12:21,795 - INFO -   Constraint generation value: 184.0
2025-02-23 17:12:21,796 - INFO - 
Running instance 3/100
2025-02-23 17:12:21,797 - INFO - 
Problem information:
2025-02-23 17:12:21,797 - INFO -   Number of variables (n): 10
2025-02-23 17:12:21,797 - INFO -   Number of constraints (m): 30
2025-02-23 17:12:21,798 - DEBUG -   Density of A: 30.00%
2025-02-23 17:12:21,798 - INFO - 
Running Classical Reference Solver (SCIP):
2025-02-23 17:12:21,798 - DEBUG - Problem dimensions: 30 constraints, 10 variables
2025-02-23 17:12:21,798 - DEBUG - Row names: ['ELEM1', 'ELEM2', 'ELEM3', 'ELEM4', 'ELEM5', 'ELEM6', 'ELEM7', 'ELEM8', 'ELEM9', 'ELEM10', 'ELEM11', 'ELEM12', 'ELEM13', 'ELEM14', 'ELEM15', 'ELEM16', 'ELEM17', 'ELEM18', 'ELEM19', 'ELEM20', 'ELEM21', 'ELEM22', 'ELEM23', 'ELEM24', 'ELEM25', 'ELEM26', 'ELEM27', 'ELEM28', 'ELEM29', 'ELEM30']
2025-02-23 17:12:21,798 - DEBUG - RHS values: {'ELEM1': 1.0, 'ELEM2': 1.0, 'ELEM3': 1.0, 'ELEM4': 1.0, 'ELEM5': 1.0, 'ELEM6': 1.0, 'ELEM7': 1.0, 'ELEM8': 1.0, 'ELEM9': 1.0, 'ELEM10': 1.0, 'ELEM11': 1.0, 'ELEM12': 1.0, 'ELEM13': 1.0, 'ELEM14': 1.0, 'ELEM15': 1.0, 'ELEM16': 1.0, 'ELEM17': 1.0, 'ELEM18': 1.0, 'ELEM19': 1.0, 'ELEM20': 1.0, 'ELEM21': 1.0, 'ELEM22': 1.0, 'ELEM23': 1.0, 'ELEM24': 1.0, 'ELEM25': 1.0, 'ELEM26': 1.0, 'ELEM27': 1.0, 'ELEM28': 1.0, 'ELEM29': 1.0, 'ELEM30': 1.0}
2025-02-23 17:12:21,814 - INFO - 
Problem information:
2025-02-23 17:12:21,815 - INFO -   Number of variables (n): 10
2025-02-23 17:12:21,815 - INFO -   Number of constraints (m): 30
2025-02-23 17:12:21,815 - DEBUG -   Density of A: 21.33%
2025-02-23 17:12:21,815 - INFO - 
=====
2025-02-23 17:12:21,815 - INFO - Running QAOA Reference Solution (with all constraints):
