2025-02-24 14:17:01,290 - INFO - 
Problem information:
2025-02-24 14:17:01,290 - INFO -   Number of variables (n): 12
2025-02-24 14:17:01,290 - INFO -   Number of constraints (m): 40
2025-02-24 14:17:01,291 - DEBUG -   Density of A: 25.00%
2025-02-24 14:17:01,291 - INFO - 
Starting reference QAOA with parameters:
2025-02-24 14:17:01,291 - INFO -   sample_size (total shots): 1000
2025-02-24 14:17:01,291 - INFO - Added all constraints
2025-02-24 14:17:01,291 - DEBUG - Generated Ising Hamiltonian
2025-02-24 14:17:01,417 - DEBUG - Optimizing QAOA circuit...
2025-02-24 14:17:05,284 - DEBUG - Circuit optimization successful
2025-02-24 14:17:05,284 - DEBUG - Circuit optimization successful, final value: -18155.25974025973
2025-02-24 14:17:05,285 - DEBUG - Sampling from optimized circuit...
2025-02-24 14:17:05,320 - DEBUG - Generated 754 unique samples from 1000 total measurements
2025-02-24 14:17:05,320 - DEBUG - 
Top 5 most frequent samples:
2025-02-24 14:17:05,321 - DEBUG -   Rank | Count |   %   
2025-02-24 14:17:05,321 - DEBUG -   -----|-------|-------
2025-02-24 14:17:05,321 - DEBUG -      1 |     6 |   0.6
2025-02-24 14:17:05,321 - DEBUG -     Sample: [0 1 0 1 1 0 1 0 0 1 1 1]
2025-02-24 14:17:05,321 - DEBUG -      2 |     6 |   0.6
2025-02-24 14:17:05,321 - DEBUG -     Sample: [0 0 0 0 1 0 1 0 0 1 1 1]
2025-02-24 14:17:05,321 - DEBUG -      3 |     5 |   0.5
2025-02-24 14:17:05,322 - DEBUG -     Sample: [0 0 0 0 1 0 1 0 1 1 1 1]
2025-02-24 14:17:05,322 - DEBUG -      4 |     5 |   0.5
2025-02-24 14:17:05,322 - DEBUG -     Sample: [0 0 0 1 1 0 1 0 0 1 1 1]
2025-02-24 14:17:05,322 - DEBUG -      5 |     5 |   0.5
2025-02-24 14:17:05,322 - DEBUG -     Sample: [0 0 1 0 0 0 1 0 0 0 0 1]
2025-02-24 14:17:05,323 - DEBUG - Generated 754 unique samples from 1000 total measurements
2025-02-24 14:17:05,334 - INFO - No feasible solution found
2025-02-24 14:17:05,335 - INFO -   QAOA solver found no feasible solution
2025-02-24 14:17:05,335 - INFO - 
Running Constraint Generation:
2025-02-24 14:17:05,336 - INFO - 
Problem information:
2025-02-24 14:17:05,336 - INFO -   Number of variables (n): 12
2025-02-24 14:17:05,336 - INFO -   Number of constraints (m): 40
2025-02-24 14:17:05,337 - DEBUG -   Density of A: 25.00%
2025-02-24 14:17:05,337 - INFO - 
Running classical reference solver:
2025-02-24 14:17:05,346 - INFO -   Reference solution found:
2025-02-24 14:17:05,346 - INFO -     Solution: [1, 0, 0, 0, 0, 0, 1, 1, 0, 0, 0, 0]
2025-02-24 14:17:05,347 - INFO -     Value: 161.0
2025-02-24 14:17:05,347 - INFO - 
Starting quantum constraint generation with parameters:
2025-02-24 14:17:05,347 - INFO -   sample_size (total shots): 1000
2025-02-24 14:17:05,347 - INFO -   tau: 0.1
2025-02-24 14:17:05,347 - INFO -   max_iters: 1000
2025-02-24 14:17:05,347 - INFO - 
Iteration 0:
2025-02-24 14:17:05,347 - DEBUG - Generated Ising Hamiltonian
2025-02-24 14:17:05,348 - DEBUG - Optimizing QAOA circuit...
2025-02-24 14:17:07,936 - WARNING - Circuit optimization did not converge
2025-02-24 14:17:07,936 - WARNING - Circuit optimization did not converge
2025-02-24 14:17:07,936 - DEBUG - Sampling from optimized circuit...
2025-02-24 14:17:07,989 - DEBUG - Generated 14 unique samples from 1000 total measurements
2025-02-24 14:17:07,989 - DEBUG - 
Top 5 most frequent samples:
2025-02-24 14:17:07,989 - DEBUG -   Rank | Count |   %   
2025-02-24 14:17:07,989 - DEBUG -   -----|-------|-------
2025-02-24 14:17:07,989 - DEBUG -      1 |   640 |  64.0
2025-02-24 14:17:07,990 - DEBUG -     Sample: [0 0 0 0 0 0 0 0 1 0 1 0]
2025-02-24 14:17:07,990 - DEBUG -      2 |   178 |  17.8
2025-02-24 14:17:07,990 - DEBUG -     Sample: [0 0 0 0 0 0 0 0 1 1 1 0]
2025-02-24 14:17:07,990 - DEBUG -      3 |    94 |   9.4
2025-02-24 14:17:07,990 - DEBUG -     Sample: [0 0 0 0 0 0 0 0 1 0 0 0]
2025-02-24 14:17:07,990 - DEBUG -      4 |    32 |   3.2
2025-02-24 14:17:07,990 - DEBUG -     Sample: [0 0 0 0 0 0 0 0 0 0 1 0]
2025-02-24 14:17:07,990 - DEBUG -      5 |    18 |   1.8
2025-02-24 14:17:07,991 - DEBUG -     Sample: [0 0 0 0 0 0 0 0 1 0 1 1]
2025-02-24 14:17:07,991 - DEBUG - Generated 14 unique samples from 1000 total measurements
2025-02-24 14:17:07,991 - INFO -   No feasible solution found in this iteration
2025-02-24 14:17:07,991 - INFO -   Added 10 new constraints: [0, 4, 7, 8, 11, 14, 17, 24, 28, 32]
2025-02-24 14:17:07,992 - INFO - 
Iteration 1:
2025-02-24 14:17:07,992 - DEBUG - Generated Ising Hamiltonian
2025-02-24 14:17:07,993 - DEBUG - Optimizing QAOA circuit...
2025-02-24 14:17:19,914 - WARNING - Circuit optimization did not converge
2025-02-24 14:17:19,914 - WARNING - Circuit optimization did not converge
2025-02-24 14:17:19,914 - DEBUG - Sampling from optimized circuit...
2025-02-24 14:17:19,962 - DEBUG - Generated 9 unique samples from 1000 total measurements
2025-02-24 14:17:19,962 - DEBUG - 
Top 5 most frequent samples:
2025-02-24 14:17:19,962 - DEBUG -   Rank | Count |   %   
2025-02-24 14:17:19,962 - DEBUG -   -----|-------|-------
2025-02-24 14:17:19,962 - DEBUG -      1 |   506 |  50.6
2025-02-24 14:17:19,963 - DEBUG -     Sample: [0 0 0 0 0 0 0 0 1 1 1 1]
2025-02-24 14:17:19,963 - DEBUG -      2 |   200 |  20.0
2025-02-24 14:17:19,963 - DEBUG -     Sample: [0 0 0 0 0 0 0 0 1 0 1 1]
2025-02-24 14:17:19,963 - DEBUG -      3 |   136 |  13.6
2025-02-24 14:17:19,963 - DEBUG -     Sample: [0 0 0 0 0 0 0 0 0 1 1 1]
2025-02-24 14:17:19,963 - DEBUG -      4 |    57 |   5.7
2025-02-24 14:17:19,963 - DEBUG -     Sample: [0 0 0 0 0 0 0 0 0 0 1 1]
2025-02-24 14:17:19,963 - DEBUG -      5 |    50 |   5.0
2025-02-24 14:17:19,963 - DEBUG -     Sample: [0 0 0 0 0 0 0 0 1 1 1 0]
2025-02-24 14:17:19,963 - DEBUG - Generated 9 unique samples from 1000 total measurements
2025-02-24 14:17:19,964 - INFO -   No feasible solution found in this iteration
2025-02-24 14:17:19,964 - INFO -   No new constraints added, lowered tau multiplier: 1.0 -> 0.9
2025-02-24 14:17:19,964 - INFO -   No new constraints added, lowered tau multiplier: 0.9 -> 0.8
2025-02-24 14:17:19,964 - INFO -   No new constraints added, lowered tau multiplier: 0.8 -> 0.7
2025-02-24 14:17:19,964 - INFO -   No new constraints added, lowered tau multiplier: 0.7 -> 0.6
2025-02-24 14:17:19,964 - INFO -   No new constraints added, lowered tau multiplier: 0.6 -> 0.5
2025-02-24 14:17:19,964 - INFO -   Added 15 new constraints: [2, 12, 13, 18, 19, 20, 27, 29, 30, 33, 34, 35, 36, 37, 39]
2025-02-24 14:17:19,964 - INFO - 
Iteration 2:
2025-02-24 14:17:19,965 - DEBUG - Generated Ising Hamiltonian
2025-02-24 14:17:19,966 - DEBUG - Optimizing QAOA circuit...
2025-02-24 14:17:28,720 - WARNING - Circuit optimization did not converge
2025-02-24 14:17:28,720 - WARNING - Circuit optimization did not converge
2025-02-24 14:17:28,721 - DEBUG - Sampling from optimized circuit...
2025-02-24 14:17:28,769 - DEBUG - Generated 16 unique samples from 1000 total measurements
2025-02-24 14:17:28,769 - DEBUG - 
Top 5 most frequent samples:
2025-02-24 14:17:28,769 - DEBUG -   Rank | Count |   %   
2025-02-24 14:17:28,769 - DEBUG -   -----|-------|-------
2025-02-24 14:17:28,769 - DEBUG -      1 |    96 |   9.6
2025-02-24 14:17:28,769 - DEBUG -     Sample: [0 0 0 0 0 0 0 0 1 1 1 1]
2025-02-24 14:17:28,770 - DEBUG -      2 |    94 |   9.4
2025-02-24 14:17:28,770 - DEBUG -     Sample: [0 0 0 0 0 0 0 0 1 1 0 1]
2025-02-24 14:17:28,770 - DEBUG -      3 |    93 |   9.3
2025-02-24 14:17:28,770 - DEBUG -     Sample: [0 0 0 0 0 0 0 0 0 0 0 0]
2025-02-24 14:17:28,770 - DEBUG -      4 |    91 |   9.1
2025-02-24 14:17:28,770 - DEBUG -     Sample: [0 0 0 0 0 0 0 0 0 1 0 0]
2025-02-24 14:17:28,770 - DEBUG -      5 |    87 |   8.7
2025-02-24 14:17:28,771 - DEBUG -     Sample: [0 0 0 0 0 0 0 0 0 0 1 0]
2025-02-24 14:17:28,771 - DEBUG - Generated 16 unique samples from 1000 total measurements
2025-02-24 14:17:28,771 - INFO -   No feasible solution found in this iteration
2025-02-24 14:17:28,771 - INFO -   No new constraints added, lowered tau multiplier: 1.0 -> 0.9
2025-02-24 14:17:28,771 - INFO -   No new constraints added, lowered tau multiplier: 0.9 -> 0.8
2025-02-24 14:17:28,771 - INFO -   No new constraints added, lowered tau multiplier: 0.8 -> 0.7
2025-02-24 14:17:28,771 - INFO -   No new constraints added, lowered tau multiplier: 0.7 -> 0.6
2025-02-24 14:17:28,772 - INFO -   No new constraints added, lowered tau multiplier: 0.6 -> 0.5
2025-02-24 14:17:28,772 - INFO -   No new constraints added, lowered tau multiplier: 0.5 -> 0.4
2025-02-24 14:17:28,772 - INFO -   Added 15 new constraints: [1, 3, 5, 6, 9, 10, 15, 16, 21, 22, 23, 25, 26, 31, 38]
2025-02-24 14:17:28,772 - INFO - 
Iteration 3:
2025-02-24 14:17:28,772 - DEBUG - Generated Ising Hamiltonian
2025-02-24 14:17:28,774 - DEBUG - Optimizing QAOA circuit...
2025-02-24 14:17:42,514 - WARNING - Circuit optimization did not converge
2025-02-24 14:17:42,514 - WARNING - Circuit optimization did not converge
2025-02-24 14:17:42,515 - DEBUG - Sampling from optimized circuit...
2025-02-24 14:17:42,569 - DEBUG - Generated 16 unique samples from 1000 total measurements
2025-02-24 14:17:42,569 - DEBUG - 
Top 5 most frequent samples:
2025-02-24 14:17:42,569 - DEBUG -   Rank | Count |   %   
2025-02-24 14:17:42,569 - DEBUG -   -----|-------|-------
2025-02-24 14:17:42,569 - DEBUG -      1 |   284 |  28.4
2025-02-24 14:17:42,569 - DEBUG -     Sample: [0 0 0 0 0 0 0 0 1 1 0 1]
2025-02-24 14:17:42,569 - DEBUG -      2 |   247 |  24.7
2025-02-24 14:17:42,570 - DEBUG -     Sample: [0 0 0 0 0 0 0 0 1 1 0 0]
2025-02-24 14:17:42,570 - DEBUG -      3 |   117 |  11.7
2025-02-24 14:17:42,570 - DEBUG -     Sample: [0 0 0 0 0 0 0 0 1 0 0 0]
2025-02-24 14:17:42,570 - DEBUG -      4 |    74 |   7.4
2025-02-24 14:17:42,570 - DEBUG -     Sample: [0 0 0 0 0 0 0 0 1 1 1 0]
2025-02-24 14:17:42,570 - DEBUG -      5 |    59 |   5.9
2025-02-24 14:17:42,570 - DEBUG -     Sample: [0 0 0 0 0 0 0 0 1 0 0 1]
2025-02-24 14:17:42,571 - DEBUG - Generated 16 unique samples from 1000 total measurements
2025-02-24 14:17:42,571 - INFO -   No feasible solution found in this iteration
2025-02-24 14:17:42,571 - INFO -   All constraints added, exiting
2025-02-24 14:17:42,571 - INFO -   Constraint generation found no feasible solution
2025-02-24 14:17:42,571 - INFO - 
Instance 15 results:
2025-02-24 14:17:42,571 - INFO -   Classical value: 161.0
2025-02-24 14:17:42,571 - INFO -   QAOA value: 0.0
2025-02-24 14:17:42,571 - INFO -   Constraint generation value: 0.0
2025-02-24 14:17:42,572 - INFO - 
Running instance 16/100
2025-02-24 14:17:42,573 - INFO - 
Running Classical Reference Solver (SCIP):
2025-02-24 14:17:42,575 - DEBUG - Problem dimensions: 40 constraints, 12 variables
2025-02-24 14:17:42,575 - DEBUG - Row names: ['ELEM1', 'ELEM2', 'ELEM3', 'ELEM4', 'ELEM5', 'ELEM6', 'ELEM7', 'ELEM8', 'ELEM9', 'ELEM10', 'ELEM11', 'ELEM12', 'ELEM13', 'ELEM14', 'ELEM15', 'ELEM16', 'ELEM17', 'ELEM18', 'ELEM19', 'ELEM20', 'ELEM21', 'ELEM22', 'ELEM23', 'ELEM24', 'ELEM25', 'ELEM26', 'ELEM27', 'ELEM28', 'ELEM29', 'ELEM30', 'ELEM31', 'ELEM32', 'ELEM33', 'ELEM34', 'ELEM35', 'ELEM36', 'ELEM37', 'ELEM38', 'ELEM39', 'ELEM40']
2025-02-24 14:17:42,575 - DEBUG - RHS values: {'ELEM1': 1.0, 'ELEM2': 1.0, 'ELEM3': 1.0, 'ELEM4': 1.0, 'ELEM5': 1.0, 'ELEM6': 1.0, 'ELEM7': 1.0, 'ELEM8': 1.0, 'ELEM9': 1.0, 'ELEM10': 1.0, 'ELEM11': 1.0, 'ELEM12': 1.0, 'ELEM13': 1.0, 'ELEM14': 1.0, 'ELEM15': 1.0, 'ELEM16': 1.0, 'ELEM17': 1.0, 'ELEM18': 1.0, 'ELEM19': 1.0, 'ELEM20': 1.0, 'ELEM21': 1.0, 'ELEM22': 1.0, 'ELEM23': 1.0, 'ELEM24': 1.0, 'ELEM25': 1.0, 'ELEM26': 1.0, 'ELEM27': 1.0, 'ELEM28': 1.0, 'ELEM29': 1.0, 'ELEM30': 1.0, 'ELEM31': 1.0, 'ELEM32': 1.0, 'ELEM33': 1.0, 'ELEM34': 1.0, 'ELEM35': 1.0, 'ELEM36': 1.0, 'ELEM37': 1.0, 'ELEM38': 1.0, 'ELEM39': 1.0, 'ELEM40': 1.0}
2025-02-24 14:17:42,584 - INFO -   Reference solution found:
2025-02-24 14:17:42,584 - INFO -     Solution: [1, 0, 0, 1, 0, 1, 0, 1, 0, 0, 0, 0]
2025-02-24 14:17:42,584 - INFO -     Value: 189.0
2025-02-24 14:17:42,584 - INFO - 
Running QAOA Reference Solution (with all constraints):
