
Problem information:
  Number of variables (n): 12
  Number of constraints (m): 40

Starting reference QAOA with parameters:
  sample_size (total shots): 1000
Added all constraints
Found feasible solution: [1 0 0 1 1 0 1 0 0 1 0 0] with objective value 284.0
Found feasible solution:
  Solution: [1, 0, 0, 1, 1, 0, 1, 0, 0, 1, 0, 0]
  Value: 284.0
  QAOA solution found:
    Solution: [1, 0, 0, 1, 1, 0, 1, 0, 0, 1, 0, 0]
    Value: 284.0

Running Constraint Generation:

Problem information:
  Number of variables (n): 12
  Number of constraints (m): 40

Running classical reference solver:
  Reference solution found:
    Solution: [0, 0, 1, 0, 0, 0, 0, 1, 0, 0, 1, 0]
    Value: 46.0

Starting quantum constraint generation with parameters:
  sample_size (total shots): 1000
  tau: 0.1
  max_iters: 1000

Iteration 0:
Circuit optimization did not converge
Circuit optimization did not converge
  No feasible solution found in this iteration
  Added 8 new constraints: [1, 2, 10, 14, 23, 29, 36, 37]

Iteration 1:
Circuit optimization did not converge
Circuit optimization did not converge
  No feasible solution found in this iteration
  No new constraints added, lowered tau multiplier: 1.0 -> 0.9
  No new constraints added, lowered tau multiplier: 0.9 -> 0.8
  No new constraints added, lowered tau multiplier: 0.8 -> 0.7
  No new constraints added, lowered tau multiplier: 0.7 -> 0.6
  No new constraints added, lowered tau multiplier: 0.6 -> 0.5
  Added 29 new constraints: [0, 4, 5, 6, 7, 8, 9, 11, 12, 13, 15, 16, 17, 18, 19, 21, 22, 24, 25, 26, 28, 30, 31, 32, 33, 34, 35, 38, 39]

Iteration 2:
Circuit optimization did not converge
Circuit optimization did not converge
  No feasible solution found in this iteration
  No new constraints added, lowered tau multiplier: 1.0 -> 0.9
  No new constraints added, lowered tau multiplier: 0.9 -> 0.8
  No new constraints added, lowered tau multiplier: 0.8 -> 0.7
  No new constraints added, lowered tau multiplier: 0.7 -> 0.6
  No new constraints added, lowered tau multiplier: 0.6 -> 0.5
  No new constraints added, lowered tau multiplier: 0.5 -> 0.4
  Added 3 new constraints: [3, 20, 27]

Iteration 3:
Circuit optimization did not converge
Circuit optimization did not converge
  No feasible solution found in this iteration
  All constraints added, exiting
  Constraint generation found no feasible solution

Instance 71 results:
  Classical value: 46.0
  QAOA value: 284.0
  Constraint generation value: 0.0

Running instance 72/100

Running Classical Reference Solver (SCIP):
  Reference solution found:
    Solution: [1, 1, 1, 1, 0, 0, 0, 0, 1, 0, 1, 0]
    Value: 218.0

Running QAOA Reference Solution (with all constraints):
