2025-02-24 14:23:47,532 - INFO - 
Problem information:
2025-02-24 14:23:47,532 - INFO -   Number of variables (n): 12
2025-02-24 14:23:47,532 - INFO -   Number of constraints (m): 40
2025-02-24 14:23:47,532 - DEBUG -   Density of A: 16.67%
2025-02-24 14:23:47,532 - INFO - 
Starting reference QAOA with parameters:
2025-02-24 14:23:47,532 - INFO -   sample_size (total shots): 1000
2025-02-24 14:23:47,532 - INFO - Added all constraints
2025-02-24 14:23:47,533 - DEBUG - Generated Ising Hamiltonian
2025-02-24 14:23:47,652 - DEBUG - Optimizing QAOA circuit...
2025-02-24 14:23:50,293 - DEBUG - Circuit optimization successful
2025-02-24 14:23:50,294 - DEBUG - Circuit optimization successful, final value: 6168.896103896104
2025-02-24 14:23:50,294 - DEBUG - Sampling from optimized circuit...
2025-02-24 14:23:50,321 - DEBUG - Generated 479 unique samples from 1000 total measurements
2025-02-24 14:23:50,322 - DEBUG - 
Top 5 most frequent samples:
2025-02-24 14:23:50,322 - DEBUG -   Rank | Count |   %   
2025-02-24 14:23:50,322 - DEBUG -   -----|-------|-------
2025-02-24 14:23:50,322 - DEBUG -      1 |    17 |   1.7
2025-02-24 14:23:50,322 - DEBUG -     Sample: [1 0 0 1 1 1 0 1 0 1 1 1]
2025-02-24 14:23:50,322 - DEBUG -      2 |    16 |   1.6
2025-02-24 14:23:50,322 - DEBUG -     Sample: [0 1 0 1 1 0 0 1 1 1 0 1]
2025-02-24 14:23:50,322 - DEBUG -      3 |    15 |   1.5
2025-02-24 14:23:50,323 - DEBUG -     Sample: [0 1 0 1 1 1 0 1 1 1 0 1]
2025-02-24 14:23:50,323 - DEBUG -      4 |    12 |   1.2
2025-02-24 14:23:50,323 - DEBUG -     Sample: [0 1 0 0 1 0 0 1 1 1 0 1]
2025-02-24 14:23:50,323 - DEBUG -      5 |    12 |   1.2
2025-02-24 14:23:50,323 - DEBUG -     Sample: [1 0 0 0 1 0 1 1 0 1 1 1]
2025-02-24 14:23:50,324 - DEBUG - Generated 479 unique samples from 1000 total measurements
2025-02-24 14:23:50,331 - INFO - No feasible solution found
2025-02-24 14:23:50,331 - INFO -   QAOA solver found no feasible solution
2025-02-24 14:23:50,332 - INFO - 
Running Constraint Generation:
2025-02-24 14:23:50,333 - INFO - 
Problem information:
2025-02-24 14:23:50,333 - INFO -   Number of variables (n): 12
2025-02-24 14:23:50,333 - INFO -   Number of constraints (m): 40
2025-02-24 14:23:50,333 - DEBUG -   Density of A: 16.67%
2025-02-24 14:23:50,333 - INFO - 
Running classical reference solver:
2025-02-24 14:23:50,341 - INFO -   Reference solution found:
2025-02-24 14:23:50,341 - INFO -     Solution: [0, 1, 0, 1, 0, 0, 1, 0, 0, 0, 1, 0]
2025-02-24 14:23:50,341 - INFO -     Value: 213.0
2025-02-24 14:23:50,342 - INFO - 
Starting quantum constraint generation with parameters:
2025-02-24 14:23:50,342 - INFO -   sample_size (total shots): 1000
2025-02-24 14:23:50,342 - INFO -   tau: 0.1
2025-02-24 14:23:50,342 - INFO -   max_iters: 1000
2025-02-24 14:23:50,342 - INFO - 
Iteration 0:
2025-02-24 14:23:50,342 - DEBUG - Generated Ising Hamiltonian
2025-02-24 14:23:50,343 - DEBUG - Optimizing QAOA circuit...
2025-02-24 14:23:54,489 - WARNING - Circuit optimization did not converge
2025-02-24 14:23:54,490 - WARNING - Circuit optimization did not converge
2025-02-24 14:23:54,490 - DEBUG - Sampling from optimized circuit...
2025-02-24 14:23:54,533 - DEBUG - Generated 12 unique samples from 1000 total measurements
2025-02-24 14:23:54,533 - DEBUG - 
Top 5 most frequent samples:
2025-02-24 14:23:54,533 - DEBUG -   Rank | Count |   %   
2025-02-24 14:23:54,533 - DEBUG -   -----|-------|-------
2025-02-24 14:23:54,533 - DEBUG -      1 |   361 |  36.1
2025-02-24 14:23:54,533 - DEBUG -     Sample: [0 0 0 0 0 0 0 0 1 0 1 1]
2025-02-24 14:23:54,534 - DEBUG -      2 |   230 |  23.0
2025-02-24 14:23:54,534 - DEBUG -     Sample: [0 0 0 0 0 0 0 0 1 0 0 1]
2025-02-24 14:23:54,534 - DEBUG -      3 |   177 |  17.7
2025-02-24 14:23:54,534 - DEBUG -     Sample: [0 0 0 0 0 0 0 0 0 0 1 1]
2025-02-24 14:23:54,534 - DEBUG -      4 |   112 |  11.2
2025-02-24 14:23:54,534 - DEBUG -     Sample: [0 0 0 0 0 0 0 0 0 0 0 1]
2025-02-24 14:23:54,534 - DEBUG -      5 |    42 |   4.2
2025-02-24 14:23:54,534 - DEBUG -     Sample: [0 0 0 0 0 0 0 0 1 0 1 0]
2025-02-24 14:23:54,535 - DEBUG - Generated 12 unique samples from 1000 total measurements
2025-02-24 14:23:54,535 - INFO -   No feasible solution found in this iteration
2025-02-24 14:23:54,535 - INFO -   Added 17 new constraints: [1, 2, 5, 9, 10, 11, 14, 19, 22, 23, 25, 28, 30, 34, 35, 37, 38]
2025-02-24 14:23:54,535 - INFO - 
Iteration 1:
2025-02-24 14:23:54,536 - DEBUG - Generated Ising Hamiltonian
2025-02-24 14:23:54,537 - DEBUG - Optimizing QAOA circuit...
2025-02-24 14:24:04,730 - WARNING - Circuit optimization did not converge
2025-02-24 14:24:04,731 - WARNING - Circuit optimization did not converge
2025-02-24 14:24:04,731 - DEBUG - Sampling from optimized circuit...
2025-02-24 14:24:04,782 - DEBUG - Generated 13 unique samples from 1000 total measurements
2025-02-24 14:24:04,782 - DEBUG - 
Top 5 most frequent samples:
2025-02-24 14:24:04,782 - DEBUG -   Rank | Count |   %   
2025-02-24 14:24:04,782 - DEBUG -   -----|-------|-------
2025-02-24 14:24:04,782 - DEBUG -      1 |   606 |  60.6
2025-02-24 14:24:04,782 - DEBUG -     Sample: [0 0 0 0 0 0 0 0 1 0 0 0]
2025-02-24 14:24:04,782 - DEBUG -      2 |   161 |  16.1
2025-02-24 14:24:04,782 - DEBUG -     Sample: [0 0 0 0 0 0 0 0 1 1 0 0]
2025-02-24 14:24:04,782 - DEBUG -      3 |   112 |  11.2
2025-02-24 14:24:04,783 - DEBUG -     Sample: [0 0 0 0 0 0 0 0 1 0 0 1]
2025-02-24 14:24:04,783 - DEBUG -      4 |    43 |   4.3
2025-02-24 14:24:04,783 - DEBUG -     Sample: [0 0 0 0 0 0 0 0 0 0 0 0]
2025-02-24 14:24:04,783 - DEBUG -      5 |    21 |   2.1
2025-02-24 14:24:04,783 - DEBUG -     Sample: [0 0 0 0 0 0 0 0 1 1 0 1]
2025-02-24 14:24:04,783 - DEBUG - Generated 13 unique samples from 1000 total measurements
2025-02-24 14:24:04,783 - INFO -   No feasible solution found in this iteration
2025-02-24 14:24:04,784 - INFO -   No new constraints added, lowered tau multiplier: 1.0 -> 0.9
2025-02-24 14:24:04,784 - INFO -   No new constraints added, lowered tau multiplier: 0.9 -> 0.8
2025-02-24 14:24:04,784 - INFO -   No new constraints added, lowered tau multiplier: 0.8 -> 0.7
2025-02-24 14:24:04,784 - INFO -   No new constraints added, lowered tau multiplier: 0.7 -> 0.6
2025-02-24 14:24:04,784 - INFO -   Added 11 new constraints: [0, 3, 4, 7, 8, 12, 13, 20, 26, 33, 39]
2025-02-24 14:24:04,784 - INFO - 
Iteration 2:
2025-02-24 14:24:04,784 - DEBUG - Generated Ising Hamiltonian
2025-02-24 14:24:04,785 - DEBUG - Optimizing QAOA circuit...
2025-02-24 14:24:12,100 - WARNING - Circuit optimization did not converge
2025-02-24 14:24:12,100 - WARNING - Circuit optimization did not converge
2025-02-24 14:24:12,101 - DEBUG - Sampling from optimized circuit...
2025-02-24 14:24:12,148 - DEBUG - Generated 12 unique samples from 1000 total measurements
2025-02-24 14:24:12,148 - DEBUG - 
Top 5 most frequent samples:
2025-02-24 14:24:12,149 - DEBUG -   Rank | Count |   %   
2025-02-24 14:24:12,149 - DEBUG -   -----|-------|-------
2025-02-24 14:24:12,149 - DEBUG -      1 |   328 |  32.8
2025-02-24 14:24:12,149 - DEBUG -     Sample: [0 0 0 0 0 0 0 0 1 0 1 0]
2025-02-24 14:24:12,149 - DEBUG -      2 |   268 |  26.8
2025-02-24 14:24:12,149 - DEBUG -     Sample: [0 0 0 0 0 0 0 0 1 0 0 0]
2025-02-24 14:24:12,149 - DEBUG -      3 |   216 |  21.6
2025-02-24 14:24:12,150 - DEBUG -     Sample: [0 0 0 0 0 0 0 0 0 0 1 0]
2025-02-24 14:24:12,150 - DEBUG -      4 |   154 |  15.4
2025-02-24 14:24:12,150 - DEBUG -     Sample: [0 0 0 0 0 0 0 0 0 0 0 0]
2025-02-24 14:24:12,150 - DEBUG -      5 |    10 |   1.0
2025-02-24 14:24:12,150 - DEBUG -     Sample: [0 0 0 0 0 0 0 0 1 1 0 0]
2025-02-24 14:24:12,150 - DEBUG - Generated 12 unique samples from 1000 total measurements
2025-02-24 14:24:12,150 - INFO -   No feasible solution found in this iteration
2025-02-24 14:24:12,151 - INFO -   No new constraints added, lowered tau multiplier: 1.0 -> 0.9
2025-02-24 14:24:12,151 - INFO -   No new constraints added, lowered tau multiplier: 0.9 -> 0.8
2025-02-24 14:24:12,151 - INFO -   No new constraints added, lowered tau multiplier: 0.8 -> 0.7
2025-02-24 14:24:12,151 - INFO -   No new constraints added, lowered tau multiplier: 0.7 -> 0.6
2025-02-24 14:24:12,151 - INFO -   Added 2 new constraints: [17, 32]
2025-02-24 14:24:12,151 - INFO - 
Iteration 3:
2025-02-24 14:24:12,151 - DEBUG - Generated Ising Hamiltonian
2025-02-24 14:24:12,152 - DEBUG - Optimizing QAOA circuit...
2025-02-24 14:24:19,238 - WARNING - Circuit optimization did not converge
2025-02-24 14:24:19,239 - WARNING - Circuit optimization did not converge
2025-02-24 14:24:19,239 - DEBUG - Sampling from optimized circuit...
2025-02-24 14:24:19,288 - DEBUG - Generated 9 unique samples from 1000 total measurements
2025-02-24 14:24:19,289 - DEBUG - 
Top 5 most frequent samples:
2025-02-24 14:24:19,289 - DEBUG -   Rank | Count |   %   
2025-02-24 14:24:19,289 - DEBUG -   -----|-------|-------
2025-02-24 14:24:19,289 - DEBUG -      1 |   684 |  68.4
2025-02-24 14:24:19,289 - DEBUG -     Sample: [0 0 0 0 0 0 0 0 1 0 1 0]
2025-02-24 14:24:19,289 - DEBUG -      2 |   133 |  13.3
2025-02-24 14:24:19,289 - DEBUG -     Sample: [0 0 0 0 0 0 0 0 1 0 0 0]
2025-02-24 14:24:19,289 - DEBUG -      3 |    97 |   9.7
2025-02-24 14:24:19,290 - DEBUG -     Sample: [0 0 0 0 0 0 0 0 0 0 1 0]
2025-02-24 14:24:19,290 - DEBUG -      4 |    52 |   5.2
2025-02-24 14:24:19,290 - DEBUG -     Sample: [0 0 0 0 0 0 0 0 1 1 1 0]
2025-02-24 14:24:19,290 - DEBUG -      5 |    19 |   1.9
2025-02-24 14:24:19,290 - DEBUG -     Sample: [0 0 0 0 0 0 0 0 0 0 0 0]
2025-02-24 14:24:19,290 - DEBUG - Generated 9 unique samples from 1000 total measurements
2025-02-24 14:24:19,290 - INFO -   No feasible solution found in this iteration
2025-02-24 14:24:19,291 - INFO -   No new constraints added, lowered tau multiplier: 1.0 -> 0.9
2025-02-24 14:24:19,291 - INFO -   No new constraints added, lowered tau multiplier: 0.9 -> 0.8
2025-02-24 14:24:19,291 - INFO -   No new constraints added, lowered tau multiplier: 0.8 -> 0.7
2025-02-24 14:24:19,291 - INFO -   No new constraints added, lowered tau multiplier: 0.7 -> 0.6
2025-02-24 14:24:19,291 - INFO -   No new constraints added, lowered tau multiplier: 0.6 -> 0.5
2025-02-24 14:24:19,291 - INFO -   Added 2 new constraints: [16, 27]
2025-02-24 14:24:19,291 - INFO - 
Iteration 4:
2025-02-24 14:24:19,291 - DEBUG - Generated Ising Hamiltonian
2025-02-24 14:24:19,293 - DEBUG - Optimizing QAOA circuit...
2025-02-24 14:24:25,857 - WARNING - Circuit optimization did not converge
2025-02-24 14:24:25,857 - WARNING - Circuit optimization did not converge
2025-02-24 14:24:25,858 - DEBUG - Sampling from optimized circuit...
2025-02-24 14:24:25,902 - DEBUG - Generated 10 unique samples from 1000 total measurements
2025-02-24 14:24:25,902 - DEBUG - 
Top 5 most frequent samples:
2025-02-24 14:24:25,902 - DEBUG -   Rank | Count |   %   
2025-02-24 14:24:25,903 - DEBUG -   -----|-------|-------
2025-02-24 14:24:25,903 - DEBUG -      1 |   836 |  83.6
2025-02-24 14:24:25,903 - DEBUG -     Sample: [0 0 0 0 0 0 0 0 1 0 1 0]
2025-02-24 14:24:25,903 - DEBUG -      2 |   122 |  12.2
2025-02-24 14:24:25,903 - DEBUG -     Sample: [0 0 0 0 0 0 0 0 0 0 1 0]
2025-02-24 14:24:25,903 - DEBUG -      3 |    18 |   1.8
2025-02-24 14:24:25,904 - DEBUG -     Sample: [0 0 0 0 0 0 0 0 1 0 0 0]
2025-02-24 14:24:25,904 - DEBUG -      4 |    11 |   1.1
2025-02-24 14:24:25,904 - DEBUG -     Sample: [0 0 0 0 0 0 0 0 1 1 1 0]
2025-02-24 14:24:25,904 - DEBUG -      5 |     4 |   0.4
2025-02-24 14:24:25,904 - DEBUG -     Sample: [0 0 0 0 0 0 0 0 0 1 1 0]
2025-02-24 14:24:25,904 - DEBUG - Generated 10 unique samples from 1000 total measurements
2025-02-24 14:24:25,904 - INFO -   No feasible solution found in this iteration
2025-02-24 14:24:25,905 - INFO -   No new constraints added, lowered tau multiplier: 1.0 -> 0.9
2025-02-24 14:24:25,905 - INFO -   No new constraints added, lowered tau multiplier: 0.9 -> 0.8
2025-02-24 14:24:25,905 - INFO -   No new constraints added, lowered tau multiplier: 0.8 -> 0.7
2025-02-24 14:24:25,905 - INFO -   No new constraints added, lowered tau multiplier: 0.7 -> 0.6
2025-02-24 14:24:25,905 - INFO -   No new constraints added, lowered tau multiplier: 0.6 -> 0.5
2025-02-24 14:24:25,905 - INFO -   No new constraints added, lowered tau multiplier: 0.5 -> 0.4
2025-02-24 14:24:25,905 - INFO -   No new constraints added, lowered tau multiplier: 0.4 -> 0.3
2025-02-24 14:24:25,905 - INFO -   Added 8 new constraints: [6, 15, 18, 21, 24, 29, 31, 36]
2025-02-24 14:24:25,905 - INFO - 
Iteration 5:
2025-02-24 14:24:25,905 - DEBUG - Generated Ising Hamiltonian
2025-02-24 14:24:25,907 - DEBUG - Optimizing QAOA circuit...
2025-02-24 14:24:32,935 - WARNING - Circuit optimization did not converge
2025-02-24 14:24:32,935 - WARNING - Circuit optimization did not converge
2025-02-24 14:24:32,935 - DEBUG - Sampling from optimized circuit...
2025-02-24 14:24:32,982 - DEBUG - Generated 16 unique samples from 1000 total measurements
2025-02-24 14:24:32,983 - DEBUG - 
Top 5 most frequent samples:
2025-02-24 14:24:32,983 - DEBUG -   Rank | Count |   %   
2025-02-24 14:24:32,983 - DEBUG -   -----|-------|-------
2025-02-24 14:24:32,983 - DEBUG -      1 |   478 |  47.8
2025-02-24 14:24:32,983 - DEBUG -     Sample: [0 0 0 0 0 0 0 0 1 0 1 0]
2025-02-24 14:24:32,983 - DEBUG -      2 |   271 |  27.1
2025-02-24 14:24:32,983 - DEBUG -     Sample: [0 0 0 0 0 0 0 0 1 0 1 1]
2025-02-24 14:24:32,983 - DEBUG -      3 |    94 |   9.4
2025-02-24 14:24:32,983 - DEBUG -     Sample: [0 0 0 0 0 0 0 0 0 0 1 0]
2025-02-24 14:24:32,984 - DEBUG -      4 |    48 |   4.8
2025-02-24 14:24:32,984 - DEBUG -     Sample: [0 0 0 0 0 0 0 0 0 0 1 1]
2025-02-24 14:24:32,984 - DEBUG -      5 |    35 |   3.5
2025-02-24 14:24:32,984 - DEBUG -     Sample: [0 0 0 0 0 0 0 0 1 1 1 0]
2025-02-24 14:24:32,984 - DEBUG - Generated 16 unique samples from 1000 total measurements
2025-02-24 14:24:32,985 - INFO -   No feasible solution found in this iteration
2025-02-24 14:24:32,985 - INFO -   All constraints added, exiting
2025-02-24 14:24:32,985 - INFO -   Constraint generation found no feasible solution
2025-02-24 14:24:32,985 - INFO - 
Instance 27 results:
2025-02-24 14:24:32,985 - INFO -   Classical value: 213.0
2025-02-24 14:24:32,985 - INFO -   QAOA value: 0.0
2025-02-24 14:24:32,985 - INFO -   Constraint generation value: 0.0
2025-02-24 14:24:32,985 - INFO - 
Running instance 28/100
2025-02-24 14:24:32,986 - INFO - 
Running Classical Reference Solver (SCIP):
2025-02-24 14:24:32,987 - DEBUG - Problem dimensions: 40 constraints, 12 variables
2025-02-24 14:24:32,987 - DEBUG - Row names: ['ELEM1', 'ELEM2', 'ELEM3', 'ELEM4', 'ELEM5', 'ELEM6', 'ELEM7', 'ELEM8', 'ELEM9', 'ELEM10', 'ELEM11', 'ELEM12', 'ELEM13', 'ELEM14', 'ELEM15', 'ELEM16', 'ELEM17', 'ELEM18', 'ELEM19', 'ELEM20', 'ELEM21', 'ELEM22', 'ELEM23', 'ELEM24', 'ELEM25', 'ELEM26', 'ELEM27', 'ELEM28', 'ELEM29', 'ELEM30', 'ELEM31', 'ELEM32', 'ELEM33', 'ELEM34', 'ELEM35', 'ELEM36', 'ELEM37', 'ELEM38', 'ELEM39', 'ELEM40']
2025-02-24 14:24:32,987 - DEBUG - RHS values: {'ELEM1': 1.0, 'ELEM2': 1.0, 'ELEM3': 1.0, 'ELEM4': 1.0, 'ELEM5': 1.0, 'ELEM6': 1.0, 'ELEM7': 1.0, 'ELEM8': 1.0, 'ELEM9': 1.0, 'ELEM10': 1.0, 'ELEM11': 1.0, 'ELEM12': 1.0, 'ELEM13': 1.0, 'ELEM14': 1.0, 'ELEM15': 1.0, 'ELEM16': 1.0, 'ELEM17': 1.0, 'ELEM18': 1.0, 'ELEM19': 1.0, 'ELEM20': 1.0, 'ELEM21': 1.0, 'ELEM22': 1.0, 'ELEM23': 1.0, 'ELEM24': 1.0, 'ELEM25': 1.0, 'ELEM26': 1.0, 'ELEM27': 1.0, 'ELEM28': 1.0, 'ELEM29': 1.0, 'ELEM30': 1.0, 'ELEM31': 1.0, 'ELEM32': 1.0, 'ELEM33': 1.0, 'ELEM34': 1.0, 'ELEM35': 1.0, 'ELEM36': 1.0, 'ELEM37': 1.0, 'ELEM38': 1.0, 'ELEM39': 1.0, 'ELEM40': 1.0}
2025-02-24 14:24:32,994 - INFO -   Reference solution found:
2025-02-24 14:24:32,994 - INFO -     Solution: [0, 0, 1, 0, 1, 0, 0, 1, 0, 0, 0, 1]
2025-02-24 14:24:32,994 - INFO -     Value: 154.0
2025-02-24 14:24:32,994 - INFO - 
Running QAOA Reference Solution (with all constraints):
