2025-02-24 15:42:57,024 - INFO - 
Problem information:
2025-02-24 15:42:57,024 - INFO -   Number of variables (n): 12
2025-02-24 15:42:57,025 - INFO -   Number of constraints (m): 40
2025-02-24 15:42:57,025 - DEBUG -   Density of A: 25.00%
2025-02-24 15:42:57,025 - INFO - 
Starting reference QAOA with parameters:
2025-02-24 15:42:57,026 - INFO -   sample_size (total shots): 1000
2025-02-24 15:42:57,026 - INFO - Added all constraints
2025-02-24 15:42:57,027 - DEBUG - Generated Ising Hamiltonian
2025-02-24 15:42:57,333 - DEBUG - Optimizing QAOA circuit...
2025-02-24 15:43:03,087 - DEBUG - Circuit optimization successful
2025-02-24 15:43:03,088 - DEBUG - Circuit optimization successful, final value: 82983.83616383617
2025-02-24 15:43:03,088 - DEBUG - Sampling from optimized circuit...
2025-02-24 15:43:03,144 - DEBUG - Generated 328 unique samples from 1000 total measurements
2025-02-24 15:43:03,144 - DEBUG - 
Top 5 most frequent samples:
2025-02-24 15:43:03,144 - DEBUG -   Rank | Count |   %   
2025-02-24 15:43:03,144 - DEBUG -   -----|-------|-------
2025-02-24 15:43:03,144 - DEBUG -      1 |    41 |   4.1
2025-02-24 15:43:03,145 - DEBUG -     Sample: [0 1 1 1 0 0 1 1 1 1 1 1]
2025-02-24 15:43:03,145 - DEBUG -      2 |    36 |   3.6
2025-02-24 15:43:03,145 - DEBUG -     Sample: [0 1 0 1 0 0 1 1 1 1 1 1]
2025-02-24 15:43:03,145 - DEBUG -      3 |    33 |   3.3
2025-02-24 15:43:03,146 - DEBUG -     Sample: [0 1 1 1 0 0 0 1 1 1 1 1]
2025-02-24 15:43:03,146 - DEBUG -      4 |    31 |   3.1
2025-02-24 15:43:03,146 - DEBUG -     Sample: [0 1 0 1 0 0 0 1 1 1 1 1]
2025-02-24 15:43:03,146 - DEBUG -      5 |    27 |   2.7
2025-02-24 15:43:03,147 - DEBUG -     Sample: [0 1 1 1 0 1 0 1 1 1 1 1]
2025-02-24 15:43:03,148 - DEBUG - Generated 328 unique samples from 1000 total measurements
2025-02-24 15:43:03,154 - INFO - No feasible solution found
2025-02-24 15:43:03,155 - INFO -   QAOA solver found no feasible solution
2025-02-24 15:43:03,155 - INFO - 
Running Constraint Generation:
2025-02-24 15:43:03,157 - INFO - 
Problem information:
2025-02-24 15:43:03,157 - INFO -   Number of variables (n): 12
2025-02-24 15:43:03,157 - INFO -   Number of constraints (m): 40
2025-02-24 15:43:03,157 - DEBUG -   Density of A: 25.00%
2025-02-24 15:43:03,158 - INFO - 
Running classical reference solver:
2025-02-24 15:43:03,171 - INFO -   Reference solution found:
2025-02-24 15:43:03,171 - INFO -     Solution: [0, 0, 0, 1, 0, 0, 0, 1, 0, 1, 1, 0]
2025-02-24 15:43:03,172 - INFO -     Value: 169.0
2025-02-24 15:43:03,172 - INFO - 
Starting quantum constraint generation with parameters:
2025-02-24 15:43:03,172 - INFO -   sample_size (total shots): 1000
2025-02-24 15:43:03,172 - INFO -   tau: 0.1
2025-02-24 15:43:03,172 - INFO -   max_iters: 1000
2025-02-24 15:43:03,172 - INFO - 
Iteration 0:
2025-02-24 15:43:03,173 - DEBUG - Generated Ising Hamiltonian
2025-02-24 15:43:03,435 - DEBUG - Optimizing QAOA circuit...
2025-02-24 15:43:05,457 - DEBUG - Circuit optimization successful
2025-02-24 15:43:05,457 - DEBUG - Circuit optimization successful, final value: -326.15284715284724
2025-02-24 15:43:05,457 - DEBUG - Sampling from optimized circuit...
2025-02-24 15:43:05,490 - DEBUG - Generated 149 unique samples from 1000 total measurements
2025-02-24 15:43:05,491 - DEBUG - 
Top 5 most frequent samples:
2025-02-24 15:43:05,491 - DEBUG -   Rank | Count |   %   
2025-02-24 15:43:05,491 - DEBUG -   -----|-------|-------
2025-02-24 15:43:05,491 - DEBUG -      1 |    47 |   4.7
2025-02-24 15:43:05,492 - DEBUG -     Sample: [1 1 1 1 1 1 0 1 1 0 1 1]
2025-02-24 15:43:05,492 - DEBUG -      2 |    46 |   4.6
2025-02-24 15:43:05,493 - DEBUG -     Sample: [1 1 1 1 1 1 1 1 1 0 1 1]
2025-02-24 15:43:05,493 - DEBUG -      3 |    43 |   4.3
2025-02-24 15:43:05,493 - DEBUG -     Sample: [1 1 1 1 1 1 0 1 0 0 1 1]
2025-02-24 15:43:05,493 - DEBUG -      4 |    37 |   3.7
2025-02-24 15:43:05,493 - DEBUG -     Sample: [1 1 1 1 1 1 0 0 1 0 1 1]
2025-02-24 15:43:05,494 - DEBUG -      5 |    33 |   3.3
2025-02-24 15:43:05,494 - DEBUG -     Sample: [1 1 1 1 0 1 1 1 1 0 1 1]
2025-02-24 15:43:05,496 - DEBUG - Generated 149 unique samples from 1000 total measurements
2025-02-24 15:43:05,499 - INFO -   No feasible solution found in this iteration
2025-02-24 15:43:05,500 - INFO -   Added 5 new constraints: [5, 7, 15, 24, 36]
2025-02-24 15:43:05,500 - INFO - 
Iteration 1:
2025-02-24 15:43:05,500 - DEBUG - Generated Ising Hamiltonian
2025-02-24 15:43:05,738 - DEBUG - Optimizing QAOA circuit...
2025-02-24 15:43:08,732 - DEBUG - Circuit optimization successful
2025-02-24 15:43:08,732 - DEBUG - Circuit optimization successful, final value: -8687.603646353647
2025-02-24 15:43:08,732 - DEBUG - Sampling from optimized circuit...
2025-02-24 15:43:08,769 - DEBUG - Generated 814 unique samples from 1000 total measurements
2025-02-24 15:43:08,770 - DEBUG - 
Top 5 most frequent samples:
2025-02-24 15:43:08,770 - DEBUG -   Rank | Count |   %   
2025-02-24 15:43:08,770 - DEBUG -   -----|-------|-------
2025-02-24 15:43:08,771 - DEBUG -      1 |     5 |   0.5
2025-02-24 15:43:08,771 - DEBUG -     Sample: [0 0 0 1 1 0 0 1 1 1 0 1]
2025-02-24 15:43:08,771 - DEBUG -      2 |     5 |   0.5
2025-02-24 15:43:08,771 - DEBUG -     Sample: [0 0 1 0 1 1 0 0 1 1 0 1]
2025-02-24 15:43:08,771 - DEBUG -      3 |     4 |   0.4
2025-02-24 15:43:08,772 - DEBUG -     Sample: [0 0 0 0 0 0 0 0 0 1 0 1]
2025-02-24 15:43:08,772 - DEBUG -      4 |     4 |   0.4
2025-02-24 15:43:08,772 - DEBUG -     Sample: [0 0 0 0 1 0 1 1 1 0 0 1]
2025-02-24 15:43:08,772 - DEBUG -      5 |     3 |   0.3
2025-02-24 15:43:08,773 - DEBUG -     Sample: [0 0 1 0 1 0 0 0 0 0 1 1]
2025-02-24 15:43:08,775 - DEBUG - Generated 814 unique samples from 1000 total measurements
2025-02-24 15:43:08,783 - INFO - Found feasible solution: [1 0 1 0 0 0 0 0 1 0 0 1] with objective value 218.0
2025-02-24 15:43:08,794 - INFO -   Found feasible solution:
2025-02-24 15:43:08,794 - INFO -     Solution: [1, 0, 1, 0, 0, 0, 0, 0, 1, 0, 0, 1]
2025-02-24 15:43:08,795 - INFO -     Value: 218.0
2025-02-24 15:43:08,795 - INFO -     Gap to reference: 28.99%
2025-02-24 15:43:08,796 - INFO -   Constraint generation solution found:
2025-02-24 15:43:08,796 - INFO -     Solution: [1, 0, 1, 0, 0, 0, 0, 0, 1, 0, 0, 1]
2025-02-24 15:43:08,796 - INFO -     Value: 218.0
2025-02-24 15:43:08,797 - INFO - 
Instance 71 results:
2025-02-24 15:43:08,797 - INFO -   Classical value: 169.0
2025-02-24 15:43:08,797 - INFO -   QAOA value: 0.0
2025-02-24 15:43:08,797 - INFO -   Constraint generation value: 218.0
2025-02-24 15:43:08,798 - INFO - 
Running instance 72/100
2025-02-24 15:43:08,800 - INFO - 
Running Classical Reference Solver (SCIP):
2025-02-24 15:43:08,801 - DEBUG - Problem dimensions: 40 constraints, 12 variables
2025-02-24 15:43:08,801 - DEBUG - Row names: ['ELEM1', 'ELEM2', 'ELEM3', 'ELEM4', 'ELEM5', 'ELEM6', 'ELEM7', 'ELEM8', 'ELEM9', 'ELEM10', 'ELEM11', 'ELEM12', 'ELEM13', 'ELEM14', 'ELEM15', 'ELEM16', 'ELEM17', 'ELEM18', 'ELEM19', 'ELEM20', 'ELEM21', 'ELEM22', 'ELEM23', 'ELEM24', 'ELEM25', 'ELEM26', 'ELEM27', 'ELEM28', 'ELEM29', 'ELEM30', 'ELEM31', 'ELEM32', 'ELEM33', 'ELEM34', 'ELEM35', 'ELEM36', 'ELEM37', 'ELEM38', 'ELEM39', 'ELEM40']
2025-02-24 15:43:08,801 - DEBUG - RHS values: {'ELEM1': 1.0, 'ELEM2': 1.0, 'ELEM3': 1.0, 'ELEM4': 1.0, 'ELEM5': 1.0, 'ELEM6': 1.0, 'ELEM7': 1.0, 'ELEM8': 1.0, 'ELEM9': 1.0, 'ELEM10': 1.0, 'ELEM11': 1.0, 'ELEM12': 1.0, 'ELEM13': 1.0, 'ELEM14': 1.0, 'ELEM15': 1.0, 'ELEM16': 1.0, 'ELEM17': 1.0, 'ELEM18': 1.0, 'ELEM19': 1.0, 'ELEM20': 1.0, 'ELEM21': 1.0, 'ELEM22': 1.0, 'ELEM23': 1.0, 'ELEM24': 1.0, 'ELEM25': 1.0, 'ELEM26': 1.0, 'ELEM27': 1.0, 'ELEM28': 1.0, 'ELEM29': 1.0, 'ELEM30': 1.0, 'ELEM31': 1.0, 'ELEM32': 1.0, 'ELEM33': 1.0, 'ELEM34': 1.0, 'ELEM35': 1.0, 'ELEM36': 1.0, 'ELEM37': 1.0, 'ELEM38': 1.0, 'ELEM39': 1.0, 'ELEM40': 1.0}
2025-02-24 15:43:08,815 - INFO -   Reference solution found:
2025-02-24 15:43:08,815 - INFO -     Solution: [0, 1, 1, 0, 0, 0, 0, 0, 1, 0, 1, 0]
2025-02-24 15:43:08,815 - INFO -     Value: 226.0
2025-02-24 15:43:08,816 - INFO - 
Running QAOA Reference Solution (with all constraints):
