2025-02-23 17:47:41,769 - INFO - 
Problem information:
2025-02-23 17:47:41,770 - INFO -   Number of variables (n): 12
2025-02-23 17:47:41,770 - INFO -   Number of constraints (m): 40
2025-02-23 17:47:41,770 - DEBUG -   Density of A: 25.00%
2025-02-23 17:47:41,770 - INFO - 
Starting reference QAOA with parameters:
2025-02-23 17:47:41,770 - INFO -   sample_size (total shots): 200
2025-02-23 17:47:41,771 - INFO - Added all constraints
2025-02-23 17:47:41,771 - DEBUG - Generated Ising Hamiltonian
2025-02-23 17:47:41,982 - DEBUG - Optimizing QAOA circuit...
2025-02-23 17:47:44,432 - DEBUG - Circuit optimization successful
2025-02-23 17:47:44,432 - DEBUG - Circuit optimization successful, final value: -52.116883116882946
2025-02-23 17:47:44,433 - DEBUG - Sampling from optimized circuit...
2025-02-23 17:47:44,449 - DEBUG - Generated 187 unique samples from 200 total measurements
2025-02-23 17:47:44,450 - DEBUG - 
Top 5 most frequent samples:
2025-02-23 17:47:44,450 - DEBUG -   Rank | Count |   %   
2025-02-23 17:47:44,450 - DEBUG -   -----|-------|-------
2025-02-23 17:47:44,450 - DEBUG -      1 |     2 |   1.0
2025-02-23 17:47:44,450 - DEBUG -     Sample: [0 0 1 0 0 0 0 0 1 1 1 0]
2025-02-23 17:47:44,450 - DEBUG -      2 |     2 |   1.0
2025-02-23 17:47:44,450 - DEBUG -     Sample: [0 0 1 0 1 0 1 0 1 1 0 1]
2025-02-23 17:47:44,450 - DEBUG -      3 |     2 |   1.0
2025-02-23 17:47:44,451 - DEBUG -     Sample: [1 0 0 1 1 0 1 1 0 1 0 0]
2025-02-23 17:47:44,451 - DEBUG -      4 |     2 |   1.0
2025-02-23 17:47:44,451 - DEBUG -     Sample: [0 0 0 1 0 0 0 1 1 1 1 1]
2025-02-23 17:47:44,451 - DEBUG -      5 |     2 |   1.0
2025-02-23 17:47:44,451 - DEBUG -     Sample: [0 0 0 1 0 1 0 1 1 1 1 0]
2025-02-23 17:47:44,452 - DEBUG - Generated 187 unique samples from 200 total measurements
2025-02-23 17:47:44,453 - INFO - Found feasible solution: [0 1 1 0 0 1 1 0 0 0 1 0] with objective value 208.0
2025-02-23 17:47:44,455 - INFO - Found feasible solution:
2025-02-23 17:47:44,455 - INFO -   Solution: [0, 1, 1, 0, 0, 1, 1, 0, 0, 0, 1, 0]
2025-02-23 17:47:44,455 - INFO -   Value: 208.0
2025-02-23 17:47:44,456 - INFO -   QAOA solution found:
2025-02-23 17:47:44,456 - INFO -     Solution: [0, 1, 1, 0, 0, 1, 1, 0, 0, 0, 1, 0]
2025-02-23 17:47:44,456 - INFO -     Value: 208.0
2025-02-23 17:47:44,456 - INFO - 
Running Constraint Generation:
2025-02-23 17:47:44,457 - INFO - 
Problem information:
2025-02-23 17:47:44,458 - INFO -   Number of variables (n): 12
2025-02-23 17:47:44,458 - INFO -   Number of constraints (m): 40
2025-02-23 17:47:44,458 - DEBUG -   Density of A: 25.00%
2025-02-23 17:47:44,458 - INFO - 
Running classical reference solver:
2025-02-23 17:47:44,468 - INFO -   Reference solution found:
2025-02-23 17:47:44,468 - INFO -     Solution: [0, 0, 0, 1, 0, 0, 0, 1, 0, 0, 0, 1]
2025-02-23 17:47:44,468 - INFO -     Value: 178.0
2025-02-23 17:47:44,469 - INFO - 
Starting quantum constraint generation with parameters:
2025-02-23 17:47:44,469 - INFO -   sample_size (total shots): 200
2025-02-23 17:47:44,469 - INFO -   tau: 0.1
2025-02-23 17:47:44,469 - INFO -   max_iters: 1000
2025-02-23 17:47:44,469 - INFO - 
Iteration 0:
2025-02-23 17:47:44,469 - DEBUG - Generated Ising Hamiltonian
2025-02-23 17:47:44,659 - DEBUG - Optimizing QAOA circuit...
2025-02-23 17:47:45,791 - DEBUG - Circuit optimization successful
2025-02-23 17:47:45,792 - DEBUG - Circuit optimization successful, final value: -272.2547452547452
2025-02-23 17:47:45,792 - DEBUG - Sampling from optimized circuit...
2025-02-23 17:47:45,804 - DEBUG - Generated 145 unique samples from 200 total measurements
2025-02-23 17:47:45,804 - DEBUG - 
Top 5 most frequent samples:
2025-02-23 17:47:45,804 - DEBUG -   Rank | Count |   %   
2025-02-23 17:47:45,805 - DEBUG -   -----|-------|-------
2025-02-23 17:47:45,805 - DEBUG -      1 |     7 |   3.5
2025-02-23 17:47:45,805 - DEBUG -     Sample: [1 0 1 1 0 1 1 1 0 1 1 1]
2025-02-23 17:47:45,806 - DEBUG -      2 |     5 |   2.5
2025-02-23 17:47:45,806 - DEBUG -     Sample: [1 0 1 1 0 1 1 1 1 1 1 0]
2025-02-23 17:47:45,807 - DEBUG -      3 |     4 |   2.0
2025-02-23 17:47:45,807 - DEBUG -     Sample: [1 0 1 1 0 0 1 1 1 1 1 1]
2025-02-23 17:47:45,807 - DEBUG -      4 |     4 |   2.0
2025-02-23 17:47:45,808 - DEBUG -     Sample: [1 0 1 1 0 1 1 1 0 1 1 0]
2025-02-23 17:47:45,808 - DEBUG -      5 |     4 |   2.0
2025-02-23 17:47:45,808 - DEBUG -     Sample: [1 0 1 1 0 1 1 1 1 1 1 1]
2025-02-23 17:47:45,809 - DEBUG - Generated 145 unique samples from 200 total measurements
2025-02-23 17:47:45,811 - INFO -   No feasible solution found in this iteration
2025-02-23 17:47:45,812 - INFO -   Added 1 new constraints: [7]
2025-02-23 17:47:45,812 - INFO - 
Iteration 1:
2025-02-23 17:47:45,812 - DEBUG - Generated Ising Hamiltonian
2025-02-23 17:47:46,043 - DEBUG - Optimizing QAOA circuit...
2025-02-23 17:47:47,069 - DEBUG - Circuit optimization successful
2025-02-23 17:47:47,069 - DEBUG - Circuit optimization successful, final value: -3537.5606893106897
2025-02-23 17:47:47,069 - DEBUG - Sampling from optimized circuit...
2025-02-23 17:47:47,082 - DEBUG - Generated 91 unique samples from 200 total measurements
2025-02-23 17:47:47,082 - DEBUG - 
Top 5 most frequent samples:
2025-02-23 17:47:47,082 - DEBUG -   Rank | Count |   %   
2025-02-23 17:47:47,082 - DEBUG -   -----|-------|-------
2025-02-23 17:47:47,082 - DEBUG -      1 |    32 |  16.0
2025-02-23 17:47:47,084 - DEBUG -     Sample: [0 0 0 1 0 1 1 1 0 1 1 1]
2025-02-23 17:47:47,084 - DEBUG -      2 |    10 |   5.0
2025-02-23 17:47:47,084 - DEBUG -     Sample: [0 0 0 1 0 1 0 1 0 1 1 1]
2025-02-23 17:47:47,085 - DEBUG -      3 |     9 |   4.5
2025-02-23 17:47:47,085 - DEBUG -     Sample: [0 0 0 0 0 1 1 1 0 1 1 1]
2025-02-23 17:47:47,085 - DEBUG -      4 |     9 |   4.5
2025-02-23 17:47:47,085 - DEBUG -     Sample: [0 0 0 1 0 1 1 1 1 1 1 1]
2025-02-23 17:47:47,086 - DEBUG -      5 |     7 |   3.5
2025-02-23 17:47:47,086 - DEBUG -     Sample: [0 1 0 1 0 1 1 1 0 1 1 1]
2025-02-23 17:47:47,086 - DEBUG - Generated 91 unique samples from 200 total measurements
2025-02-23 17:47:47,088 - INFO -   No feasible solution found in this iteration
2025-02-23 17:47:47,089 - INFO -   Added 1 new constraints: [12]
2025-02-23 17:47:47,089 - INFO - 
Iteration 2:
2025-02-23 17:47:47,090 - DEBUG - Generated Ising Hamiltonian
2025-02-23 17:47:47,372 - DEBUG - Optimizing QAOA circuit...
2025-02-23 17:47:48,545 - DEBUG - Circuit optimization successful
2025-02-23 17:47:48,546 - DEBUG - Circuit optimization successful, final value: -3568.3051948051943
2025-02-23 17:47:48,546 - DEBUG - Sampling from optimized circuit...
2025-02-23 17:47:48,561 - DEBUG - Generated 173 unique samples from 200 total measurements
2025-02-23 17:47:48,562 - DEBUG - 
Top 5 most frequent samples:
2025-02-23 17:47:48,562 - DEBUG -   Rank | Count |   %   
2025-02-23 17:47:48,562 - DEBUG -   -----|-------|-------
2025-02-23 17:47:48,562 - DEBUG -      1 |     4 |   2.0
2025-02-23 17:47:48,562 - DEBUG -     Sample: [1 0 0 0 1 0 0 1 0 1 1 0]
2025-02-23 17:47:48,562 - DEBUG -      2 |     3 |   1.5
2025-02-23 17:47:48,562 - DEBUG -     Sample: [0 0 0 1 1 0 1 1 0 1 1 0]
2025-02-23 17:47:48,563 - DEBUG -      3 |     3 |   1.5
2025-02-23 17:47:48,563 - DEBUG -     Sample: [0 0 0 0 1 0 1 1 1 1 1 0]
2025-02-23 17:47:48,563 - DEBUG -      4 |     3 |   1.5
2025-02-23 17:47:48,563 - DEBUG -     Sample: [0 1 0 0 1 0 1 1 0 1 1 0]
2025-02-23 17:47:48,563 - DEBUG -      5 |     3 |   1.5
2025-02-23 17:47:48,563 - DEBUG -     Sample: [0 0 0 1 0 0 0 1 0 1 1 1]
2025-02-23 17:47:48,564 - DEBUG - Generated 173 unique samples from 200 total measurements
2025-02-23 17:47:48,567 - INFO -   No feasible solution found in this iteration
2025-02-23 17:47:48,568 - INFO -   Added 1 new constraints: [14]
2025-02-23 17:47:48,568 - INFO - 
Iteration 3:
2025-02-23 17:47:48,569 - DEBUG - Generated Ising Hamiltonian
2025-02-23 17:47:48,768 - DEBUG - Optimizing QAOA circuit...
2025-02-23 17:47:49,937 - DEBUG - Circuit optimization successful
2025-02-23 17:47:49,937 - DEBUG - Circuit optimization successful, final value: -9863.732017982018
2025-02-23 17:47:49,937 - DEBUG - Sampling from optimized circuit...
2025-02-23 17:47:49,952 - DEBUG - Generated 167 unique samples from 200 total measurements
2025-02-23 17:47:49,952 - DEBUG - 
Top 5 most frequent samples:
2025-02-23 17:47:49,952 - DEBUG -   Rank | Count |   %   
2025-02-23 17:47:49,952 - DEBUG -   -----|-------|-------
2025-02-23 17:47:49,953 - DEBUG -      1 |     4 |   2.0
2025-02-23 17:47:49,953 - DEBUG -     Sample: [0 1 0 0 0 0 0 0 0 0 0 0]
2025-02-23 17:47:49,953 - DEBUG -      2 |     3 |   1.5
2025-02-23 17:47:49,953 - DEBUG -     Sample: [0 1 0 0 0 0 0 0 0 1 1 0]
2025-02-23 17:47:49,953 - DEBUG -      3 |     3 |   1.5
2025-02-23 17:47:49,954 - DEBUG -     Sample: [0 1 0 0 0 0 0 0 0 1 0 0]
2025-02-23 17:47:49,954 - DEBUG -      4 |     3 |   1.5
2025-02-23 17:47:49,954 - DEBUG -     Sample: [0 0 0 0 0 0 0 1 0 1 0 0]
2025-02-23 17:47:49,954 - DEBUG -      5 |     2 |   1.0
2025-02-23 17:47:49,954 - DEBUG -     Sample: [1 0 0 0 0 0 0 0 1 1 1 0]
2025-02-23 17:47:49,955 - DEBUG - Generated 167 unique samples from 200 total measurements
2025-02-23 17:47:49,958 - INFO - Found feasible solution: [1 0 0 0 1 0 0 0 1 1 0 0] with objective value 237.0
2025-02-23 17:47:49,959 - INFO -   Found feasible solution:
2025-02-23 17:47:49,959 - INFO -     Solution: [1, 0, 0, 0, 1, 0, 0, 0, 1, 1, 0, 0]
2025-02-23 17:47:49,959 - INFO -     Value: 237.0
2025-02-23 17:47:49,959 - INFO -     Gap to reference: 33.15%
2025-02-23 17:47:49,959 - INFO -   Constraint generation solution found:
2025-02-23 17:47:49,960 - INFO -     Solution: [1, 0, 0, 0, 1, 0, 0, 0, 1, 1, 0, 0]
2025-02-23 17:47:49,960 - INFO -     Value: 237.0
2025-02-23 17:47:49,960 - INFO - 
Instance 3 results:
2025-02-23 17:47:49,960 - INFO -   Classical value: 178.0
2025-02-23 17:47:49,960 - INFO -   QAOA value: 208.0
2025-02-23 17:47:49,961 - INFO -   Constraint generation value: 237.0
2025-02-23 17:47:49,961 - INFO - 
Running instance 4/100
2025-02-23 17:47:49,963 - INFO - 
Running Classical Reference Solver (SCIP):
2025-02-23 17:47:49,964 - DEBUG - Problem dimensions: 40 constraints, 12 variables
2025-02-23 17:47:49,965 - DEBUG - Row names: ['ELEM1', 'ELEM2', 'ELEM3', 'ELEM4', 'ELEM5', 'ELEM6', 'ELEM7', 'ELEM8', 'ELEM9', 'ELEM10', 'ELEM11', 'ELEM12', 'ELEM13', 'ELEM14', 'ELEM15', 'ELEM16', 'ELEM17', 'ELEM18', 'ELEM19', 'ELEM20', 'ELEM21', 'ELEM22', 'ELEM23', 'ELEM24', 'ELEM25', 'ELEM26', 'ELEM27', 'ELEM28', 'ELEM29', 'ELEM30', 'ELEM31', 'ELEM32', 'ELEM33', 'ELEM34', 'ELEM35', 'ELEM36', 'ELEM37', 'ELEM38', 'ELEM39', 'ELEM40']
2025-02-23 17:47:49,965 - DEBUG - RHS values: {'ELEM1': 1.0, 'ELEM2': 1.0, 'ELEM3': 1.0, 'ELEM4': 1.0, 'ELEM5': 1.0, 'ELEM6': 1.0, 'ELEM7': 1.0, 'ELEM8': 1.0, 'ELEM9': 1.0, 'ELEM10': 1.0, 'ELEM11': 1.0, 'ELEM12': 1.0, 'ELEM13': 1.0, 'ELEM14': 1.0, 'ELEM15': 1.0, 'ELEM16': 1.0, 'ELEM17': 1.0, 'ELEM18': 1.0, 'ELEM19': 1.0, 'ELEM20': 1.0, 'ELEM21': 1.0, 'ELEM22': 1.0, 'ELEM23': 1.0, 'ELEM24': 1.0, 'ELEM25': 1.0, 'ELEM26': 1.0, 'ELEM27': 1.0, 'ELEM28': 1.0, 'ELEM29': 1.0, 'ELEM30': 1.0, 'ELEM31': 1.0, 'ELEM32': 1.0, 'ELEM33': 1.0, 'ELEM34': 1.0, 'ELEM35': 1.0, 'ELEM36': 1.0, 'ELEM37': 1.0, 'ELEM38': 1.0, 'ELEM39': 1.0, 'ELEM40': 1.0}
2025-02-23 17:47:49,975 - INFO -   Reference solution found:
2025-02-23 17:47:49,976 - INFO -     Solution: [0, 0, 1, 0, 0, 1, 0, 0, 0, 1, 0, 1]
2025-02-23 17:47:49,976 - INFO -     Value: 152.0
2025-02-23 17:47:49,976 - INFO - 
Running QAOA Reference Solution (with all constraints):
