
Problem information:
  Number of variables (n): 12
  Number of constraints (m): 40

Starting reference QAOA with parameters:
  sample_size (total shots): 200
Added all constraints
Found feasible solution: [0 1 1 0 0 1 1 0 0 0 1 0] with objective value 208.0
Found feasible solution:
  Solution: [0, 1, 1, 0, 0, 1, 1, 0, 0, 0, 1, 0]
  Value: 208.0
  QAOA solution found:
    Solution: [0, 1, 1, 0, 0, 1, 1, 0, 0, 0, 1, 0]
    Value: 208.0

Running Constraint Generation:

Problem information:
  Number of variables (n): 12
  Number of constraints (m): 40

Running classical reference solver:
  Reference solution found:
    Solution: [0, 0, 0, 1, 0, 0, 0, 1, 0, 0, 0, 1]
    Value: 178.0

Starting quantum constraint generation with parameters:
  sample_size (total shots): 200
  tau: 0.1
  max_iters: 1000

Iteration 0:
  No feasible solution found in this iteration
  Added 1 new constraints: [7]

Iteration 1:
  No feasible solution found in this iteration
  Added 1 new constraints: [12]

Iteration 2:
  No feasible solution found in this iteration
  Added 1 new constraints: [14]

Iteration 3:
Found feasible solution: [1 0 0 0 1 0 0 0 1 1 0 0] with objective value 237.0
  Found feasible solution:
    Solution: [1, 0, 0, 0, 1, 0, 0, 0, 1, 1, 0, 0]
    Value: 237.0
    Gap to reference: 33.15%
  Constraint generation solution found:
    Solution: [1, 0, 0, 0, 1, 0, 0, 0, 1, 1, 0, 0]
    Value: 237.0

Instance 3 results:
  Classical value: 178.0
  QAOA value: 208.0
  Constraint generation value: 237.0

Running instance 4/100

Running Classical Reference Solver (SCIP):
  Reference solution found:
    Solution: [0, 0, 1, 0, 0, 1, 0, 0, 0, 1, 0, 1]
    Value: 152.0

Running QAOA Reference Solution (with all constraints):
