2025-02-23 17:40:47,990 - INFO - 
Problem information:
2025-02-23 17:40:47,991 - INFO -   Number of variables (n): 10
2025-02-23 17:40:47,991 - INFO -   Number of constraints (m): 30
2025-02-23 17:40:47,991 - DEBUG -   Density of A: 20.00%
2025-02-23 17:40:47,991 - INFO - 
Starting reference QAOA with parameters:
2025-02-23 17:40:47,991 - INFO -   sample_size (total shots): 200
2025-02-23 17:40:47,992 - INFO - Added all constraints
2025-02-23 17:40:47,992 - DEBUG - Generated Ising Hamiltonian
2025-02-23 17:40:48,193 - DEBUG - Optimizing QAOA circuit...
2025-02-23 17:40:49,253 - DEBUG - Circuit optimization successful
2025-02-23 17:40:49,253 - DEBUG - Circuit optimization successful, final value: -9273.756243756245
2025-02-23 17:40:49,253 - DEBUG - Sampling from optimized circuit...
2025-02-23 17:40:49,269 - DEBUG - Generated 158 unique samples from 200 total measurements
2025-02-23 17:40:49,269 - DEBUG - 
Top 5 most frequent samples:
2025-02-23 17:40:49,270 - DEBUG -   Rank | Count |   %   
2025-02-23 17:40:49,270 - DEBUG -   -----|-------|-------
2025-02-23 17:40:49,270 - DEBUG -      1 |     4 |   2.0
2025-02-23 17:40:49,270 - DEBUG -     Sample: [0 0 0 0 0 0 0 0 0 0]
2025-02-23 17:40:49,270 - DEBUG -      2 |     4 |   2.0
2025-02-23 17:40:49,270 - DEBUG -     Sample: [1 0 0 0 1 1 0 0 0 0]
2025-02-23 17:40:49,270 - DEBUG -      3 |     4 |   2.0
2025-02-23 17:40:49,271 - DEBUG -     Sample: [1 0 0 0 1 0 0 0 0 0]
2025-02-23 17:40:49,271 - DEBUG -      4 |     3 |   1.5
2025-02-23 17:40:49,271 - DEBUG -     Sample: [1 1 0 1 1 0 0 0 0 0]
2025-02-23 17:40:49,271 - DEBUG -      5 |     3 |   1.5
2025-02-23 17:40:49,271 - DEBUG -     Sample: [1 0 1 0 1 0 0 0 0 0]
2025-02-23 17:40:49,272 - DEBUG - Generated 158 unique samples from 200 total measurements
2025-02-23 17:40:49,275 - INFO - No feasible solution found
2025-02-23 17:40:49,275 - INFO -   QAOA solver found no feasible solution
2025-02-23 17:40:49,276 - INFO - 
Running Constraint Generation:
2025-02-23 17:40:49,277 - INFO - 
Problem information:
2025-02-23 17:40:49,277 - INFO -   Number of variables (n): 10
2025-02-23 17:40:49,277 - INFO -   Number of constraints (m): 30
2025-02-23 17:40:49,278 - DEBUG -   Density of A: 20.00%
2025-02-23 17:40:49,278 - INFO - 
Running classical reference solver:
2025-02-23 17:40:49,286 - INFO -   Reference solution found:
2025-02-23 17:40:49,287 - INFO -     Solution: [0, 0, 0, 0, 1, 1, 1, 1, 0, 0]
2025-02-23 17:40:49,287 - INFO -     Value: 104.0
2025-02-23 17:40:49,287 - INFO - 
Starting quantum constraint generation with parameters:
2025-02-23 17:40:49,287 - INFO -   sample_size (total shots): 200
2025-02-23 17:40:49,287 - INFO -   tau: 0.1
2025-02-23 17:40:49,288 - INFO -   max_iters: 1000
2025-02-23 17:40:49,288 - INFO - 
Iteration 0:
2025-02-23 17:40:49,288 - DEBUG - Generated Ising Hamiltonian
2025-02-23 17:40:49,516 - DEBUG - Optimizing QAOA circuit...
2025-02-23 17:40:50,502 - DEBUG - Circuit optimization successful
2025-02-23 17:40:50,502 - DEBUG - Circuit optimization successful, final value: -96.5154845154845
2025-02-23 17:40:50,502 - DEBUG - Sampling from optimized circuit...
2025-02-23 17:40:50,513 - DEBUG - Generated 150 unique samples from 200 total measurements
2025-02-23 17:40:50,513 - DEBUG - 
Top 5 most frequent samples:
2025-02-23 17:40:50,514 - DEBUG -   Rank | Count |   %   
2025-02-23 17:40:50,514 - DEBUG -   -----|-------|-------
2025-02-23 17:40:50,514 - DEBUG -      1 |     7 |   3.5
2025-02-23 17:40:50,514 - DEBUG -     Sample: [1 1 0 1 1 0 0 1 0 1]
2025-02-23 17:40:50,514 - DEBUG -      2 |     4 |   2.0
2025-02-23 17:40:50,514 - DEBUG -     Sample: [1 1 0 1 0 0 0 1 0 1]
2025-02-23 17:40:50,514 - DEBUG -      3 |     4 |   2.0
2025-02-23 17:40:50,515 - DEBUG -     Sample: [1 1 0 1 0 1 0 1 1 1]
2025-02-23 17:40:50,515 - DEBUG -      4 |     3 |   1.5
2025-02-23 17:40:50,515 - DEBUG -     Sample: [1 1 0 1 0 0 0 0 0 0]
2025-02-23 17:40:50,515 - DEBUG -      5 |     3 |   1.5
2025-02-23 17:40:50,515 - DEBUG -     Sample: [1 1 0 1 0 0 1 1 1 1]
2025-02-23 17:40:50,516 - DEBUG - Generated 150 unique samples from 200 total measurements
2025-02-23 17:40:50,518 - INFO - Found feasible solution: [1 1 1 1 0 0 0 0 1 1] with objective value 316.0
2025-02-23 17:40:50,518 - INFO -   Found feasible solution:
2025-02-23 17:40:50,519 - INFO -     Solution: [1, 1, 1, 1, 0, 0, 0, 0, 1, 1]
2025-02-23 17:40:50,519 - INFO -     Value: 316.0
2025-02-23 17:40:50,519 - INFO -     Gap to reference: 203.85%
2025-02-23 17:40:50,519 - INFO -   Constraint generation solution found:
2025-02-23 17:40:50,520 - INFO -     Solution: [1, 1, 1, 1, 0, 0, 0, 0, 1, 1]
2025-02-23 17:40:50,520 - INFO -     Value: 316.0
2025-02-23 17:40:50,520 - INFO - 
Instance 5 results:
2025-02-23 17:40:50,520 - INFO -   Classical value: 104.0
2025-02-23 17:40:50,520 - INFO -   QAOA value: 0.0
2025-02-23 17:40:50,520 - INFO -   Constraint generation value: 316.0
2025-02-23 17:40:50,520 - INFO - 
Running instance 6/20
2025-02-23 17:40:50,522 - INFO - 
Running Classical Reference Solver (SCIP):
2025-02-23 17:40:50,522 - DEBUG - Problem dimensions: 30 constraints, 10 variables
2025-02-23 17:40:50,523 - DEBUG - Row names: ['ELEM1', 'ELEM2', 'ELEM3', 'ELEM4', 'ELEM5', 'ELEM6', 'ELEM7', 'ELEM8', 'ELEM9', 'ELEM10', 'ELEM11', 'ELEM12', 'ELEM13', 'ELEM14', 'ELEM15', 'ELEM16', 'ELEM17', 'ELEM18', 'ELEM19', 'ELEM20', 'ELEM21', 'ELEM22', 'ELEM23', 'ELEM24', 'ELEM25', 'ELEM26', 'ELEM27', 'ELEM28', 'ELEM29', 'ELEM30']
2025-02-23 17:40:50,523 - DEBUG - RHS values: {'ELEM1': 1.0, 'ELEM2': 1.0, 'ELEM3': 1.0, 'ELEM4': 1.0, 'ELEM5': 1.0, 'ELEM6': 1.0, 'ELEM7': 1.0, 'ELEM8': 1.0, 'ELEM9': 1.0, 'ELEM10': 1.0, 'ELEM11': 1.0, 'ELEM12': 1.0, 'ELEM13': 1.0, 'ELEM14': 1.0, 'ELEM15': 1.0, 'ELEM16': 1.0, 'ELEM17': 1.0, 'ELEM18': 1.0, 'ELEM19': 1.0, 'ELEM20': 1.0, 'ELEM21': 1.0, 'ELEM22': 1.0, 'ELEM23': 1.0, 'ELEM24': 1.0, 'ELEM25': 1.0, 'ELEM26': 1.0, 'ELEM27': 1.0, 'ELEM28': 1.0, 'ELEM29': 1.0, 'ELEM30': 1.0}
2025-02-23 17:40:50,532 - INFO -   Reference solution found:
2025-02-23 17:40:50,532 - INFO -     Solution: [1, 1, 0, 1, 0, 0, 0, 0, 0, 0]
2025-02-23 17:40:50,532 - INFO -     Value: 54.0
2025-02-23 17:40:50,532 - INFO - 
Running QAOA Reference Solution (with all constraints):
