
Problem information:
  Number of variables (n): 10
  Number of constraints (m): 30

Starting reference QAOA with parameters:
  sample_size (total shots): 200
Added all constraints
No feasible solution found
  QAOA solver found no feasible solution

Running Constraint Generation:

Problem information:
  Number of variables (n): 10
  Number of constraints (m): 30

Running classical reference solver:
  Reference solution found:
    Solution: [0, 0, 0, 0, 1, 1, 1, 1, 0, 0]
    Value: 104.0

Starting quantum constraint generation with parameters:
  sample_size (total shots): 200
  tau: 0.1
  max_iters: 1000

Iteration 0:
Found feasible solution: [1 1 1 1 0 0 0 0 1 1] with objective value 316.0
  Found feasible solution:
    Solution: [1, 1, 1, 1, 0, 0, 0, 0, 1, 1]
    Value: 316.0
    Gap to reference: 203.85%
  Constraint generation solution found:
    Solution: [1, 1, 1, 1, 0, 0, 0, 0, 1, 1]
    Value: 316.0

Instance 5 results:
  Classical value: 104.0
  QAOA value: 0.0
  Constraint generation value: 316.0

Running instance 6/20

Running Classical Reference Solver (SCIP):
  Reference solution found:
    Solution: [1, 1, 0, 1, 0, 0, 0, 0, 0, 0]
    Value: 54.0

Running QAOA Reference Solution (with all constraints):
