2025-02-23 18:48:26,127 - INFO - 
Problem information:
2025-02-23 18:48:26,127 - INFO -   Number of variables (n): 10
2025-02-23 18:48:26,128 - INFO -   Number of constraints (m): 20
2025-02-23 18:48:26,128 - DEBUG -   Density of A: 50.00%
2025-02-23 18:48:26,128 - INFO - 
Starting reference QAOA with parameters:
2025-02-23 18:48:26,128 - INFO -   sample_size (total shots): 100
2025-02-23 18:48:26,128 - INFO - Added all constraints
2025-02-23 18:48:26,129 - DEBUG - Generated Ising Hamiltonian
2025-02-23 18:48:26,376 - DEBUG - Optimizing QAOA circuit...
2025-02-23 18:48:28,227 - DEBUG - Circuit optimization successful
2025-02-23 18:48:28,227 - DEBUG - Circuit optimization successful, final value: 4495.008991008991
2025-02-23 18:48:28,228 - DEBUG - Sampling from optimized circuit...
2025-02-23 18:48:28,242 - DEBUG - Generated 92 unique samples from 100 total measurements
2025-02-23 18:48:28,242 - DEBUG - 
Top 5 most frequent samples:
2025-02-23 18:48:28,242 - DEBUG -   Rank | Count |   %   
2025-02-23 18:48:28,242 - DEBUG -   -----|-------|-------
2025-02-23 18:48:28,242 - DEBUG -      1 |     3 |   3.0
2025-02-23 18:48:28,243 - DEBUG -     Sample: [0 1 0 0 0 0 0 1 0 1]
2025-02-23 18:48:28,243 - DEBUG -      2 |     2 |   2.0
2025-02-23 18:48:28,243 - DEBUG -     Sample: [1 1 0 1 1 1 0 1 0 1]
2025-02-23 18:48:28,243 - DEBUG -      3 |     2 |   2.0
2025-02-23 18:48:28,244 - DEBUG -     Sample: [1 0 1 0 0 0 1 0 1 1]
2025-02-23 18:48:28,244 - DEBUG -      4 |     2 |   2.0
2025-02-23 18:48:28,244 - DEBUG -     Sample: [0 0 1 0 0 0 0 1 0 1]
2025-02-23 18:48:28,244 - DEBUG -      5 |     2 |   2.0
2025-02-23 18:48:28,244 - DEBUG -     Sample: [1 0 1 1 1 1 0 0 0 1]
2025-02-23 18:48:28,245 - DEBUG - Generated 92 unique samples from 100 total measurements
2025-02-23 18:48:28,246 - INFO - No feasible solution found
2025-02-23 18:48:28,247 - INFO -   QAOA solver found no feasible solution
2025-02-23 18:48:28,248 - INFO - 
Running Constraint Generation:
2025-02-23 18:48:28,249 - INFO - 
Problem information:
2025-02-23 18:48:28,249 - INFO -   Number of variables (n): 10
2025-02-23 18:48:28,249 - INFO -   Number of constraints (m): 20
2025-02-23 18:48:28,250 - DEBUG -   Density of A: 50.00%
2025-02-23 18:48:28,250 - INFO - 
Running classical reference solver:
2025-02-23 18:48:28,259 - INFO -   Reference solution found:
2025-02-23 18:48:28,260 - INFO -     Solution: [1, 0, 0, 0, 0, 0, 0, 0, 1, 0]
2025-02-23 18:48:28,260 - INFO -     Value: 73.0
2025-02-23 18:48:28,260 - INFO - 
Starting quantum constraint generation with parameters:
2025-02-23 18:48:28,260 - INFO -   sample_size (total shots): 100
2025-02-23 18:48:28,260 - INFO -   tau: 0.1
2025-02-23 18:48:28,260 - INFO -   max_iters: 1000
2025-02-23 18:48:28,260 - INFO - 
Iteration 0:
2025-02-23 18:48:28,261 - DEBUG - Generated Ising Hamiltonian
2025-02-23 18:48:28,465 - DEBUG - Optimizing QAOA circuit...
2025-02-23 18:48:29,249 - DEBUG - Circuit optimization successful
2025-02-23 18:48:29,249 - DEBUG - Circuit optimization successful, final value: -281.15384615384613
2025-02-23 18:48:29,249 - DEBUG - Sampling from optimized circuit...
2025-02-23 18:48:29,258 - DEBUG - Generated 37 unique samples from 100 total measurements
2025-02-23 18:48:29,258 - DEBUG - 
Top 5 most frequent samples:
2025-02-23 18:48:29,259 - DEBUG -   Rank | Count |   %   
2025-02-23 18:48:29,259 - DEBUG -   -----|-------|-------
2025-02-23 18:48:29,259 - DEBUG -      1 |     9 |   9.0
2025-02-23 18:48:29,259 - DEBUG -     Sample: [1 1 1 1 1 1 0 1 1 1]
2025-02-23 18:48:29,259 - DEBUG -      2 |     9 |   9.0
2025-02-23 18:48:29,259 - DEBUG -     Sample: [1 1 1 0 1 1 0 1 1 1]
2025-02-23 18:48:29,259 - DEBUG -      3 |     9 |   9.0
2025-02-23 18:48:29,260 - DEBUG -     Sample: [1 1 1 0 1 1 1 1 1 1]
2025-02-23 18:48:29,260 - DEBUG -      4 |     7 |   7.0
2025-02-23 18:48:29,260 - DEBUG -     Sample: [1 1 1 1 1 1 1 1 1 1]
2025-02-23 18:48:29,260 - DEBUG -      5 |     6 |   6.0
2025-02-23 18:48:29,260 - DEBUG -     Sample: [1 0 1 1 1 1 1 1 1 1]
2025-02-23 18:48:29,260 - DEBUG - Generated 37 unique samples from 100 total measurements
2025-02-23 18:48:29,261 - INFO -   No feasible solution found in this iteration
2025-02-23 18:48:29,261 - INFO -   Added 19 new constraints: [0, 1, 2, 3, 4, 5, 7, 8, 9, 10, 11, 12, 13, 14, 15, 16, 17, 18, 19]
2025-02-23 18:48:29,262 - INFO - 
Iteration 1:
2025-02-23 18:48:29,262 - DEBUG - Generated Ising Hamiltonian
2025-02-23 18:48:29,444 - DEBUG - Optimizing QAOA circuit...
2025-02-23 18:48:31,691 - DEBUG - Circuit optimization successful
2025-02-23 18:48:31,691 - DEBUG - Circuit optimization successful, final value: -44122.94355644356
2025-02-23 18:48:31,691 - DEBUG - Sampling from optimized circuit...
2025-02-23 18:48:31,704 - DEBUG - Generated 81 unique samples from 100 total measurements
2025-02-23 18:48:31,704 - DEBUG - 
Top 5 most frequent samples:
2025-02-23 18:48:31,704 - DEBUG -   Rank | Count |   %   
2025-02-23 18:48:31,704 - DEBUG -   -----|-------|-------
2025-02-23 18:48:31,705 - DEBUG -      1 |     3 |   3.0
2025-02-23 18:48:31,705 - DEBUG -     Sample: [1 0 0 0 0 0 1 1 0 0]
2025-02-23 18:48:31,705 - DEBUG -      2 |     3 |   3.0
2025-02-23 18:48:31,705 - DEBUG -     Sample: [0 0 0 0 1 0 0 1 0 1]
2025-02-23 18:48:31,705 - DEBUG -      3 |     3 |   3.0
2025-02-23 18:48:31,705 - DEBUG -     Sample: [0 0 0 1 1 0 0 0 1 1]
2025-02-23 18:48:31,705 - DEBUG -      4 |     3 |   3.0
2025-02-23 18:48:31,706 - DEBUG -     Sample: [0 0 0 1 0 1 0 0 0 1]
2025-02-23 18:48:31,706 - DEBUG -      5 |     2 |   2.0
2025-02-23 18:48:31,706 - DEBUG -     Sample: [1 0 0 1 0 0 1 0 1 1]
2025-02-23 18:48:31,706 - DEBUG - Generated 81 unique samples from 100 total measurements
2025-02-23 18:48:31,708 - INFO -   No feasible solution found in this iteration
2025-02-23 18:48:31,708 - INFO -   No new constraints added, lowered tau multiplier: 1.0 -> 0.9
2025-02-23 18:48:31,708 - INFO -   Added 1 new constraints: [6]
2025-02-23 18:48:31,708 - INFO - 
Iteration 2:
2025-02-23 18:48:31,709 - DEBUG - Generated Ising Hamiltonian
2025-02-23 18:48:31,921 - DEBUG - Optimizing QAOA circuit...
2025-02-23 18:48:33,464 - DEBUG - Circuit optimization successful
2025-02-23 18:48:33,464 - DEBUG - Circuit optimization successful, final value: -2704.1588411588414
2025-02-23 18:48:33,464 - DEBUG - Sampling from optimized circuit...
2025-02-23 18:48:33,477 - DEBUG - Generated 93 unique samples from 100 total measurements
2025-02-23 18:48:33,478 - DEBUG - 
Top 5 most frequent samples:
2025-02-23 18:48:33,478 - DEBUG -   Rank | Count |   %   
2025-02-23 18:48:33,478 - DEBUG -   -----|-------|-------
2025-02-23 18:48:33,478 - DEBUG -      1 |     3 |   3.0
2025-02-23 18:48:33,478 - DEBUG -     Sample: [1 1 1 1 1 1 1 1 1 1]
2025-02-23 18:48:33,478 - DEBUG -      2 |     2 |   2.0
2025-02-23 18:48:33,479 - DEBUG -     Sample: [0 1 0 1 1 0 1 1 1 0]
2025-02-23 18:48:33,479 - DEBUG -      3 |     2 |   2.0
2025-02-23 18:48:33,479 - DEBUG -     Sample: [0 0 1 1 0 0 1 1 0 1]
2025-02-23 18:48:33,479 - DEBUG -      4 |     2 |   2.0
2025-02-23 18:48:33,479 - DEBUG -     Sample: [0 1 0 0 1 1 0 1 1 0]
2025-02-23 18:48:33,479 - DEBUG -      5 |     2 |   2.0
2025-02-23 18:48:33,480 - DEBUG -     Sample: [1 1 0 1 0 1 0 0 1 1]
2025-02-23 18:48:33,480 - DEBUG - Generated 93 unique samples from 100 total measurements
2025-02-23 18:48:33,482 - INFO -   No feasible solution found in this iteration
2025-02-23 18:48:33,482 - INFO -   All constraints added, exiting
2025-02-23 18:48:33,483 - INFO -   Constraint generation found no feasible solution
2025-02-23 18:48:33,483 - INFO - 
Instance 33 results:
2025-02-23 18:48:33,483 - INFO -   Classical value: 73.0
2025-02-23 18:48:33,483 - INFO -   QAOA value: 0.0
2025-02-23 18:48:33,483 - INFO -   Constraint generation value: 0.0
2025-02-23 18:48:33,484 - INFO - 
Running instance 34/100
2025-02-23 18:48:33,485 - INFO - 
Running Classical Reference Solver (SCIP):
2025-02-23 18:48:33,486 - DEBUG - Problem dimensions: 20 constraints, 10 variables
2025-02-23 18:48:33,486 - DEBUG - Row names: ['ELEM1', 'ELEM2', 'ELEM3', 'ELEM4', 'ELEM5', 'ELEM6', 'ELEM7', 'ELEM8', 'ELEM9', 'ELEM10', 'ELEM11', 'ELEM12', 'ELEM13', 'ELEM14', 'ELEM15', 'ELEM16', 'ELEM17', 'ELEM18', 'ELEM19', 'ELEM20']
2025-02-23 18:48:33,486 - DEBUG - RHS values: {'ELEM1': 1.0, 'ELEM2': 1.0, 'ELEM3': 1.0, 'ELEM4': 1.0, 'ELEM5': 1.0, 'ELEM6': 1.0, 'ELEM7': 1.0, 'ELEM8': 1.0, 'ELEM9': 1.0, 'ELEM10': 1.0, 'ELEM11': 1.0, 'ELEM12': 1.0, 'ELEM13': 1.0, 'ELEM14': 1.0, 'ELEM15': 1.0, 'ELEM16': 1.0, 'ELEM17': 1.0, 'ELEM18': 1.0, 'ELEM19': 1.0, 'ELEM20': 1.0}
2025-02-23 18:48:33,498 - INFO -   Reference solution found:
2025-02-23 18:48:33,498 - INFO -     Solution: [0, 0, 0, 1, 0, 0, 0, 0, 0, 1]
2025-02-23 18:48:33,498 - INFO -     Value: 35.0
2025-02-23 18:48:33,499 - INFO - 
Running QAOA Reference Solution (with all constraints):
