
Problem information:
  Number of variables (n): 12
  Number of constraints (m): 40

Starting reference QAOA with parameters:
  sample_size (total shots): 200
Added all constraints
No feasible solution found
  QAOA solver found no feasible solution

Running Constraint Generation:

Problem information:
  Number of variables (n): 12
  Number of constraints (m): 40

Running classical reference solver:
  Reference solution found:
    Solution: [0, 1, 0, 1, 0, 1, 0, 0, 0, 0, 1, 0]
    Value: 122.0

Starting quantum constraint generation with parameters:
  sample_size (total shots): 200
  tau: 0.1
  max_iters: 1000

Iteration 0:
  No feasible solution found in this iteration
  Added 1 new constraints: [10]

Iteration 1:
  No feasible solution found in this iteration
  Added 1 new constraints: [2]

Iteration 2:
  No feasible solution found in this iteration
  Added 1 new constraints: [18]

Iteration 3:
  No feasible solution found in this iteration
  No new constraints added, lowered tau multiplier: 1.0 -> 0.9
  Added 9 new constraints: [4, 13, 21, 24, 26, 29, 33, 34, 38]

Iteration 4:
  No feasible solution found in this iteration
  Added 1 new constraints: [16]

Iteration 5:
  No feasible solution found in this iteration
  No new constraints added, lowered tau multiplier: 1.0 -> 0.9
  No new constraints added, lowered tau multiplier: 0.9 -> 0.8
  Added 2 new constraints: [19, 31]

Iteration 6:
  No feasible solution found in this iteration
  No new constraints added, lowered tau multiplier: 1.0 -> 0.9
  Added 4 new constraints: [6, 11, 15, 37]

Iteration 7:
  No feasible solution found in this iteration
  No new constraints added, lowered tau multiplier: 1.0 -> 0.9
  Added 1 new constraints: [36]

Iteration 8:
  No feasible solution found in this iteration
  No new constraints added, lowered tau multiplier: 1.0 -> 0.9
  Added 2 new constraints: [30, 39]

Iteration 9:
  No feasible solution found in this iteration
  No new constraints added, lowered tau multiplier: 1.0 -> 0.9
  Added 1 new constraints: [3]

Iteration 10:
Found feasible solution: [0 0 0 0 1 0 0 1 1 1 0 0] with objective value 179.0
  Found feasible solution:
    Solution: [0, 0, 0, 0, 1, 0, 0, 1, 1, 1, 0, 0]
    Value: 179.0
    Gap to reference: 46.72%
  Constraint generation solution found:
    Solution: [0, 0, 0, 0, 1, 0, 0, 1, 1, 1, 0, 0]
    Value: 179.0

Instance 75 results:
  Classical value: 122.0
  QAOA value: 0.0
  Constraint generation value: 179.0

Running instance 76/100

Running Classical Reference Solver (SCIP):
  Reference solution found:
    Solution: [1, 0, 1, 0, 0, 0, 0, 1, 0, 0, 1, 1]
    Value: 151.0

Running QAOA Reference Solution (with all constraints):
