2025-02-24 14:52:54,575 - INFO - 
Problem information:
2025-02-24 14:52:54,576 - INFO -   Number of variables (n): 12
2025-02-24 14:52:54,576 - INFO -   Number of constraints (m): 40
2025-02-24 14:52:54,576 - DEBUG -   Density of A: 20.62%
2025-02-24 14:52:54,576 - INFO - 
Starting reference QAOA with parameters:
2025-02-24 14:52:54,576 - INFO -   sample_size (total shots): 1000
2025-02-24 14:52:54,576 - INFO - Added all constraints
2025-02-24 14:52:54,576 - DEBUG - Generated Ising Hamiltonian
2025-02-24 14:52:54,729 - DEBUG - Optimizing QAOA circuit...
2025-02-24 14:52:57,826 - DEBUG - Circuit optimization successful
2025-02-24 14:52:57,826 - DEBUG - Circuit optimization successful, final value: 21799.04395604395
2025-02-24 14:52:57,827 - DEBUG - Sampling from optimized circuit...
2025-02-24 14:52:57,859 - DEBUG - Generated 426 unique samples from 1000 total measurements
2025-02-24 14:52:57,860 - DEBUG - 
Top 5 most frequent samples:
2025-02-24 14:52:57,860 - DEBUG -   Rank | Count |   %   
2025-02-24 14:52:57,860 - DEBUG -   -----|-------|-------
2025-02-24 14:52:57,860 - DEBUG -      1 |    40 |   4.0
2025-02-24 14:52:57,860 - DEBUG -     Sample: [1 1 1 0 1 0 1 1 1 1 0 0]
2025-02-24 14:52:57,860 - DEBUG -      2 |    21 |   2.1
2025-02-24 14:52:57,861 - DEBUG -     Sample: [1 1 1 0 1 0 1 1 0 0 0 0]
2025-02-24 14:52:57,861 - DEBUG -      3 |    15 |   1.5
2025-02-24 14:52:57,861 - DEBUG -     Sample: [1 1 1 0 1 1 0 1 1 0 0 0]
2025-02-24 14:52:57,861 - DEBUG -      4 |    14 |   1.4
2025-02-24 14:52:57,861 - DEBUG -     Sample: [1 1 1 0 1 1 1 0 1 0 0 0]
2025-02-24 14:52:57,861 - DEBUG -      5 |    14 |   1.4
2025-02-24 14:52:57,861 - DEBUG -     Sample: [1 1 1 0 1 0 1 1 0 0 0 1]
2025-02-24 14:52:57,862 - DEBUG - Generated 426 unique samples from 1000 total measurements
2025-02-24 14:52:57,868 - INFO - No feasible solution found
2025-02-24 14:52:57,868 - INFO -   QAOA solver found no feasible solution
2025-02-24 14:52:57,868 - INFO - 
Running Constraint Generation:
2025-02-24 14:52:57,869 - INFO - 
Problem information:
2025-02-24 14:52:57,869 - INFO -   Number of variables (n): 12
2025-02-24 14:52:57,870 - INFO -   Number of constraints (m): 40
2025-02-24 14:52:57,870 - DEBUG -   Density of A: 20.62%
2025-02-24 14:52:57,870 - INFO - 
Running classical reference solver:
2025-02-24 14:52:57,878 - INFO -   Reference solution found:
2025-02-24 14:52:57,878 - INFO -     Solution: [1, 1, 1, 1, 0, 0, 0, 0, 1, 0, 1, 0]
2025-02-24 14:52:57,878 - INFO -     Value: 218.0
2025-02-24 14:52:57,878 - INFO - 
Starting quantum constraint generation with parameters:
2025-02-24 14:52:57,879 - INFO -   sample_size (total shots): 1000
2025-02-24 14:52:57,879 - INFO -   tau: 0.1
2025-02-24 14:52:57,879 - INFO -   max_iters: 1000
2025-02-24 14:52:57,879 - INFO - 
Iteration 0:
2025-02-24 14:52:57,879 - DEBUG - Generated Ising Hamiltonian
2025-02-24 14:52:57,880 - DEBUG - Optimizing QAOA circuit...
2025-02-24 14:53:02,640 - WARNING - Circuit optimization did not converge
2025-02-24 14:53:02,640 - WARNING - Circuit optimization did not converge
2025-02-24 14:53:02,640 - DEBUG - Sampling from optimized circuit...
2025-02-24 14:53:02,702 - DEBUG - Generated 12 unique samples from 1000 total measurements
2025-02-24 14:53:02,702 - DEBUG - 
Top 5 most frequent samples:
2025-02-24 14:53:02,703 - DEBUG -   Rank | Count |   %   
2025-02-24 14:53:02,703 - DEBUG -   -----|-------|-------
2025-02-24 14:53:02,703 - DEBUG -      1 |   377 |  37.7
2025-02-24 14:53:02,703 - DEBUG -     Sample: [0 0 0 0 0 0 0 0 1 0 1 1]
2025-02-24 14:53:02,703 - DEBUG -      2 |   368 |  36.8
2025-02-24 14:53:02,703 - DEBUG -     Sample: [0 0 0 0 0 0 0 0 1 0 1 0]
2025-02-24 14:53:02,703 - DEBUG -      3 |   110 |  11.0
2025-02-24 14:53:02,703 - DEBUG -     Sample: [0 0 0 0 0 0 0 0 0 0 1 0]
2025-02-24 14:53:02,703 - DEBUG -      4 |    99 |   9.9
2025-02-24 14:53:02,704 - DEBUG -     Sample: [0 0 0 0 0 0 0 0 0 0 1 1]
2025-02-24 14:53:02,704 - DEBUG -      5 |    13 |   1.3
2025-02-24 14:53:02,704 - DEBUG -     Sample: [0 0 0 0 0 0 0 0 1 1 1 1]
2025-02-24 14:53:02,704 - DEBUG - Generated 12 unique samples from 1000 total measurements
2025-02-24 14:53:02,705 - INFO -   No feasible solution found in this iteration
2025-02-24 14:53:02,705 - INFO -   Added 8 new constraints: [5, 9, 21, 22, 23, 26, 35, 38]
2025-02-24 14:53:02,705 - INFO - 
Iteration 1:
2025-02-24 14:53:02,706 - DEBUG - Generated Ising Hamiltonian
2025-02-24 14:53:02,707 - DEBUG - Optimizing QAOA circuit...
2025-02-24 14:53:18,030 - WARNING - Circuit optimization did not converge
2025-02-24 14:53:18,031 - WARNING - Circuit optimization did not converge
2025-02-24 14:53:18,031 - DEBUG - Sampling from optimized circuit...
2025-02-24 14:53:18,083 - DEBUG - Generated 16 unique samples from 1000 total measurements
2025-02-24 14:53:18,083 - DEBUG - 
Top 5 most frequent samples:
2025-02-24 14:53:18,083 - DEBUG -   Rank | Count |   %   
2025-02-24 14:53:18,083 - DEBUG -   -----|-------|-------
2025-02-24 14:53:18,083 - DEBUG -      1 |   235 |  23.5
2025-02-24 14:53:18,084 - DEBUG -     Sample: [0 0 0 0 0 0 0 0 1 0 1 1]
2025-02-24 14:53:18,084 - DEBUG -      2 |   220 |  22.0
2025-02-24 14:53:18,084 - DEBUG -     Sample: [0 0 0 0 0 0 0 0 1 0 1 0]
2025-02-24 14:53:18,084 - DEBUG -      3 |   100 |  10.0
2025-02-24 14:53:18,084 - DEBUG -     Sample: [0 0 0 0 0 0 0 0 0 0 1 1]
2025-02-24 14:53:18,084 - DEBUG -      4 |    95 |   9.5
2025-02-24 14:53:18,084 - DEBUG -     Sample: [0 0 0 0 0 0 0 0 1 0 0 1]
2025-02-24 14:53:18,084 - DEBUG -      5 |    90 |   9.0
2025-02-24 14:53:18,084 - DEBUG -     Sample: [0 0 0 0 0 0 0 0 0 0 1 0]
2025-02-24 14:53:18,084 - DEBUG - Generated 16 unique samples from 1000 total measurements
2025-02-24 14:53:18,085 - INFO -   No feasible solution found in this iteration
2025-02-24 14:53:18,085 - INFO -   No new constraints added, lowered tau multiplier: 1.0 -> 0.9
2025-02-24 14:53:18,085 - INFO -   No new constraints added, lowered tau multiplier: 0.9 -> 0.8
2025-02-24 14:53:18,085 - INFO -   No new constraints added, lowered tau multiplier: 0.8 -> 0.7
2025-02-24 14:53:18,085 - INFO -   No new constraints added, lowered tau multiplier: 0.7 -> 0.6
2025-02-24 14:53:18,085 - INFO -   No new constraints added, lowered tau multiplier: 0.6 -> 0.5
2025-02-24 14:53:18,085 - INFO -   No new constraints added, lowered tau multiplier: 0.5 -> 0.4
2025-02-24 14:53:18,086 - INFO -   Added 32 new constraints: [0, 1, 2, 3, 4, 6, 7, 8, 10, 11, 12, 13, 14, 15, 16, 17, 18, 19, 20, 24, 25, 27, 28, 29, 30, 31, 32, 33, 34, 36, 37, 39]
2025-02-24 14:53:18,086 - INFO - 
Iteration 2:
2025-02-24 14:53:18,086 - DEBUG - Generated Ising Hamiltonian
2025-02-24 14:53:18,088 - DEBUG - Optimizing QAOA circuit...
2025-02-24 14:53:27,050 - WARNING - Circuit optimization did not converge
2025-02-24 14:53:27,050 - WARNING - Circuit optimization did not converge
2025-02-24 14:53:27,050 - DEBUG - Sampling from optimized circuit...
2025-02-24 14:53:27,112 - DEBUG - Generated 16 unique samples from 1000 total measurements
2025-02-24 14:53:27,112 - DEBUG - 
Top 5 most frequent samples:
2025-02-24 14:53:27,112 - DEBUG -   Rank | Count |   %   
2025-02-24 14:53:27,112 - DEBUG -   -----|-------|-------
2025-02-24 14:53:27,112 - DEBUG -      1 |   106 |  10.6
2025-02-24 14:53:27,112 - DEBUG -     Sample: [0 0 0 0 0 0 0 0 0 1 0 0]
2025-02-24 14:53:27,112 - DEBUG -      2 |    81 |   8.1
2025-02-24 14:53:27,112 - DEBUG -     Sample: [0 0 0 0 0 0 0 0 0 0 0 0]
2025-02-24 14:53:27,112 - DEBUG -      3 |    73 |   7.3
2025-02-24 14:53:27,112 - DEBUG -     Sample: [0 0 0 0 0 0 0 0 0 0 0 1]
2025-02-24 14:53:27,113 - DEBUG -      4 |    70 |   7.0
2025-02-24 14:53:27,113 - DEBUG -     Sample: [0 0 0 0 0 0 0 0 0 0 1 1]
2025-02-24 14:53:27,113 - DEBUG -      5 |    70 |   7.0
2025-02-24 14:53:27,113 - DEBUG -     Sample: [0 0 0 0 0 0 0 0 0 1 1 1]
2025-02-24 14:53:27,113 - DEBUG - Generated 16 unique samples from 1000 total measurements
2025-02-24 14:53:27,113 - INFO -   No feasible solution found in this iteration
2025-02-24 14:53:27,113 - INFO -   All constraints added, exiting
2025-02-24 14:53:27,113 - INFO -   Constraint generation found no feasible solution
2025-02-24 14:53:27,113 - INFO - 
Instance 72 results:
2025-02-24 14:53:27,114 - INFO -   Classical value: 218.0
2025-02-24 14:53:27,114 - INFO -   QAOA value: 0.0
2025-02-24 14:53:27,114 - INFO -   Constraint generation value: 0.0
2025-02-24 14:53:27,114 - INFO - 
Running instance 73/100
2025-02-24 14:53:27,115 - INFO - 
Running Classical Reference Solver (SCIP):
2025-02-24 14:53:27,116 - DEBUG - Problem dimensions: 40 constraints, 12 variables
2025-02-24 14:53:27,116 - DEBUG - Row names: ['ELEM1', 'ELEM2', 'ELEM3', 'ELEM4', 'ELEM5', 'ELEM6', 'ELEM7', 'ELEM8', 'ELEM9', 'ELEM10', 'ELEM11', 'ELEM12', 'ELEM13', 'ELEM14', 'ELEM15', 'ELEM16', 'ELEM17', 'ELEM18', 'ELEM19', 'ELEM20', 'ELEM21', 'ELEM22', 'ELEM23', 'ELEM24', 'ELEM25', 'ELEM26', 'ELEM27', 'ELEM28', 'ELEM29', 'ELEM30', 'ELEM31', 'ELEM32', 'ELEM33', 'ELEM34', 'ELEM35', 'ELEM36', 'ELEM37', 'ELEM38', 'ELEM39', 'ELEM40']
2025-02-24 14:53:27,116 - DEBUG - RHS values: {'ELEM1': 1.0, 'ELEM2': 1.0, 'ELEM3': 1.0, 'ELEM4': 1.0, 'ELEM5': 1.0, 'ELEM6': 1.0, 'ELEM7': 1.0, 'ELEM8': 1.0, 'ELEM9': 1.0, 'ELEM10': 1.0, 'ELEM11': 1.0, 'ELEM12': 1.0, 'ELEM13': 1.0, 'ELEM14': 1.0, 'ELEM15': 1.0, 'ELEM16': 1.0, 'ELEM17': 1.0, 'ELEM18': 1.0, 'ELEM19': 1.0, 'ELEM20': 1.0, 'ELEM21': 1.0, 'ELEM22': 1.0, 'ELEM23': 1.0, 'ELEM24': 1.0, 'ELEM25': 1.0, 'ELEM26': 1.0, 'ELEM27': 1.0, 'ELEM28': 1.0, 'ELEM29': 1.0, 'ELEM30': 1.0, 'ELEM31': 1.0, 'ELEM32': 1.0, 'ELEM33': 1.0, 'ELEM34': 1.0, 'ELEM35': 1.0, 'ELEM36': 1.0, 'ELEM37': 1.0, 'ELEM38': 1.0, 'ELEM39': 1.0, 'ELEM40': 1.0}
2025-02-24 14:53:27,125 - INFO -   Reference solution found:
2025-02-24 14:53:27,125 - INFO -     Solution: [1, 0, 0, 0, 1, 0, 1, 0, 0, 0, 0, 0]
2025-02-24 14:53:27,125 - INFO -     Value: 184.0
2025-02-24 14:53:27,125 - INFO - 
Running QAOA Reference Solution (with all constraints):
