2025-02-23 18:12:23,002 - INFO - 
Problem information:
2025-02-23 18:12:23,002 - INFO -   Number of variables (n): 12
2025-02-23 18:12:23,002 - INFO -   Number of constraints (m): 40
2025-02-23 18:12:23,002 - DEBUG -   Density of A: 18.12%
2025-02-23 18:12:23,002 - INFO - 
Starting reference QAOA with parameters:
2025-02-23 18:12:23,002 - INFO -   sample_size (total shots): 200
2025-02-23 18:12:23,003 - INFO - Added all constraints
2025-02-23 18:12:23,003 - DEBUG - Generated Ising Hamiltonian
2025-02-23 18:12:23,211 - DEBUG - Optimizing QAOA circuit...
2025-02-23 18:12:25,285 - DEBUG - Circuit optimization successful
2025-02-23 18:12:25,289 - DEBUG - Circuit optimization successful, final value: -17336.081918081916
2025-02-23 18:12:25,289 - DEBUG - Sampling from optimized circuit...
2025-02-23 18:12:25,309 - DEBUG - Generated 72 unique samples from 200 total measurements
2025-02-23 18:12:25,309 - DEBUG - 
Top 5 most frequent samples:
2025-02-23 18:12:25,309 - DEBUG -   Rank | Count |   %   
2025-02-23 18:12:25,309 - DEBUG -   -----|-------|-------
2025-02-23 18:12:25,309 - DEBUG -      1 |    35 |  17.5
2025-02-23 18:12:25,310 - DEBUG -     Sample: [0 1 1 0 1 1 0 1 1 0 1 0]
2025-02-23 18:12:25,310 - DEBUG -      2 |    19 |   9.5
2025-02-23 18:12:25,310 - DEBUG -     Sample: [0 1 1 0 1 1 0 1 1 0 1 1]
2025-02-23 18:12:25,310 - DEBUG -      3 |    12 |   6.0
2025-02-23 18:12:25,311 - DEBUG -     Sample: [0 1 1 1 1 1 0 1 1 0 1 0]
2025-02-23 18:12:25,311 - DEBUG -      4 |    11 |   5.5
2025-02-23 18:12:25,311 - DEBUG -     Sample: [0 0 1 0 1 1 0 1 1 0 1 0]
2025-02-23 18:12:25,311 - DEBUG -      5 |     9 |   4.5
2025-02-23 18:12:25,312 - DEBUG -     Sample: [0 1 1 0 1 1 0 1 1 0 0 0]
2025-02-23 18:12:25,312 - DEBUG - Generated 72 unique samples from 200 total measurements
2025-02-23 18:12:25,314 - INFO - No feasible solution found
2025-02-23 18:12:25,315 - INFO -   QAOA solver found no feasible solution
2025-02-23 18:12:25,316 - INFO - 
Running Constraint Generation:
2025-02-23 18:12:25,318 - INFO - 
Problem information:
2025-02-23 18:12:25,318 - INFO -   Number of variables (n): 12
2025-02-23 18:12:25,318 - INFO -   Number of constraints (m): 40
2025-02-23 18:12:25,319 - DEBUG -   Density of A: 18.12%
2025-02-23 18:12:25,319 - INFO - 
Running classical reference solver:
2025-02-23 18:12:25,336 - INFO -   Reference solution found:
2025-02-23 18:12:25,337 - INFO -     Solution: [1, 0, 1, 0, 0, 0, 0, 1, 0, 0, 1, 1]
2025-02-23 18:12:25,338 - INFO -     Value: 151.0
2025-02-23 18:12:25,339 - INFO - 
Starting quantum constraint generation with parameters:
2025-02-23 18:12:25,340 - INFO -   sample_size (total shots): 200
2025-02-23 18:12:25,340 - INFO -   tau: 0.1
2025-02-23 18:12:25,340 - INFO -   max_iters: 1000
2025-02-23 18:12:25,340 - INFO - 
Iteration 0:
2025-02-23 18:12:25,342 - DEBUG - Generated Ising Hamiltonian
2025-02-23 18:12:25,643 - DEBUG - Optimizing QAOA circuit...
2025-02-23 18:12:27,058 - DEBUG - Circuit optimization successful
2025-02-23 18:12:27,059 - DEBUG - Circuit optimization successful, final value: -199.78221778221774
2025-02-23 18:12:27,059 - DEBUG - Sampling from optimized circuit...
2025-02-23 18:12:27,076 - DEBUG - Generated 124 unique samples from 200 total measurements
2025-02-23 18:12:27,076 - DEBUG - 
Top 5 most frequent samples:
2025-02-23 18:12:27,076 - DEBUG -   Rank | Count |   %   
2025-02-23 18:12:27,076 - DEBUG -   -----|-------|-------
2025-02-23 18:12:27,076 - DEBUG -      1 |    13 |   6.5
2025-02-23 18:12:27,077 - DEBUG -     Sample: [1 0 0 1 1 1 0 1 1 1 1 0]
2025-02-23 18:12:27,077 - DEBUG -      2 |    10 |   5.0
2025-02-23 18:12:27,077 - DEBUG -     Sample: [0 0 0 1 1 1 0 1 1 1 1 0]
2025-02-23 18:12:27,077 - DEBUG -      3 |     6 |   3.0
2025-02-23 18:12:27,078 - DEBUG -     Sample: [1 0 1 1 1 1 0 0 1 1 1 0]
2025-02-23 18:12:27,078 - DEBUG -      4 |     5 |   2.5
2025-02-23 18:12:27,079 - DEBUG -     Sample: [1 1 0 1 1 1 0 1 1 1 1 0]
2025-02-23 18:12:27,079 - DEBUG -      5 |     5 |   2.5
2025-02-23 18:12:27,079 - DEBUG -     Sample: [1 0 0 1 1 1 0 1 1 1 0 0]
2025-02-23 18:12:27,080 - DEBUG - Generated 124 unique samples from 200 total measurements
2025-02-23 18:12:27,083 - INFO -   No feasible solution found in this iteration
2025-02-23 18:12:27,084 - INFO -   Added 1 new constraints: [7]
2025-02-23 18:12:27,084 - INFO - 
Iteration 1:
2025-02-23 18:12:27,085 - DEBUG - Generated Ising Hamiltonian
2025-02-23 18:12:27,410 - DEBUG - Optimizing QAOA circuit...
2025-02-23 18:12:28,810 - DEBUG - Circuit optimization successful
2025-02-23 18:12:28,810 - DEBUG - Circuit optimization successful, final value: -8206.989010989011
2025-02-23 18:12:28,810 - DEBUG - Sampling from optimized circuit...
2025-02-23 18:12:28,826 - DEBUG - Generated 94 unique samples from 200 total measurements
2025-02-23 18:12:28,827 - DEBUG - 
Top 5 most frequent samples:
2025-02-23 18:12:28,827 - DEBUG -   Rank | Count |   %   
2025-02-23 18:12:28,827 - DEBUG -   -----|-------|-------
2025-02-23 18:12:28,827 - DEBUG -      1 |    16 |   8.0
2025-02-23 18:12:28,827 - DEBUG -     Sample: [1 1 0 0 1 0 1 0 0 1 0 1]
2025-02-23 18:12:28,828 - DEBUG -      2 |    12 |   6.0
2025-02-23 18:12:28,828 - DEBUG -     Sample: [1 1 0 0 0 0 1 0 0 1 0 1]
2025-02-23 18:12:28,828 - DEBUG -      3 |     9 |   4.5
2025-02-23 18:12:28,828 - DEBUG -     Sample: [0 1 0 0 0 0 1 0 0 1 0 1]
2025-02-23 18:12:28,829 - DEBUG -      4 |     7 |   3.5
2025-02-23 18:12:28,829 - DEBUG -     Sample: [1 1 0 1 1 0 1 0 0 0 0 1]
2025-02-23 18:12:28,829 - DEBUG -      5 |     6 |   3.0
2025-02-23 18:12:28,829 - DEBUG -     Sample: [1 1 0 1 1 0 1 0 0 1 0 1]
2025-02-23 18:12:28,830 - DEBUG - Generated 94 unique samples from 200 total measurements
2025-02-23 18:12:28,832 - INFO -   No feasible solution found in this iteration
2025-02-23 18:12:28,833 - INFO -   Added 2 new constraints: [26, 34]
2025-02-23 18:12:28,833 - INFO - 
Iteration 2:
2025-02-23 18:12:28,833 - DEBUG - Generated Ising Hamiltonian
2025-02-23 18:12:29,078 - DEBUG - Optimizing QAOA circuit...
2025-02-23 18:12:30,266 - DEBUG - Circuit optimization successful
2025-02-23 18:12:30,266 - DEBUG - Circuit optimization successful, final value: -6975.996003996006
2025-02-23 18:12:30,267 - DEBUG - Sampling from optimized circuit...
2025-02-23 18:12:30,283 - DEBUG - Generated 132 unique samples from 200 total measurements
2025-02-23 18:12:30,284 - DEBUG - 
Top 5 most frequent samples:
2025-02-23 18:12:30,284 - DEBUG -   Rank | Count |   %   
2025-02-23 18:12:30,284 - DEBUG -   -----|-------|-------
2025-02-23 18:12:30,284 - DEBUG -      1 |     6 |   3.0
2025-02-23 18:12:30,285 - DEBUG -     Sample: [1 1 0 0 0 0 0 0 0 1 0 1]
2025-02-23 18:12:30,285 - DEBUG -      2 |     5 |   2.5
2025-02-23 18:12:30,286 - DEBUG -     Sample: [1 1 0 0 0 0 0 1 0 0 0 1]
2025-02-23 18:12:30,286 - DEBUG -      3 |     5 |   2.5
2025-02-23 18:12:30,286 - DEBUG -     Sample: [1 1 0 0 1 0 1 0 0 1 0 1]
2025-02-23 18:12:30,286 - DEBUG -      4 |     4 |   2.0
2025-02-23 18:12:30,287 - DEBUG -     Sample: [1 1 0 1 0 0 0 1 0 1 0 1]
2025-02-23 18:12:30,287 - DEBUG -      5 |     4 |   2.0
2025-02-23 18:12:30,288 - DEBUG -     Sample: [0 1 0 0 0 0 0 1 0 1 0 1]
2025-02-23 18:12:30,289 - DEBUG - Generated 132 unique samples from 200 total measurements
2025-02-23 18:12:30,292 - INFO -   No feasible solution found in this iteration
2025-02-23 18:12:30,292 - INFO -   Added 2 new constraints: [15, 30]
2025-02-23 18:12:30,292 - INFO - 
Iteration 3:
2025-02-23 18:12:30,293 - DEBUG - Generated Ising Hamiltonian
2025-02-23 18:12:30,600 - DEBUG - Optimizing QAOA circuit...
2025-02-23 18:12:31,837 - DEBUG - Circuit optimization successful
2025-02-23 18:12:31,837 - DEBUG - Circuit optimization successful, final value: -9220.539460539461
2025-02-23 18:12:31,837 - DEBUG - Sampling from optimized circuit...
2025-02-23 18:12:31,853 - DEBUG - Generated 117 unique samples from 200 total measurements
2025-02-23 18:12:31,853 - DEBUG - 
Top 5 most frequent samples:
2025-02-23 18:12:31,853 - DEBUG -   Rank | Count |   %   
2025-02-23 18:12:31,853 - DEBUG -   -----|-------|-------
2025-02-23 18:12:31,854 - DEBUG -      1 |    15 |   7.5
2025-02-23 18:12:31,854 - DEBUG -     Sample: [1 1 1 0 1 1 0 1 0 0 0 0]
2025-02-23 18:12:31,855 - DEBUG -      2 |     9 |   4.5
2025-02-23 18:12:31,855 - DEBUG -     Sample: [1 1 1 0 1 1 0 1 0 1 0 0]
2025-02-23 18:12:31,856 - DEBUG -      3 |     6 |   3.0
2025-02-23 18:12:31,856 - DEBUG -     Sample: [1 1 1 0 1 0 0 0 1 0 0 0]
2025-02-23 18:12:31,856 - DEBUG -      4 |     6 |   3.0
2025-02-23 18:12:31,856 - DEBUG -     Sample: [1 1 1 0 1 1 0 1 0 0 0 1]
2025-02-23 18:12:31,856 - DEBUG -      5 |     6 |   3.0
2025-02-23 18:12:31,857 - DEBUG -     Sample: [1 1 1 0 1 1 0 0 1 0 0 0]
2025-02-23 18:12:31,857 - DEBUG - Generated 117 unique samples from 200 total measurements
2025-02-23 18:12:31,860 - INFO -   No feasible solution found in this iteration
2025-02-23 18:12:31,860 - INFO -   Added 1 new constraints: [4]
2025-02-23 18:12:31,861 - INFO - 
Iteration 4:
2025-02-23 18:12:31,861 - DEBUG - Generated Ising Hamiltonian
2025-02-23 18:12:32,093 - DEBUG - Optimizing QAOA circuit...
2025-02-23 18:12:33,498 - DEBUG - Circuit optimization successful
2025-02-23 18:12:33,498 - DEBUG - Circuit optimization successful, final value: 9189.612387612386
2025-02-23 18:12:33,498 - DEBUG - Sampling from optimized circuit...
2025-02-23 18:12:33,513 - DEBUG - Generated 87 unique samples from 200 total measurements
2025-02-23 18:12:33,513 - DEBUG - 
Top 5 most frequent samples:
2025-02-23 18:12:33,514 - DEBUG -   Rank | Count |   %   
2025-02-23 18:12:33,514 - DEBUG -   -----|-------|-------
2025-02-23 18:12:33,514 - DEBUG -      1 |    27 |  13.5
2025-02-23 18:12:33,514 - DEBUG -     Sample: [1 0 1 1 1 0 1 1 0 1 1 0]
2025-02-23 18:12:33,514 - DEBUG -      2 |    16 |   8.0
2025-02-23 18:12:33,515 - DEBUG -     Sample: [1 0 1 1 0 0 1 1 0 1 1 0]
2025-02-23 18:12:33,515 - DEBUG -      3 |     6 |   3.0
2025-02-23 18:12:33,515 - DEBUG -     Sample: [1 1 1 1 1 0 1 1 0 1 1 0]
2025-02-23 18:12:33,515 - DEBUG -      4 |     6 |   3.0
2025-02-23 18:12:33,515 - DEBUG -     Sample: [1 0 1 1 0 0 1 1 1 1 1 0]
2025-02-23 18:12:33,515 - DEBUG -      5 |     6 |   3.0
2025-02-23 18:12:33,516 - DEBUG -     Sample: [1 0 1 1 1 0 1 1 1 1 1 0]
2025-02-23 18:12:33,516 - DEBUG - Generated 87 unique samples from 200 total measurements
2025-02-23 18:12:33,518 - INFO -   No feasible solution found in this iteration
2025-02-23 18:12:33,519 - INFO -   Added 1 new constraints: [17]
2025-02-23 18:12:33,519 - INFO - 
Iteration 5:
2025-02-23 18:12:33,520 - DEBUG - Generated Ising Hamiltonian
2025-02-23 18:12:33,766 - DEBUG - Optimizing QAOA circuit...
2025-02-23 18:12:35,179 - DEBUG - Circuit optimization successful
2025-02-23 18:12:35,180 - DEBUG - Circuit optimization successful, final value: 9339.044955044956
2025-02-23 18:12:35,180 - DEBUG - Sampling from optimized circuit...
2025-02-23 18:12:35,197 - DEBUG - Generated 108 unique samples from 200 total measurements
2025-02-23 18:12:35,197 - DEBUG - 
Top 5 most frequent samples:
2025-02-23 18:12:35,198 - DEBUG -   Rank | Count |   %   
2025-02-23 18:12:35,198 - DEBUG -   -----|-------|-------
2025-02-23 18:12:35,199 - DEBUG -      1 |    17 |   8.5
2025-02-23 18:12:35,199 - DEBUG -     Sample: [0 1 1 1 0 1 1 0 1 0 0 0]
2025-02-23 18:12:35,199 - DEBUG -      2 |    11 |   5.5
2025-02-23 18:12:35,199 - DEBUG -     Sample: [0 1 1 1 0 1 1 1 1 0 0 0]
2025-02-23 18:12:35,200 - DEBUG -      3 |    10 |   5.0
2025-02-23 18:12:35,200 - DEBUG -     Sample: [0 1 1 1 0 1 1 1 0 0 0 1]
2025-02-23 18:12:35,200 - DEBUG -      4 |     7 |   3.5
2025-02-23 18:12:35,200 - DEBUG -     Sample: [0 1 1 1 0 1 1 0 1 1 0 0]
2025-02-23 18:12:35,200 - DEBUG -      5 |     7 |   3.5
2025-02-23 18:12:35,201 - DEBUG -     Sample: [0 1 0 1 0 1 1 1 1 0 0 0]
2025-02-23 18:12:35,201 - DEBUG - Generated 108 unique samples from 200 total measurements
2025-02-23 18:12:35,204 - INFO -   No feasible solution found in this iteration
2025-02-23 18:12:35,206 - INFO -   No new constraints added, lowered tau multiplier: 1.0 -> 0.9
2025-02-23 18:12:35,206 - INFO -   Added 4 new constraints: [6, 19, 25, 36]
2025-02-23 18:12:35,207 - INFO - 
Iteration 6:
2025-02-23 18:12:35,207 - DEBUG - Generated Ising Hamiltonian
2025-02-23 18:12:35,461 - DEBUG - Optimizing QAOA circuit...
2025-02-23 18:12:36,805 - DEBUG - Circuit optimization successful
2025-02-23 18:12:36,805 - DEBUG - Circuit optimization successful, final value: 15033.752247752247
2025-02-23 18:12:36,806 - DEBUG - Sampling from optimized circuit...
2025-02-23 18:12:36,821 - DEBUG - Generated 142 unique samples from 200 total measurements
2025-02-23 18:12:36,821 - DEBUG - 
Top 5 most frequent samples:
2025-02-23 18:12:36,821 - DEBUG -   Rank | Count |   %   
2025-02-23 18:12:36,821 - DEBUG -   -----|-------|-------
2025-02-23 18:12:36,822 - DEBUG -      1 |     8 |   4.0
2025-02-23 18:12:36,822 - DEBUG -     Sample: [1 1 0 0 0 1 0 0 0 1 1 0]
2025-02-23 18:12:36,822 - DEBUG -      2 |     7 |   3.5
2025-02-23 18:12:36,822 - DEBUG -     Sample: [1 0 0 0 0 1 0 1 1 1 1 1]
2025-02-23 18:12:36,822 - DEBUG -      3 |     7 |   3.5
2025-02-23 18:12:36,823 - DEBUG -     Sample: [1 1 1 0 0 1 0 1 1 1 1 1]
2025-02-23 18:12:36,823 - DEBUG -      4 |     5 |   2.5
2025-02-23 18:12:36,823 - DEBUG -     Sample: [1 1 1 0 0 1 0 1 0 1 1 1]
2025-02-23 18:12:36,823 - DEBUG -      5 |     4 |   2.0
2025-02-23 18:12:36,823 - DEBUG -     Sample: [1 0 0 0 0 1 0 0 1 1 1 1]
2025-02-23 18:12:36,824 - DEBUG - Generated 142 unique samples from 200 total measurements
2025-02-23 18:12:36,827 - INFO -   No feasible solution found in this iteration
2025-02-23 18:12:36,827 - INFO -   Added 1 new constraints: [18]
2025-02-23 18:12:36,827 - INFO - 
Iteration 7:
2025-02-23 18:12:36,828 - DEBUG - Generated Ising Hamiltonian
2025-02-23 18:12:37,095 - DEBUG - Optimizing QAOA circuit...
2025-02-23 18:12:38,622 - DEBUG - Circuit optimization successful
2025-02-23 18:12:38,622 - DEBUG - Circuit optimization successful, final value: -31865.98201798202
2025-02-23 18:12:38,622 - DEBUG - Sampling from optimized circuit...
2025-02-23 18:12:38,639 - DEBUG - Generated 129 unique samples from 200 total measurements
2025-02-23 18:12:38,639 - DEBUG - 
Top 5 most frequent samples:
2025-02-23 18:12:38,640 - DEBUG -   Rank | Count |   %   
2025-02-23 18:12:38,640 - DEBUG -   -----|-------|-------
2025-02-23 18:12:38,640 - DEBUG -      1 |     6 |   3.0
2025-02-23 18:12:38,640 - DEBUG -     Sample: [0 0 0 0 1 0 0 0 0 0 0 1]
2025-02-23 18:12:38,641 - DEBUG -      2 |     5 |   2.5
2025-02-23 18:12:38,641 - DEBUG -     Sample: [0 0 0 0 1 0 0 1 1 0 0 0]
2025-02-23 18:12:38,641 - DEBUG -      3 |     5 |   2.5
2025-02-23 18:12:38,641 - DEBUG -     Sample: [0 0 0 0 1 0 0 1 0 0 0 1]
2025-02-23 18:12:38,641 - DEBUG -      4 |     5 |   2.5
2025-02-23 18:12:38,641 - DEBUG -     Sample: [0 0 0 0 1 0 0 1 0 1 0 0]
2025-02-23 18:12:38,642 - DEBUG -      5 |     4 |   2.0
2025-02-23 18:12:38,642 - DEBUG -     Sample: [0 0 0 0 1 0 0 0 0 0 0 0]
2025-02-23 18:12:38,643 - DEBUG - Generated 129 unique samples from 200 total measurements
2025-02-23 18:12:38,645 - INFO -   No feasible solution found in this iteration
2025-02-23 18:12:38,645 - INFO -   Added 2 new constraints: [0, 16]
2025-02-23 18:12:38,646 - INFO - 
Iteration 8:
2025-02-23 18:12:38,646 - DEBUG - Generated Ising Hamiltonian
2025-02-23 18:12:38,873 - DEBUG - Optimizing QAOA circuit...
2025-02-23 18:12:40,142 - DEBUG - Circuit optimization successful
2025-02-23 18:12:40,142 - DEBUG - Circuit optimization successful, final value: -16440.715284715283
2025-02-23 18:12:40,142 - DEBUG - Sampling from optimized circuit...
2025-02-23 18:12:40,158 - DEBUG - Generated 72 unique samples from 200 total measurements
2025-02-23 18:12:40,158 - DEBUG - 
Top 5 most frequent samples:
2025-02-23 18:12:40,158 - DEBUG -   Rank | Count |   %   
2025-02-23 18:12:40,158 - DEBUG -   -----|-------|-------
2025-02-23 18:12:40,158 - DEBUG -      1 |    25 |  12.5
2025-02-23 18:12:40,158 - DEBUG -     Sample: [1 1 0 0 1 1 0 1 0 1 0 0]
2025-02-23 18:12:40,158 - DEBUG -      2 |    21 |  10.5
2025-02-23 18:12:40,159 - DEBUG -     Sample: [1 1 0 0 1 1 0 0 0 1 0 0]
2025-02-23 18:12:40,159 - DEBUG -      3 |    10 |   5.0
2025-02-23 18:12:40,159 - DEBUG -     Sample: [1 0 0 0 1 1 1 1 0 1 0 0]
2025-02-23 18:12:40,159 - DEBUG -      4 |    10 |   5.0
2025-02-23 18:12:40,159 - DEBUG -     Sample: [1 1 0 0 0 1 0 1 0 1 0 0]
2025-02-23 18:12:40,159 - DEBUG -      5 |    10 |   5.0
2025-02-23 18:12:40,160 - DEBUG -     Sample: [1 0 0 0 1 1 0 1 0 1 0 0]
2025-02-23 18:12:40,160 - DEBUG - Generated 72 unique samples from 200 total measurements
2025-02-23 18:12:40,161 - INFO -   No feasible solution found in this iteration
2025-02-23 18:12:40,162 - INFO -   No new constraints added, lowered tau multiplier: 1.0 -> 0.9
2025-02-23 18:12:40,162 - INFO -   Added 2 new constraints: [5, 24]
2025-02-23 18:12:40,162 - INFO - 
Iteration 9:
2025-02-23 18:12:40,162 - DEBUG - Generated Ising Hamiltonian
2025-02-23 18:12:40,370 - DEBUG - Optimizing QAOA circuit...
2025-02-23 18:12:41,932 - DEBUG - Circuit optimization successful
2025-02-23 18:12:41,933 - DEBUG - Circuit optimization successful, final value: 31157.62837162838
2025-02-23 18:12:41,933 - DEBUG - Sampling from optimized circuit...
2025-02-23 18:12:41,950 - DEBUG - Generated 124 unique samples from 200 total measurements
2025-02-23 18:12:41,951 - DEBUG - 
Top 5 most frequent samples:
2025-02-23 18:12:41,951 - DEBUG -   Rank | Count |   %   
2025-02-23 18:12:41,951 - DEBUG -   -----|-------|-------
2025-02-23 18:12:41,951 - DEBUG -      1 |     9 |   4.5
2025-02-23 18:12:41,951 - DEBUG -     Sample: [1 0 1 0 0 1 0 0 1 1 1 0]
2025-02-23 18:12:41,951 - DEBUG -      2 |     8 |   4.0
2025-02-23 18:12:41,952 - DEBUG -     Sample: [0 0 1 0 0 1 0 0 1 1 1 0]
2025-02-23 18:12:41,952 - DEBUG -      3 |     6 |   3.0
2025-02-23 18:12:41,952 - DEBUG -     Sample: [1 0 1 0 0 1 0 0 1 1 1 1]
2025-02-23 18:12:41,952 - DEBUG -      4 |     5 |   2.5
2025-02-23 18:12:41,953 - DEBUG -     Sample: [1 0 1 0 1 0 0 0 1 1 1 1]
2025-02-23 18:12:41,953 - DEBUG -      5 |     4 |   2.0
2025-02-23 18:12:41,953 - DEBUG -     Sample: [0 1 1 0 1 1 0 0 1 1 1 1]
2025-02-23 18:12:41,954 - DEBUG - Generated 124 unique samples from 200 total measurements
2025-02-23 18:12:41,956 - INFO -   No feasible solution found in this iteration
2025-02-23 18:12:41,957 - INFO -   Added 1 new constraints: [22]
2025-02-23 18:12:41,958 - INFO - 
Iteration 10:
2025-02-23 18:12:41,958 - DEBUG - Generated Ising Hamiltonian
2025-02-23 18:12:42,183 - DEBUG - Optimizing QAOA circuit...
2025-02-23 18:12:43,700 - DEBUG - Circuit optimization successful
2025-02-23 18:12:43,701 - DEBUG - Circuit optimization successful, final value: 29791.21878121878
2025-02-23 18:12:43,701 - DEBUG - Sampling from optimized circuit...
2025-02-23 18:12:43,716 - DEBUG - Generated 139 unique samples from 200 total measurements
2025-02-23 18:12:43,717 - DEBUG - 
Top 5 most frequent samples:
2025-02-23 18:12:43,717 - DEBUG -   Rank | Count |   %   
2025-02-23 18:12:43,717 - DEBUG -   -----|-------|-------
2025-02-23 18:12:43,717 - DEBUG -      1 |     6 |   3.0
2025-02-23 18:12:43,717 - DEBUG -     Sample: [0 0 1 0 1 1 1 0 1 0 1 0]
2025-02-23 18:12:43,717 - DEBUG -      2 |     5 |   2.5
2025-02-23 18:12:43,718 - DEBUG -     Sample: [0 0 1 0 0 1 1 0 1 0 1 0]
2025-02-23 18:12:43,718 - DEBUG -      3 |     5 |   2.5
2025-02-23 18:12:43,718 - DEBUG -     Sample: [0 1 1 0 1 1 1 0 1 1 1 0]
2025-02-23 18:12:43,718 - DEBUG -      4 |     5 |   2.5
2025-02-23 18:12:43,718 - DEBUG -     Sample: [0 0 1 0 1 1 1 0 1 1 1 0]
2025-02-23 18:12:43,718 - DEBUG -      5 |     4 |   2.0
2025-02-23 18:12:43,719 - DEBUG -     Sample: [0 0 1 0 0 1 1 0 1 1 1 0]
2025-02-23 18:12:43,719 - DEBUG - Generated 139 unique samples from 200 total measurements
2025-02-23 18:12:43,722 - INFO -   No feasible solution found in this iteration
2025-02-23 18:12:43,723 - INFO -   No new constraints added, lowered tau multiplier: 1.0 -> 0.9
2025-02-23 18:12:43,723 - INFO -   No new constraints added, lowered tau multiplier: 0.9 -> 0.8
2025-02-23 18:12:43,723 - INFO -   No new constraints added, lowered tau multiplier: 0.8 -> 0.7
2025-02-23 18:12:43,723 - INFO -   No new constraints added, lowered tau multiplier: 0.7 -> 0.6
2025-02-23 18:12:43,724 - INFO -   Added 8 new constraints: [8, 9, 12, 28, 29, 31, 33, 35]
2025-02-23 18:12:43,724 - INFO - 
Iteration 11:
2025-02-23 18:12:43,724 - DEBUG - Generated Ising Hamiltonian
2025-02-23 18:12:43,957 - DEBUG - Optimizing QAOA circuit...
2025-02-23 18:12:45,427 - DEBUG - Circuit optimization successful
2025-02-23 18:12:45,427 - DEBUG - Circuit optimization successful, final value: 4327.534465534466
2025-02-23 18:12:45,427 - DEBUG - Sampling from optimized circuit...
2025-02-23 18:12:45,444 - DEBUG - Generated 174 unique samples from 200 total measurements
2025-02-23 18:12:45,444 - DEBUG - 
Top 5 most frequent samples:
2025-02-23 18:12:45,444 - DEBUG -   Rank | Count |   %   
2025-02-23 18:12:45,445 - DEBUG -   -----|-------|-------
2025-02-23 18:12:45,445 - DEBUG -      1 |     5 |   2.5
2025-02-23 18:12:45,445 - DEBUG -     Sample: [0 0 1 0 0 0 1 0 1 0 0 1]
2025-02-23 18:12:45,445 - DEBUG -      2 |     5 |   2.5
2025-02-23 18:12:45,445 - DEBUG -     Sample: [0 0 1 0 0 0 1 0 1 1 0 1]
2025-02-23 18:12:45,446 - DEBUG -      3 |     4 |   2.0
2025-02-23 18:12:45,446 - DEBUG -     Sample: [0 0 1 0 0 0 1 0 0 0 1 1]
2025-02-23 18:12:45,446 - DEBUG -      4 |     3 |   1.5
2025-02-23 18:12:45,446 - DEBUG -     Sample: [0 1 1 1 0 0 1 0 1 0 0 1]
2025-02-23 18:12:45,446 - DEBUG -      5 |     3 |   1.5
2025-02-23 18:12:45,447 - DEBUG -     Sample: [0 0 1 1 0 0 1 0 1 0 0 1]
2025-02-23 18:12:45,447 - DEBUG - Generated 174 unique samples from 200 total measurements
2025-02-23 18:12:45,450 - INFO -   No feasible solution found in this iteration
2025-02-23 18:12:45,451 - INFO -   No new constraints added, lowered tau multiplier: 1.0 -> 0.9
2025-02-23 18:12:45,451 - INFO -   No new constraints added, lowered tau multiplier: 0.9 -> 0.8
2025-02-23 18:12:45,451 - INFO -   No new constraints added, lowered tau multiplier: 0.8 -> 0.7
2025-02-23 18:12:45,451 - INFO -   Added 2 new constraints: [2, 37]
2025-02-23 18:12:45,452 - INFO - 
Iteration 12:
2025-02-23 18:12:45,452 - DEBUG - Generated Ising Hamiltonian
2025-02-23 18:12:45,671 - DEBUG - Optimizing QAOA circuit...
2025-02-23 18:12:47,704 - DEBUG - Circuit optimization successful
2025-02-23 18:12:47,705 - DEBUG - Circuit optimization successful, final value: -14690.715284715285
2025-02-23 18:12:47,705 - DEBUG - Sampling from optimized circuit...
2025-02-23 18:12:47,721 - DEBUG - Generated 134 unique samples from 200 total measurements
2025-02-23 18:12:47,721 - DEBUG - 
Top 5 most frequent samples:
2025-02-23 18:12:47,721 - DEBUG -   Rank | Count |   %   
2025-02-23 18:12:47,721 - DEBUG -   -----|-------|-------
2025-02-23 18:12:47,722 - DEBUG -      1 |     8 |   4.0
2025-02-23 18:12:47,722 - DEBUG -     Sample: [1 1 0 0 1 0 1 0 0 1 0 1]
2025-02-23 18:12:47,722 - DEBUG -      2 |     7 |   3.5
2025-02-23 18:12:47,723 - DEBUG -     Sample: [1 1 0 0 1 0 1 1 0 1 0 0]
2025-02-23 18:12:47,723 - DEBUG -      3 |     5 |   2.5
2025-02-23 18:12:47,723 - DEBUG -     Sample: [1 1 0 0 1 0 1 1 0 1 0 1]
2025-02-23 18:12:47,723 - DEBUG -      4 |     4 |   2.0
2025-02-23 18:12:47,723 - DEBUG -     Sample: [1 1 0 0 1 0 1 0 1 1 1 0]
2025-02-23 18:12:47,723 - DEBUG -      5 |     4 |   2.0
2025-02-23 18:12:47,724 - DEBUG -     Sample: [0 0 0 0 1 0 1 0 0 1 0 1]
2025-02-23 18:12:47,724 - DEBUG - Generated 134 unique samples from 200 total measurements
2025-02-23 18:12:47,726 - INFO -   No feasible solution found in this iteration
2025-02-23 18:12:47,727 - INFO -   No new constraints added, lowered tau multiplier: 1.0 -> 0.9
2025-02-23 18:12:47,727 - INFO -   No new constraints added, lowered tau multiplier: 0.9 -> 0.8
2025-02-23 18:12:47,728 - INFO -   No new constraints added, lowered tau multiplier: 0.8 -> 0.7
2025-02-23 18:12:47,728 - INFO -   Added 5 new constraints: [3, 10, 21, 23, 27]
2025-02-23 18:12:47,728 - INFO - 
Iteration 13:
2025-02-23 18:12:47,728 - DEBUG - Generated Ising Hamiltonian
2025-02-23 18:12:47,930 - DEBUG - Optimizing QAOA circuit...
2025-02-23 18:12:49,339 - DEBUG - Circuit optimization successful
2025-02-23 18:12:49,340 - DEBUG - Circuit optimization successful, final value: -48731.07292707292
2025-02-23 18:12:49,340 - DEBUG - Sampling from optimized circuit...
2025-02-23 18:12:49,360 - DEBUG - Generated 178 unique samples from 200 total measurements
2025-02-23 18:12:49,360 - DEBUG - 
Top 5 most frequent samples:
2025-02-23 18:12:49,360 - DEBUG -   Rank | Count |   %   
2025-02-23 18:12:49,360 - DEBUG -   -----|-------|-------
2025-02-23 18:12:49,360 - DEBUG -      1 |     5 |   2.5
2025-02-23 18:12:49,361 - DEBUG -     Sample: [0 0 1 0 1 0 0 0 0 0 0 0]
2025-02-23 18:12:49,361 - DEBUG -      2 |     3 |   1.5
2025-02-23 18:12:49,361 - DEBUG -     Sample: [0 0 1 0 1 0 0 0 0 1 0 0]
2025-02-23 18:12:49,361 - DEBUG -      3 |     2 |   1.0
2025-02-23 18:12:49,361 - DEBUG -     Sample: [0 0 1 0 1 1 0 1 0 0 0 0]
2025-02-23 18:12:49,361 - DEBUG -      4 |     2 |   1.0
2025-02-23 18:12:49,362 - DEBUG -     Sample: [0 0 1 1 0 0 0 1 0 1 0 1]
2025-02-23 18:12:49,362 - DEBUG -      5 |     2 |   1.0
2025-02-23 18:12:49,362 - DEBUG -     Sample: [0 1 1 0 1 0 1 0 0 1 1 1]
2025-02-23 18:12:49,363 - DEBUG - Generated 178 unique samples from 200 total measurements
2025-02-23 18:12:49,367 - INFO -   No feasible solution found in this iteration
2025-02-23 18:12:49,368 - INFO -   No new constraints added, lowered tau multiplier: 1.0 -> 0.9
2025-02-23 18:12:49,369 - INFO -   No new constraints added, lowered tau multiplier: 0.9 -> 0.8
2025-02-23 18:12:49,369 - INFO -   No new constraints added, lowered tau multiplier: 0.8 -> 0.7
2025-02-23 18:12:49,370 - INFO -   Added 2 new constraints: [20, 38]
2025-02-23 18:12:49,370 - INFO - 
Iteration 14:
2025-02-23 18:12:49,370 - DEBUG - Generated Ising Hamiltonian
2025-02-23 18:12:49,579 - DEBUG - Optimizing QAOA circuit...
2025-02-23 18:12:51,272 - DEBUG - Circuit optimization successful
2025-02-23 18:12:51,272 - DEBUG - Circuit optimization successful, final value: -62317.93806193805
2025-02-23 18:12:51,273 - DEBUG - Sampling from optimized circuit...
2025-02-23 18:12:51,290 - DEBUG - Generated 129 unique samples from 200 total measurements
2025-02-23 18:12:51,290 - DEBUG - 
Top 5 most frequent samples:
2025-02-23 18:12:51,290 - DEBUG -   Rank | Count |   %   
2025-02-23 18:12:51,290 - DEBUG -   -----|-------|-------
2025-02-23 18:12:51,290 - DEBUG -      1 |     8 |   4.0
2025-02-23 18:12:51,291 - DEBUG -     Sample: [0 0 0 1 0 0 0 1 0 0 1 1]
2025-02-23 18:12:51,291 - DEBUG -      2 |     6 |   3.0
2025-02-23 18:12:51,291 - DEBUG -     Sample: [0 0 0 0 0 0 0 1 0 0 1 1]
2025-02-23 18:12:51,291 - DEBUG -      3 |     6 |   3.0
2025-02-23 18:12:51,291 - DEBUG -     Sample: [0 0 0 0 0 0 1 1 0 0 1 0]
2025-02-23 18:12:51,291 - DEBUG -      4 |     5 |   2.5
2025-02-23 18:12:51,292 - DEBUG -     Sample: [0 0 0 1 0 0 0 1 0 0 1 0]
2025-02-23 18:12:51,292 - DEBUG -      5 |     5 |   2.5
2025-02-23 18:12:51,292 - DEBUG -     Sample: [0 0 0 0 0 0 0 1 0 0 1 0]
2025-02-23 18:12:51,292 - DEBUG - Generated 129 unique samples from 200 total measurements
2025-02-23 18:12:51,295 - INFO -   No feasible solution found in this iteration
2025-02-23 18:12:51,295 - INFO -   No new constraints added, lowered tau multiplier: 1.0 -> 0.9
2025-02-23 18:12:51,295 - INFO -   No new constraints added, lowered tau multiplier: 0.9 -> 0.8
2025-02-23 18:12:51,296 - INFO -   No new constraints added, lowered tau multiplier: 0.8 -> 0.7
2025-02-23 18:12:51,296 - INFO -   Added 3 new constraints: [1, 14, 39]
2025-02-23 18:12:51,296 - INFO - 
Iteration 15:
2025-02-23 18:12:51,297 - DEBUG - Generated Ising Hamiltonian
2025-02-23 18:12:51,515 - DEBUG - Optimizing QAOA circuit...
2025-02-23 18:12:53,413 - DEBUG - Circuit optimization successful
2025-02-23 18:12:53,413 - DEBUG - Circuit optimization successful, final value: -24896.8071928072
2025-02-23 18:12:53,413 - DEBUG - Sampling from optimized circuit...
2025-02-23 18:12:53,432 - DEBUG - Generated 132 unique samples from 200 total measurements
2025-02-23 18:12:53,432 - DEBUG - 
Top 5 most frequent samples:
2025-02-23 18:12:53,432 - DEBUG -   Rank | Count |   %   
2025-02-23 18:12:53,432 - DEBUG -   -----|-------|-------
2025-02-23 18:12:53,433 - DEBUG -      1 |    11 |   5.5
2025-02-23 18:12:53,433 - DEBUG -     Sample: [0 0 1 0 1 1 1 0 1 0 0 0]
2025-02-23 18:12:53,433 - DEBUG -      2 |     9 |   4.5
2025-02-23 18:12:53,433 - DEBUG -     Sample: [0 0 1 0 1 1 1 1 1 0 0 1]
2025-02-23 18:12:53,433 - DEBUG -      3 |     5 |   2.5
2025-02-23 18:12:53,433 - DEBUG -     Sample: [0 0 1 0 1 0 1 0 1 0 0 0]
2025-02-23 18:12:53,434 - DEBUG -      4 |     4 |   2.0
2025-02-23 18:12:53,434 - DEBUG -     Sample: [0 0 1 0 1 1 1 0 1 0 0 1]
2025-02-23 18:12:53,434 - DEBUG -      5 |     4 |   2.0
2025-02-23 18:12:53,434 - DEBUG -     Sample: [0 1 1 0 1 1 1 1 1 0 0 0]
2025-02-23 18:12:53,435 - DEBUG - Generated 132 unique samples from 200 total measurements
2025-02-23 18:12:53,437 - INFO -   No feasible solution found in this iteration
2025-02-23 18:12:53,437 - INFO -   No new constraints added, lowered tau multiplier: 1.0 -> 0.9
2025-02-23 18:12:53,437 - INFO -   No new constraints added, lowered tau multiplier: 0.9 -> 0.8
2025-02-23 18:12:53,438 - INFO -   No new constraints added, lowered tau multiplier: 0.8 -> 0.7
2025-02-23 18:12:53,438 - INFO -   No new constraints added, lowered tau multiplier: 0.7 -> 0.6
2025-02-23 18:12:53,438 - INFO -   Added 1 new constraints: [13]
2025-02-23 18:12:53,439 - INFO - 
Iteration 16:
2025-02-23 18:12:53,439 - DEBUG - Generated Ising Hamiltonian
2025-02-23 18:12:53,676 - DEBUG - Optimizing QAOA circuit...
2025-02-23 18:12:55,363 - DEBUG - Circuit optimization successful
2025-02-23 18:12:55,363 - DEBUG - Circuit optimization successful, final value: 31203.20679320679
2025-02-23 18:12:55,363 - DEBUG - Sampling from optimized circuit...
2025-02-23 18:12:55,382 - DEBUG - Generated 137 unique samples from 200 total measurements
2025-02-23 18:12:55,382 - DEBUG - 
Top 5 most frequent samples:
2025-02-23 18:12:55,382 - DEBUG -   Rank | Count |   %   
2025-02-23 18:12:55,382 - DEBUG -   -----|-------|-------
2025-02-23 18:12:55,383 - DEBUG -      1 |    10 |   5.0
2025-02-23 18:12:55,383 - DEBUG -     Sample: [1 1 0 0 1 0 1 1 1 1 1 0]
2025-02-23 18:12:55,383 - DEBUG -      2 |     7 |   3.5
2025-02-23 18:12:55,383 - DEBUG -     Sample: [1 1 0 0 1 0 1 1 1 0 1 0]
2025-02-23 18:12:55,384 - DEBUG -      3 |     6 |   3.0
2025-02-23 18:12:55,384 - DEBUG -     Sample: [1 1 0 0 0 0 1 1 1 1 1 0]
2025-02-23 18:12:55,384 - DEBUG -      4 |     5 |   2.5
2025-02-23 18:12:55,384 - DEBUG -     Sample: [1 1 0 0 0 0 1 1 1 0 1 0]
2025-02-23 18:12:55,384 - DEBUG -      5 |     5 |   2.5
2025-02-23 18:12:55,385 - DEBUG -     Sample: [1 1 1 0 1 0 1 1 0 1 1 0]
2025-02-23 18:12:55,385 - DEBUG - Generated 137 unique samples from 200 total measurements
2025-02-23 18:12:55,388 - INFO -   No feasible solution found in this iteration
2025-02-23 18:12:55,389 - INFO -   No new constraints added, lowered tau multiplier: 1.0 -> 0.9
2025-02-23 18:12:55,389 - INFO -   No new constraints added, lowered tau multiplier: 0.9 -> 0.8
2025-02-23 18:12:55,389 - INFO -   No new constraints added, lowered tau multiplier: 0.8 -> 0.7
2025-02-23 18:12:55,390 - INFO -   No new constraints added, lowered tau multiplier: 0.7 -> 0.6
2025-02-23 18:12:55,390 - INFO -   No new constraints added, lowered tau multiplier: 0.6 -> 0.5
2025-02-23 18:12:55,390 - INFO -   No new constraints added, lowered tau multiplier: 0.5 -> 0.4
2025-02-23 18:12:55,390 - INFO -   Added 1 new constraints: [32]
2025-02-23 18:12:55,390 - INFO - 
Iteration 17:
2025-02-23 18:12:55,391 - DEBUG - Generated Ising Hamiltonian
2025-02-23 18:12:55,632 - DEBUG - Optimizing QAOA circuit...
2025-02-23 18:12:57,809 - DEBUG - Circuit optimization successful
2025-02-23 18:12:57,810 - DEBUG - Circuit optimization successful, final value: -30873.188811188822
2025-02-23 18:12:57,810 - DEBUG - Sampling from optimized circuit...
2025-02-23 18:12:57,828 - DEBUG - Generated 121 unique samples from 200 total measurements
2025-02-23 18:12:57,828 - DEBUG - 
Top 5 most frequent samples:
2025-02-23 18:12:57,828 - DEBUG -   Rank | Count |   %   
2025-02-23 18:12:57,828 - DEBUG -   -----|-------|-------
2025-02-23 18:12:57,828 - DEBUG -      1 |     8 |   4.0
2025-02-23 18:12:57,829 - DEBUG -     Sample: [0 1 0 0 1 0 0 0 1 1 1 1]
2025-02-23 18:12:57,829 - DEBUG -      2 |     7 |   3.5
2025-02-23 18:12:57,829 - DEBUG -     Sample: [0 1 0 0 1 1 0 0 0 1 1 1]
2025-02-23 18:12:57,829 - DEBUG -      3 |     6 |   3.0
2025-02-23 18:12:57,830 - DEBUG -     Sample: [1 1 0 0 1 0 0 0 0 1 1 1]
2025-02-23 18:12:57,830 - DEBUG -      4 |     5 |   2.5
2025-02-23 18:12:57,830 - DEBUG -     Sample: [0 1 0 0 0 1 0 0 1 0 1 1]
2025-02-23 18:12:57,830 - DEBUG -      5 |     4 |   2.0
2025-02-23 18:12:57,830 - DEBUG -     Sample: [1 1 0 0 0 1 0 0 1 1 1 1]
2025-02-23 18:12:57,831 - DEBUG - Generated 121 unique samples from 200 total measurements
2025-02-23 18:12:57,833 - INFO -   No feasible solution found in this iteration
2025-02-23 18:12:57,834 - INFO -   No new constraints added, lowered tau multiplier: 1.0 -> 0.9
2025-02-23 18:12:57,834 - INFO -   No new constraints added, lowered tau multiplier: 0.9 -> 0.8
2025-02-23 18:12:57,834 - INFO -   No new constraints added, lowered tau multiplier: 0.8 -> 0.7
2025-02-23 18:12:57,834 - INFO -   No new constraints added, lowered tau multiplier: 0.7 -> 0.6
2025-02-23 18:12:57,834 - INFO -   No new constraints added, lowered tau multiplier: 0.6 -> 0.5
2025-02-23 18:12:57,835 - INFO -   No new constraints added, lowered tau multiplier: 0.5 -> 0.4
2025-02-23 18:12:57,835 - INFO -   No new constraints added, lowered tau multiplier: 0.4 -> 0.3
2025-02-23 18:12:57,835 - INFO -   Added 1 new constraints: [11]
2025-02-23 18:12:57,835 - INFO - 
Iteration 18:
2025-02-23 18:12:57,835 - DEBUG - Generated Ising Hamiltonian
2025-02-23 18:12:58,064 - DEBUG - Optimizing QAOA circuit...
2025-02-23 18:13:00,043 - DEBUG - Circuit optimization successful
2025-02-23 18:13:00,043 - DEBUG - Circuit optimization successful, final value: -26866.83916083916
2025-02-23 18:13:00,043 - DEBUG - Sampling from optimized circuit...
2025-02-23 18:13:00,061 - DEBUG - Generated 165 unique samples from 200 total measurements
2025-02-23 18:13:00,062 - DEBUG - 
Top 5 most frequent samples:
2025-02-23 18:13:00,062 - DEBUG -   Rank | Count |   %   
2025-02-23 18:13:00,062 - DEBUG -   -----|-------|-------
2025-02-23 18:13:00,062 - DEBUG -      1 |     6 |   3.0
2025-02-23 18:13:00,062 - DEBUG -     Sample: [1 1 1 0 0 0 0 1 1 0 0 0]
2025-02-23 18:13:00,063 - DEBUG -      2 |     4 |   2.0
2025-02-23 18:13:00,063 - DEBUG -     Sample: [1 0 1 0 0 0 0 1 1 0 0 0]
2025-02-23 18:13:00,063 - DEBUG -      3 |     4 |   2.0
2025-02-23 18:13:00,063 - DEBUG -     Sample: [1 0 1 1 0 0 0 1 1 0 0 0]
2025-02-23 18:13:00,063 - DEBUG -      4 |     3 |   1.5
2025-02-23 18:13:00,064 - DEBUG -     Sample: [0 1 1 0 0 0 1 1 1 0 0 0]
2025-02-23 18:13:00,064 - DEBUG -      5 |     3 |   1.5
2025-02-23 18:13:00,064 - DEBUG -     Sample: [0 1 1 0 1 0 0 1 1 0 0 0]
2025-02-23 18:13:00,065 - DEBUG - Generated 165 unique samples from 200 total measurements
2025-02-23 18:13:00,068 - INFO -   No feasible solution found in this iteration
2025-02-23 18:13:00,068 - INFO -   All constraints added, exiting
2025-02-23 18:13:00,069 - INFO -   Constraint generation found no feasible solution
2025-02-23 18:13:00,069 - INFO - 
Instance 76 results:
2025-02-23 18:13:00,069 - INFO -   Classical value: 151.0
2025-02-23 18:13:00,069 - INFO -   QAOA value: 0.0
2025-02-23 18:13:00,069 - INFO -   Constraint generation value: 0.0
2025-02-23 18:13:00,070 - INFO - 
Running instance 77/100
2025-02-23 18:13:00,072 - INFO - 
Running Classical Reference Solver (SCIP):
2025-02-23 18:13:00,073 - DEBUG - Problem dimensions: 40 constraints, 12 variables
2025-02-23 18:13:00,073 - DEBUG - Row names: ['ELEM1', 'ELEM2', 'ELEM3', 'ELEM4', 'ELEM5', 'ELEM6', 'ELEM7', 'ELEM8', 'ELEM9', 'ELEM10', 'ELEM11', 'ELEM12', 'ELEM13', 'ELEM14', 'ELEM15', 'ELEM16', 'ELEM17', 'ELEM18', 'ELEM19', 'ELEM20', 'ELEM21', 'ELEM22', 'ELEM23', 'ELEM24', 'ELEM25', 'ELEM26', 'ELEM27', 'ELEM28', 'ELEM29', 'ELEM30', 'ELEM31', 'ELEM32', 'ELEM33', 'ELEM34', 'ELEM35', 'ELEM36', 'ELEM37', 'ELEM38', 'ELEM39', 'ELEM40']
2025-02-23 18:13:00,073 - DEBUG - RHS values: {'ELEM1': 1.0, 'ELEM2': 1.0, 'ELEM3': 1.0, 'ELEM4': 1.0, 'ELEM5': 1.0, 'ELEM6': 1.0, 'ELEM7': 1.0, 'ELEM8': 1.0, 'ELEM9': 1.0, 'ELEM10': 1.0, 'ELEM11': 1.0, 'ELEM12': 1.0, 'ELEM13': 1.0, 'ELEM14': 1.0, 'ELEM15': 1.0, 'ELEM16': 1.0, 'ELEM17': 1.0, 'ELEM18': 1.0, 'ELEM19': 1.0, 'ELEM20': 1.0, 'ELEM21': 1.0, 'ELEM22': 1.0, 'ELEM23': 1.0, 'ELEM24': 1.0, 'ELEM25': 1.0, 'ELEM26': 1.0, 'ELEM27': 1.0, 'ELEM28': 1.0, 'ELEM29': 1.0, 'ELEM30': 1.0, 'ELEM31': 1.0, 'ELEM32': 1.0, 'ELEM33': 1.0, 'ELEM34': 1.0, 'ELEM35': 1.0, 'ELEM36': 1.0, 'ELEM37': 1.0, 'ELEM38': 1.0, 'ELEM39': 1.0, 'ELEM40': 1.0}
2025-02-23 18:13:00,085 - INFO -   Reference solution found:
2025-02-23 18:13:00,085 - INFO -     Solution: [0, 0, 1, 0, 0, 0, 1, 0, 1, 0, 1, 1]
2025-02-23 18:13:00,085 - INFO -     Value: 204.0
2025-02-23 18:13:00,085 - INFO - 
Running QAOA Reference Solution (with all constraints):
