2025-02-23 17:58:02,230 - INFO - 
Problem information:
2025-02-23 17:58:02,230 - INFO -   Number of variables (n): 12
2025-02-23 17:58:02,230 - INFO -   Number of constraints (m): 40
2025-02-23 17:58:02,230 - DEBUG -   Density of A: 17.92%
2025-02-23 17:58:02,230 - INFO - 
Starting reference QAOA with parameters:
2025-02-23 17:58:02,230 - INFO -   sample_size (total shots): 200
2025-02-23 17:58:02,231 - INFO - Added all constraints
2025-02-23 17:58:02,231 - DEBUG - Generated Ising Hamiltonian
2025-02-23 17:58:02,445 - DEBUG - Optimizing QAOA circuit...
2025-02-23 17:58:04,156 - DEBUG - Circuit optimization successful
2025-02-23 17:58:04,157 - DEBUG - Circuit optimization successful, final value: 13690.835164835165
2025-02-23 17:58:04,157 - DEBUG - Sampling from optimized circuit...
2025-02-23 17:58:04,174 - DEBUG - Generated 182 unique samples from 200 total measurements
2025-02-23 17:58:04,175 - DEBUG - 
Top 5 most frequent samples:
2025-02-23 17:58:04,175 - DEBUG -   Rank | Count |   %   
2025-02-23 17:58:04,175 - DEBUG -   -----|-------|-------
2025-02-23 17:58:04,175 - DEBUG -      1 |     2 |   1.0
2025-02-23 17:58:04,175 - DEBUG -     Sample: [1 0 1 1 1 0 0 1 1 1 1 1]
2025-02-23 17:58:04,175 - DEBUG -      2 |     2 |   1.0
2025-02-23 17:58:04,176 - DEBUG -     Sample: [0 1 1 0 0 0 0 0 1 1 0 1]
2025-02-23 17:58:04,176 - DEBUG -      3 |     2 |   1.0
2025-02-23 17:58:04,176 - DEBUG -     Sample: [1 1 1 1 0 0 0 1 1 1 0 0]
2025-02-23 17:58:04,176 - DEBUG -      4 |     2 |   1.0
2025-02-23 17:58:04,176 - DEBUG -     Sample: [1 1 0 1 1 0 0 0 0 0 1 1]
2025-02-23 17:58:04,176 - DEBUG -      5 |     2 |   1.0
2025-02-23 17:58:04,176 - DEBUG -     Sample: [0 1 1 1 0 0 0 0 1 1 1 1]
2025-02-23 17:58:04,177 - DEBUG - Generated 182 unique samples from 200 total measurements
2025-02-23 17:58:04,180 - INFO - Found feasible solution: [1 0 0 0 1 0 1 1 0 0 0 1] with objective value 281.0
2025-02-23 17:58:04,181 - INFO - Found feasible solution:
2025-02-23 17:58:04,181 - INFO -   Solution: [1, 0, 0, 0, 1, 0, 1, 1, 0, 0, 0, 1]
2025-02-23 17:58:04,181 - INFO -   Value: 281.0
2025-02-23 17:58:04,181 - INFO -   QAOA solution found:
2025-02-23 17:58:04,181 - INFO -     Solution: [1, 0, 0, 0, 1, 0, 1, 1, 0, 0, 0, 1]
2025-02-23 17:58:04,181 - INFO -     Value: 281.0
2025-02-23 17:58:04,181 - INFO - 
Running Constraint Generation:
2025-02-23 17:58:04,183 - INFO - 
Problem information:
2025-02-23 17:58:04,183 - INFO -   Number of variables (n): 12
2025-02-23 17:58:04,183 - INFO -   Number of constraints (m): 40
2025-02-23 17:58:04,183 - DEBUG -   Density of A: 17.92%
2025-02-23 17:58:04,183 - INFO - 
Running classical reference solver:
2025-02-23 17:58:04,193 - INFO -   Reference solution found:
2025-02-23 17:58:04,194 - INFO -     Solution: [0, 1, 1, 0, 0, 1, 0, 0, 1, 1, 1, 0]
2025-02-23 17:58:04,194 - INFO -     Value: 272.0
2025-02-23 17:58:04,194 - INFO - 
Starting quantum constraint generation with parameters:
2025-02-23 17:58:04,194 - INFO -   sample_size (total shots): 200
2025-02-23 17:58:04,194 - INFO -   tau: 0.1
2025-02-23 17:58:04,194 - INFO -   max_iters: 1000
2025-02-23 17:58:04,195 - INFO - 
Iteration 0:
2025-02-23 17:58:04,195 - DEBUG - Generated Ising Hamiltonian
2025-02-23 17:58:04,407 - DEBUG - Optimizing QAOA circuit...
2025-02-23 17:58:05,566 - DEBUG - Circuit optimization successful
2025-02-23 17:58:05,566 - DEBUG - Circuit optimization successful, final value: -104.75724275724274
2025-02-23 17:58:05,566 - DEBUG - Sampling from optimized circuit...
2025-02-23 17:58:05,579 - DEBUG - Generated 155 unique samples from 200 total measurements
2025-02-23 17:58:05,579 - DEBUG - 
Top 5 most frequent samples:
2025-02-23 17:58:05,579 - DEBUG -   Rank | Count |   %   
2025-02-23 17:58:05,579 - DEBUG -   -----|-------|-------
2025-02-23 17:58:05,579 - DEBUG -      1 |     6 |   3.0
2025-02-23 17:58:05,580 - DEBUG -     Sample: [1 1 1 1 1 1 1 0 1 0 1 1]
2025-02-23 17:58:05,580 - DEBUG -      2 |     5 |   2.5
2025-02-23 17:58:05,580 - DEBUG -     Sample: [1 1 1 1 1 0 1 0 1 0 1 1]
2025-02-23 17:58:05,580 - DEBUG -      3 |     4 |   2.0
2025-02-23 17:58:05,580 - DEBUG -     Sample: [1 0 1 1 1 1 1 0 1 0 0 1]
2025-02-23 17:58:05,581 - DEBUG -      4 |     3 |   1.5
2025-02-23 17:58:05,581 - DEBUG -     Sample: [1 0 1 1 1 0 1 0 1 0 1 0]
2025-02-23 17:58:05,581 - DEBUG -      5 |     3 |   1.5
2025-02-23 17:58:05,581 - DEBUG -     Sample: [1 0 1 1 1 0 1 0 1 1 0 1]
2025-02-23 17:58:05,582 - DEBUG - Generated 155 unique samples from 200 total measurements
2025-02-23 17:58:05,584 - INFO -   No feasible solution found in this iteration
2025-02-23 17:58:05,585 - INFO -   Added 2 new constraints: [5, 29]
2025-02-23 17:58:05,585 - INFO - 
Iteration 1:
2025-02-23 17:58:05,585 - DEBUG - Generated Ising Hamiltonian
2025-02-23 17:58:05,813 - DEBUG - Optimizing QAOA circuit...
2025-02-23 17:58:07,017 - DEBUG - Circuit optimization successful
2025-02-23 17:58:07,017 - DEBUG - Circuit optimization successful, final value: -3167.1178821178814
2025-02-23 17:58:07,017 - DEBUG - Sampling from optimized circuit...
2025-02-23 17:58:07,032 - DEBUG - Generated 181 unique samples from 200 total measurements
2025-02-23 17:58:07,032 - DEBUG - 
Top 5 most frequent samples:
2025-02-23 17:58:07,032 - DEBUG -   Rank | Count |   %   
2025-02-23 17:58:07,033 - DEBUG -   -----|-------|-------
2025-02-23 17:58:07,033 - DEBUG -      1 |     4 |   2.0
2025-02-23 17:58:07,033 - DEBUG -     Sample: [0 1 1 1 1 1 0 1 0 1 1 1]
2025-02-23 17:58:07,034 - DEBUG -      2 |     3 |   1.5
2025-02-23 17:58:07,035 - DEBUG -     Sample: [0 1 0 0 0 0 1 1 0 1 0 1]
2025-02-23 17:58:07,035 - DEBUG -      3 |     2 |   1.0
2025-02-23 17:58:07,035 - DEBUG -     Sample: [0 1 1 0 0 1 1 1 0 0 1 1]
2025-02-23 17:58:07,036 - DEBUG -      4 |     2 |   1.0
2025-02-23 17:58:07,036 - DEBUG -     Sample: [0 1 0 1 1 1 0 1 0 0 1 1]
2025-02-23 17:58:07,036 - DEBUG -      5 |     2 |   1.0
2025-02-23 17:58:07,036 - DEBUG -     Sample: [1 1 0 0 1 1 1 1 0 1 1 1]
2025-02-23 17:58:07,037 - DEBUG - Generated 181 unique samples from 200 total measurements
2025-02-23 17:58:07,039 - INFO - Found feasible solution: [0 1 1 0 0 1 0 0 1 1 1 0] with objective value 272.0
2025-02-23 17:58:07,041 - INFO -   Found feasible solution:
2025-02-23 17:58:07,041 - INFO -     Solution: [0, 1, 1, 0, 0, 1, 0, 0, 1, 1, 1, 0]
2025-02-23 17:58:07,042 - INFO -     Value: 272.0
2025-02-23 17:58:07,042 - INFO -     Gap to reference: 0.00%
2025-02-23 17:58:07,043 - INFO -   Constraint generation solution found:
2025-02-23 17:58:07,043 - INFO -     Solution: [0, 1, 1, 0, 0, 1, 0, 0, 1, 1, 1, 0]
2025-02-23 17:58:07,044 - INFO -     Value: 272.0
2025-02-23 17:58:07,044 - INFO - 
Instance 35 results:
2025-02-23 17:58:07,044 - INFO -   Classical value: 272.0
2025-02-23 17:58:07,044 - INFO -   QAOA value: 281.0
2025-02-23 17:58:07,045 - INFO -   Constraint generation value: 272.0
2025-02-23 17:58:07,045 - INFO - 
Running instance 36/100
2025-02-23 17:58:07,070 - INFO - 
Running Classical Reference Solver (SCIP):
2025-02-23 17:58:07,071 - DEBUG - Problem dimensions: 40 constraints, 12 variables
2025-02-23 17:58:07,071 - DEBUG - Row names: ['ELEM1', 'ELEM2', 'ELEM3', 'ELEM4', 'ELEM5', 'ELEM6', 'ELEM7', 'ELEM8', 'ELEM9', 'ELEM10', 'ELEM11', 'ELEM12', 'ELEM13', 'ELEM14', 'ELEM15', 'ELEM16', 'ELEM17', 'ELEM18', 'ELEM19', 'ELEM20', 'ELEM21', 'ELEM22', 'ELEM23', 'ELEM24', 'ELEM25', 'ELEM26', 'ELEM27', 'ELEM28', 'ELEM29', 'ELEM30', 'ELEM31', 'ELEM32', 'ELEM33', 'ELEM34', 'ELEM35', 'ELEM36', 'ELEM37', 'ELEM38', 'ELEM39', 'ELEM40']
2025-02-23 17:58:07,071 - DEBUG - RHS values: {'ELEM1': 1.0, 'ELEM2': 1.0, 'ELEM3': 1.0, 'ELEM4': 1.0, 'ELEM5': 1.0, 'ELEM6': 1.0, 'ELEM7': 1.0, 'ELEM8': 1.0, 'ELEM9': 1.0, 'ELEM10': 1.0, 'ELEM11': 1.0, 'ELEM12': 1.0, 'ELEM13': 1.0, 'ELEM14': 1.0, 'ELEM15': 1.0, 'ELEM16': 1.0, 'ELEM17': 1.0, 'ELEM18': 1.0, 'ELEM19': 1.0, 'ELEM20': 1.0, 'ELEM21': 1.0, 'ELEM22': 1.0, 'ELEM23': 1.0, 'ELEM24': 1.0, 'ELEM25': 1.0, 'ELEM26': 1.0, 'ELEM27': 1.0, 'ELEM28': 1.0, 'ELEM29': 1.0, 'ELEM30': 1.0, 'ELEM31': 1.0, 'ELEM32': 1.0, 'ELEM33': 1.0, 'ELEM34': 1.0, 'ELEM35': 1.0, 'ELEM36': 1.0, 'ELEM37': 1.0, 'ELEM38': 1.0, 'ELEM39': 1.0, 'ELEM40': 1.0}
2025-02-23 17:58:07,084 - INFO -   Reference solution found:
2025-02-23 17:58:07,085 - INFO -     Solution: [0, 0, 1, 1, 0, 1, 0, 0, 1, 0, 0, 0]
2025-02-23 17:58:07,085 - INFO -     Value: 245.0
2025-02-23 17:58:07,085 - INFO - 
Running QAOA Reference Solution (with all constraints):
