2025-02-24 16:50:29,824 - INFO - 
Problem information:
2025-02-24 16:50:29,825 - INFO -   Number of variables (n): 8
2025-02-24 16:50:29,825 - INFO -   Number of constraints (m): 25
2025-02-24 16:50:29,825 - DEBUG -   Density of A: 33.50%
2025-02-24 16:50:29,825 - INFO - 
Starting reference QAOA with parameters:
2025-02-24 16:50:29,825 - INFO -   sample_size (total shots): 500
2025-02-24 16:50:29,825 - INFO - Added all constraints
2025-02-24 16:50:29,825 - DEBUG - Generated Ising Hamiltonian
2025-02-24 16:50:30,084 - DEBUG - Optimizing QAOA circuit...
2025-02-24 16:50:32,894 - DEBUG - Circuit optimization successful
2025-02-24 16:50:32,895 - DEBUG - Circuit optimization successful, final value: 7045.438561438562
2025-02-24 16:50:32,895 - DEBUG - Sampling from optimized circuit...
2025-02-24 16:50:32,928 - DEBUG - Generated 148 unique samples from 500 total measurements
2025-02-24 16:50:32,928 - DEBUG - 
Top 5 most frequent samples:
2025-02-24 16:50:32,928 - DEBUG -   Rank | Count |   %   
2025-02-24 16:50:32,928 - DEBUG -   -----|-------|-------
2025-02-24 16:50:32,928 - DEBUG -      1 |    30 |   6.0
2025-02-24 16:50:32,929 - DEBUG -     Sample: [1 0 0 1 0 0 1 1]
2025-02-24 16:50:32,929 - DEBUG -      2 |    21 |   4.2
2025-02-24 16:50:32,929 - DEBUG -     Sample: [0 0 0 1 0 0 1 1]
2025-02-24 16:50:32,929 - DEBUG -      3 |    18 |   3.6
2025-02-24 16:50:32,930 - DEBUG -     Sample: [1 0 0 0 0 0 1 1]
2025-02-24 16:50:32,930 - DEBUG -      4 |    16 |   3.2
2025-02-24 16:50:32,930 - DEBUG -     Sample: [1 0 1 1 0 0 1 1]
2025-02-24 16:50:32,930 - DEBUG -      5 |    14 |   2.8
2025-02-24 16:50:32,931 - DEBUG -     Sample: [1 0 0 1 1 0 1 1]
2025-02-24 16:50:32,932 - DEBUG - Generated 148 unique samples from 500 total measurements
2025-02-24 16:50:32,933 - INFO - Found feasible solution: [1 1 0 0 0 0 1 0] with objective value 122.0
2025-02-24 16:50:32,937 - INFO - Found feasible solution:
2025-02-24 16:50:32,937 - INFO -   Solution: [1, 1, 0, 0, 0, 0, 1, 0]
2025-02-24 16:50:32,937 - INFO -   Value: 122.0
2025-02-24 16:50:32,937 - INFO -   QAOA solution found:
2025-02-24 16:50:32,937 - INFO -     Solution: [1, 1, 0, 0, 0, 0, 1, 0]
2025-02-24 16:50:32,938 - INFO -     Value: 122.0
2025-02-24 16:50:32,938 - INFO - 
Running Constraint Generation:
2025-02-24 16:50:32,941 - INFO - 
Problem information:
2025-02-24 16:50:32,941 - INFO -   Number of variables (n): 8
2025-02-24 16:50:32,941 - INFO -   Number of constraints (m): 25
2025-02-24 16:50:32,941 - DEBUG -   Density of A: 33.50%
2025-02-24 16:50:32,941 - INFO - 
Running classical reference solver:
2025-02-24 16:50:32,953 - INFO -   Reference solution found:
2025-02-24 16:50:32,954 - INFO -     Solution: [0, 0, 1, 1, 1, 0, 0, 0]
2025-02-24 16:50:32,954 - INFO -     Value: 104.0
2025-02-24 16:50:32,954 - INFO - 
Starting quantum constraint generation with parameters:
2025-02-24 16:50:32,955 - INFO -   sample_size (total shots): 500
2025-02-24 16:50:32,955 - INFO -   tau: 0.1
2025-02-24 16:50:32,955 - INFO -   max_iters: 1000
2025-02-24 16:50:32,955 - INFO - 
Iteration 0:
2025-02-24 16:50:32,955 - DEBUG - Generated Ising Hamiltonian
2025-02-24 16:50:33,242 - DEBUG - Optimizing QAOA circuit...
2025-02-24 16:50:34,656 - DEBUG - Circuit optimization successful
2025-02-24 16:50:34,656 - DEBUG - Circuit optimization successful, final value: -238.53746253746252
2025-02-24 16:50:34,656 - DEBUG - Sampling from optimized circuit...
2025-02-24 16:50:34,679 - DEBUG - Generated 47 unique samples from 500 total measurements
2025-02-24 16:50:34,680 - DEBUG - 
Top 5 most frequent samples:
2025-02-24 16:50:34,680 - DEBUG -   Rank | Count |   %   
2025-02-24 16:50:34,680 - DEBUG -   -----|-------|-------
2025-02-24 16:50:34,680 - DEBUG -      1 |    83 |  16.6
2025-02-24 16:50:34,680 - DEBUG -     Sample: [1 1 1 0 1 1 0 0]
2025-02-24 16:50:34,680 - DEBUG -      2 |    82 |  16.4
2025-02-24 16:50:34,681 - DEBUG -     Sample: [1 1 1 0 1 1 1 0]
2025-02-24 16:50:34,681 - DEBUG -      3 |    42 |   8.4
2025-02-24 16:50:34,681 - DEBUG -     Sample: [1 1 1 1 1 1 1 0]
2025-02-24 16:50:34,681 - DEBUG -      4 |    38 |   7.6
2025-02-24 16:50:34,682 - DEBUG -     Sample: [1 1 1 1 1 1 0 0]
2025-02-24 16:50:34,682 - DEBUG -      5 |    35 |   7.0
2025-02-24 16:50:34,682 - DEBUG -     Sample: [1 0 1 0 1 1 0 0]
2025-02-24 16:50:34,682 - DEBUG - Generated 47 unique samples from 500 total measurements
2025-02-24 16:50:34,683 - INFO -   No feasible solution found in this iteration
2025-02-24 16:50:34,684 - INFO -   Added 1 new constraints: [8]
2025-02-24 16:50:34,685 - INFO - 
Iteration 1:
2025-02-24 16:50:34,686 - DEBUG - Generated Ising Hamiltonian
2025-02-24 16:50:34,923 - DEBUG - Optimizing QAOA circuit...
2025-02-24 16:50:36,686 - DEBUG - Circuit optimization successful
2025-02-24 16:50:36,687 - DEBUG - Circuit optimization successful, final value: -3129.5844155844156
2025-02-24 16:50:36,687 - DEBUG - Sampling from optimized circuit...
2025-02-24 16:50:36,701 - DEBUG - Generated 111 unique samples from 500 total measurements
2025-02-24 16:50:36,701 - DEBUG - 
Top 5 most frequent samples:
2025-02-24 16:50:36,702 - DEBUG -   Rank | Count |   %   
2025-02-24 16:50:36,702 - DEBUG -   -----|-------|-------
2025-02-24 16:50:36,702 - DEBUG -      1 |    40 |   8.0
2025-02-24 16:50:36,702 - DEBUG -     Sample: [0 1 0 0 0 0 0 1]
2025-02-24 16:50:36,702 - DEBUG -      2 |    36 |   7.2
2025-02-24 16:50:36,702 - DEBUG -     Sample: [0 1 0 0 1 0 0 1]
2025-02-24 16:50:36,703 - DEBUG -      3 |    27 |   5.4
2025-02-24 16:50:36,703 - DEBUG -     Sample: [0 1 0 0 0 1 0 1]
2025-02-24 16:50:36,703 - DEBUG -      4 |    21 |   4.2
2025-02-24 16:50:36,703 - DEBUG -     Sample: [0 1 0 0 1 1 0 1]
2025-02-24 16:50:36,703 - DEBUG -      5 |    19 |   3.8
2025-02-24 16:50:36,703 - DEBUG -     Sample: [0 0 0 0 1 0 0 1]
2025-02-24 16:50:36,704 - DEBUG - Generated 111 unique samples from 500 total measurements
2025-02-24 16:50:36,706 - INFO - Found feasible solution: [1 1 0 0 0 0 1 0] with objective value 122.0
2025-02-24 16:50:36,706 - INFO -   Found feasible solution:
2025-02-24 16:50:36,706 - INFO -     Solution: [1, 1, 0, 0, 0, 0, 1, 0]
2025-02-24 16:50:36,707 - INFO -     Value: 122.0
2025-02-24 16:50:36,707 - INFO -     Gap to reference: 17.31%
2025-02-24 16:50:36,707 - INFO -   Constraint generation solution found:
2025-02-24 16:50:36,707 - INFO -     Solution: [1, 1, 0, 0, 0, 0, 1, 0]
2025-02-24 16:50:36,708 - INFO -     Value: 122.0
2025-02-24 16:50:36,708 - INFO - 
Instance 48 results:
2025-02-24 16:50:36,708 - INFO -   Classical value: 104.0
2025-02-24 16:50:36,708 - INFO -   QAOA value: 122.0
2025-02-24 16:50:36,708 - INFO -   Constraint generation value: 122.0
2025-02-24 16:50:36,709 - INFO - 
Running instance 49/100
2025-02-24 16:50:36,710 - INFO - 
Running Classical Reference Solver (SCIP):
2025-02-24 16:50:36,711 - DEBUG - Problem dimensions: 25 constraints, 8 variables
2025-02-24 16:50:36,711 - DEBUG - Row names: ['ELEM1', 'ELEM2', 'ELEM3', 'ELEM4', 'ELEM5', 'ELEM6', 'ELEM7', 'ELEM8', 'ELEM9', 'ELEM10', 'ELEM11', 'ELEM12', 'ELEM13', 'ELEM14', 'ELEM15', 'ELEM16', 'ELEM17', 'ELEM18', 'ELEM19', 'ELEM20', 'ELEM21', 'ELEM22', 'ELEM23', 'ELEM24', 'ELEM25']
2025-02-24 16:50:36,711 - DEBUG - RHS values: {'ELEM1': 1.0, 'ELEM2': 1.0, 'ELEM3': 1.0, 'ELEM4': 1.0, 'ELEM5': 1.0, 'ELEM6': 1.0, 'ELEM7': 1.0, 'ELEM8': 1.0, 'ELEM9': 1.0, 'ELEM10': 1.0, 'ELEM11': 1.0, 'ELEM12': 1.0, 'ELEM13': 1.0, 'ELEM14': 1.0, 'ELEM15': 1.0, 'ELEM16': 1.0, 'ELEM17': 1.0, 'ELEM18': 1.0, 'ELEM19': 1.0, 'ELEM20': 1.0, 'ELEM21': 1.0, 'ELEM22': 1.0, 'ELEM23': 1.0, 'ELEM24': 1.0, 'ELEM25': 1.0}
2025-02-24 16:50:36,722 - INFO -   Reference solution found:
2025-02-24 16:50:36,723 - INFO -     Solution: [0, 0, 0, 0, 1, 1, 0, 1]
2025-02-24 16:50:36,723 - INFO -     Value: 151.0
2025-02-24 16:50:36,723 - INFO - 
Running QAOA Reference Solution (with all constraints):
