2025-02-24 14:57:03,631 - INFO - 
Problem information:
2025-02-24 14:57:03,631 - INFO -   Number of variables (n): 12
2025-02-24 14:57:03,631 - INFO -   Number of constraints (m): 40
2025-02-24 14:57:03,631 - DEBUG -   Density of A: 20.21%
2025-02-24 14:57:03,631 - INFO - 
Starting reference QAOA with parameters:
2025-02-24 14:57:03,631 - INFO -   sample_size (total shots): 1000
2025-02-24 14:57:03,631 - INFO - Added all constraints
2025-02-24 14:57:03,632 - DEBUG - Generated Ising Hamiltonian
2025-02-24 14:57:03,779 - DEBUG - Optimizing QAOA circuit...
2025-02-24 14:57:07,449 - DEBUG - Circuit optimization successful
2025-02-24 14:57:07,449 - DEBUG - Circuit optimization successful, final value: -5341.633866133863
2025-02-24 14:57:07,449 - DEBUG - Sampling from optimized circuit...
2025-02-24 14:57:07,491 - DEBUG - Generated 847 unique samples from 1000 total measurements
2025-02-24 14:57:07,492 - DEBUG - 
Top 5 most frequent samples:
2025-02-24 14:57:07,492 - DEBUG -   Rank | Count |   %   
2025-02-24 14:57:07,492 - DEBUG -   -----|-------|-------
2025-02-24 14:57:07,492 - DEBUG -      1 |     5 |   0.5
2025-02-24 14:57:07,492 - DEBUG -     Sample: [0 0 0 0 1 1 1 0 1 1 0 1]
2025-02-24 14:57:07,492 - DEBUG -      2 |     4 |   0.4
2025-02-24 14:57:07,493 - DEBUG -     Sample: [1 0 1 0 1 0 1 1 1 1 1 1]
2025-02-24 14:57:07,493 - DEBUG -      3 |     3 |   0.3
2025-02-24 14:57:07,493 - DEBUG -     Sample: [0 0 0 0 1 1 0 0 1 1 1 0]
2025-02-24 14:57:07,493 - DEBUG -      4 |     3 |   0.3
2025-02-24 14:57:07,493 - DEBUG -     Sample: [1 1 1 1 1 0 1 0 1 0 1 1]
2025-02-24 14:57:07,493 - DEBUG -      5 |     3 |   0.3
2025-02-24 14:57:07,494 - DEBUG -     Sample: [1 1 1 0 0 1 1 0 0 1 0 0]
2025-02-24 14:57:07,495 - DEBUG - Generated 847 unique samples from 1000 total measurements
2025-02-24 14:57:07,509 - INFO - No feasible solution found
2025-02-24 14:57:07,511 - INFO -   QAOA solver found no feasible solution
2025-02-24 14:57:07,512 - INFO - 
Running Constraint Generation:
2025-02-24 14:57:07,513 - INFO - 
Problem information:
2025-02-24 14:57:07,513 - INFO -   Number of variables (n): 12
2025-02-24 14:57:07,513 - INFO -   Number of constraints (m): 40
2025-02-24 14:57:07,513 - DEBUG -   Density of A: 20.21%
2025-02-24 14:57:07,513 - INFO - 
Running classical reference solver:
2025-02-24 14:57:07,525 - INFO -   Reference solution found:
2025-02-24 14:57:07,526 - INFO -     Solution: [0, 1, 0, 0, 0, 1, 0, 1, 1, 0, 1, 0]
2025-02-24 14:57:07,526 - INFO -     Value: 151.0
2025-02-24 14:57:07,526 - INFO - 
Starting quantum constraint generation with parameters:
2025-02-24 14:57:07,526 - INFO -   sample_size (total shots): 1000
2025-02-24 14:57:07,526 - INFO -   tau: 0.1
2025-02-24 14:57:07,526 - INFO -   max_iters: 1000
2025-02-24 14:57:07,526 - INFO - 
Iteration 0:
2025-02-24 14:57:07,527 - DEBUG - Generated Ising Hamiltonian
2025-02-24 14:57:07,528 - DEBUG - Optimizing QAOA circuit...
2025-02-24 14:57:10,318 - WARNING - Circuit optimization did not converge
2025-02-24 14:57:10,318 - WARNING - Circuit optimization did not converge
2025-02-24 14:57:10,318 - DEBUG - Sampling from optimized circuit...
2025-02-24 14:57:10,379 - DEBUG - Generated 11 unique samples from 1000 total measurements
2025-02-24 14:57:10,380 - DEBUG - 
Top 5 most frequent samples:
2025-02-24 14:57:10,380 - DEBUG -   Rank | Count |   %   
2025-02-24 14:57:10,380 - DEBUG -   -----|-------|-------
2025-02-24 14:57:10,380 - DEBUG -      1 |   386 |  38.6
2025-02-24 14:57:10,380 - DEBUG -     Sample: [0 0 0 0 0 0 0 0 1 0 1 0]
2025-02-24 14:57:10,380 - DEBUG -      2 |   273 |  27.3
2025-02-24 14:57:10,381 - DEBUG -     Sample: [0 0 0 0 0 0 0 0 1 0 0 0]
2025-02-24 14:57:10,381 - DEBUG -      3 |   158 |  15.8
2025-02-24 14:57:10,381 - DEBUG -     Sample: [0 0 0 0 0 0 0 0 1 0 1 1]
2025-02-24 14:57:10,381 - DEBUG -      4 |   142 |  14.2
2025-02-24 14:57:10,382 - DEBUG -     Sample: [0 0 0 0 0 0 0 0 1 0 0 1]
2025-02-24 14:57:10,382 - DEBUG -      5 |    19 |   1.9
2025-02-24 14:57:10,382 - DEBUG -     Sample: [0 0 0 0 0 0 0 0 1 1 1 0]
2025-02-24 14:57:10,382 - DEBUG - Generated 11 unique samples from 1000 total measurements
2025-02-24 14:57:10,383 - INFO -   No feasible solution found in this iteration
2025-02-24 14:57:10,383 - INFO -   Added 15 new constraints: [0, 3, 6, 7, 12, 14, 15, 18, 19, 21, 24, 29, 31, 32, 37]
2025-02-24 14:57:10,383 - INFO - 
Iteration 1:
2025-02-24 14:57:10,384 - DEBUG - Generated Ising Hamiltonian
2025-02-24 14:57:10,386 - DEBUG - Optimizing QAOA circuit...
2025-02-24 14:57:20,996 - WARNING - Circuit optimization did not converge
2025-02-24 14:57:20,997 - WARNING - Circuit optimization did not converge
2025-02-24 14:57:20,997 - DEBUG - Sampling from optimized circuit...
2025-02-24 14:57:21,060 - DEBUG - Generated 15 unique samples from 1000 total measurements
2025-02-24 14:57:21,060 - DEBUG - 
Top 5 most frequent samples:
2025-02-24 14:57:21,060 - DEBUG -   Rank | Count |   %   
2025-02-24 14:57:21,060 - DEBUG -   -----|-------|-------
2025-02-24 14:57:21,060 - DEBUG -      1 |   305 |  30.5
2025-02-24 14:57:21,060 - DEBUG -     Sample: [0 0 0 0 0 0 0 0 1 0 0 1]
2025-02-24 14:57:21,060 - DEBUG -      2 |   231 |  23.1
2025-02-24 14:57:21,061 - DEBUG -     Sample: [0 0 0 0 0 0 0 0 1 1 0 1]
2025-02-24 14:57:21,061 - DEBUG -      3 |   210 |  21.0
2025-02-24 14:57:21,061 - DEBUG -     Sample: [0 0 0 0 0 0 0 0 1 0 1 1]
2025-02-24 14:57:21,061 - DEBUG -      4 |   153 |  15.3
2025-02-24 14:57:21,061 - DEBUG -     Sample: [0 0 0 0 0 0 0 0 1 1 1 1]
2025-02-24 14:57:21,061 - DEBUG -      5 |    23 |   2.3
2025-02-24 14:57:21,061 - DEBUG -     Sample: [0 0 0 0 0 0 0 0 1 0 0 0]
2025-02-24 14:57:21,061 - DEBUG - Generated 15 unique samples from 1000 total measurements
2025-02-24 14:57:21,062 - INFO -   No feasible solution found in this iteration
2025-02-24 14:57:21,062 - INFO -   No new constraints added, lowered tau multiplier: 1.0 -> 0.9
2025-02-24 14:57:21,062 - INFO -   No new constraints added, lowered tau multiplier: 0.9 -> 0.8
2025-02-24 14:57:21,062 - INFO -   No new constraints added, lowered tau multiplier: 0.8 -> 0.7
2025-02-24 14:57:21,062 - INFO -   No new constraints added, lowered tau multiplier: 0.7 -> 0.6
2025-02-24 14:57:21,062 - INFO -   No new constraints added, lowered tau multiplier: 0.6 -> 0.5
2025-02-24 14:57:21,063 - INFO -   No new constraints added, lowered tau multiplier: 0.5 -> 0.4
2025-02-24 14:57:21,063 - INFO -   Added 25 new constraints: [1, 2, 4, 5, 8, 9, 10, 11, 13, 16, 17, 20, 22, 23, 25, 26, 27, 28, 30, 33, 34, 35, 36, 38, 39]
2025-02-24 14:57:21,063 - INFO - 
Iteration 2:
2025-02-24 14:57:21,063 - DEBUG - Generated Ising Hamiltonian
2025-02-24 14:57:21,065 - DEBUG - Optimizing QAOA circuit...
2025-02-24 14:57:31,618 - WARNING - Circuit optimization did not converge
2025-02-24 14:57:31,619 - WARNING - Circuit optimization did not converge
2025-02-24 14:57:31,619 - DEBUG - Sampling from optimized circuit...
2025-02-24 14:57:31,682 - DEBUG - Generated 16 unique samples from 1000 total measurements
2025-02-24 14:57:31,682 - DEBUG - 
Top 5 most frequent samples:
2025-02-24 14:57:31,682 - DEBUG -   Rank | Count |   %   
2025-02-24 14:57:31,682 - DEBUG -   -----|-------|-------
2025-02-24 14:57:31,683 - DEBUG -      1 |    82 |   8.2
2025-02-24 14:57:31,683 - DEBUG -     Sample: [0 0 0 0 0 0 0 0 1 0 1 1]
2025-02-24 14:57:31,683 - DEBUG -      2 |    80 |   8.0
2025-02-24 14:57:31,683 - DEBUG -     Sample: [0 0 0 0 0 0 0 0 1 0 0 1]
2025-02-24 14:57:31,683 - DEBUG -      3 |    70 |   7.0
2025-02-24 14:57:31,683 - DEBUG -     Sample: [0 0 0 0 0 0 0 0 1 0 0 0]
2025-02-24 14:57:31,683 - DEBUG -      4 |    70 |   7.0
2025-02-24 14:57:31,683 - DEBUG -     Sample: [0 0 0 0 0 0 0 0 1 1 0 0]
2025-02-24 14:57:31,683 - DEBUG -      5 |    69 |   6.9
2025-02-24 14:57:31,683 - DEBUG -     Sample: [0 0 0 0 0 0 0 0 1 1 0 1]
2025-02-24 14:57:31,684 - DEBUG - Generated 16 unique samples from 1000 total measurements
2025-02-24 14:57:31,684 - INFO -   No feasible solution found in this iteration
2025-02-24 14:57:31,684 - INFO -   All constraints added, exiting
2025-02-24 14:57:31,684 - INFO -   Constraint generation found no feasible solution
2025-02-24 14:57:31,684 - INFO - 
Instance 77 results:
2025-02-24 14:57:31,684 - INFO -   Classical value: 151.0
2025-02-24 14:57:31,684 - INFO -   QAOA value: 0.0
2025-02-24 14:57:31,684 - INFO -   Constraint generation value: 0.0
2025-02-24 14:57:31,685 - INFO - 
Running instance 78/100
2025-02-24 14:57:31,686 - INFO - 
Running Classical Reference Solver (SCIP):
2025-02-24 14:57:31,686 - DEBUG - Problem dimensions: 40 constraints, 12 variables
2025-02-24 14:57:31,686 - DEBUG - Row names: ['ELEM1', 'ELEM2', 'ELEM3', 'ELEM4', 'ELEM5', 'ELEM6', 'ELEM7', 'ELEM8', 'ELEM9', 'ELEM10', 'ELEM11', 'ELEM12', 'ELEM13', 'ELEM14', 'ELEM15', 'ELEM16', 'ELEM17', 'ELEM18', 'ELEM19', 'ELEM20', 'ELEM21', 'ELEM22', 'ELEM23', 'ELEM24', 'ELEM25', 'ELEM26', 'ELEM27', 'ELEM28', 'ELEM29', 'ELEM30', 'ELEM31', 'ELEM32', 'ELEM33', 'ELEM34', 'ELEM35', 'ELEM36', 'ELEM37', 'ELEM38', 'ELEM39', 'ELEM40']
2025-02-24 14:57:31,686 - DEBUG - RHS values: {'ELEM1': 1.0, 'ELEM2': 1.0, 'ELEM3': 1.0, 'ELEM4': 1.0, 'ELEM5': 1.0, 'ELEM6': 1.0, 'ELEM7': 1.0, 'ELEM8': 1.0, 'ELEM9': 1.0, 'ELEM10': 1.0, 'ELEM11': 1.0, 'ELEM12': 1.0, 'ELEM13': 1.0, 'ELEM14': 1.0, 'ELEM15': 1.0, 'ELEM16': 1.0, 'ELEM17': 1.0, 'ELEM18': 1.0, 'ELEM19': 1.0, 'ELEM20': 1.0, 'ELEM21': 1.0, 'ELEM22': 1.0, 'ELEM23': 1.0, 'ELEM24': 1.0, 'ELEM25': 1.0, 'ELEM26': 1.0, 'ELEM27': 1.0, 'ELEM28': 1.0, 'ELEM29': 1.0, 'ELEM30': 1.0, 'ELEM31': 1.0, 'ELEM32': 1.0, 'ELEM33': 1.0, 'ELEM34': 1.0, 'ELEM35': 1.0, 'ELEM36': 1.0, 'ELEM37': 1.0, 'ELEM38': 1.0, 'ELEM39': 1.0, 'ELEM40': 1.0}
2025-02-24 14:57:31,695 - INFO -   Reference solution found:
2025-02-24 14:57:31,696 - INFO -     Solution: [0, 0, 0, 0, 1, 1, 1, 0, 0, 0, 0, 0]
2025-02-24 14:57:31,696 - INFO -     Value: 80.0
2025-02-24 14:57:31,696 - INFO - 
Running QAOA Reference Solution (with all constraints):
