2025-02-23 18:51:23,107 - INFO - 
Problem information:
2025-02-23 18:51:23,107 - INFO -   Number of variables (n): 10
2025-02-23 18:51:23,107 - INFO -   Number of constraints (m): 20
2025-02-23 18:51:23,107 - DEBUG -   Density of A: 50.00%
2025-02-23 18:51:23,107 - INFO - 
Starting reference QAOA with parameters:
2025-02-23 18:51:23,107 - INFO -   sample_size (total shots): 100
2025-02-23 18:51:23,108 - INFO - Added all constraints
2025-02-23 18:51:23,108 - DEBUG - Generated Ising Hamiltonian
2025-02-23 18:51:23,318 - DEBUG - Optimizing QAOA circuit...
2025-02-23 18:51:24,792 - DEBUG - Circuit optimization successful
2025-02-23 18:51:24,792 - DEBUG - Circuit optimization successful, final value: 7022.752247752247
2025-02-23 18:51:24,792 - DEBUG - Sampling from optimized circuit...
2025-02-23 18:51:24,808 - DEBUG - Generated 56 unique samples from 100 total measurements
2025-02-23 18:51:24,809 - DEBUG - 
Top 5 most frequent samples:
2025-02-23 18:51:24,809 - DEBUG -   Rank | Count |   %   
2025-02-23 18:51:24,809 - DEBUG -   -----|-------|-------
2025-02-23 18:51:24,809 - DEBUG -      1 |    10 |  10.0
2025-02-23 18:51:24,809 - DEBUG -     Sample: [0 1 0 1 1 0 0 1 0 1]
2025-02-23 18:51:24,810 - DEBUG -      2 |     8 |   8.0
2025-02-23 18:51:24,810 - DEBUG -     Sample: [0 1 0 1 1 1 0 1 0 1]
2025-02-23 18:51:24,810 - DEBUG -      3 |     6 |   6.0
2025-02-23 18:51:24,810 - DEBUG -     Sample: [1 1 0 1 1 1 0 1 0 1]
2025-02-23 18:51:24,810 - DEBUG -      4 |     5 |   5.0
2025-02-23 18:51:24,811 - DEBUG -     Sample: [0 1 0 1 1 1 0 1 0 0]
2025-02-23 18:51:24,811 - DEBUG -      5 |     4 |   4.0
2025-02-23 18:51:24,811 - DEBUG -     Sample: [1 1 0 1 1 0 0 1 0 1]
2025-02-23 18:51:24,811 - DEBUG - Generated 56 unique samples from 100 total measurements
2025-02-23 18:51:24,813 - INFO - No feasible solution found
2025-02-23 18:51:24,813 - INFO -   QAOA solver found no feasible solution
2025-02-23 18:51:24,813 - INFO - 
Running Constraint Generation:
2025-02-23 18:51:24,815 - INFO - 
Problem information:
2025-02-23 18:51:24,815 - INFO -   Number of variables (n): 10
2025-02-23 18:51:24,815 - INFO -   Number of constraints (m): 20
2025-02-23 18:51:24,815 - DEBUG -   Density of A: 50.00%
2025-02-23 18:51:24,815 - INFO - 
Running classical reference solver:
2025-02-23 18:51:24,826 - INFO -   Reference solution found:
2025-02-23 18:51:24,826 - INFO -     Solution: [0, 1, 0, 0, 0, 0, 0, 1, 0, 0]
2025-02-23 18:51:24,826 - INFO -     Value: 90.0
2025-02-23 18:51:24,827 - INFO - 
Starting quantum constraint generation with parameters:
2025-02-23 18:51:24,827 - INFO -   sample_size (total shots): 100
2025-02-23 18:51:24,827 - INFO -   tau: 0.1
2025-02-23 18:51:24,827 - INFO -   max_iters: 1000
2025-02-23 18:51:24,827 - INFO - 
Iteration 0:
2025-02-23 18:51:24,828 - DEBUG - Generated Ising Hamiltonian
2025-02-23 18:51:25,049 - DEBUG - Optimizing QAOA circuit...
2025-02-23 18:51:26,351 - DEBUG - Circuit optimization successful
2025-02-23 18:51:26,351 - DEBUG - Circuit optimization successful, final value: -203.22377622377624
2025-02-23 18:51:26,351 - DEBUG - Sampling from optimized circuit...
2025-02-23 18:51:26,366 - DEBUG - Generated 44 unique samples from 100 total measurements
2025-02-23 18:51:26,366 - DEBUG - 
Top 5 most frequent samples:
2025-02-23 18:51:26,366 - DEBUG -   Rank | Count |   %   
2025-02-23 18:51:26,367 - DEBUG -   -----|-------|-------
2025-02-23 18:51:26,367 - DEBUG -      1 |    13 |  13.0
2025-02-23 18:51:26,367 - DEBUG -     Sample: [1 1 1 1 1 0 1 1 0 0]
2025-02-23 18:51:26,367 - DEBUG -      2 |     7 |   7.0
2025-02-23 18:51:26,367 - DEBUG -     Sample: [1 1 0 1 1 0 1 1 0 0]
2025-02-23 18:51:26,367 - DEBUG -      3 |     7 |   7.0
2025-02-23 18:51:26,368 - DEBUG -     Sample: [1 1 0 1 1 0 1 1 0 1]
2025-02-23 18:51:26,368 - DEBUG -      4 |     7 |   7.0
2025-02-23 18:51:26,368 - DEBUG -     Sample: [1 0 1 1 1 0 1 1 0 0]
2025-02-23 18:51:26,368 - DEBUG -      5 |     4 |   4.0
2025-02-23 18:51:26,369 - DEBUG -     Sample: [1 1 1 1 1 0 1 0 0 0]
2025-02-23 18:51:26,369 - DEBUG - Generated 44 unique samples from 100 total measurements
2025-02-23 18:51:26,370 - INFO -   No feasible solution found in this iteration
2025-02-23 18:51:26,371 - INFO -   Added 7 new constraints: [0, 1, 2, 5, 15, 17, 18]
2025-02-23 18:51:26,372 - INFO - 
Iteration 1:
2025-02-23 18:51:26,372 - DEBUG - Generated Ising Hamiltonian
2025-02-23 18:51:26,587 - DEBUG - Optimizing QAOA circuit...
2025-02-23 18:51:27,715 - DEBUG - Circuit optimization successful
2025-02-23 18:51:27,715 - DEBUG - Circuit optimization successful, final value: -13164.29520479521
2025-02-23 18:51:27,715 - DEBUG - Sampling from optimized circuit...
2025-02-23 18:51:27,728 - DEBUG - Generated 80 unique samples from 100 total measurements
2025-02-23 18:51:27,728 - DEBUG - 
Top 5 most frequent samples:
2025-02-23 18:51:27,728 - DEBUG -   Rank | Count |   %   
2025-02-23 18:51:27,728 - DEBUG -   -----|-------|-------
2025-02-23 18:51:27,729 - DEBUG -      1 |     6 |   6.0
2025-02-23 18:51:27,729 - DEBUG -     Sample: [0 0 0 0 0 1 0 0 1 1]
2025-02-23 18:51:27,729 - DEBUG -      2 |     5 |   5.0
2025-02-23 18:51:27,729 - DEBUG -     Sample: [0 0 1 0 1 1 1 1 0 0]
2025-02-23 18:51:27,730 - DEBUG -      3 |     3 |   3.0
2025-02-23 18:51:27,730 - DEBUG -     Sample: [1 0 1 0 0 1 1 1 0 0]
2025-02-23 18:51:27,730 - DEBUG -      4 |     3 |   3.0
2025-02-23 18:51:27,730 - DEBUG -     Sample: [0 0 1 0 0 1 0 0 1 0]
2025-02-23 18:51:27,730 - DEBUG -      5 |     2 |   2.0
2025-02-23 18:51:27,730 - DEBUG -     Sample: [0 0 0 0 0 1 0 0 1 0]
2025-02-23 18:51:27,731 - DEBUG - Generated 80 unique samples from 100 total measurements
2025-02-23 18:51:27,732 - INFO -   No feasible solution found in this iteration
2025-02-23 18:51:27,733 - INFO -   Added 1 new constraints: [19]
2025-02-23 18:51:27,733 - INFO - 
Iteration 2:
2025-02-23 18:51:27,733 - DEBUG - Generated Ising Hamiltonian
2025-02-23 18:51:27,939 - DEBUG - Optimizing QAOA circuit...
2025-02-23 18:51:29,255 - DEBUG - Circuit optimization successful
2025-02-23 18:51:29,255 - DEBUG - Circuit optimization successful, final value: 7735.281718281719
2025-02-23 18:51:29,255 - DEBUG - Sampling from optimized circuit...
2025-02-23 18:51:29,270 - DEBUG - Generated 88 unique samples from 100 total measurements
2025-02-23 18:51:29,270 - DEBUG - 
Top 5 most frequent samples:
2025-02-23 18:51:29,270 - DEBUG -   Rank | Count |   %   
2025-02-23 18:51:29,271 - DEBUG -   -----|-------|-------
2025-02-23 18:51:29,271 - DEBUG -      1 |     4 |   4.0
2025-02-23 18:51:29,271 - DEBUG -     Sample: [1 0 0 1 1 0 0 1 0 0]
2025-02-23 18:51:29,271 - DEBUG -      2 |     3 |   3.0
2025-02-23 18:51:29,271 - DEBUG -     Sample: [1 0 1 1 0 0 0 1 0 1]
2025-02-23 18:51:29,271 - DEBUG -      3 |     2 |   2.0
2025-02-23 18:51:29,272 - DEBUG -     Sample: [0 1 1 1 0 0 0 0 0 1]
2025-02-23 18:51:29,272 - DEBUG -      4 |     2 |   2.0
2025-02-23 18:51:29,272 - DEBUG -     Sample: [1 1 0 0 1 0 1 0 0 0]
2025-02-23 18:51:29,272 - DEBUG -      5 |     2 |   2.0
2025-02-23 18:51:29,272 - DEBUG -     Sample: [0 1 0 1 0 0 0 1 0 0]
2025-02-23 18:51:29,273 - DEBUG - Generated 88 unique samples from 100 total measurements
2025-02-23 18:51:29,273 - INFO - Found feasible solution: [0 0 0 0 0 0 1 0 0 1] with objective value 131.0
2025-02-23 18:51:29,274 - INFO -   Found feasible solution:
2025-02-23 18:51:29,275 - INFO -     Solution: [0, 0, 0, 0, 0, 0, 1, 0, 0, 1]
2025-02-23 18:51:29,275 - INFO -     Value: 131.0
2025-02-23 18:51:29,275 - INFO -     Gap to reference: 45.56%
2025-02-23 18:51:29,276 - INFO -   Constraint generation solution found:
2025-02-23 18:51:29,276 - INFO -     Solution: [0, 0, 0, 0, 0, 0, 1, 0, 0, 1]
2025-02-23 18:51:29,276 - INFO -     Value: 131.0
2025-02-23 18:51:29,276 - INFO - 
Instance 61 results:
2025-02-23 18:51:29,277 - INFO -   Classical value: 90.0
2025-02-23 18:51:29,277 - INFO -   QAOA value: 0.0
2025-02-23 18:51:29,277 - INFO -   Constraint generation value: 131.0
2025-02-23 18:51:29,278 - INFO - 
Running instance 62/100
2025-02-23 18:51:29,280 - INFO - 
Running Classical Reference Solver (SCIP):
2025-02-23 18:51:29,280 - DEBUG - Problem dimensions: 20 constraints, 10 variables
2025-02-23 18:51:29,281 - DEBUG - Row names: ['ELEM1', 'ELEM2', 'ELEM3', 'ELEM4', 'ELEM5', 'ELEM6', 'ELEM7', 'ELEM8', 'ELEM9', 'ELEM10', 'ELEM11', 'ELEM12', 'ELEM13', 'ELEM14', 'ELEM15', 'ELEM16', 'ELEM17', 'ELEM18', 'ELEM19', 'ELEM20']
2025-02-23 18:51:29,281 - DEBUG - RHS values: {'ELEM1': 1.0, 'ELEM2': 1.0, 'ELEM3': 1.0, 'ELEM4': 1.0, 'ELEM5': 1.0, 'ELEM6': 1.0, 'ELEM7': 1.0, 'ELEM8': 1.0, 'ELEM9': 1.0, 'ELEM10': 1.0, 'ELEM11': 1.0, 'ELEM12': 1.0, 'ELEM13': 1.0, 'ELEM14': 1.0, 'ELEM15': 1.0, 'ELEM16': 1.0, 'ELEM17': 1.0, 'ELEM18': 1.0, 'ELEM19': 1.0, 'ELEM20': 1.0}
2025-02-23 18:51:29,292 - INFO -   Reference solution found:
2025-02-23 18:51:29,292 - INFO -     Solution: [1, 0, 0, 0, 0, 0, 0, 0, 1, 0]
2025-02-23 18:51:29,292 - INFO -     Value: 38.0
2025-02-23 18:51:29,292 - INFO - 
Running QAOA Reference Solution (with all constraints):
