2025-02-24 14:49:35,095 - INFO - 
Problem information:
2025-02-24 14:49:35,095 - INFO -   Number of variables (n): 12
2025-02-24 14:49:35,095 - INFO -   Number of constraints (m): 40
2025-02-24 14:49:35,095 - DEBUG -   Density of A: 18.96%
2025-02-24 14:49:35,095 - INFO - 
Starting reference QAOA with parameters:
2025-02-24 14:49:35,095 - INFO -   sample_size (total shots): 1000
2025-02-24 14:49:35,096 - INFO - Added all constraints
2025-02-24 14:49:35,096 - DEBUG - Generated Ising Hamiltonian
2025-02-24 14:49:35,242 - DEBUG - Optimizing QAOA circuit...
2025-02-24 14:49:38,295 - DEBUG - Circuit optimization successful
2025-02-24 14:49:38,295 - DEBUG - Circuit optimization successful, final value: -13762.836163836153
2025-02-24 14:49:38,295 - DEBUG - Sampling from optimized circuit...
2025-02-24 14:49:38,332 - DEBUG - Generated 456 unique samples from 1000 total measurements
2025-02-24 14:49:38,335 - DEBUG - 
Top 5 most frequent samples:
2025-02-24 14:49:38,335 - DEBUG -   Rank | Count |   %   
2025-02-24 14:49:38,336 - DEBUG -   -----|-------|-------
2025-02-24 14:49:38,336 - DEBUG -      1 |    25 |   2.5
2025-02-24 14:49:38,336 - DEBUG -     Sample: [0 0 1 0 1 1 1 0 0 0 0 1]
2025-02-24 14:49:38,336 - DEBUG -      2 |    24 |   2.4
2025-02-24 14:49:38,336 - DEBUG -     Sample: [0 0 1 0 1 0 1 0 0 0 1 1]
2025-02-24 14:49:38,336 - DEBUG -      3 |    23 |   2.3
2025-02-24 14:49:38,337 - DEBUG -     Sample: [0 0 1 0 1 0 1 0 0 0 0 1]
2025-02-24 14:49:38,337 - DEBUG -      4 |    22 |   2.2
2025-02-24 14:49:38,337 - DEBUG -     Sample: [0 0 1 0 1 1 1 0 0 0 1 1]
2025-02-24 14:49:38,337 - DEBUG -      5 |    20 |   2.0
2025-02-24 14:49:38,338 - DEBUG -     Sample: [0 1 1 0 1 0 1 0 0 0 1 1]
2025-02-24 14:49:38,339 - DEBUG - Generated 456 unique samples from 1000 total measurements
2025-02-24 14:49:38,344 - INFO - Found feasible solution: [0 1 1 1 1 0 0 0 0 0 0 1] with objective value 237.0
2025-02-24 14:49:38,347 - INFO - Found feasible solution:
2025-02-24 14:49:38,347 - INFO -   Solution: [0, 1, 1, 1, 1, 0, 0, 0, 0, 0, 0, 1]
2025-02-24 14:49:38,347 - INFO -   Value: 237.0
2025-02-24 14:49:38,348 - INFO -   QAOA solution found:
2025-02-24 14:49:38,348 - INFO -     Solution: [0, 1, 1, 1, 1, 0, 0, 0, 0, 0, 0, 1]
2025-02-24 14:49:38,348 - INFO -     Value: 237.0
2025-02-24 14:49:38,348 - INFO - 
Running Constraint Generation:
2025-02-24 14:49:38,349 - INFO - 
Problem information:
2025-02-24 14:49:38,350 - INFO -   Number of variables (n): 12
2025-02-24 14:49:38,350 - INFO -   Number of constraints (m): 40
2025-02-24 14:49:38,350 - DEBUG -   Density of A: 18.96%
2025-02-24 14:49:38,350 - INFO - 
Running classical reference solver:
2025-02-24 14:49:38,360 - INFO -   Reference solution found:
2025-02-24 14:49:38,360 - INFO -     Solution: [0, 1, 1, 1, 1, 0, 0, 0, 0, 0, 0, 1]
2025-02-24 14:49:38,361 - INFO -     Value: 237.0
2025-02-24 14:49:38,361 - INFO - 
Starting quantum constraint generation with parameters:
2025-02-24 14:49:38,361 - INFO -   sample_size (total shots): 1000
2025-02-24 14:49:38,361 - INFO -   tau: 0.1
2025-02-24 14:49:38,361 - INFO -   max_iters: 1000
2025-02-24 14:49:38,361 - INFO - 
Iteration 0:
2025-02-24 14:49:38,362 - DEBUG - Generated Ising Hamiltonian
2025-02-24 14:49:38,363 - DEBUG - Optimizing QAOA circuit...
2025-02-24 14:49:41,879 - WARNING - Circuit optimization did not converge
2025-02-24 14:49:41,880 - WARNING - Circuit optimization did not converge
2025-02-24 14:49:41,880 - DEBUG - Sampling from optimized circuit...
2025-02-24 14:49:41,957 - DEBUG - Generated 14 unique samples from 1000 total measurements
2025-02-24 14:49:41,957 - DEBUG - 
Top 5 most frequent samples:
2025-02-24 14:49:41,957 - DEBUG -   Rank | Count |   %   
2025-02-24 14:49:41,958 - DEBUG -   -----|-------|-------
2025-02-24 14:49:41,958 - DEBUG -      1 |   301 |  30.1
2025-02-24 14:49:41,958 - DEBUG -     Sample: [0 0 0 0 0 0 0 0 0 0 1 1]
2025-02-24 14:49:41,959 - DEBUG -      2 |   280 |  28.0
2025-02-24 14:49:41,959 - DEBUG -     Sample: [0 0 0 0 0 0 0 0 1 0 1 1]
2025-02-24 14:49:41,959 - DEBUG -      3 |   141 |  14.1
2025-02-24 14:49:41,959 - DEBUG -     Sample: [0 0 0 0 0 0 0 0 0 1 1 1]
2025-02-24 14:49:41,960 - DEBUG -      4 |   128 |  12.8
2025-02-24 14:49:41,960 - DEBUG -     Sample: [0 0 0 0 0 0 0 0 1 1 1 1]
2025-02-24 14:49:41,960 - DEBUG -      5 |    35 |   3.5
2025-02-24 14:49:41,960 - DEBUG -     Sample: [0 0 0 0 0 0 0 0 0 0 1 0]
2025-02-24 14:49:41,960 - DEBUG - Generated 14 unique samples from 1000 total measurements
2025-02-24 14:49:41,961 - INFO -   No feasible solution found in this iteration
2025-02-24 14:49:41,961 - INFO -   Added 16 new constraints: [1, 3, 5, 7, 8, 16, 17, 18, 20, 25, 26, 29, 30, 32, 38, 39]
2025-02-24 14:49:41,961 - INFO - 
Iteration 1:
2025-02-24 14:49:41,962 - DEBUG - Generated Ising Hamiltonian
2025-02-24 14:49:41,964 - DEBUG - Optimizing QAOA circuit...
2025-02-24 14:49:52,330 - WARNING - Circuit optimization did not converge
2025-02-24 14:49:52,330 - WARNING - Circuit optimization did not converge
2025-02-24 14:49:52,330 - DEBUG - Sampling from optimized circuit...
2025-02-24 14:49:52,396 - DEBUG - Generated 16 unique samples from 1000 total measurements
2025-02-24 14:49:52,396 - DEBUG - 
Top 5 most frequent samples:
2025-02-24 14:49:52,396 - DEBUG -   Rank | Count |   %   
2025-02-24 14:49:52,396 - DEBUG -   -----|-------|-------
2025-02-24 14:49:52,397 - DEBUG -      1 |   367 |  36.7
2025-02-24 14:49:52,397 - DEBUG -     Sample: [0 0 0 0 0 0 0 0 0 1 0 0]
2025-02-24 14:49:52,397 - DEBUG -      2 |   217 |  21.7
2025-02-24 14:49:52,397 - DEBUG -     Sample: [0 0 0 0 0 0 0 0 0 0 0 0]
2025-02-24 14:49:52,397 - DEBUG -      3 |    80 |   8.0
2025-02-24 14:49:52,397 - DEBUG -     Sample: [0 0 0 0 0 0 0 0 1 1 0 0]
2025-02-24 14:49:52,397 - DEBUG -      4 |    75 |   7.5
2025-02-24 14:49:52,397 - DEBUG -     Sample: [0 0 0 0 0 0 0 0 0 1 0 1]
2025-02-24 14:49:52,398 - DEBUG -      5 |    57 |   5.7
2025-02-24 14:49:52,398 - DEBUG -     Sample: [0 0 0 0 0 0 0 0 1 0 0 0]
2025-02-24 14:49:52,398 - DEBUG - Generated 16 unique samples from 1000 total measurements
2025-02-24 14:49:52,398 - INFO -   No feasible solution found in this iteration
2025-02-24 14:49:52,398 - INFO -   No new constraints added, lowered tau multiplier: 1.0 -> 0.9
2025-02-24 14:49:52,399 - INFO -   No new constraints added, lowered tau multiplier: 0.9 -> 0.8
2025-02-24 14:49:52,399 - INFO -   No new constraints added, lowered tau multiplier: 0.8 -> 0.7
2025-02-24 14:49:52,399 - INFO -   No new constraints added, lowered tau multiplier: 0.7 -> 0.6
2025-02-24 14:49:52,399 - INFO -   Added 1 new constraints: [11]
2025-02-24 14:49:52,399 - INFO - 
Iteration 2:
2025-02-24 14:49:52,399 - DEBUG - Generated Ising Hamiltonian
2025-02-24 14:49:52,401 - DEBUG - Optimizing QAOA circuit...
2025-02-24 14:49:58,226 - WARNING - Circuit optimization did not converge
2025-02-24 14:49:58,226 - WARNING - Circuit optimization did not converge
2025-02-24 14:49:58,226 - DEBUG - Sampling from optimized circuit...
2025-02-24 14:49:58,277 - DEBUG - Generated 16 unique samples from 1000 total measurements
2025-02-24 14:49:58,277 - DEBUG - 
Top 5 most frequent samples:
2025-02-24 14:49:58,277 - DEBUG -   Rank | Count |   %   
2025-02-24 14:49:58,277 - DEBUG -   -----|-------|-------
2025-02-24 14:49:58,277 - DEBUG -      1 |   121 |  12.1
2025-02-24 14:49:58,278 - DEBUG -     Sample: [0 0 0 0 0 0 0 0 0 1 0 0]
2025-02-24 14:49:58,278 - DEBUG -      2 |   103 |  10.3
2025-02-24 14:49:58,278 - DEBUG -     Sample: [0 0 0 0 0 0 0 0 1 1 1 1]
2025-02-24 14:49:58,278 - DEBUG -      3 |    86 |   8.6
2025-02-24 14:49:58,278 - DEBUG -     Sample: [0 0 0 0 0 0 0 0 0 0 0 0]
2025-02-24 14:49:58,278 - DEBUG -      4 |    79 |   7.9
2025-02-24 14:49:58,278 - DEBUG -     Sample: [0 0 0 0 0 0 0 0 1 1 0 1]
2025-02-24 14:49:58,278 - DEBUG -      5 |    76 |   7.6
2025-02-24 14:49:58,278 - DEBUG -     Sample: [0 0 0 0 0 0 0 0 1 0 1 1]
2025-02-24 14:49:58,278 - DEBUG - Generated 16 unique samples from 1000 total measurements
2025-02-24 14:49:58,279 - INFO -   No feasible solution found in this iteration
2025-02-24 14:49:58,279 - INFO -   No new constraints added, lowered tau multiplier: 1.0 -> 0.9
2025-02-24 14:49:58,279 - INFO -   No new constraints added, lowered tau multiplier: 0.9 -> 0.8
2025-02-24 14:49:58,279 - INFO -   No new constraints added, lowered tau multiplier: 0.8 -> 0.7
2025-02-24 14:49:58,279 - INFO -   No new constraints added, lowered tau multiplier: 0.7 -> 0.6
2025-02-24 14:49:58,279 - INFO -   No new constraints added, lowered tau multiplier: 0.6 -> 0.5
2025-02-24 14:49:58,279 - INFO -   No new constraints added, lowered tau multiplier: 0.5 -> 0.4
2025-02-24 14:49:58,279 - INFO -   Added 23 new constraints: [0, 2, 4, 6, 9, 10, 12, 13, 14, 15, 19, 21, 22, 23, 24, 27, 28, 31, 33, 34, 35, 36, 37]
2025-02-24 14:49:58,280 - INFO - 
Iteration 3:
2025-02-24 14:49:58,280 - DEBUG - Generated Ising Hamiltonian
2025-02-24 14:49:58,281 - DEBUG - Optimizing QAOA circuit...
2025-02-24 14:50:05,401 - WARNING - Circuit optimization did not converge
2025-02-24 14:50:05,401 - WARNING - Circuit optimization did not converge
2025-02-24 14:50:05,401 - DEBUG - Sampling from optimized circuit...
2025-02-24 14:50:05,455 - DEBUG - Generated 16 unique samples from 1000 total measurements
2025-02-24 14:50:05,455 - DEBUG - 
Top 5 most frequent samples:
2025-02-24 14:50:05,455 - DEBUG -   Rank | Count |   %   
2025-02-24 14:50:05,455 - DEBUG -   -----|-------|-------
2025-02-24 14:50:05,455 - DEBUG -      1 |    80 |   8.0
2025-02-24 14:50:05,456 - DEBUG -     Sample: [0 0 0 0 0 0 0 0 0 1 0 0]
2025-02-24 14:50:05,456 - DEBUG -      2 |    78 |   7.8
2025-02-24 14:50:05,456 - DEBUG -     Sample: [0 0 0 0 0 0 0 0 0 0 0 1]
2025-02-24 14:50:05,456 - DEBUG -      3 |    78 |   7.8
2025-02-24 14:50:05,456 - DEBUG -     Sample: [0 0 0 0 0 0 0 0 0 1 1 1]
2025-02-24 14:50:05,456 - DEBUG -      4 |    75 |   7.5
2025-02-24 14:50:05,456 - DEBUG -     Sample: [0 0 0 0 0 0 0 0 0 1 0 1]
2025-02-24 14:50:05,457 - DEBUG -      5 |    74 |   7.4
2025-02-24 14:50:05,457 - DEBUG -     Sample: [0 0 0 0 0 0 0 0 0 0 0 0]
2025-02-24 14:50:05,457 - DEBUG - Generated 16 unique samples from 1000 total measurements
2025-02-24 14:50:05,457 - INFO -   No feasible solution found in this iteration
2025-02-24 14:50:05,457 - INFO -   All constraints added, exiting
2025-02-24 14:50:05,457 - INFO -   Constraint generation found no feasible solution
2025-02-24 14:50:05,458 - INFO - 
Instance 66 results:
2025-02-24 14:50:05,458 - INFO -   Classical value: 237.0
2025-02-24 14:50:05,458 - INFO -   QAOA value: 237.0
2025-02-24 14:50:05,458 - INFO -   Constraint generation value: 0.0
2025-02-24 14:50:05,458 - INFO - 
Running instance 67/100
2025-02-24 14:50:05,459 - INFO - 
Running Classical Reference Solver (SCIP):
2025-02-24 14:50:05,460 - DEBUG - Problem dimensions: 40 constraints, 12 variables
2025-02-24 14:50:05,460 - DEBUG - Row names: ['ELEM1', 'ELEM2', 'ELEM3', 'ELEM4', 'ELEM5', 'ELEM6', 'ELEM7', 'ELEM8', 'ELEM9', 'ELEM10', 'ELEM11', 'ELEM12', 'ELEM13', 'ELEM14', 'ELEM15', 'ELEM16', 'ELEM17', 'ELEM18', 'ELEM19', 'ELEM20', 'ELEM21', 'ELEM22', 'ELEM23', 'ELEM24', 'ELEM25', 'ELEM26', 'ELEM27', 'ELEM28', 'ELEM29', 'ELEM30', 'ELEM31', 'ELEM32', 'ELEM33', 'ELEM34', 'ELEM35', 'ELEM36', 'ELEM37', 'ELEM38', 'ELEM39', 'ELEM40']
2025-02-24 14:50:05,460 - DEBUG - RHS values: {'ELEM1': 1.0, 'ELEM2': 1.0, 'ELEM3': 1.0, 'ELEM4': 1.0, 'ELEM5': 1.0, 'ELEM6': 1.0, 'ELEM7': 1.0, 'ELEM8': 1.0, 'ELEM9': 1.0, 'ELEM10': 1.0, 'ELEM11': 1.0, 'ELEM12': 1.0, 'ELEM13': 1.0, 'ELEM14': 1.0, 'ELEM15': 1.0, 'ELEM16': 1.0, 'ELEM17': 1.0, 'ELEM18': 1.0, 'ELEM19': 1.0, 'ELEM20': 1.0, 'ELEM21': 1.0, 'ELEM22': 1.0, 'ELEM23': 1.0, 'ELEM24': 1.0, 'ELEM25': 1.0, 'ELEM26': 1.0, 'ELEM27': 1.0, 'ELEM28': 1.0, 'ELEM29': 1.0, 'ELEM30': 1.0, 'ELEM31': 1.0, 'ELEM32': 1.0, 'ELEM33': 1.0, 'ELEM34': 1.0, 'ELEM35': 1.0, 'ELEM36': 1.0, 'ELEM37': 1.0, 'ELEM38': 1.0, 'ELEM39': 1.0, 'ELEM40': 1.0}
2025-02-24 14:50:05,468 - INFO -   Reference solution found:
2025-02-24 14:50:05,469 - INFO -     Solution: [1, 1, 0, 0, 0, 1, 0, 0, 0, 0, 1, 0]
2025-02-24 14:50:05,469 - INFO -     Value: 159.0
2025-02-24 14:50:05,469 - INFO - 
Running QAOA Reference Solution (with all constraints):
