
Problem information:
  Number of variables (n): 12
  Number of constraints (m): 40

Starting reference QAOA with parameters:
  sample_size (total shots): 1000
Added all constraints
Found feasible solution: [0 1 1 1 1 0 0 0 0 0 0 1] with objective value 237.0
Found feasible solution:
  Solution: [0, 1, 1, 1, 1, 0, 0, 0, 0, 0, 0, 1]
  Value: 237.0
  QAOA solution found:
    Solution: [0, 1, 1, 1, 1, 0, 0, 0, 0, 0, 0, 1]
    Value: 237.0

Running Constraint Generation:

Problem information:
  Number of variables (n): 12
  Number of constraints (m): 40

Running classical reference solver:
  Reference solution found:
    Solution: [0, 1, 1, 1, 1, 0, 0, 0, 0, 0, 0, 1]
    Value: 237.0

Starting quantum constraint generation with parameters:
  sample_size (total shots): 1000
  tau: 0.1
  max_iters: 1000

Iteration 0:
Circuit optimization did not converge
Circuit optimization did not converge
  No feasible solution found in this iteration
  Added 16 new constraints: [1, 3, 5, 7, 8, 16, 17, 18, 20, 25, 26, 29, 30, 32, 38, 39]

Iteration 1:
Circuit optimization did not converge
Circuit optimization did not converge
  No feasible solution found in this iteration
  No new constraints added, lowered tau multiplier: 1.0 -> 0.9
  No new constraints added, lowered tau multiplier: 0.9 -> 0.8
  No new constraints added, lowered tau multiplier: 0.8 -> 0.7
  No new constraints added, lowered tau multiplier: 0.7 -> 0.6
  Added 1 new constraints: [11]

Iteration 2:
Circuit optimization did not converge
Circuit optimization did not converge
  No feasible solution found in this iteration
  No new constraints added, lowered tau multiplier: 1.0 -> 0.9
  No new constraints added, lowered tau multiplier: 0.9 -> 0.8
  No new constraints added, lowered tau multiplier: 0.8 -> 0.7
  No new constraints added, lowered tau multiplier: 0.7 -> 0.6
  No new constraints added, lowered tau multiplier: 0.6 -> 0.5
  No new constraints added, lowered tau multiplier: 0.5 -> 0.4
  Added 23 new constraints: [0, 2, 4, 6, 9, 10, 12, 13, 14, 15, 19, 21, 22, 23, 24, 27, 28, 31, 33, 34, 35, 36, 37]

Iteration 3:
Circuit optimization did not converge
Circuit optimization did not converge
  No feasible solution found in this iteration
  All constraints added, exiting
  Constraint generation found no feasible solution

Instance 66 results:
  Classical value: 237.0
  QAOA value: 237.0
  Constraint generation value: 0.0

Running instance 67/100

Running Classical Reference Solver (SCIP):
  Reference solution found:
    Solution: [1, 1, 0, 0, 0, 1, 0, 0, 0, 0, 1, 0]
    Value: 159.0

Running QAOA Reference Solution (with all constraints):
