2025-02-24 15:46:22,618 - INFO - 
Problem information:
2025-02-24 15:46:22,619 - INFO -   Number of variables (n): 12
2025-02-24 15:46:22,619 - INFO -   Number of constraints (m): 40
2025-02-24 15:46:22,619 - DEBUG -   Density of A: 19.38%
2025-02-24 15:46:22,619 - INFO - 
Starting reference QAOA with parameters:
2025-02-24 15:46:22,620 - INFO -   sample_size (total shots): 1000
2025-02-24 15:46:22,620 - INFO - Added all constraints
2025-02-24 15:46:22,621 - DEBUG - Generated Ising Hamiltonian
2025-02-24 15:46:22,858 - DEBUG - Optimizing QAOA circuit...
2025-02-24 15:46:27,488 - DEBUG - Circuit optimization successful
2025-02-24 15:46:27,489 - DEBUG - Circuit optimization successful, final value: 57623.81793206794
2025-02-24 15:46:27,489 - DEBUG - Sampling from optimized circuit...
2025-02-24 15:46:27,534 - DEBUG - Generated 379 unique samples from 1000 total measurements
2025-02-24 15:46:27,534 - DEBUG - 
Top 5 most frequent samples:
2025-02-24 15:46:27,535 - DEBUG -   Rank | Count |   %   
2025-02-24 15:46:27,535 - DEBUG -   -----|-------|-------
2025-02-24 15:46:27,535 - DEBUG -      1 |    23 |   2.3
2025-02-24 15:46:27,535 - DEBUG -     Sample: [1 0 1 1 1 1 1 0 1 1 1 0]
2025-02-24 15:46:27,535 - DEBUG -      2 |    20 |   2.0
2025-02-24 15:46:27,535 - DEBUG -     Sample: [0 0 1 1 1 1 1 0 1 1 1 1]
2025-02-24 15:46:27,536 - DEBUG -      3 |    19 |   1.9
2025-02-24 15:46:27,536 - DEBUG -     Sample: [0 0 0 0 1 1 1 0 1 1 1 0]
2025-02-24 15:46:27,536 - DEBUG -      4 |    18 |   1.8
2025-02-24 15:46:27,536 - DEBUG -     Sample: [1 0 0 1 1 1 1 0 1 1 1 0]
2025-02-24 15:46:27,537 - DEBUG -      5 |    14 |   1.4
2025-02-24 15:46:27,537 - DEBUG -     Sample: [0 0 0 1 1 1 1 0 1 1 1 1]
2025-02-24 15:46:27,538 - DEBUG - Generated 379 unique samples from 1000 total measurements
2025-02-24 15:46:27,545 - INFO - No feasible solution found
2025-02-24 15:46:27,546 - INFO -   QAOA solver found no feasible solution
2025-02-24 15:46:27,546 - INFO - 
Running Constraint Generation:
2025-02-24 15:46:27,548 - INFO - 
Problem information:
2025-02-24 15:46:27,548 - INFO -   Number of variables (n): 12
2025-02-24 15:46:27,548 - INFO -   Number of constraints (m): 40
2025-02-24 15:46:27,548 - DEBUG -   Density of A: 19.38%
2025-02-24 15:46:27,548 - INFO - 
Running classical reference solver:
2025-02-24 15:46:27,561 - INFO -   Reference solution found:
2025-02-24 15:46:27,561 - INFO -     Solution: [0, 1, 1, 0, 1, 0, 0, 1, 0, 1, 0, 0]
2025-02-24 15:46:27,561 - INFO -     Value: 209.99999999999997
2025-02-24 15:46:27,561 - INFO - 
Starting quantum constraint generation with parameters:
2025-02-24 15:46:27,561 - INFO -   sample_size (total shots): 1000
2025-02-24 15:46:27,561 - INFO -   tau: 0.1
2025-02-24 15:46:27,562 - INFO -   max_iters: 1000
2025-02-24 15:46:27,562 - INFO - 
Iteration 0:
2025-02-24 15:46:27,562 - DEBUG - Generated Ising Hamiltonian
2025-02-24 15:46:27,820 - DEBUG - Optimizing QAOA circuit...
2025-02-24 15:46:30,726 - DEBUG - Circuit optimization successful
2025-02-24 15:46:30,727 - DEBUG - Circuit optimization successful, final value: -184.38461538461542
2025-02-24 15:46:30,727 - DEBUG - Sampling from optimized circuit...
2025-02-24 15:46:30,749 - DEBUG - Generated 476 unique samples from 1000 total measurements
2025-02-24 15:46:30,749 - DEBUG - 
Top 5 most frequent samples:
2025-02-24 15:46:30,749 - DEBUG -   Rank | Count |   %   
2025-02-24 15:46:30,749 - DEBUG -   -----|-------|-------
2025-02-24 15:46:30,749 - DEBUG -      1 |    22 |   2.2
2025-02-24 15:46:30,750 - DEBUG -     Sample: [1 0 1 1 0 0 0 1 1 0 1 1]
2025-02-24 15:46:30,750 - DEBUG -      2 |    19 |   1.9
2025-02-24 15:46:30,750 - DEBUG -     Sample: [1 0 1 1 1 0 0 1 1 0 0 1]
2025-02-24 15:46:30,750 - DEBUG -      3 |    19 |   1.9
2025-02-24 15:46:30,750 - DEBUG -     Sample: [1 0 1 1 1 0 0 1 1 0 1 1]
2025-02-24 15:46:30,750 - DEBUG -      4 |    17 |   1.7
2025-02-24 15:46:30,750 - DEBUG -     Sample: [1 0 1 1 0 0 1 1 1 0 1 1]
2025-02-24 15:46:30,751 - DEBUG -      5 |    17 |   1.7
2025-02-24 15:46:30,751 - DEBUG -     Sample: [1 0 1 1 0 0 0 1 1 0 0 1]
2025-02-24 15:46:30,752 - DEBUG - Generated 476 unique samples from 1000 total measurements
2025-02-24 15:46:30,762 - INFO -   No feasible solution found in this iteration
2025-02-24 15:46:30,763 - INFO -   Added 1 new constraints: [6]
2025-02-24 15:46:30,763 - INFO - 
Iteration 1:
2025-02-24 15:46:30,763 - DEBUG - Generated Ising Hamiltonian
2025-02-24 15:46:31,001 - DEBUG - Optimizing QAOA circuit...
2025-02-24 15:46:33,231 - DEBUG - Circuit optimization successful
2025-02-24 15:46:33,231 - DEBUG - Circuit optimization successful, final value: -4496.040459540461
2025-02-24 15:46:33,231 - DEBUG - Sampling from optimized circuit...
2025-02-24 15:46:33,260 - DEBUG - Generated 535 unique samples from 1000 total measurements
2025-02-24 15:46:33,261 - DEBUG - 
Top 5 most frequent samples:
2025-02-24 15:46:33,261 - DEBUG -   Rank | Count |   %   
2025-02-24 15:46:33,261 - DEBUG -   -----|-------|-------
2025-02-24 15:46:33,261 - DEBUG -      1 |    10 |   1.0
2025-02-24 15:46:33,262 - DEBUG -     Sample: [1 0 1 1 0 1 1 1 0 1 1 0]
2025-02-24 15:46:33,262 - DEBUG -      2 |     9 |   0.9
2025-02-24 15:46:33,262 - DEBUG -     Sample: [1 0 1 1 0 1 1 1 0 0 0 0]
2025-02-24 15:46:33,262 - DEBUG -      3 |     9 |   0.9
2025-02-24 15:46:33,263 - DEBUG -     Sample: [1 0 1 1 0 1 1 1 0 1 0 1]
2025-02-24 15:46:33,263 - DEBUG -      4 |     8 |   0.8
2025-02-24 15:46:33,263 - DEBUG -     Sample: [0 0 1 1 0 1 1 1 1 1 1 1]
2025-02-24 15:46:33,263 - DEBUG -      5 |     7 |   0.7
2025-02-24 15:46:33,264 - DEBUG -     Sample: [0 0 1 1 0 1 1 1 0 1 1 0]
2025-02-24 15:46:33,265 - DEBUG - Generated 535 unique samples from 1000 total measurements
2025-02-24 15:46:33,276 - INFO -   No feasible solution found in this iteration
2025-02-24 15:46:33,276 - INFO -   Added 1 new constraints: [24]
2025-02-24 15:46:33,277 - INFO - 
Iteration 2:
2025-02-24 15:46:33,277 - DEBUG - Generated Ising Hamiltonian
2025-02-24 15:46:33,505 - DEBUG - Optimizing QAOA circuit...
2025-02-24 15:46:36,009 - DEBUG - Circuit optimization successful
2025-02-24 15:46:36,009 - DEBUG - Circuit optimization successful, final value: -4311.207292707293
2025-02-24 15:46:36,009 - DEBUG - Sampling from optimized circuit...
2025-02-24 15:46:36,041 - DEBUG - Generated 613 unique samples from 1000 total measurements
2025-02-24 15:46:36,041 - DEBUG - 
Top 5 most frequent samples:
2025-02-24 15:46:36,042 - DEBUG -   Rank | Count |   %   
2025-02-24 15:46:36,042 - DEBUG -   -----|-------|-------
2025-02-24 15:46:36,042 - DEBUG -      1 |     8 |   0.8
2025-02-24 15:46:36,043 - DEBUG -     Sample: [0 0 1 1 1 1 1 1 1 0 0 0]
2025-02-24 15:46:36,043 - DEBUG -      2 |     8 |   0.8
2025-02-24 15:46:36,043 - DEBUG -     Sample: [0 0 1 0 0 1 1 1 0 1 0 1]
2025-02-24 15:46:36,043 - DEBUG -      3 |     8 |   0.8
2025-02-24 15:46:36,044 - DEBUG -     Sample: [0 1 1 1 0 1 1 1 1 1 0 1]
2025-02-24 15:46:36,044 - DEBUG -      4 |     7 |   0.7
2025-02-24 15:46:36,044 - DEBUG -     Sample: [0 0 1 0 0 1 1 1 1 0 0 1]
2025-02-24 15:46:36,044 - DEBUG -      5 |     7 |   0.7
2025-02-24 15:46:36,045 - DEBUG -     Sample: [0 0 1 1 0 1 1 1 0 1 0 0]
2025-02-24 15:46:36,047 - DEBUG - Generated 613 unique samples from 1000 total measurements
2025-02-24 15:46:36,059 - INFO -   No feasible solution found in this iteration
2025-02-24 15:46:36,060 - INFO -   Added 1 new constraints: [16]
2025-02-24 15:46:36,060 - INFO - 
Iteration 3:
2025-02-24 15:46:36,061 - DEBUG - Generated Ising Hamiltonian
2025-02-24 15:46:36,368 - DEBUG - Optimizing QAOA circuit...
2025-02-24 15:46:39,103 - DEBUG - Circuit optimization successful
2025-02-24 15:46:39,103 - DEBUG - Circuit optimization successful, final value: -3518.8853646353627
2025-02-24 15:46:39,103 - DEBUG - Sampling from optimized circuit...
2025-02-24 15:46:39,140 - DEBUG - Generated 535 unique samples from 1000 total measurements
2025-02-24 15:46:39,140 - DEBUG - 
Top 5 most frequent samples:
2025-02-24 15:46:39,140 - DEBUG -   Rank | Count |   %   
2025-02-24 15:46:39,140 - DEBUG -   -----|-------|-------
2025-02-24 15:46:39,140 - DEBUG -      1 |    25 |   2.5
2025-02-24 15:46:39,141 - DEBUG -     Sample: [0 0 0 0 1 0 1 1 0 0 1 0]
2025-02-24 15:46:39,141 - DEBUG -      2 |    21 |   2.1
2025-02-24 15:46:39,141 - DEBUG -     Sample: [0 0 0 0 0 0 1 1 0 0 1 0]
2025-02-24 15:46:39,141 - DEBUG -      3 |    16 |   1.6
2025-02-24 15:46:39,141 - DEBUG -     Sample: [0 0 1 0 0 0 1 1 0 0 1 0]
2025-02-24 15:46:39,142 - DEBUG -      4 |    14 |   1.4
2025-02-24 15:46:39,142 - DEBUG -     Sample: [0 0 0 0 1 0 1 1 0 0 0 0]
2025-02-24 15:46:39,142 - DEBUG -      5 |    12 |   1.2
2025-02-24 15:46:39,142 - DEBUG -     Sample: [0 0 0 0 1 0 1 1 1 1 1 0]
2025-02-24 15:46:39,144 - DEBUG - Generated 535 unique samples from 1000 total measurements
2025-02-24 15:46:39,155 - INFO -   No feasible solution found in this iteration
2025-02-24 15:46:39,156 - INFO -   No new constraints added, lowered tau multiplier: 1.0 -> 0.9
2025-02-24 15:46:39,156 - INFO -   Added 2 new constraints: [10, 34]
2025-02-24 15:46:39,156 - INFO - 
Iteration 4:
2025-02-24 15:46:39,156 - DEBUG - Generated Ising Hamiltonian
2025-02-24 15:46:39,396 - DEBUG - Optimizing QAOA circuit...
2025-02-24 15:46:42,299 - DEBUG - Circuit optimization successful
2025-02-24 15:46:42,299 - DEBUG - Circuit optimization successful, final value: -10018.217032967032
2025-02-24 15:46:42,299 - DEBUG - Sampling from optimized circuit...
2025-02-24 15:46:42,333 - DEBUG - Generated 490 unique samples from 1000 total measurements
2025-02-24 15:46:42,333 - DEBUG - 
Top 5 most frequent samples:
2025-02-24 15:46:42,333 - DEBUG -   Rank | Count |   %   
2025-02-24 15:46:42,333 - DEBUG -   -----|-------|-------
2025-02-24 15:46:42,333 - DEBUG -      1 |    38 |   3.8
2025-02-24 15:46:42,334 - DEBUG -     Sample: [1 0 1 0 1 0 1 1 1 0 0 0]
2025-02-24 15:46:42,334 - DEBUG -      2 |    15 |   1.5
2025-02-24 15:46:42,334 - DEBUG -     Sample: [1 0 1 0 1 0 1 1 0 1 0 0]
2025-02-24 15:46:42,334 - DEBUG -      3 |    13 |   1.3
2025-02-24 15:46:42,334 - DEBUG -     Sample: [1 0 0 0 1 0 1 1 1 0 0 0]
2025-02-24 15:46:42,335 - DEBUG -      4 |    12 |   1.2
2025-02-24 15:46:42,335 - DEBUG -     Sample: [1 0 0 0 1 1 1 1 0 0 0 0]
2025-02-24 15:46:42,335 - DEBUG -      5 |    11 |   1.1
2025-02-24 15:46:42,335 - DEBUG -     Sample: [1 0 1 0 1 1 1 1 0 0 0 0]
2025-02-24 15:46:42,337 - DEBUG - Generated 490 unique samples from 1000 total measurements
2025-02-24 15:46:42,346 - INFO -   No feasible solution found in this iteration
2025-02-24 15:46:42,347 - INFO -   No new constraints added, lowered tau multiplier: 1.0 -> 0.9
2025-02-24 15:46:42,347 - INFO -   No new constraints added, lowered tau multiplier: 0.9 -> 0.8
2025-02-24 15:46:42,347 - INFO -   Added 1 new constraints: [0]
2025-02-24 15:46:42,348 - INFO - 
Iteration 5:
2025-02-24 15:46:42,348 - DEBUG - Generated Ising Hamiltonian
2025-02-24 15:46:42,557 - DEBUG - Optimizing QAOA circuit...
2025-02-24 15:46:45,156 - DEBUG - Circuit optimization successful
2025-02-24 15:46:45,156 - DEBUG - Circuit optimization successful, final value: -9074.105394605396
2025-02-24 15:46:45,157 - DEBUG - Sampling from optimized circuit...
2025-02-24 15:46:45,189 - DEBUG - Generated 659 unique samples from 1000 total measurements
2025-02-24 15:46:45,189 - DEBUG - 
Top 5 most frequent samples:
2025-02-24 15:46:45,190 - DEBUG -   Rank | Count |   %   
2025-02-24 15:46:45,190 - DEBUG -   -----|-------|-------
2025-02-24 15:46:45,190 - DEBUG -      1 |     8 |   0.8
2025-02-24 15:46:45,190 - DEBUG -     Sample: [0 0 1 0 0 1 1 1 1 0 0 0]
2025-02-24 15:46:45,190 - DEBUG -      2 |     7 |   0.7
2025-02-24 15:46:45,190 - DEBUG -     Sample: [0 1 1 0 0 0 1 1 1 0 0 0]
2025-02-24 15:46:45,191 - DEBUG -      3 |     7 |   0.7
2025-02-24 15:46:45,191 - DEBUG -     Sample: [0 0 0 1 1 1 1 1 0 0 1 0]
2025-02-24 15:46:45,191 - DEBUG -      4 |     6 |   0.6
2025-02-24 15:46:45,191 - DEBUG -     Sample: [0 0 0 0 0 0 1 1 1 0 0 0]
2025-02-24 15:46:45,191 - DEBUG -      5 |     5 |   0.5
2025-02-24 15:46:45,192 - DEBUG -     Sample: [0 0 1 0 0 0 1 1 0 1 0 0]
2025-02-24 15:46:45,193 - DEBUG - Generated 659 unique samples from 1000 total measurements
2025-02-24 15:46:45,202 - INFO - Found feasible solution: [0 1 1 0 1 0 0 1 0 1 0 0] with objective value 210.0
2025-02-24 15:46:45,206 - INFO -   Found feasible solution:
2025-02-24 15:46:45,206 - INFO -     Solution: [0, 1, 1, 0, 1, 0, 0, 1, 0, 1, 0, 0]
2025-02-24 15:46:45,206 - INFO -     Value: 210.0
2025-02-24 15:46:45,206 - INFO -     Gap to reference: 0.00%
2025-02-24 15:46:45,207 - INFO -   Constraint generation solution found:
2025-02-24 15:46:45,207 - INFO -     Solution: [0, 1, 1, 0, 1, 0, 0, 1, 0, 1, 0, 0]
2025-02-24 15:46:45,207 - INFO -     Value: 210.0
2025-02-24 15:46:45,208 - INFO - 
Instance 80 results:
2025-02-24 15:46:45,208 - INFO -   Classical value: 209.99999999999997
2025-02-24 15:46:45,208 - INFO -   QAOA value: 0.0
2025-02-24 15:46:45,208 - INFO -   Constraint generation value: 210.0
2025-02-24 15:46:45,209 - INFO - 
Running instance 81/100
2025-02-24 15:46:45,211 - INFO - 
Running Classical Reference Solver (SCIP):
2025-02-24 15:46:45,211 - DEBUG - Problem dimensions: 40 constraints, 12 variables
2025-02-24 15:46:45,212 - DEBUG - Row names: ['ELEM1', 'ELEM2', 'ELEM3', 'ELEM4', 'ELEM5', 'ELEM6', 'ELEM7', 'ELEM8', 'ELEM9', 'ELEM10', 'ELEM11', 'ELEM12', 'ELEM13', 'ELEM14', 'ELEM15', 'ELEM16', 'ELEM17', 'ELEM18', 'ELEM19', 'ELEM20', 'ELEM21', 'ELEM22', 'ELEM23', 'ELEM24', 'ELEM25', 'ELEM26', 'ELEM27', 'ELEM28', 'ELEM29', 'ELEM30', 'ELEM31', 'ELEM32', 'ELEM33', 'ELEM34', 'ELEM35', 'ELEM36', 'ELEM37', 'ELEM38', 'ELEM39', 'ELEM40']
2025-02-24 15:46:45,212 - DEBUG - RHS values: {'ELEM1': 1.0, 'ELEM2': 1.0, 'ELEM3': 1.0, 'ELEM4': 1.0, 'ELEM5': 1.0, 'ELEM6': 1.0, 'ELEM7': 1.0, 'ELEM8': 1.0, 'ELEM9': 1.0, 'ELEM10': 1.0, 'ELEM11': 1.0, 'ELEM12': 1.0, 'ELEM13': 1.0, 'ELEM14': 1.0, 'ELEM15': 1.0, 'ELEM16': 1.0, 'ELEM17': 1.0, 'ELEM18': 1.0, 'ELEM19': 1.0, 'ELEM20': 1.0, 'ELEM21': 1.0, 'ELEM22': 1.0, 'ELEM23': 1.0, 'ELEM24': 1.0, 'ELEM25': 1.0, 'ELEM26': 1.0, 'ELEM27': 1.0, 'ELEM28': 1.0, 'ELEM29': 1.0, 'ELEM30': 1.0, 'ELEM31': 1.0, 'ELEM32': 1.0, 'ELEM33': 1.0, 'ELEM34': 1.0, 'ELEM35': 1.0, 'ELEM36': 1.0, 'ELEM37': 1.0, 'ELEM38': 1.0, 'ELEM39': 1.0, 'ELEM40': 1.0}
2025-02-24 15:46:45,223 - INFO -   Reference solution found:
2025-02-24 15:46:45,224 - INFO -     Solution: [0, 0, 0, 0, 1, 0, 0, 1, 0, 1, 1, 0]
2025-02-24 15:46:45,224 - INFO -     Value: 104.0
2025-02-24 15:46:45,224 - INFO - 
Running QAOA Reference Solution (with all constraints):
