
Problem information:
  Number of variables (n): 12
  Number of constraints (m): 40

Starting reference QAOA with parameters:
  sample_size (total shots): 1000
Added all constraints
No feasible solution found
  QAOA solver found no feasible solution

Running Constraint Generation:

Problem information:
  Number of variables (n): 12
  Number of constraints (m): 40

Running classical reference solver:
  Reference solution found:
    Solution: [0, 0, 1, 0, 1, 1, 0, 0, 0, 0, 0, 1]
    Value: 146.00000000000003

Starting quantum constraint generation with parameters:
  sample_size (total shots): 1000
  tau: 0.1
  max_iters: 1000

Iteration 0:
Circuit optimization did not converge
Circuit optimization did not converge
  No feasible solution found in this iteration
  Added 16 new constraints: [5, 7, 9, 10, 11, 14, 18, 20, 21, 23, 25, 26, 29, 30, 31, 37]

Iteration 1:
Circuit optimization did not converge
Circuit optimization did not converge
  No feasible solution found in this iteration
  No new constraints added, lowered tau multiplier: 1.0 -> 0.9
  No new constraints added, lowered tau multiplier: 0.9 -> 0.8
  No new constraints added, lowered tau multiplier: 0.8 -> 0.7
  No new constraints added, lowered tau multiplier: 0.7 -> 0.6
  No new constraints added, lowered tau multiplier: 0.6 -> 0.5
  No new constraints added, lowered tau multiplier: 0.5 -> 0.4
  Added 24 new constraints: [0, 1, 2, 3, 4, 6, 8, 12, 13, 15, 16, 17, 19, 22, 24, 27, 28, 32, 33, 34, 35, 36, 38, 39]

Iteration 2:
Circuit optimization did not converge
Circuit optimization did not converge
  No feasible solution found in this iteration
  All constraints added, exiting
  Constraint generation found no feasible solution

Instance 37 results:
  Classical value: 146.00000000000003
  QAOA value: 0.0
  Constraint generation value: 0.0

Running instance 38/100

Running Classical Reference Solver (SCIP):
  Reference solution found:
    Solution: [0, 0, 1, 0, 0, 0, 0, 0, 0, 1, 0, 1]
    Value: 127.0

Running QAOA Reference Solution (with all constraints):
