2025-02-23 18:48:19,359 - INFO - 
Problem information:
2025-02-23 18:48:19,359 - INFO -   Number of variables (n): 10
2025-02-23 18:48:19,359 - INFO -   Number of constraints (m): 20
2025-02-23 18:48:19,359 - DEBUG -   Density of A: 50.00%
2025-02-23 18:48:19,359 - INFO - 
Starting reference QAOA with parameters:
2025-02-23 18:48:19,360 - INFO -   sample_size (total shots): 100
2025-02-23 18:48:19,360 - INFO - Added all constraints
2025-02-23 18:48:19,360 - DEBUG - Generated Ising Hamiltonian
2025-02-23 18:48:19,567 - DEBUG - Optimizing QAOA circuit...
2025-02-23 18:48:21,468 - DEBUG - Circuit optimization successful
2025-02-23 18:48:21,468 - DEBUG - Circuit optimization successful, final value: -4081.235764235764
2025-02-23 18:48:21,469 - DEBUG - Sampling from optimized circuit...
2025-02-23 18:48:21,482 - DEBUG - Generated 94 unique samples from 100 total measurements
2025-02-23 18:48:21,482 - DEBUG - 
Top 5 most frequent samples:
2025-02-23 18:48:21,482 - DEBUG -   Rank | Count |   %   
2025-02-23 18:48:21,482 - DEBUG -   -----|-------|-------
2025-02-23 18:48:21,482 - DEBUG -      1 |     2 |   2.0
2025-02-23 18:48:21,483 - DEBUG -     Sample: [1 1 0 1 0 0 0 0 1 0]
2025-02-23 18:48:21,483 - DEBUG -      2 |     2 |   2.0
2025-02-23 18:48:21,483 - DEBUG -     Sample: [0 1 1 0 0 0 1 0 0 0]
2025-02-23 18:48:21,483 - DEBUG -      3 |     2 |   2.0
2025-02-23 18:48:21,483 - DEBUG -     Sample: [1 0 1 0 0 1 0 0 1 1]
2025-02-23 18:48:21,483 - DEBUG -      4 |     2 |   2.0
2025-02-23 18:48:21,483 - DEBUG -     Sample: [0 0 0 0 1 0 1 1 0 1]
2025-02-23 18:48:21,484 - DEBUG -      5 |     2 |   2.0
2025-02-23 18:48:21,484 - DEBUG -     Sample: [0 0 1 0 0 0 0 1 1 1]
2025-02-23 18:48:21,484 - DEBUG - Generated 94 unique samples from 100 total measurements
2025-02-23 18:48:21,486 - INFO - No feasible solution found
2025-02-23 18:48:21,486 - INFO -   QAOA solver found no feasible solution
2025-02-23 18:48:21,486 - INFO - 
Running Constraint Generation:
2025-02-23 18:48:21,487 - INFO - 
Problem information:
2025-02-23 18:48:21,487 - INFO -   Number of variables (n): 10
2025-02-23 18:48:21,488 - INFO -   Number of constraints (m): 20
2025-02-23 18:48:21,488 - DEBUG -   Density of A: 50.00%
2025-02-23 18:48:21,488 - INFO - 
Running classical reference solver:
2025-02-23 18:48:21,498 - INFO -   Reference solution found:
2025-02-23 18:48:21,498 - INFO -     Solution: [1, 0, 0, 0, 0, 1, 0, 0, 0, 0]
2025-02-23 18:48:21,498 - INFO -     Value: 6.0
2025-02-23 18:48:21,498 - INFO - 
Starting quantum constraint generation with parameters:
2025-02-23 18:48:21,498 - INFO -   sample_size (total shots): 100
2025-02-23 18:48:21,499 - INFO -   tau: 0.1
2025-02-23 18:48:21,499 - INFO -   max_iters: 1000
2025-02-23 18:48:21,499 - INFO - 
Iteration 0:
2025-02-23 18:48:21,499 - DEBUG - Generated Ising Hamiltonian
2025-02-23 18:48:21,682 - DEBUG - Optimizing QAOA circuit...
2025-02-23 18:48:22,682 - DEBUG - Circuit optimization successful
2025-02-23 18:48:22,682 - DEBUG - Circuit optimization successful, final value: -158.66633366633368
2025-02-23 18:48:22,682 - DEBUG - Sampling from optimized circuit...
2025-02-23 18:48:22,693 - DEBUG - Generated 37 unique samples from 100 total measurements
2025-02-23 18:48:22,693 - DEBUG - 
Top 5 most frequent samples:
2025-02-23 18:48:22,693 - DEBUG -   Rank | Count |   %   
2025-02-23 18:48:22,693 - DEBUG -   -----|-------|-------
2025-02-23 18:48:22,693 - DEBUG -      1 |    16 |  16.0
2025-02-23 18:48:22,694 - DEBUG -     Sample: [0 1 1 0 1 0 1 1 0 1]
2025-02-23 18:48:22,694 - DEBUG -      2 |    13 |  13.0
2025-02-23 18:48:22,695 - DEBUG -     Sample: [0 1 1 0 0 0 1 1 0 1]
2025-02-23 18:48:22,695 - DEBUG -      3 |    10 |  10.0
2025-02-23 18:48:22,695 - DEBUG -     Sample: [0 1 1 1 1 0 1 1 0 1]
2025-02-23 18:48:22,695 - DEBUG -      4 |     6 |   6.0
2025-02-23 18:48:22,695 - DEBUG -     Sample: [0 1 1 1 0 0 1 1 0 1]
2025-02-23 18:48:22,695 - DEBUG -      5 |     6 |   6.0
2025-02-23 18:48:22,696 - DEBUG -     Sample: [0 0 1 0 1 0 1 1 0 1]
2025-02-23 18:48:22,696 - DEBUG - Generated 37 unique samples from 100 total measurements
2025-02-23 18:48:22,697 - INFO -   No feasible solution found in this iteration
2025-02-23 18:48:22,697 - INFO -   Added 8 new constraints: [2, 4, 7, 8, 9, 11, 15, 19]
2025-02-23 18:48:22,697 - INFO - 
Iteration 1:
2025-02-23 18:48:22,698 - DEBUG - Generated Ising Hamiltonian
2025-02-23 18:48:22,903 - DEBUG - Optimizing QAOA circuit...
2025-02-23 18:48:24,443 - DEBUG - Circuit optimization successful
2025-02-23 18:48:24,443 - DEBUG - Circuit optimization successful, final value: 1869.6763236763231
2025-02-23 18:48:24,443 - DEBUG - Sampling from optimized circuit...
2025-02-23 18:48:24,456 - DEBUG - Generated 93 unique samples from 100 total measurements
2025-02-23 18:48:24,456 - DEBUG - 
Top 5 most frequent samples:
2025-02-23 18:48:24,456 - DEBUG -   Rank | Count |   %   
2025-02-23 18:48:24,456 - DEBUG -   -----|-------|-------
2025-02-23 18:48:24,456 - DEBUG -      1 |     3 |   3.0
2025-02-23 18:48:24,456 - DEBUG -     Sample: [0 1 1 0 0 1 0 1 1 0]
2025-02-23 18:48:24,457 - DEBUG -      2 |     2 |   2.0
2025-02-23 18:48:24,457 - DEBUG -     Sample: [1 0 0 0 1 0 0 1 0 1]
2025-02-23 18:48:24,457 - DEBUG -      3 |     2 |   2.0
2025-02-23 18:48:24,457 - DEBUG -     Sample: [1 1 0 0 0 1 1 1 0 1]
2025-02-23 18:48:24,457 - DEBUG -      4 |     2 |   2.0
2025-02-23 18:48:24,457 - DEBUG -     Sample: [1 1 0 0 0 0 1 1 0 0]
2025-02-23 18:48:24,458 - DEBUG -      5 |     2 |   2.0
2025-02-23 18:48:24,458 - DEBUG -     Sample: [1 1 0 0 1 0 0 1 0 0]
2025-02-23 18:48:24,458 - DEBUG - Generated 93 unique samples from 100 total measurements
2025-02-23 18:48:24,460 - INFO -   No feasible solution found in this iteration
2025-02-23 18:48:24,460 - INFO -   Added 2 new constraints: [10, 17]
2025-02-23 18:48:24,460 - INFO - 
Iteration 2:
2025-02-23 18:48:24,460 - DEBUG - Generated Ising Hamiltonian
2025-02-23 18:48:24,667 - DEBUG - Optimizing QAOA circuit...
2025-02-23 18:48:26,085 - DEBUG - Circuit optimization successful
2025-02-23 18:48:26,085 - DEBUG - Circuit optimization successful, final value: 1279.7882117882118
2025-02-23 18:48:26,085 - DEBUG - Sampling from optimized circuit...
2025-02-23 18:48:26,100 - DEBUG - Generated 87 unique samples from 100 total measurements
2025-02-23 18:48:26,100 - DEBUG - 
Top 5 most frequent samples:
2025-02-23 18:48:26,100 - DEBUG -   Rank | Count |   %   
2025-02-23 18:48:26,101 - DEBUG -   -----|-------|-------
2025-02-23 18:48:26,101 - DEBUG -      1 |     3 |   3.0
2025-02-23 18:48:26,101 - DEBUG -     Sample: [1 0 1 0 0 1 0 0 0 1]
2025-02-23 18:48:26,101 - DEBUG -      2 |     3 |   3.0
2025-02-23 18:48:26,102 - DEBUG -     Sample: [1 1 0 1 1 0 0 1 0 0]
2025-02-23 18:48:26,102 - DEBUG -      3 |     2 |   2.0
2025-02-23 18:48:26,102 - DEBUG -     Sample: [0 1 0 1 0 1 1 1 0 1]
2025-02-23 18:48:26,102 - DEBUG -      4 |     2 |   2.0
2025-02-23 18:48:26,103 - DEBUG -     Sample: [1 0 0 0 0 1 0 0 0 0]
2025-02-23 18:48:26,103 - DEBUG -      5 |     2 |   2.0
2025-02-23 18:48:26,103 - DEBUG -     Sample: [1 0 0 0 1 0 0 0 0 1]
2025-02-23 18:48:26,104 - DEBUG - Generated 87 unique samples from 100 total measurements
2025-02-23 18:48:26,104 - INFO - Found feasible solution: [1 0 0 0 0 1 0 0 0 0] with objective value 6.0
2025-02-23 18:48:26,106 - INFO -   Found feasible solution:
2025-02-23 18:48:26,107 - INFO -     Solution: [1, 0, 0, 0, 0, 1, 0, 0, 0, 0]
2025-02-23 18:48:26,107 - INFO -     Value: 6.0
2025-02-23 18:48:26,107 - INFO -     Gap to reference: 0.00%
2025-02-23 18:48:26,108 - INFO -   Constraint generation solution found:
2025-02-23 18:48:26,108 - INFO -     Solution: [1, 0, 0, 0, 0, 1, 0, 0, 0, 0]
2025-02-23 18:48:26,108 - INFO -     Value: 6.0
2025-02-23 18:48:26,108 - INFO - 
Instance 32 results:
2025-02-23 18:48:26,108 - INFO -   Classical value: 6.0
2025-02-23 18:48:26,109 - INFO -   QAOA value: 0.0
2025-02-23 18:48:26,109 - INFO -   Constraint generation value: 6.0
2025-02-23 18:48:26,109 - INFO - 
Running instance 33/100
2025-02-23 18:48:26,111 - INFO - 
Running Classical Reference Solver (SCIP):
2025-02-23 18:48:26,112 - DEBUG - Problem dimensions: 20 constraints, 10 variables
2025-02-23 18:48:26,112 - DEBUG - Row names: ['ELEM1', 'ELEM2', 'ELEM3', 'ELEM4', 'ELEM5', 'ELEM6', 'ELEM7', 'ELEM8', 'ELEM9', 'ELEM10', 'ELEM11', 'ELEM12', 'ELEM13', 'ELEM14', 'ELEM15', 'ELEM16', 'ELEM17', 'ELEM18', 'ELEM19', 'ELEM20']
2025-02-23 18:48:26,112 - DEBUG - RHS values: {'ELEM1': 1.0, 'ELEM2': 1.0, 'ELEM3': 1.0, 'ELEM4': 1.0, 'ELEM5': 1.0, 'ELEM6': 1.0, 'ELEM7': 1.0, 'ELEM8': 1.0, 'ELEM9': 1.0, 'ELEM10': 1.0, 'ELEM11': 1.0, 'ELEM12': 1.0, 'ELEM13': 1.0, 'ELEM14': 1.0, 'ELEM15': 1.0, 'ELEM16': 1.0, 'ELEM17': 1.0, 'ELEM18': 1.0, 'ELEM19': 1.0, 'ELEM20': 1.0}
2025-02-23 18:48:26,125 - INFO -   Reference solution found:
2025-02-23 18:48:26,125 - INFO -     Solution: [1, 0, 0, 0, 0, 0, 0, 0, 1, 0]
2025-02-23 18:48:26,126 - INFO -     Value: 73.0
2025-02-23 18:48:26,126 - INFO - 
Running QAOA Reference Solution (with all constraints):
