2025-02-23 18:14:56,924 - INFO - 
Problem information:
2025-02-23 18:14:56,925 - INFO -   Number of variables (n): 12
2025-02-23 18:14:56,925 - INFO -   Number of constraints (m): 40
2025-02-23 18:14:56,926 - DEBUG -   Density of A: 17.50%
2025-02-23 18:14:56,926 - INFO - 
Starting reference QAOA with parameters:
2025-02-23 18:14:56,927 - INFO -   sample_size (total shots): 200
2025-02-23 18:14:56,927 - INFO - Added all constraints
2025-02-23 18:14:56,927 - DEBUG - Generated Ising Hamiltonian
2025-02-23 18:14:57,172 - DEBUG - Optimizing QAOA circuit...
2025-02-23 18:14:59,139 - DEBUG - Circuit optimization successful
2025-02-23 18:14:59,140 - DEBUG - Circuit optimization successful, final value: 926.4160839160836
2025-02-23 18:14:59,140 - DEBUG - Sampling from optimized circuit...
2025-02-23 18:14:59,162 - DEBUG - Generated 192 unique samples from 200 total measurements
2025-02-23 18:14:59,162 - DEBUG - 
Top 5 most frequent samples:
2025-02-23 18:14:59,163 - DEBUG -   Rank | Count |   %   
2025-02-23 18:14:59,163 - DEBUG -   -----|-------|-------
2025-02-23 18:14:59,163 - DEBUG -      1 |     2 |   1.0
2025-02-23 18:14:59,163 - DEBUG -     Sample: [0 0 1 1 1 0 0 1 1 0 0 1]
2025-02-23 18:14:59,163 - DEBUG -      2 |     2 |   1.0
2025-02-23 18:14:59,164 - DEBUG -     Sample: [0 1 0 0 1 0 1 1 1 0 0 1]
2025-02-23 18:14:59,164 - DEBUG -      3 |     2 |   1.0
2025-02-23 18:14:59,164 - DEBUG -     Sample: [1 1 1 0 1 1 0 1 1 0 0 0]
2025-02-23 18:14:59,164 - DEBUG -      4 |     2 |   1.0
2025-02-23 18:14:59,164 - DEBUG -     Sample: [1 1 0 1 1 0 1 0 1 1 0 0]
2025-02-23 18:14:59,165 - DEBUG -      5 |     2 |   1.0
2025-02-23 18:14:59,165 - DEBUG -     Sample: [0 0 1 0 1 0 0 1 1 0 0 1]
2025-02-23 18:14:59,166 - DEBUG - Generated 192 unique samples from 200 total measurements
2025-02-23 18:14:59,169 - INFO - No feasible solution found
2025-02-23 18:14:59,170 - INFO -   QAOA solver found no feasible solution
2025-02-23 18:14:59,170 - INFO - 
Running Constraint Generation:
2025-02-23 18:14:59,172 - INFO - 
Problem information:
2025-02-23 18:14:59,172 - INFO -   Number of variables (n): 12
2025-02-23 18:14:59,172 - INFO -   Number of constraints (m): 40
2025-02-23 18:14:59,173 - DEBUG -   Density of A: 17.50%
2025-02-23 18:14:59,173 - INFO - 
Running classical reference solver:
2025-02-23 18:14:59,185 - INFO -   Reference solution found:
2025-02-23 18:14:59,186 - INFO -     Solution: [1, 0, 0, 0, 1, 1, 1, 0, 0, 1, 0, 0]
2025-02-23 18:14:59,186 - INFO -     Value: 208.0
2025-02-23 18:14:59,186 - INFO - 
Starting quantum constraint generation with parameters:
2025-02-23 18:14:59,187 - INFO -   sample_size (total shots): 200
2025-02-23 18:14:59,187 - INFO -   tau: 0.1
2025-02-23 18:14:59,187 - INFO -   max_iters: 1000
2025-02-23 18:14:59,187 - INFO - 
Iteration 0:
2025-02-23 18:14:59,188 - DEBUG - Generated Ising Hamiltonian
2025-02-23 18:14:59,427 - DEBUG - Optimizing QAOA circuit...
2025-02-23 18:15:01,030 - DEBUG - Circuit optimization successful
2025-02-23 18:15:01,030 - DEBUG - Circuit optimization successful, final value: -109.12387612387614
2025-02-23 18:15:01,030 - DEBUG - Sampling from optimized circuit...
2025-02-23 18:15:01,045 - DEBUG - Generated 181 unique samples from 200 total measurements
2025-02-23 18:15:01,045 - DEBUG - 
Top 5 most frequent samples:
2025-02-23 18:15:01,046 - DEBUG -   Rank | Count |   %   
2025-02-23 18:15:01,046 - DEBUG -   -----|-------|-------
2025-02-23 18:15:01,046 - DEBUG -      1 |     3 |   1.5
2025-02-23 18:15:01,046 - DEBUG -     Sample: [0 0 1 1 1 1 0 0 1 1 0 1]
2025-02-23 18:15:01,046 - DEBUG -      2 |     3 |   1.5
2025-02-23 18:15:01,046 - DEBUG -     Sample: [0 1 1 1 0 1 1 1 1 1 0 1]
2025-02-23 18:15:01,047 - DEBUG -      3 |     2 |   1.0
2025-02-23 18:15:01,047 - DEBUG -     Sample: [0 1 1 1 0 0 1 0 1 1 0 1]
2025-02-23 18:15:01,047 - DEBUG -      4 |     2 |   1.0
2025-02-23 18:15:01,047 - DEBUG -     Sample: [0 1 1 1 1 0 1 1 1 1 1 1]
2025-02-23 18:15:01,047 - DEBUG -      5 |     2 |   1.0
2025-02-23 18:15:01,048 - DEBUG -     Sample: [1 1 1 0 1 1 1 0 0 1 0 1]
2025-02-23 18:15:01,048 - DEBUG - Generated 181 unique samples from 200 total measurements
2025-02-23 18:15:01,052 - INFO -   No feasible solution found in this iteration
2025-02-23 18:15:01,053 - INFO -   Added 2 new constraints: [20, 21]
2025-02-23 18:15:01,053 - INFO - 
Iteration 1:
2025-02-23 18:15:01,053 - DEBUG - Generated Ising Hamiltonian
2025-02-23 18:15:01,301 - DEBUG - Optimizing QAOA circuit...
2025-02-23 18:15:02,660 - DEBUG - Circuit optimization successful
2025-02-23 18:15:02,661 - DEBUG - Circuit optimization successful, final value: -8058.391108891109
2025-02-23 18:15:02,661 - DEBUG - Sampling from optimized circuit...
2025-02-23 18:15:02,675 - DEBUG - Generated 115 unique samples from 200 total measurements
2025-02-23 18:15:02,676 - DEBUG - 
Top 5 most frequent samples:
2025-02-23 18:15:02,676 - DEBUG -   Rank | Count |   %   
2025-02-23 18:15:02,676 - DEBUG -   -----|-------|-------
2025-02-23 18:15:02,676 - DEBUG -      1 |     9 |   4.5
2025-02-23 18:15:02,676 - DEBUG -     Sample: [0 0 0 1 0 0 1 1 1 0 1 0]
2025-02-23 18:15:02,676 - DEBUG -      2 |     6 |   3.0
2025-02-23 18:15:02,676 - DEBUG -     Sample: [0 0 0 1 1 1 1 1 1 0 1 0]
2025-02-23 18:15:02,676 - DEBUG -      3 |     6 |   3.0
2025-02-23 18:15:02,677 - DEBUG -     Sample: [0 0 0 1 0 1 1 1 1 1 1 0]
2025-02-23 18:15:02,677 - DEBUG -      4 |     5 |   2.5
2025-02-23 18:15:02,677 - DEBUG -     Sample: [0 0 1 1 1 1 1 1 1 1 1 0]
2025-02-23 18:15:02,677 - DEBUG -      5 |     5 |   2.5
2025-02-23 18:15:02,677 - DEBUG -     Sample: [0 0 1 1 0 1 1 1 1 1 1 0]
2025-02-23 18:15:02,678 - DEBUG - Generated 115 unique samples from 200 total measurements
2025-02-23 18:15:02,680 - INFO -   No feasible solution found in this iteration
2025-02-23 18:15:02,681 - INFO -   Added 1 new constraints: [9]
2025-02-23 18:15:02,681 - INFO - 
Iteration 2:
2025-02-23 18:15:02,682 - DEBUG - Generated Ising Hamiltonian
2025-02-23 18:15:02,908 - DEBUG - Optimizing QAOA circuit...
2025-02-23 18:15:03,958 - DEBUG - Circuit optimization successful
2025-02-23 18:15:03,959 - DEBUG - Circuit optimization successful, final value: 227.28046953046976
2025-02-23 18:15:03,959 - DEBUG - Sampling from optimized circuit...
2025-02-23 18:15:03,972 - DEBUG - Generated 119 unique samples from 200 total measurements
2025-02-23 18:15:03,973 - DEBUG - 
Top 5 most frequent samples:
2025-02-23 18:15:03,973 - DEBUG -   Rank | Count |   %   
2025-02-23 18:15:03,973 - DEBUG -   -----|-------|-------
2025-02-23 18:15:03,973 - DEBUG -      1 |    10 |   5.0
2025-02-23 18:15:03,974 - DEBUG -     Sample: [0 0 1 1 1 1 1 0 1 0 1 1]
2025-02-23 18:15:03,974 - DEBUG -      2 |     7 |   3.5
2025-02-23 18:15:03,974 - DEBUG -     Sample: [0 0 1 1 0 1 1 0 1 0 1 1]
2025-02-23 18:15:03,975 - DEBUG -      3 |     6 |   3.0
2025-02-23 18:15:03,975 - DEBUG -     Sample: [0 0 1 1 0 1 1 1 1 0 1 1]
2025-02-23 18:15:03,975 - DEBUG -      4 |     5 |   2.5
2025-02-23 18:15:03,975 - DEBUG -     Sample: [1 0 1 1 1 1 1 1 1 0 1 0]
2025-02-23 18:15:03,975 - DEBUG -      5 |     5 |   2.5
2025-02-23 18:15:03,975 - DEBUG -     Sample: [1 0 1 1 0 1 1 1 1 0 1 1]
2025-02-23 18:15:03,976 - DEBUG - Generated 119 unique samples from 200 total measurements
2025-02-23 18:15:03,978 - INFO -   No feasible solution found in this iteration
2025-02-23 18:15:03,979 - INFO -   Added 1 new constraints: [5]
2025-02-23 18:15:03,979 - INFO - 
Iteration 3:
2025-02-23 18:15:03,979 - DEBUG - Generated Ising Hamiltonian
2025-02-23 18:15:04,202 - DEBUG - Optimizing QAOA circuit...
2025-02-23 18:15:05,467 - DEBUG - Circuit optimization successful
2025-02-23 18:15:05,468 - DEBUG - Circuit optimization successful, final value: -7852.766233766231
2025-02-23 18:15:05,468 - DEBUG - Sampling from optimized circuit...
2025-02-23 18:15:05,483 - DEBUG - Generated 111 unique samples from 200 total measurements
2025-02-23 18:15:05,483 - DEBUG - 
Top 5 most frequent samples:
2025-02-23 18:15:05,483 - DEBUG -   Rank | Count |   %   
2025-02-23 18:15:05,484 - DEBUG -   -----|-------|-------
2025-02-23 18:15:05,484 - DEBUG -      1 |    14 |   7.0
2025-02-23 18:15:05,484 - DEBUG -     Sample: [0 1 0 1 0 1 0 0 0 1 0 1]
2025-02-23 18:15:05,484 - DEBUG -      2 |    10 |   5.0
2025-02-23 18:15:05,484 - DEBUG -     Sample: [0 1 0 1 1 1 0 0 0 1 0 1]
2025-02-23 18:15:05,485 - DEBUG -      3 |     8 |   4.0
2025-02-23 18:15:05,485 - DEBUG -     Sample: [0 1 0 1 0 1 0 1 0 1 0 1]
2025-02-23 18:15:05,485 - DEBUG -      4 |     7 |   3.5
2025-02-23 18:15:05,485 - DEBUG -     Sample: [0 1 0 1 0 1 0 0 1 1 0 1]
2025-02-23 18:15:05,485 - DEBUG -      5 |     5 |   2.5
2025-02-23 18:15:05,486 - DEBUG -     Sample: [0 1 0 0 0 1 0 0 0 1 0 1]
2025-02-23 18:15:05,486 - DEBUG - Generated 111 unique samples from 200 total measurements
2025-02-23 18:15:05,489 - INFO -   No feasible solution found in this iteration
2025-02-23 18:15:05,490 - INFO -   Added 9 new constraints: [2, 7, 23, 24, 25, 26, 29, 32, 36]
2025-02-23 18:15:05,490 - INFO - 
Iteration 4:
2025-02-23 18:15:05,491 - DEBUG - Generated Ising Hamiltonian
2025-02-23 18:15:05,708 - DEBUG - Optimizing QAOA circuit...
2025-02-23 18:15:06,939 - DEBUG - Circuit optimization successful
2025-02-23 18:15:06,939 - DEBUG - Circuit optimization successful, final value: 7106.071178821178
2025-02-23 18:15:06,939 - DEBUG - Sampling from optimized circuit...
2025-02-23 18:15:06,957 - DEBUG - Generated 146 unique samples from 200 total measurements
2025-02-23 18:15:06,959 - DEBUG - 
Top 5 most frequent samples:
2025-02-23 18:15:06,959 - DEBUG -   Rank | Count |   %   
2025-02-23 18:15:06,959 - DEBUG -   -----|-------|-------
2025-02-23 18:15:06,960 - DEBUG -      1 |     5 |   2.5
2025-02-23 18:15:06,960 - DEBUG -     Sample: [0 1 0 1 1 0 0 1 1 1 1 1]
2025-02-23 18:15:06,960 - DEBUG -      2 |     4 |   2.0
2025-02-23 18:15:06,961 - DEBUG -     Sample: [1 1 1 1 1 0 0 0 0 1 0 0]
2025-02-23 18:15:06,961 - DEBUG -      3 |     4 |   2.0
2025-02-23 18:15:06,962 - DEBUG -     Sample: [0 1 0 1 1 0 0 0 0 1 1 1]
2025-02-23 18:15:06,963 - DEBUG -      4 |     3 |   1.5
2025-02-23 18:15:06,964 - DEBUG -     Sample: [1 1 1 1 1 0 0 0 1 1 1 0]
2025-02-23 18:15:06,964 - DEBUG -      5 |     3 |   1.5
2025-02-23 18:15:06,964 - DEBUG -     Sample: [0 1 0 1 1 0 0 0 0 1 0 1]
2025-02-23 18:15:06,965 - DEBUG - Generated 146 unique samples from 200 total measurements
2025-02-23 18:15:06,968 - INFO -   No feasible solution found in this iteration
2025-02-23 18:15:06,969 - INFO -   No new constraints added, lowered tau multiplier: 1.0 -> 0.9
2025-02-23 18:15:06,969 - INFO -   Added 3 new constraints: [3, 16, 31]
2025-02-23 18:15:06,970 - INFO - 
Iteration 5:
2025-02-23 18:15:06,970 - DEBUG - Generated Ising Hamiltonian
2025-02-23 18:15:07,230 - DEBUG - Optimizing QAOA circuit...
2025-02-23 18:15:08,715 - DEBUG - Circuit optimization successful
2025-02-23 18:15:08,716 - DEBUG - Circuit optimization successful, final value: 23584.832167832166
2025-02-23 18:15:08,716 - DEBUG - Sampling from optimized circuit...
2025-02-23 18:15:08,730 - DEBUG - Generated 92 unique samples from 200 total measurements
2025-02-23 18:15:08,731 - DEBUG - 
Top 5 most frequent samples:
2025-02-23 18:15:08,731 - DEBUG -   Rank | Count |   %   
2025-02-23 18:15:08,731 - DEBUG -   -----|-------|-------
2025-02-23 18:15:08,731 - DEBUG -      1 |    11 |   5.5
2025-02-23 18:15:08,731 - DEBUG -     Sample: [1 0 0 1 1 1 1 1 0 0 0 1]
2025-02-23 18:15:08,731 - DEBUG -      2 |    10 |   5.0
2025-02-23 18:15:08,731 - DEBUG -     Sample: [1 0 0 1 1 0 1 1 0 0 0 1]
2025-02-23 18:15:08,732 - DEBUG -      3 |    10 |   5.0
2025-02-23 18:15:08,732 - DEBUG -     Sample: [1 0 0 0 1 1 1 1 1 0 0 1]
2025-02-23 18:15:08,732 - DEBUG -      4 |     9 |   4.5
2025-02-23 18:15:08,732 - DEBUG -     Sample: [1 0 0 1 1 1 1 1 1 0 1 1]
2025-02-23 18:15:08,732 - DEBUG -      5 |     7 |   3.5
2025-02-23 18:15:08,732 - DEBUG -     Sample: [1 0 0 1 1 1 0 1 0 1 0 1]
2025-02-23 18:15:08,733 - DEBUG - Generated 92 unique samples from 200 total measurements
2025-02-23 18:15:08,735 - INFO -   No feasible solution found in this iteration
2025-02-23 18:15:08,735 - INFO -   Added 7 new constraints: [0, 1, 10, 12, 14, 22, 30]
2025-02-23 18:15:08,735 - INFO - 
Iteration 6:
2025-02-23 18:15:08,736 - DEBUG - Generated Ising Hamiltonian
2025-02-23 18:15:08,977 - DEBUG - Optimizing QAOA circuit...
2025-02-23 18:15:10,312 - DEBUG - Circuit optimization successful
2025-02-23 18:15:10,313 - DEBUG - Circuit optimization successful, final value: 23653.81093906094
2025-02-23 18:15:10,313 - DEBUG - Sampling from optimized circuit...
2025-02-23 18:15:10,328 - DEBUG - Generated 160 unique samples from 200 total measurements
2025-02-23 18:15:10,328 - DEBUG - 
Top 5 most frequent samples:
2025-02-23 18:15:10,328 - DEBUG -   Rank | Count |   %   
2025-02-23 18:15:10,329 - DEBUG -   -----|-------|-------
2025-02-23 18:15:10,329 - DEBUG -      1 |     7 |   3.5
2025-02-23 18:15:10,329 - DEBUG -     Sample: [0 0 0 1 1 0 0 1 0 0 1 1]
2025-02-23 18:15:10,329 - DEBUG -      2 |     5 |   2.5
2025-02-23 18:15:10,329 - DEBUG -     Sample: [0 0 0 0 1 0 1 1 0 0 1 1]
2025-02-23 18:15:10,329 - DEBUG -      3 |     3 |   1.5
2025-02-23 18:15:10,330 - DEBUG -     Sample: [0 1 1 0 1 0 1 0 0 0 1 1]
2025-02-23 18:15:10,330 - DEBUG -      4 |     3 |   1.5
2025-02-23 18:15:10,330 - DEBUG -     Sample: [0 0 0 0 1 0 1 1 1 0 1 1]
2025-02-23 18:15:10,330 - DEBUG -      5 |     3 |   1.5
2025-02-23 18:15:10,331 - DEBUG -     Sample: [1 0 1 1 1 0 1 0 1 0 0 1]
2025-02-23 18:15:10,331 - DEBUG - Generated 160 unique samples from 200 total measurements
2025-02-23 18:15:10,335 - INFO -   No feasible solution found in this iteration
2025-02-23 18:15:10,335 - INFO -   No new constraints added, lowered tau multiplier: 1.0 -> 0.9
2025-02-23 18:15:10,335 - INFO -   No new constraints added, lowered tau multiplier: 0.9 -> 0.8
2025-02-23 18:15:10,336 - INFO -   Added 7 new constraints: [4, 11, 15, 17, 35, 38, 39]
2025-02-23 18:15:10,336 - INFO - 
Iteration 7:
2025-02-23 18:15:10,336 - DEBUG - Generated Ising Hamiltonian
2025-02-23 18:15:10,547 - DEBUG - Optimizing QAOA circuit...
2025-02-23 18:15:12,184 - DEBUG - Circuit optimization successful
2025-02-23 18:15:12,184 - DEBUG - Circuit optimization successful, final value: 7492.301698301697
2025-02-23 18:15:12,184 - DEBUG - Sampling from optimized circuit...
2025-02-23 18:15:12,200 - DEBUG - Generated 194 unique samples from 200 total measurements
2025-02-23 18:15:12,200 - DEBUG - 
Top 5 most frequent samples:
2025-02-23 18:15:12,201 - DEBUG -   Rank | Count |   %   
2025-02-23 18:15:12,201 - DEBUG -   -----|-------|-------
2025-02-23 18:15:12,201 - DEBUG -      1 |     2 |   1.0
2025-02-23 18:15:12,201 - DEBUG -     Sample: [0 1 1 1 0 1 1 1 0 1 0 0]
2025-02-23 18:15:12,201 - DEBUG -      2 |     2 |   1.0
2025-02-23 18:15:12,201 - DEBUG -     Sample: [1 0 0 1 1 1 1 0 0 0 1 0]
2025-02-23 18:15:12,201 - DEBUG -      3 |     2 |   1.0
2025-02-23 18:15:12,202 - DEBUG -     Sample: [0 1 0 0 1 0 1 1 1 1 0 1]
2025-02-23 18:15:12,202 - DEBUG -      4 |     2 |   1.0
2025-02-23 18:15:12,202 - DEBUG -     Sample: [1 1 1 1 0 1 0 0 0 0 0 1]
2025-02-23 18:15:12,202 - DEBUG -      5 |     2 |   1.0
2025-02-23 18:15:12,202 - DEBUG -     Sample: [1 0 0 0 0 0 1 1 1 0 0 1]
2025-02-23 18:15:12,203 - DEBUG - Generated 194 unique samples from 200 total measurements
2025-02-23 18:15:12,207 - INFO -   No feasible solution found in this iteration
2025-02-23 18:15:12,207 - INFO -   No new constraints added, lowered tau multiplier: 1.0 -> 0.9
2025-02-23 18:15:12,208 - INFO -   No new constraints added, lowered tau multiplier: 0.9 -> 0.8
2025-02-23 18:15:12,208 - INFO -   No new constraints added, lowered tau multiplier: 0.8 -> 0.7
2025-02-23 18:15:12,208 - INFO -   Added 9 new constraints: [6, 8, 13, 18, 19, 28, 33, 34, 37]
2025-02-23 18:15:12,208 - INFO - 
Iteration 8:
2025-02-23 18:15:12,208 - DEBUG - Generated Ising Hamiltonian
2025-02-23 18:15:12,449 - DEBUG - Optimizing QAOA circuit...
2025-02-23 18:15:14,253 - DEBUG - Circuit optimization successful
2025-02-23 18:15:14,254 - DEBUG - Circuit optimization successful, final value: -12325.538211788215
2025-02-23 18:15:14,254 - DEBUG - Sampling from optimized circuit...
2025-02-23 18:15:14,271 - DEBUG - Generated 139 unique samples from 200 total measurements
2025-02-23 18:15:14,271 - DEBUG - 
Top 5 most frequent samples:
2025-02-23 18:15:14,272 - DEBUG -   Rank | Count |   %   
2025-02-23 18:15:14,272 - DEBUG -   -----|-------|-------
2025-02-23 18:15:14,272 - DEBUG -      1 |     9 |   4.5
2025-02-23 18:15:14,273 - DEBUG -     Sample: [0 1 1 0 1 0 0 1 1 1 0 0]
2025-02-23 18:15:14,273 - DEBUG -      2 |     8 |   4.0
2025-02-23 18:15:14,273 - DEBUG -     Sample: [0 1 1 1 1 0 0 1 1 1 0 0]
2025-02-23 18:15:14,273 - DEBUG -      3 |     7 |   3.5
2025-02-23 18:15:14,273 - DEBUG -     Sample: [0 1 1 1 1 0 0 0 1 1 0 0]
2025-02-23 18:15:14,274 - DEBUG -      4 |     7 |   3.5
2025-02-23 18:15:14,274 - DEBUG -     Sample: [0 1 1 0 1 0 0 0 1 1 0 0]
2025-02-23 18:15:14,274 - DEBUG -      5 |     5 |   2.5
2025-02-23 18:15:14,274 - DEBUG -     Sample: [0 1 1 1 1 0 0 0 1 0 0 0]
2025-02-23 18:15:14,275 - DEBUG - Generated 139 unique samples from 200 total measurements
2025-02-23 18:15:14,277 - INFO -   No feasible solution found in this iteration
2025-02-23 18:15:14,278 - INFO -   No new constraints added, lowered tau multiplier: 1.0 -> 0.9
2025-02-23 18:15:14,278 - INFO -   No new constraints added, lowered tau multiplier: 0.9 -> 0.8
2025-02-23 18:15:14,278 - INFO -   No new constraints added, lowered tau multiplier: 0.8 -> 0.7
2025-02-23 18:15:14,278 - INFO -   Added 1 new constraints: [27]
2025-02-23 18:15:14,279 - INFO - 
Iteration 9:
2025-02-23 18:15:14,279 - DEBUG - Generated Ising Hamiltonian
2025-02-23 18:15:14,494 - DEBUG - Optimizing QAOA circuit...
2025-02-23 18:15:16,035 - DEBUG - Circuit optimization successful
2025-02-23 18:15:16,035 - DEBUG - Circuit optimization successful, final value: -45261.068431568434
2025-02-23 18:15:16,035 - DEBUG - Sampling from optimized circuit...
2025-02-23 18:15:16,051 - DEBUG - Generated 128 unique samples from 200 total measurements
2025-02-23 18:15:16,051 - DEBUG - 
Top 5 most frequent samples:
2025-02-23 18:15:16,052 - DEBUG -   Rank | Count |   %   
2025-02-23 18:15:16,052 - DEBUG -   -----|-------|-------
2025-02-23 18:15:16,052 - DEBUG -      1 |     8 |   4.0
2025-02-23 18:15:16,052 - DEBUG -     Sample: [0 1 1 1 0 1 0 0 1 1 0 0]
2025-02-23 18:15:16,052 - DEBUG -      2 |     7 |   3.5
2025-02-23 18:15:16,053 - DEBUG -     Sample: [0 1 1 1 0 1 0 1 1 0 0 0]
2025-02-23 18:15:16,053 - DEBUG -      3 |     6 |   3.0
2025-02-23 18:15:16,053 - DEBUG -     Sample: [0 0 1 1 0 1 0 1 1 1 0 0]
2025-02-23 18:15:16,053 - DEBUG -      4 |     5 |   2.5
2025-02-23 18:15:16,053 - DEBUG -     Sample: [0 1 1 1 0 1 0 0 1 0 0 0]
2025-02-23 18:15:16,054 - DEBUG -      5 |     5 |   2.5
2025-02-23 18:15:16,054 - DEBUG -     Sample: [0 1 1 1 0 0 0 0 1 0 0 0]
2025-02-23 18:15:16,054 - DEBUG - Generated 128 unique samples from 200 total measurements
2025-02-23 18:15:16,057 - INFO -   No feasible solution found in this iteration
2025-02-23 18:15:16,057 - INFO -   All constraints added, exiting
2025-02-23 18:15:16,057 - INFO -   Constraint generation found no feasible solution
2025-02-23 18:15:16,057 - INFO - 
Instance 83 results:
2025-02-23 18:15:16,058 - INFO -   Classical value: 208.0
2025-02-23 18:15:16,058 - INFO -   QAOA value: 0.0
2025-02-23 18:15:16,058 - INFO -   Constraint generation value: 0.0
2025-02-23 18:15:16,059 - INFO - 
Running instance 84/100
2025-02-23 18:15:16,062 - INFO - 
Running Classical Reference Solver (SCIP):
2025-02-23 18:15:16,063 - DEBUG - Problem dimensions: 40 constraints, 12 variables
2025-02-23 18:15:16,064 - DEBUG - Row names: ['ELEM1', 'ELEM2', 'ELEM3', 'ELEM4', 'ELEM5', 'ELEM6', 'ELEM7', 'ELEM8', 'ELEM9', 'ELEM10', 'ELEM11', 'ELEM12', 'ELEM13', 'ELEM14', 'ELEM15', 'ELEM16', 'ELEM17', 'ELEM18', 'ELEM19', 'ELEM20', 'ELEM21', 'ELEM22', 'ELEM23', 'ELEM24', 'ELEM25', 'ELEM26', 'ELEM27', 'ELEM28', 'ELEM29', 'ELEM30', 'ELEM31', 'ELEM32', 'ELEM33', 'ELEM34', 'ELEM35', 'ELEM36', 'ELEM37', 'ELEM38', 'ELEM39', 'ELEM40']
2025-02-23 18:15:16,064 - DEBUG - RHS values: {'ELEM1': 1.0, 'ELEM2': 1.0, 'ELEM3': 1.0, 'ELEM4': 1.0, 'ELEM5': 1.0, 'ELEM6': 1.0, 'ELEM7': 1.0, 'ELEM8': 1.0, 'ELEM9': 1.0, 'ELEM10': 1.0, 'ELEM11': 1.0, 'ELEM12': 1.0, 'ELEM13': 1.0, 'ELEM14': 1.0, 'ELEM15': 1.0, 'ELEM16': 1.0, 'ELEM17': 1.0, 'ELEM18': 1.0, 'ELEM19': 1.0, 'ELEM20': 1.0, 'ELEM21': 1.0, 'ELEM22': 1.0, 'ELEM23': 1.0, 'ELEM24': 1.0, 'ELEM25': 1.0, 'ELEM26': 1.0, 'ELEM27': 1.0, 'ELEM28': 1.0, 'ELEM29': 1.0, 'ELEM30': 1.0, 'ELEM31': 1.0, 'ELEM32': 1.0, 'ELEM33': 1.0, 'ELEM34': 1.0, 'ELEM35': 1.0, 'ELEM36': 1.0, 'ELEM37': 1.0, 'ELEM38': 1.0, 'ELEM39': 1.0, 'ELEM40': 1.0}
2025-02-23 18:15:16,077 - INFO -   Reference solution found:
2025-02-23 18:15:16,077 - INFO -     Solution: [0, 0, 0, 0, 0, 0, 0, 1, 1, 1, 0, 1]
2025-02-23 18:15:16,078 - INFO -     Value: 167.0
2025-02-23 18:15:16,078 - INFO - 
Running QAOA Reference Solution (with all constraints):
