
Problem information:
  Number of variables (n): 12
  Number of constraints (m): 40

Starting reference QAOA with parameters:
  sample_size (total shots): 200
Added all constraints
No feasible solution found
  QAOA solver found no feasible solution

Running Constraint Generation:

Problem information:
  Number of variables (n): 12
  Number of constraints (m): 40

Running classical reference solver:
  Reference solution found:
    Solution: [1, 0, 0, 0, 1, 1, 1, 0, 0, 1, 0, 0]
    Value: 208.0

Starting quantum constraint generation with parameters:
  sample_size (total shots): 200
  tau: 0.1
  max_iters: 1000

Iteration 0:
  No feasible solution found in this iteration
  Added 2 new constraints: [20, 21]

Iteration 1:
  No feasible solution found in this iteration
  Added 1 new constraints: [9]

Iteration 2:
  No feasible solution found in this iteration
  Added 1 new constraints: [5]

Iteration 3:
  No feasible solution found in this iteration
  Added 9 new constraints: [2, 7, 23, 24, 25, 26, 29, 32, 36]

Iteration 4:
  No feasible solution found in this iteration
  No new constraints added, lowered tau multiplier: 1.0 -> 0.9
  Added 3 new constraints: [3, 16, 31]

Iteration 5:
  No feasible solution found in this iteration
  Added 7 new constraints: [0, 1, 10, 12, 14, 22, 30]

Iteration 6:
  No feasible solution found in this iteration
  No new constraints added, lowered tau multiplier: 1.0 -> 0.9
  No new constraints added, lowered tau multiplier: 0.9 -> 0.8
  Added 7 new constraints: [4, 11, 15, 17, 35, 38, 39]

Iteration 7:
  No feasible solution found in this iteration
  No new constraints added, lowered tau multiplier: 1.0 -> 0.9
  No new constraints added, lowered tau multiplier: 0.9 -> 0.8
  No new constraints added, lowered tau multiplier: 0.8 -> 0.7
  Added 9 new constraints: [6, 8, 13, 18, 19, 28, 33, 34, 37]

Iteration 8:
  No feasible solution found in this iteration
  No new constraints added, lowered tau multiplier: 1.0 -> 0.9
  No new constraints added, lowered tau multiplier: 0.9 -> 0.8
  No new constraints added, lowered tau multiplier: 0.8 -> 0.7
  Added 1 new constraints: [27]

Iteration 9:
  No feasible solution found in this iteration
  All constraints added, exiting
  Constraint generation found no feasible solution

Instance 83 results:
  Classical value: 208.0
  QAOA value: 0.0
  Constraint generation value: 0.0

Running instance 84/100

Running Classical Reference Solver (SCIP):
  Reference solution found:
    Solution: [0, 0, 0, 0, 0, 0, 0, 1, 1, 1, 0, 1]
    Value: 167.0

Running QAOA Reference Solution (with all constraints):
