2025-02-23 18:51:39,959 - INFO - 
Problem information:
2025-02-23 18:51:39,959 - INFO -   Number of variables (n): 10
2025-02-23 18:51:39,959 - INFO -   Number of constraints (m): 20
2025-02-23 18:51:39,960 - DEBUG -   Density of A: 50.00%
2025-02-23 18:51:39,960 - INFO - 
Starting reference QAOA with parameters:
2025-02-23 18:51:39,960 - INFO -   sample_size (total shots): 100
2025-02-23 18:51:39,960 - INFO - Added all constraints
2025-02-23 18:51:39,960 - DEBUG - Generated Ising Hamiltonian
2025-02-23 18:51:40,179 - DEBUG - Optimizing QAOA circuit...
2025-02-23 18:51:42,055 - DEBUG - Circuit optimization successful
2025-02-23 18:51:42,055 - DEBUG - Circuit optimization successful, final value: 76612.94105894107
2025-02-23 18:51:42,055 - DEBUG - Sampling from optimized circuit...
2025-02-23 18:51:42,069 - DEBUG - Generated 88 unique samples from 100 total measurements
2025-02-23 18:51:42,069 - DEBUG - 
Top 5 most frequent samples:
2025-02-23 18:51:42,069 - DEBUG -   Rank | Count |   %   
2025-02-23 18:51:42,069 - DEBUG -   -----|-------|-------
2025-02-23 18:51:42,069 - DEBUG -      1 |     2 |   2.0
2025-02-23 18:51:42,070 - DEBUG -     Sample: [1 0 0 1 1 1 1 1 1 1]
2025-02-23 18:51:42,070 - DEBUG -      2 |     2 |   2.0
2025-02-23 18:51:42,070 - DEBUG -     Sample: [1 1 0 1 1 0 1 1 1 1]
2025-02-23 18:51:42,070 - DEBUG -      3 |     2 |   2.0
2025-02-23 18:51:42,070 - DEBUG -     Sample: [1 0 0 0 1 0 0 0 0 1]
2025-02-23 18:51:42,070 - DEBUG -      4 |     2 |   2.0
2025-02-23 18:51:42,071 - DEBUG -     Sample: [1 1 0 1 1 1 1 1 1 1]
2025-02-23 18:51:42,071 - DEBUG -      5 |     2 |   2.0
2025-02-23 18:51:42,071 - DEBUG -     Sample: [1 0 0 1 1 1 0 1 1 1]
2025-02-23 18:51:42,072 - DEBUG - Generated 88 unique samples from 100 total measurements
2025-02-23 18:51:42,073 - INFO - Found feasible solution: [0 0 0 0 0 0 0 0 1 1] with objective value 55.0
2025-02-23 18:51:42,075 - INFO - Found feasible solution:
2025-02-23 18:51:42,075 - INFO -   Solution: [0, 0, 0, 0, 0, 0, 0, 0, 1, 1]
2025-02-23 18:51:42,075 - INFO -   Value: 55.0
2025-02-23 18:51:42,076 - INFO -   QAOA solution found:
2025-02-23 18:51:42,076 - INFO -     Solution: [0, 0, 0, 0, 0, 0, 0, 0, 1, 1]
2025-02-23 18:51:42,076 - INFO -     Value: 55.0
2025-02-23 18:51:42,076 - INFO - 
Running Constraint Generation:
2025-02-23 18:51:42,077 - INFO - 
Problem information:
2025-02-23 18:51:42,077 - INFO -   Number of variables (n): 10
2025-02-23 18:51:42,078 - INFO -   Number of constraints (m): 20
2025-02-23 18:51:42,078 - DEBUG -   Density of A: 50.00%
2025-02-23 18:51:42,078 - INFO - 
Running classical reference solver:
2025-02-23 18:51:42,089 - INFO -   Reference solution found:
2025-02-23 18:51:42,089 - INFO -     Solution: [0, 0, 0, 0, 0, 0, 0, 0, 1, 1]
2025-02-23 18:51:42,090 - INFO -     Value: 55.0
2025-02-23 18:51:42,090 - INFO - 
Starting quantum constraint generation with parameters:
2025-02-23 18:51:42,090 - INFO -   sample_size (total shots): 100
2025-02-23 18:51:42,090 - INFO -   tau: 0.1
2025-02-23 18:51:42,091 - INFO -   max_iters: 1000
2025-02-23 18:51:42,091 - INFO - 
Iteration 0:
2025-02-23 18:51:42,091 - DEBUG - Generated Ising Hamiltonian
2025-02-23 18:51:42,338 - DEBUG - Optimizing QAOA circuit...
2025-02-23 18:51:43,356 - DEBUG - Circuit optimization successful
2025-02-23 18:51:43,357 - DEBUG - Circuit optimization successful, final value: -376.14385614385617
2025-02-23 18:51:43,357 - DEBUG - Sampling from optimized circuit...
2025-02-23 18:51:43,370 - DEBUG - Generated 18 unique samples from 100 total measurements
2025-02-23 18:51:43,370 - DEBUG - 
Top 5 most frequent samples:
2025-02-23 18:51:43,370 - DEBUG -   Rank | Count |   %   
2025-02-23 18:51:43,370 - DEBUG -   -----|-------|-------
2025-02-23 18:51:43,371 - DEBUG -      1 |    43 |  43.0
2025-02-23 18:51:43,371 - DEBUG -     Sample: [1 1 1 1 1 1 1 1 1 1]
2025-02-23 18:51:43,371 - DEBUG -      2 |    19 |  19.0
2025-02-23 18:51:43,371 - DEBUG -     Sample: [1 1 1 1 1 1 1 1 1 0]
2025-02-23 18:51:43,372 - DEBUG -      3 |     7 |   7.0
2025-02-23 18:51:43,372 - DEBUG -     Sample: [1 1 1 1 0 1 1 1 1 1]
2025-02-23 18:51:43,373 - DEBUG -      4 |     4 |   4.0
2025-02-23 18:51:43,374 - DEBUG -     Sample: [1 1 1 1 0 1 1 1 1 0]
2025-02-23 18:51:43,374 - DEBUG -      5 |     4 |   4.0
2025-02-23 18:51:43,374 - DEBUG -     Sample: [1 0 1 1 1 1 1 1 1 0]
2025-02-23 18:51:43,375 - DEBUG - Generated 18 unique samples from 100 total measurements
2025-02-23 18:51:43,376 - INFO -   No feasible solution found in this iteration
2025-02-23 18:51:43,376 - INFO -   Added 20 new constraints: [0, 1, 2, 3, 4, 5, 6, 7, 8, 9, 10, 11, 12, 13, 14, 15, 16, 17, 18, 19]
2025-02-23 18:51:43,377 - INFO - 
Iteration 1:
2025-02-23 18:51:43,380 - DEBUG - Generated Ising Hamiltonian
2025-02-23 18:51:43,615 - DEBUG - Optimizing QAOA circuit...
2025-02-23 18:51:45,363 - DEBUG - Circuit optimization successful
2025-02-23 18:51:45,363 - DEBUG - Circuit optimization successful, final value: -8379.582417582416
2025-02-23 18:51:45,364 - DEBUG - Sampling from optimized circuit...
2025-02-23 18:51:45,377 - DEBUG - Generated 91 unique samples from 100 total measurements
2025-02-23 18:51:45,377 - DEBUG - 
Top 5 most frequent samples:
2025-02-23 18:51:45,377 - DEBUG -   Rank | Count |   %   
2025-02-23 18:51:45,377 - DEBUG -   -----|-------|-------
2025-02-23 18:51:45,377 - DEBUG -      1 |     3 |   3.0
2025-02-23 18:51:45,377 - DEBUG -     Sample: [0 0 0 1 1 0 1 0 1 0]
2025-02-23 18:51:45,378 - DEBUG -      2 |     2 |   2.0
2025-02-23 18:51:45,378 - DEBUG -     Sample: [0 0 0 0 1 0 1 0 1 1]
2025-02-23 18:51:45,378 - DEBUG -      3 |     2 |   2.0
2025-02-23 18:51:45,378 - DEBUG -     Sample: [0 0 1 1 0 1 1 0 1 1]
2025-02-23 18:51:45,379 - DEBUG -      4 |     2 |   2.0
2025-02-23 18:51:45,379 - DEBUG -     Sample: [0 0 0 0 1 0 0 0 1 1]
2025-02-23 18:51:45,379 - DEBUG -      5 |     2 |   2.0
2025-02-23 18:51:45,379 - DEBUG -     Sample: [1 0 0 1 0 0 1 0 1 0]
2025-02-23 18:51:45,380 - DEBUG - Generated 91 unique samples from 100 total measurements
2025-02-23 18:51:45,382 - INFO -   No feasible solution found in this iteration
2025-02-23 18:51:45,382 - INFO -   All constraints added, exiting
2025-02-23 18:51:45,382 - INFO -   Constraint generation found no feasible solution
2025-02-23 18:51:45,382 - INFO - 
Instance 64 results:
2025-02-23 18:51:45,382 - INFO -   Classical value: 55.0
2025-02-23 18:51:45,382 - INFO -   QAOA value: 55.0
2025-02-23 18:51:45,383 - INFO -   Constraint generation value: 0.0
2025-02-23 18:51:45,383 - INFO - 
Running instance 65/100
2025-02-23 18:51:45,384 - INFO - 
Running Classical Reference Solver (SCIP):
2025-02-23 18:51:45,385 - DEBUG - Problem dimensions: 20 constraints, 10 variables
2025-02-23 18:51:45,385 - DEBUG - Row names: ['ELEM1', 'ELEM2', 'ELEM3', 'ELEM4', 'ELEM5', 'ELEM6', 'ELEM7', 'ELEM8', 'ELEM9', 'ELEM10', 'ELEM11', 'ELEM12', 'ELEM13', 'ELEM14', 'ELEM15', 'ELEM16', 'ELEM17', 'ELEM18', 'ELEM19', 'ELEM20']
2025-02-23 18:51:45,385 - DEBUG - RHS values: {'ELEM1': 1.0, 'ELEM2': 1.0, 'ELEM3': 1.0, 'ELEM4': 1.0, 'ELEM5': 1.0, 'ELEM6': 1.0, 'ELEM7': 1.0, 'ELEM8': 1.0, 'ELEM9': 1.0, 'ELEM10': 1.0, 'ELEM11': 1.0, 'ELEM12': 1.0, 'ELEM13': 1.0, 'ELEM14': 1.0, 'ELEM15': 1.0, 'ELEM16': 1.0, 'ELEM17': 1.0, 'ELEM18': 1.0, 'ELEM19': 1.0, 'ELEM20': 1.0}
2025-02-23 18:51:45,395 - INFO -   Reference solution found:
2025-02-23 18:51:45,396 - INFO -     Solution: [0, 0, 0, 1, 0, 0, 1, 0, 0, 0]
2025-02-23 18:51:45,396 - INFO -     Value: 50.0
2025-02-23 18:51:45,396 - INFO - 
Running QAOA Reference Solution (with all constraints):
