
Problem information:
  Number of variables (n): 10
  Number of constraints (m): 20

Starting reference QAOA with parameters:
  sample_size (total shots): 100
Added all constraints
Found feasible solution: [0 0 0 0 0 0 0 0 1 1] with objective value 55.0
Found feasible solution:
  Solution: [0, 0, 0, 0, 0, 0, 0, 0, 1, 1]
  Value: 55.0
  QAOA solution found:
    Solution: [0, 0, 0, 0, 0, 0, 0, 0, 1, 1]
    Value: 55.0

Running Constraint Generation:

Problem information:
  Number of variables (n): 10
  Number of constraints (m): 20

Running classical reference solver:
  Reference solution found:
    Solution: [0, 0, 0, 0, 0, 0, 0, 0, 1, 1]
    Value: 55.0

Starting quantum constraint generation with parameters:
  sample_size (total shots): 100
  tau: 0.1
  max_iters: 1000

Iteration 0:
  No feasible solution found in this iteration
  Added 20 new constraints: [0, 1, 2, 3, 4, 5, 6, 7, 8, 9, 10, 11, 12, 13, 14, 15, 16, 17, 18, 19]

Iteration 1:
  No feasible solution found in this iteration
  All constraints added, exiting
  Constraint generation found no feasible solution

Instance 64 results:
  Classical value: 55.0
  QAOA value: 55.0
  Constraint generation value: 0.0

Running instance 65/100

Running Classical Reference Solver (SCIP):
  Reference solution found:
    Solution: [0, 0, 0, 1, 0, 0, 1, 0, 0, 0]
    Value: 50.0

Running QAOA Reference Solution (with all constraints):
