2025-02-24 16:49:07,753 - INFO - 
Problem information:
2025-02-24 16:49:07,753 - INFO -   Number of variables (n): 8
2025-02-24 16:49:07,753 - INFO -   Number of constraints (m): 25
2025-02-24 16:49:07,753 - DEBUG -   Density of A: 25.00%
2025-02-24 16:49:07,753 - INFO - 
Starting reference QAOA with parameters:
2025-02-24 16:49:07,754 - INFO -   sample_size (total shots): 500
2025-02-24 16:49:07,754 - INFO - Added all constraints
2025-02-24 16:49:07,755 - DEBUG - Generated Ising Hamiltonian
2025-02-24 16:49:08,082 - DEBUG - Optimizing QAOA circuit...
2025-02-24 16:49:10,459 - DEBUG - Circuit optimization successful
2025-02-24 16:49:10,460 - DEBUG - Circuit optimization successful, final value: -559.5854145854144
2025-02-24 16:49:10,460 - DEBUG - Sampling from optimized circuit...
2025-02-24 16:49:10,480 - DEBUG - Generated 137 unique samples from 500 total measurements
2025-02-24 16:49:10,481 - DEBUG - 
Top 5 most frequent samples:
2025-02-24 16:49:10,481 - DEBUG -   Rank | Count |   %   
2025-02-24 16:49:10,481 - DEBUG -   -----|-------|-------
2025-02-24 16:49:10,481 - DEBUG -      1 |    40 |   8.0
2025-02-24 16:49:10,482 - DEBUG -     Sample: [0 1 0 0 1 0 0 0]
2025-02-24 16:49:10,482 - DEBUG -      2 |    20 |   4.0
2025-02-24 16:49:10,482 - DEBUG -     Sample: [0 1 0 0 1 0 1 0]
2025-02-24 16:49:10,482 - DEBUG -      3 |    18 |   3.6
2025-02-24 16:49:10,483 - DEBUG -     Sample: [0 1 1 0 1 0 0 0]
2025-02-24 16:49:10,483 - DEBUG -      4 |    18 |   3.6
2025-02-24 16:49:10,483 - DEBUG -     Sample: [0 1 0 0 1 0 0 1]
2025-02-24 16:49:10,483 - DEBUG -      5 |    16 |   3.2
2025-02-24 16:49:10,483 - DEBUG -     Sample: [1 1 0 1 0 0 0 0]
2025-02-24 16:49:10,484 - DEBUG - Generated 137 unique samples from 500 total measurements
2025-02-24 16:49:10,485 - INFO - Found feasible solution: [0 0 0 1 1 1 1 1] with objective value 131.0
2025-02-24 16:49:10,486 - INFO - Found feasible solution: [1 1 1 0 0 0 0 0] with objective value 78.0
2025-02-24 16:49:10,488 - INFO - Found feasible solution:
2025-02-24 16:49:10,488 - INFO -   Solution: [1, 1, 1, 0, 0, 0, 0, 0]
2025-02-24 16:49:10,488 - INFO -   Value: 78.0
2025-02-24 16:49:10,489 - INFO -   QAOA solution found:
2025-02-24 16:49:10,489 - INFO -     Solution: [1, 1, 1, 0, 0, 0, 0, 0]
2025-02-24 16:49:10,489 - INFO -     Value: 78.0
2025-02-24 16:49:10,489 - INFO - 
Running Constraint Generation:
2025-02-24 16:49:10,491 - INFO - 
Problem information:
2025-02-24 16:49:10,491 - INFO -   Number of variables (n): 8
2025-02-24 16:49:10,491 - INFO -   Number of constraints (m): 25
2025-02-24 16:49:10,491 - DEBUG -   Density of A: 25.00%
2025-02-24 16:49:10,491 - INFO - 
Running classical reference solver:
2025-02-24 16:49:10,503 - INFO -   Reference solution found:
2025-02-24 16:49:10,503 - INFO -     Solution: [1, 1, 1, 0, 0, 0, 0, 0]
2025-02-24 16:49:10,504 - INFO -     Value: 78.0
2025-02-24 16:49:10,504 - INFO - 
Starting quantum constraint generation with parameters:
2025-02-24 16:49:10,504 - INFO -   sample_size (total shots): 500
2025-02-24 16:49:10,504 - INFO -   tau: 0.1
2025-02-24 16:49:10,505 - INFO -   max_iters: 1000
2025-02-24 16:49:10,505 - INFO - 
Iteration 0:
2025-02-24 16:49:10,505 - DEBUG - Generated Ising Hamiltonian
2025-02-24 16:49:10,733 - DEBUG - Optimizing QAOA circuit...
2025-02-24 16:49:12,385 - DEBUG - Circuit optimization successful
2025-02-24 16:49:12,385 - DEBUG - Circuit optimization successful, final value: -82.25074925074925
2025-02-24 16:49:12,385 - DEBUG - Sampling from optimized circuit...
2025-02-24 16:49:12,398 - DEBUG - Generated 133 unique samples from 500 total measurements
2025-02-24 16:49:12,399 - DEBUG - 
Top 5 most frequent samples:
2025-02-24 16:49:12,399 - DEBUG -   Rank | Count |   %   
2025-02-24 16:49:12,399 - DEBUG -   -----|-------|-------
2025-02-24 16:49:12,399 - DEBUG -      1 |    31 |   6.2
2025-02-24 16:49:12,399 - DEBUG -     Sample: [0 1 1 1 1 1 1 1]
2025-02-24 16:49:12,400 - DEBUG -      2 |    19 |   3.8
2025-02-24 16:49:12,400 - DEBUG -     Sample: [0 0 0 1 1 1 1 1]
2025-02-24 16:49:12,400 - DEBUG -      3 |    19 |   3.8
2025-02-24 16:49:12,400 - DEBUG -     Sample: [1 0 1 1 1 1 1 1]
2025-02-24 16:49:12,400 - DEBUG -      4 |    17 |   3.4
2025-02-24 16:49:12,401 - DEBUG -     Sample: [0 1 0 1 1 1 1 1]
2025-02-24 16:49:12,401 - DEBUG -      5 |    16 |   3.2
2025-02-24 16:49:12,401 - DEBUG -     Sample: [0 1 1 1 1 1 0 1]
2025-02-24 16:49:12,402 - DEBUG - Generated 133 unique samples from 500 total measurements
2025-02-24 16:49:12,402 - INFO - Found feasible solution: [0 0 0 1 1 1 1 1] with objective value 131.0
2025-02-24 16:49:12,405 - INFO -   Found feasible solution:
2025-02-24 16:49:12,405 - INFO -     Solution: [0, 0, 0, 1, 1, 1, 1, 1]
2025-02-24 16:49:12,406 - INFO -     Value: 131.0
2025-02-24 16:49:12,406 - INFO -     Gap to reference: 67.95%
2025-02-24 16:49:12,406 - INFO -   Constraint generation solution found:
2025-02-24 16:49:12,406 - INFO -     Solution: [0, 0, 0, 1, 1, 1, 1, 1]
2025-02-24 16:49:12,407 - INFO -     Value: 131.0
2025-02-24 16:49:12,407 - INFO - 
Instance 35 results:
2025-02-24 16:49:12,407 - INFO -   Classical value: 78.0
2025-02-24 16:49:12,407 - INFO -   QAOA value: 78.0
2025-02-24 16:49:12,407 - INFO -   Constraint generation value: 131.0
2025-02-24 16:49:12,408 - INFO - 
Running instance 36/100
2025-02-24 16:49:12,409 - INFO - 
Running Classical Reference Solver (SCIP):
2025-02-24 16:49:12,410 - DEBUG - Problem dimensions: 25 constraints, 8 variables
2025-02-24 16:49:12,410 - DEBUG - Row names: ['ELEM1', 'ELEM2', 'ELEM3', 'ELEM4', 'ELEM5', 'ELEM6', 'ELEM7', 'ELEM8', 'ELEM9', 'ELEM10', 'ELEM11', 'ELEM12', 'ELEM13', 'ELEM14', 'ELEM15', 'ELEM16', 'ELEM17', 'ELEM18', 'ELEM19', 'ELEM20', 'ELEM21', 'ELEM22', 'ELEM23', 'ELEM24', 'ELEM25']
2025-02-24 16:49:12,411 - DEBUG - RHS values: {'ELEM1': 1.0, 'ELEM2': 1.0, 'ELEM3': 1.0, 'ELEM4': 1.0, 'ELEM5': 1.0, 'ELEM6': 1.0, 'ELEM7': 1.0, 'ELEM8': 1.0, 'ELEM9': 1.0, 'ELEM10': 1.0, 'ELEM11': 1.0, 'ELEM12': 1.0, 'ELEM13': 1.0, 'ELEM14': 1.0, 'ELEM15': 1.0, 'ELEM16': 1.0, 'ELEM17': 1.0, 'ELEM18': 1.0, 'ELEM19': 1.0, 'ELEM20': 1.0, 'ELEM21': 1.0, 'ELEM22': 1.0, 'ELEM23': 1.0, 'ELEM24': 1.0, 'ELEM25': 1.0}
2025-02-24 16:49:12,422 - INFO -   Reference solution found:
2025-02-24 16:49:12,422 - INFO -     Solution: [1, 1, 0, 1, 1, 0, 0, 0]
2025-02-24 16:49:12,422 - INFO -     Value: 173.99999999999997
2025-02-24 16:49:12,422 - INFO - 
Running QAOA Reference Solution (with all constraints):
