2025-02-24 16:46:38,824 - INFO - 
Problem information:
2025-02-24 16:46:38,824 - INFO -   Number of variables (n): 8
2025-02-24 16:46:38,824 - INFO -   Number of constraints (m): 25
2025-02-24 16:46:38,824 - DEBUG -   Density of A: 25.00%
2025-02-24 16:46:38,824 - INFO - 
Starting reference QAOA with parameters:
2025-02-24 16:46:38,824 - INFO -   sample_size (total shots): 500
2025-02-24 16:46:38,824 - INFO - Added all constraints
2025-02-24 16:46:38,825 - DEBUG - Generated Ising Hamiltonian
2025-02-24 16:46:39,090 - DEBUG - Optimizing QAOA circuit...
2025-02-24 16:46:40,926 - DEBUG - Circuit optimization successful
2025-02-24 16:46:40,927 - DEBUG - Circuit optimization successful, final value: -10455.770229770233
2025-02-24 16:46:40,927 - DEBUG - Sampling from optimized circuit...
2025-02-24 16:46:40,945 - DEBUG - Generated 87 unique samples from 500 total measurements
2025-02-24 16:46:40,945 - DEBUG - 
Top 5 most frequent samples:
2025-02-24 16:46:40,945 - DEBUG -   Rank | Count |   %   
2025-02-24 16:46:40,945 - DEBUG -   -----|-------|-------
2025-02-24 16:46:40,945 - DEBUG -      1 |    40 |   8.0
2025-02-24 16:46:40,946 - DEBUG -     Sample: [0 0 1 0 0 1 0 1]
2025-02-24 16:46:40,946 - DEBUG -      2 |    39 |   7.8
2025-02-24 16:46:40,946 - DEBUG -     Sample: [0 0 0 0 0 1 0 1]
2025-02-24 16:46:40,946 - DEBUG -      3 |    31 |   6.2
2025-02-24 16:46:40,946 - DEBUG -     Sample: [0 0 0 0 0 1 0 0]
2025-02-24 16:46:40,946 - DEBUG -      4 |    25 |   5.0
2025-02-24 16:46:40,947 - DEBUG -     Sample: [0 0 1 0 0 1 0 0]
2025-02-24 16:46:40,947 - DEBUG -      5 |    25 |   5.0
2025-02-24 16:46:40,947 - DEBUG -     Sample: [0 1 0 0 0 1 0 1]
2025-02-24 16:46:40,947 - DEBUG - Generated 87 unique samples from 500 total measurements
2025-02-24 16:46:40,948 - INFO - Found feasible solution: [0 1 1 0 0 0 0 1] with objective value 155.0
2025-02-24 16:46:40,949 - INFO - Found feasible solution:
2025-02-24 16:46:40,949 - INFO -   Solution: [0, 1, 1, 0, 0, 0, 0, 1]
2025-02-24 16:46:40,950 - INFO -   Value: 155.0
2025-02-24 16:46:40,950 - INFO -   QAOA solution found:
2025-02-24 16:46:40,950 - INFO -     Solution: [0, 1, 1, 0, 0, 0, 0, 1]
2025-02-24 16:46:40,950 - INFO -     Value: 155.0
2025-02-24 16:46:40,950 - INFO - 
Running Constraint Generation:
2025-02-24 16:46:40,952 - INFO - 
Problem information:
2025-02-24 16:46:40,952 - INFO -   Number of variables (n): 8
2025-02-24 16:46:40,952 - INFO -   Number of constraints (m): 25
2025-02-24 16:46:40,952 - DEBUG -   Density of A: 25.00%
2025-02-24 16:46:40,952 - INFO - 
Running classical reference solver:
2025-02-24 16:46:40,962 - INFO -   Reference solution found:
2025-02-24 16:46:40,962 - INFO -     Solution: [0, 1, 1, 0, 0, 0, 0, 1]
2025-02-24 16:46:40,962 - INFO -     Value: 155.0
2025-02-24 16:46:40,963 - INFO - 
Starting quantum constraint generation with parameters:
2025-02-24 16:46:40,963 - INFO -   sample_size (total shots): 500
2025-02-24 16:46:40,963 - INFO -   tau: 0.1
2025-02-24 16:46:40,963 - INFO -   max_iters: 1000
2025-02-24 16:46:40,963 - INFO - 
Iteration 0:
2025-02-24 16:46:40,963 - DEBUG - Generated Ising Hamiltonian
2025-02-24 16:46:41,221 - DEBUG - Optimizing QAOA circuit...
2025-02-24 16:46:42,919 - DEBUG - Circuit optimization successful
2025-02-24 16:46:42,920 - DEBUG - Circuit optimization successful, final value: -128.2217782217782
2025-02-24 16:46:42,920 - DEBUG - Sampling from optimized circuit...
2025-02-24 16:46:42,934 - DEBUG - Generated 153 unique samples from 500 total measurements
2025-02-24 16:46:42,934 - DEBUG - 
Top 5 most frequent samples:
2025-02-24 16:46:42,934 - DEBUG -   Rank | Count |   %   
2025-02-24 16:46:42,934 - DEBUG -   -----|-------|-------
2025-02-24 16:46:42,935 - DEBUG -      1 |    22 |   4.4
2025-02-24 16:46:42,935 - DEBUG -     Sample: [1 1 1 1 1 1 0 0]
2025-02-24 16:46:42,935 - DEBUG -      2 |    18 |   3.6
2025-02-24 16:46:42,935 - DEBUG -     Sample: [1 1 1 1 1 1 0 1]
2025-02-24 16:46:42,935 - DEBUG -      3 |    13 |   2.6
2025-02-24 16:46:42,935 - DEBUG -     Sample: [1 0 1 1 1 1 0 0]
2025-02-24 16:46:42,936 - DEBUG -      4 |    12 |   2.4
2025-02-24 16:46:42,936 - DEBUG -     Sample: [0 0 1 1 1 1 0 1]
2025-02-24 16:46:42,936 - DEBUG -      5 |    11 |   2.2
2025-02-24 16:46:42,936 - DEBUG -     Sample: [1 1 1 0 1 1 0 1]
2025-02-24 16:46:42,936 - DEBUG - Generated 153 unique samples from 500 total measurements
2025-02-24 16:46:42,939 - INFO - Found feasible solution: [1 0 0 1 1 1 1 0] with objective value 261.0
2025-02-24 16:46:42,940 - INFO -   Found feasible solution:
2025-02-24 16:46:42,940 - INFO -     Solution: [1, 0, 0, 1, 1, 1, 1, 0]
2025-02-24 16:46:42,940 - INFO -     Value: 261.0
2025-02-24 16:46:42,941 - INFO -     Gap to reference: 68.39%
2025-02-24 16:46:42,941 - INFO -   Constraint generation solution found:
2025-02-24 16:46:42,941 - INFO -     Solution: [1, 0, 0, 1, 1, 1, 1, 0]
2025-02-24 16:46:42,941 - INFO -     Value: 261.0
2025-02-24 16:46:42,941 - INFO - 
Instance 12 results:
2025-02-24 16:46:42,941 - INFO -   Classical value: 155.0
2025-02-24 16:46:42,942 - INFO -   QAOA value: 155.0
2025-02-24 16:46:42,942 - INFO -   Constraint generation value: 261.0
2025-02-24 16:46:42,942 - INFO - 
Running instance 13/100
2025-02-24 16:46:42,944 - INFO - 
Running Classical Reference Solver (SCIP):
2025-02-24 16:46:42,945 - DEBUG - Problem dimensions: 25 constraints, 8 variables
2025-02-24 16:46:42,945 - DEBUG - Row names: ['ELEM1', 'ELEM2', 'ELEM3', 'ELEM4', 'ELEM5', 'ELEM6', 'ELEM7', 'ELEM8', 'ELEM9', 'ELEM10', 'ELEM11', 'ELEM12', 'ELEM13', 'ELEM14', 'ELEM15', 'ELEM16', 'ELEM17', 'ELEM18', 'ELEM19', 'ELEM20', 'ELEM21', 'ELEM22', 'ELEM23', 'ELEM24', 'ELEM25']
2025-02-24 16:46:42,945 - DEBUG - RHS values: {'ELEM1': 1.0, 'ELEM2': 1.0, 'ELEM3': 1.0, 'ELEM4': 1.0, 'ELEM5': 1.0, 'ELEM6': 1.0, 'ELEM7': 1.0, 'ELEM8': 1.0, 'ELEM9': 1.0, 'ELEM10': 1.0, 'ELEM11': 1.0, 'ELEM12': 1.0, 'ELEM13': 1.0, 'ELEM14': 1.0, 'ELEM15': 1.0, 'ELEM16': 1.0, 'ELEM17': 1.0, 'ELEM18': 1.0, 'ELEM19': 1.0, 'ELEM20': 1.0, 'ELEM21': 1.0, 'ELEM22': 1.0, 'ELEM23': 1.0, 'ELEM24': 1.0, 'ELEM25': 1.0}
2025-02-24 16:46:42,955 - INFO -   Reference solution found:
2025-02-24 16:46:42,955 - INFO -     Solution: [1, 0, 0, 0, 1, 0, 0, 1]
2025-02-24 16:46:42,955 - INFO -     Value: 67.0
2025-02-24 16:46:42,955 - INFO - 
Running QAOA Reference Solution (with all constraints):
