2025-02-23 18:48:54,712 - INFO - 
Problem information:
2025-02-23 18:48:54,712 - INFO -   Number of variables (n): 10
2025-02-23 18:48:54,712 - INFO -   Number of constraints (m): 20
2025-02-23 18:48:54,713 - DEBUG -   Density of A: 46.00%
2025-02-23 18:48:54,713 - INFO - 
Starting reference QAOA with parameters:
2025-02-23 18:48:54,713 - INFO -   sample_size (total shots): 100
2025-02-23 18:48:54,713 - INFO - Added all constraints
2025-02-23 18:48:54,713 - DEBUG - Generated Ising Hamiltonian
2025-02-23 18:48:54,921 - DEBUG - Optimizing QAOA circuit...
2025-02-23 18:48:56,530 - DEBUG - Circuit optimization successful
2025-02-23 18:48:56,530 - DEBUG - Circuit optimization successful, final value: -3225.4785214785206
2025-02-23 18:48:56,530 - DEBUG - Sampling from optimized circuit...
2025-02-23 18:48:56,544 - DEBUG - Generated 90 unique samples from 100 total measurements
2025-02-23 18:48:56,544 - DEBUG - 
Top 5 most frequent samples:
2025-02-23 18:48:56,544 - DEBUG -   Rank | Count |   %   
2025-02-23 18:48:56,544 - DEBUG -   -----|-------|-------
2025-02-23 18:48:56,544 - DEBUG -      1 |     4 |   4.0
2025-02-23 18:48:56,544 - DEBUG -     Sample: [1 0 0 0 1 0 0 1 0 1]
2025-02-23 18:48:56,545 - DEBUG -      2 |     2 |   2.0
2025-02-23 18:48:56,545 - DEBUG -     Sample: [1 0 0 0 1 0 1 1 0 0]
2025-02-23 18:48:56,545 - DEBUG -      3 |     2 |   2.0
2025-02-23 18:48:56,545 - DEBUG -     Sample: [0 0 1 1 1 0 0 0 1 0]
2025-02-23 18:48:56,545 - DEBUG -      4 |     2 |   2.0
2025-02-23 18:48:56,545 - DEBUG -     Sample: [0 0 1 0 0 0 0 1 1 1]
2025-02-23 18:48:56,545 - DEBUG -      5 |     2 |   2.0
2025-02-23 18:48:56,546 - DEBUG -     Sample: [0 0 0 1 1 0 0 0 1 1]
2025-02-23 18:48:56,546 - DEBUG - Generated 90 unique samples from 100 total measurements
2025-02-23 18:48:56,548 - INFO - Found feasible solution: [0 0 0 1 0 0 1 0 0 0] with objective value 169.0
2025-02-23 18:48:56,548 - INFO - Found feasible solution:
2025-02-23 18:48:56,548 - INFO -   Solution: [0, 0, 0, 1, 0, 0, 1, 0, 0, 0]
2025-02-23 18:48:56,548 - INFO -   Value: 169.0
2025-02-23 18:48:56,549 - INFO -   QAOA solution found:
2025-02-23 18:48:56,549 - INFO -     Solution: [0, 0, 0, 1, 0, 0, 1, 0, 0, 0]
2025-02-23 18:48:56,549 - INFO -     Value: 169.0
2025-02-23 18:48:56,549 - INFO - 
Running Constraint Generation:
2025-02-23 18:48:56,550 - INFO - 
Problem information:
2025-02-23 18:48:56,550 - INFO -   Number of variables (n): 10
2025-02-23 18:48:56,550 - INFO -   Number of constraints (m): 20
2025-02-23 18:48:56,551 - DEBUG -   Density of A: 46.00%
2025-02-23 18:48:56,551 - INFO - 
Running classical reference solver:
2025-02-23 18:48:56,562 - INFO -   Reference solution found:
2025-02-23 18:48:56,562 - INFO -     Solution: [1, 0, 0, 0, 1, 0, 0, 0, 0, 0]
2025-02-23 18:48:56,562 - INFO -     Value: 31.0
2025-02-23 18:48:56,563 - INFO - 
Starting quantum constraint generation with parameters:
2025-02-23 18:48:56,563 - INFO -   sample_size (total shots): 100
2025-02-23 18:48:56,563 - INFO -   tau: 0.1
2025-02-23 18:48:56,563 - INFO -   max_iters: 1000
2025-02-23 18:48:56,563 - INFO - 
Iteration 0:
2025-02-23 18:48:56,564 - DEBUG - Generated Ising Hamiltonian
2025-02-23 18:48:56,766 - DEBUG - Optimizing QAOA circuit...
2025-02-23 18:48:57,698 - DEBUG - Circuit optimization successful
2025-02-23 18:48:57,698 - DEBUG - Circuit optimization successful, final value: -310.1418581418581
2025-02-23 18:48:57,699 - DEBUG - Sampling from optimized circuit...
2025-02-23 18:48:57,713 - DEBUG - Generated 53 unique samples from 100 total measurements
2025-02-23 18:48:57,714 - DEBUG - 
Top 5 most frequent samples:
2025-02-23 18:48:57,714 - DEBUG -   Rank | Count |   %   
2025-02-23 18:48:57,714 - DEBUG -   -----|-------|-------
2025-02-23 18:48:57,714 - DEBUG -      1 |     5 |   5.0
2025-02-23 18:48:57,714 - DEBUG -     Sample: [0 1 1 1 1 1 1 1 1 0]
2025-02-23 18:48:57,715 - DEBUG -      2 |     5 |   5.0
2025-02-23 18:48:57,715 - DEBUG -     Sample: [0 1 1 1 1 0 1 1 1 0]
2025-02-23 18:48:57,715 - DEBUG -      3 |     4 |   4.0
2025-02-23 18:48:57,715 - DEBUG -     Sample: [0 1 1 1 1 1 0 1 1 1]
2025-02-23 18:48:57,715 - DEBUG -      4 |     4 |   4.0
2025-02-23 18:48:57,716 - DEBUG -     Sample: [0 1 0 1 1 0 1 1 1 0]
2025-02-23 18:48:57,716 - DEBUG -      5 |     4 |   4.0
2025-02-23 18:48:57,716 - DEBUG -     Sample: [1 1 1 1 1 1 1 1 0 1]
2025-02-23 18:48:57,717 - DEBUG - Generated 53 unique samples from 100 total measurements
2025-02-23 18:48:57,718 - INFO -   No feasible solution found in this iteration
2025-02-23 18:48:57,719 - INFO -   Added 17 new constraints: [0, 1, 2, 3, 4, 5, 6, 8, 9, 10, 11, 12, 13, 15, 16, 18, 19]
2025-02-23 18:48:57,719 - INFO - 
Iteration 1:
2025-02-23 18:48:57,719 - DEBUG - Generated Ising Hamiltonian
2025-02-23 18:48:57,931 - DEBUG - Optimizing QAOA circuit...
2025-02-23 18:48:59,299 - DEBUG - Circuit optimization successful
2025-02-23 18:48:59,300 - DEBUG - Circuit optimization successful, final value: -11800.209790209787
2025-02-23 18:48:59,300 - DEBUG - Sampling from optimized circuit...
2025-02-23 18:48:59,312 - DEBUG - Generated 93 unique samples from 100 total measurements
2025-02-23 18:48:59,312 - DEBUG - 
Top 5 most frequent samples:
2025-02-23 18:48:59,312 - DEBUG -   Rank | Count |   %   
2025-02-23 18:48:59,313 - DEBUG -   -----|-------|-------
2025-02-23 18:48:59,313 - DEBUG -      1 |     3 |   3.0
2025-02-23 18:48:59,313 - DEBUG -     Sample: [1 0 0 0 1 0 0 0 0 0]
2025-02-23 18:48:59,313 - DEBUG -      2 |     2 |   2.0
2025-02-23 18:48:59,313 - DEBUG -     Sample: [0 0 0 0 1 1 0 0 0 1]
2025-02-23 18:48:59,313 - DEBUG -      3 |     2 |   2.0
2025-02-23 18:48:59,313 - DEBUG -     Sample: [0 0 1 0 0 1 1 0 0 1]
2025-02-23 18:48:59,314 - DEBUG -      4 |     2 |   2.0
2025-02-23 18:48:59,314 - DEBUG -     Sample: [0 1 0 1 0 1 1 1 0 0]
2025-02-23 18:48:59,314 - DEBUG -      5 |     2 |   2.0
2025-02-23 18:48:59,314 - DEBUG -     Sample: [1 0 0 1 0 1 0 1 1 0]
2025-02-23 18:48:59,314 - DEBUG - Generated 93 unique samples from 100 total measurements
2025-02-23 18:48:59,315 - INFO - Found feasible solution: [1 0 0 0 1 0 0 0 0 0] with objective value 31.0
2025-02-23 18:48:59,316 - INFO -   Found feasible solution:
2025-02-23 18:48:59,316 - INFO -     Solution: [1, 0, 0, 0, 1, 0, 0, 0, 0, 0]
2025-02-23 18:48:59,316 - INFO -     Value: 31.0
2025-02-23 18:48:59,317 - INFO -     Gap to reference: 0.00%
2025-02-23 18:48:59,317 - INFO -   Constraint generation solution found:
2025-02-23 18:48:59,317 - INFO -     Solution: [1, 0, 0, 0, 1, 0, 0, 0, 0, 0]
2025-02-23 18:48:59,317 - INFO -     Value: 31.0
2025-02-23 18:48:59,317 - INFO - 
Instance 38 results:
2025-02-23 18:48:59,317 - INFO -   Classical value: 31.0
2025-02-23 18:48:59,317 - INFO -   QAOA value: 169.0
2025-02-23 18:48:59,317 - INFO -   Constraint generation value: 31.0
2025-02-23 18:48:59,318 - INFO - 
Running instance 39/100
2025-02-23 18:48:59,320 - INFO - 
Running Classical Reference Solver (SCIP):
2025-02-23 18:48:59,320 - DEBUG - Problem dimensions: 20 constraints, 10 variables
2025-02-23 18:48:59,321 - DEBUG - Row names: ['ELEM1', 'ELEM2', 'ELEM3', 'ELEM4', 'ELEM5', 'ELEM6', 'ELEM7', 'ELEM8', 'ELEM9', 'ELEM10', 'ELEM11', 'ELEM12', 'ELEM13', 'ELEM14', 'ELEM15', 'ELEM16', 'ELEM17', 'ELEM18', 'ELEM19', 'ELEM20']
2025-02-23 18:48:59,321 - DEBUG - RHS values: {'ELEM1': 1.0, 'ELEM2': 1.0, 'ELEM3': 1.0, 'ELEM4': 1.0, 'ELEM5': 1.0, 'ELEM6': 1.0, 'ELEM7': 1.0, 'ELEM8': 1.0, 'ELEM9': 1.0, 'ELEM10': 1.0, 'ELEM11': 1.0, 'ELEM12': 1.0, 'ELEM13': 1.0, 'ELEM14': 1.0, 'ELEM15': 1.0, 'ELEM16': 1.0, 'ELEM17': 1.0, 'ELEM18': 1.0, 'ELEM19': 1.0, 'ELEM20': 1.0}
2025-02-23 18:48:59,331 - INFO -   Reference solution found:
2025-02-23 18:48:59,331 - INFO -     Solution: [1, 0, 0, 0, 0, 1, 0, 0, 0, 0]
2025-02-23 18:48:59,331 - INFO -     Value: 14.0
2025-02-23 18:48:59,331 - INFO - 
Running QAOA Reference Solution (with all constraints):
