
Problem information:
  Number of variables (n): 10
  Number of constraints (m): 20

Starting reference QAOA with parameters:
  sample_size (total shots): 100
Added all constraints
Found feasible solution: [0 0 0 1 0 0 1 0 0 0] with objective value 169.0
Found feasible solution:
  Solution: [0, 0, 0, 1, 0, 0, 1, 0, 0, 0]
  Value: 169.0
  QAOA solution found:
    Solution: [0, 0, 0, 1, 0, 0, 1, 0, 0, 0]
    Value: 169.0

Running Constraint Generation:

Problem information:
  Number of variables (n): 10
  Number of constraints (m): 20

Running classical reference solver:
  Reference solution found:
    Solution: [1, 0, 0, 0, 1, 0, 0, 0, 0, 0]
    Value: 31.0

Starting quantum constraint generation with parameters:
  sample_size (total shots): 100
  tau: 0.1
  max_iters: 1000

Iteration 0:
  No feasible solution found in this iteration
  Added 17 new constraints: [0, 1, 2, 3, 4, 5, 6, 8, 9, 10, 11, 12, 13, 15, 16, 18, 19]

Iteration 1:
Found feasible solution: [1 0 0 0 1 0 0 0 0 0] with objective value 31.0
  Found feasible solution:
    Solution: [1, 0, 0, 0, 1, 0, 0, 0, 0, 0]
    Value: 31.0
    Gap to reference: 0.00%
  Constraint generation solution found:
    Solution: [1, 0, 0, 0, 1, 0, 0, 0, 0, 0]
    Value: 31.0

Instance 38 results:
  Classical value: 31.0
  QAOA value: 169.0
  Constraint generation value: 31.0

Running instance 39/100

Running Classical Reference Solver (SCIP):
  Reference solution found:
    Solution: [1, 0, 0, 0, 0, 1, 0, 0, 0, 0]
    Value: 14.0

Running QAOA Reference Solution (with all constraints):
