
Problem information:
  Number of variables (n): 12
  Number of constraints (m): 40

Starting reference QAOA with parameters:
  sample_size (total shots): 1000
Added all constraints
No feasible solution found
  QAOA solver found no feasible solution

Running Constraint Generation:

Problem information:
  Number of variables (n): 12
  Number of constraints (m): 40

Running classical reference solver:
  Reference solution found:
    Solution: [0, 0, 0, 1, 0, 0, 0, 1, 0, 1, 1, 1]
    Value: 270.0

Starting quantum constraint generation with parameters:
  sample_size (total shots): 1000
  tau: 0.1
  max_iters: 1000

Iteration 0:
Circuit optimization did not converge
Circuit optimization did not converge
  No feasible solution found in this iteration
  Added 17 new constraints: [9, 11, 14, 15, 17, 21, 22, 23, 24, 25, 27, 33, 35, 36, 37, 38, 39]

Iteration 1:
Circuit optimization did not converge
Circuit optimization did not converge
  No feasible solution found in this iteration
  No new constraints added, lowered tau multiplier: 1.0 -> 0.9
  No new constraints added, lowered tau multiplier: 0.9 -> 0.8
  No new constraints added, lowered tau multiplier: 0.8 -> 0.7
  No new constraints added, lowered tau multiplier: 0.7 -> 0.6
  No new constraints added, lowered tau multiplier: 0.6 -> 0.5
  Added 15 new constraints: [1, 4, 6, 7, 10, 12, 13, 16, 18, 19, 26, 29, 30, 31, 34]

Iteration 2:
Circuit optimization did not converge
Circuit optimization did not converge
  No feasible solution found in this iteration
  No new constraints added, lowered tau multiplier: 1.0 -> 0.9
  No new constraints added, lowered tau multiplier: 0.9 -> 0.8
  No new constraints added, lowered tau multiplier: 0.8 -> 0.7
  No new constraints added, lowered tau multiplier: 0.7 -> 0.6
  No new constraints added, lowered tau multiplier: 0.6 -> 0.5
  No new constraints added, lowered tau multiplier: 0.5 -> 0.4
  Added 8 new constraints: [0, 2, 3, 5, 8, 20, 28, 32]

Iteration 3:
Circuit optimization did not converge
Circuit optimization did not converge
  No feasible solution found in this iteration
  All constraints added, exiting
  Constraint generation found no feasible solution

Instance 6 results:
  Classical value: 270.0
  QAOA value: 0.0
  Constraint generation value: 0.0

Running instance 7/100

Running Classical Reference Solver (SCIP):
  Reference solution found:
    Solution: [1, 0, 0, 0, 0, 0, 1, 1, 0, 1, 1, 0]
    Value: 280.0

Running QAOA Reference Solution (with all constraints):
