2025-02-23 18:56:05,095 - INFO - 
Problem information:
2025-02-23 18:56:05,095 - INFO -   Number of variables (n): 10
2025-02-23 18:56:05,095 - INFO -   Number of constraints (m): 20
2025-02-23 18:56:05,095 - DEBUG -   Density of A: 50.00%
2025-02-23 18:56:05,095 - INFO - 
Starting reference QAOA with parameters:
2025-02-23 18:56:05,096 - INFO -   sample_size (total shots): 100
2025-02-23 18:56:05,096 - INFO - Added all constraints
2025-02-23 18:56:05,096 - DEBUG - Generated Ising Hamiltonian
2025-02-23 18:56:05,306 - DEBUG - Optimizing QAOA circuit...
2025-02-23 18:56:07,076 - DEBUG - Circuit optimization successful
2025-02-23 18:56:07,076 - DEBUG - Circuit optimization successful, final value: -3532.02897102897
2025-02-23 18:56:07,076 - DEBUG - Sampling from optimized circuit...
2025-02-23 18:56:07,089 - DEBUG - Generated 93 unique samples from 100 total measurements
2025-02-23 18:56:07,089 - DEBUG - 
Top 5 most frequent samples:
2025-02-23 18:56:07,089 - DEBUG -   Rank | Count |   %   
2025-02-23 18:56:07,089 - DEBUG -   -----|-------|-------
2025-02-23 18:56:07,089 - DEBUG -      1 |     2 |   2.0
2025-02-23 18:56:07,089 - DEBUG -     Sample: [0 1 1 1 0 0 0 0 0 0]
2025-02-23 18:56:07,089 - DEBUG -      2 |     2 |   2.0
2025-02-23 18:56:07,090 - DEBUG -     Sample: [0 0 1 1 1 0 0 0 1 0]
2025-02-23 18:56:07,090 - DEBUG -      3 |     2 |   2.0
2025-02-23 18:56:07,090 - DEBUG -     Sample: [1 0 0 1 1 1 0 0 0 1]
2025-02-23 18:56:07,090 - DEBUG -      4 |     2 |   2.0
2025-02-23 18:56:07,090 - DEBUG -     Sample: [1 1 0 1 0 1 0 0 1 0]
2025-02-23 18:56:07,090 - DEBUG -      5 |     2 |   2.0
2025-02-23 18:56:07,090 - DEBUG -     Sample: [1 0 1 0 1 0 0 0 1 1]
2025-02-23 18:56:07,091 - DEBUG - Generated 93 unique samples from 100 total measurements
2025-02-23 18:56:07,091 - INFO - Found feasible solution: [0 0 0 0 0 0 0 1 0 1] with objective value 135.0
2025-02-23 18:56:07,092 - INFO - Found feasible solution: [0 1 0 0 1 0 0 0 0 0] with objective value 49.0
2025-02-23 18:56:07,093 - INFO - Found feasible solution: [0 0 0 1 0 0 0 0 1 0] with objective value 119.0
2025-02-23 18:56:07,093 - INFO - Found feasible solution: [0 0 1 0 0 1 0 0 0 0] with objective value 98.0
2025-02-23 18:56:07,093 - INFO - Found feasible solution: [1 0 0 0 0 0 1 0 0 0] with objective value 162.0
2025-02-23 18:56:07,094 - INFO - Found feasible solution:
2025-02-23 18:56:07,094 - INFO -   Solution: [0, 1, 0, 0, 1, 0, 0, 0, 0, 0]
2025-02-23 18:56:07,094 - INFO -   Value: 49.0
2025-02-23 18:56:07,095 - INFO -   QAOA solution found:
2025-02-23 18:56:07,095 - INFO -     Solution: [0, 1, 0, 0, 1, 0, 0, 0, 0, 0]
2025-02-23 18:56:07,095 - INFO -     Value: 49.0
2025-02-23 18:56:07,095 - INFO - 
Running Constraint Generation:
2025-02-23 18:56:07,096 - INFO - 
Problem information:
2025-02-23 18:56:07,096 - INFO -   Number of variables (n): 10
2025-02-23 18:56:07,096 - INFO -   Number of constraints (m): 20
2025-02-23 18:56:07,097 - DEBUG -   Density of A: 50.00%
2025-02-23 18:56:07,097 - INFO - 
Running classical reference solver:
2025-02-23 18:56:07,107 - INFO -   Reference solution found:
2025-02-23 18:56:07,108 - INFO -     Solution: [0, 1, 0, 0, 1, 0, 0, 0, 0, 0]
2025-02-23 18:56:07,108 - INFO -     Value: 49.0
2025-02-23 18:56:07,108 - INFO - 
Starting quantum constraint generation with parameters:
2025-02-23 18:56:07,108 - INFO -   sample_size (total shots): 100
2025-02-23 18:56:07,108 - INFO -   tau: 0.1
2025-02-23 18:56:07,108 - INFO -   max_iters: 1000
2025-02-23 18:56:07,108 - INFO - 
Iteration 0:
2025-02-23 18:56:07,109 - DEBUG - Generated Ising Hamiltonian
2025-02-23 18:56:07,306 - DEBUG - Optimizing QAOA circuit...
2025-02-23 18:56:08,207 - DEBUG - Circuit optimization successful
2025-02-23 18:56:08,207 - DEBUG - Circuit optimization successful, final value: -347.1158841158841
2025-02-23 18:56:08,207 - DEBUG - Sampling from optimized circuit...
2025-02-23 18:56:08,216 - DEBUG - Generated 24 unique samples from 100 total measurements
2025-02-23 18:56:08,216 - DEBUG - 
Top 5 most frequent samples:
2025-02-23 18:56:08,216 - DEBUG -   Rank | Count |   %   
2025-02-23 18:56:08,216 - DEBUG -   -----|-------|-------
2025-02-23 18:56:08,216 - DEBUG -      1 |    19 |  19.0
2025-02-23 18:56:08,216 - DEBUG -     Sample: [1 0 0 0 0 1 0 1 1 1]
2025-02-23 18:56:08,216 - DEBUG -      2 |    18 |  18.0
2025-02-23 18:56:08,217 - DEBUG -     Sample: [1 0 0 0 0 1 1 1 1 1]
2025-02-23 18:56:08,217 - DEBUG -      3 |    12 |  12.0
2025-02-23 18:56:08,217 - DEBUG -     Sample: [1 0 0 1 0 1 1 1 1 1]
2025-02-23 18:56:08,217 - DEBUG -      4 |     9 |   9.0
2025-02-23 18:56:08,217 - DEBUG -     Sample: [1 0 0 1 0 1 0 1 1 1]
2025-02-23 18:56:08,217 - DEBUG -      5 |     6 |   6.0
2025-02-23 18:56:08,217 - DEBUG -     Sample: [1 0 1 0 0 1 1 1 1 1]
2025-02-23 18:56:08,218 - DEBUG - Generated 24 unique samples from 100 total measurements
2025-02-23 18:56:08,218 - INFO -   No feasible solution found in this iteration
2025-02-23 18:56:08,218 - INFO -   Added 17 new constraints: [0, 1, 2, 3, 4, 5, 6, 8, 9, 10, 11, 12, 13, 15, 16, 17, 19]
2025-02-23 18:56:08,219 - INFO - 
Iteration 1:
2025-02-23 18:56:08,219 - DEBUG - Generated Ising Hamiltonian
2025-02-23 18:56:08,392 - DEBUG - Optimizing QAOA circuit...
2025-02-23 18:56:09,531 - DEBUG - Circuit optimization successful
2025-02-23 18:56:09,532 - DEBUG - Circuit optimization successful, final value: 63951.78471528471
2025-02-23 18:56:09,532 - DEBUG - Sampling from optimized circuit...
2025-02-23 18:56:09,542 - DEBUG - Generated 84 unique samples from 100 total measurements
2025-02-23 18:56:09,543 - DEBUG - 
Top 5 most frequent samples:
2025-02-23 18:56:09,543 - DEBUG -   Rank | Count |   %   
2025-02-23 18:56:09,543 - DEBUG -   -----|-------|-------
2025-02-23 18:56:09,543 - DEBUG -      1 |     4 |   4.0
2025-02-23 18:56:09,543 - DEBUG -     Sample: [1 0 0 1 0 0 1 0 1 1]
2025-02-23 18:56:09,543 - DEBUG -      2 |     3 |   3.0
2025-02-23 18:56:09,543 - DEBUG -     Sample: [1 0 0 1 1 0 0 0 1 1]
2025-02-23 18:56:09,543 - DEBUG -      3 |     3 |   3.0
2025-02-23 18:56:09,544 - DEBUG -     Sample: [1 0 1 1 1 1 0 0 1 1]
2025-02-23 18:56:09,544 - DEBUG -      4 |     2 |   2.0
2025-02-23 18:56:09,544 - DEBUG -     Sample: [0 0 0 1 1 1 1 0 1 1]
2025-02-23 18:56:09,544 - DEBUG -      5 |     2 |   2.0
2025-02-23 18:56:09,544 - DEBUG -     Sample: [1 0 0 1 1 0 0 1 1 1]
2025-02-23 18:56:09,544 - DEBUG - Generated 84 unique samples from 100 total measurements
2025-02-23 18:56:09,546 - INFO -   No feasible solution found in this iteration
2025-02-23 18:56:09,546 - INFO -   Added 1 new constraints: [7]
2025-02-23 18:56:09,546 - INFO - 
Iteration 2:
2025-02-23 18:56:09,546 - DEBUG - Generated Ising Hamiltonian
2025-02-23 18:56:09,733 - DEBUG - Optimizing QAOA circuit...
2025-02-23 18:56:11,357 - DEBUG - Circuit optimization successful
2025-02-23 18:56:11,357 - DEBUG - Circuit optimization successful, final value: 12347.565434565435
2025-02-23 18:56:11,358 - DEBUG - Sampling from optimized circuit...
2025-02-23 18:56:11,373 - DEBUG - Generated 93 unique samples from 100 total measurements
2025-02-23 18:56:11,373 - DEBUG - 
Top 5 most frequent samples:
2025-02-23 18:56:11,374 - DEBUG -   Rank | Count |   %   
2025-02-23 18:56:11,374 - DEBUG -   -----|-------|-------
2025-02-23 18:56:11,374 - DEBUG -      1 |     2 |   2.0
2025-02-23 18:56:11,374 - DEBUG -     Sample: [1 1 0 0 1 1 1 0 0 1]
2025-02-23 18:56:11,374 - DEBUG -      2 |     2 |   2.0
2025-02-23 18:56:11,375 - DEBUG -     Sample: [1 1 1 1 0 1 1 1 0 1]
2025-02-23 18:56:11,375 - DEBUG -      3 |     2 |   2.0
2025-02-23 18:56:11,375 - DEBUG -     Sample: [0 0 0 1 1 1 1 0 0 0]
2025-02-23 18:56:11,375 - DEBUG -      4 |     2 |   2.0
2025-02-23 18:56:11,375 - DEBUG -     Sample: [0 1 0 1 0 0 0 0 1 1]
2025-02-23 18:56:11,376 - DEBUG -      5 |     2 |   2.0
2025-02-23 18:56:11,376 - DEBUG -     Sample: [1 1 0 1 1 0 1 0 1 1]
2025-02-23 18:56:11,376 - DEBUG - Generated 93 unique samples from 100 total measurements
2025-02-23 18:56:11,378 - INFO - Found feasible solution: [0 0 0 0 0 0 0 1 0 1] with objective value 135.0
2025-02-23 18:56:11,379 - INFO -   Found feasible solution:
2025-02-23 18:56:11,379 - INFO -     Solution: [0, 0, 0, 0, 0, 0, 0, 1, 0, 1]
2025-02-23 18:56:11,379 - INFO -     Value: 135.0
2025-02-23 18:56:11,380 - INFO -     Gap to reference: 175.51%
2025-02-23 18:56:11,380 - INFO -   Constraint generation solution found:
2025-02-23 18:56:11,380 - INFO -     Solution: [0, 0, 0, 0, 0, 0, 0, 1, 0, 1]
2025-02-23 18:56:11,380 - INFO -     Value: 135.0
2025-02-23 18:56:11,380 - INFO - 
Instance 100 results:
2025-02-23 18:56:11,381 - INFO -   Classical value: 49.0
2025-02-23 18:56:11,381 - INFO -   QAOA value: 49.0
2025-02-23 18:56:11,381 - INFO -   Constraint generation value: 135.0
2025-02-23 18:56:13,490 - INFO - 
Comparison analysis completed. Results saved in: results/20250223_185611
