2025-02-23 18:44:53,073 - INFO - 
Problem information:
2025-02-23 18:44:53,074 - INFO -   Number of variables (n): 10
2025-02-23 18:44:53,074 - INFO -   Number of constraints (m): 20
2025-02-23 18:44:53,075 - DEBUG -   Density of A: 50.00%
2025-02-23 18:44:53,075 - INFO - 
Starting reference QAOA with parameters:
2025-02-23 18:44:53,075 - INFO -   sample_size (total shots): 100
2025-02-23 18:44:53,076 - INFO - Added all constraints
2025-02-23 18:44:53,077 - DEBUG - Generated Ising Hamiltonian
2025-02-23 18:44:53,280 - DEBUG - Optimizing QAOA circuit...
2025-02-23 18:44:54,975 - DEBUG - Circuit optimization successful
2025-02-23 18:44:54,975 - DEBUG - Circuit optimization successful, final value: 7973.078921078922
2025-02-23 18:44:54,975 - DEBUG - Sampling from optimized circuit...
2025-02-23 18:44:54,988 - DEBUG - Generated 98 unique samples from 100 total measurements
2025-02-23 18:44:54,989 - DEBUG - 
Top 5 most frequent samples:
2025-02-23 18:44:54,989 - DEBUG -   Rank | Count |   %   
2025-02-23 18:44:54,989 - DEBUG -   -----|-------|-------
2025-02-23 18:44:54,989 - DEBUG -      1 |     2 |   2.0
2025-02-23 18:44:54,989 - DEBUG -     Sample: [0 1 0 0 1 0 1 1 0 0]
2025-02-23 18:44:54,989 - DEBUG -      2 |     2 |   2.0
2025-02-23 18:44:54,990 - DEBUG -     Sample: [0 1 0 0 0 1 1 1 1 0]
2025-02-23 18:44:54,990 - DEBUG -      3 |     1 |   1.0
2025-02-23 18:44:54,990 - DEBUG -     Sample: [1 1 0 1 0 0 0 1 1 1]
2025-02-23 18:44:54,990 - DEBUG -      4 |     1 |   1.0
2025-02-23 18:44:54,990 - DEBUG -     Sample: [1 0 0 1 0 1 1 0 1 1]
2025-02-23 18:44:54,991 - DEBUG -      5 |     1 |   1.0
2025-02-23 18:44:54,991 - DEBUG -     Sample: [0 1 1 0 1 1 1 0 0 1]
2025-02-23 18:44:54,991 - DEBUG - Generated 98 unique samples from 100 total measurements
2025-02-23 18:44:54,993 - INFO - No feasible solution found
2025-02-23 18:44:54,994 - INFO -   QAOA solver found no feasible solution
2025-02-23 18:44:54,994 - INFO - 
Running Constraint Generation:
2025-02-23 18:44:54,995 - INFO - 
Problem information:
2025-02-23 18:44:54,995 - INFO -   Number of variables (n): 10
2025-02-23 18:44:54,996 - INFO -   Number of constraints (m): 20
2025-02-23 18:44:54,996 - DEBUG -   Density of A: 50.00%
2025-02-23 18:44:54,996 - INFO - 
Running classical reference solver:
2025-02-23 18:44:55,005 - INFO -   Reference solution found:
2025-02-23 18:44:55,006 - INFO -     Solution: [0, 0, 0, 0, 0, 0, 0, 0, 1, 1]
2025-02-23 18:44:55,006 - INFO -     Value: 23.0
2025-02-23 18:44:55,006 - INFO - 
Starting quantum constraint generation with parameters:
2025-02-23 18:44:55,006 - INFO -   sample_size (total shots): 100
2025-02-23 18:44:55,006 - INFO -   tau: 0.1
2025-02-23 18:44:55,007 - INFO -   max_iters: 1000
2025-02-23 18:44:55,007 - INFO - 
Iteration 0:
2025-02-23 18:44:55,007 - DEBUG - Generated Ising Hamiltonian
2025-02-23 18:44:55,247 - DEBUG - Optimizing QAOA circuit...
2025-02-23 18:44:56,242 - DEBUG - Circuit optimization successful
2025-02-23 18:44:56,242 - DEBUG - Circuit optimization successful, final value: -23.977022977022976
2025-02-23 18:44:56,242 - DEBUG - Sampling from optimized circuit...
2025-02-23 18:44:56,252 - DEBUG - Generated 92 unique samples from 100 total measurements
2025-02-23 18:44:56,252 - DEBUG - 
Top 5 most frequent samples:
2025-02-23 18:44:56,253 - DEBUG -   Rank | Count |   %   
2025-02-23 18:44:56,253 - DEBUG -   -----|-------|-------
2025-02-23 18:44:56,253 - DEBUG -      1 |     3 |   3.0
2025-02-23 18:44:56,253 - DEBUG -     Sample: [1 1 0 0 0 1 0 0 1 1]
2025-02-23 18:44:56,254 - DEBUG -      2 |     3 |   3.0
2025-02-23 18:44:56,254 - DEBUG -     Sample: [1 1 1 0 1 1 0 0 1 1]
2025-02-23 18:44:56,254 - DEBUG -      3 |     2 |   2.0
2025-02-23 18:44:56,254 - DEBUG -     Sample: [0 1 0 0 1 1 0 1 1 1]
2025-02-23 18:44:56,254 - DEBUG -      4 |     2 |   2.0
2025-02-23 18:44:56,255 - DEBUG -     Sample: [0 0 0 1 0 1 0 0 1 0]
2025-02-23 18:44:56,255 - DEBUG -      5 |     2 |   2.0
2025-02-23 18:44:56,255 - DEBUG -     Sample: [1 1 0 0 0 0 0 0 1 1]
2025-02-23 18:44:56,256 - DEBUG - Generated 92 unique samples from 100 total measurements
2025-02-23 18:44:56,258 - INFO -   No feasible solution found in this iteration
2025-02-23 18:44:56,259 - INFO -   Added 5 new constraints: [2, 6, 8, 10, 18]
2025-02-23 18:44:56,259 - INFO - 
Iteration 1:
2025-02-23 18:44:56,259 - DEBUG - Generated Ising Hamiltonian
2025-02-23 18:44:56,475 - DEBUG - Optimizing QAOA circuit...
2025-02-23 18:44:57,753 - DEBUG - Circuit optimization successful
2025-02-23 18:44:57,753 - DEBUG - Circuit optimization successful, final value: -2153.5169830169834
2025-02-23 18:44:57,754 - DEBUG - Sampling from optimized circuit...
2025-02-23 18:44:57,767 - DEBUG - Generated 90 unique samples from 100 total measurements
2025-02-23 18:44:57,767 - DEBUG - 
Top 5 most frequent samples:
2025-02-23 18:44:57,767 - DEBUG -   Rank | Count |   %   
2025-02-23 18:44:57,767 - DEBUG -   -----|-------|-------
2025-02-23 18:44:57,767 - DEBUG -      1 |     3 |   3.0
2025-02-23 18:44:57,768 - DEBUG -     Sample: [0 0 1 1 0 1 0 0 1 0]
2025-02-23 18:44:57,768 - DEBUG -      2 |     3 |   3.0
2025-02-23 18:44:57,768 - DEBUG -     Sample: [1 1 1 1 1 1 1 0 1 0]
2025-02-23 18:44:57,768 - DEBUG -      3 |     3 |   3.0
2025-02-23 18:44:57,769 - DEBUG -     Sample: [0 0 1 1 0 0 1 1 0 0]
2025-02-23 18:44:57,769 - DEBUG -      4 |     2 |   2.0
2025-02-23 18:44:57,769 - DEBUG -     Sample: [1 0 1 1 1 0 1 1 0 0]
2025-02-23 18:44:57,769 - DEBUG -      5 |     2 |   2.0
2025-02-23 18:44:57,770 - DEBUG -     Sample: [0 1 1 1 1 1 1 1 0 0]
2025-02-23 18:44:57,770 - DEBUG - Generated 90 unique samples from 100 total measurements
2025-02-23 18:44:57,771 - INFO -   No feasible solution found in this iteration
2025-02-23 18:44:57,772 - INFO -   Added 2 new constraints: [5, 9]
2025-02-23 18:44:57,772 - INFO - 
Iteration 2:
2025-02-23 18:44:57,772 - DEBUG - Generated Ising Hamiltonian
2025-02-23 18:44:57,969 - DEBUG - Optimizing QAOA circuit...
2025-02-23 18:44:59,131 - DEBUG - Circuit optimization successful
2025-02-23 18:44:59,131 - DEBUG - Circuit optimization successful, final value: -5664.081418581418
2025-02-23 18:44:59,131 - DEBUG - Sampling from optimized circuit...
2025-02-23 18:44:59,143 - DEBUG - Generated 82 unique samples from 100 total measurements
2025-02-23 18:44:59,143 - DEBUG - 
Top 5 most frequent samples:
2025-02-23 18:44:59,143 - DEBUG -   Rank | Count |   %   
2025-02-23 18:44:59,143 - DEBUG -   -----|-------|-------
2025-02-23 18:44:59,143 - DEBUG -      1 |     4 |   4.0
2025-02-23 18:44:59,143 - DEBUG -     Sample: [1 0 0 0 0 1 0 0 0 1]
2025-02-23 18:44:59,143 - DEBUG -      2 |     3 |   3.0
2025-02-23 18:44:59,144 - DEBUG -     Sample: [1 1 0 0 0 1 1 0 1 0]
2025-02-23 18:44:59,144 - DEBUG -      3 |     3 |   3.0
2025-02-23 18:44:59,144 - DEBUG -     Sample: [1 0 0 0 0 1 1 1 0 0]
2025-02-23 18:44:59,144 - DEBUG -      4 |     2 |   2.0
2025-02-23 18:44:59,145 - DEBUG -     Sample: [1 0 0 0 0 0 1 0 0 0]
2025-02-23 18:44:59,145 - DEBUG -      5 |     2 |   2.0
2025-02-23 18:44:59,145 - DEBUG -     Sample: [1 0 1 0 1 0 1 1 1 1]
2025-02-23 18:44:59,146 - DEBUG - Generated 82 unique samples from 100 total measurements
2025-02-23 18:44:59,147 - INFO -   No feasible solution found in this iteration
2025-02-23 18:44:59,148 - INFO -   No new constraints added, lowered tau multiplier: 1.0 -> 0.9
2025-02-23 18:44:59,148 - INFO -   Added 6 new constraints: [4, 7, 11, 12, 13, 15]
2025-02-23 18:44:59,148 - INFO - 
Iteration 3:
2025-02-23 18:44:59,148 - DEBUG - Generated Ising Hamiltonian
2025-02-23 18:44:59,331 - DEBUG - Optimizing QAOA circuit...
2025-02-23 18:45:00,586 - DEBUG - Circuit optimization successful
2025-02-23 18:45:00,586 - DEBUG - Circuit optimization successful, final value: -5036.1443556443555
2025-02-23 18:45:00,586 - DEBUG - Sampling from optimized circuit...
2025-02-23 18:45:00,600 - DEBUG - Generated 86 unique samples from 100 total measurements
2025-02-23 18:45:00,600 - DEBUG - 
Top 5 most frequent samples:
2025-02-23 18:45:00,600 - DEBUG -   Rank | Count |   %   
2025-02-23 18:45:00,600 - DEBUG -   -----|-------|-------
2025-02-23 18:45:00,600 - DEBUG -      1 |     3 |   3.0
2025-02-23 18:45:00,601 - DEBUG -     Sample: [1 0 0 1 1 1 0 0 1 1]
2025-02-23 18:45:00,601 - DEBUG -      2 |     2 |   2.0
2025-02-23 18:45:00,601 - DEBUG -     Sample: [1 0 0 1 0 0 0 1 1 0]
2025-02-23 18:45:00,601 - DEBUG -      3 |     2 |   2.0
2025-02-23 18:45:00,601 - DEBUG -     Sample: [1 0 0 1 1 0 0 0 1 0]
2025-02-23 18:45:00,602 - DEBUG -      4 |     2 |   2.0
2025-02-23 18:45:00,602 - DEBUG -     Sample: [1 0 0 1 0 0 0 1 0 0]
2025-02-23 18:45:00,602 - DEBUG -      5 |     2 |   2.0
2025-02-23 18:45:00,602 - DEBUG -     Sample: [1 0 0 0 0 1 1 1 1 0]
2025-02-23 18:45:00,603 - DEBUG - Generated 86 unique samples from 100 total measurements
2025-02-23 18:45:00,604 - INFO -   No feasible solution found in this iteration
2025-02-23 18:45:00,605 - INFO -   Added 1 new constraints: [16]
2025-02-23 18:45:00,605 - INFO - 
Iteration 4:
2025-02-23 18:45:00,605 - DEBUG - Generated Ising Hamiltonian
2025-02-23 18:45:00,813 - DEBUG - Optimizing QAOA circuit...
2025-02-23 18:45:02,157 - DEBUG - Circuit optimization successful
2025-02-23 18:45:02,158 - DEBUG - Circuit optimization successful, final value: 9157.334665334665
2025-02-23 18:45:02,158 - DEBUG - Sampling from optimized circuit...
2025-02-23 18:45:02,171 - DEBUG - Generated 84 unique samples from 100 total measurements
2025-02-23 18:45:02,171 - DEBUG - 
Top 5 most frequent samples:
2025-02-23 18:45:02,171 - DEBUG -   Rank | Count |   %   
2025-02-23 18:45:02,171 - DEBUG -   -----|-------|-------
2025-02-23 18:45:02,171 - DEBUG -      1 |     5 |   5.0
2025-02-23 18:45:02,172 - DEBUG -     Sample: [0 1 1 0 0 0 0 0 0 1]
2025-02-23 18:45:02,172 - DEBUG -      2 |     3 |   3.0
2025-02-23 18:45:02,172 - DEBUG -     Sample: [0 1 1 1 1 1 0 1 1 1]
2025-02-23 18:45:02,172 - DEBUG -      3 |     3 |   3.0
2025-02-23 18:45:02,172 - DEBUG -     Sample: [0 1 0 0 1 0 1 0 1 1]
2025-02-23 18:45:02,172 - DEBUG -      4 |     2 |   2.0
2025-02-23 18:45:02,172 - DEBUG -     Sample: [1 1 1 1 0 0 1 0 0 1]
2025-02-23 18:45:02,173 - DEBUG -      5 |     2 |   2.0
2025-02-23 18:45:02,173 - DEBUG -     Sample: [0 1 0 1 0 0 1 0 1 1]
2025-02-23 18:45:02,173 - DEBUG - Generated 84 unique samples from 100 total measurements
2025-02-23 18:45:02,174 - INFO - Found feasible solution: [0 0 1 0 0 1 0 0 0 0] with objective value 74.0
2025-02-23 18:45:02,175 - INFO -   Found feasible solution:
2025-02-23 18:45:02,175 - INFO -     Solution: [0, 0, 1, 0, 0, 1, 0, 0, 0, 0]
2025-02-23 18:45:02,175 - INFO -     Value: 74.0
2025-02-23 18:45:02,175 - INFO -     Gap to reference: 221.74%
2025-02-23 18:45:02,176 - INFO -   Constraint generation solution found:
2025-02-23 18:45:02,176 - INFO -     Solution: [0, 0, 1, 0, 0, 1, 0, 0, 0, 0]
2025-02-23 18:45:02,176 - INFO -     Value: 74.0
2025-02-23 18:45:02,176 - INFO - 
Instance 3 results:
2025-02-23 18:45:02,176 - INFO -   Classical value: 23.0
2025-02-23 18:45:02,176 - INFO -   QAOA value: 0.0
2025-02-23 18:45:02,176 - INFO -   Constraint generation value: 74.0
2025-02-23 18:45:02,177 - INFO - 
Running instance 4/100
2025-02-23 18:45:02,178 - INFO - 
Running Classical Reference Solver (SCIP):
2025-02-23 18:45:02,179 - DEBUG - Problem dimensions: 20 constraints, 10 variables
2025-02-23 18:45:02,179 - DEBUG - Row names: ['ELEM1', 'ELEM2', 'ELEM3', 'ELEM4', 'ELEM5', 'ELEM6', 'ELEM7', 'ELEM8', 'ELEM9', 'ELEM10', 'ELEM11', 'ELEM12', 'ELEM13', 'ELEM14', 'ELEM15', 'ELEM16', 'ELEM17', 'ELEM18', 'ELEM19', 'ELEM20']
2025-02-23 18:45:02,179 - DEBUG - RHS values: {'ELEM1': 1.0, 'ELEM2': 1.0, 'ELEM3': 1.0, 'ELEM4': 1.0, 'ELEM5': 1.0, 'ELEM6': 1.0, 'ELEM7': 1.0, 'ELEM8': 1.0, 'ELEM9': 1.0, 'ELEM10': 1.0, 'ELEM11': 1.0, 'ELEM12': 1.0, 'ELEM13': 1.0, 'ELEM14': 1.0, 'ELEM15': 1.0, 'ELEM16': 1.0, 'ELEM17': 1.0, 'ELEM18': 1.0, 'ELEM19': 1.0, 'ELEM20': 1.0}
2025-02-23 18:45:02,189 - INFO -   Reference solution found:
2025-02-23 18:45:02,189 - INFO -     Solution: [0, 0, 0, 0, 0, 0, 0, 0, 1, 1]
2025-02-23 18:45:02,189 - INFO -     Value: 74.0
2025-02-23 18:45:02,189 - INFO - 
Running QAOA Reference Solution (with all constraints):
