2025-02-23 18:42:47,511 - INFO - 
Problem information:
2025-02-23 18:42:47,512 - INFO -   Number of variables (n): 15
2025-02-23 18:42:47,512 - INFO -   Number of constraints (m): 60
2025-02-23 18:42:47,512 - DEBUG -   Density of A: 15.33%
2025-02-23 18:42:47,512 - INFO - 
Starting reference QAOA with parameters:
2025-02-23 18:42:47,512 - INFO -   sample_size (total shots): 500
2025-02-23 18:42:47,513 - INFO - Added all constraints
2025-02-23 18:42:47,513 - DEBUG - Generated Ising Hamiltonian
2025-02-23 18:42:47,694 - DEBUG - Optimizing QAOA circuit...
2025-02-23 18:42:50,887 - DEBUG - Circuit optimization successful
2025-02-23 18:42:50,888 - DEBUG - Circuit optimization successful, final value: 13552.496003996002
2025-02-23 18:42:50,888 - DEBUG - Sampling from optimized circuit...
2025-02-23 18:42:50,916 - DEBUG - Generated 498 unique samples from 500 total measurements
2025-02-23 18:42:50,916 - DEBUG - 
Top 5 most frequent samples:
2025-02-23 18:42:50,916 - DEBUG -   Rank | Count |   %   
2025-02-23 18:42:50,916 - DEBUG -   -----|-------|-------
2025-02-23 18:42:50,916 - DEBUG -      1 |     2 |   0.4
2025-02-23 18:42:50,917 - DEBUG -     Sample: [0 0 0 1 1 0 1 1 0 0 1 1 0 0 1]
2025-02-23 18:42:50,917 - DEBUG -      2 |     2 |   0.4
2025-02-23 18:42:50,917 - DEBUG -     Sample: [1 1 1 0 1 0 0 1 0 1 0 1 1 1 1]
2025-02-23 18:42:50,917 - DEBUG -      3 |     1 |   0.2
2025-02-23 18:42:50,917 - DEBUG -     Sample: [1 0 0 0 0 0 1 1 0 0 0 0 0 0 1]
2025-02-23 18:42:50,917 - DEBUG -      4 |     1 |   0.2
2025-02-23 18:42:50,918 - DEBUG -     Sample: [0 0 0 1 1 0 1 0 1 1 0 1 0 0 1]
2025-02-23 18:42:50,918 - DEBUG -      5 |     1 |   0.2
2025-02-23 18:42:50,918 - DEBUG -     Sample: [1 0 1 1 1 0 0 0 0 1 1 1 1 1 1]
2025-02-23 18:42:50,919 - DEBUG - Generated 498 unique samples from 500 total measurements
2025-02-23 18:42:50,928 - INFO - No feasible solution found
2025-02-23 18:42:50,929 - INFO -   QAOA solver found no feasible solution
2025-02-23 18:42:50,929 - INFO - 
Running Constraint Generation:
2025-02-23 18:42:50,931 - INFO - 
Problem information:
2025-02-23 18:42:50,931 - INFO -   Number of variables (n): 15
2025-02-23 18:42:50,931 - INFO -   Number of constraints (m): 60
2025-02-23 18:42:50,931 - DEBUG -   Density of A: 15.33%
2025-02-23 18:42:50,931 - INFO - 
Running classical reference solver:
2025-02-23 18:42:50,941 - INFO -   Reference solution found:
2025-02-23 18:42:50,941 - INFO -     Solution: [0, 0, 0, 0, 0, 1, 1, 0, 0, 1, 1, 0, 1, 1, 0]
2025-02-23 18:42:50,942 - INFO -     Value: 256.0
2025-02-23 18:42:50,942 - INFO - 
Starting quantum constraint generation with parameters:
2025-02-23 18:42:50,942 - INFO -   sample_size (total shots): 500
2025-02-23 18:42:50,942 - INFO -   tau: 0.1
2025-02-23 18:42:50,943 - INFO -   max_iters: 1000
2025-02-23 18:42:50,943 - INFO - 
Iteration 0:
2025-02-23 18:42:50,943 - DEBUG - Generated Ising Hamiltonian
2025-02-23 18:42:51,133 - DEBUG - Optimizing QAOA circuit...
2025-02-23 18:42:52,351 - DEBUG - Circuit optimization successful
2025-02-23 18:42:52,351 - DEBUG - Circuit optimization successful, final value: -262.8901098901099
2025-02-23 18:42:52,352 - DEBUG - Sampling from optimized circuit...
2025-02-23 18:42:52,368 - DEBUG - Generated 162 unique samples from 500 total measurements
2025-02-23 18:42:52,368 - DEBUG - 
Top 5 most frequent samples:
2025-02-23 18:42:52,368 - DEBUG -   Rank | Count |   %   
2025-02-23 18:42:52,369 - DEBUG -   -----|-------|-------
2025-02-23 18:42:52,369 - DEBUG -      1 |    64 |  12.8
2025-02-23 18:42:52,369 - DEBUG -     Sample: [0 0 1 1 1 0 1 1 0 0 1 0 1 1 1]
2025-02-23 18:42:52,369 - DEBUG -      2 |    55 |  11.0
2025-02-23 18:42:52,369 - DEBUG -     Sample: [0 1 1 1 1 0 1 1 0 0 1 0 1 1 1]
2025-02-23 18:42:52,370 - DEBUG -      3 |    18 |   3.6
2025-02-23 18:42:52,370 - DEBUG -     Sample: [0 1 1 1 1 0 1 1 0 0 1 0 0 1 1]
2025-02-23 18:42:52,370 - DEBUG -      4 |    15 |   3.0
2025-02-23 18:42:52,370 - DEBUG -     Sample: [0 0 1 0 1 0 1 1 0 0 1 0 1 1 1]
2025-02-23 18:42:52,370 - DEBUG -      5 |    14 |   2.8
2025-02-23 18:42:52,371 - DEBUG -     Sample: [0 0 1 1 1 0 1 1 0 1 1 0 1 1 1]
2025-02-23 18:42:52,372 - DEBUG - Generated 162 unique samples from 500 total measurements
2025-02-23 18:42:52,374 - INFO -   No feasible solution found in this iteration
2025-02-23 18:42:52,375 - INFO -   Added 2 new constraints: [1, 49]
2025-02-23 18:42:52,375 - INFO - 
Iteration 1:
2025-02-23 18:42:52,376 - DEBUG - Generated Ising Hamiltonian
2025-02-23 18:42:52,599 - DEBUG - Optimizing QAOA circuit...
2025-02-23 18:42:54,094 - DEBUG - Circuit optimization successful
2025-02-23 18:42:54,095 - DEBUG - Circuit optimization successful, final value: -4861.454545454546
2025-02-23 18:42:54,095 - DEBUG - Sampling from optimized circuit...
2025-02-23 18:42:54,117 - DEBUG - Generated 351 unique samples from 500 total measurements
2025-02-23 18:42:54,117 - DEBUG - 
Top 5 most frequent samples:
2025-02-23 18:42:54,117 - DEBUG -   Rank | Count |   %   
2025-02-23 18:42:54,117 - DEBUG -   -----|-------|-------
2025-02-23 18:42:54,117 - DEBUG -      1 |    11 |   2.2
2025-02-23 18:42:54,118 - DEBUG -     Sample: [0 1 0 1 1 1 0 1 0 0 0 0 0 1 1]
2025-02-23 18:42:54,118 - DEBUG -      2 |     6 |   1.2
2025-02-23 18:42:54,118 - DEBUG -     Sample: [0 1 0 1 1 1 0 1 0 1 0 0 0 1 1]
2025-02-23 18:42:54,118 - DEBUG -      3 |     6 |   1.2
2025-02-23 18:42:54,118 - DEBUG -     Sample: [0 1 0 1 1 1 0 1 0 0 0 0 1 1 1]
2025-02-23 18:42:54,118 - DEBUG -      4 |     6 |   1.2
2025-02-23 18:42:54,118 - DEBUG -     Sample: [0 1 0 1 1 1 0 1 0 0 0 0 0 1 0]
2025-02-23 18:42:54,119 - DEBUG -      5 |     6 |   1.2
2025-02-23 18:42:54,119 - DEBUG -     Sample: [0 0 0 1 1 1 0 1 1 1 0 0 0 1 1]
2025-02-23 18:42:54,120 - DEBUG - Generated 351 unique samples from 500 total measurements
2025-02-23 18:42:54,126 - INFO -   No feasible solution found in this iteration
2025-02-23 18:42:54,127 - INFO -   Added 1 new constraints: [3]
2025-02-23 18:42:54,127 - INFO - 
Iteration 2:
2025-02-23 18:42:54,128 - DEBUG - Generated Ising Hamiltonian
2025-02-23 18:42:54,342 - DEBUG - Optimizing QAOA circuit...
2025-02-23 18:42:55,826 - DEBUG - Circuit optimization successful
2025-02-23 18:42:55,827 - DEBUG - Circuit optimization successful, final value: -8290.313436563436
2025-02-23 18:42:55,827 - DEBUG - Sampling from optimized circuit...
2025-02-23 18:42:55,848 - DEBUG - Generated 274 unique samples from 500 total measurements
2025-02-23 18:42:55,848 - DEBUG - 
Top 5 most frequent samples:
2025-02-23 18:42:55,848 - DEBUG -   Rank | Count |   %   
2025-02-23 18:42:55,848 - DEBUG -   -----|-------|-------
2025-02-23 18:42:55,848 - DEBUG -      1 |    16 |   3.2
2025-02-23 18:42:55,849 - DEBUG -     Sample: [1 0 0 0 1 1 1 0 0 0 1 0 1 1 1]
2025-02-23 18:42:55,849 - DEBUG -      2 |    13 |   2.6
2025-02-23 18:42:55,849 - DEBUG -     Sample: [1 0 0 0 1 0 1 0 0 0 1 0 1 1 1]
2025-02-23 18:42:55,849 - DEBUG -      3 |    13 |   2.6
2025-02-23 18:42:55,849 - DEBUG -     Sample: [1 0 0 1 1 0 1 0 0 0 1 0 1 1 1]
2025-02-23 18:42:55,849 - DEBUG -      4 |     9 |   1.8
2025-02-23 18:42:55,850 - DEBUG -     Sample: [1 0 0 1 1 1 1 0 0 0 1 0 1 1 1]
2025-02-23 18:42:55,850 - DEBUG -      5 |     8 |   1.6
2025-02-23 18:42:55,850 - DEBUG -     Sample: [1 0 0 0 1 0 1 0 0 0 1 1 1 1 1]
2025-02-23 18:42:55,851 - DEBUG - Generated 274 unique samples from 500 total measurements
2025-02-23 18:42:55,856 - INFO -   No feasible solution found in this iteration
2025-02-23 18:42:55,857 - INFO -   Added 2 new constraints: [8, 30]
2025-02-23 18:42:55,857 - INFO - 
Iteration 3:
2025-02-23 18:42:55,857 - DEBUG - Generated Ising Hamiltonian
2025-02-23 18:42:56,092 - DEBUG - Optimizing QAOA circuit...
2025-02-23 18:42:57,681 - DEBUG - Circuit optimization successful
2025-02-23 18:42:57,681 - DEBUG - Circuit optimization successful, final value: 4339.51123876124
2025-02-23 18:42:57,682 - DEBUG - Sampling from optimized circuit...
2025-02-23 18:42:57,705 - DEBUG - Generated 393 unique samples from 500 total measurements
2025-02-23 18:42:57,705 - DEBUG - 
Top 5 most frequent samples:
2025-02-23 18:42:57,706 - DEBUG -   Rank | Count |   %   
2025-02-23 18:42:57,706 - DEBUG -   -----|-------|-------
2025-02-23 18:42:57,707 - DEBUG -      1 |     8 |   1.6
2025-02-23 18:42:57,707 - DEBUG -     Sample: [1 0 0 0 0 0 0 0 1 1 0 1 1 1 1]
2025-02-23 18:42:57,707 - DEBUG -      2 |     6 |   1.2
2025-02-23 18:42:57,707 - DEBUG -     Sample: [1 0 0 1 0 1 1 0 1 1 0 1 1 0 1]
2025-02-23 18:42:57,707 - DEBUG -      3 |     6 |   1.2
2025-02-23 18:42:57,708 - DEBUG -     Sample: [1 0 0 1 0 0 1 0 0 1 0 1 1 0 1]
2025-02-23 18:42:57,708 - DEBUG -      4 |     6 |   1.2
2025-02-23 18:42:57,708 - DEBUG -     Sample: [1 0 0 0 0 0 1 0 1 1 0 1 1 1 0]
2025-02-23 18:42:57,708 - DEBUG -      5 |     5 |   1.0
2025-02-23 18:42:57,709 - DEBUG -     Sample: [1 0 0 1 0 0 0 0 1 1 1 1 1 1 0]
2025-02-23 18:42:57,710 - DEBUG - Generated 393 unique samples from 500 total measurements
2025-02-23 18:42:57,717 - INFO -   No feasible solution found in this iteration
2025-02-23 18:42:57,718 - INFO -   Added 1 new constraints: [20]
2025-02-23 18:42:57,718 - INFO - 
Iteration 4:
2025-02-23 18:42:57,718 - DEBUG - Generated Ising Hamiltonian
2025-02-23 18:42:57,927 - DEBUG - Optimizing QAOA circuit...
2025-02-23 18:42:59,631 - DEBUG - Circuit optimization successful
2025-02-23 18:42:59,632 - DEBUG - Circuit optimization successful, final value: -12981.235764235764
2025-02-23 18:42:59,632 - DEBUG - Sampling from optimized circuit...
2025-02-23 18:42:59,662 - DEBUG - Generated 389 unique samples from 500 total measurements
2025-02-23 18:42:59,663 - DEBUG - 
Top 5 most frequent samples:
2025-02-23 18:42:59,663 - DEBUG -   Rank | Count |   %   
2025-02-23 18:42:59,663 - DEBUG -   -----|-------|-------
2025-02-23 18:42:59,663 - DEBUG -      1 |     6 |   1.2
2025-02-23 18:42:59,664 - DEBUG -     Sample: [1 0 0 0 0 0 0 0 1 0 0 1 1 0 0]
2025-02-23 18:42:59,664 - DEBUG -      2 |     6 |   1.2
2025-02-23 18:42:59,664 - DEBUG -     Sample: [1 0 0 0 0 0 1 0 1 0 0 1 1 0 0]
2025-02-23 18:42:59,664 - DEBUG -      3 |     5 |   1.0
2025-02-23 18:42:59,664 - DEBUG -     Sample: [0 0 0 0 1 0 1 0 0 0 0 1 1 0 0]
2025-02-23 18:42:59,664 - DEBUG -      4 |     5 |   1.0
2025-02-23 18:42:59,665 - DEBUG -     Sample: [1 0 0 0 0 0 0 0 0 0 0 1 1 0 0]
2025-02-23 18:42:59,665 - DEBUG -      5 |     5 |   1.0
2025-02-23 18:42:59,665 - DEBUG -     Sample: [1 0 0 0 0 0 1 0 0 0 1 1 1 0 0]
2025-02-23 18:42:59,667 - DEBUG - Generated 389 unique samples from 500 total measurements
2025-02-23 18:42:59,676 - INFO -   No feasible solution found in this iteration
2025-02-23 18:42:59,677 - INFO -   Added 1 new constraints: [34]
2025-02-23 18:42:59,678 - INFO - 
Iteration 5:
2025-02-23 18:42:59,678 - DEBUG - Generated Ising Hamiltonian
2025-02-23 18:42:59,909 - DEBUG - Optimizing QAOA circuit...
2025-02-23 18:43:01,489 - DEBUG - Circuit optimization successful
2025-02-23 18:43:01,489 - DEBUG - Circuit optimization successful, final value: 24979.793956043955
2025-02-23 18:43:01,489 - DEBUG - Sampling from optimized circuit...
2025-02-23 18:43:01,510 - DEBUG - Generated 256 unique samples from 500 total measurements
2025-02-23 18:43:01,511 - DEBUG - 
Top 5 most frequent samples:
2025-02-23 18:43:01,511 - DEBUG -   Rank | Count |   %   
2025-02-23 18:43:01,511 - DEBUG -   -----|-------|-------
2025-02-23 18:43:01,511 - DEBUG -      1 |    21 |   4.2
2025-02-23 18:43:01,511 - DEBUG -     Sample: [0 1 1 0 0 1 0 0 1 0 1 1 0 1 0]
2025-02-23 18:43:01,511 - DEBUG -      2 |    17 |   3.4
2025-02-23 18:43:01,511 - DEBUG -     Sample: [1 1 1 0 0 1 0 0 1 0 1 1 0 1 0]
2025-02-23 18:43:01,511 - DEBUG -      3 |    13 |   2.6
2025-02-23 18:43:01,512 - DEBUG -     Sample: [1 1 1 0 0 1 1 0 1 0 1 1 0 1 0]
2025-02-23 18:43:01,512 - DEBUG -      4 |    13 |   2.6
2025-02-23 18:43:01,512 - DEBUG -     Sample: [0 1 1 0 0 1 0 1 1 0 1 1 0 1 0]
2025-02-23 18:43:01,513 - DEBUG -      5 |    11 |   2.2
2025-02-23 18:43:01,513 - DEBUG -     Sample: [0 1 1 0 0 1 0 0 1 0 1 1 0 1 1]
2025-02-23 18:43:01,514 - DEBUG - Generated 256 unique samples from 500 total measurements
2025-02-23 18:43:01,519 - INFO -   No feasible solution found in this iteration
2025-02-23 18:43:01,519 - INFO -   No new constraints added, lowered tau multiplier: 1.0 -> 0.9
2025-02-23 18:43:01,519 - INFO -   Added 1 new constraints: [11]
2025-02-23 18:43:01,520 - INFO - 
Iteration 6:
2025-02-23 18:43:01,520 - DEBUG - Generated Ising Hamiltonian
2025-02-23 18:43:01,724 - DEBUG - Optimizing QAOA circuit...
2025-02-23 18:43:03,822 - DEBUG - Circuit optimization successful
2025-02-23 18:43:03,822 - DEBUG - Circuit optimization successful, final value: 2280.085914085914
2025-02-23 18:43:03,822 - DEBUG - Sampling from optimized circuit...
2025-02-23 18:43:03,850 - DEBUG - Generated 482 unique samples from 500 total measurements
2025-02-23 18:43:03,850 - DEBUG - 
Top 5 most frequent samples:
2025-02-23 18:43:03,850 - DEBUG -   Rank | Count |   %   
2025-02-23 18:43:03,850 - DEBUG -   -----|-------|-------
2025-02-23 18:43:03,851 - DEBUG -      1 |     3 |   0.6
2025-02-23 18:43:03,851 - DEBUG -     Sample: [0 1 0 1 0 1 1 1 1 1 0 1 1 1 1]
2025-02-23 18:43:03,851 - DEBUG -      2 |     2 |   0.4
2025-02-23 18:43:03,851 - DEBUG -     Sample: [0 1 0 1 0 0 1 0 0 1 0 0 1 1 1]
2025-02-23 18:43:03,851 - DEBUG -      3 |     2 |   0.4
2025-02-23 18:43:03,852 - DEBUG -     Sample: [0 1 0 1 1 0 1 1 0 0 1 0 0 0 1]
2025-02-23 18:43:03,852 - DEBUG -      4 |     2 |   0.4
2025-02-23 18:43:03,852 - DEBUG -     Sample: [0 1 0 0 1 1 1 1 1 0 0 1 0 1 0]
2025-02-23 18:43:03,852 - DEBUG -      5 |     2 |   0.4
2025-02-23 18:43:03,852 - DEBUG -     Sample: [0 1 1 0 0 1 1 1 1 0 1 1 1 1 0]
2025-02-23 18:43:03,854 - DEBUG - Generated 482 unique samples from 500 total measurements
2025-02-23 18:43:03,864 - INFO -   No feasible solution found in this iteration
2025-02-23 18:43:03,865 - INFO -   No new constraints added, lowered tau multiplier: 1.0 -> 0.9
2025-02-23 18:43:03,865 - INFO -   Added 4 new constraints: [5, 15, 16, 45]
2025-02-23 18:43:03,866 - INFO - 
Iteration 7:
2025-02-23 18:43:03,866 - DEBUG - Generated Ising Hamiltonian
2025-02-23 18:43:04,100 - DEBUG - Optimizing QAOA circuit...
2025-02-23 18:43:06,528 - DEBUG - Circuit optimization successful
2025-02-23 18:43:06,529 - DEBUG - Circuit optimization successful, final value: -96.7017982017982
2025-02-23 18:43:06,529 - DEBUG - Sampling from optimized circuit...
2025-02-23 18:43:06,557 - DEBUG - Generated 495 unique samples from 500 total measurements
2025-02-23 18:43:06,557 - DEBUG - 
Top 5 most frequent samples:
2025-02-23 18:43:06,557 - DEBUG -   Rank | Count |   %   
2025-02-23 18:43:06,557 - DEBUG -   -----|-------|-------
2025-02-23 18:43:06,557 - DEBUG -      1 |     3 |   0.6
2025-02-23 18:43:06,558 - DEBUG -     Sample: [1 0 0 1 1 1 0 0 1 1 0 0 0 1 1]
2025-02-23 18:43:06,558 - DEBUG -      2 |     2 |   0.4
2025-02-23 18:43:06,558 - DEBUG -     Sample: [0 0 1 0 1 1 1 1 0 0 1 0 1 1 1]
2025-02-23 18:43:06,558 - DEBUG -      3 |     2 |   0.4
2025-02-23 18:43:06,558 - DEBUG -     Sample: [1 0 0 0 0 0 0 1 1 1 0 0 0 1 1]
2025-02-23 18:43:06,558 - DEBUG -      4 |     2 |   0.4
2025-02-23 18:43:06,558 - DEBUG -     Sample: [1 1 0 0 0 0 0 1 1 1 0 0 1 0 1]
2025-02-23 18:43:06,559 - DEBUG -      5 |     1 |   0.2
2025-02-23 18:43:06,559 - DEBUG -     Sample: [1 0 0 0 0 0 0 1 1 1 1 0 0 0 1]
2025-02-23 18:43:06,560 - DEBUG - Generated 495 unique samples from 500 total measurements
2025-02-23 18:43:06,569 - INFO -   No feasible solution found in this iteration
2025-02-23 18:43:06,570 - INFO -   No new constraints added, lowered tau multiplier: 1.0 -> 0.9
2025-02-23 18:43:06,570 - INFO -   Added 8 new constraints: [9, 17, 22, 27, 39, 55, 58, 59]
2025-02-23 18:43:06,571 - INFO - 
Iteration 8:
2025-02-23 18:43:06,571 - DEBUG - Generated Ising Hamiltonian
2025-02-23 18:43:06,783 - DEBUG - Optimizing QAOA circuit...
2025-02-23 18:43:09,142 - DEBUG - Circuit optimization successful
2025-02-23 18:43:09,142 - DEBUG - Circuit optimization successful, final value: -276.8206793206792
2025-02-23 18:43:09,142 - DEBUG - Sampling from optimized circuit...
2025-02-23 18:43:09,173 - DEBUG - Generated 499 unique samples from 500 total measurements
2025-02-23 18:43:09,174 - DEBUG - 
Top 5 most frequent samples:
2025-02-23 18:43:09,175 - DEBUG -   Rank | Count |   %   
2025-02-23 18:43:09,175 - DEBUG -   -----|-------|-------
2025-02-23 18:43:09,175 - DEBUG -      1 |     2 |   0.4
2025-02-23 18:43:09,175 - DEBUG -     Sample: [0 0 0 1 1 1 0 1 0 1 0 0 1 1 1]
2025-02-23 18:43:09,175 - DEBUG -      2 |     1 |   0.2
2025-02-23 18:43:09,175 - DEBUG -     Sample: [1 1 0 1 0 0 0 0 1 1 1 0 1 0 1]
2025-02-23 18:43:09,176 - DEBUG -      3 |     1 |   0.2
2025-02-23 18:43:09,176 - DEBUG -     Sample: [0 0 0 1 0 1 0 1 1 0 0 1 0 0 0]
2025-02-23 18:43:09,176 - DEBUG -      4 |     1 |   0.2
2025-02-23 18:43:09,176 - DEBUG -     Sample: [1 1 0 0 1 0 0 0 1 0 1 0 0 0 0]
2025-02-23 18:43:09,176 - DEBUG -      5 |     1 |   0.2
2025-02-23 18:43:09,177 - DEBUG -     Sample: [0 1 1 1 0 0 0 0 0 0 1 0 0 0 0]
2025-02-23 18:43:09,178 - DEBUG - Generated 499 unique samples from 500 total measurements
2025-02-23 18:43:09,187 - INFO -   No feasible solution found in this iteration
2025-02-23 18:43:09,188 - INFO -   No new constraints added, lowered tau multiplier: 1.0 -> 0.9
2025-02-23 18:43:09,188 - INFO -   No new constraints added, lowered tau multiplier: 0.9 -> 0.8
2025-02-23 18:43:09,188 - INFO -   Added 14 new constraints: [4, 6, 7, 10, 24, 26, 31, 32, 37, 40, 41, 43, 50, 54]
2025-02-23 18:43:09,189 - INFO - 
Iteration 9:
2025-02-23 18:43:09,189 - DEBUG - Generated Ising Hamiltonian
2025-02-23 18:43:09,399 - DEBUG - Optimizing QAOA circuit...
2025-02-23 18:43:12,185 - DEBUG - Circuit optimization successful
2025-02-23 18:43:12,185 - DEBUG - Circuit optimization successful, final value: 97302.66483516485
2025-02-23 18:43:12,185 - DEBUG - Sampling from optimized circuit...
2025-02-23 18:43:12,212 - DEBUG - Generated 326 unique samples from 500 total measurements
2025-02-23 18:43:12,213 - DEBUG - 
Top 5 most frequent samples:
2025-02-23 18:43:12,213 - DEBUG -   Rank | Count |   %   
2025-02-23 18:43:12,213 - DEBUG -   -----|-------|-------
2025-02-23 18:43:12,214 - DEBUG -      1 |    15 |   3.0
2025-02-23 18:43:12,214 - DEBUG -     Sample: [0 1 0 1 1 1 0 1 1 1 0 1 1 1 0]
2025-02-23 18:43:12,214 - DEBUG -      2 |    13 |   2.6
2025-02-23 18:43:12,215 - DEBUG -     Sample: [0 1 0 1 0 1 0 1 1 1 0 1 1 1 0]
2025-02-23 18:43:12,215 - DEBUG -      3 |    12 |   2.4
2025-02-23 18:43:12,215 - DEBUG -     Sample: [0 1 0 1 1 1 0 0 1 1 0 1 1 1 0]
2025-02-23 18:43:12,215 - DEBUG -      4 |     8 |   1.6
2025-02-23 18:43:12,215 - DEBUG -     Sample: [0 1 0 1 0 1 1 1 1 1 0 1 1 1 0]
2025-02-23 18:43:12,215 - DEBUG -      5 |     8 |   1.6
2025-02-23 18:43:12,216 - DEBUG -     Sample: [0 1 0 1 0 1 0 1 1 0 0 1 1 1 0]
2025-02-23 18:43:12,217 - DEBUG - Generated 326 unique samples from 500 total measurements
2025-02-23 18:43:12,224 - INFO -   No feasible solution found in this iteration
2025-02-23 18:43:12,225 - INFO -   No new constraints added, lowered tau multiplier: 1.0 -> 0.9
2025-02-23 18:43:12,225 - INFO -   No new constraints added, lowered tau multiplier: 0.9 -> 0.8
2025-02-23 18:43:12,225 - INFO -   No new constraints added, lowered tau multiplier: 0.8 -> 0.7
2025-02-23 18:43:12,225 - INFO -   Added 5 new constraints: [42, 44, 51, 52, 53]
2025-02-23 18:43:12,226 - INFO - 
Iteration 10:
2025-02-23 18:43:12,226 - DEBUG - Generated Ising Hamiltonian
2025-02-23 18:43:12,417 - DEBUG - Optimizing QAOA circuit...
2025-02-23 18:43:15,326 - DEBUG - Circuit optimization successful
2025-02-23 18:43:15,326 - DEBUG - Circuit optimization successful, final value: -25507.756993006988
2025-02-23 18:43:15,326 - DEBUG - Sampling from optimized circuit...
2025-02-23 18:43:15,360 - DEBUG - Generated 468 unique samples from 500 total measurements
2025-02-23 18:43:15,360 - DEBUG - 
Top 5 most frequent samples:
2025-02-23 18:43:15,360 - DEBUG -   Rank | Count |   %   
2025-02-23 18:43:15,361 - DEBUG -   -----|-------|-------
2025-02-23 18:43:15,361 - DEBUG -      1 |     4 |   0.8
2025-02-23 18:43:15,361 - DEBUG -     Sample: [0 0 1 0 1 1 0 0 0 0 1 0 1 1 1]
2025-02-23 18:43:15,362 - DEBUG -      2 |     3 |   0.6
2025-02-23 18:43:15,362 - DEBUG -     Sample: [0 0 0 1 1 0 0 0 1 0 1 0 1 1 1]
2025-02-23 18:43:15,362 - DEBUG -      3 |     3 |   0.6
2025-02-23 18:43:15,362 - DEBUG -     Sample: [0 1 0 0 1 0 0 0 1 0 1 1 1 1 1]
2025-02-23 18:43:15,362 - DEBUG -      4 |     3 |   0.6
2025-02-23 18:43:15,363 - DEBUG -     Sample: [0 0 0 1 1 0 0 0 1 0 1 0 1 1 0]
2025-02-23 18:43:15,363 - DEBUG -      5 |     3 |   0.6
2025-02-23 18:43:15,363 - DEBUG -     Sample: [0 0 1 1 1 0 0 0 1 0 1 0 1 1 1]
2025-02-23 18:43:15,365 - DEBUG - Generated 468 unique samples from 500 total measurements
2025-02-23 18:43:15,368 - INFO - Found feasible solution: [0 0 0 0 0 1 1 0 0 1 1 0 1 1 0] with objective value 256.0
2025-02-23 18:43:15,374 - INFO -   Found feasible solution:
2025-02-23 18:43:15,374 - INFO -     Solution: [0, 0, 0, 0, 0, 1, 1, 0, 0, 1, 1, 0, 1, 1, 0]
2025-02-23 18:43:15,374 - INFO -     Value: 256.0
2025-02-23 18:43:15,375 - INFO -     Gap to reference: 0.00%
2025-02-23 18:43:15,375 - INFO -   Constraint generation solution found:
2025-02-23 18:43:15,375 - INFO -     Solution: [0, 0, 0, 0, 0, 1, 1, 0, 0, 1, 1, 0, 1, 1, 0]
2025-02-23 18:43:15,375 - INFO -     Value: 256.0
2025-02-23 18:43:15,375 - INFO - 
Instance 8 results:
2025-02-23 18:43:15,376 - INFO -   Classical value: 256.0
2025-02-23 18:43:15,376 - INFO -   QAOA value: 0.0
2025-02-23 18:43:15,376 - INFO -   Constraint generation value: 256.0
2025-02-23 18:43:15,376 - INFO - 
Running instance 9/100
2025-02-23 18:43:15,379 - INFO - 
Running Classical Reference Solver (SCIP):
2025-02-23 18:43:15,380 - DEBUG - Problem dimensions: 60 constraints, 15 variables
2025-02-23 18:43:15,380 - DEBUG - Row names: ['ELEM1', 'ELEM2', 'ELEM3', 'ELEM4', 'ELEM5', 'ELEM6', 'ELEM7', 'ELEM8', 'ELEM9', 'ELEM10', 'ELEM11', 'ELEM12', 'ELEM13', 'ELEM14', 'ELEM15', 'ELEM16', 'ELEM17', 'ELEM18', 'ELEM19', 'ELEM20', 'ELEM21', 'ELEM22', 'ELEM23', 'ELEM24', 'ELEM25', 'ELEM26', 'ELEM27', 'ELEM28', 'ELEM29', 'ELEM30', 'ELEM31', 'ELEM32', 'ELEM33', 'ELEM34', 'ELEM35', 'ELEM36', 'ELEM37', 'ELEM38', 'ELEM39', 'ELEM40', 'ELEM41', 'ELEM42', 'ELEM43', 'ELEM44', 'ELEM45', 'ELEM46', 'ELEM47', 'ELEM48', 'ELEM49', 'ELEM50', 'ELEM51', 'ELEM52', 'ELEM53', 'ELEM54', 'ELEM55', 'ELEM56', 'ELEM57', 'ELEM58', 'ELEM59', 'ELEM60']
2025-02-23 18:43:15,380 - DEBUG - RHS values: {'ELEM1': 1.0, 'ELEM2': 1.0, 'ELEM3': 1.0, 'ELEM4': 1.0, 'ELEM5': 1.0, 'ELEM6': 1.0, 'ELEM7': 1.0, 'ELEM8': 1.0, 'ELEM9': 1.0, 'ELEM10': 1.0, 'ELEM11': 1.0, 'ELEM12': 1.0, 'ELEM13': 1.0, 'ELEM14': 1.0, 'ELEM15': 1.0, 'ELEM16': 1.0, 'ELEM17': 1.0, 'ELEM18': 1.0, 'ELEM19': 1.0, 'ELEM20': 1.0, 'ELEM21': 1.0, 'ELEM22': 1.0, 'ELEM23': 1.0, 'ELEM24': 1.0, 'ELEM25': 1.0, 'ELEM26': 1.0, 'ELEM27': 1.0, 'ELEM28': 1.0, 'ELEM29': 1.0, 'ELEM30': 1.0, 'ELEM31': 1.0, 'ELEM32': 1.0, 'ELEM33': 1.0, 'ELEM34': 1.0, 'ELEM35': 1.0, 'ELEM36': 1.0, 'ELEM37': 1.0, 'ELEM38': 1.0, 'ELEM39': 1.0, 'ELEM40': 1.0, 'ELEM41': 1.0, 'ELEM42': 1.0, 'ELEM43': 1.0, 'ELEM44': 1.0, 'ELEM45': 1.0, 'ELEM46': 1.0, 'ELEM47': 1.0, 'ELEM48': 1.0, 'ELEM49': 1.0, 'ELEM50': 1.0, 'ELEM51': 1.0, 'ELEM52': 1.0, 'ELEM53': 1.0, 'ELEM54': 1.0, 'ELEM55': 1.0, 'ELEM56': 1.0, 'ELEM57': 1.0, 'ELEM58': 1.0, 'ELEM59': 1.0, 'ELEM60': 1.0}
2025-02-23 18:43:15,392 - INFO -   Reference solution found:
2025-02-23 18:43:15,392 - INFO -     Solution: [0, 0, 1, 0, 1, 0, 0, 1, 0, 1, 0, 1, 1, 0, 0]
2025-02-23 18:43:15,392 - INFO -     Value: 280.0
2025-02-23 18:43:15,393 - INFO - 
Running QAOA Reference Solution (with all constraints):
