
Problem information:
  Number of variables (n): 10
  Number of constraints (m): 30

Starting reference QAOA with parameters:
  sample_size (total shots): 200
Added all constraints
Found feasible solution: [1 1 0 0 1 1 0 0 1 1] with objective value 352.0
Found feasible solution:
  Solution: [1, 1, 0, 0, 1, 1, 0, 0, 1, 1]
  Value: 352.0

=====
Running Classical Reference Solver (SCIP):
  Reference solution found:
    Solution: [0, 0, 1, 1, 0, 0, 1, 1, 0, 0]
    Value: 125.0

=====
Running Constraint Generation:

Problem information:
  Number of variables (n): 10
  Number of constraints (m): 30

Running classical reference solver:
  Reference solution found:
    Solution: [0, 0, 1, 1, 0, 0, 1, 1, 0, 0]
    Value: 125.0

Starting quantum constraint generation with parameters:
  sample_size (total shots): 200
  tau: 0.1
  max_iters: 1000

Iteration 0:
Found feasible solution: [1 1 0 0 1 1 0 0 1 1] with objective value 352.0
  Found feasible solution:
    Solution: [1, 1, 0, 0, 1, 1, 0, 0, 1, 1]
    Value: 352.0
    Gap to reference: 181.60%

---
Solution Comparison:
Gap to classical reference: 181.60%
Gap to QAOA reference: 0.00%

Problem information:
  Number of variables (n): 10
  Number of constraints (m): 30

=====
Running Classical Reference Solver (SCIP):
  Reference solution found:
    Solution: [0, 0, 1, 0, 1, 0, 0, 1, 1, 0]
    Value: 230.0

=====
Running Constraint Generation:

Problem information:
  Number of variables (n): 10
  Number of constraints (m): 30

Running classical reference solver:
  Reference solution found:
    Solution: [0, 0, 1, 0, 1, 0, 0, 1, 1, 0]
    Value: 230.0

Starting quantum constraint generation with parameters:
  sample_size (total shots): 200
  tau: 0.1
  max_iters: 1000

Iteration 0:
  No feasible solution found in this iteration
  Added 3 new constraints: [0, 17, 27]

Iteration 1:
Found feasible solution: [1 1 0 1 0 1 1 0 0 1] with objective value 404.0
  Found feasible solution:
    Solution: [1, 1, 0, 1, 0, 1, 1, 0, 0, 1]
    Value: 404.0
    Gap to reference: 75.65%

---
Solution Comparison:
Gap to classical reference: 75.65%

Instance 5 results:
  Classical value: 178.0
  QAOA value: 352.0
  Constraint generation value: 404.0

Running instance 6/10

Problem information:
  Number of variables (n): 10
  Number of constraints (m): 30

Running Classical Reference Solver (SCIP):

Problem information:
  Number of variables (n): 10
  Number of constraints (m): 30

=====
Running QAOA Reference Solution (with all constraints):
