2025-02-23 18:50:02,359 - INFO - 
Problem information:
2025-02-23 18:50:02,359 - INFO -   Number of variables (n): 10
2025-02-23 18:50:02,359 - INFO -   Number of constraints (m): 20
2025-02-23 18:50:02,359 - DEBUG -   Density of A: 46.00%
2025-02-23 18:50:02,359 - INFO - 
Starting reference QAOA with parameters:
2025-02-23 18:50:02,360 - INFO -   sample_size (total shots): 100
2025-02-23 18:50:02,360 - INFO - Added all constraints
2025-02-23 18:50:02,360 - DEBUG - Generated Ising Hamiltonian
2025-02-23 18:50:02,590 - DEBUG - Optimizing QAOA circuit...
2025-02-23 18:50:04,129 - DEBUG - Circuit optimization successful
2025-02-23 18:50:04,129 - DEBUG - Circuit optimization successful, final value: 13684.409590409592
2025-02-23 18:50:04,129 - DEBUG - Sampling from optimized circuit...
2025-02-23 18:50:04,142 - DEBUG - Generated 85 unique samples from 100 total measurements
2025-02-23 18:50:04,143 - DEBUG - 
Top 5 most frequent samples:
2025-02-23 18:50:04,143 - DEBUG -   Rank | Count |   %   
2025-02-23 18:50:04,143 - DEBUG -   -----|-------|-------
2025-02-23 18:50:04,143 - DEBUG -      1 |     3 |   3.0
2025-02-23 18:50:04,143 - DEBUG -     Sample: [0 0 0 1 1 1 0 1 0 1]
2025-02-23 18:50:04,143 - DEBUG -      2 |     3 |   3.0
2025-02-23 18:50:04,143 - DEBUG -     Sample: [0 0 0 1 1 0 0 1 1 1]
2025-02-23 18:50:04,144 - DEBUG -      3 |     3 |   3.0
2025-02-23 18:50:04,144 - DEBUG -     Sample: [1 0 1 0 1 1 0 1 1 0]
2025-02-23 18:50:04,144 - DEBUG -      4 |     2 |   2.0
2025-02-23 18:50:04,144 - DEBUG -     Sample: [0 0 1 1 1 0 0 0 1 1]
2025-02-23 18:50:04,144 - DEBUG -      5 |     2 |   2.0
2025-02-23 18:50:04,144 - DEBUG -     Sample: [1 0 1 0 1 1 1 1 1 0]
2025-02-23 18:50:04,145 - DEBUG - Generated 85 unique samples from 100 total measurements
2025-02-23 18:50:04,146 - INFO - No feasible solution found
2025-02-23 18:50:04,147 - INFO -   QAOA solver found no feasible solution
2025-02-23 18:50:04,147 - INFO - 
Running Constraint Generation:
2025-02-23 18:50:04,148 - INFO - 
Problem information:
2025-02-23 18:50:04,148 - INFO -   Number of variables (n): 10
2025-02-23 18:50:04,149 - INFO -   Number of constraints (m): 20
2025-02-23 18:50:04,149 - DEBUG -   Density of A: 46.00%
2025-02-23 18:50:04,149 - INFO - 
Running classical reference solver:
2025-02-23 18:50:04,159 - INFO -   Reference solution found:
2025-02-23 18:50:04,160 - INFO -     Solution: [0, 0, 0, 0, 0, 1, 1, 0, 0, 0]
2025-02-23 18:50:04,160 - INFO -     Value: 71.0
2025-02-23 18:50:04,160 - INFO - 
Starting quantum constraint generation with parameters:
2025-02-23 18:50:04,160 - INFO -   sample_size (total shots): 100
2025-02-23 18:50:04,161 - INFO -   tau: 0.1
2025-02-23 18:50:04,161 - INFO -   max_iters: 1000
2025-02-23 18:50:04,161 - INFO - 
Iteration 0:
2025-02-23 18:50:04,161 - DEBUG - Generated Ising Hamiltonian
2025-02-23 18:50:04,362 - DEBUG - Optimizing QAOA circuit...
2025-02-23 18:50:05,264 - DEBUG - Circuit optimization successful
2025-02-23 18:50:05,265 - DEBUG - Circuit optimization successful, final value: -317.7022977022977
2025-02-23 18:50:05,265 - DEBUG - Sampling from optimized circuit...
2025-02-23 18:50:05,275 - DEBUG - Generated 65 unique samples from 100 total measurements
2025-02-23 18:50:05,275 - DEBUG - 
Top 5 most frequent samples:
2025-02-23 18:50:05,276 - DEBUG -   Rank | Count |   %   
2025-02-23 18:50:05,276 - DEBUG -   -----|-------|-------
2025-02-23 18:50:05,276 - DEBUG -      1 |     6 |   6.0
2025-02-23 18:50:05,276 - DEBUG -     Sample: [1 1 1 0 1 1 1 1 1 1]
2025-02-23 18:50:05,276 - DEBUG -      2 |     5 |   5.0
2025-02-23 18:50:05,277 - DEBUG -     Sample: [1 1 1 1 0 1 1 1 1 1]
2025-02-23 18:50:05,277 - DEBUG -      3 |     4 |   4.0
2025-02-23 18:50:05,277 - DEBUG -     Sample: [1 1 1 1 1 1 1 1 0 1]
2025-02-23 18:50:05,277 - DEBUG -      4 |     4 |   4.0
2025-02-23 18:50:05,278 - DEBUG -     Sample: [1 0 1 1 1 1 0 1 1 1]
2025-02-23 18:50:05,278 - DEBUG -      5 |     4 |   4.0
2025-02-23 18:50:05,278 - DEBUG -     Sample: [1 1 1 1 1 1 0 1 1 1]
2025-02-23 18:50:05,278 - DEBUG - Generated 65 unique samples from 100 total measurements
2025-02-23 18:50:05,279 - INFO -   No feasible solution found in this iteration
2025-02-23 18:50:05,280 - INFO -   Added 9 new constraints: [0, 1, 2, 6, 8, 10, 12, 14, 17]
2025-02-23 18:50:05,280 - INFO - 
Iteration 1:
2025-02-23 18:50:05,280 - DEBUG - Generated Ising Hamiltonian
2025-02-23 18:50:05,464 - DEBUG - Optimizing QAOA circuit...
2025-02-23 18:50:06,550 - DEBUG - Circuit optimization successful
2025-02-23 18:50:06,551 - DEBUG - Circuit optimization successful, final value: 39596.97502497503
2025-02-23 18:50:06,551 - DEBUG - Sampling from optimized circuit...
2025-02-23 18:50:06,561 - DEBUG - Generated 52 unique samples from 100 total measurements
2025-02-23 18:50:06,562 - DEBUG - 
Top 5 most frequent samples:
2025-02-23 18:50:06,562 - DEBUG -   Rank | Count |   %   
2025-02-23 18:50:06,562 - DEBUG -   -----|-------|-------
2025-02-23 18:50:06,562 - DEBUG -      1 |     7 |   7.0
2025-02-23 18:50:06,562 - DEBUG -     Sample: [1 0 1 0 1 1 1 1 1 1]
2025-02-23 18:50:06,562 - DEBUG -      2 |     7 |   7.0
2025-02-23 18:50:06,563 - DEBUG -     Sample: [1 0 1 0 1 0 1 1 1 1]
2025-02-23 18:50:06,563 - DEBUG -      3 |     6 |   6.0
2025-02-23 18:50:06,563 - DEBUG -     Sample: [1 0 1 0 1 0 1 1 1 0]
2025-02-23 18:50:06,563 - DEBUG -      4 |     5 |   5.0
2025-02-23 18:50:06,563 - DEBUG -     Sample: [0 0 1 0 1 1 1 1 1 1]
2025-02-23 18:50:06,563 - DEBUG -      5 |     4 |   4.0
2025-02-23 18:50:06,563 - DEBUG -     Sample: [1 0 1 0 1 1 1 1 1 0]
2025-02-23 18:50:06,564 - DEBUG - Generated 52 unique samples from 100 total measurements
2025-02-23 18:50:06,565 - INFO -   No feasible solution found in this iteration
2025-02-23 18:50:06,565 - INFO -   Added 2 new constraints: [3, 15]
2025-02-23 18:50:06,565 - INFO - 
Iteration 2:
2025-02-23 18:50:06,565 - DEBUG - Generated Ising Hamiltonian
2025-02-23 18:50:06,746 - DEBUG - Optimizing QAOA circuit...
2025-02-23 18:50:07,825 - DEBUG - Circuit optimization successful
2025-02-23 18:50:07,826 - DEBUG - Circuit optimization successful, final value: 68232.73326673327
2025-02-23 18:50:07,826 - DEBUG - Sampling from optimized circuit...
2025-02-23 18:50:07,837 - DEBUG - Generated 49 unique samples from 100 total measurements
2025-02-23 18:50:07,837 - DEBUG - 
Top 5 most frequent samples:
2025-02-23 18:50:07,838 - DEBUG -   Rank | Count |   %   
2025-02-23 18:50:07,838 - DEBUG -   -----|-------|-------
2025-02-23 18:50:07,838 - DEBUG -      1 |    18 |  18.0
2025-02-23 18:50:07,838 - DEBUG -     Sample: [1 0 1 0 1 0 1 1 1 1]
2025-02-23 18:50:07,838 - DEBUG -      2 |    13 |  13.0
2025-02-23 18:50:07,838 - DEBUG -     Sample: [0 0 1 0 1 0 1 1 1 1]
2025-02-23 18:50:07,839 - DEBUG -      3 |     6 |   6.0
2025-02-23 18:50:07,839 - DEBUG -     Sample: [0 0 1 0 1 1 1 1 1 1]
2025-02-23 18:50:07,839 - DEBUG -      4 |     5 |   5.0
2025-02-23 18:50:07,839 - DEBUG -     Sample: [0 0 1 0 1 0 1 0 1 1]
2025-02-23 18:50:07,839 - DEBUG -      5 |     4 |   4.0
2025-02-23 18:50:07,839 - DEBUG -     Sample: [1 0 1 0 1 1 1 1 1 1]
2025-02-23 18:50:07,840 - DEBUG - Generated 49 unique samples from 100 total measurements
2025-02-23 18:50:07,840 - INFO -   No feasible solution found in this iteration
2025-02-23 18:50:07,841 - INFO -   No new constraints added, lowered tau multiplier: 1.0 -> 0.9
2025-02-23 18:50:07,841 - INFO -   Added 3 new constraints: [7, 13, 19]
2025-02-23 18:50:07,841 - INFO - 
Iteration 3:
2025-02-23 18:50:07,841 - DEBUG - Generated Ising Hamiltonian
2025-02-23 18:50:08,057 - DEBUG - Optimizing QAOA circuit...
2025-02-23 18:50:09,367 - DEBUG - Circuit optimization successful
2025-02-23 18:50:09,368 - DEBUG - Circuit optimization successful, final value: -13003.592407592407
2025-02-23 18:50:09,368 - DEBUG - Sampling from optimized circuit...
2025-02-23 18:50:09,382 - DEBUG - Generated 79 unique samples from 100 total measurements
2025-02-23 18:50:09,382 - DEBUG - 
Top 5 most frequent samples:
2025-02-23 18:50:09,382 - DEBUG -   Rank | Count |   %   
2025-02-23 18:50:09,382 - DEBUG -   -----|-------|-------
2025-02-23 18:50:09,382 - DEBUG -      1 |     4 |   4.0
2025-02-23 18:50:09,382 - DEBUG -     Sample: [0 1 0 1 0 0 1 1 0 1]
2025-02-23 18:50:09,382 - DEBUG -      2 |     3 |   3.0
2025-02-23 18:50:09,383 - DEBUG -     Sample: [1 0 0 0 0 1 1 0 0 1]
2025-02-23 18:50:09,383 - DEBUG -      3 |     3 |   3.0
2025-02-23 18:50:09,383 - DEBUG -     Sample: [0 1 1 1 0 1 0 0 1 1]
2025-02-23 18:50:09,383 - DEBUG -      4 |     3 |   3.0
2025-02-23 18:50:09,383 - DEBUG -     Sample: [0 1 0 1 1 0 0 1 1 0]
2025-02-23 18:50:09,383 - DEBUG -      5 |     3 |   3.0
2025-02-23 18:50:09,384 - DEBUG -     Sample: [1 1 0 1 0 0 0 1 1 0]
2025-02-23 18:50:09,384 - DEBUG - Generated 79 unique samples from 100 total measurements
2025-02-23 18:50:09,385 - INFO - Found feasible solution: [0 0 0 0 0 1 1 0 0 0] with objective value 71.0
2025-02-23 18:50:09,386 - INFO -   Found feasible solution:
2025-02-23 18:50:09,386 - INFO -     Solution: [0, 0, 0, 0, 0, 1, 1, 0, 0, 0]
2025-02-23 18:50:09,386 - INFO -     Value: 71.0
2025-02-23 18:50:09,387 - INFO -     Gap to reference: 0.00%
2025-02-23 18:50:09,387 - INFO -   Constraint generation solution found:
2025-02-23 18:50:09,387 - INFO -     Solution: [0, 0, 0, 0, 0, 1, 1, 0, 0, 0]
2025-02-23 18:50:09,387 - INFO -     Value: 71.0
2025-02-23 18:50:09,387 - INFO - 
Instance 49 results:
2025-02-23 18:50:09,388 - INFO -   Classical value: 71.0
2025-02-23 18:50:09,388 - INFO -   QAOA value: 0.0
2025-02-23 18:50:09,388 - INFO -   Constraint generation value: 71.0
2025-02-23 18:50:09,388 - INFO - 
Running instance 50/100
2025-02-23 18:50:09,390 - INFO - 
Running Classical Reference Solver (SCIP):
2025-02-23 18:50:09,391 - DEBUG - Problem dimensions: 20 constraints, 10 variables
2025-02-23 18:50:09,391 - DEBUG - Row names: ['ELEM1', 'ELEM2', 'ELEM3', 'ELEM4', 'ELEM5', 'ELEM6', 'ELEM7', 'ELEM8', 'ELEM9', 'ELEM10', 'ELEM11', 'ELEM12', 'ELEM13', 'ELEM14', 'ELEM15', 'ELEM16', 'ELEM17', 'ELEM18', 'ELEM19', 'ELEM20']
2025-02-23 18:50:09,391 - DEBUG - RHS values: {'ELEM1': 1.0, 'ELEM2': 1.0, 'ELEM3': 1.0, 'ELEM4': 1.0, 'ELEM5': 1.0, 'ELEM6': 1.0, 'ELEM7': 1.0, 'ELEM8': 1.0, 'ELEM9': 1.0, 'ELEM10': 1.0, 'ELEM11': 1.0, 'ELEM12': 1.0, 'ELEM13': 1.0, 'ELEM14': 1.0, 'ELEM15': 1.0, 'ELEM16': 1.0, 'ELEM17': 1.0, 'ELEM18': 1.0, 'ELEM19': 1.0, 'ELEM20': 1.0}
2025-02-23 18:50:09,402 - INFO -   Reference solution found:
2025-02-23 18:50:09,403 - INFO -     Solution: [1, 0, 0, 0, 0, 0, 0, 0, 0, 1]
2025-02-23 18:50:09,403 - INFO -     Value: 67.0
2025-02-23 18:50:09,403 - INFO - 
Running QAOA Reference Solution (with all constraints):
