
Problem information:
  Number of variables (n): 10
  Number of constraints (m): 20

Starting reference QAOA with parameters:
  sample_size (total shots): 100
Added all constraints
No feasible solution found
  QAOA solver found no feasible solution

Running Constraint Generation:

Problem information:
  Number of variables (n): 10
  Number of constraints (m): 20

Running classical reference solver:
  Reference solution found:
    Solution: [0, 0, 0, 0, 0, 1, 1, 0, 0, 0]
    Value: 71.0

Starting quantum constraint generation with parameters:
  sample_size (total shots): 100
  tau: 0.1
  max_iters: 1000

Iteration 0:
  No feasible solution found in this iteration
  Added 9 new constraints: [0, 1, 2, 6, 8, 10, 12, 14, 17]

Iteration 1:
  No feasible solution found in this iteration
  Added 2 new constraints: [3, 15]

Iteration 2:
  No feasible solution found in this iteration
  No new constraints added, lowered tau multiplier: 1.0 -> 0.9
  Added 3 new constraints: [7, 13, 19]

Iteration 3:
Found feasible solution: [0 0 0 0 0 1 1 0 0 0] with objective value 71.0
  Found feasible solution:
    Solution: [0, 0, 0, 0, 0, 1, 1, 0, 0, 0]
    Value: 71.0
    Gap to reference: 0.00%
  Constraint generation solution found:
    Solution: [0, 0, 0, 0, 0, 1, 1, 0, 0, 0]
    Value: 71.0

Instance 49 results:
  Classical value: 71.0
  QAOA value: 0.0
  Constraint generation value: 71.0

Running instance 50/100

Running Classical Reference Solver (SCIP):
  Reference solution found:
    Solution: [1, 0, 0, 0, 0, 0, 0, 0, 0, 1]
    Value: 67.0

Running QAOA Reference Solution (with all constraints):
