2025-02-24 14:40:53,426 - INFO - 
Problem information:
2025-02-24 14:40:53,426 - INFO -   Number of variables (n): 12
2025-02-24 14:40:53,426 - INFO -   Number of constraints (m): 40
2025-02-24 14:40:53,426 - DEBUG -   Density of A: 25.00%
2025-02-24 14:40:53,426 - INFO - 
Starting reference QAOA with parameters:
2025-02-24 14:40:53,426 - INFO -   sample_size (total shots): 1000
2025-02-24 14:40:53,426 - INFO - Added all constraints
2025-02-24 14:40:53,426 - DEBUG - Generated Ising Hamiltonian
2025-02-24 14:40:53,571 - DEBUG - Optimizing QAOA circuit...
2025-02-24 14:40:58,065 - DEBUG - Circuit optimization successful
2025-02-24 14:40:58,066 - DEBUG - Circuit optimization successful, final value: -2552.3356643356638
2025-02-24 14:40:58,066 - DEBUG - Sampling from optimized circuit...
2025-02-24 14:40:58,108 - DEBUG - Generated 688 unique samples from 1000 total measurements
2025-02-24 14:40:58,109 - DEBUG - 
Top 5 most frequent samples:
2025-02-24 14:40:58,109 - DEBUG -   Rank | Count |   %   
2025-02-24 14:40:58,109 - DEBUG -   -----|-------|-------
2025-02-24 14:40:58,109 - DEBUG -      1 |     9 |   0.9
2025-02-24 14:40:58,109 - DEBUG -     Sample: [1 1 1 0 0 1 1 0 1 1 1 1]
2025-02-24 14:40:58,109 - DEBUG -      2 |     7 |   0.7
2025-02-24 14:40:58,110 - DEBUG -     Sample: [0 0 1 1 0 1 0 0 0 0 0 0]
2025-02-24 14:40:58,110 - DEBUG -      3 |     7 |   0.7
2025-02-24 14:40:58,110 - DEBUG -     Sample: [1 0 1 1 0 1 1 0 1 0 1 0]
2025-02-24 14:40:58,110 - DEBUG -      4 |     6 |   0.6
2025-02-24 14:40:58,110 - DEBUG -     Sample: [0 0 1 1 0 1 1 0 1 0 1 0]
2025-02-24 14:40:58,110 - DEBUG -      5 |     6 |   0.6
2025-02-24 14:40:58,111 - DEBUG -     Sample: [0 0 1 1 0 1 0 0 0 1 1 0]
2025-02-24 14:40:58,112 - DEBUG - Generated 688 unique samples from 1000 total measurements
2025-02-24 14:40:58,123 - INFO - No feasible solution found
2025-02-24 14:40:58,124 - INFO -   QAOA solver found no feasible solution
2025-02-24 14:40:58,124 - INFO - 
Running Constraint Generation:
2025-02-24 14:40:58,125 - INFO - 
Problem information:
2025-02-24 14:40:58,125 - INFO -   Number of variables (n): 12
2025-02-24 14:40:58,125 - INFO -   Number of constraints (m): 40
2025-02-24 14:40:58,126 - DEBUG -   Density of A: 25.00%
2025-02-24 14:40:58,126 - INFO - 
Running classical reference solver:
2025-02-24 14:40:58,137 - INFO -   Reference solution found:
2025-02-24 14:40:58,138 - INFO -     Solution: [0, 1, 0, 1, 0, 0, 1, 0, 0, 1, 0, 0]
2025-02-24 14:40:58,138 - INFO -     Value: 209.0
2025-02-24 14:40:58,138 - INFO - 
Starting quantum constraint generation with parameters:
2025-02-24 14:40:58,138 - INFO -   sample_size (total shots): 1000
2025-02-24 14:40:58,138 - INFO -   tau: 0.1
2025-02-24 14:40:58,138 - INFO -   max_iters: 1000
2025-02-24 14:40:58,138 - INFO - 
Iteration 0:
2025-02-24 14:40:58,139 - DEBUG - Generated Ising Hamiltonian
2025-02-24 14:40:58,140 - DEBUG - Optimizing QAOA circuit...
2025-02-24 14:41:02,286 - WARNING - Circuit optimization did not converge
2025-02-24 14:41:02,287 - WARNING - Circuit optimization did not converge
2025-02-24 14:41:02,287 - DEBUG - Sampling from optimized circuit...
2025-02-24 14:41:02,346 - DEBUG - Generated 11 unique samples from 1000 total measurements
2025-02-24 14:41:02,346 - DEBUG - 
Top 5 most frequent samples:
2025-02-24 14:41:02,346 - DEBUG -   Rank | Count |   %   
2025-02-24 14:41:02,346 - DEBUG -   -----|-------|-------
2025-02-24 14:41:02,346 - DEBUG -      1 |   715 |  71.5
2025-02-24 14:41:02,347 - DEBUG -     Sample: [0 0 0 0 0 0 0 0 0 1 1 1]
2025-02-24 14:41:02,347 - DEBUG -      2 |   147 |  14.7
2025-02-24 14:41:02,347 - DEBUG -     Sample: [0 0 0 0 0 0 0 0 0 0 1 1]
2025-02-24 14:41:02,347 - DEBUG -      3 |    54 |   5.4
2025-02-24 14:41:02,347 - DEBUG -     Sample: [0 0 0 0 0 0 0 0 0 1 1 0]
2025-02-24 14:41:02,347 - DEBUG -      4 |    41 |   4.1
2025-02-24 14:41:02,347 - DEBUG -     Sample: [0 0 0 0 0 0 0 0 1 1 1 1]
2025-02-24 14:41:02,348 - DEBUG -      5 |    12 |   1.2
2025-02-24 14:41:02,348 - DEBUG -     Sample: [0 0 0 0 0 0 0 0 1 0 1 1]
2025-02-24 14:41:02,348 - DEBUG - Generated 11 unique samples from 1000 total measurements
2025-02-24 14:41:02,348 - INFO -   No feasible solution found in this iteration
2025-02-24 14:41:02,348 - INFO -   Added 11 new constraints: [0, 2, 3, 6, 12, 16, 26, 27, 28, 30, 39]
2025-02-24 14:41:02,348 - INFO - 
Iteration 1:
2025-02-24 14:41:02,349 - DEBUG - Generated Ising Hamiltonian
2025-02-24 14:41:02,350 - DEBUG - Optimizing QAOA circuit...
2025-02-24 14:41:11,669 - WARNING - Circuit optimization did not converge
2025-02-24 14:41:11,670 - WARNING - Circuit optimization did not converge
2025-02-24 14:41:11,670 - DEBUG - Sampling from optimized circuit...
2025-02-24 14:41:11,725 - DEBUG - Generated 16 unique samples from 1000 total measurements
2025-02-24 14:41:11,725 - DEBUG - 
Top 5 most frequent samples:
2025-02-24 14:41:11,725 - DEBUG -   Rank | Count |   %   
2025-02-24 14:41:11,725 - DEBUG -   -----|-------|-------
2025-02-24 14:41:11,726 - DEBUG -      1 |   226 |  22.6
2025-02-24 14:41:11,726 - DEBUG -     Sample: [0 0 0 0 0 0 0 0 0 0 1 1]
2025-02-24 14:41:11,726 - DEBUG -      2 |   149 |  14.9
2025-02-24 14:41:11,726 - DEBUG -     Sample: [0 0 0 0 0 0 0 0 1 0 1 1]
2025-02-24 14:41:11,726 - DEBUG -      3 |   114 |  11.4
2025-02-24 14:41:11,726 - DEBUG -     Sample: [0 0 0 0 0 0 0 0 0 1 1 1]
2025-02-24 14:41:11,726 - DEBUG -      4 |    93 |   9.3
2025-02-24 14:41:11,726 - DEBUG -     Sample: [0 0 0 0 0 0 0 0 0 0 0 1]
2025-02-24 14:41:11,726 - DEBUG -      5 |    66 |   6.6
2025-02-24 14:41:11,727 - DEBUG -     Sample: [0 0 0 0 0 0 0 0 1 1 1 1]
2025-02-24 14:41:11,727 - DEBUG - Generated 16 unique samples from 1000 total measurements
2025-02-24 14:41:11,727 - INFO -   No feasible solution found in this iteration
2025-02-24 14:41:11,727 - INFO -   No new constraints added, lowered tau multiplier: 1.0 -> 0.9
2025-02-24 14:41:11,727 - INFO -   No new constraints added, lowered tau multiplier: 0.9 -> 0.8
2025-02-24 14:41:11,727 - INFO -   No new constraints added, lowered tau multiplier: 0.8 -> 0.7
2025-02-24 14:41:11,728 - INFO -   No new constraints added, lowered tau multiplier: 0.7 -> 0.6
2025-02-24 14:41:11,728 - INFO -   No new constraints added, lowered tau multiplier: 0.6 -> 0.5
2025-02-24 14:41:11,728 - INFO -   No new constraints added, lowered tau multiplier: 0.5 -> 0.4
2025-02-24 14:41:11,728 - INFO -   Added 29 new constraints: [1, 4, 5, 7, 8, 9, 10, 11, 13, 14, 15, 17, 18, 19, 20, 21, 22, 23, 24, 25, 29, 31, 32, 33, 34, 35, 36, 37, 38]
2025-02-24 14:41:11,728 - INFO - 
Iteration 2:
2025-02-24 14:41:11,728 - DEBUG - Generated Ising Hamiltonian
2025-02-24 14:41:11,732 - DEBUG - Optimizing QAOA circuit...
2025-02-24 14:41:23,998 - WARNING - Circuit optimization did not converge
2025-02-24 14:41:23,998 - WARNING - Circuit optimization did not converge
2025-02-24 14:41:23,999 - DEBUG - Sampling from optimized circuit...
2025-02-24 14:41:24,058 - DEBUG - Generated 16 unique samples from 1000 total measurements
2025-02-24 14:41:24,058 - DEBUG - 
Top 5 most frequent samples:
2025-02-24 14:41:24,058 - DEBUG -   Rank | Count |   %   
2025-02-24 14:41:24,059 - DEBUG -   -----|-------|-------
2025-02-24 14:41:24,059 - DEBUG -      1 |    73 |   7.3
2025-02-24 14:41:24,059 - DEBUG -     Sample: [0 0 0 0 0 0 0 0 1 0 1 1]
2025-02-24 14:41:24,059 - DEBUG -      2 |    72 |   7.2
2025-02-24 14:41:24,059 - DEBUG -     Sample: [0 0 0 0 0 0 0 0 1 0 0 0]
2025-02-24 14:41:24,059 - DEBUG -      3 |    72 |   7.2
2025-02-24 14:41:24,059 - DEBUG -     Sample: [0 0 0 0 0 0 0 0 0 1 1 1]
2025-02-24 14:41:24,060 - DEBUG -      4 |    68 |   6.8
2025-02-24 14:41:24,060 - DEBUG -     Sample: [0 0 0 0 0 0 0 0 0 1 0 0]
2025-02-24 14:41:24,060 - DEBUG -      5 |    68 |   6.8
2025-02-24 14:41:24,060 - DEBUG -     Sample: [0 0 0 0 0 0 0 0 0 0 1 0]
2025-02-24 14:41:24,060 - DEBUG - Generated 16 unique samples from 1000 total measurements
2025-02-24 14:41:24,060 - INFO -   No feasible solution found in this iteration
2025-02-24 14:41:24,060 - INFO -   All constraints added, exiting
2025-02-24 14:41:24,061 - INFO -   Constraint generation found no feasible solution
2025-02-24 14:41:24,061 - INFO - 
Instance 54 results:
2025-02-24 14:41:24,061 - INFO -   Classical value: 209.0
2025-02-24 14:41:24,061 - INFO -   QAOA value: 0.0
2025-02-24 14:41:24,061 - INFO -   Constraint generation value: 0.0
2025-02-24 14:41:24,061 - INFO - 
Running instance 55/100
2025-02-24 14:41:24,062 - INFO - 
Running Classical Reference Solver (SCIP):
2025-02-24 14:41:24,063 - DEBUG - Problem dimensions: 40 constraints, 12 variables
2025-02-24 14:41:24,063 - DEBUG - Row names: ['ELEM1', 'ELEM2', 'ELEM3', 'ELEM4', 'ELEM5', 'ELEM6', 'ELEM7', 'ELEM8', 'ELEM9', 'ELEM10', 'ELEM11', 'ELEM12', 'ELEM13', 'ELEM14', 'ELEM15', 'ELEM16', 'ELEM17', 'ELEM18', 'ELEM19', 'ELEM20', 'ELEM21', 'ELEM22', 'ELEM23', 'ELEM24', 'ELEM25', 'ELEM26', 'ELEM27', 'ELEM28', 'ELEM29', 'ELEM30', 'ELEM31', 'ELEM32', 'ELEM33', 'ELEM34', 'ELEM35', 'ELEM36', 'ELEM37', 'ELEM38', 'ELEM39', 'ELEM40']
2025-02-24 14:41:24,063 - DEBUG - RHS values: {'ELEM1': 1.0, 'ELEM2': 1.0, 'ELEM3': 1.0, 'ELEM4': 1.0, 'ELEM5': 1.0, 'ELEM6': 1.0, 'ELEM7': 1.0, 'ELEM8': 1.0, 'ELEM9': 1.0, 'ELEM10': 1.0, 'ELEM11': 1.0, 'ELEM12': 1.0, 'ELEM13': 1.0, 'ELEM14': 1.0, 'ELEM15': 1.0, 'ELEM16': 1.0, 'ELEM17': 1.0, 'ELEM18': 1.0, 'ELEM19': 1.0, 'ELEM20': 1.0, 'ELEM21': 1.0, 'ELEM22': 1.0, 'ELEM23': 1.0, 'ELEM24': 1.0, 'ELEM25': 1.0, 'ELEM26': 1.0, 'ELEM27': 1.0, 'ELEM28': 1.0, 'ELEM29': 1.0, 'ELEM30': 1.0, 'ELEM31': 1.0, 'ELEM32': 1.0, 'ELEM33': 1.0, 'ELEM34': 1.0, 'ELEM35': 1.0, 'ELEM36': 1.0, 'ELEM37': 1.0, 'ELEM38': 1.0, 'ELEM39': 1.0, 'ELEM40': 1.0}
2025-02-24 14:41:24,070 - INFO -   Reference solution found:
2025-02-24 14:41:24,070 - INFO -     Solution: [0, 1, 0, 0, 1, 1, 1, 0, 0, 0, 0, 1]
2025-02-24 14:41:24,070 - INFO -     Value: 239.0
2025-02-24 14:41:24,070 - INFO - 
Running QAOA Reference Solution (with all constraints):
