
Problem information:
  Number of variables (n): 12
  Number of constraints (m): 40

Starting reference QAOA with parameters:
  sample_size (total shots): 1000
Added all constraints
Found feasible solution: [1 0 0 0 1 1 1 0 0 0 0 0] with objective value 109.0
Found feasible solution:
  Solution: [1, 0, 0, 0, 1, 1, 1, 0, 0, 0, 0, 0]
  Value: 109.0
  QAOA solution found:
    Solution: [1, 0, 0, 0, 1, 1, 1, 0, 0, 0, 0, 0]
    Value: 109.0

Running Constraint Generation:

Problem information:
  Number of variables (n): 12
  Number of constraints (m): 40

Running classical reference solver:
  Reference solution found:
    Solution: [1, 0, 0, 0, 1, 1, 1, 0, 0, 0, 0, 0]
    Value: 109.0

Starting quantum constraint generation with parameters:
  sample_size (total shots): 1000
  tau: 0.1
  max_iters: 1000

Iteration 0:
Found feasible solution: [0 0 1 0 0 0 0 1 0 1 1 1] with objective value 340.0
  Found feasible solution:
    Solution: [0, 0, 1, 0, 0, 0, 0, 1, 0, 1, 1, 1]
    Value: 340.0
    Gap to reference: 211.93%
  Constraint generation solution found:
    Solution: [0, 0, 1, 0, 0, 0, 0, 1, 0, 1, 1, 1]
    Value: 340.0

Instance 3 results:
  Classical value: 109.0
  QAOA value: 109.0
  Constraint generation value: 340.0

Running instance 4/100

Running Classical Reference Solver (SCIP):
  Reference solution found:
    Solution: [0, 0, 0, 0, 1, 1, 1, 0, 1, 0, 1, 1]
    Value: 265.0

Running QAOA Reference Solution (with all constraints):
