2025-02-24 16:50:45,491 - INFO - 
Problem information:
2025-02-24 16:50:45,491 - INFO -   Number of variables (n): 8
2025-02-24 16:50:45,491 - INFO -   Number of constraints (m): 25
2025-02-24 16:50:45,491 - DEBUG -   Density of A: 30.00%
2025-02-24 16:50:45,491 - INFO - 
Starting reference QAOA with parameters:
2025-02-24 16:50:45,491 - INFO -   sample_size (total shots): 500
2025-02-24 16:50:45,492 - INFO - Added all constraints
2025-02-24 16:50:45,492 - DEBUG - Generated Ising Hamiltonian
2025-02-24 16:50:45,723 - DEBUG - Optimizing QAOA circuit...
2025-02-24 16:50:48,146 - DEBUG - Circuit optimization successful
2025-02-24 16:50:48,146 - DEBUG - Circuit optimization successful, final value: -23260.415584415587
2025-02-24 16:50:48,146 - DEBUG - Sampling from optimized circuit...
2025-02-24 16:50:48,185 - DEBUG - Generated 119 unique samples from 500 total measurements
2025-02-24 16:50:48,185 - DEBUG - 
Top 5 most frequent samples:
2025-02-24 16:50:48,185 - DEBUG -   Rank | Count |   %   
2025-02-24 16:50:48,185 - DEBUG -   -----|-------|-------
2025-02-24 16:50:48,185 - DEBUG -      1 |    41 |   8.2
2025-02-24 16:50:48,186 - DEBUG -     Sample: [1 1 0 0 1 1 0 0]
2025-02-24 16:50:48,186 - DEBUG -      2 |    26 |   5.2
2025-02-24 16:50:48,187 - DEBUG -     Sample: [1 1 0 0 1 0 0 1]
2025-02-24 16:50:48,187 - DEBUG -      3 |    24 |   4.8
2025-02-24 16:50:48,187 - DEBUG -     Sample: [1 1 0 0 1 0 0 0]
2025-02-24 16:50:48,187 - DEBUG -      4 |    21 |   4.2
2025-02-24 16:50:48,188 - DEBUG -     Sample: [1 1 1 0 1 1 0 0]
2025-02-24 16:50:48,188 - DEBUG -      5 |    19 |   3.8
2025-02-24 16:50:48,188 - DEBUG -     Sample: [1 0 0 0 1 1 0 0]
2025-02-24 16:50:48,189 - DEBUG - Generated 119 unique samples from 500 total measurements
2025-02-24 16:50:48,191 - INFO - Found feasible solution: [1 1 0 1 0 1 0 0] with objective value 199.0
2025-02-24 16:50:48,192 - INFO - Found feasible solution:
2025-02-24 16:50:48,193 - INFO -   Solution: [1, 1, 0, 1, 0, 1, 0, 0]
2025-02-24 16:50:48,193 - INFO -   Value: 199.0
2025-02-24 16:50:48,193 - INFO -   QAOA solution found:
2025-02-24 16:50:48,193 - INFO -     Solution: [1, 1, 0, 1, 0, 1, 0, 0]
2025-02-24 16:50:48,194 - INFO -     Value: 199.0
2025-02-24 16:50:48,194 - INFO - 
Running Constraint Generation:
2025-02-24 16:50:48,196 - INFO - 
Problem information:
2025-02-24 16:50:48,196 - INFO -   Number of variables (n): 8
2025-02-24 16:50:48,197 - INFO -   Number of constraints (m): 25
2025-02-24 16:50:48,197 - DEBUG -   Density of A: 30.00%
2025-02-24 16:50:48,197 - INFO - 
Running classical reference solver:
2025-02-24 16:50:48,210 - INFO -   Reference solution found:
2025-02-24 16:50:48,210 - INFO -     Solution: [0, 0, 1, 0, 0, 0, 1, 1]
2025-02-24 16:50:48,210 - INFO -     Value: 198.0
2025-02-24 16:50:48,211 - INFO - 
Starting quantum constraint generation with parameters:
2025-02-24 16:50:48,211 - INFO -   sample_size (total shots): 500
2025-02-24 16:50:48,211 - INFO -   tau: 0.1
2025-02-24 16:50:48,211 - INFO -   max_iters: 1000
2025-02-24 16:50:48,212 - INFO - 
Iteration 0:
2025-02-24 16:50:48,212 - DEBUG - Generated Ising Hamiltonian
2025-02-24 16:50:48,514 - DEBUG - Optimizing QAOA circuit...
2025-02-24 16:50:49,972 - DEBUG - Circuit optimization successful
2025-02-24 16:50:49,973 - DEBUG - Circuit optimization successful, final value: -241.47652347652345
2025-02-24 16:50:49,973 - DEBUG - Sampling from optimized circuit...
2025-02-24 16:50:49,987 - DEBUG - Generated 51 unique samples from 500 total measurements
2025-02-24 16:50:49,987 - DEBUG - 
Top 5 most frequent samples:
2025-02-24 16:50:49,988 - DEBUG -   Rank | Count |   %   
2025-02-24 16:50:49,988 - DEBUG -   -----|-------|-------
2025-02-24 16:50:49,988 - DEBUG -      1 |   100 |  20.0
2025-02-24 16:50:49,988 - DEBUG -     Sample: [1 1 0 0 0 0 1 1]
2025-02-24 16:50:49,988 - DEBUG -      2 |    83 |  16.6
2025-02-24 16:50:49,988 - DEBUG -     Sample: [1 1 0 0 0 1 1 1]
2025-02-24 16:50:49,989 - DEBUG -      3 |    42 |   8.4
2025-02-24 16:50:49,989 - DEBUG -     Sample: [1 1 0 0 1 0 1 1]
2025-02-24 16:50:49,989 - DEBUG -      4 |    33 |   6.6
2025-02-24 16:50:49,989 - DEBUG -     Sample: [1 1 0 0 1 1 1 1]
2025-02-24 16:50:49,989 - DEBUG -      5 |    27 |   5.4
2025-02-24 16:50:49,989 - DEBUG -     Sample: [1 1 1 0 0 0 1 1]
2025-02-24 16:50:49,990 - DEBUG - Generated 51 unique samples from 500 total measurements
2025-02-24 16:50:49,991 - INFO -   No feasible solution found in this iteration
2025-02-24 16:50:49,991 - INFO -   Added 1 new constraints: [12]
2025-02-24 16:50:49,992 - INFO - 
Iteration 1:
2025-02-24 16:50:49,992 - DEBUG - Generated Ising Hamiltonian
2025-02-24 16:50:50,226 - DEBUG - Optimizing QAOA circuit...
2025-02-24 16:50:52,420 - DEBUG - Circuit optimization successful
2025-02-24 16:50:52,420 - DEBUG - Circuit optimization successful, final value: -3294.2277722277727
2025-02-24 16:50:52,420 - DEBUG - Sampling from optimized circuit...
2025-02-24 16:50:52,436 - DEBUG - Generated 103 unique samples from 500 total measurements
2025-02-24 16:50:52,437 - DEBUG - 
Top 5 most frequent samples:
2025-02-24 16:50:52,437 - DEBUG -   Rank | Count |   %   
2025-02-24 16:50:52,437 - DEBUG -   -----|-------|-------
2025-02-24 16:50:52,437 - DEBUG -      1 |    51 |  10.2
2025-02-24 16:50:52,437 - DEBUG -     Sample: [1 0 1 0 0 1 1 0]
2025-02-24 16:50:52,437 - DEBUG -      2 |    38 |   7.6
2025-02-24 16:50:52,438 - DEBUG -     Sample: [1 0 0 0 0 1 1 0]
2025-02-24 16:50:52,438 - DEBUG -      3 |    29 |   5.8
2025-02-24 16:50:52,438 - DEBUG -     Sample: [1 0 0 0 0 1 1 1]
2025-02-24 16:50:52,438 - DEBUG -      4 |    27 |   5.4
2025-02-24 16:50:52,438 - DEBUG -     Sample: [1 0 1 0 0 0 1 0]
2025-02-24 16:50:52,438 - DEBUG -      5 |    24 |   4.8
2025-02-24 16:50:52,439 - DEBUG -     Sample: [1 0 1 0 0 1 1 1]
2025-02-24 16:50:52,439 - DEBUG - Generated 103 unique samples from 500 total measurements
2025-02-24 16:50:52,441 - INFO - Found feasible solution: [0 0 1 0 0 0 1 1] with objective value 198.0
2025-02-24 16:50:52,442 - INFO - Found feasible solution: [1 1 0 1 0 1 0 0] with objective value 199.0
2025-02-24 16:50:52,443 - INFO -   Found feasible solution:
2025-02-24 16:50:52,443 - INFO -     Solution: [0, 0, 1, 0, 0, 0, 1, 1]
2025-02-24 16:50:52,443 - INFO -     Value: 198.0
2025-02-24 16:50:52,443 - INFO -     Gap to reference: 0.00%
2025-02-24 16:50:52,444 - INFO -   Constraint generation solution found:
2025-02-24 16:50:52,444 - INFO -     Solution: [0, 0, 1, 0, 0, 0, 1, 1]
2025-02-24 16:50:52,444 - INFO -     Value: 198.0
2025-02-24 16:50:52,444 - INFO - 
Instance 50 results:
2025-02-24 16:50:52,444 - INFO -   Classical value: 198.0
2025-02-24 16:50:52,445 - INFO -   QAOA value: 199.0
2025-02-24 16:50:52,445 - INFO -   Constraint generation value: 198.0
2025-02-24 16:50:52,446 - INFO - 
Running instance 51/100
2025-02-24 16:50:52,450 - INFO - 
Running Classical Reference Solver (SCIP):
2025-02-24 16:50:52,451 - DEBUG - Problem dimensions: 25 constraints, 8 variables
2025-02-24 16:50:52,451 - DEBUG - Row names: ['ELEM1', 'ELEM2', 'ELEM3', 'ELEM4', 'ELEM5', 'ELEM6', 'ELEM7', 'ELEM8', 'ELEM9', 'ELEM10', 'ELEM11', 'ELEM12', 'ELEM13', 'ELEM14', 'ELEM15', 'ELEM16', 'ELEM17', 'ELEM18', 'ELEM19', 'ELEM20', 'ELEM21', 'ELEM22', 'ELEM23', 'ELEM24', 'ELEM25']
2025-02-24 16:50:52,451 - DEBUG - RHS values: {'ELEM1': 1.0, 'ELEM2': 1.0, 'ELEM3': 1.0, 'ELEM4': 1.0, 'ELEM5': 1.0, 'ELEM6': 1.0, 'ELEM7': 1.0, 'ELEM8': 1.0, 'ELEM9': 1.0, 'ELEM10': 1.0, 'ELEM11': 1.0, 'ELEM12': 1.0, 'ELEM13': 1.0, 'ELEM14': 1.0, 'ELEM15': 1.0, 'ELEM16': 1.0, 'ELEM17': 1.0, 'ELEM18': 1.0, 'ELEM19': 1.0, 'ELEM20': 1.0, 'ELEM21': 1.0, 'ELEM22': 1.0, 'ELEM23': 1.0, 'ELEM24': 1.0, 'ELEM25': 1.0}
2025-02-24 16:50:52,467 - INFO -   Reference solution found:
2025-02-24 16:50:52,468 - INFO -     Solution: [0, 0, 0, 0, 1, 0, 1, 1]
2025-02-24 16:50:52,469 - INFO -     Value: 172.0
2025-02-24 16:50:52,471 - INFO - 
Running QAOA Reference Solution (with all constraints):
