2025-02-23 18:07:36,143 - INFO - 
Problem information:
2025-02-23 18:07:36,143 - INFO -   Number of variables (n): 12
2025-02-23 18:07:36,144 - INFO -   Number of constraints (m): 40
2025-02-23 18:07:36,144 - DEBUG -   Density of A: 16.67%
2025-02-23 18:07:36,144 - INFO - 
Starting reference QAOA with parameters:
2025-02-23 18:07:36,144 - INFO -   sample_size (total shots): 200
2025-02-23 18:07:36,144 - INFO - Added all constraints
2025-02-23 18:07:36,145 - DEBUG - Generated Ising Hamiltonian
2025-02-23 18:07:36,355 - DEBUG - Optimizing QAOA circuit...
2025-02-23 18:07:38,400 - DEBUG - Circuit optimization successful
2025-02-23 18:07:38,400 - DEBUG - Circuit optimization successful, final value: -3470.735264735264
2025-02-23 18:07:38,400 - DEBUG - Sampling from optimized circuit...
2025-02-23 18:07:38,417 - DEBUG - Generated 191 unique samples from 200 total measurements
2025-02-23 18:07:38,417 - DEBUG - 
Top 5 most frequent samples:
2025-02-23 18:07:38,417 - DEBUG -   Rank | Count |   %   
2025-02-23 18:07:38,417 - DEBUG -   -----|-------|-------
2025-02-23 18:07:38,417 - DEBUG -      1 |     2 |   1.0
2025-02-23 18:07:38,418 - DEBUG -     Sample: [1 0 1 0 1 0 0 1 1 1 1 0]
2025-02-23 18:07:38,418 - DEBUG -      2 |     2 |   1.0
2025-02-23 18:07:38,418 - DEBUG -     Sample: [0 1 1 0 1 0 0 0 1 1 1 0]
2025-02-23 18:07:38,418 - DEBUG -      3 |     2 |   1.0
2025-02-23 18:07:38,418 - DEBUG -     Sample: [1 0 0 0 0 0 0 1 1 1 1 0]
2025-02-23 18:07:38,419 - DEBUG -      4 |     2 |   1.0
2025-02-23 18:07:38,419 - DEBUG -     Sample: [1 0 1 1 1 0 0 1 0 1 0 1]
2025-02-23 18:07:38,419 - DEBUG -      5 |     2 |   1.0
2025-02-23 18:07:38,419 - DEBUG -     Sample: [0 0 1 0 1 0 1 0 1 1 1 0]
2025-02-23 18:07:38,420 - DEBUG - Generated 191 unique samples from 200 total measurements
2025-02-23 18:07:38,424 - INFO - No feasible solution found
2025-02-23 18:07:38,424 - INFO -   QAOA solver found no feasible solution
2025-02-23 18:07:38,425 - INFO - 
Running Constraint Generation:
2025-02-23 18:07:38,426 - INFO - 
Problem information:
2025-02-23 18:07:38,426 - INFO -   Number of variables (n): 12
2025-02-23 18:07:38,426 - INFO -   Number of constraints (m): 40
2025-02-23 18:07:38,427 - DEBUG -   Density of A: 16.67%
2025-02-23 18:07:38,427 - INFO - 
Running classical reference solver:
2025-02-23 18:07:38,438 - INFO -   Reference solution found:
2025-02-23 18:07:38,439 - INFO -     Solution: [0, 0, 1, 1, 1, 1, 1, 0, 0, 1, 1, 0]
2025-02-23 18:07:38,439 - INFO -     Value: 274.0
2025-02-23 18:07:38,440 - INFO - 
Starting quantum constraint generation with parameters:
2025-02-23 18:07:38,440 - INFO -   sample_size (total shots): 200
2025-02-23 18:07:38,440 - INFO -   tau: 0.1
2025-02-23 18:07:38,440 - INFO -   max_iters: 1000
2025-02-23 18:07:38,440 - INFO - 
Iteration 0:
2025-02-23 18:07:38,441 - DEBUG - Generated Ising Hamiltonian
2025-02-23 18:07:38,665 - DEBUG - Optimizing QAOA circuit...
2025-02-23 18:07:39,922 - DEBUG - Circuit optimization successful
2025-02-23 18:07:39,922 - DEBUG - Circuit optimization successful, final value: -326.84915084915093
2025-02-23 18:07:39,922 - DEBUG - Sampling from optimized circuit...
2025-02-23 18:07:39,936 - DEBUG - Generated 38 unique samples from 200 total measurements
2025-02-23 18:07:39,937 - DEBUG - 
Top 5 most frequent samples:
2025-02-23 18:07:39,937 - DEBUG -   Rank | Count |   %   
2025-02-23 18:07:39,937 - DEBUG -   -----|-------|-------
2025-02-23 18:07:39,937 - DEBUG -      1 |    65 |  32.5
2025-02-23 18:07:39,937 - DEBUG -     Sample: [1 1 1 1 1 1 0 1 1 0 1 1]
2025-02-23 18:07:39,937 - DEBUG -      2 |    54 |  27.0
2025-02-23 18:07:39,937 - DEBUG -     Sample: [1 0 1 1 1 1 0 1 1 0 1 1]
2025-02-23 18:07:39,938 - DEBUG -      3 |    12 |   6.0
2025-02-23 18:07:39,938 - DEBUG -     Sample: [1 1 1 1 1 1 0 0 1 0 1 1]
2025-02-23 18:07:39,938 - DEBUG -      4 |     6 |   3.0
2025-02-23 18:07:39,938 - DEBUG -     Sample: [1 0 1 1 1 1 1 1 1 0 1 1]
2025-02-23 18:07:39,938 - DEBUG -      5 |     5 |   2.5
2025-02-23 18:07:39,939 - DEBUG -     Sample: [1 1 1 1 1 1 0 1 1 0 0 1]
2025-02-23 18:07:39,939 - DEBUG - Generated 38 unique samples from 200 total measurements
2025-02-23 18:07:39,940 - INFO -   No feasible solution found in this iteration
2025-02-23 18:07:39,940 - INFO -   Added 3 new constraints: [12, 31, 39]
2025-02-23 18:07:39,940 - INFO - 
Iteration 1:
2025-02-23 18:07:39,940 - DEBUG - Generated Ising Hamiltonian
2025-02-23 18:07:40,125 - DEBUG - Optimizing QAOA circuit...
2025-02-23 18:07:40,992 - DEBUG - Circuit optimization successful
2025-02-23 18:07:40,992 - DEBUG - Circuit optimization successful, final value: -1848.1943056943055
2025-02-23 18:07:40,993 - DEBUG - Sampling from optimized circuit...
2025-02-23 18:07:41,007 - DEBUG - Generated 107 unique samples from 200 total measurements
2025-02-23 18:07:41,007 - DEBUG - 
Top 5 most frequent samples:
2025-02-23 18:07:41,007 - DEBUG -   Rank | Count |   %   
2025-02-23 18:07:41,007 - DEBUG -   -----|-------|-------
2025-02-23 18:07:41,007 - DEBUG -      1 |     8 |   4.0
2025-02-23 18:07:41,008 - DEBUG -     Sample: [1 0 1 0 1 0 0 1 1 0 1 0]
2025-02-23 18:07:41,008 - DEBUG -      2 |     7 |   3.5
2025-02-23 18:07:41,008 - DEBUG -     Sample: [1 0 1 0 1 1 0 1 0 0 1 0]
2025-02-23 18:07:41,008 - DEBUG -      3 |     6 |   3.0
2025-02-23 18:07:41,008 - DEBUG -     Sample: [1 0 1 0 1 1 0 1 1 0 1 0]
2025-02-23 18:07:41,008 - DEBUG -      4 |     6 |   3.0
2025-02-23 18:07:41,009 - DEBUG -     Sample: [1 0 1 0 1 0 0 1 0 0 1 0]
2025-02-23 18:07:41,009 - DEBUG -      5 |     6 |   3.0
2025-02-23 18:07:41,009 - DEBUG -     Sample: [1 0 1 0 0 1 0 1 1 0 1 0]
2025-02-23 18:07:41,009 - DEBUG - Generated 107 unique samples from 200 total measurements
2025-02-23 18:07:41,012 - INFO -   No feasible solution found in this iteration
2025-02-23 18:07:41,012 - INFO -   Added 1 new constraints: [9]
2025-02-23 18:07:41,013 - INFO - 
Iteration 2:
2025-02-23 18:07:41,014 - DEBUG - Generated Ising Hamiltonian
2025-02-23 18:07:41,230 - DEBUG - Optimizing QAOA circuit...
2025-02-23 18:07:42,597 - DEBUG - Circuit optimization successful
2025-02-23 18:07:42,597 - DEBUG - Circuit optimization successful, final value: -5266.718281718282
2025-02-23 18:07:42,597 - DEBUG - Sampling from optimized circuit...
2025-02-23 18:07:42,625 - DEBUG - Generated 182 unique samples from 200 total measurements
2025-02-23 18:07:42,625 - DEBUG - 
Top 5 most frequent samples:
2025-02-23 18:07:42,625 - DEBUG -   Rank | Count |   %   
2025-02-23 18:07:42,625 - DEBUG -   -----|-------|-------
2025-02-23 18:07:42,626 - DEBUG -      1 |     4 |   2.0
2025-02-23 18:07:42,626 - DEBUG -     Sample: [0 1 0 0 1 0 1 1 0 0 0 1]
2025-02-23 18:07:42,627 - DEBUG -      2 |     3 |   1.5
2025-02-23 18:07:42,627 - DEBUG -     Sample: [0 1 0 0 0 0 0 1 1 1 0 1]
2025-02-23 18:07:42,627 - DEBUG -      3 |     3 |   1.5
2025-02-23 18:07:42,628 - DEBUG -     Sample: [1 1 0 0 0 1 1 1 1 0 0 1]
2025-02-23 18:07:42,628 - DEBUG -      4 |     2 |   1.0
2025-02-23 18:07:42,628 - DEBUG -     Sample: [0 1 0 0 0 0 0 0 0 0 0 1]
2025-02-23 18:07:42,628 - DEBUG -      5 |     2 |   1.0
2025-02-23 18:07:42,629 - DEBUG -     Sample: [0 1 0 0 1 0 1 1 1 0 0 1]
2025-02-23 18:07:42,630 - DEBUG - Generated 182 unique samples from 200 total measurements
2025-02-23 18:07:42,635 - INFO -   No feasible solution found in this iteration
2025-02-23 18:07:42,635 - INFO -   Added 4 new constraints: [4, 7, 16, 33]
2025-02-23 18:07:42,635 - INFO - 
Iteration 3:
2025-02-23 18:07:42,636 - DEBUG - Generated Ising Hamiltonian
2025-02-23 18:07:42,853 - DEBUG - Optimizing QAOA circuit...
2025-02-23 18:07:44,260 - DEBUG - Circuit optimization successful
2025-02-23 18:07:44,262 - DEBUG - Circuit optimization successful, final value: 6170.045954045954
2025-02-23 18:07:44,262 - DEBUG - Sampling from optimized circuit...
2025-02-23 18:07:44,278 - DEBUG - Generated 143 unique samples from 200 total measurements
2025-02-23 18:07:44,279 - DEBUG - 
Top 5 most frequent samples:
2025-02-23 18:07:44,279 - DEBUG -   Rank | Count |   %   
2025-02-23 18:07:44,279 - DEBUG -   -----|-------|-------
2025-02-23 18:07:44,279 - DEBUG -      1 |     8 |   4.0
2025-02-23 18:07:44,279 - DEBUG -     Sample: [1 1 0 1 0 0 0 1 0 1 0 0]
2025-02-23 18:07:44,279 - DEBUG -      2 |     6 |   3.0
2025-02-23 18:07:44,280 - DEBUG -     Sample: [1 1 1 1 0 0 0 1 0 1 0 0]
2025-02-23 18:07:44,280 - DEBUG -      3 |     4 |   2.0
2025-02-23 18:07:44,280 - DEBUG -     Sample: [1 1 0 1 1 0 0 1 0 1 1 0]
2025-02-23 18:07:44,281 - DEBUG -      4 |     4 |   2.0
2025-02-23 18:07:44,281 - DEBUG -     Sample: [1 1 0 1 0 0 0 1 1 1 0 0]
2025-02-23 18:07:44,281 - DEBUG -      5 |     4 |   2.0
2025-02-23 18:07:44,281 - DEBUG -     Sample: [0 1 0 0 0 0 0 0 0 1 0 0]
2025-02-23 18:07:44,282 - DEBUG - Generated 143 unique samples from 200 total measurements
2025-02-23 18:07:44,285 - INFO -   No feasible solution found in this iteration
2025-02-23 18:07:44,286 - INFO -   No new constraints added, lowered tau multiplier: 1.0 -> 0.9
2025-02-23 18:07:44,286 - INFO -   No new constraints added, lowered tau multiplier: 0.9 -> 0.8
2025-02-23 18:07:44,287 - INFO -   No new constraints added, lowered tau multiplier: 0.8 -> 0.7
2025-02-23 18:07:44,287 - INFO -   Added 6 new constraints: [6, 13, 23, 26, 32, 37]
2025-02-23 18:07:44,287 - INFO - 
Iteration 4:
2025-02-23 18:07:44,288 - DEBUG - Generated Ising Hamiltonian
2025-02-23 18:07:44,499 - DEBUG - Optimizing QAOA circuit...
2025-02-23 18:07:45,567 - DEBUG - Circuit optimization successful
2025-02-23 18:07:45,567 - DEBUG - Circuit optimization successful, final value: 9925.401598401599
2025-02-23 18:07:45,567 - DEBUG - Sampling from optimized circuit...
2025-02-23 18:07:45,580 - DEBUG - Generated 118 unique samples from 200 total measurements
2025-02-23 18:07:45,581 - DEBUG - 
Top 5 most frequent samples:
2025-02-23 18:07:45,581 - DEBUG -   Rank | Count |   %   
2025-02-23 18:07:45,581 - DEBUG -   -----|-------|-------
2025-02-23 18:07:45,581 - DEBUG -      1 |    10 |   5.0
2025-02-23 18:07:45,581 - DEBUG -     Sample: [1 1 0 1 0 0 1 1 1 0 0 0]
2025-02-23 18:07:45,582 - DEBUG -      2 |     8 |   4.0
2025-02-23 18:07:45,582 - DEBUG -     Sample: [0 1 0 1 0 0 1 1 1 0 0 0]
2025-02-23 18:07:45,582 - DEBUG -      3 |     8 |   4.0
2025-02-23 18:07:45,582 - DEBUG -     Sample: [1 1 1 1 0 0 1 1 1 0 0 0]
2025-02-23 18:07:45,582 - DEBUG -      4 |     7 |   3.5
2025-02-23 18:07:45,583 - DEBUG -     Sample: [1 1 1 0 0 0 1 1 1 0 0 0]
2025-02-23 18:07:45,583 - DEBUG -      5 |     7 |   3.5
2025-02-23 18:07:45,583 - DEBUG -     Sample: [1 1 0 1 0 0 1 1 1 1 1 1]
2025-02-23 18:07:45,584 - DEBUG - Generated 118 unique samples from 200 total measurements
2025-02-23 18:07:45,585 - INFO - Found feasible solution: [1 1 0 0 0 0 0 1 1 0 0 1] with objective value 316.0
2025-02-23 18:07:45,587 - INFO -   Found feasible solution:
2025-02-23 18:07:45,587 - INFO -     Solution: [1, 1, 0, 0, 0, 0, 0, 1, 1, 0, 0, 1]
2025-02-23 18:07:45,587 - INFO -     Value: 316.0
2025-02-23 18:07:45,587 - INFO -     Gap to reference: 15.33%
2025-02-23 18:07:45,588 - INFO -   Constraint generation solution found:
2025-02-23 18:07:45,588 - INFO -     Solution: [1, 1, 0, 0, 0, 0, 0, 1, 1, 0, 0, 1]
2025-02-23 18:07:45,588 - INFO -     Value: 316.0
2025-02-23 18:07:45,588 - INFO - 
Instance 59 results:
2025-02-23 18:07:45,589 - INFO -   Classical value: 274.0
2025-02-23 18:07:45,589 - INFO -   QAOA value: 0.0
2025-02-23 18:07:45,589 - INFO -   Constraint generation value: 316.0
2025-02-23 18:07:45,589 - INFO - 
Running instance 60/100
2025-02-23 18:07:45,592 - INFO - 
Running Classical Reference Solver (SCIP):
2025-02-23 18:07:45,593 - DEBUG - Problem dimensions: 40 constraints, 12 variables
2025-02-23 18:07:45,593 - DEBUG - Row names: ['ELEM1', 'ELEM2', 'ELEM3', 'ELEM4', 'ELEM5', 'ELEM6', 'ELEM7', 'ELEM8', 'ELEM9', 'ELEM10', 'ELEM11', 'ELEM12', 'ELEM13', 'ELEM14', 'ELEM15', 'ELEM16', 'ELEM17', 'ELEM18', 'ELEM19', 'ELEM20', 'ELEM21', 'ELEM22', 'ELEM23', 'ELEM24', 'ELEM25', 'ELEM26', 'ELEM27', 'ELEM28', 'ELEM29', 'ELEM30', 'ELEM31', 'ELEM32', 'ELEM33', 'ELEM34', 'ELEM35', 'ELEM36', 'ELEM37', 'ELEM38', 'ELEM39', 'ELEM40']
2025-02-23 18:07:45,593 - DEBUG - RHS values: {'ELEM1': 1.0, 'ELEM2': 1.0, 'ELEM3': 1.0, 'ELEM4': 1.0, 'ELEM5': 1.0, 'ELEM6': 1.0, 'ELEM7': 1.0, 'ELEM8': 1.0, 'ELEM9': 1.0, 'ELEM10': 1.0, 'ELEM11': 1.0, 'ELEM12': 1.0, 'ELEM13': 1.0, 'ELEM14': 1.0, 'ELEM15': 1.0, 'ELEM16': 1.0, 'ELEM17': 1.0, 'ELEM18': 1.0, 'ELEM19': 1.0, 'ELEM20': 1.0, 'ELEM21': 1.0, 'ELEM22': 1.0, 'ELEM23': 1.0, 'ELEM24': 1.0, 'ELEM25': 1.0, 'ELEM26': 1.0, 'ELEM27': 1.0, 'ELEM28': 1.0, 'ELEM29': 1.0, 'ELEM30': 1.0, 'ELEM31': 1.0, 'ELEM32': 1.0, 'ELEM33': 1.0, 'ELEM34': 1.0, 'ELEM35': 1.0, 'ELEM36': 1.0, 'ELEM37': 1.0, 'ELEM38': 1.0, 'ELEM39': 1.0, 'ELEM40': 1.0}
2025-02-23 18:07:45,603 - INFO -   Reference solution found:
2025-02-23 18:07:45,603 - INFO -     Solution: [1, 0, 0, 1, 1, 0, 1, 0, 1, 0, 0, 0]
2025-02-23 18:07:45,604 - INFO -     Value: 189.0
2025-02-23 18:07:45,604 - INFO - 
Running QAOA Reference Solution (with all constraints):
