
Problem information:
  Number of variables (n): 12
  Number of constraints (m): 40

Starting reference QAOA with parameters:
  sample_size (total shots): 200
Added all constraints
No feasible solution found
  QAOA solver found no feasible solution

Running Constraint Generation:

Problem information:
  Number of variables (n): 12
  Number of constraints (m): 40

Running classical reference solver:
  Reference solution found:
    Solution: [0, 0, 1, 1, 1, 1, 1, 0, 0, 1, 1, 0]
    Value: 274.0

Starting quantum constraint generation with parameters:
  sample_size (total shots): 200
  tau: 0.1
  max_iters: 1000

Iteration 0:
  No feasible solution found in this iteration
  Added 3 new constraints: [12, 31, 39]

Iteration 1:
  No feasible solution found in this iteration
  Added 1 new constraints: [9]

Iteration 2:
  No feasible solution found in this iteration
  Added 4 new constraints: [4, 7, 16, 33]

Iteration 3:
  No feasible solution found in this iteration
  No new constraints added, lowered tau multiplier: 1.0 -> 0.9
  No new constraints added, lowered tau multiplier: 0.9 -> 0.8
  No new constraints added, lowered tau multiplier: 0.8 -> 0.7
  Added 6 new constraints: [6, 13, 23, 26, 32, 37]

Iteration 4:
Found feasible solution: [1 1 0 0 0 0 0 1 1 0 0 1] with objective value 316.0
  Found feasible solution:
    Solution: [1, 1, 0, 0, 0, 0, 0, 1, 1, 0, 0, 1]
    Value: 316.0
    Gap to reference: 15.33%
  Constraint generation solution found:
    Solution: [1, 1, 0, 0, 0, 0, 0, 1, 1, 0, 0, 1]
    Value: 316.0

Instance 59 results:
  Classical value: 274.0
  QAOA value: 0.0
  Constraint generation value: 316.0

Running instance 60/100

Running Classical Reference Solver (SCIP):
  Reference solution found:
    Solution: [1, 0, 0, 1, 1, 0, 1, 0, 1, 0, 0, 0]
    Value: 189.0

Running QAOA Reference Solution (with all constraints):
