2025-02-23 17:53:08,909 - INFO - 
Problem information:
2025-02-23 17:53:08,910 - INFO -   Number of variables (n): 12
2025-02-23 17:53:08,910 - INFO -   Number of constraints (m): 40
2025-02-23 17:53:08,910 - DEBUG -   Density of A: 25.00%
2025-02-23 17:53:08,910 - INFO - 
Starting reference QAOA with parameters:
2025-02-23 17:53:08,911 - INFO -   sample_size (total shots): 200
2025-02-23 17:53:08,911 - INFO - Added all constraints
2025-02-23 17:53:08,912 - DEBUG - Generated Ising Hamiltonian
2025-02-23 17:53:09,135 - DEBUG - Optimizing QAOA circuit...
2025-02-23 17:53:11,229 - DEBUG - Circuit optimization successful
2025-02-23 17:53:11,230 - DEBUG - Circuit optimization successful, final value: 69016.10989010989
2025-02-23 17:53:11,230 - DEBUG - Sampling from optimized circuit...
2025-02-23 17:53:11,247 - DEBUG - Generated 108 unique samples from 200 total measurements
2025-02-23 17:53:11,248 - DEBUG - 
Top 5 most frequent samples:
2025-02-23 17:53:11,248 - DEBUG -   Rank | Count |   %   
2025-02-23 17:53:11,248 - DEBUG -   -----|-------|-------
2025-02-23 17:53:11,248 - DEBUG -      1 |    14 |   7.0
2025-02-23 17:53:11,248 - DEBUG -     Sample: [1 0 1 0 1 0 1 1 0 0 1 1]
2025-02-23 17:53:11,248 - DEBUG -      2 |    14 |   7.0
2025-02-23 17:53:11,249 - DEBUG -     Sample: [1 0 1 0 1 0 1 0 0 0 1 1]
2025-02-23 17:53:11,249 - DEBUG -      3 |    13 |   6.5
2025-02-23 17:53:11,249 - DEBUG -     Sample: [1 0 1 0 1 1 1 1 0 0 1 1]
2025-02-23 17:53:11,249 - DEBUG -      4 |     7 |   3.5
2025-02-23 17:53:11,249 - DEBUG -     Sample: [1 0 1 0 1 1 1 1 1 0 1 1]
2025-02-23 17:53:11,250 - DEBUG -      5 |     6 |   3.0
2025-02-23 17:53:11,250 - DEBUG -     Sample: [1 0 1 0 1 0 0 0 0 0 1 1]
2025-02-23 17:53:11,250 - DEBUG - Generated 108 unique samples from 200 total measurements
2025-02-23 17:53:11,252 - INFO - No feasible solution found
2025-02-23 17:53:11,253 - INFO -   QAOA solver found no feasible solution
2025-02-23 17:53:11,253 - INFO - 
Running Constraint Generation:
2025-02-23 17:53:11,254 - INFO - 
Problem information:
2025-02-23 17:53:11,254 - INFO -   Number of variables (n): 12
2025-02-23 17:53:11,255 - INFO -   Number of constraints (m): 40
2025-02-23 17:53:11,255 - DEBUG -   Density of A: 25.00%
2025-02-23 17:53:11,255 - INFO - 
Running classical reference solver:
2025-02-23 17:53:11,266 - INFO -   Reference solution found:
2025-02-23 17:53:11,267 - INFO -     Solution: [0, 0, 1, 0, 0, 0, 0, 1, 1, 1, 0, 0]
2025-02-23 17:53:11,267 - INFO -     Value: 198.0
2025-02-23 17:53:11,267 - INFO - 
Starting quantum constraint generation with parameters:
2025-02-23 17:53:11,267 - INFO -   sample_size (total shots): 200
2025-02-23 17:53:11,267 - INFO -   tau: 0.1
2025-02-23 17:53:11,267 - INFO -   max_iters: 1000
2025-02-23 17:53:11,268 - INFO - 
Iteration 0:
2025-02-23 17:53:11,268 - DEBUG - Generated Ising Hamiltonian
2025-02-23 17:53:11,476 - DEBUG - Optimizing QAOA circuit...
2025-02-23 17:53:12,712 - DEBUG - Circuit optimization successful
2025-02-23 17:53:12,712 - DEBUG - Circuit optimization successful, final value: -134.96203796203798
2025-02-23 17:53:12,712 - DEBUG - Sampling from optimized circuit...
2025-02-23 17:53:12,725 - DEBUG - Generated 178 unique samples from 200 total measurements
2025-02-23 17:53:12,726 - DEBUG - 
Top 5 most frequent samples:
2025-02-23 17:53:12,726 - DEBUG -   Rank | Count |   %   
2025-02-23 17:53:12,726 - DEBUG -   -----|-------|-------
2025-02-23 17:53:12,726 - DEBUG -      1 |     3 |   1.5
2025-02-23 17:53:12,726 - DEBUG -     Sample: [0 0 1 1 1 1 1 0 1 0 1 0]
2025-02-23 17:53:12,726 - DEBUG -      2 |     3 |   1.5
2025-02-23 17:53:12,727 - DEBUG -     Sample: [1 1 1 1 1 1 1 0 1 0 1 0]
2025-02-23 17:53:12,727 - DEBUG -      3 |     3 |   1.5
2025-02-23 17:53:12,727 - DEBUG -     Sample: [1 1 1 1 1 1 1 0 1 1 1 1]
2025-02-23 17:53:12,727 - DEBUG -      4 |     2 |   1.0
2025-02-23 17:53:12,727 - DEBUG -     Sample: [1 1 0 1 1 1 0 1 1 0 1 0]
2025-02-23 17:53:12,727 - DEBUG -      5 |     2 |   1.0
2025-02-23 17:53:12,727 - DEBUG -     Sample: [0 0 1 1 1 1 1 0 0 0 1 1]
2025-02-23 17:53:12,728 - DEBUG - Generated 178 unique samples from 200 total measurements
2025-02-23 17:53:12,731 - INFO -   No feasible solution found in this iteration
2025-02-23 17:53:12,731 - INFO -   Added 1 new constraints: [3]
2025-02-23 17:53:12,732 - INFO - 
Iteration 1:
2025-02-23 17:53:12,732 - DEBUG - Generated Ising Hamiltonian
2025-02-23 17:53:12,944 - DEBUG - Optimizing QAOA circuit...
2025-02-23 17:53:14,083 - DEBUG - Circuit optimization successful
2025-02-23 17:53:14,083 - DEBUG - Circuit optimization successful, final value: -80.53271728271729
2025-02-23 17:53:14,083 - DEBUG - Sampling from optimized circuit...
2025-02-23 17:53:14,097 - DEBUG - Generated 193 unique samples from 200 total measurements
2025-02-23 17:53:14,097 - DEBUG - 
Top 5 most frequent samples:
2025-02-23 17:53:14,097 - DEBUG -   Rank | Count |   %   
2025-02-23 17:53:14,097 - DEBUG -   -----|-------|-------
2025-02-23 17:53:14,097 - DEBUG -      1 |     2 |   1.0
2025-02-23 17:53:14,098 - DEBUG -     Sample: [0 1 1 1 1 1 1 0 1 1 0 1]
2025-02-23 17:53:14,098 - DEBUG -      2 |     2 |   1.0
2025-02-23 17:53:14,098 - DEBUG -     Sample: [1 0 1 0 1 0 0 0 1 0 0 1]
2025-02-23 17:53:14,098 - DEBUG -      3 |     2 |   1.0
2025-02-23 17:53:14,099 - DEBUG -     Sample: [0 1 0 0 1 0 0 1 0 0 1 1]
2025-02-23 17:53:14,099 - DEBUG -      4 |     2 |   1.0
2025-02-23 17:53:14,099 - DEBUG -     Sample: [1 0 1 1 1 0 1 0 1 0 1 0]
2025-02-23 17:53:14,099 - DEBUG -      5 |     2 |   1.0
2025-02-23 17:53:14,099 - DEBUG -     Sample: [1 1 0 1 1 1 0 0 0 0 0 0]
2025-02-23 17:53:14,100 - DEBUG - Generated 193 unique samples from 200 total measurements
2025-02-23 17:53:14,103 - INFO -   No feasible solution found in this iteration
2025-02-23 17:53:14,104 - INFO -   Added 1 new constraints: [29]
2025-02-23 17:53:14,104 - INFO - 
Iteration 2:
2025-02-23 17:53:14,104 - DEBUG - Generated Ising Hamiltonian
2025-02-23 17:53:14,312 - DEBUG - Optimizing QAOA circuit...
2025-02-23 17:53:15,387 - DEBUG - Circuit optimization successful
2025-02-23 17:53:15,387 - DEBUG - Circuit optimization successful, final value: -4685.369130869131
2025-02-23 17:53:15,388 - DEBUG - Sampling from optimized circuit...
2025-02-23 17:53:15,401 - DEBUG - Generated 103 unique samples from 200 total measurements
2025-02-23 17:53:15,401 - DEBUG - 
Top 5 most frequent samples:
2025-02-23 17:53:15,401 - DEBUG -   Rank | Count |   %   
2025-02-23 17:53:15,401 - DEBUG -   -----|-------|-------
2025-02-23 17:53:15,401 - DEBUG -      1 |    11 |   5.5
2025-02-23 17:53:15,401 - DEBUG -     Sample: [1 1 0 0 1 0 0 1 0 1 0 0]
2025-02-23 17:53:15,401 - DEBUG -      2 |    10 |   5.0
2025-02-23 17:53:15,402 - DEBUG -     Sample: [1 1 0 0 1 0 0 1 0 1 1 0]
2025-02-23 17:53:15,402 - DEBUG -      3 |     7 |   3.5
2025-02-23 17:53:15,402 - DEBUG -     Sample: [1 1 1 0 1 0 0 1 0 1 0 0]
2025-02-23 17:53:15,402 - DEBUG -      4 |     6 |   3.0
2025-02-23 17:53:15,402 - DEBUG -     Sample: [1 1 0 0 1 0 1 1 0 1 0 0]
2025-02-23 17:53:15,402 - DEBUG -      5 |     5 |   2.5
2025-02-23 17:53:15,403 - DEBUG -     Sample: [1 1 1 0 1 0 0 1 0 1 1 0]
2025-02-23 17:53:15,403 - DEBUG - Generated 103 unique samples from 200 total measurements
2025-02-23 17:53:15,405 - INFO -   No feasible solution found in this iteration
2025-02-23 17:53:15,405 - INFO -   Added 4 new constraints: [6, 12, 30, 35]
2025-02-23 17:53:15,405 - INFO - 
Iteration 3:
2025-02-23 17:53:15,405 - DEBUG - Generated Ising Hamiltonian
2025-02-23 17:53:15,624 - DEBUG - Optimizing QAOA circuit...
2025-02-23 17:53:17,062 - DEBUG - Circuit optimization successful
2025-02-23 17:53:17,063 - DEBUG - Circuit optimization successful, final value: 8475.426073926074
2025-02-23 17:53:17,063 - DEBUG - Sampling from optimized circuit...
2025-02-23 17:53:17,079 - DEBUG - Generated 99 unique samples from 200 total measurements
2025-02-23 17:53:17,079 - DEBUG - 
Top 5 most frequent samples:
2025-02-23 17:53:17,079 - DEBUG -   Rank | Count |   %   
2025-02-23 17:53:17,079 - DEBUG -   -----|-------|-------
2025-02-23 17:53:17,080 - DEBUG -      1 |    12 |   6.0
2025-02-23 17:53:17,080 - DEBUG -     Sample: [1 1 1 0 0 1 1 0 0 0 1 0]
2025-02-23 17:53:17,080 - DEBUG -      2 |     9 |   4.5
2025-02-23 17:53:17,080 - DEBUG -     Sample: [1 1 1 0 0 1 1 0 0 0 0 0]
2025-02-23 17:53:17,080 - DEBUG -      3 |     8 |   4.0
2025-02-23 17:53:17,081 - DEBUG -     Sample: [1 0 1 0 0 1 1 0 0 0 0 0]
2025-02-23 17:53:17,081 - DEBUG -      4 |     7 |   3.5
2025-02-23 17:53:17,081 - DEBUG -     Sample: [1 1 1 0 0 1 0 0 0 0 0 0]
2025-02-23 17:53:17,081 - DEBUG -      5 |     6 |   3.0
2025-02-23 17:53:17,082 - DEBUG -     Sample: [1 1 1 0 1 1 1 0 0 0 0 0]
2025-02-23 17:53:17,082 - DEBUG - Generated 99 unique samples from 200 total measurements
2025-02-23 17:53:17,085 - INFO -   No feasible solution found in this iteration
2025-02-23 17:53:17,085 - INFO -   Added 1 new constraints: [13]
2025-02-23 17:53:17,085 - INFO - 
Iteration 4:
2025-02-23 17:53:17,086 - DEBUG - Generated Ising Hamiltonian
2025-02-23 17:53:17,303 - DEBUG - Optimizing QAOA circuit...
2025-02-23 17:53:18,703 - DEBUG - Circuit optimization successful
2025-02-23 17:53:18,704 - DEBUG - Circuit optimization successful, final value: 1161.7554945054933
2025-02-23 17:53:18,704 - DEBUG - Sampling from optimized circuit...
2025-02-23 17:53:18,718 - DEBUG - Generated 116 unique samples from 200 total measurements
2025-02-23 17:53:18,718 - DEBUG - 
Top 5 most frequent samples:
2025-02-23 17:53:18,718 - DEBUG -   Rank | Count |   %   
2025-02-23 17:53:18,719 - DEBUG -   -----|-------|-------
2025-02-23 17:53:18,719 - DEBUG -      1 |    10 |   5.0
2025-02-23 17:53:18,719 - DEBUG -     Sample: [1 0 1 0 0 1 1 0 0 0 0 1]
2025-02-23 17:53:18,719 - DEBUG -      2 |     9 |   4.5
2025-02-23 17:53:18,719 - DEBUG -     Sample: [1 0 1 0 0 1 0 0 0 0 0 1]
2025-02-23 17:53:18,719 - DEBUG -      3 |     7 |   3.5
2025-02-23 17:53:18,720 - DEBUG -     Sample: [1 0 1 0 0 1 0 0 0 0 1 1]
2025-02-23 17:53:18,720 - DEBUG -      4 |     6 |   3.0
2025-02-23 17:53:18,720 - DEBUG -     Sample: [1 0 1 0 0 1 0 1 0 0 0 1]
2025-02-23 17:53:18,720 - DEBUG -      5 |     6 |   3.0
2025-02-23 17:53:18,720 - DEBUG -     Sample: [1 0 1 0 0 1 0 0 0 0 1 0]
2025-02-23 17:53:18,721 - DEBUG - Generated 116 unique samples from 200 total measurements
2025-02-23 17:53:18,723 - INFO -   No feasible solution found in this iteration
2025-02-23 17:53:18,723 - INFO -   No new constraints added, lowered tau multiplier: 1.0 -> 0.9
2025-02-23 17:53:18,724 - INFO -   Added 1 new constraints: [18]
2025-02-23 17:53:18,724 - INFO - 
Iteration 5:
2025-02-23 17:53:18,725 - DEBUG - Generated Ising Hamiltonian
2025-02-23 17:53:18,932 - DEBUG - Optimizing QAOA circuit...
2025-02-23 17:53:20,177 - DEBUG - Circuit optimization successful
2025-02-23 17:53:20,177 - DEBUG - Circuit optimization successful, final value: 13522.604395604394
2025-02-23 17:53:20,177 - DEBUG - Sampling from optimized circuit...
2025-02-23 17:53:20,191 - DEBUG - Generated 122 unique samples from 200 total measurements
2025-02-23 17:53:20,192 - DEBUG - 
Top 5 most frequent samples:
2025-02-23 17:53:20,192 - DEBUG -   Rank | Count |   %   
2025-02-23 17:53:20,192 - DEBUG -   -----|-------|-------
2025-02-23 17:53:20,192 - DEBUG -      1 |     9 |   4.5
2025-02-23 17:53:20,193 - DEBUG -     Sample: [0 1 1 0 1 0 1 1 0 1 0 0]
2025-02-23 17:53:20,193 - DEBUG -      2 |     6 |   3.0
2025-02-23 17:53:20,193 - DEBUG -     Sample: [1 1 1 0 1 0 1 1 0 1 0 0]
2025-02-23 17:53:20,193 - DEBUG -      3 |     5 |   2.5
2025-02-23 17:53:20,194 - DEBUG -     Sample: [0 1 1 0 1 0 1 1 0 1 0 1]
2025-02-23 17:53:20,194 - DEBUG -      4 |     5 |   2.5
2025-02-23 17:53:20,194 - DEBUG -     Sample: [0 1 1 0 1 0 1 1 0 0 1 0]
2025-02-23 17:53:20,194 - DEBUG -      5 |     4 |   2.0
2025-02-23 17:53:20,195 - DEBUG -     Sample: [1 0 1 0 1 0 1 1 0 0 0 1]
2025-02-23 17:53:20,195 - DEBUG - Generated 122 unique samples from 200 total measurements
2025-02-23 17:53:20,198 - INFO -   No feasible solution found in this iteration
2025-02-23 17:53:20,198 - INFO -   No new constraints added, lowered tau multiplier: 1.0 -> 0.9
2025-02-23 17:53:20,199 - INFO -   No new constraints added, lowered tau multiplier: 0.9 -> 0.8
2025-02-23 17:53:20,199 - INFO -   Added 1 new constraints: [38]
2025-02-23 17:53:20,199 - INFO - 
Iteration 6:
2025-02-23 17:53:20,199 - DEBUG - Generated Ising Hamiltonian
2025-02-23 17:53:20,406 - DEBUG - Optimizing QAOA circuit...
2025-02-23 17:53:22,072 - DEBUG - Circuit optimization successful
2025-02-23 17:53:22,072 - DEBUG - Circuit optimization successful, final value: 8196.715034965035
2025-02-23 17:53:22,072 - DEBUG - Sampling from optimized circuit...
2025-02-23 17:53:22,091 - DEBUG - Generated 165 unique samples from 200 total measurements
2025-02-23 17:53:22,092 - DEBUG - 
Top 5 most frequent samples:
2025-02-23 17:53:22,092 - DEBUG -   Rank | Count |   %   
2025-02-23 17:53:22,092 - DEBUG -   -----|-------|-------
2025-02-23 17:53:22,092 - DEBUG -      1 |     4 |   2.0
2025-02-23 17:53:22,093 - DEBUG -     Sample: [1 0 1 0 0 1 1 0 0 0 0 1]
2025-02-23 17:53:22,093 - DEBUG -      2 |     3 |   1.5
2025-02-23 17:53:22,093 - DEBUG -     Sample: [1 0 1 0 0 1 1 1 0 0 0 1]
2025-02-23 17:53:22,093 - DEBUG -      3 |     3 |   1.5
2025-02-23 17:53:22,094 - DEBUG -     Sample: [1 1 1 0 0 1 1 0 1 0 0 1]
2025-02-23 17:53:22,094 - DEBUG -      4 |     3 |   1.5
2025-02-23 17:53:22,094 - DEBUG -     Sample: [1 0 1 0 0 1 1 0 0 1 0 1]
2025-02-23 17:53:22,094 - DEBUG -      5 |     3 |   1.5
2025-02-23 17:53:22,094 - DEBUG -     Sample: [0 0 1 0 0 1 1 0 0 1 0 1]
2025-02-23 17:53:22,095 - DEBUG - Generated 165 unique samples from 200 total measurements
2025-02-23 17:53:22,098 - INFO -   No feasible solution found in this iteration
2025-02-23 17:53:22,099 - INFO -   No new constraints added, lowered tau multiplier: 1.0 -> 0.9
2025-02-23 17:53:22,100 - INFO -   Added 2 new constraints: [7, 21]
2025-02-23 17:53:22,100 - INFO - 
Iteration 7:
2025-02-23 17:53:22,100 - DEBUG - Generated Ising Hamiltonian
2025-02-23 17:53:22,326 - DEBUG - Optimizing QAOA circuit...
2025-02-23 17:53:23,893 - DEBUG - Circuit optimization successful
2025-02-23 17:53:23,894 - DEBUG - Circuit optimization successful, final value: 32937.46678321678
2025-02-23 17:53:23,894 - DEBUG - Sampling from optimized circuit...
2025-02-23 17:53:23,913 - DEBUG - Generated 160 unique samples from 200 total measurements
2025-02-23 17:53:23,913 - DEBUG - 
Top 5 most frequent samples:
2025-02-23 17:53:23,913 - DEBUG -   Rank | Count |   %   
2025-02-23 17:53:23,913 - DEBUG -   -----|-------|-------
2025-02-23 17:53:23,913 - DEBUG -      1 |     6 |   3.0
2025-02-23 17:53:23,913 - DEBUG -     Sample: [1 1 1 0 1 0 1 1 0 1 0 1]
2025-02-23 17:53:23,914 - DEBUG -      2 |     5 |   2.5
2025-02-23 17:53:23,914 - DEBUG -     Sample: [1 1 1 0 1 0 0 1 0 1 0 1]
2025-02-23 17:53:23,914 - DEBUG -      3 |     4 |   2.0
2025-02-23 17:53:23,914 - DEBUG -     Sample: [0 0 1 0 1 0 1 1 0 1 0 1]
2025-02-23 17:53:23,914 - DEBUG -      4 |     4 |   2.0
2025-02-23 17:53:23,915 - DEBUG -     Sample: [1 1 0 0 1 0 0 1 0 1 0 1]
2025-02-23 17:53:23,915 - DEBUG -      5 |     3 |   1.5
2025-02-23 17:53:23,915 - DEBUG -     Sample: [1 1 1 0 1 1 1 1 0 1 0 1]
2025-02-23 17:53:23,916 - DEBUG - Generated 160 unique samples from 200 total measurements
2025-02-23 17:53:23,919 - INFO -   No feasible solution found in this iteration
2025-02-23 17:53:23,919 - INFO -   Added 1 new constraints: [26]
2025-02-23 17:53:23,920 - INFO - 
Iteration 8:
2025-02-23 17:53:23,920 - DEBUG - Generated Ising Hamiltonian
2025-02-23 17:53:24,128 - DEBUG - Optimizing QAOA circuit...
2025-02-23 17:53:25,451 - DEBUG - Circuit optimization successful
2025-02-23 17:53:25,451 - DEBUG - Circuit optimization successful, final value: -64.97802197802275
2025-02-23 17:53:25,451 - DEBUG - Sampling from optimized circuit...
2025-02-23 17:53:25,466 - DEBUG - Generated 152 unique samples from 200 total measurements
2025-02-23 17:53:25,466 - DEBUG - 
Top 5 most frequent samples:
2025-02-23 17:53:25,466 - DEBUG -   Rank | Count |   %   
2025-02-23 17:53:25,466 - DEBUG -   -----|-------|-------
2025-02-23 17:53:25,466 - DEBUG -      1 |     5 |   2.5
2025-02-23 17:53:25,467 - DEBUG -     Sample: [1 1 0 0 0 1 1 1 1 1 1 0]
2025-02-23 17:53:25,467 - DEBUG -      2 |     5 |   2.5
2025-02-23 17:53:25,467 - DEBUG -     Sample: [1 0 1 0 1 1 1 1 0 0 1 1]
2025-02-23 17:53:25,467 - DEBUG -      3 |     4 |   2.0
2025-02-23 17:53:25,467 - DEBUG -     Sample: [0 0 0 0 1 1 1 1 1 0 1 0]
2025-02-23 17:53:25,467 - DEBUG -      4 |     4 |   2.0
2025-02-23 17:53:25,467 - DEBUG -     Sample: [0 0 0 0 1 1 1 1 1 1 1 0]
2025-02-23 17:53:25,467 - DEBUG -      5 |     3 |   1.5
2025-02-23 17:53:25,468 - DEBUG -     Sample: [1 1 0 0 1 0 0 1 1 1 1 0]
2025-02-23 17:53:25,468 - DEBUG - Generated 152 unique samples from 200 total measurements
2025-02-23 17:53:25,470 - INFO -   No feasible solution found in this iteration
2025-02-23 17:53:25,471 - INFO -   No new constraints added, lowered tau multiplier: 1.0 -> 0.9
2025-02-23 17:53:25,471 - INFO -   Added 4 new constraints: [4, 20, 27, 31]
2025-02-23 17:53:25,471 - INFO - 
Iteration 9:
2025-02-23 17:53:25,471 - DEBUG - Generated Ising Hamiltonian
2025-02-23 17:53:25,663 - DEBUG - Optimizing QAOA circuit...
2025-02-23 17:53:27,131 - DEBUG - Circuit optimization successful
2025-02-23 17:53:27,132 - DEBUG - Circuit optimization successful, final value: -61665.70329670329
2025-02-23 17:53:27,132 - DEBUG - Sampling from optimized circuit...
2025-02-23 17:53:27,150 - DEBUG - Generated 127 unique samples from 200 total measurements
2025-02-23 17:53:27,150 - DEBUG - 
Top 5 most frequent samples:
2025-02-23 17:53:27,150 - DEBUG -   Rank | Count |   %   
2025-02-23 17:53:27,151 - DEBUG -   -----|-------|-------
2025-02-23 17:53:27,151 - DEBUG -      1 |    21 |  10.5
2025-02-23 17:53:27,151 - DEBUG -     Sample: [0 0 0 0 0 0 0 0 0 0 1 1]
2025-02-23 17:53:27,151 - DEBUG -      2 |     7 |   3.5
2025-02-23 17:53:27,152 - DEBUG -     Sample: [0 0 0 0 0 0 0 0 0 0 0 1]
2025-02-23 17:53:27,152 - DEBUG -      3 |     5 |   2.5
2025-02-23 17:53:27,152 - DEBUG -     Sample: [0 0 0 0 0 0 0 0 0 0 1 0]
2025-02-23 17:53:27,152 - DEBUG -      4 |     4 |   2.0
2025-02-23 17:53:27,153 - DEBUG -     Sample: [0 1 0 0 0 0 0 0 0 0 1 1]
2025-02-23 17:53:27,153 - DEBUG -      5 |     4 |   2.0
2025-02-23 17:53:27,153 - DEBUG -     Sample: [0 1 0 0 0 0 0 1 0 1 1 1]
2025-02-23 17:53:27,154 - DEBUG - Generated 127 unique samples from 200 total measurements
2025-02-23 17:53:27,154 - INFO - Found feasible solution: [0 1 0 0 0 0 1 0 0 0 1 1] with objective value 250.0
2025-02-23 17:53:27,157 - INFO -   Found feasible solution:
2025-02-23 17:53:27,157 - INFO -     Solution: [0, 1, 0, 0, 0, 0, 1, 0, 0, 0, 1, 1]
2025-02-23 17:53:27,157 - INFO -     Value: 250.0
2025-02-23 17:53:27,157 - INFO -     Gap to reference: 26.26%
2025-02-23 17:53:27,158 - INFO -   Constraint generation solution found:
2025-02-23 17:53:27,158 - INFO -     Solution: [0, 1, 0, 0, 0, 0, 1, 0, 0, 0, 1, 1]
2025-02-23 17:53:27,158 - INFO -     Value: 250.0
2025-02-23 17:53:27,158 - INFO - 
Instance 18 results:
2025-02-23 17:53:27,158 - INFO -   Classical value: 198.0
2025-02-23 17:53:27,159 - INFO -   QAOA value: 0.0
2025-02-23 17:53:27,159 - INFO -   Constraint generation value: 250.0
2025-02-23 17:53:27,159 - INFO - 
Running instance 19/100
2025-02-23 17:53:27,161 - INFO - 
Running Classical Reference Solver (SCIP):
2025-02-23 17:53:27,163 - DEBUG - Problem dimensions: 40 constraints, 12 variables
2025-02-23 17:53:27,163 - DEBUG - Row names: ['ELEM1', 'ELEM2', 'ELEM3', 'ELEM4', 'ELEM5', 'ELEM6', 'ELEM7', 'ELEM8', 'ELEM9', 'ELEM10', 'ELEM11', 'ELEM12', 'ELEM13', 'ELEM14', 'ELEM15', 'ELEM16', 'ELEM17', 'ELEM18', 'ELEM19', 'ELEM20', 'ELEM21', 'ELEM22', 'ELEM23', 'ELEM24', 'ELEM25', 'ELEM26', 'ELEM27', 'ELEM28', 'ELEM29', 'ELEM30', 'ELEM31', 'ELEM32', 'ELEM33', 'ELEM34', 'ELEM35', 'ELEM36', 'ELEM37', 'ELEM38', 'ELEM39', 'ELEM40']
2025-02-23 17:53:27,163 - DEBUG - RHS values: {'ELEM1': 1.0, 'ELEM2': 1.0, 'ELEM3': 1.0, 'ELEM4': 1.0, 'ELEM5': 1.0, 'ELEM6': 1.0, 'ELEM7': 1.0, 'ELEM8': 1.0, 'ELEM9': 1.0, 'ELEM10': 1.0, 'ELEM11': 1.0, 'ELEM12': 1.0, 'ELEM13': 1.0, 'ELEM14': 1.0, 'ELEM15': 1.0, 'ELEM16': 1.0, 'ELEM17': 1.0, 'ELEM18': 1.0, 'ELEM19': 1.0, 'ELEM20': 1.0, 'ELEM21': 1.0, 'ELEM22': 1.0, 'ELEM23': 1.0, 'ELEM24': 1.0, 'ELEM25': 1.0, 'ELEM26': 1.0, 'ELEM27': 1.0, 'ELEM28': 1.0, 'ELEM29': 1.0, 'ELEM30': 1.0, 'ELEM31': 1.0, 'ELEM32': 1.0, 'ELEM33': 1.0, 'ELEM34': 1.0, 'ELEM35': 1.0, 'ELEM36': 1.0, 'ELEM37': 1.0, 'ELEM38': 1.0, 'ELEM39': 1.0, 'ELEM40': 1.0}
2025-02-23 17:53:27,174 - INFO -   Reference solution found:
2025-02-23 17:53:27,174 - INFO -     Solution: [0, 0, 0, 0, 0, 0, 1, 0, 0, 1, 1, 1]
2025-02-23 17:53:27,174 - INFO -     Value: 123.0
2025-02-23 17:53:27,175 - INFO - 
Running QAOA Reference Solution (with all constraints):
