
Problem information:
  Number of variables (n): 10
  Number of constraints (m): 30

Starting reference QAOA with parameters:
  sample_size (total shots): 200
Added all constraints
No feasible solution found
  QAOA solver found no feasible solution

Running Constraint Generation:

Problem information:
  Number of variables (n): 10
  Number of constraints (m): 30

Running classical reference solver:
  Reference solution found:
    Solution: [0, 1, 0, 0, 0, 1, 0, 0, 1, 1]
    Value: 152.0

Starting quantum constraint generation with parameters:
  sample_size (total shots): 200
  tau: 0.1
  max_iters: 1000

Iteration 0:
  No feasible solution found in this iteration
  Added 1 new constraints: [7]

Iteration 1:
  No feasible solution found in this iteration
  Added 1 new constraints: [25]

Iteration 2:
  No feasible solution found in this iteration
  Added 3 new constraints: [1, 6, 19]

Iteration 3:
Found feasible solution: [1 0 1 1 1 0 0 0 0 0] with objective value 175.0
  Found feasible solution:
    Solution: [1, 0, 1, 1, 1, 0, 0, 0, 0, 0]
    Value: 175.0
    Gap to reference: 15.13%
  Constraint generation solution found:
    Solution: [1, 0, 1, 1, 1, 0, 0, 0, 0, 0]
    Value: 175.0

Instance 1 results:
  Classical value: 152.0
  QAOA value: 0.0
  Constraint generation value: 175.0

Running instance 2/5

Running Classical Reference Solver (SCIP):
  Reference solution found:
    Solution: [0, 0, 1, 0, 0, 0, 0, 1, 0, 1]
    Value: 121.0

Running QAOA Reference Solution (with all constraints):
