
Problem information:
  Number of variables (n): 8
  Number of constraints (m): 25

Starting reference QAOA with parameters:
  sample_size (total shots): 500
Added all constraints
Found feasible solution: [1 1 1 0 0 1 0 0] with objective value 135.0
Found feasible solution: [0 0 0 1 1 0 1 1] with objective value 207.0
Found feasible solution:
  Solution: [1, 1, 1, 0, 0, 1, 0, 0]
  Value: 135.0
  QAOA solution found:
    Solution: [1, 1, 1, 0, 0, 1, 0, 0]
    Value: 135.0

Running Constraint Generation:

Problem information:
  Number of variables (n): 8
  Number of constraints (m): 25

Running classical reference solver:
  Reference solution found:
    Solution: [1, 1, 1, 0, 0, 1, 0, 0]
    Value: 135.0

Starting quantum constraint generation with parameters:
  sample_size (total shots): 500
  tau: 0.1
  max_iters: 1000

Iteration 0:
  No feasible solution found in this iteration
  Added 4 new constraints: [0, 5, 6, 12]

Iteration 1:
  No feasible solution found in this iteration
  No new constraints added, lowered tau multiplier: 1.0 -> 0.9
  No new constraints added, lowered tau multiplier: 0.9 -> 0.8
  No new constraints added, lowered tau multiplier: 0.8 -> 0.7
  No new constraints added, lowered tau multiplier: 0.7 -> 0.6
  Added 6 new constraints: [1, 3, 4, 7, 15, 21]

Iteration 2:
Found feasible solution: [1 1 1 0 0 1 0 0] with objective value 135.0
  Found feasible solution:
    Solution: [1, 1, 1, 0, 0, 1, 0, 0]
    Value: 135.0
    Gap to reference: 0.00%
  Constraint generation solution found:
    Solution: [1, 1, 1, 0, 0, 1, 0, 0]
    Value: 135.0

Instance 10 results:
  Classical value: 135.0
  QAOA value: 135.0
  Constraint generation value: 135.0

Running instance 11/100

Running Classical Reference Solver (SCIP):
  Reference solution found:
    Solution: [1, 0, 0, 0, 0, 0, 1, 1]
    Value: 89.0

Running QAOA Reference Solution (with all constraints):
