
Problem information:
  Number of variables (n): 8
  Number of constraints (m): 25

Starting reference QAOA with parameters:
  sample_size (total shots): 500
Added all constraints
No feasible solution found
  QAOA solver found no feasible solution

Running Constraint Generation:

Problem information:
  Number of variables (n): 8
  Number of constraints (m): 25

Running classical reference solver:
  Reference solution found:
    Solution: [0, 0, 0, 0, 1, 0, 1, 1]
    Value: 154.0

Starting quantum constraint generation with parameters:
  sample_size (total shots): 500
  tau: 0.1
  max_iters: 1000

Iteration 0:
Found feasible solution: [0 0 0 0 1 0 1 1] with objective value 154.0
  Found feasible solution:
    Solution: [0, 0, 0, 0, 1, 0, 1, 1]
    Value: 154.0
    Gap to reference: 0.00%
  Constraint generation solution found:
    Solution: [0, 0, 0, 0, 1, 0, 1, 1]
    Value: 154.0

Instance 29 results:
  Classical value: 154.0
  QAOA value: 0.0
  Constraint generation value: 154.0

Running instance 30/100

Running Classical Reference Solver (SCIP):
  Reference solution found:
    Solution: [0, 0, 0, 1, 1, 0, 0, 1]
    Value: 40.00000000000002

Running QAOA Reference Solution (with all constraints):
