2025-02-24 15:26:46,706 - INFO - 
Problem information:
2025-02-24 15:26:46,706 - INFO -   Number of variables (n): 12
2025-02-24 15:26:46,706 - INFO -   Number of constraints (m): 40
2025-02-24 15:26:46,707 - DEBUG -   Density of A: 16.67%
2025-02-24 15:26:46,707 - INFO - 
Starting reference QAOA with parameters:
2025-02-24 15:26:46,707 - INFO -   sample_size (total shots): 1000
2025-02-24 15:26:46,707 - INFO - Added all constraints
2025-02-24 15:26:46,707 - DEBUG - Generated Ising Hamiltonian
2025-02-24 15:26:46,981 - DEBUG - Optimizing QAOA circuit...
2025-02-24 15:26:50,966 - DEBUG - Circuit optimization successful
2025-02-24 15:26:50,966 - DEBUG - Circuit optimization successful, final value: -25982.04895104895
2025-02-24 15:26:50,967 - DEBUG - Sampling from optimized circuit...
2025-02-24 15:26:51,013 - DEBUG - Generated 551 unique samples from 1000 total measurements
2025-02-24 15:26:51,013 - DEBUG - 
Top 5 most frequent samples:
2025-02-24 15:26:51,013 - DEBUG -   Rank | Count |   %   
2025-02-24 15:26:51,013 - DEBUG -   -----|-------|-------
2025-02-24 15:26:51,013 - DEBUG -      1 |    19 |   1.9
2025-02-24 15:26:51,014 - DEBUG -     Sample: [1 1 1 0 0 0 1 0 0 0 1 0]
2025-02-24 15:26:51,014 - DEBUG -      2 |    16 |   1.6
2025-02-24 15:26:51,015 - DEBUG -     Sample: [0 1 1 0 0 0 0 0 0 0 0 0]
2025-02-24 15:26:51,015 - DEBUG -      3 |    14 |   1.4
2025-02-24 15:26:51,015 - DEBUG -     Sample: [1 1 1 0 0 0 0 0 0 0 0 0]
2025-02-24 15:26:51,015 - DEBUG -      4 |    12 |   1.2
2025-02-24 15:26:51,015 - DEBUG -     Sample: [1 0 1 0 0 0 0 0 0 1 1 0]
2025-02-24 15:26:51,015 - DEBUG -      5 |    11 |   1.1
2025-02-24 15:26:51,016 - DEBUG -     Sample: [1 1 1 0 0 1 0 0 0 0 1 0]
2025-02-24 15:26:51,017 - DEBUG - Generated 551 unique samples from 1000 total measurements
2025-02-24 15:26:51,027 - INFO - No feasible solution found
2025-02-24 15:26:51,028 - INFO -   QAOA solver found no feasible solution
2025-02-24 15:26:51,028 - INFO - 
Running Constraint Generation:
2025-02-24 15:26:51,030 - INFO - 
Problem information:
2025-02-24 15:26:51,030 - INFO -   Number of variables (n): 12
2025-02-24 15:26:51,031 - INFO -   Number of constraints (m): 40
2025-02-24 15:26:51,032 - DEBUG -   Density of A: 16.67%
2025-02-24 15:26:51,032 - INFO - 
Running classical reference solver:
2025-02-24 15:26:51,042 - INFO -   Reference solution found:
2025-02-24 15:26:51,042 - INFO -     Solution: [1, 0, 1, 0, 0, 1, 1, 0, 0, 1, 0, 1]
2025-02-24 15:26:51,042 - INFO -     Value: 336.0
2025-02-24 15:26:51,043 - INFO - 
Starting quantum constraint generation with parameters:
2025-02-24 15:26:51,043 - INFO -   sample_size (total shots): 1000
2025-02-24 15:26:51,043 - INFO -   tau: 0.1
2025-02-24 15:26:51,043 - INFO -   max_iters: 1000
2025-02-24 15:26:51,043 - INFO - 
Iteration 0:
2025-02-24 15:26:51,044 - DEBUG - Generated Ising Hamiltonian
2025-02-24 15:26:51,285 - DEBUG - Optimizing QAOA circuit...
2025-02-24 15:26:53,118 - DEBUG - Circuit optimization successful
2025-02-24 15:26:53,118 - DEBUG - Circuit optimization successful, final value: -321.53146853146853
2025-02-24 15:26:53,119 - DEBUG - Sampling from optimized circuit...
2025-02-24 15:26:53,141 - DEBUG - Generated 318 unique samples from 1000 total measurements
2025-02-24 15:26:53,141 - DEBUG - 
Top 5 most frequent samples:
2025-02-24 15:26:53,141 - DEBUG -   Rank | Count |   %   
2025-02-24 15:26:53,141 - DEBUG -   -----|-------|-------
2025-02-24 15:26:53,141 - DEBUG -      1 |    52 |   5.2
2025-02-24 15:26:53,142 - DEBUG -     Sample: [1 1 1 1 1 1 0 0 1 0 1 0]
2025-02-24 15:26:53,142 - DEBUG -      2 |    49 |   4.9
2025-02-24 15:26:53,142 - DEBUG -     Sample: [1 1 0 1 1 1 0 0 1 0 1 0]
2025-02-24 15:26:53,142 - DEBUG -      3 |    34 |   3.4
2025-02-24 15:26:53,142 - DEBUG -     Sample: [1 1 1 1 1 1 1 0 1 0 1 0]
2025-02-24 15:26:53,143 - DEBUG -      4 |    30 |   3.0
2025-02-24 15:26:53,143 - DEBUG -     Sample: [1 1 0 1 1 1 0 1 1 0 1 0]
2025-02-24 15:26:53,143 - DEBUG -      5 |    30 |   3.0
2025-02-24 15:26:53,143 - DEBUG -     Sample: [1 1 0 1 1 1 1 0 1 0 1 0]
2025-02-24 15:26:53,144 - DEBUG - Generated 318 unique samples from 1000 total measurements
2025-02-24 15:26:53,146 - INFO - Found feasible solution: [0 1 0 1 1 0 0 1 1 0 1 0] with objective value 357.0
2025-02-24 15:26:53,152 - INFO -   Found feasible solution:
2025-02-24 15:26:53,152 - INFO -     Solution: [0, 1, 0, 1, 1, 0, 0, 1, 1, 0, 1, 0]
2025-02-24 15:26:53,152 - INFO -     Value: 357.0
2025-02-24 15:26:53,152 - INFO -     Gap to reference: 6.25%
2025-02-24 15:26:53,153 - INFO -   Constraint generation solution found:
2025-02-24 15:26:53,153 - INFO -     Solution: [0, 1, 0, 1, 1, 0, 0, 1, 1, 0, 1, 0]
2025-02-24 15:26:53,153 - INFO -     Value: 357.0
2025-02-24 15:26:53,153 - INFO - 
Instance 13 results:
2025-02-24 15:26:53,154 - INFO -   Classical value: 336.0
2025-02-24 15:26:53,154 - INFO -   QAOA value: 0.0
2025-02-24 15:26:53,154 - INFO -   Constraint generation value: 357.0
2025-02-24 15:26:53,154 - INFO - 
Running instance 14/100
2025-02-24 15:26:53,156 - INFO - 
Running Classical Reference Solver (SCIP):
2025-02-24 15:26:53,157 - DEBUG - Problem dimensions: 40 constraints, 12 variables
2025-02-24 15:26:53,158 - DEBUG - Row names: ['ELEM1', 'ELEM2', 'ELEM3', 'ELEM4', 'ELEM5', 'ELEM6', 'ELEM7', 'ELEM8', 'ELEM9', 'ELEM10', 'ELEM11', 'ELEM12', 'ELEM13', 'ELEM14', 'ELEM15', 'ELEM16', 'ELEM17', 'ELEM18', 'ELEM19', 'ELEM20', 'ELEM21', 'ELEM22', 'ELEM23', 'ELEM24', 'ELEM25', 'ELEM26', 'ELEM27', 'ELEM28', 'ELEM29', 'ELEM30', 'ELEM31', 'ELEM32', 'ELEM33', 'ELEM34', 'ELEM35', 'ELEM36', 'ELEM37', 'ELEM38', 'ELEM39', 'ELEM40']
2025-02-24 15:26:53,158 - DEBUG - RHS values: {'ELEM1': 1.0, 'ELEM2': 1.0, 'ELEM3': 1.0, 'ELEM4': 1.0, 'ELEM5': 1.0, 'ELEM6': 1.0, 'ELEM7': 1.0, 'ELEM8': 1.0, 'ELEM9': 1.0, 'ELEM10': 1.0, 'ELEM11': 1.0, 'ELEM12': 1.0, 'ELEM13': 1.0, 'ELEM14': 1.0, 'ELEM15': 1.0, 'ELEM16': 1.0, 'ELEM17': 1.0, 'ELEM18': 1.0, 'ELEM19': 1.0, 'ELEM20': 1.0, 'ELEM21': 1.0, 'ELEM22': 1.0, 'ELEM23': 1.0, 'ELEM24': 1.0, 'ELEM25': 1.0, 'ELEM26': 1.0, 'ELEM27': 1.0, 'ELEM28': 1.0, 'ELEM29': 1.0, 'ELEM30': 1.0, 'ELEM31': 1.0, 'ELEM32': 1.0, 'ELEM33': 1.0, 'ELEM34': 1.0, 'ELEM35': 1.0, 'ELEM36': 1.0, 'ELEM37': 1.0, 'ELEM38': 1.0, 'ELEM39': 1.0, 'ELEM40': 1.0}
2025-02-24 15:26:53,171 - INFO -   Reference solution found:
2025-02-24 15:26:53,171 - INFO -     Solution: [1, 0, 1, 1, 0, 0, 0, 0, 0, 0, 0, 1]
2025-02-24 15:26:53,171 - INFO -     Value: 186.0
2025-02-24 15:26:53,171 - INFO - 
Running QAOA Reference Solution (with all constraints):
