
Problem information:
  Number of variables (n): 8
  Number of constraints (m): 25

Starting reference QAOA with parameters:
  sample_size (total shots): 500
Added all constraints
No feasible solution found
  QAOA solver found no feasible solution

Running Constraint Generation:

Problem information:
  Number of variables (n): 8
  Number of constraints (m): 25

Running classical reference solver:
  Reference solution found:
    Solution: [0, 1, 0, 1, 0, 0, 1, 0]
    Value: 97.0

Starting quantum constraint generation with parameters:
  sample_size (total shots): 500
  tau: 0.1
  max_iters: 1000

Iteration 0:
  No feasible solution found in this iteration
  Added 3 new constraints: [2, 13, 18]

Iteration 1:
Found feasible solution: [0 1 0 1 0 0 1 0] with objective value 97.0
  Found feasible solution:
    Solution: [0, 1, 0, 1, 0, 0, 1, 0]
    Value: 97.0
    Gap to reference: 0.00%
  Constraint generation solution found:
    Solution: [0, 1, 0, 1, 0, 0, 1, 0]
    Value: 97.0

Instance 82 results:
  Classical value: 97.0
  QAOA value: 0.0
  Constraint generation value: 97.0

Running instance 83/100

Running Classical Reference Solver (SCIP):
  Reference solution found:
    Solution: [0, 0, 1, 0, 0, 1, 0, 1]
    Value: 79.0

Running QAOA Reference Solution (with all constraints):
