
Problem information:
  Number of variables (n): 12
  Number of constraints (m): 40

Starting reference QAOA with parameters:
  sample_size (total shots): 200
Added all constraints
No feasible solution found
  QAOA solver found no feasible solution

Running Constraint Generation:

Problem information:
  Number of variables (n): 12
  Number of constraints (m): 40

Running classical reference solver:
  Reference solution found:
    Solution: [1, 0, 0, 0, 1, 1, 0, 0, 1, 0, 0, 0]
    Value: 232.0

Starting quantum constraint generation with parameters:
  sample_size (total shots): 200
  tau: 0.1
  max_iters: 1000

Iteration 0:
  No feasible solution found in this iteration
  Added 1 new constraints: [22]

Iteration 1:
  No feasible solution found in this iteration
  Added 2 new constraints: [17, 29]

Iteration 2:
  No feasible solution found in this iteration
  Added 1 new constraints: [1]

Iteration 3:
  No feasible solution found in this iteration
  Added 1 new constraints: [14]

Iteration 4:
  No feasible solution found in this iteration
  Added 2 new constraints: [26, 33]

Iteration 5:
  No feasible solution found in this iteration
  Added 2 new constraints: [20, 35]

Iteration 6:
  No feasible solution found in this iteration
  Added 1 new constraints: [31]

Iteration 7:
  No feasible solution found in this iteration
  No new constraints added, lowered tau multiplier: 1.0 -> 0.9
  No new constraints added, lowered tau multiplier: 0.9 -> 0.8
  Added 2 new constraints: [13, 39]

Iteration 8:
  No feasible solution found in this iteration
  No new constraints added, lowered tau multiplier: 1.0 -> 0.9
  Added 3 new constraints: [12, 27, 38]

Iteration 9:
  No feasible solution found in this iteration
  No new constraints added, lowered tau multiplier: 1.0 -> 0.9
  No new constraints added, lowered tau multiplier: 0.9 -> 0.8
  Added 2 new constraints: [19, 28]

Iteration 10:
  No feasible solution found in this iteration
  No new constraints added, lowered tau multiplier: 1.0 -> 0.9
  Added 7 new constraints: [0, 3, 4, 10, 11, 16, 18]

Iteration 11:
  No feasible solution found in this iteration
  No new constraints added, lowered tau multiplier: 1.0 -> 0.9
  No new constraints added, lowered tau multiplier: 0.9 -> 0.8
  No new constraints added, lowered tau multiplier: 0.8 -> 0.7
  Added 2 new constraints: [21, 36]

Iteration 12:
Found feasible solution: [0 0 1 1 0 0 1 1 0 1 1 1] with objective value 425.0
  Found feasible solution:
    Solution: [0, 0, 1, 1, 0, 0, 1, 1, 0, 1, 1, 1]
    Value: 425.0
    Gap to reference: 83.19%
  Constraint generation solution found:
    Solution: [0, 0, 1, 1, 0, 0, 1, 1, 0, 1, 1, 1]
    Value: 425.0

Instance 87 results:
  Classical value: 232.0
  QAOA value: 0.0
  Constraint generation value: 425.0

Running instance 88/100

Running Classical Reference Solver (SCIP):
  Reference solution found:
    Solution: [0, 0, 0, 0, 0, 0, 0, 1, 1, 1, 0, 1]
    Value: 224.99999999999997

Running QAOA Reference Solution (with all constraints):
