2025-02-24 15:34:10,050 - INFO - 
Problem information:
2025-02-24 15:34:10,050 - INFO -   Number of variables (n): 12
2025-02-24 15:34:10,050 - INFO -   Number of constraints (m): 40
2025-02-24 15:34:10,051 - DEBUG -   Density of A: 21.67%
2025-02-24 15:34:10,051 - INFO - 
Starting reference QAOA with parameters:
2025-02-24 15:34:10,051 - INFO -   sample_size (total shots): 1000
2025-02-24 15:34:10,051 - INFO - Added all constraints
2025-02-24 15:34:10,051 - DEBUG - Generated Ising Hamiltonian
2025-02-24 15:34:10,280 - DEBUG - Optimizing QAOA circuit...
2025-02-24 15:34:14,750 - DEBUG - Circuit optimization successful
2025-02-24 15:34:14,750 - DEBUG - Circuit optimization successful, final value: 13117.426073926074
2025-02-24 15:34:14,750 - DEBUG - Sampling from optimized circuit...
2025-02-24 15:34:14,800 - DEBUG - Generated 792 unique samples from 1000 total measurements
2025-02-24 15:34:14,800 - DEBUG - 
Top 5 most frequent samples:
2025-02-24 15:34:14,800 - DEBUG -   Rank | Count |   %   
2025-02-24 15:34:14,800 - DEBUG -   -----|-------|-------
2025-02-24 15:34:14,801 - DEBUG -      1 |     6 |   0.6
2025-02-24 15:34:14,801 - DEBUG -     Sample: [0 1 0 1 1 0 1 0 0 0 1 0]
2025-02-24 15:34:14,801 - DEBUG -      2 |     5 |   0.5
2025-02-24 15:34:14,801 - DEBUG -     Sample: [1 1 0 0 1 0 1 1 1 1 1 0]
2025-02-24 15:34:14,801 - DEBUG -      3 |     4 |   0.4
2025-02-24 15:34:14,801 - DEBUG -     Sample: [0 0 1 1 0 1 1 0 0 1 1 1]
2025-02-24 15:34:14,802 - DEBUG -      4 |     4 |   0.4
2025-02-24 15:34:14,802 - DEBUG -     Sample: [0 1 1 0 0 0 1 0 0 1 0 1]
2025-02-24 15:34:14,802 - DEBUG -      5 |     4 |   0.4
2025-02-24 15:34:14,802 - DEBUG -     Sample: [0 0 0 1 0 0 1 1 0 0 0 0]
2025-02-24 15:34:14,804 - DEBUG - Generated 792 unique samples from 1000 total measurements
2025-02-24 15:34:14,817 - INFO - Found feasible solution: [1 1 0 1 0 0 0 0 1 1 0 1] with objective value 374.0
2025-02-24 15:34:14,819 - INFO - Found feasible solution:
2025-02-24 15:34:14,819 - INFO -   Solution: [1, 1, 0, 1, 0, 0, 0, 0, 1, 1, 0, 1]
2025-02-24 15:34:14,819 - INFO -   Value: 374.0
2025-02-24 15:34:14,820 - INFO -   QAOA solution found:
2025-02-24 15:34:14,820 - INFO -     Solution: [1, 1, 0, 1, 0, 0, 0, 0, 1, 1, 0, 1]
2025-02-24 15:34:14,820 - INFO -     Value: 374.0
2025-02-24 15:34:14,820 - INFO - 
Running Constraint Generation:
2025-02-24 15:34:14,822 - INFO - 
Problem information:
2025-02-24 15:34:14,822 - INFO -   Number of variables (n): 12
2025-02-24 15:34:14,822 - INFO -   Number of constraints (m): 40
2025-02-24 15:34:14,822 - DEBUG -   Density of A: 21.67%
2025-02-24 15:34:14,822 - INFO - 
Running classical reference solver:
2025-02-24 15:34:14,833 - INFO -   Reference solution found:
2025-02-24 15:34:14,833 - INFO -     Solution: [0, 0, 0, 0, 0, 1, 1, 1, 0, 0, 1, 0]
2025-02-24 15:34:14,833 - INFO -     Value: 138.0
2025-02-24 15:34:14,833 - INFO - 
Starting quantum constraint generation with parameters:
2025-02-24 15:34:14,834 - INFO -   sample_size (total shots): 1000
2025-02-24 15:34:14,834 - INFO -   tau: 0.1
2025-02-24 15:34:14,834 - INFO -   max_iters: 1000
2025-02-24 15:34:14,834 - INFO - 
Iteration 0:
2025-02-24 15:34:14,834 - DEBUG - Generated Ising Hamiltonian
2025-02-24 15:34:15,042 - DEBUG - Optimizing QAOA circuit...
2025-02-24 15:34:16,899 - DEBUG - Circuit optimization successful
2025-02-24 15:34:16,900 - DEBUG - Circuit optimization successful, final value: -122.80819180819176
2025-02-24 15:34:16,900 - DEBUG - Sampling from optimized circuit...
2025-02-24 15:34:16,920 - DEBUG - Generated 288 unique samples from 1000 total measurements
2025-02-24 15:34:16,920 - DEBUG - 
Top 5 most frequent samples:
2025-02-24 15:34:16,920 - DEBUG -   Rank | Count |   %   
2025-02-24 15:34:16,920 - DEBUG -   -----|-------|-------
2025-02-24 15:34:16,921 - DEBUG -      1 |    40 |   4.0
2025-02-24 15:34:16,921 - DEBUG -     Sample: [1 1 0 1 1 1 0 0 0 0 0 1]
2025-02-24 15:34:16,921 - DEBUG -      2 |    31 |   3.1
2025-02-24 15:34:16,921 - DEBUG -     Sample: [1 1 0 1 1 1 1 0 0 0 0 1]
2025-02-24 15:34:16,922 - DEBUG -      3 |    24 |   2.4
2025-02-24 15:34:16,922 - DEBUG -     Sample: [1 1 0 1 1 0 0 0 0 0 0 0]
2025-02-24 15:34:16,922 - DEBUG -      4 |    23 |   2.3
2025-02-24 15:34:16,923 - DEBUG -     Sample: [0 1 0 1 1 1 1 0 0 0 0 1]
2025-02-24 15:34:16,923 - DEBUG -      5 |    23 |   2.3
2025-02-24 15:34:16,923 - DEBUG -     Sample: [1 1 0 1 1 0 0 0 0 0 0 1]
2025-02-24 15:34:16,924 - DEBUG - Generated 288 unique samples from 1000 total measurements
2025-02-24 15:34:16,929 - INFO -   No feasible solution found in this iteration
2025-02-24 15:34:16,930 - INFO -   Added 1 new constraints: [18]
2025-02-24 15:34:16,930 - INFO - 
Iteration 1:
2025-02-24 15:34:16,930 - DEBUG - Generated Ising Hamiltonian
2025-02-24 15:34:17,181 - DEBUG - Optimizing QAOA circuit...
2025-02-24 15:34:19,575 - DEBUG - Circuit optimization successful
2025-02-24 15:34:19,575 - DEBUG - Circuit optimization successful, final value: -10350.044455544457
2025-02-24 15:34:19,576 - DEBUG - Sampling from optimized circuit...
2025-02-24 15:34:19,603 - DEBUG - Generated 406 unique samples from 1000 total measurements
2025-02-24 15:34:19,607 - DEBUG - 
Top 5 most frequent samples:
2025-02-24 15:34:19,608 - DEBUG -   Rank | Count |   %   
2025-02-24 15:34:19,608 - DEBUG -   -----|-------|-------
2025-02-24 15:34:19,608 - DEBUG -      1 |    36 |   3.6
2025-02-24 15:34:19,608 - DEBUG -     Sample: [0 0 0 1 0 0 0 0 1 0 1 0]
2025-02-24 15:34:19,608 - DEBUG -      2 |    35 |   3.5
2025-02-24 15:34:19,609 - DEBUG -     Sample: [0 0 0 1 0 0 0 0 1 0 1 1]
2025-02-24 15:34:19,609 - DEBUG -      3 |    31 |   3.1
2025-02-24 15:34:19,609 - DEBUG -     Sample: [0 0 0 0 0 0 0 0 1 0 1 0]
2025-02-24 15:34:19,609 - DEBUG -      4 |    24 |   2.4
2025-02-24 15:34:19,609 - DEBUG -     Sample: [1 0 0 1 0 0 0 0 1 0 1 0]
2025-02-24 15:34:19,609 - DEBUG -      5 |    23 |   2.3
2025-02-24 15:34:19,610 - DEBUG -     Sample: [0 0 0 0 0 0 0 0 1 0 1 1]
2025-02-24 15:34:19,611 - DEBUG - Generated 406 unique samples from 1000 total measurements
2025-02-24 15:34:19,618 - INFO -   No feasible solution found in this iteration
2025-02-24 15:34:19,618 - INFO -   Added 1 new constraints: [0]
2025-02-24 15:34:19,619 - INFO - 
Iteration 2:
2025-02-24 15:34:19,619 - DEBUG - Generated Ising Hamiltonian
2025-02-24 15:34:19,892 - DEBUG - Optimizing QAOA circuit...
2025-02-24 15:34:22,229 - DEBUG - Circuit optimization successful
2025-02-24 15:34:22,229 - DEBUG - Circuit optimization successful, final value: -9773.489510489511
2025-02-24 15:34:22,229 - DEBUG - Sampling from optimized circuit...
2025-02-24 15:34:22,255 - DEBUG - Generated 394 unique samples from 1000 total measurements
2025-02-24 15:34:22,255 - DEBUG - 
Top 5 most frequent samples:
2025-02-24 15:34:22,256 - DEBUG -   Rank | Count |   %   
2025-02-24 15:34:22,256 - DEBUG -   -----|-------|-------
2025-02-24 15:34:22,256 - DEBUG -      1 |    45 |   4.5
2025-02-24 15:34:22,256 - DEBUG -     Sample: [0 0 0 0 0 0 1 0 0 0 0 0]
2025-02-24 15:34:22,256 - DEBUG -      2 |    27 |   2.7
2025-02-24 15:34:22,257 - DEBUG -     Sample: [0 0 0 0 0 0 1 1 0 0 0 0]
2025-02-24 15:34:22,257 - DEBUG -      3 |    25 |   2.5
2025-02-24 15:34:22,257 - DEBUG -     Sample: [0 0 0 0 0 0 0 0 0 0 0 0]
2025-02-24 15:34:22,257 - DEBUG -      4 |    24 |   2.4
2025-02-24 15:34:22,258 - DEBUG -     Sample: [0 0 0 0 0 0 1 0 1 0 0 0]
2025-02-24 15:34:22,258 - DEBUG -      5 |    22 |   2.2
2025-02-24 15:34:22,258 - DEBUG -     Sample: [0 0 0 0 0 0 0 0 1 0 0 0]
2025-02-24 15:34:22,259 - DEBUG - Generated 394 unique samples from 1000 total measurements
2025-02-24 15:34:22,264 - INFO - Found feasible solution: [0 0 0 0 0 1 1 1 0 0 1 0] with objective value 138.0
2025-02-24 15:34:22,268 - INFO -   Found feasible solution:
2025-02-24 15:34:22,268 - INFO -     Solution: [0, 0, 0, 0, 0, 1, 1, 1, 0, 0, 1, 0]
2025-02-24 15:34:22,268 - INFO -     Value: 138.0
2025-02-24 15:34:22,269 - INFO -     Gap to reference: 0.00%
2025-02-24 15:34:22,269 - INFO -   Constraint generation solution found:
2025-02-24 15:34:22,269 - INFO -     Solution: [0, 0, 0, 0, 0, 1, 1, 1, 0, 0, 1, 0]
2025-02-24 15:34:22,269 - INFO -     Value: 138.0
2025-02-24 15:34:22,270 - INFO - 
Instance 36 results:
2025-02-24 15:34:22,270 - INFO -   Classical value: 138.0
2025-02-24 15:34:22,270 - INFO -   QAOA value: 374.0
2025-02-24 15:34:22,270 - INFO -   Constraint generation value: 138.0
2025-02-24 15:34:22,271 - INFO - 
Running instance 37/100
2025-02-24 15:34:22,273 - INFO - 
Running Classical Reference Solver (SCIP):
2025-02-24 15:34:22,274 - DEBUG - Problem dimensions: 40 constraints, 12 variables
2025-02-24 15:34:22,274 - DEBUG - Row names: ['ELEM1', 'ELEM2', 'ELEM3', 'ELEM4', 'ELEM5', 'ELEM6', 'ELEM7', 'ELEM8', 'ELEM9', 'ELEM10', 'ELEM11', 'ELEM12', 'ELEM13', 'ELEM14', 'ELEM15', 'ELEM16', 'ELEM17', 'ELEM18', 'ELEM19', 'ELEM20', 'ELEM21', 'ELEM22', 'ELEM23', 'ELEM24', 'ELEM25', 'ELEM26', 'ELEM27', 'ELEM28', 'ELEM29', 'ELEM30', 'ELEM31', 'ELEM32', 'ELEM33', 'ELEM34', 'ELEM35', 'ELEM36', 'ELEM37', 'ELEM38', 'ELEM39', 'ELEM40']
2025-02-24 15:34:22,274 - DEBUG - RHS values: {'ELEM1': 1.0, 'ELEM2': 1.0, 'ELEM3': 1.0, 'ELEM4': 1.0, 'ELEM5': 1.0, 'ELEM6': 1.0, 'ELEM7': 1.0, 'ELEM8': 1.0, 'ELEM9': 1.0, 'ELEM10': 1.0, 'ELEM11': 1.0, 'ELEM12': 1.0, 'ELEM13': 1.0, 'ELEM14': 1.0, 'ELEM15': 1.0, 'ELEM16': 1.0, 'ELEM17': 1.0, 'ELEM18': 1.0, 'ELEM19': 1.0, 'ELEM20': 1.0, 'ELEM21': 1.0, 'ELEM22': 1.0, 'ELEM23': 1.0, 'ELEM24': 1.0, 'ELEM25': 1.0, 'ELEM26': 1.0, 'ELEM27': 1.0, 'ELEM28': 1.0, 'ELEM29': 1.0, 'ELEM30': 1.0, 'ELEM31': 1.0, 'ELEM32': 1.0, 'ELEM33': 1.0, 'ELEM34': 1.0, 'ELEM35': 1.0, 'ELEM36': 1.0, 'ELEM37': 1.0, 'ELEM38': 1.0, 'ELEM39': 1.0, 'ELEM40': 1.0}
2025-02-24 15:34:22,285 - INFO -   Reference solution found:
2025-02-24 15:34:22,285 - INFO -     Solution: [0, 0, 0, 1, 0, 1, 0, 0, 0, 0, 1, 1]
2025-02-24 15:34:22,285 - INFO -     Value: 167.0
2025-02-24 15:34:22,286 - INFO - 
Running QAOA Reference Solution (with all constraints):
