
Problem information:
  Number of variables (n): 12
  Number of constraints (m): 40

Starting reference QAOA with parameters:
  sample_size (total shots): 200
Added all constraints
No feasible solution found
  QAOA solver found no feasible solution

Running Constraint Generation:

Problem information:
  Number of variables (n): 12
  Number of constraints (m): 40

Running classical reference solver:
  Reference solution found:
    Solution: [0, 0, 0, 0, 0, 0, 0, 1, 1, 1, 0, 1]
    Value: 167.0

Starting quantum constraint generation with parameters:
  sample_size (total shots): 200
  tau: 0.1
  max_iters: 1000

Iteration 0:
  No feasible solution found in this iteration
  Added 1 new constraints: [37]

Iteration 1:
Found feasible solution: [0 0 0 0 0 0 0 1 1 1 0 1] with objective value 167.0
  Found feasible solution:
    Solution: [0, 0, 0, 0, 0, 0, 0, 1, 1, 1, 0, 1]
    Value: 167.0
    Gap to reference: 0.00%
  Constraint generation solution found:
    Solution: [0, 0, 0, 0, 0, 0, 0, 1, 1, 1, 0, 1]
    Value: 167.0

Instance 84 results:
  Classical value: 167.0
  QAOA value: 0.0
  Constraint generation value: 167.0

Running instance 85/100

Running Classical Reference Solver (SCIP):
  Reference solution found:
    Solution: [1, 0, 0, 0, 0, 0, 1, 1, 0, 1, 0, 0]
    Value: 165.0

Running QAOA Reference Solution (with all constraints):
