
Problem information:
  Number of variables (n): 12
  Number of constraints (m): 40

Starting reference QAOA with parameters:
  sample_size (total shots): 200
Added all constraints
No feasible solution found
  QAOA solver found no feasible solution

Running Constraint Generation:

Problem information:
  Number of variables (n): 12
  Number of constraints (m): 40

Running classical reference solver:
  Reference solution found:
    Solution: [0, 0, 0, 1, 1, 0, 1, 1, 0, 0, 0, 1]
    Value: 291.0

Starting quantum constraint generation with parameters:
  sample_size (total shots): 200
  tau: 0.1
  max_iters: 1000

Iteration 0:
  No feasible solution found in this iteration
  Added 2 new constraints: [4, 17]

Iteration 1:
  No feasible solution found in this iteration
  Added 2 new constraints: [0, 29]

Iteration 2:
  No feasible solution found in this iteration
  Added 2 new constraints: [9, 26]

Iteration 3:
  No feasible solution found in this iteration
  No new constraints added, lowered tau multiplier: 1.0 -> 0.9
  No new constraints added, lowered tau multiplier: 0.9 -> 0.8
  Added 2 new constraints: [3, 24]

Iteration 4:
Found feasible solution: [0 0 0 1 1 0 1 1 0 0 0 1] with objective value 291.0
  Found feasible solution:
    Solution: [0, 0, 0, 1, 1, 0, 1, 1, 0, 0, 0, 1]
    Value: 291.0
    Gap to reference: 0.00%
  Constraint generation solution found:
    Solution: [0, 0, 0, 1, 1, 0, 1, 1, 0, 0, 0, 1]
    Value: 291.0

Instance 80 results:
  Classical value: 291.0
  QAOA value: 0.0
  Constraint generation value: 291.0

Running instance 81/100

Running Classical Reference Solver (SCIP):
  Reference solution found:
    Solution: [0, 0, 0, 1, 0, 0, 1, 1, 0, 1, 0, 0]
    Value: 235.0

Running QAOA Reference Solution (with all constraints):
