
Problem information:
  Number of variables (n): 12
  Number of constraints (m): 40

Starting reference QAOA with parameters:
  sample_size (total shots): 200
Added all constraints
No feasible solution found
  QAOA solver found no feasible solution

Running Constraint Generation:

Problem information:
  Number of variables (n): 12
  Number of constraints (m): 40

Running classical reference solver:
  Reference solution found:
    Solution: [0, 0, 0, 1, 1, 0, 0, 0, 0, 1, 1, 1]
    Value: 174.0

Starting quantum constraint generation with parameters:
  sample_size (total shots): 200
  tau: 0.1
  max_iters: 1000

Iteration 0:
  No feasible solution found in this iteration
  Added 1 new constraints: [30]

Iteration 1:
  No feasible solution found in this iteration
  Added 2 new constraints: [33, 35]

Iteration 2:
Found feasible solution: [1 0 0 0 0 1 1 1 0 0 0 0] with objective value 241.0
  Found feasible solution:
    Solution: [1, 0, 0, 0, 0, 1, 1, 1, 0, 0, 0, 0]
    Value: 241.0
    Gap to reference: 38.51%
  Constraint generation solution found:
    Solution: [1, 0, 0, 0, 0, 1, 1, 1, 0, 0, 0, 0]
    Value: 241.0

Instance 41 results:
  Classical value: 174.0
  QAOA value: 0.0
  Constraint generation value: 241.0

Running instance 42/100

Running Classical Reference Solver (SCIP):
  Reference solution found:
    Solution: [0, 0, 1, 0, 0, 0, 1, 1, 1, 1, 0, 0]
    Value: 166.0

Running QAOA Reference Solution (with all constraints):
