
Problem information:
  Number of variables (n): 12
  Number of constraints (m): 40

Starting reference QAOA with parameters:
  sample_size (total shots): 1000
Added all constraints
No feasible solution found
  QAOA solver found no feasible solution

Running Constraint Generation:

Problem information:
  Number of variables (n): 12
  Number of constraints (m): 40

Running classical reference solver:
  Reference solution found:
    Solution: [0, 0, 0, 1, 0, 1, 0, 0, 1, 0, 0, 0]
    Value: 185.0

Starting quantum constraint generation with parameters:
  sample_size (total shots): 1000
  tau: 0.1
  max_iters: 1000

Iteration 0:
  No feasible solution found in this iteration
  Added 1 new constraints: [36]

Iteration 1:
  No feasible solution found in this iteration
  Added 3 new constraints: [5, 17, 38]

Iteration 2:
  No feasible solution found in this iteration
  Added 1 new constraints: [10]

Iteration 3:
  No feasible solution found in this iteration
  Added 1 new constraints: [19]

Iteration 4:
Found feasible solution: [0 0 1 0 1 0 1 0 0 1 0 0] with objective value 242.0
  Found feasible solution:
    Solution: [0, 0, 1, 0, 1, 0, 1, 0, 0, 1, 0, 0]
    Value: 242.0
    Gap to reference: 30.81%
  Constraint generation solution found:
    Solution: [0, 0, 1, 0, 1, 0, 1, 0, 0, 1, 0, 0]
    Value: 242.0

Instance 48 results:
  Classical value: 185.0
  QAOA value: 0.0
  Constraint generation value: 242.0

Running instance 49/100

Running Classical Reference Solver (SCIP):
  Reference solution found:
    Solution: [0, 0, 0, 0, 1, 0, 0, 0, 0, 0, 1, 1]
    Value: 273.00000000000006

Running QAOA Reference Solution (with all constraints):
