2025-02-24 15:41:25,138 - INFO - 
Problem information:
2025-02-24 15:41:25,138 - INFO -   Number of variables (n): 12
2025-02-24 15:41:25,138 - INFO -   Number of constraints (m): 40
2025-02-24 15:41:25,139 - DEBUG -   Density of A: 25.00%
2025-02-24 15:41:25,139 - INFO - 
Starting reference QAOA with parameters:
2025-02-24 15:41:25,139 - INFO -   sample_size (total shots): 1000
2025-02-24 15:41:25,139 - INFO - Added all constraints
2025-02-24 15:41:25,139 - DEBUG - Generated Ising Hamiltonian
2025-02-24 15:41:25,422 - DEBUG - Optimizing QAOA circuit...
2025-02-24 15:41:30,411 - DEBUG - Circuit optimization successful
2025-02-24 15:41:30,412 - DEBUG - Circuit optimization successful, final value: 21411.750249750254
2025-02-24 15:41:30,412 - DEBUG - Sampling from optimized circuit...
2025-02-24 15:41:30,465 - DEBUG - Generated 756 unique samples from 1000 total measurements
2025-02-24 15:41:30,468 - DEBUG - 
Top 5 most frequent samples:
2025-02-24 15:41:30,469 - DEBUG -   Rank | Count |   %   
2025-02-24 15:41:30,469 - DEBUG -   -----|-------|-------
2025-02-24 15:41:30,469 - DEBUG -      1 |     6 |   0.6
2025-02-24 15:41:30,469 - DEBUG -     Sample: [1 0 0 0 1 1 1 0 1 0 1 1]
2025-02-24 15:41:30,470 - DEBUG -      2 |     6 |   0.6
2025-02-24 15:41:30,470 - DEBUG -     Sample: [0 1 1 0 0 0 0 0 0 0 0 0]
2025-02-24 15:41:30,470 - DEBUG -      3 |     5 |   0.5
2025-02-24 15:41:30,471 - DEBUG -     Sample: [0 0 0 1 1 1 1 0 1 0 1 0]
2025-02-24 15:41:30,471 - DEBUG -      4 |     5 |   0.5
2025-02-24 15:41:30,471 - DEBUG -     Sample: [1 1 1 0 1 1 1 0 1 0 1 1]
2025-02-24 15:41:30,471 - DEBUG -      5 |     5 |   0.5
2025-02-24 15:41:30,471 - DEBUG -     Sample: [0 0 1 0 0 0 0 0 0 0 0 0]
2025-02-24 15:41:30,473 - DEBUG - Generated 756 unique samples from 1000 total measurements
2025-02-24 15:41:30,488 - INFO - No feasible solution found
2025-02-24 15:41:30,489 - INFO -   QAOA solver found no feasible solution
2025-02-24 15:41:30,489 - INFO - 
Running Constraint Generation:
2025-02-24 15:41:30,491 - INFO - 
Problem information:
2025-02-24 15:41:30,491 - INFO -   Number of variables (n): 12
2025-02-24 15:41:30,491 - INFO -   Number of constraints (m): 40
2025-02-24 15:41:30,491 - DEBUG -   Density of A: 25.00%
2025-02-24 15:41:30,491 - INFO - 
Running classical reference solver:
2025-02-24 15:41:30,503 - INFO -   Reference solution found:
2025-02-24 15:41:30,504 - INFO -     Solution: [0, 0, 0, 0, 0, 1, 0, 1, 0, 1, 0, 1]
2025-02-24 15:41:30,504 - INFO -     Value: 71.0
2025-02-24 15:41:30,504 - INFO - 
Starting quantum constraint generation with parameters:
2025-02-24 15:41:30,504 - INFO -   sample_size (total shots): 1000
2025-02-24 15:41:30,504 - INFO -   tau: 0.1
2025-02-24 15:41:30,504 - INFO -   max_iters: 1000
2025-02-24 15:41:30,504 - INFO - 
Iteration 0:
2025-02-24 15:41:30,505 - DEBUG - Generated Ising Hamiltonian
2025-02-24 15:41:30,721 - DEBUG - Optimizing QAOA circuit...
2025-02-24 15:41:33,069 - DEBUG - Circuit optimization successful
2025-02-24 15:41:33,070 - DEBUG - Circuit optimization successful, final value: -222.86113886113884
2025-02-24 15:41:33,070 - DEBUG - Sampling from optimized circuit...
2025-02-24 15:41:33,094 - DEBUG - Generated 360 unique samples from 1000 total measurements
2025-02-24 15:41:33,094 - DEBUG - 
Top 5 most frequent samples:
2025-02-24 15:41:33,095 - DEBUG -   Rank | Count |   %   
2025-02-24 15:41:33,095 - DEBUG -   -----|-------|-------
2025-02-24 15:41:33,095 - DEBUG -      1 |    30 |   3.0
2025-02-24 15:41:33,095 - DEBUG -     Sample: [1 1 1 1 0 0 1 1 1 1 1 0]
2025-02-24 15:41:33,096 - DEBUG -      2 |    30 |   3.0
2025-02-24 15:41:33,096 - DEBUG -     Sample: [1 1 1 1 0 0 0 1 1 1 1 0]
2025-02-24 15:41:33,096 - DEBUG -      3 |    27 |   2.7
2025-02-24 15:41:33,097 - DEBUG -     Sample: [1 1 1 1 1 0 1 1 1 1 1 0]
2025-02-24 15:41:33,097 - DEBUG -      4 |    18 |   1.8
2025-02-24 15:41:33,097 - DEBUG -     Sample: [1 1 1 1 1 0 1 0 1 1 1 0]
2025-02-24 15:41:33,097 - DEBUG -      5 |    18 |   1.8
2025-02-24 15:41:33,098 - DEBUG -     Sample: [1 1 1 1 1 0 0 1 1 1 1 0]
2025-02-24 15:41:33,099 - DEBUG - Generated 360 unique samples from 1000 total measurements
2025-02-24 15:41:33,106 - INFO -   No feasible solution found in this iteration
2025-02-24 15:41:33,106 - INFO -   Added 1 new constraints: [21]
2025-02-24 15:41:33,107 - INFO - 
Iteration 1:
2025-02-24 15:41:33,107 - DEBUG - Generated Ising Hamiltonian
2025-02-24 15:41:33,341 - DEBUG - Optimizing QAOA circuit...
2025-02-24 15:41:35,449 - DEBUG - Circuit optimization successful
2025-02-24 15:41:35,449 - DEBUG - Circuit optimization successful, final value: -3786.4305694305694
2025-02-24 15:41:35,449 - DEBUG - Sampling from optimized circuit...
2025-02-24 15:41:35,475 - DEBUG - Generated 420 unique samples from 1000 total measurements
2025-02-24 15:41:35,475 - DEBUG - 
Top 5 most frequent samples:
2025-02-24 15:41:35,475 - DEBUG -   Rank | Count |   %   
2025-02-24 15:41:35,475 - DEBUG -   -----|-------|-------
2025-02-24 15:41:35,476 - DEBUG -      1 |    27 |   2.7
2025-02-24 15:41:35,476 - DEBUG -     Sample: [1 1 1 0 0 0 0 0 0 1 1 0]
2025-02-24 15:41:35,476 - DEBUG -      2 |    26 |   2.6
2025-02-24 15:41:35,476 - DEBUG -     Sample: [1 1 1 0 0 0 1 0 0 1 1 0]
2025-02-24 15:41:35,477 - DEBUG -      3 |    20 |   2.0
2025-02-24 15:41:35,477 - DEBUG -     Sample: [1 1 1 0 0 0 1 0 0 0 1 0]
2025-02-24 15:41:35,477 - DEBUG -      4 |    16 |   1.6
2025-02-24 15:41:35,477 - DEBUG -     Sample: [1 1 1 0 0 0 0 0 0 0 1 0]
2025-02-24 15:41:35,477 - DEBUG -      5 |    16 |   1.6
2025-02-24 15:41:35,478 - DEBUG -     Sample: [1 1 1 0 1 0 1 0 0 1 1 0]
2025-02-24 15:41:35,479 - DEBUG - Generated 420 unique samples from 1000 total measurements
2025-02-24 15:41:35,487 - INFO -   No feasible solution found in this iteration
2025-02-24 15:41:35,488 - INFO -   Added 1 new constraints: [32]
2025-02-24 15:41:35,488 - INFO - 
Iteration 2:
2025-02-24 15:41:35,488 - DEBUG - Generated Ising Hamiltonian
2025-02-24 15:41:35,706 - DEBUG - Optimizing QAOA circuit...
2025-02-24 15:41:37,755 - DEBUG - Circuit optimization successful
2025-02-24 15:41:37,756 - DEBUG - Circuit optimization successful, final value: -6825.8001998002
2025-02-24 15:41:37,757 - DEBUG - Sampling from optimized circuit...
2025-02-24 15:41:37,787 - DEBUG - Generated 434 unique samples from 1000 total measurements
2025-02-24 15:41:37,788 - DEBUG - 
Top 5 most frequent samples:
2025-02-24 15:41:37,788 - DEBUG -   Rank | Count |   %   
2025-02-24 15:41:37,788 - DEBUG -   -----|-------|-------
2025-02-24 15:41:37,788 - DEBUG -      1 |    29 |   2.9
2025-02-24 15:41:37,789 - DEBUG -     Sample: [0 1 0 0 0 0 1 0 0 1 1 0]
2025-02-24 15:41:37,790 - DEBUG -      2 |    18 |   1.8
2025-02-24 15:41:37,790 - DEBUG -     Sample: [0 1 0 0 0 0 0 0 0 1 1 0]
2025-02-24 15:41:37,791 - DEBUG -      3 |    16 |   1.6
2025-02-24 15:41:37,791 - DEBUG -     Sample: [0 1 0 0 1 0 1 0 0 1 1 0]
2025-02-24 15:41:37,791 - DEBUG -      4 |    13 |   1.3
2025-02-24 15:41:37,791 - DEBUG -     Sample: [0 1 0 0 0 0 0 0 0 0 1 0]
2025-02-24 15:41:37,792 - DEBUG -      5 |    13 |   1.3
2025-02-24 15:41:37,792 - DEBUG -     Sample: [0 1 0 0 1 0 0 0 0 1 1 0]
2025-02-24 15:41:37,793 - DEBUG - Generated 434 unique samples from 1000 total measurements
2025-02-24 15:41:37,803 - INFO -   No feasible solution found in this iteration
2025-02-24 15:41:37,804 - INFO -   No new constraints added, lowered tau multiplier: 1.0 -> 0.9
2025-02-24 15:41:37,804 - INFO -   Added 9 new constraints: [0, 15, 18, 20, 22, 29, 33, 35, 37]
2025-02-24 15:41:37,804 - INFO - 
Iteration 3:
2025-02-24 15:41:37,805 - DEBUG - Generated Ising Hamiltonian
2025-02-24 15:41:38,040 - DEBUG - Optimizing QAOA circuit...
2025-02-24 15:41:41,252 - DEBUG - Circuit optimization successful
2025-02-24 15:41:41,252 - DEBUG - Circuit optimization successful, final value: -7441.141858141858
2025-02-24 15:41:41,252 - DEBUG - Sampling from optimized circuit...
2025-02-24 15:41:41,288 - DEBUG - Generated 488 unique samples from 1000 total measurements
2025-02-24 15:41:41,292 - DEBUG - 
Top 5 most frequent samples:
2025-02-24 15:41:41,292 - DEBUG -   Rank | Count |   %   
2025-02-24 15:41:41,292 - DEBUG -   -----|-------|-------
2025-02-24 15:41:41,292 - DEBUG -      1 |    18 |   1.8
2025-02-24 15:41:41,292 - DEBUG -     Sample: [0 1 0 1 1 1 0 0 0 0 0 0]
2025-02-24 15:41:41,293 - DEBUG -      2 |    12 |   1.2
2025-02-24 15:41:41,293 - DEBUG -     Sample: [0 1 0 0 0 1 0 0 0 0 1 0]
2025-02-24 15:41:41,293 - DEBUG -      3 |    11 |   1.1
2025-02-24 15:41:41,294 - DEBUG -     Sample: [0 1 0 0 1 1 0 0 0 0 0 0]
2025-02-24 15:41:41,294 - DEBUG -      4 |    10 |   1.0
2025-02-24 15:41:41,294 - DEBUG -     Sample: [0 1 0 0 1 0 0 1 0 1 0 0]
2025-02-24 15:41:41,294 - DEBUG -      5 |    10 |   1.0
2025-02-24 15:41:41,295 - DEBUG -     Sample: [0 1 0 0 1 1 0 0 0 1 0 0]
2025-02-24 15:41:41,296 - DEBUG - Generated 488 unique samples from 1000 total measurements
2025-02-24 15:41:41,305 - INFO -   No feasible solution found in this iteration
2025-02-24 15:41:41,306 - INFO -   No new constraints added, lowered tau multiplier: 1.0 -> 0.9
2025-02-24 15:41:41,306 - INFO -   Added 14 new constraints: [1, 2, 4, 5, 6, 7, 11, 14, 17, 25, 31, 34, 38, 39]
2025-02-24 15:41:41,306 - INFO - 
Iteration 4:
2025-02-24 15:41:41,306 - DEBUG - Generated Ising Hamiltonian
2025-02-24 15:41:41,599 - DEBUG - Optimizing QAOA circuit...
2025-02-24 15:41:45,679 - DEBUG - Circuit optimization successful
2025-02-24 15:41:45,680 - DEBUG - Circuit optimization successful, final value: 13165.997002997006
2025-02-24 15:41:45,681 - DEBUG - Sampling from optimized circuit...
2025-02-24 15:41:45,730 - DEBUG - Generated 703 unique samples from 1000 total measurements
2025-02-24 15:41:45,731 - DEBUG - 
Top 5 most frequent samples:
2025-02-24 15:41:45,731 - DEBUG -   Rank | Count |   %   
2025-02-24 15:41:45,731 - DEBUG -   -----|-------|-------
2025-02-24 15:41:45,732 - DEBUG -      1 |    11 |   1.1
2025-02-24 15:41:45,732 - DEBUG -     Sample: [1 0 1 1 0 0 1 0 1 0 1 1]
2025-02-24 15:41:45,732 - DEBUG -      2 |     8 |   0.8
2025-02-24 15:41:45,732 - DEBUG -     Sample: [1 1 0 1 1 0 1 0 1 0 1 1]
2025-02-24 15:41:45,732 - DEBUG -      3 |     6 |   0.6
2025-02-24 15:41:45,733 - DEBUG -     Sample: [0 1 0 1 0 0 0 1 1 0 0 1]
2025-02-24 15:41:45,733 - DEBUG -      4 |     5 |   0.5
2025-02-24 15:41:45,733 - DEBUG -     Sample: [1 1 0 1 0 1 1 0 1 0 0 1]
2025-02-24 15:41:45,733 - DEBUG -      5 |     5 |   0.5
2025-02-24 15:41:45,733 - DEBUG -     Sample: [1 1 0 1 1 0 0 1 0 1 1 1]
2025-02-24 15:41:45,735 - DEBUG - Generated 703 unique samples from 1000 total measurements
2025-02-24 15:41:45,750 - INFO -   No feasible solution found in this iteration
2025-02-24 15:41:45,751 - INFO -   No new constraints added, lowered tau multiplier: 1.0 -> 0.9
2025-02-24 15:41:45,751 - INFO -   Added 2 new constraints: [3, 24]
2025-02-24 15:41:45,752 - INFO - 
Iteration 5:
2025-02-24 15:41:45,752 - DEBUG - Generated Ising Hamiltonian
2025-02-24 15:41:45,998 - DEBUG - Optimizing QAOA circuit...
2025-02-24 15:41:50,824 - DEBUG - Circuit optimization successful
2025-02-24 15:41:50,825 - DEBUG - Circuit optimization successful, final value: -20398.252747252747
2025-02-24 15:41:50,825 - DEBUG - Sampling from optimized circuit...
2025-02-24 15:41:50,871 - DEBUG - Generated 801 unique samples from 1000 total measurements
2025-02-24 15:41:50,871 - DEBUG - 
Top 5 most frequent samples:
2025-02-24 15:41:50,871 - DEBUG -   Rank | Count |   %   
2025-02-24 15:41:50,871 - DEBUG -   -----|-------|-------
2025-02-24 15:41:50,872 - DEBUG -      1 |     5 |   0.5
2025-02-24 15:41:50,872 - DEBUG -     Sample: [0 1 0 1 0 0 1 0 0 0 1 0]
2025-02-24 15:41:50,872 - DEBUG -      2 |     5 |   0.5
2025-02-24 15:41:50,872 - DEBUG -     Sample: [0 0 0 1 1 1 1 0 0 1 0 0]
2025-02-24 15:41:50,872 - DEBUG -      3 |     5 |   0.5
2025-02-24 15:41:50,872 - DEBUG -     Sample: [0 0 0 0 0 0 1 0 1 0 1 0]
2025-02-24 15:41:50,873 - DEBUG -      4 |     5 |   0.5
2025-02-24 15:41:50,873 - DEBUG -     Sample: [0 1 0 1 0 1 1 0 0 0 1 0]
2025-02-24 15:41:50,873 - DEBUG -      5 |     5 |   0.5
2025-02-24 15:41:50,873 - DEBUG -     Sample: [0 1 0 1 0 0 1 0 0 1 1 0]
2025-02-24 15:41:50,875 - DEBUG - Generated 801 unique samples from 1000 total measurements
2025-02-24 15:41:50,882 - INFO - Found feasible solution: [0 1 1 0 0 0 1 0 1 0 1 0] with objective value 198.0
2025-02-24 15:41:50,890 - INFO -   Found feasible solution:
2025-02-24 15:41:50,890 - INFO -     Solution: [0, 1, 1, 0, 0, 0, 1, 0, 1, 0, 1, 0]
2025-02-24 15:41:50,891 - INFO -     Value: 198.0
2025-02-24 15:41:50,891 - INFO -     Gap to reference: 178.87%
2025-02-24 15:41:50,891 - INFO -   Constraint generation solution found:
2025-02-24 15:41:50,891 - INFO -     Solution: [0, 1, 1, 0, 0, 0, 1, 0, 1, 0, 1, 0]
2025-02-24 15:41:50,892 - INFO -     Value: 198.0
2025-02-24 15:41:50,892 - INFO - 
Instance 65 results:
2025-02-24 15:41:50,892 - INFO -   Classical value: 71.0
2025-02-24 15:41:50,892 - INFO -   QAOA value: 0.0
2025-02-24 15:41:50,892 - INFO -   Constraint generation value: 198.0
2025-02-24 15:41:50,893 - INFO - 
Running instance 66/100
2025-02-24 15:41:50,896 - INFO - 
Running Classical Reference Solver (SCIP):
2025-02-24 15:41:50,897 - DEBUG - Problem dimensions: 40 constraints, 12 variables
2025-02-24 15:41:50,897 - DEBUG - Row names: ['ELEM1', 'ELEM2', 'ELEM3', 'ELEM4', 'ELEM5', 'ELEM6', 'ELEM7', 'ELEM8', 'ELEM9', 'ELEM10', 'ELEM11', 'ELEM12', 'ELEM13', 'ELEM14', 'ELEM15', 'ELEM16', 'ELEM17', 'ELEM18', 'ELEM19', 'ELEM20', 'ELEM21', 'ELEM22', 'ELEM23', 'ELEM24', 'ELEM25', 'ELEM26', 'ELEM27', 'ELEM28', 'ELEM29', 'ELEM30', 'ELEM31', 'ELEM32', 'ELEM33', 'ELEM34', 'ELEM35', 'ELEM36', 'ELEM37', 'ELEM38', 'ELEM39', 'ELEM40']
2025-02-24 15:41:50,897 - DEBUG - RHS values: {'ELEM1': 1.0, 'ELEM2': 1.0, 'ELEM3': 1.0, 'ELEM4': 1.0, 'ELEM5': 1.0, 'ELEM6': 1.0, 'ELEM7': 1.0, 'ELEM8': 1.0, 'ELEM9': 1.0, 'ELEM10': 1.0, 'ELEM11': 1.0, 'ELEM12': 1.0, 'ELEM13': 1.0, 'ELEM14': 1.0, 'ELEM15': 1.0, 'ELEM16': 1.0, 'ELEM17': 1.0, 'ELEM18': 1.0, 'ELEM19': 1.0, 'ELEM20': 1.0, 'ELEM21': 1.0, 'ELEM22': 1.0, 'ELEM23': 1.0, 'ELEM24': 1.0, 'ELEM25': 1.0, 'ELEM26': 1.0, 'ELEM27': 1.0, 'ELEM28': 1.0, 'ELEM29': 1.0, 'ELEM30': 1.0, 'ELEM31': 1.0, 'ELEM32': 1.0, 'ELEM33': 1.0, 'ELEM34': 1.0, 'ELEM35': 1.0, 'ELEM36': 1.0, 'ELEM37': 1.0, 'ELEM38': 1.0, 'ELEM39': 1.0, 'ELEM40': 1.0}
2025-02-24 15:41:50,908 - INFO -   Reference solution found:
2025-02-24 15:41:50,909 - INFO -     Solution: [0, 0, 0, 0, 0, 0, 1, 1, 1, 0, 0, 0]
2025-02-24 15:41:50,909 - INFO -     Value: 65.0
2025-02-24 15:41:50,909 - INFO - 
Running QAOA Reference Solution (with all constraints):
