
Problem information:
  Number of variables (n): 12
  Number of constraints (m): 40

Starting reference QAOA with parameters:
  sample_size (total shots): 1000
Added all constraints
No feasible solution found
  QAOA solver found no feasible solution

Running Constraint Generation:

Problem information:
  Number of variables (n): 12
  Number of constraints (m): 40

Running classical reference solver:
  Reference solution found:
    Solution: [0, 0, 0, 0, 0, 1, 0, 1, 0, 1, 0, 1]
    Value: 71.0

Starting quantum constraint generation with parameters:
  sample_size (total shots): 1000
  tau: 0.1
  max_iters: 1000

Iteration 0:
  No feasible solution found in this iteration
  Added 1 new constraints: [21]

Iteration 1:
  No feasible solution found in this iteration
  Added 1 new constraints: [32]

Iteration 2:
  No feasible solution found in this iteration
  No new constraints added, lowered tau multiplier: 1.0 -> 0.9
  Added 9 new constraints: [0, 15, 18, 20, 22, 29, 33, 35, 37]

Iteration 3:
  No feasible solution found in this iteration
  No new constraints added, lowered tau multiplier: 1.0 -> 0.9
  Added 14 new constraints: [1, 2, 4, 5, 6, 7, 11, 14, 17, 25, 31, 34, 38, 39]

Iteration 4:
  No feasible solution found in this iteration
  No new constraints added, lowered tau multiplier: 1.0 -> 0.9
  Added 2 new constraints: [3, 24]

Iteration 5:
Found feasible solution: [0 1 1 0 0 0 1 0 1 0 1 0] with objective value 198.0
  Found feasible solution:
    Solution: [0, 1, 1, 0, 0, 0, 1, 0, 1, 0, 1, 0]
    Value: 198.0
    Gap to reference: 178.87%
  Constraint generation solution found:
    Solution: [0, 1, 1, 0, 0, 0, 1, 0, 1, 0, 1, 0]
    Value: 198.0

Instance 65 results:
  Classical value: 71.0
  QAOA value: 0.0
  Constraint generation value: 198.0

Running instance 66/100

Running Classical Reference Solver (SCIP):
  Reference solution found:
    Solution: [0, 0, 0, 0, 0, 0, 1, 1, 1, 0, 0, 0]
    Value: 65.0

Running QAOA Reference Solution (with all constraints):
