
Problem information:
  Number of variables (n): 12
  Number of constraints (m): 40

Starting reference QAOA with parameters:
  sample_size (total shots): 1000
Added all constraints
Found feasible solution: [0 1 1 0 0 0 0 1 0 0 1 0] with objective value 225.0
Found feasible solution:
  Solution: [0, 1, 1, 0, 0, 0, 0, 1, 0, 0, 1, 0]
  Value: 225.0
  QAOA solution found:
    Solution: [0, 1, 1, 0, 0, 0, 0, 1, 0, 0, 1, 0]
    Value: 225.0

Running Constraint Generation:

Problem information:
  Number of variables (n): 12
  Number of constraints (m): 40

Running classical reference solver:
  Reference solution found:
    Solution: [0, 0, 0, 1, 0, 1, 0, 0, 1, 0, 0, 1]
    Value: 220.0

Starting quantum constraint generation with parameters:
  sample_size (total shots): 1000
  tau: 0.1
  max_iters: 1000

Iteration 0:
  No feasible solution found in this iteration
  Added 1 new constraints: [29]

Iteration 1:
Found feasible solution: [0 0 0 1 0 1 0 0 1 0 0 1] with objective value 220.0
Found feasible solution: [0 1 1 0 0 0 0 1 0 0 1 0] with objective value 225.0
  Found feasible solution:
    Solution: [0, 0, 0, 1, 0, 1, 0, 0, 1, 0, 0, 1]
    Value: 220.0
    Gap to reference: 0.00%
  Constraint generation solution found:
    Solution: [0, 0, 0, 1, 0, 1, 0, 0, 1, 0, 0, 1]
    Value: 220.0

Instance 8 results:
  Classical value: 220.0
  QAOA value: 225.0
  Constraint generation value: 220.0

Running instance 9/100

Running Classical Reference Solver (SCIP):
  Reference solution found:
    Solution: [0, 1, 1, 0, 0, 0, 0, 0, 0, 0, 0, 1]
    Value: 161.0

Running QAOA Reference Solution (with all constraints):
