
Problem information:
  Number of variables (n): 10
  Number of constraints (m): 20

Starting reference QAOA with parameters:
  sample_size (total shots): 100
Added all constraints
No feasible solution found
  QAOA solver found no feasible solution

Running Constraint Generation:

Problem information:
  Number of variables (n): 10
  Number of constraints (m): 20

Running classical reference solver:
  Reference solution found:
    Solution: [0, 0, 0, 1, 0, 0, 0, 0, 0, 1]
    Value: 69.0

Starting quantum constraint generation with parameters:
  sample_size (total shots): 100
  tau: 0.1
  max_iters: 1000

Iteration 0:
  No feasible solution found in this iteration
  Added 2 new constraints: [10, 11]

Iteration 1:
  No feasible solution found in this iteration
  Added 1 new constraints: [3]

Iteration 2:
Found feasible solution: [0 0 1 0 0 0 1 0 0 0] with objective value 119.0
  Found feasible solution:
    Solution: [0, 0, 1, 0, 0, 0, 1, 0, 0, 0]
    Value: 119.0
    Gap to reference: 72.46%
  Constraint generation solution found:
    Solution: [0, 0, 1, 0, 0, 0, 1, 0, 0, 0]
    Value: 119.0

Instance 81 results:
  Classical value: 69.0
  QAOA value: 0.0
  Constraint generation value: 119.0

Running instance 82/100

Running Classical Reference Solver (SCIP):
  Reference solution found:
    Solution: [0, 0, 1, 0, 0, 1, 0, 0, 0, 0]
    Value: 60.0

Running QAOA Reference Solution (with all constraints):
