2025-02-23 17:58:07,087 - INFO - 
Problem information:
2025-02-23 17:58:07,087 - INFO -   Number of variables (n): 12
2025-02-23 17:58:07,087 - INFO -   Number of constraints (m): 40
2025-02-23 17:58:07,087 - DEBUG -   Density of A: 20.62%
2025-02-23 17:58:07,087 - INFO - 
Starting reference QAOA with parameters:
2025-02-23 17:58:07,088 - INFO -   sample_size (total shots): 200
2025-02-23 17:58:07,088 - INFO - Added all constraints
2025-02-23 17:58:07,088 - DEBUG - Generated Ising Hamiltonian
2025-02-23 17:58:07,321 - DEBUG - Optimizing QAOA circuit...
2025-02-23 17:58:09,331 - DEBUG - Circuit optimization successful
2025-02-23 17:58:09,331 - DEBUG - Circuit optimization successful, final value: 31990.814185814186
2025-02-23 17:58:09,331 - DEBUG - Sampling from optimized circuit...
2025-02-23 17:58:09,351 - DEBUG - Generated 133 unique samples from 200 total measurements
2025-02-23 17:58:09,352 - DEBUG - 
Top 5 most frequent samples:
2025-02-23 17:58:09,352 - DEBUG -   Rank | Count |   %   
2025-02-23 17:58:09,352 - DEBUG -   -----|-------|-------
2025-02-23 17:58:09,352 - DEBUG -      1 |     8 |   4.0
2025-02-23 17:58:09,352 - DEBUG -     Sample: [0 1 0 0 1 0 1 1 1 1 1 1]
2025-02-23 17:58:09,352 - DEBUG -      2 |     7 |   3.5
2025-02-23 17:58:09,353 - DEBUG -     Sample: [1 1 0 0 1 0 1 1 0 1 1 1]
2025-02-23 17:58:09,353 - DEBUG -      3 |     6 |   3.0
2025-02-23 17:58:09,353 - DEBUG -     Sample: [1 1 0 0 1 0 1 1 1 1 1 0]
2025-02-23 17:58:09,353 - DEBUG -      4 |     6 |   3.0
2025-02-23 17:58:09,354 - DEBUG -     Sample: [0 1 0 0 1 0 1 1 0 1 1 0]
2025-02-23 17:58:09,354 - DEBUG -      5 |     6 |   3.0
2025-02-23 17:58:09,354 - DEBUG -     Sample: [1 1 0 0 1 0 1 1 1 1 1 1]
2025-02-23 17:58:09,354 - DEBUG - Generated 133 unique samples from 200 total measurements
2025-02-23 17:58:09,357 - INFO - No feasible solution found
2025-02-23 17:58:09,358 - INFO -   QAOA solver found no feasible solution
2025-02-23 17:58:09,358 - INFO - 
Running Constraint Generation:
2025-02-23 17:58:09,360 - INFO - 
Problem information:
2025-02-23 17:58:09,360 - INFO -   Number of variables (n): 12
2025-02-23 17:58:09,360 - INFO -   Number of constraints (m): 40
2025-02-23 17:58:09,360 - DEBUG -   Density of A: 20.62%
2025-02-23 17:58:09,360 - INFO - 
Running classical reference solver:
2025-02-23 17:58:09,372 - INFO -   Reference solution found:
2025-02-23 17:58:09,372 - INFO -     Solution: [0, 0, 1, 1, 0, 1, 0, 0, 1, 0, 0, 0]
2025-02-23 17:58:09,372 - INFO -     Value: 245.0
2025-02-23 17:58:09,372 - INFO - 
Starting quantum constraint generation with parameters:
2025-02-23 17:58:09,372 - INFO -   sample_size (total shots): 200
2025-02-23 17:58:09,373 - INFO -   tau: 0.1
2025-02-23 17:58:09,373 - INFO -   max_iters: 1000
2025-02-23 17:58:09,373 - INFO - 
Iteration 0:
2025-02-23 17:58:09,373 - DEBUG - Generated Ising Hamiltonian
2025-02-23 17:58:09,588 - DEBUG - Optimizing QAOA circuit...
2025-02-23 17:58:10,808 - DEBUG - Circuit optimization successful
2025-02-23 17:58:10,808 - DEBUG - Circuit optimization successful, final value: -304.9330669330669
2025-02-23 17:58:10,809 - DEBUG - Sampling from optimized circuit...
2025-02-23 17:58:10,822 - DEBUG - Generated 58 unique samples from 200 total measurements
2025-02-23 17:58:10,822 - DEBUG - 
Top 5 most frequent samples:
2025-02-23 17:58:10,823 - DEBUG -   Rank | Count |   %   
2025-02-23 17:58:10,823 - DEBUG -   -----|-------|-------
2025-02-23 17:58:10,823 - DEBUG -      1 |    28 |  14.0
2025-02-23 17:58:10,823 - DEBUG -     Sample: [1 1 1 1 0 1 1 0 1 1 1 1]
2025-02-23 17:58:10,823 - DEBUG -      2 |    18 |   9.0
2025-02-23 17:58:10,824 - DEBUG -     Sample: [1 1 1 1 0 1 1 0 0 1 1 1]
2025-02-23 17:58:10,824 - DEBUG -      3 |    15 |   7.5
2025-02-23 17:58:10,825 - DEBUG -     Sample: [1 1 1 1 0 1 1 0 1 0 1 1]
2025-02-23 17:58:10,825 - DEBUG -      4 |    15 |   7.5
2025-02-23 17:58:10,826 - DEBUG -     Sample: [0 1 1 1 0 1 1 0 1 1 1 1]
2025-02-23 17:58:10,826 - DEBUG -      5 |    14 |   7.0
2025-02-23 17:58:10,827 - DEBUG -     Sample: [1 1 1 1 0 1 1 1 1 1 1 1]
2025-02-23 17:58:10,827 - DEBUG - Generated 58 unique samples from 200 total measurements
2025-02-23 17:58:10,829 - INFO -   No feasible solution found in this iteration
2025-02-23 17:58:10,829 - INFO -   Added 5 new constraints: [8, 24, 25, 31, 33]
2025-02-23 17:58:10,829 - INFO - 
Iteration 1:
2025-02-23 17:58:10,830 - DEBUG - Generated Ising Hamiltonian
2025-02-23 17:58:11,071 - DEBUG - Optimizing QAOA circuit...
2025-02-23 17:58:12,452 - DEBUG - Circuit optimization successful
2025-02-23 17:58:12,452 - DEBUG - Circuit optimization successful, final value: -5111.072927072926
2025-02-23 17:58:12,453 - DEBUG - Sampling from optimized circuit...
2025-02-23 17:58:12,469 - DEBUG - Generated 175 unique samples from 200 total measurements
2025-02-23 17:58:12,469 - DEBUG - 
Top 5 most frequent samples:
2025-02-23 17:58:12,470 - DEBUG -   Rank | Count |   %   
2025-02-23 17:58:12,470 - DEBUG -   -----|-------|-------
2025-02-23 17:58:12,470 - DEBUG -      1 |     6 |   3.0
2025-02-23 17:58:12,470 - DEBUG -     Sample: [1 0 0 0 0 0 0 0 0 0 0 0]
2025-02-23 17:58:12,470 - DEBUG -      2 |     4 |   2.0
2025-02-23 17:58:12,470 - DEBUG -     Sample: [1 0 0 0 0 1 0 0 1 0 0 0]
2025-02-23 17:58:12,470 - DEBUG -      3 |     3 |   1.5
2025-02-23 17:58:12,471 - DEBUG -     Sample: [1 0 0 0 0 1 0 0 1 1 0 0]
2025-02-23 17:58:12,471 - DEBUG -      4 |     2 |   1.0
2025-02-23 17:58:12,471 - DEBUG -     Sample: [0 0 1 0 0 1 1 0 1 0 1 1]
2025-02-23 17:58:12,471 - DEBUG -      5 |     2 |   1.0
2025-02-23 17:58:12,471 - DEBUG -     Sample: [1 1 0 1 0 1 1 0 0 0 1 1]
2025-02-23 17:58:12,472 - DEBUG - Generated 175 unique samples from 200 total measurements
2025-02-23 17:58:12,476 - INFO -   No feasible solution found in this iteration
2025-02-23 17:58:12,477 - INFO -   No new constraints added, lowered tau multiplier: 1.0 -> 0.9
2025-02-23 17:58:12,477 - INFO -   No new constraints added, lowered tau multiplier: 0.9 -> 0.8
2025-02-23 17:58:12,477 - INFO -   Added 5 new constraints: [13, 29, 32, 35, 36]
2025-02-23 17:58:12,478 - INFO - 
Iteration 2:
2025-02-23 17:58:12,478 - DEBUG - Generated Ising Hamiltonian
2025-02-23 17:58:12,689 - DEBUG - Optimizing QAOA circuit...
2025-02-23 17:58:14,104 - DEBUG - Circuit optimization successful
2025-02-23 17:58:14,104 - DEBUG - Circuit optimization successful, final value: 7918.28021978022
2025-02-23 17:58:14,104 - DEBUG - Sampling from optimized circuit...
2025-02-23 17:58:14,119 - DEBUG - Generated 124 unique samples from 200 total measurements
2025-02-23 17:58:14,120 - DEBUG - 
Top 5 most frequent samples:
2025-02-23 17:58:14,120 - DEBUG -   Rank | Count |   %   
2025-02-23 17:58:14,120 - DEBUG -   -----|-------|-------
2025-02-23 17:58:14,120 - DEBUG -      1 |    15 |   7.5
2025-02-23 17:58:14,120 - DEBUG -     Sample: [1 0 0 1 1 0 1 0 0 1 0 1]
2025-02-23 17:58:14,120 - DEBUG -      2 |    10 |   5.0
2025-02-23 17:58:14,120 - DEBUG -     Sample: [1 0 0 0 1 0 1 0 0 1 0 1]
2025-02-23 17:58:14,121 - DEBUG -      3 |     7 |   3.5
2025-02-23 17:58:14,121 - DEBUG -     Sample: [1 0 1 0 1 0 1 0 0 1 0 1]
2025-02-23 17:58:14,121 - DEBUG -      4 |     5 |   2.5
2025-02-23 17:58:14,121 - DEBUG -     Sample: [0 0 0 1 1 0 1 0 0 1 0 1]
2025-02-23 17:58:14,121 - DEBUG -      5 |     5 |   2.5
2025-02-23 17:58:14,121 - DEBUG -     Sample: [1 0 1 1 1 0 1 0 1 1 0 1]
2025-02-23 17:58:14,122 - DEBUG - Generated 124 unique samples from 200 total measurements
2025-02-23 17:58:14,124 - INFO -   No feasible solution found in this iteration
2025-02-23 17:58:14,124 - INFO -   No new constraints added, lowered tau multiplier: 1.0 -> 0.9
2025-02-23 17:58:14,125 - INFO -   Added 5 new constraints: [2, 14, 17, 21, 38]
2025-02-23 17:58:14,125 - INFO - 
Iteration 3:
2025-02-23 17:58:14,125 - DEBUG - Generated Ising Hamiltonian
2025-02-23 17:58:14,355 - DEBUG - Optimizing QAOA circuit...
2025-02-23 17:58:16,295 - DEBUG - Circuit optimization successful
2025-02-23 17:58:16,295 - DEBUG - Circuit optimization successful, final value: 1318.8336663336668
2025-02-23 17:58:16,295 - DEBUG - Sampling from optimized circuit...
2025-02-23 17:58:16,314 - DEBUG - Generated 152 unique samples from 200 total measurements
2025-02-23 17:58:16,314 - DEBUG - 
Top 5 most frequent samples:
2025-02-23 17:58:16,314 - DEBUG -   Rank | Count |   %   
2025-02-23 17:58:16,314 - DEBUG -   -----|-------|-------
2025-02-23 17:58:16,314 - DEBUG -      1 |     5 |   2.5
2025-02-23 17:58:16,315 - DEBUG -     Sample: [1 1 0 0 0 0 1 1 0 0 1 0]
2025-02-23 17:58:16,315 - DEBUG -      2 |     5 |   2.5
2025-02-23 17:58:16,315 - DEBUG -     Sample: [1 1 0 1 0 0 1 1 0 0 1 0]
2025-02-23 17:58:16,315 - DEBUG -      3 |     5 |   2.5
2025-02-23 17:58:16,316 - DEBUG -     Sample: [1 0 0 0 0 0 1 1 0 0 1 0]
2025-02-23 17:58:16,316 - DEBUG -      4 |     4 |   2.0
2025-02-23 17:58:16,316 - DEBUG -     Sample: [1 0 0 1 0 0 1 0 0 0 1 0]
2025-02-23 17:58:16,316 - DEBUG -      5 |     3 |   1.5
2025-02-23 17:58:16,316 - DEBUG -     Sample: [0 1 0 1 0 1 0 1 0 0 1 0]
2025-02-23 17:58:16,317 - DEBUG - Generated 152 unique samples from 200 total measurements
2025-02-23 17:58:16,321 - INFO -   No feasible solution found in this iteration
2025-02-23 17:58:16,322 - INFO -   No new constraints added, lowered tau multiplier: 1.0 -> 0.9
2025-02-23 17:58:16,323 - INFO -   No new constraints added, lowered tau multiplier: 0.9 -> 0.8
2025-02-23 17:58:16,323 - INFO -   Added 4 new constraints: [6, 9, 15, 30]
2025-02-23 17:58:16,323 - INFO - 
Iteration 4:
2025-02-23 17:58:16,324 - DEBUG - Generated Ising Hamiltonian
2025-02-23 17:58:16,564 - DEBUG - Optimizing QAOA circuit...
2025-02-23 17:58:18,238 - DEBUG - Circuit optimization successful
2025-02-23 17:58:18,239 - DEBUG - Circuit optimization successful, final value: -4559.99150849151
2025-02-23 17:58:18,239 - DEBUG - Sampling from optimized circuit...
2025-02-23 17:58:18,256 - DEBUG - Generated 156 unique samples from 200 total measurements
2025-02-23 17:58:18,256 - DEBUG - 
Top 5 most frequent samples:
2025-02-23 17:58:18,256 - DEBUG -   Rank | Count |   %   
2025-02-23 17:58:18,256 - DEBUG -   -----|-------|-------
2025-02-23 17:58:18,256 - DEBUG -      1 |     5 |   2.5
2025-02-23 17:58:18,256 - DEBUG -     Sample: [1 1 0 1 0 1 0 0 0 0 1 0]
2025-02-23 17:58:18,256 - DEBUG -      2 |     5 |   2.5
2025-02-23 17:58:18,257 - DEBUG -     Sample: [1 1 0 1 0 0 0 0 0 0 0 0]
2025-02-23 17:58:18,257 - DEBUG -      3 |     5 |   2.5
2025-02-23 17:58:18,257 - DEBUG -     Sample: [1 0 0 1 0 1 0 0 0 0 1 0]
2025-02-23 17:58:18,257 - DEBUG -      4 |     4 |   2.0
2025-02-23 17:58:18,257 - DEBUG -     Sample: [1 1 1 0 0 1 1 0 0 0 1 0]
2025-02-23 17:58:18,257 - DEBUG -      5 |     4 |   2.0
2025-02-23 17:58:18,258 - DEBUG -     Sample: [1 1 0 1 0 0 0 1 0 0 0 0]
2025-02-23 17:58:18,259 - DEBUG - Generated 156 unique samples from 200 total measurements
2025-02-23 17:58:18,261 - INFO -   No feasible solution found in this iteration
2025-02-23 17:58:18,262 - INFO -   No new constraints added, lowered tau multiplier: 1.0 -> 0.9
2025-02-23 17:58:18,262 - INFO -   No new constraints added, lowered tau multiplier: 0.9 -> 0.8
2025-02-23 17:58:18,262 - INFO -   No new constraints added, lowered tau multiplier: 0.8 -> 0.7
2025-02-23 17:58:18,263 - INFO -   Added 3 new constraints: [11, 16, 23]
2025-02-23 17:58:18,263 - INFO - 
Iteration 5:
2025-02-23 17:58:18,263 - DEBUG - Generated Ising Hamiltonian
2025-02-23 17:58:18,488 - DEBUG - Optimizing QAOA circuit...
2025-02-23 17:58:20,234 - DEBUG - Circuit optimization successful
2025-02-23 17:58:20,235 - DEBUG - Circuit optimization successful, final value: -352.94205794205755
2025-02-23 17:58:20,235 - DEBUG - Sampling from optimized circuit...
2025-02-23 17:58:20,253 - DEBUG - Generated 181 unique samples from 200 total measurements
2025-02-23 17:58:20,253 - DEBUG - 
Top 5 most frequent samples:
2025-02-23 17:58:20,254 - DEBUG -   Rank | Count |   %   
2025-02-23 17:58:20,254 - DEBUG -   -----|-------|-------
2025-02-23 17:58:20,254 - DEBUG -      1 |     2 |   1.0
2025-02-23 17:58:20,254 - DEBUG -     Sample: [0 1 0 0 0 1 1 0 1 1 0 1]
2025-02-23 17:58:20,254 - DEBUG -      2 |     2 |   1.0
2025-02-23 17:58:20,255 - DEBUG -     Sample: [1 0 1 0 0 1 0 1 1 1 1 0]
2025-02-23 17:58:20,255 - DEBUG -      3 |     2 |   1.0
2025-02-23 17:58:20,255 - DEBUG -     Sample: [0 1 1 0 0 0 0 0 1 0 0 1]
2025-02-23 17:58:20,255 - DEBUG -      4 |     2 |   1.0
2025-02-23 17:58:20,255 - DEBUG -     Sample: [0 1 1 0 0 1 0 1 1 0 1 1]
2025-02-23 17:58:20,256 - DEBUG -      5 |     2 |   1.0
2025-02-23 17:58:20,256 - DEBUG -     Sample: [1 0 1 0 0 1 1 0 1 1 0 1]
2025-02-23 17:58:20,257 - DEBUG - Generated 181 unique samples from 200 total measurements
2025-02-23 17:58:20,261 - INFO - Found feasible solution: [0 0 1 1 0 1 0 0 1 0 0 0] with objective value 245.0
2025-02-23 17:58:20,262 - INFO -   Found feasible solution:
2025-02-23 17:58:20,262 - INFO -     Solution: [0, 0, 1, 1, 0, 1, 0, 0, 1, 0, 0, 0]
2025-02-23 17:58:20,262 - INFO -     Value: 245.0
2025-02-23 17:58:20,262 - INFO -     Gap to reference: 0.00%
2025-02-23 17:58:20,263 - INFO -   Constraint generation solution found:
2025-02-23 17:58:20,263 - INFO -     Solution: [0, 0, 1, 1, 0, 1, 0, 0, 1, 0, 0, 0]
2025-02-23 17:58:20,263 - INFO -     Value: 245.0
2025-02-23 17:58:20,263 - INFO - 
Instance 36 results:
2025-02-23 17:58:20,263 - INFO -   Classical value: 245.0
2025-02-23 17:58:20,264 - INFO -   QAOA value: 0.0
2025-02-23 17:58:20,264 - INFO -   Constraint generation value: 245.0
2025-02-23 17:58:20,264 - INFO - 
Running instance 37/100
2025-02-23 17:58:20,267 - INFO - 
Running Classical Reference Solver (SCIP):
2025-02-23 17:58:20,268 - DEBUG - Problem dimensions: 40 constraints, 12 variables
2025-02-23 17:58:20,269 - DEBUG - Row names: ['ELEM1', 'ELEM2', 'ELEM3', 'ELEM4', 'ELEM5', 'ELEM6', 'ELEM7', 'ELEM8', 'ELEM9', 'ELEM10', 'ELEM11', 'ELEM12', 'ELEM13', 'ELEM14', 'ELEM15', 'ELEM16', 'ELEM17', 'ELEM18', 'ELEM19', 'ELEM20', 'ELEM21', 'ELEM22', 'ELEM23', 'ELEM24', 'ELEM25', 'ELEM26', 'ELEM27', 'ELEM28', 'ELEM29', 'ELEM30', 'ELEM31', 'ELEM32', 'ELEM33', 'ELEM34', 'ELEM35', 'ELEM36', 'ELEM37', 'ELEM38', 'ELEM39', 'ELEM40']
2025-02-23 17:58:20,269 - DEBUG - RHS values: {'ELEM1': 1.0, 'ELEM2': 1.0, 'ELEM3': 1.0, 'ELEM4': 1.0, 'ELEM5': 1.0, 'ELEM6': 1.0, 'ELEM7': 1.0, 'ELEM8': 1.0, 'ELEM9': 1.0, 'ELEM10': 1.0, 'ELEM11': 1.0, 'ELEM12': 1.0, 'ELEM13': 1.0, 'ELEM14': 1.0, 'ELEM15': 1.0, 'ELEM16': 1.0, 'ELEM17': 1.0, 'ELEM18': 1.0, 'ELEM19': 1.0, 'ELEM20': 1.0, 'ELEM21': 1.0, 'ELEM22': 1.0, 'ELEM23': 1.0, 'ELEM24': 1.0, 'ELEM25': 1.0, 'ELEM26': 1.0, 'ELEM27': 1.0, 'ELEM28': 1.0, 'ELEM29': 1.0, 'ELEM30': 1.0, 'ELEM31': 1.0, 'ELEM32': 1.0, 'ELEM33': 1.0, 'ELEM34': 1.0, 'ELEM35': 1.0, 'ELEM36': 1.0, 'ELEM37': 1.0, 'ELEM38': 1.0, 'ELEM39': 1.0, 'ELEM40': 1.0}
2025-02-23 17:58:20,281 - INFO -   Reference solution found:
2025-02-23 17:58:20,281 - INFO -     Solution: [1, 1, 0, 1, 0, 0, 0, 1, 0, 0, 1, 0]
2025-02-23 17:58:20,281 - INFO -     Value: 182.0
2025-02-23 17:58:20,282 - INFO - 
Running QAOA Reference Solution (with all constraints):
