
Problem information:
  Number of variables (n): 12
  Number of constraints (m): 40

Starting reference QAOA with parameters:
  sample_size (total shots): 200
Added all constraints
No feasible solution found
  QAOA solver found no feasible solution

Running Constraint Generation:

Problem information:
  Number of variables (n): 12
  Number of constraints (m): 40

Running classical reference solver:
  Reference solution found:
    Solution: [0, 0, 1, 1, 0, 1, 0, 0, 1, 0, 0, 0]
    Value: 245.0

Starting quantum constraint generation with parameters:
  sample_size (total shots): 200
  tau: 0.1
  max_iters: 1000

Iteration 0:
  No feasible solution found in this iteration
  Added 5 new constraints: [8, 24, 25, 31, 33]

Iteration 1:
  No feasible solution found in this iteration
  No new constraints added, lowered tau multiplier: 1.0 -> 0.9
  No new constraints added, lowered tau multiplier: 0.9 -> 0.8
  Added 5 new constraints: [13, 29, 32, 35, 36]

Iteration 2:
  No feasible solution found in this iteration
  No new constraints added, lowered tau multiplier: 1.0 -> 0.9
  Added 5 new constraints: [2, 14, 17, 21, 38]

Iteration 3:
  No feasible solution found in this iteration
  No new constraints added, lowered tau multiplier: 1.0 -> 0.9
  No new constraints added, lowered tau multiplier: 0.9 -> 0.8
  Added 4 new constraints: [6, 9, 15, 30]

Iteration 4:
  No feasible solution found in this iteration
  No new constraints added, lowered tau multiplier: 1.0 -> 0.9
  No new constraints added, lowered tau multiplier: 0.9 -> 0.8
  No new constraints added, lowered tau multiplier: 0.8 -> 0.7
  Added 3 new constraints: [11, 16, 23]

Iteration 5:
Found feasible solution: [0 0 1 1 0 1 0 0 1 0 0 0] with objective value 245.0
  Found feasible solution:
    Solution: [0, 0, 1, 1, 0, 1, 0, 0, 1, 0, 0, 0]
    Value: 245.0
    Gap to reference: 0.00%
  Constraint generation solution found:
    Solution: [0, 0, 1, 1, 0, 1, 0, 0, 1, 0, 0, 0]
    Value: 245.0

Instance 36 results:
  Classical value: 245.0
  QAOA value: 0.0
  Constraint generation value: 245.0

Running instance 37/100

Running Classical Reference Solver (SCIP):
  Reference solution found:
    Solution: [1, 1, 0, 1, 0, 0, 0, 1, 0, 0, 1, 0]
    Value: 182.0

Running QAOA Reference Solution (with all constraints):
