2025-02-24 15:08:31,348 - INFO - 
Problem information:
2025-02-24 15:08:31,348 - INFO -   Number of variables (n): 12
2025-02-24 15:08:31,348 - INFO -   Number of constraints (m): 40
2025-02-24 15:08:31,348 - DEBUG -   Density of A: 25.00%
2025-02-24 15:08:31,348 - INFO - 
Starting reference QAOA with parameters:
2025-02-24 15:08:31,348 - INFO -   sample_size (total shots): 1000
2025-02-24 15:08:31,348 - INFO - Added all constraints
2025-02-24 15:08:31,348 - DEBUG - Generated Ising Hamiltonian
2025-02-24 15:08:31,495 - DEBUG - Optimizing QAOA circuit...
2025-02-24 15:08:35,459 - DEBUG - Circuit optimization successful
2025-02-24 15:08:35,460 - DEBUG - Circuit optimization successful, final value: 68742.4995004995
2025-02-24 15:08:35,460 - DEBUG - Sampling from optimized circuit...
2025-02-24 15:08:35,504 - DEBUG - Generated 463 unique samples from 1000 total measurements
2025-02-24 15:08:35,504 - DEBUG - 
Top 5 most frequent samples:
2025-02-24 15:08:35,504 - DEBUG -   Rank | Count |   %   
2025-02-24 15:08:35,505 - DEBUG -   -----|-------|-------
2025-02-24 15:08:35,505 - DEBUG -      1 |    39 |   3.9
2025-02-24 15:08:35,505 - DEBUG -     Sample: [0 0 0 0 0 1 1 0 1 1 1 1]
2025-02-24 15:08:35,505 - DEBUG -      2 |    25 |   2.5
2025-02-24 15:08:35,505 - DEBUG -     Sample: [1 1 1 0 1 1 1 0 1 1 1 1]
2025-02-24 15:08:35,505 - DEBUG -      3 |    25 |   2.5
2025-02-24 15:08:35,506 - DEBUG -     Sample: [0 0 0 0 0 1 1 0 1 1 0 1]
2025-02-24 15:08:35,506 - DEBUG -      4 |    24 |   2.4
2025-02-24 15:08:35,506 - DEBUG -     Sample: [1 1 1 0 1 1 1 0 1 0 1 1]
2025-02-24 15:08:35,506 - DEBUG -      5 |    20 |   2.0
2025-02-24 15:08:35,506 - DEBUG -     Sample: [1 1 1 0 1 1 1 0 0 1 1 1]
2025-02-24 15:08:35,507 - DEBUG - Generated 463 unique samples from 1000 total measurements
2025-02-24 15:08:35,515 - INFO - No feasible solution found
2025-02-24 15:08:35,516 - INFO -   QAOA solver found no feasible solution
2025-02-24 15:08:35,516 - INFO - 
Running Constraint Generation:
2025-02-24 15:08:35,518 - INFO - 
Problem information:
2025-02-24 15:08:35,518 - INFO -   Number of variables (n): 12
2025-02-24 15:08:35,518 - INFO -   Number of constraints (m): 40
2025-02-24 15:08:35,518 - DEBUG -   Density of A: 25.00%
2025-02-24 15:08:35,518 - INFO - 
Running classical reference solver:
2025-02-24 15:08:35,530 - INFO -   Reference solution found:
2025-02-24 15:08:35,531 - INFO -     Solution: [0, 0, 0, 0, 1, 0, 0, 0, 1, 0, 1, 0]
2025-02-24 15:08:35,531 - INFO -     Value: 156.0
2025-02-24 15:08:35,531 - INFO - 
Starting quantum constraint generation with parameters:
2025-02-24 15:08:35,531 - INFO -   sample_size (total shots): 1000
2025-02-24 15:08:35,531 - INFO -   tau: 0.1
2025-02-24 15:08:35,531 - INFO -   max_iters: 1000
2025-02-24 15:08:35,532 - INFO - 
Iteration 0:
2025-02-24 15:08:35,532 - DEBUG - Generated Ising Hamiltonian
2025-02-24 15:08:35,533 - DEBUG - Optimizing QAOA circuit...
2025-02-24 15:08:39,688 - WARNING - Circuit optimization did not converge
2025-02-24 15:08:39,688 - WARNING - Circuit optimization did not converge
2025-02-24 15:08:39,689 - DEBUG - Sampling from optimized circuit...
2025-02-24 15:08:39,747 - DEBUG - Generated 16 unique samples from 1000 total measurements
2025-02-24 15:08:39,747 - DEBUG - 
Top 5 most frequent samples:
2025-02-24 15:08:39,747 - DEBUG -   Rank | Count |   %   
2025-02-24 15:08:39,747 - DEBUG -   -----|-------|-------
2025-02-24 15:08:39,747 - DEBUG -      1 |   254 |  25.4
2025-02-24 15:08:39,747 - DEBUG -     Sample: [0 0 0 0 0 0 0 0 1 1 1 1]
2025-02-24 15:08:39,747 - DEBUG -      2 |   155 |  15.5
2025-02-24 15:08:39,747 - DEBUG -     Sample: [0 0 0 0 0 0 0 0 1 1 0 1]
2025-02-24 15:08:39,748 - DEBUG -      3 |   128 |  12.8
2025-02-24 15:08:39,748 - DEBUG -     Sample: [0 0 0 0 0 0 0 0 1 0 1 1]
2025-02-24 15:08:39,748 - DEBUG -      4 |    81 |   8.1
2025-02-24 15:08:39,748 - DEBUG -     Sample: [0 0 0 0 0 0 0 0 1 0 0 1]
2025-02-24 15:08:39,748 - DEBUG -      5 |    68 |   6.8
2025-02-24 15:08:39,748 - DEBUG -     Sample: [0 0 0 0 0 0 0 0 1 1 1 0]
2025-02-24 15:08:39,748 - DEBUG - Generated 16 unique samples from 1000 total measurements
2025-02-24 15:08:39,749 - INFO -   No feasible solution found in this iteration
2025-02-24 15:08:39,749 - INFO -   Added 4 new constraints: [1, 6, 10, 21]
2025-02-24 15:08:39,749 - INFO - 
Iteration 1:
2025-02-24 15:08:39,749 - DEBUG - Generated Ising Hamiltonian
2025-02-24 15:08:39,750 - DEBUG - Optimizing QAOA circuit...
2025-02-24 15:08:45,209 - WARNING - Circuit optimization did not converge
2025-02-24 15:08:45,209 - WARNING - Circuit optimization did not converge
2025-02-24 15:08:45,209 - DEBUG - Sampling from optimized circuit...
2025-02-24 15:08:45,276 - DEBUG - Generated 14 unique samples from 1000 total measurements
2025-02-24 15:08:45,276 - DEBUG - 
Top 5 most frequent samples:
2025-02-24 15:08:45,276 - DEBUG -   Rank | Count |   %   
2025-02-24 15:08:45,277 - DEBUG -   -----|-------|-------
2025-02-24 15:08:45,277 - DEBUG -      1 |   496 |  49.6
2025-02-24 15:08:45,277 - DEBUG -     Sample: [0 0 0 0 0 0 0 0 1 1 0 1]
2025-02-24 15:08:45,277 - DEBUG -      2 |   147 |  14.7
2025-02-24 15:08:45,278 - DEBUG -     Sample: [0 0 0 0 0 0 0 0 1 1 0 0]
2025-02-24 15:08:45,278 - DEBUG -      3 |   108 |  10.8
2025-02-24 15:08:45,278 - DEBUG -     Sample: [0 0 0 0 0 0 0 0 0 1 0 1]
2025-02-24 15:08:45,278 - DEBUG -      4 |   108 |  10.8
2025-02-24 15:08:45,279 - DEBUG -     Sample: [0 0 0 0 0 0 0 0 1 1 1 1]
2025-02-24 15:08:45,279 - DEBUG -      5 |    39 |   3.9
2025-02-24 15:08:45,279 - DEBUG -     Sample: [0 0 0 0 0 0 0 0 1 1 1 0]
2025-02-24 15:08:45,279 - DEBUG - Generated 14 unique samples from 1000 total measurements
2025-02-24 15:08:45,279 - INFO -   No feasible solution found in this iteration
2025-02-24 15:08:45,280 - INFO -   No new constraints added, lowered tau multiplier: 1.0 -> 0.9
2025-02-24 15:08:45,280 - INFO -   No new constraints added, lowered tau multiplier: 0.9 -> 0.8
2025-02-24 15:08:45,280 - INFO -   No new constraints added, lowered tau multiplier: 0.8 -> 0.7
2025-02-24 15:08:45,280 - INFO -   No new constraints added, lowered tau multiplier: 0.7 -> 0.6
2025-02-24 15:08:45,280 - INFO -   No new constraints added, lowered tau multiplier: 0.6 -> 0.5
2025-02-24 15:08:45,280 - INFO -   No new constraints added, lowered tau multiplier: 0.5 -> 0.4
2025-02-24 15:08:45,280 - INFO -   Added 36 new constraints: [0, 2, 3, 4, 5, 7, 8, 9, 11, 12, 13, 14, 15, 16, 17, 18, 19, 20, 22, 23, 24, 25, 26, 27, 28, 29, 30, 31, 32, 33, 34, 35, 36, 37, 38, 39]
2025-02-24 15:08:45,280 - INFO - 
Iteration 2:
2025-02-24 15:08:45,281 - DEBUG - Generated Ising Hamiltonian
2025-02-24 15:08:45,284 - DEBUG - Optimizing QAOA circuit...
2025-02-24 15:09:00,557 - WARNING - Circuit optimization did not converge
2025-02-24 15:09:00,558 - WARNING - Circuit optimization did not converge
2025-02-24 15:09:00,558 - DEBUG - Sampling from optimized circuit...
2025-02-24 15:09:00,631 - DEBUG - Generated 15 unique samples from 1000 total measurements
2025-02-24 15:09:00,631 - DEBUG - 
Top 5 most frequent samples:
2025-02-24 15:09:00,631 - DEBUG -   Rank | Count |   %   
2025-02-24 15:09:00,631 - DEBUG -   -----|-------|-------
2025-02-24 15:09:00,631 - DEBUG -      1 |   430 |  43.0
2025-02-24 15:09:00,632 - DEBUG -     Sample: [0 0 0 0 0 0 0 0 1 1 1 0]
2025-02-24 15:09:00,632 - DEBUG -      2 |   185 |  18.5
2025-02-24 15:09:00,632 - DEBUG -     Sample: [0 0 0 0 0 0 0 0 0 1 1 0]
2025-02-24 15:09:00,632 - DEBUG -      3 |   143 |  14.3
2025-02-24 15:09:00,632 - DEBUG -     Sample: [0 0 0 0 0 0 0 0 1 1 0 0]
2025-02-24 15:09:00,632 - DEBUG -      4 |    91 |   9.1
2025-02-24 15:09:00,632 - DEBUG -     Sample: [0 0 0 0 0 0 0 0 1 0 1 0]
2025-02-24 15:09:00,632 - DEBUG -      5 |    52 |   5.2
2025-02-24 15:09:00,633 - DEBUG -     Sample: [0 0 0 0 0 0 0 0 0 1 0 0]
2025-02-24 15:09:00,633 - DEBUG - Generated 15 unique samples from 1000 total measurements
2025-02-24 15:09:00,633 - INFO -   No feasible solution found in this iteration
2025-02-24 15:09:00,633 - INFO -   All constraints added, exiting
2025-02-24 15:09:00,633 - INFO -   Constraint generation found no feasible solution
2025-02-24 15:09:00,633 - INFO - 
Instance 94 results:
2025-02-24 15:09:00,633 - INFO -   Classical value: 156.0
2025-02-24 15:09:00,633 - INFO -   QAOA value: 0.0
2025-02-24 15:09:00,634 - INFO -   Constraint generation value: 0.0
2025-02-24 15:09:00,634 - INFO - 
Running instance 95/100
2025-02-24 15:09:00,635 - INFO - 
Running Classical Reference Solver (SCIP):
2025-02-24 15:09:00,636 - DEBUG - Problem dimensions: 40 constraints, 12 variables
2025-02-24 15:09:00,636 - DEBUG - Row names: ['ELEM1', 'ELEM2', 'ELEM3', 'ELEM4', 'ELEM5', 'ELEM6', 'ELEM7', 'ELEM8', 'ELEM9', 'ELEM10', 'ELEM11', 'ELEM12', 'ELEM13', 'ELEM14', 'ELEM15', 'ELEM16', 'ELEM17', 'ELEM18', 'ELEM19', 'ELEM20', 'ELEM21', 'ELEM22', 'ELEM23', 'ELEM24', 'ELEM25', 'ELEM26', 'ELEM27', 'ELEM28', 'ELEM29', 'ELEM30', 'ELEM31', 'ELEM32', 'ELEM33', 'ELEM34', 'ELEM35', 'ELEM36', 'ELEM37', 'ELEM38', 'ELEM39', 'ELEM40']
2025-02-24 15:09:00,636 - DEBUG - RHS values: {'ELEM1': 1.0, 'ELEM2': 1.0, 'ELEM3': 1.0, 'ELEM4': 1.0, 'ELEM5': 1.0, 'ELEM6': 1.0, 'ELEM7': 1.0, 'ELEM8': 1.0, 'ELEM9': 1.0, 'ELEM10': 1.0, 'ELEM11': 1.0, 'ELEM12': 1.0, 'ELEM13': 1.0, 'ELEM14': 1.0, 'ELEM15': 1.0, 'ELEM16': 1.0, 'ELEM17': 1.0, 'ELEM18': 1.0, 'ELEM19': 1.0, 'ELEM20': 1.0, 'ELEM21': 1.0, 'ELEM22': 1.0, 'ELEM23': 1.0, 'ELEM24': 1.0, 'ELEM25': 1.0, 'ELEM26': 1.0, 'ELEM27': 1.0, 'ELEM28': 1.0, 'ELEM29': 1.0, 'ELEM30': 1.0, 'ELEM31': 1.0, 'ELEM32': 1.0, 'ELEM33': 1.0, 'ELEM34': 1.0, 'ELEM35': 1.0, 'ELEM36': 1.0, 'ELEM37': 1.0, 'ELEM38': 1.0, 'ELEM39': 1.0, 'ELEM40': 1.0}
2025-02-24 15:09:00,645 - INFO -   Reference solution found:
2025-02-24 15:09:00,645 - INFO -     Solution: [1, 0, 0, 0, 0, 0, 0, 1, 0, 0, 1, 0]
2025-02-24 15:09:00,645 - INFO -     Value: 104.0
2025-02-24 15:09:00,645 - INFO - 
Running QAOA Reference Solution (with all constraints):
