
Problem information:
  Number of variables (n): 12
  Number of constraints (m): 40

Starting reference QAOA with parameters:
  sample_size (total shots): 1000
Added all constraints
No feasible solution found
  QAOA solver found no feasible solution

Running Constraint Generation:

Problem information:
  Number of variables (n): 12
  Number of constraints (m): 40

Running classical reference solver:
  Reference solution found:
    Solution: [1, 0, 0, 1, 0, 0, 0, 0, 0, 1, 0, 0]
    Value: 116.0

Starting quantum constraint generation with parameters:
  sample_size (total shots): 1000
  tau: 0.1
  max_iters: 1000

Iteration 0:
  No feasible solution found in this iteration
  Added 1 new constraints: [30]

Iteration 1:
  No feasible solution found in this iteration
  Added 1 new constraints: [20]

Iteration 2:
  No feasible solution found in this iteration
  Added 1 new constraints: [3]

Iteration 3:
  No feasible solution found in this iteration
  Added 1 new constraints: [10]

Iteration 4:
  No feasible solution found in this iteration
  No new constraints added, lowered tau multiplier: 1.0 -> 0.9
  Added 3 new constraints: [9, 24, 29]

Iteration 5:
  No feasible solution found in this iteration
  No new constraints added, lowered tau multiplier: 1.0 -> 0.9
  Added 11 new constraints: [2, 7, 8, 15, 16, 17, 18, 26, 31, 36, 37]

Iteration 6:
  No feasible solution found in this iteration
  Added 1 new constraints: [38]

Iteration 7:
Found feasible solution: [0 1 1 0 0 0 1 1 0 0 0 1] with objective value 305.0
  Found feasible solution:
    Solution: [0, 1, 1, 0, 0, 0, 1, 1, 0, 0, 0, 1]
    Value: 305.0
    Gap to reference: 162.93%
  Constraint generation solution found:
    Solution: [0, 1, 1, 0, 0, 0, 1, 1, 0, 0, 0, 1]
    Value: 305.0

Instance 76 results:
  Classical value: 116.0
  QAOA value: 0.0
  Constraint generation value: 305.0

Running instance 77/100

Running Classical Reference Solver (SCIP):
  Reference solution found:
    Solution: [0, 1, 0, 0, 0, 1, 0, 0, 0, 1, 1, 0]
    Value: 196.0

Running QAOA Reference Solution (with all constraints):
