2025-02-24 16:47:16,466 - INFO - 
Problem information:
2025-02-24 16:47:16,466 - INFO -   Number of variables (n): 8
2025-02-24 16:47:16,466 - INFO -   Number of constraints (m): 25
2025-02-24 16:47:16,466 - DEBUG -   Density of A: 30.50%
2025-02-24 16:47:16,466 - INFO - 
Starting reference QAOA with parameters:
2025-02-24 16:47:16,466 - INFO -   sample_size (total shots): 500
2025-02-24 16:47:16,467 - INFO - Added all constraints
2025-02-24 16:47:16,467 - DEBUG - Generated Ising Hamiltonian
2025-02-24 16:47:16,720 - DEBUG - Optimizing QAOA circuit...
2025-02-24 16:47:19,143 - DEBUG - Circuit optimization successful
2025-02-24 16:47:19,144 - DEBUG - Circuit optimization successful, final value: 5821.248251748248
2025-02-24 16:47:19,144 - DEBUG - Sampling from optimized circuit...
2025-02-24 16:47:19,164 - DEBUG - Generated 110 unique samples from 500 total measurements
2025-02-24 16:47:19,164 - DEBUG - 
Top 5 most frequent samples:
2025-02-24 16:47:19,164 - DEBUG -   Rank | Count |   %   
2025-02-24 16:47:19,164 - DEBUG -   -----|-------|-------
2025-02-24 16:47:19,164 - DEBUG -      1 |    64 |  12.8
2025-02-24 16:47:19,165 - DEBUG -     Sample: [1 1 0 0 0 1 1 0]
2025-02-24 16:47:19,165 - DEBUG -      2 |    43 |   8.6
2025-02-24 16:47:19,165 - DEBUG -     Sample: [1 1 1 0 0 1 1 0]
2025-02-24 16:47:19,165 - DEBUG -      3 |    33 |   6.6
2025-02-24 16:47:19,166 - DEBUG -     Sample: [1 1 0 0 1 0 1 0]
2025-02-24 16:47:19,166 - DEBUG -      4 |    20 |   4.0
2025-02-24 16:47:19,166 - DEBUG -     Sample: [0 1 0 0 1 1 1 0]
2025-02-24 16:47:19,166 - DEBUG -      5 |    18 |   3.6
2025-02-24 16:47:19,166 - DEBUG -     Sample: [1 1 1 1 0 1 1 0]
2025-02-24 16:47:19,167 - DEBUG - Generated 110 unique samples from 500 total measurements
2025-02-24 16:47:19,169 - INFO - No feasible solution found
2025-02-24 16:47:19,170 - INFO -   QAOA solver found no feasible solution
2025-02-24 16:47:19,170 - INFO - 
Running Constraint Generation:
2025-02-24 16:47:19,171 - INFO - 
Problem information:
2025-02-24 16:47:19,171 - INFO -   Number of variables (n): 8
2025-02-24 16:47:19,172 - INFO -   Number of constraints (m): 25
2025-02-24 16:47:19,172 - DEBUG -   Density of A: 30.50%
2025-02-24 16:47:19,172 - INFO - 
Running classical reference solver:
2025-02-24 16:47:19,183 - INFO -   Reference solution found:
2025-02-24 16:47:19,183 - INFO -     Solution: [0, 1, 1, 1, 0, 1, 0, 0]
2025-02-24 16:47:19,183 - INFO -     Value: 240.0
2025-02-24 16:47:19,184 - INFO - 
Starting quantum constraint generation with parameters:
2025-02-24 16:47:19,184 - INFO -   sample_size (total shots): 500
2025-02-24 16:47:19,184 - INFO -   tau: 0.1
2025-02-24 16:47:19,185 - INFO -   max_iters: 1000
2025-02-24 16:47:19,186 - INFO - 
Iteration 0:
2025-02-24 16:47:19,188 - DEBUG - Generated Ising Hamiltonian
2025-02-24 16:47:19,409 - DEBUG - Optimizing QAOA circuit...
2025-02-24 16:47:21,011 - DEBUG - Circuit optimization successful
2025-02-24 16:47:21,011 - DEBUG - Circuit optimization successful, final value: -270.19980019980017
2025-02-24 16:47:21,011 - DEBUG - Sampling from optimized circuit...
2025-02-24 16:47:21,026 - DEBUG - Generated 114 unique samples from 500 total measurements
2025-02-24 16:47:21,026 - DEBUG - 
Top 5 most frequent samples:
2025-02-24 16:47:21,026 - DEBUG -   Rank | Count |   %   
2025-02-24 16:47:21,027 - DEBUG -   -----|-------|-------
2025-02-24 16:47:21,027 - DEBUG -      1 |    48 |   9.6
2025-02-24 16:47:21,027 - DEBUG -     Sample: [1 1 1 0 1 1 1 1]
2025-02-24 16:47:21,027 - DEBUG -      2 |    40 |   8.0
2025-02-24 16:47:21,027 - DEBUG -     Sample: [1 1 1 1 1 1 1 1]
2025-02-24 16:47:21,027 - DEBUG -      3 |    24 |   4.8
2025-02-24 16:47:21,028 - DEBUG -     Sample: [0 1 1 1 1 1 1 1]
2025-02-24 16:47:21,028 - DEBUG -      4 |    16 |   3.2
2025-02-24 16:47:21,029 - DEBUG -     Sample: [1 1 1 0 1 1 1 0]
2025-02-24 16:47:21,029 - DEBUG -      5 |    15 |   3.0
2025-02-24 16:47:21,029 - DEBUG -     Sample: [1 1 0 1 1 1 1 1]
2025-02-24 16:47:21,030 - DEBUG - Generated 114 unique samples from 500 total measurements
2025-02-24 16:47:21,032 - INFO - Found feasible solution: [1 0 0 0 0 0 1 1] with objective value 250.0
2025-02-24 16:47:21,033 - INFO -   Found feasible solution:
2025-02-24 16:47:21,033 - INFO -     Solution: [1, 0, 0, 0, 0, 0, 1, 1]
2025-02-24 16:47:21,033 - INFO -     Value: 250.0
2025-02-24 16:47:21,033 - INFO -     Gap to reference: 4.17%
2025-02-24 16:47:21,033 - INFO -   Constraint generation solution found:
2025-02-24 16:47:21,034 - INFO -     Solution: [1, 0, 0, 0, 0, 0, 1, 1]
2025-02-24 16:47:21,034 - INFO -     Value: 250.0
2025-02-24 16:47:21,034 - INFO - 
Instance 17 results:
2025-02-24 16:47:21,034 - INFO -   Classical value: 240.0
2025-02-24 16:47:21,034 - INFO -   QAOA value: 0.0
2025-02-24 16:47:21,034 - INFO -   Constraint generation value: 250.0
2025-02-24 16:47:21,035 - INFO - 
Running instance 18/100
2025-02-24 16:47:21,036 - INFO - 
Running Classical Reference Solver (SCIP):
2025-02-24 16:47:21,037 - DEBUG - Problem dimensions: 25 constraints, 8 variables
2025-02-24 16:47:21,037 - DEBUG - Row names: ['ELEM1', 'ELEM2', 'ELEM3', 'ELEM4', 'ELEM5', 'ELEM6', 'ELEM7', 'ELEM8', 'ELEM9', 'ELEM10', 'ELEM11', 'ELEM12', 'ELEM13', 'ELEM14', 'ELEM15', 'ELEM16', 'ELEM17', 'ELEM18', 'ELEM19', 'ELEM20', 'ELEM21', 'ELEM22', 'ELEM23', 'ELEM24', 'ELEM25']
2025-02-24 16:47:21,037 - DEBUG - RHS values: {'ELEM1': 1.0, 'ELEM2': 1.0, 'ELEM3': 1.0, 'ELEM4': 1.0, 'ELEM5': 1.0, 'ELEM6': 1.0, 'ELEM7': 1.0, 'ELEM8': 1.0, 'ELEM9': 1.0, 'ELEM10': 1.0, 'ELEM11': 1.0, 'ELEM12': 1.0, 'ELEM13': 1.0, 'ELEM14': 1.0, 'ELEM15': 1.0, 'ELEM16': 1.0, 'ELEM17': 1.0, 'ELEM18': 1.0, 'ELEM19': 1.0, 'ELEM20': 1.0, 'ELEM21': 1.0, 'ELEM22': 1.0, 'ELEM23': 1.0, 'ELEM24': 1.0, 'ELEM25': 1.0}
2025-02-24 16:47:21,049 - INFO -   Reference solution found:
2025-02-24 16:47:21,049 - INFO -     Solution: [1, 1, 0, 0, 0, 1, 0, 0]
2025-02-24 16:47:21,050 - INFO -     Value: 179.0
2025-02-24 16:47:21,050 - INFO - 
Running QAOA Reference Solution (with all constraints):
