2025-02-24 16:56:40,839 - INFO - 
Problem information:
2025-02-24 16:56:40,839 - INFO -   Number of variables (n): 8
2025-02-24 16:56:40,839 - INFO -   Number of constraints (m): 25
2025-02-24 16:56:40,840 - DEBUG -   Density of A: 30.50%
2025-02-24 16:56:40,840 - INFO - 
Starting reference QAOA with parameters:
2025-02-24 16:56:40,840 - INFO -   sample_size (total shots): 500
2025-02-24 16:56:40,840 - INFO - Added all constraints
2025-02-24 16:56:40,840 - DEBUG - Generated Ising Hamiltonian
2025-02-24 16:56:41,095 - DEBUG - Optimizing QAOA circuit...
2025-02-24 16:56:43,525 - DEBUG - Circuit optimization successful
2025-02-24 16:56:43,526 - DEBUG - Circuit optimization successful, final value: 9946.50074925075
2025-02-24 16:56:43,526 - DEBUG - Sampling from optimized circuit...
2025-02-24 16:56:43,545 - DEBUG - Generated 140 unique samples from 500 total measurements
2025-02-24 16:56:43,546 - DEBUG - 
Top 5 most frequent samples:
2025-02-24 16:56:43,546 - DEBUG -   Rank | Count |   %   
2025-02-24 16:56:43,546 - DEBUG -   -----|-------|-------
2025-02-24 16:56:43,546 - DEBUG -      1 |    33 |   6.6
2025-02-24 16:56:43,546 - DEBUG -     Sample: [0 1 0 1 0 1 1 1]
2025-02-24 16:56:43,546 - DEBUG -      2 |    29 |   5.8
2025-02-24 16:56:43,547 - DEBUG -     Sample: [0 1 0 1 1 1 1 1]
2025-02-24 16:56:43,547 - DEBUG -      3 |    27 |   5.4
2025-02-24 16:56:43,547 - DEBUG -     Sample: [0 1 0 0 0 1 1 1]
2025-02-24 16:56:43,547 - DEBUG -      4 |    15 |   3.0
2025-02-24 16:56:43,547 - DEBUG -     Sample: [1 0 0 1 0 0 1 0]
2025-02-24 16:56:43,548 - DEBUG -      5 |    13 |   2.6
2025-02-24 16:56:43,548 - DEBUG -     Sample: [0 1 0 0 1 1 1 1]
2025-02-24 16:56:43,548 - DEBUG - Generated 140 unique samples from 500 total measurements
2025-02-24 16:56:43,549 - INFO - Found feasible solution: [0 0 1 1 0 0 0 1] with objective value 143.0
2025-02-24 16:56:43,551 - INFO - Found feasible solution:
2025-02-24 16:56:43,552 - INFO -   Solution: [0, 0, 1, 1, 0, 0, 0, 1]
2025-02-24 16:56:43,552 - INFO -   Value: 143.0
2025-02-24 16:56:43,552 - INFO -   QAOA solution found:
2025-02-24 16:56:43,552 - INFO -     Solution: [0, 0, 1, 1, 0, 0, 0, 1]
2025-02-24 16:56:43,552 - INFO -     Value: 143.0
2025-02-24 16:56:43,552 - INFO - 
Running Constraint Generation:
2025-02-24 16:56:43,554 - INFO - 
Problem information:
2025-02-24 16:56:43,554 - INFO -   Number of variables (n): 8
2025-02-24 16:56:43,554 - INFO -   Number of constraints (m): 25
2025-02-24 16:56:43,554 - DEBUG -   Density of A: 30.50%
2025-02-24 16:56:43,554 - INFO - 
Running classical reference solver:
2025-02-24 16:56:43,566 - INFO -   Reference solution found:
2025-02-24 16:56:43,566 - INFO -     Solution: [0, 0, 1, 1, 0, 0, 0, 1]
2025-02-24 16:56:43,566 - INFO -     Value: 143.0
2025-02-24 16:56:43,566 - INFO - 
Starting quantum constraint generation with parameters:
2025-02-24 16:56:43,567 - INFO -   sample_size (total shots): 500
2025-02-24 16:56:43,567 - INFO -   tau: 0.1
2025-02-24 16:56:43,567 - INFO -   max_iters: 1000
2025-02-24 16:56:43,567 - INFO - 
Iteration 0:
2025-02-24 16:56:43,567 - DEBUG - Generated Ising Hamiltonian
2025-02-24 16:56:43,826 - DEBUG - Optimizing QAOA circuit...
2025-02-24 16:56:45,914 - DEBUG - Circuit optimization successful
2025-02-24 16:56:45,915 - DEBUG - Circuit optimization successful, final value: -250.8921078921079
2025-02-24 16:56:45,915 - DEBUG - Sampling from optimized circuit...
2025-02-24 16:56:45,929 - DEBUG - Generated 44 unique samples from 500 total measurements
2025-02-24 16:56:45,929 - DEBUG - 
Top 5 most frequent samples:
2025-02-24 16:56:45,929 - DEBUG -   Rank | Count |   %   
2025-02-24 16:56:45,929 - DEBUG -   -----|-------|-------
2025-02-24 16:56:45,929 - DEBUG -      1 |   100 |  20.0
2025-02-24 16:56:45,930 - DEBUG -     Sample: [1 0 0 1 1 1 1 1]
2025-02-24 16:56:45,930 - DEBUG -      2 |    81 |  16.2
2025-02-24 16:56:45,930 - DEBUG -     Sample: [1 1 0 1 1 1 1 1]
2025-02-24 16:56:45,930 - DEBUG -      3 |    33 |   6.6
2025-02-24 16:56:45,930 - DEBUG -     Sample: [1 1 0 1 1 0 1 1]
2025-02-24 16:56:45,930 - DEBUG -      4 |    31 |   6.2
2025-02-24 16:56:45,931 - DEBUG -     Sample: [1 0 0 0 1 1 1 1]
2025-02-24 16:56:45,931 - DEBUG -      5 |    31 |   6.2
2025-02-24 16:56:45,931 - DEBUG -     Sample: [1 0 1 1 1 1 1 1]
2025-02-24 16:56:45,931 - DEBUG - Generated 44 unique samples from 500 total measurements
2025-02-24 16:56:45,933 - INFO -   No feasible solution found in this iteration
2025-02-24 16:56:45,933 - INFO -   Added 3 new constraints: [4, 9, 23]
2025-02-24 16:56:45,933 - INFO - 
Iteration 1:
2025-02-24 16:56:45,934 - DEBUG - Generated Ising Hamiltonian
2025-02-24 16:56:46,167 - DEBUG - Optimizing QAOA circuit...
2025-02-24 16:56:47,998 - DEBUG - Circuit optimization successful
2025-02-24 16:56:47,999 - DEBUG - Circuit optimization successful, final value: -4419.733516483518
2025-02-24 16:56:47,999 - DEBUG - Sampling from optimized circuit...
2025-02-24 16:56:48,029 - DEBUG - Generated 96 unique samples from 500 total measurements
2025-02-24 16:56:48,029 - DEBUG - 
Top 5 most frequent samples:
2025-02-24 16:56:48,029 - DEBUG -   Rank | Count |   %   
2025-02-24 16:56:48,030 - DEBUG -   -----|-------|-------
2025-02-24 16:56:48,030 - DEBUG -      1 |    60 |  12.0
2025-02-24 16:56:48,031 - DEBUG -     Sample: [0 1 1 1 0 1 0 0]
2025-02-24 16:56:48,031 - DEBUG -      2 |    39 |   7.8
2025-02-24 16:56:48,032 - DEBUG -     Sample: [0 1 1 1 0 0 0 0]
2025-02-24 16:56:48,032 - DEBUG -      3 |    27 |   5.4
2025-02-24 16:56:48,032 - DEBUG -     Sample: [0 1 1 1 1 1 0 0]
2025-02-24 16:56:48,033 - DEBUG -      4 |    24 |   4.8
2025-02-24 16:56:48,033 - DEBUG -     Sample: [0 1 1 1 0 1 0 1]
2025-02-24 16:56:48,033 - DEBUG -      5 |    20 |   4.0
2025-02-24 16:56:48,034 - DEBUG -     Sample: [0 0 1 1 0 1 0 0]
2025-02-24 16:56:48,034 - DEBUG - Generated 96 unique samples from 500 total measurements
2025-02-24 16:56:48,036 - INFO - Found feasible solution: [0 0 1 1 0 0 0 1] with objective value 143.0
2025-02-24 16:56:48,037 - INFO -   Found feasible solution:
2025-02-24 16:56:48,038 - INFO -     Solution: [0, 0, 1, 1, 0, 0, 0, 1]
2025-02-24 16:56:48,038 - INFO -     Value: 143.0
2025-02-24 16:56:48,038 - INFO -     Gap to reference: 0.00%
2025-02-24 16:56:48,038 - INFO -   Constraint generation solution found:
2025-02-24 16:56:48,039 - INFO -     Solution: [0, 0, 1, 1, 0, 0, 0, 1]
2025-02-24 16:56:48,039 - INFO -     Value: 143.0
2025-02-24 16:56:48,039 - INFO - 
Instance 100 results:
2025-02-24 16:56:48,040 - INFO -   Classical value: 143.0
2025-02-24 16:56:48,041 - INFO -   QAOA value: 143.0
2025-02-24 16:56:48,041 - INFO -   Constraint generation value: 143.0
2025-02-24 16:56:50,934 - INFO - 
Comparison analysis completed. Results saved in: results/20250224_165648
