2025-02-23 18:55:40,061 - INFO - 
Problem information:
2025-02-23 18:55:40,061 - INFO -   Number of variables (n): 10
2025-02-23 18:55:40,061 - INFO -   Number of constraints (m): 20
2025-02-23 18:55:40,061 - DEBUG -   Density of A: 50.00%
2025-02-23 18:55:40,061 - INFO - 
Starting reference QAOA with parameters:
2025-02-23 18:55:40,061 - INFO -   sample_size (total shots): 100
2025-02-23 18:55:40,061 - INFO - Added all constraints
2025-02-23 18:55:40,062 - DEBUG - Generated Ising Hamiltonian
2025-02-23 18:55:40,426 - DEBUG - Optimizing QAOA circuit...
2025-02-23 18:55:42,164 - DEBUG - Circuit optimization successful
2025-02-23 18:55:42,164 - DEBUG - Circuit optimization successful, final value: -38083.63636363637
2025-02-23 18:55:42,165 - DEBUG - Sampling from optimized circuit...
2025-02-23 18:55:42,177 - DEBUG - Generated 88 unique samples from 100 total measurements
2025-02-23 18:55:42,177 - DEBUG - 
Top 5 most frequent samples:
2025-02-23 18:55:42,177 - DEBUG -   Rank | Count |   %   
2025-02-23 18:55:42,177 - DEBUG -   -----|-------|-------
2025-02-23 18:55:42,177 - DEBUG -      1 |     2 |   2.0
2025-02-23 18:55:42,178 - DEBUG -     Sample: [0 0 1 0 0 1 1 0 0 0]
2025-02-23 18:55:42,178 - DEBUG -      2 |     2 |   2.0
2025-02-23 18:55:42,178 - DEBUG -     Sample: [0 0 0 0 1 1 1 0 0 1]
2025-02-23 18:55:42,178 - DEBUG -      3 |     2 |   2.0
2025-02-23 18:55:42,178 - DEBUG -     Sample: [1 0 1 0 0 0 1 0 1 0]
2025-02-23 18:55:42,178 - DEBUG -      4 |     2 |   2.0
2025-02-23 18:55:42,178 - DEBUG -     Sample: [0 0 0 1 0 1 0 0 0 0]
2025-02-23 18:55:42,179 - DEBUG -      5 |     2 |   2.0
2025-02-23 18:55:42,179 - DEBUG -     Sample: [1 0 1 1 1 1 1 1 1 0]
2025-02-23 18:55:42,179 - DEBUG - Generated 88 unique samples from 100 total measurements
2025-02-23 18:55:42,180 - INFO - No feasible solution found
2025-02-23 18:55:42,181 - INFO -   QAOA solver found no feasible solution
2025-02-23 18:55:42,181 - INFO - 
Running Constraint Generation:
2025-02-23 18:55:42,182 - INFO - 
Problem information:
2025-02-23 18:55:42,182 - INFO -   Number of variables (n): 10
2025-02-23 18:55:42,182 - INFO -   Number of constraints (m): 20
2025-02-23 18:55:42,183 - DEBUG -   Density of A: 50.00%
2025-02-23 18:55:42,183 - INFO - 
Running classical reference solver:
2025-02-23 18:55:42,193 - INFO -   Reference solution found:
2025-02-23 18:55:42,193 - INFO -     Solution: [0, 1, 0, 0, 0, 0, 1, 0, 0, 0]
2025-02-23 18:55:42,194 - INFO -     Value: 21.0
2025-02-23 18:55:42,194 - INFO - 
Starting quantum constraint generation with parameters:
2025-02-23 18:55:42,194 - INFO -   sample_size (total shots): 100
2025-02-23 18:55:42,194 - INFO -   tau: 0.1
2025-02-23 18:55:42,194 - INFO -   max_iters: 1000
2025-02-23 18:55:42,194 - INFO - 
Iteration 0:
2025-02-23 18:55:42,195 - DEBUG - Generated Ising Hamiltonian
2025-02-23 18:55:42,395 - DEBUG - Optimizing QAOA circuit...
2025-02-23 18:55:43,239 - DEBUG - Circuit optimization successful
2025-02-23 18:55:43,239 - DEBUG - Circuit optimization successful, final value: -187.6223776223776
2025-02-23 18:55:43,239 - DEBUG - Sampling from optimized circuit...
2025-02-23 18:55:43,249 - DEBUG - Generated 61 unique samples from 100 total measurements
2025-02-23 18:55:43,249 - DEBUG - 
Top 5 most frequent samples:
2025-02-23 18:55:43,249 - DEBUG -   Rank | Count |   %   
2025-02-23 18:55:43,249 - DEBUG -   -----|-------|-------
2025-02-23 18:55:43,249 - DEBUG -      1 |     9 |   9.0
2025-02-23 18:55:43,250 - DEBUG -     Sample: [0 0 0 1 1 1 1 0 1 0]
2025-02-23 18:55:43,250 - DEBUG -      2 |     6 |   6.0
2025-02-23 18:55:43,250 - DEBUG -     Sample: [0 0 1 1 1 1 1 0 1 0]
2025-02-23 18:55:43,250 - DEBUG -      3 |     6 |   6.0
2025-02-23 18:55:43,250 - DEBUG -     Sample: [1 0 1 1 1 1 1 0 1 0]
2025-02-23 18:55:43,250 - DEBUG -      4 |     5 |   5.0
2025-02-23 18:55:43,251 - DEBUG -     Sample: [1 0 0 1 1 1 1 0 1 0]
2025-02-23 18:55:43,251 - DEBUG -      5 |     3 |   3.0
2025-02-23 18:55:43,251 - DEBUG -     Sample: [1 0 1 1 1 0 1 0 1 0]
2025-02-23 18:55:43,251 - DEBUG - Generated 61 unique samples from 100 total measurements
2025-02-23 18:55:43,253 - INFO -   No feasible solution found in this iteration
2025-02-23 18:55:43,253 - INFO -   Added 4 new constraints: [1, 4, 12, 14]
2025-02-23 18:55:43,253 - INFO - 
Iteration 1:
2025-02-23 18:55:43,253 - DEBUG - Generated Ising Hamiltonian
2025-02-23 18:55:43,448 - DEBUG - Optimizing QAOA circuit...
2025-02-23 18:55:44,621 - DEBUG - Circuit optimization successful
2025-02-23 18:55:44,622 - DEBUG - Circuit optimization successful, final value: 6701.152847152847
2025-02-23 18:55:44,622 - DEBUG - Sampling from optimized circuit...
2025-02-23 18:55:44,636 - DEBUG - Generated 56 unique samples from 100 total measurements
2025-02-23 18:55:44,636 - DEBUG - 
Top 5 most frequent samples:
2025-02-23 18:55:44,636 - DEBUG -   Rank | Count |   %   
2025-02-23 18:55:44,636 - DEBUG -   -----|-------|-------
2025-02-23 18:55:44,637 - DEBUG -      1 |     9 |   9.0
2025-02-23 18:55:44,637 - DEBUG -     Sample: [1 1 0 0 0 1 1 1 0 0]
2025-02-23 18:55:44,637 - DEBUG -      2 |     7 |   7.0
2025-02-23 18:55:44,637 - DEBUG -     Sample: [1 1 0 0 0 1 1 1 1 0]
2025-02-23 18:55:44,637 - DEBUG -      3 |     6 |   6.0
2025-02-23 18:55:44,637 - DEBUG -     Sample: [1 1 0 0 1 1 1 0 0 0]
2025-02-23 18:55:44,638 - DEBUG -      4 |     5 |   5.0
2025-02-23 18:55:44,638 - DEBUG -     Sample: [1 1 0 0 0 1 1 0 0 0]
2025-02-23 18:55:44,638 - DEBUG -      5 |     5 |   5.0
2025-02-23 18:55:44,638 - DEBUG -     Sample: [1 1 0 0 1 1 1 1 0 0]
2025-02-23 18:55:44,639 - DEBUG - Generated 56 unique samples from 100 total measurements
2025-02-23 18:55:44,640 - INFO -   No feasible solution found in this iteration
2025-02-23 18:55:44,640 - INFO -   Added 1 new constraints: [17]
2025-02-23 18:55:44,641 - INFO - 
Iteration 2:
2025-02-23 18:55:44,641 - DEBUG - Generated Ising Hamiltonian
2025-02-23 18:55:44,850 - DEBUG - Optimizing QAOA circuit...
2025-02-23 18:55:46,043 - DEBUG - Circuit optimization successful
2025-02-23 18:55:46,043 - DEBUG - Circuit optimization successful, final value: 3246.4655344655353
2025-02-23 18:55:46,043 - DEBUG - Sampling from optimized circuit...
2025-02-23 18:55:46,056 - DEBUG - Generated 62 unique samples from 100 total measurements
2025-02-23 18:55:46,056 - DEBUG - 
Top 5 most frequent samples:
2025-02-23 18:55:46,056 - DEBUG -   Rank | Count |   %   
2025-02-23 18:55:46,056 - DEBUG -   -----|-------|-------
2025-02-23 18:55:46,056 - DEBUG -      1 |     7 |   7.0
2025-02-23 18:55:46,057 - DEBUG -     Sample: [1 1 0 0 0 1 1 0 0 0]
2025-02-23 18:55:46,057 - DEBUG -      2 |     5 |   5.0
2025-02-23 18:55:46,057 - DEBUG -     Sample: [1 0 0 0 0 1 1 0 1 0]
2025-02-23 18:55:46,057 - DEBUG -      3 |     4 |   4.0
2025-02-23 18:55:46,057 - DEBUG -     Sample: [1 1 0 0 0 1 1 1 1 0]
2025-02-23 18:55:46,058 - DEBUG -      4 |     4 |   4.0
2025-02-23 18:55:46,058 - DEBUG -     Sample: [0 1 0 0 0 1 1 0 0 1]
2025-02-23 18:55:46,058 - DEBUG -      5 |     4 |   4.0
2025-02-23 18:55:46,058 - DEBUG -     Sample: [1 0 1 0 0 1 1 0 1 0]
2025-02-23 18:55:46,059 - DEBUG - Generated 62 unique samples from 100 total measurements
2025-02-23 18:55:46,060 - INFO - Found feasible solution: [0 1 0 0 0 0 1 0 0 0] with objective value 21.0
2025-02-23 18:55:46,060 - INFO -   Found feasible solution:
2025-02-23 18:55:46,060 - INFO -     Solution: [0, 1, 0, 0, 0, 0, 1, 0, 0, 0]
2025-02-23 18:55:46,061 - INFO -     Value: 21.0
2025-02-23 18:55:46,061 - INFO -     Gap to reference: 0.00%
2025-02-23 18:55:46,061 - INFO -   Constraint generation solution found:
2025-02-23 18:55:46,061 - INFO -     Solution: [0, 1, 0, 0, 0, 0, 1, 0, 0, 0]
2025-02-23 18:55:46,061 - INFO -     Value: 21.0
2025-02-23 18:55:46,062 - INFO - 
Instance 97 results:
2025-02-23 18:55:46,062 - INFO -   Classical value: 21.0
2025-02-23 18:55:46,062 - INFO -   QAOA value: 0.0
2025-02-23 18:55:46,062 - INFO -   Constraint generation value: 21.0
2025-02-23 18:55:46,062 - INFO - 
Running instance 98/100
2025-02-23 18:55:46,064 - INFO - 
Running Classical Reference Solver (SCIP):
2025-02-23 18:55:46,065 - DEBUG - Problem dimensions: 20 constraints, 10 variables
2025-02-23 18:55:46,065 - DEBUG - Row names: ['ELEM1', 'ELEM2', 'ELEM3', 'ELEM4', 'ELEM5', 'ELEM6', 'ELEM7', 'ELEM8', 'ELEM9', 'ELEM10', 'ELEM11', 'ELEM12', 'ELEM13', 'ELEM14', 'ELEM15', 'ELEM16', 'ELEM17', 'ELEM18', 'ELEM19', 'ELEM20']
2025-02-23 18:55:46,065 - DEBUG - RHS values: {'ELEM1': 1.0, 'ELEM2': 1.0, 'ELEM3': 1.0, 'ELEM4': 1.0, 'ELEM5': 1.0, 'ELEM6': 1.0, 'ELEM7': 1.0, 'ELEM8': 1.0, 'ELEM9': 1.0, 'ELEM10': 1.0, 'ELEM11': 1.0, 'ELEM12': 1.0, 'ELEM13': 1.0, 'ELEM14': 1.0, 'ELEM15': 1.0, 'ELEM16': 1.0, 'ELEM17': 1.0, 'ELEM18': 1.0, 'ELEM19': 1.0, 'ELEM20': 1.0}
2025-02-23 18:55:46,076 - INFO -   Reference solution found:
2025-02-23 18:55:46,076 - INFO -     Solution: [1, 0, 0, 0, 0, 0, 0, 0, 1, 0]
2025-02-23 18:55:46,076 - INFO -     Value: 62.0
2025-02-23 18:55:46,076 - INFO - 
Running QAOA Reference Solution (with all constraints):
