2025-02-24 15:34:52,462 - INFO - 
Problem information:
2025-02-24 15:34:52,462 - INFO -   Number of variables (n): 12
2025-02-24 15:34:52,462 - INFO -   Number of constraints (m): 40
2025-02-24 15:34:52,462 - DEBUG -   Density of A: 17.50%
2025-02-24 15:34:52,462 - INFO - 
Starting reference QAOA with parameters:
2025-02-24 15:34:52,462 - INFO -   sample_size (total shots): 1000
2025-02-24 15:34:52,463 - INFO - Added all constraints
2025-02-24 15:34:52,463 - DEBUG - Generated Ising Hamiltonian
2025-02-24 15:34:52,704 - DEBUG - Optimizing QAOA circuit...
2025-02-24 15:34:56,698 - DEBUG - Circuit optimization successful
2025-02-24 15:34:56,699 - DEBUG - Circuit optimization successful, final value: -917.0584415584426
2025-02-24 15:34:56,699 - DEBUG - Sampling from optimized circuit...
2025-02-24 15:34:56,739 - DEBUG - Generated 728 unique samples from 1000 total measurements
2025-02-24 15:34:56,740 - DEBUG - 
Top 5 most frequent samples:
2025-02-24 15:34:56,740 - DEBUG -   Rank | Count |   %   
2025-02-24 15:34:56,740 - DEBUG -   -----|-------|-------
2025-02-24 15:34:56,740 - DEBUG -      1 |     8 |   0.8
2025-02-24 15:34:56,741 - DEBUG -     Sample: [1 0 1 1 1 1 0 1 1 1 1 1]
2025-02-24 15:34:56,741 - DEBUG -      2 |     7 |   0.7
2025-02-24 15:34:56,741 - DEBUG -     Sample: [1 1 0 0 0 0 1 1 0 0 1 1]
2025-02-24 15:34:56,741 - DEBUG -      3 |     6 |   0.6
2025-02-24 15:34:56,741 - DEBUG -     Sample: [0 0 1 0 1 1 0 1 1 1 1 1]
2025-02-24 15:34:56,741 - DEBUG -      4 |     6 |   0.6
2025-02-24 15:34:56,742 - DEBUG -     Sample: [0 1 1 0 1 1 1 1 1 1 0 1]
2025-02-24 15:34:56,742 - DEBUG -      5 |     5 |   0.5
2025-02-24 15:34:56,742 - DEBUG -     Sample: [1 0 1 0 1 0 0 0 1 1 1 1]
2025-02-24 15:34:56,744 - DEBUG - Generated 728 unique samples from 1000 total measurements
2025-02-24 15:34:56,758 - INFO - No feasible solution found
2025-02-24 15:34:56,759 - INFO -   QAOA solver found no feasible solution
2025-02-24 15:34:56,759 - INFO - 
Running Constraint Generation:
2025-02-24 15:34:56,760 - INFO - 
Problem information:
2025-02-24 15:34:56,760 - INFO -   Number of variables (n): 12
2025-02-24 15:34:56,760 - INFO -   Number of constraints (m): 40
2025-02-24 15:34:56,761 - DEBUG -   Density of A: 17.50%
2025-02-24 15:34:56,761 - INFO - 
Running classical reference solver:
2025-02-24 15:34:56,772 - INFO -   Reference solution found:
2025-02-24 15:34:56,772 - INFO -     Solution: [1, 1, 0, 1, 1, 0, 0, 0, 0, 0, 0, 0]
2025-02-24 15:34:56,773 - INFO -     Value: 230.0
2025-02-24 15:34:56,773 - INFO - 
Starting quantum constraint generation with parameters:
2025-02-24 15:34:56,773 - INFO -   sample_size (total shots): 1000
2025-02-24 15:34:56,773 - INFO -   tau: 0.1
2025-02-24 15:34:56,774 - INFO -   max_iters: 1000
2025-02-24 15:34:56,774 - INFO - 
Iteration 0:
2025-02-24 15:34:56,774 - DEBUG - Generated Ising Hamiltonian
2025-02-24 15:34:57,062 - DEBUG - Optimizing QAOA circuit...
2025-02-24 15:34:59,261 - DEBUG - Circuit optimization successful
2025-02-24 15:34:59,261 - DEBUG - Circuit optimization successful, final value: -265.7892107892108
2025-02-24 15:34:59,261 - DEBUG - Sampling from optimized circuit...
2025-02-24 15:34:59,283 - DEBUG - Generated 261 unique samples from 1000 total measurements
2025-02-24 15:34:59,283 - DEBUG - 
Top 5 most frequent samples:
2025-02-24 15:34:59,283 - DEBUG -   Rank | Count |   %   
2025-02-24 15:34:59,283 - DEBUG -   -----|-------|-------
2025-02-24 15:34:59,283 - DEBUG -      1 |    79 |   7.9
2025-02-24 15:34:59,284 - DEBUG -     Sample: [1 1 1 1 0 1 1 1 0 0 1 0]
2025-02-24 15:34:59,284 - DEBUG -      2 |    50 |   5.0
2025-02-24 15:34:59,284 - DEBUG -     Sample: [1 1 1 1 0 0 1 1 0 0 1 0]
2025-02-24 15:34:59,284 - DEBUG -      3 |    44 |   4.4
2025-02-24 15:34:59,284 - DEBUG -     Sample: [1 1 1 1 0 1 1 1 0 0 1 1]
2025-02-24 15:34:59,284 - DEBUG -      4 |    28 |   2.8
2025-02-24 15:34:59,285 - DEBUG -     Sample: [1 1 1 1 0 1 1 1 1 0 1 0]
2025-02-24 15:34:59,285 - DEBUG -      5 |    27 |   2.7
2025-02-24 15:34:59,285 - DEBUG -     Sample: [0 1 1 1 0 1 1 1 0 0 1 0]
2025-02-24 15:34:59,286 - DEBUG - Generated 261 unique samples from 1000 total measurements
2025-02-24 15:34:59,292 - INFO -   No feasible solution found in this iteration
2025-02-24 15:34:59,293 - INFO -   Added 6 new constraints: [2, 5, 11, 12, 36, 37]
2025-02-24 15:34:59,293 - INFO - 
Iteration 1:
2025-02-24 15:34:59,293 - DEBUG - Generated Ising Hamiltonian
2025-02-24 15:34:59,540 - DEBUG - Optimizing QAOA circuit...
2025-02-24 15:35:01,882 - DEBUG - Circuit optimization successful
2025-02-24 15:35:01,883 - DEBUG - Circuit optimization successful, final value: 10747.228771228776
2025-02-24 15:35:01,883 - DEBUG - Sampling from optimized circuit...
2025-02-24 15:35:01,972 - DEBUG - Generated 569 unique samples from 1000 total measurements
2025-02-24 15:35:01,972 - DEBUG - 
Top 5 most frequent samples:
2025-02-24 15:35:01,973 - DEBUG -   Rank | Count |   %   
2025-02-24 15:35:01,973 - DEBUG -   -----|-------|-------
2025-02-24 15:35:01,973 - DEBUG -      1 |    13 |   1.3
2025-02-24 15:35:01,973 - DEBUG -     Sample: [0 1 1 0 0 0 1 0 0 1 1 0]
2025-02-24 15:35:01,973 - DEBUG -      2 |    12 |   1.2
2025-02-24 15:35:01,973 - DEBUG -     Sample: [0 1 1 1 0 0 1 0 0 0 1 0]
2025-02-24 15:35:01,973 - DEBUG -      3 |    11 |   1.1
2025-02-24 15:35:01,974 - DEBUG -     Sample: [0 1 1 0 1 0 1 0 0 0 1 0]
2025-02-24 15:35:01,974 - DEBUG -      4 |    11 |   1.1
2025-02-24 15:35:01,974 - DEBUG -     Sample: [0 1 1 1 0 0 0 0 0 0 1 0]
2025-02-24 15:35:01,974 - DEBUG -      5 |     8 |   0.8
2025-02-24 15:35:01,974 - DEBUG -     Sample: [0 1 1 1 0 0 1 0 0 0 1 1]
2025-02-24 15:35:01,976 - DEBUG - Generated 569 unique samples from 1000 total measurements
2025-02-24 15:35:01,982 - INFO - Found feasible solution: [1 1 0 1 1 0 0 0 0 0 0 0] with objective value 230.0
2025-02-24 15:35:01,988 - INFO -   Found feasible solution:
2025-02-24 15:35:01,988 - INFO -     Solution: [1, 1, 0, 1, 1, 0, 0, 0, 0, 0, 0, 0]
2025-02-24 15:35:01,988 - INFO -     Value: 230.0
2025-02-24 15:35:01,988 - INFO -     Gap to reference: 0.00%
2025-02-24 15:35:01,989 - INFO -   Constraint generation solution found:
2025-02-24 15:35:01,989 - INFO -     Solution: [1, 1, 0, 1, 1, 0, 0, 0, 0, 0, 0, 0]
2025-02-24 15:35:01,989 - INFO -     Value: 230.0
2025-02-24 15:35:01,989 - INFO - 
Instance 39 results:
2025-02-24 15:35:01,990 - INFO -   Classical value: 230.0
2025-02-24 15:35:01,990 - INFO -   QAOA value: 0.0
2025-02-24 15:35:01,990 - INFO -   Constraint generation value: 230.0
2025-02-24 15:35:01,990 - INFO - 
Running instance 40/100
2025-02-24 15:35:01,992 - INFO - 
Running Classical Reference Solver (SCIP):
2025-02-24 15:35:01,993 - DEBUG - Problem dimensions: 40 constraints, 12 variables
2025-02-24 15:35:01,993 - DEBUG - Row names: ['ELEM1', 'ELEM2', 'ELEM3', 'ELEM4', 'ELEM5', 'ELEM6', 'ELEM7', 'ELEM8', 'ELEM9', 'ELEM10', 'ELEM11', 'ELEM12', 'ELEM13', 'ELEM14', 'ELEM15', 'ELEM16', 'ELEM17', 'ELEM18', 'ELEM19', 'ELEM20', 'ELEM21', 'ELEM22', 'ELEM23', 'ELEM24', 'ELEM25', 'ELEM26', 'ELEM27', 'ELEM28', 'ELEM29', 'ELEM30', 'ELEM31', 'ELEM32', 'ELEM33', 'ELEM34', 'ELEM35', 'ELEM36', 'ELEM37', 'ELEM38', 'ELEM39', 'ELEM40']
2025-02-24 15:35:01,994 - DEBUG - RHS values: {'ELEM1': 1.0, 'ELEM2': 1.0, 'ELEM3': 1.0, 'ELEM4': 1.0, 'ELEM5': 1.0, 'ELEM6': 1.0, 'ELEM7': 1.0, 'ELEM8': 1.0, 'ELEM9': 1.0, 'ELEM10': 1.0, 'ELEM11': 1.0, 'ELEM12': 1.0, 'ELEM13': 1.0, 'ELEM14': 1.0, 'ELEM15': 1.0, 'ELEM16': 1.0, 'ELEM17': 1.0, 'ELEM18': 1.0, 'ELEM19': 1.0, 'ELEM20': 1.0, 'ELEM21': 1.0, 'ELEM22': 1.0, 'ELEM23': 1.0, 'ELEM24': 1.0, 'ELEM25': 1.0, 'ELEM26': 1.0, 'ELEM27': 1.0, 'ELEM28': 1.0, 'ELEM29': 1.0, 'ELEM30': 1.0, 'ELEM31': 1.0, 'ELEM32': 1.0, 'ELEM33': 1.0, 'ELEM34': 1.0, 'ELEM35': 1.0, 'ELEM36': 1.0, 'ELEM37': 1.0, 'ELEM38': 1.0, 'ELEM39': 1.0, 'ELEM40': 1.0}
2025-02-24 15:35:02,005 - INFO -   Reference solution found:
2025-02-24 15:35:02,005 - INFO -     Solution: [1, 0, 1, 1, 0, 1, 0, 1, 0, 0, 0, 1]
2025-02-24 15:35:02,005 - INFO -     Value: 295.0
2025-02-24 15:35:02,006 - INFO - 
Running QAOA Reference Solution (with all constraints):
