
Problem information:
  Number of variables (n): 10
  Number of constraints (m): 20

Starting reference QAOA with parameters:
  sample_size (total shots): 100
Added all constraints
Found feasible solution: [0 1 0 1 0 0 0 0 0 0] with objective value 42.0
Found feasible solution:
  Solution: [0, 1, 0, 1, 0, 0, 0, 0, 0, 0]
  Value: 42.0
  QAOA solution found:
    Solution: [0, 1, 0, 1, 0, 0, 0, 0, 0, 0]
    Value: 42.0

Running Constraint Generation:

Problem information:
  Number of variables (n): 10
  Number of constraints (m): 20

Running classical reference solver:
  Reference solution found:
    Solution: [0, 1, 0, 1, 0, 0, 0, 0, 0, 0]
    Value: 42.0

Starting quantum constraint generation with parameters:
  sample_size (total shots): 100
  tau: 0.1
  max_iters: 1000

Iteration 0:
  No feasible solution found in this iteration
  Added 1 new constraints: [0]

Iteration 1:
  No feasible solution found in this iteration
  Added 1 new constraints: [6]

Iteration 2:
Found feasible solution: [0 0 0 0 0 0 1 0 0 1] with objective value 97.0
Found feasible solution: [0 0 0 0 0 0 0 1 1 0] with objective value 42.0
  Found feasible solution:
    Solution: [0, 0, 0, 0, 0, 0, 0, 1, 1, 0]
    Value: 42.0
    Gap to reference: 0.00%
  Constraint generation solution found:
    Solution: [0, 0, 0, 0, 0, 0, 0, 1, 1, 0]
    Value: 42.0

Instance 22 results:
  Classical value: 42.0
  QAOA value: 42.0
  Constraint generation value: 42.0

Running instance 23/100

Running Classical Reference Solver (SCIP):
  Reference solution found:
    Solution: [0, 0, 0, 0, 0, 0, 0, 1, 1, 0]
    Value: 52.0

Running QAOA Reference Solution (with all constraints):
