2025-02-24 11:22:51,850 - INFO - 
Problem information:
2025-02-24 11:22:51,851 - INFO -   Number of variables (n): 15
2025-02-24 11:22:51,851 - INFO -   Number of constraints (m): 50
2025-02-24 11:22:51,851 - DEBUG -   Density of A: 16.27%
2025-02-24 11:22:51,851 - INFO - 
Starting reference QAOA with parameters:
2025-02-24 11:22:51,851 - INFO -   sample_size (total shots): 2000
2025-02-24 11:22:51,851 - INFO - Added all constraints
2025-02-24 11:22:51,851 - DEBUG - Generated Ising Hamiltonian
2025-02-24 11:22:52,116 - DEBUG - Optimizing QAOA circuit...
2025-02-24 11:22:54,669 - DEBUG - Circuit optimization successful
2025-02-24 11:22:54,669 - DEBUG - Circuit optimization successful, final value: -61145.29970029969
2025-02-24 11:22:54,669 - DEBUG - Sampling from optimized circuit...
2025-02-24 11:22:54,713 - DEBUG - Generated 1474 unique samples from 2000 total measurements
2025-02-24 11:22:54,713 - DEBUG - 
Top 5 most frequent samples:
2025-02-24 11:22:54,714 - DEBUG -   Rank | Count |   %   
2025-02-24 11:22:54,714 - DEBUG -   -----|-------|-------
2025-02-24 11:22:54,714 - DEBUG -      1 |    17 |   0.9
2025-02-24 11:22:54,714 - DEBUG -     Sample: [0 1 1 1 0 1 1 1 0 0 0 0 1 0 1]
2025-02-24 11:22:54,714 - DEBUG -      2 |    10 |   0.5
2025-02-24 11:22:54,714 - DEBUG -     Sample: [0 1 1 1 1 1 1 1 0 0 0 0 1 0 1]
2025-02-24 11:22:54,714 - DEBUG -      3 |     9 |   0.4
2025-02-24 11:22:54,714 - DEBUG -     Sample: [1 1 1 1 0 1 0 1 0 0 0 0 1 0 1]
2025-02-24 11:22:54,715 - DEBUG -      4 |     9 |   0.4
2025-02-24 11:22:54,715 - DEBUG -     Sample: [0 1 1 1 1 1 0 1 0 0 0 0 1 0 1]
2025-02-24 11:22:54,715 - DEBUG -      5 |     9 |   0.4
2025-02-24 11:22:54,715 - DEBUG -     Sample: [0 1 1 1 0 0 1 1 0 0 0 0 1 0 1]
2025-02-24 11:22:54,717 - DEBUG - Generated 1474 unique samples from 2000 total measurements
2025-02-24 11:22:54,737 - INFO - No feasible solution found
2025-02-24 11:22:54,738 - INFO -   QAOA solver found no feasible solution
2025-02-24 11:22:54,738 - INFO - 
Running Classical Reference Solver (SCIP):
2025-02-24 11:22:54,739 - DEBUG - Problem dimensions: 50 constraints, 15 variables
2025-02-24 11:22:54,739 - DEBUG - Row names: ['ELEM1', 'ELEM2', 'ELEM3', 'ELEM4', 'ELEM5', 'ELEM6', 'ELEM7', 'ELEM8', 'ELEM9', 'ELEM10', 'ELEM11', 'ELEM12', 'ELEM13', 'ELEM14', 'ELEM15', 'ELEM16', 'ELEM17', 'ELEM18', 'ELEM19', 'ELEM20', 'ELEM21', 'ELEM22', 'ELEM23', 'ELEM24', 'ELEM25', 'ELEM26', 'ELEM27', 'ELEM28', 'ELEM29', 'ELEM30', 'ELEM31', 'ELEM32', 'ELEM33', 'ELEM34', 'ELEM35', 'ELEM36', 'ELEM37', 'ELEM38', 'ELEM39', 'ELEM40', 'ELEM41', 'ELEM42', 'ELEM43', 'ELEM44', 'ELEM45', 'ELEM46', 'ELEM47', 'ELEM48', 'ELEM49', 'ELEM50']
2025-02-24 11:22:54,739 - DEBUG - RHS values: {'ELEM1': 1.0, 'ELEM2': 1.0, 'ELEM3': 1.0, 'ELEM4': 1.0, 'ELEM5': 1.0, 'ELEM6': 1.0, 'ELEM7': 1.0, 'ELEM8': 1.0, 'ELEM9': 1.0, 'ELEM10': 1.0, 'ELEM11': 1.0, 'ELEM12': 1.0, 'ELEM13': 1.0, 'ELEM14': 1.0, 'ELEM15': 1.0, 'ELEM16': 1.0, 'ELEM17': 1.0, 'ELEM18': 1.0, 'ELEM19': 1.0, 'ELEM20': 1.0, 'ELEM21': 1.0, 'ELEM22': 1.0, 'ELEM23': 1.0, 'ELEM24': 1.0, 'ELEM25': 1.0, 'ELEM26': 1.0, 'ELEM27': 1.0, 'ELEM28': 1.0, 'ELEM29': 1.0, 'ELEM30': 1.0, 'ELEM31': 1.0, 'ELEM32': 1.0, 'ELEM33': 1.0, 'ELEM34': 1.0, 'ELEM35': 1.0, 'ELEM36': 1.0, 'ELEM37': 1.0, 'ELEM38': 1.0, 'ELEM39': 1.0, 'ELEM40': 1.0, 'ELEM41': 1.0, 'ELEM42': 1.0, 'ELEM43': 1.0, 'ELEM44': 1.0, 'ELEM45': 1.0, 'ELEM46': 1.0, 'ELEM47': 1.0, 'ELEM48': 1.0, 'ELEM49': 1.0, 'ELEM50': 1.0}
2025-02-24 11:22:54,755 - INFO -   Reference solution found:
2025-02-24 11:22:54,755 - INFO -     Solution: [0, 0, 0, 1, 0, 0, 1, 1, 1, 0, 1, 0, 0, 0, 1]
2025-02-24 11:22:54,755 - INFO -     Value: 241.00000000000006
2025-02-24 11:22:54,756 - INFO - 
Running Constraint Generation:
2025-02-24 11:22:54,757 - INFO - 
Problem information:
2025-02-24 11:22:54,757 - INFO -   Number of variables (n): 15
2025-02-24 11:22:54,757 - INFO -   Number of constraints (m): 50
2025-02-24 11:22:54,757 - DEBUG -   Density of A: 16.27%
2025-02-24 11:22:54,757 - INFO - 
Running classical reference solver:
2025-02-24 11:22:54,765 - INFO -   Reference solution found:
2025-02-24 11:22:54,765 - INFO -     Solution: [0, 0, 0, 1, 0, 0, 1, 1, 1, 0, 1, 0, 0, 0, 1]
2025-02-24 11:22:54,765 - INFO -     Value: 241.00000000000006
2025-02-24 11:22:54,765 - INFO - 
Starting quantum constraint generation with parameters:
2025-02-24 11:22:54,765 - INFO -   sample_size (total shots): 2000
2025-02-24 11:22:54,765 - INFO -   tau: 0.0
2025-02-24 11:22:54,765 - INFO -   max_iters: 1000
2025-02-24 11:22:54,765 - INFO - 
Iteration 0:
2025-02-24 11:22:54,766 - DEBUG - Generated Ising Hamiltonian
2025-02-24 11:22:54,767 - DEBUG - Optimizing QAOA circuit...
2025-02-24 11:22:57,054 - WARNING - Circuit optimization did not converge
2025-02-24 11:22:57,054 - WARNING - Circuit optimization did not converge
2025-02-24 11:22:57,054 - DEBUG - Sampling from optimized circuit...
2025-02-24 11:22:57,630 - DEBUG - Generated 29 unique samples from 2000 total measurements
2025-02-24 11:22:57,631 - DEBUG - 
Top 5 most frequent samples:
2025-02-24 11:22:57,631 - DEBUG -   Rank | Count |   %   
2025-02-24 11:22:57,631 - DEBUG -   -----|-------|-------
2025-02-24 11:22:57,631 - DEBUG -      1 |  1284 |  64.2
2025-02-24 11:22:57,631 - DEBUG -     Sample: [0 0 0 0 0 0 0 0 1 1 1 1 1 1 1]
2025-02-24 11:22:57,631 - DEBUG -      2 |   230 |  11.5
2025-02-24 11:22:57,631 - DEBUG -     Sample: [0 0 0 0 0 0 0 0 1 1 1 1 0 1 1]
2025-02-24 11:22:57,632 - DEBUG -      3 |   161 |   8.1
2025-02-24 11:22:57,632 - DEBUG -     Sample: [0 0 0 0 0 0 0 0 1 1 1 1 1 1 0]
2025-02-24 11:22:57,632 - DEBUG -      4 |   157 |   7.8
2025-02-24 11:22:57,632 - DEBUG -     Sample: [0 0 0 0 0 0 0 0 0 1 1 1 1 1 1]
2025-02-24 11:22:57,633 - DEBUG -      5 |    26 |   1.3
2025-02-24 11:22:57,633 - DEBUG -     Sample: [0 0 0 0 0 0 0 0 1 1 1 1 1 0 1]
2025-02-24 11:22:57,633 - DEBUG - Generated 29 unique samples from 2000 total measurements
2025-02-24 11:22:57,635 - INFO -   No feasible solution found in this iteration
2025-02-24 11:22:57,635 - INFO -   Added 13 new constraints: [6, 7, 10, 11, 13, 16, 18, 19, 23, 24, 29, 41, 44]
2025-02-24 11:22:57,636 - INFO - 
Iteration 1:
2025-02-24 11:22:57,636 - DEBUG - Generated Ising Hamiltonian
2025-02-24 11:22:57,639 - DEBUG - Optimizing QAOA circuit...
2025-02-24 11:23:12,584 - WARNING - Circuit optimization did not converge
2025-02-24 11:23:12,585 - WARNING - Circuit optimization did not converge
2025-02-24 11:23:12,585 - DEBUG - Sampling from optimized circuit...
2025-02-24 11:23:12,975 - DEBUG - Generated 111 unique samples from 2000 total measurements
2025-02-24 11:23:12,976 - DEBUG - 
Top 5 most frequent samples:
2025-02-24 11:23:12,976 - DEBUG -   Rank | Count |   %   
2025-02-24 11:23:12,976 - DEBUG -   -----|-------|-------
2025-02-24 11:23:12,976 - DEBUG -      1 |   176 |   8.8
2025-02-24 11:23:12,976 - DEBUG -     Sample: [0 0 0 0 0 0 0 0 0 1 1 0 1 1 1]
2025-02-24 11:23:12,976 - DEBUG -      2 |   120 |   6.0
2025-02-24 11:23:12,976 - DEBUG -     Sample: [0 0 0 0 0 0 0 0 0 1 1 0 1 1 0]
2025-02-24 11:23:12,976 - DEBUG -      3 |   110 |   5.5
2025-02-24 11:23:12,977 - DEBUG -     Sample: [0 0 0 0 0 0 0 0 0 1 1 0 0 1 1]
2025-02-24 11:23:12,977 - DEBUG -      4 |    93 |   4.7
2025-02-24 11:23:12,977 - DEBUG -     Sample: [0 0 0 0 0 0 0 0 0 0 1 0 1 1 1]
2025-02-24 11:23:12,977 - DEBUG -      5 |    82 |   4.1
2025-02-24 11:23:12,977 - DEBUG -     Sample: [0 0 0 0 0 0 0 0 0 1 1 0 0 1 0]
2025-02-24 11:23:12,977 - DEBUG - Generated 111 unique samples from 2000 total measurements
2025-02-24 11:23:12,978 - INFO -   No feasible solution found in this iteration
2025-02-24 11:23:12,981 - INFO -   No new constraints added, lowered tau multiplier: 1.0 -> 0.9
2025-02-24 11:23:12,981 - INFO -   No new constraints added, lowered tau multiplier: 0.9 -> 0.8
2025-02-24 11:23:12,982 - INFO -   No new constraints added, lowered tau multiplier: 0.8 -> 0.7
2025-02-24 11:23:12,982 - INFO -   No new constraints added, lowered tau multiplier: 0.7 -> 0.6
2025-02-24 11:23:12,982 - INFO -   Added 3 new constraints: [5, 37, 46]
2025-02-24 11:23:12,982 - INFO - 
Iteration 2:
2025-02-24 11:23:12,982 - DEBUG - Generated Ising Hamiltonian
2025-02-24 11:23:12,984 - DEBUG - Optimizing QAOA circuit...
2025-02-24 11:23:16,336 - WARNING - Circuit optimization did not converge
2025-02-24 11:23:16,336 - WARNING - Circuit optimization did not converge
2025-02-24 11:23:16,336 - DEBUG - Sampling from optimized circuit...
2025-02-24 11:23:16,723 - DEBUG - Generated 118 unique samples from 2000 total measurements
2025-02-24 11:23:16,724 - DEBUG - 
Top 5 most frequent samples:
2025-02-24 11:23:16,724 - DEBUG -   Rank | Count |   %   
2025-02-24 11:23:16,724 - DEBUG -   -----|-------|-------
2025-02-24 11:23:16,724 - DEBUG -      1 |    85 |   4.2
2025-02-24 11:23:16,724 - DEBUG -     Sample: [0 0 0 0 0 0 0 0 0 0 1 0 0 0 1]
2025-02-24 11:23:16,724 - DEBUG -      2 |    83 |   4.2
2025-02-24 11:23:16,725 - DEBUG -     Sample: [0 0 0 0 0 0 0 0 1 1 1 1 0 0 0]
2025-02-24 11:23:16,725 - DEBUG -      3 |    82 |   4.1
2025-02-24 11:23:16,725 - DEBUG -     Sample: [0 0 0 0 0 0 0 0 1 0 1 1 0 1 0]
2025-02-24 11:23:16,725 - DEBUG -      4 |    63 |   3.1
2025-02-24 11:23:16,725 - DEBUG -     Sample: [0 0 0 0 0 0 0 0 0 0 1 0 0 0 0]
2025-02-24 11:23:16,725 - DEBUG -      5 |    60 |   3.0
2025-02-24 11:23:16,725 - DEBUG -     Sample: [0 0 0 0 0 0 0 0 1 1 1 0 0 0 0]
2025-02-24 11:23:16,726 - DEBUG - Generated 118 unique samples from 2000 total measurements
2025-02-24 11:23:16,727 - INFO -   No feasible solution found in this iteration
2025-02-24 11:23:16,729 - INFO -   No new constraints added, lowered tau multiplier: 1.0 -> 0.9
2025-02-24 11:23:16,729 - INFO -   No new constraints added, lowered tau multiplier: 0.9 -> 0.8
2025-02-24 11:23:16,729 - INFO -   No new constraints added, lowered tau multiplier: 0.8 -> 0.7
2025-02-24 11:23:16,730 - INFO -   No new constraints added, lowered tau multiplier: 0.7 -> 0.6
2025-02-24 11:23:16,730 - INFO -   No new constraints added, lowered tau multiplier: 0.6 -> 0.5
2025-02-24 11:23:16,730 - INFO -   Added 22 new constraints: [0, 1, 2, 3, 4, 8, 14, 15, 17, 22, 26, 27, 28, 31, 33, 35, 36, 38, 39, 42, 43, 45]
2025-02-24 11:23:16,730 - INFO - 
Iteration 3:
2025-02-24 11:23:16,730 - DEBUG - Generated Ising Hamiltonian
2025-02-24 11:23:16,733 - DEBUG - Optimizing QAOA circuit...
2025-02-24 11:23:22,490 - WARNING - Circuit optimization did not converge
2025-02-24 11:23:22,490 - WARNING - Circuit optimization did not converge
2025-02-24 11:23:22,491 - DEBUG - Sampling from optimized circuit...
2025-02-24 11:23:22,877 - DEBUG - Generated 87 unique samples from 2000 total measurements
2025-02-24 11:23:22,877 - DEBUG - 
Top 5 most frequent samples:
2025-02-24 11:23:22,877 - DEBUG -   Rank | Count |   %   
2025-02-24 11:23:22,877 - DEBUG -   -----|-------|-------
2025-02-24 11:23:22,877 - DEBUG -      1 |   695 |  34.8
2025-02-24 11:23:22,878 - DEBUG -     Sample: [0 0 0 0 0 0 0 0 0 0 1 0 1 1 0]
2025-02-24 11:23:22,878 - DEBUG -      2 |   192 |   9.6
2025-02-24 11:23:22,878 - DEBUG -     Sample: [0 0 0 0 0 0 0 0 0 1 1 0 1 1 0]
2025-02-24 11:23:22,878 - DEBUG -      3 |   175 |   8.8
2025-02-24 11:23:22,878 - DEBUG -     Sample: [0 0 0 0 0 0 0 0 0 1 1 0 1 1 1]
2025-02-24 11:23:22,878 - DEBUG -      4 |    93 |   4.7
2025-02-24 11:23:22,878 - DEBUG -     Sample: [0 0 0 0 0 0 0 0 0 0 1 1 0 1 0]
2025-02-24 11:23:22,878 - DEBUG -      5 |    69 |   3.5
2025-02-24 11:23:22,878 - DEBUG -     Sample: [0 0 0 0 0 0 0 0 0 0 1 0 0 1 0]
2025-02-24 11:23:22,879 - DEBUG - Generated 87 unique samples from 2000 total measurements
2025-02-24 11:23:22,880 - INFO -   No feasible solution found in this iteration
2025-02-24 11:23:22,882 - INFO -   No new constraints added, lowered tau multiplier: 1.0 -> 0.9
2025-02-24 11:23:22,882 - INFO -   No new constraints added, lowered tau multiplier: 0.9 -> 0.8
2025-02-24 11:23:22,883 - INFO -   No new constraints added, lowered tau multiplier: 0.8 -> 0.7
2025-02-24 11:23:22,883 - INFO -   No new constraints added, lowered tau multiplier: 0.7 -> 0.6
2025-02-24 11:23:22,883 - INFO -   Added 3 new constraints: [30, 32, 48]
2025-02-24 11:23:22,883 - INFO - 
Iteration 4:
2025-02-24 11:23:22,883 - DEBUG - Generated Ising Hamiltonian
2025-02-24 11:23:22,886 - DEBUG - Optimizing QAOA circuit...
2025-02-24 11:23:30,944 - WARNING - Circuit optimization did not converge
2025-02-24 11:23:30,944 - WARNING - Circuit optimization did not converge
2025-02-24 11:23:30,944 - DEBUG - Sampling from optimized circuit...
2025-02-24 11:23:31,349 - DEBUG - Generated 91 unique samples from 2000 total measurements
2025-02-24 11:23:31,349 - DEBUG - 
Top 5 most frequent samples:
2025-02-24 11:23:31,349 - DEBUG -   Rank | Count |   %   
2025-02-24 11:23:31,349 - DEBUG -   -----|-------|-------
2025-02-24 11:23:31,349 - DEBUG -      1 |   627 |  31.4
2025-02-24 11:23:31,350 - DEBUG -     Sample: [0 0 0 0 0 0 0 0 0 0 1 0 1 1 0]
2025-02-24 11:23:31,350 - DEBUG -      2 |   161 |   8.1
2025-02-24 11:23:31,350 - DEBUG -     Sample: [0 0 0 0 0 0 0 0 0 1 1 0 1 1 0]
2025-02-24 11:23:31,350 - DEBUG -      3 |   158 |   7.9
2025-02-24 11:23:31,350 - DEBUG -     Sample: [0 0 0 0 0 0 0 0 0 1 1 0 1 1 1]
2025-02-24 11:23:31,350 - DEBUG -      4 |   129 |   6.5
2025-02-24 11:23:31,350 - DEBUG -     Sample: [0 0 0 0 0 0 0 0 0 0 1 0 1 1 1]
2025-02-24 11:23:31,351 - DEBUG -      5 |    77 |   3.9
2025-02-24 11:23:31,351 - DEBUG -     Sample: [0 0 0 0 0 0 0 0 0 0 1 0 0 1 0]
2025-02-24 11:23:31,351 - DEBUG - Generated 91 unique samples from 2000 total measurements
2025-02-24 11:23:31,352 - INFO -   No feasible solution found in this iteration
2025-02-24 11:23:31,355 - INFO -   No new constraints added, lowered tau multiplier: 1.0 -> 0.9
2025-02-24 11:23:31,355 - INFO -   No new constraints added, lowered tau multiplier: 0.9 -> 0.8
2025-02-24 11:23:31,355 - INFO -   No new constraints added, lowered tau multiplier: 0.8 -> 0.7
2025-02-24 11:23:31,355 - INFO -   No new constraints added, lowered tau multiplier: 0.7 -> 0.6
2025-02-24 11:23:31,355 - INFO -   No new constraints added, lowered tau multiplier: 0.6 -> 0.5
2025-02-24 11:23:31,355 - INFO -   Added 1 new constraints: [40]
2025-02-24 11:23:31,355 - INFO - 
Iteration 5:
2025-02-24 11:23:31,356 - DEBUG - Generated Ising Hamiltonian
2025-02-24 11:23:31,358 - DEBUG - Optimizing QAOA circuit...
2025-02-24 11:23:40,635 - WARNING - Circuit optimization did not converge
2025-02-24 11:23:40,635 - WARNING - Circuit optimization did not converge
2025-02-24 11:23:40,635 - DEBUG - Sampling from optimized circuit...
2025-02-24 11:23:41,271 - DEBUG - Generated 84 unique samples from 2000 total measurements
2025-02-24 11:23:41,271 - DEBUG - 
Top 5 most frequent samples:
2025-02-24 11:23:41,271 - DEBUG -   Rank | Count |   %   
2025-02-24 11:23:41,271 - DEBUG -   -----|-------|-------
2025-02-24 11:23:41,271 - DEBUG -      1 |   651 |  32.6
2025-02-24 11:23:41,272 - DEBUG -     Sample: [0 0 0 0 0 0 0 0 0 0 0 0 1 1 1]
2025-02-24 11:23:41,272 - DEBUG -      2 |   181 |   9.0
2025-02-24 11:23:41,272 - DEBUG -     Sample: [0 0 0 0 0 0 0 0 0 1 0 0 1 1 1]
2025-02-24 11:23:41,272 - DEBUG -      3 |   167 |   8.3
2025-02-24 11:23:41,272 - DEBUG -     Sample: [0 0 0 0 0 0 0 0 0 1 0 0 1 1 0]
2025-02-24 11:23:41,272 - DEBUG -      4 |    96 |   4.8
2025-02-24 11:23:41,272 - DEBUG -     Sample: [0 0 0 0 0 0 0 0 0 0 0 0 1 1 0]
2025-02-24 11:23:41,272 - DEBUG -      5 |    73 |   3.6
2025-02-24 11:23:41,272 - DEBUG -     Sample: [0 0 0 0 0 0 0 0 0 0 0 1 0 1 1]
2025-02-24 11:23:41,273 - DEBUG - Generated 84 unique samples from 2000 total measurements
2025-02-24 11:23:41,274 - INFO -   No feasible solution found in this iteration
2025-02-24 11:23:41,276 - INFO -   No new constraints added, lowered tau multiplier: 1.0 -> 0.9
2025-02-24 11:23:41,277 - INFO -   No new constraints added, lowered tau multiplier: 0.9 -> 0.8
2025-02-24 11:23:41,277 - INFO -   No new constraints added, lowered tau multiplier: 0.8 -> 0.7
2025-02-24 11:23:41,277 - INFO -   Added 6 new constraints: [12, 20, 21, 34, 47, 49]
2025-02-24 11:23:41,277 - INFO - 
Iteration 6:
2025-02-24 11:23:41,277 - DEBUG - Generated Ising Hamiltonian
2025-02-24 11:23:41,281 - DEBUG - Optimizing QAOA circuit...
2025-02-24 11:23:49,427 - WARNING - Circuit optimization did not converge
2025-02-24 11:23:49,427 - WARNING - Circuit optimization did not converge
2025-02-24 11:23:49,428 - DEBUG - Sampling from optimized circuit...
2025-02-24 11:23:49,837 - DEBUG - Generated 89 unique samples from 2000 total measurements
2025-02-24 11:23:49,838 - DEBUG - 
Top 5 most frequent samples:
2025-02-24 11:23:49,838 - DEBUG -   Rank | Count |   %   
2025-02-24 11:23:49,838 - DEBUG -   -----|-------|-------
2025-02-24 11:23:49,838 - DEBUG -      1 |   558 |  27.9
2025-02-24 11:23:49,838 - DEBUG -     Sample: [0 0 0 0 0 0 0 0 0 0 0 0 1 1 1]
2025-02-24 11:23:49,838 - DEBUG -      2 |   149 |   7.4
2025-02-24 11:23:49,839 - DEBUG -     Sample: [0 0 0 0 0 0 0 0 0 1 0 0 1 1 1]
2025-02-24 11:23:49,839 - DEBUG -      3 |   133 |   6.7
2025-02-24 11:23:49,839 - DEBUG -     Sample: [0 0 0 0 0 0 0 0 0 0 0 0 0 1 1]
2025-02-24 11:23:49,839 - DEBUG -      4 |   121 |   6.0
2025-02-24 11:23:49,839 - DEBUG -     Sample: [0 0 0 0 0 0 0 0 0 1 0 0 1 1 0]
2025-02-24 11:23:49,839 - DEBUG -      5 |    74 |   3.7
2025-02-24 11:23:49,839 - DEBUG -     Sample: [0 0 0 0 0 0 0 0 0 0 0 0 1 1 0]
2025-02-24 11:23:49,840 - DEBUG - Generated 89 unique samples from 2000 total measurements
2025-02-24 11:23:49,841 - INFO -   No feasible solution found in this iteration
2025-02-24 11:23:49,844 - INFO -   No new constraints added, lowered tau multiplier: 1.0 -> 0.9
2025-02-24 11:23:49,844 - INFO -   No new constraints added, lowered tau multiplier: 0.9 -> 0.8
2025-02-24 11:23:49,844 - INFO -   No new constraints added, lowered tau multiplier: 0.8 -> 0.7
2025-02-24 11:23:49,845 - INFO -   No new constraints added, lowered tau multiplier: 0.7 -> 0.6
2025-02-24 11:23:49,845 - INFO -   No new constraints added, lowered tau multiplier: 0.6 -> 0.5
2025-02-24 11:23:49,845 - INFO -   Added 2 new constraints: [9, 25]
2025-02-24 11:23:49,845 - INFO - 
Iteration 7:
2025-02-24 11:23:49,845 - DEBUG - Generated Ising Hamiltonian
2025-02-24 11:23:49,848 - DEBUG - Optimizing QAOA circuit...
2025-02-24 11:23:58,685 - WARNING - Circuit optimization did not converge
2025-02-24 11:23:58,685 - WARNING - Circuit optimization did not converge
2025-02-24 11:23:58,685 - DEBUG - Sampling from optimized circuit...
2025-02-24 11:23:59,096 - DEBUG - Generated 88 unique samples from 2000 total measurements
2025-02-24 11:23:59,097 - DEBUG - 
Top 5 most frequent samples:
2025-02-24 11:23:59,097 - DEBUG -   Rank | Count |   %   
2025-02-24 11:23:59,097 - DEBUG -   -----|-------|-------
2025-02-24 11:23:59,097 - DEBUG -      1 |   543 |  27.2
2025-02-24 11:23:59,097 - DEBUG -     Sample: [0 0 0 0 0 0 0 0 0 0 1 0 0 1 1]
2025-02-24 11:23:59,097 - DEBUG -      2 |   156 |   7.8
2025-02-24 11:23:59,097 - DEBUG -     Sample: [0 0 0 0 0 0 0 0 0 1 1 0 0 1 1]
2025-02-24 11:23:59,097 - DEBUG -      3 |   116 |   5.8
2025-02-24 11:23:59,098 - DEBUG -     Sample: [0 0 0 0 0 0 0 0 0 0 1 0 1 1 1]
2025-02-24 11:23:59,098 - DEBUG -      4 |   108 |   5.4
2025-02-24 11:23:59,098 - DEBUG -     Sample: [0 0 0 0 0 0 0 0 0 1 1 0 0 1 0]
2025-02-24 11:23:59,098 - DEBUG -      5 |    79 |   4.0
2025-02-24 11:23:59,098 - DEBUG -     Sample: [0 0 0 0 0 0 0 0 0 0 1 0 0 1 0]
2025-02-24 11:23:59,098 - DEBUG - Generated 88 unique samples from 2000 total measurements
2025-02-24 11:23:59,099 - INFO -   No feasible solution found in this iteration
2025-02-24 11:23:59,099 - INFO -   All constraints added, exiting
2025-02-24 11:23:59,099 - INFO -   Constraint generation found no feasible solution
