2025-02-23 17:59:13,694 - INFO - 
Problem information:
2025-02-23 17:59:13,695 - INFO -   Number of variables (n): 12
2025-02-23 17:59:13,695 - INFO -   Number of constraints (m): 40
2025-02-23 17:59:13,695 - DEBUG -   Density of A: 16.67%
2025-02-23 17:59:13,695 - INFO - 
Starting reference QAOA with parameters:
2025-02-23 17:59:13,695 - INFO -   sample_size (total shots): 200
2025-02-23 17:59:13,695 - INFO - Added all constraints
2025-02-23 17:59:13,696 - DEBUG - Generated Ising Hamiltonian
2025-02-23 17:59:13,895 - DEBUG - Optimizing QAOA circuit...
2025-02-23 17:59:15,472 - DEBUG - Circuit optimization successful
2025-02-23 17:59:15,472 - DEBUG - Circuit optimization successful, final value: 2601.704795204796
2025-02-23 17:59:15,472 - DEBUG - Sampling from optimized circuit...
2025-02-23 17:59:15,489 - DEBUG - Generated 168 unique samples from 200 total measurements
2025-02-23 17:59:15,490 - DEBUG - 
Top 5 most frequent samples:
2025-02-23 17:59:15,490 - DEBUG -   Rank | Count |   %   
2025-02-23 17:59:15,490 - DEBUG -   -----|-------|-------
2025-02-23 17:59:15,490 - DEBUG -      1 |     4 |   2.0
2025-02-23 17:59:15,490 - DEBUG -     Sample: [1 1 1 0 0 1 0 1 0 1 1 1]
2025-02-23 17:59:15,490 - DEBUG -      2 |     4 |   2.0
2025-02-23 17:59:15,491 - DEBUG -     Sample: [1 1 0 1 1 0 0 1 0 0 1 1]
2025-02-23 17:59:15,491 - DEBUG -      3 |     4 |   2.0
2025-02-23 17:59:15,491 - DEBUG -     Sample: [1 1 1 0 1 1 0 1 0 0 1 1]
2025-02-23 17:59:15,491 - DEBUG -      4 |     3 |   1.5
2025-02-23 17:59:15,492 - DEBUG -     Sample: [1 1 1 0 0 0 0 1 0 1 1 0]
2025-02-23 17:59:15,492 - DEBUG -      5 |     3 |   1.5
2025-02-23 17:59:15,492 - DEBUG -     Sample: [1 1 0 0 1 0 0 1 0 1 1 1]
2025-02-23 17:59:15,493 - DEBUG - Generated 168 unique samples from 200 total measurements
2025-02-23 17:59:15,496 - INFO - No feasible solution found
2025-02-23 17:59:15,496 - INFO -   QAOA solver found no feasible solution
2025-02-23 17:59:15,496 - INFO - 
Running Constraint Generation:
2025-02-23 17:59:15,497 - INFO - 
Problem information:
2025-02-23 17:59:15,498 - INFO -   Number of variables (n): 12
2025-02-23 17:59:15,498 - INFO -   Number of constraints (m): 40
2025-02-23 17:59:15,498 - DEBUG -   Density of A: 16.67%
2025-02-23 17:59:15,498 - INFO - 
Running classical reference solver:
2025-02-23 17:59:15,507 - INFO -   Reference solution found:
2025-02-23 17:59:15,508 - INFO -     Solution: [1, 1, 0, 1, 0, 0, 1, 0, 0, 1, 0, 0]
2025-02-23 17:59:15,508 - INFO -     Value: 148.0
2025-02-23 17:59:15,508 - INFO - 
Starting quantum constraint generation with parameters:
2025-02-23 17:59:15,508 - INFO -   sample_size (total shots): 200
2025-02-23 17:59:15,509 - INFO -   tau: 0.1
2025-02-23 17:59:15,509 - INFO -   max_iters: 1000
2025-02-23 17:59:15,509 - INFO - 
Iteration 0:
2025-02-23 17:59:15,510 - DEBUG - Generated Ising Hamiltonian
2025-02-23 17:59:15,711 - DEBUG - Optimizing QAOA circuit...
2025-02-23 17:59:17,185 - DEBUG - Circuit optimization successful
2025-02-23 17:59:17,185 - DEBUG - Circuit optimization successful, final value: -116.68231768231767
2025-02-23 17:59:17,185 - DEBUG - Sampling from optimized circuit...
2025-02-23 17:59:17,198 - DEBUG - Generated 166 unique samples from 200 total measurements
2025-02-23 17:59:17,198 - DEBUG - 
Top 5 most frequent samples:
2025-02-23 17:59:17,198 - DEBUG -   Rank | Count |   %   
2025-02-23 17:59:17,198 - DEBUG -   -----|-------|-------
2025-02-23 17:59:17,199 - DEBUG -      1 |     5 |   2.5
2025-02-23 17:59:17,199 - DEBUG -     Sample: [1 1 0 1 1 1 0 1 1 1 1 0]
2025-02-23 17:59:17,199 - DEBUG -      2 |     4 |   2.0
2025-02-23 17:59:17,199 - DEBUG -     Sample: [1 1 0 1 0 1 0 1 1 1 1 1]
2025-02-23 17:59:17,199 - DEBUG -      3 |     3 |   1.5
2025-02-23 17:59:17,199 - DEBUG -     Sample: [1 1 0 1 0 1 0 1 1 0 1 1]
2025-02-23 17:59:17,200 - DEBUG -      4 |     3 |   1.5
2025-02-23 17:59:17,200 - DEBUG -     Sample: [1 0 0 1 0 1 0 1 1 0 1 1]
2025-02-23 17:59:17,200 - DEBUG -      5 |     3 |   1.5
2025-02-23 17:59:17,200 - DEBUG -     Sample: [1 1 0 1 0 1 0 1 0 1 1 0]
2025-02-23 17:59:17,201 - DEBUG - Generated 166 unique samples from 200 total measurements
2025-02-23 17:59:17,204 - INFO -   No feasible solution found in this iteration
2025-02-23 17:59:17,204 - INFO -   Added 3 new constraints: [12, 14, 32]
2025-02-23 17:59:17,204 - INFO - 
Iteration 1:
2025-02-23 17:59:17,205 - DEBUG - Generated Ising Hamiltonian
2025-02-23 17:59:17,446 - DEBUG - Optimizing QAOA circuit...
2025-02-23 17:59:18,601 - DEBUG - Circuit optimization successful
2025-02-23 17:59:18,601 - DEBUG - Circuit optimization successful, final value: -0.012737262736671084
2025-02-23 17:59:18,601 - DEBUG - Sampling from optimized circuit...
2025-02-23 17:59:18,614 - DEBUG - Generated 178 unique samples from 200 total measurements
2025-02-23 17:59:18,614 - DEBUG - 
Top 5 most frequent samples:
2025-02-23 17:59:18,614 - DEBUG -   Rank | Count |   %   
2025-02-23 17:59:18,614 - DEBUG -   -----|-------|-------
2025-02-23 17:59:18,614 - DEBUG -      1 |     3 |   1.5
2025-02-23 17:59:18,614 - DEBUG -     Sample: [1 1 1 1 0 1 1 1 0 0 1 1]
2025-02-23 17:59:18,615 - DEBUG -      2 |     2 |   1.0
2025-02-23 17:59:18,615 - DEBUG -     Sample: [1 1 0 0 0 1 1 0 0 1 1 1]
2025-02-23 17:59:18,615 - DEBUG -      3 |     2 |   1.0
2025-02-23 17:59:18,615 - DEBUG -     Sample: [1 0 1 1 1 1 1 0 0 1 0 1]
2025-02-23 17:59:18,615 - DEBUG -      4 |     2 |   1.0
2025-02-23 17:59:18,616 - DEBUG -     Sample: [0 1 1 1 0 1 1 0 1 0 1 1]
2025-02-23 17:59:18,616 - DEBUG -      5 |     2 |   1.0
2025-02-23 17:59:18,616 - DEBUG -     Sample: [1 1 0 1 1 1 1 1 0 0 1 1]
2025-02-23 17:59:18,617 - DEBUG - Generated 178 unique samples from 200 total measurements
2025-02-23 17:59:18,620 - INFO -   No feasible solution found in this iteration
2025-02-23 17:59:18,620 - INFO -   Added 3 new constraints: [11, 22, 39]
2025-02-23 17:59:18,621 - INFO - 
Iteration 2:
2025-02-23 17:59:18,621 - DEBUG - Generated Ising Hamiltonian
2025-02-23 17:59:18,805 - DEBUG - Optimizing QAOA circuit...
2025-02-23 17:59:19,941 - DEBUG - Circuit optimization successful
2025-02-23 17:59:19,941 - DEBUG - Circuit optimization successful, final value: -4335.48101898102
2025-02-23 17:59:19,942 - DEBUG - Sampling from optimized circuit...
2025-02-23 17:59:19,955 - DEBUG - Generated 174 unique samples from 200 total measurements
2025-02-23 17:59:19,955 - DEBUG - 
Top 5 most frequent samples:
2025-02-23 17:59:19,955 - DEBUG -   Rank | Count |   %   
2025-02-23 17:59:19,955 - DEBUG -   -----|-------|-------
2025-02-23 17:59:19,956 - DEBUG -      1 |     3 |   1.5
2025-02-23 17:59:19,956 - DEBUG -     Sample: [0 1 1 1 1 1 0 0 0 0 1 0]
2025-02-23 17:59:19,956 - DEBUG -      2 |     3 |   1.5
2025-02-23 17:59:19,956 - DEBUG -     Sample: [0 1 0 1 0 1 0 0 0 0 1 0]
2025-02-23 17:59:19,956 - DEBUG -      3 |     2 |   1.0
2025-02-23 17:59:19,957 - DEBUG -     Sample: [0 1 1 1 1 1 1 0 0 0 0 0]
2025-02-23 17:59:19,957 - DEBUG -      4 |     2 |   1.0
2025-02-23 17:59:19,957 - DEBUG -     Sample: [0 1 0 1 0 0 0 0 0 0 1 0]
2025-02-23 17:59:19,957 - DEBUG -      5 |     2 |   1.0
2025-02-23 17:59:19,957 - DEBUG -     Sample: [0 1 1 1 1 1 0 1 0 0 0 0]
2025-02-23 17:59:19,958 - DEBUG - Generated 174 unique samples from 200 total measurements
2025-02-23 17:59:19,963 - INFO -   No feasible solution found in this iteration
2025-02-23 17:59:19,964 - INFO -   Added 3 new constraints: [18, 23, 38]
2025-02-23 17:59:19,965 - INFO - 
Iteration 3:
2025-02-23 17:59:19,966 - DEBUG - Generated Ising Hamiltonian
2025-02-23 17:59:20,162 - DEBUG - Optimizing QAOA circuit...
2025-02-23 17:59:21,456 - DEBUG - Circuit optimization successful
2025-02-23 17:59:21,456 - DEBUG - Circuit optimization successful, final value: -8833.770979020977
2025-02-23 17:59:21,457 - DEBUG - Sampling from optimized circuit...
2025-02-23 17:59:21,472 - DEBUG - Generated 72 unique samples from 200 total measurements
2025-02-23 17:59:21,472 - DEBUG - 
Top 5 most frequent samples:
2025-02-23 17:59:21,472 - DEBUG -   Rank | Count |   %   
2025-02-23 17:59:21,473 - DEBUG -   -----|-------|-------
2025-02-23 17:59:21,473 - DEBUG -      1 |    28 |  14.0
2025-02-23 17:59:21,473 - DEBUG -     Sample: [0 0 1 1 1 0 0 0 0 1 1 0]
2025-02-23 17:59:21,473 - DEBUG -      2 |    22 |  11.0
2025-02-23 17:59:21,474 - DEBUG -     Sample: [0 0 1 1 1 0 0 0 1 1 1 0]
2025-02-23 17:59:21,474 - DEBUG -      3 |    14 |   7.0
2025-02-23 17:59:21,474 - DEBUG -     Sample: [0 0 0 1 1 0 0 0 1 1 1 0]
2025-02-23 17:59:21,474 - DEBUG -      4 |    10 |   5.0
2025-02-23 17:59:21,474 - DEBUG -     Sample: [0 0 1 1 1 1 0 0 0 1 1 0]
2025-02-23 17:59:21,475 - DEBUG -      5 |     8 |   4.0
2025-02-23 17:59:21,475 - DEBUG -     Sample: [0 0 1 1 1 0 0 0 1 1 0 0]
2025-02-23 17:59:21,475 - DEBUG - Generated 72 unique samples from 200 total measurements
2025-02-23 17:59:21,477 - INFO -   No feasible solution found in this iteration
2025-02-23 17:59:21,477 - INFO -   Added 2 new constraints: [10, 25]
2025-02-23 17:59:21,478 - INFO - 
Iteration 4:
2025-02-23 17:59:21,478 - DEBUG - Generated Ising Hamiltonian
2025-02-23 17:59:21,743 - DEBUG - Optimizing QAOA circuit...
2025-02-23 17:59:22,825 - DEBUG - Circuit optimization successful
2025-02-23 17:59:22,825 - DEBUG - Circuit optimization successful, final value: 856.0387112887097
2025-02-23 17:59:22,825 - DEBUG - Sampling from optimized circuit...
2025-02-23 17:59:22,839 - DEBUG - Generated 169 unique samples from 200 total measurements
2025-02-23 17:59:22,839 - DEBUG - 
Top 5 most frequent samples:
2025-02-23 17:59:22,840 - DEBUG -   Rank | Count |   %   
2025-02-23 17:59:22,840 - DEBUG -   -----|-------|-------
2025-02-23 17:59:22,840 - DEBUG -      1 |     6 |   3.0
2025-02-23 17:59:22,840 - DEBUG -     Sample: [0 0 0 1 0 0 1 0 0 1 1 1]
2025-02-23 17:59:22,840 - DEBUG -      2 |     3 |   1.5
2025-02-23 17:59:22,840 - DEBUG -     Sample: [0 0 0 1 0 0 1 0 0 0 0 0]
2025-02-23 17:59:22,840 - DEBUG -      3 |     3 |   1.5
2025-02-23 17:59:22,841 - DEBUG -     Sample: [0 0 0 1 0 1 1 0 0 1 1 1]
2025-02-23 17:59:22,841 - DEBUG -      4 |     3 |   1.5
2025-02-23 17:59:22,841 - DEBUG -     Sample: [0 0 0 0 0 0 1 0 0 1 0 1]
2025-02-23 17:59:22,841 - DEBUG -      5 |     3 |   1.5
2025-02-23 17:59:22,841 - DEBUG -     Sample: [1 0 0 1 0 0 1 0 0 1 1 1]
2025-02-23 17:59:22,842 - DEBUG - Generated 169 unique samples from 200 total measurements
2025-02-23 17:59:22,845 - INFO -   No feasible solution found in this iteration
2025-02-23 17:59:22,846 - INFO -   Added 3 new constraints: [7, 21, 30]
2025-02-23 17:59:22,846 - INFO - 
Iteration 5:
2025-02-23 17:59:22,846 - DEBUG - Generated Ising Hamiltonian
2025-02-23 17:59:23,073 - DEBUG - Optimizing QAOA circuit...
2025-02-23 17:59:24,151 - DEBUG - Circuit optimization successful
2025-02-23 17:59:24,151 - DEBUG - Circuit optimization successful, final value: 16475.047452547453
2025-02-23 17:59:24,151 - DEBUG - Sampling from optimized circuit...
2025-02-23 17:59:24,166 - DEBUG - Generated 137 unique samples from 200 total measurements
2025-02-23 17:59:24,166 - DEBUG - 
Top 5 most frequent samples:
2025-02-23 17:59:24,166 - DEBUG -   Rank | Count |   %   
2025-02-23 17:59:24,166 - DEBUG -   -----|-------|-------
2025-02-23 17:59:24,166 - DEBUG -      1 |     8 |   4.0
2025-02-23 17:59:24,166 - DEBUG -     Sample: [1 1 0 1 1 0 0 1 1 0 0 1]
2025-02-23 17:59:24,167 - DEBUG -      2 |     6 |   3.0
2025-02-23 17:59:24,167 - DEBUG -     Sample: [1 1 1 1 1 0 0 1 1 0 0 1]
2025-02-23 17:59:24,167 - DEBUG -      3 |     5 |   2.5
2025-02-23 17:59:24,167 - DEBUG -     Sample: [1 0 0 1 1 0 0 1 1 0 0 1]
2025-02-23 17:59:24,167 - DEBUG -      4 |     5 |   2.5
2025-02-23 17:59:24,167 - DEBUG -     Sample: [1 1 0 1 1 0 0 1 1 1 0 1]
2025-02-23 17:59:24,168 - DEBUG -      5 |     4 |   2.0
2025-02-23 17:59:24,168 - DEBUG -     Sample: [1 0 1 0 1 0 0 1 1 0 0 1]
2025-02-23 17:59:24,168 - DEBUG - Generated 137 unique samples from 200 total measurements
2025-02-23 17:59:24,171 - INFO -   No feasible solution found in this iteration
2025-02-23 17:59:24,171 - INFO -   Added 3 new constraints: [8, 19, 28]
2025-02-23 17:59:24,172 - INFO - 
Iteration 6:
2025-02-23 17:59:24,172 - DEBUG - Generated Ising Hamiltonian
2025-02-23 17:59:24,386 - DEBUG - Optimizing QAOA circuit...
2025-02-23 17:59:25,727 - DEBUG - Circuit optimization successful
2025-02-23 17:59:25,727 - DEBUG - Circuit optimization successful, final value: 13324.288961038957
2025-02-23 17:59:25,727 - DEBUG - Sampling from optimized circuit...
2025-02-23 17:59:25,741 - DEBUG - Generated 84 unique samples from 200 total measurements
2025-02-23 17:59:25,741 - DEBUG - 
Top 5 most frequent samples:
2025-02-23 17:59:25,741 - DEBUG -   Rank | Count |   %   
2025-02-23 17:59:25,741 - DEBUG -   -----|-------|-------
2025-02-23 17:59:25,741 - DEBUG -      1 |    33 |  16.5
2025-02-23 17:59:25,742 - DEBUG -     Sample: [1 0 0 0 1 0 1 1 1 0 1 0]
2025-02-23 17:59:25,742 - DEBUG -      2 |    18 |   9.0
2025-02-23 17:59:25,742 - DEBUG -     Sample: [1 0 0 0 1 1 1 1 1 0 1 0]
2025-02-23 17:59:25,742 - DEBUG -      3 |    12 |   6.0
2025-02-23 17:59:25,742 - DEBUG -     Sample: [1 0 0 0 1 0 1 1 1 0 0 0]
2025-02-23 17:59:25,743 - DEBUG -      4 |    10 |   5.0
2025-02-23 17:59:25,743 - DEBUG -     Sample: [1 1 0 0 1 0 1 0 1 0 1 0]
2025-02-23 17:59:25,743 - DEBUG -      5 |     8 |   4.0
2025-02-23 17:59:25,743 - DEBUG -     Sample: [1 0 0 1 1 0 1 1 1 0 1 0]
2025-02-23 17:59:25,744 - DEBUG - Generated 84 unique samples from 200 total measurements
2025-02-23 17:59:25,746 - INFO -   No feasible solution found in this iteration
2025-02-23 17:59:25,746 - INFO -   Added 3 new constraints: [15, 20, 36]
2025-02-23 17:59:25,746 - INFO - 
Iteration 7:
2025-02-23 17:59:25,747 - DEBUG - Generated Ising Hamiltonian
2025-02-23 17:59:25,967 - DEBUG - Optimizing QAOA circuit...
2025-02-23 17:59:27,545 - DEBUG - Circuit optimization successful
2025-02-23 17:59:27,546 - DEBUG - Circuit optimization successful, final value: -1611.4255744255752
2025-02-23 17:59:27,546 - DEBUG - Sampling from optimized circuit...
2025-02-23 17:59:27,560 - DEBUG - Generated 163 unique samples from 200 total measurements
2025-02-23 17:59:27,560 - DEBUG - 
Top 5 most frequent samples:
2025-02-23 17:59:27,560 - DEBUG -   Rank | Count |   %   
2025-02-23 17:59:27,560 - DEBUG -   -----|-------|-------
2025-02-23 17:59:27,560 - DEBUG -      1 |     5 |   2.5
2025-02-23 17:59:27,560 - DEBUG -     Sample: [0 0 0 0 0 1 0 0 1 0 1 0]
2025-02-23 17:59:27,561 - DEBUG -      2 |     4 |   2.0
2025-02-23 17:59:27,561 - DEBUG -     Sample: [0 1 1 0 0 1 0 0 1 0 1 0]
2025-02-23 17:59:27,561 - DEBUG -      3 |     3 |   1.5
2025-02-23 17:59:27,561 - DEBUG -     Sample: [0 0 1 0 0 1 0 0 1 0 1 1]
2025-02-23 17:59:27,561 - DEBUG -      4 |     3 |   1.5
2025-02-23 17:59:27,561 - DEBUG -     Sample: [0 1 0 0 0 1 0 0 1 1 1 0]
2025-02-23 17:59:27,562 - DEBUG -      5 |     3 |   1.5
2025-02-23 17:59:27,562 - DEBUG -     Sample: [0 0 0 0 0 1 0 1 1 0 0 1]
2025-02-23 17:59:27,563 - DEBUG - Generated 163 unique samples from 200 total measurements
2025-02-23 17:59:27,566 - INFO -   No feasible solution found in this iteration
2025-02-23 17:59:27,567 - INFO -   Added 1 new constraints: [13]
2025-02-23 17:59:27,567 - INFO - 
Iteration 8:
2025-02-23 17:59:27,567 - DEBUG - Generated Ising Hamiltonian
2025-02-23 17:59:27,771 - DEBUG - Optimizing QAOA circuit...
2025-02-23 17:59:28,903 - DEBUG - Circuit optimization successful
2025-02-23 17:59:28,904 - DEBUG - Circuit optimization successful, final value: 40525.720029970034
2025-02-23 17:59:28,904 - DEBUG - Sampling from optimized circuit...
2025-02-23 17:59:28,920 - DEBUG - Generated 163 unique samples from 200 total measurements
2025-02-23 17:59:28,920 - DEBUG - 
Top 5 most frequent samples:
2025-02-23 17:59:28,920 - DEBUG -   Rank | Count |   %   
2025-02-23 17:59:28,920 - DEBUG -   -----|-------|-------
2025-02-23 17:59:28,920 - DEBUG -      1 |     4 |   2.0
2025-02-23 17:59:28,921 - DEBUG -     Sample: [0 0 1 1 1 0 0 1 1 0 0 1]
2025-02-23 17:59:28,921 - DEBUG -      2 |     3 |   1.5
2025-02-23 17:59:28,921 - DEBUG -     Sample: [0 1 1 1 0 0 0 1 1 1 0 1]
2025-02-23 17:59:28,921 - DEBUG -      3 |     3 |   1.5
2025-02-23 17:59:28,921 - DEBUG -     Sample: [1 1 1 0 1 1 1 1 1 0 0 1]
2025-02-23 17:59:28,921 - DEBUG -      4 |     3 |   1.5
2025-02-23 17:59:28,922 - DEBUG -     Sample: [0 1 1 1 1 0 0 1 1 0 0 1]
2025-02-23 17:59:28,922 - DEBUG -      5 |     3 |   1.5
2025-02-23 17:59:28,922 - DEBUG -     Sample: [0 1 1 1 1 1 1 1 1 1 0 1]
2025-02-23 17:59:28,923 - DEBUG - Generated 163 unique samples from 200 total measurements
2025-02-23 17:59:28,926 - INFO -   No feasible solution found in this iteration
2025-02-23 17:59:28,926 - INFO -   No new constraints added, lowered tau multiplier: 1.0 -> 0.9
2025-02-23 17:59:28,927 - INFO -   No new constraints added, lowered tau multiplier: 0.9 -> 0.8
2025-02-23 17:59:28,927 - INFO -   Added 9 new constraints: [1, 4, 6, 9, 27, 29, 33, 34, 35]
2025-02-23 17:59:28,927 - INFO - 
Iteration 9:
2025-02-23 17:59:28,927 - DEBUG - Generated Ising Hamiltonian
2025-02-23 17:59:29,130 - DEBUG - Optimizing QAOA circuit...
2025-02-23 17:59:30,628 - DEBUG - Circuit optimization successful
2025-02-23 17:59:30,629 - DEBUG - Circuit optimization successful, final value: 2546.638361638362
2025-02-23 17:59:30,629 - DEBUG - Sampling from optimized circuit...
2025-02-23 17:59:30,644 - DEBUG - Generated 183 unique samples from 200 total measurements
2025-02-23 17:59:30,644 - DEBUG - 
Top 5 most frequent samples:
2025-02-23 17:59:30,644 - DEBUG -   Rank | Count |   %   
2025-02-23 17:59:30,644 - DEBUG -   -----|-------|-------
2025-02-23 17:59:30,644 - DEBUG -      1 |     2 |   1.0
2025-02-23 17:59:30,645 - DEBUG -     Sample: [1 1 0 0 1 0 1 1 0 1 0 1]
2025-02-23 17:59:30,645 - DEBUG -      2 |     2 |   1.0
2025-02-23 17:59:30,645 - DEBUG -     Sample: [1 0 0 1 0 0 0 1 0 1 0 1]
2025-02-23 17:59:30,645 - DEBUG -      3 |     2 |   1.0
2025-02-23 17:59:30,645 - DEBUG -     Sample: [1 0 0 0 0 0 0 1 0 0 0 1]
2025-02-23 17:59:30,645 - DEBUG -      4 |     2 |   1.0
2025-02-23 17:59:30,646 - DEBUG -     Sample: [0 1 0 0 1 0 1 0 0 1 0 1]
2025-02-23 17:59:30,646 - DEBUG -      5 |     2 |   1.0
2025-02-23 17:59:30,646 - DEBUG -     Sample: [1 1 0 0 1 0 0 0 0 1 0 0]
2025-02-23 17:59:30,646 - DEBUG - Generated 183 unique samples from 200 total measurements
2025-02-23 17:59:30,648 - INFO - Found feasible solution: [1 1 0 1 0 0 1 0 0 1 0 0] with objective value 148.0
2025-02-23 17:59:30,650 - INFO -   Found feasible solution:
2025-02-23 17:59:30,650 - INFO -     Solution: [1, 1, 0, 1, 0, 0, 1, 0, 0, 1, 0, 0]
2025-02-23 17:59:30,650 - INFO -     Value: 148.0
2025-02-23 17:59:30,650 - INFO -     Gap to reference: 0.00%
2025-02-23 17:59:30,651 - INFO -   Constraint generation solution found:
2025-02-23 17:59:30,651 - INFO -     Solution: [1, 1, 0, 1, 0, 0, 1, 0, 0, 1, 0, 0]
2025-02-23 17:59:30,651 - INFO -     Value: 148.0
2025-02-23 17:59:30,651 - INFO - 
Instance 39 results:
2025-02-23 17:59:30,651 - INFO -   Classical value: 148.0
2025-02-23 17:59:30,651 - INFO -   QAOA value: 0.0
2025-02-23 17:59:30,651 - INFO -   Constraint generation value: 148.0
2025-02-23 17:59:30,652 - INFO - 
Running instance 40/100
2025-02-23 17:59:30,654 - INFO - 
Running Classical Reference Solver (SCIP):
2025-02-23 17:59:30,655 - DEBUG - Problem dimensions: 40 constraints, 12 variables
2025-02-23 17:59:30,655 - DEBUG - Row names: ['ELEM1', 'ELEM2', 'ELEM3', 'ELEM4', 'ELEM5', 'ELEM6', 'ELEM7', 'ELEM8', 'ELEM9', 'ELEM10', 'ELEM11', 'ELEM12', 'ELEM13', 'ELEM14', 'ELEM15', 'ELEM16', 'ELEM17', 'ELEM18', 'ELEM19', 'ELEM20', 'ELEM21', 'ELEM22', 'ELEM23', 'ELEM24', 'ELEM25', 'ELEM26', 'ELEM27', 'ELEM28', 'ELEM29', 'ELEM30', 'ELEM31', 'ELEM32', 'ELEM33', 'ELEM34', 'ELEM35', 'ELEM36', 'ELEM37', 'ELEM38', 'ELEM39', 'ELEM40']
2025-02-23 17:59:30,655 - DEBUG - RHS values: {'ELEM1': 1.0, 'ELEM2': 1.0, 'ELEM3': 1.0, 'ELEM4': 1.0, 'ELEM5': 1.0, 'ELEM6': 1.0, 'ELEM7': 1.0, 'ELEM8': 1.0, 'ELEM9': 1.0, 'ELEM10': 1.0, 'ELEM11': 1.0, 'ELEM12': 1.0, 'ELEM13': 1.0, 'ELEM14': 1.0, 'ELEM15': 1.0, 'ELEM16': 1.0, 'ELEM17': 1.0, 'ELEM18': 1.0, 'ELEM19': 1.0, 'ELEM20': 1.0, 'ELEM21': 1.0, 'ELEM22': 1.0, 'ELEM23': 1.0, 'ELEM24': 1.0, 'ELEM25': 1.0, 'ELEM26': 1.0, 'ELEM27': 1.0, 'ELEM28': 1.0, 'ELEM29': 1.0, 'ELEM30': 1.0, 'ELEM31': 1.0, 'ELEM32': 1.0, 'ELEM33': 1.0, 'ELEM34': 1.0, 'ELEM35': 1.0, 'ELEM36': 1.0, 'ELEM37': 1.0, 'ELEM38': 1.0, 'ELEM39': 1.0, 'ELEM40': 1.0}
2025-02-23 17:59:30,667 - INFO -   Reference solution found:
2025-02-23 17:59:30,668 - INFO -     Solution: [0, 0, 0, 0, 0, 1, 1, 1, 0, 1, 0, 0]
2025-02-23 17:59:30,668 - INFO -     Value: 281.0
2025-02-23 17:59:30,668 - INFO - 
Running QAOA Reference Solution (with all constraints):
