2025-02-23 17:14:16,733 - INFO - 
Problem information:
2025-02-23 17:14:16,733 - INFO -   Number of variables (n): 10
2025-02-23 17:14:16,733 - INFO -   Number of constraints (m): 30
2025-02-23 17:14:16,734 - DEBUG -   Density of A: 20.00%
2025-02-23 17:14:16,734 - INFO - 
Starting reference QAOA with parameters:
2025-02-23 17:14:16,734 - INFO -   sample_size (total shots): 200
2025-02-23 17:14:16,734 - INFO - Added all constraints
2025-02-23 17:14:16,734 - DEBUG - Generated Ising Hamiltonian
2025-02-23 17:14:16,933 - DEBUG - Optimizing QAOA circuit...
2025-02-23 17:14:17,982 - DEBUG - Circuit optimization successful
2025-02-23 17:14:17,983 - DEBUG - Circuit optimization successful, final value: 19366.761238761235
2025-02-23 17:14:17,983 - DEBUG - Sampling from optimized circuit...
2025-02-23 17:14:17,995 - DEBUG - Generated 107 unique samples from 200 total measurements
2025-02-23 17:14:17,995 - DEBUG - 
Top 5 most frequent samples:
2025-02-23 17:14:17,995 - DEBUG -   Rank | Count |   %   
2025-02-23 17:14:17,995 - DEBUG -   -----|-------|-------
2025-02-23 17:14:17,995 - DEBUG -      1 |     9 |   4.5
2025-02-23 17:14:17,996 - DEBUG -     Sample: [0 0 1 1 0 1 1 1 1 0]
2025-02-23 17:14:17,996 - DEBUG -      2 |     8 |   4.0
2025-02-23 17:14:17,996 - DEBUG -     Sample: [0 0 1 1 0 1 1 0 1 0]
2025-02-23 17:14:17,996 - DEBUG -      3 |     6 |   3.0
2025-02-23 17:14:17,996 - DEBUG -     Sample: [0 0 1 1 0 1 0 1 1 0]
2025-02-23 17:14:17,997 - DEBUG -      4 |     6 |   3.0
2025-02-23 17:14:17,997 - DEBUG -     Sample: [0 0 1 1 0 0 1 0 1 0]
2025-02-23 17:14:17,997 - DEBUG -      5 |     5 |   2.5
2025-02-23 17:14:17,997 - DEBUG -     Sample: [0 1 1 1 0 1 1 0 1 0]
2025-02-23 17:14:17,998 - DEBUG - Generated 107 unique samples from 200 total measurements
2025-02-23 17:14:18,000 - INFO - No feasible solution found
2025-02-23 17:14:18,000 - INFO - 
=====
2025-02-23 17:14:18,001 - INFO - Running Classical Reference Solver (SCIP):
2025-02-23 17:14:18,001 - DEBUG - Problem dimensions: 30 constraints, 10 variables
2025-02-23 17:14:18,002 - DEBUG - Row names: ['ELEM1', 'ELEM2', 'ELEM3', 'ELEM4', 'ELEM5', 'ELEM6', 'ELEM7', 'ELEM8', 'ELEM9', 'ELEM10', 'ELEM11', 'ELEM12', 'ELEM13', 'ELEM14', 'ELEM15', 'ELEM16', 'ELEM17', 'ELEM18', 'ELEM19', 'ELEM20', 'ELEM21', 'ELEM22', 'ELEM23', 'ELEM24', 'ELEM25', 'ELEM26', 'ELEM27', 'ELEM28', 'ELEM29', 'ELEM30']
2025-02-23 17:14:18,002 - DEBUG - RHS values: {'ELEM1': 1.0, 'ELEM2': 1.0, 'ELEM3': 1.0, 'ELEM4': 1.0, 'ELEM5': 1.0, 'ELEM6': 1.0, 'ELEM7': 1.0, 'ELEM8': 1.0, 'ELEM9': 1.0, 'ELEM10': 1.0, 'ELEM11': 1.0, 'ELEM12': 1.0, 'ELEM13': 1.0, 'ELEM14': 1.0, 'ELEM15': 1.0, 'ELEM16': 1.0, 'ELEM17': 1.0, 'ELEM18': 1.0, 'ELEM19': 1.0, 'ELEM20': 1.0, 'ELEM21': 1.0, 'ELEM22': 1.0, 'ELEM23': 1.0, 'ELEM24': 1.0, 'ELEM25': 1.0, 'ELEM26': 1.0, 'ELEM27': 1.0, 'ELEM28': 1.0, 'ELEM29': 1.0, 'ELEM30': 1.0}
2025-02-23 17:14:18,012 - INFO -   Reference solution found:
2025-02-23 17:14:18,012 - INFO -     Solution: [0, 0, 0, 0, 1, 1, 1, 1, 0, 0]
2025-02-23 17:14:18,012 - INFO -     Value: 201.0
2025-02-23 17:14:18,013 - INFO - 
=====
2025-02-23 17:14:18,013 - INFO - Running Constraint Generation:
2025-02-23 17:14:18,015 - INFO - 
Problem information:
2025-02-23 17:14:18,015 - INFO -   Number of variables (n): 10
2025-02-23 17:14:18,015 - INFO -   Number of constraints (m): 30
2025-02-23 17:14:18,016 - DEBUG -   Density of A: 20.00%
2025-02-23 17:14:18,016 - INFO - 
Running classical reference solver:
2025-02-23 17:14:18,025 - INFO -   Reference solution found:
2025-02-23 17:14:18,025 - INFO -     Solution: [0, 0, 0, 0, 1, 1, 1, 1, 0, 0]
2025-02-23 17:14:18,025 - INFO -     Value: 201.0
2025-02-23 17:14:18,025 - INFO - 
Starting quantum constraint generation with parameters:
2025-02-23 17:14:18,025 - INFO -   sample_size (total shots): 200
2025-02-23 17:14:18,026 - INFO -   tau: 0.1
2025-02-23 17:14:18,026 - INFO -   max_iters: 1000
2025-02-23 17:14:18,026 - INFO - 
Iteration 0:
2025-02-23 17:14:18,026 - DEBUG - Generated Ising Hamiltonian
2025-02-23 17:14:18,210 - DEBUG - Optimizing QAOA circuit...
2025-02-23 17:14:19,217 - DEBUG - Circuit optimization successful
2025-02-23 17:14:19,218 - DEBUG - Circuit optimization successful, final value: -232.27572427572426
2025-02-23 17:14:19,218 - DEBUG - Sampling from optimized circuit...
2025-02-23 17:14:19,227 - DEBUG - Generated 41 unique samples from 200 total measurements
2025-02-23 17:14:19,227 - DEBUG - 
Top 5 most frequent samples:
2025-02-23 17:14:19,227 - DEBUG -   Rank | Count |   %   
2025-02-23 17:14:19,227 - DEBUG -   -----|-------|-------
2025-02-23 17:14:19,227 - DEBUG -      1 |    52 |  26.0
2025-02-23 17:14:19,228 - DEBUG -     Sample: [1 0 1 1 0 1 1 1 1 1]
2025-02-23 17:14:19,228 - DEBUG -      2 |    34 |  17.0
2025-02-23 17:14:19,228 - DEBUG -     Sample: [1 0 1 1 1 1 1 1 1 1]
2025-02-23 17:14:19,228 - DEBUG -      3 |    17 |   8.5
2025-02-23 17:14:19,228 - DEBUG -     Sample: [1 0 1 1 0 1 1 0 1 1]
2025-02-23 17:14:19,228 - DEBUG -      4 |     9 |   4.5
2025-02-23 17:14:19,229 - DEBUG -     Sample: [1 0 1 1 1 1 1 0 1 1]
2025-02-23 17:14:19,229 - DEBUG -      5 |     9 |   4.5
2025-02-23 17:14:19,229 - DEBUG -     Sample: [0 0 1 1 0 1 1 1 1 1]
2025-02-23 17:14:19,229 - DEBUG - Generated 41 unique samples from 200 total measurements
2025-02-23 17:14:19,230 - INFO -   No feasible solution found in this iteration
2025-02-23 17:14:19,231 - INFO -   Added 4 new constraints: [14, 18, 24, 25]
2025-02-23 17:14:19,231 - INFO - 
Iteration 1:
2025-02-23 17:14:19,231 - DEBUG - Generated Ising Hamiltonian
2025-02-23 17:14:19,430 - DEBUG - Optimizing QAOA circuit...
2025-02-23 17:14:20,307 - DEBUG - Circuit optimization successful
2025-02-23 17:14:20,308 - DEBUG - Circuit optimization successful, final value: -1633.362637362637
2025-02-23 17:14:20,308 - DEBUG - Sampling from optimized circuit...
2025-02-23 17:14:20,320 - DEBUG - Generated 158 unique samples from 200 total measurements
2025-02-23 17:14:20,320 - DEBUG - 
Top 5 most frequent samples:
2025-02-23 17:14:20,321 - DEBUG -   Rank | Count |   %   
2025-02-23 17:14:20,321 - DEBUG -   -----|-------|-------
2025-02-23 17:14:20,321 - DEBUG -      1 |     4 |   2.0
2025-02-23 17:14:20,321 - DEBUG -     Sample: [1 0 0 0 0 0 0 0 1 0]
2025-02-23 17:14:20,321 - DEBUG -      2 |     4 |   2.0
2025-02-23 17:14:20,322 - DEBUG -     Sample: [0 0 0 0 1 0 0 0 1 0]
2025-02-23 17:14:20,322 - DEBUG -      3 |     4 |   2.0
2025-02-23 17:14:20,322 - DEBUG -     Sample: [0 0 0 0 1 1 0 0 1 0]
2025-02-23 17:14:20,322 - DEBUG -      4 |     3 |   1.5
2025-02-23 17:14:20,323 - DEBUG -     Sample: [1 0 0 0 0 1 0 0 1 0]
2025-02-23 17:14:20,323 - DEBUG -      5 |     3 |   1.5
2025-02-23 17:14:20,323 - DEBUG -     Sample: [0 0 1 1 0 0 1 0 0 0]
2025-02-23 17:14:20,324 - DEBUG - Generated 158 unique samples from 200 total measurements
2025-02-23 17:14:20,328 - INFO -   No feasible solution found in this iteration
2025-02-23 17:14:20,328 - INFO -   Added 2 new constraints: [22, 23]
2025-02-23 17:14:20,328 - INFO - 
Iteration 2:
2025-02-23 17:14:20,329 - DEBUG - Generated Ising Hamiltonian
2025-02-23 17:14:20,541 - DEBUG - Optimizing QAOA circuit...
2025-02-23 17:14:21,364 - DEBUG - Circuit optimization successful
2025-02-23 17:14:21,364 - DEBUG - Circuit optimization successful, final value: -9570.223776223775
2025-02-23 17:14:21,364 - DEBUG - Sampling from optimized circuit...
2025-02-23 17:14:21,373 - DEBUG - Generated 114 unique samples from 200 total measurements
2025-02-23 17:14:21,374 - DEBUG - 
Top 5 most frequent samples:
2025-02-23 17:14:21,374 - DEBUG -   Rank | Count |   %   
2025-02-23 17:14:21,374 - DEBUG -   -----|-------|-------
2025-02-23 17:14:21,374 - DEBUG -      1 |     7 |   3.5
2025-02-23 17:14:21,375 - DEBUG -     Sample: [1 1 1 0 0 0 0 1 0 0]
2025-02-23 17:14:21,375 - DEBUG -      2 |     6 |   3.0
2025-02-23 17:14:21,375 - DEBUG -     Sample: [1 1 1 0 0 0 0 0 0 0]
2025-02-23 17:14:21,375 - DEBUG -      3 |     5 |   2.5
2025-02-23 17:14:21,375 - DEBUG -     Sample: [1 1 1 0 0 1 0 1 0 0]
2025-02-23 17:14:21,375 - DEBUG -      4 |     5 |   2.5
2025-02-23 17:14:21,376 - DEBUG -     Sample: [1 1 1 0 1 0 0 0 0 0]
2025-02-23 17:14:21,376 - DEBUG -      5 |     5 |   2.5
2025-02-23 17:14:21,377 - DEBUG -     Sample: [1 1 1 0 0 0 0 1 1 0]
2025-02-23 17:14:21,377 - DEBUG - Generated 114 unique samples from 200 total measurements
2025-02-23 17:14:21,379 - INFO -   No feasible solution found in this iteration
2025-02-23 17:14:21,379 - INFO -   No new constraints added, lowered tau multiplier: 1.0 -> 0.9
2025-02-23 17:14:21,379 - INFO -   No new constraints added, lowered tau multiplier: 0.9 -> 0.8
2025-02-23 17:14:21,380 - INFO -   Added 3 new constraints: [5, 8, 16]
2025-02-23 17:14:21,380 - INFO - 
Iteration 3:
2025-02-23 17:14:21,380 - DEBUG - Generated Ising Hamiltonian
2025-02-23 17:14:21,552 - DEBUG - Optimizing QAOA circuit...
2025-02-23 17:14:22,311 - DEBUG - Circuit optimization successful
2025-02-23 17:14:22,312 - DEBUG - Circuit optimization successful, final value: 3846.4985014985036
2025-02-23 17:14:22,312 - DEBUG - Sampling from optimized circuit...
2025-02-23 17:14:22,323 - DEBUG - Generated 131 unique samples from 200 total measurements
2025-02-23 17:14:22,323 - DEBUG - 
Top 5 most frequent samples:
2025-02-23 17:14:22,324 - DEBUG -   Rank | Count |   %   
2025-02-23 17:14:22,324 - DEBUG -   -----|-------|-------
2025-02-23 17:14:22,324 - DEBUG -      1 |     6 |   3.0
2025-02-23 17:14:22,324 - DEBUG -     Sample: [1 0 1 1 0 0 0 0 0 0]
2025-02-23 17:14:22,324 - DEBUG -      2 |     6 |   3.0
2025-02-23 17:14:22,325 - DEBUG -     Sample: [1 0 0 1 0 0 0 0 0 0]
2025-02-23 17:14:22,325 - DEBUG -      3 |     6 |   3.0
2025-02-23 17:14:22,325 - DEBUG -     Sample: [1 1 1 1 0 0 1 0 0 0]
2025-02-23 17:14:22,325 - DEBUG -      4 |     6 |   3.0
2025-02-23 17:14:22,325 - DEBUG -     Sample: [1 0 1 1 0 0 1 0 0 0]
2025-02-23 17:14:22,325 - DEBUG -      5 |     6 |   3.0
2025-02-23 17:14:22,325 - DEBUG -     Sample: [1 0 1 1 0 0 0 0 1 0]
2025-02-23 17:14:22,326 - DEBUG - Generated 131 unique samples from 200 total measurements
2025-02-23 17:14:22,328 - INFO -   No feasible solution found in this iteration
2025-02-23 17:14:22,329 - INFO -   Added 1 new constraints: [12]
2025-02-23 17:14:22,329 - INFO - 
Iteration 4:
2025-02-23 17:14:22,330 - DEBUG - Generated Ising Hamiltonian
2025-02-23 17:14:22,531 - DEBUG - Optimizing QAOA circuit...
2025-02-23 17:14:23,473 - DEBUG - Circuit optimization successful
2025-02-23 17:14:23,473 - DEBUG - Circuit optimization successful, final value: -19571.246753246753
2025-02-23 17:14:23,473 - DEBUG - Sampling from optimized circuit...
2025-02-23 17:14:23,486 - DEBUG - Generated 106 unique samples from 200 total measurements
2025-02-23 17:14:23,486 - DEBUG - 
Top 5 most frequent samples:
2025-02-23 17:14:23,486 - DEBUG -   Rank | Count |   %   
2025-02-23 17:14:23,487 - DEBUG -   -----|-------|-------
2025-02-23 17:14:23,487 - DEBUG -      1 |    11 |   5.5
2025-02-23 17:14:23,487 - DEBUG -     Sample: [0 0 0 0 0 0 0 0 1 1]
2025-02-23 17:14:23,487 - DEBUG -      2 |    11 |   5.5
2025-02-23 17:14:23,488 - DEBUG -     Sample: [0 0 0 0 1 0 0 0 0 1]
2025-02-23 17:14:23,488 - DEBUG -      3 |    10 |   5.0
2025-02-23 17:14:23,488 - DEBUG -     Sample: [0 0 0 0 0 0 0 0 0 0]
2025-02-23 17:14:23,488 - DEBUG -      4 |     8 |   4.0
2025-02-23 17:14:23,489 - DEBUG -     Sample: [0 0 0 0 1 0 0 0 1 0]
2025-02-23 17:14:23,489 - DEBUG -      5 |     7 |   3.5
2025-02-23 17:14:23,489 - DEBUG -     Sample: [0 0 0 0 0 0 0 0 0 1]
2025-02-23 17:14:23,490 - DEBUG - Generated 106 unique samples from 200 total measurements
2025-02-23 17:14:23,493 - INFO -   No feasible solution found in this iteration
2025-02-23 17:14:23,493 - INFO -   No new constraints added, lowered tau multiplier: 1.0 -> 0.9
2025-02-23 17:14:23,494 - INFO -   Added 8 new constraints: [3, 6, 10, 11, 15, 19, 20, 21]
2025-02-23 17:14:23,494 - INFO - 
Iteration 5:
2025-02-23 17:14:23,495 - DEBUG - Generated Ising Hamiltonian
2025-02-23 17:14:23,703 - DEBUG - Optimizing QAOA circuit...
2025-02-23 17:14:24,559 - DEBUG - Circuit optimization successful
2025-02-23 17:14:24,559 - DEBUG - Circuit optimization successful, final value: 5758.787212787213
2025-02-23 17:14:24,560 - DEBUG - Sampling from optimized circuit...
2025-02-23 17:14:24,571 - DEBUG - Generated 96 unique samples from 200 total measurements
2025-02-23 17:14:24,571 - DEBUG - 
Top 5 most frequent samples:
2025-02-23 17:14:24,571 - DEBUG -   Rank | Count |   %   
2025-02-23 17:14:24,571 - DEBUG -   -----|-------|-------
2025-02-23 17:14:24,571 - DEBUG -      1 |     8 |   4.0
2025-02-23 17:14:24,572 - DEBUG -     Sample: [0 1 0 0 0 1 1 1 0 0]
2025-02-23 17:14:24,572 - DEBUG -      2 |     8 |   4.0
2025-02-23 17:14:24,572 - DEBUG -     Sample: [0 1 0 0 1 1 1 1 0 0]
2025-02-23 17:14:24,572 - DEBUG -      3 |     7 |   3.5
2025-02-23 17:14:24,572 - DEBUG -     Sample: [0 1 0 0 0 0 1 1 0 0]
2025-02-23 17:14:24,573 - DEBUG -      4 |     7 |   3.5
2025-02-23 17:14:24,573 - DEBUG -     Sample: [0 1 0 0 1 0 1 1 0 0]
2025-02-23 17:14:24,573 - DEBUG -      5 |     6 |   3.0
2025-02-23 17:14:24,573 - DEBUG -     Sample: [0 1 0 0 1 0 1 1 0 1]
2025-02-23 17:14:24,574 - DEBUG - Generated 96 unique samples from 200 total measurements
2025-02-23 17:14:24,575 - INFO -   No feasible solution found in this iteration
2025-02-23 17:14:24,576 - INFO -   No new constraints added, lowered tau multiplier: 1.0 -> 0.9
2025-02-23 17:14:24,576 - INFO -   Added 6 new constraints: [1, 4, 7, 17, 26, 27]
2025-02-23 17:14:24,576 - INFO - 
Iteration 6:
2025-02-23 17:14:24,577 - DEBUG - Generated Ising Hamiltonian
2025-02-23 17:14:24,799 - DEBUG - Optimizing QAOA circuit...
2025-02-23 17:14:25,948 - DEBUG - Circuit optimization successful
2025-02-23 17:14:25,948 - DEBUG - Circuit optimization successful, final value: 4881.094905094906
2025-02-23 17:14:25,949 - DEBUG - Sampling from optimized circuit...
2025-02-23 17:14:25,961 - DEBUG - Generated 178 unique samples from 200 total measurements
2025-02-23 17:14:25,962 - DEBUG - 
Top 5 most frequent samples:
2025-02-23 17:14:25,962 - DEBUG -   Rank | Count |   %   
2025-02-23 17:14:25,962 - DEBUG -   -----|-------|-------
2025-02-23 17:14:25,962 - DEBUG -      1 |     3 |   1.5
2025-02-23 17:14:25,962 - DEBUG -     Sample: [0 0 1 0 0 1 1 1 0 1]
2025-02-23 17:14:25,962 - DEBUG -      2 |     3 |   1.5
2025-02-23 17:14:25,963 - DEBUG -     Sample: [1 0 0 1 1 0 1 0 0 1]
2025-02-23 17:14:25,963 - DEBUG -      3 |     2 |   1.0
2025-02-23 17:14:25,963 - DEBUG -     Sample: [1 1 0 1 1 1 0 1 0 0]
2025-02-23 17:14:25,963 - DEBUG -      4 |     2 |   1.0
2025-02-23 17:14:25,963 - DEBUG -     Sample: [1 0 1 0 0 0 0 0 1 0]
2025-02-23 17:14:25,963 - DEBUG -      5 |     2 |   1.0
2025-02-23 17:14:25,964 - DEBUG -     Sample: [1 1 1 1 0 1 0 0 1 1]
2025-02-23 17:14:25,964 - DEBUG - Generated 178 unique samples from 200 total measurements
2025-02-23 17:14:25,968 - INFO -   No feasible solution found in this iteration
2025-02-23 17:14:25,968 - INFO -   Added 1 new constraints: [2]
2025-02-23 17:14:25,968 - INFO - 
Iteration 7:
2025-02-23 17:14:25,969 - DEBUG - Generated Ising Hamiltonian
2025-02-23 17:14:26,169 - DEBUG - Optimizing QAOA circuit...
2025-02-23 17:14:27,425 - DEBUG - Circuit optimization successful
2025-02-23 17:14:27,426 - DEBUG - Circuit optimization successful, final value: -1399.2697302697309
2025-02-23 17:14:27,427 - DEBUG - Sampling from optimized circuit...
2025-02-23 17:14:27,438 - DEBUG - Generated 137 unique samples from 200 total measurements
2025-02-23 17:14:27,438 - DEBUG - 
Top 5 most frequent samples:
2025-02-23 17:14:27,438 - DEBUG -   Rank | Count |   %   
2025-02-23 17:14:27,438 - DEBUG -   -----|-------|-------
2025-02-23 17:14:27,438 - DEBUG -      1 |     6 |   3.0
2025-02-23 17:14:27,439 - DEBUG -     Sample: [0 0 0 1 0 0 0 1 0 0]
2025-02-23 17:14:27,439 - DEBUG -      2 |     4 |   2.0
2025-02-23 17:14:27,439 - DEBUG -     Sample: [1 1 0 0 1 0 0 1 0 0]
2025-02-23 17:14:27,439 - DEBUG -      3 |     4 |   2.0
2025-02-23 17:14:27,439 - DEBUG -     Sample: [1 0 0 1 1 1 0 1 1 1]
2025-02-23 17:14:27,439 - DEBUG -      4 |     4 |   2.0
2025-02-23 17:14:27,439 - DEBUG -     Sample: [0 1 0 0 0 0 1 0 0 0]
2025-02-23 17:14:27,440 - DEBUG -      5 |     4 |   2.0
2025-02-23 17:14:27,440 - DEBUG -     Sample: [0 0 0 0 0 0 1 1 0 0]
2025-02-23 17:14:27,440 - DEBUG - Generated 137 unique samples from 200 total measurements
2025-02-23 17:14:27,442 - INFO -   No feasible solution found in this iteration
2025-02-23 17:14:27,443 - INFO -   No new constraints added, lowered tau multiplier: 1.0 -> 0.9
2025-02-23 17:14:27,443 - INFO -   No new constraints added, lowered tau multiplier: 0.9 -> 0.8
2025-02-23 17:14:27,443 - INFO -   Added 3 new constraints: [9, 13, 29]
2025-02-23 17:14:27,443 - INFO - 
Iteration 8:
2025-02-23 17:14:27,444 - DEBUG - Generated Ising Hamiltonian
2025-02-23 17:14:27,715 - DEBUG - Optimizing QAOA circuit...
2025-02-23 17:14:28,828 - DEBUG - Circuit optimization successful
2025-02-23 17:14:28,828 - DEBUG - Circuit optimization successful, final value: -10482.783216783215
2025-02-23 17:14:28,828 - DEBUG - Sampling from optimized circuit...
2025-02-23 17:14:28,842 - DEBUG - Generated 96 unique samples from 200 total measurements
2025-02-23 17:14:28,843 - DEBUG - 
Top 5 most frequent samples:
2025-02-23 17:14:28,843 - DEBUG -   Rank | Count |   %   
2025-02-23 17:14:28,843 - DEBUG -   -----|-------|-------
2025-02-23 17:14:28,843 - DEBUG -      1 |    11 |   5.5
2025-02-23 17:14:28,844 - DEBUG -     Sample: [0 0 1 0 0 0 1 1 0 0]
2025-02-23 17:14:28,844 - DEBUG -      2 |    10 |   5.0
2025-02-23 17:14:28,844 - DEBUG -     Sample: [1 0 1 0 0 0 1 1 0 0]
2025-02-23 17:14:28,844 - DEBUG -      3 |     8 |   4.0
2025-02-23 17:14:28,844 - DEBUG -     Sample: [1 0 1 0 1 0 1 1 0 0]
2025-02-23 17:14:28,845 - DEBUG -      4 |     8 |   4.0
2025-02-23 17:14:28,845 - DEBUG -     Sample: [0 0 1 1 0 0 1 0 0 0]
2025-02-23 17:14:28,845 - DEBUG -      5 |     8 |   4.0
2025-02-23 17:14:28,845 - DEBUG -     Sample: [0 0 1 1 0 0 1 1 0 0]
2025-02-23 17:14:28,846 - DEBUG - Generated 96 unique samples from 200 total measurements
2025-02-23 17:14:28,848 - INFO -   No feasible solution found in this iteration
2025-02-23 17:14:28,849 - INFO -   No new constraints added, lowered tau multiplier: 1.0 -> 0.9
2025-02-23 17:14:28,849 - INFO -   No new constraints added, lowered tau multiplier: 0.9 -> 0.8
2025-02-23 17:14:28,849 - INFO -   Added 2 new constraints: [0, 28]
2025-02-23 17:14:28,849 - INFO - 
Iteration 9:
2025-02-23 17:14:28,850 - DEBUG - Generated Ising Hamiltonian
2025-02-23 17:14:29,058 - DEBUG - Optimizing QAOA circuit...
2025-02-23 17:14:30,188 - DEBUG - Circuit optimization successful
2025-02-23 17:14:30,188 - DEBUG - Circuit optimization successful, final value: 44788.43956043956
2025-02-23 17:14:30,189 - DEBUG - Sampling from optimized circuit...
2025-02-23 17:14:30,201 - DEBUG - Generated 111 unique samples from 200 total measurements
2025-02-23 17:14:30,201 - DEBUG - 
Top 5 most frequent samples:
2025-02-23 17:14:30,201 - DEBUG -   Rank | Count |   %   
2025-02-23 17:14:30,202 - DEBUG -   -----|-------|-------
2025-02-23 17:14:30,202 - DEBUG -      1 |    12 |   6.0
2025-02-23 17:14:30,202 - DEBUG -     Sample: [1 1 1 1 1 0 1 1 0 1]
2025-02-23 17:14:30,202 - DEBUG -      2 |     7 |   3.5
2025-02-23 17:14:30,202 - DEBUG -     Sample: [1 1 1 1 1 1 1 1 0 1]
2025-02-23 17:14:30,202 - DEBUG -      3 |     7 |   3.5
2025-02-23 17:14:30,202 - DEBUG -     Sample: [0 0 1 1 1 0 1 1 0 1]
2025-02-23 17:14:30,203 - DEBUG -      4 |     6 |   3.0
2025-02-23 17:14:30,203 - DEBUG -     Sample: [0 1 1 1 1 1 1 1 0 1]
2025-02-23 17:14:30,203 - DEBUG -      5 |     6 |   3.0
2025-02-23 17:14:30,203 - DEBUG -     Sample: [0 1 1 1 1 0 1 1 0 1]
2025-02-23 17:14:30,204 - DEBUG - Generated 111 unique samples from 200 total measurements
2025-02-23 17:14:30,205 - INFO -   No feasible solution found in this iteration
2025-02-23 17:14:30,206 - INFO -   All constraints added, exiting
2025-02-23 17:14:30,208 - INFO - 
Problem information:
2025-02-23 17:14:30,208 - INFO -   Number of variables (n): 10
2025-02-23 17:14:30,208 - INFO -   Number of constraints (m): 30
2025-02-23 17:14:30,208 - DEBUG -   Density of A: 25.00%
2025-02-23 17:14:30,209 - INFO - 
=====
2025-02-23 17:14:30,209 - INFO - Running Classical Reference Solver (SCIP):
2025-02-23 17:14:30,210 - DEBUG - Problem dimensions: 30 constraints, 10 variables
2025-02-23 17:14:30,210 - DEBUG - Row names: ['ELEM1', 'ELEM2', 'ELEM3', 'ELEM4', 'ELEM5', 'ELEM6', 'ELEM7', 'ELEM8', 'ELEM9', 'ELEM10', 'ELEM11', 'ELEM12', 'ELEM13', 'ELEM14', 'ELEM15', 'ELEM16', 'ELEM17', 'ELEM18', 'ELEM19', 'ELEM20', 'ELEM21', 'ELEM22', 'ELEM23', 'ELEM24', 'ELEM25', 'ELEM26', 'ELEM27', 'ELEM28', 'ELEM29', 'ELEM30']
2025-02-23 17:14:30,210 - DEBUG - RHS values: {'ELEM1': 1.0, 'ELEM2': 1.0, 'ELEM3': 1.0, 'ELEM4': 1.0, 'ELEM5': 1.0, 'ELEM6': 1.0, 'ELEM7': 1.0, 'ELEM8': 1.0, 'ELEM9': 1.0, 'ELEM10': 1.0, 'ELEM11': 1.0, 'ELEM12': 1.0, 'ELEM13': 1.0, 'ELEM14': 1.0, 'ELEM15': 1.0, 'ELEM16': 1.0, 'ELEM17': 1.0, 'ELEM18': 1.0, 'ELEM19': 1.0, 'ELEM20': 1.0, 'ELEM21': 1.0, 'ELEM22': 1.0, 'ELEM23': 1.0, 'ELEM24': 1.0, 'ELEM25': 1.0, 'ELEM26': 1.0, 'ELEM27': 1.0, 'ELEM28': 1.0, 'ELEM29': 1.0, 'ELEM30': 1.0}
2025-02-23 17:14:30,220 - INFO -   Reference solution found:
2025-02-23 17:14:30,220 - INFO -     Solution: [0, 1, 0, 1, 0, 0, 1, 0, 0, 0]
2025-02-23 17:14:30,220 - INFO -     Value: 141.0
2025-02-23 17:14:30,220 - INFO - 
=====
2025-02-23 17:14:30,220 - INFO - Running Constraint Generation:
2025-02-23 17:14:30,222 - INFO - 
Problem information:
2025-02-23 17:14:30,222 - INFO -   Number of variables (n): 10
2025-02-23 17:14:30,222 - INFO -   Number of constraints (m): 30
2025-02-23 17:14:30,222 - DEBUG -   Density of A: 25.00%
2025-02-23 17:14:30,222 - INFO - 
Running classical reference solver:
2025-02-23 17:14:30,233 - INFO -   Reference solution found:
2025-02-23 17:14:30,233 - INFO -     Solution: [0, 1, 0, 1, 0, 0, 1, 0, 0, 0]
2025-02-23 17:14:30,233 - INFO -     Value: 141.0
2025-02-23 17:14:30,233 - INFO - 
Starting quantum constraint generation with parameters:
2025-02-23 17:14:30,234 - INFO -   sample_size (total shots): 200
2025-02-23 17:14:30,234 - INFO -   tau: 0.1
2025-02-23 17:14:30,234 - INFO -   max_iters: 1000
2025-02-23 17:14:30,234 - INFO - 
Iteration 0:
2025-02-23 17:14:30,234 - DEBUG - Generated Ising Hamiltonian
2025-02-23 17:14:30,454 - DEBUG - Optimizing QAOA circuit...
2025-02-23 17:14:31,592 - DEBUG - Circuit optimization successful
2025-02-23 17:14:31,593 - DEBUG - Circuit optimization successful, final value: -142.95004995004996
2025-02-23 17:14:31,593 - DEBUG - Sampling from optimized circuit...
2025-02-23 17:14:31,603 - DEBUG - Generated 102 unique samples from 200 total measurements
2025-02-23 17:14:31,603 - DEBUG - 
Top 5 most frequent samples:
2025-02-23 17:14:31,603 - DEBUG -   Rank | Count |   %   
2025-02-23 17:14:31,603 - DEBUG -   -----|-------|-------
2025-02-23 17:14:31,604 - DEBUG -      1 |    13 |   6.5
2025-02-23 17:14:31,604 - DEBUG -     Sample: [0 1 1 1 0 1 1 0 1 1]
2025-02-23 17:14:31,604 - DEBUG -      2 |    11 |   5.5
2025-02-23 17:14:31,604 - DEBUG -     Sample: [1 1 1 1 0 1 1 0 1 1]
2025-02-23 17:14:31,604 - DEBUG -      3 |    10 |   5.0
2025-02-23 17:14:31,605 - DEBUG -     Sample: [1 1 1 1 1 1 1 0 1 1]
2025-02-23 17:14:31,605 - DEBUG -      4 |     8 |   4.0
2025-02-23 17:14:31,605 - DEBUG -     Sample: [1 1 1 1 0 1 0 0 1 1]
2025-02-23 17:14:31,605 - DEBUG -      5 |     7 |   3.5
2025-02-23 17:14:31,606 - DEBUG -     Sample: [0 1 1 1 0 1 0 0 1 1]
2025-02-23 17:14:31,606 - DEBUG - Generated 102 unique samples from 200 total measurements
2025-02-23 17:14:31,610 - INFO -   No feasible solution found in this iteration
2025-02-23 17:14:31,610 - INFO -   Added 1 new constraints: [9]
2025-02-23 17:14:31,610 - INFO - 
Iteration 1:
2025-02-23 17:14:31,611 - DEBUG - Generated Ising Hamiltonian
2025-02-23 17:14:31,804 - DEBUG - Optimizing QAOA circuit...
2025-02-23 17:14:32,714 - DEBUG - Circuit optimization successful
2025-02-23 17:14:32,714 - DEBUG - Circuit optimization successful, final value: -2502.7762237762236
2025-02-23 17:14:32,715 - DEBUG - Sampling from optimized circuit...
2025-02-23 17:14:32,726 - DEBUG - Generated 135 unique samples from 200 total measurements
2025-02-23 17:14:32,727 - DEBUG - 
Top 5 most frequent samples:
2025-02-23 17:14:32,727 - DEBUG -   Rank | Count |   %   
2025-02-23 17:14:32,727 - DEBUG -   -----|-------|-------
2025-02-23 17:14:32,727 - DEBUG -      1 |     6 |   3.0
2025-02-23 17:14:32,727 - DEBUG -     Sample: [0 0 0 0 1 1 1 0 0 0]
2025-02-23 17:14:32,727 - DEBUG -      2 |     5 |   2.5
2025-02-23 17:14:32,728 - DEBUG -     Sample: [0 1 0 0 1 0 1 1 1 0]
2025-02-23 17:14:32,728 - DEBUG -      3 |     4 |   2.0
2025-02-23 17:14:32,728 - DEBUG -     Sample: [0 0 1 0 0 0 1 1 0 0]
2025-02-23 17:14:32,728 - DEBUG -      4 |     4 |   2.0
2025-02-23 17:14:32,728 - DEBUG -     Sample: [0 0 1 0 1 1 1 0 0 1]
2025-02-23 17:14:32,729 - DEBUG -      5 |     4 |   2.0
2025-02-23 17:14:32,729 - DEBUG -     Sample: [0 0 0 0 1 0 1 1 0 0]
2025-02-23 17:14:32,729 - DEBUG - Generated 135 unique samples from 200 total measurements
2025-02-23 17:14:32,732 - INFO -   No feasible solution found in this iteration
2025-02-23 17:14:32,732 - INFO -   Added 2 new constraints: [12, 16]
2025-02-23 17:14:32,733 - INFO - 
Iteration 2:
2025-02-23 17:14:32,733 - DEBUG - Generated Ising Hamiltonian
2025-02-23 17:14:32,941 - DEBUG - Optimizing QAOA circuit...
2025-02-23 17:14:33,741 - DEBUG - Circuit optimization successful
2025-02-23 17:14:33,741 - DEBUG - Circuit optimization successful, final value: -5918.761738261737
2025-02-23 17:14:33,741 - DEBUG - Sampling from optimized circuit...
2025-02-23 17:14:33,753 - DEBUG - Generated 68 unique samples from 200 total measurements
2025-02-23 17:14:33,753 - DEBUG - 
Top 5 most frequent samples:
2025-02-23 17:14:33,753 - DEBUG -   Rank | Count |   %   
2025-02-23 17:14:33,753 - DEBUG -   -----|-------|-------
2025-02-23 17:14:33,753 - DEBUG -      1 |    21 |  10.5
2025-02-23 17:14:33,754 - DEBUG -     Sample: [1 0 1 0 0 0 0 1 0 1]
2025-02-23 17:14:33,754 - DEBUG -      2 |    14 |   7.0
2025-02-23 17:14:33,754 - DEBUG -     Sample: [1 0 1 0 0 0 0 0 0 1]
2025-02-23 17:14:33,754 - DEBUG -      3 |    12 |   6.0
2025-02-23 17:14:33,754 - DEBUG -     Sample: [1 0 1 0 1 0 0 1 0 1]
2025-02-23 17:14:33,754 - DEBUG -      4 |    10 |   5.0
2025-02-23 17:14:33,755 - DEBUG -     Sample: [1 0 1 0 0 1 0 0 0 1]
2025-02-23 17:14:33,755 - DEBUG -      5 |     8 |   4.0
2025-02-23 17:14:33,755 - DEBUG -     Sample: [1 0 1 0 1 0 0 0 0 1]
2025-02-23 17:14:33,755 - DEBUG - Generated 68 unique samples from 200 total measurements
2025-02-23 17:14:33,757 - INFO -   No feasible solution found in this iteration
2025-02-23 17:14:33,757 - INFO -   Added 2 new constraints: [13, 23]
2025-02-23 17:14:33,757 - INFO - 
Iteration 3:
2025-02-23 17:14:33,758 - DEBUG - Generated Ising Hamiltonian
2025-02-23 17:14:33,967 - DEBUG - Optimizing QAOA circuit...
2025-02-23 17:14:35,191 - DEBUG - Circuit optimization successful
2025-02-23 17:14:35,191 - DEBUG - Circuit optimization successful, final value: -13148.185564435564
2025-02-23 17:14:35,192 - DEBUG - Sampling from optimized circuit...
2025-02-23 17:14:35,204 - DEBUG - Generated 105 unique samples from 200 total measurements
2025-02-23 17:14:35,204 - DEBUG - 
Top 5 most frequent samples:
2025-02-23 17:14:35,204 - DEBUG -   Rank | Count |   %   
2025-02-23 17:14:35,205 - DEBUG -   -----|-------|-------
2025-02-23 17:14:35,205 - DEBUG -      1 |    10 |   5.0
2025-02-23 17:14:35,205 - DEBUG -     Sample: [1 0 0 0 0 1 0 0 0 0]
2025-02-23 17:14:35,205 - DEBUG -      2 |     7 |   3.5
2025-02-23 17:14:35,205 - DEBUG -     Sample: [1 0 0 0 0 1 0 0 0 1]
2025-02-23 17:14:35,205 - DEBUG -      3 |     6 |   3.0
2025-02-23 17:14:35,206 - DEBUG -     Sample: [0 0 0 1 0 0 0 1 0 0]
2025-02-23 17:14:35,206 - DEBUG -      4 |     6 |   3.0
2025-02-23 17:14:35,206 - DEBUG -     Sample: [1 0 0 0 1 0 1 0 0 0]
2025-02-23 17:14:35,206 - DEBUG -      5 |     6 |   3.0
2025-02-23 17:14:35,207 - DEBUG -     Sample: [1 0 0 0 1 0 0 0 0 0]
2025-02-23 17:14:35,207 - DEBUG - Generated 105 unique samples from 200 total measurements
2025-02-23 17:14:35,209 - INFO -   No feasible solution found in this iteration
2025-02-23 17:14:35,210 - INFO -   Added 1 new constraints: [1]
2025-02-23 17:14:35,210 - INFO - 
Iteration 4:
2025-02-23 17:14:35,211 - DEBUG - Generated Ising Hamiltonian
2025-02-23 17:14:35,408 - DEBUG - Optimizing QAOA circuit...
2025-02-23 17:14:36,425 - DEBUG - Circuit optimization successful
2025-02-23 17:14:36,426 - DEBUG - Circuit optimization successful, final value: -4692.194305694307
2025-02-23 17:14:36,426 - DEBUG - Sampling from optimized circuit...
2025-02-23 17:14:36,439 - DEBUG - Generated 141 unique samples from 200 total measurements
2025-02-23 17:14:36,439 - DEBUG - 
Top 5 most frequent samples:
2025-02-23 17:14:36,439 - DEBUG -   Rank | Count |   %   
2025-02-23 17:14:36,439 - DEBUG -   -----|-------|-------
2025-02-23 17:14:36,440 - DEBUG -      1 |     6 |   3.0
2025-02-23 17:14:36,440 - DEBUG -     Sample: [0 0 0 0 0 0 0 1 1 1]
2025-02-23 17:14:36,440 - DEBUG -      2 |     5 |   2.5
2025-02-23 17:14:36,440 - DEBUG -     Sample: [0 0 0 0 0 0 0 1 1 0]
2025-02-23 17:14:36,440 - DEBUG -      3 |     4 |   2.0
2025-02-23 17:14:36,441 - DEBUG -     Sample: [0 0 1 0 1 0 0 1 1 1]
2025-02-23 17:14:36,441 - DEBUG -      4 |     4 |   2.0
2025-02-23 17:14:36,441 - DEBUG -     Sample: [0 1 0 0 0 0 0 1 0 1]
2025-02-23 17:14:36,441 - DEBUG -      5 |     3 |   1.5
2025-02-23 17:14:36,442 - DEBUG -     Sample: [0 1 1 0 0 0 0 1 0 1]
2025-02-23 17:14:36,442 - DEBUG - Generated 141 unique samples from 200 total measurements
2025-02-23 17:14:36,445 - INFO -   No feasible solution found in this iteration
2025-02-23 17:14:36,446 - INFO -   No new constraints added, lowered tau multiplier: 1.0 -> 0.9
2025-02-23 17:14:36,446 - INFO -   No new constraints added, lowered tau multiplier: 0.9 -> 0.8
2025-02-23 17:14:36,446 - INFO -   Added 6 new constraints: [2, 14, 17, 18, 21, 24]
2025-02-23 17:14:36,446 - INFO - 
Iteration 5:
2025-02-23 17:14:36,447 - DEBUG - Generated Ising Hamiltonian
2025-02-23 17:14:36,664 - DEBUG - Optimizing QAOA circuit...
2025-02-23 17:14:37,762 - DEBUG - Circuit optimization successful
2025-02-23 17:14:37,763 - DEBUG - Circuit optimization successful, final value: 17167.607892107895
2025-02-23 17:14:37,763 - DEBUG - Sampling from optimized circuit...
2025-02-23 17:14:37,774 - DEBUG - Generated 120 unique samples from 200 total measurements
2025-02-23 17:14:37,774 - DEBUG - 
Top 5 most frequent samples:
2025-02-23 17:14:37,774 - DEBUG -   Rank | Count |   %   
2025-02-23 17:14:37,775 - DEBUG -   -----|-------|-------
2025-02-23 17:14:37,775 - DEBUG -      1 |     7 |   3.5
2025-02-23 17:14:37,775 - DEBUG -     Sample: [1 1 1 0 1 0 0 1 1 0]
2025-02-23 17:14:37,775 - DEBUG -      2 |     6 |   3.0
2025-02-23 17:14:37,775 - DEBUG -     Sample: [1 1 0 0 0 0 0 1 1 0]
2025-02-23 17:14:37,775 - DEBUG -      3 |     6 |   3.0
2025-02-23 17:14:37,776 - DEBUG -     Sample: [1 1 1 0 0 0 0 1 1 0]
2025-02-23 17:14:37,776 - DEBUG -      4 |     6 |   3.0
2025-02-23 17:14:37,776 - DEBUG -     Sample: [1 1 0 1 1 0 0 1 1 0]
2025-02-23 17:14:37,776 - DEBUG -      5 |     6 |   3.0
2025-02-23 17:14:37,776 - DEBUG -     Sample: [1 1 0 0 1 0 0 1 1 0]
2025-02-23 17:14:37,777 - DEBUG - Generated 120 unique samples from 200 total measurements
2025-02-23 17:14:37,779 - INFO -   No feasible solution found in this iteration
2025-02-23 17:14:37,779 - INFO -   No new constraints added, lowered tau multiplier: 1.0 -> 0.9
2025-02-23 17:14:37,779 - INFO -   No new constraints added, lowered tau multiplier: 0.9 -> 0.8
2025-02-23 17:14:37,780 - INFO -   No new constraints added, lowered tau multiplier: 0.8 -> 0.7
2025-02-23 17:14:37,780 - INFO -   Added 3 new constraints: [11, 20, 27]
2025-02-23 17:14:37,780 - INFO - 
Iteration 6:
2025-02-23 17:14:37,780 - DEBUG - Generated Ising Hamiltonian
2025-02-23 17:14:37,987 - DEBUG - Optimizing QAOA circuit...
2025-02-23 17:14:39,020 - DEBUG - Circuit optimization successful
2025-02-23 17:14:39,020 - DEBUG - Circuit optimization successful, final value: 29124.54120879122
2025-02-23 17:14:39,021 - DEBUG - Sampling from optimized circuit...
2025-02-23 17:14:39,032 - DEBUG - Generated 91 unique samples from 200 total measurements
2025-02-23 17:14:39,032 - DEBUG - 
Top 5 most frequent samples:
2025-02-23 17:14:39,032 - DEBUG -   Rank | Count |   %   
2025-02-23 17:14:39,033 - DEBUG -   -----|-------|-------
2025-02-23 17:14:39,033 - DEBUG -      1 |    13 |   6.5
2025-02-23 17:14:39,033 - DEBUG -     Sample: [0 1 1 1 1 1 1 0 0 0]
2025-02-23 17:14:39,033 - DEBUG -      2 |    13 |   6.5
2025-02-23 17:14:39,033 - DEBUG -     Sample: [1 1 1 1 1 1 1 0 0 0]
2025-02-23 17:14:39,034 - DEBUG -      3 |    10 |   5.0
2025-02-23 17:14:39,034 - DEBUG -     Sample: [0 1 1 1 0 1 1 0 0 0]
2025-02-23 17:14:39,034 - DEBUG -      4 |     8 |   4.0
2025-02-23 17:14:39,034 - DEBUG -     Sample: [0 1 1 1 1 1 0 0 0 0]
2025-02-23 17:14:39,034 - DEBUG -      5 |     8 |   4.0
2025-02-23 17:14:39,035 - DEBUG -     Sample: [0 1 1 1 1 1 1 1 0 0]
2025-02-23 17:14:39,035 - DEBUG - Generated 91 unique samples from 200 total measurements
2025-02-23 17:14:39,038 - INFO -   No feasible solution found in this iteration
2025-02-23 17:14:39,038 - INFO -   No new constraints added, lowered tau multiplier: 1.0 -> 0.9
2025-02-23 17:14:39,038 - INFO -   No new constraints added, lowered tau multiplier: 0.9 -> 0.8
2025-02-23 17:14:39,039 - INFO -   No new constraints added, lowered tau multiplier: 0.8 -> 0.7
2025-02-23 17:14:39,039 - INFO -   Added 3 new constraints: [10, 19, 25]
2025-02-23 17:14:39,039 - INFO - 
Iteration 7:
2025-02-23 17:14:39,039 - DEBUG - Generated Ising Hamiltonian
2025-02-23 17:14:39,230 - DEBUG - Optimizing QAOA circuit...
2025-02-23 17:14:40,249 - DEBUG - Circuit optimization successful
2025-02-23 17:14:40,249 - DEBUG - Circuit optimization successful, final value: -24081.52097902098
2025-02-23 17:14:40,249 - DEBUG - Sampling from optimized circuit...
2025-02-23 17:14:40,261 - DEBUG - Generated 81 unique samples from 200 total measurements
2025-02-23 17:14:40,261 - DEBUG - 
Top 5 most frequent samples:
2025-02-23 17:14:40,261 - DEBUG -   Rank | Count |   %   
2025-02-23 17:14:40,261 - DEBUG -   -----|-------|-------
2025-02-23 17:14:40,261 - DEBUG -      1 |    37 |  18.5
2025-02-23 17:14:40,262 - DEBUG -     Sample: [0 0 1 0 0 0 1 0 0 0]
2025-02-23 17:14:40,262 - DEBUG -      2 |    18 |   9.0
2025-02-23 17:14:40,262 - DEBUG -     Sample: [0 0 1 1 0 0 1 0 0 0]
2025-02-23 17:14:40,262 - DEBUG -      3 |     9 |   4.5
2025-02-23 17:14:40,262 - DEBUG -     Sample: [0 0 1 1 1 0 1 1 0 0]
2025-02-23 17:14:40,262 - DEBUG -      4 |     9 |   4.5
2025-02-23 17:14:40,263 - DEBUG -     Sample: [0 1 1 1 1 0 1 1 0 0]
2025-02-23 17:14:40,263 - DEBUG -      5 |     7 |   3.5
2025-02-23 17:14:40,263 - DEBUG -     Sample: [0 0 0 0 0 0 1 0 0 0]
2025-02-23 17:14:40,263 - DEBUG - Generated 81 unique samples from 200 total measurements
2025-02-23 17:14:40,264 - INFO - Found feasible solution: [0 1 0 1 0 0 1 0 0 0] with objective value 141.0
2025-02-23 17:14:40,265 - INFO -   Found feasible solution:
2025-02-23 17:14:40,265 - INFO -     Solution: [0, 1, 0, 1, 0, 0, 1, 0, 0, 0]
2025-02-23 17:14:40,265 - INFO -     Value: 141.0
2025-02-23 17:14:40,265 - INFO -     Gap to reference: 0.00%
2025-02-23 17:14:40,266 - INFO - 
---
2025-02-23 17:14:40,266 - INFO - Solution Comparison:
2025-02-23 17:14:40,266 - INFO - Gap to classical reference: 0.00%
2025-02-23 17:14:40,266 - INFO - 
Instance 7 results:
2025-02-23 17:14:40,267 - INFO -   Classical value: 171.00000000000003
2025-02-23 17:14:40,267 - INFO -   QAOA value: 0.0
2025-02-23 17:14:40,267 - INFO -   Constraint generation value: 141.0
2025-02-23 17:14:40,267 - INFO - 
Running instance 8/10
2025-02-23 17:14:40,269 - INFO - 
Problem information:
2025-02-23 17:14:40,269 - INFO -   Number of variables (n): 10
2025-02-23 17:14:40,269 - INFO -   Number of constraints (m): 30
2025-02-23 17:14:40,269 - DEBUG -   Density of A: 30.00%
2025-02-23 17:14:40,269 - INFO - 
Running Classical Reference Solver (SCIP):
2025-02-23 17:14:40,270 - DEBUG - Problem dimensions: 30 constraints, 10 variables
2025-02-23 17:14:40,270 - DEBUG - Row names: ['ELEM1', 'ELEM2', 'ELEM3', 'ELEM4', 'ELEM5', 'ELEM6', 'ELEM7', 'ELEM8', 'ELEM9', 'ELEM10', 'ELEM11', 'ELEM12', 'ELEM13', 'ELEM14', 'ELEM15', 'ELEM16', 'ELEM17', 'ELEM18', 'ELEM19', 'ELEM20', 'ELEM21', 'ELEM22', 'ELEM23', 'ELEM24', 'ELEM25', 'ELEM26', 'ELEM27', 'ELEM28', 'ELEM29', 'ELEM30']
2025-02-23 17:14:40,270 - DEBUG - RHS values: {'ELEM1': 1.0, 'ELEM2': 1.0, 'ELEM3': 1.0, 'ELEM4': 1.0, 'ELEM5': 1.0, 'ELEM6': 1.0, 'ELEM7': 1.0, 'ELEM8': 1.0, 'ELEM9': 1.0, 'ELEM10': 1.0, 'ELEM11': 1.0, 'ELEM12': 1.0, 'ELEM13': 1.0, 'ELEM14': 1.0, 'ELEM15': 1.0, 'ELEM16': 1.0, 'ELEM17': 1.0, 'ELEM18': 1.0, 'ELEM19': 1.0, 'ELEM20': 1.0, 'ELEM21': 1.0, 'ELEM22': 1.0, 'ELEM23': 1.0, 'ELEM24': 1.0, 'ELEM25': 1.0, 'ELEM26': 1.0, 'ELEM27': 1.0, 'ELEM28': 1.0, 'ELEM29': 1.0, 'ELEM30': 1.0}
2025-02-23 17:14:40,282 - INFO - 
Problem information:
2025-02-23 17:14:40,282 - INFO -   Number of variables (n): 10
2025-02-23 17:14:40,282 - INFO -   Number of constraints (m): 30
2025-02-23 17:14:40,282 - DEBUG -   Density of A: 30.00%
2025-02-23 17:14:40,282 - INFO - 
=====
2025-02-23 17:14:40,283 - INFO - Running QAOA Reference Solution (with all constraints):
