2025-02-23 18:49:55,554 - INFO - 
Problem information:
2025-02-23 18:49:55,554 - INFO -   Number of variables (n): 10
2025-02-23 18:49:55,554 - INFO -   Number of constraints (m): 20
2025-02-23 18:49:55,554 - DEBUG -   Density of A: 44.00%
2025-02-23 18:49:55,554 - INFO - 
Starting reference QAOA with parameters:
2025-02-23 18:49:55,555 - INFO -   sample_size (total shots): 100
2025-02-23 18:49:55,555 - INFO - Added all constraints
2025-02-23 18:49:55,555 - DEBUG - Generated Ising Hamiltonian
2025-02-23 18:49:55,789 - DEBUG - Optimizing QAOA circuit...
2025-02-23 18:49:57,493 - DEBUG - Circuit optimization successful
2025-02-23 18:49:57,493 - DEBUG - Circuit optimization successful, final value: 5233.591408591408
2025-02-23 18:49:57,493 - DEBUG - Sampling from optimized circuit...
2025-02-23 18:49:57,506 - DEBUG - Generated 97 unique samples from 100 total measurements
2025-02-23 18:49:57,506 - DEBUG - 
Top 5 most frequent samples:
2025-02-23 18:49:57,506 - DEBUG -   Rank | Count |   %   
2025-02-23 18:49:57,506 - DEBUG -   -----|-------|-------
2025-02-23 18:49:57,506 - DEBUG -      1 |     2 |   2.0
2025-02-23 18:49:57,507 - DEBUG -     Sample: [0 0 0 0 0 1 1 1 1 1]
2025-02-23 18:49:57,507 - DEBUG -      2 |     2 |   2.0
2025-02-23 18:49:57,507 - DEBUG -     Sample: [1 1 0 1 0 0 0 1 1 0]
2025-02-23 18:49:57,507 - DEBUG -      3 |     2 |   2.0
2025-02-23 18:49:57,507 - DEBUG -     Sample: [1 1 0 1 0 0 1 0 1 0]
2025-02-23 18:49:57,507 - DEBUG -      4 |     1 |   1.0
2025-02-23 18:49:57,508 - DEBUG -     Sample: [1 1 0 1 0 1 0 1 1 1]
2025-02-23 18:49:57,508 - DEBUG -      5 |     1 |   1.0
2025-02-23 18:49:57,508 - DEBUG -     Sample: [1 1 0 1 1 1 1 0 1 1]
2025-02-23 18:49:57,509 - DEBUG - Generated 97 unique samples from 100 total measurements
2025-02-23 18:49:57,511 - INFO - No feasible solution found
2025-02-23 18:49:57,511 - INFO -   QAOA solver found no feasible solution
2025-02-23 18:49:57,511 - INFO - 
Running Constraint Generation:
2025-02-23 18:49:57,512 - INFO - 
Problem information:
2025-02-23 18:49:57,513 - INFO -   Number of variables (n): 10
2025-02-23 18:49:57,513 - INFO -   Number of constraints (m): 20
2025-02-23 18:49:57,513 - DEBUG -   Density of A: 44.00%
2025-02-23 18:49:57,513 - INFO - 
Running classical reference solver:
2025-02-23 18:49:57,524 - INFO -   Reference solution found:
2025-02-23 18:49:57,524 - INFO -     Solution: [1, 0, 0, 0, 1, 0, 0, 0, 0, 0]
2025-02-23 18:49:57,524 - INFO -     Value: 26.0
2025-02-23 18:49:57,525 - INFO - 
Starting quantum constraint generation with parameters:
2025-02-23 18:49:57,525 - INFO -   sample_size (total shots): 100
2025-02-23 18:49:57,525 - INFO -   tau: 0.1
2025-02-23 18:49:57,525 - INFO -   max_iters: 1000
2025-02-23 18:49:57,525 - INFO - 
Iteration 0:
2025-02-23 18:49:57,525 - DEBUG - Generated Ising Hamiltonian
2025-02-23 18:49:57,731 - DEBUG - Optimizing QAOA circuit...
2025-02-23 18:49:58,595 - DEBUG - Circuit optimization successful
2025-02-23 18:49:58,596 - DEBUG - Circuit optimization successful, final value: -227.96903096903097
2025-02-23 18:49:58,596 - DEBUG - Sampling from optimized circuit...
2025-02-23 18:49:58,607 - DEBUG - Generated 49 unique samples from 100 total measurements
2025-02-23 18:49:58,607 - DEBUG - 
Top 5 most frequent samples:
2025-02-23 18:49:58,607 - DEBUG -   Rank | Count |   %   
2025-02-23 18:49:58,607 - DEBUG -   -----|-------|-------
2025-02-23 18:49:58,608 - DEBUG -      1 |     8 |   8.0
2025-02-23 18:49:58,608 - DEBUG -     Sample: [1 1 1 1 1 1 1 1 1 1]
2025-02-23 18:49:58,609 - DEBUG -      2 |     7 |   7.0
2025-02-23 18:49:58,609 - DEBUG -     Sample: [1 0 1 1 1 1 1 1 1 1]
2025-02-23 18:49:58,610 - DEBUG -      3 |     6 |   6.0
2025-02-23 18:49:58,610 - DEBUG -     Sample: [1 1 1 1 1 1 1 1 0 1]
2025-02-23 18:49:58,610 - DEBUG -      4 |     5 |   5.0
2025-02-23 18:49:58,610 - DEBUG -     Sample: [1 0 1 1 1 1 1 0 0 1]
2025-02-23 18:49:58,610 - DEBUG -      5 |     4 |   4.0
2025-02-23 18:49:58,611 - DEBUG -     Sample: [1 0 1 1 1 1 1 1 0 1]
2025-02-23 18:49:58,611 - DEBUG - Generated 49 unique samples from 100 total measurements
2025-02-23 18:49:58,612 - INFO -   No feasible solution found in this iteration
2025-02-23 18:49:58,613 - INFO -   Added 4 new constraints: [3, 15, 18, 19]
2025-02-23 18:49:58,613 - INFO - 
Iteration 1:
2025-02-23 18:49:58,614 - DEBUG - Generated Ising Hamiltonian
2025-02-23 18:49:58,823 - DEBUG - Optimizing QAOA circuit...
2025-02-23 18:49:59,986 - DEBUG - Circuit optimization successful
2025-02-23 18:49:59,987 - DEBUG - Circuit optimization successful, final value: 11401.649350649352
2025-02-23 18:49:59,987 - DEBUG - Sampling from optimized circuit...
2025-02-23 18:49:59,997 - DEBUG - Generated 86 unique samples from 100 total measurements
2025-02-23 18:49:59,997 - DEBUG - 
Top 5 most frequent samples:
2025-02-23 18:49:59,997 - DEBUG -   Rank | Count |   %   
2025-02-23 18:49:59,997 - DEBUG -   -----|-------|-------
2025-02-23 18:49:59,997 - DEBUG -      1 |     3 |   3.0
2025-02-23 18:49:59,998 - DEBUG -     Sample: [0 1 1 1 1 1 1 1 1 0]
2025-02-23 18:49:59,998 - DEBUG -      2 |     3 |   3.0
2025-02-23 18:49:59,998 - DEBUG -     Sample: [0 0 1 1 1 0 1 1 0 1]
2025-02-23 18:49:59,998 - DEBUG -      3 |     3 |   3.0
2025-02-23 18:49:59,998 - DEBUG -     Sample: [1 0 1 1 0 0 1 1 0 1]
2025-02-23 18:49:59,998 - DEBUG -      4 |     2 |   2.0
2025-02-23 18:49:59,999 - DEBUG -     Sample: [0 1 1 1 1 1 1 1 1 1]
2025-02-23 18:49:59,999 - DEBUG -      5 |     2 |   2.0
2025-02-23 18:49:59,999 - DEBUG -     Sample: [0 1 1 1 1 0 0 1 0 1]
2025-02-23 18:50:00,000 - DEBUG - Generated 86 unique samples from 100 total measurements
2025-02-23 18:50:00,002 - INFO -   No feasible solution found in this iteration
2025-02-23 18:50:00,003 - INFO -   Added 1 new constraints: [4]
2025-02-23 18:50:00,003 - INFO - 
Iteration 2:
2025-02-23 18:50:00,003 - DEBUG - Generated Ising Hamiltonian
2025-02-23 18:50:00,196 - DEBUG - Optimizing QAOA circuit...
2025-02-23 18:50:01,070 - DEBUG - Circuit optimization successful
2025-02-23 18:50:01,070 - DEBUG - Circuit optimization successful, final value: 19495.193806193805
2025-02-23 18:50:01,070 - DEBUG - Sampling from optimized circuit...
2025-02-23 18:50:01,082 - DEBUG - Generated 68 unique samples from 100 total measurements
2025-02-23 18:50:01,082 - DEBUG - 
Top 5 most frequent samples:
2025-02-23 18:50:01,082 - DEBUG -   Rank | Count |   %   
2025-02-23 18:50:01,082 - DEBUG -   -----|-------|-------
2025-02-23 18:50:01,083 - DEBUG -      1 |     9 |   9.0
2025-02-23 18:50:01,083 - DEBUG -     Sample: [1 0 1 1 0 1 0 0 0 0]
2025-02-23 18:50:01,083 - DEBUG -      2 |     5 |   5.0
2025-02-23 18:50:01,084 - DEBUG -     Sample: [1 1 1 1 0 1 0 0 0 0]
2025-02-23 18:50:01,084 - DEBUG -      3 |     4 |   4.0
2025-02-23 18:50:01,084 - DEBUG -     Sample: [1 1 1 0 0 1 0 0 0 0]
2025-02-23 18:50:01,084 - DEBUG -      4 |     4 |   4.0
2025-02-23 18:50:01,085 - DEBUG -     Sample: [1 1 0 1 0 1 0 0 0 0]
2025-02-23 18:50:01,085 - DEBUG -      5 |     4 |   4.0
2025-02-23 18:50:01,085 - DEBUG -     Sample: [1 1 1 1 0 1 0 0 1 0]
2025-02-23 18:50:01,086 - DEBUG - Generated 68 unique samples from 100 total measurements
2025-02-23 18:50:01,087 - INFO -   No feasible solution found in this iteration
2025-02-23 18:50:01,088 - INFO -   Added 7 new constraints: [0, 1, 5, 9, 10, 13, 14]
2025-02-23 18:50:01,088 - INFO - 
Iteration 3:
2025-02-23 18:50:01,088 - DEBUG - Generated Ising Hamiltonian
2025-02-23 18:50:01,318 - DEBUG - Optimizing QAOA circuit...
2025-02-23 18:50:02,319 - DEBUG - Circuit optimization successful
2025-02-23 18:50:02,319 - DEBUG - Circuit optimization successful, final value: -78250.04545454546
2025-02-23 18:50:02,320 - DEBUG - Sampling from optimized circuit...
2025-02-23 18:50:02,333 - DEBUG - Generated 52 unique samples from 100 total measurements
2025-02-23 18:50:02,333 - DEBUG - 
Top 5 most frequent samples:
2025-02-23 18:50:02,334 - DEBUG -   Rank | Count |   %   
2025-02-23 18:50:02,334 - DEBUG -   -----|-------|-------
2025-02-23 18:50:02,334 - DEBUG -      1 |    13 |  13.0
2025-02-23 18:50:02,334 - DEBUG -     Sample: [0 0 0 0 1 0 0 0 0 0]
2025-02-23 18:50:02,335 - DEBUG -      2 |     6 |   6.0
2025-02-23 18:50:02,335 - DEBUG -     Sample: [0 0 0 0 0 0 0 0 0 0]
2025-02-23 18:50:02,335 - DEBUG -      3 |     5 |   5.0
2025-02-23 18:50:02,336 - DEBUG -     Sample: [0 0 0 1 1 0 0 0 0 0]
2025-02-23 18:50:02,336 - DEBUG -      4 |     4 |   4.0
2025-02-23 18:50:02,336 - DEBUG -     Sample: [0 0 0 0 1 0 0 0 0 1]
2025-02-23 18:50:02,336 - DEBUG -      5 |     4 |   4.0
2025-02-23 18:50:02,337 - DEBUG -     Sample: [0 0 0 0 1 0 1 0 0 0]
2025-02-23 18:50:02,337 - DEBUG - Generated 52 unique samples from 100 total measurements
2025-02-23 18:50:02,338 - INFO - Found feasible solution: [0 0 0 0 0 1 1 0 0 0] with objective value 115.0
2025-02-23 18:50:02,339 - INFO -   Found feasible solution:
2025-02-23 18:50:02,339 - INFO -     Solution: [0, 0, 0, 0, 0, 1, 1, 0, 0, 0]
2025-02-23 18:50:02,340 - INFO -     Value: 115.0
2025-02-23 18:50:02,340 - INFO -     Gap to reference: 342.31%
2025-02-23 18:50:02,340 - INFO -   Constraint generation solution found:
2025-02-23 18:50:02,341 - INFO -     Solution: [0, 0, 0, 0, 0, 1, 1, 0, 0, 0]
2025-02-23 18:50:02,341 - INFO -     Value: 115.0
2025-02-23 18:50:02,341 - INFO - 
Instance 48 results:
2025-02-23 18:50:02,341 - INFO -   Classical value: 26.0
2025-02-23 18:50:02,341 - INFO -   QAOA value: 0.0
2025-02-23 18:50:02,342 - INFO -   Constraint generation value: 115.0
2025-02-23 18:50:02,342 - INFO - 
Running instance 49/100
2025-02-23 18:50:02,344 - INFO - 
Running Classical Reference Solver (SCIP):
2025-02-23 18:50:02,345 - DEBUG - Problem dimensions: 20 constraints, 10 variables
2025-02-23 18:50:02,345 - DEBUG - Row names: ['ELEM1', 'ELEM2', 'ELEM3', 'ELEM4', 'ELEM5', 'ELEM6', 'ELEM7', 'ELEM8', 'ELEM9', 'ELEM10', 'ELEM11', 'ELEM12', 'ELEM13', 'ELEM14', 'ELEM15', 'ELEM16', 'ELEM17', 'ELEM18', 'ELEM19', 'ELEM20']
2025-02-23 18:50:02,345 - DEBUG - RHS values: {'ELEM1': 1.0, 'ELEM2': 1.0, 'ELEM3': 1.0, 'ELEM4': 1.0, 'ELEM5': 1.0, 'ELEM6': 1.0, 'ELEM7': 1.0, 'ELEM8': 1.0, 'ELEM9': 1.0, 'ELEM10': 1.0, 'ELEM11': 1.0, 'ELEM12': 1.0, 'ELEM13': 1.0, 'ELEM14': 1.0, 'ELEM15': 1.0, 'ELEM16': 1.0, 'ELEM17': 1.0, 'ELEM18': 1.0, 'ELEM19': 1.0, 'ELEM20': 1.0}
2025-02-23 18:50:02,357 - INFO -   Reference solution found:
2025-02-23 18:50:02,357 - INFO -     Solution: [0, 0, 0, 0, 0, 1, 1, 0, 0, 0]
2025-02-23 18:50:02,357 - INFO -     Value: 71.0
2025-02-23 18:50:02,357 - INFO - 
Running QAOA Reference Solution (with all constraints):
