
Problem information:
  Number of variables (n): 10
  Number of constraints (m): 20

Starting reference QAOA with parameters:
  sample_size (total shots): 100
Added all constraints
No feasible solution found
  QAOA solver found no feasible solution

Running Constraint Generation:

Problem information:
  Number of variables (n): 10
  Number of constraints (m): 20

Running classical reference solver:
  Reference solution found:
    Solution: [1, 0, 0, 0, 1, 0, 0, 0, 0, 0]
    Value: 26.0

Starting quantum constraint generation with parameters:
  sample_size (total shots): 100
  tau: 0.1
  max_iters: 1000

Iteration 0:
  No feasible solution found in this iteration
  Added 4 new constraints: [3, 15, 18, 19]

Iteration 1:
  No feasible solution found in this iteration
  Added 1 new constraints: [4]

Iteration 2:
  No feasible solution found in this iteration
  Added 7 new constraints: [0, 1, 5, 9, 10, 13, 14]

Iteration 3:
Found feasible solution: [0 0 0 0 0 1 1 0 0 0] with objective value 115.0
  Found feasible solution:
    Solution: [0, 0, 0, 0, 0, 1, 1, 0, 0, 0]
    Value: 115.0
    Gap to reference: 342.31%
  Constraint generation solution found:
    Solution: [0, 0, 0, 0, 0, 1, 1, 0, 0, 0]
    Value: 115.0

Instance 48 results:
  Classical value: 26.0
  QAOA value: 0.0
  Constraint generation value: 115.0

Running instance 49/100

Running Classical Reference Solver (SCIP):
  Reference solution found:
    Solution: [0, 0, 0, 0, 0, 1, 1, 0, 0, 0]
    Value: 71.0

Running QAOA Reference Solution (with all constraints):
