2025-02-24 15:52:21,974 - INFO - 
Problem information:
2025-02-24 15:52:21,975 - INFO -   Number of variables (n): 12
2025-02-24 15:52:21,975 - INFO -   Number of constraints (m): 40
2025-02-24 15:52:21,975 - DEBUG -   Density of A: 22.08%
2025-02-24 15:52:21,976 - INFO - 
Starting reference QAOA with parameters:
2025-02-24 15:52:21,976 - INFO -   sample_size (total shots): 1000
2025-02-24 15:52:21,976 - INFO - Added all constraints
2025-02-24 15:52:21,976 - DEBUG - Generated Ising Hamiltonian
2025-02-24 15:52:22,211 - DEBUG - Optimizing QAOA circuit...
2025-02-24 15:52:26,172 - DEBUG - Circuit optimization successful
2025-02-24 15:52:26,172 - DEBUG - Circuit optimization successful, final value: 35450.869130869134
2025-02-24 15:52:26,173 - DEBUG - Sampling from optimized circuit...
2025-02-24 15:52:26,213 - DEBUG - Generated 558 unique samples from 1000 total measurements
2025-02-24 15:52:26,214 - DEBUG - 
Top 5 most frequent samples:
2025-02-24 15:52:26,214 - DEBUG -   Rank | Count |   %   
2025-02-24 15:52:26,215 - DEBUG -   -----|-------|-------
2025-02-24 15:52:26,215 - DEBUG -      1 |    22 |   2.2
2025-02-24 15:52:26,215 - DEBUG -     Sample: [1 0 1 1 1 1 1 1 1 0 0 0]
2025-02-24 15:52:26,215 - DEBUG -      2 |    16 |   1.6
2025-02-24 15:52:26,215 - DEBUG -     Sample: [1 0 1 1 1 1 1 1 1 0 0 1]
2025-02-24 15:52:26,215 - DEBUG -      3 |    15 |   1.5
2025-02-24 15:52:26,216 - DEBUG -     Sample: [1 0 1 1 1 1 1 1 1 1 0 0]
2025-02-24 15:52:26,216 - DEBUG -      4 |     9 |   0.9
2025-02-24 15:52:26,216 - DEBUG -     Sample: [1 0 0 0 1 1 1 1 1 0 0 0]
2025-02-24 15:52:26,216 - DEBUG -      5 |     9 |   0.9
2025-02-24 15:52:26,216 - DEBUG -     Sample: [0 0 1 0 1 1 1 1 1 0 0 0]
2025-02-24 15:52:26,217 - DEBUG - Generated 558 unique samples from 1000 total measurements
2025-02-24 15:52:26,227 - INFO - No feasible solution found
2025-02-24 15:52:26,228 - INFO -   QAOA solver found no feasible solution
2025-02-24 15:52:26,228 - INFO - 
Running Constraint Generation:
2025-02-24 15:52:26,230 - INFO - 
Problem information:
2025-02-24 15:52:26,230 - INFO -   Number of variables (n): 12
2025-02-24 15:52:26,230 - INFO -   Number of constraints (m): 40
2025-02-24 15:52:26,231 - DEBUG -   Density of A: 22.08%
2025-02-24 15:52:26,231 - INFO - 
Running classical reference solver:
2025-02-24 15:52:26,241 - INFO -   Reference solution found:
2025-02-24 15:52:26,241 - INFO -     Solution: [0, 0, 0, 0, 1, 0, 0, 0, 0, 0, 1, 1]
2025-02-24 15:52:26,241 - INFO -     Value: 162.00000000000003
2025-02-24 15:52:26,241 - INFO - 
Starting quantum constraint generation with parameters:
2025-02-24 15:52:26,242 - INFO -   sample_size (total shots): 1000
2025-02-24 15:52:26,242 - INFO -   tau: 0.1
2025-02-24 15:52:26,242 - INFO -   max_iters: 1000
2025-02-24 15:52:26,242 - INFO - 
Iteration 0:
2025-02-24 15:52:26,242 - DEBUG - Generated Ising Hamiltonian
2025-02-24 15:52:26,450 - DEBUG - Optimizing QAOA circuit...
2025-02-24 15:52:28,660 - DEBUG - Circuit optimization successful
2025-02-24 15:52:28,660 - DEBUG - Circuit optimization successful, final value: -322.56343656343654
2025-02-24 15:52:28,660 - DEBUG - Sampling from optimized circuit...
2025-02-24 15:52:28,683 - DEBUG - Generated 323 unique samples from 1000 total measurements
2025-02-24 15:52:28,683 - DEBUG - 
Top 5 most frequent samples:
2025-02-24 15:52:28,683 - DEBUG -   Rank | Count |   %   
2025-02-24 15:52:28,683 - DEBUG -   -----|-------|-------
2025-02-24 15:52:28,683 - DEBUG -      1 |    58 |   5.8
2025-02-24 15:52:28,684 - DEBUG -     Sample: [1 1 0 1 1 1 0 1 1 1 1 1]
2025-02-24 15:52:28,684 - DEBUG -      2 |    55 |   5.5
2025-02-24 15:52:28,684 - DEBUG -     Sample: [1 1 1 1 1 1 0 1 1 1 1 1]
2025-02-24 15:52:28,684 - DEBUG -      3 |    28 |   2.8
2025-02-24 15:52:28,684 - DEBUG -     Sample: [1 1 1 1 1 1 0 1 1 1 0 1]
2025-02-24 15:52:28,685 - DEBUG -      4 |    23 |   2.3
2025-02-24 15:52:28,685 - DEBUG -     Sample: [1 1 0 0 1 1 0 1 1 1 1 1]
2025-02-24 15:52:28,685 - DEBUG -      5 |    23 |   2.3
2025-02-24 15:52:28,685 - DEBUG -     Sample: [1 1 0 1 1 1 0 0 1 1 1 1]
2025-02-24 15:52:28,686 - DEBUG - Generated 323 unique samples from 1000 total measurements
2025-02-24 15:52:28,692 - INFO -   No feasible solution found in this iteration
2025-02-24 15:52:28,692 - INFO -   Added 1 new constraints: [19]
2025-02-24 15:52:28,693 - INFO - 
Iteration 1:
2025-02-24 15:52:28,693 - DEBUG - Generated Ising Hamiltonian
2025-02-24 15:52:28,935 - DEBUG - Optimizing QAOA circuit...
2025-02-24 15:52:31,333 - DEBUG - Circuit optimization successful
2025-02-24 15:52:31,333 - DEBUG - Circuit optimization successful, final value: -5628.251748251748
2025-02-24 15:52:31,333 - DEBUG - Sampling from optimized circuit...
2025-02-24 15:52:31,360 - DEBUG - Generated 180 unique samples from 1000 total measurements
2025-02-24 15:52:31,361 - DEBUG - 
Top 5 most frequent samples:
2025-02-24 15:52:31,361 - DEBUG -   Rank | Count |   %   
2025-02-24 15:52:31,361 - DEBUG -   -----|-------|-------
2025-02-24 15:52:31,361 - DEBUG -      1 |   110 |  11.0
2025-02-24 15:52:31,361 - DEBUG -     Sample: [0 1 1 0 1 1 0 0 0 1 0 1]
2025-02-24 15:52:31,362 - DEBUG -      2 |    90 |   9.0
2025-02-24 15:52:31,362 - DEBUG -     Sample: [0 1 1 0 1 0 0 0 0 1 0 1]
2025-02-24 15:52:31,362 - DEBUG -      3 |    73 |   7.3
2025-02-24 15:52:31,362 - DEBUG -     Sample: [0 0 1 0 1 1 0 0 0 1 0 1]
2025-02-24 15:52:31,362 - DEBUG -      4 |    48 |   4.8
2025-02-24 15:52:31,363 - DEBUG -     Sample: [0 0 1 0 1 0 0 0 0 1 0 1]
2025-02-24 15:52:31,363 - DEBUG -      5 |    28 |   2.8
2025-02-24 15:52:31,363 - DEBUG -     Sample: [0 1 1 1 1 1 0 0 0 1 0 1]
2025-02-24 15:52:31,364 - DEBUG - Generated 180 unique samples from 1000 total measurements
2025-02-24 15:52:31,368 - INFO -   No feasible solution found in this iteration
2025-02-24 15:52:31,369 - INFO -   Added 1 new constraints: [39]
2025-02-24 15:52:31,369 - INFO - 
Iteration 2:
2025-02-24 15:52:31,370 - DEBUG - Generated Ising Hamiltonian
2025-02-24 15:52:31,597 - DEBUG - Optimizing QAOA circuit...
2025-02-24 15:52:34,120 - DEBUG - Circuit optimization successful
2025-02-24 15:52:34,120 - DEBUG - Circuit optimization successful, final value: -7328.343656343657
2025-02-24 15:52:34,120 - DEBUG - Sampling from optimized circuit...
2025-02-24 15:52:34,151 - DEBUG - Generated 695 unique samples from 1000 total measurements
2025-02-24 15:52:34,156 - DEBUG - 
Top 5 most frequent samples:
2025-02-24 15:52:34,156 - DEBUG -   Rank | Count |   %   
2025-02-24 15:52:34,156 - DEBUG -   -----|-------|-------
2025-02-24 15:52:34,156 - DEBUG -      1 |     6 |   0.6
2025-02-24 15:52:34,156 - DEBUG -     Sample: [0 0 1 0 1 1 0 0 1 0 0 1]
2025-02-24 15:52:34,157 - DEBUG -      2 |     6 |   0.6
2025-02-24 15:52:34,157 - DEBUG -     Sample: [0 0 1 1 0 0 0 0 0 1 0 1]
2025-02-24 15:52:34,157 - DEBUG -      3 |     5 |   0.5
2025-02-24 15:52:34,158 - DEBUG -     Sample: [0 0 1 1 0 0 0 0 1 0 0 1]
2025-02-24 15:52:34,158 - DEBUG -      4 |     5 |   0.5
2025-02-24 15:52:34,158 - DEBUG -     Sample: [1 0 1 0 0 0 0 0 0 0 1 1]
2025-02-24 15:52:34,158 - DEBUG -      5 |     5 |   0.5
2025-02-24 15:52:34,159 - DEBUG -     Sample: [0 0 0 1 1 0 0 0 1 0 0 1]
2025-02-24 15:52:34,160 - DEBUG - Generated 695 unique samples from 1000 total measurements
2025-02-24 15:52:34,174 - INFO -   No feasible solution found in this iteration
2025-02-24 15:52:34,175 - INFO -   Added 1 new constraints: [28]
2025-02-24 15:52:34,175 - INFO - 
Iteration 3:
2025-02-24 15:52:34,175 - DEBUG - Generated Ising Hamiltonian
2025-02-24 15:52:34,389 - DEBUG - Optimizing QAOA circuit...
2025-02-24 15:52:36,908 - DEBUG - Circuit optimization successful
2025-02-24 15:52:36,908 - DEBUG - Circuit optimization successful, final value: -6744.231768231769
2025-02-24 15:52:36,908 - DEBUG - Sampling from optimized circuit...
2025-02-24 15:52:36,941 - DEBUG - Generated 479 unique samples from 1000 total measurements
2025-02-24 15:52:36,941 - DEBUG - 
Top 5 most frequent samples:
2025-02-24 15:52:36,941 - DEBUG -   Rank | Count |   %   
2025-02-24 15:52:36,942 - DEBUG -   -----|-------|-------
2025-02-24 15:52:36,942 - DEBUG -      1 |    20 |   2.0
2025-02-24 15:52:36,942 - DEBUG -     Sample: [1 0 0 1 0 0 0 0 1 0 1 0]
2025-02-24 15:52:36,942 - DEBUG -      2 |    18 |   1.8
2025-02-24 15:52:36,942 - DEBUG -     Sample: [1 1 0 0 0 0 0 0 1 0 1 0]
2025-02-24 15:52:36,942 - DEBUG -      3 |    16 |   1.6
2025-02-24 15:52:36,943 - DEBUG -     Sample: [1 0 0 0 0 0 0 0 1 0 1 0]
2025-02-24 15:52:36,943 - DEBUG -      4 |    13 |   1.3
2025-02-24 15:52:36,943 - DEBUG -     Sample: [0 0 0 1 0 0 0 0 1 0 1 0]
2025-02-24 15:52:36,943 - DEBUG -      5 |    13 |   1.3
2025-02-24 15:52:36,943 - DEBUG -     Sample: [1 0 0 1 0 0 0 1 1 0 1 0]
2025-02-24 15:52:36,945 - DEBUG - Generated 479 unique samples from 1000 total measurements
2025-02-24 15:52:36,954 - INFO -   No feasible solution found in this iteration
2025-02-24 15:52:36,954 - INFO -   Added 1 new constraints: [8]
2025-02-24 15:52:36,955 - INFO - 
Iteration 4:
2025-02-24 15:52:36,955 - DEBUG - Generated Ising Hamiltonian
2025-02-24 15:52:37,182 - DEBUG - Optimizing QAOA circuit...
2025-02-24 15:52:39,740 - DEBUG - Circuit optimization successful
2025-02-24 15:52:39,740 - DEBUG - Circuit optimization successful, final value: -9414.765234765233
2025-02-24 15:52:39,740 - DEBUG - Sampling from optimized circuit...
2025-02-24 15:52:39,774 - DEBUG - Generated 458 unique samples from 1000 total measurements
2025-02-24 15:52:39,775 - DEBUG - 
Top 5 most frequent samples:
2025-02-24 15:52:39,775 - DEBUG -   Rank | Count |   %   
2025-02-24 15:52:39,775 - DEBUG -   -----|-------|-------
2025-02-24 15:52:39,775 - DEBUG -      1 |    19 |   1.9
2025-02-24 15:52:39,775 - DEBUG -     Sample: [1 0 1 0 0 0 1 0 1 1 0 0]
2025-02-24 15:52:39,776 - DEBUG -      2 |    19 |   1.9
2025-02-24 15:52:39,776 - DEBUG -     Sample: [1 0 0 0 0 0 1 0 1 1 0 0]
2025-02-24 15:52:39,776 - DEBUG -      3 |    15 |   1.5
2025-02-24 15:52:39,776 - DEBUG -     Sample: [1 0 1 0 1 0 1 0 1 1 0 0]
2025-02-24 15:52:39,776 - DEBUG -      4 |    14 |   1.4
2025-02-24 15:52:39,777 - DEBUG -     Sample: [1 0 1 0 0 0 1 0 1 0 0 0]
2025-02-24 15:52:39,777 - DEBUG -      5 |    13 |   1.3
2025-02-24 15:52:39,777 - DEBUG -     Sample: [1 0 0 0 1 0 1 0 1 1 0 0]
2025-02-24 15:52:39,779 - DEBUG - Generated 458 unique samples from 1000 total measurements
2025-02-24 15:52:39,787 - INFO -   No feasible solution found in this iteration
2025-02-24 15:52:39,788 - INFO -   No new constraints added, lowered tau multiplier: 1.0 -> 0.9
2025-02-24 15:52:39,788 - INFO -   Added 2 new constraints: [2, 37]
2025-02-24 15:52:39,789 - INFO - 
Iteration 5:
2025-02-24 15:52:39,789 - DEBUG - Generated Ising Hamiltonian
2025-02-24 15:52:40,036 - DEBUG - Optimizing QAOA circuit...
2025-02-24 15:52:42,600 - DEBUG - Circuit optimization successful
2025-02-24 15:52:42,600 - DEBUG - Circuit optimization successful, final value: 22284.465534465537
2025-02-24 15:52:42,600 - DEBUG - Sampling from optimized circuit...
2025-02-24 15:52:42,632 - DEBUG - Generated 448 unique samples from 1000 total measurements
2025-02-24 15:52:42,632 - DEBUG - 
Top 5 most frequent samples:
2025-02-24 15:52:42,632 - DEBUG -   Rank | Count |   %   
2025-02-24 15:52:42,632 - DEBUG -   -----|-------|-------
2025-02-24 15:52:42,632 - DEBUG -      1 |    33 |   3.3
2025-02-24 15:52:42,633 - DEBUG -     Sample: [1 1 0 1 0 1 1 1 1 1 1 0]
2025-02-24 15:52:42,633 - DEBUG -      2 |    24 |   2.4
2025-02-24 15:52:42,633 - DEBUG -     Sample: [1 1 1 1 0 1 1 1 1 1 1 0]
2025-02-24 15:52:42,633 - DEBUG -      3 |    23 |   2.3
2025-02-24 15:52:42,633 - DEBUG -     Sample: [1 1 0 1 0 1 1 0 1 1 1 0]
2025-02-24 15:52:42,633 - DEBUG -      4 |    19 |   1.9
2025-02-24 15:52:42,634 - DEBUG -     Sample: [1 1 1 1 0 1 1 0 1 1 1 0]
2025-02-24 15:52:42,634 - DEBUG -      5 |    19 |   1.9
2025-02-24 15:52:42,634 - DEBUG -     Sample: [1 1 0 1 1 1 1 1 1 1 1 0]
2025-02-24 15:52:42,635 - DEBUG - Generated 448 unique samples from 1000 total measurements
2025-02-24 15:52:42,643 - INFO -   No feasible solution found in this iteration
2025-02-24 15:52:42,644 - INFO -   Added 2 new constraints: [11, 17]
2025-02-24 15:52:42,644 - INFO - 
Iteration 6:
2025-02-24 15:52:42,644 - DEBUG - Generated Ising Hamiltonian
2025-02-24 15:52:42,846 - DEBUG - Optimizing QAOA circuit...
2025-02-24 15:52:45,476 - DEBUG - Circuit optimization successful
2025-02-24 15:52:45,477 - DEBUG - Circuit optimization successful, final value: 4634.071928071927
2025-02-24 15:52:45,477 - DEBUG - Sampling from optimized circuit...
2025-02-24 15:52:45,511 - DEBUG - Generated 513 unique samples from 1000 total measurements
2025-02-24 15:52:45,511 - DEBUG - 
Top 5 most frequent samples:
2025-02-24 15:52:45,511 - DEBUG -   Rank | Count |   %   
2025-02-24 15:52:45,511 - DEBUG -   -----|-------|-------
2025-02-24 15:52:45,511 - DEBUG -      1 |    17 |   1.7
2025-02-24 15:52:45,512 - DEBUG -     Sample: [1 1 1 0 1 0 0 0 0 1 0 1]
2025-02-24 15:52:45,512 - DEBUG -      2 |    15 |   1.5
2025-02-24 15:52:45,512 - DEBUG -     Sample: [1 1 1 0 1 0 0 1 0 0 0 1]
2025-02-24 15:52:45,512 - DEBUG -      3 |    15 |   1.5
2025-02-24 15:52:45,512 - DEBUG -     Sample: [1 1 1 0 1 0 0 0 0 0 0 1]
2025-02-24 15:52:45,512 - DEBUG -      4 |    14 |   1.4
2025-02-24 15:52:45,512 - DEBUG -     Sample: [1 1 1 0 1 0 0 1 0 1 1 1]
2025-02-24 15:52:45,512 - DEBUG -      5 |    12 |   1.2
2025-02-24 15:52:45,513 - DEBUG -     Sample: [1 1 1 0 0 0 1 1 0 1 0 1]
2025-02-24 15:52:45,514 - DEBUG - Generated 513 unique samples from 1000 total measurements
2025-02-24 15:52:45,521 - INFO - Found feasible solution: [0 0 0 0 1 0 0 0 0 0 1 1] with objective value 162.0
2025-02-24 15:52:45,523 - INFO -   Found feasible solution:
2025-02-24 15:52:45,523 - INFO -     Solution: [0, 0, 0, 0, 1, 0, 0, 0, 0, 0, 1, 1]
2025-02-24 15:52:45,523 - INFO -     Value: 162.0
2025-02-24 15:52:45,523 - INFO -     Gap to reference: -0.00%
2025-02-24 15:52:45,524 - INFO -   Constraint generation solution found:
2025-02-24 15:52:45,524 - INFO -     Solution: [0, 0, 0, 0, 1, 0, 0, 0, 0, 0, 1, 1]
2025-02-24 15:52:45,524 - INFO -     Value: 162.0
2025-02-24 15:52:45,524 - INFO - 
Instance 100 results:
2025-02-24 15:52:45,524 - INFO -   Classical value: 162.00000000000003
2025-02-24 15:52:45,525 - INFO -   QAOA value: 0.0
2025-02-24 15:52:45,525 - INFO -   Constraint generation value: 162.0
2025-02-24 15:52:47,691 - INFO - 
Comparison analysis completed. Results saved in: results/20250224_155245
