2025-02-23 17:48:39,553 - INFO - 
Problem information:
2025-02-23 17:48:39,553 - INFO -   Number of variables (n): 12
2025-02-23 17:48:39,553 - INFO -   Number of constraints (m): 40
2025-02-23 17:48:39,553 - DEBUG -   Density of A: 18.75%
2025-02-23 17:48:39,553 - INFO - 
Starting reference QAOA with parameters:
2025-02-23 17:48:39,554 - INFO -   sample_size (total shots): 200
2025-02-23 17:48:39,554 - INFO - Added all constraints
2025-02-23 17:48:39,554 - DEBUG - Generated Ising Hamiltonian
2025-02-23 17:48:39,791 - DEBUG - Optimizing QAOA circuit...
2025-02-23 17:48:41,514 - DEBUG - Circuit optimization successful
2025-02-23 17:48:41,514 - DEBUG - Circuit optimization successful, final value: -10983.616383616387
2025-02-23 17:48:41,514 - DEBUG - Sampling from optimized circuit...
2025-02-23 17:48:41,530 - DEBUG - Generated 181 unique samples from 200 total measurements
2025-02-23 17:48:41,530 - DEBUG - 
Top 5 most frequent samples:
2025-02-23 17:48:41,530 - DEBUG -   Rank | Count |   %   
2025-02-23 17:48:41,530 - DEBUG -   -----|-------|-------
2025-02-23 17:48:41,531 - DEBUG -      1 |     3 |   1.5
2025-02-23 17:48:41,531 - DEBUG -     Sample: [1 0 1 0 1 1 0 0 1 0 0 0]
2025-02-23 17:48:41,531 - DEBUG -      2 |     3 |   1.5
2025-02-23 17:48:41,531 - DEBUG -     Sample: [1 0 1 1 1 1 1 1 0 1 0 1]
2025-02-23 17:48:41,531 - DEBUG -      3 |     2 |   1.0
2025-02-23 17:48:41,532 - DEBUG -     Sample: [0 0 0 1 0 0 0 0 0 0 1 1]
2025-02-23 17:48:41,532 - DEBUG -      4 |     2 |   1.0
2025-02-23 17:48:41,532 - DEBUG -     Sample: [0 0 0 1 1 0 0 1 0 0 1 0]
2025-02-23 17:48:41,532 - DEBUG -      5 |     2 |   1.0
2025-02-23 17:48:41,533 - DEBUG -     Sample: [1 1 0 1 1 0 0 1 0 1 0 0]
2025-02-23 17:48:41,533 - DEBUG - Generated 181 unique samples from 200 total measurements
2025-02-23 17:48:41,536 - INFO - No feasible solution found
2025-02-23 17:48:41,537 - INFO -   QAOA solver found no feasible solution
2025-02-23 17:48:41,537 - INFO - 
Running Constraint Generation:
2025-02-23 17:48:41,538 - INFO - 
Problem information:
2025-02-23 17:48:41,538 - INFO -   Number of variables (n): 12
2025-02-23 17:48:41,538 - INFO -   Number of constraints (m): 40
2025-02-23 17:48:41,538 - DEBUG -   Density of A: 18.75%
2025-02-23 17:48:41,539 - INFO - 
Running classical reference solver:
2025-02-23 17:48:41,548 - INFO -   Reference solution found:
2025-02-23 17:48:41,549 - INFO -     Solution: [1, 1, 1, 1, 0, 0, 0, 0, 1, 0, 0, 1]
2025-02-23 17:48:41,549 - INFO -     Value: 296.0
2025-02-23 17:48:41,549 - INFO - 
Starting quantum constraint generation with parameters:
2025-02-23 17:48:41,549 - INFO -   sample_size (total shots): 200
2025-02-23 17:48:41,550 - INFO -   tau: 0.1
2025-02-23 17:48:41,550 - INFO -   max_iters: 1000
2025-02-23 17:48:41,550 - INFO - 
Iteration 0:
2025-02-23 17:48:41,550 - DEBUG - Generated Ising Hamiltonian
2025-02-23 17:48:41,795 - DEBUG - Optimizing QAOA circuit...
2025-02-23 17:48:42,944 - DEBUG - Circuit optimization successful
2025-02-23 17:48:42,945 - DEBUG - Circuit optimization successful, final value: -166.4935064935065
2025-02-23 17:48:42,945 - DEBUG - Sampling from optimized circuit...
2025-02-23 17:48:42,958 - DEBUG - Generated 76 unique samples from 200 total measurements
2025-02-23 17:48:42,959 - DEBUG - 
Top 5 most frequent samples:
2025-02-23 17:48:42,959 - DEBUG -   Rank | Count |   %   
2025-02-23 17:48:42,959 - DEBUG -   -----|-------|-------
2025-02-23 17:48:42,959 - DEBUG -      1 |    22 |  11.0
2025-02-23 17:48:42,960 - DEBUG -     Sample: [1 0 1 1 1 0 0 0 0 1 1 1]
2025-02-23 17:48:42,960 - DEBUG -      2 |    15 |   7.5
2025-02-23 17:48:42,960 - DEBUG -     Sample: [1 0 1 1 1 0 0 1 0 1 1 1]
2025-02-23 17:48:42,960 - DEBUG -      3 |    13 |   6.5
2025-02-23 17:48:42,960 - DEBUG -     Sample: [1 1 1 1 1 0 0 0 0 1 1 1]
2025-02-23 17:48:42,961 - DEBUG -      4 |    13 |   6.5
2025-02-23 17:48:42,961 - DEBUG -     Sample: [1 1 1 1 1 0 1 0 0 1 1 1]
2025-02-23 17:48:42,961 - DEBUG -      5 |    10 |   5.0
2025-02-23 17:48:42,961 - DEBUG -     Sample: [1 0 1 1 1 0 1 0 0 1 1 1]
2025-02-23 17:48:42,962 - DEBUG - Generated 76 unique samples from 200 total measurements
2025-02-23 17:48:42,963 - INFO -   No feasible solution found in this iteration
2025-02-23 17:48:42,964 - INFO -   Added 1 new constraints: [4]
2025-02-23 17:48:42,964 - INFO - 
Iteration 1:
2025-02-23 17:48:42,965 - DEBUG - Generated Ising Hamiltonian
2025-02-23 17:48:43,189 - DEBUG - Optimizing QAOA circuit...
2025-02-23 17:48:44,384 - DEBUG - Circuit optimization successful
2025-02-23 17:48:44,384 - DEBUG - Circuit optimization successful, final value: -3373.9805194805194
2025-02-23 17:48:44,384 - DEBUG - Sampling from optimized circuit...
2025-02-23 17:48:44,401 - DEBUG - Generated 119 unique samples from 200 total measurements
2025-02-23 17:48:44,401 - DEBUG - 
Top 5 most frequent samples:
2025-02-23 17:48:44,401 - DEBUG -   Rank | Count |   %   
2025-02-23 17:48:44,401 - DEBUG -   -----|-------|-------
2025-02-23 17:48:44,401 - DEBUG -      1 |    13 |   6.5
2025-02-23 17:48:44,402 - DEBUG -     Sample: [1 1 1 0 0 0 1 0 0 0 0 0]
2025-02-23 17:48:44,402 - DEBUG -      2 |    10 |   5.0
2025-02-23 17:48:44,402 - DEBUG -     Sample: [1 1 1 0 0 0 1 0 0 0 1 0]
2025-02-23 17:48:44,402 - DEBUG -      3 |     6 |   3.0
2025-02-23 17:48:44,402 - DEBUG -     Sample: [1 1 1 0 1 0 1 0 0 0 1 0]
2025-02-23 17:48:44,403 - DEBUG -      4 |     6 |   3.0
2025-02-23 17:48:44,403 - DEBUG -     Sample: [1 1 1 0 0 0 1 0 0 0 0 1]
2025-02-23 17:48:44,403 - DEBUG -      5 |     6 |   3.0
2025-02-23 17:48:44,403 - DEBUG -     Sample: [1 1 1 1 0 0 1 0 0 0 0 0]
2025-02-23 17:48:44,404 - DEBUG - Generated 119 unique samples from 200 total measurements
2025-02-23 17:48:44,407 - INFO -   No feasible solution found in this iteration
2025-02-23 17:48:44,408 - INFO -   Added 4 new constraints: [8, 16, 18, 20]
2025-02-23 17:48:44,408 - INFO - 
Iteration 2:
2025-02-23 17:48:44,408 - DEBUG - Generated Ising Hamiltonian
2025-02-23 17:48:44,622 - DEBUG - Optimizing QAOA circuit...
2025-02-23 17:48:45,665 - DEBUG - Circuit optimization successful
2025-02-23 17:48:45,666 - DEBUG - Circuit optimization successful, final value: -9875.978521478522
2025-02-23 17:48:45,666 - DEBUG - Sampling from optimized circuit...
2025-02-23 17:48:45,681 - DEBUG - Generated 125 unique samples from 200 total measurements
2025-02-23 17:48:45,682 - DEBUG - 
Top 5 most frequent samples:
2025-02-23 17:48:45,682 - DEBUG -   Rank | Count |   %   
2025-02-23 17:48:45,682 - DEBUG -   -----|-------|-------
2025-02-23 17:48:45,682 - DEBUG -      1 |    11 |   5.5
2025-02-23 17:48:45,682 - DEBUG -     Sample: [0 1 1 0 0 0 0 0 0 0 0 0]
2025-02-23 17:48:45,683 - DEBUG -      2 |     8 |   4.0
2025-02-23 17:48:45,683 - DEBUG -     Sample: [1 1 1 0 0 0 1 0 0 0 0 0]
2025-02-23 17:48:45,683 - DEBUG -      3 |     7 |   3.5
2025-02-23 17:48:45,683 - DEBUG -     Sample: [0 1 1 0 0 0 0 0 0 0 0 1]
2025-02-23 17:48:45,684 - DEBUG -      4 |     5 |   2.5
2025-02-23 17:48:45,684 - DEBUG -     Sample: [0 1 1 0 0 0 0 0 0 0 1 0]
2025-02-23 17:48:45,684 - DEBUG -      5 |     5 |   2.5
2025-02-23 17:48:45,684 - DEBUG -     Sample: [0 1 1 1 0 0 0 0 0 0 0 0]
2025-02-23 17:48:45,685 - DEBUG - Generated 125 unique samples from 200 total measurements
2025-02-23 17:48:45,687 - INFO -   No feasible solution found in this iteration
2025-02-23 17:48:45,688 - INFO -   No new constraints added, lowered tau multiplier: 1.0 -> 0.9
2025-02-23 17:48:45,688 - INFO -   No new constraints added, lowered tau multiplier: 0.9 -> 0.8
2025-02-23 17:48:45,688 - INFO -   Added 3 new constraints: [7, 10, 28]
2025-02-23 17:48:45,688 - INFO - 
Iteration 3:
2025-02-23 17:48:45,689 - DEBUG - Generated Ising Hamiltonian
2025-02-23 17:48:45,918 - DEBUG - Optimizing QAOA circuit...
2025-02-23 17:48:47,092 - DEBUG - Circuit optimization successful
2025-02-23 17:48:47,092 - DEBUG - Circuit optimization successful, final value: -1071.1088911088914
2025-02-23 17:48:47,092 - DEBUG - Sampling from optimized circuit...
2025-02-23 17:48:47,106 - DEBUG - Generated 131 unique samples from 200 total measurements
2025-02-23 17:48:47,106 - DEBUG - 
Top 5 most frequent samples:
2025-02-23 17:48:47,106 - DEBUG -   Rank | Count |   %   
2025-02-23 17:48:47,106 - DEBUG -   -----|-------|-------
2025-02-23 17:48:47,106 - DEBUG -      1 |     8 |   4.0
2025-02-23 17:48:47,106 - DEBUG -     Sample: [0 0 0 0 0 0 1 1 1 0 0 1]
2025-02-23 17:48:47,106 - DEBUG -      2 |     8 |   4.0
2025-02-23 17:48:47,107 - DEBUG -     Sample: [1 0 0 0 0 1 1 1 1 0 0 1]
2025-02-23 17:48:47,107 - DEBUG -      3 |     6 |   3.0
2025-02-23 17:48:47,107 - DEBUG -     Sample: [1 0 0 0 1 1 0 1 1 0 0 1]
2025-02-23 17:48:47,107 - DEBUG -      4 |     4 |   2.0
2025-02-23 17:48:47,107 - DEBUG -     Sample: [1 0 0 0 0 1 0 1 1 0 0 1]
2025-02-23 17:48:47,108 - DEBUG -      5 |     4 |   2.0
2025-02-23 17:48:47,108 - DEBUG -     Sample: [1 0 0 0 1 0 1 1 1 0 0 1]
2025-02-23 17:48:47,108 - DEBUG - Generated 131 unique samples from 200 total measurements
2025-02-23 17:48:47,110 - INFO -   No feasible solution found in this iteration
2025-02-23 17:48:47,111 - INFO -   Added 1 new constraints: [37]
2025-02-23 17:48:47,111 - INFO - 
Iteration 4:
2025-02-23 17:48:47,111 - DEBUG - Generated Ising Hamiltonian
2025-02-23 17:48:47,319 - DEBUG - Optimizing QAOA circuit...
2025-02-23 17:48:48,453 - DEBUG - Circuit optimization successful
2025-02-23 17:48:48,453 - DEBUG - Circuit optimization successful, final value: -942.4220779220789
2025-02-23 17:48:48,453 - DEBUG - Sampling from optimized circuit...
2025-02-23 17:48:48,466 - DEBUG - Generated 164 unique samples from 200 total measurements
2025-02-23 17:48:48,467 - DEBUG - 
Top 5 most frequent samples:
2025-02-23 17:48:48,467 - DEBUG -   Rank | Count |   %   
2025-02-23 17:48:48,467 - DEBUG -   -----|-------|-------
2025-02-23 17:48:48,467 - DEBUG -      1 |     5 |   2.5
2025-02-23 17:48:48,467 - DEBUG -     Sample: [0 0 1 0 1 0 1 0 1 0 1 1]
2025-02-23 17:48:48,467 - DEBUG -      2 |     3 |   1.5
2025-02-23 17:48:48,467 - DEBUG -     Sample: [0 1 1 1 1 0 0 0 1 1 1 1]
2025-02-23 17:48:48,467 - DEBUG -      3 |     3 |   1.5
2025-02-23 17:48:48,468 - DEBUG -     Sample: [1 1 1 0 1 0 1 1 0 1 1 1]
2025-02-23 17:48:48,468 - DEBUG -      4 |     3 |   1.5
2025-02-23 17:48:48,468 - DEBUG -     Sample: [0 1 0 0 1 0 1 1 0 1 1 1]
2025-02-23 17:48:48,468 - DEBUG -      5 |     3 |   1.5
2025-02-23 17:48:48,468 - DEBUG -     Sample: [0 0 1 1 1 0 1 1 0 0 1 1]
2025-02-23 17:48:48,469 - DEBUG - Generated 164 unique samples from 200 total measurements
2025-02-23 17:48:48,471 - INFO -   No feasible solution found in this iteration
2025-02-23 17:48:48,472 - INFO -   Added 1 new constraints: [0]
2025-02-23 17:48:48,472 - INFO - 
Iteration 5:
2025-02-23 17:48:48,472 - DEBUG - Generated Ising Hamiltonian
2025-02-23 17:48:48,670 - DEBUG - Optimizing QAOA circuit...
2025-02-23 17:48:49,892 - DEBUG - Circuit optimization successful
2025-02-23 17:48:49,893 - DEBUG - Circuit optimization successful, final value: 1581.2447552447575
2025-02-23 17:48:49,893 - DEBUG - Sampling from optimized circuit...
2025-02-23 17:48:49,907 - DEBUG - Generated 109 unique samples from 200 total measurements
2025-02-23 17:48:49,907 - DEBUG - 
Top 5 most frequent samples:
2025-02-23 17:48:49,907 - DEBUG -   Rank | Count |   %   
2025-02-23 17:48:49,907 - DEBUG -   -----|-------|-------
2025-02-23 17:48:49,907 - DEBUG -      1 |    17 |   8.5
2025-02-23 17:48:49,907 - DEBUG -     Sample: [1 1 1 1 1 1 0 0 0 0 0 1]
2025-02-23 17:48:49,908 - DEBUG -      2 |    13 |   6.5
2025-02-23 17:48:49,908 - DEBUG -     Sample: [0 1 1 1 1 1 1 0 0 0 0 1]
2025-02-23 17:48:49,908 - DEBUG -      3 |    10 |   5.0
2025-02-23 17:48:49,908 - DEBUG -     Sample: [1 1 1 1 1 0 0 0 0 0 0 1]
2025-02-23 17:48:49,908 - DEBUG -      4 |     6 |   3.0
2025-02-23 17:48:49,908 - DEBUG -     Sample: [1 1 0 1 1 1 0 0 0 0 0 1]
2025-02-23 17:48:49,908 - DEBUG -      5 |     5 |   2.5
2025-02-23 17:48:49,909 - DEBUG -     Sample: [1 1 1 1 1 1 0 0 1 0 0 1]
2025-02-23 17:48:49,909 - DEBUG - Generated 109 unique samples from 200 total measurements
2025-02-23 17:48:49,911 - INFO -   No feasible solution found in this iteration
2025-02-23 17:48:49,911 - INFO -   Added 1 new constraints: [24]
2025-02-23 17:48:49,911 - INFO - 
Iteration 6:
2025-02-23 17:48:49,912 - DEBUG - Generated Ising Hamiltonian
2025-02-23 17:48:50,112 - DEBUG - Optimizing QAOA circuit...
2025-02-23 17:48:51,763 - DEBUG - Circuit optimization successful
2025-02-23 17:48:51,763 - DEBUG - Circuit optimization successful, final value: 4226.82067932068
2025-02-23 17:48:51,763 - DEBUG - Sampling from optimized circuit...
2025-02-23 17:48:51,777 - DEBUG - Generated 139 unique samples from 200 total measurements
2025-02-23 17:48:51,777 - DEBUG - 
Top 5 most frequent samples:
2025-02-23 17:48:51,777 - DEBUG -   Rank | Count |   %   
2025-02-23 17:48:51,777 - DEBUG -   -----|-------|-------
2025-02-23 17:48:51,777 - DEBUG -      1 |     8 |   4.0
2025-02-23 17:48:51,778 - DEBUG -     Sample: [1 0 0 1 0 1 1 1 1 0 1 0]
2025-02-23 17:48:51,778 - DEBUG -      2 |     6 |   3.0
2025-02-23 17:48:51,778 - DEBUG -     Sample: [1 0 0 1 0 1 1 1 0 0 1 0]
2025-02-23 17:48:51,778 - DEBUG -      3 |     6 |   3.0
2025-02-23 17:48:51,778 - DEBUG -     Sample: [0 0 0 1 0 1 1 1 1 0 1 0]
2025-02-23 17:48:51,778 - DEBUG -      4 |     6 |   3.0
2025-02-23 17:48:51,779 - DEBUG -     Sample: [1 0 0 1 0 1 1 1 0 0 0 0]
2025-02-23 17:48:51,779 - DEBUG -      5 |     5 |   2.5
2025-02-23 17:48:51,779 - DEBUG -     Sample: [1 1 0 1 0 1 1 1 1 0 1 0]
2025-02-23 17:48:51,780 - DEBUG - Generated 139 unique samples from 200 total measurements
2025-02-23 17:48:51,782 - INFO -   No feasible solution found in this iteration
2025-02-23 17:48:51,783 - INFO -   Added 1 new constraints: [11]
2025-02-23 17:48:51,783 - INFO - 
Iteration 7:
2025-02-23 17:48:51,783 - DEBUG - Generated Ising Hamiltonian
2025-02-23 17:48:51,995 - DEBUG - Optimizing QAOA circuit...
2025-02-23 17:48:53,251 - DEBUG - Circuit optimization successful
2025-02-23 17:48:53,252 - DEBUG - Circuit optimization successful, final value: 41737.23676323676
2025-02-23 17:48:53,252 - DEBUG - Sampling from optimized circuit...
2025-02-23 17:48:53,266 - DEBUG - Generated 136 unique samples from 200 total measurements
2025-02-23 17:48:53,267 - DEBUG - 
Top 5 most frequent samples:
2025-02-23 17:48:53,267 - DEBUG -   Rank | Count |   %   
2025-02-23 17:48:53,267 - DEBUG -   -----|-------|-------
2025-02-23 17:48:53,267 - DEBUG -      1 |     6 |   3.0
2025-02-23 17:48:53,267 - DEBUG -     Sample: [1 1 1 1 0 1 1 1 1 1 1 1]
2025-02-23 17:48:53,267 - DEBUG -      2 |     6 |   3.0
2025-02-23 17:48:53,268 - DEBUG -     Sample: [0 0 1 1 0 1 1 1 1 1 1 1]
2025-02-23 17:48:53,268 - DEBUG -      3 |     5 |   2.5
2025-02-23 17:48:53,268 - DEBUG -     Sample: [1 0 1 1 0 1 1 1 1 1 1 1]
2025-02-23 17:48:53,268 - DEBUG -      4 |     5 |   2.5
2025-02-23 17:48:53,268 - DEBUG -     Sample: [1 0 1 1 0 1 0 1 1 1 1 1]
2025-02-23 17:48:53,269 - DEBUG -      5 |     5 |   2.5
2025-02-23 17:48:53,269 - DEBUG -     Sample: [0 0 1 1 0 1 1 1 0 1 1 1]
2025-02-23 17:48:53,269 - DEBUG - Generated 136 unique samples from 200 total measurements
2025-02-23 17:48:53,272 - INFO -   No feasible solution found in this iteration
2025-02-23 17:48:53,272 - INFO -   No new constraints added, lowered tau multiplier: 1.0 -> 0.9
2025-02-23 17:48:53,273 - INFO -   Added 2 new constraints: [5, 25]
2025-02-23 17:48:53,273 - INFO - 
Iteration 8:
2025-02-23 17:48:53,273 - DEBUG - Generated Ising Hamiltonian
2025-02-23 17:48:53,480 - DEBUG - Optimizing QAOA circuit...
2025-02-23 17:48:54,775 - DEBUG - Circuit optimization successful
2025-02-23 17:48:54,776 - DEBUG - Circuit optimization successful, final value: 33069.7992007992
2025-02-23 17:48:54,776 - DEBUG - Sampling from optimized circuit...
2025-02-23 17:48:54,790 - DEBUG - Generated 140 unique samples from 200 total measurements
2025-02-23 17:48:54,790 - DEBUG - 
Top 5 most frequent samples:
2025-02-23 17:48:54,790 - DEBUG -   Rank | Count |   %   
2025-02-23 17:48:54,790 - DEBUG -   -----|-------|-------
2025-02-23 17:48:54,790 - DEBUG -      1 |     8 |   4.0
2025-02-23 17:48:54,790 - DEBUG -     Sample: [0 0 1 1 0 1 0 1 1 1 1 1]
2025-02-23 17:48:54,790 - DEBUG -      2 |     6 |   3.0
2025-02-23 17:48:54,791 - DEBUG -     Sample: [0 0 1 1 0 1 0 0 0 1 1 1]
2025-02-23 17:48:54,791 - DEBUG -      3 |     5 |   2.5
2025-02-23 17:48:54,791 - DEBUG -     Sample: [1 0 1 1 0 1 0 1 0 1 1 1]
2025-02-23 17:48:54,791 - DEBUG -      4 |     5 |   2.5
2025-02-23 17:48:54,791 - DEBUG -     Sample: [0 0 1 1 0 1 0 1 0 1 1 1]
2025-02-23 17:48:54,791 - DEBUG -      5 |     5 |   2.5
2025-02-23 17:48:54,791 - DEBUG -     Sample: [0 1 1 1 0 1 0 1 1 1 1 1]
2025-02-23 17:48:54,792 - DEBUG - Generated 140 unique samples from 200 total measurements
2025-02-23 17:48:54,794 - INFO -   No feasible solution found in this iteration
2025-02-23 17:48:54,795 - INFO -   No new constraints added, lowered tau multiplier: 1.0 -> 0.9
2025-02-23 17:48:54,795 - INFO -   Added 2 new constraints: [6, 13]
2025-02-23 17:48:54,795 - INFO - 
Iteration 9:
2025-02-23 17:48:54,795 - DEBUG - Generated Ising Hamiltonian
2025-02-23 17:48:54,994 - DEBUG - Optimizing QAOA circuit...
2025-02-23 17:48:56,587 - DEBUG - Circuit optimization successful
2025-02-23 17:48:56,587 - DEBUG - Circuit optimization successful, final value: 34972.67732267732
2025-02-23 17:48:56,587 - DEBUG - Sampling from optimized circuit...
2025-02-23 17:48:56,602 - DEBUG - Generated 170 unique samples from 200 total measurements
2025-02-23 17:48:56,602 - DEBUG - 
Top 5 most frequent samples:
2025-02-23 17:48:56,602 - DEBUG -   Rank | Count |   %   
2025-02-23 17:48:56,602 - DEBUG -   -----|-------|-------
2025-02-23 17:48:56,603 - DEBUG -      1 |     5 |   2.5
2025-02-23 17:48:56,603 - DEBUG -     Sample: [1 1 0 1 0 1 1 1 1 1 1 1]
2025-02-23 17:48:56,603 - DEBUG -      2 |     4 |   2.0
2025-02-23 17:48:56,603 - DEBUG -     Sample: [1 1 0 1 0 1 1 0 1 1 0 1]
2025-02-23 17:48:56,603 - DEBUG -      3 |     3 |   1.5
2025-02-23 17:48:56,604 - DEBUG -     Sample: [1 1 0 1 0 1 1 0 1 1 1 1]
2025-02-23 17:48:56,604 - DEBUG -      4 |     3 |   1.5
2025-02-23 17:48:56,604 - DEBUG -     Sample: [1 1 0 1 0 1 1 1 1 0 0 1]
2025-02-23 17:48:56,604 - DEBUG -      5 |     3 |   1.5
2025-02-23 17:48:56,605 - DEBUG -     Sample: [0 1 0 1 0 1 1 0 1 1 0 0]
2025-02-23 17:48:56,605 - DEBUG - Generated 170 unique samples from 200 total measurements
2025-02-23 17:48:56,608 - INFO -   No feasible solution found in this iteration
2025-02-23 17:48:56,609 - INFO -   No new constraints added, lowered tau multiplier: 1.0 -> 0.9
2025-02-23 17:48:56,609 - INFO -   No new constraints added, lowered tau multiplier: 0.9 -> 0.8
2025-02-23 17:48:56,609 - INFO -   Added 1 new constraints: [36]
2025-02-23 17:48:56,609 - INFO - 
Iteration 10:
2025-02-23 17:48:56,610 - DEBUG - Generated Ising Hamiltonian
2025-02-23 17:48:56,812 - DEBUG - Optimizing QAOA circuit...
2025-02-23 17:48:58,564 - DEBUG - Circuit optimization successful
2025-02-23 17:48:58,565 - DEBUG - Circuit optimization successful, final value: 1259.6908091908094
2025-02-23 17:48:58,565 - DEBUG - Sampling from optimized circuit...
2025-02-23 17:48:58,580 - DEBUG - Generated 193 unique samples from 200 total measurements
2025-02-23 17:48:58,580 - DEBUG - 
Top 5 most frequent samples:
2025-02-23 17:48:58,580 - DEBUG -   Rank | Count |   %   
2025-02-23 17:48:58,580 - DEBUG -   -----|-------|-------
2025-02-23 17:48:58,580 - DEBUG -      1 |     2 |   1.0
2025-02-23 17:48:58,581 - DEBUG -     Sample: [1 0 0 1 0 0 1 1 1 1 0 1]
2025-02-23 17:48:58,581 - DEBUG -      2 |     2 |   1.0
2025-02-23 17:48:58,581 - DEBUG -     Sample: [1 1 1 1 1 0 1 1 0 1 1 1]
2025-02-23 17:48:58,582 - DEBUG -      3 |     2 |   1.0
2025-02-23 17:48:58,582 - DEBUG -     Sample: [0 0 0 0 1 1 1 0 0 1 0 1]
2025-02-23 17:48:58,582 - DEBUG -      4 |     2 |   1.0
2025-02-23 17:48:58,582 - DEBUG -     Sample: [0 1 0 1 1 0 0 0 0 1 0 1]
2025-02-23 17:48:58,582 - DEBUG -      5 |     2 |   1.0
2025-02-23 17:48:58,583 - DEBUG -     Sample: [1 0 1 0 1 0 0 1 0 0 0 0]
2025-02-23 17:48:58,583 - DEBUG - Generated 193 unique samples from 200 total measurements
2025-02-23 17:48:58,586 - INFO -   No feasible solution found in this iteration
2025-02-23 17:48:58,587 - INFO -   No new constraints added, lowered tau multiplier: 1.0 -> 0.9
2025-02-23 17:48:58,587 - INFO -   Added 1 new constraints: [32]
2025-02-23 17:48:58,587 - INFO - 
Iteration 11:
2025-02-23 17:48:58,588 - DEBUG - Generated Ising Hamiltonian
2025-02-23 17:48:58,786 - DEBUG - Optimizing QAOA circuit...
2025-02-23 17:49:00,295 - DEBUG - Circuit optimization successful
2025-02-23 17:49:00,295 - DEBUG - Circuit optimization successful, final value: -9992.679320679319
2025-02-23 17:49:00,295 - DEBUG - Sampling from optimized circuit...
2025-02-23 17:49:00,311 - DEBUG - Generated 82 unique samples from 200 total measurements
2025-02-23 17:49:00,311 - DEBUG - 
Top 5 most frequent samples:
2025-02-23 17:49:00,311 - DEBUG -   Rank | Count |   %   
2025-02-23 17:49:00,311 - DEBUG -   -----|-------|-------
2025-02-23 17:49:00,311 - DEBUG -      1 |    16 |   8.0
2025-02-23 17:49:00,311 - DEBUG -     Sample: [0 0 0 1 0 1 0 1 0 1 0 0]
2025-02-23 17:49:00,311 - DEBUG -      2 |    14 |   7.0
2025-02-23 17:49:00,312 - DEBUG -     Sample: [0 0 0 1 0 1 0 1 0 0 0 0]
2025-02-23 17:49:00,312 - DEBUG -      3 |    13 |   6.5
2025-02-23 17:49:00,312 - DEBUG -     Sample: [0 0 0 1 0 1 0 1 0 1 0 1]
2025-02-23 17:49:00,312 - DEBUG -      4 |    12 |   6.0
2025-02-23 17:49:00,312 - DEBUG -     Sample: [0 0 0 1 0 1 0 0 0 0 0 0]
2025-02-23 17:49:00,312 - DEBUG -      5 |    10 |   5.0
2025-02-23 17:49:00,313 - DEBUG -     Sample: [0 0 1 1 0 1 0 1 0 1 0 1]
2025-02-23 17:49:00,313 - DEBUG - Generated 82 unique samples from 200 total measurements
2025-02-23 17:49:00,315 - INFO -   No feasible solution found in this iteration
2025-02-23 17:49:00,315 - INFO -   No new constraints added, lowered tau multiplier: 1.0 -> 0.9
2025-02-23 17:49:00,315 - INFO -   No new constraints added, lowered tau multiplier: 0.9 -> 0.8
2025-02-23 17:49:00,316 - INFO -   Added 9 new constraints: [1, 12, 19, 22, 26, 27, 29, 34, 39]
2025-02-23 17:49:00,316 - INFO - 
Iteration 12:
2025-02-23 17:49:00,316 - DEBUG - Generated Ising Hamiltonian
2025-02-23 17:49:00,516 - DEBUG - Optimizing QAOA circuit...
2025-02-23 17:49:02,350 - DEBUG - Circuit optimization successful
2025-02-23 17:49:02,351 - DEBUG - Circuit optimization successful, final value: 20846.427072927076
2025-02-23 17:49:02,351 - DEBUG - Sampling from optimized circuit...
2025-02-23 17:49:02,370 - DEBUG - Generated 133 unique samples from 200 total measurements
2025-02-23 17:49:02,371 - DEBUG - 
Top 5 most frequent samples:
2025-02-23 17:49:02,371 - DEBUG -   Rank | Count |   %   
2025-02-23 17:49:02,371 - DEBUG -   -----|-------|-------
2025-02-23 17:49:02,371 - DEBUG -      1 |    11 |   5.5
2025-02-23 17:49:02,371 - DEBUG -     Sample: [0 1 0 1 1 1 1 1 0 0 1 1]
2025-02-23 17:49:02,371 - DEBUG -      2 |     6 |   3.0
2025-02-23 17:49:02,372 - DEBUG -     Sample: [0 1 0 1 0 1 1 1 0 0 1 1]
2025-02-23 17:49:02,372 - DEBUG -      3 |     5 |   2.5
2025-02-23 17:49:02,372 - DEBUG -     Sample: [0 1 0 1 0 1 1 0 0 0 1 1]
2025-02-23 17:49:02,372 - DEBUG -      4 |     4 |   2.0
2025-02-23 17:49:02,373 - DEBUG -     Sample: [0 1 0 1 1 1 0 1 0 0 1 0]
2025-02-23 17:49:02,373 - DEBUG -      5 |     4 |   2.0
2025-02-23 17:49:02,373 - DEBUG -     Sample: [0 1 0 1 1 1 0 1 0 0 1 1]
2025-02-23 17:49:02,374 - DEBUG - Generated 133 unique samples from 200 total measurements
2025-02-23 17:49:02,376 - INFO -   No feasible solution found in this iteration
2025-02-23 17:49:02,377 - INFO -   No new constraints added, lowered tau multiplier: 1.0 -> 0.9
2025-02-23 17:49:02,377 - INFO -   No new constraints added, lowered tau multiplier: 0.9 -> 0.8
2025-02-23 17:49:02,378 - INFO -   No new constraints added, lowered tau multiplier: 0.8 -> 0.7
2025-02-23 17:49:02,378 - INFO -   Added 3 new constraints: [3, 17, 31]
2025-02-23 17:49:02,378 - INFO - 
Iteration 13:
2025-02-23 17:49:02,378 - DEBUG - Generated Ising Hamiltonian
2025-02-23 17:49:02,615 - DEBUG - Optimizing QAOA circuit...
2025-02-23 17:49:04,420 - DEBUG - Circuit optimization successful
2025-02-23 17:49:04,421 - DEBUG - Circuit optimization successful, final value: -9381.750249750248
2025-02-23 17:49:04,421 - DEBUG - Sampling from optimized circuit...
2025-02-23 17:49:04,438 - DEBUG - Generated 171 unique samples from 200 total measurements
2025-02-23 17:49:04,438 - DEBUG - 
Top 5 most frequent samples:
2025-02-23 17:49:04,438 - DEBUG -   Rank | Count |   %   
2025-02-23 17:49:04,438 - DEBUG -   -----|-------|-------
2025-02-23 17:49:04,438 - DEBUG -      1 |     4 |   2.0
2025-02-23 17:49:04,439 - DEBUG -     Sample: [0 0 1 0 0 0 0 1 1 0 1 1]
2025-02-23 17:49:04,439 - DEBUG -      2 |     4 |   2.0
2025-02-23 17:49:04,439 - DEBUG -     Sample: [0 0 1 1 0 0 0 1 1 0 1 1]
2025-02-23 17:49:04,439 - DEBUG -      3 |     3 |   1.5
2025-02-23 17:49:04,440 - DEBUG -     Sample: [0 0 0 0 0 1 0 1 1 0 1 1]
2025-02-23 17:49:04,440 - DEBUG -      4 |     3 |   1.5
2025-02-23 17:49:04,440 - DEBUG -     Sample: [0 0 1 0 0 1 0 1 1 0 1 1]
2025-02-23 17:49:04,440 - DEBUG -      5 |     3 |   1.5
2025-02-23 17:49:04,440 - DEBUG -     Sample: [0 0 1 0 0 0 0 0 1 1 1 1]
2025-02-23 17:49:04,441 - DEBUG - Generated 171 unique samples from 200 total measurements
2025-02-23 17:49:04,444 - INFO -   No feasible solution found in this iteration
2025-02-23 17:49:04,444 - INFO -   No new constraints added, lowered tau multiplier: 1.0 -> 0.9
2025-02-23 17:49:04,445 - INFO -   No new constraints added, lowered tau multiplier: 0.9 -> 0.8
2025-02-23 17:49:04,445 - INFO -   No new constraints added, lowered tau multiplier: 0.8 -> 0.7
2025-02-23 17:49:04,445 - INFO -   Added 3 new constraints: [21, 23, 30]
2025-02-23 17:49:04,445 - INFO - 
Iteration 14:
2025-02-23 17:49:04,446 - DEBUG - Generated Ising Hamiltonian
2025-02-23 17:49:04,644 - DEBUG - Optimizing QAOA circuit...
2025-02-23 17:49:06,149 - DEBUG - Circuit optimization successful
2025-02-23 17:49:06,149 - DEBUG - Circuit optimization successful, final value: 4454.341158841158
2025-02-23 17:49:06,149 - DEBUG - Sampling from optimized circuit...
2025-02-23 17:49:06,166 - DEBUG - Generated 189 unique samples from 200 total measurements
2025-02-23 17:49:06,167 - DEBUG - 
Top 5 most frequent samples:
2025-02-23 17:49:06,167 - DEBUG -   Rank | Count |   %   
2025-02-23 17:49:06,167 - DEBUG -   -----|-------|-------
2025-02-23 17:49:06,167 - DEBUG -      1 |     3 |   1.5
2025-02-23 17:49:06,167 - DEBUG -     Sample: [0 1 0 0 0 0 0 0 0 1 1 1]
2025-02-23 17:49:06,168 - DEBUG -      2 |     3 |   1.5
2025-02-23 17:49:06,168 - DEBUG -     Sample: [1 1 0 0 1 0 0 1 0 1 1 1]
2025-02-23 17:49:06,169 - DEBUG -      3 |     2 |   1.0
2025-02-23 17:49:06,169 - DEBUG -     Sample: [0 1 1 0 0 1 0 1 0 1 1 0]
2025-02-23 17:49:06,169 - DEBUG -      4 |     2 |   1.0
2025-02-23 17:49:06,169 - DEBUG -     Sample: [1 1 0 0 1 0 1 1 0 0 1 0]
2025-02-23 17:49:06,169 - DEBUG -      5 |     2 |   1.0
2025-02-23 17:49:06,170 - DEBUG -     Sample: [0 1 0 0 1 0 1 0 0 1 1 0]
2025-02-23 17:49:06,170 - DEBUG - Generated 189 unique samples from 200 total measurements
2025-02-23 17:49:06,174 - INFO -   No feasible solution found in this iteration
2025-02-23 17:49:06,175 - INFO -   No new constraints added, lowered tau multiplier: 1.0 -> 0.9
2025-02-23 17:49:06,175 - INFO -   No new constraints added, lowered tau multiplier: 0.9 -> 0.8
2025-02-23 17:49:06,175 - INFO -   No new constraints added, lowered tau multiplier: 0.8 -> 0.7
2025-02-23 17:49:06,175 - INFO -   Added 4 new constraints: [9, 14, 33, 35]
2025-02-23 17:49:06,176 - INFO - 
Iteration 15:
2025-02-23 17:49:06,176 - DEBUG - Generated Ising Hamiltonian
2025-02-23 17:49:06,383 - DEBUG - Optimizing QAOA circuit...
2025-02-23 17:49:07,964 - DEBUG - Circuit optimization successful
2025-02-23 17:49:07,964 - DEBUG - Circuit optimization successful, final value: -12285.804695304692
2025-02-23 17:49:07,964 - DEBUG - Sampling from optimized circuit...
2025-02-23 17:49:07,979 - DEBUG - Generated 194 unique samples from 200 total measurements
2025-02-23 17:49:07,980 - DEBUG - 
Top 5 most frequent samples:
2025-02-23 17:49:07,980 - DEBUG -   Rank | Count |   %   
2025-02-23 17:49:07,980 - DEBUG -   -----|-------|-------
2025-02-23 17:49:07,980 - DEBUG -      1 |     2 |   1.0
2025-02-23 17:49:07,980 - DEBUG -     Sample: [1 0 1 0 1 1 1 1 1 0 0 0]
2025-02-23 17:49:07,981 - DEBUG -      2 |     2 |   1.0
2025-02-23 17:49:07,981 - DEBUG -     Sample: [0 0 0 0 1 1 1 1 0 0 1 1]
2025-02-23 17:49:07,981 - DEBUG -      3 |     2 |   1.0
2025-02-23 17:49:07,981 - DEBUG -     Sample: [1 0 0 1 0 1 1 1 0 0 1 0]
2025-02-23 17:49:07,981 - DEBUG -      4 |     2 |   1.0
2025-02-23 17:49:07,981 - DEBUG -     Sample: [0 0 1 0 0 1 1 1 1 0 0 1]
2025-02-23 17:49:07,982 - DEBUG -      5 |     2 |   1.0
2025-02-23 17:49:07,982 - DEBUG -     Sample: [0 1 1 0 1 0 1 0 1 0 0 1]
2025-02-23 17:49:07,982 - DEBUG - Generated 194 unique samples from 200 total measurements
2025-02-23 17:49:07,985 - INFO -   No feasible solution found in this iteration
2025-02-23 17:49:07,986 - INFO -   No new constraints added, lowered tau multiplier: 1.0 -> 0.9
2025-02-23 17:49:07,986 - INFO -   No new constraints added, lowered tau multiplier: 0.9 -> 0.8
2025-02-23 17:49:07,986 - INFO -   No new constraints added, lowered tau multiplier: 0.8 -> 0.7
2025-02-23 17:49:07,986 - INFO -   Added 1 new constraints: [15]
2025-02-23 17:49:07,987 - INFO - 
Iteration 16:
2025-02-23 17:49:07,987 - DEBUG - Generated Ising Hamiltonian
2025-02-23 17:49:08,181 - DEBUG - Optimizing QAOA circuit...
2025-02-23 17:49:09,983 - DEBUG - Circuit optimization successful
2025-02-23 17:49:09,983 - DEBUG - Circuit optimization successful, final value: -7115.297702297701
2025-02-23 17:49:09,983 - DEBUG - Sampling from optimized circuit...
2025-02-23 17:49:09,999 - DEBUG - Generated 195 unique samples from 200 total measurements
2025-02-23 17:49:09,999 - DEBUG - 
Top 5 most frequent samples:
2025-02-23 17:49:09,999 - DEBUG -   Rank | Count |   %   
2025-02-23 17:49:09,999 - DEBUG -   -----|-------|-------
2025-02-23 17:49:09,999 - DEBUG -      1 |     2 |   1.0
2025-02-23 17:49:09,999 - DEBUG -     Sample: [0 1 1 0 0 0 0 1 1 1 0 1]
2025-02-23 17:49:10,000 - DEBUG -      2 |     2 |   1.0
2025-02-23 17:49:10,000 - DEBUG -     Sample: [0 1 1 0 0 0 1 0 1 1 0 1]
2025-02-23 17:49:10,000 - DEBUG -      3 |     2 |   1.0
2025-02-23 17:49:10,000 - DEBUG -     Sample: [1 0 1 1 0 1 0 0 1 0 0 1]
2025-02-23 17:49:10,000 - DEBUG -      4 |     2 |   1.0
2025-02-23 17:49:10,000 - DEBUG -     Sample: [0 1 1 0 0 0 0 1 1 1 1 1]
2025-02-23 17:49:10,001 - DEBUG -      5 |     2 |   1.0
2025-02-23 17:49:10,001 - DEBUG -     Sample: [0 1 1 0 1 0 0 0 1 0 1 0]
2025-02-23 17:49:10,001 - DEBUG - Generated 195 unique samples from 200 total measurements
2025-02-23 17:49:10,005 - INFO -   No feasible solution found in this iteration
2025-02-23 17:49:10,005 - INFO -   No new constraints added, lowered tau multiplier: 1.0 -> 0.9
2025-02-23 17:49:10,005 - INFO -   No new constraints added, lowered tau multiplier: 0.9 -> 0.8
2025-02-23 17:49:10,006 - INFO -   No new constraints added, lowered tau multiplier: 0.8 -> 0.7
2025-02-23 17:49:10,006 - INFO -   Added 1 new constraints: [38]
2025-02-23 17:49:10,006 - INFO - 
Iteration 17:
2025-02-23 17:49:10,006 - DEBUG - Generated Ising Hamiltonian
2025-02-23 17:49:10,202 - DEBUG - Optimizing QAOA circuit...
2025-02-23 17:49:12,069 - DEBUG - Circuit optimization successful
2025-02-23 17:49:12,069 - DEBUG - Circuit optimization successful, final value: 46029.22527472528
2025-02-23 17:49:12,069 - DEBUG - Sampling from optimized circuit...
2025-02-23 17:49:12,087 - DEBUG - Generated 169 unique samples from 200 total measurements
2025-02-23 17:49:12,087 - DEBUG - 
Top 5 most frequent samples:
2025-02-23 17:49:12,088 - DEBUG -   Rank | Count |   %   
2025-02-23 17:49:12,088 - DEBUG -   -----|-------|-------
2025-02-23 17:49:12,088 - DEBUG -      1 |     6 |   3.0
2025-02-23 17:49:12,088 - DEBUG -     Sample: [0 0 1 1 1 0 1 0 0 1 1 1]
2025-02-23 17:49:12,088 - DEBUG -      2 |     3 |   1.5
2025-02-23 17:49:12,088 - DEBUG -     Sample: [1 1 1 1 1 0 0 0 0 1 1 1]
2025-02-23 17:49:12,089 - DEBUG -      3 |     3 |   1.5
2025-02-23 17:49:12,089 - DEBUG -     Sample: [0 1 1 1 1 0 0 0 0 1 1 1]
2025-02-23 17:49:12,089 - DEBUG -      4 |     3 |   1.5
2025-02-23 17:49:12,089 - DEBUG -     Sample: [1 1 1 1 1 0 1 0 0 0 1 0]
2025-02-23 17:49:12,089 - DEBUG -      5 |     3 |   1.5
2025-02-23 17:49:12,089 - DEBUG -     Sample: [1 1 1 1 1 0 0 0 0 0 0 1]
2025-02-23 17:49:12,090 - DEBUG - Generated 169 unique samples from 200 total measurements
2025-02-23 17:49:12,093 - INFO -   No feasible solution found in this iteration
2025-02-23 17:49:12,094 - INFO -   No new constraints added, lowered tau multiplier: 1.0 -> 0.9
2025-02-23 17:49:12,094 - INFO -   Added 1 new constraints: [2]
2025-02-23 17:49:12,094 - INFO - 
Iteration 18:
2025-02-23 17:49:12,094 - DEBUG - Generated Ising Hamiltonian
2025-02-23 17:49:12,286 - DEBUG - Optimizing QAOA circuit...
2025-02-23 17:49:13,817 - DEBUG - Circuit optimization successful
2025-02-23 17:49:13,817 - DEBUG - Circuit optimization successful, final value: -83188.26973026975
2025-02-23 17:49:13,818 - DEBUG - Sampling from optimized circuit...
2025-02-23 17:49:13,832 - DEBUG - Generated 127 unique samples from 200 total measurements
2025-02-23 17:49:13,832 - DEBUG - 
Top 5 most frequent samples:
2025-02-23 17:49:13,832 - DEBUG -   Rank | Count |   %   
2025-02-23 17:49:13,832 - DEBUG -   -----|-------|-------
2025-02-23 17:49:13,832 - DEBUG -      1 |     7 |   3.5
2025-02-23 17:49:13,832 - DEBUG -     Sample: [0 0 1 1 0 0 0 1 1 0 1 1]
2025-02-23 17:49:13,832 - DEBUG -      2 |     5 |   2.5
2025-02-23 17:49:13,833 - DEBUG -     Sample: [0 0 1 1 0 0 0 0 1 0 0 1]
2025-02-23 17:49:13,833 - DEBUG -      3 |     5 |   2.5
2025-02-23 17:49:13,833 - DEBUG -     Sample: [0 1 1 1 0 0 0 1 1 0 0 1]
2025-02-23 17:49:13,833 - DEBUG -      4 |     4 |   2.0
2025-02-23 17:49:13,833 - DEBUG -     Sample: [0 0 1 1 0 0 0 0 1 0 1 1]
2025-02-23 17:49:13,833 - DEBUG -      5 |     4 |   2.0
2025-02-23 17:49:13,833 - DEBUG -     Sample: [0 0 0 1 0 0 0 0 1 0 0 1]
2025-02-23 17:49:13,834 - DEBUG - Generated 127 unique samples from 200 total measurements
2025-02-23 17:49:13,836 - INFO -   No feasible solution found in this iteration
2025-02-23 17:49:13,836 - INFO -   All constraints added, exiting
2025-02-23 17:49:13,837 - INFO -   Constraint generation found no feasible solution
2025-02-23 17:49:13,837 - INFO - 
Instance 6 results:
2025-02-23 17:49:13,837 - INFO -   Classical value: 296.0
2025-02-23 17:49:13,837 - INFO -   QAOA value: 0.0
2025-02-23 17:49:13,837 - INFO -   Constraint generation value: 0.0
2025-02-23 17:49:13,838 - INFO - 
Running instance 7/100
2025-02-23 17:49:13,840 - INFO - 
Running Classical Reference Solver (SCIP):
2025-02-23 17:49:13,840 - DEBUG - Problem dimensions: 40 constraints, 12 variables
2025-02-23 17:49:13,841 - DEBUG - Row names: ['ELEM1', 'ELEM2', 'ELEM3', 'ELEM4', 'ELEM5', 'ELEM6', 'ELEM7', 'ELEM8', 'ELEM9', 'ELEM10', 'ELEM11', 'ELEM12', 'ELEM13', 'ELEM14', 'ELEM15', 'ELEM16', 'ELEM17', 'ELEM18', 'ELEM19', 'ELEM20', 'ELEM21', 'ELEM22', 'ELEM23', 'ELEM24', 'ELEM25', 'ELEM26', 'ELEM27', 'ELEM28', 'ELEM29', 'ELEM30', 'ELEM31', 'ELEM32', 'ELEM33', 'ELEM34', 'ELEM35', 'ELEM36', 'ELEM37', 'ELEM38', 'ELEM39', 'ELEM40']
2025-02-23 17:49:13,841 - DEBUG - RHS values: {'ELEM1': 1.0, 'ELEM2': 1.0, 'ELEM3': 1.0, 'ELEM4': 1.0, 'ELEM5': 1.0, 'ELEM6': 1.0, 'ELEM7': 1.0, 'ELEM8': 1.0, 'ELEM9': 1.0, 'ELEM10': 1.0, 'ELEM11': 1.0, 'ELEM12': 1.0, 'ELEM13': 1.0, 'ELEM14': 1.0, 'ELEM15': 1.0, 'ELEM16': 1.0, 'ELEM17': 1.0, 'ELEM18': 1.0, 'ELEM19': 1.0, 'ELEM20': 1.0, 'ELEM21': 1.0, 'ELEM22': 1.0, 'ELEM23': 1.0, 'ELEM24': 1.0, 'ELEM25': 1.0, 'ELEM26': 1.0, 'ELEM27': 1.0, 'ELEM28': 1.0, 'ELEM29': 1.0, 'ELEM30': 1.0, 'ELEM31': 1.0, 'ELEM32': 1.0, 'ELEM33': 1.0, 'ELEM34': 1.0, 'ELEM35': 1.0, 'ELEM36': 1.0, 'ELEM37': 1.0, 'ELEM38': 1.0, 'ELEM39': 1.0, 'ELEM40': 1.0}
2025-02-23 17:49:13,851 - INFO -   Reference solution found:
2025-02-23 17:49:13,851 - INFO -     Solution: [1, 0, 0, 0, 1, 0, 0, 0, 0, 0, 1, 1]
2025-02-23 17:49:13,851 - INFO -     Value: 210.0
2025-02-23 17:49:13,852 - INFO - 
Running QAOA Reference Solution (with all constraints):
