2025-02-24 14:39:50,682 - INFO - 
Problem information:
2025-02-24 14:39:50,682 - INFO -   Number of variables (n): 12
2025-02-24 14:39:50,682 - INFO -   Number of constraints (m): 40
2025-02-24 14:39:50,682 - DEBUG -   Density of A: 21.25%
2025-02-24 14:39:50,682 - INFO - 
Starting reference QAOA with parameters:
2025-02-24 14:39:50,683 - INFO -   sample_size (total shots): 1000
2025-02-24 14:39:50,683 - INFO - Added all constraints
2025-02-24 14:39:50,683 - DEBUG - Generated Ising Hamiltonian
2025-02-24 14:39:50,837 - DEBUG - Optimizing QAOA circuit...
2025-02-24 14:39:54,455 - DEBUG - Circuit optimization successful
2025-02-24 14:39:54,455 - DEBUG - Circuit optimization successful, final value: -41727.3996003996
2025-02-24 14:39:54,455 - DEBUG - Sampling from optimized circuit...
2025-02-24 14:39:54,493 - DEBUG - Generated 538 unique samples from 1000 total measurements
2025-02-24 14:39:54,494 - DEBUG - 
Top 5 most frequent samples:
2025-02-24 14:39:54,494 - DEBUG -   Rank | Count |   %   
2025-02-24 14:39:54,494 - DEBUG -   -----|-------|-------
2025-02-24 14:39:54,494 - DEBUG -      1 |    26 |   2.6
2025-02-24 14:39:54,494 - DEBUG -     Sample: [1 0 1 0 1 1 1 0 0 1 0 0]
2025-02-24 14:39:54,494 - DEBUG -      2 |    17 |   1.7
2025-02-24 14:39:54,495 - DEBUG -     Sample: [1 0 0 0 1 1 1 0 0 1 0 0]
2025-02-24 14:39:54,495 - DEBUG -      3 |    14 |   1.4
2025-02-24 14:39:54,495 - DEBUG -     Sample: [1 0 1 0 1 1 0 0 0 1 0 0]
2025-02-24 14:39:54,495 - DEBUG -      4 |    13 |   1.3
2025-02-24 14:39:54,496 - DEBUG -     Sample: [1 0 0 0 0 1 0 0 0 1 0 1]
2025-02-24 14:39:54,496 - DEBUG -      5 |    11 |   1.1
2025-02-24 14:39:54,496 - DEBUG -     Sample: [1 0 1 0 0 1 1 0 0 1 0 1]
2025-02-24 14:39:54,498 - DEBUG - Generated 538 unique samples from 1000 total measurements
2025-02-24 14:39:54,526 - INFO - No feasible solution found
2025-02-24 14:39:54,527 - INFO -   QAOA solver found no feasible solution
2025-02-24 14:39:54,527 - INFO - 
Running Constraint Generation:
2025-02-24 14:39:54,529 - INFO - 
Problem information:
2025-02-24 14:39:54,529 - INFO -   Number of variables (n): 12
2025-02-24 14:39:54,529 - INFO -   Number of constraints (m): 40
2025-02-24 14:39:54,529 - DEBUG -   Density of A: 21.25%
2025-02-24 14:39:54,529 - INFO - 
Running classical reference solver:
2025-02-24 14:39:54,540 - INFO -   Reference solution found:
2025-02-24 14:39:54,540 - INFO -     Solution: [0, 0, 1, 1, 0, 1, 0, 0, 1, 1, 0, 0]
2025-02-24 14:39:54,540 - INFO -     Value: 269.0
2025-02-24 14:39:54,541 - INFO - 
Starting quantum constraint generation with parameters:
2025-02-24 14:39:54,541 - INFO -   sample_size (total shots): 1000
2025-02-24 14:39:54,541 - INFO -   tau: 0.1
2025-02-24 14:39:54,541 - INFO -   max_iters: 1000
2025-02-24 14:39:54,541 - INFO - 
Iteration 0:
2025-02-24 14:39:54,541 - DEBUG - Generated Ising Hamiltonian
2025-02-24 14:39:54,542 - DEBUG - Optimizing QAOA circuit...
2025-02-24 14:39:58,465 - WARNING - Circuit optimization did not converge
2025-02-24 14:39:58,465 - WARNING - Circuit optimization did not converge
2025-02-24 14:39:58,465 - DEBUG - Sampling from optimized circuit...
2025-02-24 14:39:58,523 - DEBUG - Generated 16 unique samples from 1000 total measurements
2025-02-24 14:39:58,523 - DEBUG - 
Top 5 most frequent samples:
2025-02-24 14:39:58,524 - DEBUG -   Rank | Count |   %   
2025-02-24 14:39:58,524 - DEBUG -   -----|-------|-------
2025-02-24 14:39:58,524 - DEBUG -      1 |   183 |  18.3
2025-02-24 14:39:58,524 - DEBUG -     Sample: [0 0 0 0 0 0 0 0 0 0 1 1]
2025-02-24 14:39:58,524 - DEBUG -      2 |   165 |  16.5
2025-02-24 14:39:58,524 - DEBUG -     Sample: [0 0 0 0 0 0 0 0 1 0 1 1]
2025-02-24 14:39:58,524 - DEBUG -      3 |   125 |  12.5
2025-02-24 14:39:58,524 - DEBUG -     Sample: [0 0 0 0 0 0 0 0 0 1 1 1]
2025-02-24 14:39:58,525 - DEBUG -      4 |    99 |   9.9
2025-02-24 14:39:58,525 - DEBUG -     Sample: [0 0 0 0 0 0 0 0 1 1 1 1]
2025-02-24 14:39:58,525 - DEBUG -      5 |    66 |   6.6
2025-02-24 14:39:58,525 - DEBUG -     Sample: [0 0 0 0 0 0 0 0 1 0 0 1]
2025-02-24 14:39:58,525 - DEBUG - Generated 16 unique samples from 1000 total measurements
2025-02-24 14:39:58,525 - INFO -   No feasible solution found in this iteration
2025-02-24 14:39:58,526 - INFO -   Added 16 new constraints: [0, 2, 3, 4, 5, 11, 13, 17, 19, 23, 24, 26, 27, 31, 38, 39]
2025-02-24 14:39:58,526 - INFO - 
Iteration 1:
2025-02-24 14:39:58,526 - DEBUG - Generated Ising Hamiltonian
2025-02-24 14:39:58,527 - DEBUG - Optimizing QAOA circuit...
2025-02-24 14:40:07,547 - WARNING - Circuit optimization did not converge
2025-02-24 14:40:07,547 - WARNING - Circuit optimization did not converge
2025-02-24 14:40:07,547 - DEBUG - Sampling from optimized circuit...
2025-02-24 14:40:07,598 - DEBUG - Generated 16 unique samples from 1000 total measurements
2025-02-24 14:40:07,598 - DEBUG - 
Top 5 most frequent samples:
2025-02-24 14:40:07,598 - DEBUG -   Rank | Count |   %   
2025-02-24 14:40:07,598 - DEBUG -   -----|-------|-------
2025-02-24 14:40:07,598 - DEBUG -      1 |   343 |  34.3
2025-02-24 14:40:07,598 - DEBUG -     Sample: [0 0 0 0 0 0 0 0 1 1 0 0]
2025-02-24 14:40:07,598 - DEBUG -      2 |   191 |  19.1
2025-02-24 14:40:07,599 - DEBUG -     Sample: [0 0 0 0 0 0 0 0 1 1 1 0]
2025-02-24 14:40:07,599 - DEBUG -      3 |   134 |  13.4
2025-02-24 14:40:07,599 - DEBUG -     Sample: [0 0 0 0 0 0 0 0 1 1 0 1]
2025-02-24 14:40:07,599 - DEBUG -      4 |    83 |   8.3
2025-02-24 14:40:07,599 - DEBUG -     Sample: [0 0 0 0 0 0 0 0 0 1 0 0]
2025-02-24 14:40:07,599 - DEBUG -      5 |    68 |   6.8
2025-02-24 14:40:07,599 - DEBUG -     Sample: [0 0 0 0 0 0 0 0 1 1 1 1]
2025-02-24 14:40:07,599 - DEBUG - Generated 16 unique samples from 1000 total measurements
2025-02-24 14:40:07,600 - INFO -   No feasible solution found in this iteration
2025-02-24 14:40:07,600 - INFO -   No new constraints added, lowered tau multiplier: 1.0 -> 0.9
2025-02-24 14:40:07,600 - INFO -   No new constraints added, lowered tau multiplier: 0.9 -> 0.8
2025-02-24 14:40:07,600 - INFO -   No new constraints added, lowered tau multiplier: 0.8 -> 0.7
2025-02-24 14:40:07,600 - INFO -   No new constraints added, lowered tau multiplier: 0.7 -> 0.6
2025-02-24 14:40:07,600 - INFO -   No new constraints added, lowered tau multiplier: 0.6 -> 0.5
2025-02-24 14:40:07,600 - INFO -   No new constraints added, lowered tau multiplier: 0.5 -> 0.4
2025-02-24 14:40:07,601 - INFO -   Added 24 new constraints: [1, 6, 7, 8, 9, 10, 12, 14, 15, 16, 18, 20, 21, 22, 25, 28, 29, 30, 32, 33, 34, 35, 36, 37]
2025-02-24 14:40:07,601 - INFO - 
Iteration 2:
2025-02-24 14:40:07,601 - DEBUG - Generated Ising Hamiltonian
2025-02-24 14:40:07,603 - DEBUG - Optimizing QAOA circuit...
2025-02-24 14:40:21,297 - WARNING - Circuit optimization did not converge
2025-02-24 14:40:21,298 - WARNING - Circuit optimization did not converge
2025-02-24 14:40:21,298 - DEBUG - Sampling from optimized circuit...
2025-02-24 14:40:21,353 - DEBUG - Generated 16 unique samples from 1000 total measurements
2025-02-24 14:40:21,353 - DEBUG - 
Top 5 most frequent samples:
2025-02-24 14:40:21,353 - DEBUG -   Rank | Count |   %   
2025-02-24 14:40:21,353 - DEBUG -   -----|-------|-------
2025-02-24 14:40:21,353 - DEBUG -      1 |   514 |  51.4
2025-02-24 14:40:21,353 - DEBUG -     Sample: [0 0 0 0 0 0 0 0 0 0 0 0]
2025-02-24 14:40:21,353 - DEBUG -      2 |   179 |  17.9
2025-02-24 14:40:21,353 - DEBUG -     Sample: [0 0 0 0 0 0 0 0 0 1 0 0]
2025-02-24 14:40:21,353 - DEBUG -      3 |    95 |   9.5
2025-02-24 14:40:21,354 - DEBUG -     Sample: [0 0 0 0 0 0 0 0 1 0 0 0]
2025-02-24 14:40:21,354 - DEBUG -      4 |    72 |   7.2
2025-02-24 14:40:21,354 - DEBUG -     Sample: [0 0 0 0 0 0 0 0 0 0 0 1]
2025-02-24 14:40:21,354 - DEBUG -      5 |    41 |   4.1
2025-02-24 14:40:21,354 - DEBUG -     Sample: [0 0 0 0 0 0 0 0 0 0 1 0]
2025-02-24 14:40:21,354 - DEBUG - Generated 16 unique samples from 1000 total measurements
2025-02-24 14:40:21,354 - INFO -   No feasible solution found in this iteration
2025-02-24 14:40:21,354 - INFO -   All constraints added, exiting
2025-02-24 14:40:21,355 - INFO -   Constraint generation found no feasible solution
2025-02-24 14:40:21,355 - INFO - 
Instance 52 results:
2025-02-24 14:40:21,355 - INFO -   Classical value: 269.0
2025-02-24 14:40:21,355 - INFO -   QAOA value: 0.0
2025-02-24 14:40:21,355 - INFO -   Constraint generation value: 0.0
2025-02-24 14:40:21,355 - INFO - 
Running instance 53/100
2025-02-24 14:40:21,356 - INFO - 
Running Classical Reference Solver (SCIP):
2025-02-24 14:40:21,357 - DEBUG - Problem dimensions: 40 constraints, 12 variables
2025-02-24 14:40:21,357 - DEBUG - Row names: ['ELEM1', 'ELEM2', 'ELEM3', 'ELEM4', 'ELEM5', 'ELEM6', 'ELEM7', 'ELEM8', 'ELEM9', 'ELEM10', 'ELEM11', 'ELEM12', 'ELEM13', 'ELEM14', 'ELEM15', 'ELEM16', 'ELEM17', 'ELEM18', 'ELEM19', 'ELEM20', 'ELEM21', 'ELEM22', 'ELEM23', 'ELEM24', 'ELEM25', 'ELEM26', 'ELEM27', 'ELEM28', 'ELEM29', 'ELEM30', 'ELEM31', 'ELEM32', 'ELEM33', 'ELEM34', 'ELEM35', 'ELEM36', 'ELEM37', 'ELEM38', 'ELEM39', 'ELEM40']
2025-02-24 14:40:21,357 - DEBUG - RHS values: {'ELEM1': 1.0, 'ELEM2': 1.0, 'ELEM3': 1.0, 'ELEM4': 1.0, 'ELEM5': 1.0, 'ELEM6': 1.0, 'ELEM7': 1.0, 'ELEM8': 1.0, 'ELEM9': 1.0, 'ELEM10': 1.0, 'ELEM11': 1.0, 'ELEM12': 1.0, 'ELEM13': 1.0, 'ELEM14': 1.0, 'ELEM15': 1.0, 'ELEM16': 1.0, 'ELEM17': 1.0, 'ELEM18': 1.0, 'ELEM19': 1.0, 'ELEM20': 1.0, 'ELEM21': 1.0, 'ELEM22': 1.0, 'ELEM23': 1.0, 'ELEM24': 1.0, 'ELEM25': 1.0, 'ELEM26': 1.0, 'ELEM27': 1.0, 'ELEM28': 1.0, 'ELEM29': 1.0, 'ELEM30': 1.0, 'ELEM31': 1.0, 'ELEM32': 1.0, 'ELEM33': 1.0, 'ELEM34': 1.0, 'ELEM35': 1.0, 'ELEM36': 1.0, 'ELEM37': 1.0, 'ELEM38': 1.0, 'ELEM39': 1.0, 'ELEM40': 1.0}
2025-02-24 14:40:21,365 - INFO -   Reference solution found:
2025-02-24 14:40:21,365 - INFO -     Solution: [0, 1, 1, 0, 1, 0, 1, 0, 0, 0, 0, 0]
2025-02-24 14:40:21,365 - INFO -     Value: 116.0
2025-02-24 14:40:21,365 - INFO - 
Running QAOA Reference Solution (with all constraints):
