
Problem information:
  Number of variables (n): 10
  Number of constraints (m): 30

Starting reference QAOA with parameters:
  sample_size (total shots): 200
Added all constraints
Found feasible solution: [1 1 0 1 0 1 1 0 0 0] with objective value 362.0
Found feasible solution:
  Solution: [1, 1, 0, 1, 0, 1, 1, 0, 0, 0]
  Value: 362.0
  QAOA solution found:
    Solution: [1, 1, 0, 1, 0, 1, 1, 0, 0, 0]
    Value: 362.0

Running Constraint Generation:

Problem information:
  Number of variables (n): 10
  Number of constraints (m): 30

Running classical reference solver:
  Reference solution found:
    Solution: [0, 0, 1, 0, 1, 0, 0, 0, 0, 1]
    Value: 109.0

Starting quantum constraint generation with parameters:
  sample_size (total shots): 200
  tau: 0.1
  max_iters: 1000

Iteration 0:
  No feasible solution found in this iteration
  Added 1 new constraints: [10]

Iteration 1:
  No feasible solution found in this iteration
  Added 1 new constraints: [17]

Iteration 2:
Found feasible solution: [0 0 1 0 1 0 0 0 0 1] with objective value 109.0
  Found feasible solution:
    Solution: [0, 0, 1, 0, 1, 0, 0, 0, 0, 1]
    Value: 109.0
    Gap to reference: 0.00%
  Constraint generation solution found:
    Solution: [0, 0, 1, 0, 1, 0, 0, 0, 0, 1]
    Value: 109.0

Instance 3 results:
  Classical value: 109.0
  QAOA value: 362.0
  Constraint generation value: 109.0

Running instance 4/5

Running Classical Reference Solver (SCIP):
  Reference solution found:
    Solution: [0, 1, 1, 0, 0, 1, 1, 0, 0, 0]
    Value: 137.0

Running QAOA Reference Solution (with all constraints):
