
Problem information:
  Number of variables (n): 12
  Number of constraints (m): 40

Starting reference QAOA with parameters:
  sample_size (total shots): 1000
Added all constraints
Found feasible solution: [1 0 0 1 0 0 1 1 1 0 1 0] with objective value 316.0
Found feasible solution:
  Solution: [1, 0, 0, 1, 0, 0, 1, 1, 1, 0, 1, 0]
  Value: 316.0
  QAOA solution found:
    Solution: [1, 0, 0, 1, 0, 0, 1, 1, 1, 0, 1, 0]
    Value: 316.0

Running Constraint Generation:

Problem information:
  Number of variables (n): 12
  Number of constraints (m): 40

Running classical reference solver:
  Reference solution found:
    Solution: [1, 0, 0, 1, 0, 0, 1, 1, 1, 0, 1, 0]
    Value: 316.0

Starting quantum constraint generation with parameters:
  sample_size (total shots): 1000
  tau: 0.1
  max_iters: 1000

Iteration 0:
  No feasible solution found in this iteration
  Added 1 new constraints: [8]

Iteration 1:
  No feasible solution found in this iteration
  Added 1 new constraints: [37]

Iteration 2:
  No feasible solution found in this iteration
  No new constraints added, lowered tau multiplier: 1.0 -> 0.9
  Added 2 new constraints: [15, 31]

Iteration 3:
Found feasible solution: [1 0 0 1 0 0 1 1 1 0 1 0] with objective value 316.0
  Found feasible solution:
    Solution: [1, 0, 0, 1, 0, 0, 1, 1, 1, 0, 1, 0]
    Value: 316.0
    Gap to reference: 0.00%
  Constraint generation solution found:
    Solution: [1, 0, 0, 1, 0, 0, 1, 1, 1, 0, 1, 0]
    Value: 316.0

Instance 61 results:
  Classical value: 316.0
  QAOA value: 316.0
  Constraint generation value: 316.0

Running instance 62/100

Running Classical Reference Solver (SCIP):
  Reference solution found:
    Solution: [0, 1, 0, 0, 0, 0, 1, 0, 0, 1, 0, 1]
    Value: 124.0

Running QAOA Reference Solution (with all constraints):
