
Problem information:
  Number of variables (n): 10
  Number of constraints (m): 20

Starting reference QAOA with parameters:
  sample_size (total shots): 100
Added all constraints
No feasible solution found
  QAOA solver found no feasible solution

Running Constraint Generation:

Problem information:
  Number of variables (n): 10
  Number of constraints (m): 20

Running classical reference solver:
  Reference solution found:
    Solution: [0, 0, 1, 0, 0, 0, 0, 0, 1, 0]
    Value: 13.0

Starting quantum constraint generation with parameters:
  sample_size (total shots): 100
  tau: 0.1
  max_iters: 1000

Iteration 0:
  No feasible solution found in this iteration
  Added 11 new constraints: [4, 5, 8, 9, 10, 11, 13, 14, 16, 18, 19]

Iteration 1:
Found feasible solution: [0 0 0 0 1 0 0 1 0 0] with objective value 117.0
  Found feasible solution:
    Solution: [0, 0, 0, 0, 1, 0, 0, 1, 0, 0]
    Value: 117.0
    Gap to reference: 800.00%
  Constraint generation solution found:
    Solution: [0, 0, 0, 0, 1, 0, 0, 1, 0, 0]
    Value: 117.0

Instance 89 results:
  Classical value: 13.0
  QAOA value: 0.0
  Constraint generation value: 117.0

Running instance 90/100

Running Classical Reference Solver (SCIP):
  Reference solution found:
    Solution: [0, 0, 1, 0, 0, 1, 0, 0, 0, 0]
    Value: 87.0

Running QAOA Reference Solution (with all constraints):
