2025-02-24 16:51:52,370 - INFO - 
Problem information:
2025-02-24 16:51:52,370 - INFO -   Number of variables (n): 8
2025-02-24 16:51:52,371 - INFO -   Number of constraints (m): 25
2025-02-24 16:51:52,371 - DEBUG -   Density of A: 28.00%
2025-02-24 16:51:52,371 - INFO - 
Starting reference QAOA with parameters:
2025-02-24 16:51:52,371 - INFO -   sample_size (total shots): 500
2025-02-24 16:51:52,372 - INFO - Added all constraints
2025-02-24 16:51:52,372 - DEBUG - Generated Ising Hamiltonian
2025-02-24 16:51:52,675 - DEBUG - Optimizing QAOA circuit...
2025-02-24 16:51:55,178 - DEBUG - Circuit optimization successful
2025-02-24 16:51:55,178 - DEBUG - Circuit optimization successful, final value: -1362.6048951048965
2025-02-24 16:51:55,178 - DEBUG - Sampling from optimized circuit...
2025-02-24 16:51:55,201 - DEBUG - Generated 145 unique samples from 500 total measurements
2025-02-24 16:51:55,201 - DEBUG - 
Top 5 most frequent samples:
2025-02-24 16:51:55,201 - DEBUG -   Rank | Count |   %   
2025-02-24 16:51:55,202 - DEBUG -   -----|-------|-------
2025-02-24 16:51:55,202 - DEBUG -      1 |    20 |   4.0
2025-02-24 16:51:55,202 - DEBUG -     Sample: [0 0 0 1 1 1 0 1]
2025-02-24 16:51:55,202 - DEBUG -      2 |    17 |   3.4
2025-02-24 16:51:55,203 - DEBUG -     Sample: [1 1 0 0 1 1 0 1]
2025-02-24 16:51:55,203 - DEBUG -      3 |    15 |   3.0
2025-02-24 16:51:55,203 - DEBUG -     Sample: [1 0 0 1 1 1 0 1]
2025-02-24 16:51:55,203 - DEBUG -      4 |    12 |   2.4
2025-02-24 16:51:55,204 - DEBUG -     Sample: [0 0 1 1 0 1 0 1]
2025-02-24 16:51:55,204 - DEBUG -      5 |    11 |   2.2
2025-02-24 16:51:55,204 - DEBUG -     Sample: [1 0 1 1 1 0 0 1]
2025-02-24 16:51:55,205 - DEBUG - Generated 145 unique samples from 500 total measurements
2025-02-24 16:51:55,208 - INFO - Found feasible solution: [0 0 0 1 1 1 0 0] with objective value 175.0
2025-02-24 16:51:55,209 - INFO - Found feasible solution: [0 1 1 0 0 0 1 1] with objective value 189.0
2025-02-24 16:51:55,210 - INFO - Found feasible solution:
2025-02-24 16:51:55,210 - INFO -   Solution: [0, 0, 0, 1, 1, 1, 0, 0]
2025-02-24 16:51:55,210 - INFO -   Value: 175.0
2025-02-24 16:51:55,211 - INFO -   QAOA solution found:
2025-02-24 16:51:55,211 - INFO -     Solution: [0, 0, 0, 1, 1, 1, 0, 0]
2025-02-24 16:51:55,211 - INFO -     Value: 175.0
2025-02-24 16:51:55,211 - INFO - 
Running Constraint Generation:
2025-02-24 16:51:55,213 - INFO - 
Problem information:
2025-02-24 16:51:55,213 - INFO -   Number of variables (n): 8
2025-02-24 16:51:55,213 - INFO -   Number of constraints (m): 25
2025-02-24 16:51:55,213 - DEBUG -   Density of A: 28.00%
2025-02-24 16:51:55,214 - INFO - 
Running classical reference solver:
2025-02-24 16:51:55,225 - INFO -   Reference solution found:
2025-02-24 16:51:55,225 - INFO -     Solution: [0, 0, 0, 1, 1, 1, 0, 0]
2025-02-24 16:51:55,226 - INFO -     Value: 175.0
2025-02-24 16:51:55,226 - INFO - 
Starting quantum constraint generation with parameters:
2025-02-24 16:51:55,226 - INFO -   sample_size (total shots): 500
2025-02-24 16:51:55,226 - INFO -   tau: 0.1
2025-02-24 16:51:55,226 - INFO -   max_iters: 1000
2025-02-24 16:51:55,226 - INFO - 
Iteration 0:
2025-02-24 16:51:55,227 - DEBUG - Generated Ising Hamiltonian
2025-02-24 16:51:55,557 - DEBUG - Optimizing QAOA circuit...
2025-02-24 16:51:57,274 - DEBUG - Circuit optimization successful
2025-02-24 16:51:57,274 - DEBUG - Circuit optimization successful, final value: -185.97102897102894
2025-02-24 16:51:57,274 - DEBUG - Sampling from optimized circuit...
2025-02-24 16:51:57,288 - DEBUG - Generated 51 unique samples from 500 total measurements
2025-02-24 16:51:57,288 - DEBUG - 
Top 5 most frequent samples:
2025-02-24 16:51:57,288 - DEBUG -   Rank | Count |   %   
2025-02-24 16:51:57,288 - DEBUG -   -----|-------|-------
2025-02-24 16:51:57,288 - DEBUG -      1 |   112 |  22.4
2025-02-24 16:51:57,289 - DEBUG -     Sample: [1 1 1 1 0 1 1 1]
2025-02-24 16:51:57,289 - DEBUG -      2 |    76 |  15.2
2025-02-24 16:51:57,289 - DEBUG -     Sample: [1 1 0 1 0 1 1 1]
2025-02-24 16:51:57,289 - DEBUG -      3 |    60 |  12.0
2025-02-24 16:51:57,289 - DEBUG -     Sample: [1 1 1 0 0 1 1 1]
2025-02-24 16:51:57,289 - DEBUG -      4 |    59 |  11.8
2025-02-24 16:51:57,290 - DEBUG -     Sample: [1 1 0 0 0 1 1 1]
2025-02-24 16:51:57,290 - DEBUG -      5 |    22 |   4.4
2025-02-24 16:51:57,290 - DEBUG -     Sample: [1 1 1 1 1 1 1 1]
2025-02-24 16:51:57,290 - DEBUG - Generated 51 unique samples from 500 total measurements
2025-02-24 16:51:57,291 - INFO -   No feasible solution found in this iteration
2025-02-24 16:51:57,292 - INFO -   Added 1 new constraints: [10]
2025-02-24 16:51:57,292 - INFO - 
Iteration 1:
2025-02-24 16:51:57,292 - DEBUG - Generated Ising Hamiltonian
2025-02-24 16:51:57,514 - DEBUG - Optimizing QAOA circuit...
2025-02-24 16:51:59,110 - DEBUG - Circuit optimization successful
2025-02-24 16:51:59,110 - DEBUG - Circuit optimization successful, final value: -2627.9572927072927
2025-02-24 16:51:59,111 - DEBUG - Sampling from optimized circuit...
2025-02-24 16:51:59,129 - DEBUG - Generated 136 unique samples from 500 total measurements
2025-02-24 16:51:59,129 - DEBUG - 
Top 5 most frequent samples:
2025-02-24 16:51:59,129 - DEBUG -   Rank | Count |   %   
2025-02-24 16:51:59,129 - DEBUG -   -----|-------|-------
2025-02-24 16:51:59,129 - DEBUG -      1 |    21 |   4.2
2025-02-24 16:51:59,130 - DEBUG -     Sample: [0 0 1 0 1 0 0 0]
2025-02-24 16:51:59,130 - DEBUG -      2 |    17 |   3.4
2025-02-24 16:51:59,130 - DEBUG -     Sample: [0 0 1 0 0 0 0 0]
2025-02-24 16:51:59,131 - DEBUG -      3 |    16 |   3.2
2025-02-24 16:51:59,131 - DEBUG -     Sample: [0 0 1 0 0 0 1 0]
2025-02-24 16:51:59,131 - DEBUG -      4 |    15 |   3.0
2025-02-24 16:51:59,131 - DEBUG -     Sample: [0 0 1 0 0 1 0 0]
2025-02-24 16:51:59,131 - DEBUG -      5 |    15 |   3.0
2025-02-24 16:51:59,132 - DEBUG -     Sample: [0 0 1 0 0 1 0 1]
2025-02-24 16:51:59,133 - DEBUG - Generated 136 unique samples from 500 total measurements
2025-02-24 16:51:59,134 - INFO - Found feasible solution: [0 0 0 1 1 1 0 0] with objective value 175.0
2025-02-24 16:51:59,135 - INFO - Found feasible solution: [0 1 1 0 0 0 1 1] with objective value 189.0
2025-02-24 16:51:59,137 - INFO -   Found feasible solution:
2025-02-24 16:51:59,137 - INFO -     Solution: [0, 0, 0, 1, 1, 1, 0, 0]
2025-02-24 16:51:59,138 - INFO -     Value: 175.0
2025-02-24 16:51:59,138 - INFO -     Gap to reference: 0.00%
2025-02-24 16:51:59,138 - INFO -   Constraint generation solution found:
2025-02-24 16:51:59,138 - INFO -     Solution: [0, 0, 0, 1, 1, 1, 0, 0]
2025-02-24 16:51:59,139 - INFO -     Value: 175.0
2025-02-24 16:51:59,139 - INFO - 
Instance 59 results:
2025-02-24 16:51:59,139 - INFO -   Classical value: 175.0
2025-02-24 16:51:59,139 - INFO -   QAOA value: 175.0
2025-02-24 16:51:59,139 - INFO -   Constraint generation value: 175.0
2025-02-24 16:51:59,140 - INFO - 
Running instance 60/100
2025-02-24 16:51:59,142 - INFO - 
Running Classical Reference Solver (SCIP):
2025-02-24 16:51:59,143 - DEBUG - Problem dimensions: 25 constraints, 8 variables
2025-02-24 16:51:59,143 - DEBUG - Row names: ['ELEM1', 'ELEM2', 'ELEM3', 'ELEM4', 'ELEM5', 'ELEM6', 'ELEM7', 'ELEM8', 'ELEM9', 'ELEM10', 'ELEM11', 'ELEM12', 'ELEM13', 'ELEM14', 'ELEM15', 'ELEM16', 'ELEM17', 'ELEM18', 'ELEM19', 'ELEM20', 'ELEM21', 'ELEM22', 'ELEM23', 'ELEM24', 'ELEM25']
2025-02-24 16:51:59,143 - DEBUG - RHS values: {'ELEM1': 1.0, 'ELEM2': 1.0, 'ELEM3': 1.0, 'ELEM4': 1.0, 'ELEM5': 1.0, 'ELEM6': 1.0, 'ELEM7': 1.0, 'ELEM8': 1.0, 'ELEM9': 1.0, 'ELEM10': 1.0, 'ELEM11': 1.0, 'ELEM12': 1.0, 'ELEM13': 1.0, 'ELEM14': 1.0, 'ELEM15': 1.0, 'ELEM16': 1.0, 'ELEM17': 1.0, 'ELEM18': 1.0, 'ELEM19': 1.0, 'ELEM20': 1.0, 'ELEM21': 1.0, 'ELEM22': 1.0, 'ELEM23': 1.0, 'ELEM24': 1.0, 'ELEM25': 1.0}
2025-02-24 16:51:59,155 - INFO -   Reference solution found:
2025-02-24 16:51:59,155 - INFO -     Solution: [1, 0, 0, 0, 1, 1, 0, 1]
2025-02-24 16:51:59,155 - INFO -     Value: 237.0
2025-02-24 16:51:59,155 - INFO - 
Running QAOA Reference Solution (with all constraints):
