
Problem information:
  Number of variables (n): 8
  Number of constraints (m): 25

Starting reference QAOA with parameters:
  sample_size (total shots): 500
Added all constraints
Found feasible solution: [0 0 0 1 1 1 0 0] with objective value 175.0
Found feasible solution: [0 1 1 0 0 0 1 1] with objective value 189.0
Found feasible solution:
  Solution: [0, 0, 0, 1, 1, 1, 0, 0]
  Value: 175.0
  QAOA solution found:
    Solution: [0, 0, 0, 1, 1, 1, 0, 0]
    Value: 175.0

Running Constraint Generation:

Problem information:
  Number of variables (n): 8
  Number of constraints (m): 25

Running classical reference solver:
  Reference solution found:
    Solution: [0, 0, 0, 1, 1, 1, 0, 0]
    Value: 175.0

Starting quantum constraint generation with parameters:
  sample_size (total shots): 500
  tau: 0.1
  max_iters: 1000

Iteration 0:
  No feasible solution found in this iteration
  Added 1 new constraints: [10]

Iteration 1:
Found feasible solution: [0 0 0 1 1 1 0 0] with objective value 175.0
Found feasible solution: [0 1 1 0 0 0 1 1] with objective value 189.0
  Found feasible solution:
    Solution: [0, 0, 0, 1, 1, 1, 0, 0]
    Value: 175.0
    Gap to reference: 0.00%
  Constraint generation solution found:
    Solution: [0, 0, 0, 1, 1, 1, 0, 0]
    Value: 175.0

Instance 59 results:
  Classical value: 175.0
  QAOA value: 175.0
  Constraint generation value: 175.0

Running instance 60/100

Running Classical Reference Solver (SCIP):
  Reference solution found:
    Solution: [1, 0, 0, 0, 1, 1, 0, 1]
    Value: 237.0

Running QAOA Reference Solution (with all constraints):
