
Problem information:
  Number of variables (n): 12
  Number of constraints (m): 40

Starting reference QAOA with parameters:
  sample_size (total shots): 1000
Added all constraints
No feasible solution found
  QAOA solver found no feasible solution

Running Constraint Generation:

Problem information:
  Number of variables (n): 12
  Number of constraints (m): 40

Running classical reference solver:
  Reference solution found:
    Solution: [1, 0, 1, 1, 0, 0, 0, 0, 0, 0, 0, 1]
    Value: 186.0

Starting quantum constraint generation with parameters:
  sample_size (total shots): 1000
  tau: 0.1
  max_iters: 1000

Iteration 0:
  No feasible solution found in this iteration
  Added 1 new constraints: [20]

Iteration 1:
  No feasible solution found in this iteration
  No new constraints added, lowered tau multiplier: 1.0 -> 0.9
  No new constraints added, lowered tau multiplier: 0.9 -> 0.8
  Added 9 new constraints: [0, 3, 10, 18, 21, 27, 31, 32, 35]

Iteration 2:
  No feasible solution found in this iteration
  No new constraints added, lowered tau multiplier: 1.0 -> 0.9
  Added 1 new constraints: [9]

Iteration 3:
Found feasible solution: [0 1 0 0 1 1 1 0 1 0 1 0] with objective value 191.0
Found feasible solution: [1 0 1 1 0 0 0 0 0 0 0 1] with objective value 186.0
  Found feasible solution:
    Solution: [1, 0, 1, 1, 0, 0, 0, 0, 0, 0, 0, 1]
    Value: 186.0
    Gap to reference: 0.00%
  Constraint generation solution found:
    Solution: [1, 0, 1, 1, 0, 0, 0, 0, 0, 0, 0, 1]
    Value: 186.0

Instance 14 results:
  Classical value: 186.0
  QAOA value: 0.0
  Constraint generation value: 186.0

Running instance 15/100

Running Classical Reference Solver (SCIP):
  Reference solution found:
    Solution: [0, 0, 1, 0, 0, 0, 0, 0, 1, 1, 0, 0]
    Value: 189.0

Running QAOA Reference Solution (with all constraints):
