2025-02-24 14:45:43,067 - INFO - 
Problem information:
2025-02-24 14:45:43,067 - INFO -   Number of variables (n): 12
2025-02-24 14:45:43,067 - INFO -   Number of constraints (m): 40
2025-02-24 14:45:43,068 - DEBUG -   Density of A: 20.62%
2025-02-24 14:45:43,068 - INFO - 
Starting reference QAOA with parameters:
2025-02-24 14:45:43,068 - INFO -   sample_size (total shots): 1000
2025-02-24 14:45:43,068 - INFO - Added all constraints
2025-02-24 14:45:43,068 - DEBUG - Generated Ising Hamiltonian
2025-02-24 14:45:43,260 - DEBUG - Optimizing QAOA circuit...
2025-02-24 14:45:47,226 - DEBUG - Circuit optimization successful
2025-02-24 14:45:47,227 - DEBUG - Circuit optimization successful, final value: 29500.99000999001
2025-02-24 14:45:47,227 - DEBUG - Sampling from optimized circuit...
2025-02-24 14:45:47,270 - DEBUG - Generated 438 unique samples from 1000 total measurements
2025-02-24 14:45:47,270 - DEBUG - 
Top 5 most frequent samples:
2025-02-24 14:45:47,270 - DEBUG -   Rank | Count |   %   
2025-02-24 14:45:47,270 - DEBUG -   -----|-------|-------
2025-02-24 14:45:47,270 - DEBUG -      1 |    62 |   6.2
2025-02-24 14:45:47,271 - DEBUG -     Sample: [1 1 0 0 1 0 0 1 1 1 0 0]
2025-02-24 14:45:47,271 - DEBUG -      2 |    38 |   3.8
2025-02-24 14:45:47,271 - DEBUG -     Sample: [1 1 0 1 1 0 0 1 1 1 0 0]
2025-02-24 14:45:47,271 - DEBUG -      3 |    25 |   2.5
2025-02-24 14:45:47,271 - DEBUG -     Sample: [1 1 0 0 1 0 0 1 0 1 0 0]
2025-02-24 14:45:47,271 - DEBUG -      4 |    17 |   1.7
2025-02-24 14:45:47,272 - DEBUG -     Sample: [1 1 0 1 1 0 0 1 0 1 0 0]
2025-02-24 14:45:47,272 - DEBUG -      5 |    16 |   1.6
2025-02-24 14:45:47,272 - DEBUG -     Sample: [1 1 0 0 1 1 0 1 1 1 0 0]
2025-02-24 14:45:47,273 - DEBUG - Generated 438 unique samples from 1000 total measurements
2025-02-24 14:45:47,280 - INFO - Found feasible solution: [0 0 1 1 1 0 0 0 1 0 0 1] with objective value 238.0
2025-02-24 14:45:47,281 - INFO - Found feasible solution:
2025-02-24 14:45:47,281 - INFO -   Solution: [0, 0, 1, 1, 1, 0, 0, 0, 1, 0, 0, 1]
2025-02-24 14:45:47,281 - INFO -   Value: 238.0
2025-02-24 14:45:47,282 - INFO -   QAOA solution found:
2025-02-24 14:45:47,282 - INFO -     Solution: [0, 0, 1, 1, 1, 0, 0, 0, 1, 0, 0, 1]
2025-02-24 14:45:47,282 - INFO -     Value: 238.0
2025-02-24 14:45:47,282 - INFO - 
Running Constraint Generation:
2025-02-24 14:45:47,284 - INFO - 
Problem information:
2025-02-24 14:45:47,284 - INFO -   Number of variables (n): 12
2025-02-24 14:45:47,284 - INFO -   Number of constraints (m): 40
2025-02-24 14:45:47,284 - DEBUG -   Density of A: 20.62%
2025-02-24 14:45:47,284 - INFO - 
Running classical reference solver:
2025-02-24 14:45:47,295 - INFO -   Reference solution found:
2025-02-24 14:45:47,295 - INFO -     Solution: [0, 1, 0, 0, 0, 1, 1, 0, 0, 1, 0, 0]
2025-02-24 14:45:47,295 - INFO -     Value: 176.0
2025-02-24 14:45:47,296 - INFO - 
Starting quantum constraint generation with parameters:
2025-02-24 14:45:47,296 - INFO -   sample_size (total shots): 1000
2025-02-24 14:45:47,296 - INFO -   tau: 0.1
2025-02-24 14:45:47,296 - INFO -   max_iters: 1000
2025-02-24 14:45:47,296 - INFO - 
Iteration 0:
2025-02-24 14:45:47,297 - DEBUG - Generated Ising Hamiltonian
2025-02-24 14:45:47,298 - DEBUG - Optimizing QAOA circuit...
2025-02-24 14:45:52,954 - WARNING - Circuit optimization did not converge
2025-02-24 14:45:52,954 - WARNING - Circuit optimization did not converge
2025-02-24 14:45:52,954 - DEBUG - Sampling from optimized circuit...
2025-02-24 14:45:53,010 - DEBUG - Generated 15 unique samples from 1000 total measurements
2025-02-24 14:45:53,010 - DEBUG - 
Top 5 most frequent samples:
2025-02-24 14:45:53,010 - DEBUG -   Rank | Count |   %   
2025-02-24 14:45:53,010 - DEBUG -   -----|-------|-------
2025-02-24 14:45:53,010 - DEBUG -      1 |   466 |  46.6
2025-02-24 14:45:53,011 - DEBUG -     Sample: [0 0 0 0 0 0 0 0 1 0 1 1]
2025-02-24 14:45:53,011 - DEBUG -      2 |   274 |  27.4
2025-02-24 14:45:53,012 - DEBUG -     Sample: [0 0 0 0 0 0 0 0 0 0 1 1]
2025-02-24 14:45:53,012 - DEBUG -      3 |    77 |   7.7
2025-02-24 14:45:53,012 - DEBUG -     Sample: [0 0 0 0 0 0 0 0 1 0 1 0]
2025-02-24 14:45:53,013 - DEBUG -      4 |    63 |   6.3
2025-02-24 14:45:53,013 - DEBUG -     Sample: [0 0 0 0 0 0 0 0 0 0 1 0]
2025-02-24 14:45:53,013 - DEBUG -      5 |    26 |   2.6
2025-02-24 14:45:53,013 - DEBUG -     Sample: [0 0 0 0 0 0 0 0 1 1 1 1]
2025-02-24 14:45:53,013 - DEBUG - Generated 15 unique samples from 1000 total measurements
2025-02-24 14:45:53,014 - INFO -   No feasible solution found in this iteration
2025-02-24 14:45:53,014 - INFO -   Added 11 new constraints: [0, 2, 3, 8, 11, 17, 24, 26, 32, 33, 36]
2025-02-24 14:45:53,014 - INFO - 
Iteration 1:
2025-02-24 14:45:53,014 - DEBUG - Generated Ising Hamiltonian
2025-02-24 14:45:53,016 - DEBUG - Optimizing QAOA circuit...
2025-02-24 14:46:01,252 - WARNING - Circuit optimization did not converge
2025-02-24 14:46:01,252 - WARNING - Circuit optimization did not converge
2025-02-24 14:46:01,252 - DEBUG - Sampling from optimized circuit...
2025-02-24 14:46:01,310 - DEBUG - Generated 12 unique samples from 1000 total measurements
2025-02-24 14:46:01,310 - DEBUG - 
Top 5 most frequent samples:
2025-02-24 14:46:01,310 - DEBUG -   Rank | Count |   %   
2025-02-24 14:46:01,310 - DEBUG -   -----|-------|-------
2025-02-24 14:46:01,310 - DEBUG -      1 |   573 |  57.3
2025-02-24 14:46:01,311 - DEBUG -     Sample: [0 0 0 0 0 0 0 0 1 0 0 0]
2025-02-24 14:46:01,311 - DEBUG -      2 |   226 |  22.6
2025-02-24 14:46:01,311 - DEBUG -     Sample: [0 0 0 0 0 0 0 0 1 1 0 0]
2025-02-24 14:46:01,311 - DEBUG -      3 |    78 |   7.8
2025-02-24 14:46:01,311 - DEBUG -     Sample: [0 0 0 0 0 0 0 0 1 0 1 0]
2025-02-24 14:46:01,311 - DEBUG -      4 |    50 |   5.0
2025-02-24 14:46:01,311 - DEBUG -     Sample: [0 0 0 0 0 0 0 0 0 0 0 0]
2025-02-24 14:46:01,311 - DEBUG -      5 |    34 |   3.4
2025-02-24 14:46:01,311 - DEBUG -     Sample: [0 0 0 0 0 0 0 0 1 1 1 0]
2025-02-24 14:46:01,312 - DEBUG - Generated 12 unique samples from 1000 total measurements
2025-02-24 14:46:01,312 - INFO -   No feasible solution found in this iteration
2025-02-24 14:46:01,312 - INFO -   No new constraints added, lowered tau multiplier: 1.0 -> 0.9
2025-02-24 14:46:01,312 - INFO -   No new constraints added, lowered tau multiplier: 0.9 -> 0.8
2025-02-24 14:46:01,312 - INFO -   No new constraints added, lowered tau multiplier: 0.8 -> 0.7
2025-02-24 14:46:01,312 - INFO -   No new constraints added, lowered tau multiplier: 0.7 -> 0.6
2025-02-24 14:46:01,312 - INFO -   Added 9 new constraints: [4, 5, 15, 18, 19, 21, 27, 29, 37]
2025-02-24 14:46:01,313 - INFO - 
Iteration 2:
2025-02-24 14:46:01,313 - DEBUG - Generated Ising Hamiltonian
2025-02-24 14:46:01,314 - DEBUG - Optimizing QAOA circuit...
2025-02-24 14:46:12,073 - WARNING - Circuit optimization did not converge
2025-02-24 14:46:12,073 - WARNING - Circuit optimization did not converge
2025-02-24 14:46:12,073 - DEBUG - Sampling from optimized circuit...
2025-02-24 14:46:12,124 - DEBUG - Generated 9 unique samples from 1000 total measurements
2025-02-24 14:46:12,124 - DEBUG - 
Top 5 most frequent samples:
2025-02-24 14:46:12,124 - DEBUG -   Rank | Count |   %   
2025-02-24 14:46:12,124 - DEBUG -   -----|-------|-------
2025-02-24 14:46:12,124 - DEBUG -      1 |   607 |  60.7
2025-02-24 14:46:12,124 - DEBUG -     Sample: [0 0 0 0 0 0 0 0 0 1 0 1]
2025-02-24 14:46:12,124 - DEBUG -      2 |   170 |  17.0
2025-02-24 14:46:12,124 - DEBUG -     Sample: [0 0 0 0 0 0 0 0 0 1 1 1]
2025-02-24 14:46:12,125 - DEBUG -      3 |   159 |  15.9
2025-02-24 14:46:12,125 - DEBUG -     Sample: [0 0 0 0 0 0 0 0 0 0 0 1]
2025-02-24 14:46:12,125 - DEBUG -      4 |    35 |   3.5
2025-02-24 14:46:12,125 - DEBUG -     Sample: [0 0 0 0 0 0 0 0 0 0 1 1]
2025-02-24 14:46:12,125 - DEBUG -      5 |    15 |   1.5
2025-02-24 14:46:12,125 - DEBUG -     Sample: [0 0 0 0 0 0 0 0 0 1 0 0]
2025-02-24 14:46:12,125 - DEBUG - Generated 9 unique samples from 1000 total measurements
2025-02-24 14:46:12,125 - INFO -   No feasible solution found in this iteration
2025-02-24 14:46:12,126 - INFO -   No new constraints added, lowered tau multiplier: 1.0 -> 0.9
2025-02-24 14:46:12,126 - INFO -   No new constraints added, lowered tau multiplier: 0.9 -> 0.8
2025-02-24 14:46:12,126 - INFO -   No new constraints added, lowered tau multiplier: 0.8 -> 0.7
2025-02-24 14:46:12,126 - INFO -   Added 7 new constraints: [12, 13, 14, 20, 23, 31, 34]
2025-02-24 14:46:12,126 - INFO - 
Iteration 3:
2025-02-24 14:46:12,126 - DEBUG - Generated Ising Hamiltonian
2025-02-24 14:46:12,128 - DEBUG - Optimizing QAOA circuit...
2025-02-24 14:46:19,671 - WARNING - Circuit optimization did not converge
2025-02-24 14:46:19,672 - WARNING - Circuit optimization did not converge
2025-02-24 14:46:19,672 - DEBUG - Sampling from optimized circuit...
2025-02-24 14:46:19,720 - DEBUG - Generated 16 unique samples from 1000 total measurements
2025-02-24 14:46:19,720 - DEBUG - 
Top 5 most frequent samples:
2025-02-24 14:46:19,720 - DEBUG -   Rank | Count |   %   
2025-02-24 14:46:19,720 - DEBUG -   -----|-------|-------
2025-02-24 14:46:19,720 - DEBUG -      1 |   177 |  17.7
2025-02-24 14:46:19,720 - DEBUG -     Sample: [0 0 0 0 0 0 0 0 0 1 0 1]
2025-02-24 14:46:19,720 - DEBUG -      2 |   167 |  16.7
2025-02-24 14:46:19,721 - DEBUG -     Sample: [0 0 0 0 0 0 0 0 1 1 0 0]
2025-02-24 14:46:19,721 - DEBUG -      3 |   161 |  16.1
2025-02-24 14:46:19,721 - DEBUG -     Sample: [0 0 0 0 0 0 0 0 0 1 0 0]
2025-02-24 14:46:19,721 - DEBUG -      4 |   135 |  13.5
2025-02-24 14:46:19,721 - DEBUG -     Sample: [0 0 0 0 0 0 0 0 1 1 0 1]
2025-02-24 14:46:19,721 - DEBUG -      5 |    51 |   5.1
2025-02-24 14:46:19,721 - DEBUG -     Sample: [0 0 0 0 0 0 0 0 1 1 1 0]
2025-02-24 14:46:19,721 - DEBUG - Generated 16 unique samples from 1000 total measurements
2025-02-24 14:46:19,722 - INFO -   No feasible solution found in this iteration
2025-02-24 14:46:19,722 - INFO -   No new constraints added, lowered tau multiplier: 1.0 -> 0.9
2025-02-24 14:46:19,722 - INFO -   No new constraints added, lowered tau multiplier: 0.9 -> 0.8
2025-02-24 14:46:19,722 - INFO -   No new constraints added, lowered tau multiplier: 0.8 -> 0.7
2025-02-24 14:46:19,722 - INFO -   No new constraints added, lowered tau multiplier: 0.7 -> 0.6
2025-02-24 14:46:19,722 - INFO -   No new constraints added, lowered tau multiplier: 0.6 -> 0.5
2025-02-24 14:46:19,722 - INFO -   No new constraints added, lowered tau multiplier: 0.5 -> 0.4
2025-02-24 14:46:19,722 - INFO -   Added 13 new constraints: [1, 6, 7, 9, 10, 16, 22, 25, 28, 30, 35, 38, 39]
2025-02-24 14:46:19,723 - INFO - 
Iteration 4:
2025-02-24 14:46:19,723 - DEBUG - Generated Ising Hamiltonian
2025-02-24 14:46:19,725 - DEBUG - Optimizing QAOA circuit...
2025-02-24 14:46:28,583 - WARNING - Circuit optimization did not converge
2025-02-24 14:46:28,584 - WARNING - Circuit optimization did not converge
2025-02-24 14:46:28,584 - DEBUG - Sampling from optimized circuit...
2025-02-24 14:46:28,635 - DEBUG - Generated 16 unique samples from 1000 total measurements
2025-02-24 14:46:28,635 - DEBUG - 
Top 5 most frequent samples:
2025-02-24 14:46:28,635 - DEBUG -   Rank | Count |   %   
2025-02-24 14:46:28,635 - DEBUG -   -----|-------|-------
2025-02-24 14:46:28,635 - DEBUG -      1 |    82 |   8.2
2025-02-24 14:46:28,636 - DEBUG -     Sample: [0 0 0 0 0 0 0 0 0 0 1 0]
2025-02-24 14:46:28,636 - DEBUG -      2 |    82 |   8.2
2025-02-24 14:46:28,636 - DEBUG -     Sample: [0 0 0 0 0 0 0 0 1 0 1 0]
2025-02-24 14:46:28,636 - DEBUG -      3 |    75 |   7.5
2025-02-24 14:46:28,636 - DEBUG -     Sample: [0 0 0 0 0 0 0 0 1 0 0 0]
2025-02-24 14:46:28,636 - DEBUG -      4 |    72 |   7.2
2025-02-24 14:46:28,637 - DEBUG -     Sample: [0 0 0 0 0 0 0 0 0 0 0 1]
2025-02-24 14:46:28,637 - DEBUG -      5 |    70 |   7.0
2025-02-24 14:46:28,637 - DEBUG -     Sample: [0 0 0 0 0 0 0 0 0 1 1 0]
2025-02-24 14:46:28,637 - DEBUG - Generated 16 unique samples from 1000 total measurements
2025-02-24 14:46:28,637 - INFO -   No feasible solution found in this iteration
2025-02-24 14:46:28,637 - INFO -   All constraints added, exiting
2025-02-24 14:46:28,637 - INFO -   Constraint generation found no feasible solution
2025-02-24 14:46:28,638 - INFO - 
Instance 62 results:
2025-02-24 14:46:28,638 - INFO -   Classical value: 176.0
2025-02-24 14:46:28,638 - INFO -   QAOA value: 238.0
2025-02-24 14:46:28,638 - INFO -   Constraint generation value: 0.0
2025-02-24 14:46:28,638 - INFO - 
Running instance 63/100
2025-02-24 14:46:28,639 - INFO - 
Running Classical Reference Solver (SCIP):
2025-02-24 14:46:28,640 - DEBUG - Problem dimensions: 40 constraints, 12 variables
2025-02-24 14:46:28,640 - DEBUG - Row names: ['ELEM1', 'ELEM2', 'ELEM3', 'ELEM4', 'ELEM5', 'ELEM6', 'ELEM7', 'ELEM8', 'ELEM9', 'ELEM10', 'ELEM11', 'ELEM12', 'ELEM13', 'ELEM14', 'ELEM15', 'ELEM16', 'ELEM17', 'ELEM18', 'ELEM19', 'ELEM20', 'ELEM21', 'ELEM22', 'ELEM23', 'ELEM24', 'ELEM25', 'ELEM26', 'ELEM27', 'ELEM28', 'ELEM29', 'ELEM30', 'ELEM31', 'ELEM32', 'ELEM33', 'ELEM34', 'ELEM35', 'ELEM36', 'ELEM37', 'ELEM38', 'ELEM39', 'ELEM40']
2025-02-24 14:46:28,640 - DEBUG - RHS values: {'ELEM1': 1.0, 'ELEM2': 1.0, 'ELEM3': 1.0, 'ELEM4': 1.0, 'ELEM5': 1.0, 'ELEM6': 1.0, 'ELEM7': 1.0, 'ELEM8': 1.0, 'ELEM9': 1.0, 'ELEM10': 1.0, 'ELEM11': 1.0, 'ELEM12': 1.0, 'ELEM13': 1.0, 'ELEM14': 1.0, 'ELEM15': 1.0, 'ELEM16': 1.0, 'ELEM17': 1.0, 'ELEM18': 1.0, 'ELEM19': 1.0, 'ELEM20': 1.0, 'ELEM21': 1.0, 'ELEM22': 1.0, 'ELEM23': 1.0, 'ELEM24': 1.0, 'ELEM25': 1.0, 'ELEM26': 1.0, 'ELEM27': 1.0, 'ELEM28': 1.0, 'ELEM29': 1.0, 'ELEM30': 1.0, 'ELEM31': 1.0, 'ELEM32': 1.0, 'ELEM33': 1.0, 'ELEM34': 1.0, 'ELEM35': 1.0, 'ELEM36': 1.0, 'ELEM37': 1.0, 'ELEM38': 1.0, 'ELEM39': 1.0, 'ELEM40': 1.0}
2025-02-24 14:46:28,648 - INFO -   Reference solution found:
2025-02-24 14:46:28,648 - INFO -     Solution: [0, 0, 0, 0, 0, 1, 1, 0, 0, 0, 0, 1]
2025-02-24 14:46:28,648 - INFO -     Value: 69.0
2025-02-24 14:46:28,648 - INFO - 
Running QAOA Reference Solution (with all constraints):
