
Problem information:
  Number of variables (n): 12
  Number of constraints (m): 40

Starting reference QAOA with parameters:
  sample_size (total shots): 1000
Added all constraints
Found feasible solution: [0 0 1 1 1 0 0 0 1 0 0 1] with objective value 238.0
Found feasible solution:
  Solution: [0, 0, 1, 1, 1, 0, 0, 0, 1, 0, 0, 1]
  Value: 238.0
  QAOA solution found:
    Solution: [0, 0, 1, 1, 1, 0, 0, 0, 1, 0, 0, 1]
    Value: 238.0

Running Constraint Generation:

Problem information:
  Number of variables (n): 12
  Number of constraints (m): 40

Running classical reference solver:
  Reference solution found:
    Solution: [0, 1, 0, 0, 0, 1, 1, 0, 0, 1, 0, 0]
    Value: 176.0

Starting quantum constraint generation with parameters:
  sample_size (total shots): 1000
  tau: 0.1
  max_iters: 1000

Iteration 0:
Circuit optimization did not converge
Circuit optimization did not converge
  No feasible solution found in this iteration
  Added 11 new constraints: [0, 2, 3, 8, 11, 17, 24, 26, 32, 33, 36]

Iteration 1:
Circuit optimization did not converge
Circuit optimization did not converge
  No feasible solution found in this iteration
  No new constraints added, lowered tau multiplier: 1.0 -> 0.9
  No new constraints added, lowered tau multiplier: 0.9 -> 0.8
  No new constraints added, lowered tau multiplier: 0.8 -> 0.7
  No new constraints added, lowered tau multiplier: 0.7 -> 0.6
  Added 9 new constraints: [4, 5, 15, 18, 19, 21, 27, 29, 37]

Iteration 2:
Circuit optimization did not converge
Circuit optimization did not converge
  No feasible solution found in this iteration
  No new constraints added, lowered tau multiplier: 1.0 -> 0.9
  No new constraints added, lowered tau multiplier: 0.9 -> 0.8
  No new constraints added, lowered tau multiplier: 0.8 -> 0.7
  Added 7 new constraints: [12, 13, 14, 20, 23, 31, 34]

Iteration 3:
Circuit optimization did not converge
Circuit optimization did not converge
  No feasible solution found in this iteration
  No new constraints added, lowered tau multiplier: 1.0 -> 0.9
  No new constraints added, lowered tau multiplier: 0.9 -> 0.8
  No new constraints added, lowered tau multiplier: 0.8 -> 0.7
  No new constraints added, lowered tau multiplier: 0.7 -> 0.6
  No new constraints added, lowered tau multiplier: 0.6 -> 0.5
  No new constraints added, lowered tau multiplier: 0.5 -> 0.4
  Added 13 new constraints: [1, 6, 7, 9, 10, 16, 22, 25, 28, 30, 35, 38, 39]

Iteration 4:
Circuit optimization did not converge
Circuit optimization did not converge
  No feasible solution found in this iteration
  All constraints added, exiting
  Constraint generation found no feasible solution

Instance 62 results:
  Classical value: 176.0
  QAOA value: 238.0
  Constraint generation value: 0.0

Running instance 63/100

Running Classical Reference Solver (SCIP):
  Reference solution found:
    Solution: [0, 0, 0, 0, 0, 1, 1, 0, 0, 0, 0, 1]
    Value: 69.0

Running QAOA Reference Solution (with all constraints):
