
Problem information:
  Number of variables (n): 12
  Number of constraints (m): 40

Starting reference QAOA with parameters:
  sample_size (total shots): 200
Added all constraints
No feasible solution found
  QAOA solver found no feasible solution

Running Constraint Generation:

Problem information:
  Number of variables (n): 12
  Number of constraints (m): 40

Running classical reference solver:
  Reference solution found:
    Solution: [1, 0, 0, 0, 1, 0, 0, 0, 1, 1, 1, 0]
    Value: 226.0

Starting quantum constraint generation with parameters:
  sample_size (total shots): 200
  tau: 0.1
  max_iters: 1000

Iteration 0:
  No feasible solution found in this iteration
  Added 2 new constraints: [16, 25]

Iteration 1:
  No feasible solution found in this iteration
  Added 1 new constraints: [37]

Iteration 2:
  No feasible solution found in this iteration
  Added 1 new constraints: [10]

Iteration 3:
  No feasible solution found in this iteration
  Added 2 new constraints: [2, 3]

Iteration 4:
  No feasible solution found in this iteration
  Added 1 new constraints: [4]

Iteration 5:
  No feasible solution found in this iteration
  Added 1 new constraints: [20]

Iteration 6:
  No feasible solution found in this iteration
  Added 2 new constraints: [12, 32]

Iteration 7:
  No feasible solution found in this iteration
  Added 2 new constraints: [1, 9]

Iteration 8:
  No feasible solution found in this iteration
  Added 1 new constraints: [39]

Iteration 9:
  No feasible solution found in this iteration
  No new constraints added, lowered tau multiplier: 1.0 -> 0.9
  Added 1 new constraints: [17]

Iteration 10:
  No feasible solution found in this iteration
  No new constraints added, lowered tau multiplier: 1.0 -> 0.9
  Added 2 new constraints: [18, 22]

Iteration 11:
  No feasible solution found in this iteration
  No new constraints added, lowered tau multiplier: 1.0 -> 0.9
  No new constraints added, lowered tau multiplier: 0.9 -> 0.8
  Added 6 new constraints: [11, 14, 23, 24, 26, 35]

Iteration 12:
Found feasible solution: [1 0 0 0 1 0 0 0 1 1 1 0] with objective value 226.0
  Found feasible solution:
    Solution: [1, 0, 0, 0, 1, 0, 0, 0, 1, 1, 1, 0]
    Value: 226.0
    Gap to reference: 0.00%
  Constraint generation solution found:
    Solution: [1, 0, 0, 0, 1, 0, 0, 0, 1, 1, 1, 0]
    Value: 226.0

Instance 54 results:
  Classical value: 226.0
  QAOA value: 0.0
  Constraint generation value: 226.0

Running instance 55/100

Running Classical Reference Solver (SCIP):
  Reference solution found:
    Solution: [0, 0, 0, 0, 1, 1, 1, 0, 1, 0, 0, 0]
    Value: 123.0

Running QAOA Reference Solution (with all constraints):
