2025-02-24 14:43:17,897 - INFO - 
Problem information:
2025-02-24 14:43:17,897 - INFO -   Number of variables (n): 12
2025-02-24 14:43:17,897 - INFO -   Number of constraints (m): 40
2025-02-24 14:43:17,897 - DEBUG -   Density of A: 19.17%
2025-02-24 14:43:17,897 - INFO - 
Starting reference QAOA with parameters:
2025-02-24 14:43:17,897 - INFO -   sample_size (total shots): 1000
2025-02-24 14:43:17,897 - INFO - Added all constraints
2025-02-24 14:43:17,897 - DEBUG - Generated Ising Hamiltonian
2025-02-24 14:43:18,025 - DEBUG - Optimizing QAOA circuit...
2025-02-24 14:43:20,976 - DEBUG - Circuit optimization successful
2025-02-24 14:43:20,977 - DEBUG - Circuit optimization successful, final value: 37049.71328671329
2025-02-24 14:43:20,977 - DEBUG - Sampling from optimized circuit...
2025-02-24 14:43:21,007 - DEBUG - Generated 704 unique samples from 1000 total measurements
2025-02-24 14:43:21,008 - DEBUG - 
Top 5 most frequent samples:
2025-02-24 14:43:21,008 - DEBUG -   Rank | Count |   %   
2025-02-24 14:43:21,008 - DEBUG -   -----|-------|-------
2025-02-24 14:43:21,008 - DEBUG -      1 |     8 |   0.8
2025-02-24 14:43:21,008 - DEBUG -     Sample: [0 1 0 1 1 1 1 1 1 1 0 1]
2025-02-24 14:43:21,009 - DEBUG -      2 |     6 |   0.6
2025-02-24 14:43:21,009 - DEBUG -     Sample: [0 1 0 1 1 1 1 1 1 0 0 1]
2025-02-24 14:43:21,009 - DEBUG -      3 |     6 |   0.6
2025-02-24 14:43:21,009 - DEBUG -     Sample: [0 1 1 1 0 1 1 1 1 0 0 0]
2025-02-24 14:43:21,009 - DEBUG -      4 |     6 |   0.6
2025-02-24 14:43:21,009 - DEBUG -     Sample: [0 1 1 1 1 1 1 1 1 0 0 0]
2025-02-24 14:43:21,009 - DEBUG -      5 |     5 |   0.5
2025-02-24 14:43:21,009 - DEBUG -     Sample: [0 1 1 1 0 1 1 0 1 1 0 0]
2025-02-24 14:43:21,010 - DEBUG - Generated 704 unique samples from 1000 total measurements
2025-02-24 14:43:21,018 - INFO - Found feasible solution: [0 1 1 0 0 0 1 0 0 0 0 1] with objective value 264.0
2025-02-24 14:43:21,020 - INFO - Found feasible solution:
2025-02-24 14:43:21,020 - INFO -   Solution: [0, 1, 1, 0, 0, 0, 1, 0, 0, 0, 0, 1]
2025-02-24 14:43:21,020 - INFO -   Value: 264.0
2025-02-24 14:43:21,021 - INFO -   QAOA solution found:
2025-02-24 14:43:21,021 - INFO -     Solution: [0, 1, 1, 0, 0, 0, 1, 0, 0, 0, 0, 1]
2025-02-24 14:43:21,021 - INFO -     Value: 264.0
2025-02-24 14:43:21,021 - INFO - 
Running Constraint Generation:
2025-02-24 14:43:21,022 - INFO - 
Problem information:
2025-02-24 14:43:21,022 - INFO -   Number of variables (n): 12
2025-02-24 14:43:21,022 - INFO -   Number of constraints (m): 40
2025-02-24 14:43:21,022 - DEBUG -   Density of A: 19.17%
2025-02-24 14:43:21,022 - INFO - 
Running classical reference solver:
2025-02-24 14:43:21,031 - INFO -   Reference solution found:
2025-02-24 14:43:21,031 - INFO -     Solution: [0, 1, 1, 0, 0, 0, 1, 0, 0, 0, 0, 1]
2025-02-24 14:43:21,031 - INFO -     Value: 264.0
2025-02-24 14:43:21,031 - INFO - 
Starting quantum constraint generation with parameters:
2025-02-24 14:43:21,031 - INFO -   sample_size (total shots): 1000
2025-02-24 14:43:21,031 - INFO -   tau: 0.1
2025-02-24 14:43:21,031 - INFO -   max_iters: 1000
2025-02-24 14:43:21,031 - INFO - 
Iteration 0:
2025-02-24 14:43:21,032 - DEBUG - Generated Ising Hamiltonian
2025-02-24 14:43:21,032 - DEBUG - Optimizing QAOA circuit...
2025-02-24 14:43:26,470 - WARNING - Circuit optimization did not converge
2025-02-24 14:43:26,470 - WARNING - Circuit optimization did not converge
2025-02-24 14:43:26,470 - DEBUG - Sampling from optimized circuit...
2025-02-24 14:43:26,521 - DEBUG - Generated 15 unique samples from 1000 total measurements
2025-02-24 14:43:26,521 - DEBUG - 
Top 5 most frequent samples:
2025-02-24 14:43:26,521 - DEBUG -   Rank | Count |   %   
2025-02-24 14:43:26,521 - DEBUG -   -----|-------|-------
2025-02-24 14:43:26,521 - DEBUG -      1 |   448 |  44.8
2025-02-24 14:43:26,522 - DEBUG -     Sample: [0 0 0 0 0 0 0 0 0 1 0 1]
2025-02-24 14:43:26,522 - DEBUG -      2 |   155 |  15.5
2025-02-24 14:43:26,522 - DEBUG -     Sample: [0 0 0 0 0 0 0 0 1 1 0 1]
2025-02-24 14:43:26,522 - DEBUG -      3 |   148 |  14.8
2025-02-24 14:43:26,522 - DEBUG -     Sample: [0 0 0 0 0 0 0 0 0 1 1 1]
2025-02-24 14:43:26,522 - DEBUG -      4 |    76 |   7.6
2025-02-24 14:43:26,522 - DEBUG -     Sample: [0 0 0 0 0 0 0 0 0 0 0 1]
2025-02-24 14:43:26,522 - DEBUG -      5 |    54 |   5.4
2025-02-24 14:43:26,523 - DEBUG -     Sample: [0 0 0 0 0 0 0 0 1 1 1 1]
2025-02-24 14:43:26,523 - DEBUG - Generated 15 unique samples from 1000 total measurements
2025-02-24 14:43:26,523 - INFO -   No feasible solution found in this iteration
2025-02-24 14:43:26,523 - INFO -   Added 8 new constraints: [1, 3, 12, 14, 16, 20, 22, 23]
2025-02-24 14:43:26,523 - INFO - 
Iteration 1:
2025-02-24 14:43:26,523 - DEBUG - Generated Ising Hamiltonian
2025-02-24 14:43:26,525 - DEBUG - Optimizing QAOA circuit...
2025-02-24 14:43:34,325 - WARNING - Circuit optimization did not converge
2025-02-24 14:43:34,326 - WARNING - Circuit optimization did not converge
2025-02-24 14:43:34,326 - DEBUG - Sampling from optimized circuit...
2025-02-24 14:43:34,372 - DEBUG - Generated 15 unique samples from 1000 total measurements
2025-02-24 14:43:34,372 - DEBUG - 
Top 5 most frequent samples:
2025-02-24 14:43:34,372 - DEBUG -   Rank | Count |   %   
2025-02-24 14:43:34,372 - DEBUG -   -----|-------|-------
2025-02-24 14:43:34,372 - DEBUG -      1 |   409 |  40.9
2025-02-24 14:43:34,373 - DEBUG -     Sample: [0 0 0 0 0 0 0 0 0 0 0 0]
2025-02-24 14:43:34,373 - DEBUG -      2 |   191 |  19.1
2025-02-24 14:43:34,373 - DEBUG -     Sample: [0 0 0 0 0 0 0 0 0 1 0 0]
2025-02-24 14:43:34,373 - DEBUG -      3 |   127 |  12.7
2025-02-24 14:43:34,373 - DEBUG -     Sample: [0 0 0 0 0 0 0 0 0 0 1 0]
2025-02-24 14:43:34,373 - DEBUG -      4 |    63 |   6.3
2025-02-24 14:43:34,373 - DEBUG -     Sample: [0 0 0 0 0 0 0 0 1 0 0 0]
2025-02-24 14:43:34,373 - DEBUG -      5 |    55 |   5.5
2025-02-24 14:43:34,373 - DEBUG -     Sample: [0 0 0 0 0 0 0 0 0 1 1 0]
2025-02-24 14:43:34,374 - DEBUG - Generated 15 unique samples from 1000 total measurements
2025-02-24 14:43:34,374 - INFO -   No feasible solution found in this iteration
2025-02-24 14:43:34,374 - INFO -   No new constraints added, lowered tau multiplier: 1.0 -> 0.9
2025-02-24 14:43:34,374 - INFO -   No new constraints added, lowered tau multiplier: 0.9 -> 0.8
2025-02-24 14:43:34,374 - INFO -   No new constraints added, lowered tau multiplier: 0.8 -> 0.7
2025-02-24 14:43:34,374 - INFO -   No new constraints added, lowered tau multiplier: 0.7 -> 0.6
2025-02-24 14:43:34,374 - INFO -   No new constraints added, lowered tau multiplier: 0.6 -> 0.5
2025-02-24 14:43:34,374 - INFO -   Added 21 new constraints: [2, 4, 5, 7, 9, 10, 19, 21, 24, 26, 27, 28, 29, 30, 32, 33, 34, 35, 37, 38, 39]
2025-02-24 14:43:34,375 - INFO - 
Iteration 2:
2025-02-24 14:43:34,375 - DEBUG - Generated Ising Hamiltonian
2025-02-24 14:43:34,376 - DEBUG - Optimizing QAOA circuit...
2025-02-24 14:43:43,789 - WARNING - Circuit optimization did not converge
2025-02-24 14:43:43,789 - WARNING - Circuit optimization did not converge
2025-02-24 14:43:43,789 - DEBUG - Sampling from optimized circuit...
2025-02-24 14:43:43,851 - DEBUG - Generated 16 unique samples from 1000 total measurements
2025-02-24 14:43:43,852 - DEBUG - 
Top 5 most frequent samples:
2025-02-24 14:43:43,852 - DEBUG -   Rank | Count |   %   
2025-02-24 14:43:43,852 - DEBUG -   -----|-------|-------
2025-02-24 14:43:43,852 - DEBUG -      1 |   150 |  15.0
2025-02-24 14:43:43,852 - DEBUG -     Sample: [0 0 0 0 0 0 0 0 0 1 1 0]
2025-02-24 14:43:43,852 - DEBUG -      2 |   147 |  14.7
2025-02-24 14:43:43,852 - DEBUG -     Sample: [0 0 0 0 0 0 0 0 0 0 0 0]
2025-02-24 14:43:43,853 - DEBUG -      3 |   122 |  12.2
2025-02-24 14:43:43,853 - DEBUG -     Sample: [0 0 0 0 0 0 0 0 1 1 1 0]
2025-02-24 14:43:43,853 - DEBUG -      4 |   116 |  11.6
2025-02-24 14:43:43,853 - DEBUG -     Sample: [0 0 0 0 0 0 0 0 0 1 0 0]
2025-02-24 14:43:43,853 - DEBUG -      5 |   114 |  11.4
2025-02-24 14:43:43,853 - DEBUG -     Sample: [0 0 0 0 0 0 0 0 0 0 1 0]
2025-02-24 14:43:43,853 - DEBUG - Generated 16 unique samples from 1000 total measurements
2025-02-24 14:43:43,854 - INFO -   No feasible solution found in this iteration
2025-02-24 14:43:43,854 - INFO -   No new constraints added, lowered tau multiplier: 1.0 -> 0.9
2025-02-24 14:43:43,854 - INFO -   No new constraints added, lowered tau multiplier: 0.9 -> 0.8
2025-02-24 14:43:43,854 - INFO -   No new constraints added, lowered tau multiplier: 0.8 -> 0.7
2025-02-24 14:43:43,854 - INFO -   No new constraints added, lowered tau multiplier: 0.7 -> 0.6
2025-02-24 14:43:43,855 - INFO -   No new constraints added, lowered tau multiplier: 0.6 -> 0.5
2025-02-24 14:43:43,855 - INFO -   No new constraints added, lowered tau multiplier: 0.5 -> 0.4
2025-02-24 14:43:43,855 - INFO -   Added 11 new constraints: [0, 6, 8, 11, 13, 15, 17, 18, 25, 31, 36]
2025-02-24 14:43:43,855 - INFO - 
Iteration 3:
2025-02-24 14:43:43,855 - DEBUG - Generated Ising Hamiltonian
2025-02-24 14:43:43,857 - DEBUG - Optimizing QAOA circuit...
2025-02-24 14:43:54,847 - WARNING - Circuit optimization did not converge
2025-02-24 14:43:54,848 - WARNING - Circuit optimization did not converge
2025-02-24 14:43:54,848 - DEBUG - Sampling from optimized circuit...
2025-02-24 14:43:54,901 - DEBUG - Generated 16 unique samples from 1000 total measurements
2025-02-24 14:43:54,901 - DEBUG - 
Top 5 most frequent samples:
2025-02-24 14:43:54,901 - DEBUG -   Rank | Count |   %   
2025-02-24 14:43:54,901 - DEBUG -   -----|-------|-------
2025-02-24 14:43:54,902 - DEBUG -      1 |    94 |   9.4
2025-02-24 14:43:54,902 - DEBUG -     Sample: [0 0 0 0 0 0 0 0 0 0 0 0]
2025-02-24 14:43:54,902 - DEBUG -      2 |    79 |   7.9
2025-02-24 14:43:54,902 - DEBUG -     Sample: [0 0 0 0 0 0 0 0 0 1 0 0]
2025-02-24 14:43:54,902 - DEBUG -      3 |    74 |   7.4
2025-02-24 14:43:54,902 - DEBUG -     Sample: [0 0 0 0 0 0 0 0 0 1 1 1]
2025-02-24 14:43:54,902 - DEBUG -      4 |    70 |   7.0
2025-02-24 14:43:54,903 - DEBUG -     Sample: [0 0 0 0 0 0 0 0 0 1 0 1]
2025-02-24 14:43:54,903 - DEBUG -      5 |    65 |   6.5
2025-02-24 14:43:54,903 - DEBUG -     Sample: [0 0 0 0 0 0 0 0 0 0 1 1]
2025-02-24 14:43:54,903 - DEBUG - Generated 16 unique samples from 1000 total measurements
2025-02-24 14:43:54,903 - INFO -   No feasible solution found in this iteration
2025-02-24 14:43:54,903 - INFO -   All constraints added, exiting
2025-02-24 14:43:54,903 - INFO -   Constraint generation found no feasible solution
2025-02-24 14:43:54,903 - INFO - 
Instance 58 results:
2025-02-24 14:43:54,903 - INFO -   Classical value: 264.0
2025-02-24 14:43:54,904 - INFO -   QAOA value: 264.0
2025-02-24 14:43:54,904 - INFO -   Constraint generation value: 0.0
2025-02-24 14:43:54,904 - INFO - 
Running instance 59/100
2025-02-24 14:43:54,905 - INFO - 
Running Classical Reference Solver (SCIP):
2025-02-24 14:43:54,906 - DEBUG - Problem dimensions: 40 constraints, 12 variables
2025-02-24 14:43:54,906 - DEBUG - Row names: ['ELEM1', 'ELEM2', 'ELEM3', 'ELEM4', 'ELEM5', 'ELEM6', 'ELEM7', 'ELEM8', 'ELEM9', 'ELEM10', 'ELEM11', 'ELEM12', 'ELEM13', 'ELEM14', 'ELEM15', 'ELEM16', 'ELEM17', 'ELEM18', 'ELEM19', 'ELEM20', 'ELEM21', 'ELEM22', 'ELEM23', 'ELEM24', 'ELEM25', 'ELEM26', 'ELEM27', 'ELEM28', 'ELEM29', 'ELEM30', 'ELEM31', 'ELEM32', 'ELEM33', 'ELEM34', 'ELEM35', 'ELEM36', 'ELEM37', 'ELEM38', 'ELEM39', 'ELEM40']
2025-02-24 14:43:54,906 - DEBUG - RHS values: {'ELEM1': 1.0, 'ELEM2': 1.0, 'ELEM3': 1.0, 'ELEM4': 1.0, 'ELEM5': 1.0, 'ELEM6': 1.0, 'ELEM7': 1.0, 'ELEM8': 1.0, 'ELEM9': 1.0, 'ELEM10': 1.0, 'ELEM11': 1.0, 'ELEM12': 1.0, 'ELEM13': 1.0, 'ELEM14': 1.0, 'ELEM15': 1.0, 'ELEM16': 1.0, 'ELEM17': 1.0, 'ELEM18': 1.0, 'ELEM19': 1.0, 'ELEM20': 1.0, 'ELEM21': 1.0, 'ELEM22': 1.0, 'ELEM23': 1.0, 'ELEM24': 1.0, 'ELEM25': 1.0, 'ELEM26': 1.0, 'ELEM27': 1.0, 'ELEM28': 1.0, 'ELEM29': 1.0, 'ELEM30': 1.0, 'ELEM31': 1.0, 'ELEM32': 1.0, 'ELEM33': 1.0, 'ELEM34': 1.0, 'ELEM35': 1.0, 'ELEM36': 1.0, 'ELEM37': 1.0, 'ELEM38': 1.0, 'ELEM39': 1.0, 'ELEM40': 1.0}
2025-02-24 14:43:54,914 - INFO -   Reference solution found:
2025-02-24 14:43:54,914 - INFO -     Solution: [0, 0, 1, 0, 0, 0, 1, 0, 0, 0, 0, 1]
2025-02-24 14:43:54,914 - INFO -     Value: 181.0
2025-02-24 14:43:54,914 - INFO - 
Running QAOA Reference Solution (with all constraints):
