
Problem information:
  Number of variables (n): 12
  Number of constraints (m): 40

Starting reference QAOA with parameters:
  sample_size (total shots): 1000
Added all constraints
Found feasible solution: [0 1 1 0 0 0 1 0 0 0 0 1] with objective value 264.0
Found feasible solution:
  Solution: [0, 1, 1, 0, 0, 0, 1, 0, 0, 0, 0, 1]
  Value: 264.0
  QAOA solution found:
    Solution: [0, 1, 1, 0, 0, 0, 1, 0, 0, 0, 0, 1]
    Value: 264.0

Running Constraint Generation:

Problem information:
  Number of variables (n): 12
  Number of constraints (m): 40

Running classical reference solver:
  Reference solution found:
    Solution: [0, 1, 1, 0, 0, 0, 1, 0, 0, 0, 0, 1]
    Value: 264.0

Starting quantum constraint generation with parameters:
  sample_size (total shots): 1000
  tau: 0.1
  max_iters: 1000

Iteration 0:
Circuit optimization did not converge
Circuit optimization did not converge
  No feasible solution found in this iteration
  Added 8 new constraints: [1, 3, 12, 14, 16, 20, 22, 23]

Iteration 1:
Circuit optimization did not converge
Circuit optimization did not converge
  No feasible solution found in this iteration
  No new constraints added, lowered tau multiplier: 1.0 -> 0.9
  No new constraints added, lowered tau multiplier: 0.9 -> 0.8
  No new constraints added, lowered tau multiplier: 0.8 -> 0.7
  No new constraints added, lowered tau multiplier: 0.7 -> 0.6
  No new constraints added, lowered tau multiplier: 0.6 -> 0.5
  Added 21 new constraints: [2, 4, 5, 7, 9, 10, 19, 21, 24, 26, 27, 28, 29, 30, 32, 33, 34, 35, 37, 38, 39]

Iteration 2:
Circuit optimization did not converge
Circuit optimization did not converge
  No feasible solution found in this iteration
  No new constraints added, lowered tau multiplier: 1.0 -> 0.9
  No new constraints added, lowered tau multiplier: 0.9 -> 0.8
  No new constraints added, lowered tau multiplier: 0.8 -> 0.7
  No new constraints added, lowered tau multiplier: 0.7 -> 0.6
  No new constraints added, lowered tau multiplier: 0.6 -> 0.5
  No new constraints added, lowered tau multiplier: 0.5 -> 0.4
  Added 11 new constraints: [0, 6, 8, 11, 13, 15, 17, 18, 25, 31, 36]

Iteration 3:
Circuit optimization did not converge
Circuit optimization did not converge
  No feasible solution found in this iteration
  All constraints added, exiting
  Constraint generation found no feasible solution

Instance 58 results:
  Classical value: 264.0
  QAOA value: 264.0
  Constraint generation value: 0.0

Running instance 59/100

Running Classical Reference Solver (SCIP):
  Reference solution found:
    Solution: [0, 0, 1, 0, 0, 0, 1, 0, 0, 0, 0, 1]
    Value: 181.0

Running QAOA Reference Solution (with all constraints):
