2025-02-24 14:40:21,366 - INFO - 
Problem information:
2025-02-24 14:40:21,367 - INFO -   Number of variables (n): 12
2025-02-24 14:40:21,367 - INFO -   Number of constraints (m): 40
2025-02-24 14:40:21,367 - DEBUG -   Density of A: 25.00%
2025-02-24 14:40:21,367 - INFO - 
Starting reference QAOA with parameters:
2025-02-24 14:40:21,367 - INFO -   sample_size (total shots): 1000
2025-02-24 14:40:21,367 - INFO - Added all constraints
2025-02-24 14:40:21,367 - DEBUG - Generated Ising Hamiltonian
2025-02-24 14:40:21,519 - DEBUG - Optimizing QAOA circuit...
2025-02-24 14:40:25,385 - DEBUG - Circuit optimization successful
2025-02-24 14:40:25,385 - DEBUG - Circuit optimization successful, final value: -113642.03596403598
2025-02-24 14:40:25,385 - DEBUG - Sampling from optimized circuit...
2025-02-24 14:40:25,424 - DEBUG - Generated 275 unique samples from 1000 total measurements
2025-02-24 14:40:25,425 - DEBUG - 
Top 5 most frequent samples:
2025-02-24 14:40:25,425 - DEBUG -   Rank | Count |   %   
2025-02-24 14:40:25,425 - DEBUG -   -----|-------|-------
2025-02-24 14:40:25,425 - DEBUG -      1 |    76 |   7.6
2025-02-24 14:40:25,425 - DEBUG -     Sample: [0 1 0 1 0 1 0 0 0 0 0 0]
2025-02-24 14:40:25,425 - DEBUG -      2 |    58 |   5.8
2025-02-24 14:40:25,426 - DEBUG -     Sample: [0 1 1 0 0 1 0 0 0 0 0 0]
2025-02-24 14:40:25,426 - DEBUG -      3 |    55 |   5.5
2025-02-24 14:40:25,426 - DEBUG -     Sample: [0 1 0 0 0 1 0 0 0 0 0 0]
2025-02-24 14:40:25,426 - DEBUG -      4 |    52 |   5.2
2025-02-24 14:40:25,426 - DEBUG -     Sample: [0 1 1 1 0 1 0 0 0 0 0 0]
2025-02-24 14:40:25,426 - DEBUG -      5 |    26 |   2.6
2025-02-24 14:40:25,426 - DEBUG -     Sample: [0 1 1 1 0 1 1 1 0 0 0 0]
2025-02-24 14:40:25,427 - DEBUG - Generated 275 unique samples from 1000 total measurements
2025-02-24 14:40:25,430 - INFO - Found feasible solution: [0 1 1 0 1 0 1 0 0 0 0 0] with objective value 116.0
2025-02-24 14:40:25,432 - INFO - Found feasible solution: [1 0 0 0 0 0 0 0 0 0 1 1] with objective value 184.0
2025-02-24 14:40:25,433 - INFO - Found feasible solution:
2025-02-24 14:40:25,433 - INFO -   Solution: [0, 1, 1, 0, 1, 0, 1, 0, 0, 0, 0, 0]
2025-02-24 14:40:25,433 - INFO -   Value: 116.0
2025-02-24 14:40:25,433 - INFO -   QAOA solution found:
2025-02-24 14:40:25,434 - INFO -     Solution: [0, 1, 1, 0, 1, 0, 1, 0, 0, 0, 0, 0]
2025-02-24 14:40:25,434 - INFO -     Value: 116.0
2025-02-24 14:40:25,434 - INFO - 
Running Constraint Generation:
2025-02-24 14:40:25,435 - INFO - 
Problem information:
2025-02-24 14:40:25,435 - INFO -   Number of variables (n): 12
2025-02-24 14:40:25,435 - INFO -   Number of constraints (m): 40
2025-02-24 14:40:25,436 - DEBUG -   Density of A: 25.00%
2025-02-24 14:40:25,436 - INFO - 
Running classical reference solver:
2025-02-24 14:40:25,448 - INFO -   Reference solution found:
2025-02-24 14:40:25,448 - INFO -     Solution: [0, 1, 1, 0, 1, 0, 1, 0, 0, 0, 0, 0]
2025-02-24 14:40:25,448 - INFO -     Value: 116.0
2025-02-24 14:40:25,448 - INFO - 
Starting quantum constraint generation with parameters:
2025-02-24 14:40:25,448 - INFO -   sample_size (total shots): 1000
2025-02-24 14:40:25,448 - INFO -   tau: 0.1
2025-02-24 14:40:25,449 - INFO -   max_iters: 1000
2025-02-24 14:40:25,449 - INFO - 
Iteration 0:
2025-02-24 14:40:25,449 - DEBUG - Generated Ising Hamiltonian
2025-02-24 14:40:25,450 - DEBUG - Optimizing QAOA circuit...
2025-02-24 14:40:35,273 - WARNING - Circuit optimization did not converge
2025-02-24 14:40:35,274 - WARNING - Circuit optimization did not converge
2025-02-24 14:40:35,274 - DEBUG - Sampling from optimized circuit...
2025-02-24 14:40:35,326 - DEBUG - Generated 9 unique samples from 1000 total measurements
2025-02-24 14:40:35,326 - DEBUG - 
Top 5 most frequent samples:
2025-02-24 14:40:35,326 - DEBUG -   Rank | Count |   %   
2025-02-24 14:40:35,326 - DEBUG -   -----|-------|-------
2025-02-24 14:40:35,326 - DEBUG -      1 |   486 |  48.6
2025-02-24 14:40:35,327 - DEBUG -     Sample: [0 0 0 0 0 0 0 0 0 0 1 1]
2025-02-24 14:40:35,327 - DEBUG -      2 |   224 |  22.4
2025-02-24 14:40:35,327 - DEBUG -     Sample: [0 0 0 0 0 0 0 0 0 1 1 1]
2025-02-24 14:40:35,327 - DEBUG -      3 |   195 |  19.5
2025-02-24 14:40:35,327 - DEBUG -     Sample: [0 0 0 0 0 0 0 0 1 0 1 1]
2025-02-24 14:40:35,327 - DEBUG -      4 |    83 |   8.3
2025-02-24 14:40:35,327 - DEBUG -     Sample: [0 0 0 0 0 0 0 0 1 1 1 1]
2025-02-24 14:40:35,327 - DEBUG -      5 |     7 |   0.7
2025-02-24 14:40:35,328 - DEBUG -     Sample: [0 0 0 0 0 0 0 0 0 0 1 0]
2025-02-24 14:40:35,328 - DEBUG - Generated 9 unique samples from 1000 total measurements
2025-02-24 14:40:35,328 - INFO -   No feasible solution found in this iteration
2025-02-24 14:40:35,328 - INFO -   Added 10 new constraints: [10, 11, 12, 16, 18, 27, 30, 31, 35, 36]
2025-02-24 14:40:35,328 - INFO - 
Iteration 1:
2025-02-24 14:40:35,328 - DEBUG - Generated Ising Hamiltonian
2025-02-24 14:40:35,330 - DEBUG - Optimizing QAOA circuit...
2025-02-24 14:40:42,450 - WARNING - Circuit optimization did not converge
2025-02-24 14:40:42,450 - WARNING - Circuit optimization did not converge
2025-02-24 14:40:42,450 - DEBUG - Sampling from optimized circuit...
2025-02-24 14:40:42,499 - DEBUG - Generated 16 unique samples from 1000 total measurements
2025-02-24 14:40:42,500 - DEBUG - 
Top 5 most frequent samples:
2025-02-24 14:40:42,500 - DEBUG -   Rank | Count |   %   
2025-02-24 14:40:42,500 - DEBUG -   -----|-------|-------
2025-02-24 14:40:42,500 - DEBUG -      1 |   142 |  14.2
2025-02-24 14:40:42,500 - DEBUG -     Sample: [0 0 0 0 0 0 0 0 0 0 1 0]
2025-02-24 14:40:42,500 - DEBUG -      2 |   141 |  14.1
2025-02-24 14:40:42,500 - DEBUG -     Sample: [0 0 0 0 0 0 0 0 1 0 1 0]
2025-02-24 14:40:42,500 - DEBUG -      3 |   132 |  13.2
2025-02-24 14:40:42,500 - DEBUG -     Sample: [0 0 0 0 0 0 0 0 1 0 1 1]
2025-02-24 14:40:42,501 - DEBUG -      4 |   132 |  13.2
2025-02-24 14:40:42,501 - DEBUG -     Sample: [0 0 0 0 0 0 0 0 0 0 1 1]
2025-02-24 14:40:42,501 - DEBUG -      5 |    87 |   8.7
2025-02-24 14:40:42,501 - DEBUG -     Sample: [0 0 0 0 0 0 0 0 0 0 0 0]
2025-02-24 14:40:42,501 - DEBUG - Generated 16 unique samples from 1000 total measurements
2025-02-24 14:40:42,502 - INFO -   No feasible solution found in this iteration
2025-02-24 14:40:42,502 - INFO -   No new constraints added, lowered tau multiplier: 1.0 -> 0.9
2025-02-24 14:40:42,502 - INFO -   No new constraints added, lowered tau multiplier: 0.9 -> 0.8
2025-02-24 14:40:42,502 - INFO -   No new constraints added, lowered tau multiplier: 0.8 -> 0.7
2025-02-24 14:40:42,502 - INFO -   No new constraints added, lowered tau multiplier: 0.7 -> 0.6
2025-02-24 14:40:42,502 - INFO -   No new constraints added, lowered tau multiplier: 0.6 -> 0.5
2025-02-24 14:40:42,502 - INFO -   No new constraints added, lowered tau multiplier: 0.5 -> 0.4
2025-02-24 14:40:42,503 - INFO -   Added 30 new constraints: [0, 1, 2, 3, 4, 5, 6, 7, 8, 9, 13, 14, 15, 17, 19, 20, 21, 22, 23, 24, 25, 26, 28, 29, 32, 33, 34, 37, 38, 39]
2025-02-24 14:40:42,503 - INFO - 
Iteration 2:
2025-02-24 14:40:42,503 - DEBUG - Generated Ising Hamiltonian
2025-02-24 14:40:42,505 - DEBUG - Optimizing QAOA circuit...
2025-02-24 14:40:53,353 - WARNING - Circuit optimization did not converge
2025-02-24 14:40:53,354 - WARNING - Circuit optimization did not converge
2025-02-24 14:40:53,354 - DEBUG - Sampling from optimized circuit...
2025-02-24 14:40:53,412 - DEBUG - Generated 16 unique samples from 1000 total measurements
2025-02-24 14:40:53,412 - DEBUG - 
Top 5 most frequent samples:
2025-02-24 14:40:53,412 - DEBUG -   Rank | Count |   %   
2025-02-24 14:40:53,412 - DEBUG -   -----|-------|-------
2025-02-24 14:40:53,412 - DEBUG -      1 |   189 |  18.9
2025-02-24 14:40:53,412 - DEBUG -     Sample: [0 0 0 0 0 0 0 0 0 0 0 0]
2025-02-24 14:40:53,412 - DEBUG -      2 |   182 |  18.2
2025-02-24 14:40:53,412 - DEBUG -     Sample: [0 0 0 0 0 0 0 0 1 1 0 0]
2025-02-24 14:40:53,413 - DEBUG -      3 |   181 |  18.1
2025-02-24 14:40:53,413 - DEBUG -     Sample: [0 0 0 0 0 0 0 0 0 1 0 0]
2025-02-24 14:40:53,413 - DEBUG -      4 |   165 |  16.5
2025-02-24 14:40:53,413 - DEBUG -     Sample: [0 0 0 0 0 0 0 0 1 0 0 0]
2025-02-24 14:40:53,413 - DEBUG -      5 |    76 |   7.6
2025-02-24 14:40:53,413 - DEBUG -     Sample: [0 0 0 0 0 0 0 0 0 0 0 1]
2025-02-24 14:40:53,413 - DEBUG - Generated 16 unique samples from 1000 total measurements
2025-02-24 14:40:53,414 - INFO -   No feasible solution found in this iteration
2025-02-24 14:40:53,414 - INFO -   All constraints added, exiting
2025-02-24 14:40:53,414 - INFO -   Constraint generation found no feasible solution
2025-02-24 14:40:53,414 - INFO - 
Instance 53 results:
2025-02-24 14:40:53,414 - INFO -   Classical value: 116.0
2025-02-24 14:40:53,414 - INFO -   QAOA value: 116.0
2025-02-24 14:40:53,414 - INFO -   Constraint generation value: 0.0
2025-02-24 14:40:53,414 - INFO - 
Running instance 54/100
2025-02-24 14:40:53,415 - INFO - 
Running Classical Reference Solver (SCIP):
2025-02-24 14:40:53,416 - DEBUG - Problem dimensions: 40 constraints, 12 variables
2025-02-24 14:40:53,416 - DEBUG - Row names: ['ELEM1', 'ELEM2', 'ELEM3', 'ELEM4', 'ELEM5', 'ELEM6', 'ELEM7', 'ELEM8', 'ELEM9', 'ELEM10', 'ELEM11', 'ELEM12', 'ELEM13', 'ELEM14', 'ELEM15', 'ELEM16', 'ELEM17', 'ELEM18', 'ELEM19', 'ELEM20', 'ELEM21', 'ELEM22', 'ELEM23', 'ELEM24', 'ELEM25', 'ELEM26', 'ELEM27', 'ELEM28', 'ELEM29', 'ELEM30', 'ELEM31', 'ELEM32', 'ELEM33', 'ELEM34', 'ELEM35', 'ELEM36', 'ELEM37', 'ELEM38', 'ELEM39', 'ELEM40']
2025-02-24 14:40:53,416 - DEBUG - RHS values: {'ELEM1': 1.0, 'ELEM2': 1.0, 'ELEM3': 1.0, 'ELEM4': 1.0, 'ELEM5': 1.0, 'ELEM6': 1.0, 'ELEM7': 1.0, 'ELEM8': 1.0, 'ELEM9': 1.0, 'ELEM10': 1.0, 'ELEM11': 1.0, 'ELEM12': 1.0, 'ELEM13': 1.0, 'ELEM14': 1.0, 'ELEM15': 1.0, 'ELEM16': 1.0, 'ELEM17': 1.0, 'ELEM18': 1.0, 'ELEM19': 1.0, 'ELEM20': 1.0, 'ELEM21': 1.0, 'ELEM22': 1.0, 'ELEM23': 1.0, 'ELEM24': 1.0, 'ELEM25': 1.0, 'ELEM26': 1.0, 'ELEM27': 1.0, 'ELEM28': 1.0, 'ELEM29': 1.0, 'ELEM30': 1.0, 'ELEM31': 1.0, 'ELEM32': 1.0, 'ELEM33': 1.0, 'ELEM34': 1.0, 'ELEM35': 1.0, 'ELEM36': 1.0, 'ELEM37': 1.0, 'ELEM38': 1.0, 'ELEM39': 1.0, 'ELEM40': 1.0}
2025-02-24 14:40:53,424 - INFO -   Reference solution found:
2025-02-24 14:40:53,424 - INFO -     Solution: [0, 1, 0, 1, 0, 0, 1, 0, 0, 1, 0, 0]
2025-02-24 14:40:53,425 - INFO -     Value: 209.0
2025-02-24 14:40:53,425 - INFO - 
Running QAOA Reference Solution (with all constraints):
