
Problem information:
  Number of variables (n): 12
  Number of constraints (m): 40

Starting reference QAOA with parameters:
  sample_size (total shots): 1000
Added all constraints
Found feasible solution: [0 1 1 0 1 0 1 0 0 0 0 0] with objective value 116.0
Found feasible solution: [1 0 0 0 0 0 0 0 0 0 1 1] with objective value 184.0
Found feasible solution:
  Solution: [0, 1, 1, 0, 1, 0, 1, 0, 0, 0, 0, 0]
  Value: 116.0
  QAOA solution found:
    Solution: [0, 1, 1, 0, 1, 0, 1, 0, 0, 0, 0, 0]
    Value: 116.0

Running Constraint Generation:

Problem information:
  Number of variables (n): 12
  Number of constraints (m): 40

Running classical reference solver:
  Reference solution found:
    Solution: [0, 1, 1, 0, 1, 0, 1, 0, 0, 0, 0, 0]
    Value: 116.0

Starting quantum constraint generation with parameters:
  sample_size (total shots): 1000
  tau: 0.1
  max_iters: 1000

Iteration 0:
Circuit optimization did not converge
Circuit optimization did not converge
  No feasible solution found in this iteration
  Added 10 new constraints: [10, 11, 12, 16, 18, 27, 30, 31, 35, 36]

Iteration 1:
Circuit optimization did not converge
Circuit optimization did not converge
  No feasible solution found in this iteration
  No new constraints added, lowered tau multiplier: 1.0 -> 0.9
  No new constraints added, lowered tau multiplier: 0.9 -> 0.8
  No new constraints added, lowered tau multiplier: 0.8 -> 0.7
  No new constraints added, lowered tau multiplier: 0.7 -> 0.6
  No new constraints added, lowered tau multiplier: 0.6 -> 0.5
  No new constraints added, lowered tau multiplier: 0.5 -> 0.4
  Added 30 new constraints: [0, 1, 2, 3, 4, 5, 6, 7, 8, 9, 13, 14, 15, 17, 19, 20, 21, 22, 23, 24, 25, 26, 28, 29, 32, 33, 34, 37, 38, 39]

Iteration 2:
Circuit optimization did not converge
Circuit optimization did not converge
  No feasible solution found in this iteration
  All constraints added, exiting
  Constraint generation found no feasible solution

Instance 53 results:
  Classical value: 116.0
  QAOA value: 116.0
  Constraint generation value: 0.0

Running instance 54/100

Running Classical Reference Solver (SCIP):
  Reference solution found:
    Solution: [0, 1, 0, 1, 0, 0, 1, 0, 0, 1, 0, 0]
    Value: 209.0

Running QAOA Reference Solution (with all constraints):
