2025-02-24 14:34:23,066 - INFO - 
Problem information:
2025-02-24 14:34:23,066 - INFO -   Number of variables (n): 12
2025-02-24 14:34:23,066 - INFO -   Number of constraints (m): 40
2025-02-24 14:34:23,066 - DEBUG -   Density of A: 23.12%
2025-02-24 14:34:23,066 - INFO - 
Starting reference QAOA with parameters:
2025-02-24 14:34:23,066 - INFO -   sample_size (total shots): 1000
2025-02-24 14:34:23,066 - INFO - Added all constraints
2025-02-24 14:34:23,066 - DEBUG - Generated Ising Hamiltonian
2025-02-24 14:34:23,207 - DEBUG - Optimizing QAOA circuit...
2025-02-24 14:34:27,139 - DEBUG - Circuit optimization successful
2025-02-24 14:34:27,139 - DEBUG - Circuit optimization successful, final value: -109135.03546453545
2025-02-24 14:34:27,139 - DEBUG - Sampling from optimized circuit...
2025-02-24 14:34:27,185 - DEBUG - Generated 607 unique samples from 1000 total measurements
2025-02-24 14:34:27,185 - DEBUG - 
Top 5 most frequent samples:
2025-02-24 14:34:27,185 - DEBUG -   Rank | Count |   %   
2025-02-24 14:34:27,185 - DEBUG -   -----|-------|-------
2025-02-24 14:34:27,185 - DEBUG -      1 |    14 |   1.4
2025-02-24 14:34:27,186 - DEBUG -     Sample: [1 0 0 0 0 0 0 0 1 0 0 0]
2025-02-24 14:34:27,186 - DEBUG -      2 |    13 |   1.3
2025-02-24 14:34:27,186 - DEBUG -     Sample: [1 1 0 0 0 1 0 0 1 0 0 0]
2025-02-24 14:34:27,186 - DEBUG -      3 |    13 |   1.3
2025-02-24 14:34:27,186 - DEBUG -     Sample: [1 0 0 0 0 1 0 0 0 0 0 0]
2025-02-24 14:34:27,187 - DEBUG -      4 |    12 |   1.2
2025-02-24 14:34:27,187 - DEBUG -     Sample: [1 0 0 0 0 1 0 0 1 0 0 0]
2025-02-24 14:34:27,187 - DEBUG -      5 |    11 |   1.1
2025-02-24 14:34:27,187 - DEBUG -     Sample: [1 0 1 0 0 1 0 0 1 0 0 0]
2025-02-24 14:34:27,189 - DEBUG - Generated 607 unique samples from 1000 total measurements
2025-02-24 14:34:27,195 - INFO - Found feasible solution: [0 1 0 0 0 1 0 0 1 1 1 0] with objective value 290.0
2025-02-24 14:34:27,199 - INFO - Found feasible solution:
2025-02-24 14:34:27,199 - INFO -   Solution: [0, 1, 0, 0, 0, 1, 0, 0, 1, 1, 1, 0]
2025-02-24 14:34:27,199 - INFO -   Value: 290.0
2025-02-24 14:34:27,200 - INFO -   QAOA solution found:
2025-02-24 14:34:27,200 - INFO -     Solution: [0, 1, 0, 0, 0, 1, 0, 0, 1, 1, 1, 0]
2025-02-24 14:34:27,200 - INFO -     Value: 290.0
2025-02-24 14:34:27,200 - INFO - 
Running Constraint Generation:
2025-02-24 14:34:27,202 - INFO - 
Problem information:
2025-02-24 14:34:27,202 - INFO -   Number of variables (n): 12
2025-02-24 14:34:27,202 - INFO -   Number of constraints (m): 40
2025-02-24 14:34:27,202 - DEBUG -   Density of A: 23.12%
2025-02-24 14:34:27,202 - INFO - 
Running classical reference solver:
2025-02-24 14:34:27,212 - INFO -   Reference solution found:
2025-02-24 14:34:27,213 - INFO -     Solution: [0, 0, 1, 1, 0, 0, 1, 1, 0, 0, 0, 0]
2025-02-24 14:34:27,213 - INFO -     Value: 186.0
2025-02-24 14:34:27,213 - INFO - 
Starting quantum constraint generation with parameters:
2025-02-24 14:34:27,213 - INFO -   sample_size (total shots): 1000
2025-02-24 14:34:27,213 - INFO -   tau: 0.1
2025-02-24 14:34:27,213 - INFO -   max_iters: 1000
2025-02-24 14:34:27,213 - INFO - 
Iteration 0:
2025-02-24 14:34:27,214 - DEBUG - Generated Ising Hamiltonian
2025-02-24 14:34:27,215 - DEBUG - Optimizing QAOA circuit...
2025-02-24 14:34:30,327 - WARNING - Circuit optimization did not converge
2025-02-24 14:34:30,327 - WARNING - Circuit optimization did not converge
2025-02-24 14:34:30,327 - DEBUG - Sampling from optimized circuit...
2025-02-24 14:34:30,382 - DEBUG - Generated 8 unique samples from 1000 total measurements
2025-02-24 14:34:30,382 - DEBUG - 
Top 5 most frequent samples:
2025-02-24 14:34:30,382 - DEBUG -   Rank | Count |   %   
2025-02-24 14:34:30,382 - DEBUG -   -----|-------|-------
2025-02-24 14:34:30,382 - DEBUG -      1 |   885 |  88.5
2025-02-24 14:34:30,382 - DEBUG -     Sample: [0 0 0 0 0 0 0 0 1 1 1 1]
2025-02-24 14:34:30,382 - DEBUG -      2 |    82 |   8.2
2025-02-24 14:34:30,382 - DEBUG -     Sample: [0 0 0 0 0 0 0 0 0 1 1 1]
2025-02-24 14:34:30,383 - DEBUG -      3 |    13 |   1.3
2025-02-24 14:34:30,383 - DEBUG -     Sample: [0 0 0 0 0 0 0 0 1 1 0 1]
2025-02-24 14:34:30,383 - DEBUG -      4 |     7 |   0.7
2025-02-24 14:34:30,383 - DEBUG -     Sample: [0 0 0 0 0 0 0 0 1 1 1 0]
2025-02-24 14:34:30,383 - DEBUG -      5 |     5 |   0.5
2025-02-24 14:34:30,383 - DEBUG -     Sample: [0 0 0 0 0 0 0 0 1 0 1 1]
2025-02-24 14:34:30,383 - DEBUG - Generated 8 unique samples from 1000 total measurements
2025-02-24 14:34:30,384 - INFO -   No feasible solution found in this iteration
2025-02-24 14:34:30,384 - INFO -   Added 15 new constraints: [0, 2, 5, 6, 8, 9, 11, 12, 21, 22, 23, 25, 29, 31, 34]
2025-02-24 14:34:30,384 - INFO - 
Iteration 1:
2025-02-24 14:34:30,384 - DEBUG - Generated Ising Hamiltonian
2025-02-24 14:34:30,386 - DEBUG - Optimizing QAOA circuit...
2025-02-24 14:34:40,535 - WARNING - Circuit optimization did not converge
2025-02-24 14:34:40,535 - WARNING - Circuit optimization did not converge
2025-02-24 14:34:40,535 - DEBUG - Sampling from optimized circuit...
2025-02-24 14:34:40,587 - DEBUG - Generated 14 unique samples from 1000 total measurements
2025-02-24 14:34:40,587 - DEBUG - 
Top 5 most frequent samples:
2025-02-24 14:34:40,587 - DEBUG -   Rank | Count |   %   
2025-02-24 14:34:40,587 - DEBUG -   -----|-------|-------
2025-02-24 14:34:40,587 - DEBUG -      1 |   336 |  33.6
2025-02-24 14:34:40,587 - DEBUG -     Sample: [0 0 0 0 0 0 0 0 0 0 0 0]
2025-02-24 14:34:40,587 - DEBUG -      2 |   318 |  31.8
2025-02-24 14:34:40,588 - DEBUG -     Sample: [0 0 0 0 0 0 0 0 0 0 0 1]
2025-02-24 14:34:40,588 - DEBUG -      3 |    92 |   9.2
2025-02-24 14:34:40,588 - DEBUG -     Sample: [0 0 0 0 0 0 0 0 0 1 0 0]
2025-02-24 14:34:40,588 - DEBUG -      4 |    90 |   9.0
2025-02-24 14:34:40,588 - DEBUG -     Sample: [0 0 0 0 0 0 0 0 0 1 0 1]
2025-02-24 14:34:40,588 - DEBUG -      5 |    55 |   5.5
2025-02-24 14:34:40,588 - DEBUG -     Sample: [0 0 0 0 0 0 0 0 0 0 1 0]
2025-02-24 14:34:40,588 - DEBUG - Generated 14 unique samples from 1000 total measurements
2025-02-24 14:34:40,589 - INFO -   No feasible solution found in this iteration
2025-02-24 14:34:40,589 - INFO -   No new constraints added, lowered tau multiplier: 1.0 -> 0.9
2025-02-24 14:34:40,589 - INFO -   No new constraints added, lowered tau multiplier: 0.9 -> 0.8
2025-02-24 14:34:40,589 - INFO -   No new constraints added, lowered tau multiplier: 0.8 -> 0.7
2025-02-24 14:34:40,589 - INFO -   No new constraints added, lowered tau multiplier: 0.7 -> 0.6
2025-02-24 14:34:40,589 - INFO -   No new constraints added, lowered tau multiplier: 0.6 -> 0.5
2025-02-24 14:34:40,589 - INFO -   Added 15 new constraints: [1, 3, 4, 7, 10, 13, 17, 20, 24, 27, 28, 30, 32, 36, 39]
2025-02-24 14:34:40,589 - INFO - 
Iteration 2:
2025-02-24 14:34:40,590 - DEBUG - Generated Ising Hamiltonian
2025-02-24 14:34:40,592 - DEBUG - Optimizing QAOA circuit...
2025-02-24 14:34:48,450 - WARNING - Circuit optimization did not converge
2025-02-24 14:34:48,450 - WARNING - Circuit optimization did not converge
2025-02-24 14:34:48,450 - DEBUG - Sampling from optimized circuit...
2025-02-24 14:34:48,505 - DEBUG - Generated 10 unique samples from 1000 total measurements
2025-02-24 14:34:48,505 - DEBUG - 
Top 5 most frequent samples:
2025-02-24 14:34:48,505 - DEBUG -   Rank | Count |   %   
2025-02-24 14:34:48,505 - DEBUG -   -----|-------|-------
2025-02-24 14:34:48,505 - DEBUG -      1 |   537 |  53.7
2025-02-24 14:34:48,505 - DEBUG -     Sample: [0 0 0 0 0 0 0 0 0 0 1 1]
2025-02-24 14:34:48,505 - DEBUG -      2 |   346 |  34.6
2025-02-24 14:34:48,506 - DEBUG -     Sample: [0 0 0 0 0 0 0 0 0 0 0 1]
2025-02-24 14:34:48,506 - DEBUG -      3 |    43 |   4.3
2025-02-24 14:34:48,506 - DEBUG -     Sample: [0 0 0 0 0 0 0 0 0 0 1 0]
2025-02-24 14:34:48,506 - DEBUG -      4 |    31 |   3.1
2025-02-24 14:34:48,506 - DEBUG -     Sample: [0 0 0 0 0 0 0 0 0 0 0 0]
2025-02-24 14:34:48,507 - DEBUG -      5 |    13 |   1.3
2025-02-24 14:34:48,507 - DEBUG -     Sample: [0 0 0 0 0 0 0 0 0 1 1 1]
2025-02-24 14:34:48,507 - DEBUG - Generated 10 unique samples from 1000 total measurements
2025-02-24 14:34:48,507 - INFO -   No feasible solution found in this iteration
2025-02-24 14:34:48,508 - INFO -   No new constraints added, lowered tau multiplier: 1.0 -> 0.9
2025-02-24 14:34:48,508 - INFO -   No new constraints added, lowered tau multiplier: 0.9 -> 0.8
2025-02-24 14:34:48,508 - INFO -   No new constraints added, lowered tau multiplier: 0.8 -> 0.7
2025-02-24 14:34:48,508 - INFO -   No new constraints added, lowered tau multiplier: 0.7 -> 0.6
2025-02-24 14:34:48,508 - INFO -   No new constraints added, lowered tau multiplier: 0.6 -> 0.5
2025-02-24 14:34:48,508 - INFO -   Added 4 new constraints: [14, 26, 33, 37]
2025-02-24 14:34:48,508 - INFO - 
Iteration 3:
2025-02-24 14:34:48,508 - DEBUG - Generated Ising Hamiltonian
2025-02-24 14:34:48,510 - DEBUG - Optimizing QAOA circuit...
2025-02-24 14:35:00,270 - WARNING - Circuit optimization did not converge
2025-02-24 14:35:00,270 - WARNING - Circuit optimization did not converge
2025-02-24 14:35:00,270 - DEBUG - Sampling from optimized circuit...
2025-02-24 14:35:00,325 - DEBUG - Generated 9 unique samples from 1000 total measurements
2025-02-24 14:35:00,325 - DEBUG - 
Top 5 most frequent samples:
2025-02-24 14:35:00,325 - DEBUG -   Rank | Count |   %   
2025-02-24 14:35:00,325 - DEBUG -   -----|-------|-------
2025-02-24 14:35:00,326 - DEBUG -      1 |   755 |  75.5
2025-02-24 14:35:00,326 - DEBUG -     Sample: [0 0 0 0 0 0 0 0 0 0 1 1]
2025-02-24 14:35:00,326 - DEBUG -      2 |   210 |  21.0
2025-02-24 14:35:00,326 - DEBUG -     Sample: [0 0 0 0 0 0 0 0 0 0 0 1]
2025-02-24 14:35:00,326 - DEBUG -      3 |    14 |   1.4
2025-02-24 14:35:00,326 - DEBUG -     Sample: [0 0 0 0 0 0 0 0 0 1 1 1]
2025-02-24 14:35:00,327 - DEBUG -      4 |     7 |   0.7
2025-02-24 14:35:00,327 - DEBUG -     Sample: [0 0 0 0 0 0 0 0 0 0 1 0]
2025-02-24 14:35:00,327 - DEBUG -      5 |     5 |   0.5
2025-02-24 14:35:00,327 - DEBUG -     Sample: [0 0 0 0 0 0 0 0 0 0 0 0]
2025-02-24 14:35:00,327 - DEBUG - Generated 9 unique samples from 1000 total measurements
2025-02-24 14:35:00,327 - INFO -   No feasible solution found in this iteration
2025-02-24 14:35:00,327 - INFO -   No new constraints added, lowered tau multiplier: 1.0 -> 0.9
2025-02-24 14:35:00,327 - INFO -   No new constraints added, lowered tau multiplier: 0.9 -> 0.8
2025-02-24 14:35:00,327 - INFO -   No new constraints added, lowered tau multiplier: 0.8 -> 0.7
2025-02-24 14:35:00,328 - INFO -   No new constraints added, lowered tau multiplier: 0.7 -> 0.6
2025-02-24 14:35:00,328 - INFO -   No new constraints added, lowered tau multiplier: 0.6 -> 0.5
2025-02-24 14:35:00,328 - INFO -   Added 1 new constraints: [18]
2025-02-24 14:35:00,328 - INFO - 
Iteration 4:
2025-02-24 14:35:00,328 - DEBUG - Generated Ising Hamiltonian
2025-02-24 14:35:00,330 - DEBUG - Optimizing QAOA circuit...
2025-02-24 14:35:05,316 - WARNING - Circuit optimization did not converge
2025-02-24 14:35:05,316 - WARNING - Circuit optimization did not converge
2025-02-24 14:35:05,316 - DEBUG - Sampling from optimized circuit...
2025-02-24 14:35:05,374 - DEBUG - Generated 8 unique samples from 1000 total measurements
2025-02-24 14:35:05,374 - DEBUG - 
Top 5 most frequent samples:
2025-02-24 14:35:05,375 - DEBUG -   Rank | Count |   %   
2025-02-24 14:35:05,375 - DEBUG -   -----|-------|-------
2025-02-24 14:35:05,375 - DEBUG -      1 |   659 |  65.9
2025-02-24 14:35:05,375 - DEBUG -     Sample: [0 0 0 0 0 0 0 0 1 0 0 1]
2025-02-24 14:35:05,375 - DEBUG -      2 |   267 |  26.7
2025-02-24 14:35:05,375 - DEBUG -     Sample: [0 0 0 0 0 0 0 0 1 0 1 1]
2025-02-24 14:35:05,376 - DEBUG -      3 |    46 |   4.6
2025-02-24 14:35:05,376 - DEBUG -     Sample: [0 0 0 0 0 0 0 0 1 0 0 0]
2025-02-24 14:35:05,376 - DEBUG -      4 |    18 |   1.8
2025-02-24 14:35:05,376 - DEBUG -     Sample: [0 0 0 0 0 0 0 0 1 0 1 0]
2025-02-24 14:35:05,376 - DEBUG -      5 |     5 |   0.5
2025-02-24 14:35:05,376 - DEBUG -     Sample: [0 0 0 0 0 0 0 0 1 1 0 1]
2025-02-24 14:35:05,376 - DEBUG - Generated 8 unique samples from 1000 total measurements
2025-02-24 14:35:05,376 - INFO -   No feasible solution found in this iteration
2025-02-24 14:35:05,377 - INFO -   No new constraints added, lowered tau multiplier: 1.0 -> 0.9
2025-02-24 14:35:05,377 - INFO -   No new constraints added, lowered tau multiplier: 0.9 -> 0.8
2025-02-24 14:35:05,377 - INFO -   No new constraints added, lowered tau multiplier: 0.8 -> 0.7
2025-02-24 14:35:05,377 - INFO -   No new constraints added, lowered tau multiplier: 0.7 -> 0.6
2025-02-24 14:35:05,377 - INFO -   No new constraints added, lowered tau multiplier: 0.6 -> 0.5
2025-02-24 14:35:05,377 - INFO -   No new constraints added, lowered tau multiplier: 0.5 -> 0.4
2025-02-24 14:35:05,377 - INFO -   No new constraints added, lowered tau multiplier: 0.4 -> 0.3
2025-02-24 14:35:05,377 - INFO -   No new constraints added, lowered tau multiplier: 0.3 -> 0.2
2025-02-24 14:35:05,377 - INFO -   Added 5 new constraints: [15, 16, 19, 35, 38]
2025-02-24 14:35:05,377 - INFO - 
Iteration 5:
2025-02-24 14:35:05,378 - DEBUG - Generated Ising Hamiltonian
2025-02-24 14:35:05,381 - DEBUG - Optimizing QAOA circuit...
2025-02-24 14:35:11,989 - WARNING - Circuit optimization did not converge
2025-02-24 14:35:11,989 - WARNING - Circuit optimization did not converge
2025-02-24 14:35:11,989 - DEBUG - Sampling from optimized circuit...
2025-02-24 14:35:12,052 - DEBUG - Generated 16 unique samples from 1000 total measurements
2025-02-24 14:35:12,052 - DEBUG - 
Top 5 most frequent samples:
2025-02-24 14:35:12,053 - DEBUG -   Rank | Count |   %   
2025-02-24 14:35:12,053 - DEBUG -   -----|-------|-------
2025-02-24 14:35:12,053 - DEBUG -      1 |    86 |   8.6
2025-02-24 14:35:12,053 - DEBUG -     Sample: [0 0 0 0 0 0 0 0 1 0 0 0]
2025-02-24 14:35:12,053 - DEBUG -      2 |    78 |   7.8
2025-02-24 14:35:12,053 - DEBUG -     Sample: [0 0 0 0 0 0 0 0 1 0 0 1]
2025-02-24 14:35:12,053 - DEBUG -      3 |    72 |   7.2
2025-02-24 14:35:12,053 - DEBUG -     Sample: [0 0 0 0 0 0 0 0 1 1 1 0]
2025-02-24 14:35:12,054 - DEBUG -      4 |    70 |   7.0
2025-02-24 14:35:12,054 - DEBUG -     Sample: [0 0 0 0 0 0 0 0 0 0 0 0]
2025-02-24 14:35:12,054 - DEBUG -      5 |    67 |   6.7
2025-02-24 14:35:12,054 - DEBUG -     Sample: [0 0 0 0 0 0 0 0 0 0 0 1]
2025-02-24 14:35:12,054 - DEBUG - Generated 16 unique samples from 1000 total measurements
2025-02-24 14:35:12,054 - INFO -   No feasible solution found in this iteration
2025-02-24 14:35:12,054 - INFO -   All constraints added, exiting
2025-02-24 14:35:12,054 - INFO -   Constraint generation found no feasible solution
2025-02-24 14:35:12,054 - INFO - 
Instance 44 results:
2025-02-24 14:35:12,055 - INFO -   Classical value: 186.0
2025-02-24 14:35:12,055 - INFO -   QAOA value: 290.0
2025-02-24 14:35:12,055 - INFO -   Constraint generation value: 0.0
2025-02-24 14:35:12,055 - INFO - 
Running instance 45/100
2025-02-24 14:35:12,056 - INFO - 
Running Classical Reference Solver (SCIP):
2025-02-24 14:35:12,057 - DEBUG - Problem dimensions: 40 constraints, 12 variables
2025-02-24 14:35:12,057 - DEBUG - Row names: ['ELEM1', 'ELEM2', 'ELEM3', 'ELEM4', 'ELEM5', 'ELEM6', 'ELEM7', 'ELEM8', 'ELEM9', 'ELEM10', 'ELEM11', 'ELEM12', 'ELEM13', 'ELEM14', 'ELEM15', 'ELEM16', 'ELEM17', 'ELEM18', 'ELEM19', 'ELEM20', 'ELEM21', 'ELEM22', 'ELEM23', 'ELEM24', 'ELEM25', 'ELEM26', 'ELEM27', 'ELEM28', 'ELEM29', 'ELEM30', 'ELEM31', 'ELEM32', 'ELEM33', 'ELEM34', 'ELEM35', 'ELEM36', 'ELEM37', 'ELEM38', 'ELEM39', 'ELEM40']
2025-02-24 14:35:12,057 - DEBUG - RHS values: {'ELEM1': 1.0, 'ELEM2': 1.0, 'ELEM3': 1.0, 'ELEM4': 1.0, 'ELEM5': 1.0, 'ELEM6': 1.0, 'ELEM7': 1.0, 'ELEM8': 1.0, 'ELEM9': 1.0, 'ELEM10': 1.0, 'ELEM11': 1.0, 'ELEM12': 1.0, 'ELEM13': 1.0, 'ELEM14': 1.0, 'ELEM15': 1.0, 'ELEM16': 1.0, 'ELEM17': 1.0, 'ELEM18': 1.0, 'ELEM19': 1.0, 'ELEM20': 1.0, 'ELEM21': 1.0, 'ELEM22': 1.0, 'ELEM23': 1.0, 'ELEM24': 1.0, 'ELEM25': 1.0, 'ELEM26': 1.0, 'ELEM27': 1.0, 'ELEM28': 1.0, 'ELEM29': 1.0, 'ELEM30': 1.0, 'ELEM31': 1.0, 'ELEM32': 1.0, 'ELEM33': 1.0, 'ELEM34': 1.0, 'ELEM35': 1.0, 'ELEM36': 1.0, 'ELEM37': 1.0, 'ELEM38': 1.0, 'ELEM39': 1.0, 'ELEM40': 1.0}
2025-02-24 14:35:12,065 - INFO -   Reference solution found:
2025-02-24 14:35:12,065 - INFO -     Solution: [0, 1, 0, 0, 0, 0, 1, 1, 0, 0, 0, 1]
2025-02-24 14:35:12,065 - INFO -     Value: 266.0
2025-02-24 14:35:12,065 - INFO - 
Running QAOA Reference Solution (with all constraints):
