
Problem information:
  Number of variables (n): 10
  Number of constraints (m): 20

Starting reference QAOA with parameters:
  sample_size (total shots): 100
Added all constraints
No feasible solution found
  QAOA solver found no feasible solution

Running Constraint Generation:

Problem information:
  Number of variables (n): 10
  Number of constraints (m): 20

Running classical reference solver:
  Reference solution found:
    Solution: [1, 1, 0, 0, 0, 0, 0, 0, 0, 0]
    Value: 70.0

Starting quantum constraint generation with parameters:
  sample_size (total shots): 100
  tau: 0.1
  max_iters: 1000

Iteration 0:
Found feasible solution: [1 1 0 0 0 0 0 0 0 0] with objective value 70.0
  Found feasible solution:
    Solution: [1, 1, 0, 0, 0, 0, 0, 0, 0, 0]
    Value: 70.0
    Gap to reference: 0.00%
  Constraint generation solution found:
    Solution: [1, 1, 0, 0, 0, 0, 0, 0, 0, 0]
    Value: 70.0

Instance 59 results:
  Classical value: 70.0
  QAOA value: 0.0
  Constraint generation value: 70.0

Running instance 60/100

Running Classical Reference Solver (SCIP):
  Reference solution found:
    Solution: [1, 0, 0, 0, 0, 0, 0, 1, 0, 0]
    Value: 115.0

Running QAOA Reference Solution (with all constraints):
