2025-02-23 18:48:33,500 - INFO - 
Problem information:
2025-02-23 18:48:33,500 - INFO -   Number of variables (n): 10
2025-02-23 18:48:33,501 - INFO -   Number of constraints (m): 20
2025-02-23 18:48:33,501 - DEBUG -   Density of A: 50.00%
2025-02-23 18:48:33,501 - INFO - 
Starting reference QAOA with parameters:
2025-02-23 18:48:33,501 - INFO -   sample_size (total shots): 100
2025-02-23 18:48:33,501 - INFO - Added all constraints
2025-02-23 18:48:33,501 - DEBUG - Generated Ising Hamiltonian
2025-02-23 18:48:33,717 - DEBUG - Optimizing QAOA circuit...
2025-02-23 18:48:35,237 - DEBUG - Circuit optimization successful
2025-02-23 18:48:35,237 - DEBUG - Circuit optimization successful, final value: 14199.641358641358
2025-02-23 18:48:35,237 - DEBUG - Sampling from optimized circuit...
2025-02-23 18:48:35,250 - DEBUG - Generated 90 unique samples from 100 total measurements
2025-02-23 18:48:35,250 - DEBUG - 
Top 5 most frequent samples:
2025-02-23 18:48:35,250 - DEBUG -   Rank | Count |   %   
2025-02-23 18:48:35,250 - DEBUG -   -----|-------|-------
2025-02-23 18:48:35,250 - DEBUG -      1 |     3 |   3.0
2025-02-23 18:48:35,251 - DEBUG -     Sample: [0 1 1 0 1 0 1 0 0 1]
2025-02-23 18:48:35,251 - DEBUG -      2 |     2 |   2.0
2025-02-23 18:48:35,252 - DEBUG -     Sample: [0 1 0 1 0 0 1 1 1 1]
2025-02-23 18:48:35,252 - DEBUG -      3 |     2 |   2.0
2025-02-23 18:48:35,252 - DEBUG -     Sample: [1 1 0 0 1 1 1 1 1 0]
2025-02-23 18:48:35,252 - DEBUG -      4 |     2 |   2.0
2025-02-23 18:48:35,252 - DEBUG -     Sample: [1 1 0 0 0 0 0 0 0 1]
2025-02-23 18:48:35,252 - DEBUG -      5 |     2 |   2.0
2025-02-23 18:48:35,253 - DEBUG -     Sample: [1 1 1 1 1 0 1 1 0 1]
2025-02-23 18:48:35,253 - DEBUG - Generated 90 unique samples from 100 total measurements
2025-02-23 18:48:35,255 - INFO - No feasible solution found
2025-02-23 18:48:35,255 - INFO -   QAOA solver found no feasible solution
2025-02-23 18:48:35,256 - INFO - 
Running Constraint Generation:
2025-02-23 18:48:35,257 - INFO - 
Problem information:
2025-02-23 18:48:35,258 - INFO -   Number of variables (n): 10
2025-02-23 18:48:35,258 - INFO -   Number of constraints (m): 20
2025-02-23 18:48:35,258 - DEBUG -   Density of A: 50.00%
2025-02-23 18:48:35,258 - INFO - 
Running classical reference solver:
2025-02-23 18:48:35,268 - INFO -   Reference solution found:
2025-02-23 18:48:35,268 - INFO -     Solution: [0, 0, 0, 1, 0, 0, 0, 0, 0, 1]
2025-02-23 18:48:35,268 - INFO -     Value: 35.0
2025-02-23 18:48:35,268 - INFO - 
Starting quantum constraint generation with parameters:
2025-02-23 18:48:35,269 - INFO -   sample_size (total shots): 100
2025-02-23 18:48:35,269 - INFO -   tau: 0.1
2025-02-23 18:48:35,269 - INFO -   max_iters: 1000
2025-02-23 18:48:35,269 - INFO - 
Iteration 0:
2025-02-23 18:48:35,269 - DEBUG - Generated Ising Hamiltonian
2025-02-23 18:48:35,477 - DEBUG - Optimizing QAOA circuit...
2025-02-23 18:48:36,488 - DEBUG - Circuit optimization successful
2025-02-23 18:48:36,489 - DEBUG - Circuit optimization successful, final value: -301.14185814185817
2025-02-23 18:48:36,489 - DEBUG - Sampling from optimized circuit...
2025-02-23 18:48:36,500 - DEBUG - Generated 54 unique samples from 100 total measurements
2025-02-23 18:48:36,500 - DEBUG - 
Top 5 most frequent samples:
2025-02-23 18:48:36,500 - DEBUG -   Rank | Count |   %   
2025-02-23 18:48:36,500 - DEBUG -   -----|-------|-------
2025-02-23 18:48:36,500 - DEBUG -      1 |     9 |   9.0
2025-02-23 18:48:36,500 - DEBUG -     Sample: [1 1 1 1 0 1 1 1 1 1]
2025-02-23 18:48:36,501 - DEBUG -      2 |     8 |   8.0
2025-02-23 18:48:36,501 - DEBUG -     Sample: [1 1 1 1 1 1 1 1 1 1]
2025-02-23 18:48:36,501 - DEBUG -      3 |     4 |   4.0
2025-02-23 18:48:36,501 - DEBUG -     Sample: [1 1 1 1 0 1 1 1 0 0]
2025-02-23 18:48:36,501 - DEBUG -      4 |     4 |   4.0
2025-02-23 18:48:36,502 - DEBUG -     Sample: [1 1 1 0 0 1 1 1 0 1]
2025-02-23 18:48:36,502 - DEBUG -      5 |     4 |   4.0
2025-02-23 18:48:36,502 - DEBUG -     Sample: [1 1 1 0 0 0 1 1 1 1]
2025-02-23 18:48:36,502 - DEBUG - Generated 54 unique samples from 100 total measurements
2025-02-23 18:48:36,503 - INFO -   No feasible solution found in this iteration
2025-02-23 18:48:36,504 - INFO -   Added 9 new constraints: [1, 3, 5, 8, 10, 11, 12, 13, 17]
2025-02-23 18:48:36,504 - INFO - 
Iteration 1:
2025-02-23 18:48:36,504 - DEBUG - Generated Ising Hamiltonian
2025-02-23 18:48:36,719 - DEBUG - Optimizing QAOA circuit...
2025-02-23 18:48:37,989 - DEBUG - Circuit optimization successful
2025-02-23 18:48:37,989 - DEBUG - Circuit optimization successful, final value: 26343.892607392605
2025-02-23 18:48:37,989 - DEBUG - Sampling from optimized circuit...
2025-02-23 18:48:38,003 - DEBUG - Generated 68 unique samples from 100 total measurements
2025-02-23 18:48:38,003 - DEBUG - 
Top 5 most frequent samples:
2025-02-23 18:48:38,003 - DEBUG -   Rank | Count |   %   
2025-02-23 18:48:38,004 - DEBUG -   -----|-------|-------
2025-02-23 18:48:38,004 - DEBUG -      1 |    10 |  10.0
2025-02-23 18:48:38,004 - DEBUG -     Sample: [0 1 1 1 0 1 0 1 1 0]
2025-02-23 18:48:38,004 - DEBUG -      2 |     4 |   4.0
2025-02-23 18:48:38,004 - DEBUG -     Sample: [0 1 0 1 0 0 1 1 1 0]
2025-02-23 18:48:38,004 - DEBUG -      3 |     4 |   4.0
2025-02-23 18:48:38,005 - DEBUG -     Sample: [0 1 1 1 1 1 0 1 1 0]
2025-02-23 18:48:38,005 - DEBUG -      4 |     3 |   3.0
2025-02-23 18:48:38,005 - DEBUG -     Sample: [0 1 0 1 0 1 1 1 1 1]
2025-02-23 18:48:38,005 - DEBUG -      5 |     3 |   3.0
2025-02-23 18:48:38,006 - DEBUG -     Sample: [1 1 1 1 0 0 0 1 0 0]
2025-02-23 18:48:38,006 - DEBUG - Generated 68 unique samples from 100 total measurements
2025-02-23 18:48:38,007 - INFO -   No feasible solution found in this iteration
2025-02-23 18:48:38,008 - INFO -   No new constraints added, lowered tau multiplier: 1.0 -> 0.9
2025-02-23 18:48:38,008 - INFO -   Added 6 new constraints: [0, 6, 7, 9, 16, 19]
2025-02-23 18:48:38,008 - INFO - 
Iteration 2:
2025-02-23 18:48:38,008 - DEBUG - Generated Ising Hamiltonian
2025-02-23 18:48:38,224 - DEBUG - Optimizing QAOA circuit...
2025-02-23 18:48:39,799 - DEBUG - Circuit optimization successful
2025-02-23 18:48:39,799 - DEBUG - Circuit optimization successful, final value: -3261.291208791209
2025-02-23 18:48:39,799 - DEBUG - Sampling from optimized circuit...
2025-02-23 18:48:39,814 - DEBUG - Generated 92 unique samples from 100 total measurements
2025-02-23 18:48:39,814 - DEBUG - 
Top 5 most frequent samples:
2025-02-23 18:48:39,814 - DEBUG -   Rank | Count |   %   
2025-02-23 18:48:39,814 - DEBUG -   -----|-------|-------
2025-02-23 18:48:39,815 - DEBUG -      1 |     2 |   2.0
2025-02-23 18:48:39,815 - DEBUG -     Sample: [0 0 0 1 0 1 1 0 1 0]
2025-02-23 18:48:39,815 - DEBUG -      2 |     2 |   2.0
2025-02-23 18:48:39,815 - DEBUG -     Sample: [0 1 1 1 1 1 1 0 1 0]
2025-02-23 18:48:39,816 - DEBUG -      3 |     2 |   2.0
2025-02-23 18:48:39,816 - DEBUG -     Sample: [0 1 1 0 0 0 0 0 0 0]
2025-02-23 18:48:39,816 - DEBUG -      4 |     2 |   2.0
2025-02-23 18:48:39,816 - DEBUG -     Sample: [0 0 0 0 0 1 1 1 1 0]
2025-02-23 18:48:39,816 - DEBUG -      5 |     2 |   2.0
2025-02-23 18:48:39,817 - DEBUG -     Sample: [1 0 0 1 0 0 1 1 1 0]
2025-02-23 18:48:39,817 - DEBUG - Generated 92 unique samples from 100 total measurements
2025-02-23 18:48:39,817 - INFO - Found feasible solution: [0 0 0 0 0 1 0 1 0 0] with objective value 110.0
2025-02-23 18:48:39,819 - INFO -   Found feasible solution:
2025-02-23 18:48:39,819 - INFO -     Solution: [0, 0, 0, 0, 0, 1, 0, 1, 0, 0]
2025-02-23 18:48:39,819 - INFO -     Value: 110.0
2025-02-23 18:48:39,820 - INFO -     Gap to reference: 214.29%
2025-02-23 18:48:39,820 - INFO -   Constraint generation solution found:
2025-02-23 18:48:39,820 - INFO -     Solution: [0, 0, 0, 0, 0, 1, 0, 1, 0, 0]
2025-02-23 18:48:39,820 - INFO -     Value: 110.0
2025-02-23 18:48:39,821 - INFO - 
Instance 34 results:
2025-02-23 18:48:39,821 - INFO -   Classical value: 35.0
2025-02-23 18:48:39,821 - INFO -   QAOA value: 0.0
2025-02-23 18:48:39,821 - INFO -   Constraint generation value: 110.0
2025-02-23 18:48:39,821 - INFO - 
Running instance 35/100
2025-02-23 18:48:39,823 - INFO - 
Running Classical Reference Solver (SCIP):
2025-02-23 18:48:39,824 - DEBUG - Problem dimensions: 20 constraints, 10 variables
2025-02-23 18:48:39,824 - DEBUG - Row names: ['ELEM1', 'ELEM2', 'ELEM3', 'ELEM4', 'ELEM5', 'ELEM6', 'ELEM7', 'ELEM8', 'ELEM9', 'ELEM10', 'ELEM11', 'ELEM12', 'ELEM13', 'ELEM14', 'ELEM15', 'ELEM16', 'ELEM17', 'ELEM18', 'ELEM19', 'ELEM20']
2025-02-23 18:48:39,824 - DEBUG - RHS values: {'ELEM1': 1.0, 'ELEM2': 1.0, 'ELEM3': 1.0, 'ELEM4': 1.0, 'ELEM5': 1.0, 'ELEM6': 1.0, 'ELEM7': 1.0, 'ELEM8': 1.0, 'ELEM9': 1.0, 'ELEM10': 1.0, 'ELEM11': 1.0, 'ELEM12': 1.0, 'ELEM13': 1.0, 'ELEM14': 1.0, 'ELEM15': 1.0, 'ELEM16': 1.0, 'ELEM17': 1.0, 'ELEM18': 1.0, 'ELEM19': 1.0, 'ELEM20': 1.0}
2025-02-23 18:48:39,834 - INFO -   Reference solution found:
2025-02-23 18:48:39,835 - INFO -     Solution: [0, 1, 0, 1, 0, 0, 0, 0, 0, 0]
2025-02-23 18:48:39,835 - INFO -     Value: 38.0
2025-02-23 18:48:39,835 - INFO - 
Running QAOA Reference Solution (with all constraints):
