
Problem information:
  Number of variables (n): 10
  Number of constraints (m): 20

Starting reference QAOA with parameters:
  sample_size (total shots): 100
Added all constraints
No feasible solution found
  QAOA solver found no feasible solution

Running Constraint Generation:

Problem information:
  Number of variables (n): 10
  Number of constraints (m): 20

Running classical reference solver:
  Reference solution found:
    Solution: [0, 0, 0, 1, 0, 0, 0, 0, 0, 1]
    Value: 35.0

Starting quantum constraint generation with parameters:
  sample_size (total shots): 100
  tau: 0.1
  max_iters: 1000

Iteration 0:
  No feasible solution found in this iteration
  Added 9 new constraints: [1, 3, 5, 8, 10, 11, 12, 13, 17]

Iteration 1:
  No feasible solution found in this iteration
  No new constraints added, lowered tau multiplier: 1.0 -> 0.9
  Added 6 new constraints: [0, 6, 7, 9, 16, 19]

Iteration 2:
Found feasible solution: [0 0 0 0 0 1 0 1 0 0] with objective value 110.0
  Found feasible solution:
    Solution: [0, 0, 0, 0, 0, 1, 0, 1, 0, 0]
    Value: 110.0
    Gap to reference: 214.29%
  Constraint generation solution found:
    Solution: [0, 0, 0, 0, 0, 1, 0, 1, 0, 0]
    Value: 110.0

Instance 34 results:
  Classical value: 35.0
  QAOA value: 0.0
  Constraint generation value: 110.0

Running instance 35/100

Running Classical Reference Solver (SCIP):
  Reference solution found:
    Solution: [0, 1, 0, 1, 0, 0, 0, 0, 0, 0]
    Value: 38.0

Running QAOA Reference Solution (with all constraints):
