2025-02-24 14:51:38,163 - INFO - 
Problem information:
2025-02-24 14:51:38,164 - INFO -   Number of variables (n): 12
2025-02-24 14:51:38,164 - INFO -   Number of constraints (m): 40
2025-02-24 14:51:38,164 - DEBUG -   Density of A: 25.00%
2025-02-24 14:51:38,164 - INFO - 
Starting reference QAOA with parameters:
2025-02-24 14:51:38,164 - INFO -   sample_size (total shots): 1000
2025-02-24 14:51:38,164 - INFO - Added all constraints
2025-02-24 14:51:38,164 - DEBUG - Generated Ising Hamiltonian
2025-02-24 14:51:38,324 - DEBUG - Optimizing QAOA circuit...
2025-02-24 14:51:42,480 - DEBUG - Circuit optimization successful
2025-02-24 14:51:42,480 - DEBUG - Circuit optimization successful, final value: 12621.366633366635
2025-02-24 14:51:42,480 - DEBUG - Sampling from optimized circuit...
2025-02-24 14:51:42,526 - DEBUG - Generated 821 unique samples from 1000 total measurements
2025-02-24 14:51:42,527 - DEBUG - 
Top 5 most frequent samples:
2025-02-24 14:51:42,527 - DEBUG -   Rank | Count |   %   
2025-02-24 14:51:42,527 - DEBUG -   -----|-------|-------
2025-02-24 14:51:42,527 - DEBUG -      1 |     4 |   0.4
2025-02-24 14:51:42,528 - DEBUG -     Sample: [1 1 1 0 1 1 1 1 0 1 0 1]
2025-02-24 14:51:42,528 - DEBUG -      2 |     4 |   0.4
2025-02-24 14:51:42,528 - DEBUG -     Sample: [1 1 0 1 0 0 1 0 1 1 1 0]
2025-02-24 14:51:42,528 - DEBUG -      3 |     4 |   0.4
2025-02-24 14:51:42,528 - DEBUG -     Sample: [1 1 0 1 0 1 1 1 0 0 1 1]
2025-02-24 14:51:42,529 - DEBUG -      4 |     4 |   0.4
2025-02-24 14:51:42,529 - DEBUG -     Sample: [0 1 0 1 0 0 1 0 1 1 1 0]
2025-02-24 14:51:42,529 - DEBUG -      5 |     3 |   0.3
2025-02-24 14:51:42,529 - DEBUG -     Sample: [0 1 1 1 0 1 1 1 1 0 0 1]
2025-02-24 14:51:42,531 - DEBUG - Generated 821 unique samples from 1000 total measurements
2025-02-24 14:51:42,545 - INFO - Found feasible solution: [1 0 0 0 1 1 0 0 0 1 0 0] with objective value 168.0
2025-02-24 14:51:42,547 - INFO - Found feasible solution:
2025-02-24 14:51:42,547 - INFO -   Solution: [1, 0, 0, 0, 1, 1, 0, 0, 0, 1, 0, 0]
2025-02-24 14:51:42,547 - INFO -   Value: 168.0
2025-02-24 14:51:42,547 - INFO -   QAOA solution found:
2025-02-24 14:51:42,548 - INFO -     Solution: [1, 0, 0, 0, 1, 1, 0, 0, 0, 1, 0, 0]
2025-02-24 14:51:42,548 - INFO -     Value: 168.0
2025-02-24 14:51:42,548 - INFO - 
Running Constraint Generation:
2025-02-24 14:51:42,549 - INFO - 
Problem information:
2025-02-24 14:51:42,549 - INFO -   Number of variables (n): 12
2025-02-24 14:51:42,549 - INFO -   Number of constraints (m): 40
2025-02-24 14:51:42,550 - DEBUG -   Density of A: 25.00%
2025-02-24 14:51:42,550 - INFO - 
Running classical reference solver:
2025-02-24 14:51:42,561 - INFO -   Reference solution found:
2025-02-24 14:51:42,562 - INFO -     Solution: [1, 0, 0, 0, 1, 1, 0, 0, 0, 1, 0, 0]
2025-02-24 14:51:42,562 - INFO -     Value: 168.0
2025-02-24 14:51:42,562 - INFO - 
Starting quantum constraint generation with parameters:
2025-02-24 14:51:42,562 - INFO -   sample_size (total shots): 1000
2025-02-24 14:51:42,562 - INFO -   tau: 0.1
2025-02-24 14:51:42,562 - INFO -   max_iters: 1000
2025-02-24 14:51:42,562 - INFO - 
Iteration 0:
2025-02-24 14:51:42,562 - DEBUG - Generated Ising Hamiltonian
2025-02-24 14:51:42,563 - DEBUG - Optimizing QAOA circuit...
2025-02-24 14:51:46,213 - WARNING - Circuit optimization did not converge
2025-02-24 14:51:46,213 - WARNING - Circuit optimization did not converge
2025-02-24 14:51:46,213 - DEBUG - Sampling from optimized circuit...
2025-02-24 14:51:46,278 - DEBUG - Generated 14 unique samples from 1000 total measurements
2025-02-24 14:51:46,278 - DEBUG - 
Top 5 most frequent samples:
2025-02-24 14:51:46,278 - DEBUG -   Rank | Count |   %   
2025-02-24 14:51:46,278 - DEBUG -   -----|-------|-------
2025-02-24 14:51:46,278 - DEBUG -      1 |   572 |  57.2
2025-02-24 14:51:46,279 - DEBUG -     Sample: [0 0 0 0 0 0 0 0 1 1 1 1]
2025-02-24 14:51:46,279 - DEBUG -      2 |   242 |  24.2
2025-02-24 14:51:46,279 - DEBUG -     Sample: [0 0 0 0 0 0 0 0 0 1 1 1]
2025-02-24 14:51:46,279 - DEBUG -      3 |    60 |   6.0
2025-02-24 14:51:46,279 - DEBUG -     Sample: [0 0 0 0 0 0 0 0 1 0 1 1]
2025-02-24 14:51:46,279 - DEBUG -      4 |    36 |   3.6
2025-02-24 14:51:46,279 - DEBUG -     Sample: [0 0 0 0 0 0 0 0 0 0 1 1]
2025-02-24 14:51:46,279 - DEBUG -      5 |    27 |   2.7
2025-02-24 14:51:46,280 - DEBUG -     Sample: [0 0 0 0 0 0 0 0 1 1 1 0]
2025-02-24 14:51:46,280 - DEBUG - Generated 14 unique samples from 1000 total measurements
2025-02-24 14:51:46,280 - INFO -   No feasible solution found in this iteration
2025-02-24 14:51:46,280 - INFO -   Added 6 new constraints: [7, 8, 9, 28, 33, 39]
2025-02-24 14:51:46,281 - INFO - 
Iteration 1:
2025-02-24 14:51:46,281 - DEBUG - Generated Ising Hamiltonian
2025-02-24 14:51:46,282 - DEBUG - Optimizing QAOA circuit...
2025-02-24 14:51:54,633 - WARNING - Circuit optimization did not converge
2025-02-24 14:51:54,633 - WARNING - Circuit optimization did not converge
2025-02-24 14:51:54,633 - DEBUG - Sampling from optimized circuit...
2025-02-24 14:51:54,706 - DEBUG - Generated 16 unique samples from 1000 total measurements
2025-02-24 14:51:54,706 - DEBUG - 
Top 5 most frequent samples:
2025-02-24 14:51:54,707 - DEBUG -   Rank | Count |   %   
2025-02-24 14:51:54,707 - DEBUG -   -----|-------|-------
2025-02-24 14:51:54,707 - DEBUG -      1 |   280 |  28.0
2025-02-24 14:51:54,707 - DEBUG -     Sample: [0 0 0 0 0 0 0 0 1 1 0 0]
2025-02-24 14:51:54,708 - DEBUG -      2 |   125 |  12.5
2025-02-24 14:51:54,708 - DEBUG -     Sample: [0 0 0 0 0 0 0 0 1 1 1 0]
2025-02-24 14:51:54,708 - DEBUG -      3 |   112 |  11.2
2025-02-24 14:51:54,708 - DEBUG -     Sample: [0 0 0 0 0 0 0 0 1 1 0 1]
2025-02-24 14:51:54,708 - DEBUG -      4 |   100 |  10.0
2025-02-24 14:51:54,709 - DEBUG -     Sample: [0 0 0 0 0 0 0 0 0 1 0 0]
2025-02-24 14:51:54,709 - DEBUG -      5 |    76 |   7.6
2025-02-24 14:51:54,709 - DEBUG -     Sample: [0 0 0 0 0 0 0 0 1 0 0 0]
2025-02-24 14:51:54,709 - DEBUG - Generated 16 unique samples from 1000 total measurements
2025-02-24 14:51:54,709 - INFO -   No feasible solution found in this iteration
2025-02-24 14:51:54,710 - INFO -   No new constraints added, lowered tau multiplier: 1.0 -> 0.9
2025-02-24 14:51:54,710 - INFO -   No new constraints added, lowered tau multiplier: 0.9 -> 0.8
2025-02-24 14:51:54,710 - INFO -   No new constraints added, lowered tau multiplier: 0.8 -> 0.7
2025-02-24 14:51:54,711 - INFO -   No new constraints added, lowered tau multiplier: 0.7 -> 0.6
2025-02-24 14:51:54,711 - INFO -   Added 1 new constraints: [15]
2025-02-24 14:51:54,711 - INFO - 
Iteration 2:
2025-02-24 14:51:54,712 - DEBUG - Generated Ising Hamiltonian
2025-02-24 14:51:54,715 - DEBUG - Optimizing QAOA circuit...
2025-02-24 14:52:03,742 - WARNING - Circuit optimization did not converge
2025-02-24 14:52:03,742 - WARNING - Circuit optimization did not converge
2025-02-24 14:52:03,742 - DEBUG - Sampling from optimized circuit...
2025-02-24 14:52:03,796 - DEBUG - Generated 16 unique samples from 1000 total measurements
2025-02-24 14:52:03,796 - DEBUG - 
Top 5 most frequent samples:
2025-02-24 14:52:03,796 - DEBUG -   Rank | Count |   %   
2025-02-24 14:52:03,796 - DEBUG -   -----|-------|-------
2025-02-24 14:52:03,796 - DEBUG -      1 |   189 |  18.9
2025-02-24 14:52:03,796 - DEBUG -     Sample: [0 0 0 0 0 0 0 0 1 0 0 0]
2025-02-24 14:52:03,797 - DEBUG -      2 |   127 |  12.7
2025-02-24 14:52:03,797 - DEBUG -     Sample: [0 0 0 0 0 0 0 0 1 0 1 0]
2025-02-24 14:52:03,797 - DEBUG -      3 |   117 |  11.7
2025-02-24 14:52:03,797 - DEBUG -     Sample: [0 0 0 0 0 0 0 0 1 0 0 1]
2025-02-24 14:52:03,797 - DEBUG -      4 |   101 |  10.1
2025-02-24 14:52:03,797 - DEBUG -     Sample: [0 0 0 0 0 0 0 0 1 1 1 1]
2025-02-24 14:52:03,797 - DEBUG -      5 |    80 |   8.0
2025-02-24 14:52:03,798 - DEBUG -     Sample: [0 0 0 0 0 0 0 0 1 1 0 1]
2025-02-24 14:52:03,798 - DEBUG - Generated 16 unique samples from 1000 total measurements
2025-02-24 14:52:03,798 - INFO -   No feasible solution found in this iteration
2025-02-24 14:52:03,799 - INFO -   No new constraints added, lowered tau multiplier: 1.0 -> 0.9
2025-02-24 14:52:03,799 - INFO -   No new constraints added, lowered tau multiplier: 0.9 -> 0.8
2025-02-24 14:52:03,799 - INFO -   No new constraints added, lowered tau multiplier: 0.8 -> 0.7
2025-02-24 14:52:03,799 - INFO -   No new constraints added, lowered tau multiplier: 0.7 -> 0.6
2025-02-24 14:52:03,800 - INFO -   No new constraints added, lowered tau multiplier: 0.6 -> 0.5
2025-02-24 14:52:03,800 - INFO -   No new constraints added, lowered tau multiplier: 0.5 -> 0.4
2025-02-24 14:52:03,800 - INFO -   Added 33 new constraints: [0, 1, 2, 3, 4, 5, 6, 10, 11, 12, 13, 14, 16, 17, 18, 19, 20, 21, 22, 23, 24, 25, 26, 27, 29, 30, 31, 32, 34, 35, 36, 37, 38]
2025-02-24 14:52:03,800 - INFO - 
Iteration 3:
2025-02-24 14:52:03,800 - DEBUG - Generated Ising Hamiltonian
2025-02-24 14:52:03,803 - DEBUG - Optimizing QAOA circuit...
2025-02-24 14:52:14,021 - WARNING - Circuit optimization did not converge
2025-02-24 14:52:14,021 - WARNING - Circuit optimization did not converge
2025-02-24 14:52:14,021 - DEBUG - Sampling from optimized circuit...
2025-02-24 14:52:14,094 - DEBUG - Generated 16 unique samples from 1000 total measurements
2025-02-24 14:52:14,094 - DEBUG - 
Top 5 most frequent samples:
2025-02-24 14:52:14,094 - DEBUG -   Rank | Count |   %   
2025-02-24 14:52:14,094 - DEBUG -   -----|-------|-------
2025-02-24 14:52:14,094 - DEBUG -      1 |    77 |   7.7
2025-02-24 14:52:14,094 - DEBUG -     Sample: [0 0 0 0 0 0 0 0 0 1 0 0]
2025-02-24 14:52:14,094 - DEBUG -      2 |    75 |   7.5
2025-02-24 14:52:14,094 - DEBUG -     Sample: [0 0 0 0 0 0 0 0 0 1 1 0]
2025-02-24 14:52:14,094 - DEBUG -      3 |    69 |   6.9
2025-02-24 14:52:14,095 - DEBUG -     Sample: [0 0 0 0 0 0 0 0 0 0 0 0]
2025-02-24 14:52:14,095 - DEBUG -      4 |    68 |   6.8
2025-02-24 14:52:14,095 - DEBUG -     Sample: [0 0 0 0 0 0 0 0 0 1 1 1]
2025-02-24 14:52:14,095 - DEBUG -      5 |    67 |   6.7
2025-02-24 14:52:14,095 - DEBUG -     Sample: [0 0 0 0 0 0 0 0 1 1 1 1]
2025-02-24 14:52:14,095 - DEBUG - Generated 16 unique samples from 1000 total measurements
2025-02-24 14:52:14,095 - INFO -   No feasible solution found in this iteration
2025-02-24 14:52:14,095 - INFO -   All constraints added, exiting
2025-02-24 14:52:14,095 - INFO -   Constraint generation found no feasible solution
2025-02-24 14:52:14,096 - INFO - 
Instance 70 results:
2025-02-24 14:52:14,096 - INFO -   Classical value: 168.0
2025-02-24 14:52:14,096 - INFO -   QAOA value: 168.0
2025-02-24 14:52:14,096 - INFO -   Constraint generation value: 0.0
2025-02-24 14:52:14,096 - INFO - 
Running instance 71/100
2025-02-24 14:52:14,097 - INFO - 
Running Classical Reference Solver (SCIP):
2025-02-24 14:52:14,098 - DEBUG - Problem dimensions: 40 constraints, 12 variables
2025-02-24 14:52:14,098 - DEBUG - Row names: ['ELEM1', 'ELEM2', 'ELEM3', 'ELEM4', 'ELEM5', 'ELEM6', 'ELEM7', 'ELEM8', 'ELEM9', 'ELEM10', 'ELEM11', 'ELEM12', 'ELEM13', 'ELEM14', 'ELEM15', 'ELEM16', 'ELEM17', 'ELEM18', 'ELEM19', 'ELEM20', 'ELEM21', 'ELEM22', 'ELEM23', 'ELEM24', 'ELEM25', 'ELEM26', 'ELEM27', 'ELEM28', 'ELEM29', 'ELEM30', 'ELEM31', 'ELEM32', 'ELEM33', 'ELEM34', 'ELEM35', 'ELEM36', 'ELEM37', 'ELEM38', 'ELEM39', 'ELEM40']
2025-02-24 14:52:14,098 - DEBUG - RHS values: {'ELEM1': 1.0, 'ELEM2': 1.0, 'ELEM3': 1.0, 'ELEM4': 1.0, 'ELEM5': 1.0, 'ELEM6': 1.0, 'ELEM7': 1.0, 'ELEM8': 1.0, 'ELEM9': 1.0, 'ELEM10': 1.0, 'ELEM11': 1.0, 'ELEM12': 1.0, 'ELEM13': 1.0, 'ELEM14': 1.0, 'ELEM15': 1.0, 'ELEM16': 1.0, 'ELEM17': 1.0, 'ELEM18': 1.0, 'ELEM19': 1.0, 'ELEM20': 1.0, 'ELEM21': 1.0, 'ELEM22': 1.0, 'ELEM23': 1.0, 'ELEM24': 1.0, 'ELEM25': 1.0, 'ELEM26': 1.0, 'ELEM27': 1.0, 'ELEM28': 1.0, 'ELEM29': 1.0, 'ELEM30': 1.0, 'ELEM31': 1.0, 'ELEM32': 1.0, 'ELEM33': 1.0, 'ELEM34': 1.0, 'ELEM35': 1.0, 'ELEM36': 1.0, 'ELEM37': 1.0, 'ELEM38': 1.0, 'ELEM39': 1.0, 'ELEM40': 1.0}
2025-02-24 14:52:14,109 - INFO -   Reference solution found:
2025-02-24 14:52:14,109 - INFO -     Solution: [0, 0, 1, 0, 0, 0, 0, 1, 0, 0, 1, 0]
2025-02-24 14:52:14,109 - INFO -     Value: 46.0
2025-02-24 14:52:14,109 - INFO - 
Running QAOA Reference Solution (with all constraints):
