2025-02-23 18:50:57,508 - INFO - 
Problem information:
2025-02-23 18:50:57,509 - INFO -   Number of variables (n): 10
2025-02-23 18:50:57,509 - INFO -   Number of constraints (m): 20
2025-02-23 18:50:57,509 - DEBUG -   Density of A: 50.00%
2025-02-23 18:50:57,509 - INFO - 
Starting reference QAOA with parameters:
2025-02-23 18:50:57,509 - INFO -   sample_size (total shots): 100
2025-02-23 18:50:57,509 - INFO - Added all constraints
2025-02-23 18:50:57,510 - DEBUG - Generated Ising Hamiltonian
2025-02-23 18:50:57,719 - DEBUG - Optimizing QAOA circuit...
2025-02-23 18:50:59,534 - DEBUG - Circuit optimization successful
2025-02-23 18:50:59,534 - DEBUG - Circuit optimization successful, final value: 8275.240759240758
2025-02-23 18:50:59,535 - DEBUG - Sampling from optimized circuit...
2025-02-23 18:50:59,550 - DEBUG - Generated 94 unique samples from 100 total measurements
2025-02-23 18:50:59,550 - DEBUG - 
Top 5 most frequent samples:
2025-02-23 18:50:59,550 - DEBUG -   Rank | Count |   %   
2025-02-23 18:50:59,550 - DEBUG -   -----|-------|-------
2025-02-23 18:50:59,550 - DEBUG -      1 |     3 |   3.0
2025-02-23 18:50:59,551 - DEBUG -     Sample: [0 1 0 1 0 1 1 1 0 1]
2025-02-23 18:50:59,551 - DEBUG -      2 |     2 |   2.0
2025-02-23 18:50:59,551 - DEBUG -     Sample: [0 1 1 1 1 1 1 1 1 0]
2025-02-23 18:50:59,551 - DEBUG -      3 |     2 |   2.0
2025-02-23 18:50:59,551 - DEBUG -     Sample: [1 1 1 1 1 1 1 0 1 1]
2025-02-23 18:50:59,551 - DEBUG -      4 |     2 |   2.0
2025-02-23 18:50:59,552 - DEBUG -     Sample: [0 1 1 1 0 0 0 0 0 0]
2025-02-23 18:50:59,552 - DEBUG -      5 |     2 |   2.0
2025-02-23 18:50:59,552 - DEBUG -     Sample: [1 1 1 1 1 1 1 1 1 1]
2025-02-23 18:50:59,553 - DEBUG - Generated 94 unique samples from 100 total measurements
2025-02-23 18:50:59,555 - INFO - No feasible solution found
2025-02-23 18:50:59,556 - INFO -   QAOA solver found no feasible solution
2025-02-23 18:50:59,556 - INFO - 
Running Constraint Generation:
2025-02-23 18:50:59,558 - INFO - 
Problem information:
2025-02-23 18:50:59,558 - INFO -   Number of variables (n): 10
2025-02-23 18:50:59,558 - INFO -   Number of constraints (m): 20
2025-02-23 18:50:59,559 - DEBUG -   Density of A: 50.00%
2025-02-23 18:50:59,559 - INFO - 
Running classical reference solver:
2025-02-23 18:50:59,570 - INFO -   Reference solution found:
2025-02-23 18:50:59,571 - INFO -     Solution: [0, 1, 1, 0, 0, 0, 0, 0, 0, 0]
2025-02-23 18:50:59,571 - INFO -     Value: 23.0
2025-02-23 18:50:59,571 - INFO - 
Starting quantum constraint generation with parameters:
2025-02-23 18:50:59,572 - INFO -   sample_size (total shots): 100
2025-02-23 18:50:59,572 - INFO -   tau: 0.1
2025-02-23 18:50:59,572 - INFO -   max_iters: 1000
2025-02-23 18:50:59,572 - INFO - 
Iteration 0:
2025-02-23 18:50:59,573 - DEBUG - Generated Ising Hamiltonian
2025-02-23 18:50:59,782 - DEBUG - Optimizing QAOA circuit...
2025-02-23 18:51:00,913 - DEBUG - Circuit optimization successful
2025-02-23 18:51:00,913 - DEBUG - Circuit optimization successful, final value: -155.92207792207793
2025-02-23 18:51:00,913 - DEBUG - Sampling from optimized circuit...
2025-02-23 18:51:00,923 - DEBUG - Generated 32 unique samples from 100 total measurements
2025-02-23 18:51:00,923 - DEBUG - 
Top 5 most frequent samples:
2025-02-23 18:51:00,923 - DEBUG -   Rank | Count |   %   
2025-02-23 18:51:00,923 - DEBUG -   -----|-------|-------
2025-02-23 18:51:00,924 - DEBUG -      1 |    16 |  16.0
2025-02-23 18:51:00,924 - DEBUG -     Sample: [0 1 1 1 1 1 1 0 1 0]
2025-02-23 18:51:00,924 - DEBUG -      2 |    15 |  15.0
2025-02-23 18:51:00,925 - DEBUG -     Sample: [0 1 1 1 1 1 0 0 1 0]
2025-02-23 18:51:00,925 - DEBUG -      3 |    14 |  14.0
2025-02-23 18:51:00,925 - DEBUG -     Sample: [0 0 1 1 1 1 0 0 1 0]
2025-02-23 18:51:00,925 - DEBUG -      4 |    12 |  12.0
2025-02-23 18:51:00,925 - DEBUG -     Sample: [0 0 1 1 1 1 1 0 1 0]
2025-02-23 18:51:00,926 - DEBUG -      5 |     4 |   4.0
2025-02-23 18:51:00,926 - DEBUG -     Sample: [0 0 1 1 0 1 1 0 1 0]
2025-02-23 18:51:00,926 - DEBUG - Generated 32 unique samples from 100 total measurements
2025-02-23 18:51:00,927 - INFO -   No feasible solution found in this iteration
2025-02-23 18:51:00,927 - INFO -   Added 4 new constraints: [7, 10, 11, 14]
2025-02-23 18:51:00,927 - INFO - 
Iteration 1:
2025-02-23 18:51:00,928 - DEBUG - Generated Ising Hamiltonian
2025-02-23 18:51:01,124 - DEBUG - Optimizing QAOA circuit...
2025-02-23 18:51:02,256 - DEBUG - Circuit optimization successful
2025-02-23 18:51:02,256 - DEBUG - Circuit optimization successful, final value: 1180.263736263736
2025-02-23 18:51:02,256 - DEBUG - Sampling from optimized circuit...
2025-02-23 18:51:02,268 - DEBUG - Generated 93 unique samples from 100 total measurements
2025-02-23 18:51:02,268 - DEBUG - 
Top 5 most frequent samples:
2025-02-23 18:51:02,268 - DEBUG -   Rank | Count |   %   
2025-02-23 18:51:02,268 - DEBUG -   -----|-------|-------
2025-02-23 18:51:02,269 - DEBUG -      1 |     2 |   2.0
2025-02-23 18:51:02,269 - DEBUG -     Sample: [1 1 1 1 0 0 0 0 1 0]
2025-02-23 18:51:02,269 - DEBUG -      2 |     2 |   2.0
2025-02-23 18:51:02,269 - DEBUG -     Sample: [0 0 1 0 1 0 1 1 1 1]
2025-02-23 18:51:02,269 - DEBUG -      3 |     2 |   2.0
2025-02-23 18:51:02,269 - DEBUG -     Sample: [1 0 1 1 0 0 0 0 1 1]
2025-02-23 18:51:02,269 - DEBUG -      4 |     2 |   2.0
2025-02-23 18:51:02,270 - DEBUG -     Sample: [1 1 1 0 0 0 1 0 1 0]
2025-02-23 18:51:02,270 - DEBUG -      5 |     2 |   2.0
2025-02-23 18:51:02,270 - DEBUG -     Sample: [1 0 1 0 0 0 1 1 1 0]
2025-02-23 18:51:02,270 - DEBUG - Generated 93 unique samples from 100 total measurements
2025-02-23 18:51:02,272 - INFO -   No feasible solution found in this iteration
2025-02-23 18:51:02,273 - INFO -   Added 1 new constraints: [17]
2025-02-23 18:51:02,273 - INFO - 
Iteration 2:
2025-02-23 18:51:02,273 - DEBUG - Generated Ising Hamiltonian
2025-02-23 18:51:02,467 - DEBUG - Optimizing QAOA circuit...
2025-02-23 18:51:03,685 - DEBUG - Circuit optimization successful
2025-02-23 18:51:03,685 - DEBUG - Circuit optimization successful, final value: -5011.5874125874125
2025-02-23 18:51:03,685 - DEBUG - Sampling from optimized circuit...
2025-02-23 18:51:03,698 - DEBUG - Generated 82 unique samples from 100 total measurements
2025-02-23 18:51:03,698 - DEBUG - 
Top 5 most frequent samples:
2025-02-23 18:51:03,698 - DEBUG -   Rank | Count |   %   
2025-02-23 18:51:03,698 - DEBUG -   -----|-------|-------
2025-02-23 18:51:03,698 - DEBUG -      1 |     4 |   4.0
2025-02-23 18:51:03,699 - DEBUG -     Sample: [1 0 1 1 0 0 1 1 0 1]
2025-02-23 18:51:03,699 - DEBUG -      2 |     4 |   4.0
2025-02-23 18:51:03,699 - DEBUG -     Sample: [1 1 1 1 0 0 1 1 0 1]
2025-02-23 18:51:03,699 - DEBUG -      3 |     3 |   3.0
2025-02-23 18:51:03,699 - DEBUG -     Sample: [1 0 1 1 0 0 1 1 1 1]
2025-02-23 18:51:03,700 - DEBUG -      4 |     3 |   3.0
2025-02-23 18:51:03,700 - DEBUG -     Sample: [1 0 1 1 0 1 1 1 0 1]
2025-02-23 18:51:03,700 - DEBUG -      5 |     2 |   2.0
2025-02-23 18:51:03,700 - DEBUG -     Sample: [0 1 0 0 1 0 1 1 0 0]
2025-02-23 18:51:03,701 - DEBUG - Generated 82 unique samples from 100 total measurements
2025-02-23 18:51:03,702 - INFO -   No feasible solution found in this iteration
2025-02-23 18:51:03,703 - INFO -   Added 2 new constraints: [3, 4]
2025-02-23 18:51:03,703 - INFO - 
Iteration 3:
2025-02-23 18:51:03,704 - DEBUG - Generated Ising Hamiltonian
2025-02-23 18:51:03,937 - DEBUG - Optimizing QAOA circuit...
2025-02-23 18:51:05,481 - DEBUG - Circuit optimization successful
2025-02-23 18:51:05,481 - DEBUG - Circuit optimization successful, final value: 29066.53046953047
2025-02-23 18:51:05,481 - DEBUG - Sampling from optimized circuit...
2025-02-23 18:51:05,495 - DEBUG - Generated 80 unique samples from 100 total measurements
2025-02-23 18:51:05,495 - DEBUG - 
Top 5 most frequent samples:
2025-02-23 18:51:05,495 - DEBUG -   Rank | Count |   %   
2025-02-23 18:51:05,495 - DEBUG -   -----|-------|-------
2025-02-23 18:51:05,495 - DEBUG -      1 |     5 |   5.0
2025-02-23 18:51:05,495 - DEBUG -     Sample: [1 0 1 1 0 1 0 1 1 1]
2025-02-23 18:51:05,495 - DEBUG -      2 |     4 |   4.0
2025-02-23 18:51:05,496 - DEBUG -     Sample: [1 0 1 1 0 0 0 1 1 1]
2025-02-23 18:51:05,496 - DEBUG -      3 |     3 |   3.0
2025-02-23 18:51:05,496 - DEBUG -     Sample: [1 0 1 1 0 1 1 1 1 1]
2025-02-23 18:51:05,496 - DEBUG -      4 |     2 |   2.0
2025-02-23 18:51:05,496 - DEBUG -     Sample: [1 0 1 1 0 0 1 1 1 1]
2025-02-23 18:51:05,497 - DEBUG -      5 |     2 |   2.0
2025-02-23 18:51:05,497 - DEBUG -     Sample: [0 0 0 0 1 0 0 1 1 1]
2025-02-23 18:51:05,497 - DEBUG - Generated 80 unique samples from 100 total measurements
2025-02-23 18:51:05,499 - INFO -   No feasible solution found in this iteration
2025-02-23 18:51:05,500 - INFO -   No new constraints added, lowered tau multiplier: 1.0 -> 0.9
2025-02-23 18:51:05,500 - INFO -   Added 13 new constraints: [0, 1, 2, 5, 6, 8, 9, 12, 13, 15, 16, 18, 19]
2025-02-23 18:51:05,500 - INFO - 
Iteration 4:
2025-02-23 18:51:05,501 - DEBUG - Generated Ising Hamiltonian
2025-02-23 18:51:05,713 - DEBUG - Optimizing QAOA circuit...
2025-02-23 18:51:07,310 - DEBUG - Circuit optimization successful
2025-02-23 18:51:07,311 - DEBUG - Circuit optimization successful, final value: 14235.53046953047
2025-02-23 18:51:07,311 - DEBUG - Sampling from optimized circuit...
2025-02-23 18:51:07,325 - DEBUG - Generated 85 unique samples from 100 total measurements
2025-02-23 18:51:07,325 - DEBUG - 
Top 5 most frequent samples:
2025-02-23 18:51:07,325 - DEBUG -   Rank | Count |   %   
2025-02-23 18:51:07,325 - DEBUG -   -----|-------|-------
2025-02-23 18:51:07,325 - DEBUG -      1 |     5 |   5.0
2025-02-23 18:51:07,326 - DEBUG -     Sample: [1 1 0 0 0 0 1 1 1 0]
2025-02-23 18:51:07,326 - DEBUG -      2 |     3 |   3.0
2025-02-23 18:51:07,326 - DEBUG -     Sample: [1 1 0 0 0 1 1 1 1 0]
2025-02-23 18:51:07,326 - DEBUG -      3 |     3 |   3.0
2025-02-23 18:51:07,327 - DEBUG -     Sample: [1 0 0 0 0 1 1 0 1 0]
2025-02-23 18:51:07,327 - DEBUG -      4 |     3 |   3.0
2025-02-23 18:51:07,327 - DEBUG -     Sample: [0 1 0 1 0 1 1 1 1 0]
2025-02-23 18:51:07,327 - DEBUG -      5 |     2 |   2.0
2025-02-23 18:51:07,328 - DEBUG -     Sample: [0 0 1 1 1 0 1 1 0 1]
2025-02-23 18:51:07,328 - DEBUG - Generated 85 unique samples from 100 total measurements
2025-02-23 18:51:07,330 - INFO -   No feasible solution found in this iteration
2025-02-23 18:51:07,330 - INFO -   All constraints added, exiting
2025-02-23 18:51:07,331 - INFO -   Constraint generation found no feasible solution
2025-02-23 18:51:07,331 - INFO - 
Instance 57 results:
2025-02-23 18:51:07,331 - INFO -   Classical value: 23.0
2025-02-23 18:51:07,331 - INFO -   QAOA value: 0.0
2025-02-23 18:51:07,332 - INFO -   Constraint generation value: 0.0
2025-02-23 18:51:07,332 - INFO - 
Running instance 58/100
2025-02-23 18:51:07,334 - INFO - 
Running Classical Reference Solver (SCIP):
2025-02-23 18:51:07,335 - DEBUG - Problem dimensions: 20 constraints, 10 variables
2025-02-23 18:51:07,335 - DEBUG - Row names: ['ELEM1', 'ELEM2', 'ELEM3', 'ELEM4', 'ELEM5', 'ELEM6', 'ELEM7', 'ELEM8', 'ELEM9', 'ELEM10', 'ELEM11', 'ELEM12', 'ELEM13', 'ELEM14', 'ELEM15', 'ELEM16', 'ELEM17', 'ELEM18', 'ELEM19', 'ELEM20']
2025-02-23 18:51:07,335 - DEBUG - RHS values: {'ELEM1': 1.0, 'ELEM2': 1.0, 'ELEM3': 1.0, 'ELEM4': 1.0, 'ELEM5': 1.0, 'ELEM6': 1.0, 'ELEM7': 1.0, 'ELEM8': 1.0, 'ELEM9': 1.0, 'ELEM10': 1.0, 'ELEM11': 1.0, 'ELEM12': 1.0, 'ELEM13': 1.0, 'ELEM14': 1.0, 'ELEM15': 1.0, 'ELEM16': 1.0, 'ELEM17': 1.0, 'ELEM18': 1.0, 'ELEM19': 1.0, 'ELEM20': 1.0}
2025-02-23 18:51:07,346 - INFO -   Reference solution found:
2025-02-23 18:51:07,347 - INFO -     Solution: [0, 1, 0, 0, 0, 0, 1, 0, 0, 0]
2025-02-23 18:51:07,347 - INFO -     Value: 61.0
2025-02-23 18:51:07,347 - INFO - 
Running QAOA Reference Solution (with all constraints):
