
Problem information:
  Number of variables (n): 10
  Number of constraints (m): 20

Starting reference QAOA with parameters:
  sample_size (total shots): 100
Added all constraints
No feasible solution found
  QAOA solver found no feasible solution

Running Constraint Generation:

Problem information:
  Number of variables (n): 10
  Number of constraints (m): 20

Running classical reference solver:
  Reference solution found:
    Solution: [0, 1, 1, 0, 0, 0, 0, 0, 0, 0]
    Value: 23.0

Starting quantum constraint generation with parameters:
  sample_size (total shots): 100
  tau: 0.1
  max_iters: 1000

Iteration 0:
  No feasible solution found in this iteration
  Added 4 new constraints: [7, 10, 11, 14]

Iteration 1:
  No feasible solution found in this iteration
  Added 1 new constraints: [17]

Iteration 2:
  No feasible solution found in this iteration
  Added 2 new constraints: [3, 4]

Iteration 3:
  No feasible solution found in this iteration
  No new constraints added, lowered tau multiplier: 1.0 -> 0.9
  Added 13 new constraints: [0, 1, 2, 5, 6, 8, 9, 12, 13, 15, 16, 18, 19]

Iteration 4:
  No feasible solution found in this iteration
  All constraints added, exiting
  Constraint generation found no feasible solution

Instance 57 results:
  Classical value: 23.0
  QAOA value: 0.0
  Constraint generation value: 0.0

Running instance 58/100

Running Classical Reference Solver (SCIP):
  Reference solution found:
    Solution: [0, 1, 0, 0, 0, 0, 1, 0, 0, 0]
    Value: 61.0

Running QAOA Reference Solution (with all constraints):
