2025-02-24 16:52:16,724 - INFO - 
Problem information:
2025-02-24 16:52:16,724 - INFO -   Number of variables (n): 8
2025-02-24 16:52:16,725 - INFO -   Number of constraints (m): 25
2025-02-24 16:52:16,725 - DEBUG -   Density of A: 30.50%
2025-02-24 16:52:16,725 - INFO - 
Starting reference QAOA with parameters:
2025-02-24 16:52:16,726 - INFO -   sample_size (total shots): 500
2025-02-24 16:52:16,727 - INFO - Added all constraints
2025-02-24 16:52:16,727 - DEBUG - Generated Ising Hamiltonian
2025-02-24 16:52:17,003 - DEBUG - Optimizing QAOA circuit...
2025-02-24 16:52:19,528 - DEBUG - Circuit optimization successful
2025-02-24 16:52:19,528 - DEBUG - Circuit optimization successful, final value: -13527.610139860139
2025-02-24 16:52:19,529 - DEBUG - Sampling from optimized circuit...
2025-02-24 16:52:19,557 - DEBUG - Generated 147 unique samples from 500 total measurements
2025-02-24 16:52:19,557 - DEBUG - 
Top 5 most frequent samples:
2025-02-24 16:52:19,558 - DEBUG -   Rank | Count |   %   
2025-02-24 16:52:19,558 - DEBUG -   -----|-------|-------
2025-02-24 16:52:19,558 - DEBUG -      1 |    20 |   4.0
2025-02-24 16:52:19,558 - DEBUG -     Sample: [0 0 0 0 0 0 0 1]
2025-02-24 16:52:19,559 - DEBUG -      2 |    14 |   2.8
2025-02-24 16:52:19,559 - DEBUG -     Sample: [0 1 1 0 1 1 1 0]
2025-02-24 16:52:19,559 - DEBUG -      3 |    14 |   2.8
2025-02-24 16:52:19,559 - DEBUG -     Sample: [0 1 0 0 0 0 0 1]
2025-02-24 16:52:19,560 - DEBUG -      4 |    13 |   2.6
2025-02-24 16:52:19,560 - DEBUG -     Sample: [0 0 1 0 0 0 0 1]
2025-02-24 16:52:19,560 - DEBUG -      5 |    11 |   2.2
2025-02-24 16:52:19,560 - DEBUG -     Sample: [1 0 0 0 0 0 0 1]
2025-02-24 16:52:19,561 - DEBUG - Generated 147 unique samples from 500 total measurements
2025-02-24 16:52:19,562 - INFO - Found feasible solution: [0 0 0 1 1 0 1 0] with objective value 222.0
2025-02-24 16:52:19,565 - INFO - Found feasible solution:
2025-02-24 16:52:19,565 - INFO -   Solution: [0, 0, 0, 1, 1, 0, 1, 0]
2025-02-24 16:52:19,565 - INFO -   Value: 222.0
2025-02-24 16:52:19,566 - INFO -   QAOA solution found:
2025-02-24 16:52:19,566 - INFO -     Solution: [0, 0, 0, 1, 1, 0, 1, 0]
2025-02-24 16:52:19,566 - INFO -     Value: 222.0
2025-02-24 16:52:19,566 - INFO - 
Running Constraint Generation:
2025-02-24 16:52:19,568 - INFO - 
Problem information:
2025-02-24 16:52:19,568 - INFO -   Number of variables (n): 8
2025-02-24 16:52:19,568 - INFO -   Number of constraints (m): 25
2025-02-24 16:52:19,569 - DEBUG -   Density of A: 30.50%
2025-02-24 16:52:19,569 - INFO - 
Running classical reference solver:
2025-02-24 16:52:19,579 - INFO -   Reference solution found:
2025-02-24 16:52:19,580 - INFO -     Solution: [1, 1, 1, 0, 0, 0, 0, 1]
2025-02-24 16:52:19,580 - INFO -     Value: 200.00000000000003
2025-02-24 16:52:19,580 - INFO - 
Starting quantum constraint generation with parameters:
2025-02-24 16:52:19,580 - INFO -   sample_size (total shots): 500
2025-02-24 16:52:19,580 - INFO -   tau: 0.1
2025-02-24 16:52:19,580 - INFO -   max_iters: 1000
2025-02-24 16:52:19,581 - INFO - 
Iteration 0:
2025-02-24 16:52:19,581 - DEBUG - Generated Ising Hamiltonian
2025-02-24 16:52:19,818 - DEBUG - Optimizing QAOA circuit...
2025-02-24 16:52:21,584 - DEBUG - Circuit optimization successful
2025-02-24 16:52:21,585 - DEBUG - Circuit optimization successful, final value: -236.09090909090907
2025-02-24 16:52:21,585 - DEBUG - Sampling from optimized circuit...
2025-02-24 16:52:21,601 - DEBUG - Generated 100 unique samples from 500 total measurements
2025-02-24 16:52:21,602 - DEBUG - 
Top 5 most frequent samples:
2025-02-24 16:52:21,602 - DEBUG -   Rank | Count |   %   
2025-02-24 16:52:21,602 - DEBUG -   -----|-------|-------
2025-02-24 16:52:21,602 - DEBUG -      1 |    48 |   9.6
2025-02-24 16:52:21,603 - DEBUG -     Sample: [1 1 0 1 1 0 1 1]
2025-02-24 16:52:21,603 - DEBUG -      2 |    36 |   7.2
2025-02-24 16:52:21,603 - DEBUG -     Sample: [1 1 0 1 1 1 1 1]
2025-02-24 16:52:21,603 - DEBUG -      3 |    25 |   5.0
2025-02-24 16:52:21,604 - DEBUG -     Sample: [1 1 0 0 1 0 1 1]
2025-02-24 16:52:21,604 - DEBUG -      4 |    25 |   5.0
2025-02-24 16:52:21,604 - DEBUG -     Sample: [1 0 0 1 1 1 1 1]
2025-02-24 16:52:21,604 - DEBUG -      5 |    23 |   4.6
2025-02-24 16:52:21,604 - DEBUG -     Sample: [1 1 0 0 1 1 1 1]
2025-02-24 16:52:21,605 - DEBUG - Generated 100 unique samples from 500 total measurements
2025-02-24 16:52:21,606 - INFO - Found feasible solution: [0 0 0 1 1 0 1 0] with objective value 222.0
2025-02-24 16:52:21,608 - INFO -   Found feasible solution:
2025-02-24 16:52:21,608 - INFO -     Solution: [0, 0, 0, 1, 1, 0, 1, 0]
2025-02-24 16:52:21,609 - INFO -     Value: 222.0
2025-02-24 16:52:21,609 - INFO -     Gap to reference: 11.00%
2025-02-24 16:52:21,609 - INFO -   Constraint generation solution found:
2025-02-24 16:52:21,609 - INFO -     Solution: [0, 0, 0, 1, 1, 0, 1, 0]
2025-02-24 16:52:21,609 - INFO -     Value: 222.0
2025-02-24 16:52:21,610 - INFO - 
Instance 63 results:
2025-02-24 16:52:21,610 - INFO -   Classical value: 200.00000000000003
2025-02-24 16:52:21,610 - INFO -   QAOA value: 222.0
2025-02-24 16:52:21,610 - INFO -   Constraint generation value: 222.0
2025-02-24 16:52:21,611 - INFO - 
Running instance 64/100
2025-02-24 16:52:21,612 - INFO - 
Running Classical Reference Solver (SCIP):
2025-02-24 16:52:21,613 - DEBUG - Problem dimensions: 25 constraints, 8 variables
2025-02-24 16:52:21,613 - DEBUG - Row names: ['ELEM1', 'ELEM2', 'ELEM3', 'ELEM4', 'ELEM5', 'ELEM6', 'ELEM7', 'ELEM8', 'ELEM9', 'ELEM10', 'ELEM11', 'ELEM12', 'ELEM13', 'ELEM14', 'ELEM15', 'ELEM16', 'ELEM17', 'ELEM18', 'ELEM19', 'ELEM20', 'ELEM21', 'ELEM22', 'ELEM23', 'ELEM24', 'ELEM25']
2025-02-24 16:52:21,613 - DEBUG - RHS values: {'ELEM1': 1.0, 'ELEM2': 1.0, 'ELEM3': 1.0, 'ELEM4': 1.0, 'ELEM5': 1.0, 'ELEM6': 1.0, 'ELEM7': 1.0, 'ELEM8': 1.0, 'ELEM9': 1.0, 'ELEM10': 1.0, 'ELEM11': 1.0, 'ELEM12': 1.0, 'ELEM13': 1.0, 'ELEM14': 1.0, 'ELEM15': 1.0, 'ELEM16': 1.0, 'ELEM17': 1.0, 'ELEM18': 1.0, 'ELEM19': 1.0, 'ELEM20': 1.0, 'ELEM21': 1.0, 'ELEM22': 1.0, 'ELEM23': 1.0, 'ELEM24': 1.0, 'ELEM25': 1.0}
2025-02-24 16:52:21,624 - INFO -   Reference solution found:
2025-02-24 16:52:21,625 - INFO -     Solution: [1, 0, 0, 0, 1, 1, 0, 0]
2025-02-24 16:52:21,625 - INFO -     Value: 194.0
2025-02-24 16:52:21,625 - INFO - 
Running QAOA Reference Solution (with all constraints):
