2025-02-23 17:40:31,606 - INFO - 
Problem information:
2025-02-23 17:40:31,606 - INFO -   Number of variables (n): 10
2025-02-23 17:40:31,606 - INFO -   Number of constraints (m): 30
2025-02-23 17:40:31,606 - DEBUG -   Density of A: 21.33%
2025-02-23 17:40:31,606 - INFO - 
Starting reference QAOA with parameters:
2025-02-23 17:40:31,606 - INFO -   sample_size (total shots): 200
2025-02-23 17:40:31,607 - INFO - Added all constraints
2025-02-23 17:40:31,607 - DEBUG - Generated Ising Hamiltonian
2025-02-23 17:40:31,781 - DEBUG - Optimizing QAOA circuit...
2025-02-23 17:40:32,849 - DEBUG - Circuit optimization successful
2025-02-23 17:40:32,849 - DEBUG - Circuit optimization successful, final value: 25645.94005994006
2025-02-23 17:40:32,849 - DEBUG - Sampling from optimized circuit...
2025-02-23 17:40:32,860 - DEBUG - Generated 139 unique samples from 200 total measurements
2025-02-23 17:40:32,860 - DEBUG - 
Top 5 most frequent samples:
2025-02-23 17:40:32,861 - DEBUG -   Rank | Count |   %   
2025-02-23 17:40:32,861 - DEBUG -   -----|-------|-------
2025-02-23 17:40:32,861 - DEBUG -      1 |     4 |   2.0
2025-02-23 17:40:32,861 - DEBUG -     Sample: [1 0 1 0 1 1 1 1 0 1]
2025-02-23 17:40:32,862 - DEBUG -      2 |     4 |   2.0
2025-02-23 17:40:32,862 - DEBUG -     Sample: [1 0 1 0 1 1 1 1 1 1]
2025-02-23 17:40:32,862 - DEBUG -      3 |     4 |   2.0
2025-02-23 17:40:32,862 - DEBUG -     Sample: [1 0 1 0 1 1 1 0 1 1]
2025-02-23 17:40:32,862 - DEBUG -      4 |     4 |   2.0
2025-02-23 17:40:32,862 - DEBUG -     Sample: [0 0 0 0 1 1 1 0 1 1]
2025-02-23 17:40:32,863 - DEBUG -      5 |     4 |   2.0
2025-02-23 17:40:32,863 - DEBUG -     Sample: [0 0 1 0 1 1 1 1 1 1]
2025-02-23 17:40:32,863 - DEBUG - Generated 139 unique samples from 200 total measurements
2025-02-23 17:40:32,866 - INFO - No feasible solution found
2025-02-23 17:40:32,866 - INFO -   QAOA solver found no feasible solution
2025-02-23 17:40:32,866 - INFO - 
Running Constraint Generation:
2025-02-23 17:40:32,867 - INFO - 
Problem information:
2025-02-23 17:40:32,868 - INFO -   Number of variables (n): 10
2025-02-23 17:40:32,868 - INFO -   Number of constraints (m): 30
2025-02-23 17:40:32,868 - DEBUG -   Density of A: 21.33%
2025-02-23 17:40:32,868 - INFO - 
Running classical reference solver:
2025-02-23 17:40:32,878 - INFO -   Reference solution found:
2025-02-23 17:40:32,878 - INFO -     Solution: [1, 0, 0, 1, 0, 1, 0, 0, 1, 0]
2025-02-23 17:40:32,878 - INFO -     Value: 154.0
2025-02-23 17:40:32,879 - INFO - 
Starting quantum constraint generation with parameters:
2025-02-23 17:40:32,879 - INFO -   sample_size (total shots): 200
2025-02-23 17:40:32,879 - INFO -   tau: 0.1
2025-02-23 17:40:32,879 - INFO -   max_iters: 1000
2025-02-23 17:40:32,879 - INFO - 
Iteration 0:
2025-02-23 17:40:32,880 - DEBUG - Generated Ising Hamiltonian
2025-02-23 17:40:33,078 - DEBUG - Optimizing QAOA circuit...
2025-02-23 17:40:33,739 - DEBUG - Circuit optimization successful
2025-02-23 17:40:33,739 - DEBUG - Circuit optimization successful, final value: -158.61838161838162
2025-02-23 17:40:33,739 - DEBUG - Sampling from optimized circuit...
2025-02-23 17:40:33,748 - DEBUG - Generated 33 unique samples from 200 total measurements
2025-02-23 17:40:33,748 - DEBUG - 
Top 5 most frequent samples:
2025-02-23 17:40:33,748 - DEBUG -   Rank | Count |   %   
2025-02-23 17:40:33,749 - DEBUG -   -----|-------|-------
2025-02-23 17:40:33,749 - DEBUG -      1 |    49 |  24.5
2025-02-23 17:40:33,749 - DEBUG -     Sample: [0 1 1 1 1 1 0 0 1 1]
2025-02-23 17:40:33,749 - DEBUG -      2 |    28 |  14.0
2025-02-23 17:40:33,749 - DEBUG -     Sample: [0 1 1 1 1 1 0 1 1 1]
2025-02-23 17:40:33,749 - DEBUG -      3 |    21 |  10.5
2025-02-23 17:40:33,749 - DEBUG -     Sample: [0 1 1 1 1 0 0 0 1 1]
2025-02-23 17:40:33,750 - DEBUG -      4 |    15 |   7.5
2025-02-23 17:40:33,750 - DEBUG -     Sample: [0 1 1 1 1 0 0 1 1 1]
2025-02-23 17:40:33,750 - DEBUG -      5 |    13 |   6.5
2025-02-23 17:40:33,750 - DEBUG -     Sample: [0 1 0 1 1 1 0 0 1 1]
2025-02-23 17:40:33,750 - DEBUG - Generated 33 unique samples from 200 total measurements
2025-02-23 17:40:33,751 - INFO -   No feasible solution found in this iteration
2025-02-23 17:40:33,751 - INFO -   Added 1 new constraints: [25]
2025-02-23 17:40:33,751 - INFO - 
Iteration 1:
2025-02-23 17:40:33,752 - DEBUG - Generated Ising Hamiltonian
2025-02-23 17:40:33,922 - DEBUG - Optimizing QAOA circuit...
2025-02-23 17:40:34,883 - DEBUG - Circuit optimization successful
2025-02-23 17:40:34,883 - DEBUG - Circuit optimization successful, final value: -1566.221028971029
2025-02-23 17:40:34,884 - DEBUG - Sampling from optimized circuit...
2025-02-23 17:40:34,894 - DEBUG - Generated 139 unique samples from 200 total measurements
2025-02-23 17:40:34,894 - DEBUG - 
Top 5 most frequent samples:
2025-02-23 17:40:34,894 - DEBUG -   Rank | Count |   %   
2025-02-23 17:40:34,894 - DEBUG -   -----|-------|-------
2025-02-23 17:40:34,894 - DEBUG -      1 |     8 |   4.0
2025-02-23 17:40:34,895 - DEBUG -     Sample: [1 1 0 0 0 1 0 0 0 0]
2025-02-23 17:40:34,895 - DEBUG -      2 |     6 |   3.0
2025-02-23 17:40:34,895 - DEBUG -     Sample: [1 1 0 0 1 1 0 0 0 0]
2025-02-23 17:40:34,895 - DEBUG -      3 |     5 |   2.5
2025-02-23 17:40:34,896 - DEBUG -     Sample: [1 1 0 0 0 1 0 0 0 1]
2025-02-23 17:40:34,896 - DEBUG -      4 |     4 |   2.0
2025-02-23 17:40:34,896 - DEBUG -     Sample: [1 1 1 0 0 1 0 0 0 0]
2025-02-23 17:40:34,896 - DEBUG -      5 |     4 |   2.0
2025-02-23 17:40:34,896 - DEBUG -     Sample: [1 1 0 0 0 1 0 0 1 0]
2025-02-23 17:40:34,897 - DEBUG - Generated 139 unique samples from 200 total measurements
2025-02-23 17:40:34,900 - INFO - Found feasible solution: [1 0 0 1 0 1 0 0 1 0] with objective value 154.0
2025-02-23 17:40:34,900 - INFO -   Found feasible solution:
2025-02-23 17:40:34,900 - INFO -     Solution: [1, 0, 0, 1, 0, 1, 0, 0, 1, 0]
2025-02-23 17:40:34,900 - INFO -     Value: 154.0
2025-02-23 17:40:34,901 - INFO -     Gap to reference: 0.00%
2025-02-23 17:40:34,901 - INFO -   Constraint generation solution found:
2025-02-23 17:40:34,901 - INFO -     Solution: [1, 0, 0, 1, 0, 1, 0, 0, 1, 0]
2025-02-23 17:40:34,901 - INFO -     Value: 154.0
2025-02-23 17:40:34,901 - INFO - 
Instance 2 results:
2025-02-23 17:40:34,901 - INFO -   Classical value: 154.0
2025-02-23 17:40:34,901 - INFO -   QAOA value: 0.0
2025-02-23 17:40:34,902 - INFO -   Constraint generation value: 154.0
2025-02-23 17:40:34,902 - INFO - 
Running instance 3/20
2025-02-23 17:40:34,904 - INFO - 
Running Classical Reference Solver (SCIP):
2025-02-23 17:40:34,904 - DEBUG - Problem dimensions: 30 constraints, 10 variables
2025-02-23 17:40:34,905 - DEBUG - Row names: ['ELEM1', 'ELEM2', 'ELEM3', 'ELEM4', 'ELEM5', 'ELEM6', 'ELEM7', 'ELEM8', 'ELEM9', 'ELEM10', 'ELEM11', 'ELEM12', 'ELEM13', 'ELEM14', 'ELEM15', 'ELEM16', 'ELEM17', 'ELEM18', 'ELEM19', 'ELEM20', 'ELEM21', 'ELEM22', 'ELEM23', 'ELEM24', 'ELEM25', 'ELEM26', 'ELEM27', 'ELEM28', 'ELEM29', 'ELEM30']
2025-02-23 17:40:34,905 - DEBUG - RHS values: {'ELEM1': 1.0, 'ELEM2': 1.0, 'ELEM3': 1.0, 'ELEM4': 1.0, 'ELEM5': 1.0, 'ELEM6': 1.0, 'ELEM7': 1.0, 'ELEM8': 1.0, 'ELEM9': 1.0, 'ELEM10': 1.0, 'ELEM11': 1.0, 'ELEM12': 1.0, 'ELEM13': 1.0, 'ELEM14': 1.0, 'ELEM15': 1.0, 'ELEM16': 1.0, 'ELEM17': 1.0, 'ELEM18': 1.0, 'ELEM19': 1.0, 'ELEM20': 1.0, 'ELEM21': 1.0, 'ELEM22': 1.0, 'ELEM23': 1.0, 'ELEM24': 1.0, 'ELEM25': 1.0, 'ELEM26': 1.0, 'ELEM27': 1.0, 'ELEM28': 1.0, 'ELEM29': 1.0, 'ELEM30': 1.0}
2025-02-23 17:40:34,915 - INFO -   Reference solution found:
2025-02-23 17:40:34,915 - INFO -     Solution: [0, 0, 1, 0, 0, 0, 0, 1, 1, 1]
2025-02-23 17:40:34,915 - INFO -     Value: 194.0
2025-02-23 17:40:34,916 - INFO - 
Running QAOA Reference Solution (with all constraints):
