2025-02-23 18:46:53,278 - INFO - 
Problem information:
2025-02-23 18:46:53,278 - INFO -   Number of variables (n): 10
2025-02-23 18:46:53,278 - INFO -   Number of constraints (m): 20
2025-02-23 18:46:53,278 - DEBUG -   Density of A: 50.00%
2025-02-23 18:46:53,278 - INFO - 
Starting reference QAOA with parameters:
2025-02-23 18:46:53,278 - INFO -   sample_size (total shots): 100
2025-02-23 18:46:53,279 - INFO - Added all constraints
2025-02-23 18:46:53,279 - DEBUG - Generated Ising Hamiltonian
2025-02-23 18:46:53,481 - DEBUG - Optimizing QAOA circuit...
2025-02-23 18:46:54,945 - DEBUG - Circuit optimization successful
2025-02-23 18:46:54,945 - DEBUG - Circuit optimization successful, final value: -15567.236763236764
2025-02-23 18:46:54,945 - DEBUG - Sampling from optimized circuit...
2025-02-23 18:46:54,958 - DEBUG - Generated 82 unique samples from 100 total measurements
2025-02-23 18:46:54,958 - DEBUG - 
Top 5 most frequent samples:
2025-02-23 18:46:54,958 - DEBUG -   Rank | Count |   %   
2025-02-23 18:46:54,958 - DEBUG -   -----|-------|-------
2025-02-23 18:46:54,958 - DEBUG -      1 |     5 |   5.0
2025-02-23 18:46:54,959 - DEBUG -     Sample: [0 1 1 1 1 0 0 0 1 1]
2025-02-23 18:46:54,959 - DEBUG -      2 |     2 |   2.0
2025-02-23 18:46:54,959 - DEBUG -     Sample: [0 1 1 0 1 0 1 1 0 0]
2025-02-23 18:46:54,959 - DEBUG -      3 |     2 |   2.0
2025-02-23 18:46:54,959 - DEBUG -     Sample: [0 1 1 1 1 1 0 0 0 1]
2025-02-23 18:46:54,960 - DEBUG -      4 |     2 |   2.0
2025-02-23 18:46:54,960 - DEBUG -     Sample: [1 1 1 0 1 0 0 0 1 1]
2025-02-23 18:46:54,960 - DEBUG -      5 |     2 |   2.0
2025-02-23 18:46:54,960 - DEBUG -     Sample: [0 1 1 1 1 0 0 1 0 1]
2025-02-23 18:46:54,960 - DEBUG - Generated 82 unique samples from 100 total measurements
2025-02-23 18:46:54,962 - INFO - No feasible solution found
2025-02-23 18:46:54,962 - INFO -   QAOA solver found no feasible solution
2025-02-23 18:46:54,962 - INFO - 
Running Constraint Generation:
2025-02-23 18:46:54,963 - INFO - 
Problem information:
2025-02-23 18:46:54,964 - INFO -   Number of variables (n): 10
2025-02-23 18:46:54,964 - INFO -   Number of constraints (m): 20
2025-02-23 18:46:54,964 - DEBUG -   Density of A: 50.00%
2025-02-23 18:46:54,964 - INFO - 
Running classical reference solver:
2025-02-23 18:46:54,974 - INFO -   Reference solution found:
2025-02-23 18:46:54,974 - INFO -     Solution: [1, 0, 0, 0, 0, 0, 0, 1, 0, 0]
2025-02-23 18:46:54,975 - INFO -     Value: 48.0
2025-02-23 18:46:54,975 - INFO - 
Starting quantum constraint generation with parameters:
2025-02-23 18:46:54,975 - INFO -   sample_size (total shots): 100
2025-02-23 18:46:54,975 - INFO -   tau: 0.1
2025-02-23 18:46:54,975 - INFO -   max_iters: 1000
2025-02-23 18:46:54,976 - INFO - 
Iteration 0:
2025-02-23 18:46:54,976 - DEBUG - Generated Ising Hamiltonian
2025-02-23 18:46:55,202 - DEBUG - Optimizing QAOA circuit...
2025-02-23 18:46:56,177 - DEBUG - Circuit optimization successful
2025-02-23 18:46:56,177 - DEBUG - Circuit optimization successful, final value: -206.23976023976022
2025-02-23 18:46:56,177 - DEBUG - Sampling from optimized circuit...
2025-02-23 18:46:56,187 - DEBUG - Generated 65 unique samples from 100 total measurements
2025-02-23 18:46:56,187 - DEBUG - 
Top 5 most frequent samples:
2025-02-23 18:46:56,187 - DEBUG -   Rank | Count |   %   
2025-02-23 18:46:56,187 - DEBUG -   -----|-------|-------
2025-02-23 18:46:56,187 - DEBUG -      1 |     8 |   8.0
2025-02-23 18:46:56,188 - DEBUG -     Sample: [1 0 1 1 1 1 1 0 0 1]
2025-02-23 18:46:56,188 - DEBUG -      2 |     7 |   7.0
2025-02-23 18:46:56,188 - DEBUG -     Sample: [1 0 0 1 1 1 1 0 0 1]
2025-02-23 18:46:56,188 - DEBUG -      3 |     6 |   6.0
2025-02-23 18:46:56,188 - DEBUG -     Sample: [1 0 1 1 1 1 1 0 1 1]
2025-02-23 18:46:56,188 - DEBUG -      4 |     4 |   4.0
2025-02-23 18:46:56,189 - DEBUG -     Sample: [1 0 0 1 1 1 1 0 0 0]
2025-02-23 18:46:56,189 - DEBUG -      5 |     3 |   3.0
2025-02-23 18:46:56,189 - DEBUG -     Sample: [1 0 0 1 1 1 1 0 1 1]
2025-02-23 18:46:56,189 - DEBUG - Generated 65 unique samples from 100 total measurements
2025-02-23 18:46:56,191 - INFO -   No feasible solution found in this iteration
2025-02-23 18:46:56,191 - INFO -   Added 2 new constraints: [5, 7]
2025-02-23 18:46:56,192 - INFO - 
Iteration 1:
2025-02-23 18:46:56,192 - DEBUG - Generated Ising Hamiltonian
2025-02-23 18:46:56,423 - DEBUG - Optimizing QAOA circuit...
2025-02-23 18:46:57,517 - DEBUG - Circuit optimization successful
2025-02-23 18:46:57,517 - DEBUG - Circuit optimization successful, final value: -2467.7942057942055
2025-02-23 18:46:57,517 - DEBUG - Sampling from optimized circuit...
2025-02-23 18:46:57,528 - DEBUG - Generated 95 unique samples from 100 total measurements
2025-02-23 18:46:57,528 - DEBUG - 
Top 5 most frequent samples:
2025-02-23 18:46:57,528 - DEBUG -   Rank | Count |   %   
2025-02-23 18:46:57,528 - DEBUG -   -----|-------|-------
2025-02-23 18:46:57,528 - DEBUG -      1 |     2 |   2.0
2025-02-23 18:46:57,529 - DEBUG -     Sample: [0 0 1 1 0 0 1 0 1 0]
2025-02-23 18:46:57,529 - DEBUG -      2 |     2 |   2.0
2025-02-23 18:46:57,529 - DEBUG -     Sample: [1 1 1 0 1 1 0 1 0 0]
2025-02-23 18:46:57,529 - DEBUG -      3 |     2 |   2.0
2025-02-23 18:46:57,529 - DEBUG -     Sample: [1 1 1 1 1 1 1 0 0 0]
2025-02-23 18:46:57,529 - DEBUG -      4 |     2 |   2.0
2025-02-23 18:46:57,529 - DEBUG -     Sample: [0 1 1 1 0 1 0 1 0 1]
2025-02-23 18:46:57,530 - DEBUG -      5 |     2 |   2.0
2025-02-23 18:46:57,530 - DEBUG -     Sample: [0 0 0 1 0 1 1 0 1 0]
2025-02-23 18:46:57,530 - DEBUG - Generated 95 unique samples from 100 total measurements
2025-02-23 18:46:57,532 - INFO -   No feasible solution found in this iteration
2025-02-23 18:46:57,532 - INFO -   Added 3 new constraints: [1, 6, 13]
2025-02-23 18:46:57,532 - INFO - 
Iteration 2:
2025-02-23 18:46:57,533 - DEBUG - Generated Ising Hamiltonian
2025-02-23 18:46:57,732 - DEBUG - Optimizing QAOA circuit...
2025-02-23 18:46:58,980 - DEBUG - Circuit optimization successful
2025-02-23 18:46:58,980 - DEBUG - Circuit optimization successful, final value: -3798.3516483516487
2025-02-23 18:46:58,981 - DEBUG - Sampling from optimized circuit...
2025-02-23 18:46:58,996 - DEBUG - Generated 96 unique samples from 100 total measurements
2025-02-23 18:46:58,996 - DEBUG - 
Top 5 most frequent samples:
2025-02-23 18:46:58,996 - DEBUG -   Rank | Count |   %   
2025-02-23 18:46:58,996 - DEBUG -   -----|-------|-------
2025-02-23 18:46:58,996 - DEBUG -      1 |     2 |   2.0
2025-02-23 18:46:58,996 - DEBUG -     Sample: [1 0 0 0 1 0 0 1 1 1]
2025-02-23 18:46:58,997 - DEBUG -      2 |     2 |   2.0
2025-02-23 18:46:58,997 - DEBUG -     Sample: [0 0 0 1 1 1 0 0 0 0]
2025-02-23 18:46:58,997 - DEBUG -      3 |     2 |   2.0
2025-02-23 18:46:58,997 - DEBUG -     Sample: [0 1 0 0 0 1 0 1 1 1]
2025-02-23 18:46:58,997 - DEBUG -      4 |     2 |   2.0
2025-02-23 18:46:58,998 - DEBUG -     Sample: [0 0 1 0 0 0 0 1 1 0]
2025-02-23 18:46:58,998 - DEBUG -      5 |     1 |   1.0
2025-02-23 18:46:58,998 - DEBUG -     Sample: [1 1 1 1 1 0 1 0 1 1]
2025-02-23 18:46:58,999 - DEBUG - Generated 96 unique samples from 100 total measurements
2025-02-23 18:46:59,000 - INFO - Found feasible solution: [0 0 0 0 1 0 0 0 0 1] with objective value 90.0
2025-02-23 18:46:59,001 - INFO -   Found feasible solution:
2025-02-23 18:46:59,002 - INFO -     Solution: [0, 0, 0, 0, 1, 0, 0, 0, 0, 1]
2025-02-23 18:46:59,002 - INFO -     Value: 90.0
2025-02-23 18:46:59,002 - INFO -     Gap to reference: 87.50%
2025-02-23 18:46:59,002 - INFO -   Constraint generation solution found:
2025-02-23 18:46:59,003 - INFO -     Solution: [0, 0, 0, 0, 1, 0, 0, 0, 0, 1]
2025-02-23 18:46:59,003 - INFO -     Value: 90.0
2025-02-23 18:46:59,003 - INFO - 
Instance 20 results:
2025-02-23 18:46:59,003 - INFO -   Classical value: 48.0
2025-02-23 18:46:59,003 - INFO -   QAOA value: 0.0
2025-02-23 18:46:59,003 - INFO -   Constraint generation value: 90.0
2025-02-23 18:46:59,004 - INFO - 
Running instance 21/100
2025-02-23 18:46:59,006 - INFO - 
Running Classical Reference Solver (SCIP):
2025-02-23 18:46:59,006 - DEBUG - Problem dimensions: 20 constraints, 10 variables
2025-02-23 18:46:59,007 - DEBUG - Row names: ['ELEM1', 'ELEM2', 'ELEM3', 'ELEM4', 'ELEM5', 'ELEM6', 'ELEM7', 'ELEM8', 'ELEM9', 'ELEM10', 'ELEM11', 'ELEM12', 'ELEM13', 'ELEM14', 'ELEM15', 'ELEM16', 'ELEM17', 'ELEM18', 'ELEM19', 'ELEM20']
2025-02-23 18:46:59,007 - DEBUG - RHS values: {'ELEM1': 1.0, 'ELEM2': 1.0, 'ELEM3': 1.0, 'ELEM4': 1.0, 'ELEM5': 1.0, 'ELEM6': 1.0, 'ELEM7': 1.0, 'ELEM8': 1.0, 'ELEM9': 1.0, 'ELEM10': 1.0, 'ELEM11': 1.0, 'ELEM12': 1.0, 'ELEM13': 1.0, 'ELEM14': 1.0, 'ELEM15': 1.0, 'ELEM16': 1.0, 'ELEM17': 1.0, 'ELEM18': 1.0, 'ELEM19': 1.0, 'ELEM20': 1.0}
2025-02-23 18:46:59,019 - INFO -   Reference solution found:
2025-02-23 18:46:59,019 - INFO -     Solution: [0, 0, 1, 0, 0, 1, 0, 0, 0, 0]
2025-02-23 18:46:59,019 - INFO -     Value: 85.0
2025-02-23 18:46:59,019 - INFO - 
Running QAOA Reference Solution (with all constraints):
