2025-02-23 18:50:16,677 - INFO - 
Problem information:
2025-02-23 18:50:16,678 - INFO -   Number of variables (n): 10
2025-02-23 18:50:16,678 - INFO -   Number of constraints (m): 20
2025-02-23 18:50:16,678 - DEBUG -   Density of A: 50.00%
2025-02-23 18:50:16,678 - INFO - 
Starting reference QAOA with parameters:
2025-02-23 18:50:16,678 - INFO -   sample_size (total shots): 100
2025-02-23 18:50:16,679 - INFO - Added all constraints
2025-02-23 18:50:16,679 - DEBUG - Generated Ising Hamiltonian
2025-02-23 18:50:16,902 - DEBUG - Optimizing QAOA circuit...
2025-02-23 18:50:18,688 - DEBUG - Circuit optimization successful
2025-02-23 18:50:18,689 - DEBUG - Circuit optimization successful, final value: 4106.995004995004
2025-02-23 18:50:18,689 - DEBUG - Sampling from optimized circuit...
2025-02-23 18:50:18,702 - DEBUG - Generated 95 unique samples from 100 total measurements
2025-02-23 18:50:18,702 - DEBUG - 
Top 5 most frequent samples:
2025-02-23 18:50:18,702 - DEBUG -   Rank | Count |   %   
2025-02-23 18:50:18,702 - DEBUG -   -----|-------|-------
2025-02-23 18:50:18,702 - DEBUG -      1 |     2 |   2.0
2025-02-23 18:50:18,702 - DEBUG -     Sample: [0 0 0 1 0 1 0 0 0 0]
2025-02-23 18:50:18,703 - DEBUG -      2 |     2 |   2.0
2025-02-23 18:50:18,703 - DEBUG -     Sample: [0 0 1 0 1 1 1 0 1 1]
2025-02-23 18:50:18,703 - DEBUG -      3 |     2 |   2.0
2025-02-23 18:50:18,703 - DEBUG -     Sample: [1 1 0 0 1 1 1 1 1 1]
2025-02-23 18:50:18,703 - DEBUG -      4 |     2 |   2.0
2025-02-23 18:50:18,703 - DEBUG -     Sample: [0 0 1 1 0 0 1 0 0 1]
2025-02-23 18:50:18,703 - DEBUG -      5 |     2 |   2.0
2025-02-23 18:50:18,704 - DEBUG -     Sample: [0 0 0 1 0 0 0 0 0 1]
2025-02-23 18:50:18,704 - DEBUG - Generated 95 unique samples from 100 total measurements
2025-02-23 18:50:18,705 - INFO - Found feasible solution: [0 1 0 0 0 0 0 0 0 1] with objective value 150.0
2025-02-23 18:50:18,705 - INFO - Found feasible solution: [0 0 0 0 0 0 1 0 1 0] with objective value 46.0
2025-02-23 18:50:18,706 - INFO - Found feasible solution:
2025-02-23 18:50:18,706 - INFO -   Solution: [0, 0, 0, 0, 0, 0, 1, 0, 1, 0]
2025-02-23 18:50:18,706 - INFO -   Value: 46.0
2025-02-23 18:50:18,707 - INFO -   QAOA solution found:
2025-02-23 18:50:18,707 - INFO -     Solution: [0, 0, 0, 0, 0, 0, 1, 0, 1, 0]
2025-02-23 18:50:18,707 - INFO -     Value: 46.0
2025-02-23 18:50:18,707 - INFO - 
Running Constraint Generation:
2025-02-23 18:50:18,708 - INFO - 
Problem information:
2025-02-23 18:50:18,708 - INFO -   Number of variables (n): 10
2025-02-23 18:50:18,709 - INFO -   Number of constraints (m): 20
2025-02-23 18:50:18,709 - DEBUG -   Density of A: 50.00%
2025-02-23 18:50:18,709 - INFO - 
Running classical reference solver:
2025-02-23 18:50:18,719 - INFO -   Reference solution found:
2025-02-23 18:50:18,719 - INFO -     Solution: [0, 0, 0, 0, 0, 0, 1, 0, 1, 0]
2025-02-23 18:50:18,719 - INFO -     Value: 46.0
2025-02-23 18:50:18,719 - INFO - 
Starting quantum constraint generation with parameters:
2025-02-23 18:50:18,719 - INFO -   sample_size (total shots): 100
2025-02-23 18:50:18,720 - INFO -   tau: 0.1
2025-02-23 18:50:18,720 - INFO -   max_iters: 1000
2025-02-23 18:50:18,720 - INFO - 
Iteration 0:
2025-02-23 18:50:18,720 - DEBUG - Generated Ising Hamiltonian
2025-02-23 18:50:18,910 - DEBUG - Optimizing QAOA circuit...
2025-02-23 18:50:19,695 - DEBUG - Circuit optimization successful
2025-02-23 18:50:19,695 - DEBUG - Circuit optimization successful, final value: -214.09790209790214
2025-02-23 18:50:19,695 - DEBUG - Sampling from optimized circuit...
2025-02-23 18:50:19,705 - DEBUG - Generated 68 unique samples from 100 total measurements
2025-02-23 18:50:19,705 - DEBUG - 
Top 5 most frequent samples:
2025-02-23 18:50:19,705 - DEBUG -   Rank | Count |   %   
2025-02-23 18:50:19,705 - DEBUG -   -----|-------|-------
2025-02-23 18:50:19,705 - DEBUG -      1 |     7 |   7.0
2025-02-23 18:50:19,706 - DEBUG -     Sample: [1 1 0 1 1 1 0 0 1 1]
2025-02-23 18:50:19,706 - DEBUG -      2 |     6 |   6.0
2025-02-23 18:50:19,706 - DEBUG -     Sample: [1 1 0 1 0 1 0 0 1 1]
2025-02-23 18:50:19,706 - DEBUG -      3 |     3 |   3.0
2025-02-23 18:50:19,706 - DEBUG -     Sample: [1 1 0 1 1 1 0 1 1 1]
2025-02-23 18:50:19,706 - DEBUG -      4 |     3 |   3.0
2025-02-23 18:50:19,707 - DEBUG -     Sample: [1 1 0 1 1 1 1 0 1 1]
2025-02-23 18:50:19,707 - DEBUG -      5 |     3 |   3.0
2025-02-23 18:50:19,707 - DEBUG -     Sample: [1 0 0 1 1 1 1 0 1 1]
2025-02-23 18:50:19,707 - DEBUG - Generated 68 unique samples from 100 total measurements
2025-02-23 18:50:19,708 - INFO -   No feasible solution found in this iteration
2025-02-23 18:50:19,709 - INFO -   Added 2 new constraints: [5, 8]
2025-02-23 18:50:19,709 - INFO - 
Iteration 1:
2025-02-23 18:50:19,709 - DEBUG - Generated Ising Hamiltonian
2025-02-23 18:50:19,886 - DEBUG - Optimizing QAOA circuit...
2025-02-23 18:50:20,809 - DEBUG - Circuit optimization successful
2025-02-23 18:50:20,809 - DEBUG - Circuit optimization successful, final value: 2392.801198801199
2025-02-23 18:50:20,809 - DEBUG - Sampling from optimized circuit...
2025-02-23 18:50:20,820 - DEBUG - Generated 72 unique samples from 100 total measurements
2025-02-23 18:50:20,820 - DEBUG - 
Top 5 most frequent samples:
2025-02-23 18:50:20,820 - DEBUG -   Rank | Count |   %   
2025-02-23 18:50:20,820 - DEBUG -   -----|-------|-------
2025-02-23 18:50:20,820 - DEBUG -      1 |     6 |   6.0
2025-02-23 18:50:20,821 - DEBUG -     Sample: [1 1 0 1 0 1 0 0 0 1]
2025-02-23 18:50:20,821 - DEBUG -      2 |     5 |   5.0
2025-02-23 18:50:20,821 - DEBUG -     Sample: [1 1 0 0 0 1 0 0 1 1]
2025-02-23 18:50:20,821 - DEBUG -      3 |     3 |   3.0
2025-02-23 18:50:20,821 - DEBUG -     Sample: [1 1 0 0 0 1 1 0 1 1]
2025-02-23 18:50:20,821 - DEBUG -      4 |     3 |   3.0
2025-02-23 18:50:20,821 - DEBUG -     Sample: [1 1 0 0 0 1 1 1 1 0]
2025-02-23 18:50:20,821 - DEBUG -      5 |     3 |   3.0
2025-02-23 18:50:20,822 - DEBUG -     Sample: [1 1 0 1 0 1 0 1 0 1]
2025-02-23 18:50:20,822 - DEBUG - Generated 72 unique samples from 100 total measurements
2025-02-23 18:50:20,824 - INFO -   No feasible solution found in this iteration
2025-02-23 18:50:20,824 - INFO -   Added 4 new constraints: [0, 1, 10, 12]
2025-02-23 18:50:20,825 - INFO - 
Iteration 2:
2025-02-23 18:50:20,825 - DEBUG - Generated Ising Hamiltonian
2025-02-23 18:50:21,017 - DEBUG - Optimizing QAOA circuit...
2025-02-23 18:50:22,022 - DEBUG - Circuit optimization successful
2025-02-23 18:50:22,023 - DEBUG - Circuit optimization successful, final value: -36506.445554445556
2025-02-23 18:50:22,023 - DEBUG - Sampling from optimized circuit...
2025-02-23 18:50:22,036 - DEBUG - Generated 63 unique samples from 100 total measurements
2025-02-23 18:50:22,036 - DEBUG - 
Top 5 most frequent samples:
2025-02-23 18:50:22,036 - DEBUG -   Rank | Count |   %   
2025-02-23 18:50:22,036 - DEBUG -   -----|-------|-------
2025-02-23 18:50:22,036 - DEBUG -      1 |     8 |   8.0
2025-02-23 18:50:22,036 - DEBUG -     Sample: [0 0 0 0 1 0 0 0 0 1]
2025-02-23 18:50:22,037 - DEBUG -      2 |     7 |   7.0
2025-02-23 18:50:22,037 - DEBUG -     Sample: [0 0 0 0 1 1 0 0 0 1]
2025-02-23 18:50:22,037 - DEBUG -      3 |     4 |   4.0
2025-02-23 18:50:22,037 - DEBUG -     Sample: [0 0 0 1 1 0 0 0 0 0]
2025-02-23 18:50:22,037 - DEBUG -      4 |     4 |   4.0
2025-02-23 18:50:22,037 - DEBUG -     Sample: [1 0 0 0 1 0 0 0 0 1]
2025-02-23 18:50:22,038 - DEBUG -      5 |     4 |   4.0
2025-02-23 18:50:22,038 - DEBUG -     Sample: [0 0 0 1 1 0 0 1 0 1]
2025-02-23 18:50:22,038 - DEBUG - Generated 63 unique samples from 100 total measurements
2025-02-23 18:50:22,039 - INFO -   No feasible solution found in this iteration
2025-02-23 18:50:22,040 - INFO -   Added 1 new constraints: [9]
2025-02-23 18:50:22,040 - INFO - 
Iteration 3:
2025-02-23 18:50:22,040 - DEBUG - Generated Ising Hamiltonian
2025-02-23 18:50:22,252 - DEBUG - Optimizing QAOA circuit...
2025-02-23 18:50:23,436 - DEBUG - Circuit optimization successful
2025-02-23 18:50:23,436 - DEBUG - Circuit optimization successful, final value: -36834.42757242757
2025-02-23 18:50:23,436 - DEBUG - Sampling from optimized circuit...
2025-02-23 18:50:23,449 - DEBUG - Generated 65 unique samples from 100 total measurements
2025-02-23 18:50:23,449 - DEBUG - 
Top 5 most frequent samples:
2025-02-23 18:50:23,449 - DEBUG -   Rank | Count |   %   
2025-02-23 18:50:23,449 - DEBUG -   -----|-------|-------
2025-02-23 18:50:23,450 - DEBUG -      1 |     6 |   6.0
2025-02-23 18:50:23,450 - DEBUG -     Sample: [0 0 0 0 0 1 1 0 0 0]
2025-02-23 18:50:23,450 - DEBUG -      2 |     4 |   4.0
2025-02-23 18:50:23,450 - DEBUG -     Sample: [0 0 0 0 0 0 1 0 0 1]
2025-02-23 18:50:23,451 - DEBUG -      3 |     4 |   4.0
2025-02-23 18:50:23,451 - DEBUG -     Sample: [0 1 0 0 1 1 1 0 1 0]
2025-02-23 18:50:23,451 - DEBUG -      4 |     4 |   4.0
2025-02-23 18:50:23,452 - DEBUG -     Sample: [0 0 0 0 1 1 1 0 1 0]
2025-02-23 18:50:23,452 - DEBUG -      5 |     3 |   3.0
2025-02-23 18:50:23,452 - DEBUG -     Sample: [0 0 0 0 0 1 1 1 1 0]
2025-02-23 18:50:23,452 - DEBUG - Generated 65 unique samples from 100 total measurements
2025-02-23 18:50:23,453 - INFO - Found feasible solution: [0 0 0 0 0 0 1 0 1 0] with objective value 46.0
2025-02-23 18:50:23,454 - INFO -   Found feasible solution:
2025-02-23 18:50:23,454 - INFO -     Solution: [0, 0, 0, 0, 0, 0, 1, 0, 1, 0]
2025-02-23 18:50:23,454 - INFO -     Value: 46.0
2025-02-23 18:50:23,454 - INFO -     Gap to reference: 0.00%
2025-02-23 18:50:23,455 - INFO -   Constraint generation solution found:
2025-02-23 18:50:23,455 - INFO -     Solution: [0, 0, 0, 0, 0, 0, 1, 0, 1, 0]
2025-02-23 18:50:23,455 - INFO -     Value: 46.0
2025-02-23 18:50:23,455 - INFO - 
Instance 51 results:
2025-02-23 18:50:23,455 - INFO -   Classical value: 46.0
2025-02-23 18:50:23,455 - INFO -   QAOA value: 46.0
2025-02-23 18:50:23,455 - INFO -   Constraint generation value: 46.0
2025-02-23 18:50:23,456 - INFO - 
Running instance 52/100
2025-02-23 18:50:23,457 - INFO - 
Running Classical Reference Solver (SCIP):
2025-02-23 18:50:23,458 - DEBUG - Problem dimensions: 20 constraints, 10 variables
2025-02-23 18:50:23,459 - DEBUG - Row names: ['ELEM1', 'ELEM2', 'ELEM3', 'ELEM4', 'ELEM5', 'ELEM6', 'ELEM7', 'ELEM8', 'ELEM9', 'ELEM10', 'ELEM11', 'ELEM12', 'ELEM13', 'ELEM14', 'ELEM15', 'ELEM16', 'ELEM17', 'ELEM18', 'ELEM19', 'ELEM20']
2025-02-23 18:50:23,459 - DEBUG - RHS values: {'ELEM1': 1.0, 'ELEM2': 1.0, 'ELEM3': 1.0, 'ELEM4': 1.0, 'ELEM5': 1.0, 'ELEM6': 1.0, 'ELEM7': 1.0, 'ELEM8': 1.0, 'ELEM9': 1.0, 'ELEM10': 1.0, 'ELEM11': 1.0, 'ELEM12': 1.0, 'ELEM13': 1.0, 'ELEM14': 1.0, 'ELEM15': 1.0, 'ELEM16': 1.0, 'ELEM17': 1.0, 'ELEM18': 1.0, 'ELEM19': 1.0, 'ELEM20': 1.0}
2025-02-23 18:50:23,469 - INFO -   Reference solution found:
2025-02-23 18:50:23,469 - INFO -     Solution: [0, 0, 0, 0, 0, 0, 0, 0, 1, 1]
2025-02-23 18:50:23,469 - INFO -     Value: 55.0
2025-02-23 18:50:23,469 - INFO - 
Running QAOA Reference Solution (with all constraints):
