2025-02-24 15:47:14,750 - INFO - 
Problem information:
2025-02-24 15:47:14,750 - INFO -   Number of variables (n): 12
2025-02-24 15:47:14,751 - INFO -   Number of constraints (m): 40
2025-02-24 15:47:14,751 - DEBUG -   Density of A: 25.00%
2025-02-24 15:47:14,751 - INFO - 
Starting reference QAOA with parameters:
2025-02-24 15:47:14,752 - INFO -   sample_size (total shots): 1000
2025-02-24 15:47:14,752 - INFO - Added all constraints
2025-02-24 15:47:14,753 - DEBUG - Generated Ising Hamiltonian
2025-02-24 15:47:15,018 - DEBUG - Optimizing QAOA circuit...
2025-02-24 15:47:20,379 - DEBUG - Circuit optimization successful
2025-02-24 15:47:20,380 - DEBUG - Circuit optimization successful, final value: -26707.34565434566
2025-02-24 15:47:20,380 - DEBUG - Sampling from optimized circuit...
2025-02-24 15:47:20,424 - DEBUG - Generated 389 unique samples from 1000 total measurements
2025-02-24 15:47:20,425 - DEBUG - 
Top 5 most frequent samples:
2025-02-24 15:47:20,425 - DEBUG -   Rank | Count |   %   
2025-02-24 15:47:20,425 - DEBUG -   -----|-------|-------
2025-02-24 15:47:20,425 - DEBUG -      1 |    59 |   5.9
2025-02-24 15:47:20,425 - DEBUG -     Sample: [1 0 1 0 0 1 0 0 0 1 1 0]
2025-02-24 15:47:20,425 - DEBUG -      2 |    50 |   5.0
2025-02-24 15:47:20,426 - DEBUG -     Sample: [1 0 1 0 0 1 1 0 0 1 1 0]
2025-02-24 15:47:20,426 - DEBUG -      3 |    29 |   2.9
2025-02-24 15:47:20,426 - DEBUG -     Sample: [1 0 1 0 0 1 0 0 0 0 1 0]
2025-02-24 15:47:20,426 - DEBUG -      4 |    24 |   2.4
2025-02-24 15:47:20,426 - DEBUG -     Sample: [1 0 1 0 0 0 0 0 0 1 1 0]
2025-02-24 15:47:20,426 - DEBUG -      5 |    24 |   2.4
2025-02-24 15:47:20,427 - DEBUG -     Sample: [0 0 1 0 0 1 0 0 0 1 1 0]
2025-02-24 15:47:20,428 - DEBUG - Generated 389 unique samples from 1000 total measurements
2025-02-24 15:47:20,434 - INFO - No feasible solution found
2025-02-24 15:47:20,435 - INFO -   QAOA solver found no feasible solution
2025-02-24 15:47:20,435 - INFO - 
Running Constraint Generation:
2025-02-24 15:47:20,437 - INFO - 
Problem information:
2025-02-24 15:47:20,437 - INFO -   Number of variables (n): 12
2025-02-24 15:47:20,437 - INFO -   Number of constraints (m): 40
2025-02-24 15:47:20,438 - DEBUG -   Density of A: 25.00%
2025-02-24 15:47:20,438 - INFO - 
Running classical reference solver:
2025-02-24 15:47:20,449 - INFO -   Reference solution found:
2025-02-24 15:47:20,449 - INFO -     Solution: [1, 1, 0, 0, 0, 0, 1, 0, 0, 1, 0, 0]
2025-02-24 15:47:20,449 - INFO -     Value: 102.0
2025-02-24 15:47:20,449 - INFO - 
Starting quantum constraint generation with parameters:
2025-02-24 15:47:20,449 - INFO -   sample_size (total shots): 1000
2025-02-24 15:47:20,449 - INFO -   tau: 0.1
2025-02-24 15:47:20,449 - INFO -   max_iters: 1000
2025-02-24 15:47:20,450 - INFO - 
Iteration 0:
2025-02-24 15:47:20,450 - DEBUG - Generated Ising Hamiltonian
2025-02-24 15:47:20,652 - DEBUG - Optimizing QAOA circuit...
2025-02-24 15:47:23,106 - DEBUG - Circuit optimization successful
2025-02-24 15:47:23,106 - DEBUG - Circuit optimization successful, final value: -391.026973026973
2025-02-24 15:47:23,106 - DEBUG - Sampling from optimized circuit...
2025-02-24 15:47:23,127 - DEBUG - Generated 254 unique samples from 1000 total measurements
2025-02-24 15:47:23,128 - DEBUG - 
Top 5 most frequent samples:
2025-02-24 15:47:23,128 - DEBUG -   Rank | Count |   %   
2025-02-24 15:47:23,128 - DEBUG -   -----|-------|-------
2025-02-24 15:47:23,128 - DEBUG -      1 |    70 |   7.0
2025-02-24 15:47:23,128 - DEBUG -     Sample: [0 1 1 1 1 1 0 0 1 1 0 1]
2025-02-24 15:47:23,128 - DEBUG -      2 |    65 |   6.5
2025-02-24 15:47:23,129 - DEBUG -     Sample: [0 1 1 1 1 1 1 0 1 1 0 1]
2025-02-24 15:47:23,129 - DEBUG -      3 |    54 |   5.4
2025-02-24 15:47:23,129 - DEBUG -     Sample: [0 1 1 1 1 1 1 0 1 1 1 1]
2025-02-24 15:47:23,129 - DEBUG -      4 |    36 |   3.6
2025-02-24 15:47:23,129 - DEBUG -     Sample: [0 1 1 1 1 1 0 0 1 1 1 1]
2025-02-24 15:47:23,129 - DEBUG -      5 |    30 |   3.0
2025-02-24 15:47:23,130 - DEBUG -     Sample: [1 1 1 1 1 1 1 0 1 1 0 1]
2025-02-24 15:47:23,130 - DEBUG - Generated 254 unique samples from 1000 total measurements
2025-02-24 15:47:23,135 - INFO -   No feasible solution found in this iteration
2025-02-24 15:47:23,136 - INFO -   Added 1 new constraints: [34]
2025-02-24 15:47:23,137 - INFO - 
Iteration 1:
2025-02-24 15:47:23,137 - DEBUG - Generated Ising Hamiltonian
2025-02-24 15:47:23,378 - DEBUG - Optimizing QAOA circuit...
2025-02-24 15:47:25,387 - DEBUG - Circuit optimization successful
2025-02-24 15:47:25,387 - DEBUG - Circuit optimization successful, final value: -6362.446053946055
2025-02-24 15:47:25,388 - DEBUG - Sampling from optimized circuit...
2025-02-24 15:47:25,416 - DEBUG - Generated 337 unique samples from 1000 total measurements
2025-02-24 15:47:25,416 - DEBUG - 
Top 5 most frequent samples:
2025-02-24 15:47:25,416 - DEBUG -   Rank | Count |   %   
2025-02-24 15:47:25,416 - DEBUG -   -----|-------|-------
2025-02-24 15:47:25,416 - DEBUG -      1 |    27 |   2.7
2025-02-24 15:47:25,417 - DEBUG -     Sample: [0 0 1 0 0 0 1 0 1 0 1 0]
2025-02-24 15:47:25,417 - DEBUG -      2 |    20 |   2.0
2025-02-24 15:47:25,417 - DEBUG -     Sample: [0 0 1 1 0 0 1 0 1 1 1 0]
2025-02-24 15:47:25,417 - DEBUG -      3 |    19 |   1.9
2025-02-24 15:47:25,418 - DEBUG -     Sample: [0 0 1 0 1 0 1 0 1 1 1 0]
2025-02-24 15:47:25,418 - DEBUG -      4 |    19 |   1.9
2025-02-24 15:47:25,419 - DEBUG -     Sample: [0 0 1 1 0 0 1 0 1 0 1 0]
2025-02-24 15:47:25,419 - DEBUG -      5 |    18 |   1.8
2025-02-24 15:47:25,420 - DEBUG -     Sample: [0 0 1 1 0 0 1 0 1 1 0 0]
2025-02-24 15:47:25,421 - DEBUG - Generated 337 unique samples from 1000 total measurements
2025-02-24 15:47:25,429 - INFO -   No feasible solution found in this iteration
2025-02-24 15:47:25,430 - INFO -   Added 1 new constraints: [4]
2025-02-24 15:47:25,430 - INFO - 
Iteration 2:
2025-02-24 15:47:25,430 - DEBUG - Generated Ising Hamiltonian
2025-02-24 15:47:25,674 - DEBUG - Optimizing QAOA circuit...
2025-02-24 15:47:27,781 - DEBUG - Circuit optimization successful
2025-02-24 15:47:27,781 - DEBUG - Circuit optimization successful, final value: -8368.232767232768
2025-02-24 15:47:27,782 - DEBUG - Sampling from optimized circuit...
2025-02-24 15:47:27,808 - DEBUG - Generated 386 unique samples from 1000 total measurements
2025-02-24 15:47:27,808 - DEBUG - 
Top 5 most frequent samples:
2025-02-24 15:47:27,808 - DEBUG -   Rank | Count |   %   
2025-02-24 15:47:27,808 - DEBUG -   -----|-------|-------
2025-02-24 15:47:27,809 - DEBUG -      1 |    26 |   2.6
2025-02-24 15:47:27,809 - DEBUG -     Sample: [0 0 1 1 0 1 0 0 1 1 0 0]
2025-02-24 15:47:27,809 - DEBUG -      2 |    20 |   2.0
2025-02-24 15:47:27,809 - DEBUG -     Sample: [0 0 1 0 0 1 0 0 1 1 0 0]
2025-02-24 15:47:27,809 - DEBUG -      3 |    18 |   1.8
2025-02-24 15:47:27,810 - DEBUG -     Sample: [0 0 1 0 0 0 0 0 1 1 0 0]
2025-02-24 15:47:27,810 - DEBUG -      4 |    17 |   1.7
2025-02-24 15:47:27,810 - DEBUG -     Sample: [0 0 1 0 1 1 0 0 1 1 0 0]
2025-02-24 15:47:27,810 - DEBUG -      5 |    16 |   1.6
2025-02-24 15:47:27,810 - DEBUG -     Sample: [0 0 1 1 0 0 0 0 1 1 0 0]
2025-02-24 15:47:27,812 - DEBUG - Generated 386 unique samples from 1000 total measurements
2025-02-24 15:47:27,818 - INFO - Found feasible solution: [0 0 1 0 1 1 0 0 1 0 0 1] with objective value 436.0
2025-02-24 15:47:27,820 - INFO -   Found feasible solution:
2025-02-24 15:47:27,820 - INFO -     Solution: [0, 0, 1, 0, 1, 1, 0, 0, 1, 0, 0, 1]
2025-02-24 15:47:27,821 - INFO -     Value: 436.0
2025-02-24 15:47:27,821 - INFO -     Gap to reference: 327.45%
2025-02-24 15:47:27,822 - INFO -   Constraint generation solution found:
2025-02-24 15:47:27,822 - INFO -     Solution: [0, 0, 1, 0, 1, 1, 0, 0, 1, 0, 0, 1]
2025-02-24 15:47:27,822 - INFO -     Value: 436.0
2025-02-24 15:47:27,822 - INFO - 
Instance 83 results:
2025-02-24 15:47:27,822 - INFO -   Classical value: 102.0
2025-02-24 15:47:27,823 - INFO -   QAOA value: 0.0
2025-02-24 15:47:27,823 - INFO -   Constraint generation value: 436.0
2025-02-24 15:47:27,823 - INFO - 
Running instance 84/100
2025-02-24 15:47:27,826 - INFO - 
Running Classical Reference Solver (SCIP):
2025-02-24 15:47:27,827 - DEBUG - Problem dimensions: 40 constraints, 12 variables
2025-02-24 15:47:27,827 - DEBUG - Row names: ['ELEM1', 'ELEM2', 'ELEM3', 'ELEM4', 'ELEM5', 'ELEM6', 'ELEM7', 'ELEM8', 'ELEM9', 'ELEM10', 'ELEM11', 'ELEM12', 'ELEM13', 'ELEM14', 'ELEM15', 'ELEM16', 'ELEM17', 'ELEM18', 'ELEM19', 'ELEM20', 'ELEM21', 'ELEM22', 'ELEM23', 'ELEM24', 'ELEM25', 'ELEM26', 'ELEM27', 'ELEM28', 'ELEM29', 'ELEM30', 'ELEM31', 'ELEM32', 'ELEM33', 'ELEM34', 'ELEM35', 'ELEM36', 'ELEM37', 'ELEM38', 'ELEM39', 'ELEM40']
2025-02-24 15:47:27,827 - DEBUG - RHS values: {'ELEM1': 1.0, 'ELEM2': 1.0, 'ELEM3': 1.0, 'ELEM4': 1.0, 'ELEM5': 1.0, 'ELEM6': 1.0, 'ELEM7': 1.0, 'ELEM8': 1.0, 'ELEM9': 1.0, 'ELEM10': 1.0, 'ELEM11': 1.0, 'ELEM12': 1.0, 'ELEM13': 1.0, 'ELEM14': 1.0, 'ELEM15': 1.0, 'ELEM16': 1.0, 'ELEM17': 1.0, 'ELEM18': 1.0, 'ELEM19': 1.0, 'ELEM20': 1.0, 'ELEM21': 1.0, 'ELEM22': 1.0, 'ELEM23': 1.0, 'ELEM24': 1.0, 'ELEM25': 1.0, 'ELEM26': 1.0, 'ELEM27': 1.0, 'ELEM28': 1.0, 'ELEM29': 1.0, 'ELEM30': 1.0, 'ELEM31': 1.0, 'ELEM32': 1.0, 'ELEM33': 1.0, 'ELEM34': 1.0, 'ELEM35': 1.0, 'ELEM36': 1.0, 'ELEM37': 1.0, 'ELEM38': 1.0, 'ELEM39': 1.0, 'ELEM40': 1.0}
2025-02-24 15:47:27,840 - INFO -   Reference solution found:
2025-02-24 15:47:27,840 - INFO -     Solution: [0, 1, 0, 1, 0, 0, 0, 0, 0, 0, 1, 0]
2025-02-24 15:47:27,840 - INFO -     Value: 209.0
2025-02-24 15:47:27,840 - INFO - 
Running QAOA Reference Solution (with all constraints):
