2025-02-24 14:19:12,515 - INFO - 
Problem information:
2025-02-24 14:19:12,515 - INFO -   Number of variables (n): 12
2025-02-24 14:19:12,516 - INFO -   Number of constraints (m): 40
2025-02-24 14:19:12,516 - DEBUG -   Density of A: 16.67%
2025-02-24 14:19:12,516 - INFO - 
Starting reference QAOA with parameters:
2025-02-24 14:19:12,516 - INFO -   sample_size (total shots): 1000
2025-02-24 14:19:12,516 - INFO - Added all constraints
2025-02-24 14:19:12,516 - DEBUG - Generated Ising Hamiltonian
2025-02-24 14:19:12,658 - DEBUG - Optimizing QAOA circuit...
2025-02-24 14:19:15,109 - DEBUG - Circuit optimization successful
2025-02-24 14:19:15,109 - DEBUG - Circuit optimization successful, final value: 35821.92307692308
2025-02-24 14:19:15,109 - DEBUG - Sampling from optimized circuit...
2025-02-24 14:19:15,141 - DEBUG - Generated 622 unique samples from 1000 total measurements
2025-02-24 14:19:15,141 - DEBUG - 
Top 5 most frequent samples:
2025-02-24 14:19:15,141 - DEBUG -   Rank | Count |   %   
2025-02-24 14:19:15,141 - DEBUG -   -----|-------|-------
2025-02-24 14:19:15,141 - DEBUG -      1 |    13 |   1.3
2025-02-24 14:19:15,142 - DEBUG -     Sample: [1 1 1 1 0 1 1 1 1 1 0 0]
2025-02-24 14:19:15,142 - DEBUG -      2 |    12 |   1.2
2025-02-24 14:19:15,142 - DEBUG -     Sample: [1 0 0 0 0 1 1 1 0 1 0 1]
2025-02-24 14:19:15,142 - DEBUG -      3 |    11 |   1.1
2025-02-24 14:19:15,142 - DEBUG -     Sample: [1 1 0 1 0 1 1 1 1 1 0 0]
2025-02-24 14:19:15,142 - DEBUG -      4 |     9 |   0.9
2025-02-24 14:19:15,142 - DEBUG -     Sample: [1 1 0 0 0 1 1 1 0 1 0 0]
2025-02-24 14:19:15,142 - DEBUG -      5 |     9 |   0.9
2025-02-24 14:19:15,143 - DEBUG -     Sample: [0 0 1 1 1 1 1 1 1 1 0 1]
2025-02-24 14:19:15,144 - DEBUG - Generated 622 unique samples from 1000 total measurements
2025-02-24 14:19:15,152 - INFO - No feasible solution found
2025-02-24 14:19:15,152 - INFO -   QAOA solver found no feasible solution
2025-02-24 14:19:15,152 - INFO - 
Running Constraint Generation:
2025-02-24 14:19:15,154 - INFO - 
Problem information:
2025-02-24 14:19:15,154 - INFO -   Number of variables (n): 12
2025-02-24 14:19:15,154 - INFO -   Number of constraints (m): 40
2025-02-24 14:19:15,154 - DEBUG -   Density of A: 16.67%
2025-02-24 14:19:15,154 - INFO - 
Running classical reference solver:
2025-02-24 14:19:15,163 - INFO -   Reference solution found:
2025-02-24 14:19:15,163 - INFO -     Solution: [0, 0, 0, 0, 1, 1, 0, 0, 1, 0, 0, 1]
2025-02-24 14:19:15,164 - INFO -     Value: 226.0
2025-02-24 14:19:15,164 - INFO - 
Starting quantum constraint generation with parameters:
2025-02-24 14:19:15,164 - INFO -   sample_size (total shots): 1000
2025-02-24 14:19:15,164 - INFO -   tau: 0.1
2025-02-24 14:19:15,164 - INFO -   max_iters: 1000
2025-02-24 14:19:15,164 - INFO - 
Iteration 0:
2025-02-24 14:19:15,164 - DEBUG - Generated Ising Hamiltonian
2025-02-24 14:19:15,165 - DEBUG - Optimizing QAOA circuit...
2025-02-24 14:19:17,098 - WARNING - Circuit optimization did not converge
2025-02-24 14:19:17,098 - WARNING - Circuit optimization did not converge
2025-02-24 14:19:17,099 - DEBUG - Sampling from optimized circuit...
2025-02-24 14:19:17,140 - DEBUG - Generated 8 unique samples from 1000 total measurements
2025-02-24 14:19:17,141 - DEBUG - 
Top 5 most frequent samples:
2025-02-24 14:19:17,141 - DEBUG -   Rank | Count |   %   
2025-02-24 14:19:17,141 - DEBUG -   -----|-------|-------
2025-02-24 14:19:17,141 - DEBUG -      1 |   827 |  82.7
2025-02-24 14:19:17,141 - DEBUG -     Sample: [0 0 0 0 0 0 0 0 1 1 1 1]
2025-02-24 14:19:17,141 - DEBUG -      2 |    95 |   9.5
2025-02-24 14:19:17,141 - DEBUG -     Sample: [0 0 0 0 0 0 0 0 1 1 1 0]
2025-02-24 14:19:17,141 - DEBUG -      3 |    48 |   4.8
2025-02-24 14:19:17,141 - DEBUG -     Sample: [0 0 0 0 0 0 0 0 0 1 1 1]
2025-02-24 14:19:17,141 - DEBUG -      4 |    23 |   2.3
2025-02-24 14:19:17,142 - DEBUG -     Sample: [0 0 0 0 0 0 0 0 1 0 1 1]
2025-02-24 14:19:17,142 - DEBUG -      5 |     3 |   0.3
2025-02-24 14:19:17,142 - DEBUG -     Sample: [0 0 0 0 0 0 0 0 1 0 1 0]
2025-02-24 14:19:17,142 - DEBUG - Generated 8 unique samples from 1000 total measurements
2025-02-24 14:19:17,142 - INFO -   No feasible solution found in this iteration
2025-02-24 14:19:17,142 - INFO -   Added 16 new constraints: [5, 7, 10, 13, 16, 18, 20, 23, 24, 25, 29, 33, 34, 35, 37, 38]
2025-02-24 14:19:17,142 - INFO - 
Iteration 1:
2025-02-24 14:19:17,143 - DEBUG - Generated Ising Hamiltonian
2025-02-24 14:19:17,144 - DEBUG - Optimizing QAOA circuit...
2025-02-24 14:19:22,516 - WARNING - Circuit optimization did not converge
2025-02-24 14:19:22,516 - WARNING - Circuit optimization did not converge
2025-02-24 14:19:22,516 - DEBUG - Sampling from optimized circuit...
2025-02-24 14:19:22,569 - DEBUG - Generated 16 unique samples from 1000 total measurements
2025-02-24 14:19:22,569 - DEBUG - 
Top 5 most frequent samples:
2025-02-24 14:19:22,569 - DEBUG -   Rank | Count |   %   
2025-02-24 14:19:22,569 - DEBUG -   -----|-------|-------
2025-02-24 14:19:22,569 - DEBUG -      1 |   351 |  35.1
2025-02-24 14:19:22,570 - DEBUG -     Sample: [0 0 0 0 0 0 0 0 0 1 0 1]
2025-02-24 14:19:22,570 - DEBUG -      2 |   180 |  18.0
2025-02-24 14:19:22,570 - DEBUG -     Sample: [0 0 0 0 0 0 0 0 0 0 0 1]
2025-02-24 14:19:22,570 - DEBUG -      3 |    96 |   9.6
2025-02-24 14:19:22,570 - DEBUG -     Sample: [0 0 0 0 0 0 0 0 1 1 0 1]
2025-02-24 14:19:22,570 - DEBUG -      4 |    86 |   8.6
2025-02-24 14:19:22,570 - DEBUG -     Sample: [0 0 0 0 0 0 0 0 0 1 0 0]
2025-02-24 14:19:22,570 - DEBUG -      5 |    63 |   6.3
2025-02-24 14:19:22,571 - DEBUG -     Sample: [0 0 0 0 0 0 0 0 0 1 1 1]
2025-02-24 14:19:22,571 - DEBUG - Generated 16 unique samples from 1000 total measurements
2025-02-24 14:19:22,571 - INFO -   No feasible solution found in this iteration
2025-02-24 14:19:22,571 - INFO -   No new constraints added, lowered tau multiplier: 1.0 -> 0.9
2025-02-24 14:19:22,571 - INFO -   No new constraints added, lowered tau multiplier: 0.9 -> 0.8
2025-02-24 14:19:22,571 - INFO -   No new constraints added, lowered tau multiplier: 0.8 -> 0.7
2025-02-24 14:19:22,572 - INFO -   No new constraints added, lowered tau multiplier: 0.7 -> 0.6
2025-02-24 14:19:22,572 - INFO -   No new constraints added, lowered tau multiplier: 0.6 -> 0.5
2025-02-24 14:19:22,572 - INFO -   No new constraints added, lowered tau multiplier: 0.5 -> 0.4
2025-02-24 14:19:22,572 - INFO -   Added 24 new constraints: [0, 1, 2, 3, 4, 6, 8, 9, 11, 12, 14, 15, 17, 19, 21, 22, 26, 27, 28, 30, 31, 32, 36, 39]
2025-02-24 14:19:22,572 - INFO - 
Iteration 2:
2025-02-24 14:19:22,572 - DEBUG - Generated Ising Hamiltonian
2025-02-24 14:19:22,574 - DEBUG - Optimizing QAOA circuit...
2025-02-24 14:19:40,735 - WARNING - Circuit optimization did not converge
2025-02-24 14:19:40,736 - WARNING - Circuit optimization did not converge
2025-02-24 14:19:40,736 - DEBUG - Sampling from optimized circuit...
2025-02-24 14:19:40,783 - DEBUG - Generated 16 unique samples from 1000 total measurements
2025-02-24 14:19:40,783 - DEBUG - 
Top 5 most frequent samples:
2025-02-24 14:19:40,783 - DEBUG -   Rank | Count |   %   
2025-02-24 14:19:40,783 - DEBUG -   -----|-------|-------
2025-02-24 14:19:40,783 - DEBUG -      1 |   177 |  17.7
2025-02-24 14:19:40,783 - DEBUG -     Sample: [0 0 0 0 0 0 0 0 0 0 0 0]
2025-02-24 14:19:40,784 - DEBUG -      2 |   160 |  16.0
2025-02-24 14:19:40,784 - DEBUG -     Sample: [0 0 0 0 0 0 0 0 0 0 0 1]
2025-02-24 14:19:40,784 - DEBUG -      3 |   127 |  12.7
2025-02-24 14:19:40,784 - DEBUG -     Sample: [0 0 0 0 0 0 0 0 0 1 1 0]
2025-02-24 14:19:40,784 - DEBUG -      4 |   127 |  12.7
2025-02-24 14:19:40,784 - DEBUG -     Sample: [0 0 0 0 0 0 0 0 0 1 1 1]
2025-02-24 14:19:40,784 - DEBUG -      5 |    84 |   8.4
2025-02-24 14:19:40,784 - DEBUG -     Sample: [0 0 0 0 0 0 0 0 0 1 0 0]
2025-02-24 14:19:40,785 - DEBUG - Generated 16 unique samples from 1000 total measurements
2025-02-24 14:19:40,785 - INFO -   No feasible solution found in this iteration
2025-02-24 14:19:40,785 - INFO -   All constraints added, exiting
2025-02-24 14:19:40,785 - INFO -   Constraint generation found no feasible solution
2025-02-24 14:19:40,785 - INFO - 
Instance 19 results:
2025-02-24 14:19:40,785 - INFO -   Classical value: 226.0
2025-02-24 14:19:40,785 - INFO -   QAOA value: 0.0
2025-02-24 14:19:40,786 - INFO -   Constraint generation value: 0.0
2025-02-24 14:19:40,786 - INFO - 
Running instance 20/100
2025-02-24 14:19:40,787 - INFO - 
Running Classical Reference Solver (SCIP):
2025-02-24 14:19:40,789 - DEBUG - Problem dimensions: 40 constraints, 12 variables
2025-02-24 14:19:40,790 - DEBUG - Row names: ['ELEM1', 'ELEM2', 'ELEM3', 'ELEM4', 'ELEM5', 'ELEM6', 'ELEM7', 'ELEM8', 'ELEM9', 'ELEM10', 'ELEM11', 'ELEM12', 'ELEM13', 'ELEM14', 'ELEM15', 'ELEM16', 'ELEM17', 'ELEM18', 'ELEM19', 'ELEM20', 'ELEM21', 'ELEM22', 'ELEM23', 'ELEM24', 'ELEM25', 'ELEM26', 'ELEM27', 'ELEM28', 'ELEM29', 'ELEM30', 'ELEM31', 'ELEM32', 'ELEM33', 'ELEM34', 'ELEM35', 'ELEM36', 'ELEM37', 'ELEM38', 'ELEM39', 'ELEM40']
2025-02-24 14:19:40,790 - DEBUG - RHS values: {'ELEM1': 1.0, 'ELEM2': 1.0, 'ELEM3': 1.0, 'ELEM4': 1.0, 'ELEM5': 1.0, 'ELEM6': 1.0, 'ELEM7': 1.0, 'ELEM8': 1.0, 'ELEM9': 1.0, 'ELEM10': 1.0, 'ELEM11': 1.0, 'ELEM12': 1.0, 'ELEM13': 1.0, 'ELEM14': 1.0, 'ELEM15': 1.0, 'ELEM16': 1.0, 'ELEM17': 1.0, 'ELEM18': 1.0, 'ELEM19': 1.0, 'ELEM20': 1.0, 'ELEM21': 1.0, 'ELEM22': 1.0, 'ELEM23': 1.0, 'ELEM24': 1.0, 'ELEM25': 1.0, 'ELEM26': 1.0, 'ELEM27': 1.0, 'ELEM28': 1.0, 'ELEM29': 1.0, 'ELEM30': 1.0, 'ELEM31': 1.0, 'ELEM32': 1.0, 'ELEM33': 1.0, 'ELEM34': 1.0, 'ELEM35': 1.0, 'ELEM36': 1.0, 'ELEM37': 1.0, 'ELEM38': 1.0, 'ELEM39': 1.0, 'ELEM40': 1.0}
2025-02-24 14:19:40,797 - INFO -   Reference solution found:
2025-02-24 14:19:40,797 - INFO -     Solution: [1, 0, 0, 0, 0, 0, 1, 1, 1, 0, 0, 1]
2025-02-24 14:19:40,797 - INFO -     Value: 308.0
2025-02-24 14:19:40,797 - INFO - 
Running QAOA Reference Solution (with all constraints):
