2025-02-24 15:48:52,645 - INFO - 
Problem information:
2025-02-24 15:48:52,645 - INFO -   Number of variables (n): 12
2025-02-24 15:48:52,645 - INFO -   Number of constraints (m): 40
2025-02-24 15:48:52,645 - DEBUG -   Density of A: 23.75%
2025-02-24 15:48:52,645 - INFO - 
Starting reference QAOA with parameters:
2025-02-24 15:48:52,645 - INFO -   sample_size (total shots): 1000
2025-02-24 15:48:52,646 - INFO - Added all constraints
2025-02-24 15:48:52,646 - DEBUG - Generated Ising Hamiltonian
2025-02-24 15:48:52,907 - DEBUG - Optimizing QAOA circuit...
2025-02-24 15:48:58,750 - DEBUG - Circuit optimization successful
2025-02-24 15:48:58,750 - DEBUG - Circuit optimization successful, final value: -27735.74975024975
2025-02-24 15:48:58,750 - DEBUG - Sampling from optimized circuit...
2025-02-24 15:48:58,801 - DEBUG - Generated 688 unique samples from 1000 total measurements
2025-02-24 15:48:58,802 - DEBUG - 
Top 5 most frequent samples:
2025-02-24 15:48:58,802 - DEBUG -   Rank | Count |   %   
2025-02-24 15:48:58,802 - DEBUG -   -----|-------|-------
2025-02-24 15:48:58,802 - DEBUG -      1 |     9 |   0.9
2025-02-24 15:48:58,802 - DEBUG -     Sample: [0 1 0 0 0 0 0 0 1 0 1 0]
2025-02-24 15:48:58,803 - DEBUG -      2 |     8 |   0.8
2025-02-24 15:48:58,803 - DEBUG -     Sample: [0 1 0 1 0 0 0 0 0 0 1 0]
2025-02-24 15:48:58,803 - DEBUG -      3 |     7 |   0.7
2025-02-24 15:48:58,803 - DEBUG -     Sample: [0 0 1 1 0 0 0 0 1 0 0 1]
2025-02-24 15:48:58,803 - DEBUG -      4 |     6 |   0.6
2025-02-24 15:48:58,803 - DEBUG -     Sample: [1 0 0 0 0 0 0 0 1 0 0 1]
2025-02-24 15:48:58,804 - DEBUG -      5 |     6 |   0.6
2025-02-24 15:48:58,804 - DEBUG -     Sample: [1 0 0 1 0 0 0 0 1 0 0 0]
2025-02-24 15:48:58,805 - DEBUG - Generated 688 unique samples from 1000 total measurements
2025-02-24 15:48:58,807 - INFO - Found feasible solution: [0 0 0 1 1 1 0 0 0 1 0 1] with objective value 179.0
2025-02-24 15:48:58,813 - INFO - Found feasible solution: [0 1 1 0 0 0 0 0 1 0 1 0] with objective value 219.0
2025-02-24 15:48:58,820 - INFO - Found feasible solution:
2025-02-24 15:48:58,820 - INFO -   Solution: [0, 0, 0, 1, 1, 1, 0, 0, 0, 1, 0, 1]
2025-02-24 15:48:58,820 - INFO -   Value: 179.0
2025-02-24 15:48:58,821 - INFO -   QAOA solution found:
2025-02-24 15:48:58,821 - INFO -     Solution: [0, 0, 0, 1, 1, 1, 0, 0, 0, 1, 0, 1]
2025-02-24 15:48:58,821 - INFO -     Value: 179.0
2025-02-24 15:48:58,822 - INFO - 
Running Constraint Generation:
2025-02-24 15:48:58,823 - INFO - 
Problem information:
2025-02-24 15:48:58,823 - INFO -   Number of variables (n): 12
2025-02-24 15:48:58,824 - INFO -   Number of constraints (m): 40
2025-02-24 15:48:58,824 - DEBUG -   Density of A: 23.75%
2025-02-24 15:48:58,824 - INFO - 
Running classical reference solver:
2025-02-24 15:48:58,836 - INFO -   Reference solution found:
2025-02-24 15:48:58,836 - INFO -     Solution: [0, 0, 0, 1, 1, 1, 0, 0, 0, 1, 0, 1]
2025-02-24 15:48:58,836 - INFO -     Value: 179.00000000000003
2025-02-24 15:48:58,836 - INFO - 
Starting quantum constraint generation with parameters:
2025-02-24 15:48:58,837 - INFO -   sample_size (total shots): 1000
2025-02-24 15:48:58,837 - INFO -   tau: 0.1
2025-02-24 15:48:58,837 - INFO -   max_iters: 1000
2025-02-24 15:48:58,837 - INFO - 
Iteration 0:
2025-02-24 15:48:58,838 - DEBUG - Generated Ising Hamiltonian
2025-02-24 15:48:59,071 - DEBUG - Optimizing QAOA circuit...
2025-02-24 15:49:01,204 - DEBUG - Circuit optimization successful
2025-02-24 15:49:01,205 - DEBUG - Circuit optimization successful, final value: -255.23976023976024
2025-02-24 15:49:01,205 - DEBUG - Sampling from optimized circuit...
2025-02-24 15:49:01,227 - DEBUG - Generated 217 unique samples from 1000 total measurements
2025-02-24 15:49:01,228 - DEBUG - 
Top 5 most frequent samples:
2025-02-24 15:49:01,228 - DEBUG -   Rank | Count |   %   
2025-02-24 15:49:01,228 - DEBUG -   -----|-------|-------
2025-02-24 15:49:01,228 - DEBUG -      1 |   100 |  10.0
2025-02-24 15:49:01,228 - DEBUG -     Sample: [1 1 1 1 0 0 1 1 0 1 1 1]
2025-02-24 15:49:01,229 - DEBUG -      2 |    62 |   6.2
2025-02-24 15:49:01,229 - DEBUG -     Sample: [1 1 1 1 0 0 0 1 0 1 1 1]
2025-02-24 15:49:01,229 - DEBUG -      3 |    49 |   4.9
2025-02-24 15:49:01,229 - DEBUG -     Sample: [1 1 1 1 0 0 0 1 0 1 0 1]
2025-02-24 15:49:01,229 - DEBUG -      4 |    48 |   4.8
2025-02-24 15:49:01,230 - DEBUG -     Sample: [1 1 1 1 0 0 1 1 0 1 0 1]
2025-02-24 15:49:01,230 - DEBUG -      5 |    46 |   4.6
2025-02-24 15:49:01,230 - DEBUG -     Sample: [1 1 1 1 1 0 1 1 0 1 0 1]
2025-02-24 15:49:01,231 - DEBUG - Generated 217 unique samples from 1000 total measurements
2025-02-24 15:49:01,237 - INFO -   No feasible solution found in this iteration
2025-02-24 15:49:01,238 - INFO -   Added 1 new constraints: [30]
2025-02-24 15:49:01,238 - INFO - 
Iteration 1:
2025-02-24 15:49:01,238 - DEBUG - Generated Ising Hamiltonian
2025-02-24 15:49:01,463 - DEBUG - Optimizing QAOA circuit...
2025-02-24 15:49:03,612 - DEBUG - Circuit optimization successful
2025-02-24 15:49:03,613 - DEBUG - Circuit optimization successful, final value: -3159.087412587413
2025-02-24 15:49:03,613 - DEBUG - Sampling from optimized circuit...
2025-02-24 15:49:03,639 - DEBUG - Generated 384 unique samples from 1000 total measurements
2025-02-24 15:49:03,640 - DEBUG - 
Top 5 most frequent samples:
2025-02-24 15:49:03,640 - DEBUG -   Rank | Count |   %   
2025-02-24 15:49:03,640 - DEBUG -   -----|-------|-------
2025-02-24 15:49:03,640 - DEBUG -      1 |    23 |   2.3
2025-02-24 15:49:03,640 - DEBUG -     Sample: [0 0 0 0 0 1 0 1 1 0 1 0]
2025-02-24 15:49:03,640 - DEBUG -      2 |    22 |   2.2
2025-02-24 15:49:03,641 - DEBUG -     Sample: [0 1 0 0 0 1 0 1 1 0 1 0]
2025-02-24 15:49:03,641 - DEBUG -      3 |    22 |   2.2
2025-02-24 15:49:03,641 - DEBUG -     Sample: [0 0 0 1 0 1 1 1 1 0 0 0]
2025-02-24 15:49:03,641 - DEBUG -      4 |    19 |   1.9
2025-02-24 15:49:03,641 - DEBUG -     Sample: [0 0 0 0 0 1 0 1 1 0 0 0]
2025-02-24 15:49:03,642 - DEBUG -      5 |    16 |   1.6
2025-02-24 15:49:03,642 - DEBUG -     Sample: [0 1 0 0 0 1 1 1 1 0 1 0]
2025-02-24 15:49:03,643 - DEBUG - Generated 384 unique samples from 1000 total measurements
2025-02-24 15:49:03,651 - INFO -   No feasible solution found in this iteration
2025-02-24 15:49:03,652 - INFO -   Added 1 new constraints: [28]
2025-02-24 15:49:03,652 - INFO - 
Iteration 2:
2025-02-24 15:49:03,653 - DEBUG - Generated Ising Hamiltonian
2025-02-24 15:49:03,902 - DEBUG - Optimizing QAOA circuit...
2025-02-24 15:49:06,298 - DEBUG - Circuit optimization successful
2025-02-24 15:49:06,299 - DEBUG - Circuit optimization successful, final value: -5717.746753246753
2025-02-24 15:49:06,299 - DEBUG - Sampling from optimized circuit...
2025-02-24 15:49:06,347 - DEBUG - Generated 386 unique samples from 1000 total measurements
2025-02-24 15:49:06,347 - DEBUG - 
Top 5 most frequent samples:
2025-02-24 15:49:06,348 - DEBUG -   Rank | Count |   %   
2025-02-24 15:49:06,348 - DEBUG -   -----|-------|-------
2025-02-24 15:49:06,348 - DEBUG -      1 |    35 |   3.5
2025-02-24 15:49:06,348 - DEBUG -     Sample: [0 1 1 0 0 1 0 0 0 1 0 0]
2025-02-24 15:49:06,348 - DEBUG -      2 |    27 |   2.7
2025-02-24 15:49:06,349 - DEBUG -     Sample: [1 1 1 0 0 1 0 0 0 1 0 0]
2025-02-24 15:49:06,349 - DEBUG -      3 |    23 |   2.3
2025-02-24 15:49:06,349 - DEBUG -     Sample: [0 1 1 1 0 1 0 0 0 1 1 0]
2025-02-24 15:49:06,349 - DEBUG -      4 |    21 |   2.1
2025-02-24 15:49:06,350 - DEBUG -     Sample: [0 1 1 1 0 1 0 0 0 1 0 0]
2025-02-24 15:49:06,350 - DEBUG -      5 |    21 |   2.1
2025-02-24 15:49:06,350 - DEBUG -     Sample: [1 1 1 0 0 1 1 0 0 1 0 0]
2025-02-24 15:49:06,351 - DEBUG - Generated 386 unique samples from 1000 total measurements
2025-02-24 15:49:06,359 - INFO -   No feasible solution found in this iteration
2025-02-24 15:49:06,359 - INFO -   Added 1 new constraints: [1]
2025-02-24 15:49:06,360 - INFO - 
Iteration 3:
2025-02-24 15:49:06,360 - DEBUG - Generated Ising Hamiltonian
2025-02-24 15:49:06,605 - DEBUG - Optimizing QAOA circuit...
2025-02-24 15:49:09,689 - DEBUG - Circuit optimization successful
2025-02-24 15:49:09,689 - DEBUG - Circuit optimization successful, final value: -8140.276723276722
2025-02-24 15:49:09,690 - DEBUG - Sampling from optimized circuit...
2025-02-24 15:49:09,726 - DEBUG - Generated 425 unique samples from 1000 total measurements
2025-02-24 15:49:09,727 - DEBUG - 
Top 5 most frequent samples:
2025-02-24 15:49:09,727 - DEBUG -   Rank | Count |   %   
2025-02-24 15:49:09,727 - DEBUG -   -----|-------|-------
2025-02-24 15:49:09,727 - DEBUG -      1 |    27 |   2.7
2025-02-24 15:49:09,727 - DEBUG -     Sample: [0 0 0 0 1 0 1 0 0 1 0 0]
2025-02-24 15:49:09,727 - DEBUG -      2 |    25 |   2.5
2025-02-24 15:49:09,727 - DEBUG -     Sample: [0 0 0 0 1 1 1 0 0 1 0 0]
2025-02-24 15:49:09,728 - DEBUG -      3 |    21 |   2.1
2025-02-24 15:49:09,728 - DEBUG -     Sample: [0 1 0 0 0 1 1 0 0 1 0 0]
2025-02-24 15:49:09,728 - DEBUG -      4 |    21 |   2.1
2025-02-24 15:49:09,728 - DEBUG -     Sample: [0 0 0 0 0 1 1 0 0 1 0 0]
2025-02-24 15:49:09,728 - DEBUG -      5 |    20 |   2.0
2025-02-24 15:49:09,729 - DEBUG -     Sample: [1 0 0 0 0 1 1 0 0 1 0 0]
2025-02-24 15:49:09,730 - DEBUG - Generated 425 unique samples from 1000 total measurements
2025-02-24 15:49:09,739 - INFO -   No feasible solution found in this iteration
2025-02-24 15:49:09,739 - INFO -   No new constraints added, lowered tau multiplier: 1.0 -> 0.9
2025-02-24 15:49:09,740 - INFO -   Added 2 new constraints: [0, 13]
2025-02-24 15:49:09,740 - INFO - 
Iteration 4:
2025-02-24 15:49:09,740 - DEBUG - Generated Ising Hamiltonian
2025-02-24 15:49:10,014 - DEBUG - Optimizing QAOA circuit...
2025-02-24 15:49:13,473 - DEBUG - Circuit optimization successful
2025-02-24 15:49:13,473 - DEBUG - Circuit optimization successful, final value: -10725.587412587416
2025-02-24 15:49:13,473 - DEBUG - Sampling from optimized circuit...
2025-02-24 15:49:13,511 - DEBUG - Generated 567 unique samples from 1000 total measurements
2025-02-24 15:49:13,511 - DEBUG - 
Top 5 most frequent samples:
2025-02-24 15:49:13,512 - DEBUG -   Rank | Count |   %   
2025-02-24 15:49:13,512 - DEBUG -   -----|-------|-------
2025-02-24 15:49:13,512 - DEBUG -      1 |    19 |   1.9
2025-02-24 15:49:13,512 - DEBUG -     Sample: [0 0 1 0 0 0 0 0 1 1 1 0]
2025-02-24 15:49:13,512 - DEBUG -      2 |    15 |   1.5
2025-02-24 15:49:13,512 - DEBUG -     Sample: [0 0 1 0 0 1 0 0 1 1 1 0]
2025-02-24 15:49:13,512 - DEBUG -      3 |    13 |   1.3
2025-02-24 15:49:13,513 - DEBUG -     Sample: [0 0 1 0 0 0 1 0 0 1 1 0]
2025-02-24 15:49:13,513 - DEBUG -      4 |    12 |   1.2
2025-02-24 15:49:13,513 - DEBUG -     Sample: [0 0 1 0 0 1 0 1 0 1 1 0]
2025-02-24 15:49:13,513 - DEBUG -      5 |    12 |   1.2
2025-02-24 15:49:13,513 - DEBUG -     Sample: [0 0 1 0 0 1 1 0 0 1 1 0]
2025-02-24 15:49:13,515 - DEBUG - Generated 567 unique samples from 1000 total measurements
2025-02-24 15:49:13,524 - INFO - Found feasible solution: [0 1 1 0 0 0 0 0 1 0 1 0] with objective value 219.0
2025-02-24 15:49:13,526 - INFO -   Found feasible solution:
2025-02-24 15:49:13,526 - INFO -     Solution: [0, 1, 1, 0, 0, 0, 0, 0, 1, 0, 1, 0]
2025-02-24 15:49:13,526 - INFO -     Value: 219.0
2025-02-24 15:49:13,527 - INFO -     Gap to reference: 22.35%
2025-02-24 15:49:13,527 - INFO -   Constraint generation solution found:
2025-02-24 15:49:13,527 - INFO -     Solution: [0, 1, 1, 0, 0, 0, 0, 0, 1, 0, 1, 0]
2025-02-24 15:49:13,527 - INFO -     Value: 219.0
2025-02-24 15:49:13,528 - INFO - 
Instance 89 results:
2025-02-24 15:49:13,528 - INFO -   Classical value: 179.00000000000003
2025-02-24 15:49:13,528 - INFO -   QAOA value: 179.0
2025-02-24 15:49:13,528 - INFO -   Constraint generation value: 219.0
2025-02-24 15:49:13,529 - INFO - 
Running instance 90/100
2025-02-24 15:49:13,531 - INFO - 
Running Classical Reference Solver (SCIP):
2025-02-24 15:49:13,532 - DEBUG - Problem dimensions: 40 constraints, 12 variables
2025-02-24 15:49:13,532 - DEBUG - Row names: ['ELEM1', 'ELEM2', 'ELEM3', 'ELEM4', 'ELEM5', 'ELEM6', 'ELEM7', 'ELEM8', 'ELEM9', 'ELEM10', 'ELEM11', 'ELEM12', 'ELEM13', 'ELEM14', 'ELEM15', 'ELEM16', 'ELEM17', 'ELEM18', 'ELEM19', 'ELEM20', 'ELEM21', 'ELEM22', 'ELEM23', 'ELEM24', 'ELEM25', 'ELEM26', 'ELEM27', 'ELEM28', 'ELEM29', 'ELEM30', 'ELEM31', 'ELEM32', 'ELEM33', 'ELEM34', 'ELEM35', 'ELEM36', 'ELEM37', 'ELEM38', 'ELEM39', 'ELEM40']
2025-02-24 15:49:13,532 - DEBUG - RHS values: {'ELEM1': 1.0, 'ELEM2': 1.0, 'ELEM3': 1.0, 'ELEM4': 1.0, 'ELEM5': 1.0, 'ELEM6': 1.0, 'ELEM7': 1.0, 'ELEM8': 1.0, 'ELEM9': 1.0, 'ELEM10': 1.0, 'ELEM11': 1.0, 'ELEM12': 1.0, 'ELEM13': 1.0, 'ELEM14': 1.0, 'ELEM15': 1.0, 'ELEM16': 1.0, 'ELEM17': 1.0, 'ELEM18': 1.0, 'ELEM19': 1.0, 'ELEM20': 1.0, 'ELEM21': 1.0, 'ELEM22': 1.0, 'ELEM23': 1.0, 'ELEM24': 1.0, 'ELEM25': 1.0, 'ELEM26': 1.0, 'ELEM27': 1.0, 'ELEM28': 1.0, 'ELEM29': 1.0, 'ELEM30': 1.0, 'ELEM31': 1.0, 'ELEM32': 1.0, 'ELEM33': 1.0, 'ELEM34': 1.0, 'ELEM35': 1.0, 'ELEM36': 1.0, 'ELEM37': 1.0, 'ELEM38': 1.0, 'ELEM39': 1.0, 'ELEM40': 1.0}
2025-02-24 15:49:13,545 - INFO -   Reference solution found:
2025-02-24 15:49:13,545 - INFO -     Solution: [0, 1, 0, 1, 0, 1, 0, 0, 0, 0, 0, 0]
2025-02-24 15:49:13,546 - INFO -     Value: 94.0
2025-02-24 15:49:13,546 - INFO - 
Running QAOA Reference Solution (with all constraints):
