2025-02-23 17:40:39,625 - INFO - 
Problem information:
2025-02-23 17:40:39,625 - INFO -   Number of variables (n): 10
2025-02-23 17:40:39,625 - INFO -   Number of constraints (m): 30
2025-02-23 17:40:39,626 - DEBUG -   Density of A: 22.67%
2025-02-23 17:40:39,626 - INFO - 
Starting reference QAOA with parameters:
2025-02-23 17:40:39,626 - INFO -   sample_size (total shots): 200
2025-02-23 17:40:39,626 - INFO - Added all constraints
2025-02-23 17:40:39,626 - DEBUG - Generated Ising Hamiltonian
2025-02-23 17:40:39,797 - DEBUG - Optimizing QAOA circuit...
2025-02-23 17:40:41,112 - DEBUG - Circuit optimization successful
2025-02-23 17:40:41,112 - DEBUG - Circuit optimization successful, final value: 428.4355644355645
2025-02-23 17:40:41,113 - DEBUG - Sampling from optimized circuit...
2025-02-23 17:40:41,124 - DEBUG - Generated 179 unique samples from 200 total measurements
2025-02-23 17:40:41,124 - DEBUG - 
Top 5 most frequent samples:
2025-02-23 17:40:41,124 - DEBUG -   Rank | Count |   %   
2025-02-23 17:40:41,124 - DEBUG -   -----|-------|-------
2025-02-23 17:40:41,124 - DEBUG -      1 |     3 |   1.5
2025-02-23 17:40:41,124 - DEBUG -     Sample: [0 1 0 1 1 1 1 0 0 1]
2025-02-23 17:40:41,125 - DEBUG -      2 |     2 |   1.0
2025-02-23 17:40:41,125 - DEBUG -     Sample: [0 0 1 1 1 1 0 0 0 0]
2025-02-23 17:40:41,125 - DEBUG -      3 |     2 |   1.0
2025-02-23 17:40:41,125 - DEBUG -     Sample: [0 0 1 1 1 1 0 1 1 0]
2025-02-23 17:40:41,125 - DEBUG -      4 |     2 |   1.0
2025-02-23 17:40:41,126 - DEBUG -     Sample: [1 1 0 1 0 1 0 0 0 0]
2025-02-23 17:40:41,126 - DEBUG -      5 |     2 |   1.0
2025-02-23 17:40:41,126 - DEBUG -     Sample: [0 1 0 0 1 0 0 1 1 1]
2025-02-23 17:40:41,127 - DEBUG - Generated 179 unique samples from 200 total measurements
2025-02-23 17:40:41,129 - INFO - Found feasible solution: [1 0 1 0 1 0 0 1 0 1] with objective value 215.0
2025-02-23 17:40:41,130 - INFO - Found feasible solution:
2025-02-23 17:40:41,130 - INFO -   Solution: [1, 0, 1, 0, 1, 0, 0, 1, 0, 1]
2025-02-23 17:40:41,130 - INFO -   Value: 215.0
2025-02-23 17:40:41,131 - INFO -   QAOA solution found:
2025-02-23 17:40:41,131 - INFO -     Solution: [1, 0, 1, 0, 1, 0, 0, 1, 0, 1]
2025-02-23 17:40:41,131 - INFO -     Value: 215.0
2025-02-23 17:40:41,131 - INFO - 
Running Constraint Generation:
2025-02-23 17:40:41,132 - INFO - 
Problem information:
2025-02-23 17:40:41,132 - INFO -   Number of variables (n): 10
2025-02-23 17:40:41,133 - INFO -   Number of constraints (m): 30
2025-02-23 17:40:41,133 - DEBUG -   Density of A: 22.67%
2025-02-23 17:40:41,133 - INFO - 
Running classical reference solver:
2025-02-23 17:40:41,143 - INFO -   Reference solution found:
2025-02-23 17:40:41,143 - INFO -     Solution: [0, 1, 0, 1, 0, 1, 1, 0, 0, 0]
2025-02-23 17:40:41,143 - INFO -     Value: 144.0
2025-02-23 17:40:41,144 - INFO - 
Starting quantum constraint generation with parameters:
2025-02-23 17:40:41,144 - INFO -   sample_size (total shots): 200
2025-02-23 17:40:41,145 - INFO -   tau: 0.1
2025-02-23 17:40:41,145 - INFO -   max_iters: 1000
2025-02-23 17:40:41,145 - INFO - 
Iteration 0:
2025-02-23 17:40:41,146 - DEBUG - Generated Ising Hamiltonian
2025-02-23 17:40:41,324 - DEBUG - Optimizing QAOA circuit...
2025-02-23 17:40:42,137 - DEBUG - Circuit optimization successful
2025-02-23 17:40:42,137 - DEBUG - Circuit optimization successful, final value: -115.56943056943055
2025-02-23 17:40:42,137 - DEBUG - Sampling from optimized circuit...
2025-02-23 17:40:42,147 - DEBUG - Generated 101 unique samples from 200 total measurements
2025-02-23 17:40:42,147 - DEBUG - 
Top 5 most frequent samples:
2025-02-23 17:40:42,147 - DEBUG -   Rank | Count |   %   
2025-02-23 17:40:42,147 - DEBUG -   -----|-------|-------
2025-02-23 17:40:42,147 - DEBUG -      1 |    20 |  10.0
2025-02-23 17:40:42,147 - DEBUG -     Sample: [0 0 1 1 1 1 0 1 1 0]
2025-02-23 17:40:42,148 - DEBUG -      2 |    14 |   7.0
2025-02-23 17:40:42,148 - DEBUG -     Sample: [0 1 1 1 1 1 0 1 1 0]
2025-02-23 17:40:42,148 - DEBUG -      3 |    12 |   6.0
2025-02-23 17:40:42,148 - DEBUG -     Sample: [0 0 1 1 1 0 0 1 1 0]
2025-02-23 17:40:42,148 - DEBUG -      4 |     7 |   3.5
2025-02-23 17:40:42,148 - DEBUG -     Sample: [0 1 0 1 1 1 0 1 1 0]
2025-02-23 17:40:42,148 - DEBUG -      5 |     7 |   3.5
2025-02-23 17:40:42,149 - DEBUG -     Sample: [0 0 0 1 1 1 0 1 1 0]
2025-02-23 17:40:42,149 - DEBUG - Generated 101 unique samples from 200 total measurements
2025-02-23 17:40:42,151 - INFO -   No feasible solution found in this iteration
2025-02-23 17:40:42,151 - INFO -   Added 1 new constraints: [1]
2025-02-23 17:40:42,151 - INFO - 
Iteration 1:
2025-02-23 17:40:42,152 - DEBUG - Generated Ising Hamiltonian
2025-02-23 17:40:42,420 - DEBUG - Optimizing QAOA circuit...
2025-02-23 17:40:43,229 - DEBUG - Circuit optimization successful
2025-02-23 17:40:43,229 - DEBUG - Circuit optimization successful, final value: -3906.473776223776
2025-02-23 17:40:43,229 - DEBUG - Sampling from optimized circuit...
2025-02-23 17:40:43,239 - DEBUG - Generated 74 unique samples from 200 total measurements
2025-02-23 17:40:43,239 - DEBUG - 
Top 5 most frequent samples:
2025-02-23 17:40:43,239 - DEBUG -   Rank | Count |   %   
2025-02-23 17:40:43,239 - DEBUG -   -----|-------|-------
2025-02-23 17:40:43,239 - DEBUG -      1 |    19 |   9.5
2025-02-23 17:40:43,239 - DEBUG -     Sample: [1 1 1 0 1 1 1 0 0 0]
2025-02-23 17:40:43,239 - DEBUG -      2 |    15 |   7.5
2025-02-23 17:40:43,240 - DEBUG -     Sample: [1 1 0 0 1 1 1 0 0 0]
2025-02-23 17:40:43,240 - DEBUG -      3 |    14 |   7.0
2025-02-23 17:40:43,240 - DEBUG -     Sample: [1 1 1 0 0 1 1 0 0 0]
2025-02-23 17:40:43,240 - DEBUG -      4 |    10 |   5.0
2025-02-23 17:40:43,240 - DEBUG -     Sample: [1 1 0 0 1 1 1 0 0 1]
2025-02-23 17:40:43,241 - DEBUG -      5 |     7 |   3.5
2025-02-23 17:40:43,241 - DEBUG -     Sample: [1 1 1 1 1 1 1 0 0 1]
2025-02-23 17:40:43,241 - DEBUG - Generated 74 unique samples from 200 total measurements
2025-02-23 17:40:43,243 - INFO -   No feasible solution found in this iteration
2025-02-23 17:40:43,243 - INFO -   Added 3 new constraints: [8, 19, 29]
2025-02-23 17:40:43,243 - INFO - 
Iteration 2:
2025-02-23 17:40:43,244 - DEBUG - Generated Ising Hamiltonian
2025-02-23 17:40:43,419 - DEBUG - Optimizing QAOA circuit...
2025-02-23 17:40:44,271 - DEBUG - Circuit optimization successful
2025-02-23 17:40:44,271 - DEBUG - Circuit optimization successful, final value: -3463.7892107892108
2025-02-23 17:40:44,271 - DEBUG - Sampling from optimized circuit...
2025-02-23 17:40:44,282 - DEBUG - Generated 117 unique samples from 200 total measurements
2025-02-23 17:40:44,282 - DEBUG - 
Top 5 most frequent samples:
2025-02-23 17:40:44,282 - DEBUG -   Rank | Count |   %   
2025-02-23 17:40:44,282 - DEBUG -   -----|-------|-------
2025-02-23 17:40:44,282 - DEBUG -      1 |     9 |   4.5
2025-02-23 17:40:44,282 - DEBUG -     Sample: [1 0 1 1 1 0 1 0 0 1]
2025-02-23 17:40:44,282 - DEBUG -      2 |     9 |   4.5
2025-02-23 17:40:44,282 - DEBUG -     Sample: [1 0 0 1 1 0 1 0 0 0]
2025-02-23 17:40:44,283 - DEBUG -      3 |     7 |   3.5
2025-02-23 17:40:44,283 - DEBUG -     Sample: [1 0 0 0 1 0 1 1 0 0]
2025-02-23 17:40:44,283 - DEBUG -      4 |     5 |   2.5
2025-02-23 17:40:44,283 - DEBUG -     Sample: [1 0 1 1 1 0 1 0 0 0]
2025-02-23 17:40:44,283 - DEBUG -      5 |     4 |   2.0
2025-02-23 17:40:44,283 - DEBUG -     Sample: [0 1 1 1 1 0 1 0 0 0]
2025-02-23 17:40:44,284 - DEBUG - Generated 117 unique samples from 200 total measurements
2025-02-23 17:40:44,286 - INFO -   No feasible solution found in this iteration
2025-02-23 17:40:44,286 - INFO -   Added 3 new constraints: [7, 12, 20]
2025-02-23 17:40:44,287 - INFO - 
Iteration 3:
2025-02-23 17:40:44,287 - DEBUG - Generated Ising Hamiltonian
2025-02-23 17:40:44,474 - DEBUG - Optimizing QAOA circuit...
2025-02-23 17:40:45,450 - DEBUG - Circuit optimization successful
2025-02-23 17:40:45,451 - DEBUG - Circuit optimization successful, final value: -8511.905844155845
2025-02-23 17:40:45,451 - DEBUG - Sampling from optimized circuit...
2025-02-23 17:40:45,462 - DEBUG - Generated 106 unique samples from 200 total measurements
2025-02-23 17:40:45,462 - DEBUG - 
Top 5 most frequent samples:
2025-02-23 17:40:45,462 - DEBUG -   Rank | Count |   %   
2025-02-23 17:40:45,462 - DEBUG -   -----|-------|-------
2025-02-23 17:40:45,463 - DEBUG -      1 |     9 |   4.5
2025-02-23 17:40:45,463 - DEBUG -     Sample: [0 0 0 0 0 0 0 0 1 1]
2025-02-23 17:40:45,463 - DEBUG -      2 |     7 |   3.5
2025-02-23 17:40:45,463 - DEBUG -     Sample: [0 0 1 1 0 0 0 0 1 0]
2025-02-23 17:40:45,463 - DEBUG -      3 |     7 |   3.5
2025-02-23 17:40:45,463 - DEBUG -     Sample: [0 1 0 0 0 0 0 0 1 0]
2025-02-23 17:40:45,463 - DEBUG -      4 |     7 |   3.5
2025-02-23 17:40:45,464 - DEBUG -     Sample: [0 0 0 0 0 0 0 0 1 0]
2025-02-23 17:40:45,464 - DEBUG -      5 |     6 |   3.0
2025-02-23 17:40:45,464 - DEBUG -     Sample: [0 0 0 1 0 0 0 0 1 1]
2025-02-23 17:40:45,464 - DEBUG - Generated 106 unique samples from 200 total measurements
2025-02-23 17:40:45,466 - INFO -   No feasible solution found in this iteration
2025-02-23 17:40:45,466 - INFO -   Added 2 new constraints: [18, 22]
2025-02-23 17:40:45,467 - INFO - 
Iteration 4:
2025-02-23 17:40:45,467 - DEBUG - Generated Ising Hamiltonian
2025-02-23 17:40:45,651 - DEBUG - Optimizing QAOA circuit...
2025-02-23 17:40:46,690 - DEBUG - Circuit optimization successful
2025-02-23 17:40:46,691 - DEBUG - Circuit optimization successful, final value: 4420.087162837162
2025-02-23 17:40:46,691 - DEBUG - Sampling from optimized circuit...
2025-02-23 17:40:46,703 - DEBUG - Generated 152 unique samples from 200 total measurements
2025-02-23 17:40:46,703 - DEBUG - 
Top 5 most frequent samples:
2025-02-23 17:40:46,703 - DEBUG -   Rank | Count |   %   
2025-02-23 17:40:46,703 - DEBUG -   -----|-------|-------
2025-02-23 17:40:46,703 - DEBUG -      1 |     6 |   3.0
2025-02-23 17:40:46,703 - DEBUG -     Sample: [0 1 0 0 1 0 1 1 1 1]
2025-02-23 17:40:46,703 - DEBUG -      2 |     5 |   2.5
2025-02-23 17:40:46,704 - DEBUG -     Sample: [0 1 1 0 1 0 0 0 1 1]
2025-02-23 17:40:46,704 - DEBUG -      3 |     4 |   2.0
2025-02-23 17:40:46,704 - DEBUG -     Sample: [0 0 0 0 1 0 1 1 0 1]
2025-02-23 17:40:46,704 - DEBUG -      4 |     4 |   2.0
2025-02-23 17:40:46,704 - DEBUG -     Sample: [0 1 0 0 1 0 1 1 0 1]
2025-02-23 17:40:46,704 - DEBUG -      5 |     3 |   1.5
2025-02-23 17:40:46,705 - DEBUG -     Sample: [1 1 1 1 1 0 1 1 1 1]
2025-02-23 17:40:46,705 - DEBUG - Generated 152 unique samples from 200 total measurements
2025-02-23 17:40:46,709 - INFO -   No feasible solution found in this iteration
2025-02-23 17:40:46,710 - INFO -   Added 1 new constraints: [11]
2025-02-23 17:40:46,711 - INFO - 
Iteration 5:
2025-02-23 17:40:46,711 - DEBUG - Generated Ising Hamiltonian
2025-02-23 17:40:46,923 - DEBUG - Optimizing QAOA circuit...
2025-02-23 17:40:47,950 - DEBUG - Circuit optimization successful
2025-02-23 17:40:47,951 - DEBUG - Circuit optimization successful, final value: -3428.4075924075933
2025-02-23 17:40:47,951 - DEBUG - Sampling from optimized circuit...
2025-02-23 17:40:47,962 - DEBUG - Generated 107 unique samples from 200 total measurements
2025-02-23 17:40:47,963 - DEBUG - 
Top 5 most frequent samples:
2025-02-23 17:40:47,963 - DEBUG -   Rank | Count |   %   
2025-02-23 17:40:47,963 - DEBUG -   -----|-------|-------
2025-02-23 17:40:47,963 - DEBUG -      1 |    11 |   5.5
2025-02-23 17:40:47,964 - DEBUG -     Sample: [1 0 1 0 0 0 1 0 1 0]
2025-02-23 17:40:47,964 - DEBUG -      2 |     7 |   3.5
2025-02-23 17:40:47,965 - DEBUG -     Sample: [0 0 1 1 0 0 1 0 1 0]
2025-02-23 17:40:47,965 - DEBUG -      3 |     6 |   3.0
2025-02-23 17:40:47,965 - DEBUG -     Sample: [0 0 0 1 0 0 1 0 1 0]
2025-02-23 17:40:47,966 - DEBUG -      4 |     5 |   2.5
2025-02-23 17:40:47,966 - DEBUG -     Sample: [0 0 1 0 0 0 1 0 1 0]
2025-02-23 17:40:47,966 - DEBUG -      5 |     5 |   2.5
2025-02-23 17:40:47,966 - DEBUG -     Sample: [0 0 1 1 0 0 1 0 0 0]
2025-02-23 17:40:47,967 - DEBUG - Generated 107 unique samples from 200 total measurements
2025-02-23 17:40:47,971 - INFO - Found feasible solution: [0 1 0 1 0 1 1 0 0 0] with objective value 144.0
2025-02-23 17:40:47,973 - INFO -   Found feasible solution:
2025-02-23 17:40:47,973 - INFO -     Solution: [0, 1, 0, 1, 0, 1, 1, 0, 0, 0]
2025-02-23 17:40:47,974 - INFO -     Value: 144.0
2025-02-23 17:40:47,974 - INFO -     Gap to reference: 0.00%
2025-02-23 17:40:47,974 - INFO -   Constraint generation solution found:
2025-02-23 17:40:47,974 - INFO -     Solution: [0, 1, 0, 1, 0, 1, 1, 0, 0, 0]
2025-02-23 17:40:47,974 - INFO -     Value: 144.0
2025-02-23 17:40:47,974 - INFO - 
Instance 4 results:
2025-02-23 17:40:47,974 - INFO -   Classical value: 144.0
2025-02-23 17:40:47,975 - INFO -   QAOA value: 215.0
2025-02-23 17:40:47,975 - INFO -   Constraint generation value: 144.0
2025-02-23 17:40:47,976 - INFO - 
Running instance 5/20
2025-02-23 17:40:47,977 - INFO - 
Running Classical Reference Solver (SCIP):
2025-02-23 17:40:47,978 - DEBUG - Problem dimensions: 30 constraints, 10 variables
2025-02-23 17:40:47,978 - DEBUG - Row names: ['ELEM1', 'ELEM2', 'ELEM3', 'ELEM4', 'ELEM5', 'ELEM6', 'ELEM7', 'ELEM8', 'ELEM9', 'ELEM10', 'ELEM11', 'ELEM12', 'ELEM13', 'ELEM14', 'ELEM15', 'ELEM16', 'ELEM17', 'ELEM18', 'ELEM19', 'ELEM20', 'ELEM21', 'ELEM22', 'ELEM23', 'ELEM24', 'ELEM25', 'ELEM26', 'ELEM27', 'ELEM28', 'ELEM29', 'ELEM30']
2025-02-23 17:40:47,979 - DEBUG - RHS values: {'ELEM1': 1.0, 'ELEM2': 1.0, 'ELEM3': 1.0, 'ELEM4': 1.0, 'ELEM5': 1.0, 'ELEM6': 1.0, 'ELEM7': 1.0, 'ELEM8': 1.0, 'ELEM9': 1.0, 'ELEM10': 1.0, 'ELEM11': 1.0, 'ELEM12': 1.0, 'ELEM13': 1.0, 'ELEM14': 1.0, 'ELEM15': 1.0, 'ELEM16': 1.0, 'ELEM17': 1.0, 'ELEM18': 1.0, 'ELEM19': 1.0, 'ELEM20': 1.0, 'ELEM21': 1.0, 'ELEM22': 1.0, 'ELEM23': 1.0, 'ELEM24': 1.0, 'ELEM25': 1.0, 'ELEM26': 1.0, 'ELEM27': 1.0, 'ELEM28': 1.0, 'ELEM29': 1.0, 'ELEM30': 1.0}
2025-02-23 17:40:47,988 - INFO -   Reference solution found:
2025-02-23 17:40:47,988 - INFO -     Solution: [0, 0, 0, 0, 1, 1, 1, 1, 0, 0]
2025-02-23 17:40:47,989 - INFO -     Value: 104.0
2025-02-23 17:40:47,989 - INFO - 
Running QAOA Reference Solution (with all constraints):
