
Problem information:
  Number of variables (n): 12
  Number of constraints (m): 40

Starting reference QAOA with parameters:
  sample_size (total shots): 200
Added all constraints
No feasible solution found
  QAOA solver found no feasible solution

Running Constraint Generation:

Problem information:
  Number of variables (n): 12
  Number of constraints (m): 40

Running classical reference solver:
  Reference solution found:
    Solution: [1, 0, 1, 0, 0, 0, 0, 0, 1, 1, 0, 0]
    Value: 220.0

Starting quantum constraint generation with parameters:
  sample_size (total shots): 200
  tau: 0.1
  max_iters: 1000

Iteration 0:
  No feasible solution found in this iteration
  Added 3 new constraints: [3, 20, 35]

Iteration 1:
  No feasible solution found in this iteration
  Added 1 new constraints: [6]

Iteration 2:
  No feasible solution found in this iteration
  No new constraints added, lowered tau multiplier: 1.0 -> 0.9
  Added 1 new constraints: [38]

Iteration 3:
  No feasible solution found in this iteration
  Added 1 new constraints: [13]

Iteration 4:
  No feasible solution found in this iteration
  Added 2 new constraints: [21, 36]

Iteration 5:
  No feasible solution found in this iteration
  No new constraints added, lowered tau multiplier: 1.0 -> 0.9
  No new constraints added, lowered tau multiplier: 0.9 -> 0.8
  Added 3 new constraints: [1, 16, 31]

Iteration 6:
  No feasible solution found in this iteration
  Added 1 new constraints: [29]

Iteration 7:
  No feasible solution found in this iteration
  No new constraints added, lowered tau multiplier: 1.0 -> 0.9
  No new constraints added, lowered tau multiplier: 0.9 -> 0.8
  Added 1 new constraints: [30]

Iteration 8:
  No feasible solution found in this iteration
  No new constraints added, lowered tau multiplier: 1.0 -> 0.9
  No new constraints added, lowered tau multiplier: 0.9 -> 0.8
  Added 6 new constraints: [2, 5, 7, 15, 28, 33]

Iteration 9:
Found feasible solution: [0 0 0 1 1 1 1 0 0 0 0 1] with objective value 273.0
  Found feasible solution:
    Solution: [0, 0, 0, 1, 1, 1, 1, 0, 0, 0, 0, 1]
    Value: 273.0
    Gap to reference: 24.09%
  Constraint generation solution found:
    Solution: [0, 0, 0, 1, 1, 1, 1, 0, 0, 0, 0, 1]
    Value: 273.0

Instance 28 results:
  Classical value: 220.0
  QAOA value: 0.0
  Constraint generation value: 273.0

Running instance 29/100

Running Classical Reference Solver (SCIP):
  Reference solution found:
    Solution: [0, 1, 0, 1, 0, 1, 0, 0, 0, 1, 0, 0]
    Value: 190.0

Running QAOA Reference Solution (with all constraints):
