2025-02-24 15:38:52,937 - INFO - 
Problem information:
2025-02-24 15:38:52,937 - INFO -   Number of variables (n): 12
2025-02-24 15:38:52,938 - INFO -   Number of constraints (m): 40
2025-02-24 15:38:52,938 - DEBUG -   Density of A: 28.33%
2025-02-24 15:38:52,938 - INFO - 
Starting reference QAOA with parameters:
2025-02-24 15:38:52,938 - INFO -   sample_size (total shots): 1000
2025-02-24 15:38:52,938 - INFO - Added all constraints
2025-02-24 15:38:52,939 - DEBUG - Generated Ising Hamiltonian
2025-02-24 15:38:53,204 - DEBUG - Optimizing QAOA circuit...
2025-02-24 15:38:58,661 - DEBUG - Circuit optimization successful
2025-02-24 15:38:58,661 - DEBUG - Circuit optimization successful, final value: -90265.89010989011
2025-02-24 15:38:58,662 - DEBUG - Sampling from optimized circuit...
2025-02-24 15:38:58,699 - DEBUG - Generated 425 unique samples from 1000 total measurements
2025-02-24 15:38:58,700 - DEBUG - 
Top 5 most frequent samples:
2025-02-24 15:38:58,700 - DEBUG -   Rank | Count |   %   
2025-02-24 15:38:58,700 - DEBUG -   -----|-------|-------
2025-02-24 15:38:58,700 - DEBUG -      1 |    43 |   4.3
2025-02-24 15:38:58,701 - DEBUG -     Sample: [1 1 0 0 1 1 0 0 0 0 1 1]
2025-02-24 15:38:58,701 - DEBUG -      2 |    38 |   3.8
2025-02-24 15:38:58,701 - DEBUG -     Sample: [1 0 0 0 1 1 0 0 0 0 1 1]
2025-02-24 15:38:58,701 - DEBUG -      3 |    28 |   2.8
2025-02-24 15:38:58,701 - DEBUG -     Sample: [1 0 0 0 1 1 0 0 0 0 1 0]
2025-02-24 15:38:58,701 - DEBUG -      4 |    28 |   2.8
2025-02-24 15:38:58,702 - DEBUG -     Sample: [1 0 0 0 1 0 0 0 0 0 0 0]
2025-02-24 15:38:58,702 - DEBUG -      5 |    24 |   2.4
2025-02-24 15:38:58,702 - DEBUG -     Sample: [1 0 0 0 1 0 0 0 0 0 1 0]
2025-02-24 15:38:58,703 - DEBUG - Generated 425 unique samples from 1000 total measurements
2025-02-24 15:38:58,710 - INFO - No feasible solution found
2025-02-24 15:38:58,710 - INFO -   QAOA solver found no feasible solution
2025-02-24 15:38:58,710 - INFO - 
Running Constraint Generation:
2025-02-24 15:38:58,711 - INFO - 
Problem information:
2025-02-24 15:38:58,712 - INFO -   Number of variables (n): 12
2025-02-24 15:38:58,712 - INFO -   Number of constraints (m): 40
2025-02-24 15:38:58,712 - DEBUG -   Density of A: 28.33%
2025-02-24 15:38:58,712 - INFO - 
Running classical reference solver:
2025-02-24 15:38:58,722 - INFO -   Reference solution found:
2025-02-24 15:38:58,722 - INFO -     Solution: [0, 1, 0, 1, 0, 0, 1, 0, 0, 0, 0, 0]
2025-02-24 15:38:58,722 - INFO -     Value: 199.0
2025-02-24 15:38:58,722 - INFO - 
Starting quantum constraint generation with parameters:
2025-02-24 15:38:58,722 - INFO -   sample_size (total shots): 1000
2025-02-24 15:38:58,723 - INFO -   tau: 0.1
2025-02-24 15:38:58,723 - INFO -   max_iters: 1000
2025-02-24 15:38:58,723 - INFO - 
Iteration 0:
2025-02-24 15:38:58,723 - DEBUG - Generated Ising Hamiltonian
2025-02-24 15:38:58,925 - DEBUG - Optimizing QAOA circuit...
2025-02-24 15:39:00,666 - DEBUG - Circuit optimization successful
2025-02-24 15:39:00,667 - DEBUG - Circuit optimization successful, final value: -147.0939060939061
2025-02-24 15:39:00,667 - DEBUG - Sampling from optimized circuit...
2025-02-24 15:39:00,689 - DEBUG - Generated 344 unique samples from 1000 total measurements
2025-02-24 15:39:00,689 - DEBUG - 
Top 5 most frequent samples:
2025-02-24 15:39:00,690 - DEBUG -   Rank | Count |   %   
2025-02-24 15:39:00,690 - DEBUG -   -----|-------|-------
2025-02-24 15:39:00,690 - DEBUG -      1 |    32 |   3.2
2025-02-24 15:39:00,690 - DEBUG -     Sample: [1 0 1 1 0 1 0 1 1 0 1 1]
2025-02-24 15:39:00,690 - DEBUG -      2 |    32 |   3.2
2025-02-24 15:39:00,691 - DEBUG -     Sample: [1 0 1 1 0 1 0 1 0 0 1 1]
2025-02-24 15:39:00,691 - DEBUG -      3 |    25 |   2.5
2025-02-24 15:39:00,691 - DEBUG -     Sample: [1 1 1 1 0 1 0 1 0 0 1 1]
2025-02-24 15:39:00,691 - DEBUG -      4 |    21 |   2.1
2025-02-24 15:39:00,692 - DEBUG -     Sample: [1 0 1 1 0 0 0 1 0 0 1 1]
2025-02-24 15:39:00,692 - DEBUG -      5 |    21 |   2.1
2025-02-24 15:39:00,692 - DEBUG -     Sample: [1 0 1 1 0 1 0 1 1 0 0 1]
2025-02-24 15:39:00,693 - DEBUG - Generated 344 unique samples from 1000 total measurements
2025-02-24 15:39:00,699 - INFO -   No feasible solution found in this iteration
2025-02-24 15:39:00,700 - INFO -   Added 2 new constraints: [17, 26]
2025-02-24 15:39:00,701 - INFO - 
Iteration 1:
2025-02-24 15:39:00,701 - DEBUG - Generated Ising Hamiltonian
2025-02-24 15:39:00,922 - DEBUG - Optimizing QAOA circuit...
2025-02-24 15:39:03,992 - DEBUG - Circuit optimization successful
2025-02-24 15:39:03,992 - DEBUG - Circuit optimization successful, final value: 9133.669080919079
2025-02-24 15:39:03,992 - DEBUG - Sampling from optimized circuit...
2025-02-24 15:39:04,024 - DEBUG - Generated 522 unique samples from 1000 total measurements
2025-02-24 15:39:04,024 - DEBUG - 
Top 5 most frequent samples:
2025-02-24 15:39:04,025 - DEBUG -   Rank | Count |   %   
2025-02-24 15:39:04,025 - DEBUG -   -----|-------|-------
2025-02-24 15:39:04,025 - DEBUG -      1 |    12 |   1.2
2025-02-24 15:39:04,025 - DEBUG -     Sample: [1 0 1 1 0 0 0 0 0 1 1 1]
2025-02-24 15:39:04,025 - DEBUG -      2 |    12 |   1.2
2025-02-24 15:39:04,025 - DEBUG -     Sample: [1 0 1 1 1 0 0 0 0 1 1 1]
2025-02-24 15:39:04,025 - DEBUG -      3 |    12 |   1.2
2025-02-24 15:39:04,026 - DEBUG -     Sample: [1 0 0 1 0 0 0 0 0 1 1 1]
2025-02-24 15:39:04,026 - DEBUG -      4 |    12 |   1.2
2025-02-24 15:39:04,026 - DEBUG -     Sample: [0 0 1 1 0 0 0 0 0 1 1 1]
2025-02-24 15:39:04,026 - DEBUG -      5 |    10 |   1.0
2025-02-24 15:39:04,026 - DEBUG -     Sample: [0 0 1 1 0 0 0 1 0 1 1 1]
2025-02-24 15:39:04,028 - DEBUG - Generated 522 unique samples from 1000 total measurements
2025-02-24 15:39:04,037 - INFO -   No feasible solution found in this iteration
2025-02-24 15:39:04,038 - INFO -   Added 2 new constraints: [27, 36]
2025-02-24 15:39:04,038 - INFO - 
Iteration 2:
2025-02-24 15:39:04,039 - DEBUG - Generated Ising Hamiltonian
2025-02-24 15:39:04,257 - DEBUG - Optimizing QAOA circuit...
2025-02-24 15:39:07,203 - DEBUG - Circuit optimization successful
2025-02-24 15:39:07,203 - DEBUG - Circuit optimization successful, final value: 1780.799950049949
2025-02-24 15:39:07,203 - DEBUG - Sampling from optimized circuit...
2025-02-24 15:39:07,328 - DEBUG - Generated 379 unique samples from 1000 total measurements
2025-02-24 15:39:07,329 - DEBUG - 
Top 5 most frequent samples:
2025-02-24 15:39:07,330 - DEBUG -   Rank | Count |   %   
2025-02-24 15:39:07,331 - DEBUG -   -----|-------|-------
2025-02-24 15:39:07,331 - DEBUG -      1 |    23 |   2.3
2025-02-24 15:39:07,332 - DEBUG -     Sample: [1 0 0 0 1 0 1 1 0 1 1 0]
2025-02-24 15:39:07,332 - DEBUG -      2 |    20 |   2.0
2025-02-24 15:39:07,333 - DEBUG -     Sample: [1 0 0 0 1 0 1 1 0 1 1 1]
2025-02-24 15:39:07,334 - DEBUG -      3 |    16 |   1.6
2025-02-24 15:39:07,335 - DEBUG -     Sample: [1 0 0 1 1 0 1 0 0 1 0 1]
2025-02-24 15:39:07,335 - DEBUG -      4 |    16 |   1.6
2025-02-24 15:39:07,337 - DEBUG -     Sample: [1 0 0 1 1 0 1 1 0 1 0 1]
2025-02-24 15:39:07,337 - DEBUG -      5 |    16 |   1.6
2025-02-24 15:39:07,338 - DEBUG -     Sample: [1 0 0 0 1 0 1 0 0 1 1 0]
2025-02-24 15:39:07,341 - DEBUG - Generated 379 unique samples from 1000 total measurements
2025-02-24 15:39:07,347 - INFO -   No feasible solution found in this iteration
2025-02-24 15:39:07,348 - INFO -   Added 1 new constraints: [24]
2025-02-24 15:39:07,348 - INFO - 
Iteration 3:
2025-02-24 15:39:07,349 - DEBUG - Generated Ising Hamiltonian
2025-02-24 15:39:07,596 - DEBUG - Optimizing QAOA circuit...
2025-02-24 15:39:11,461 - DEBUG - Circuit optimization successful
2025-02-24 15:39:11,461 - DEBUG - Circuit optimization successful, final value: 1990.8206793206796
2025-02-24 15:39:11,461 - DEBUG - Sampling from optimized circuit...
2025-02-24 15:39:11,510 - DEBUG - Generated 601 unique samples from 1000 total measurements
2025-02-24 15:39:11,511 - DEBUG - 
Top 5 most frequent samples:
2025-02-24 15:39:11,511 - DEBUG -   Rank | Count |   %   
2025-02-24 15:39:11,512 - DEBUG -   -----|-------|-------
2025-02-24 15:39:11,512 - DEBUG -      1 |    10 |   1.0
2025-02-24 15:39:11,512 - DEBUG -     Sample: [0 0 0 1 1 1 0 1 1 1 1 0]
2025-02-24 15:39:11,512 - DEBUG -      2 |    10 |   1.0
2025-02-24 15:39:11,513 - DEBUG -     Sample: [0 0 0 0 1 1 0 1 1 0 1 0]
2025-02-24 15:39:11,513 - DEBUG -      3 |     9 |   0.9
2025-02-24 15:39:11,514 - DEBUG -     Sample: [0 0 0 1 1 1 0 1 1 0 1 0]
2025-02-24 15:39:11,514 - DEBUG -      4 |     8 |   0.8
2025-02-24 15:39:11,514 - DEBUG -     Sample: [1 0 0 0 0 0 0 0 1 0 1 1]
2025-02-24 15:39:11,514 - DEBUG -      5 |     8 |   0.8
2025-02-24 15:39:11,515 - DEBUG -     Sample: [0 1 0 0 1 1 0 1 1 0 1 0]
2025-02-24 15:39:11,516 - DEBUG - Generated 601 unique samples from 1000 total measurements
2025-02-24 15:39:11,529 - INFO -   No feasible solution found in this iteration
2025-02-24 15:39:11,530 - INFO -   No new constraints added, lowered tau multiplier: 1.0 -> 0.9
2025-02-24 15:39:11,531 - INFO -   Added 4 new constraints: [7, 8, 12, 38]
2025-02-24 15:39:11,531 - INFO - 
Iteration 4:
2025-02-24 15:39:11,532 - DEBUG - Generated Ising Hamiltonian
2025-02-24 15:39:11,872 - DEBUG - Optimizing QAOA circuit...
2025-02-24 15:39:16,322 - DEBUG - Circuit optimization successful
2025-02-24 15:39:16,322 - DEBUG - Circuit optimization successful, final value: 3014.2827172827165
2025-02-24 15:39:16,322 - DEBUG - Sampling from optimized circuit...
2025-02-24 15:39:16,366 - DEBUG - Generated 828 unique samples from 1000 total measurements
2025-02-24 15:39:16,367 - DEBUG - 
Top 5 most frequent samples:
2025-02-24 15:39:16,367 - DEBUG -   Rank | Count |   %   
2025-02-24 15:39:16,367 - DEBUG -   -----|-------|-------
2025-02-24 15:39:16,367 - DEBUG -      1 |     4 |   0.4
2025-02-24 15:39:16,367 - DEBUG -     Sample: [0 0 0 0 0 1 0 0 1 1 1 0]
2025-02-24 15:39:16,368 - DEBUG -      2 |     4 |   0.4
2025-02-24 15:39:16,368 - DEBUG -     Sample: [1 0 0 0 1 1 0 0 1 1 1 1]
2025-02-24 15:39:16,368 - DEBUG -      3 |     4 |   0.4
2025-02-24 15:39:16,368 - DEBUG -     Sample: [0 1 0 1 1 1 0 0 0 0 0 1]
2025-02-24 15:39:16,368 - DEBUG -      4 |     3 |   0.3
2025-02-24 15:39:16,369 - DEBUG -     Sample: [1 1 0 1 1 1 1 1 0 1 1 0]
2025-02-24 15:39:16,369 - DEBUG -      5 |     3 |   0.3
2025-02-24 15:39:16,369 - DEBUG -     Sample: [1 1 1 1 0 0 0 1 1 1 1 0]
2025-02-24 15:39:16,372 - DEBUG - Generated 828 unique samples from 1000 total measurements
2025-02-24 15:39:16,378 - INFO - Found feasible solution: [1 0 0 0 0 1 0 0 1 1 0 0] with objective value 250.0
2025-02-24 15:39:16,388 - INFO -   Found feasible solution:
2025-02-24 15:39:16,388 - INFO -     Solution: [1, 0, 0, 0, 0, 1, 0, 0, 1, 1, 0, 0]
2025-02-24 15:39:16,389 - INFO -     Value: 250.0
2025-02-24 15:39:16,389 - INFO -     Gap to reference: 25.63%
2025-02-24 15:39:16,389 - INFO -   Constraint generation solution found:
2025-02-24 15:39:16,390 - INFO -     Solution: [1, 0, 0, 0, 0, 1, 0, 0, 1, 1, 0, 0]
2025-02-24 15:39:16,390 - INFO -     Value: 250.0
2025-02-24 15:39:16,390 - INFO - 
Instance 56 results:
2025-02-24 15:39:16,390 - INFO -   Classical value: 199.0
2025-02-24 15:39:16,390 - INFO -   QAOA value: 0.0
2025-02-24 15:39:16,390 - INFO -   Constraint generation value: 250.0
2025-02-24 15:39:16,391 - INFO - 
Running instance 57/100
2025-02-24 15:39:16,392 - INFO - 
Running Classical Reference Solver (SCIP):
2025-02-24 15:39:16,394 - DEBUG - Problem dimensions: 40 constraints, 12 variables
2025-02-24 15:39:16,394 - DEBUG - Row names: ['ELEM1', 'ELEM2', 'ELEM3', 'ELEM4', 'ELEM5', 'ELEM6', 'ELEM7', 'ELEM8', 'ELEM9', 'ELEM10', 'ELEM11', 'ELEM12', 'ELEM13', 'ELEM14', 'ELEM15', 'ELEM16', 'ELEM17', 'ELEM18', 'ELEM19', 'ELEM20', 'ELEM21', 'ELEM22', 'ELEM23', 'ELEM24', 'ELEM25', 'ELEM26', 'ELEM27', 'ELEM28', 'ELEM29', 'ELEM30', 'ELEM31', 'ELEM32', 'ELEM33', 'ELEM34', 'ELEM35', 'ELEM36', 'ELEM37', 'ELEM38', 'ELEM39', 'ELEM40']
2025-02-24 15:39:16,394 - DEBUG - RHS values: {'ELEM1': 1.0, 'ELEM2': 1.0, 'ELEM3': 1.0, 'ELEM4': 1.0, 'ELEM5': 1.0, 'ELEM6': 1.0, 'ELEM7': 1.0, 'ELEM8': 1.0, 'ELEM9': 1.0, 'ELEM10': 1.0, 'ELEM11': 1.0, 'ELEM12': 1.0, 'ELEM13': 1.0, 'ELEM14': 1.0, 'ELEM15': 1.0, 'ELEM16': 1.0, 'ELEM17': 1.0, 'ELEM18': 1.0, 'ELEM19': 1.0, 'ELEM20': 1.0, 'ELEM21': 1.0, 'ELEM22': 1.0, 'ELEM23': 1.0, 'ELEM24': 1.0, 'ELEM25': 1.0, 'ELEM26': 1.0, 'ELEM27': 1.0, 'ELEM28': 1.0, 'ELEM29': 1.0, 'ELEM30': 1.0, 'ELEM31': 1.0, 'ELEM32': 1.0, 'ELEM33': 1.0, 'ELEM34': 1.0, 'ELEM35': 1.0, 'ELEM36': 1.0, 'ELEM37': 1.0, 'ELEM38': 1.0, 'ELEM39': 1.0, 'ELEM40': 1.0}
2025-02-24 15:39:16,407 - INFO -   Reference solution found:
2025-02-24 15:39:16,407 - INFO -     Solution: [0, 0, 0, 0, 1, 1, 0, 0, 0, 0, 1, 0]
2025-02-24 15:39:16,407 - INFO -     Value: 116.0
2025-02-24 15:39:16,408 - INFO - 
Running QAOA Reference Solution (with all constraints):
