
Problem information:
  Number of variables (n): 12
  Number of constraints (m): 40

Starting reference QAOA with parameters:
  sample_size (total shots): 1000
Added all constraints
No feasible solution found
  QAOA solver found no feasible solution

Running Constraint Generation:

Problem information:
  Number of variables (n): 12
  Number of constraints (m): 40

Running classical reference solver:
  Reference solution found:
    Solution: [0, 0, 0, 1, 1, 0, 0, 0, 0, 0, 0, 1]
    Value: 104.0

Starting quantum constraint generation with parameters:
  sample_size (total shots): 1000
  tau: 0.1
  max_iters: 1000

Iteration 0:
Found feasible solution: [1 1 0 0 0 1 0 1 1 0 1 0] with objective value 349.0
  Found feasible solution:
    Solution: [1, 1, 0, 0, 0, 1, 0, 1, 1, 0, 1, 0]
    Value: 349.0
    Gap to reference: 235.58%
  Constraint generation solution found:
    Solution: [1, 1, 0, 0, 0, 1, 0, 1, 1, 0, 1, 0]
    Value: 349.0

Instance 41 results:
  Classical value: 104.0
  QAOA value: 0.0
  Constraint generation value: 349.0

Running instance 42/100

Running Classical Reference Solver (SCIP):
  Reference solution found:
    Solution: [1, 0, 1, 0, 0, 1, 0, 1, 1, 0, 0, 0]
    Value: 130.0

Running QAOA Reference Solution (with all constraints):
