2025-02-23 18:11:25,610 - INFO - 
Problem information:
2025-02-23 18:11:25,610 - INFO -   Number of variables (n): 12
2025-02-23 18:11:25,610 - INFO -   Number of constraints (m): 40
2025-02-23 18:11:25,610 - DEBUG -   Density of A: 22.08%
2025-02-23 18:11:25,611 - INFO - 
Starting reference QAOA with parameters:
2025-02-23 18:11:25,611 - INFO -   sample_size (total shots): 200
2025-02-23 18:11:25,611 - INFO - Added all constraints
2025-02-23 18:11:25,611 - DEBUG - Generated Ising Hamiltonian
2025-02-23 18:11:25,845 - DEBUG - Optimizing QAOA circuit...
2025-02-23 18:11:28,953 - DEBUG - Circuit optimization successful
2025-02-23 18:11:28,954 - DEBUG - Circuit optimization successful, final value: 1072.4113386613387
2025-02-23 18:11:28,954 - DEBUG - Sampling from optimized circuit...
2025-02-23 18:11:28,975 - DEBUG - Generated 191 unique samples from 200 total measurements
2025-02-23 18:11:28,976 - DEBUG - 
Top 5 most frequent samples:
2025-02-23 18:11:28,976 - DEBUG -   Rank | Count |   %   
2025-02-23 18:11:28,976 - DEBUG -   -----|-------|-------
2025-02-23 18:11:28,976 - DEBUG -      1 |     3 |   1.5
2025-02-23 18:11:28,977 - DEBUG -     Sample: [1 0 1 0 0 0 1 1 1 0 0 1]
2025-02-23 18:11:28,977 - DEBUG -      2 |     2 |   1.0
2025-02-23 18:11:28,977 - DEBUG -     Sample: [0 1 1 1 1 1 1 1 0 0 0 1]
2025-02-23 18:11:28,977 - DEBUG -      3 |     2 |   1.0
2025-02-23 18:11:28,978 - DEBUG -     Sample: [0 1 1 1 1 1 0 1 1 0 0 1]
2025-02-23 18:11:28,978 - DEBUG -      4 |     2 |   1.0
2025-02-23 18:11:28,978 - DEBUG -     Sample: [1 1 0 0 1 0 1 1 1 0 1 1]
2025-02-23 18:11:28,978 - DEBUG -      5 |     2 |   1.0
2025-02-23 18:11:28,979 - DEBUG -     Sample: [0 0 0 1 1 0 0 0 0 1 1 1]
2025-02-23 18:11:28,979 - DEBUG - Generated 191 unique samples from 200 total measurements
2025-02-23 18:11:28,980 - INFO - Found feasible solution: [0 1 1 1 0 1 1 0 0 0 0 0] with objective value 277.0
2025-02-23 18:11:28,984 - INFO - Found feasible solution:
2025-02-23 18:11:28,984 - INFO -   Solution: [0, 1, 1, 1, 0, 1, 1, 0, 0, 0, 0, 0]
2025-02-23 18:11:28,984 - INFO -   Value: 277.0
2025-02-23 18:11:28,985 - INFO -   QAOA solution found:
2025-02-23 18:11:28,985 - INFO -     Solution: [0, 1, 1, 1, 0, 1, 1, 0, 0, 0, 0, 0]
2025-02-23 18:11:28,985 - INFO -     Value: 277.0
2025-02-23 18:11:28,985 - INFO - 
Running Constraint Generation:
2025-02-23 18:11:28,987 - INFO - 
Problem information:
2025-02-23 18:11:28,987 - INFO -   Number of variables (n): 12
2025-02-23 18:11:28,987 - INFO -   Number of constraints (m): 40
2025-02-23 18:11:28,988 - DEBUG -   Density of A: 22.08%
2025-02-23 18:11:28,988 - INFO - 
Running classical reference solver:
2025-02-23 18:11:29,000 - INFO -   Reference solution found:
2025-02-23 18:11:29,001 - INFO -     Solution: [1, 0, 0, 0, 1, 0, 0, 0, 1, 0, 1, 1]
2025-02-23 18:11:29,001 - INFO -     Value: 165.99999999999997
2025-02-23 18:11:29,001 - INFO - 
Starting quantum constraint generation with parameters:
2025-02-23 18:11:29,001 - INFO -   sample_size (total shots): 200
2025-02-23 18:11:29,001 - INFO -   tau: 0.1
2025-02-23 18:11:29,001 - INFO -   max_iters: 1000
2025-02-23 18:11:29,002 - INFO - 
Iteration 0:
2025-02-23 18:11:29,002 - DEBUG - Generated Ising Hamiltonian
2025-02-23 18:11:29,240 - DEBUG - Optimizing QAOA circuit...
2025-02-23 18:11:30,516 - DEBUG - Circuit optimization successful
2025-02-23 18:11:30,516 - DEBUG - Circuit optimization successful, final value: -131.95504495504497
2025-02-23 18:11:30,516 - DEBUG - Sampling from optimized circuit...
2025-02-23 18:11:30,532 - DEBUG - Generated 172 unique samples from 200 total measurements
2025-02-23 18:11:30,532 - DEBUG - 
Top 5 most frequent samples:
2025-02-23 18:11:30,533 - DEBUG -   Rank | Count |   %   
2025-02-23 18:11:30,533 - DEBUG -   -----|-------|-------
2025-02-23 18:11:30,533 - DEBUG -      1 |     4 |   2.0
2025-02-23 18:11:30,533 - DEBUG -     Sample: [0 1 1 1 0 0 0 0 1 1 1 1]
2025-02-23 18:11:30,534 - DEBUG -      2 |     3 |   1.5
2025-02-23 18:11:30,534 - DEBUG -     Sample: [0 1 1 1 0 1 0 0 1 1 1 1]
2025-02-23 18:11:30,534 - DEBUG -      3 |     3 |   1.5
2025-02-23 18:11:30,535 - DEBUG -     Sample: [0 1 1 1 0 1 1 0 1 1 0 1]
2025-02-23 18:11:30,535 - DEBUG -      4 |     3 |   1.5
2025-02-23 18:11:30,535 - DEBUG -     Sample: [0 1 1 1 0 0 1 1 1 1 1 1]
2025-02-23 18:11:30,535 - DEBUG -      5 |     2 |   1.0
2025-02-23 18:11:30,535 - DEBUG -     Sample: [0 1 1 1 0 0 0 0 1 1 1 0]
2025-02-23 18:11:30,536 - DEBUG - Generated 172 unique samples from 200 total measurements
2025-02-23 18:11:30,540 - INFO -   No feasible solution found in this iteration
2025-02-23 18:11:30,540 - INFO -   Added 3 new constraints: [6, 25, 37]
2025-02-23 18:11:30,540 - INFO - 
Iteration 1:
2025-02-23 18:11:30,541 - DEBUG - Generated Ising Hamiltonian
2025-02-23 18:11:30,815 - DEBUG - Optimizing QAOA circuit...
2025-02-23 18:11:32,543 - DEBUG - Circuit optimization successful
2025-02-23 18:11:32,543 - DEBUG - Circuit optimization successful, final value: -178.3553946053948
2025-02-23 18:11:32,543 - DEBUG - Sampling from optimized circuit...
2025-02-23 18:11:32,559 - DEBUG - Generated 166 unique samples from 200 total measurements
2025-02-23 18:11:32,559 - DEBUG - 
Top 5 most frequent samples:
2025-02-23 18:11:32,559 - DEBUG -   Rank | Count |   %   
2025-02-23 18:11:32,559 - DEBUG -   -----|-------|-------
2025-02-23 18:11:32,560 - DEBUG -      1 |     5 |   2.5
2025-02-23 18:11:32,560 - DEBUG -     Sample: [0 1 1 0 0 0 0 0 1 1 0 1]
2025-02-23 18:11:32,560 - DEBUG -      2 |     3 |   1.5
2025-02-23 18:11:32,560 - DEBUG -     Sample: [1 1 1 0 0 1 1 0 1 1 0 0]
2025-02-23 18:11:32,561 - DEBUG -      3 |     3 |   1.5
2025-02-23 18:11:32,561 - DEBUG -     Sample: [1 1 1 0 0 1 0 0 1 0 0 0]
2025-02-23 18:11:32,561 - DEBUG -      4 |     3 |   1.5
2025-02-23 18:11:32,561 - DEBUG -     Sample: [0 1 1 0 0 0 0 0 1 1 1 1]
2025-02-23 18:11:32,561 - DEBUG -      5 |     3 |   1.5
2025-02-23 18:11:32,562 - DEBUG -     Sample: [0 1 1 0 0 0 0 1 1 0 1 1]
2025-02-23 18:11:32,562 - DEBUG - Generated 166 unique samples from 200 total measurements
2025-02-23 18:11:32,566 - INFO -   No feasible solution found in this iteration
2025-02-23 18:11:32,567 - INFO -   Added 1 new constraints: [16]
2025-02-23 18:11:32,567 - INFO - 
Iteration 2:
2025-02-23 18:11:32,567 - DEBUG - Generated Ising Hamiltonian
2025-02-23 18:11:32,811 - DEBUG - Optimizing QAOA circuit...
2025-02-23 18:11:34,104 - DEBUG - Circuit optimization successful
2025-02-23 18:11:34,105 - DEBUG - Circuit optimization successful, final value: 6303.661838161837
2025-02-23 18:11:34,105 - DEBUG - Sampling from optimized circuit...
2025-02-23 18:11:34,122 - DEBUG - Generated 133 unique samples from 200 total measurements
2025-02-23 18:11:34,122 - DEBUG - 
Top 5 most frequent samples:
2025-02-23 18:11:34,123 - DEBUG -   Rank | Count |   %   
2025-02-23 18:11:34,123 - DEBUG -   -----|-------|-------
2025-02-23 18:11:34,123 - DEBUG -      1 |    12 |   6.0
2025-02-23 18:11:34,123 - DEBUG -     Sample: [0 0 0 1 1 1 1 0 1 1 0 1]
2025-02-23 18:11:34,123 - DEBUG -      2 |     7 |   3.5
2025-02-23 18:11:34,124 - DEBUG -     Sample: [0 0 0 1 0 1 1 0 1 1 0 1]
2025-02-23 18:11:34,124 - DEBUG -      3 |     6 |   3.0
2025-02-23 18:11:34,124 - DEBUG -     Sample: [0 0 0 1 0 1 1 0 1 1 0 0]
2025-02-23 18:11:34,124 - DEBUG -      4 |     5 |   2.5
2025-02-23 18:11:34,125 - DEBUG -     Sample: [0 0 0 1 1 1 1 0 0 1 0 1]
2025-02-23 18:11:34,125 - DEBUG -      5 |     5 |   2.5
2025-02-23 18:11:34,126 - DEBUG -     Sample: [0 0 0 1 1 1 1 0 1 1 0 0]
2025-02-23 18:11:34,127 - DEBUG - Generated 133 unique samples from 200 total measurements
2025-02-23 18:11:34,129 - INFO -   No feasible solution found in this iteration
2025-02-23 18:11:34,130 - INFO -   No new constraints added, lowered tau multiplier: 1.0 -> 0.9
2025-02-23 18:11:34,130 - INFO -   No new constraints added, lowered tau multiplier: 0.9 -> 0.8
2025-02-23 18:11:34,131 - INFO -   Added 3 new constraints: [11, 14, 26]
2025-02-23 18:11:34,131 - INFO - 
Iteration 3:
2025-02-23 18:11:34,131 - DEBUG - Generated Ising Hamiltonian
2025-02-23 18:11:34,497 - DEBUG - Optimizing QAOA circuit...
2025-02-23 18:11:36,286 - DEBUG - Circuit optimization successful
2025-02-23 18:11:36,286 - DEBUG - Circuit optimization successful, final value: -1230.3706293706282
2025-02-23 18:11:36,287 - DEBUG - Sampling from optimized circuit...
2025-02-23 18:11:36,302 - DEBUG - Generated 146 unique samples from 200 total measurements
2025-02-23 18:11:36,302 - DEBUG - 
Top 5 most frequent samples:
2025-02-23 18:11:36,302 - DEBUG -   Rank | Count |   %   
2025-02-23 18:11:36,303 - DEBUG -   -----|-------|-------
2025-02-23 18:11:36,303 - DEBUG -      1 |     4 |   2.0
2025-02-23 18:11:36,303 - DEBUG -     Sample: [1 0 1 0 1 0 1 1 0 1 0 1]
2025-02-23 18:11:36,303 - DEBUG -      2 |     4 |   2.0
2025-02-23 18:11:36,303 - DEBUG -     Sample: [1 0 1 1 1 0 1 1 1 1 0 0]
2025-02-23 18:11:36,303 - DEBUG -      3 |     4 |   2.0
2025-02-23 18:11:36,304 - DEBUG -     Sample: [1 0 1 1 1 0 1 0 1 1 0 0]
2025-02-23 18:11:36,304 - DEBUG -      4 |     4 |   2.0
2025-02-23 18:11:36,304 - DEBUG -     Sample: [0 0 1 0 1 0 1 1 0 1 0 1]
2025-02-23 18:11:36,304 - DEBUG -      5 |     4 |   2.0
2025-02-23 18:11:36,305 - DEBUG -     Sample: [1 0 1 0 1 0 1 1 0 1 0 0]
2025-02-23 18:11:36,305 - DEBUG - Generated 146 unique samples from 200 total measurements
2025-02-23 18:11:36,308 - INFO -   No feasible solution found in this iteration
2025-02-23 18:11:36,309 - INFO -   Added 1 new constraints: [12]
2025-02-23 18:11:36,309 - INFO - 
Iteration 4:
2025-02-23 18:11:36,310 - DEBUG - Generated Ising Hamiltonian
2025-02-23 18:11:36,538 - DEBUG - Optimizing QAOA circuit...
2025-02-23 18:11:37,862 - DEBUG - Circuit optimization successful
2025-02-23 18:11:37,862 - DEBUG - Circuit optimization successful, final value: -2406.8946053946065
2025-02-23 18:11:37,863 - DEBUG - Sampling from optimized circuit...
2025-02-23 18:11:37,878 - DEBUG - Generated 106 unique samples from 200 total measurements
2025-02-23 18:11:37,879 - DEBUG - 
Top 5 most frequent samples:
2025-02-23 18:11:37,879 - DEBUG -   Rank | Count |   %   
2025-02-23 18:11:37,879 - DEBUG -   -----|-------|-------
2025-02-23 18:11:37,879 - DEBUG -      1 |    17 |   8.5
2025-02-23 18:11:37,879 - DEBUG -     Sample: [0 0 1 1 1 1 1 0 1 1 0 0]
2025-02-23 18:11:37,879 - DEBUG -      2 |    16 |   8.0
2025-02-23 18:11:37,880 - DEBUG -     Sample: [0 0 1 1 1 1 0 0 1 1 0 0]
2025-02-23 18:11:37,880 - DEBUG -      3 |    12 |   6.0
2025-02-23 18:11:37,880 - DEBUG -     Sample: [0 0 1 1 1 1 1 0 1 0 0 0]
2025-02-23 18:11:37,880 - DEBUG -      4 |     8 |   4.0
2025-02-23 18:11:37,880 - DEBUG -     Sample: [0 0 1 1 1 1 0 0 1 0 0 0]
2025-02-23 18:11:37,880 - DEBUG -      5 |     7 |   3.5
2025-02-23 18:11:37,881 - DEBUG -     Sample: [0 0 1 1 1 1 1 1 1 0 0 0]
2025-02-23 18:11:37,881 - DEBUG - Generated 106 unique samples from 200 total measurements
2025-02-23 18:11:37,884 - INFO -   No feasible solution found in this iteration
2025-02-23 18:11:37,884 - INFO -   No new constraints added, lowered tau multiplier: 1.0 -> 0.9
2025-02-23 18:11:37,885 - INFO -   No new constraints added, lowered tau multiplier: 0.9 -> 0.8
2025-02-23 18:11:37,885 - INFO -   Added 4 new constraints: [1, 13, 15, 39]
2025-02-23 18:11:37,885 - INFO - 
Iteration 5:
2025-02-23 18:11:37,885 - DEBUG - Generated Ising Hamiltonian
2025-02-23 18:11:38,095 - DEBUG - Optimizing QAOA circuit...
2025-02-23 18:11:39,769 - DEBUG - Circuit optimization successful
2025-02-23 18:11:39,769 - DEBUG - Circuit optimization successful, final value: 25154.665084915083
2025-02-23 18:11:39,770 - DEBUG - Sampling from optimized circuit...
2025-02-23 18:11:39,786 - DEBUG - Generated 123 unique samples from 200 total measurements
2025-02-23 18:11:39,787 - DEBUG - 
Top 5 most frequent samples:
2025-02-23 18:11:39,787 - DEBUG -   Rank | Count |   %   
2025-02-23 18:11:39,787 - DEBUG -   -----|-------|-------
2025-02-23 18:11:39,787 - DEBUG -      1 |     7 |   3.5
2025-02-23 18:11:39,787 - DEBUG -     Sample: [1 1 0 0 1 0 1 1 0 1 0 1]
2025-02-23 18:11:39,787 - DEBUG -      2 |     7 |   3.5
2025-02-23 18:11:39,788 - DEBUG -     Sample: [1 1 0 0 1 0 1 1 0 1 0 0]
2025-02-23 18:11:39,788 - DEBUG -      3 |     7 |   3.5
2025-02-23 18:11:39,788 - DEBUG -     Sample: [0 1 0 0 1 0 1 1 0 1 0 0]
2025-02-23 18:11:39,788 - DEBUG -      4 |     7 |   3.5
2025-02-23 18:11:39,788 - DEBUG -     Sample: [1 1 0 0 1 1 1 1 0 1 0 0]
2025-02-23 18:11:39,788 - DEBUG -      5 |     6 |   3.0
2025-02-23 18:11:39,788 - DEBUG -     Sample: [0 1 0 0 1 0 1 1 0 1 0 1]
2025-02-23 18:11:39,789 - DEBUG - Generated 123 unique samples from 200 total measurements
2025-02-23 18:11:39,791 - INFO -   No feasible solution found in this iteration
2025-02-23 18:11:39,792 - INFO -   No new constraints added, lowered tau multiplier: 1.0 -> 0.9
2025-02-23 18:11:39,793 - INFO -   No new constraints added, lowered tau multiplier: 0.9 -> 0.8
2025-02-23 18:11:39,793 - INFO -   Added 2 new constraints: [0, 31]
2025-02-23 18:11:39,793 - INFO - 
Iteration 6:
2025-02-23 18:11:39,794 - DEBUG - Generated Ising Hamiltonian
2025-02-23 18:11:40,024 - DEBUG - Optimizing QAOA circuit...
2025-02-23 18:11:41,592 - DEBUG - Circuit optimization successful
2025-02-23 18:11:41,592 - DEBUG - Circuit optimization successful, final value: -14626.082667332666
2025-02-23 18:11:41,593 - DEBUG - Sampling from optimized circuit...
2025-02-23 18:11:41,613 - DEBUG - Generated 145 unique samples from 200 total measurements
2025-02-23 18:11:41,613 - DEBUG - 
Top 5 most frequent samples:
2025-02-23 18:11:41,614 - DEBUG -   Rank | Count |   %   
2025-02-23 18:11:41,614 - DEBUG -   -----|-------|-------
2025-02-23 18:11:41,614 - DEBUG -      1 |     7 |   3.5
2025-02-23 18:11:41,614 - DEBUG -     Sample: [0 1 1 1 0 0 1 0 0 1 1 0]
2025-02-23 18:11:41,614 - DEBUG -      2 |     5 |   2.5
2025-02-23 18:11:41,615 - DEBUG -     Sample: [0 1 1 0 0 0 1 0 0 1 1 0]
2025-02-23 18:11:41,615 - DEBUG -      3 |     4 |   2.0
2025-02-23 18:11:41,615 - DEBUG -     Sample: [0 0 1 1 0 0 1 0 1 1 1 0]
2025-02-23 18:11:41,615 - DEBUG -      4 |     4 |   2.0
2025-02-23 18:11:41,616 - DEBUG -     Sample: [0 0 1 0 0 0 1 0 1 1 1 0]
2025-02-23 18:11:41,616 - DEBUG -      5 |     4 |   2.0
2025-02-23 18:11:41,616 - DEBUG -     Sample: [0 1 1 1 0 0 0 0 0 1 1 0]
2025-02-23 18:11:41,617 - DEBUG - Generated 145 unique samples from 200 total measurements
2025-02-23 18:11:41,621 - INFO -   No feasible solution found in this iteration
2025-02-23 18:11:41,621 - INFO -   Added 2 new constraints: [10, 32]
2025-02-23 18:11:41,622 - INFO - 
Iteration 7:
2025-02-23 18:11:41,622 - DEBUG - Generated Ising Hamiltonian
2025-02-23 18:11:41,847 - DEBUG - Optimizing QAOA circuit...
2025-02-23 18:11:43,943 - DEBUG - Circuit optimization successful
2025-02-23 18:11:43,944 - DEBUG - Circuit optimization successful, final value: -399.1496003995992
2025-02-23 18:11:43,944 - DEBUG - Sampling from optimized circuit...
2025-02-23 18:11:43,962 - DEBUG - Generated 172 unique samples from 200 total measurements
2025-02-23 18:11:43,962 - DEBUG - 
Top 5 most frequent samples:
2025-02-23 18:11:43,962 - DEBUG -   Rank | Count |   %   
2025-02-23 18:11:43,962 - DEBUG -   -----|-------|-------
2025-02-23 18:11:43,963 - DEBUG -      1 |     3 |   1.5
2025-02-23 18:11:43,963 - DEBUG -     Sample: [1 0 0 0 0 0 1 1 0 1 0 1]
2025-02-23 18:11:43,963 - DEBUG -      2 |     3 |   1.5
2025-02-23 18:11:43,963 - DEBUG -     Sample: [1 0 0 0 0 0 0 1 0 1 0 1]
2025-02-23 18:11:43,963 - DEBUG -      3 |     3 |   1.5
2025-02-23 18:11:43,964 - DEBUG -     Sample: [1 0 0 1 0 0 1 1 0 1 0 1]
2025-02-23 18:11:43,964 - DEBUG -      4 |     3 |   1.5
2025-02-23 18:11:43,964 - DEBUG -     Sample: [0 0 0 1 0 0 1 1 0 1 1 1]
2025-02-23 18:11:43,964 - DEBUG -      5 |     3 |   1.5
2025-02-23 18:11:43,964 - DEBUG -     Sample: [1 0 1 1 0 0 1 1 0 1 0 1]
2025-02-23 18:11:43,965 - DEBUG - Generated 172 unique samples from 200 total measurements
2025-02-23 18:11:43,969 - INFO -   No feasible solution found in this iteration
2025-02-23 18:11:43,969 - INFO -   No new constraints added, lowered tau multiplier: 1.0 -> 0.9
2025-02-23 18:11:43,970 - INFO -   No new constraints added, lowered tau multiplier: 0.9 -> 0.8
2025-02-23 18:11:43,970 - INFO -   Added 3 new constraints: [3, 4, 9]
2025-02-23 18:11:43,970 - INFO - 
Iteration 8:
2025-02-23 18:11:43,970 - DEBUG - Generated Ising Hamiltonian
2025-02-23 18:11:44,230 - DEBUG - Optimizing QAOA circuit...
2025-02-23 18:11:46,626 - DEBUG - Circuit optimization successful
2025-02-23 18:11:46,626 - DEBUG - Circuit optimization successful, final value: 18535.748251748246
2025-02-23 18:11:46,626 - DEBUG - Sampling from optimized circuit...
2025-02-23 18:11:46,644 - DEBUG - Generated 184 unique samples from 200 total measurements
2025-02-23 18:11:46,645 - DEBUG - 
Top 5 most frequent samples:
2025-02-23 18:11:46,645 - DEBUG -   Rank | Count |   %   
2025-02-23 18:11:46,645 - DEBUG -   -----|-------|-------
2025-02-23 18:11:46,645 - DEBUG -      1 |     2 |   1.0
2025-02-23 18:11:46,646 - DEBUG -     Sample: [0 0 1 0 0 1 1 0 0 1 1 1]
2025-02-23 18:11:46,646 - DEBUG -      2 |     2 |   1.0
2025-02-23 18:11:46,646 - DEBUG -     Sample: [0 0 1 1 1 1 1 0 1 0 0 1]
2025-02-23 18:11:46,646 - DEBUG -      3 |     2 |   1.0
2025-02-23 18:11:46,646 - DEBUG -     Sample: [1 0 0 0 1 1 1 1 1 0 1 0]
2025-02-23 18:11:46,647 - DEBUG -      4 |     2 |   1.0
2025-02-23 18:11:46,647 - DEBUG -     Sample: [0 0 1 0 0 1 1 0 0 0 1 1]
2025-02-23 18:11:46,647 - DEBUG -      5 |     2 |   1.0
2025-02-23 18:11:46,648 - DEBUG -     Sample: [1 1 1 0 0 1 0 1 0 1 0 0]
2025-02-23 18:11:46,649 - DEBUG - Generated 184 unique samples from 200 total measurements
2025-02-23 18:11:46,652 - INFO -   No feasible solution found in this iteration
2025-02-23 18:11:46,653 - INFO -   No new constraints added, lowered tau multiplier: 1.0 -> 0.9
2025-02-23 18:11:46,653 - INFO -   No new constraints added, lowered tau multiplier: 0.9 -> 0.8
2025-02-23 18:11:46,654 - INFO -   Added 4 new constraints: [20, 23, 29, 30]
2025-02-23 18:11:46,655 - INFO - 
Iteration 9:
2025-02-23 18:11:46,655 - DEBUG - Generated Ising Hamiltonian
2025-02-23 18:11:46,878 - DEBUG - Optimizing QAOA circuit...
2025-02-23 18:11:49,106 - DEBUG - Circuit optimization successful
2025-02-23 18:11:49,106 - DEBUG - Circuit optimization successful, final value: 1564.695304695305
2025-02-23 18:11:49,106 - DEBUG - Sampling from optimized circuit...
2025-02-23 18:11:49,126 - DEBUG - Generated 186 unique samples from 200 total measurements
2025-02-23 18:11:49,126 - DEBUG - 
Top 5 most frequent samples:
2025-02-23 18:11:49,126 - DEBUG -   Rank | Count |   %   
2025-02-23 18:11:49,126 - DEBUG -   -----|-------|-------
2025-02-23 18:11:49,126 - DEBUG -      1 |     4 |   2.0
2025-02-23 18:11:49,127 - DEBUG -     Sample: [1 1 1 0 0 1 0 1 1 1 1 1]
2025-02-23 18:11:49,127 - DEBUG -      2 |     3 |   1.5
2025-02-23 18:11:49,127 - DEBUG -     Sample: [0 0 1 0 0 1 1 0 1 1 1 1]
2025-02-23 18:11:49,127 - DEBUG -      3 |     2 |   1.0
2025-02-23 18:11:49,127 - DEBUG -     Sample: [0 0 0 0 0 0 1 0 0 1 1 1]
2025-02-23 18:11:49,128 - DEBUG -      4 |     2 |   1.0
2025-02-23 18:11:49,128 - DEBUG -     Sample: [1 0 0 1 1 1 0 1 1 0 1 1]
2025-02-23 18:11:49,128 - DEBUG -      5 |     2 |   1.0
2025-02-23 18:11:49,128 - DEBUG -     Sample: [0 0 0 0 0 1 1 0 1 0 1 0]
2025-02-23 18:11:49,129 - DEBUG - Generated 186 unique samples from 200 total measurements
2025-02-23 18:11:49,132 - INFO -   No feasible solution found in this iteration
2025-02-23 18:11:49,133 - INFO -   No new constraints added, lowered tau multiplier: 1.0 -> 0.9
2025-02-23 18:11:49,133 - INFO -   No new constraints added, lowered tau multiplier: 0.9 -> 0.8
2025-02-23 18:11:49,133 - INFO -   No new constraints added, lowered tau multiplier: 0.8 -> 0.7
2025-02-23 18:11:49,133 - INFO -   Added 4 new constraints: [5, 17, 21, 24]
2025-02-23 18:11:49,134 - INFO - 
Iteration 10:
2025-02-23 18:11:49,134 - DEBUG - Generated Ising Hamiltonian
2025-02-23 18:11:49,370 - DEBUG - Optimizing QAOA circuit...
2025-02-23 18:11:51,864 - DEBUG - Circuit optimization successful
2025-02-23 18:11:51,865 - DEBUG - Circuit optimization successful, final value: 328.1038961038962
2025-02-23 18:11:51,865 - DEBUG - Sampling from optimized circuit...
2025-02-23 18:11:51,886 - DEBUG - Generated 197 unique samples from 200 total measurements
2025-02-23 18:11:51,886 - DEBUG - 
Top 5 most frequent samples:
2025-02-23 18:11:51,886 - DEBUG -   Rank | Count |   %   
2025-02-23 18:11:51,886 - DEBUG -   -----|-------|-------
2025-02-23 18:11:51,886 - DEBUG -      1 |     2 |   1.0
2025-02-23 18:11:51,886 - DEBUG -     Sample: [1 0 0 1 1 0 1 1 1 1 1 1]
2025-02-23 18:11:51,887 - DEBUG -      2 |     2 |   1.0
2025-02-23 18:11:51,887 - DEBUG -     Sample: [1 0 1 1 1 0 1 0 0 0 0 0]
2025-02-23 18:11:51,887 - DEBUG -      3 |     2 |   1.0
2025-02-23 18:11:51,887 - DEBUG -     Sample: [1 1 1 1 0 1 0 0 1 0 1 0]
2025-02-23 18:11:51,887 - DEBUG -      4 |     1 |   0.5
2025-02-23 18:11:51,887 - DEBUG -     Sample: [1 1 0 1 1 0 1 1 0 0 0 1]
2025-02-23 18:11:51,888 - DEBUG -      5 |     1 |   0.5
2025-02-23 18:11:51,888 - DEBUG -     Sample: [1 0 1 1 1 1 0 1 1 1 0 0]
2025-02-23 18:11:51,888 - DEBUG - Generated 197 unique samples from 200 total measurements
2025-02-23 18:11:51,893 - INFO -   No feasible solution found in this iteration
2025-02-23 18:11:51,893 - INFO -   No new constraints added, lowered tau multiplier: 1.0 -> 0.9
2025-02-23 18:11:51,893 - INFO -   No new constraints added, lowered tau multiplier: 0.9 -> 0.8
2025-02-23 18:11:51,894 - INFO -   No new constraints added, lowered tau multiplier: 0.8 -> 0.7
2025-02-23 18:11:51,894 - INFO -   Added 6 new constraints: [8, 18, 28, 34, 35, 36]
2025-02-23 18:11:51,894 - INFO - 
Iteration 11:
2025-02-23 18:11:51,894 - DEBUG - Generated Ising Hamiltonian
2025-02-23 18:11:52,144 - DEBUG - Optimizing QAOA circuit...
2025-02-23 18:11:54,363 - DEBUG - Circuit optimization successful
2025-02-23 18:11:54,363 - DEBUG - Circuit optimization successful, final value: 492.58241758241763
2025-02-23 18:11:54,363 - DEBUG - Sampling from optimized circuit...
2025-02-23 18:11:54,384 - DEBUG - Generated 194 unique samples from 200 total measurements
2025-02-23 18:11:54,384 - DEBUG - 
Top 5 most frequent samples:
2025-02-23 18:11:54,384 - DEBUG -   Rank | Count |   %   
2025-02-23 18:11:54,385 - DEBUG -   -----|-------|-------
2025-02-23 18:11:54,386 - DEBUG -      1 |     2 |   1.0
2025-02-23 18:11:54,388 - DEBUG -     Sample: [1 0 0 1 1 0 1 1 1 0 0 0]
2025-02-23 18:11:54,389 - DEBUG -      2 |     2 |   1.0
2025-02-23 18:11:54,391 - DEBUG -     Sample: [1 1 0 1 0 0 0 1 1 0 0 1]
2025-02-23 18:11:54,392 - DEBUG -      3 |     2 |   1.0
2025-02-23 18:11:54,392 - DEBUG -     Sample: [1 0 0 1 0 0 0 0 1 1 0 0]
2025-02-23 18:11:54,393 - DEBUG -      4 |     2 |   1.0
2025-02-23 18:11:54,393 - DEBUG -     Sample: [0 1 1 1 0 0 0 0 0 0 1 1]
2025-02-23 18:11:54,393 - DEBUG -      5 |     2 |   1.0
2025-02-23 18:11:54,394 - DEBUG -     Sample: [0 1 0 0 1 1 0 1 0 0 0 1]
2025-02-23 18:11:54,395 - DEBUG - Generated 194 unique samples from 200 total measurements
2025-02-23 18:11:54,399 - INFO -   No feasible solution found in this iteration
2025-02-23 18:11:54,400 - INFO -   No new constraints added, lowered tau multiplier: 1.0 -> 0.9
2025-02-23 18:11:54,400 - INFO -   No new constraints added, lowered tau multiplier: 0.9 -> 0.8
2025-02-23 18:11:54,400 - INFO -   No new constraints added, lowered tau multiplier: 0.8 -> 0.7
2025-02-23 18:11:54,400 - INFO -   No new constraints added, lowered tau multiplier: 0.7 -> 0.6
2025-02-23 18:11:54,401 - INFO -   Added 4 new constraints: [2, 7, 33, 38]
2025-02-23 18:11:54,401 - INFO - 
Iteration 12:
2025-02-23 18:11:54,401 - DEBUG - Generated Ising Hamiltonian
2025-02-23 18:11:54,605 - DEBUG - Optimizing QAOA circuit...
2025-02-23 18:11:57,350 - DEBUG - Circuit optimization successful
2025-02-23 18:11:57,351 - DEBUG - Circuit optimization successful, final value: -5575.502997002994
2025-02-23 18:11:57,351 - DEBUG - Sampling from optimized circuit...
2025-02-23 18:11:57,374 - DEBUG - Generated 154 unique samples from 200 total measurements
2025-02-23 18:11:57,374 - DEBUG - 
Top 5 most frequent samples:
2025-02-23 18:11:57,374 - DEBUG -   Rank | Count |   %   
2025-02-23 18:11:57,375 - DEBUG -   -----|-------|-------
2025-02-23 18:11:57,375 - DEBUG -      1 |     6 |   3.0
2025-02-23 18:11:57,375 - DEBUG -     Sample: [0 0 1 0 1 0 1 0 1 1 0 1]
2025-02-23 18:11:57,376 - DEBUG -      2 |     5 |   2.5
2025-02-23 18:11:57,376 - DEBUG -     Sample: [0 0 1 1 1 0 1 0 1 1 0 1]
2025-02-23 18:11:57,376 - DEBUG -      3 |     5 |   2.5
2025-02-23 18:11:57,377 - DEBUG -     Sample: [0 0 1 1 1 1 0 0 1 1 0 1]
2025-02-23 18:11:57,377 - DEBUG -      4 |     4 |   2.0
2025-02-23 18:11:57,377 - DEBUG -     Sample: [0 0 0 0 1 0 1 0 1 1 0 0]
2025-02-23 18:11:57,377 - DEBUG -      5 |     3 |   1.5
2025-02-23 18:11:57,378 - DEBUG -     Sample: [0 0 0 0 1 0 0 0 1 1 1 1]
2025-02-23 18:11:57,379 - DEBUG - Generated 154 unique samples from 200 total measurements
2025-02-23 18:11:57,383 - INFO -   No feasible solution found in this iteration
2025-02-23 18:11:57,383 - INFO -   No new constraints added, lowered tau multiplier: 1.0 -> 0.9
2025-02-23 18:11:57,384 - INFO -   No new constraints added, lowered tau multiplier: 0.9 -> 0.8
2025-02-23 18:11:57,384 - INFO -   No new constraints added, lowered tau multiplier: 0.8 -> 0.7
2025-02-23 18:11:57,385 - INFO -   No new constraints added, lowered tau multiplier: 0.7 -> 0.6
2025-02-23 18:11:57,385 - INFO -   No new constraints added, lowered tau multiplier: 0.6 -> 0.5
2025-02-23 18:11:57,385 - INFO -   No new constraints added, lowered tau multiplier: 0.5 -> 0.4
2025-02-23 18:11:57,386 - INFO -   Added 3 new constraints: [19, 22, 27]
2025-02-23 18:11:57,386 - INFO - 
Iteration 13:
2025-02-23 18:11:57,386 - DEBUG - Generated Ising Hamiltonian
2025-02-23 18:11:57,617 - DEBUG - Optimizing QAOA circuit...
2025-02-23 18:12:00,575 - DEBUG - Circuit optimization successful
2025-02-23 18:12:00,576 - DEBUG - Circuit optimization successful, final value: -12227.713536463534
2025-02-23 18:12:00,576 - DEBUG - Sampling from optimized circuit...
2025-02-23 18:12:00,596 - DEBUG - Generated 191 unique samples from 200 total measurements
2025-02-23 18:12:00,596 - DEBUG - 
Top 5 most frequent samples:
2025-02-23 18:12:00,597 - DEBUG -   Rank | Count |   %   
2025-02-23 18:12:00,597 - DEBUG -   -----|-------|-------
2025-02-23 18:12:00,597 - DEBUG -      1 |     3 |   1.5
2025-02-23 18:12:00,597 - DEBUG -     Sample: [0 0 0 0 1 0 0 0 1 1 1 1]
2025-02-23 18:12:00,598 - DEBUG -      2 |     3 |   1.5
2025-02-23 18:12:00,598 - DEBUG -     Sample: [1 1 0 0 0 1 0 0 1 0 1 0]
2025-02-23 18:12:00,598 - DEBUG -      3 |     2 |   1.0
2025-02-23 18:12:00,598 - DEBUG -     Sample: [1 1 1 0 0 1 1 0 1 0 0 0]
2025-02-23 18:12:00,598 - DEBUG -      4 |     2 |   1.0
2025-02-23 18:12:00,599 - DEBUG -     Sample: [0 1 0 0 0 0 0 0 1 1 0 1]
2025-02-23 18:12:00,599 - DEBUG -      5 |     2 |   1.0
2025-02-23 18:12:00,599 - DEBUG -     Sample: [1 1 0 0 0 0 0 0 1 0 1 0]
2025-02-23 18:12:00,600 - DEBUG - Generated 191 unique samples from 200 total measurements
2025-02-23 18:12:00,604 - INFO - Found feasible solution: [1 0 0 0 1 0 0 0 1 0 1 1] with objective value 166.0
2025-02-23 18:12:00,606 - INFO -   Found feasible solution:
2025-02-23 18:12:00,606 - INFO -     Solution: [1, 0, 0, 0, 1, 0, 0, 0, 1, 0, 1, 1]
2025-02-23 18:12:00,607 - INFO -     Value: 166.0
2025-02-23 18:12:00,607 - INFO -     Gap to reference: 0.00%
2025-02-23 18:12:00,608 - INFO -   Constraint generation solution found:
2025-02-23 18:12:00,608 - INFO -     Solution: [1, 0, 0, 0, 1, 0, 0, 0, 1, 0, 1, 1]
2025-02-23 18:12:00,609 - INFO -     Value: 166.0
2025-02-23 18:12:00,609 - INFO - 
Instance 74 results:
2025-02-23 18:12:00,609 - INFO -   Classical value: 165.99999999999997
2025-02-23 18:12:00,610 - INFO -   QAOA value: 277.0
2025-02-23 18:12:00,610 - INFO -   Constraint generation value: 166.0
2025-02-23 18:12:00,611 - INFO - 
Running instance 75/100
2025-02-23 18:12:00,613 - INFO - 
Running Classical Reference Solver (SCIP):
2025-02-23 18:12:00,614 - DEBUG - Problem dimensions: 40 constraints, 12 variables
2025-02-23 18:12:00,614 - DEBUG - Row names: ['ELEM1', 'ELEM2', 'ELEM3', 'ELEM4', 'ELEM5', 'ELEM6', 'ELEM7', 'ELEM8', 'ELEM9', 'ELEM10', 'ELEM11', 'ELEM12', 'ELEM13', 'ELEM14', 'ELEM15', 'ELEM16', 'ELEM17', 'ELEM18', 'ELEM19', 'ELEM20', 'ELEM21', 'ELEM22', 'ELEM23', 'ELEM24', 'ELEM25', 'ELEM26', 'ELEM27', 'ELEM28', 'ELEM29', 'ELEM30', 'ELEM31', 'ELEM32', 'ELEM33', 'ELEM34', 'ELEM35', 'ELEM36', 'ELEM37', 'ELEM38', 'ELEM39', 'ELEM40']
2025-02-23 18:12:00,614 - DEBUG - RHS values: {'ELEM1': 1.0, 'ELEM2': 1.0, 'ELEM3': 1.0, 'ELEM4': 1.0, 'ELEM5': 1.0, 'ELEM6': 1.0, 'ELEM7': 1.0, 'ELEM8': 1.0, 'ELEM9': 1.0, 'ELEM10': 1.0, 'ELEM11': 1.0, 'ELEM12': 1.0, 'ELEM13': 1.0, 'ELEM14': 1.0, 'ELEM15': 1.0, 'ELEM16': 1.0, 'ELEM17': 1.0, 'ELEM18': 1.0, 'ELEM19': 1.0, 'ELEM20': 1.0, 'ELEM21': 1.0, 'ELEM22': 1.0, 'ELEM23': 1.0, 'ELEM24': 1.0, 'ELEM25': 1.0, 'ELEM26': 1.0, 'ELEM27': 1.0, 'ELEM28': 1.0, 'ELEM29': 1.0, 'ELEM30': 1.0, 'ELEM31': 1.0, 'ELEM32': 1.0, 'ELEM33': 1.0, 'ELEM34': 1.0, 'ELEM35': 1.0, 'ELEM36': 1.0, 'ELEM37': 1.0, 'ELEM38': 1.0, 'ELEM39': 1.0, 'ELEM40': 1.0}
2025-02-23 18:12:00,630 - INFO -   Reference solution found:
2025-02-23 18:12:00,630 - INFO -     Solution: [0, 1, 0, 1, 0, 1, 0, 0, 0, 0, 1, 0]
2025-02-23 18:12:00,630 - INFO -     Value: 122.0
2025-02-23 18:12:00,630 - INFO - 
Running QAOA Reference Solution (with all constraints):
