
Problem information:
  Number of variables (n): 12
  Number of constraints (m): 40

Starting reference QAOA with parameters:
  sample_size (total shots): 200
Added all constraints
Found feasible solution: [0 1 1 1 0 1 1 0 0 0 0 0] with objective value 277.0
Found feasible solution:
  Solution: [0, 1, 1, 1, 0, 1, 1, 0, 0, 0, 0, 0]
  Value: 277.0
  QAOA solution found:
    Solution: [0, 1, 1, 1, 0, 1, 1, 0, 0, 0, 0, 0]
    Value: 277.0

Running Constraint Generation:

Problem information:
  Number of variables (n): 12
  Number of constraints (m): 40

Running classical reference solver:
  Reference solution found:
    Solution: [1, 0, 0, 0, 1, 0, 0, 0, 1, 0, 1, 1]
    Value: 165.99999999999997

Starting quantum constraint generation with parameters:
  sample_size (total shots): 200
  tau: 0.1
  max_iters: 1000

Iteration 0:
  No feasible solution found in this iteration
  Added 3 new constraints: [6, 25, 37]

Iteration 1:
  No feasible solution found in this iteration
  Added 1 new constraints: [16]

Iteration 2:
  No feasible solution found in this iteration
  No new constraints added, lowered tau multiplier: 1.0 -> 0.9
  No new constraints added, lowered tau multiplier: 0.9 -> 0.8
  Added 3 new constraints: [11, 14, 26]

Iteration 3:
  No feasible solution found in this iteration
  Added 1 new constraints: [12]

Iteration 4:
  No feasible solution found in this iteration
  No new constraints added, lowered tau multiplier: 1.0 -> 0.9
  No new constraints added, lowered tau multiplier: 0.9 -> 0.8
  Added 4 new constraints: [1, 13, 15, 39]

Iteration 5:
  No feasible solution found in this iteration
  No new constraints added, lowered tau multiplier: 1.0 -> 0.9
  No new constraints added, lowered tau multiplier: 0.9 -> 0.8
  Added 2 new constraints: [0, 31]

Iteration 6:
  No feasible solution found in this iteration
  Added 2 new constraints: [10, 32]

Iteration 7:
  No feasible solution found in this iteration
  No new constraints added, lowered tau multiplier: 1.0 -> 0.9
  No new constraints added, lowered tau multiplier: 0.9 -> 0.8
  Added 3 new constraints: [3, 4, 9]

Iteration 8:
  No feasible solution found in this iteration
  No new constraints added, lowered tau multiplier: 1.0 -> 0.9
  No new constraints added, lowered tau multiplier: 0.9 -> 0.8
  Added 4 new constraints: [20, 23, 29, 30]

Iteration 9:
  No feasible solution found in this iteration
  No new constraints added, lowered tau multiplier: 1.0 -> 0.9
  No new constraints added, lowered tau multiplier: 0.9 -> 0.8
  No new constraints added, lowered tau multiplier: 0.8 -> 0.7
  Added 4 new constraints: [5, 17, 21, 24]

Iteration 10:
  No feasible solution found in this iteration
  No new constraints added, lowered tau multiplier: 1.0 -> 0.9
  No new constraints added, lowered tau multiplier: 0.9 -> 0.8
  No new constraints added, lowered tau multiplier: 0.8 -> 0.7
  Added 6 new constraints: [8, 18, 28, 34, 35, 36]

Iteration 11:
  No feasible solution found in this iteration
  No new constraints added, lowered tau multiplier: 1.0 -> 0.9
  No new constraints added, lowered tau multiplier: 0.9 -> 0.8
  No new constraints added, lowered tau multiplier: 0.8 -> 0.7
  No new constraints added, lowered tau multiplier: 0.7 -> 0.6
  Added 4 new constraints: [2, 7, 33, 38]

Iteration 12:
  No feasible solution found in this iteration
  No new constraints added, lowered tau multiplier: 1.0 -> 0.9
  No new constraints added, lowered tau multiplier: 0.9 -> 0.8
  No new constraints added, lowered tau multiplier: 0.8 -> 0.7
  No new constraints added, lowered tau multiplier: 0.7 -> 0.6
  No new constraints added, lowered tau multiplier: 0.6 -> 0.5
  No new constraints added, lowered tau multiplier: 0.5 -> 0.4
  Added 3 new constraints: [19, 22, 27]

Iteration 13:
Found feasible solution: [1 0 0 0 1 0 0 0 1 0 1 1] with objective value 166.0
  Found feasible solution:
    Solution: [1, 0, 0, 0, 1, 0, 0, 0, 1, 0, 1, 1]
    Value: 166.0
    Gap to reference: 0.00%
  Constraint generation solution found:
    Solution: [1, 0, 0, 0, 1, 0, 0, 0, 1, 0, 1, 1]
    Value: 166.0

Instance 74 results:
  Classical value: 165.99999999999997
  QAOA value: 277.0
  Constraint generation value: 166.0

Running instance 75/100

Running Classical Reference Solver (SCIP):
  Reference solution found:
    Solution: [0, 1, 0, 1, 0, 1, 0, 0, 0, 0, 1, 0]
    Value: 122.0

Running QAOA Reference Solution (with all constraints):
