2025-02-23 18:44:28,038 - INFO - 
Problem information:
2025-02-23 18:44:28,038 - INFO -   Number of variables (n): 10
2025-02-23 18:44:28,038 - INFO -   Number of constraints (m): 20
2025-02-23 18:44:28,038 - DEBUG -   Density of A: 50.00%
2025-02-23 18:44:28,038 - INFO - 
Starting reference QAOA with parameters:
2025-02-23 18:44:28,038 - INFO -   sample_size (total shots): 500
2025-02-23 18:44:28,038 - INFO - Added all constraints
2025-02-23 18:44:28,038 - DEBUG - Generated Ising Hamiltonian
2025-02-23 18:44:28,256 - DEBUG - Optimizing QAOA circuit...
2025-02-23 18:44:29,290 - DEBUG - Circuit optimization successful
2025-02-23 18:44:29,290 - DEBUG - Circuit optimization successful, final value: 49281.26273726274
2025-02-23 18:44:29,290 - DEBUG - Sampling from optimized circuit...
2025-02-23 18:44:29,303 - DEBUG - Generated 158 unique samples from 500 total measurements
2025-02-23 18:44:29,303 - DEBUG - 
Top 5 most frequent samples:
2025-02-23 18:44:29,303 - DEBUG -   Rank | Count |   %   
2025-02-23 18:44:29,304 - DEBUG -   -----|-------|-------
2025-02-23 18:44:29,304 - DEBUG -      1 |    41 |   8.2
2025-02-23 18:44:29,304 - DEBUG -     Sample: [1 1 1 0 0 1 1 1 0 1]
2025-02-23 18:44:29,304 - DEBUG -      2 |    40 |   8.0
2025-02-23 18:44:29,304 - DEBUG -     Sample: [1 1 1 0 0 1 0 1 0 1]
2025-02-23 18:44:29,304 - DEBUG -      3 |    29 |   5.8
2025-02-23 18:44:29,305 - DEBUG -     Sample: [1 0 1 0 0 1 1 1 0 1]
2025-02-23 18:44:29,305 - DEBUG -      4 |    19 |   3.8
2025-02-23 18:44:29,305 - DEBUG -     Sample: [1 0 0 0 1 1 1 1 1 1]
2025-02-23 18:44:29,305 - DEBUG -      5 |    16 |   3.2
2025-02-23 18:44:29,305 - DEBUG -     Sample: [1 0 1 0 0 1 0 1 0 1]
2025-02-23 18:44:29,305 - DEBUG - Generated 158 unique samples from 500 total measurements
2025-02-23 18:44:29,307 - INFO - No feasible solution found
2025-02-23 18:44:29,308 - INFO -   QAOA solver found no feasible solution
2025-02-23 18:44:29,308 - INFO - 
Running Constraint Generation:
2025-02-23 18:44:29,309 - INFO - 
Problem information:
2025-02-23 18:44:29,309 - INFO -   Number of variables (n): 10
2025-02-23 18:44:29,309 - INFO -   Number of constraints (m): 20
2025-02-23 18:44:29,309 - DEBUG -   Density of A: 50.00%
2025-02-23 18:44:29,309 - INFO - 
Running classical reference solver:
2025-02-23 18:44:29,325 - INFO -   Reference solution found:
2025-02-23 18:44:29,325 - INFO -     Solution: [1, 0, 1, 0, 0, 0, 0, 0, 0, 0]
2025-02-23 18:44:29,325 - INFO -     Value: 60.0
2025-02-23 18:44:29,325 - INFO - 
Starting quantum constraint generation with parameters:
2025-02-23 18:44:29,326 - INFO -   sample_size (total shots): 500
2025-02-23 18:44:29,326 - INFO -   tau: 0.1
2025-02-23 18:44:29,326 - INFO -   max_iters: 1000
2025-02-23 18:44:29,326 - INFO - 
Iteration 0:
2025-02-23 18:44:29,326 - DEBUG - Generated Ising Hamiltonian
2025-02-23 18:44:29,470 - DEBUG - Optimizing QAOA circuit...
2025-02-23 18:44:30,161 - DEBUG - Circuit optimization successful
2025-02-23 18:44:30,162 - DEBUG - Circuit optimization successful, final value: -186.6553446553446
2025-02-23 18:44:30,162 - DEBUG - Sampling from optimized circuit...
2025-02-23 18:44:30,172 - DEBUG - Generated 177 unique samples from 500 total measurements
2025-02-23 18:44:30,172 - DEBUG - 
Top 5 most frequent samples:
2025-02-23 18:44:30,173 - DEBUG -   Rank | Count |   %   
2025-02-23 18:44:30,173 - DEBUG -   -----|-------|-------
2025-02-23 18:44:30,173 - DEBUG -      1 |    24 |   4.8
2025-02-23 18:44:30,173 - DEBUG -     Sample: [1 1 1 0 1 0 1 1 0 0]
2025-02-23 18:44:30,174 - DEBUG -      2 |    19 |   3.8
2025-02-23 18:44:30,174 - DEBUG -     Sample: [1 1 1 1 1 0 1 1 0 0]
2025-02-23 18:44:30,174 - DEBUG -      3 |    18 |   3.6
2025-02-23 18:44:30,174 - DEBUG -     Sample: [1 1 0 1 1 0 1 1 0 0]
2025-02-23 18:44:30,175 - DEBUG -      4 |    18 |   3.6
2025-02-23 18:44:30,175 - DEBUG -     Sample: [1 1 1 1 1 0 1 1 0 1]
2025-02-23 18:44:30,175 - DEBUG -      5 |    16 |   3.2
2025-02-23 18:44:30,175 - DEBUG -     Sample: [1 1 0 1 1 0 1 1 0 1]
2025-02-23 18:44:30,176 - DEBUG - Generated 177 unique samples from 500 total measurements
2025-02-23 18:44:30,179 - INFO -   No feasible solution found in this iteration
2025-02-23 18:44:30,179 - INFO -   Added 1 new constraints: [1]
2025-02-23 18:44:30,179 - INFO - 
Iteration 1:
2025-02-23 18:44:30,180 - DEBUG - Generated Ising Hamiltonian
2025-02-23 18:44:30,326 - DEBUG - Optimizing QAOA circuit...
2025-02-23 18:44:31,060 - DEBUG - Circuit optimization successful
2025-02-23 18:44:31,060 - DEBUG - Circuit optimization successful, final value: -7520.216783216783
2025-02-23 18:44:31,061 - DEBUG - Sampling from optimized circuit...
2025-02-23 18:44:31,072 - DEBUG - Generated 124 unique samples from 500 total measurements
2025-02-23 18:44:31,072 - DEBUG - 
Top 5 most frequent samples:
2025-02-23 18:44:31,073 - DEBUG -   Rank | Count |   %   
2025-02-23 18:44:31,073 - DEBUG -   -----|-------|-------
2025-02-23 18:44:31,073 - DEBUG -      1 |    58 |  11.6
2025-02-23 18:44:31,073 - DEBUG -     Sample: [0 0 1 0 0 1 0 0 1 1]
2025-02-23 18:44:31,073 - DEBUG -      2 |    37 |   7.4
2025-02-23 18:44:31,073 - DEBUG -     Sample: [0 0 1 0 0 1 0 1 1 1]
2025-02-23 18:44:31,073 - DEBUG -      3 |    31 |   6.2
2025-02-23 18:44:31,074 - DEBUG -     Sample: [0 0 1 0 0 1 0 0 1 0]
2025-02-23 18:44:31,074 - DEBUG -      4 |    24 |   4.8
2025-02-23 18:44:31,074 - DEBUG -     Sample: [1 0 1 0 0 1 0 1 1 1]
2025-02-23 18:44:31,074 - DEBUG -      5 |    21 |   4.2
2025-02-23 18:44:31,074 - DEBUG -     Sample: [1 0 1 0 0 1 0 1 1 0]
2025-02-23 18:44:31,075 - DEBUG - Generated 124 unique samples from 500 total measurements
2025-02-23 18:44:31,077 - INFO -   No feasible solution found in this iteration
2025-02-23 18:44:31,077 - INFO -   Added 2 new constraints: [5, 11]
2025-02-23 18:44:31,077 - INFO - 
Iteration 2:
2025-02-23 18:44:31,077 - DEBUG - Generated Ising Hamiltonian
2025-02-23 18:44:31,247 - DEBUG - Optimizing QAOA circuit...
2025-02-23 18:44:32,143 - DEBUG - Circuit optimization successful
2025-02-23 18:44:32,143 - DEBUG - Circuit optimization successful, final value: -3972.7622377622374
2025-02-23 18:44:32,143 - DEBUG - Sampling from optimized circuit...
2025-02-23 18:44:32,155 - DEBUG - Generated 176 unique samples from 500 total measurements
2025-02-23 18:44:32,155 - DEBUG - 
Top 5 most frequent samples:
2025-02-23 18:44:32,155 - DEBUG -   Rank | Count |   %   
2025-02-23 18:44:32,155 - DEBUG -   -----|-------|-------
2025-02-23 18:44:32,155 - DEBUG -      1 |    22 |   4.4
2025-02-23 18:44:32,156 - DEBUG -     Sample: [0 1 0 0 1 0 0 0 1 0]
2025-02-23 18:44:32,156 - DEBUG -      2 |    21 |   4.2
2025-02-23 18:44:32,156 - DEBUG -     Sample: [0 1 0 1 1 0 0 0 1 0]
2025-02-23 18:44:32,156 - DEBUG -      3 |    20 |   4.0
2025-02-23 18:44:32,156 - DEBUG -     Sample: [1 1 0 1 1 0 0 0 1 0]
2025-02-23 18:44:32,156 - DEBUG -      4 |    16 |   3.2
2025-02-23 18:44:32,156 - DEBUG -     Sample: [1 1 0 0 1 0 0 0 1 0]
2025-02-23 18:44:32,157 - DEBUG -      5 |    14 |   2.8
2025-02-23 18:44:32,157 - DEBUG -     Sample: [0 1 0 1 1 1 0 0 1 0]
2025-02-23 18:44:32,157 - DEBUG - Generated 176 unique samples from 500 total measurements
2025-02-23 18:44:32,159 - INFO - Found feasible solution: [0 0 0 0 1 1 0 0 0 0] with objective value 98.0
2025-02-23 18:44:32,160 - INFO -   Found feasible solution:
2025-02-23 18:44:32,160 - INFO -     Solution: [0, 0, 0, 0, 1, 1, 0, 0, 0, 0]
2025-02-23 18:44:32,160 - INFO -     Value: 98.0
2025-02-23 18:44:32,161 - INFO -     Gap to reference: 63.33%
2025-02-23 18:44:32,161 - INFO -   Constraint generation solution found:
2025-02-23 18:44:32,161 - INFO -     Solution: [0, 0, 0, 0, 1, 1, 0, 0, 0, 0]
2025-02-23 18:44:32,161 - INFO -     Value: 98.0
2025-02-23 18:44:32,161 - INFO - 
Instance 1 results:
2025-02-23 18:44:32,161 - INFO -   Classical value: 60.0
2025-02-23 18:44:32,161 - INFO -   QAOA value: 0.0
2025-02-23 18:44:32,161 - INFO -   Constraint generation value: 98.0
2025-02-23 18:44:32,162 - INFO - 
Running instance 2/100
2025-02-23 18:44:32,163 - INFO - 
Running Classical Reference Solver (SCIP):
2025-02-23 18:44:32,164 - DEBUG - Problem dimensions: 20 constraints, 10 variables
2025-02-23 18:44:32,164 - DEBUG - Row names: ['ELEM1', 'ELEM2', 'ELEM3', 'ELEM4', 'ELEM5', 'ELEM6', 'ELEM7', 'ELEM8', 'ELEM9', 'ELEM10', 'ELEM11', 'ELEM12', 'ELEM13', 'ELEM14', 'ELEM15', 'ELEM16', 'ELEM17', 'ELEM18', 'ELEM19', 'ELEM20']
2025-02-23 18:44:32,164 - DEBUG - RHS values: {'ELEM1': 1.0, 'ELEM2': 1.0, 'ELEM3': 1.0, 'ELEM4': 1.0, 'ELEM5': 1.0, 'ELEM6': 1.0, 'ELEM7': 1.0, 'ELEM8': 1.0, 'ELEM9': 1.0, 'ELEM10': 1.0, 'ELEM11': 1.0, 'ELEM12': 1.0, 'ELEM13': 1.0, 'ELEM14': 1.0, 'ELEM15': 1.0, 'ELEM16': 1.0, 'ELEM17': 1.0, 'ELEM18': 1.0, 'ELEM19': 1.0, 'ELEM20': 1.0}
2025-02-23 18:44:32,171 - INFO -   Reference solution found:
2025-02-23 18:44:32,172 - INFO -     Solution: [1, 0, 0, 1, 0, 0, 0, 0, 0, 0]
2025-02-23 18:44:32,172 - INFO -     Value: 48.0
2025-02-23 18:44:32,172 - INFO - 
Running QAOA Reference Solution (with all constraints):
