2025-02-24 14:36:48,734 - INFO - 
Problem information:
2025-02-24 14:36:48,734 - INFO -   Number of variables (n): 12
2025-02-24 14:36:48,734 - INFO -   Number of constraints (m): 40
2025-02-24 14:36:48,734 - DEBUG -   Density of A: 22.71%
2025-02-24 14:36:48,734 - INFO - 
Starting reference QAOA with parameters:
2025-02-24 14:36:48,734 - INFO -   sample_size (total shots): 1000
2025-02-24 14:36:48,734 - INFO - Added all constraints
2025-02-24 14:36:48,735 - DEBUG - Generated Ising Hamiltonian
2025-02-24 14:36:48,873 - DEBUG - Optimizing QAOA circuit...
2025-02-24 14:36:52,425 - DEBUG - Circuit optimization successful
2025-02-24 14:36:52,425 - DEBUG - Circuit optimization successful, final value: -124169.512987013
2025-02-24 14:36:52,425 - DEBUG - Sampling from optimized circuit...
2025-02-24 14:36:52,460 - DEBUG - Generated 449 unique samples from 1000 total measurements
2025-02-24 14:36:52,460 - DEBUG - 
Top 5 most frequent samples:
2025-02-24 14:36:52,460 - DEBUG -   Rank | Count |   %   
2025-02-24 14:36:52,460 - DEBUG -   -----|-------|-------
2025-02-24 14:36:52,461 - DEBUG -      1 |    25 |   2.5
2025-02-24 14:36:52,461 - DEBUG -     Sample: [0 0 1 0 0 0 1 1 0 0 0 0]
2025-02-24 14:36:52,461 - DEBUG -      2 |    20 |   2.0
2025-02-24 14:36:52,461 - DEBUG -     Sample: [0 1 1 0 0 0 0 1 0 0 0 0]
2025-02-24 14:36:52,461 - DEBUG -      3 |    16 |   1.6
2025-02-24 14:36:52,461 - DEBUG -     Sample: [0 1 1 0 0 0 1 1 0 0 0 0]
2025-02-24 14:36:52,461 - DEBUG -      4 |    14 |   1.4
2025-02-24 14:36:52,462 - DEBUG -     Sample: [0 0 1 0 0 0 0 1 0 0 0 0]
2025-02-24 14:36:52,462 - DEBUG -      5 |    14 |   1.4
2025-02-24 14:36:52,462 - DEBUG -     Sample: [0 0 1 0 0 0 1 1 0 1 0 0]
2025-02-24 14:36:52,463 - DEBUG - Generated 449 unique samples from 1000 total measurements
2025-02-24 14:36:52,464 - INFO - Found feasible solution: [0 0 0 1 0 0 1 1 0 1 0 0] with objective value 195.0
2025-02-24 14:36:52,469 - INFO - Found feasible solution:
2025-02-24 14:36:52,470 - INFO -   Solution: [0, 0, 0, 1, 0, 0, 1, 1, 0, 1, 0, 0]
2025-02-24 14:36:52,470 - INFO -   Value: 195.0
2025-02-24 14:36:52,470 - INFO -   QAOA solution found:
2025-02-24 14:36:52,470 - INFO -     Solution: [0, 0, 0, 1, 0, 0, 1, 1, 0, 1, 0, 0]
2025-02-24 14:36:52,470 - INFO -     Value: 195.0
2025-02-24 14:36:52,471 - INFO - 
Running Constraint Generation:
2025-02-24 14:36:52,472 - INFO - 
Problem information:
2025-02-24 14:36:52,472 - INFO -   Number of variables (n): 12
2025-02-24 14:36:52,472 - INFO -   Number of constraints (m): 40
2025-02-24 14:36:52,472 - DEBUG -   Density of A: 22.71%
2025-02-24 14:36:52,472 - INFO - 
Running classical reference solver:
2025-02-24 14:36:52,480 - INFO -   Reference solution found:
2025-02-24 14:36:52,480 - INFO -     Solution: [1, 1, 1, 0, 1, 1, 0, 0, 0, 0, 0, 0]
2025-02-24 14:36:52,481 - INFO -     Value: 169.0
2025-02-24 14:36:52,481 - INFO - 
Starting quantum constraint generation with parameters:
2025-02-24 14:36:52,481 - INFO -   sample_size (total shots): 1000
2025-02-24 14:36:52,481 - INFO -   tau: 0.1
2025-02-24 14:36:52,481 - INFO -   max_iters: 1000
2025-02-24 14:36:52,481 - INFO - 
Iteration 0:
2025-02-24 14:36:52,481 - DEBUG - Generated Ising Hamiltonian
2025-02-24 14:36:52,482 - DEBUG - Optimizing QAOA circuit...
2025-02-24 14:36:58,027 - WARNING - Circuit optimization did not converge
2025-02-24 14:36:58,027 - WARNING - Circuit optimization did not converge
2025-02-24 14:36:58,027 - DEBUG - Sampling from optimized circuit...
2025-02-24 14:36:58,084 - DEBUG - Generated 16 unique samples from 1000 total measurements
2025-02-24 14:36:58,084 - DEBUG - 
Top 5 most frequent samples:
2025-02-24 14:36:58,084 - DEBUG -   Rank | Count |   %   
2025-02-24 14:36:58,084 - DEBUG -   -----|-------|-------
2025-02-24 14:36:58,084 - DEBUG -      1 |   555 |  55.5
2025-02-24 14:36:58,084 - DEBUG -     Sample: [0 0 0 0 0 0 0 0 0 1 1 1]
2025-02-24 14:36:58,085 - DEBUG -      2 |   105 |  10.5
2025-02-24 14:36:58,085 - DEBUG -     Sample: [0 0 0 0 0 0 0 0 0 1 0 1]
2025-02-24 14:36:58,085 - DEBUG -      3 |    81 |   8.1
2025-02-24 14:36:58,085 - DEBUG -     Sample: [0 0 0 0 0 0 0 0 0 0 1 1]
2025-02-24 14:36:58,085 - DEBUG -      4 |    79 |   7.9
2025-02-24 14:36:58,085 - DEBUG -     Sample: [0 0 0 0 0 0 0 0 1 1 1 1]
2025-02-24 14:36:58,085 - DEBUG -      5 |    74 |   7.4
2025-02-24 14:36:58,085 - DEBUG -     Sample: [0 0 0 0 0 0 0 0 0 1 1 0]
2025-02-24 14:36:58,086 - DEBUG - Generated 16 unique samples from 1000 total measurements
2025-02-24 14:36:58,086 - INFO -   No feasible solution found in this iteration
2025-02-24 14:36:58,086 - INFO -   Added 15 new constraints: [1, 2, 3, 6, 7, 13, 15, 19, 20, 21, 23, 25, 27, 32, 39]
2025-02-24 14:36:58,086 - INFO - 
Iteration 1:
2025-02-24 14:36:58,086 - DEBUG - Generated Ising Hamiltonian
2025-02-24 14:36:58,088 - DEBUG - Optimizing QAOA circuit...
2025-02-24 14:37:06,505 - WARNING - Circuit optimization did not converge
2025-02-24 14:37:06,505 - WARNING - Circuit optimization did not converge
2025-02-24 14:37:06,505 - DEBUG - Sampling from optimized circuit...
2025-02-24 14:37:06,556 - DEBUG - Generated 15 unique samples from 1000 total measurements
2025-02-24 14:37:06,556 - DEBUG - 
Top 5 most frequent samples:
2025-02-24 14:37:06,557 - DEBUG -   Rank | Count |   %   
2025-02-24 14:37:06,557 - DEBUG -   -----|-------|-------
2025-02-24 14:37:06,557 - DEBUG -      1 |   431 |  43.1
2025-02-24 14:37:06,557 - DEBUG -     Sample: [0 0 0 0 0 0 0 0 0 1 0 1]
2025-02-24 14:37:06,557 - DEBUG -      2 |   260 |  26.0
2025-02-24 14:37:06,557 - DEBUG -     Sample: [0 0 0 0 0 0 0 0 0 1 1 1]
2025-02-24 14:37:06,557 - DEBUG -      3 |   115 |  11.5
2025-02-24 14:37:06,557 - DEBUG -     Sample: [0 0 0 0 0 0 0 0 0 1 0 0]
2025-02-24 14:37:06,557 - DEBUG -      4 |    67 |   6.7
2025-02-24 14:37:06,557 - DEBUG -     Sample: [0 0 0 0 0 0 0 0 0 1 1 0]
2025-02-24 14:37:06,557 - DEBUG -      5 |    37 |   3.7
2025-02-24 14:37:06,558 - DEBUG -     Sample: [0 0 0 0 0 0 0 0 1 1 1 1]
2025-02-24 14:37:06,558 - DEBUG - Generated 15 unique samples from 1000 total measurements
2025-02-24 14:37:06,558 - INFO -   No feasible solution found in this iteration
2025-02-24 14:37:06,558 - INFO -   No new constraints added, lowered tau multiplier: 1.0 -> 0.9
2025-02-24 14:37:06,558 - INFO -   No new constraints added, lowered tau multiplier: 0.9 -> 0.8
2025-02-24 14:37:06,558 - INFO -   No new constraints added, lowered tau multiplier: 0.8 -> 0.7
2025-02-24 14:37:06,559 - INFO -   No new constraints added, lowered tau multiplier: 0.7 -> 0.6
2025-02-24 14:37:06,559 - INFO -   Added 2 new constraints: [9, 28]
2025-02-24 14:37:06,559 - INFO - 
Iteration 2:
2025-02-24 14:37:06,559 - DEBUG - Generated Ising Hamiltonian
2025-02-24 14:37:06,561 - DEBUG - Optimizing QAOA circuit...
2025-02-24 14:37:12,709 - WARNING - Circuit optimization did not converge
2025-02-24 14:37:12,710 - WARNING - Circuit optimization did not converge
2025-02-24 14:37:12,710 - DEBUG - Sampling from optimized circuit...
2025-02-24 14:37:12,764 - DEBUG - Generated 16 unique samples from 1000 total measurements
2025-02-24 14:37:12,764 - DEBUG - 
Top 5 most frequent samples:
2025-02-24 14:37:12,764 - DEBUG -   Rank | Count |   %   
2025-02-24 14:37:12,764 - DEBUG -   -----|-------|-------
2025-02-24 14:37:12,764 - DEBUG -      1 |   320 |  32.0
2025-02-24 14:37:12,764 - DEBUG -     Sample: [0 0 0 0 0 0 0 0 1 0 1 0]
2025-02-24 14:37:12,764 - DEBUG -      2 |   125 |  12.5
2025-02-24 14:37:12,764 - DEBUG -     Sample: [0 0 0 0 0 0 0 0 1 1 0 0]
2025-02-24 14:37:12,765 - DEBUG -      3 |   119 |  11.9
2025-02-24 14:37:12,765 - DEBUG -     Sample: [0 0 0 0 0 0 0 0 1 0 0 0]
2025-02-24 14:37:12,765 - DEBUG -      4 |   104 |  10.4
2025-02-24 14:37:12,765 - DEBUG -     Sample: [0 0 0 0 0 0 0 0 0 0 1 0]
2025-02-24 14:37:12,765 - DEBUG -      5 |   100 |  10.0
2025-02-24 14:37:12,765 - DEBUG -     Sample: [0 0 0 0 0 0 0 0 1 1 1 0]
2025-02-24 14:37:12,766 - DEBUG - Generated 16 unique samples from 1000 total measurements
2025-02-24 14:37:12,766 - INFO -   No feasible solution found in this iteration
2025-02-24 14:37:12,766 - INFO -   No new constraints added, lowered tau multiplier: 1.0 -> 0.9
2025-02-24 14:37:12,766 - INFO -   No new constraints added, lowered tau multiplier: 0.9 -> 0.8
2025-02-24 14:37:12,766 - INFO -   No new constraints added, lowered tau multiplier: 0.8 -> 0.7
2025-02-24 14:37:12,766 - INFO -   No new constraints added, lowered tau multiplier: 0.7 -> 0.6
2025-02-24 14:37:12,766 - INFO -   Added 1 new constraints: [8]
2025-02-24 14:37:12,766 - INFO - 
Iteration 3:
2025-02-24 14:37:12,767 - DEBUG - Generated Ising Hamiltonian
2025-02-24 14:37:12,768 - DEBUG - Optimizing QAOA circuit...
2025-02-24 14:37:20,612 - WARNING - Circuit optimization did not converge
2025-02-24 14:37:20,612 - WARNING - Circuit optimization did not converge
2025-02-24 14:37:20,612 - DEBUG - Sampling from optimized circuit...
2025-02-24 14:37:20,664 - DEBUG - Generated 16 unique samples from 1000 total measurements
2025-02-24 14:37:20,664 - DEBUG - 
Top 5 most frequent samples:
2025-02-24 14:37:20,665 - DEBUG -   Rank | Count |   %   
2025-02-24 14:37:20,665 - DEBUG -   -----|-------|-------
2025-02-24 14:37:20,665 - DEBUG -      1 |   416 |  41.6
2025-02-24 14:37:20,665 - DEBUG -     Sample: [0 0 0 0 0 0 0 0 1 0 0 0]
2025-02-24 14:37:20,665 - DEBUG -      2 |   140 |  14.0
2025-02-24 14:37:20,665 - DEBUG -     Sample: [0 0 0 0 0 0 0 0 1 1 0 0]
2025-02-24 14:37:20,665 - DEBUG -      3 |   121 |  12.1
2025-02-24 14:37:20,665 - DEBUG -     Sample: [0 0 0 0 0 0 0 0 0 0 0 0]
2025-02-24 14:37:20,665 - DEBUG -      4 |    82 |   8.2
2025-02-24 14:37:20,665 - DEBUG -     Sample: [0 0 0 0 0 0 0 0 0 0 1 0]
2025-02-24 14:37:20,665 - DEBUG -      5 |    50 |   5.0
2025-02-24 14:37:20,666 - DEBUG -     Sample: [0 0 0 0 0 0 0 0 1 0 1 0]
2025-02-24 14:37:20,666 - DEBUG - Generated 16 unique samples from 1000 total measurements
2025-02-24 14:37:20,666 - INFO -   No feasible solution found in this iteration
2025-02-24 14:37:20,666 - INFO -   No new constraints added, lowered tau multiplier: 1.0 -> 0.9
2025-02-24 14:37:20,666 - INFO -   No new constraints added, lowered tau multiplier: 0.9 -> 0.8
2025-02-24 14:37:20,666 - INFO -   No new constraints added, lowered tau multiplier: 0.8 -> 0.7
2025-02-24 14:37:20,667 - INFO -   No new constraints added, lowered tau multiplier: 0.7 -> 0.6
2025-02-24 14:37:20,667 - INFO -   No new constraints added, lowered tau multiplier: 0.6 -> 0.5
2025-02-24 14:37:20,667 - INFO -   No new constraints added, lowered tau multiplier: 0.5 -> 0.4
2025-02-24 14:37:20,667 - INFO -   Added 22 new constraints: [0, 4, 5, 10, 11, 12, 14, 16, 17, 18, 22, 24, 26, 29, 30, 31, 33, 34, 35, 36, 37, 38]
2025-02-24 14:37:20,667 - INFO - 
Iteration 4:
2025-02-24 14:37:20,667 - DEBUG - Generated Ising Hamiltonian
2025-02-24 14:37:20,669 - DEBUG - Optimizing QAOA circuit...
2025-02-24 14:37:34,607 - WARNING - Circuit optimization did not converge
2025-02-24 14:37:34,607 - WARNING - Circuit optimization did not converge
2025-02-24 14:37:34,607 - DEBUG - Sampling from optimized circuit...
2025-02-24 14:37:34,669 - DEBUG - Generated 12 unique samples from 1000 total measurements
2025-02-24 14:37:34,669 - DEBUG - 
Top 5 most frequent samples:
2025-02-24 14:37:34,669 - DEBUG -   Rank | Count |   %   
2025-02-24 14:37:34,670 - DEBUG -   -----|-------|-------
2025-02-24 14:37:34,670 - DEBUG -      1 |   506 |  50.6
2025-02-24 14:37:34,670 - DEBUG -     Sample: [0 0 0 0 0 0 0 0 0 0 0 0]
2025-02-24 14:37:34,670 - DEBUG -      2 |   185 |  18.5
2025-02-24 14:37:34,670 - DEBUG -     Sample: [0 0 0 0 0 0 0 0 0 0 1 0]
2025-02-24 14:37:34,670 - DEBUG -      3 |   101 |  10.1
2025-02-24 14:37:34,670 - DEBUG -     Sample: [0 0 0 0 0 0 0 0 1 0 0 0]
2025-02-24 14:37:34,670 - DEBUG -      4 |    93 |   9.3
2025-02-24 14:37:34,671 - DEBUG -     Sample: [0 0 0 0 0 0 0 0 0 1 0 0]
2025-02-24 14:37:34,671 - DEBUG -      5 |    45 |   4.5
2025-02-24 14:37:34,671 - DEBUG -     Sample: [0 0 0 0 0 0 0 0 0 1 1 0]
2025-02-24 14:37:34,671 - DEBUG - Generated 12 unique samples from 1000 total measurements
2025-02-24 14:37:34,671 - INFO -   No feasible solution found in this iteration
2025-02-24 14:37:34,671 - INFO -   All constraints added, exiting
2025-02-24 14:37:34,671 - INFO -   Constraint generation found no feasible solution
2025-02-24 14:37:34,672 - INFO - 
Instance 47 results:
2025-02-24 14:37:34,672 - INFO -   Classical value: 169.0
2025-02-24 14:37:34,672 - INFO -   QAOA value: 195.0
2025-02-24 14:37:34,672 - INFO -   Constraint generation value: 0.0
2025-02-24 14:37:34,672 - INFO - 
Running instance 48/100
2025-02-24 14:37:34,673 - INFO - 
Running Classical Reference Solver (SCIP):
2025-02-24 14:37:34,674 - DEBUG - Problem dimensions: 40 constraints, 12 variables
2025-02-24 14:37:34,674 - DEBUG - Row names: ['ELEM1', 'ELEM2', 'ELEM3', 'ELEM4', 'ELEM5', 'ELEM6', 'ELEM7', 'ELEM8', 'ELEM9', 'ELEM10', 'ELEM11', 'ELEM12', 'ELEM13', 'ELEM14', 'ELEM15', 'ELEM16', 'ELEM17', 'ELEM18', 'ELEM19', 'ELEM20', 'ELEM21', 'ELEM22', 'ELEM23', 'ELEM24', 'ELEM25', 'ELEM26', 'ELEM27', 'ELEM28', 'ELEM29', 'ELEM30', 'ELEM31', 'ELEM32', 'ELEM33', 'ELEM34', 'ELEM35', 'ELEM36', 'ELEM37', 'ELEM38', 'ELEM39', 'ELEM40']
2025-02-24 14:37:34,674 - DEBUG - RHS values: {'ELEM1': 1.0, 'ELEM2': 1.0, 'ELEM3': 1.0, 'ELEM4': 1.0, 'ELEM5': 1.0, 'ELEM6': 1.0, 'ELEM7': 1.0, 'ELEM8': 1.0, 'ELEM9': 1.0, 'ELEM10': 1.0, 'ELEM11': 1.0, 'ELEM12': 1.0, 'ELEM13': 1.0, 'ELEM14': 1.0, 'ELEM15': 1.0, 'ELEM16': 1.0, 'ELEM17': 1.0, 'ELEM18': 1.0, 'ELEM19': 1.0, 'ELEM20': 1.0, 'ELEM21': 1.0, 'ELEM22': 1.0, 'ELEM23': 1.0, 'ELEM24': 1.0, 'ELEM25': 1.0, 'ELEM26': 1.0, 'ELEM27': 1.0, 'ELEM28': 1.0, 'ELEM29': 1.0, 'ELEM30': 1.0, 'ELEM31': 1.0, 'ELEM32': 1.0, 'ELEM33': 1.0, 'ELEM34': 1.0, 'ELEM35': 1.0, 'ELEM36': 1.0, 'ELEM37': 1.0, 'ELEM38': 1.0, 'ELEM39': 1.0, 'ELEM40': 1.0}
2025-02-24 14:37:34,681 - INFO -   Reference solution found:
2025-02-24 14:37:34,681 - INFO -     Solution: [0, 1, 1, 1, 0, 0, 0, 1, 0, 0, 1, 0]
2025-02-24 14:37:34,681 - INFO -     Value: 256.0
2025-02-24 14:37:34,682 - INFO - 
Running QAOA Reference Solution (with all constraints):
