2025-02-23 18:48:02,023 - INFO - 
Problem information:
2025-02-23 18:48:02,023 - INFO -   Number of variables (n): 10
2025-02-23 18:48:02,023 - INFO -   Number of constraints (m): 20
2025-02-23 18:48:02,023 - DEBUG -   Density of A: 50.00%
2025-02-23 18:48:02,023 - INFO - 
Starting reference QAOA with parameters:
2025-02-23 18:48:02,024 - INFO -   sample_size (total shots): 100
2025-02-23 18:48:02,024 - INFO - Added all constraints
2025-02-23 18:48:02,024 - DEBUG - Generated Ising Hamiltonian
2025-02-23 18:48:02,239 - DEBUG - Optimizing QAOA circuit...
2025-02-23 18:48:03,797 - DEBUG - Circuit optimization successful
2025-02-23 18:48:03,797 - DEBUG - Circuit optimization successful, final value: -20871.130869130873
2025-02-23 18:48:03,797 - DEBUG - Sampling from optimized circuit...
2025-02-23 18:48:03,811 - DEBUG - Generated 51 unique samples from 100 total measurements
2025-02-23 18:48:03,811 - DEBUG - 
Top 5 most frequent samples:
2025-02-23 18:48:03,811 - DEBUG -   Rank | Count |   %   
2025-02-23 18:48:03,811 - DEBUG -   -----|-------|-------
2025-02-23 18:48:03,811 - DEBUG -      1 |    10 |  10.0
2025-02-23 18:48:03,812 - DEBUG -     Sample: [1 1 0 0 0 0 0 1 1 1]
2025-02-23 18:48:03,812 - DEBUG -      2 |     9 |   9.0
2025-02-23 18:48:03,812 - DEBUG -     Sample: [1 1 0 0 0 0 0 0 1 1]
2025-02-23 18:48:03,812 - DEBUG -      3 |     6 |   6.0
2025-02-23 18:48:03,812 - DEBUG -     Sample: [1 1 1 0 1 0 0 1 1 1]
2025-02-23 18:48:03,813 - DEBUG -      4 |     5 |   5.0
2025-02-23 18:48:03,813 - DEBUG -     Sample: [0 1 0 1 0 1 0 0 1 1]
2025-02-23 18:48:03,813 - DEBUG -      5 |     5 |   5.0
2025-02-23 18:48:03,813 - DEBUG -     Sample: [1 1 0 1 0 0 0 0 1 1]
2025-02-23 18:48:03,813 - DEBUG - Generated 51 unique samples from 100 total measurements
2025-02-23 18:48:03,814 - INFO - No feasible solution found
2025-02-23 18:48:03,815 - INFO -   QAOA solver found no feasible solution
2025-02-23 18:48:03,815 - INFO - 
Running Constraint Generation:
2025-02-23 18:48:03,816 - INFO - 
Problem information:
2025-02-23 18:48:03,817 - INFO -   Number of variables (n): 10
2025-02-23 18:48:03,817 - INFO -   Number of constraints (m): 20
2025-02-23 18:48:03,817 - DEBUG -   Density of A: 50.00%
2025-02-23 18:48:03,817 - INFO - 
Running classical reference solver:
2025-02-23 18:48:03,828 - INFO -   Reference solution found:
2025-02-23 18:48:03,828 - INFO -     Solution: [0, 0, 1, 0, 0, 0, 1, 0, 0, 0]
2025-02-23 18:48:03,828 - INFO -     Value: 13.0
2025-02-23 18:48:03,828 - INFO - 
Starting quantum constraint generation with parameters:
2025-02-23 18:48:03,828 - INFO -   sample_size (total shots): 100
2025-02-23 18:48:03,828 - INFO -   tau: 0.1
2025-02-23 18:48:03,828 - INFO -   max_iters: 1000
2025-02-23 18:48:03,829 - INFO - 
Iteration 0:
2025-02-23 18:48:03,829 - DEBUG - Generated Ising Hamiltonian
2025-02-23 18:48:04,037 - DEBUG - Optimizing QAOA circuit...
2025-02-23 18:48:04,963 - DEBUG - Circuit optimization successful
2025-02-23 18:48:04,964 - DEBUG - Circuit optimization successful, final value: -6.881118881118882
2025-02-23 18:48:04,964 - DEBUG - Sampling from optimized circuit...
2025-02-23 18:48:04,974 - DEBUG - Generated 94 unique samples from 100 total measurements
2025-02-23 18:48:04,975 - DEBUG - 
Top 5 most frequent samples:
2025-02-23 18:48:04,975 - DEBUG -   Rank | Count |   %   
2025-02-23 18:48:04,975 - DEBUG -   -----|-------|-------
2025-02-23 18:48:04,975 - DEBUG -      1 |     3 |   3.0
2025-02-23 18:48:04,975 - DEBUG -     Sample: [1 1 0 0 1 1 0 1 0 0]
2025-02-23 18:48:04,975 - DEBUG -      2 |     2 |   2.0
2025-02-23 18:48:04,975 - DEBUG -     Sample: [0 0 0 0 0 1 1 0 0 0]
2025-02-23 18:48:04,975 - DEBUG -      3 |     2 |   2.0
2025-02-23 18:48:04,976 - DEBUG -     Sample: [0 0 1 0 0 1 1 0 0 0]
2025-02-23 18:48:04,976 - DEBUG -      4 |     2 |   2.0
2025-02-23 18:48:04,976 - DEBUG -     Sample: [1 0 0 1 0 1 0 0 0 0]
2025-02-23 18:48:04,976 - DEBUG -      5 |     2 |   2.0
2025-02-23 18:48:04,976 - DEBUG -     Sample: [1 1 1 0 0 0 1 1 1 1]
2025-02-23 18:48:04,977 - DEBUG - Generated 94 unique samples from 100 total measurements
2025-02-23 18:48:04,978 - INFO -   No feasible solution found in this iteration
2025-02-23 18:48:04,979 - INFO -   Added 5 new constraints: [2, 4, 9, 13, 14]
2025-02-23 18:48:04,979 - INFO - 
Iteration 1:
2025-02-23 18:48:04,979 - DEBUG - Generated Ising Hamiltonian
2025-02-23 18:48:05,195 - DEBUG - Optimizing QAOA circuit...
2025-02-23 18:48:06,311 - DEBUG - Circuit optimization successful
2025-02-23 18:48:06,312 - DEBUG - Circuit optimization successful, final value: 26343.95104895105
2025-02-23 18:48:06,312 - DEBUG - Sampling from optimized circuit...
2025-02-23 18:48:06,362 - DEBUG - Generated 71 unique samples from 100 total measurements
2025-02-23 18:48:06,362 - DEBUG - 
Top 5 most frequent samples:
2025-02-23 18:48:06,362 - DEBUG -   Rank | Count |   %   
2025-02-23 18:48:06,362 - DEBUG -   -----|-------|-------
2025-02-23 18:48:06,362 - DEBUG -      1 |     5 |   5.0
2025-02-23 18:48:06,363 - DEBUG -     Sample: [1 0 0 1 0 0 1 1 1 1]
2025-02-23 18:48:06,363 - DEBUG -      2 |     4 |   4.0
2025-02-23 18:48:06,363 - DEBUG -     Sample: [1 0 0 1 0 1 1 1 1 0]
2025-02-23 18:48:06,363 - DEBUG -      3 |     3 |   3.0
2025-02-23 18:48:06,363 - DEBUG -     Sample: [1 0 0 0 0 0 1 1 1 0]
2025-02-23 18:48:06,364 - DEBUG -      4 |     3 |   3.0
2025-02-23 18:48:06,364 - DEBUG -     Sample: [1 0 0 1 0 1 1 1 1 1]
2025-02-23 18:48:06,364 - DEBUG -      5 |     3 |   3.0
2025-02-23 18:48:06,364 - DEBUG -     Sample: [1 0 0 0 0 1 1 1 1 0]
2025-02-23 18:48:06,365 - DEBUG - Generated 71 unique samples from 100 total measurements
2025-02-23 18:48:06,366 - INFO -   No feasible solution found in this iteration
2025-02-23 18:48:06,367 - INFO -   No new constraints added, lowered tau multiplier: 1.0 -> 0.9
2025-02-23 18:48:06,367 - INFO -   Added 10 new constraints: [0, 3, 6, 7, 10, 11, 15, 17, 18, 19]
2025-02-23 18:48:06,367 - INFO - 
Iteration 2:
2025-02-23 18:48:06,367 - DEBUG - Generated Ising Hamiltonian
2025-02-23 18:48:06,569 - DEBUG - Optimizing QAOA circuit...
2025-02-23 18:48:08,193 - DEBUG - Circuit optimization successful
2025-02-23 18:48:08,193 - DEBUG - Circuit optimization successful, final value: 3484.474525474527
2025-02-23 18:48:08,193 - DEBUG - Sampling from optimized circuit...
2025-02-23 18:48:08,209 - DEBUG - Generated 92 unique samples from 100 total measurements
2025-02-23 18:48:08,210 - DEBUG - 
Top 5 most frequent samples:
2025-02-23 18:48:08,210 - DEBUG -   Rank | Count |   %   
2025-02-23 18:48:08,210 - DEBUG -   -----|-------|-------
2025-02-23 18:48:08,210 - DEBUG -      1 |     3 |   3.0
2025-02-23 18:48:08,210 - DEBUG -     Sample: [1 0 1 1 1 0 1 1 0 0]
2025-02-23 18:48:08,211 - DEBUG -      2 |     2 |   2.0
2025-02-23 18:48:08,211 - DEBUG -     Sample: [0 0 0 1 0 1 0 1 0 0]
2025-02-23 18:48:08,211 - DEBUG -      3 |     2 |   2.0
2025-02-23 18:48:08,211 - DEBUG -     Sample: [1 1 1 0 1 0 1 1 0 1]
2025-02-23 18:48:08,211 - DEBUG -      4 |     2 |   2.0
2025-02-23 18:48:08,212 - DEBUG -     Sample: [0 1 0 1 1 1 0 0 1 0]
2025-02-23 18:48:08,212 - DEBUG -      5 |     2 |   2.0
2025-02-23 18:48:08,212 - DEBUG -     Sample: [1 0 1 1 0 0 0 1 1 0]
2025-02-23 18:48:08,212 - DEBUG - Generated 92 unique samples from 100 total measurements
2025-02-23 18:48:08,214 - INFO -   No feasible solution found in this iteration
2025-02-23 18:48:08,214 - INFO -   Added 2 new constraints: [5, 16]
2025-02-23 18:48:08,215 - INFO - 
Iteration 3:
2025-02-23 18:48:08,215 - DEBUG - Generated Ising Hamiltonian
2025-02-23 18:48:08,411 - DEBUG - Optimizing QAOA circuit...
2025-02-23 18:48:09,814 - DEBUG - Circuit optimization successful
2025-02-23 18:48:09,815 - DEBUG - Circuit optimization successful, final value: 82254.42857142857
2025-02-23 18:48:09,815 - DEBUG - Sampling from optimized circuit...
2025-02-23 18:48:09,828 - DEBUG - Generated 68 unique samples from 100 total measurements
2025-02-23 18:48:09,828 - DEBUG - 
Top 5 most frequent samples:
2025-02-23 18:48:09,828 - DEBUG -   Rank | Count |   %   
2025-02-23 18:48:09,828 - DEBUG -   -----|-------|-------
2025-02-23 18:48:09,828 - DEBUG -      1 |     8 |   8.0
2025-02-23 18:48:09,829 - DEBUG -     Sample: [1 1 1 0 1 1 0 1 1 1]
2025-02-23 18:48:09,829 - DEBUG -      2 |     4 |   4.0
2025-02-23 18:48:09,829 - DEBUG -     Sample: [1 1 1 0 1 1 0 1 1 0]
2025-02-23 18:48:09,829 - DEBUG -      3 |     3 |   3.0
2025-02-23 18:48:09,829 - DEBUG -     Sample: [1 1 1 0 1 0 0 1 0 1]
2025-02-23 18:48:09,829 - DEBUG -      4 |     3 |   3.0
2025-02-23 18:48:09,830 - DEBUG -     Sample: [1 1 0 0 1 1 0 1 1 1]
2025-02-23 18:48:09,830 - DEBUG -      5 |     3 |   3.0
2025-02-23 18:48:09,830 - DEBUG -     Sample: [1 1 1 0 1 1 1 1 1 1]
2025-02-23 18:48:09,830 - DEBUG - Generated 68 unique samples from 100 total measurements
2025-02-23 18:48:09,832 - INFO -   No feasible solution found in this iteration
2025-02-23 18:48:09,833 - INFO -   Added 2 new constraints: [8, 12]
2025-02-23 18:48:09,833 - INFO - 
Iteration 4:
2025-02-23 18:48:09,833 - DEBUG - Generated Ising Hamiltonian
2025-02-23 18:48:10,052 - DEBUG - Optimizing QAOA circuit...
2025-02-23 18:48:11,560 - DEBUG - Circuit optimization successful
2025-02-23 18:48:11,560 - DEBUG - Circuit optimization successful, final value: -50416.01898101898
2025-02-23 18:48:11,560 - DEBUG - Sampling from optimized circuit...
2025-02-23 18:48:11,575 - DEBUG - Generated 35 unique samples from 100 total measurements
2025-02-23 18:48:11,575 - DEBUG - 
Top 5 most frequent samples:
2025-02-23 18:48:11,575 - DEBUG -   Rank | Count |   %   
2025-02-23 18:48:11,575 - DEBUG -   -----|-------|-------
2025-02-23 18:48:11,575 - DEBUG -      1 |    27 |  27.0
2025-02-23 18:48:11,576 - DEBUG -     Sample: [0 1 0 1 1 0 0 0 0 1]
2025-02-23 18:48:11,576 - DEBUG -      2 |    15 |  15.0
2025-02-23 18:48:11,576 - DEBUG -     Sample: [0 1 1 1 1 0 0 0 0 1]
2025-02-23 18:48:11,576 - DEBUG -      3 |     7 |   7.0
2025-02-23 18:48:11,576 - DEBUG -     Sample: [0 1 0 1 1 0 0 0 1 1]
2025-02-23 18:48:11,576 - DEBUG -      4 |     6 |   6.0
2025-02-23 18:48:11,577 - DEBUG -     Sample: [0 1 0 1 0 0 0 0 0 1]
2025-02-23 18:48:11,577 - DEBUG -      5 |     5 |   5.0
2025-02-23 18:48:11,577 - DEBUG -     Sample: [0 1 1 1 1 0 0 1 0 1]
2025-02-23 18:48:11,577 - DEBUG - Generated 35 unique samples from 100 total measurements
2025-02-23 18:48:11,578 - INFO -   No feasible solution found in this iteration
2025-02-23 18:48:11,579 - INFO -   No new constraints added, lowered tau multiplier: 1.0 -> 0.9
2025-02-23 18:48:11,579 - INFO -   Added 1 new constraints: [1]
2025-02-23 18:48:11,579 - INFO - 
Iteration 5:
2025-02-23 18:48:11,579 - DEBUG - Generated Ising Hamiltonian
2025-02-23 18:48:11,791 - DEBUG - Optimizing QAOA circuit...
2025-02-23 18:48:13,312 - DEBUG - Circuit optimization successful
2025-02-23 18:48:13,313 - DEBUG - Circuit optimization successful, final value: 17495.898101898096
2025-02-23 18:48:13,313 - DEBUG - Sampling from optimized circuit...
2025-02-23 18:48:13,326 - DEBUG - Generated 74 unique samples from 100 total measurements
2025-02-23 18:48:13,327 - DEBUG - 
Top 5 most frequent samples:
2025-02-23 18:48:13,327 - DEBUG -   Rank | Count |   %   
2025-02-23 18:48:13,327 - DEBUG -   -----|-------|-------
2025-02-23 18:48:13,327 - DEBUG -      1 |     4 |   4.0
2025-02-23 18:48:13,327 - DEBUG -     Sample: [1 0 1 0 1 1 0 1 0 1]
2025-02-23 18:48:13,327 - DEBUG -      2 |     4 |   4.0
2025-02-23 18:48:13,327 - DEBUG -     Sample: [0 0 1 0 0 1 1 1 0 1]
2025-02-23 18:48:13,328 - DEBUG -      3 |     3 |   3.0
2025-02-23 18:48:13,328 - DEBUG -     Sample: [1 0 1 0 0 1 0 1 0 1]
2025-02-23 18:48:13,328 - DEBUG -      4 |     3 |   3.0
2025-02-23 18:48:13,328 - DEBUG -     Sample: [0 0 1 0 0 1 0 1 0 1]
2025-02-23 18:48:13,328 - DEBUG -      5 |     2 |   2.0
2025-02-23 18:48:13,328 - DEBUG -     Sample: [1 0 1 0 0 1 1 0 0 1]
2025-02-23 18:48:13,329 - DEBUG - Generated 74 unique samples from 100 total measurements
2025-02-23 18:48:13,330 - INFO -   No feasible solution found in this iteration
2025-02-23 18:48:13,330 - INFO -   All constraints added, exiting
2025-02-23 18:48:13,331 - INFO -   Constraint generation found no feasible solution
2025-02-23 18:48:13,331 - INFO - 
Instance 30 results:
2025-02-23 18:48:13,331 - INFO -   Classical value: 13.0
2025-02-23 18:48:13,331 - INFO -   QAOA value: 0.0
2025-02-23 18:48:13,331 - INFO -   Constraint generation value: 0.0
2025-02-23 18:48:13,332 - INFO - 
Running instance 31/100
2025-02-23 18:48:13,334 - INFO - 
Running Classical Reference Solver (SCIP):
2025-02-23 18:48:13,334 - DEBUG - Problem dimensions: 20 constraints, 10 variables
2025-02-23 18:48:13,335 - DEBUG - Row names: ['ELEM1', 'ELEM2', 'ELEM3', 'ELEM4', 'ELEM5', 'ELEM6', 'ELEM7', 'ELEM8', 'ELEM9', 'ELEM10', 'ELEM11', 'ELEM12', 'ELEM13', 'ELEM14', 'ELEM15', 'ELEM16', 'ELEM17', 'ELEM18', 'ELEM19', 'ELEM20']
2025-02-23 18:48:13,335 - DEBUG - RHS values: {'ELEM1': 1.0, 'ELEM2': 1.0, 'ELEM3': 1.0, 'ELEM4': 1.0, 'ELEM5': 1.0, 'ELEM6': 1.0, 'ELEM7': 1.0, 'ELEM8': 1.0, 'ELEM9': 1.0, 'ELEM10': 1.0, 'ELEM11': 1.0, 'ELEM12': 1.0, 'ELEM13': 1.0, 'ELEM14': 1.0, 'ELEM15': 1.0, 'ELEM16': 1.0, 'ELEM17': 1.0, 'ELEM18': 1.0, 'ELEM19': 1.0, 'ELEM20': 1.0}
2025-02-23 18:48:13,345 - INFO -   Reference solution found:
2025-02-23 18:48:13,345 - INFO -     Solution: [1, 0, 0, 0, 0, 0, 0, 1, 0, 0]
2025-02-23 18:48:13,345 - INFO -     Value: 85.0
2025-02-23 18:48:13,345 - INFO - 
Running QAOA Reference Solution (with all constraints):
