
Problem information:
  Number of variables (n): 8
  Number of constraints (m): 25

Starting reference QAOA with parameters:
  sample_size (total shots): 500
Added all constraints
No feasible solution found
  QAOA solver found no feasible solution

Running Constraint Generation:

Problem information:
  Number of variables (n): 8
  Number of constraints (m): 25

Running classical reference solver:
  Reference solution found:
    Solution: [1, 0, 1, 0, 0, 0, 0, 1]
    Value: 84.99999999999999

Starting quantum constraint generation with parameters:
  sample_size (total shots): 500
  tau: 0.1
  max_iters: 1000

Iteration 0:
  No feasible solution found in this iteration
  Added 1 new constraints: [22]

Iteration 1:
  No feasible solution found in this iteration
  Added 2 new constraints: [20, 21]

Iteration 2:
Found feasible solution: [0 1 0 1 1 1 0 0] with objective value 204.0
  Found feasible solution:
    Solution: [0, 1, 0, 1, 1, 1, 0, 0]
    Value: 204.0
    Gap to reference: 140.00%
  Constraint generation solution found:
    Solution: [0, 1, 0, 1, 1, 1, 0, 0]
    Value: 204.0

Instance 14 results:
  Classical value: 84.99999999999999
  QAOA value: 0.0
  Constraint generation value: 204.0

Running instance 15/100

Running Classical Reference Solver (SCIP):
  Reference solution found:
    Solution: [1, 1, 0, 1, 0, 0, 0, 0]
    Value: 172.0

Running QAOA Reference Solution (with all constraints):
