2025-02-23 18:47:17,342 - INFO - 
Problem information:
2025-02-23 18:47:17,342 - INFO -   Number of variables (n): 10
2025-02-23 18:47:17,343 - INFO -   Number of constraints (m): 20
2025-02-23 18:47:17,343 - DEBUG -   Density of A: 50.00%
2025-02-23 18:47:17,343 - INFO - 
Starting reference QAOA with parameters:
2025-02-23 18:47:17,343 - INFO -   sample_size (total shots): 100
2025-02-23 18:47:17,343 - INFO - Added all constraints
2025-02-23 18:47:17,344 - DEBUG - Generated Ising Hamiltonian
2025-02-23 18:47:17,586 - DEBUG - Optimizing QAOA circuit...
2025-02-23 18:47:19,274 - DEBUG - Circuit optimization successful
2025-02-23 18:47:19,275 - DEBUG - Circuit optimization successful, final value: -10797.784215784215
2025-02-23 18:47:19,276 - DEBUG - Sampling from optimized circuit...
2025-02-23 18:47:19,318 - DEBUG - Generated 86 unique samples from 100 total measurements
2025-02-23 18:47:19,318 - DEBUG - 
Top 5 most frequent samples:
2025-02-23 18:47:19,318 - DEBUG -   Rank | Count |   %   
2025-02-23 18:47:19,318 - DEBUG -   -----|-------|-------
2025-02-23 18:47:19,318 - DEBUG -      1 |     4 |   4.0
2025-02-23 18:47:19,322 - DEBUG -     Sample: [0 0 0 1 0 0 1 0 0 1]
2025-02-23 18:47:19,322 - DEBUG -      2 |     2 |   2.0
2025-02-23 18:47:19,322 - DEBUG -     Sample: [1 0 0 0 0 0 1 0 1 1]
2025-02-23 18:47:19,323 - DEBUG -      3 |     2 |   2.0
2025-02-23 18:47:19,328 - DEBUG -     Sample: [0 1 0 1 1 1 0 0 1 1]
2025-02-23 18:47:19,328 - DEBUG -      4 |     2 |   2.0
2025-02-23 18:47:19,329 - DEBUG -     Sample: [0 1 1 1 0 0 1 0 1 1]
2025-02-23 18:47:19,330 - DEBUG -      5 |     2 |   2.0
2025-02-23 18:47:19,330 - DEBUG -     Sample: [0 0 1 0 1 1 1 1 1 0]
2025-02-23 18:47:19,330 - DEBUG - Generated 86 unique samples from 100 total measurements
2025-02-23 18:47:19,333 - INFO - No feasible solution found
2025-02-23 18:47:19,334 - INFO -   QAOA solver found no feasible solution
2025-02-23 18:47:19,334 - INFO - 
Running Constraint Generation:
2025-02-23 18:47:19,336 - INFO - 
Problem information:
2025-02-23 18:47:19,337 - INFO -   Number of variables (n): 10
2025-02-23 18:47:19,339 - INFO -   Number of constraints (m): 20
2025-02-23 18:47:19,339 - DEBUG -   Density of A: 50.00%
2025-02-23 18:47:19,339 - INFO - 
Running classical reference solver:
2025-02-23 18:47:19,353 - INFO -   Reference solution found:
2025-02-23 18:47:19,353 - INFO -     Solution: [0, 0, 0, 0, 0, 0, 0, 1, 1, 0]
2025-02-23 18:47:19,354 - INFO -     Value: 52.0
2025-02-23 18:47:19,354 - INFO - 
Starting quantum constraint generation with parameters:
2025-02-23 18:47:19,354 - INFO -   sample_size (total shots): 100
2025-02-23 18:47:19,354 - INFO -   tau: 0.1
2025-02-23 18:47:19,354 - INFO -   max_iters: 1000
2025-02-23 18:47:19,354 - INFO - 
Iteration 0:
2025-02-23 18:47:19,355 - DEBUG - Generated Ising Hamiltonian
2025-02-23 18:47:19,592 - DEBUG - Optimizing QAOA circuit...
2025-02-23 18:47:20,664 - DEBUG - Circuit optimization successful
2025-02-23 18:47:20,665 - DEBUG - Circuit optimization successful, final value: -66.10589410589412
2025-02-23 18:47:20,665 - DEBUG - Sampling from optimized circuit...
2025-02-23 18:47:20,675 - DEBUG - Generated 77 unique samples from 100 total measurements
2025-02-23 18:47:20,675 - DEBUG - 
Top 5 most frequent samples:
2025-02-23 18:47:20,675 - DEBUG -   Rank | Count |   %   
2025-02-23 18:47:20,675 - DEBUG -   -----|-------|-------
2025-02-23 18:47:20,676 - DEBUG -      1 |     4 |   4.0
2025-02-23 18:47:20,676 - DEBUG -     Sample: [0 0 0 1 1 1 1 0 0 1]
2025-02-23 18:47:20,676 - DEBUG -      2 |     4 |   4.0
2025-02-23 18:47:20,676 - DEBUG -     Sample: [0 0 0 1 1 1 1 1 0 1]
2025-02-23 18:47:20,676 - DEBUG -      3 |     3 |   3.0
2025-02-23 18:47:20,677 - DEBUG -     Sample: [0 0 0 1 0 1 1 0 1 1]
2025-02-23 18:47:20,677 - DEBUG -      4 |     3 |   3.0
2025-02-23 18:47:20,677 - DEBUG -     Sample: [0 0 1 1 1 1 1 1 0 1]
2025-02-23 18:47:20,677 - DEBUG -      5 |     3 |   3.0
2025-02-23 18:47:20,677 - DEBUG -     Sample: [0 0 1 1 0 1 1 0 0 1]
2025-02-23 18:47:20,678 - DEBUG - Generated 77 unique samples from 100 total measurements
2025-02-23 18:47:20,679 - INFO -   No feasible solution found in this iteration
2025-02-23 18:47:20,680 - INFO -   Added 1 new constraints: [12]
2025-02-23 18:47:20,680 - INFO - 
Iteration 1:
2025-02-23 18:47:20,680 - DEBUG - Generated Ising Hamiltonian
2025-02-23 18:47:20,886 - DEBUG - Optimizing QAOA circuit...
2025-02-23 18:47:21,806 - DEBUG - Circuit optimization successful
2025-02-23 18:47:21,806 - DEBUG - Circuit optimization successful, final value: -1918.6123876123877
2025-02-23 18:47:21,806 - DEBUG - Sampling from optimized circuit...
2025-02-23 18:47:21,817 - DEBUG - Generated 89 unique samples from 100 total measurements
2025-02-23 18:47:21,817 - DEBUG - 
Top 5 most frequent samples:
2025-02-23 18:47:21,818 - DEBUG -   Rank | Count |   %   
2025-02-23 18:47:21,818 - DEBUG -   -----|-------|-------
2025-02-23 18:47:21,818 - DEBUG -      1 |     3 |   3.0
2025-02-23 18:47:21,818 - DEBUG -     Sample: [0 0 1 1 0 1 0 1 0 0]
2025-02-23 18:47:21,818 - DEBUG -      2 |     2 |   2.0
2025-02-23 18:47:21,819 - DEBUG -     Sample: [1 0 1 1 1 1 0 1 1 1]
2025-02-23 18:47:21,819 - DEBUG -      3 |     2 |   2.0
2025-02-23 18:47:21,819 - DEBUG -     Sample: [0 1 1 0 0 1 1 1 0 0]
2025-02-23 18:47:21,819 - DEBUG -      4 |     2 |   2.0
2025-02-23 18:47:21,819 - DEBUG -     Sample: [0 0 1 1 0 1 0 1 1 0]
2025-02-23 18:47:21,819 - DEBUG -      5 |     2 |   2.0
2025-02-23 18:47:21,820 - DEBUG -     Sample: [1 0 1 1 0 0 1 1 0 0]
2025-02-23 18:47:21,821 - DEBUG - Generated 89 unique samples from 100 total measurements
2025-02-23 18:47:21,822 - INFO -   No feasible solution found in this iteration
2025-02-23 18:47:21,823 - INFO -   Added 4 new constraints: [2, 8, 10, 14]
2025-02-23 18:47:21,823 - INFO - 
Iteration 2:
2025-02-23 18:47:21,823 - DEBUG - Generated Ising Hamiltonian
2025-02-23 18:47:22,015 - DEBUG - Optimizing QAOA circuit...
2025-02-23 18:47:23,235 - DEBUG - Circuit optimization successful
2025-02-23 18:47:23,236 - DEBUG - Circuit optimization successful, final value: 19478.528471528472
2025-02-23 18:47:23,236 - DEBUG - Sampling from optimized circuit...
2025-02-23 18:47:23,251 - DEBUG - Generated 88 unique samples from 100 total measurements
2025-02-23 18:47:23,251 - DEBUG - 
Top 5 most frequent samples:
2025-02-23 18:47:23,251 - DEBUG -   Rank | Count |   %   
2025-02-23 18:47:23,252 - DEBUG -   -----|-------|-------
2025-02-23 18:47:23,252 - DEBUG -      1 |     3 |   3.0
2025-02-23 18:47:23,252 - DEBUG -     Sample: [0 1 1 1 1 0 1 0 1 1]
2025-02-23 18:47:23,252 - DEBUG -      2 |     3 |   3.0
2025-02-23 18:47:23,253 - DEBUG -     Sample: [0 1 1 0 0 1 1 1 1 1]
2025-02-23 18:47:23,253 - DEBUG -      3 |     2 |   2.0
2025-02-23 18:47:23,253 - DEBUG -     Sample: [0 1 1 1 1 0 1 1 1 1]
2025-02-23 18:47:23,253 - DEBUG -      4 |     2 |   2.0
2025-02-23 18:47:23,254 - DEBUG -     Sample: [1 1 1 1 1 0 0 1 1 1]
2025-02-23 18:47:23,254 - DEBUG -      5 |     2 |   2.0
2025-02-23 18:47:23,254 - DEBUG -     Sample: [0 1 1 1 1 1 1 0 1 1]
2025-02-23 18:47:23,255 - DEBUG - Generated 88 unique samples from 100 total measurements
2025-02-23 18:47:23,257 - INFO -   No feasible solution found in this iteration
2025-02-23 18:47:23,258 - INFO -   Added 1 new constraints: [7]
2025-02-23 18:47:23,258 - INFO - 
Iteration 3:
2025-02-23 18:47:23,258 - DEBUG - Generated Ising Hamiltonian
2025-02-23 18:47:23,463 - DEBUG - Optimizing QAOA circuit...
2025-02-23 18:47:24,992 - DEBUG - Circuit optimization successful
2025-02-23 18:47:24,992 - DEBUG - Circuit optimization successful, final value: 9947.926073926074
2025-02-23 18:47:24,992 - DEBUG - Sampling from optimized circuit...
2025-02-23 18:47:25,005 - DEBUG - Generated 85 unique samples from 100 total measurements
2025-02-23 18:47:25,005 - DEBUG - 
Top 5 most frequent samples:
2025-02-23 18:47:25,005 - DEBUG -   Rank | Count |   %   
2025-02-23 18:47:25,005 - DEBUG -   -----|-------|-------
2025-02-23 18:47:25,005 - DEBUG -      1 |     3 |   3.0
2025-02-23 18:47:25,006 - DEBUG -     Sample: [1 0 1 1 0 0 1 1 0 1]
2025-02-23 18:47:25,006 - DEBUG -      2 |     3 |   3.0
2025-02-23 18:47:25,006 - DEBUG -     Sample: [1 1 1 0 0 1 0 0 1 1]
2025-02-23 18:47:25,006 - DEBUG -      3 |     3 |   3.0
2025-02-23 18:47:25,006 - DEBUG -     Sample: [1 1 0 0 0 1 0 1 0 1]
2025-02-23 18:47:25,007 - DEBUG -      4 |     2 |   2.0
2025-02-23 18:47:25,007 - DEBUG -     Sample: [1 1 1 0 1 1 1 1 0 0]
2025-02-23 18:47:25,007 - DEBUG -      5 |     2 |   2.0
2025-02-23 18:47:25,007 - DEBUG -     Sample: [1 0 1 1 1 1 0 0 1 0]
2025-02-23 18:47:25,007 - DEBUG - Generated 85 unique samples from 100 total measurements
2025-02-23 18:47:25,009 - INFO -   No feasible solution found in this iteration
2025-02-23 18:47:25,010 - INFO -   Added 1 new constraints: [13]
2025-02-23 18:47:25,010 - INFO - 
Iteration 4:
2025-02-23 18:47:25,010 - DEBUG - Generated Ising Hamiltonian
2025-02-23 18:47:25,224 - DEBUG - Optimizing QAOA circuit...
2025-02-23 18:47:26,678 - DEBUG - Circuit optimization successful
2025-02-23 18:47:26,678 - DEBUG - Circuit optimization successful, final value: 17995.04995004995
2025-02-23 18:47:26,678 - DEBUG - Sampling from optimized circuit...
2025-02-23 18:47:26,689 - DEBUG - Generated 40 unique samples from 100 total measurements
2025-02-23 18:47:26,689 - DEBUG - 
Top 5 most frequent samples:
2025-02-23 18:47:26,690 - DEBUG -   Rank | Count |   %   
2025-02-23 18:47:26,690 - DEBUG -   -----|-------|-------
2025-02-23 18:47:26,690 - DEBUG -      1 |    23 |  23.0
2025-02-23 18:47:26,690 - DEBUG -     Sample: [1 1 1 1 0 0 0 0 1 0]
2025-02-23 18:47:26,690 - DEBUG -      2 |    10 |  10.0
2025-02-23 18:47:26,690 - DEBUG -     Sample: [1 0 1 1 0 0 0 0 1 0]
2025-02-23 18:47:26,690 - DEBUG -      3 |     7 |   7.0
2025-02-23 18:47:26,691 - DEBUG -     Sample: [1 1 1 1 0 0 0 1 1 0]
2025-02-23 18:47:26,691 - DEBUG -      4 |     6 |   6.0
2025-02-23 18:47:26,691 - DEBUG -     Sample: [1 1 1 0 0 0 0 0 1 0]
2025-02-23 18:47:26,691 - DEBUG -      5 |     5 |   5.0
2025-02-23 18:47:26,691 - DEBUG -     Sample: [1 1 1 1 0 1 0 1 1 0]
2025-02-23 18:47:26,691 - DEBUG - Generated 40 unique samples from 100 total measurements
2025-02-23 18:47:26,692 - INFO -   No feasible solution found in this iteration
2025-02-23 18:47:26,692 - INFO -   Added 4 new constraints: [1, 4, 18, 19]
2025-02-23 18:47:26,693 - INFO - 
Iteration 5:
2025-02-23 18:47:26,693 - DEBUG - Generated Ising Hamiltonian
2025-02-23 18:47:26,879 - DEBUG - Optimizing QAOA circuit...
2025-02-23 18:47:28,085 - DEBUG - Circuit optimization successful
2025-02-23 18:47:28,086 - DEBUG - Circuit optimization successful, final value: 38003.847152847164
2025-02-23 18:47:28,087 - DEBUG - Sampling from optimized circuit...
2025-02-23 18:47:28,181 - DEBUG - Generated 61 unique samples from 100 total measurements
2025-02-23 18:47:28,183 - DEBUG - 
Top 5 most frequent samples:
2025-02-23 18:47:28,183 - DEBUG -   Rank | Count |   %   
2025-02-23 18:47:28,184 - DEBUG -   -----|-------|-------
2025-02-23 18:47:28,184 - DEBUG -      1 |     8 |   8.0
2025-02-23 18:47:28,185 - DEBUG -     Sample: [1 1 1 0 0 1 0 1 0 0]
2025-02-23 18:47:28,186 - DEBUG -      2 |     4 |   4.0
2025-02-23 18:47:28,187 - DEBUG -     Sample: [1 0 1 0 1 1 0 1 0 0]
2025-02-23 18:47:28,188 - DEBUG -      3 |     4 |   4.0
2025-02-23 18:47:28,189 - DEBUG -     Sample: [1 1 1 0 0 0 0 1 0 0]
2025-02-23 18:47:28,189 - DEBUG -      4 |     3 |   3.0
2025-02-23 18:47:28,190 - DEBUG -     Sample: [1 1 1 1 0 1 0 1 0 0]
2025-02-23 18:47:28,190 - DEBUG -      5 |     3 |   3.0
2025-02-23 18:47:28,190 - DEBUG -     Sample: [1 0 1 0 0 1 0 1 1 0]
2025-02-23 18:47:28,192 - DEBUG - Generated 61 unique samples from 100 total measurements
2025-02-23 18:47:28,193 - INFO -   No feasible solution found in this iteration
2025-02-23 18:47:28,197 - INFO -   No new constraints added, lowered tau multiplier: 1.0 -> 0.9
2025-02-23 18:47:28,198 - INFO -   Added 6 new constraints: [0, 3, 6, 9, 11, 15]
2025-02-23 18:47:28,198 - INFO - 
Iteration 6:
2025-02-23 18:47:28,201 - DEBUG - Generated Ising Hamiltonian
2025-02-23 18:47:28,398 - DEBUG - Optimizing QAOA circuit...
2025-02-23 18:47:30,040 - DEBUG - Circuit optimization successful
2025-02-23 18:47:30,040 - DEBUG - Circuit optimization successful, final value: -72860.66633366633
2025-02-23 18:47:30,040 - DEBUG - Sampling from optimized circuit...
2025-02-23 18:47:30,053 - DEBUG - Generated 61 unique samples from 100 total measurements
2025-02-23 18:47:30,053 - DEBUG - 
Top 5 most frequent samples:
2025-02-23 18:47:30,053 - DEBUG -   Rank | Count |   %   
2025-02-23 18:47:30,053 - DEBUG -   -----|-------|-------
2025-02-23 18:47:30,053 - DEBUG -      1 |     6 |   6.0
2025-02-23 18:47:30,054 - DEBUG -     Sample: [0 0 0 0 1 0 1 1 1 1]
2025-02-23 18:47:30,054 - DEBUG -      2 |     4 |   4.0
2025-02-23 18:47:30,054 - DEBUG -     Sample: [0 1 0 0 0 0 0 1 1 1]
2025-02-23 18:47:30,055 - DEBUG -      3 |     4 |   4.0
2025-02-23 18:47:30,055 - DEBUG -     Sample: [0 0 0 0 0 0 1 1 1 1]
2025-02-23 18:47:30,055 - DEBUG -      4 |     3 |   3.0
2025-02-23 18:47:30,055 - DEBUG -     Sample: [0 0 0 0 0 0 0 0 1 1]
2025-02-23 18:47:30,055 - DEBUG -      5 |     3 |   3.0
2025-02-23 18:47:30,055 - DEBUG -     Sample: [0 1 0 0 1 0 1 1 1 1]
2025-02-23 18:47:30,056 - DEBUG - Generated 61 unique samples from 100 total measurements
2025-02-23 18:47:30,057 - INFO - Found feasible solution: [0 0 0 0 0 0 0 1 1 0] with objective value 52.0
2025-02-23 18:47:30,058 - INFO -   Found feasible solution:
2025-02-23 18:47:30,058 - INFO -     Solution: [0, 0, 0, 0, 0, 0, 0, 1, 1, 0]
2025-02-23 18:47:30,058 - INFO -     Value: 52.0
2025-02-23 18:47:30,058 - INFO -     Gap to reference: 0.00%
2025-02-23 18:47:30,058 - INFO -   Constraint generation solution found:
2025-02-23 18:47:30,059 - INFO -     Solution: [0, 0, 0, 0, 0, 0, 0, 1, 1, 0]
2025-02-23 18:47:30,059 - INFO -     Value: 52.0
2025-02-23 18:47:30,059 - INFO - 
Instance 23 results:
2025-02-23 18:47:30,059 - INFO -   Classical value: 52.0
2025-02-23 18:47:30,059 - INFO -   QAOA value: 0.0
2025-02-23 18:47:30,059 - INFO -   Constraint generation value: 52.0
2025-02-23 18:47:30,060 - INFO - 
Running instance 24/100
2025-02-23 18:47:30,061 - INFO - 
Running Classical Reference Solver (SCIP):
2025-02-23 18:47:30,062 - DEBUG - Problem dimensions: 20 constraints, 10 variables
2025-02-23 18:47:30,062 - DEBUG - Row names: ['ELEM1', 'ELEM2', 'ELEM3', 'ELEM4', 'ELEM5', 'ELEM6', 'ELEM7', 'ELEM8', 'ELEM9', 'ELEM10', 'ELEM11', 'ELEM12', 'ELEM13', 'ELEM14', 'ELEM15', 'ELEM16', 'ELEM17', 'ELEM18', 'ELEM19', 'ELEM20']
2025-02-23 18:47:30,062 - DEBUG - RHS values: {'ELEM1': 1.0, 'ELEM2': 1.0, 'ELEM3': 1.0, 'ELEM4': 1.0, 'ELEM5': 1.0, 'ELEM6': 1.0, 'ELEM7': 1.0, 'ELEM8': 1.0, 'ELEM9': 1.0, 'ELEM10': 1.0, 'ELEM11': 1.0, 'ELEM12': 1.0, 'ELEM13': 1.0, 'ELEM14': 1.0, 'ELEM15': 1.0, 'ELEM16': 1.0, 'ELEM17': 1.0, 'ELEM18': 1.0, 'ELEM19': 1.0, 'ELEM20': 1.0}
2025-02-23 18:47:30,072 - INFO -   Reference solution found:
2025-02-23 18:47:30,072 - INFO -     Solution: [1, 1, 0, 0, 0, 0, 0, 0, 0, 0]
2025-02-23 18:47:30,072 - INFO -     Value: 43.0
2025-02-23 18:47:30,072 - INFO - 
Running QAOA Reference Solution (with all constraints):
