
Problem information:
  Number of variables (n): 10
  Number of constraints (m): 20

Starting reference QAOA with parameters:
  sample_size (total shots): 100
Added all constraints
No feasible solution found
  QAOA solver found no feasible solution

Running Constraint Generation:

Problem information:
  Number of variables (n): 10
  Number of constraints (m): 20

Running classical reference solver:
  Reference solution found:
    Solution: [0, 0, 0, 0, 0, 0, 0, 1, 1, 0]
    Value: 52.0

Starting quantum constraint generation with parameters:
  sample_size (total shots): 100
  tau: 0.1
  max_iters: 1000

Iteration 0:
  No feasible solution found in this iteration
  Added 1 new constraints: [12]

Iteration 1:
  No feasible solution found in this iteration
  Added 4 new constraints: [2, 8, 10, 14]

Iteration 2:
  No feasible solution found in this iteration
  Added 1 new constraints: [7]

Iteration 3:
  No feasible solution found in this iteration
  Added 1 new constraints: [13]

Iteration 4:
  No feasible solution found in this iteration
  Added 4 new constraints: [1, 4, 18, 19]

Iteration 5:
  No feasible solution found in this iteration
  No new constraints added, lowered tau multiplier: 1.0 -> 0.9
  Added 6 new constraints: [0, 3, 6, 9, 11, 15]

Iteration 6:
Found feasible solution: [0 0 0 0 0 0 0 1 1 0] with objective value 52.0
  Found feasible solution:
    Solution: [0, 0, 0, 0, 0, 0, 0, 1, 1, 0]
    Value: 52.0
    Gap to reference: 0.00%
  Constraint generation solution found:
    Solution: [0, 0, 0, 0, 0, 0, 0, 1, 1, 0]
    Value: 52.0

Instance 23 results:
  Classical value: 52.0
  QAOA value: 0.0
  Constraint generation value: 52.0

Running instance 24/100

Running Classical Reference Solver (SCIP):
  Reference solution found:
    Solution: [1, 1, 0, 0, 0, 0, 0, 0, 0, 0]
    Value: 43.0

Running QAOA Reference Solution (with all constraints):
