2025-02-23 17:40:59,735 - INFO - 
Problem information:
2025-02-23 17:40:59,735 - INFO -   Number of variables (n): 10
2025-02-23 17:40:59,735 - INFO -   Number of constraints (m): 30
2025-02-23 17:40:59,735 - DEBUG -   Density of A: 23.33%
2025-02-23 17:40:59,735 - INFO - 
Starting reference QAOA with parameters:
2025-02-23 17:40:59,736 - INFO -   sample_size (total shots): 200
2025-02-23 17:40:59,736 - INFO - Added all constraints
2025-02-23 17:40:59,736 - DEBUG - Generated Ising Hamiltonian
2025-02-23 17:40:59,932 - DEBUG - Optimizing QAOA circuit...
2025-02-23 17:41:01,561 - DEBUG - Circuit optimization successful
2025-02-23 17:41:01,562 - DEBUG - Circuit optimization successful, final value: 11958.646353646353
2025-02-23 17:41:01,562 - DEBUG - Sampling from optimized circuit...
2025-02-23 17:41:01,588 - DEBUG - Generated 106 unique samples from 200 total measurements
2025-02-23 17:41:01,588 - DEBUG - 
Top 5 most frequent samples:
2025-02-23 17:41:01,588 - DEBUG -   Rank | Count |   %   
2025-02-23 17:41:01,588 - DEBUG -   -----|-------|-------
2025-02-23 17:41:01,588 - DEBUG -      1 |     8 |   4.0
2025-02-23 17:41:01,589 - DEBUG -     Sample: [1 1 1 1 0 0 1 0 0 0]
2025-02-23 17:41:01,589 - DEBUG -      2 |     6 |   3.0
2025-02-23 17:41:01,589 - DEBUG -     Sample: [1 1 1 1 0 1 1 0 0 0]
2025-02-23 17:41:01,589 - DEBUG -      3 |     5 |   2.5
2025-02-23 17:41:01,590 - DEBUG -     Sample: [1 1 0 1 1 1 1 0 0 0]
2025-02-23 17:41:01,590 - DEBUG -      4 |     5 |   2.5
2025-02-23 17:41:01,590 - DEBUG -     Sample: [1 1 0 1 1 1 1 0 0 1]
2025-02-23 17:41:01,590 - DEBUG -      5 |     5 |   2.5
2025-02-23 17:41:01,590 - DEBUG -     Sample: [0 1 1 1 0 0 1 1 0 0]
2025-02-23 17:41:01,591 - DEBUG - Generated 106 unique samples from 200 total measurements
2025-02-23 17:41:01,592 - INFO - Found feasible solution: [0 1 0 1 0 1 1 0 0 0] with objective value 119.0
2025-02-23 17:41:01,594 - INFO - Found feasible solution:
2025-02-23 17:41:01,594 - INFO -   Solution: [0, 1, 0, 1, 0, 1, 1, 0, 0, 0]
2025-02-23 17:41:01,594 - INFO -   Value: 119.0
2025-02-23 17:41:01,594 - INFO -   QAOA solution found:
2025-02-23 17:41:01,594 - INFO -     Solution: [0, 1, 0, 1, 0, 1, 1, 0, 0, 0]
2025-02-23 17:41:01,595 - INFO -     Value: 119.0
2025-02-23 17:41:01,595 - INFO - 
Running Constraint Generation:
2025-02-23 17:41:01,596 - INFO - 
Problem information:
2025-02-23 17:41:01,596 - INFO -   Number of variables (n): 10
2025-02-23 17:41:01,596 - INFO -   Number of constraints (m): 30
2025-02-23 17:41:01,597 - DEBUG -   Density of A: 23.33%
2025-02-23 17:41:01,597 - INFO - 
Running classical reference solver:
2025-02-23 17:41:01,607 - INFO -   Reference solution found:
2025-02-23 17:41:01,607 - INFO -     Solution: [0, 1, 0, 1, 0, 1, 1, 0, 0, 0]
2025-02-23 17:41:01,608 - INFO -     Value: 119.0
2025-02-23 17:41:01,608 - INFO - 
Starting quantum constraint generation with parameters:
2025-02-23 17:41:01,608 - INFO -   sample_size (total shots): 200
2025-02-23 17:41:01,608 - INFO -   tau: 0.1
2025-02-23 17:41:01,608 - INFO -   max_iters: 1000
2025-02-23 17:41:01,608 - INFO - 
Iteration 0:
2025-02-23 17:41:01,609 - DEBUG - Generated Ising Hamiltonian
2025-02-23 17:41:01,800 - DEBUG - Optimizing QAOA circuit...
2025-02-23 17:41:02,762 - DEBUG - Circuit optimization successful
2025-02-23 17:41:02,762 - DEBUG - Circuit optimization successful, final value: -68.88511488511489
2025-02-23 17:41:02,762 - DEBUG - Sampling from optimized circuit...
2025-02-23 17:41:02,774 - DEBUG - Generated 105 unique samples from 200 total measurements
2025-02-23 17:41:02,774 - DEBUG - 
Top 5 most frequent samples:
2025-02-23 17:41:02,774 - DEBUG -   Rank | Count |   %   
2025-02-23 17:41:02,774 - DEBUG -   -----|-------|-------
2025-02-23 17:41:02,774 - DEBUG -      1 |    17 |   8.5
2025-02-23 17:41:02,775 - DEBUG -     Sample: [0 0 1 1 1 1 1 1 0 1]
2025-02-23 17:41:02,775 - DEBUG -      2 |     8 |   4.0
2025-02-23 17:41:02,775 - DEBUG -     Sample: [0 0 1 0 1 0 1 1 0 1]
2025-02-23 17:41:02,775 - DEBUG -      3 |     8 |   4.0
2025-02-23 17:41:02,776 - DEBUG -     Sample: [0 1 1 1 1 1 1 1 0 0]
2025-02-23 17:41:02,776 - DEBUG -      4 |     8 |   4.0
2025-02-23 17:41:02,776 - DEBUG -     Sample: [0 0 1 0 1 1 1 1 0 1]
2025-02-23 17:41:02,776 - DEBUG -      5 |     6 |   3.0
2025-02-23 17:41:02,776 - DEBUG -     Sample: [0 0 1 1 0 1 1 1 0 1]
2025-02-23 17:41:02,777 - DEBUG - Generated 105 unique samples from 200 total measurements
2025-02-23 17:41:02,779 - INFO -   No feasible solution found in this iteration
2025-02-23 17:41:02,780 - INFO -   Added 1 new constraints: [7]
2025-02-23 17:41:02,780 - INFO - 
Iteration 1:
2025-02-23 17:41:02,780 - DEBUG - Generated Ising Hamiltonian
2025-02-23 17:41:02,997 - DEBUG - Optimizing QAOA circuit...
2025-02-23 17:41:03,827 - DEBUG - Circuit optimization successful
2025-02-23 17:41:03,827 - DEBUG - Circuit optimization successful, final value: -564.5904095904096
2025-02-23 17:41:03,827 - DEBUG - Sampling from optimized circuit...
2025-02-23 17:41:03,838 - DEBUG - Generated 146 unique samples from 200 total measurements
2025-02-23 17:41:03,838 - DEBUG - 
Top 5 most frequent samples:
2025-02-23 17:41:03,839 - DEBUG -   Rank | Count |   %   
2025-02-23 17:41:03,839 - DEBUG -   -----|-------|-------
2025-02-23 17:41:03,839 - DEBUG -      1 |     4 |   2.0
2025-02-23 17:41:03,839 - DEBUG -     Sample: [0 1 1 1 0 0 1 1 0 1]
2025-02-23 17:41:03,839 - DEBUG -      2 |     4 |   2.0
2025-02-23 17:41:03,839 - DEBUG -     Sample: [1 0 1 1 0 0 1 0 0 1]
2025-02-23 17:41:03,840 - DEBUG -      3 |     4 |   2.0
2025-02-23 17:41:03,840 - DEBUG -     Sample: [1 1 1 0 0 0 1 0 0 1]
2025-02-23 17:41:03,840 - DEBUG -      4 |     4 |   2.0
2025-02-23 17:41:03,840 - DEBUG -     Sample: [0 1 1 1 0 1 1 0 0 1]
2025-02-23 17:41:03,840 - DEBUG -      5 |     4 |   2.0
2025-02-23 17:41:03,840 - DEBUG -     Sample: [0 1 1 1 0 0 0 1 0 1]
2025-02-23 17:41:03,841 - DEBUG - Generated 146 unique samples from 200 total measurements
2025-02-23 17:41:03,844 - INFO -   No feasible solution found in this iteration
2025-02-23 17:41:03,844 - INFO -   Added 1 new constraints: [14]
2025-02-23 17:41:03,845 - INFO - 
Iteration 2:
2025-02-23 17:41:03,845 - DEBUG - Generated Ising Hamiltonian
2025-02-23 17:41:04,032 - DEBUG - Optimizing QAOA circuit...
2025-02-23 17:41:05,165 - DEBUG - Circuit optimization successful
2025-02-23 17:41:05,165 - DEBUG - Circuit optimization successful, final value: -298.22277722277727
2025-02-23 17:41:05,165 - DEBUG - Sampling from optimized circuit...
2025-02-23 17:41:05,176 - DEBUG - Generated 184 unique samples from 200 total measurements
2025-02-23 17:41:05,177 - DEBUG - 
Top 5 most frequent samples:
2025-02-23 17:41:05,177 - DEBUG -   Rank | Count |   %   
2025-02-23 17:41:05,177 - DEBUG -   -----|-------|-------
2025-02-23 17:41:05,177 - DEBUG -      1 |     3 |   1.5
2025-02-23 17:41:05,177 - DEBUG -     Sample: [0 1 0 0 0 0 0 1 1 1]
2025-02-23 17:41:05,177 - DEBUG -      2 |     2 |   1.0
2025-02-23 17:41:05,178 - DEBUG -     Sample: [0 0 0 0 1 1 0 0 0 0]
2025-02-23 17:41:05,178 - DEBUG -      3 |     2 |   1.0
2025-02-23 17:41:05,178 - DEBUG -     Sample: [0 0 0 1 1 0 0 1 1 1]
2025-02-23 17:41:05,178 - DEBUG -      4 |     2 |   1.0
2025-02-23 17:41:05,178 - DEBUG -     Sample: [1 0 1 1 0 0 0 0 0 1]
2025-02-23 17:41:05,178 - DEBUG -      5 |     2 |   1.0
2025-02-23 17:41:05,179 - DEBUG -     Sample: [0 0 1 1 1 1 1 0 1 0]
2025-02-23 17:41:05,179 - DEBUG - Generated 184 unique samples from 200 total measurements
2025-02-23 17:41:05,182 - INFO -   No feasible solution found in this iteration
2025-02-23 17:41:05,183 - INFO -   No new constraints added, lowered tau multiplier: 1.0 -> 0.9
2025-02-23 17:41:05,183 - INFO -   Added 1 new constraints: [4]
2025-02-23 17:41:05,183 - INFO - 
Iteration 3:
2025-02-23 17:41:05,183 - DEBUG - Generated Ising Hamiltonian
2025-02-23 17:41:05,377 - DEBUG - Optimizing QAOA circuit...
2025-02-23 17:41:06,386 - DEBUG - Circuit optimization successful
2025-02-23 17:41:06,386 - DEBUG - Circuit optimization successful, final value: -9351.828171828172
2025-02-23 17:41:06,386 - DEBUG - Sampling from optimized circuit...
2025-02-23 17:41:06,397 - DEBUG - Generated 105 unique samples from 200 total measurements
2025-02-23 17:41:06,397 - DEBUG - 
Top 5 most frequent samples:
2025-02-23 17:41:06,397 - DEBUG -   Rank | Count |   %   
2025-02-23 17:41:06,397 - DEBUG -   -----|-------|-------
2025-02-23 17:41:06,397 - DEBUG -      1 |    10 |   5.0
2025-02-23 17:41:06,397 - DEBUG -     Sample: [0 0 0 0 0 1 0 1 1 0]
2025-02-23 17:41:06,397 - DEBUG -      2 |     9 |   4.5
2025-02-23 17:41:06,398 - DEBUG -     Sample: [0 0 0 0 0 1 1 1 1 0]
2025-02-23 17:41:06,398 - DEBUG -      3 |     9 |   4.5
2025-02-23 17:41:06,398 - DEBUG -     Sample: [0 0 0 0 0 1 0 1 0 0]
2025-02-23 17:41:06,398 - DEBUG -      4 |     8 |   4.0
2025-02-23 17:41:06,398 - DEBUG -     Sample: [0 0 0 0 0 1 0 1 1 1]
2025-02-23 17:41:06,398 - DEBUG -      5 |     8 |   4.0
2025-02-23 17:41:06,399 - DEBUG -     Sample: [0 0 0 1 0 1 0 1 1 0]
2025-02-23 17:41:06,399 - DEBUG - Generated 105 unique samples from 200 total measurements
2025-02-23 17:41:06,401 - INFO -   No feasible solution found in this iteration
2025-02-23 17:41:06,401 - INFO -   Added 1 new constraints: [3]
2025-02-23 17:41:06,401 - INFO - 
Iteration 4:
2025-02-23 17:41:06,401 - DEBUG - Generated Ising Hamiltonian
2025-02-23 17:41:06,586 - DEBUG - Optimizing QAOA circuit...
2025-02-23 17:41:07,544 - DEBUG - Circuit optimization successful
2025-02-23 17:41:07,544 - DEBUG - Circuit optimization successful, final value: -4405.9850149850145
2025-02-23 17:41:07,544 - DEBUG - Sampling from optimized circuit...
2025-02-23 17:41:07,555 - DEBUG - Generated 135 unique samples from 200 total measurements
2025-02-23 17:41:07,555 - DEBUG - 
Top 5 most frequent samples:
2025-02-23 17:41:07,555 - DEBUG -   Rank | Count |   %   
2025-02-23 17:41:07,556 - DEBUG -   -----|-------|-------
2025-02-23 17:41:07,556 - DEBUG -      1 |     7 |   3.5
2025-02-23 17:41:07,556 - DEBUG -     Sample: [0 0 0 0 1 1 1 0 0 0]
2025-02-23 17:41:07,556 - DEBUG -      2 |     7 |   3.5
2025-02-23 17:41:07,556 - DEBUG -     Sample: [1 0 0 0 1 1 0 0 0 0]
2025-02-23 17:41:07,556 - DEBUG -      3 |     7 |   3.5
2025-02-23 17:41:07,557 - DEBUG -     Sample: [0 0 0 0 1 1 1 0 1 0]
2025-02-23 17:41:07,557 - DEBUG -      4 |     5 |   2.5
2025-02-23 17:41:07,557 - DEBUG -     Sample: [0 0 0 0 1 1 0 0 1 0]
2025-02-23 17:41:07,557 - DEBUG -      5 |     5 |   2.5
2025-02-23 17:41:07,557 - DEBUG -     Sample: [0 0 0 0 1 1 1 0 1 1]
2025-02-23 17:41:07,558 - DEBUG - Generated 135 unique samples from 200 total measurements
2025-02-23 17:41:07,561 - INFO -   No feasible solution found in this iteration
2025-02-23 17:41:07,562 - INFO -   Added 1 new constraints: [1]
2025-02-23 17:41:07,562 - INFO - 
Iteration 5:
2025-02-23 17:41:07,562 - DEBUG - Generated Ising Hamiltonian
2025-02-23 17:41:07,752 - DEBUG - Optimizing QAOA circuit...
2025-02-23 17:41:08,890 - DEBUG - Circuit optimization successful
2025-02-23 17:41:08,891 - DEBUG - Circuit optimization successful, final value: -1386.2377622377626
2025-02-23 17:41:08,891 - DEBUG - Sampling from optimized circuit...
2025-02-23 17:41:08,902 - DEBUG - Generated 144 unique samples from 200 total measurements
2025-02-23 17:41:08,902 - DEBUG - 
Top 5 most frequent samples:
2025-02-23 17:41:08,902 - DEBUG -   Rank | Count |   %   
2025-02-23 17:41:08,902 - DEBUG -   -----|-------|-------
2025-02-23 17:41:08,903 - DEBUG -      1 |     5 |   2.5
2025-02-23 17:41:08,903 - DEBUG -     Sample: [0 1 0 0 0 1 1 0 1 0]
2025-02-23 17:41:08,903 - DEBUG -      2 |     4 |   2.0
2025-02-23 17:41:08,903 - DEBUG -     Sample: [0 1 1 0 0 1 1 0 1 0]
2025-02-23 17:41:08,903 - DEBUG -      3 |     4 |   2.0
2025-02-23 17:41:08,903 - DEBUG -     Sample: [0 0 1 0 0 1 1 0 1 0]
2025-02-23 17:41:08,904 - DEBUG -      4 |     4 |   2.0
2025-02-23 17:41:08,904 - DEBUG -     Sample: [0 1 1 0 0 1 1 0 1 1]
2025-02-23 17:41:08,904 - DEBUG -      5 |     3 |   1.5
2025-02-23 17:41:08,904 - DEBUG -     Sample: [0 0 0 0 0 1 0 0 1 1]
2025-02-23 17:41:08,905 - DEBUG - Generated 144 unique samples from 200 total measurements
2025-02-23 17:41:08,907 - INFO -   No feasible solution found in this iteration
2025-02-23 17:41:08,907 - INFO -   No new constraints added, lowered tau multiplier: 1.0 -> 0.9
2025-02-23 17:41:08,908 - INFO -   No new constraints added, lowered tau multiplier: 0.9 -> 0.8
2025-02-23 17:41:08,908 - INFO -   Added 1 new constraints: [26]
2025-02-23 17:41:08,908 - INFO - 
Iteration 6:
2025-02-23 17:41:08,908 - DEBUG - Generated Ising Hamiltonian
2025-02-23 17:41:09,093 - DEBUG - Optimizing QAOA circuit...
2025-02-23 17:41:10,063 - DEBUG - Circuit optimization successful
2025-02-23 17:41:10,064 - DEBUG - Circuit optimization successful, final value: -2092.6723276723274
2025-02-23 17:41:10,064 - DEBUG - Sampling from optimized circuit...
2025-02-23 17:41:10,076 - DEBUG - Generated 114 unique samples from 200 total measurements
2025-02-23 17:41:10,077 - DEBUG - 
Top 5 most frequent samples:
2025-02-23 17:41:10,077 - DEBUG -   Rank | Count |   %   
2025-02-23 17:41:10,077 - DEBUG -   -----|-------|-------
2025-02-23 17:41:10,077 - DEBUG -      1 |     7 |   3.5
2025-02-23 17:41:10,077 - DEBUG -     Sample: [0 0 1 1 0 1 0 0 1 1]
2025-02-23 17:41:10,077 - DEBUG -      2 |     6 |   3.0
2025-02-23 17:41:10,077 - DEBUG -     Sample: [0 1 0 1 0 1 1 1 1 0]
2025-02-23 17:41:10,077 - DEBUG -      3 |     6 |   3.0
2025-02-23 17:41:10,078 - DEBUG -     Sample: [0 0 0 1 1 0 1 1 1 0]
2025-02-23 17:41:10,078 - DEBUG -      4 |     5 |   2.5
2025-02-23 17:41:10,078 - DEBUG -     Sample: [0 0 1 1 1 1 0 1 1 0]
2025-02-23 17:41:10,078 - DEBUG -      5 |     5 |   2.5
2025-02-23 17:41:10,078 - DEBUG -     Sample: [0 0 1 1 1 1 0 0 1 0]
2025-02-23 17:41:10,079 - DEBUG - Generated 114 unique samples from 200 total measurements
2025-02-23 17:41:10,081 - INFO -   No feasible solution found in this iteration
2025-02-23 17:41:10,081 - INFO -   Added 1 new constraints: [10]
2025-02-23 17:41:10,081 - INFO - 
Iteration 7:
2025-02-23 17:41:10,082 - DEBUG - Generated Ising Hamiltonian
2025-02-23 17:41:10,339 - DEBUG - Optimizing QAOA circuit...
2025-02-23 17:41:11,633 - DEBUG - Circuit optimization successful
2025-02-23 17:41:11,633 - DEBUG - Circuit optimization successful, final value: -1244.861138861139
2025-02-23 17:41:11,634 - DEBUG - Sampling from optimized circuit...
2025-02-23 17:41:11,646 - DEBUG - Generated 186 unique samples from 200 total measurements
2025-02-23 17:41:11,646 - DEBUG - 
Top 5 most frequent samples:
2025-02-23 17:41:11,646 - DEBUG -   Rank | Count |   %   
2025-02-23 17:41:11,646 - DEBUG -   -----|-------|-------
2025-02-23 17:41:11,647 - DEBUG -      1 |     3 |   1.5
2025-02-23 17:41:11,647 - DEBUG -     Sample: [0 0 0 0 0 0 0 1 0 1]
2025-02-23 17:41:11,647 - DEBUG -      2 |     2 |   1.0
2025-02-23 17:41:11,647 - DEBUG -     Sample: [0 0 0 0 0 1 1 1 0 0]
2025-02-23 17:41:11,647 - DEBUG -      3 |     2 |   1.0
2025-02-23 17:41:11,647 - DEBUG -     Sample: [1 0 0 1 1 0 0 1 0 0]
2025-02-23 17:41:11,648 - DEBUG -      4 |     2 |   1.0
2025-02-23 17:41:11,648 - DEBUG -     Sample: [1 0 0 0 1 0 0 1 1 0]
2025-02-23 17:41:11,648 - DEBUG -      5 |     2 |   1.0
2025-02-23 17:41:11,648 - DEBUG -     Sample: [0 0 0 1 1 0 0 1 1 0]
2025-02-23 17:41:11,649 - DEBUG - Generated 186 unique samples from 200 total measurements
2025-02-23 17:41:11,650 - INFO - Found feasible solution: [0 0 1 0 0 0 0 1 1 1] with objective value 178.0
2025-02-23 17:41:11,653 - INFO -   Found feasible solution:
2025-02-23 17:41:11,654 - INFO -     Solution: [0, 0, 1, 0, 0, 0, 0, 1, 1, 1]
2025-02-23 17:41:11,654 - INFO -     Value: 178.0
2025-02-23 17:41:11,654 - INFO -     Gap to reference: 49.58%
2025-02-23 17:41:11,654 - INFO -   Constraint generation solution found:
2025-02-23 17:41:11,655 - INFO -     Solution: [0, 0, 1, 0, 0, 0, 0, 1, 1, 1]
2025-02-23 17:41:11,655 - INFO -     Value: 178.0
2025-02-23 17:41:11,655 - INFO - 
Instance 8 results:
2025-02-23 17:41:11,655 - INFO -   Classical value: 119.0
2025-02-23 17:41:11,655 - INFO -   QAOA value: 119.0
2025-02-23 17:41:11,656 - INFO -   Constraint generation value: 178.0
2025-02-23 17:41:11,656 - INFO - 
Running instance 9/20
2025-02-23 17:41:11,657 - INFO - 
Running Classical Reference Solver (SCIP):
2025-02-23 17:41:11,658 - DEBUG - Problem dimensions: 30 constraints, 10 variables
2025-02-23 17:41:11,658 - DEBUG - Row names: ['ELEM1', 'ELEM2', 'ELEM3', 'ELEM4', 'ELEM5', 'ELEM6', 'ELEM7', 'ELEM8', 'ELEM9', 'ELEM10', 'ELEM11', 'ELEM12', 'ELEM13', 'ELEM14', 'ELEM15', 'ELEM16', 'ELEM17', 'ELEM18', 'ELEM19', 'ELEM20', 'ELEM21', 'ELEM22', 'ELEM23', 'ELEM24', 'ELEM25', 'ELEM26', 'ELEM27', 'ELEM28', 'ELEM29', 'ELEM30']
2025-02-23 17:41:11,658 - DEBUG - RHS values: {'ELEM1': 1.0, 'ELEM2': 1.0, 'ELEM3': 1.0, 'ELEM4': 1.0, 'ELEM5': 1.0, 'ELEM6': 1.0, 'ELEM7': 1.0, 'ELEM8': 1.0, 'ELEM9': 1.0, 'ELEM10': 1.0, 'ELEM11': 1.0, 'ELEM12': 1.0, 'ELEM13': 1.0, 'ELEM14': 1.0, 'ELEM15': 1.0, 'ELEM16': 1.0, 'ELEM17': 1.0, 'ELEM18': 1.0, 'ELEM19': 1.0, 'ELEM20': 1.0, 'ELEM21': 1.0, 'ELEM22': 1.0, 'ELEM23': 1.0, 'ELEM24': 1.0, 'ELEM25': 1.0, 'ELEM26': 1.0, 'ELEM27': 1.0, 'ELEM28': 1.0, 'ELEM29': 1.0, 'ELEM30': 1.0}
2025-02-23 17:41:11,669 - INFO -   Reference solution found:
2025-02-23 17:41:11,669 - INFO -     Solution: [1, 0, 1, 0, 0, 0, 0, 0, 1, 1]
2025-02-23 17:41:11,669 - INFO -     Value: 261.0
2025-02-23 17:41:11,670 - INFO - 
Running QAOA Reference Solution (with all constraints):
