
Problem information:
  Number of variables (n): 12
  Number of constraints (m): 40

Starting reference QAOA with parameters:
  sample_size (total shots): 1000
Added all constraints
Found feasible solution: [1 0 1 0 0 0 0 1 1 0 0 0] with objective value 236.0
Found feasible solution:
  Solution: [1, 0, 1, 0, 0, 0, 0, 1, 1, 0, 0, 0]
  Value: 236.0
  QAOA solution found:
    Solution: [1, 0, 1, 0, 0, 0, 0, 1, 1, 0, 0, 0]
    Value: 236.0

Running Constraint Generation:

Problem information:
  Number of variables (n): 12
  Number of constraints (m): 40

Running classical reference solver:
  Reference solution found:
    Solution: [0, 0, 0, 1, 0, 1, 1, 0, 0, 1, 0, 1]
    Value: 235.0

Starting quantum constraint generation with parameters:
  sample_size (total shots): 1000
  tau: 0.1
  max_iters: 1000

Iteration 0:
  No feasible solution found in this iteration
  Added 1 new constraints: [21]

Iteration 1:
  No feasible solution found in this iteration
  Added 1 new constraints: [32]

Iteration 2:
  No feasible solution found in this iteration
  Added 2 new constraints: [13, 31]

Iteration 3:
Found feasible solution: [1 0 1 0 0 0 0 1 1 0 0 0] with objective value 236.0
  Found feasible solution:
    Solution: [1, 0, 1, 0, 0, 0, 0, 1, 1, 0, 0, 0]
    Value: 236.0
    Gap to reference: 0.43%
  Constraint generation solution found:
    Solution: [1, 0, 1, 0, 0, 0, 0, 1, 1, 0, 0, 0]
    Value: 236.0

Instance 96 results:
  Classical value: 235.0
  QAOA value: 236.0
  Constraint generation value: 236.0

Running instance 97/100

Running Classical Reference Solver (SCIP):
  Reference solution found:
    Solution: [0, 1, 0, 1, 0, 0, 1, 0, 1, 0, 1, 0]
    Value: 189.0

Running QAOA Reference Solution (with all constraints):
