
Problem information:
  Number of variables (n): 10
  Number of constraints (m): 20

Starting reference QAOA with parameters:
  sample_size (total shots): 100
Added all constraints
Found feasible solution: [0 0 0 1 0 1 0 0 0 0] with objective value 111.0
Found feasible solution:
  Solution: [0, 0, 0, 1, 0, 1, 0, 0, 0, 0]
  Value: 111.0
  QAOA solution found:
    Solution: [0, 0, 0, 1, 0, 1, 0, 0, 0, 0]
    Value: 111.0

Running Constraint Generation:

Problem information:
  Number of variables (n): 10
  Number of constraints (m): 20

Running classical reference solver:
  Reference solution found:
    Solution: [1, 1, 0, 0, 0, 0, 0, 0, 0, 0]
    Value: 81.0

Starting quantum constraint generation with parameters:
  sample_size (total shots): 100
  tau: 0.1
  max_iters: 1000

Iteration 0:
  No feasible solution found in this iteration
  Added 2 new constraints: [16, 17]

Iteration 1:
  No feasible solution found in this iteration
  Added 5 new constraints: [3, 10, 11, 14, 15]

Iteration 2:
  No feasible solution found in this iteration
  Added 2 new constraints: [5, 18]

Iteration 3:
  No feasible solution found in this iteration
  No new constraints added, lowered tau multiplier: 1.0 -> 0.9
  Added 10 new constraints: [0, 1, 2, 4, 6, 7, 9, 12, 13, 19]

Iteration 4:
  No feasible solution found in this iteration
  No new constraints added, lowered tau multiplier: 1.0 -> 0.9
  Added 1 new constraints: [8]

Iteration 5:
  No feasible solution found in this iteration
  All constraints added, exiting
  Constraint generation found no feasible solution

Instance 96 results:
  Classical value: 81.0
  QAOA value: 111.0
  Constraint generation value: 0.0

Running instance 97/100

Running Classical Reference Solver (SCIP):
  Reference solution found:
    Solution: [0, 1, 0, 0, 0, 0, 1, 0, 0, 0]
    Value: 21.0

Running QAOA Reference Solution (with all constraints):
