2025-02-23 18:54:18,940 - INFO - 
Problem information:
2025-02-23 18:54:18,940 - INFO -   Number of variables (n): 10
2025-02-23 18:54:18,940 - INFO -   Number of constraints (m): 20
2025-02-23 18:54:18,941 - DEBUG -   Density of A: 50.00%
2025-02-23 18:54:18,941 - INFO - 
Starting reference QAOA with parameters:
2025-02-23 18:54:18,941 - INFO -   sample_size (total shots): 100
2025-02-23 18:54:18,941 - INFO - Added all constraints
2025-02-23 18:54:18,941 - DEBUG - Generated Ising Hamiltonian
2025-02-23 18:54:19,177 - DEBUG - Optimizing QAOA circuit...
2025-02-23 18:54:20,817 - DEBUG - Circuit optimization successful
2025-02-23 18:54:20,818 - DEBUG - Circuit optimization successful, final value: 116564.55944055947
2025-02-23 18:54:20,818 - DEBUG - Sampling from optimized circuit...
2025-02-23 18:54:20,835 - DEBUG - Generated 38 unique samples from 100 total measurements
2025-02-23 18:54:20,836 - DEBUG - 
Top 5 most frequent samples:
2025-02-23 18:54:20,836 - DEBUG -   Rank | Count |   %   
2025-02-23 18:54:20,836 - DEBUG -   -----|-------|-------
2025-02-23 18:54:20,836 - DEBUG -      1 |    12 |  12.0
2025-02-23 18:54:20,837 - DEBUG -     Sample: [1 1 1 0 0 1 1 0 0 0]
2025-02-23 18:54:20,837 - DEBUG -      2 |    11 |  11.0
2025-02-23 18:54:20,837 - DEBUG -     Sample: [0 1 1 0 0 1 1 0 0 0]
2025-02-23 18:54:20,837 - DEBUG -      3 |    10 |  10.0
2025-02-23 18:54:20,838 - DEBUG -     Sample: [0 1 1 0 0 1 1 0 1 0]
2025-02-23 18:54:20,838 - DEBUG -      4 |     9 |   9.0
2025-02-23 18:54:20,838 - DEBUG -     Sample: [0 1 1 0 1 1 1 0 0 0]
2025-02-23 18:54:20,838 - DEBUG -      5 |     5 |   5.0
2025-02-23 18:54:20,838 - DEBUG -     Sample: [1 0 1 0 0 1 1 0 0 0]
2025-02-23 18:54:20,839 - DEBUG - Generated 38 unique samples from 100 total measurements
2025-02-23 18:54:20,840 - INFO - No feasible solution found
2025-02-23 18:54:20,840 - INFO -   QAOA solver found no feasible solution
2025-02-23 18:54:20,840 - INFO - 
Running Constraint Generation:
2025-02-23 18:54:20,842 - INFO - 
Problem information:
2025-02-23 18:54:20,842 - INFO -   Number of variables (n): 10
2025-02-23 18:54:20,842 - INFO -   Number of constraints (m): 20
2025-02-23 18:54:20,842 - DEBUG -   Density of A: 50.00%
2025-02-23 18:54:20,842 - INFO - 
Running classical reference solver:
2025-02-23 18:54:20,855 - INFO -   Reference solution found:
2025-02-23 18:54:20,855 - INFO -     Solution: [0, 0, 0, 0, 0, 1, 0, 0, 0, 1]
2025-02-23 18:54:20,855 - INFO -     Value: 80.0
2025-02-23 18:54:20,855 - INFO - 
Starting quantum constraint generation with parameters:
2025-02-23 18:54:20,856 - INFO -   sample_size (total shots): 100
2025-02-23 18:54:20,856 - INFO -   tau: 0.1
2025-02-23 18:54:20,856 - INFO -   max_iters: 1000
2025-02-23 18:54:20,856 - INFO - 
Iteration 0:
2025-02-23 18:54:20,856 - DEBUG - Generated Ising Hamiltonian
2025-02-23 18:54:21,088 - DEBUG - Optimizing QAOA circuit...
2025-02-23 18:54:21,940 - DEBUG - Circuit optimization successful
2025-02-23 18:54:21,940 - DEBUG - Circuit optimization successful, final value: -325.61538461538464
2025-02-23 18:54:21,941 - DEBUG - Sampling from optimized circuit...
2025-02-23 18:54:21,951 - DEBUG - Generated 36 unique samples from 100 total measurements
2025-02-23 18:54:21,951 - DEBUG - 
Top 5 most frequent samples:
2025-02-23 18:54:21,951 - DEBUG -   Rank | Count |   %   
2025-02-23 18:54:21,951 - DEBUG -   -----|-------|-------
2025-02-23 18:54:21,952 - DEBUG -      1 |    20 |  20.0
2025-02-23 18:54:21,952 - DEBUG -     Sample: [1 1 1 1 0 0 1 0 1 1]
2025-02-23 18:54:21,953 - DEBUG -      2 |    16 |  16.0
2025-02-23 18:54:21,953 - DEBUG -     Sample: [1 0 1 1 0 0 1 0 1 1]
2025-02-23 18:54:21,954 - DEBUG -      3 |     9 |   9.0
2025-02-23 18:54:21,954 - DEBUG -     Sample: [1 1 1 1 1 0 1 0 1 1]
2025-02-23 18:54:21,954 - DEBUG -      4 |     8 |   8.0
2025-02-23 18:54:21,954 - DEBUG -     Sample: [1 0 1 1 1 0 1 0 1 1]
2025-02-23 18:54:21,954 - DEBUG -      5 |     4 |   4.0
2025-02-23 18:54:21,955 - DEBUG -     Sample: [1 1 1 0 0 0 1 0 1 1]
2025-02-23 18:54:21,955 - DEBUG - Generated 36 unique samples from 100 total measurements
2025-02-23 18:54:21,956 - INFO -   No feasible solution found in this iteration
2025-02-23 18:54:21,956 - INFO -   Added 3 new constraints: [4, 8, 13]
2025-02-23 18:54:21,956 - INFO - 
Iteration 1:
2025-02-23 18:54:21,957 - DEBUG - Generated Ising Hamiltonian
2025-02-23 18:54:22,165 - DEBUG - Optimizing QAOA circuit...
2025-02-23 18:54:23,252 - DEBUG - Circuit optimization successful
2025-02-23 18:54:23,252 - DEBUG - Circuit optimization successful, final value: -6070.205294705294
2025-02-23 18:54:23,252 - DEBUG - Sampling from optimized circuit...
2025-02-23 18:54:23,263 - DEBUG - Generated 84 unique samples from 100 total measurements
2025-02-23 18:54:23,263 - DEBUG - 
Top 5 most frequent samples:
2025-02-23 18:54:23,263 - DEBUG -   Rank | Count |   %   
2025-02-23 18:54:23,263 - DEBUG -   -----|-------|-------
2025-02-23 18:54:23,263 - DEBUG -      1 |     3 |   3.0
2025-02-23 18:54:23,263 - DEBUG -     Sample: [1 1 0 1 1 1 0 0 1 1]
2025-02-23 18:54:23,263 - DEBUG -      2 |     3 |   3.0
2025-02-23 18:54:23,264 - DEBUG -     Sample: [1 0 0 1 0 1 0 0 0 1]
2025-02-23 18:54:23,264 - DEBUG -      3 |     2 |   2.0
2025-02-23 18:54:23,264 - DEBUG -     Sample: [1 0 1 0 0 0 1 0 0 0]
2025-02-23 18:54:23,264 - DEBUG -      4 |     2 |   2.0
2025-02-23 18:54:23,264 - DEBUG -     Sample: [0 1 1 1 0 1 0 0 0 0]
2025-02-23 18:54:23,264 - DEBUG -      5 |     2 |   2.0
2025-02-23 18:54:23,265 - DEBUG -     Sample: [1 1 0 0 1 0 0 0 1 0]
2025-02-23 18:54:23,265 - DEBUG - Generated 84 unique samples from 100 total measurements
2025-02-23 18:54:23,266 - INFO -   No feasible solution found in this iteration
2025-02-23 18:54:23,267 - INFO -   Added 3 new constraints: [9, 12, 14]
2025-02-23 18:54:23,267 - INFO - 
Iteration 2:
2025-02-23 18:54:23,267 - DEBUG - Generated Ising Hamiltonian
2025-02-23 18:54:23,447 - DEBUG - Optimizing QAOA circuit...
2025-02-23 18:54:24,683 - DEBUG - Circuit optimization successful
2025-02-23 18:54:24,684 - DEBUG - Circuit optimization successful, final value: -4048.1338661338655
2025-02-23 18:54:24,684 - DEBUG - Sampling from optimized circuit...
2025-02-23 18:54:24,695 - DEBUG - Generated 89 unique samples from 100 total measurements
2025-02-23 18:54:24,696 - DEBUG - 
Top 5 most frequent samples:
2025-02-23 18:54:24,696 - DEBUG -   Rank | Count |   %   
2025-02-23 18:54:24,696 - DEBUG -   -----|-------|-------
2025-02-23 18:54:24,696 - DEBUG -      1 |     2 |   2.0
2025-02-23 18:54:24,696 - DEBUG -     Sample: [1 1 1 1 0 1 0 1 0 1]
2025-02-23 18:54:24,696 - DEBUG -      2 |     2 |   2.0
2025-02-23 18:54:24,697 - DEBUG -     Sample: [0 0 0 0 0 0 1 0 1 0]
2025-02-23 18:54:24,697 - DEBUG -      3 |     2 |   2.0
2025-02-23 18:54:24,697 - DEBUG -     Sample: [0 0 1 1 1 0 1 1 0 0]
2025-02-23 18:54:24,697 - DEBUG -      4 |     2 |   2.0
2025-02-23 18:54:24,697 - DEBUG -     Sample: [0 0 1 1 1 1 1 1 1 1]
2025-02-23 18:54:24,697 - DEBUG -      5 |     2 |   2.0
2025-02-23 18:54:24,697 - DEBUG -     Sample: [0 0 0 0 0 0 1 1 1 1]
2025-02-23 18:54:24,698 - DEBUG - Generated 89 unique samples from 100 total measurements
2025-02-23 18:54:24,698 - INFO - Found feasible solution: [0 0 0 0 0 0 1 0 1 0] with objective value 185.0
2025-02-23 18:54:24,699 - INFO - Found feasible solution: [0 0 0 0 1 0 0 1 0 0] with objective value 86.0
2025-02-23 18:54:24,700 - INFO -   Found feasible solution:
2025-02-23 18:54:24,700 - INFO -     Solution: [0, 0, 0, 0, 1, 0, 0, 1, 0, 0]
2025-02-23 18:54:24,700 - INFO -     Value: 86.0
2025-02-23 18:54:24,700 - INFO -     Gap to reference: 7.50%
2025-02-23 18:54:24,700 - INFO -   Constraint generation solution found:
2025-02-23 18:54:24,701 - INFO -     Solution: [0, 0, 0, 0, 1, 0, 0, 1, 0, 0]
2025-02-23 18:54:24,701 - INFO -     Value: 86.0
2025-02-23 18:54:24,701 - INFO - 
Instance 88 results:
2025-02-23 18:54:24,701 - INFO -   Classical value: 80.0
2025-02-23 18:54:24,701 - INFO -   QAOA value: 0.0
2025-02-23 18:54:24,701 - INFO -   Constraint generation value: 86.0
2025-02-23 18:54:24,702 - INFO - 
Running instance 89/100
2025-02-23 18:54:24,704 - INFO - 
Running Classical Reference Solver (SCIP):
2025-02-23 18:54:24,705 - DEBUG - Problem dimensions: 20 constraints, 10 variables
2025-02-23 18:54:24,705 - DEBUG - Row names: ['ELEM1', 'ELEM2', 'ELEM3', 'ELEM4', 'ELEM5', 'ELEM6', 'ELEM7', 'ELEM8', 'ELEM9', 'ELEM10', 'ELEM11', 'ELEM12', 'ELEM13', 'ELEM14', 'ELEM15', 'ELEM16', 'ELEM17', 'ELEM18', 'ELEM19', 'ELEM20']
2025-02-23 18:54:24,705 - DEBUG - RHS values: {'ELEM1': 1.0, 'ELEM2': 1.0, 'ELEM3': 1.0, 'ELEM4': 1.0, 'ELEM5': 1.0, 'ELEM6': 1.0, 'ELEM7': 1.0, 'ELEM8': 1.0, 'ELEM9': 1.0, 'ELEM10': 1.0, 'ELEM11': 1.0, 'ELEM12': 1.0, 'ELEM13': 1.0, 'ELEM14': 1.0, 'ELEM15': 1.0, 'ELEM16': 1.0, 'ELEM17': 1.0, 'ELEM18': 1.0, 'ELEM19': 1.0, 'ELEM20': 1.0}
2025-02-23 18:54:24,716 - INFO -   Reference solution found:
2025-02-23 18:54:24,717 - INFO -     Solution: [0, 0, 1, 0, 0, 0, 0, 0, 1, 0]
2025-02-23 18:54:24,717 - INFO -     Value: 13.0
2025-02-23 18:54:24,717 - INFO - 
Running QAOA Reference Solution (with all constraints):
