
Problem information:
  Number of variables (n): 10
  Number of constraints (m): 20

Starting reference QAOA with parameters:
  sample_size (total shots): 100
Added all constraints
No feasible solution found
  QAOA solver found no feasible solution

Running Constraint Generation:

Problem information:
  Number of variables (n): 10
  Number of constraints (m): 20

Running classical reference solver:
  Reference solution found:
    Solution: [0, 0, 0, 0, 0, 1, 0, 0, 0, 1]
    Value: 80.0

Starting quantum constraint generation with parameters:
  sample_size (total shots): 100
  tau: 0.1
  max_iters: 1000

Iteration 0:
  No feasible solution found in this iteration
  Added 3 new constraints: [4, 8, 13]

Iteration 1:
  No feasible solution found in this iteration
  Added 3 new constraints: [9, 12, 14]

Iteration 2:
Found feasible solution: [0 0 0 0 0 0 1 0 1 0] with objective value 185.0
Found feasible solution: [0 0 0 0 1 0 0 1 0 0] with objective value 86.0
  Found feasible solution:
    Solution: [0, 0, 0, 0, 1, 0, 0, 1, 0, 0]
    Value: 86.0
    Gap to reference: 7.50%
  Constraint generation solution found:
    Solution: [0, 0, 0, 0, 1, 0, 0, 1, 0, 0]
    Value: 86.0

Instance 88 results:
  Classical value: 80.0
  QAOA value: 0.0
  Constraint generation value: 86.0

Running instance 89/100

Running Classical Reference Solver (SCIP):
  Reference solution found:
    Solution: [0, 0, 1, 0, 0, 0, 0, 0, 1, 0]
    Value: 13.0

Running QAOA Reference Solution (with all constraints):
