2025-02-23 17:13:06,028 - INFO - 
Problem information:
2025-02-23 17:13:06,028 - INFO -   Number of variables (n): 10
2025-02-23 17:13:06,028 - INFO -   Number of constraints (m): 30
2025-02-23 17:13:06,028 - DEBUG -   Density of A: 24.00%
2025-02-23 17:13:06,028 - INFO - 
Starting reference QAOA with parameters:
2025-02-23 17:13:06,028 - INFO -   sample_size (total shots): 200
2025-02-23 17:13:06,029 - INFO - Added all constraints
2025-02-23 17:13:06,029 - DEBUG - Generated Ising Hamiltonian
2025-02-23 17:13:06,226 - DEBUG - Optimizing QAOA circuit...
2025-02-23 17:13:07,638 - DEBUG - Circuit optimization successful
2025-02-23 17:13:07,638 - DEBUG - Circuit optimization successful, final value: 13086.711288711287
2025-02-23 17:13:07,638 - DEBUG - Sampling from optimized circuit...
2025-02-23 17:13:07,651 - DEBUG - Generated 155 unique samples from 200 total measurements
2025-02-23 17:13:07,652 - DEBUG - 
Top 5 most frequent samples:
2025-02-23 17:13:07,652 - DEBUG -   Rank | Count |   %   
2025-02-23 17:13:07,652 - DEBUG -   -----|-------|-------
2025-02-23 17:13:07,652 - DEBUG -      1 |     4 |   2.0
2025-02-23 17:13:07,652 - DEBUG -     Sample: [0 1 1 0 1 0 1 0 0 1]
2025-02-23 17:13:07,652 - DEBUG -      2 |     4 |   2.0
2025-02-23 17:13:07,653 - DEBUG -     Sample: [0 0 1 1 1 0 0 1 1 0]
2025-02-23 17:13:07,653 - DEBUG -      3 |     3 |   1.5
2025-02-23 17:13:07,653 - DEBUG -     Sample: [0 0 1 0 1 1 0 0 1 1]
2025-02-23 17:13:07,653 - DEBUG -      4 |     3 |   1.5
2025-02-23 17:13:07,654 - DEBUG -     Sample: [0 1 1 0 1 0 0 0 1 1]
2025-02-23 17:13:07,654 - DEBUG -      5 |     3 |   1.5
2025-02-23 17:13:07,654 - DEBUG -     Sample: [0 0 1 0 1 0 0 1 0 1]
2025-02-23 17:13:07,655 - DEBUG - Generated 155 unique samples from 200 total measurements
2025-02-23 17:13:07,657 - INFO - No feasible solution found
2025-02-23 17:13:07,658 - INFO - 
=====
2025-02-23 17:13:07,658 - INFO - Running Classical Reference Solver (SCIP):
2025-02-23 17:13:07,659 - DEBUG - Problem dimensions: 30 constraints, 10 variables
2025-02-23 17:13:07,659 - DEBUG - Row names: ['ELEM1', 'ELEM2', 'ELEM3', 'ELEM4', 'ELEM5', 'ELEM6', 'ELEM7', 'ELEM8', 'ELEM9', 'ELEM10', 'ELEM11', 'ELEM12', 'ELEM13', 'ELEM14', 'ELEM15', 'ELEM16', 'ELEM17', 'ELEM18', 'ELEM19', 'ELEM20', 'ELEM21', 'ELEM22', 'ELEM23', 'ELEM24', 'ELEM25', 'ELEM26', 'ELEM27', 'ELEM28', 'ELEM29', 'ELEM30']
2025-02-23 17:13:07,659 - DEBUG - RHS values: {'ELEM1': 1.0, 'ELEM2': 1.0, 'ELEM3': 1.0, 'ELEM4': 1.0, 'ELEM5': 1.0, 'ELEM6': 1.0, 'ELEM7': 1.0, 'ELEM8': 1.0, 'ELEM9': 1.0, 'ELEM10': 1.0, 'ELEM11': 1.0, 'ELEM12': 1.0, 'ELEM13': 1.0, 'ELEM14': 1.0, 'ELEM15': 1.0, 'ELEM16': 1.0, 'ELEM17': 1.0, 'ELEM18': 1.0, 'ELEM19': 1.0, 'ELEM20': 1.0, 'ELEM21': 1.0, 'ELEM22': 1.0, 'ELEM23': 1.0, 'ELEM24': 1.0, 'ELEM25': 1.0, 'ELEM26': 1.0, 'ELEM27': 1.0, 'ELEM28': 1.0, 'ELEM29': 1.0, 'ELEM30': 1.0}
2025-02-23 17:13:07,671 - INFO -   Reference solution found:
2025-02-23 17:13:07,671 - INFO -     Solution: [0, 0, 0, 0, 1, 0, 0, 1, 1, 1]
2025-02-23 17:13:07,671 - INFO -     Value: 140.0
2025-02-23 17:13:07,672 - INFO - 
=====
2025-02-23 17:13:07,672 - INFO - Running Constraint Generation:
2025-02-23 17:13:07,673 - INFO - 
Problem information:
2025-02-23 17:13:07,674 - INFO -   Number of variables (n): 10
2025-02-23 17:13:07,674 - INFO -   Number of constraints (m): 30
2025-02-23 17:13:07,675 - DEBUG -   Density of A: 24.00%
2025-02-23 17:13:07,675 - INFO - 
Running classical reference solver:
2025-02-23 17:13:07,685 - INFO -   Reference solution found:
2025-02-23 17:13:07,685 - INFO -     Solution: [0, 0, 0, 0, 1, 0, 0, 1, 1, 1]
2025-02-23 17:13:07,686 - INFO -     Value: 140.0
2025-02-23 17:13:07,686 - INFO - 
Starting quantum constraint generation with parameters:
2025-02-23 17:13:07,686 - INFO -   sample_size (total shots): 200
2025-02-23 17:13:07,686 - INFO -   tau: 0.1
2025-02-23 17:13:07,686 - INFO -   max_iters: 1000
2025-02-23 17:13:07,687 - INFO - 
Iteration 0:
2025-02-23 17:13:07,687 - DEBUG - Generated Ising Hamiltonian
2025-02-23 17:13:07,887 - DEBUG - Optimizing QAOA circuit...
2025-02-23 17:13:08,815 - DEBUG - Circuit optimization successful
2025-02-23 17:13:08,815 - DEBUG - Circuit optimization successful, final value: -85.010989010989
2025-02-23 17:13:08,815 - DEBUG - Sampling from optimized circuit...
2025-02-23 17:13:08,828 - DEBUG - Generated 131 unique samples from 200 total measurements
2025-02-23 17:13:08,829 - DEBUG - 
Top 5 most frequent samples:
2025-02-23 17:13:08,829 - DEBUG -   Rank | Count |   %   
2025-02-23 17:13:08,829 - DEBUG -   -----|-------|-------
2025-02-23 17:13:08,829 - DEBUG -      1 |     6 |   3.0
2025-02-23 17:13:08,830 - DEBUG -     Sample: [1 1 0 1 0 0 0 1 1 1]
2025-02-23 17:13:08,830 - DEBUG -      2 |     5 |   2.5
2025-02-23 17:13:08,830 - DEBUG -     Sample: [1 0 0 1 0 1 1 1 1 1]
2025-02-23 17:13:08,831 - DEBUG -      3 |     5 |   2.5
2025-02-23 17:13:08,831 - DEBUG -     Sample: [1 0 0 1 0 1 0 1 1 1]
2025-02-23 17:13:08,831 - DEBUG -      4 |     4 |   2.0
2025-02-23 17:13:08,832 - DEBUG -     Sample: [1 0 0 1 1 0 1 1 1 0]
2025-02-23 17:13:08,832 - DEBUG -      5 |     4 |   2.0
2025-02-23 17:13:08,832 - DEBUG -     Sample: [1 0 0 0 0 0 1 1 1 1]
2025-02-23 17:13:08,833 - DEBUG - Generated 131 unique samples from 200 total measurements
2025-02-23 17:13:08,834 - INFO - Found feasible solution: [0 0 0 0 1 0 0 1 1 1] with objective value 140.0
2025-02-23 17:13:08,836 - INFO -   Found feasible solution:
2025-02-23 17:13:08,836 - INFO -     Solution: [0, 0, 0, 0, 1, 0, 0, 1, 1, 1]
2025-02-23 17:13:08,836 - INFO -     Value: 140.0
2025-02-23 17:13:08,836 - INFO -     Gap to reference: 0.00%
2025-02-23 17:13:08,836 - INFO - 
---
2025-02-23 17:13:08,836 - INFO - Solution Comparison:
2025-02-23 17:13:08,836 - INFO - Gap to classical reference: 0.00%
2025-02-23 17:13:08,838 - INFO - 
Problem information:
2025-02-23 17:13:08,838 - INFO -   Number of variables (n): 10
2025-02-23 17:13:08,839 - INFO -   Number of constraints (m): 30
2025-02-23 17:13:08,839 - DEBUG -   Density of A: 23.67%
2025-02-23 17:13:08,840 - INFO - 
=====
2025-02-23 17:13:08,840 - INFO - Running Classical Reference Solver (SCIP):
2025-02-23 17:13:08,841 - DEBUG - Problem dimensions: 30 constraints, 10 variables
2025-02-23 17:13:08,841 - DEBUG - Row names: ['ELEM1', 'ELEM2', 'ELEM3', 'ELEM4', 'ELEM5', 'ELEM6', 'ELEM7', 'ELEM8', 'ELEM9', 'ELEM10', 'ELEM11', 'ELEM12', 'ELEM13', 'ELEM14', 'ELEM15', 'ELEM16', 'ELEM17', 'ELEM18', 'ELEM19', 'ELEM20', 'ELEM21', 'ELEM22', 'ELEM23', 'ELEM24', 'ELEM25', 'ELEM26', 'ELEM27', 'ELEM28', 'ELEM29', 'ELEM30']
2025-02-23 17:13:08,841 - DEBUG - RHS values: {'ELEM1': 1.0, 'ELEM2': 1.0, 'ELEM3': 1.0, 'ELEM4': 1.0, 'ELEM5': 1.0, 'ELEM6': 1.0, 'ELEM7': 1.0, 'ELEM8': 1.0, 'ELEM9': 1.0, 'ELEM10': 1.0, 'ELEM11': 1.0, 'ELEM12': 1.0, 'ELEM13': 1.0, 'ELEM14': 1.0, 'ELEM15': 1.0, 'ELEM16': 1.0, 'ELEM17': 1.0, 'ELEM18': 1.0, 'ELEM19': 1.0, 'ELEM20': 1.0, 'ELEM21': 1.0, 'ELEM22': 1.0, 'ELEM23': 1.0, 'ELEM24': 1.0, 'ELEM25': 1.0, 'ELEM26': 1.0, 'ELEM27': 1.0, 'ELEM28': 1.0, 'ELEM29': 1.0, 'ELEM30': 1.0}
2025-02-23 17:13:08,852 - INFO -   Reference solution found:
2025-02-23 17:13:08,852 - INFO -     Solution: [0, 0, 1, 1, 1, 1, 0, 0, 0, 0]
2025-02-23 17:13:08,853 - INFO -     Value: 142.0
2025-02-23 17:13:08,854 - INFO - 
=====
2025-02-23 17:13:08,855 - INFO - Running Constraint Generation:
2025-02-23 17:13:08,856 - INFO - 
Problem information:
2025-02-23 17:13:08,856 - INFO -   Number of variables (n): 10
2025-02-23 17:13:08,856 - INFO -   Number of constraints (m): 30
2025-02-23 17:13:08,857 - DEBUG -   Density of A: 23.67%
2025-02-23 17:13:08,857 - INFO - 
Running classical reference solver:
2025-02-23 17:13:08,872 - INFO -   Reference solution found:
2025-02-23 17:13:08,872 - INFO -     Solution: [0, 0, 1, 1, 1, 1, 0, 0, 0, 0]
2025-02-23 17:13:08,872 - INFO -     Value: 142.0
2025-02-23 17:13:08,872 - INFO - 
Starting quantum constraint generation with parameters:
2025-02-23 17:13:08,872 - INFO -   sample_size (total shots): 200
2025-02-23 17:13:08,872 - INFO -   tau: 0.1
2025-02-23 17:13:08,873 - INFO -   max_iters: 1000
2025-02-23 17:13:08,873 - INFO - 
Iteration 0:
2025-02-23 17:13:08,874 - DEBUG - Generated Ising Hamiltonian
2025-02-23 17:13:09,081 - DEBUG - Optimizing QAOA circuit...
2025-02-23 17:13:10,057 - DEBUG - Circuit optimization successful
2025-02-23 17:13:10,058 - DEBUG - Circuit optimization successful, final value: -142.88011988011988
2025-02-23 17:13:10,058 - DEBUG - Sampling from optimized circuit...
2025-02-23 17:13:10,069 - DEBUG - Generated 76 unique samples from 200 total measurements
2025-02-23 17:13:10,069 - DEBUG - 
Top 5 most frequent samples:
2025-02-23 17:13:10,070 - DEBUG -   Rank | Count |   %   
2025-02-23 17:13:10,071 - DEBUG -   -----|-------|-------
2025-02-23 17:13:10,071 - DEBUG -      1 |    25 |  12.5
2025-02-23 17:13:10,072 - DEBUG -     Sample: [0 1 0 0 1 1 1 1 1 1]
2025-02-23 17:13:10,072 - DEBUG -      2 |    14 |   7.0
2025-02-23 17:13:10,072 - DEBUG -     Sample: [0 1 0 0 1 1 0 1 1 1]
2025-02-23 17:13:10,072 - DEBUG -      3 |     9 |   4.5
2025-02-23 17:13:10,073 - DEBUG -     Sample: [0 0 0 0 1 1 1 1 1 1]
2025-02-23 17:13:10,073 - DEBUG -      4 |     9 |   4.5
2025-02-23 17:13:10,073 - DEBUG -     Sample: [0 1 1 0 1 1 1 1 1 1]
2025-02-23 17:13:10,073 - DEBUG -      5 |     8 |   4.0
2025-02-23 17:13:10,074 - DEBUG -     Sample: [0 1 1 0 1 1 0 1 1 1]
2025-02-23 17:13:10,074 - DEBUG - Generated 76 unique samples from 200 total measurements
2025-02-23 17:13:10,076 - INFO -   No feasible solution found in this iteration
2025-02-23 17:13:10,077 - INFO -   Added 1 new constraints: [14]
2025-02-23 17:13:10,077 - INFO - 
Iteration 1:
2025-02-23 17:13:10,077 - DEBUG - Generated Ising Hamiltonian
2025-02-23 17:13:10,327 - DEBUG - Optimizing QAOA circuit...
2025-02-23 17:13:11,309 - DEBUG - Circuit optimization successful
2025-02-23 17:13:11,309 - DEBUG - Circuit optimization successful, final value: -2169.0287212787216
2025-02-23 17:13:11,309 - DEBUG - Sampling from optimized circuit...
2025-02-23 17:13:11,321 - DEBUG - Generated 124 unique samples from 200 total measurements
2025-02-23 17:13:11,321 - DEBUG - 
Top 5 most frequent samples:
2025-02-23 17:13:11,322 - DEBUG -   Rank | Count |   %   
2025-02-23 17:13:11,322 - DEBUG -   -----|-------|-------
2025-02-23 17:13:11,322 - DEBUG -      1 |     7 |   3.5
2025-02-23 17:13:11,322 - DEBUG -     Sample: [1 0 0 0 1 1 0 0 0 1]
2025-02-23 17:13:11,322 - DEBUG -      2 |     7 |   3.5
2025-02-23 17:13:11,323 - DEBUG -     Sample: [1 0 1 1 0 1 0 0 0 1]
2025-02-23 17:13:11,323 - DEBUG -      3 |     6 |   3.0
2025-02-23 17:13:11,323 - DEBUG -     Sample: [1 0 0 1 0 1 0 0 0 1]
2025-02-23 17:13:11,323 - DEBUG -      4 |     6 |   3.0
2025-02-23 17:13:11,323 - DEBUG -     Sample: [1 1 0 1 0 1 0 0 0 1]
2025-02-23 17:13:11,323 - DEBUG -      5 |     5 |   2.5
2025-02-23 17:13:11,324 - DEBUG -     Sample: [0 0 0 0 0 1 0 0 0 1]
2025-02-23 17:13:11,324 - DEBUG - Generated 124 unique samples from 200 total measurements
2025-02-23 17:13:11,326 - INFO -   No feasible solution found in this iteration
2025-02-23 17:13:11,327 - INFO -   Added 1 new constraints: [28]
2025-02-23 17:13:11,327 - INFO - 
Iteration 2:
2025-02-23 17:13:11,327 - DEBUG - Generated Ising Hamiltonian
2025-02-23 17:13:11,529 - DEBUG - Optimizing QAOA circuit...
2025-02-23 17:13:12,436 - DEBUG - Circuit optimization successful
2025-02-23 17:13:12,436 - DEBUG - Circuit optimization successful, final value: -1248.1393606393603
2025-02-23 17:13:12,436 - DEBUG - Sampling from optimized circuit...
2025-02-23 17:13:12,449 - DEBUG - Generated 36 unique samples from 200 total measurements
2025-02-23 17:13:12,449 - DEBUG - 
Top 5 most frequent samples:
2025-02-23 17:13:12,449 - DEBUG -   Rank | Count |   %   
2025-02-23 17:13:12,450 - DEBUG -   -----|-------|-------
2025-02-23 17:13:12,450 - DEBUG -      1 |    56 |  28.0
2025-02-23 17:13:12,450 - DEBUG -     Sample: [0 0 1 0 1 0 1 0 0 1]
2025-02-23 17:13:12,450 - DEBUG -      2 |    20 |  10.0
2025-02-23 17:13:12,451 - DEBUG -     Sample: [1 0 1 0 1 0 1 0 0 1]
2025-02-23 17:13:12,451 - DEBUG -      3 |    16 |   8.0
2025-02-23 17:13:12,451 - DEBUG -     Sample: [0 0 1 0 1 0 0 0 0 1]
2025-02-23 17:13:12,451 - DEBUG -      4 |    12 |   6.0
2025-02-23 17:13:12,451 - DEBUG -     Sample: [0 0 1 0 0 0 1 0 0 1]
2025-02-23 17:13:12,451 - DEBUG -      5 |     9 |   4.5
2025-02-23 17:13:12,452 - DEBUG -     Sample: [0 0 1 0 1 1 1 0 0 1]
2025-02-23 17:13:12,452 - DEBUG - Generated 36 unique samples from 200 total measurements
2025-02-23 17:13:12,453 - INFO -   No feasible solution found in this iteration
2025-02-23 17:13:12,453 - INFO -   Added 2 new constraints: [5, 18]
2025-02-23 17:13:12,453 - INFO - 
Iteration 3:
2025-02-23 17:13:12,454 - DEBUG - Generated Ising Hamiltonian
2025-02-23 17:13:12,655 - DEBUG - Optimizing QAOA circuit...
2025-02-23 17:13:13,691 - DEBUG - Circuit optimization successful
2025-02-23 17:13:13,691 - DEBUG - Circuit optimization successful, final value: -2844.4670329670334
2025-02-23 17:13:13,691 - DEBUG - Sampling from optimized circuit...
2025-02-23 17:13:13,703 - DEBUG - Generated 167 unique samples from 200 total measurements
2025-02-23 17:13:13,703 - DEBUG - 
Top 5 most frequent samples:
2025-02-23 17:13:13,703 - DEBUG -   Rank | Count |   %   
2025-02-23 17:13:13,703 - DEBUG -   -----|-------|-------
2025-02-23 17:13:13,704 - DEBUG -      1 |     4 |   2.0
2025-02-23 17:13:13,704 - DEBUG -     Sample: [1 1 0 0 0 1 0 0 1 1]
2025-02-23 17:13:13,704 - DEBUG -      2 |     4 |   2.0
2025-02-23 17:13:13,705 - DEBUG -     Sample: [1 1 0 0 0 1 1 0 1 0]
2025-02-23 17:13:13,705 - DEBUG -      3 |     3 |   1.5
2025-02-23 17:13:13,705 - DEBUG -     Sample: [1 1 0 1 0 1 1 0 1 0]
2025-02-23 17:13:13,705 - DEBUG -      4 |     3 |   1.5
2025-02-23 17:13:13,705 - DEBUG -     Sample: [0 1 0 0 0 0 0 1 1 0]
2025-02-23 17:13:13,706 - DEBUG -      5 |     3 |   1.5
2025-02-23 17:13:13,706 - DEBUG -     Sample: [0 1 0 0 0 1 1 0 0 0]
2025-02-23 17:13:13,706 - DEBUG - Generated 167 unique samples from 200 total measurements
2025-02-23 17:13:13,709 - INFO -   No feasible solution found in this iteration
2025-02-23 17:13:13,710 - INFO -   Added 2 new constraints: [22, 25]
2025-02-23 17:13:13,710 - INFO - 
Iteration 4:
2025-02-23 17:13:13,710 - DEBUG - Generated Ising Hamiltonian
2025-02-23 17:13:13,914 - DEBUG - Optimizing QAOA circuit...
2025-02-23 17:13:14,914 - DEBUG - Circuit optimization successful
2025-02-23 17:13:14,914 - DEBUG - Circuit optimization successful, final value: 2389.182317682316
2025-02-23 17:13:14,914 - DEBUG - Sampling from optimized circuit...
2025-02-23 17:13:14,927 - DEBUG - Generated 109 unique samples from 200 total measurements
2025-02-23 17:13:14,927 - DEBUG - 
Top 5 most frequent samples:
2025-02-23 17:13:14,927 - DEBUG -   Rank | Count |   %   
2025-02-23 17:13:14,927 - DEBUG -   -----|-------|-------
2025-02-23 17:13:14,928 - DEBUG -      1 |    19 |   9.5
2025-02-23 17:13:14,928 - DEBUG -     Sample: [1 1 1 0 0 1 1 1 0 0]
2025-02-23 17:13:14,928 - DEBUG -      2 |     9 |   4.5
2025-02-23 17:13:14,928 - DEBUG -     Sample: [0 1 1 0 0 1 1 1 0 0]
2025-02-23 17:13:14,928 - DEBUG -      3 |     8 |   4.0
2025-02-23 17:13:14,928 - DEBUG -     Sample: [1 1 1 0 0 0 1 1 0 0]
2025-02-23 17:13:14,929 - DEBUG -      4 |     7 |   3.5
2025-02-23 17:13:14,929 - DEBUG -     Sample: [1 1 1 1 0 1 1 1 0 0]
2025-02-23 17:13:14,929 - DEBUG -      5 |     6 |   3.0
2025-02-23 17:13:14,929 - DEBUG -     Sample: [1 1 1 0 1 1 1 1 0 0]
2025-02-23 17:13:14,930 - DEBUG - Generated 109 unique samples from 200 total measurements
2025-02-23 17:13:14,932 - INFO -   No feasible solution found in this iteration
2025-02-23 17:13:14,933 - INFO -   No new constraints added, lowered tau multiplier: 1.0 -> 0.9
2025-02-23 17:13:14,933 - INFO -   Added 1 new constraints: [8]
2025-02-23 17:13:14,934 - INFO - 
Iteration 5:
2025-02-23 17:13:14,934 - DEBUG - Generated Ising Hamiltonian
2025-02-23 17:13:15,158 - DEBUG - Optimizing QAOA circuit...
2025-02-23 17:13:16,002 - DEBUG - Circuit optimization successful
2025-02-23 17:13:16,003 - DEBUG - Circuit optimization successful, final value: -3936.495754245755
2025-02-23 17:13:16,003 - DEBUG - Sampling from optimized circuit...
2025-02-23 17:13:16,014 - DEBUG - Generated 116 unique samples from 200 total measurements
2025-02-23 17:13:16,014 - DEBUG - 
Top 5 most frequent samples:
2025-02-23 17:13:16,014 - DEBUG -   Rank | Count |   %   
2025-02-23 17:13:16,015 - DEBUG -   -----|-------|-------
2025-02-23 17:13:16,015 - DEBUG -      1 |    14 |   7.0
2025-02-23 17:13:16,015 - DEBUG -     Sample: [1 1 0 0 0 1 0 1 1 0]
2025-02-23 17:13:16,015 - DEBUG -      2 |     6 |   3.0
2025-02-23 17:13:16,015 - DEBUG -     Sample: [0 1 0 0 0 1 0 1 1 0]
2025-02-23 17:13:16,016 - DEBUG -      3 |     6 |   3.0
2025-02-23 17:13:16,016 - DEBUG -     Sample: [1 1 0 0 0 1 0 1 0 0]
2025-02-23 17:13:16,016 - DEBUG -      4 |     6 |   3.0
2025-02-23 17:13:16,016 - DEBUG -     Sample: [1 1 0 0 1 1 0 1 1 0]
2025-02-23 17:13:16,016 - DEBUG -      5 |     5 |   2.5
2025-02-23 17:13:16,016 - DEBUG -     Sample: [0 1 0 0 0 1 0 1 0 0]
2025-02-23 17:13:16,017 - DEBUG - Generated 116 unique samples from 200 total measurements
2025-02-23 17:13:16,019 - INFO -   No feasible solution found in this iteration
2025-02-23 17:13:16,019 - INFO -   No new constraints added, lowered tau multiplier: 1.0 -> 0.9
2025-02-23 17:13:16,019 - INFO -   Added 1 new constraints: [2]
2025-02-23 17:13:16,019 - INFO - 
Iteration 6:
2025-02-23 17:13:16,020 - DEBUG - Generated Ising Hamiltonian
2025-02-23 17:13:16,209 - DEBUG - Optimizing QAOA circuit...
2025-02-23 17:13:17,296 - DEBUG - Circuit optimization successful
2025-02-23 17:13:17,296 - DEBUG - Circuit optimization successful, final value: -3790.3216783216785
2025-02-23 17:13:17,296 - DEBUG - Sampling from optimized circuit...
2025-02-23 17:13:17,307 - DEBUG - Generated 137 unique samples from 200 total measurements
2025-02-23 17:13:17,307 - DEBUG - 
Top 5 most frequent samples:
2025-02-23 17:13:17,307 - DEBUG -   Rank | Count |   %   
2025-02-23 17:13:17,307 - DEBUG -   -----|-------|-------
2025-02-23 17:13:17,307 - DEBUG -      1 |     5 |   2.5
2025-02-23 17:13:17,308 - DEBUG -     Sample: [1 1 1 0 1 0 1 0 0 0]
2025-02-23 17:13:17,308 - DEBUG -      2 |     5 |   2.5
2025-02-23 17:13:17,308 - DEBUG -     Sample: [1 1 0 0 1 0 0 1 0 0]
2025-02-23 17:13:17,308 - DEBUG -      3 |     4 |   2.0
2025-02-23 17:13:17,308 - DEBUG -     Sample: [1 1 0 0 1 1 0 1 1 1]
2025-02-23 17:13:17,308 - DEBUG -      4 |     4 |   2.0
2025-02-23 17:13:17,308 - DEBUG -     Sample: [1 0 0 0 0 1 0 0 1 0]
2025-02-23 17:13:17,309 - DEBUG -      5 |     4 |   2.0
2025-02-23 17:13:17,309 - DEBUG -     Sample: [1 1 1 0 1 0 1 1 0 0]
2025-02-23 17:13:17,309 - DEBUG - Generated 137 unique samples from 200 total measurements
2025-02-23 17:13:17,312 - INFO -   No feasible solution found in this iteration
2025-02-23 17:13:17,312 - INFO -   No new constraints added, lowered tau multiplier: 1.0 -> 0.9
2025-02-23 17:13:17,312 - INFO -   No new constraints added, lowered tau multiplier: 0.9 -> 0.8
2025-02-23 17:13:17,313 - INFO -   Added 2 new constraints: [0, 4]
2025-02-23 17:13:17,313 - INFO - 
Iteration 7:
2025-02-23 17:13:17,313 - DEBUG - Generated Ising Hamiltonian
2025-02-23 17:13:17,522 - DEBUG - Optimizing QAOA circuit...
2025-02-23 17:13:18,517 - DEBUG - Circuit optimization successful
2025-02-23 17:13:18,517 - DEBUG - Circuit optimization successful, final value: -2245.176823176823
2025-02-23 17:13:18,517 - DEBUG - Sampling from optimized circuit...
2025-02-23 17:13:18,530 - DEBUG - Generated 148 unique samples from 200 total measurements
2025-02-23 17:13:18,530 - DEBUG - 
Top 5 most frequent samples:
2025-02-23 17:13:18,530 - DEBUG -   Rank | Count |   %   
2025-02-23 17:13:18,530 - DEBUG -   -----|-------|-------
2025-02-23 17:13:18,530 - DEBUG -      1 |     4 |   2.0
2025-02-23 17:13:18,531 - DEBUG -     Sample: [1 1 1 0 1 0 0 1 1 0]
2025-02-23 17:13:18,531 - DEBUG -      2 |     4 |   2.0
2025-02-23 17:13:18,531 - DEBUG -     Sample: [1 0 0 0 1 0 0 1 0 0]
2025-02-23 17:13:18,531 - DEBUG -      3 |     4 |   2.0
2025-02-23 17:13:18,531 - DEBUG -     Sample: [1 1 0 0 0 1 0 1 1 0]
2025-02-23 17:13:18,531 - DEBUG -      4 |     4 |   2.0
2025-02-23 17:13:18,532 - DEBUG -     Sample: [1 1 0 0 1 1 0 0 1 0]
2025-02-23 17:13:18,532 - DEBUG -      5 |     3 |   1.5
2025-02-23 17:13:18,532 - DEBUG -     Sample: [0 0 0 1 1 0 0 1 0 0]
2025-02-23 17:13:18,533 - DEBUG - Generated 148 unique samples from 200 total measurements
2025-02-23 17:13:18,535 - INFO - Found feasible solution: [1 1 0 0 0 0 0 1 0 1] with objective value 212.0
2025-02-23 17:13:18,535 - INFO -   Found feasible solution:
2025-02-23 17:13:18,536 - INFO -     Solution: [1, 1, 0, 0, 0, 0, 0, 1, 0, 1]
2025-02-23 17:13:18,536 - INFO -     Value: 212.0
2025-02-23 17:13:18,536 - INFO -     Gap to reference: 49.30%
2025-02-23 17:13:18,536 - INFO - 
---
2025-02-23 17:13:18,536 - INFO - Solution Comparison:
2025-02-23 17:13:18,537 - INFO - Gap to classical reference: 49.30%
2025-02-23 17:13:18,537 - INFO - 
Instance 2 results:
2025-02-23 17:13:18,537 - INFO -   Classical value: 200.0
2025-02-23 17:13:18,537 - INFO -   QAOA value: 140.0
2025-02-23 17:13:18,537 - INFO -   Constraint generation value: 212.0
2025-02-23 17:13:18,537 - INFO - 
Running instance 3/10
2025-02-23 17:13:18,539 - INFO - 
Problem information:
2025-02-23 17:13:18,539 - INFO -   Number of variables (n): 10
2025-02-23 17:13:18,539 - INFO -   Number of constraints (m): 30
2025-02-23 17:13:18,539 - DEBUG -   Density of A: 23.00%
2025-02-23 17:13:18,539 - INFO - 
Running Classical Reference Solver (SCIP):
2025-02-23 17:13:18,540 - DEBUG - Problem dimensions: 30 constraints, 10 variables
2025-02-23 17:13:18,540 - DEBUG - Row names: ['ELEM1', 'ELEM2', 'ELEM3', 'ELEM4', 'ELEM5', 'ELEM6', 'ELEM7', 'ELEM8', 'ELEM9', 'ELEM10', 'ELEM11', 'ELEM12', 'ELEM13', 'ELEM14', 'ELEM15', 'ELEM16', 'ELEM17', 'ELEM18', 'ELEM19', 'ELEM20', 'ELEM21', 'ELEM22', 'ELEM23', 'ELEM24', 'ELEM25', 'ELEM26', 'ELEM27', 'ELEM28', 'ELEM29', 'ELEM30']
2025-02-23 17:13:18,540 - DEBUG - RHS values: {'ELEM1': 1.0, 'ELEM2': 1.0, 'ELEM3': 1.0, 'ELEM4': 1.0, 'ELEM5': 1.0, 'ELEM6': 1.0, 'ELEM7': 1.0, 'ELEM8': 1.0, 'ELEM9': 1.0, 'ELEM10': 1.0, 'ELEM11': 1.0, 'ELEM12': 1.0, 'ELEM13': 1.0, 'ELEM14': 1.0, 'ELEM15': 1.0, 'ELEM16': 1.0, 'ELEM17': 1.0, 'ELEM18': 1.0, 'ELEM19': 1.0, 'ELEM20': 1.0, 'ELEM21': 1.0, 'ELEM22': 1.0, 'ELEM23': 1.0, 'ELEM24': 1.0, 'ELEM25': 1.0, 'ELEM26': 1.0, 'ELEM27': 1.0, 'ELEM28': 1.0, 'ELEM29': 1.0, 'ELEM30': 1.0}
2025-02-23 17:13:18,552 - INFO - 
Problem information:
2025-02-23 17:13:18,552 - INFO -   Number of variables (n): 10
2025-02-23 17:13:18,552 - INFO -   Number of constraints (m): 30
2025-02-23 17:13:18,552 - DEBUG -   Density of A: 26.00%
2025-02-23 17:13:18,552 - INFO - 
=====
2025-02-23 17:13:18,553 - INFO - Running QAOA Reference Solution (with all constraints):
