2025-02-23 17:51:01,361 - INFO - 
Problem information:
2025-02-23 17:51:01,361 - INFO -   Number of variables (n): 12
2025-02-23 17:51:01,361 - INFO -   Number of constraints (m): 40
2025-02-23 17:51:01,361 - DEBUG -   Density of A: 19.38%
2025-02-23 17:51:01,361 - INFO - 
Starting reference QAOA with parameters:
2025-02-23 17:51:01,362 - INFO -   sample_size (total shots): 200
2025-02-23 17:51:01,362 - INFO - Added all constraints
2025-02-23 17:51:01,362 - DEBUG - Generated Ising Hamiltonian
2025-02-23 17:51:01,568 - DEBUG - Optimizing QAOA circuit...
2025-02-23 17:51:03,855 - DEBUG - Circuit optimization successful
2025-02-23 17:51:03,855 - DEBUG - Circuit optimization successful, final value: 25418.546453546456
2025-02-23 17:51:03,855 - DEBUG - Sampling from optimized circuit...
2025-02-23 17:51:03,872 - DEBUG - Generated 193 unique samples from 200 total measurements
2025-02-23 17:51:03,872 - DEBUG - 
Top 5 most frequent samples:
2025-02-23 17:51:03,873 - DEBUG -   Rank | Count |   %   
2025-02-23 17:51:03,873 - DEBUG -   -----|-------|-------
2025-02-23 17:51:03,873 - DEBUG -      1 |     2 |   1.0
2025-02-23 17:51:03,873 - DEBUG -     Sample: [1 1 1 0 1 0 1 1 1 1 0 1]
2025-02-23 17:51:03,873 - DEBUG -      2 |     2 |   1.0
2025-02-23 17:51:03,873 - DEBUG -     Sample: [1 0 1 0 1 1 1 1 0 1 1 1]
2025-02-23 17:51:03,874 - DEBUG -      3 |     2 |   1.0
2025-02-23 17:51:03,874 - DEBUG -     Sample: [1 0 0 0 1 1 1 0 0 1 0 1]
2025-02-23 17:51:03,874 - DEBUG -      4 |     2 |   1.0
2025-02-23 17:51:03,874 - DEBUG -     Sample: [0 0 1 0 1 1 1 0 1 1 0 1]
2025-02-23 17:51:03,874 - DEBUG -      5 |     2 |   1.0
2025-02-23 17:51:03,874 - DEBUG -     Sample: [0 1 1 1 1 1 1 1 0 1 0 0]
2025-02-23 17:51:03,875 - DEBUG - Generated 193 unique samples from 200 total measurements
2025-02-23 17:51:03,879 - INFO - No feasible solution found
2025-02-23 17:51:03,879 - INFO -   QAOA solver found no feasible solution
2025-02-23 17:51:03,880 - INFO - 
Running Constraint Generation:
2025-02-23 17:51:03,881 - INFO - 
Problem information:
2025-02-23 17:51:03,881 - INFO -   Number of variables (n): 12
2025-02-23 17:51:03,881 - INFO -   Number of constraints (m): 40
2025-02-23 17:51:03,882 - DEBUG -   Density of A: 19.38%
2025-02-23 17:51:03,882 - INFO - 
Running classical reference solver:
2025-02-23 17:51:03,892 - INFO -   Reference solution found:
2025-02-23 17:51:03,892 - INFO -     Solution: [0, 0, 0, 0, 1, 0, 1, 0, 0, 1, 0, 1]
2025-02-23 17:51:03,892 - INFO -     Value: 249.99999999999997
2025-02-23 17:51:03,892 - INFO - 
Starting quantum constraint generation with parameters:
2025-02-23 17:51:03,893 - INFO -   sample_size (total shots): 200
2025-02-23 17:51:03,893 - INFO -   tau: 0.1
2025-02-23 17:51:03,893 - INFO -   max_iters: 1000
2025-02-23 17:51:03,893 - INFO - 
Iteration 0:
2025-02-23 17:51:03,894 - DEBUG - Generated Ising Hamiltonian
2025-02-23 17:51:04,116 - DEBUG - Optimizing QAOA circuit...
2025-02-23 17:51:05,605 - DEBUG - Circuit optimization successful
2025-02-23 17:51:05,605 - DEBUG - Circuit optimization successful, final value: -185.7092907092907
2025-02-23 17:51:05,605 - DEBUG - Sampling from optimized circuit...
2025-02-23 17:51:05,619 - DEBUG - Generated 144 unique samples from 200 total measurements
2025-02-23 17:51:05,619 - DEBUG - 
Top 5 most frequent samples:
2025-02-23 17:51:05,619 - DEBUG -   Rank | Count |   %   
2025-02-23 17:51:05,619 - DEBUG -   -----|-------|-------
2025-02-23 17:51:05,619 - DEBUG -      1 |     8 |   4.0
2025-02-23 17:51:05,619 - DEBUG -     Sample: [1 1 1 1 0 0 1 1 1 1 1 1]
2025-02-23 17:51:05,620 - DEBUG -      2 |     6 |   3.0
2025-02-23 17:51:05,620 - DEBUG -     Sample: [1 1 1 1 1 0 1 1 1 1 1 1]
2025-02-23 17:51:05,620 - DEBUG -      3 |     5 |   2.5
2025-02-23 17:51:05,620 - DEBUG -     Sample: [1 1 1 0 0 0 1 1 1 1 1 1]
2025-02-23 17:51:05,620 - DEBUG -      4 |     5 |   2.5
2025-02-23 17:51:05,621 - DEBUG -     Sample: [1 1 1 1 0 0 1 1 1 1 1 0]
2025-02-23 17:51:05,621 - DEBUG -      5 |     5 |   2.5
2025-02-23 17:51:05,621 - DEBUG -     Sample: [1 1 1 1 0 0 1 0 1 1 1 0]
2025-02-23 17:51:05,621 - DEBUG - Generated 144 unique samples from 200 total measurements
2025-02-23 17:51:05,624 - INFO -   No feasible solution found in this iteration
2025-02-23 17:51:05,624 - INFO -   Added 1 new constraints: [2]
2025-02-23 17:51:05,625 - INFO - 
Iteration 1:
2025-02-23 17:51:05,625 - DEBUG - Generated Ising Hamiltonian
2025-02-23 17:51:05,834 - DEBUG - Optimizing QAOA circuit...
2025-02-23 17:51:07,151 - DEBUG - Circuit optimization successful
2025-02-23 17:51:07,151 - DEBUG - Circuit optimization successful, final value: -573.5462037962037
2025-02-23 17:51:07,151 - DEBUG - Sampling from optimized circuit...
2025-02-23 17:51:07,165 - DEBUG - Generated 196 unique samples from 200 total measurements
2025-02-23 17:51:07,165 - DEBUG - 
Top 5 most frequent samples:
2025-02-23 17:51:07,165 - DEBUG -   Rank | Count |   %   
2025-02-23 17:51:07,165 - DEBUG -   -----|-------|-------
2025-02-23 17:51:07,165 - DEBUG -      1 |     2 |   1.0
2025-02-23 17:51:07,165 - DEBUG -     Sample: [0 0 0 1 1 1 0 0 0 0 1 1]
2025-02-23 17:51:07,165 - DEBUG -      2 |     2 |   1.0
2025-02-23 17:51:07,166 - DEBUG -     Sample: [0 1 0 0 0 0 1 1 1 0 0 0]
2025-02-23 17:51:07,166 - DEBUG -      3 |     2 |   1.0
2025-02-23 17:51:07,166 - DEBUG -     Sample: [1 1 1 1 1 0 0 0 1 0 0 0]
2025-02-23 17:51:07,166 - DEBUG -      4 |     2 |   1.0
2025-02-23 17:51:07,167 - DEBUG -     Sample: [0 1 0 0 1 1 0 0 1 1 0 0]
2025-02-23 17:51:07,167 - DEBUG -      5 |     1 |   0.5
2025-02-23 17:51:07,167 - DEBUG -     Sample: [1 1 0 1 1 1 0 1 1 0 0 1]
2025-02-23 17:51:07,168 - DEBUG - Generated 196 unique samples from 200 total measurements
2025-02-23 17:51:07,171 - INFO -   No feasible solution found in this iteration
2025-02-23 17:51:07,172 - INFO -   Added 1 new constraints: [26]
2025-02-23 17:51:07,172 - INFO - 
Iteration 2:
2025-02-23 17:51:07,172 - DEBUG - Generated Ising Hamiltonian
2025-02-23 17:51:07,377 - DEBUG - Optimizing QAOA circuit...
2025-02-23 17:51:08,397 - DEBUG - Circuit optimization successful
2025-02-23 17:51:08,397 - DEBUG - Circuit optimization successful, final value: -1449.2442557442555
2025-02-23 17:51:08,398 - DEBUG - Sampling from optimized circuit...
2025-02-23 17:51:08,411 - DEBUG - Generated 159 unique samples from 200 total measurements
2025-02-23 17:51:08,411 - DEBUG - 
Top 5 most frequent samples:
2025-02-23 17:51:08,411 - DEBUG -   Rank | Count |   %   
2025-02-23 17:51:08,411 - DEBUG -   -----|-------|-------
2025-02-23 17:51:08,411 - DEBUG -      1 |     5 |   2.5
2025-02-23 17:51:08,411 - DEBUG -     Sample: [1 0 0 0 1 0 1 1 0 1 0 0]
2025-02-23 17:51:08,411 - DEBUG -      2 |     4 |   2.0
2025-02-23 17:51:08,412 - DEBUG -     Sample: [0 0 0 0 1 0 1 1 1 1 0 1]
2025-02-23 17:51:08,412 - DEBUG -      3 |     4 |   2.0
2025-02-23 17:51:08,412 - DEBUG -     Sample: [0 0 0 1 1 0 1 1 0 1 0 1]
2025-02-23 17:51:08,412 - DEBUG -      4 |     4 |   2.0
2025-02-23 17:51:08,412 - DEBUG -     Sample: [0 0 0 0 1 0 1 1 1 1 0 0]
2025-02-23 17:51:08,412 - DEBUG -      5 |     3 |   1.5
2025-02-23 17:51:08,412 - DEBUG -     Sample: [1 1 0 0 1 1 1 1 1 0 1 0]
2025-02-23 17:51:08,413 - DEBUG - Generated 159 unique samples from 200 total measurements
2025-02-23 17:51:08,416 - INFO -   No feasible solution found in this iteration
2025-02-23 17:51:08,416 - INFO -   Added 1 new constraints: [18]
2025-02-23 17:51:08,416 - INFO - 
Iteration 3:
2025-02-23 17:51:08,417 - DEBUG - Generated Ising Hamiltonian
2025-02-23 17:51:08,611 - DEBUG - Optimizing QAOA circuit...
2025-02-23 17:51:09,823 - DEBUG - Circuit optimization successful
2025-02-23 17:51:09,823 - DEBUG - Circuit optimization successful, final value: -1397.4757742257734
2025-02-23 17:51:09,824 - DEBUG - Sampling from optimized circuit...
2025-02-23 17:51:09,841 - DEBUG - Generated 153 unique samples from 200 total measurements
2025-02-23 17:51:09,842 - DEBUG - 
Top 5 most frequent samples:
2025-02-23 17:51:09,842 - DEBUG -   Rank | Count |   %   
2025-02-23 17:51:09,842 - DEBUG -   -----|-------|-------
2025-02-23 17:51:09,842 - DEBUG -      1 |     4 |   2.0
2025-02-23 17:51:09,842 - DEBUG -     Sample: [1 0 0 1 1 1 0 0 0 0 1 1]
2025-02-23 17:51:09,842 - DEBUG -      2 |     3 |   1.5
2025-02-23 17:51:09,843 - DEBUG -     Sample: [1 0 0 1 1 0 0 0 0 0 1 1]
2025-02-23 17:51:09,843 - DEBUG -      3 |     3 |   1.5
2025-02-23 17:51:09,843 - DEBUG -     Sample: [0 0 0 1 1 0 1 0 0 0 0 1]
2025-02-23 17:51:09,843 - DEBUG -      4 |     3 |   1.5
2025-02-23 17:51:09,844 - DEBUG -     Sample: [0 0 1 1 0 0 0 0 0 0 0 1]
2025-02-23 17:51:09,844 - DEBUG -      5 |     3 |   1.5
2025-02-23 17:51:09,844 - DEBUG -     Sample: [1 0 0 1 1 0 1 0 0 0 0 1]
2025-02-23 17:51:09,845 - DEBUG - Generated 153 unique samples from 200 total measurements
2025-02-23 17:51:09,848 - INFO -   No feasible solution found in this iteration
2025-02-23 17:51:09,849 - INFO -   Added 2 new constraints: [25, 34]
2025-02-23 17:51:09,849 - INFO - 
Iteration 4:
2025-02-23 17:51:09,850 - DEBUG - Generated Ising Hamiltonian
2025-02-23 17:51:10,039 - DEBUG - Optimizing QAOA circuit...
2025-02-23 17:51:11,141 - DEBUG - Circuit optimization successful
2025-02-23 17:51:11,141 - DEBUG - Circuit optimization successful, final value: -8189.468281718283
2025-02-23 17:51:11,141 - DEBUG - Sampling from optimized circuit...
2025-02-23 17:51:11,154 - DEBUG - Generated 114 unique samples from 200 total measurements
2025-02-23 17:51:11,155 - DEBUG - 
Top 5 most frequent samples:
2025-02-23 17:51:11,155 - DEBUG -   Rank | Count |   %   
2025-02-23 17:51:11,155 - DEBUG -   -----|-------|-------
2025-02-23 17:51:11,155 - DEBUG -      1 |    10 |   5.0
2025-02-23 17:51:11,155 - DEBUG -     Sample: [1 0 0 1 0 0 1 0 1 1 0 0]
2025-02-23 17:51:11,155 - DEBUG -      2 |    10 |   5.0
2025-02-23 17:51:11,156 - DEBUG -     Sample: [1 0 0 0 0 0 1 0 1 1 0 1]
2025-02-23 17:51:11,156 - DEBUG -      3 |     9 |   4.5
2025-02-23 17:51:11,156 - DEBUG -     Sample: [1 0 0 0 0 0 1 0 1 1 0 0]
2025-02-23 17:51:11,156 - DEBUG -      4 |     7 |   3.5
2025-02-23 17:51:11,156 - DEBUG -     Sample: [1 0 0 1 0 0 1 0 1 0 0 1]
2025-02-23 17:51:11,156 - DEBUG -      5 |     5 |   2.5
2025-02-23 17:51:11,156 - DEBUG -     Sample: [1 0 0 1 0 0 1 1 1 1 0 0]
2025-02-23 17:51:11,157 - DEBUG - Generated 114 unique samples from 200 total measurements
2025-02-23 17:51:11,159 - INFO -   No feasible solution found in this iteration
2025-02-23 17:51:11,159 - INFO -   Added 2 new constraints: [8, 28]
2025-02-23 17:51:11,159 - INFO - 
Iteration 5:
2025-02-23 17:51:11,160 - DEBUG - Generated Ising Hamiltonian
2025-02-23 17:51:11,428 - DEBUG - Optimizing QAOA circuit...
2025-02-23 17:51:12,714 - DEBUG - Circuit optimization successful
2025-02-23 17:51:12,714 - DEBUG - Circuit optimization successful, final value: -12431.634615384615
2025-02-23 17:51:12,714 - DEBUG - Sampling from optimized circuit...
2025-02-23 17:51:12,728 - DEBUG - Generated 162 unique samples from 200 total measurements
2025-02-23 17:51:12,728 - DEBUG - 
Top 5 most frequent samples:
2025-02-23 17:51:12,728 - DEBUG -   Rank | Count |   %   
2025-02-23 17:51:12,729 - DEBUG -   -----|-------|-------
2025-02-23 17:51:12,729 - DEBUG -      1 |     5 |   2.5
2025-02-23 17:51:12,729 - DEBUG -     Sample: [0 0 1 0 0 0 0 1 0 0 0 1]
2025-02-23 17:51:12,729 - DEBUG -      2 |     4 |   2.0
2025-02-23 17:51:12,729 - DEBUG -     Sample: [1 0 0 0 1 0 0 0 0 0 0 1]
2025-02-23 17:51:12,729 - DEBUG -      3 |     3 |   1.5
2025-02-23 17:51:12,730 - DEBUG -     Sample: [0 0 0 0 1 1 0 0 0 0 1 1]
2025-02-23 17:51:12,730 - DEBUG -      4 |     3 |   1.5
2025-02-23 17:51:12,730 - DEBUG -     Sample: [0 1 1 0 1 1 0 0 0 1 1 1]
2025-02-23 17:51:12,730 - DEBUG -      5 |     3 |   1.5
2025-02-23 17:51:12,730 - DEBUG -     Sample: [0 1 1 0 1 0 0 0 0 1 1 0]
2025-02-23 17:51:12,731 - DEBUG - Generated 162 unique samples from 200 total measurements
2025-02-23 17:51:12,733 - INFO -   No feasible solution found in this iteration
2025-02-23 17:51:12,734 - INFO -   Added 1 new constraints: [24]
2025-02-23 17:51:12,734 - INFO - 
Iteration 6:
2025-02-23 17:51:12,735 - DEBUG - Generated Ising Hamiltonian
2025-02-23 17:51:12,939 - DEBUG - Optimizing QAOA circuit...
2025-02-23 17:51:14,629 - DEBUG - Circuit optimization successful
2025-02-23 17:51:14,629 - DEBUG - Circuit optimization successful, final value: 7223.542457542459
2025-02-23 17:51:14,629 - DEBUG - Sampling from optimized circuit...
2025-02-23 17:51:14,643 - DEBUG - Generated 184 unique samples from 200 total measurements
2025-02-23 17:51:14,643 - DEBUG - 
Top 5 most frequent samples:
2025-02-23 17:51:14,643 - DEBUG -   Rank | Count |   %   
2025-02-23 17:51:14,643 - DEBUG -   -----|-------|-------
2025-02-23 17:51:14,643 - DEBUG -      1 |     3 |   1.5
2025-02-23 17:51:14,644 - DEBUG -     Sample: [0 0 1 0 1 0 1 1 0 0 1 1]
2025-02-23 17:51:14,644 - DEBUG -      2 |     2 |   1.0
2025-02-23 17:51:14,644 - DEBUG -     Sample: [0 0 1 1 0 0 0 1 1 1 1 1]
2025-02-23 17:51:14,644 - DEBUG -      3 |     2 |   1.0
2025-02-23 17:51:14,644 - DEBUG -     Sample: [0 0 0 1 1 0 1 1 0 0 1 0]
2025-02-23 17:51:14,644 - DEBUG -      4 |     2 |   1.0
2025-02-23 17:51:14,645 - DEBUG -     Sample: [0 1 1 0 1 0 1 1 0 0 1 1]
2025-02-23 17:51:14,645 - DEBUG -      5 |     2 |   1.0
2025-02-23 17:51:14,645 - DEBUG -     Sample: [0 0 0 0 1 0 1 1 1 0 1 1]
2025-02-23 17:51:14,645 - DEBUG - Generated 184 unique samples from 200 total measurements
2025-02-23 17:51:14,648 - INFO -   No feasible solution found in this iteration
2025-02-23 17:51:14,649 - INFO -   No new constraints added, lowered tau multiplier: 1.0 -> 0.9
2025-02-23 17:51:14,649 - INFO -   Added 1 new constraints: [13]
2025-02-23 17:51:14,649 - INFO - 
Iteration 7:
2025-02-23 17:51:14,650 - DEBUG - Generated Ising Hamiltonian
2025-02-23 17:51:14,849 - DEBUG - Optimizing QAOA circuit...
2025-02-23 17:51:16,176 - DEBUG - Circuit optimization successful
2025-02-23 17:51:16,176 - DEBUG - Circuit optimization successful, final value: 6323.886363636362
2025-02-23 17:51:16,177 - DEBUG - Sampling from optimized circuit...
2025-02-23 17:51:16,191 - DEBUG - Generated 156 unique samples from 200 total measurements
2025-02-23 17:51:16,191 - DEBUG - 
Top 5 most frequent samples:
2025-02-23 17:51:16,191 - DEBUG -   Rank | Count |   %   
2025-02-23 17:51:16,191 - DEBUG -   -----|-------|-------
2025-02-23 17:51:16,191 - DEBUG -      1 |     5 |   2.5
2025-02-23 17:51:16,192 - DEBUG -     Sample: [0 1 1 1 0 0 0 1 1 0 1 1]
2025-02-23 17:51:16,192 - DEBUG -      2 |     4 |   2.0
2025-02-23 17:51:16,192 - DEBUG -     Sample: [0 1 1 0 0 0 0 1 1 0 1 0]
2025-02-23 17:51:16,192 - DEBUG -      3 |     4 |   2.0
2025-02-23 17:51:16,192 - DEBUG -     Sample: [0 1 1 1 1 0 0 1 1 0 1 1]
2025-02-23 17:51:16,193 - DEBUG -      4 |     4 |   2.0
2025-02-23 17:51:16,193 - DEBUG -     Sample: [0 0 1 1 0 0 0 1 1 0 1 1]
2025-02-23 17:51:16,193 - DEBUG -      5 |     4 |   2.0
2025-02-23 17:51:16,193 - DEBUG -     Sample: [0 0 1 0 0 0 0 1 1 0 1 0]
2025-02-23 17:51:16,194 - DEBUG - Generated 156 unique samples from 200 total measurements
2025-02-23 17:51:16,196 - INFO -   No feasible solution found in this iteration
2025-02-23 17:51:16,197 - INFO -   No new constraints added, lowered tau multiplier: 1.0 -> 0.9
2025-02-23 17:51:16,197 - INFO -   No new constraints added, lowered tau multiplier: 0.9 -> 0.8
2025-02-23 17:51:16,197 - INFO -   Added 3 new constraints: [12, 16, 31]
2025-02-23 17:51:16,197 - INFO - 
Iteration 8:
2025-02-23 17:51:16,198 - DEBUG - Generated Ising Hamiltonian
2025-02-23 17:51:16,396 - DEBUG - Optimizing QAOA circuit...
2025-02-23 17:51:17,731 - DEBUG - Circuit optimization successful
2025-02-23 17:51:17,732 - DEBUG - Circuit optimization successful, final value: 6656.968031968031
2025-02-23 17:51:17,732 - DEBUG - Sampling from optimized circuit...
2025-02-23 17:51:17,748 - DEBUG - Generated 181 unique samples from 200 total measurements
2025-02-23 17:51:17,748 - DEBUG - 
Top 5 most frequent samples:
2025-02-23 17:51:17,748 - DEBUG -   Rank | Count |   %   
2025-02-23 17:51:17,748 - DEBUG -   -----|-------|-------
2025-02-23 17:51:17,748 - DEBUG -      1 |     3 |   1.5
2025-02-23 17:51:17,749 - DEBUG -     Sample: [0 1 1 1 1 0 0 1 0 0 0 1]
2025-02-23 17:51:17,749 - DEBUG -      2 |     3 |   1.5
2025-02-23 17:51:17,749 - DEBUG -     Sample: [0 0 0 1 0 0 0 0 0 0 1 0]
2025-02-23 17:51:17,749 - DEBUG -      3 |     3 |   1.5
2025-02-23 17:51:17,749 - DEBUG -     Sample: [1 0 0 1 0 1 1 0 1 0 0 0]
2025-02-23 17:51:17,749 - DEBUG -      4 |     2 |   1.0
2025-02-23 17:51:17,750 - DEBUG -     Sample: [1 1 1 1 1 1 0 1 0 1 1 1]
2025-02-23 17:51:17,750 - DEBUG -      5 |     2 |   1.0
2025-02-23 17:51:17,750 - DEBUG -     Sample: [0 0 0 1 1 1 1 1 0 0 0 1]
2025-02-23 17:51:17,751 - DEBUG - Generated 181 unique samples from 200 total measurements
2025-02-23 17:51:17,754 - INFO -   No feasible solution found in this iteration
2025-02-23 17:51:17,754 - INFO -   No new constraints added, lowered tau multiplier: 1.0 -> 0.9
2025-02-23 17:51:17,754 - INFO -   No new constraints added, lowered tau multiplier: 0.9 -> 0.8
2025-02-23 17:51:17,755 - INFO -   Added 2 new constraints: [3, 29]
2025-02-23 17:51:17,755 - INFO - 
Iteration 9:
2025-02-23 17:51:17,755 - DEBUG - Generated Ising Hamiltonian
2025-02-23 17:51:17,941 - DEBUG - Optimizing QAOA circuit...
2025-02-23 17:51:19,492 - DEBUG - Circuit optimization successful
2025-02-23 17:51:19,492 - DEBUG - Circuit optimization successful, final value: 13751.340159840162
2025-02-23 17:51:19,492 - DEBUG - Sampling from optimized circuit...
2025-02-23 17:51:19,506 - DEBUG - Generated 178 unique samples from 200 total measurements
2025-02-23 17:51:19,507 - DEBUG - 
Top 5 most frequent samples:
2025-02-23 17:51:19,507 - DEBUG -   Rank | Count |   %   
2025-02-23 17:51:19,507 - DEBUG -   -----|-------|-------
2025-02-23 17:51:19,507 - DEBUG -      1 |     2 |   1.0
2025-02-23 17:51:19,507 - DEBUG -     Sample: [0 0 0 1 0 0 0 1 0 0 1 1]
2025-02-23 17:51:19,507 - DEBUG -      2 |     2 |   1.0
2025-02-23 17:51:19,508 - DEBUG -     Sample: [0 1 1 1 1 0 0 0 1 0 0 1]
2025-02-23 17:51:19,508 - DEBUG -      3 |     2 |   1.0
2025-02-23 17:51:19,508 - DEBUG -     Sample: [0 1 1 1 1 1 0 1 1 1 1 1]
2025-02-23 17:51:19,508 - DEBUG -      4 |     2 |   1.0
2025-02-23 17:51:19,508 - DEBUG -     Sample: [1 0 0 1 0 1 0 1 0 1 1 1]
2025-02-23 17:51:19,508 - DEBUG -      5 |     2 |   1.0
2025-02-23 17:51:19,508 - DEBUG -     Sample: [1 0 1 1 1 1 0 0 1 0 1 0]
2025-02-23 17:51:19,509 - DEBUG - Generated 178 unique samples from 200 total measurements
2025-02-23 17:51:19,512 - INFO -   No feasible solution found in this iteration
2025-02-23 17:51:19,512 - INFO -   No new constraints added, lowered tau multiplier: 1.0 -> 0.9
2025-02-23 17:51:19,512 - INFO -   No new constraints added, lowered tau multiplier: 0.9 -> 0.8
2025-02-23 17:51:19,513 - INFO -   Added 2 new constraints: [20, 23]
2025-02-23 17:51:19,513 - INFO - 
Iteration 10:
2025-02-23 17:51:19,513 - DEBUG - Generated Ising Hamiltonian
2025-02-23 17:51:19,717 - DEBUG - Optimizing QAOA circuit...
2025-02-23 17:51:21,590 - DEBUG - Circuit optimization successful
2025-02-23 17:51:21,590 - DEBUG - Circuit optimization successful, final value: 8138.621878121878
2025-02-23 17:51:21,591 - DEBUG - Sampling from optimized circuit...
2025-02-23 17:51:21,607 - DEBUG - Generated 194 unique samples from 200 total measurements
2025-02-23 17:51:21,607 - DEBUG - 
Top 5 most frequent samples:
2025-02-23 17:51:21,607 - DEBUG -   Rank | Count |   %   
2025-02-23 17:51:21,607 - DEBUG -   -----|-------|-------
2025-02-23 17:51:21,607 - DEBUG -      1 |     2 |   1.0
2025-02-23 17:51:21,608 - DEBUG -     Sample: [0 1 0 1 1 1 1 0 0 1 0 1]
2025-02-23 17:51:21,608 - DEBUG -      2 |     2 |   1.0
2025-02-23 17:51:21,608 - DEBUG -     Sample: [1 1 0 1 1 1 1 1 1 1 1 0]
2025-02-23 17:51:21,608 - DEBUG -      3 |     2 |   1.0
2025-02-23 17:51:21,608 - DEBUG -     Sample: [0 1 0 1 1 1 1 0 0 1 0 0]
2025-02-23 17:51:21,608 - DEBUG -      4 |     2 |   1.0
2025-02-23 17:51:21,609 - DEBUG -     Sample: [1 0 0 0 1 1 0 0 0 1 1 1]
2025-02-23 17:51:21,609 - DEBUG -      5 |     2 |   1.0
2025-02-23 17:51:21,609 - DEBUG -     Sample: [1 1 1 1 1 0 1 0 0 1 0 0]
2025-02-23 17:51:21,610 - DEBUG - Generated 194 unique samples from 200 total measurements
2025-02-23 17:51:21,613 - INFO -   No feasible solution found in this iteration
2025-02-23 17:51:21,614 - INFO -   No new constraints added, lowered tau multiplier: 1.0 -> 0.9
2025-02-23 17:51:21,614 - INFO -   No new constraints added, lowered tau multiplier: 0.9 -> 0.8
2025-02-23 17:51:21,614 - INFO -   Added 1 new constraints: [5]
2025-02-23 17:51:21,614 - INFO - 
Iteration 11:
2025-02-23 17:51:21,614 - DEBUG - Generated Ising Hamiltonian
2025-02-23 17:51:21,822 - DEBUG - Optimizing QAOA circuit...
2025-02-23 17:51:23,560 - DEBUG - Circuit optimization successful
2025-02-23 17:51:23,560 - DEBUG - Circuit optimization successful, final value: 64135.481768231766
2025-02-23 17:51:23,560 - DEBUG - Sampling from optimized circuit...
2025-02-23 17:51:23,578 - DEBUG - Generated 148 unique samples from 200 total measurements
2025-02-23 17:51:23,578 - DEBUG - 
Top 5 most frequent samples:
2025-02-23 17:51:23,578 - DEBUG -   Rank | Count |   %   
2025-02-23 17:51:23,578 - DEBUG -   -----|-------|-------
2025-02-23 17:51:23,578 - DEBUG -      1 |     6 |   3.0
2025-02-23 17:51:23,579 - DEBUG -     Sample: [0 1 0 1 1 0 1 1 1 1 1 1]
2025-02-23 17:51:23,579 - DEBUG -      2 |     6 |   3.0
2025-02-23 17:51:23,580 - DEBUG -     Sample: [0 1 1 1 1 0 1 1 1 1 1 1]
2025-02-23 17:51:23,580 - DEBUG -      3 |     5 |   2.5
2025-02-23 17:51:23,580 - DEBUG -     Sample: [0 1 1 1 1 0 1 1 1 0 1 1]
2025-02-23 17:51:23,580 - DEBUG -      4 |     4 |   2.0
2025-02-23 17:51:23,580 - DEBUG -     Sample: [0 1 0 0 1 0 1 1 1 0 1 1]
2025-02-23 17:51:23,580 - DEBUG -      5 |     4 |   2.0
2025-02-23 17:51:23,581 - DEBUG -     Sample: [0 1 1 1 1 1 1 1 1 0 1 0]
2025-02-23 17:51:23,581 - DEBUG - Generated 148 unique samples from 200 total measurements
2025-02-23 17:51:23,584 - INFO -   No feasible solution found in this iteration
2025-02-23 17:51:23,585 - INFO -   No new constraints added, lowered tau multiplier: 1.0 -> 0.9
2025-02-23 17:51:23,585 - INFO -   No new constraints added, lowered tau multiplier: 0.9 -> 0.8
2025-02-23 17:51:23,585 - INFO -   No new constraints added, lowered tau multiplier: 0.8 -> 0.7
2025-02-23 17:51:23,586 - INFO -   No new constraints added, lowered tau multiplier: 0.7 -> 0.6
2025-02-23 17:51:23,586 - INFO -   No new constraints added, lowered tau multiplier: 0.6 -> 0.5
2025-02-23 17:51:23,586 - INFO -   Added 19 new constraints: [4, 6, 7, 9, 14, 15, 17, 19, 21, 22, 27, 30, 32, 33, 35, 36, 37, 38, 39]
2025-02-23 17:51:23,586 - INFO - 
Iteration 12:
2025-02-23 17:51:23,586 - DEBUG - Generated Ising Hamiltonian
2025-02-23 17:51:23,815 - DEBUG - Optimizing QAOA circuit...
2025-02-23 17:51:25,979 - DEBUG - Circuit optimization successful
2025-02-23 17:51:25,979 - DEBUG - Circuit optimization successful, final value: 13914.143356643355
2025-02-23 17:51:25,979 - DEBUG - Sampling from optimized circuit...
2025-02-23 17:51:25,997 - DEBUG - Generated 183 unique samples from 200 total measurements
2025-02-23 17:51:25,998 - DEBUG - 
Top 5 most frequent samples:
2025-02-23 17:51:25,998 - DEBUG -   Rank | Count |   %   
2025-02-23 17:51:25,998 - DEBUG -   -----|-------|-------
2025-02-23 17:51:25,998 - DEBUG -      1 |     2 |   1.0
2025-02-23 17:51:25,998 - DEBUG -     Sample: [0 0 1 1 1 1 1 0 1 1 1 0]
2025-02-23 17:51:25,998 - DEBUG -      2 |     2 |   1.0
2025-02-23 17:51:25,998 - DEBUG -     Sample: [0 1 1 1 1 0 1 0 1 1 1 0]
2025-02-23 17:51:25,999 - DEBUG -      3 |     2 |   1.0
2025-02-23 17:51:25,999 - DEBUG -     Sample: [0 1 0 1 0 0 1 0 1 0 0 0]
2025-02-23 17:51:25,999 - DEBUG -      4 |     2 |   1.0
2025-02-23 17:51:25,999 - DEBUG -     Sample: [1 1 1 1 1 0 0 0 1 1 1 1]
2025-02-23 17:51:26,000 - DEBUG -      5 |     2 |   1.0
2025-02-23 17:51:26,000 - DEBUG -     Sample: [0 1 0 0 1 0 0 1 1 1 0 0]
2025-02-23 17:51:26,000 - DEBUG - Generated 183 unique samples from 200 total measurements
2025-02-23 17:51:26,004 - INFO -   No feasible solution found in this iteration
2025-02-23 17:51:26,005 - INFO -   No new constraints added, lowered tau multiplier: 1.0 -> 0.9
2025-02-23 17:51:26,005 - INFO -   No new constraints added, lowered tau multiplier: 0.9 -> 0.8
2025-02-23 17:51:26,005 - INFO -   No new constraints added, lowered tau multiplier: 0.8 -> 0.7
2025-02-23 17:51:26,006 - INFO -   Added 4 new constraints: [0, 1, 10, 11]
2025-02-23 17:51:26,006 - INFO - 
Iteration 13:
2025-02-23 17:51:26,006 - DEBUG - Generated Ising Hamiltonian
2025-02-23 17:51:26,238 - DEBUG - Optimizing QAOA circuit...
2025-02-23 17:51:28,141 - DEBUG - Circuit optimization successful
2025-02-23 17:51:28,141 - DEBUG - Circuit optimization successful, final value: -16354.36413586414
2025-02-23 17:51:28,142 - DEBUG - Sampling from optimized circuit...
2025-02-23 17:51:28,159 - DEBUG - Generated 79 unique samples from 200 total measurements
2025-02-23 17:51:28,160 - DEBUG - 
Top 5 most frequent samples:
2025-02-23 17:51:28,160 - DEBUG -   Rank | Count |   %   
2025-02-23 17:51:28,160 - DEBUG -   -----|-------|-------
2025-02-23 17:51:28,160 - DEBUG -      1 |    19 |   9.5
2025-02-23 17:51:28,160 - DEBUG -     Sample: [1 0 1 0 0 1 1 0 1 0 0 1]
2025-02-23 17:51:28,160 - DEBUG -      2 |    15 |   7.5
2025-02-23 17:51:28,161 - DEBUG -     Sample: [1 0 1 1 0 1 1 0 1 0 0 1]
2025-02-23 17:51:28,161 - DEBUG -      3 |    15 |   7.5
2025-02-23 17:51:28,161 - DEBUG -     Sample: [1 0 1 0 0 1 1 0 0 0 0 1]
2025-02-23 17:51:28,161 - DEBUG -      4 |    11 |   5.5
2025-02-23 17:51:28,162 - DEBUG -     Sample: [0 0 1 0 0 1 1 0 1 0 0 1]
2025-02-23 17:51:28,162 - DEBUG -      5 |     8 |   4.0
2025-02-23 17:51:28,162 - DEBUG -     Sample: [0 0 1 0 0 1 1 0 0 0 0 1]
2025-02-23 17:51:28,163 - DEBUG - Generated 79 unique samples from 200 total measurements
2025-02-23 17:51:28,165 - INFO -   No feasible solution found in this iteration
2025-02-23 17:51:28,165 - INFO -   All constraints added, exiting
2025-02-23 17:51:28,165 - INFO -   Constraint generation found no feasible solution
2025-02-23 17:51:28,165 - INFO - 
Instance 12 results:
2025-02-23 17:51:28,165 - INFO -   Classical value: 249.99999999999997
2025-02-23 17:51:28,166 - INFO -   QAOA value: 0.0
2025-02-23 17:51:28,166 - INFO -   Constraint generation value: 0.0
2025-02-23 17:51:28,166 - INFO - 
Running instance 13/100
2025-02-23 17:51:28,169 - INFO - 
Running Classical Reference Solver (SCIP):
2025-02-23 17:51:28,170 - DEBUG - Problem dimensions: 40 constraints, 12 variables
2025-02-23 17:51:28,170 - DEBUG - Row names: ['ELEM1', 'ELEM2', 'ELEM3', 'ELEM4', 'ELEM5', 'ELEM6', 'ELEM7', 'ELEM8', 'ELEM9', 'ELEM10', 'ELEM11', 'ELEM12', 'ELEM13', 'ELEM14', 'ELEM15', 'ELEM16', 'ELEM17', 'ELEM18', 'ELEM19', 'ELEM20', 'ELEM21', 'ELEM22', 'ELEM23', 'ELEM24', 'ELEM25', 'ELEM26', 'ELEM27', 'ELEM28', 'ELEM29', 'ELEM30', 'ELEM31', 'ELEM32', 'ELEM33', 'ELEM34', 'ELEM35', 'ELEM36', 'ELEM37', 'ELEM38', 'ELEM39', 'ELEM40']
2025-02-23 17:51:28,170 - DEBUG - RHS values: {'ELEM1': 1.0, 'ELEM2': 1.0, 'ELEM3': 1.0, 'ELEM4': 1.0, 'ELEM5': 1.0, 'ELEM6': 1.0, 'ELEM7': 1.0, 'ELEM8': 1.0, 'ELEM9': 1.0, 'ELEM10': 1.0, 'ELEM11': 1.0, 'ELEM12': 1.0, 'ELEM13': 1.0, 'ELEM14': 1.0, 'ELEM15': 1.0, 'ELEM16': 1.0, 'ELEM17': 1.0, 'ELEM18': 1.0, 'ELEM19': 1.0, 'ELEM20': 1.0, 'ELEM21': 1.0, 'ELEM22': 1.0, 'ELEM23': 1.0, 'ELEM24': 1.0, 'ELEM25': 1.0, 'ELEM26': 1.0, 'ELEM27': 1.0, 'ELEM28': 1.0, 'ELEM29': 1.0, 'ELEM30': 1.0, 'ELEM31': 1.0, 'ELEM32': 1.0, 'ELEM33': 1.0, 'ELEM34': 1.0, 'ELEM35': 1.0, 'ELEM36': 1.0, 'ELEM37': 1.0, 'ELEM38': 1.0, 'ELEM39': 1.0, 'ELEM40': 1.0}
2025-02-23 17:51:28,181 - INFO -   Reference solution found:
2025-02-23 17:51:28,181 - INFO -     Solution: [0, 0, 1, 1, 0, 0, 1, 0, 1, 0, 0, 0]
2025-02-23 17:51:28,182 - INFO -     Value: 215.00000000000003
2025-02-23 17:51:28,182 - INFO - 
Running QAOA Reference Solution (with all constraints):
