2025-02-24 16:53:41,657 - INFO - 
Problem information:
2025-02-24 16:53:41,657 - INFO -   Number of variables (n): 8
2025-02-24 16:53:41,657 - INFO -   Number of constraints (m): 25
2025-02-24 16:53:41,657 - DEBUG -   Density of A: 25.00%
2025-02-24 16:53:41,657 - INFO - 
Starting reference QAOA with parameters:
2025-02-24 16:53:41,657 - INFO -   sample_size (total shots): 500
2025-02-24 16:53:41,658 - INFO - Added all constraints
2025-02-24 16:53:41,658 - DEBUG - Generated Ising Hamiltonian
2025-02-24 16:53:41,883 - DEBUG - Optimizing QAOA circuit...
2025-02-24 16:53:43,849 - DEBUG - Circuit optimization successful
2025-02-24 16:53:43,849 - DEBUG - Circuit optimization successful, final value: 30466.505494505494
2025-02-24 16:53:43,850 - DEBUG - Sampling from optimized circuit...
2025-02-24 16:53:43,868 - DEBUG - Generated 138 unique samples from 500 total measurements
2025-02-24 16:53:43,868 - DEBUG - 
Top 5 most frequent samples:
2025-02-24 16:53:43,869 - DEBUG -   Rank | Count |   %   
2025-02-24 16:53:43,869 - DEBUG -   -----|-------|-------
2025-02-24 16:53:43,869 - DEBUG -      1 |    28 |   5.6
2025-02-24 16:53:43,869 - DEBUG -     Sample: [1 1 0 1 1 1 1 1]
2025-02-24 16:53:43,869 - DEBUG -      2 |    20 |   4.0
2025-02-24 16:53:43,869 - DEBUG -     Sample: [1 1 1 1 1 1 1 0]
2025-02-24 16:53:43,869 - DEBUG -      3 |    20 |   4.0
2025-02-24 16:53:43,870 - DEBUG -     Sample: [1 1 1 1 1 1 1 1]
2025-02-24 16:53:43,870 - DEBUG -      4 |    20 |   4.0
2025-02-24 16:53:43,870 - DEBUG -     Sample: [1 1 1 1 0 1 1 1]
2025-02-24 16:53:43,870 - DEBUG -      5 |    16 |   3.2
2025-02-24 16:53:43,870 - DEBUG -     Sample: [1 1 0 1 1 1 1 0]
2025-02-24 16:53:43,871 - DEBUG - Generated 138 unique samples from 500 total measurements
2025-02-24 16:53:43,873 - INFO - Found feasible solution: [1 1 0 0 0 0 0 1] with objective value 121.0
2025-02-24 16:53:43,874 - INFO - Found feasible solution: [0 0 1 1 1 1 1 0] with objective value 211.0
2025-02-24 16:53:43,874 - INFO - Found feasible solution:
2025-02-24 16:53:43,875 - INFO -   Solution: [1, 1, 0, 0, 0, 0, 0, 1]
2025-02-24 16:53:43,875 - INFO -   Value: 121.0
2025-02-24 16:53:43,875 - INFO -   QAOA solution found:
2025-02-24 16:53:43,875 - INFO -     Solution: [1, 1, 0, 0, 0, 0, 0, 1]
2025-02-24 16:53:43,875 - INFO -     Value: 121.0
2025-02-24 16:53:43,876 - INFO - 
Running Constraint Generation:
2025-02-24 16:53:43,877 - INFO - 
Problem information:
2025-02-24 16:53:43,877 - INFO -   Number of variables (n): 8
2025-02-24 16:53:43,877 - INFO -   Number of constraints (m): 25
2025-02-24 16:53:43,877 - DEBUG -   Density of A: 25.00%
2025-02-24 16:53:43,878 - INFO - 
Running classical reference solver:
2025-02-24 16:53:43,888 - INFO -   Reference solution found:
2025-02-24 16:53:43,888 - INFO -     Solution: [1, 1, 0, 0, 0, 0, 0, 1]
2025-02-24 16:53:43,888 - INFO -     Value: 121.0
2025-02-24 16:53:43,888 - INFO - 
Starting quantum constraint generation with parameters:
2025-02-24 16:53:43,889 - INFO -   sample_size (total shots): 500
2025-02-24 16:53:43,889 - INFO -   tau: 0.1
2025-02-24 16:53:43,889 - INFO -   max_iters: 1000
2025-02-24 16:53:43,889 - INFO - 
Iteration 0:
2025-02-24 16:53:43,889 - DEBUG - Generated Ising Hamiltonian
2025-02-24 16:53:44,154 - DEBUG - Optimizing QAOA circuit...
2025-02-24 16:53:45,815 - DEBUG - Circuit optimization successful
2025-02-24 16:53:45,815 - DEBUG - Circuit optimization successful, final value: -168.28371628371627
2025-02-24 16:53:45,816 - DEBUG - Sampling from optimized circuit...
2025-02-24 16:53:45,833 - DEBUG - Generated 87 unique samples from 500 total measurements
2025-02-24 16:53:45,833 - DEBUG - 
Top 5 most frequent samples:
2025-02-24 16:53:45,833 - DEBUG -   Rank | Count |   %   
2025-02-24 16:53:45,833 - DEBUG -   -----|-------|-------
2025-02-24 16:53:45,833 - DEBUG -      1 |    58 |  11.6
2025-02-24 16:53:45,834 - DEBUG -     Sample: [1 1 1 1 1 1 1 1]
2025-02-24 16:53:45,834 - DEBUG -      2 |    46 |   9.2
2025-02-24 16:53:45,834 - DEBUG -     Sample: [1 1 0 1 1 1 1 1]
2025-02-24 16:53:45,834 - DEBUG -      3 |    36 |   7.2
2025-02-24 16:53:45,834 - DEBUG -     Sample: [1 1 1 1 1 1 0 1]
2025-02-24 16:53:45,835 - DEBUG -      4 |    26 |   5.2
2025-02-24 16:53:45,835 - DEBUG -     Sample: [0 1 1 1 1 1 1 1]
2025-02-24 16:53:45,835 - DEBUG -      5 |    25 |   5.0
2025-02-24 16:53:45,835 - DEBUG -     Sample: [1 1 0 1 1 1 0 1]
2025-02-24 16:53:45,836 - DEBUG - Generated 87 unique samples from 500 total measurements
2025-02-24 16:53:45,838 - INFO -   No feasible solution found in this iteration
2025-02-24 16:53:45,838 - INFO -   Added 2 new constraints: [8, 13]
2025-02-24 16:53:45,839 - INFO - 
Iteration 1:
2025-02-24 16:53:45,839 - DEBUG - Generated Ising Hamiltonian
2025-02-24 16:53:46,138 - DEBUG - Optimizing QAOA circuit...
2025-02-24 16:53:47,887 - DEBUG - Circuit optimization successful
2025-02-24 16:53:47,887 - DEBUG - Circuit optimization successful, final value: -3902.8971028971037
2025-02-24 16:53:47,887 - DEBUG - Sampling from optimized circuit...
2025-02-24 16:53:47,919 - DEBUG - Generated 120 unique samples from 500 total measurements
2025-02-24 16:53:47,920 - DEBUG - 
Top 5 most frequent samples:
2025-02-24 16:53:47,920 - DEBUG -   Rank | Count |   %   
2025-02-24 16:53:47,920 - DEBUG -   -----|-------|-------
2025-02-24 16:53:47,920 - DEBUG -      1 |    40 |   8.0
2025-02-24 16:53:47,920 - DEBUG -     Sample: [1 0 1 1 0 1 0 1]
2025-02-24 16:53:47,920 - DEBUG -      2 |    26 |   5.2
2025-02-24 16:53:47,921 - DEBUG -     Sample: [1 0 1 1 0 1 1 0]
2025-02-24 16:53:47,921 - DEBUG -      3 |    24 |   4.8
2025-02-24 16:53:47,921 - DEBUG -     Sample: [1 0 1 1 0 1 0 0]
2025-02-24 16:53:47,921 - DEBUG -      4 |    22 |   4.4
2025-02-24 16:53:47,921 - DEBUG -     Sample: [1 0 1 1 0 0 0 1]
2025-02-24 16:53:47,922 - DEBUG -      5 |    16 |   3.2
2025-02-24 16:53:47,922 - DEBUG -     Sample: [0 0 1 1 0 1 0 0]
2025-02-24 16:53:47,923 - DEBUG - Generated 120 unique samples from 500 total measurements
2025-02-24 16:53:47,925 - INFO - Found feasible solution: [0 0 1 1 1 1 1 0] with objective value 211.0
2025-02-24 16:53:47,927 - INFO - Found feasible solution: [1 1 0 0 0 0 0 1] with objective value 121.0
2025-02-24 16:53:47,927 - INFO -   Found feasible solution:
2025-02-24 16:53:47,928 - INFO -     Solution: [1, 1, 0, 0, 0, 0, 0, 1]
2025-02-24 16:53:47,928 - INFO -     Value: 121.0
2025-02-24 16:53:47,928 - INFO -     Gap to reference: 0.00%
2025-02-24 16:53:47,928 - INFO -   Constraint generation solution found:
2025-02-24 16:53:47,929 - INFO -     Solution: [1, 1, 0, 0, 0, 0, 0, 1]
2025-02-24 16:53:47,929 - INFO -     Value: 121.0
2025-02-24 16:53:47,929 - INFO - 
Instance 75 results:
2025-02-24 16:53:47,929 - INFO -   Classical value: 121.0
2025-02-24 16:53:47,929 - INFO -   QAOA value: 121.0
2025-02-24 16:53:47,929 - INFO -   Constraint generation value: 121.0
2025-02-24 16:53:47,930 - INFO - 
Running instance 76/100
2025-02-24 16:53:47,932 - INFO - 
Running Classical Reference Solver (SCIP):
2025-02-24 16:53:47,932 - DEBUG - Problem dimensions: 25 constraints, 8 variables
2025-02-24 16:53:47,933 - DEBUG - Row names: ['ELEM1', 'ELEM2', 'ELEM3', 'ELEM4', 'ELEM5', 'ELEM6', 'ELEM7', 'ELEM8', 'ELEM9', 'ELEM10', 'ELEM11', 'ELEM12', 'ELEM13', 'ELEM14', 'ELEM15', 'ELEM16', 'ELEM17', 'ELEM18', 'ELEM19', 'ELEM20', 'ELEM21', 'ELEM22', 'ELEM23', 'ELEM24', 'ELEM25']
2025-02-24 16:53:47,933 - DEBUG - RHS values: {'ELEM1': 1.0, 'ELEM2': 1.0, 'ELEM3': 1.0, 'ELEM4': 1.0, 'ELEM5': 1.0, 'ELEM6': 1.0, 'ELEM7': 1.0, 'ELEM8': 1.0, 'ELEM9': 1.0, 'ELEM10': 1.0, 'ELEM11': 1.0, 'ELEM12': 1.0, 'ELEM13': 1.0, 'ELEM14': 1.0, 'ELEM15': 1.0, 'ELEM16': 1.0, 'ELEM17': 1.0, 'ELEM18': 1.0, 'ELEM19': 1.0, 'ELEM20': 1.0, 'ELEM21': 1.0, 'ELEM22': 1.0, 'ELEM23': 1.0, 'ELEM24': 1.0, 'ELEM25': 1.0}
2025-02-24 16:53:47,945 - INFO -   Reference solution found:
2025-02-24 16:53:47,946 - INFO -     Solution: [0, 0, 1, 1, 0, 0, 1, 0]
2025-02-24 16:53:47,946 - INFO -     Value: 161.0
2025-02-24 16:53:47,946 - INFO - 
Running QAOA Reference Solution (with all constraints):
