2025-02-24 11:20:54,877 - INFO - 
Problem information:
2025-02-24 11:20:54,877 - INFO -   Number of variables (n): 12
2025-02-24 11:20:54,878 - INFO -   Number of constraints (m): 40
2025-02-24 11:20:54,878 - DEBUG -   Density of A: 26.67%
2025-02-24 11:20:54,878 - INFO - 
Starting reference QAOA with parameters:
2025-02-24 11:20:54,878 - INFO -   sample_size (total shots): 200
2025-02-24 11:20:54,878 - INFO - Added all constraints
2025-02-24 11:20:54,879 - DEBUG - Generated Ising Hamiltonian
2025-02-24 11:20:55,287 - DEBUG - Optimizing QAOA circuit...
2025-02-24 11:20:57,272 - DEBUG - Circuit optimization successful
2025-02-24 11:20:57,272 - DEBUG - Circuit optimization successful, final value: -13034.821178821177
2025-02-24 11:20:57,272 - DEBUG - Sampling from optimized circuit...
2025-02-24 11:20:57,293 - DEBUG - Generated 195 unique samples from 200 total measurements
2025-02-24 11:20:57,293 - DEBUG - 
Top 5 most frequent samples:
2025-02-24 11:20:57,294 - DEBUG -   Rank | Count |   %   
2025-02-24 11:20:57,294 - DEBUG -   -----|-------|-------
2025-02-24 11:20:57,294 - DEBUG -      1 |     2 |   1.0
2025-02-24 11:20:57,294 - DEBUG -     Sample: [0 0 0 1 1 1 0 1 1 0 1 0]
2025-02-24 11:20:57,294 - DEBUG -      2 |     2 |   1.0
2025-02-24 11:20:57,294 - DEBUG -     Sample: [0 0 0 1 0 1 0 0 1 1 1 1]
2025-02-24 11:20:57,294 - DEBUG -      3 |     2 |   1.0
2025-02-24 11:20:57,294 - DEBUG -     Sample: [1 0 1 0 1 1 0 0 0 0 1 1]
2025-02-24 11:20:57,295 - DEBUG -      4 |     2 |   1.0
2025-02-24 11:20:57,295 - DEBUG -     Sample: [1 0 0 1 1 1 0 0 1 1 1 1]
2025-02-24 11:20:57,295 - DEBUG -      5 |     2 |   1.0
2025-02-24 11:20:57,295 - DEBUG -     Sample: [0 1 0 1 0 1 0 1 0 0 0 0]
2025-02-24 11:20:57,295 - DEBUG - Generated 195 unique samples from 200 total measurements
2025-02-24 11:20:57,298 - INFO - No feasible solution found
2025-02-24 11:20:57,298 - INFO -   QAOA solver found no feasible solution
2025-02-24 11:20:57,298 - INFO - 
Running Classical Reference Solver (SCIP):
2025-02-24 11:20:57,299 - DEBUG - Problem dimensions: 40 constraints, 12 variables
2025-02-24 11:20:57,299 - DEBUG - Row names: ['ELEM1', 'ELEM2', 'ELEM3', 'ELEM4', 'ELEM5', 'ELEM6', 'ELEM7', 'ELEM8', 'ELEM9', 'ELEM10', 'ELEM11', 'ELEM12', 'ELEM13', 'ELEM14', 'ELEM15', 'ELEM16', 'ELEM17', 'ELEM18', 'ELEM19', 'ELEM20', 'ELEM21', 'ELEM22', 'ELEM23', 'ELEM24', 'ELEM25', 'ELEM26', 'ELEM27', 'ELEM28', 'ELEM29', 'ELEM30', 'ELEM31', 'ELEM32', 'ELEM33', 'ELEM34', 'ELEM35', 'ELEM36', 'ELEM37', 'ELEM38', 'ELEM39', 'ELEM40']
2025-02-24 11:20:57,299 - DEBUG - RHS values: {'ELEM1': 1.0, 'ELEM2': 1.0, 'ELEM3': 1.0, 'ELEM4': 1.0, 'ELEM5': 1.0, 'ELEM6': 1.0, 'ELEM7': 1.0, 'ELEM8': 1.0, 'ELEM9': 1.0, 'ELEM10': 1.0, 'ELEM11': 1.0, 'ELEM12': 1.0, 'ELEM13': 1.0, 'ELEM14': 1.0, 'ELEM15': 1.0, 'ELEM16': 1.0, 'ELEM17': 1.0, 'ELEM18': 1.0, 'ELEM19': 1.0, 'ELEM20': 1.0, 'ELEM21': 1.0, 'ELEM22': 1.0, 'ELEM23': 1.0, 'ELEM24': 1.0, 'ELEM25': 1.0, 'ELEM26': 1.0, 'ELEM27': 1.0, 'ELEM28': 1.0, 'ELEM29': 1.0, 'ELEM30': 1.0, 'ELEM31': 1.0, 'ELEM32': 1.0, 'ELEM33': 1.0, 'ELEM34': 1.0, 'ELEM35': 1.0, 'ELEM36': 1.0, 'ELEM37': 1.0, 'ELEM38': 1.0, 'ELEM39': 1.0, 'ELEM40': 1.0}
2025-02-24 11:20:57,362 - INFO -   Reference solution found:
2025-02-24 11:20:57,363 - INFO -     Solution: [0, 0, 0, 0, 0, 0, 0, 1, 1, 0, 1, 0]
2025-02-24 11:20:57,363 - INFO -     Value: 183.0
2025-02-24 11:20:57,363 - INFO - 
Running Constraint Generation:
2025-02-24 11:20:57,364 - INFO - 
Problem information:
2025-02-24 11:20:57,364 - INFO -   Number of variables (n): 12
2025-02-24 11:20:57,364 - INFO -   Number of constraints (m): 40
2025-02-24 11:20:57,364 - DEBUG -   Density of A: 26.67%
2025-02-24 11:20:57,364 - INFO - 
Running classical reference solver:
2025-02-24 11:20:57,372 - INFO -   Reference solution found:
2025-02-24 11:20:57,373 - INFO -     Solution: [0, 0, 0, 0, 0, 0, 0, 1, 1, 0, 1, 0]
2025-02-24 11:20:57,373 - INFO -     Value: 183.0
2025-02-24 11:20:57,373 - INFO - 
Starting quantum constraint generation with parameters:
2025-02-24 11:20:57,373 - INFO -   sample_size (total shots): 200
2025-02-24 11:20:57,373 - INFO -   tau: 0.0
2025-02-24 11:20:57,373 - INFO -   max_iters: 1000
2025-02-24 11:20:57,373 - INFO - 
Iteration 0:
2025-02-24 11:20:57,374 - DEBUG - Generated Ising Hamiltonian
2025-02-24 11:20:57,375 - DEBUG - Optimizing QAOA circuit...
2025-02-24 11:20:58,550 - WARNING - Circuit optimization did not converge
2025-02-24 11:20:58,551 - WARNING - Circuit optimization did not converge
2025-02-24 11:20:58,551 - DEBUG - Sampling from optimized circuit...
2025-02-24 11:20:58,595 - DEBUG - Generated 10 unique samples from 200 total measurements
2025-02-24 11:20:58,595 - DEBUG - 
Top 5 most frequent samples:
2025-02-24 11:20:58,595 - DEBUG -   Rank | Count |   %   
2025-02-24 11:20:58,595 - DEBUG -   -----|-------|-------
2025-02-24 11:20:58,595 - DEBUG -      1 |    93 |  46.5
2025-02-24 11:20:58,596 - DEBUG -     Sample: [0 0 0 0 0 0 0 0 1 1 1 1]
2025-02-24 11:20:58,596 - DEBUG -      2 |    42 |  21.0
2025-02-24 11:20:58,596 - DEBUG -     Sample: [0 0 0 0 0 0 0 0 1 1 0 1]
2025-02-24 11:20:58,596 - DEBUG -      3 |    28 |  14.0
2025-02-24 11:20:58,596 - DEBUG -     Sample: [0 0 0 0 0 0 0 0 1 0 1 1]
2025-02-24 11:20:58,596 - DEBUG -      4 |    13 |   6.5
2025-02-24 11:20:58,596 - DEBUG -     Sample: [0 0 0 0 0 0 0 0 1 0 0 1]
2025-02-24 11:20:58,596 - DEBUG -      5 |     7 |   3.5
2025-02-24 11:20:58,596 - DEBUG -     Sample: [0 0 0 0 0 0 0 0 1 1 1 0]
2025-02-24 11:20:58,597 - DEBUG - Generated 10 unique samples from 200 total measurements
2025-02-24 11:20:58,597 - INFO -   No feasible solution found in this iteration
2025-02-24 11:20:58,597 - INFO -   Added 2 new constraints: [3, 34]
2025-02-24 11:20:58,597 - INFO - 
Iteration 1:
2025-02-24 11:20:58,597 - DEBUG - Generated Ising Hamiltonian
2025-02-24 11:20:58,598 - DEBUG - Optimizing QAOA circuit...
2025-02-24 11:20:59,778 - WARNING - Circuit optimization did not converge
2025-02-24 11:20:59,778 - WARNING - Circuit optimization did not converge
2025-02-24 11:20:59,778 - DEBUG - Sampling from optimized circuit...
2025-02-24 11:20:59,812 - DEBUG - Generated 11 unique samples from 200 total measurements
2025-02-24 11:20:59,812 - DEBUG - 
Top 5 most frequent samples:
2025-02-24 11:20:59,812 - DEBUG -   Rank | Count |   %   
2025-02-24 11:20:59,812 - DEBUG -   -----|-------|-------
2025-02-24 11:20:59,812 - DEBUG -      1 |    76 |  38.0
2025-02-24 11:20:59,812 - DEBUG -     Sample: [0 0 0 0 0 0 0 0 1 1 1 1]
2025-02-24 11:20:59,812 - DEBUG -      2 |    37 |  18.5
2025-02-24 11:20:59,813 - DEBUG -     Sample: [0 0 0 0 0 0 0 0 1 1 0 1]
2025-02-24 11:20:59,813 - DEBUG -      3 |    33 |  16.5
2025-02-24 11:20:59,813 - DEBUG -     Sample: [0 0 0 0 0 0 0 0 1 0 1 1]
2025-02-24 11:20:59,813 - DEBUG -      4 |    18 |   9.0
2025-02-24 11:20:59,813 - DEBUG -     Sample: [0 0 0 0 0 0 0 0 1 0 0 1]
2025-02-24 11:20:59,813 - DEBUG -      5 |    12 |   6.0
2025-02-24 11:20:59,813 - DEBUG -     Sample: [0 0 0 0 0 0 0 0 1 1 1 0]
2025-02-24 11:20:59,813 - DEBUG - Generated 11 unique samples from 200 total measurements
2025-02-24 11:20:59,814 - INFO -   No feasible solution found in this iteration
2025-02-24 11:20:59,814 - INFO -   No new constraints added, lowered tau multiplier: 1.0 -> 0.9
2025-02-24 11:20:59,814 - INFO -   No new constraints added, lowered tau multiplier: 0.9 -> 0.8
2025-02-24 11:20:59,814 - INFO -   No new constraints added, lowered tau multiplier: 0.8 -> 0.7
2025-02-24 11:20:59,814 - INFO -   Added 1 new constraints: [36]
2025-02-24 11:20:59,814 - INFO - 
Iteration 2:
2025-02-24 11:20:59,814 - DEBUG - Generated Ising Hamiltonian
2025-02-24 11:20:59,815 - DEBUG - Optimizing QAOA circuit...
2025-02-24 11:21:01,703 - WARNING - Circuit optimization did not converge
2025-02-24 11:21:01,703 - WARNING - Circuit optimization did not converge
2025-02-24 11:21:01,703 - DEBUG - Sampling from optimized circuit...
2025-02-24 11:21:01,744 - DEBUG - Generated 15 unique samples from 200 total measurements
2025-02-24 11:21:01,744 - DEBUG - 
Top 5 most frequent samples:
2025-02-24 11:21:01,744 - DEBUG -   Rank | Count |   %   
2025-02-24 11:21:01,744 - DEBUG -   -----|-------|-------
2025-02-24 11:21:01,744 - DEBUG -      1 |    39 |  19.5
2025-02-24 11:21:01,744 - DEBUG -     Sample: [0 0 0 0 0 0 0 0 1 1 0 0]
2025-02-24 11:21:01,744 - DEBUG -      2 |    33 |  16.5
2025-02-24 11:21:01,744 - DEBUG -     Sample: [0 0 0 0 0 0 0 0 0 0 1 0]
2025-02-24 11:21:01,744 - DEBUG -      3 |    23 |  11.5
2025-02-24 11:21:01,744 - DEBUG -     Sample: [0 0 0 0 0 0 0 0 0 0 0 0]
2025-02-24 11:21:01,745 - DEBUG -      4 |    20 |  10.0
2025-02-24 11:21:01,745 - DEBUG -     Sample: [0 0 0 0 0 0 0 0 1 1 0 1]
2025-02-24 11:21:01,745 - DEBUG -      5 |    20 |  10.0
2025-02-24 11:21:01,745 - DEBUG -     Sample: [0 0 0 0 0 0 0 0 1 1 1 0]
2025-02-24 11:21:01,745 - DEBUG - Generated 15 unique samples from 200 total measurements
2025-02-24 11:21:01,745 - INFO -   No feasible solution found in this iteration
2025-02-24 11:21:01,745 - INFO -   No new constraints added, lowered tau multiplier: 1.0 -> 0.9
2025-02-24 11:21:01,745 - INFO -   No new constraints added, lowered tau multiplier: 0.9 -> 0.8
2025-02-24 11:21:01,746 - INFO -   No new constraints added, lowered tau multiplier: 0.8 -> 0.7
2025-02-24 11:21:01,746 - INFO -   No new constraints added, lowered tau multiplier: 0.7 -> 0.6
2025-02-24 11:21:01,746 - INFO -   No new constraints added, lowered tau multiplier: 0.6 -> 0.5
2025-02-24 11:21:01,746 - INFO -   Added 19 new constraints: [0, 2, 5, 8, 9, 10, 11, 13, 15, 17, 20, 21, 22, 23, 24, 26, 27, 31, 38]
2025-02-24 11:21:01,746 - INFO - 
Iteration 3:
2025-02-24 11:21:01,746 - DEBUG - Generated Ising Hamiltonian
2025-02-24 11:21:01,748 - DEBUG - Optimizing QAOA circuit...
2025-02-24 11:21:05,019 - WARNING - Circuit optimization did not converge
2025-02-24 11:21:05,020 - WARNING - Circuit optimization did not converge
2025-02-24 11:21:05,020 - DEBUG - Sampling from optimized circuit...
2025-02-24 11:21:05,070 - DEBUG - Generated 16 unique samples from 200 total measurements
2025-02-24 11:21:05,070 - DEBUG - 
Top 5 most frequent samples:
2025-02-24 11:21:05,070 - DEBUG -   Rank | Count |   %   
2025-02-24 11:21:05,070 - DEBUG -   -----|-------|-------
2025-02-24 11:21:05,070 - DEBUG -      1 |    23 |  11.5
2025-02-24 11:21:05,071 - DEBUG -     Sample: [0 0 0 0 0 0 0 0 0 0 0 1]
2025-02-24 11:21:05,071 - DEBUG -      2 |    16 |   8.0
2025-02-24 11:21:05,071 - DEBUG -     Sample: [0 0 0 0 0 0 0 0 1 0 1 1]
2025-02-24 11:21:05,071 - DEBUG -      3 |    16 |   8.0
2025-02-24 11:21:05,071 - DEBUG -     Sample: [0 0 0 0 0 0 0 0 0 0 0 0]
2025-02-24 11:21:05,071 - DEBUG -      4 |    15 |   7.5
2025-02-24 11:21:05,071 - DEBUG -     Sample: [0 0 0 0 0 0 0 0 0 1 1 0]
2025-02-24 11:21:05,071 - DEBUG -      5 |    15 |   7.5
2025-02-24 11:21:05,071 - DEBUG -     Sample: [0 0 0 0 0 0 0 0 0 0 1 1]
2025-02-24 11:21:05,072 - DEBUG - Generated 16 unique samples from 200 total measurements
2025-02-24 11:21:05,072 - INFO -   No feasible solution found in this iteration
2025-02-24 11:21:05,072 - INFO -   No new constraints added, lowered tau multiplier: 1.0 -> 0.9
2025-02-24 11:21:05,072 - INFO -   No new constraints added, lowered tau multiplier: 0.9 -> 0.8
2025-02-24 11:21:05,072 - INFO -   No new constraints added, lowered tau multiplier: 0.8 -> 0.7
2025-02-24 11:21:05,072 - INFO -   No new constraints added, lowered tau multiplier: 0.7 -> 0.6
2025-02-24 11:21:05,072 - INFO -   No new constraints added, lowered tau multiplier: 0.6 -> 0.5
2025-02-24 11:21:05,072 - INFO -   No new constraints added, lowered tau multiplier: 0.5 -> 0.4
2025-02-24 11:21:05,073 - INFO -   Added 18 new constraints: [1, 4, 6, 7, 12, 14, 16, 18, 19, 25, 28, 29, 30, 32, 33, 35, 37, 39]
2025-02-24 11:21:05,073 - INFO - 
Iteration 4:
2025-02-24 11:21:05,073 - DEBUG - Generated Ising Hamiltonian
2025-02-24 11:21:05,076 - DEBUG - Optimizing QAOA circuit...
2025-02-24 11:21:09,819 - WARNING - Circuit optimization did not converge
2025-02-24 11:21:09,819 - WARNING - Circuit optimization did not converge
2025-02-24 11:21:09,819 - DEBUG - Sampling from optimized circuit...
2025-02-24 11:21:09,871 - DEBUG - Generated 16 unique samples from 200 total measurements
2025-02-24 11:21:09,871 - DEBUG - 
Top 5 most frequent samples:
2025-02-24 11:21:09,871 - DEBUG -   Rank | Count |   %   
2025-02-24 11:21:09,871 - DEBUG -   -----|-------|-------
2025-02-24 11:21:09,872 - DEBUG -      1 |    21 |  10.5
2025-02-24 11:21:09,872 - DEBUG -     Sample: [0 0 0 0 0 0 0 0 1 1 1 0]
2025-02-24 11:21:09,872 - DEBUG -      2 |    19 |   9.5
2025-02-24 11:21:09,872 - DEBUG -     Sample: [0 0 0 0 0 0 0 0 0 1 1 0]
2025-02-24 11:21:09,872 - DEBUG -      3 |    18 |   9.0
2025-02-24 11:21:09,873 - DEBUG -     Sample: [0 0 0 0 0 0 0 0 0 0 1 0]
2025-02-24 11:21:09,873 - DEBUG -      4 |    15 |   7.5
2025-02-24 11:21:09,873 - DEBUG -     Sample: [0 0 0 0 0 0 0 0 0 1 1 1]
2025-02-24 11:21:09,873 - DEBUG -      5 |    15 |   7.5
2025-02-24 11:21:09,874 - DEBUG -     Sample: [0 0 0 0 0 0 0 0 0 1 0 1]
2025-02-24 11:21:09,874 - DEBUG - Generated 16 unique samples from 200 total measurements
2025-02-24 11:21:09,875 - INFO -   No feasible solution found in this iteration
2025-02-24 11:21:09,875 - INFO -   All constraints added, exiting
2025-02-24 11:21:09,875 - INFO -   Constraint generation found no feasible solution
