
Problem information:
  Number of variables (n): 15
  Number of constraints (m): 50

Starting reference QAOA with parameters:
  sample_size (total shots): 2000
Added all constraints
Found feasible solution: [0 0 1 0 0 1 0 0 0 0 0 0 1 0 1] with objective value 150.0
Found feasible solution:
  Solution: [0, 0, 1, 0, 0, 1, 0, 0, 0, 0, 0, 0, 1, 0, 1]
  Value: 150.0
  QAOA solution found:
    Solution: [0, 0, 1, 0, 0, 1, 0, 0, 0, 0, 0, 0, 1, 0, 1]
    Value: 150.0

Running Classical Reference Solver (SCIP):
  Reference solution found:
    Solution: [0, 0, 1, 0, 0, 1, 0, 0, 0, 0, 0, 0, 1, 0, 1]
    Value: 150.0

Running Constraint Generation:

Problem information:
  Number of variables (n): 15
  Number of constraints (m): 50

Running classical reference solver:
  Reference solution found:
    Solution: [0, 0, 1, 0, 0, 1, 0, 0, 0, 0, 0, 0, 1, 0, 1]
    Value: 150.0

Starting quantum constraint generation with parameters:
  sample_size (total shots): 2000
  tau: 0.0
  max_iters: 1000

Iteration 0:
Circuit optimization did not converge
Circuit optimization did not converge
  No feasible solution found in this iteration
  Added 4 new constraints: [16, 22, 26, 46]

Iteration 1:
Circuit optimization did not converge
Circuit optimization did not converge
  No feasible solution found in this iteration
  No new constraints added, lowered tau multiplier: 1.0 -> 0.9
  No new constraints added, lowered tau multiplier: 0.9 -> 0.8
  No new constraints added, lowered tau multiplier: 0.8 -> 0.7
  No new constraints added, lowered tau multiplier: 0.7 -> 0.6
  Added 14 new constraints: [3, 5, 10, 12, 15, 20, 30, 31, 35, 36, 39, 41, 43, 49]

Iteration 2:
Circuit optimization did not converge
Circuit optimization did not converge
  No feasible solution found in this iteration
  No new constraints added, lowered tau multiplier: 1.0 -> 0.9
  No new constraints added, lowered tau multiplier: 0.9 -> 0.8
  No new constraints added, lowered tau multiplier: 0.8 -> 0.7
  No new constraints added, lowered tau multiplier: 0.7 -> 0.6
  Added 3 new constraints: [1, 7, 14]

Iteration 3:
Circuit optimization did not converge
Circuit optimization did not converge
  No feasible solution found in this iteration
  No new constraints added, lowered tau multiplier: 1.0 -> 0.9
  No new constraints added, lowered tau multiplier: 0.9 -> 0.8
  No new constraints added, lowered tau multiplier: 0.8 -> 0.7
  No new constraints added, lowered tau multiplier: 0.7 -> 0.6
  No new constraints added, lowered tau multiplier: 0.6 -> 0.5
  No new constraints added, lowered tau multiplier: 0.5 -> 0.4
  Added 29 new constraints: [0, 2, 4, 6, 8, 9, 11, 13, 17, 18, 19, 21, 23, 24, 25, 27, 28, 29, 32, 33, 34, 37, 38, 40, 42, 44, 45, 47, 48]

Iteration 4:
Circuit optimization did not converge
Circuit optimization did not converge
  No feasible solution found in this iteration
  All constraints added, exiting
  Constraint generation found no feasible solution
