2025-02-24 14:51:11,665 - INFO - 
Problem information:
2025-02-24 14:51:11,665 - INFO -   Number of variables (n): 12
2025-02-24 14:51:11,665 - INFO -   Number of constraints (m): 40
2025-02-24 14:51:11,665 - DEBUG -   Density of A: 19.38%
2025-02-24 14:51:11,666 - INFO - 
Starting reference QAOA with parameters:
2025-02-24 14:51:11,666 - INFO -   sample_size (total shots): 1000
2025-02-24 14:51:11,666 - INFO - Added all constraints
2025-02-24 14:51:11,666 - DEBUG - Generated Ising Hamiltonian
2025-02-24 14:51:11,814 - DEBUG - Optimizing QAOA circuit...
2025-02-24 14:51:14,706 - DEBUG - Circuit optimization successful
2025-02-24 14:51:14,706 - DEBUG - Circuit optimization successful, final value: 708.7275224775267
2025-02-24 14:51:14,707 - DEBUG - Sampling from optimized circuit...
2025-02-24 14:51:14,740 - DEBUG - Generated 617 unique samples from 1000 total measurements
2025-02-24 14:51:14,741 - DEBUG - 
Top 5 most frequent samples:
2025-02-24 14:51:14,741 - DEBUG -   Rank | Count |   %   
2025-02-24 14:51:14,741 - DEBUG -   -----|-------|-------
2025-02-24 14:51:14,741 - DEBUG -      1 |    14 |   1.4
2025-02-24 14:51:14,741 - DEBUG -     Sample: [0 0 1 1 1 1 0 0 1 0 1 1]
2025-02-24 14:51:14,741 - DEBUG -      2 |    13 |   1.3
2025-02-24 14:51:14,741 - DEBUG -     Sample: [0 0 1 1 1 1 0 0 0 0 1 1]
2025-02-24 14:51:14,742 - DEBUG -      3 |    10 |   1.0
2025-02-24 14:51:14,742 - DEBUG -     Sample: [0 0 1 1 1 1 0 0 1 1 1 1]
2025-02-24 14:51:14,742 - DEBUG -      4 |     9 |   0.9
2025-02-24 14:51:14,742 - DEBUG -     Sample: [0 0 1 1 1 1 0 0 0 1 0 1]
2025-02-24 14:51:14,742 - DEBUG -      5 |     9 |   0.9
2025-02-24 14:51:14,742 - DEBUG -     Sample: [0 0 1 0 1 1 0 0 0 0 1 1]
2025-02-24 14:51:14,743 - DEBUG - Generated 617 unique samples from 1000 total measurements
2025-02-24 14:51:14,752 - INFO - No feasible solution found
2025-02-24 14:51:14,752 - INFO -   QAOA solver found no feasible solution
2025-02-24 14:51:14,753 - INFO - 
Running Constraint Generation:
2025-02-24 14:51:14,754 - INFO - 
Problem information:
2025-02-24 14:51:14,754 - INFO -   Number of variables (n): 12
2025-02-24 14:51:14,754 - INFO -   Number of constraints (m): 40
2025-02-24 14:51:14,754 - DEBUG -   Density of A: 19.38%
2025-02-24 14:51:14,754 - INFO - 
Running classical reference solver:
2025-02-24 14:51:14,763 - INFO -   Reference solution found:
2025-02-24 14:51:14,764 - INFO -     Solution: [0, 0, 0, 0, 1, 0, 1, 0, 0, 1, 1, 0]
2025-02-24 14:51:14,764 - INFO -     Value: 166.0
2025-02-24 14:51:14,764 - INFO - 
Starting quantum constraint generation with parameters:
2025-02-24 14:51:14,764 - INFO -   sample_size (total shots): 1000
2025-02-24 14:51:14,764 - INFO -   tau: 0.1
2025-02-24 14:51:14,765 - INFO -   max_iters: 1000
2025-02-24 14:51:14,765 - INFO - 
Iteration 0:
2025-02-24 14:51:14,765 - DEBUG - Generated Ising Hamiltonian
2025-02-24 14:51:14,766 - DEBUG - Optimizing QAOA circuit...
2025-02-24 14:51:19,749 - WARNING - Circuit optimization did not converge
2025-02-24 14:51:19,750 - WARNING - Circuit optimization did not converge
2025-02-24 14:51:19,750 - DEBUG - Sampling from optimized circuit...
2025-02-24 14:51:19,817 - DEBUG - Generated 15 unique samples from 1000 total measurements
2025-02-24 14:51:19,818 - DEBUG - 
Top 5 most frequent samples:
2025-02-24 14:51:19,818 - DEBUG -   Rank | Count |   %   
2025-02-24 14:51:19,818 - DEBUG -   -----|-------|-------
2025-02-24 14:51:19,818 - DEBUG -      1 |   393 |  39.3
2025-02-24 14:51:19,818 - DEBUG -     Sample: [0 0 0 0 0 0 0 0 1 1 0 0]
2025-02-24 14:51:19,818 - DEBUG -      2 |   161 |  16.1
2025-02-24 14:51:19,818 - DEBUG -     Sample: [0 0 0 0 0 0 0 0 1 1 0 1]
2025-02-24 14:51:19,818 - DEBUG -      3 |   126 |  12.6
2025-02-24 14:51:19,819 - DEBUG -     Sample: [0 0 0 0 0 0 0 0 0 1 0 0]
2025-02-24 14:51:19,819 - DEBUG -      4 |    95 |   9.5
2025-02-24 14:51:19,819 - DEBUG -     Sample: [0 0 0 0 0 0 0 0 1 1 1 0]
2025-02-24 14:51:19,819 - DEBUG -      5 |    65 |   6.5
2025-02-24 14:51:19,819 - DEBUG -     Sample: [0 0 0 0 0 0 0 0 0 1 0 1]
2025-02-24 14:51:19,819 - DEBUG - Generated 15 unique samples from 1000 total measurements
2025-02-24 14:51:19,820 - INFO -   No feasible solution found in this iteration
2025-02-24 14:51:19,820 - INFO -   Added 9 new constraints: [3, 6, 7, 13, 22, 23, 24, 25, 29]
2025-02-24 14:51:19,820 - INFO - 
Iteration 1:
2025-02-24 14:51:19,820 - DEBUG - Generated Ising Hamiltonian
2025-02-24 14:51:19,822 - DEBUG - Optimizing QAOA circuit...
2025-02-24 14:51:27,218 - WARNING - Circuit optimization did not converge
2025-02-24 14:51:27,218 - WARNING - Circuit optimization did not converge
2025-02-24 14:51:27,219 - DEBUG - Sampling from optimized circuit...
2025-02-24 14:51:27,284 - DEBUG - Generated 16 unique samples from 1000 total measurements
2025-02-24 14:51:27,284 - DEBUG - 
Top 5 most frequent samples:
2025-02-24 14:51:27,285 - DEBUG -   Rank | Count |   %   
2025-02-24 14:51:27,285 - DEBUG -   -----|-------|-------
2025-02-24 14:51:27,285 - DEBUG -      1 |   142 |  14.2
2025-02-24 14:51:27,285 - DEBUG -     Sample: [0 0 0 0 0 0 0 0 0 1 0 1]
2025-02-24 14:51:27,285 - DEBUG -      2 |   137 |  13.7
2025-02-24 14:51:27,285 - DEBUG -     Sample: [0 0 0 0 0 0 0 0 1 1 0 1]
2025-02-24 14:51:27,285 - DEBUG -      3 |   115 |  11.5
2025-02-24 14:51:27,285 - DEBUG -     Sample: [0 0 0 0 0 0 0 0 0 1 0 0]
2025-02-24 14:51:27,285 - DEBUG -      4 |   114 |  11.4
2025-02-24 14:51:27,286 - DEBUG -     Sample: [0 0 0 0 0 0 0 0 1 1 0 0]
2025-02-24 14:51:27,286 - DEBUG -      5 |    92 |   9.2
2025-02-24 14:51:27,286 - DEBUG -     Sample: [0 0 0 0 0 0 0 0 0 1 1 1]
2025-02-24 14:51:27,286 - DEBUG - Generated 16 unique samples from 1000 total measurements
2025-02-24 14:51:27,286 - INFO -   No feasible solution found in this iteration
2025-02-24 14:51:27,287 - INFO -   No new constraints added, lowered tau multiplier: 1.0 -> 0.9
2025-02-24 14:51:27,287 - INFO -   No new constraints added, lowered tau multiplier: 0.9 -> 0.8
2025-02-24 14:51:27,287 - INFO -   No new constraints added, lowered tau multiplier: 0.8 -> 0.7
2025-02-24 14:51:27,287 - INFO -   No new constraints added, lowered tau multiplier: 0.7 -> 0.6
2025-02-24 14:51:27,287 - INFO -   No new constraints added, lowered tau multiplier: 0.6 -> 0.5
2025-02-24 14:51:27,287 - INFO -   No new constraints added, lowered tau multiplier: 0.5 -> 0.4
2025-02-24 14:51:27,287 - INFO -   Added 31 new constraints: [0, 1, 2, 4, 5, 8, 9, 10, 11, 12, 14, 15, 16, 17, 18, 19, 20, 21, 26, 27, 28, 30, 31, 32, 33, 34, 35, 36, 37, 38, 39]
2025-02-24 14:51:27,287 - INFO - 
Iteration 2:
2025-02-24 14:51:27,288 - DEBUG - Generated Ising Hamiltonian
2025-02-24 14:51:27,291 - DEBUG - Optimizing QAOA circuit...
2025-02-24 14:51:38,092 - WARNING - Circuit optimization did not converge
2025-02-24 14:51:38,093 - WARNING - Circuit optimization did not converge
2025-02-24 14:51:38,093 - DEBUG - Sampling from optimized circuit...
2025-02-24 14:51:38,148 - DEBUG - Generated 16 unique samples from 1000 total measurements
2025-02-24 14:51:38,149 - DEBUG - 
Top 5 most frequent samples:
2025-02-24 14:51:38,149 - DEBUG -   Rank | Count |   %   
2025-02-24 14:51:38,149 - DEBUG -   -----|-------|-------
2025-02-24 14:51:38,149 - DEBUG -      1 |    86 |   8.6
2025-02-24 14:51:38,149 - DEBUG -     Sample: [0 0 0 0 0 0 0 0 0 0 0 0]
2025-02-24 14:51:38,149 - DEBUG -      2 |    75 |   7.5
2025-02-24 14:51:38,149 - DEBUG -     Sample: [0 0 0 0 0 0 0 0 1 0 0 0]
2025-02-24 14:51:38,149 - DEBUG -      3 |    74 |   7.4
2025-02-24 14:51:38,149 - DEBUG -     Sample: [0 0 0 0 0 0 0 0 0 0 1 1]
2025-02-24 14:51:38,150 - DEBUG -      4 |    74 |   7.4
2025-02-24 14:51:38,150 - DEBUG -     Sample: [0 0 0 0 0 0 0 0 1 0 1 0]
2025-02-24 14:51:38,150 - DEBUG -      5 |    71 |   7.1
2025-02-24 14:51:38,150 - DEBUG -     Sample: [0 0 0 0 0 0 0 0 0 0 1 0]
2025-02-24 14:51:38,151 - DEBUG - Generated 16 unique samples from 1000 total measurements
2025-02-24 14:51:38,151 - INFO -   No feasible solution found in this iteration
2025-02-24 14:51:38,151 - INFO -   All constraints added, exiting
2025-02-24 14:51:38,151 - INFO -   Constraint generation found no feasible solution
2025-02-24 14:51:38,151 - INFO - 
Instance 69 results:
2025-02-24 14:51:38,151 - INFO -   Classical value: 166.0
2025-02-24 14:51:38,151 - INFO -   QAOA value: 0.0
2025-02-24 14:51:38,151 - INFO -   Constraint generation value: 0.0
2025-02-24 14:51:38,152 - INFO - 
Running instance 70/100
2025-02-24 14:51:38,153 - INFO - 
Running Classical Reference Solver (SCIP):
2025-02-24 14:51:38,154 - DEBUG - Problem dimensions: 40 constraints, 12 variables
2025-02-24 14:51:38,154 - DEBUG - Row names: ['ELEM1', 'ELEM2', 'ELEM3', 'ELEM4', 'ELEM5', 'ELEM6', 'ELEM7', 'ELEM8', 'ELEM9', 'ELEM10', 'ELEM11', 'ELEM12', 'ELEM13', 'ELEM14', 'ELEM15', 'ELEM16', 'ELEM17', 'ELEM18', 'ELEM19', 'ELEM20', 'ELEM21', 'ELEM22', 'ELEM23', 'ELEM24', 'ELEM25', 'ELEM26', 'ELEM27', 'ELEM28', 'ELEM29', 'ELEM30', 'ELEM31', 'ELEM32', 'ELEM33', 'ELEM34', 'ELEM35', 'ELEM36', 'ELEM37', 'ELEM38', 'ELEM39', 'ELEM40']
2025-02-24 14:51:38,154 - DEBUG - RHS values: {'ELEM1': 1.0, 'ELEM2': 1.0, 'ELEM3': 1.0, 'ELEM4': 1.0, 'ELEM5': 1.0, 'ELEM6': 1.0, 'ELEM7': 1.0, 'ELEM8': 1.0, 'ELEM9': 1.0, 'ELEM10': 1.0, 'ELEM11': 1.0, 'ELEM12': 1.0, 'ELEM13': 1.0, 'ELEM14': 1.0, 'ELEM15': 1.0, 'ELEM16': 1.0, 'ELEM17': 1.0, 'ELEM18': 1.0, 'ELEM19': 1.0, 'ELEM20': 1.0, 'ELEM21': 1.0, 'ELEM22': 1.0, 'ELEM23': 1.0, 'ELEM24': 1.0, 'ELEM25': 1.0, 'ELEM26': 1.0, 'ELEM27': 1.0, 'ELEM28': 1.0, 'ELEM29': 1.0, 'ELEM30': 1.0, 'ELEM31': 1.0, 'ELEM32': 1.0, 'ELEM33': 1.0, 'ELEM34': 1.0, 'ELEM35': 1.0, 'ELEM36': 1.0, 'ELEM37': 1.0, 'ELEM38': 1.0, 'ELEM39': 1.0, 'ELEM40': 1.0}
2025-02-24 14:51:38,162 - INFO -   Reference solution found:
2025-02-24 14:51:38,162 - INFO -     Solution: [1, 0, 0, 0, 1, 1, 0, 0, 0, 1, 0, 0]
2025-02-24 14:51:38,162 - INFO -     Value: 168.0
2025-02-24 14:51:38,162 - INFO - 
Running QAOA Reference Solution (with all constraints):
