2025-02-23 18:18:24,017 - INFO - 
Problem information:
2025-02-23 18:18:24,018 - INFO -   Number of variables (n): 12
2025-02-23 18:18:24,018 - INFO -   Number of constraints (m): 40
2025-02-23 18:18:24,018 - DEBUG -   Density of A: 27.08%
2025-02-23 18:18:24,018 - INFO - 
Starting reference QAOA with parameters:
2025-02-23 18:18:24,019 - INFO -   sample_size (total shots): 200
2025-02-23 18:18:24,019 - INFO - Added all constraints
2025-02-23 18:18:24,019 - DEBUG - Generated Ising Hamiltonian
2025-02-23 18:18:24,250 - DEBUG - Optimizing QAOA circuit...
2025-02-23 18:18:26,657 - DEBUG - Circuit optimization successful
2025-02-23 18:18:26,658 - DEBUG - Circuit optimization successful, final value: -7851.824175824177
2025-02-23 18:18:26,658 - DEBUG - Sampling from optimized circuit...
2025-02-23 18:18:26,680 - DEBUG - Generated 191 unique samples from 200 total measurements
2025-02-23 18:18:26,680 - DEBUG - 
Top 5 most frequent samples:
2025-02-23 18:18:26,680 - DEBUG -   Rank | Count |   %   
2025-02-23 18:18:26,680 - DEBUG -   -----|-------|-------
2025-02-23 18:18:26,680 - DEBUG -      1 |     3 |   1.5
2025-02-23 18:18:26,681 - DEBUG -     Sample: [1 0 0 0 1 1 0 0 1 0 0 1]
2025-02-23 18:18:26,681 - DEBUG -      2 |     3 |   1.5
2025-02-23 18:18:26,681 - DEBUG -     Sample: [1 0 0 1 1 1 1 1 0 0 0 1]
2025-02-23 18:18:26,681 - DEBUG -      3 |     2 |   1.0
2025-02-23 18:18:26,682 - DEBUG -     Sample: [0 1 1 1 1 1 0 1 1 0 1 1]
2025-02-23 18:18:26,682 - DEBUG -      4 |     2 |   1.0
2025-02-23 18:18:26,682 - DEBUG -     Sample: [0 1 0 1 1 0 0 0 1 0 0 1]
2025-02-23 18:18:26,682 - DEBUG -      5 |     2 |   1.0
2025-02-23 18:18:26,682 - DEBUG -     Sample: [1 0 1 0 0 0 1 0 1 0 0 0]
2025-02-23 18:18:26,683 - DEBUG - Generated 191 unique samples from 200 total measurements
2025-02-23 18:18:26,686 - INFO - No feasible solution found
2025-02-23 18:18:26,687 - INFO -   QAOA solver found no feasible solution
2025-02-23 18:18:26,687 - INFO - 
Running Constraint Generation:
2025-02-23 18:18:26,689 - INFO - 
Problem information:
2025-02-23 18:18:26,689 - INFO -   Number of variables (n): 12
2025-02-23 18:18:26,689 - INFO -   Number of constraints (m): 40
2025-02-23 18:18:26,689 - DEBUG -   Density of A: 27.08%
2025-02-23 18:18:26,689 - INFO - 
Running classical reference solver:
2025-02-23 18:18:26,701 - INFO -   Reference solution found:
2025-02-23 18:18:26,701 - INFO -     Solution: [0, 1, 0, 0, 0, 0, 0, 1, 0, 1, 0, 0]
2025-02-23 18:18:26,701 - INFO -     Value: 202.0
2025-02-23 18:18:26,701 - INFO - 
Starting quantum constraint generation with parameters:
2025-02-23 18:18:26,702 - INFO -   sample_size (total shots): 200
2025-02-23 18:18:26,702 - INFO -   tau: 0.1
2025-02-23 18:18:26,702 - INFO -   max_iters: 1000
2025-02-23 18:18:26,702 - INFO - 
Iteration 0:
2025-02-23 18:18:26,703 - DEBUG - Generated Ising Hamiltonian
2025-02-23 18:18:26,928 - DEBUG - Optimizing QAOA circuit...
2025-02-23 18:18:28,149 - DEBUG - Circuit optimization successful
2025-02-23 18:18:28,149 - DEBUG - Circuit optimization successful, final value: -304.3996003996004
2025-02-23 18:18:28,149 - DEBUG - Sampling from optimized circuit...
2025-02-23 18:18:28,164 - DEBUG - Generated 131 unique samples from 200 total measurements
2025-02-23 18:18:28,164 - DEBUG - 
Top 5 most frequent samples:
2025-02-23 18:18:28,164 - DEBUG -   Rank | Count |   %   
2025-02-23 18:18:28,164 - DEBUG -   -----|-------|-------
2025-02-23 18:18:28,164 - DEBUG -      1 |     6 |   3.0
2025-02-23 18:18:28,165 - DEBUG -     Sample: [1 1 0 1 1 0 1 0 1 1 1 0]
2025-02-23 18:18:28,165 - DEBUG -      2 |     6 |   3.0
2025-02-23 18:18:28,165 - DEBUG -     Sample: [0 1 0 1 1 0 1 0 1 1 1 0]
2025-02-23 18:18:28,165 - DEBUG -      3 |     6 |   3.0
2025-02-23 18:18:28,166 - DEBUG -     Sample: [1 1 0 1 1 1 1 0 1 1 1 0]
2025-02-23 18:18:28,166 - DEBUG -      4 |     6 |   3.0
2025-02-23 18:18:28,166 - DEBUG -     Sample: [0 1 0 0 1 1 1 0 1 1 1 0]
2025-02-23 18:18:28,166 - DEBUG -      5 |     5 |   2.5
2025-02-23 18:18:28,166 - DEBUG -     Sample: [1 1 0 0 1 0 1 0 1 1 1 0]
2025-02-23 18:18:28,167 - DEBUG - Generated 131 unique samples from 200 total measurements
2025-02-23 18:18:28,170 - INFO -   No feasible solution found in this iteration
2025-02-23 18:18:28,170 - INFO -   Added 2 new constraints: [18, 39]
2025-02-23 18:18:28,170 - INFO - 
Iteration 1:
2025-02-23 18:18:28,171 - DEBUG - Generated Ising Hamiltonian
2025-02-23 18:18:28,379 - DEBUG - Optimizing QAOA circuit...
2025-02-23 18:18:29,512 - DEBUG - Circuit optimization successful
2025-02-23 18:18:29,512 - DEBUG - Circuit optimization successful, final value: -6460.432567432566
2025-02-23 18:18:29,512 - DEBUG - Sampling from optimized circuit...
2025-02-23 18:18:29,525 - DEBUG - Generated 135 unique samples from 200 total measurements
2025-02-23 18:18:29,526 - DEBUG - 
Top 5 most frequent samples:
2025-02-23 18:18:29,526 - DEBUG -   Rank | Count |   %   
2025-02-23 18:18:29,526 - DEBUG -   -----|-------|-------
2025-02-23 18:18:29,526 - DEBUG -      1 |    13 |   6.5
2025-02-23 18:18:29,526 - DEBUG -     Sample: [0 0 1 0 0 1 1 0 1 0 1 0]
2025-02-23 18:18:29,526 - DEBUG -      2 |     9 |   4.5
2025-02-23 18:18:29,527 - DEBUG -     Sample: [0 0 1 0 0 1 0 0 1 0 1 0]
2025-02-23 18:18:29,527 - DEBUG -      3 |     9 |   4.5
2025-02-23 18:18:29,527 - DEBUG -     Sample: [0 0 1 1 0 1 1 0 1 0 1 0]
2025-02-23 18:18:29,527 - DEBUG -      4 |     6 |   3.0
2025-02-23 18:18:29,527 - DEBUG -     Sample: [0 0 1 0 1 1 1 0 1 0 1 0]
2025-02-23 18:18:29,527 - DEBUG -      5 |     5 |   2.5
2025-02-23 18:18:29,527 - DEBUG -     Sample: [0 0 1 1 0 1 0 0 1 0 1 0]
2025-02-23 18:18:29,528 - DEBUG - Generated 135 unique samples from 200 total measurements
2025-02-23 18:18:29,529 - INFO - Found feasible solution: [0 0 1 0 0 1 1 0 0 0 1 0] with objective value 267.0
2025-02-23 18:18:29,531 - INFO -   Found feasible solution:
2025-02-23 18:18:29,531 - INFO -     Solution: [0, 0, 1, 0, 0, 1, 1, 0, 0, 0, 1, 0]
2025-02-23 18:18:29,531 - INFO -     Value: 267.0
2025-02-23 18:18:29,531 - INFO -     Gap to reference: 32.18%
2025-02-23 18:18:29,532 - INFO -   Constraint generation solution found:
2025-02-23 18:18:29,532 - INFO -     Solution: [0, 0, 1, 0, 0, 1, 1, 0, 0, 0, 1, 0]
2025-02-23 18:18:29,532 - INFO -     Value: 267.0
2025-02-23 18:18:29,532 - INFO - 
Instance 93 results:
2025-02-23 18:18:29,533 - INFO -   Classical value: 202.0
2025-02-23 18:18:29,533 - INFO -   QAOA value: 0.0
2025-02-23 18:18:29,533 - INFO -   Constraint generation value: 267.0
2025-02-23 18:18:29,534 - INFO - 
Running instance 94/100
2025-02-23 18:18:29,536 - INFO - 
Running Classical Reference Solver (SCIP):
2025-02-23 18:18:29,537 - DEBUG - Problem dimensions: 40 constraints, 12 variables
2025-02-23 18:18:29,537 - DEBUG - Row names: ['ELEM1', 'ELEM2', 'ELEM3', 'ELEM4', 'ELEM5', 'ELEM6', 'ELEM7', 'ELEM8', 'ELEM9', 'ELEM10', 'ELEM11', 'ELEM12', 'ELEM13', 'ELEM14', 'ELEM15', 'ELEM16', 'ELEM17', 'ELEM18', 'ELEM19', 'ELEM20', 'ELEM21', 'ELEM22', 'ELEM23', 'ELEM24', 'ELEM25', 'ELEM26', 'ELEM27', 'ELEM28', 'ELEM29', 'ELEM30', 'ELEM31', 'ELEM32', 'ELEM33', 'ELEM34', 'ELEM35', 'ELEM36', 'ELEM37', 'ELEM38', 'ELEM39', 'ELEM40']
2025-02-23 18:18:29,538 - DEBUG - RHS values: {'ELEM1': 1.0, 'ELEM2': 1.0, 'ELEM3': 1.0, 'ELEM4': 1.0, 'ELEM5': 1.0, 'ELEM6': 1.0, 'ELEM7': 1.0, 'ELEM8': 1.0, 'ELEM9': 1.0, 'ELEM10': 1.0, 'ELEM11': 1.0, 'ELEM12': 1.0, 'ELEM13': 1.0, 'ELEM14': 1.0, 'ELEM15': 1.0, 'ELEM16': 1.0, 'ELEM17': 1.0, 'ELEM18': 1.0, 'ELEM19': 1.0, 'ELEM20': 1.0, 'ELEM21': 1.0, 'ELEM22': 1.0, 'ELEM23': 1.0, 'ELEM24': 1.0, 'ELEM25': 1.0, 'ELEM26': 1.0, 'ELEM27': 1.0, 'ELEM28': 1.0, 'ELEM29': 1.0, 'ELEM30': 1.0, 'ELEM31': 1.0, 'ELEM32': 1.0, 'ELEM33': 1.0, 'ELEM34': 1.0, 'ELEM35': 1.0, 'ELEM36': 1.0, 'ELEM37': 1.0, 'ELEM38': 1.0, 'ELEM39': 1.0, 'ELEM40': 1.0}
2025-02-23 18:18:29,549 - INFO -   Reference solution found:
2025-02-23 18:18:29,550 - INFO -     Solution: [0, 1, 0, 0, 1, 1, 0, 0, 0, 0, 1, 1]
2025-02-23 18:18:29,550 - INFO -     Value: 243.0
2025-02-23 18:18:29,550 - INFO - 
Running QAOA Reference Solution (with all constraints):
