2025-02-23 18:10:07,876 - INFO - 
Problem information:
2025-02-23 18:10:07,876 - INFO -   Number of variables (n): 12
2025-02-23 18:10:07,876 - INFO -   Number of constraints (m): 40
2025-02-23 18:10:07,877 - DEBUG -   Density of A: 12.92%
2025-02-23 18:10:07,877 - INFO - 
Starting reference QAOA with parameters:
2025-02-23 18:10:07,877 - INFO -   sample_size (total shots): 200
2025-02-23 18:10:07,877 - INFO - Added all constraints
2025-02-23 18:10:07,878 - DEBUG - Generated Ising Hamiltonian
2025-02-23 18:10:08,146 - DEBUG - Optimizing QAOA circuit...
2025-02-23 18:10:09,550 - DEBUG - Circuit optimization successful
2025-02-23 18:10:09,550 - DEBUG - Circuit optimization successful, final value: 19864.38961038961
2025-02-23 18:10:09,550 - DEBUG - Sampling from optimized circuit...
2025-02-23 18:10:09,567 - DEBUG - Generated 128 unique samples from 200 total measurements
2025-02-23 18:10:09,567 - DEBUG - 
Top 5 most frequent samples:
2025-02-23 18:10:09,567 - DEBUG -   Rank | Count |   %   
2025-02-23 18:10:09,568 - DEBUG -   -----|-------|-------
2025-02-23 18:10:09,568 - DEBUG -      1 |     9 |   4.5
2025-02-23 18:10:09,568 - DEBUG -     Sample: [0 1 1 0 0 0 0 1 0 0 1 1]
2025-02-23 18:10:09,568 - DEBUG -      2 |     7 |   3.5
2025-02-23 18:10:09,569 - DEBUG -     Sample: [0 1 1 0 0 1 0 1 0 0 1 1]
2025-02-23 18:10:09,569 - DEBUG -      3 |     6 |   3.0
2025-02-23 18:10:09,569 - DEBUG -     Sample: [0 1 1 1 0 0 0 1 0 0 1 1]
2025-02-23 18:10:09,569 - DEBUG -      4 |     5 |   2.5
2025-02-23 18:10:09,570 - DEBUG -     Sample: [0 1 0 1 0 1 0 1 0 0 1 1]
2025-02-23 18:10:09,570 - DEBUG -      5 |     5 |   2.5
2025-02-23 18:10:09,570 - DEBUG -     Sample: [0 1 1 1 0 1 1 1 0 0 1 1]
2025-02-23 18:10:09,571 - DEBUG - Generated 128 unique samples from 200 total measurements
2025-02-23 18:10:09,574 - INFO - No feasible solution found
2025-02-23 18:10:09,574 - INFO -   QAOA solver found no feasible solution
2025-02-23 18:10:09,574 - INFO - 
Running Constraint Generation:
2025-02-23 18:10:09,576 - INFO - 
Problem information:
2025-02-23 18:10:09,577 - INFO -   Number of variables (n): 12
2025-02-23 18:10:09,577 - INFO -   Number of constraints (m): 40
2025-02-23 18:10:09,577 - DEBUG -   Density of A: 12.92%
2025-02-23 18:10:09,577 - INFO - 
Running classical reference solver:
2025-02-23 18:10:09,588 - INFO -   Reference solution found:
2025-02-23 18:10:09,590 - INFO -     Solution: [0, 1, 1, 1, 1, 1, 0, 1, 1, 1, 0, 1]
2025-02-23 18:10:09,590 - INFO -     Value: 396.0
2025-02-23 18:10:09,590 - INFO - 
Starting quantum constraint generation with parameters:
2025-02-23 18:10:09,590 - INFO -   sample_size (total shots): 200
2025-02-23 18:10:09,590 - INFO -   tau: 0.1
2025-02-23 18:10:09,591 - INFO -   max_iters: 1000
2025-02-23 18:10:09,591 - INFO - 
Iteration 0:
2025-02-23 18:10:09,591 - DEBUG - Generated Ising Hamiltonian
2025-02-23 18:10:09,821 - DEBUG - Optimizing QAOA circuit...
2025-02-23 18:10:10,938 - DEBUG - Circuit optimization successful
2025-02-23 18:10:10,938 - DEBUG - Circuit optimization successful, final value: -269.32267732267735
2025-02-23 18:10:10,939 - DEBUG - Sampling from optimized circuit...
2025-02-23 18:10:10,951 - DEBUG - Generated 81 unique samples from 200 total measurements
2025-02-23 18:10:10,952 - DEBUG - 
Top 5 most frequent samples:
2025-02-23 18:10:10,952 - DEBUG -   Rank | Count |   %   
2025-02-23 18:10:10,952 - DEBUG -   -----|-------|-------
2025-02-23 18:10:10,952 - DEBUG -      1 |    39 |  19.5
2025-02-23 18:10:10,952 - DEBUG -     Sample: [1 1 1 1 0 1 0 1 1 0 1 0]
2025-02-23 18:10:10,952 - DEBUG -      2 |    12 |   6.0
2025-02-23 18:10:10,953 - DEBUG -     Sample: [1 1 1 1 0 1 1 1 1 0 1 0]
2025-02-23 18:10:10,953 - DEBUG -      3 |    10 |   5.0
2025-02-23 18:10:10,953 - DEBUG -     Sample: [1 1 1 1 0 1 0 1 1 1 1 0]
2025-02-23 18:10:10,953 - DEBUG -      4 |    10 |   5.0
2025-02-23 18:10:10,953 - DEBUG -     Sample: [1 1 1 1 0 1 0 0 1 0 1 0]
2025-02-23 18:10:10,954 - DEBUG -      5 |     8 |   4.0
2025-02-23 18:10:10,954 - DEBUG -     Sample: [1 1 1 1 0 0 0 1 1 0 1 0]
2025-02-23 18:10:10,954 - DEBUG - Generated 81 unique samples from 200 total measurements
2025-02-23 18:10:10,956 - INFO -   No feasible solution found in this iteration
2025-02-23 18:10:10,956 - INFO -   Added 1 new constraints: [23]
2025-02-23 18:10:10,956 - INFO - 
Iteration 1:
2025-02-23 18:10:10,956 - DEBUG - Generated Ising Hamiltonian
2025-02-23 18:10:11,194 - DEBUG - Optimizing QAOA circuit...
2025-02-23 18:10:12,258 - DEBUG - Circuit optimization successful
2025-02-23 18:10:12,258 - DEBUG - Circuit optimization successful, final value: -1763.8381618381627
2025-02-23 18:10:12,258 - DEBUG - Sampling from optimized circuit...
2025-02-23 18:10:12,273 - DEBUG - Generated 131 unique samples from 200 total measurements
2025-02-23 18:10:12,274 - DEBUG - 
Top 5 most frequent samples:
2025-02-23 18:10:12,274 - DEBUG -   Rank | Count |   %   
2025-02-23 18:10:12,274 - DEBUG -   -----|-------|-------
2025-02-23 18:10:12,274 - DEBUG -      1 |    11 |   5.5
2025-02-23 18:10:12,275 - DEBUG -     Sample: [0 0 0 0 1 1 0 1 0 0 1 0]
2025-02-23 18:10:12,275 - DEBUG -      2 |     7 |   3.5
2025-02-23 18:10:12,275 - DEBUG -     Sample: [0 0 0 0 1 1 0 1 0 1 1 0]
2025-02-23 18:10:12,276 - DEBUG -      3 |     7 |   3.5
2025-02-23 18:10:12,276 - DEBUG -     Sample: [0 0 0 1 1 1 0 1 0 0 1 0]
2025-02-23 18:10:12,276 - DEBUG -      4 |     7 |   3.5
2025-02-23 18:10:12,276 - DEBUG -     Sample: [0 0 0 0 1 1 0 1 0 1 1 1]
2025-02-23 18:10:12,276 - DEBUG -      5 |     6 |   3.0
2025-02-23 18:10:12,277 - DEBUG -     Sample: [0 0 0 0 1 1 0 1 1 1 1 0]
2025-02-23 18:10:12,278 - DEBUG - Generated 131 unique samples from 200 total measurements
2025-02-23 18:10:12,280 - INFO -   No feasible solution found in this iteration
2025-02-23 18:10:12,281 - INFO -   Added 1 new constraints: [3]
2025-02-23 18:10:12,281 - INFO - 
Iteration 2:
2025-02-23 18:10:12,281 - DEBUG - Generated Ising Hamiltonian
2025-02-23 18:10:12,575 - DEBUG - Optimizing QAOA circuit...
2025-02-23 18:10:13,846 - DEBUG - Circuit optimization successful
2025-02-23 18:10:13,847 - DEBUG - Circuit optimization successful, final value: -3079.0749250749245
2025-02-23 18:10:13,847 - DEBUG - Sampling from optimized circuit...
2025-02-23 18:10:13,864 - DEBUG - Generated 109 unique samples from 200 total measurements
2025-02-23 18:10:13,864 - DEBUG - 
Top 5 most frequent samples:
2025-02-23 18:10:13,864 - DEBUG -   Rank | Count |   %   
2025-02-23 18:10:13,865 - DEBUG -   -----|-------|-------
2025-02-23 18:10:13,865 - DEBUG -      1 |    13 |   6.5
2025-02-23 18:10:13,865 - DEBUG -     Sample: [0 0 0 1 1 1 1 0 1 0 1 1]
2025-02-23 18:10:13,866 - DEBUG -      2 |    11 |   5.5
2025-02-23 18:10:13,866 - DEBUG -     Sample: [0 0 0 1 0 1 1 0 1 0 1 1]
2025-02-23 18:10:13,867 - DEBUG -      3 |    11 |   5.5
2025-02-23 18:10:13,867 - DEBUG -     Sample: [0 0 0 1 1 0 1 0 1 0 1 1]
2025-02-23 18:10:13,868 - DEBUG -      4 |     8 |   4.0
2025-02-23 18:10:13,868 - DEBUG -     Sample: [0 0 0 1 0 0 1 0 1 0 1 1]
2025-02-23 18:10:13,869 - DEBUG -      5 |     4 |   2.0
2025-02-23 18:10:13,869 - DEBUG -     Sample: [0 0 0 1 0 0 1 1 1 0 1 1]
2025-02-23 18:10:13,870 - DEBUG - Generated 109 unique samples from 200 total measurements
2025-02-23 18:10:13,873 - INFO -   No feasible solution found in this iteration
2025-02-23 18:10:13,873 - INFO -   No new constraints added, lowered tau multiplier: 1.0 -> 0.9
2025-02-23 18:10:13,873 - INFO -   Added 2 new constraints: [20, 33]
2025-02-23 18:10:13,874 - INFO - 
Iteration 3:
2025-02-23 18:10:13,874 - DEBUG - Generated Ising Hamiltonian
2025-02-23 18:10:14,141 - DEBUG - Optimizing QAOA circuit...
2025-02-23 18:10:15,256 - DEBUG - Circuit optimization successful
2025-02-23 18:10:15,257 - DEBUG - Circuit optimization successful, final value: -2758.05994005994
2025-02-23 18:10:15,257 - DEBUG - Sampling from optimized circuit...
2025-02-23 18:10:15,271 - DEBUG - Generated 137 unique samples from 200 total measurements
2025-02-23 18:10:15,271 - DEBUG - 
Top 5 most frequent samples:
2025-02-23 18:10:15,271 - DEBUG -   Rank | Count |   %   
2025-02-23 18:10:15,271 - DEBUG -   -----|-------|-------
2025-02-23 18:10:15,272 - DEBUG -      1 |     7 |   3.5
2025-02-23 18:10:15,272 - DEBUG -     Sample: [0 0 0 0 0 1 0 1 0 0 0 1]
2025-02-23 18:10:15,272 - DEBUG -      2 |     6 |   3.0
2025-02-23 18:10:15,272 - DEBUG -     Sample: [0 1 0 0 0 1 0 1 0 0 0 1]
2025-02-23 18:10:15,272 - DEBUG -      3 |     5 |   2.5
2025-02-23 18:10:15,273 - DEBUG -     Sample: [0 1 1 0 0 1 0 1 0 0 0 1]
2025-02-23 18:10:15,273 - DEBUG -      4 |     5 |   2.5
2025-02-23 18:10:15,273 - DEBUG -     Sample: [0 1 0 0 0 1 0 0 0 0 0 1]
2025-02-23 18:10:15,273 - DEBUG -      5 |     4 |   2.0
2025-02-23 18:10:15,273 - DEBUG -     Sample: [1 0 1 0 0 1 0 0 0 0 0 1]
2025-02-23 18:10:15,274 - DEBUG - Generated 137 unique samples from 200 total measurements
2025-02-23 18:10:15,278 - INFO -   No feasible solution found in this iteration
2025-02-23 18:10:15,278 - INFO -   Added 1 new constraints: [17]
2025-02-23 18:10:15,279 - INFO - 
Iteration 4:
2025-02-23 18:10:15,279 - DEBUG - Generated Ising Hamiltonian
2025-02-23 18:10:15,503 - DEBUG - Optimizing QAOA circuit...
2025-02-23 18:10:16,562 - DEBUG - Circuit optimization successful
2025-02-23 18:10:16,563 - DEBUG - Circuit optimization successful, final value: -2822.743256743256
2025-02-23 18:10:16,563 - DEBUG - Sampling from optimized circuit...
2025-02-23 18:10:16,576 - DEBUG - Generated 128 unique samples from 200 total measurements
2025-02-23 18:10:16,577 - DEBUG - 
Top 5 most frequent samples:
2025-02-23 18:10:16,577 - DEBUG -   Rank | Count |   %   
2025-02-23 18:10:16,577 - DEBUG -   -----|-------|-------
2025-02-23 18:10:16,577 - DEBUG -      1 |     7 |   3.5
2025-02-23 18:10:16,577 - DEBUG -     Sample: [0 0 0 1 0 0 0 1 1 0 1 1]
2025-02-23 18:10:16,578 - DEBUG -      2 |     6 |   3.0
2025-02-23 18:10:16,578 - DEBUG -     Sample: [0 0 0 1 0 0 1 1 1 0 1 1]
2025-02-23 18:10:16,578 - DEBUG -      3 |     6 |   3.0
2025-02-23 18:10:16,578 - DEBUG -     Sample: [0 0 1 1 0 0 0 1 1 0 1 1]
2025-02-23 18:10:16,578 - DEBUG -      4 |     5 |   2.5
2025-02-23 18:10:16,579 - DEBUG -     Sample: [0 0 1 1 0 0 1 1 1 0 1 1]
2025-02-23 18:10:16,579 - DEBUG -      5 |     5 |   2.5
2025-02-23 18:10:16,579 - DEBUG -     Sample: [0 0 0 1 1 0 0 1 1 0 1 1]
2025-02-23 18:10:16,580 - DEBUG - Generated 128 unique samples from 200 total measurements
2025-02-23 18:10:16,582 - INFO -   No feasible solution found in this iteration
2025-02-23 18:10:16,582 - INFO -   Added 1 new constraints: [0]
2025-02-23 18:10:16,582 - INFO - 
Iteration 5:
2025-02-23 18:10:16,583 - DEBUG - Generated Ising Hamiltonian
2025-02-23 18:10:16,792 - DEBUG - Optimizing QAOA circuit...
2025-02-23 18:10:17,888 - DEBUG - Circuit optimization successful
2025-02-23 18:10:17,889 - DEBUG - Circuit optimization successful, final value: -9887.224775224775
2025-02-23 18:10:17,889 - DEBUG - Sampling from optimized circuit...
2025-02-23 18:10:17,904 - DEBUG - Generated 156 unique samples from 200 total measurements
2025-02-23 18:10:17,905 - DEBUG - 
Top 5 most frequent samples:
2025-02-23 18:10:17,905 - DEBUG -   Rank | Count |   %   
2025-02-23 18:10:17,905 - DEBUG -   -----|-------|-------
2025-02-23 18:10:17,905 - DEBUG -      1 |     6 |   3.0
2025-02-23 18:10:17,905 - DEBUG -     Sample: [0 0 0 1 0 0 0 1 1 0 1 0]
2025-02-23 18:10:17,905 - DEBUG -      2 |     4 |   2.0
2025-02-23 18:10:17,906 - DEBUG -     Sample: [0 1 1 1 1 0 1 1 1 0 0 0]
2025-02-23 18:10:17,906 - DEBUG -      3 |     4 |   2.0
2025-02-23 18:10:17,906 - DEBUG -     Sample: [1 0 0 1 0 0 1 1 1 0 0 0]
2025-02-23 18:10:17,906 - DEBUG -      4 |     4 |   2.0
2025-02-23 18:10:17,906 - DEBUG -     Sample: [0 0 1 1 1 0 1 1 1 0 0 0]
2025-02-23 18:10:17,906 - DEBUG -      5 |     3 |   1.5
2025-02-23 18:10:17,907 - DEBUG -     Sample: [0 1 0 1 1 1 1 1 1 0 0 0]
2025-02-23 18:10:17,907 - DEBUG - Generated 156 unique samples from 200 total measurements
2025-02-23 18:10:17,911 - INFO -   No feasible solution found in this iteration
2025-02-23 18:10:17,912 - INFO -   No new constraints added, lowered tau multiplier: 1.0 -> 0.9
2025-02-23 18:10:17,913 - INFO -   Added 9 new constraints: [5, 8, 10, 18, 25, 27, 32, 34, 37]
2025-02-23 18:10:17,913 - INFO - 
Iteration 6:
2025-02-23 18:10:17,914 - DEBUG - Generated Ising Hamiltonian
2025-02-23 18:10:18,134 - DEBUG - Optimizing QAOA circuit...
2025-02-23 18:10:19,367 - DEBUG - Circuit optimization successful
2025-02-23 18:10:19,367 - DEBUG - Circuit optimization successful, final value: 5759.932067932068
2025-02-23 18:10:19,368 - DEBUG - Sampling from optimized circuit...
2025-02-23 18:10:19,384 - DEBUG - Generated 178 unique samples from 200 total measurements
2025-02-23 18:10:19,385 - DEBUG - 
Top 5 most frequent samples:
2025-02-23 18:10:19,385 - DEBUG -   Rank | Count |   %   
2025-02-23 18:10:19,385 - DEBUG -   -----|-------|-------
2025-02-23 18:10:19,385 - DEBUG -      1 |     3 |   1.5
2025-02-23 18:10:19,386 - DEBUG -     Sample: [0 1 0 1 0 1 0 1 0 0 1 1]
2025-02-23 18:10:19,386 - DEBUG -      2 |     3 |   1.5
2025-02-23 18:10:19,386 - DEBUG -     Sample: [0 1 1 0 0 1 1 1 0 0 0 1]
2025-02-23 18:10:19,386 - DEBUG -      3 |     3 |   1.5
2025-02-23 18:10:19,387 - DEBUG -     Sample: [0 1 1 1 0 0 1 1 0 0 0 1]
2025-02-23 18:10:19,387 - DEBUG -      4 |     3 |   1.5
2025-02-23 18:10:19,387 - DEBUG -     Sample: [0 1 1 1 0 1 1 1 0 0 0 1]
2025-02-23 18:10:19,387 - DEBUG -      5 |     3 |   1.5
2025-02-23 18:10:19,387 - DEBUG -     Sample: [1 1 0 1 1 1 1 1 0 0 0 1]
2025-02-23 18:10:19,388 - DEBUG - Generated 178 unique samples from 200 total measurements
2025-02-23 18:10:19,392 - INFO -   No feasible solution found in this iteration
2025-02-23 18:10:19,393 - INFO -   Added 1 new constraints: [21]
2025-02-23 18:10:19,393 - INFO - 
Iteration 7:
2025-02-23 18:10:19,393 - DEBUG - Generated Ising Hamiltonian
2025-02-23 18:10:19,619 - DEBUG - Optimizing QAOA circuit...
2025-02-23 18:10:21,135 - DEBUG - Circuit optimization successful
2025-02-23 18:10:21,135 - DEBUG - Circuit optimization successful, final value: -5082.693306693308
2025-02-23 18:10:21,135 - DEBUG - Sampling from optimized circuit...
2025-02-23 18:10:21,155 - DEBUG - Generated 174 unique samples from 200 total measurements
2025-02-23 18:10:21,156 - DEBUG - 
Top 5 most frequent samples:
2025-02-23 18:10:21,156 - DEBUG -   Rank | Count |   %   
2025-02-23 18:10:21,156 - DEBUG -   -----|-------|-------
2025-02-23 18:10:21,156 - DEBUG -      1 |     4 |   2.0
2025-02-23 18:10:21,157 - DEBUG -     Sample: [1 0 1 0 0 0 0 1 0 0 0 0]
2025-02-23 18:10:21,157 - DEBUG -      2 |     3 |   1.5
2025-02-23 18:10:21,157 - DEBUG -     Sample: [1 1 1 0 1 1 1 1 0 0 0 0]
2025-02-23 18:10:21,157 - DEBUG -      3 |     3 |   1.5
2025-02-23 18:10:21,157 - DEBUG -     Sample: [0 0 1 0 0 0 0 1 0 0 0 1]
2025-02-23 18:10:21,157 - DEBUG -      4 |     3 |   1.5
2025-02-23 18:10:21,158 - DEBUG -     Sample: [0 0 1 0 0 0 0 1 0 0 1 1]
2025-02-23 18:10:21,158 - DEBUG -      5 |     3 |   1.5
2025-02-23 18:10:21,159 - DEBUG -     Sample: [1 1 1 0 0 1 1 1 0 0 0 0]
2025-02-23 18:10:21,160 - DEBUG - Generated 174 unique samples from 200 total measurements
2025-02-23 18:10:21,163 - INFO -   No feasible solution found in this iteration
2025-02-23 18:10:21,164 - INFO -   No new constraints added, lowered tau multiplier: 1.0 -> 0.9
2025-02-23 18:10:21,164 - INFO -   No new constraints added, lowered tau multiplier: 0.9 -> 0.8
2025-02-23 18:10:21,164 - INFO -   Added 3 new constraints: [2, 24, 39]
2025-02-23 18:10:21,164 - INFO - 
Iteration 8:
2025-02-23 18:10:21,165 - DEBUG - Generated Ising Hamiltonian
2025-02-23 18:10:21,409 - DEBUG - Optimizing QAOA circuit...
2025-02-23 18:10:22,651 - DEBUG - Circuit optimization successful
2025-02-23 18:10:22,652 - DEBUG - Circuit optimization successful, final value: 6782.975024975023
2025-02-23 18:10:22,652 - DEBUG - Sampling from optimized circuit...
2025-02-23 18:10:22,667 - DEBUG - Generated 149 unique samples from 200 total measurements
2025-02-23 18:10:22,668 - DEBUG - 
Top 5 most frequent samples:
2025-02-23 18:10:22,668 - DEBUG -   Rank | Count |   %   
2025-02-23 18:10:22,668 - DEBUG -   -----|-------|-------
2025-02-23 18:10:22,668 - DEBUG -      1 |     5 |   2.5
2025-02-23 18:10:22,668 - DEBUG -     Sample: [1 0 0 0 0 0 1 1 1 0 0 1]
2025-02-23 18:10:22,668 - DEBUG -      2 |     5 |   2.5
2025-02-23 18:10:22,668 - DEBUG -     Sample: [1 0 0 0 0 0 1 0 1 0 0 1]
2025-02-23 18:10:22,669 - DEBUG -      3 |     4 |   2.0
2025-02-23 18:10:22,669 - DEBUG -     Sample: [1 0 0 0 1 0 1 1 1 0 0 1]
2025-02-23 18:10:22,669 - DEBUG -      4 |     4 |   2.0
2025-02-23 18:10:22,669 - DEBUG -     Sample: [1 0 0 0 0 0 0 1 1 0 0 1]
2025-02-23 18:10:22,669 - DEBUG -      5 |     3 |   1.5
2025-02-23 18:10:22,669 - DEBUG -     Sample: [1 0 0 1 0 0 1 1 1 0 0 1]
2025-02-23 18:10:22,670 - DEBUG - Generated 149 unique samples from 200 total measurements
2025-02-23 18:10:22,673 - INFO -   No feasible solution found in this iteration
2025-02-23 18:10:22,673 - INFO -   No new constraints added, lowered tau multiplier: 1.0 -> 0.9
2025-02-23 18:10:22,674 - INFO -   Added 2 new constraints: [22, 31]
2025-02-23 18:10:22,674 - INFO - 
Iteration 9:
2025-02-23 18:10:22,674 - DEBUG - Generated Ising Hamiltonian
2025-02-23 18:10:22,915 - DEBUG - Optimizing QAOA circuit...
2025-02-23 18:10:24,464 - DEBUG - Circuit optimization successful
2025-02-23 18:10:24,464 - DEBUG - Circuit optimization successful, final value: 13156.2997002997
2025-02-23 18:10:24,465 - DEBUG - Sampling from optimized circuit...
2025-02-23 18:10:24,479 - DEBUG - Generated 58 unique samples from 200 total measurements
2025-02-23 18:10:24,480 - DEBUG - 
Top 5 most frequent samples:
2025-02-23 18:10:24,480 - DEBUG -   Rank | Count |   %   
2025-02-23 18:10:24,480 - DEBUG -   -----|-------|-------
2025-02-23 18:10:24,480 - DEBUG -      1 |    46 |  23.0
2025-02-23 18:10:24,480 - DEBUG -     Sample: [0 0 0 1 1 0 1 0 0 0 1 1]
2025-02-23 18:10:24,480 - DEBUG -      2 |    21 |  10.5
2025-02-23 18:10:24,480 - DEBUG -     Sample: [0 1 0 1 1 0 1 0 0 0 1 1]
2025-02-23 18:10:24,481 - DEBUG -      3 |    14 |   7.0
2025-02-23 18:10:24,481 - DEBUG -     Sample: [0 0 0 1 1 0 1 0 1 0 1 1]
2025-02-23 18:10:24,481 - DEBUG -      4 |    12 |   6.0
2025-02-23 18:10:24,481 - DEBUG -     Sample: [0 0 0 1 1 0 1 0 0 1 1 1]
2025-02-23 18:10:24,481 - DEBUG -      5 |    11 |   5.5
2025-02-23 18:10:24,481 - DEBUG -     Sample: [0 0 0 1 1 0 0 0 0 0 1 1]
2025-02-23 18:10:24,482 - DEBUG - Generated 58 unique samples from 200 total measurements
2025-02-23 18:10:24,483 - INFO -   No feasible solution found in this iteration
2025-02-23 18:10:24,484 - INFO -   Added 2 new constraints: [15, 38]
2025-02-23 18:10:24,484 - INFO - 
Iteration 10:
2025-02-23 18:10:24,484 - DEBUG - Generated Ising Hamiltonian
2025-02-23 18:10:24,706 - DEBUG - Optimizing QAOA circuit...
2025-02-23 18:10:25,855 - DEBUG - Circuit optimization successful
2025-02-23 18:10:25,856 - DEBUG - Circuit optimization successful, final value: -11921.99000999001
2025-02-23 18:10:25,856 - DEBUG - Sampling from optimized circuit...
2025-02-23 18:10:25,871 - DEBUG - Generated 91 unique samples from 200 total measurements
2025-02-23 18:10:25,871 - DEBUG - 
Top 5 most frequent samples:
2025-02-23 18:10:25,871 - DEBUG -   Rank | Count |   %   
2025-02-23 18:10:25,871 - DEBUG -   -----|-------|-------
2025-02-23 18:10:25,871 - DEBUG -      1 |    16 |   8.0
2025-02-23 18:10:25,871 - DEBUG -     Sample: [0 1 0 0 0 0 0 0 0 0 0 1]
2025-02-23 18:10:25,871 - DEBUG -      2 |    12 |   6.0
2025-02-23 18:10:25,872 - DEBUG -     Sample: [0 0 0 0 0 0 0 0 0 0 1 1]
2025-02-23 18:10:25,872 - DEBUG -      3 |    10 |   5.0
2025-02-23 18:10:25,872 - DEBUG -     Sample: [0 0 0 0 0 0 0 0 0 0 0 1]
2025-02-23 18:10:25,872 - DEBUG -      4 |     9 |   4.5
2025-02-23 18:10:25,872 - DEBUG -     Sample: [0 0 0 0 0 0 0 0 0 1 0 1]
2025-02-23 18:10:25,872 - DEBUG -      5 |     8 |   4.0
2025-02-23 18:10:25,873 - DEBUG -     Sample: [0 1 0 0 0 0 0 0 0 0 1 1]
2025-02-23 18:10:25,873 - DEBUG - Generated 91 unique samples from 200 total measurements
2025-02-23 18:10:25,875 - INFO -   No feasible solution found in this iteration
2025-02-23 18:10:25,875 - INFO -   Added 3 new constraints: [1, 7, 13]
2025-02-23 18:10:25,875 - INFO - 
Iteration 11:
2025-02-23 18:10:25,876 - DEBUG - Generated Ising Hamiltonian
2025-02-23 18:10:26,121 - DEBUG - Optimizing QAOA circuit...
2025-02-23 18:10:27,437 - DEBUG - Circuit optimization successful
2025-02-23 18:10:27,438 - DEBUG - Circuit optimization successful, final value: -2224.2117882117873
2025-02-23 18:10:27,438 - DEBUG - Sampling from optimized circuit...
2025-02-23 18:10:27,453 - DEBUG - Generated 168 unique samples from 200 total measurements
2025-02-23 18:10:27,453 - DEBUG - 
Top 5 most frequent samples:
2025-02-23 18:10:27,453 - DEBUG -   Rank | Count |   %   
2025-02-23 18:10:27,453 - DEBUG -   -----|-------|-------
2025-02-23 18:10:27,454 - DEBUG -      1 |     8 |   4.0
2025-02-23 18:10:27,454 - DEBUG -     Sample: [0 0 0 1 1 0 0 0 0 0 0 1]
2025-02-23 18:10:27,454 - DEBUG -      2 |     3 |   1.5
2025-02-23 18:10:27,454 - DEBUG -     Sample: [1 0 0 1 1 0 0 0 0 0 1 1]
2025-02-23 18:10:27,454 - DEBUG -      3 |     3 |   1.5
2025-02-23 18:10:27,454 - DEBUG -     Sample: [1 0 0 0 1 0 0 0 0 0 0 1]
2025-02-23 18:10:27,455 - DEBUG -      4 |     3 |   1.5
2025-02-23 18:10:27,455 - DEBUG -     Sample: [0 1 0 1 1 0 0 1 0 1 0 1]
2025-02-23 18:10:27,455 - DEBUG -      5 |     3 |   1.5
2025-02-23 18:10:27,455 - DEBUG -     Sample: [0 0 0 1 1 0 0 0 0 1 0 1]
2025-02-23 18:10:27,456 - DEBUG - Generated 168 unique samples from 200 total measurements
2025-02-23 18:10:27,458 - INFO -   No feasible solution found in this iteration
2025-02-23 18:10:27,459 - INFO -   No new constraints added, lowered tau multiplier: 1.0 -> 0.9
2025-02-23 18:10:27,460 - INFO -   No new constraints added, lowered tau multiplier: 0.9 -> 0.8
2025-02-23 18:10:27,460 - INFO -   No new constraints added, lowered tau multiplier: 0.8 -> 0.7
2025-02-23 18:10:27,460 - INFO -   Added 6 new constraints: [9, 12, 16, 28, 29, 30]
2025-02-23 18:10:27,460 - INFO - 
Iteration 12:
2025-02-23 18:10:27,461 - DEBUG - Generated Ising Hamiltonian
2025-02-23 18:10:27,695 - DEBUG - Optimizing QAOA circuit...
2025-02-23 18:10:29,417 - DEBUG - Circuit optimization successful
2025-02-23 18:10:29,418 - DEBUG - Circuit optimization successful, final value: -19301.566433566433
2025-02-23 18:10:29,418 - DEBUG - Sampling from optimized circuit...
2025-02-23 18:10:29,434 - DEBUG - Generated 171 unique samples from 200 total measurements
2025-02-23 18:10:29,434 - DEBUG - 
Top 5 most frequent samples:
2025-02-23 18:10:29,434 - DEBUG -   Rank | Count |   %   
2025-02-23 18:10:29,434 - DEBUG -   -----|-------|-------
2025-02-23 18:10:29,434 - DEBUG -      1 |     3 |   1.5
2025-02-23 18:10:29,434 - DEBUG -     Sample: [0 0 0 1 0 0 1 0 1 0 0 0]
2025-02-23 18:10:29,434 - DEBUG -      2 |     3 |   1.5
2025-02-23 18:10:29,435 - DEBUG -     Sample: [0 0 1 0 1 0 0 0 0 1 0 0]
2025-02-23 18:10:29,435 - DEBUG -      3 |     3 |   1.5
2025-02-23 18:10:29,435 - DEBUG -     Sample: [0 0 1 0 0 1 1 0 1 1 1 0]
2025-02-23 18:10:29,435 - DEBUG -      4 |     3 |   1.5
2025-02-23 18:10:29,435 - DEBUG -     Sample: [0 0 1 0 1 1 1 1 0 1 1 0]
2025-02-23 18:10:29,436 - DEBUG -      5 |     3 |   1.5
2025-02-23 18:10:29,436 - DEBUG -     Sample: [0 0 0 0 0 1 1 0 0 1 1 0]
2025-02-23 18:10:29,437 - DEBUG - Generated 171 unique samples from 200 total measurements
2025-02-23 18:10:29,440 - INFO -   No feasible solution found in this iteration
2025-02-23 18:10:29,440 - INFO -   No new constraints added, lowered tau multiplier: 1.0 -> 0.9
2025-02-23 18:10:29,441 - INFO -   No new constraints added, lowered tau multiplier: 0.9 -> 0.8
2025-02-23 18:10:29,441 - INFO -   No new constraints added, lowered tau multiplier: 0.8 -> 0.7
2025-02-23 18:10:29,441 - INFO -   Added 2 new constraints: [4, 6]
2025-02-23 18:10:29,441 - INFO - 
Iteration 13:
2025-02-23 18:10:29,441 - DEBUG - Generated Ising Hamiltonian
2025-02-23 18:10:29,646 - DEBUG - Optimizing QAOA circuit...
2025-02-23 18:10:31,184 - DEBUG - Circuit optimization successful
2025-02-23 18:10:31,184 - DEBUG - Circuit optimization successful, final value: 1209.4565434565438
2025-02-23 18:10:31,184 - DEBUG - Sampling from optimized circuit...
2025-02-23 18:10:31,200 - DEBUG - Generated 191 unique samples from 200 total measurements
2025-02-23 18:10:31,201 - DEBUG - 
Top 5 most frequent samples:
2025-02-23 18:10:31,201 - DEBUG -   Rank | Count |   %   
2025-02-23 18:10:31,201 - DEBUG -   -----|-------|-------
2025-02-23 18:10:31,201 - DEBUG -      1 |     2 |   1.0
2025-02-23 18:10:31,201 - DEBUG -     Sample: [0 1 1 1 0 0 1 1 0 0 0 1]
2025-02-23 18:10:31,201 - DEBUG -      2 |     2 |   1.0
2025-02-23 18:10:31,202 - DEBUG -     Sample: [1 0 0 1 0 0 1 1 0 0 1 1]
2025-02-23 18:10:31,202 - DEBUG -      3 |     2 |   1.0
2025-02-23 18:10:31,202 - DEBUG -     Sample: [1 0 0 1 0 0 0 0 0 1 1 1]
2025-02-23 18:10:31,202 - DEBUG -      4 |     2 |   1.0
2025-02-23 18:10:31,202 - DEBUG -     Sample: [1 0 0 1 0 0 1 1 0 1 0 1]
2025-02-23 18:10:31,202 - DEBUG -      5 |     2 |   1.0
2025-02-23 18:10:31,202 - DEBUG -     Sample: [0 1 0 1 1 1 1 1 0 1 1 0]
2025-02-23 18:10:31,203 - DEBUG - Generated 191 unique samples from 200 total measurements
2025-02-23 18:10:31,207 - INFO -   No feasible solution found in this iteration
2025-02-23 18:10:31,209 - INFO -   No new constraints added, lowered tau multiplier: 1.0 -> 0.9
2025-02-23 18:10:31,209 - INFO -   No new constraints added, lowered tau multiplier: 0.9 -> 0.8
2025-02-23 18:10:31,210 - INFO -   No new constraints added, lowered tau multiplier: 0.8 -> 0.7
2025-02-23 18:10:31,210 - INFO -   Added 5 new constraints: [11, 19, 26, 35, 36]
2025-02-23 18:10:31,210 - INFO - 
Iteration 14:
2025-02-23 18:10:31,211 - DEBUG - Generated Ising Hamiltonian
2025-02-23 18:10:31,417 - DEBUG - Optimizing QAOA circuit...
2025-02-23 18:10:32,732 - DEBUG - Circuit optimization successful
2025-02-23 18:10:32,732 - DEBUG - Circuit optimization successful, final value: -7840.035964035965
2025-02-23 18:10:32,732 - DEBUG - Sampling from optimized circuit...
2025-02-23 18:10:32,747 - DEBUG - Generated 150 unique samples from 200 total measurements
2025-02-23 18:10:32,747 - DEBUG - 
Top 5 most frequent samples:
2025-02-23 18:10:32,747 - DEBUG -   Rank | Count |   %   
2025-02-23 18:10:32,748 - DEBUG -   -----|-------|-------
2025-02-23 18:10:32,748 - DEBUG -      1 |     6 |   3.0
2025-02-23 18:10:32,748 - DEBUG -     Sample: [1 1 1 1 0 0 1 0 1 0 0 0]
2025-02-23 18:10:32,748 - DEBUG -      2 |     5 |   2.5
2025-02-23 18:10:32,748 - DEBUG -     Sample: [1 1 0 0 1 0 1 0 1 0 0 1]
2025-02-23 18:10:32,748 - DEBUG -      3 |     5 |   2.5
2025-02-23 18:10:32,748 - DEBUG -     Sample: [1 0 1 1 0 0 0 0 1 1 0 0]
2025-02-23 18:10:32,749 - DEBUG -      4 |     4 |   2.0
2025-02-23 18:10:32,749 - DEBUG -     Sample: [1 1 0 0 1 0 0 0 1 1 1 1]
2025-02-23 18:10:32,749 - DEBUG -      5 |     3 |   1.5
2025-02-23 18:10:32,749 - DEBUG -     Sample: [1 0 1 1 0 0 0 1 1 0 0 0]
2025-02-23 18:10:32,750 - DEBUG - Generated 150 unique samples from 200 total measurements
2025-02-23 18:10:32,752 - INFO -   No feasible solution found in this iteration
2025-02-23 18:10:32,753 - INFO -   No new constraints added, lowered tau multiplier: 1.0 -> 0.9
2025-02-23 18:10:32,754 - INFO -   No new constraints added, lowered tau multiplier: 0.9 -> 0.8
2025-02-23 18:10:32,754 - INFO -   No new constraints added, lowered tau multiplier: 0.8 -> 0.7
2025-02-23 18:10:32,754 - INFO -   No new constraints added, lowered tau multiplier: 0.7 -> 0.6
2025-02-23 18:10:32,754 - INFO -   No new constraints added, lowered tau multiplier: 0.6 -> 0.5
2025-02-23 18:10:32,754 - INFO -   Added 1 new constraints: [14]
2025-02-23 18:10:32,754 - INFO - 
Iteration 15:
2025-02-23 18:10:32,755 - DEBUG - Generated Ising Hamiltonian
2025-02-23 18:10:32,989 - DEBUG - Optimizing QAOA circuit...
2025-02-23 18:10:34,795 - DEBUG - Circuit optimization successful
2025-02-23 18:10:34,795 - DEBUG - Circuit optimization successful, final value: -2490.771228771231
2025-02-23 18:10:34,796 - DEBUG - Sampling from optimized circuit...
2025-02-23 18:10:34,813 - DEBUG - Generated 144 unique samples from 200 total measurements
2025-02-23 18:10:34,814 - DEBUG - 
Top 5 most frequent samples:
2025-02-23 18:10:34,814 - DEBUG -   Rank | Count |   %   
2025-02-23 18:10:34,814 - DEBUG -   -----|-------|-------
2025-02-23 18:10:34,814 - DEBUG -      1 |    16 |   8.0
2025-02-23 18:10:34,814 - DEBUG -     Sample: [0 1 0 1 0 1 0 0 0 0 1 1]
2025-02-23 18:10:34,815 - DEBUG -      2 |     6 |   3.0
2025-02-23 18:10:34,815 - DEBUG -     Sample: [0 0 0 1 0 0 1 0 0 0 0 1]
2025-02-23 18:10:34,815 - DEBUG -      3 |     5 |   2.5
2025-02-23 18:10:34,815 - DEBUG -     Sample: [0 1 1 1 0 1 1 0 0 0 1 1]
2025-02-23 18:10:34,815 - DEBUG -      4 |     4 |   2.0
2025-02-23 18:10:34,816 - DEBUG -     Sample: [0 0 1 1 0 1 1 0 1 0 1 1]
2025-02-23 18:10:34,816 - DEBUG -      5 |     4 |   2.0
2025-02-23 18:10:34,816 - DEBUG -     Sample: [0 0 0 1 0 1 1 0 0 0 0 1]
2025-02-23 18:10:34,817 - DEBUG - Generated 144 unique samples from 200 total measurements
2025-02-23 18:10:34,820 - INFO -   No feasible solution found in this iteration
2025-02-23 18:10:34,820 - INFO -   All constraints added, exiting
2025-02-23 18:10:34,821 - INFO -   Constraint generation found no feasible solution
2025-02-23 18:10:34,821 - INFO - 
Instance 71 results:
2025-02-23 18:10:34,821 - INFO -   Classical value: 396.0
2025-02-23 18:10:34,821 - INFO -   QAOA value: 0.0
2025-02-23 18:10:34,821 - INFO -   Constraint generation value: 0.0
2025-02-23 18:10:34,822 - INFO - 
Running instance 72/100
2025-02-23 18:10:34,824 - INFO - 
Running Classical Reference Solver (SCIP):
2025-02-23 18:10:34,826 - DEBUG - Problem dimensions: 40 constraints, 12 variables
2025-02-23 18:10:34,826 - DEBUG - Row names: ['ELEM1', 'ELEM2', 'ELEM3', 'ELEM4', 'ELEM5', 'ELEM6', 'ELEM7', 'ELEM8', 'ELEM9', 'ELEM10', 'ELEM11', 'ELEM12', 'ELEM13', 'ELEM14', 'ELEM15', 'ELEM16', 'ELEM17', 'ELEM18', 'ELEM19', 'ELEM20', 'ELEM21', 'ELEM22', 'ELEM23', 'ELEM24', 'ELEM25', 'ELEM26', 'ELEM27', 'ELEM28', 'ELEM29', 'ELEM30', 'ELEM31', 'ELEM32', 'ELEM33', 'ELEM34', 'ELEM35', 'ELEM36', 'ELEM37', 'ELEM38', 'ELEM39', 'ELEM40']
2025-02-23 18:10:34,826 - DEBUG - RHS values: {'ELEM1': 1.0, 'ELEM2': 1.0, 'ELEM3': 1.0, 'ELEM4': 1.0, 'ELEM5': 1.0, 'ELEM6': 1.0, 'ELEM7': 1.0, 'ELEM8': 1.0, 'ELEM9': 1.0, 'ELEM10': 1.0, 'ELEM11': 1.0, 'ELEM12': 1.0, 'ELEM13': 1.0, 'ELEM14': 1.0, 'ELEM15': 1.0, 'ELEM16': 1.0, 'ELEM17': 1.0, 'ELEM18': 1.0, 'ELEM19': 1.0, 'ELEM20': 1.0, 'ELEM21': 1.0, 'ELEM22': 1.0, 'ELEM23': 1.0, 'ELEM24': 1.0, 'ELEM25': 1.0, 'ELEM26': 1.0, 'ELEM27': 1.0, 'ELEM28': 1.0, 'ELEM29': 1.0, 'ELEM30': 1.0, 'ELEM31': 1.0, 'ELEM32': 1.0, 'ELEM33': 1.0, 'ELEM34': 1.0, 'ELEM35': 1.0, 'ELEM36': 1.0, 'ELEM37': 1.0, 'ELEM38': 1.0, 'ELEM39': 1.0, 'ELEM40': 1.0}
2025-02-23 18:10:34,838 - INFO -   Reference solution found:
2025-02-23 18:10:34,838 - INFO -     Solution: [0, 1, 1, 1, 0, 0, 1, 1, 0, 0, 1, 0]
2025-02-23 18:10:34,838 - INFO -     Value: 186.99999999999997
2025-02-23 18:10:34,839 - INFO - 
Running QAOA Reference Solution (with all constraints):
