2025-02-24 16:47:54,050 - INFO - 
Problem information:
2025-02-24 16:47:54,050 - INFO -   Number of variables (n): 8
2025-02-24 16:47:54,050 - INFO -   Number of constraints (m): 25
2025-02-24 16:47:54,050 - DEBUG -   Density of A: 25.00%
2025-02-24 16:47:54,050 - INFO - 
Starting reference QAOA with parameters:
2025-02-24 16:47:54,050 - INFO -   sample_size (total shots): 500
2025-02-24 16:47:54,051 - INFO - Added all constraints
2025-02-24 16:47:54,051 - DEBUG - Generated Ising Hamiltonian
2025-02-24 16:47:54,356 - DEBUG - Optimizing QAOA circuit...
2025-02-24 16:47:56,442 - DEBUG - Circuit optimization successful
2025-02-24 16:47:56,443 - DEBUG - Circuit optimization successful, final value: 6448.76273726274
2025-02-24 16:47:56,443 - DEBUG - Sampling from optimized circuit...
2025-02-24 16:47:56,462 - DEBUG - Generated 126 unique samples from 500 total measurements
2025-02-24 16:47:56,462 - DEBUG - 
Top 5 most frequent samples:
2025-02-24 16:47:56,462 - DEBUG -   Rank | Count |   %   
2025-02-24 16:47:56,462 - DEBUG -   -----|-------|-------
2025-02-24 16:47:56,463 - DEBUG -      1 |    54 |  10.8
2025-02-24 16:47:56,463 - DEBUG -     Sample: [0 0 1 0 1 1 1 0]
2025-02-24 16:47:56,463 - DEBUG -      2 |    31 |   6.2
2025-02-24 16:47:56,463 - DEBUG -     Sample: [0 1 1 0 1 1 1 0]
2025-02-24 16:47:56,463 - DEBUG -      3 |    29 |   5.8
2025-02-24 16:47:56,464 - DEBUG -     Sample: [0 1 1 0 1 1 0 0]
2025-02-24 16:47:56,464 - DEBUG -      4 |    15 |   3.0
2025-02-24 16:47:56,464 - DEBUG -     Sample: [0 0 1 0 1 1 0 0]
2025-02-24 16:47:56,464 - DEBUG -      5 |    15 |   3.0
2025-02-24 16:47:56,464 - DEBUG -     Sample: [0 0 0 1 1 1 1 0]
2025-02-24 16:47:56,465 - DEBUG - Generated 126 unique samples from 500 total measurements
2025-02-24 16:47:56,466 - INFO - Found feasible solution: [0 1 0 0 1 1 1 0] with objective value 247.0
2025-02-24 16:47:56,469 - INFO - Found feasible solution: [1 0 1 1 0 0 0 1] with objective value 164.0
2025-02-24 16:47:56,470 - INFO - Found feasible solution:
2025-02-24 16:47:56,470 - INFO -   Solution: [1, 0, 1, 1, 0, 0, 0, 1]
2025-02-24 16:47:56,470 - INFO -   Value: 164.0
2025-02-24 16:47:56,471 - INFO -   QAOA solution found:
2025-02-24 16:47:56,471 - INFO -     Solution: [1, 0, 1, 1, 0, 0, 0, 1]
2025-02-24 16:47:56,471 - INFO -     Value: 164.0
2025-02-24 16:47:56,471 - INFO - 
Running Constraint Generation:
2025-02-24 16:47:56,473 - INFO - 
Problem information:
2025-02-24 16:47:56,473 - INFO -   Number of variables (n): 8
2025-02-24 16:47:56,473 - INFO -   Number of constraints (m): 25
2025-02-24 16:47:56,474 - DEBUG -   Density of A: 25.00%
2025-02-24 16:47:56,474 - INFO - 
Running classical reference solver:
2025-02-24 16:47:56,485 - INFO -   Reference solution found:
2025-02-24 16:47:56,486 - INFO -     Solution: [1, 0, 1, 1, 0, 0, 0, 1]
2025-02-24 16:47:56,486 - INFO -     Value: 164.0
2025-02-24 16:47:56,486 - INFO - 
Starting quantum constraint generation with parameters:
2025-02-24 16:47:56,486 - INFO -   sample_size (total shots): 500
2025-02-24 16:47:56,486 - INFO -   tau: 0.1
2025-02-24 16:47:56,487 - INFO -   max_iters: 1000
2025-02-24 16:47:56,487 - INFO - 
Iteration 0:
2025-02-24 16:47:56,487 - DEBUG - Generated Ising Hamiltonian
2025-02-24 16:47:56,732 - DEBUG - Optimizing QAOA circuit...
2025-02-24 16:47:58,115 - DEBUG - Circuit optimization successful
2025-02-24 16:47:58,115 - DEBUG - Circuit optimization successful, final value: -171.43156843156842
2025-02-24 16:47:58,115 - DEBUG - Sampling from optimized circuit...
2025-02-24 16:47:58,127 - DEBUG - Generated 71 unique samples from 500 total measurements
2025-02-24 16:47:58,128 - DEBUG - 
Top 5 most frequent samples:
2025-02-24 16:47:58,128 - DEBUG -   Rank | Count |   %   
2025-02-24 16:47:58,128 - DEBUG -   -----|-------|-------
2025-02-24 16:47:58,128 - DEBUG -      1 |   104 |  20.8
2025-02-24 16:47:58,128 - DEBUG -     Sample: [0 1 1 1 1 1 0 0]
2025-02-24 16:47:58,128 - DEBUG -      2 |    50 |  10.0
2025-02-24 16:47:58,129 - DEBUG -     Sample: [0 1 1 0 1 1 0 0]
2025-02-24 16:47:58,129 - DEBUG -      3 |    48 |   9.6
2025-02-24 16:47:58,129 - DEBUG -     Sample: [0 1 1 1 1 1 0 1]
2025-02-24 16:47:58,129 - DEBUG -      4 |    31 |   6.2
2025-02-24 16:47:58,129 - DEBUG -     Sample: [0 1 0 1 1 1 0 0]
2025-02-24 16:47:58,130 - DEBUG -      5 |    23 |   4.6
2025-02-24 16:47:58,130 - DEBUG -     Sample: [0 0 1 1 1 1 0 0]
2025-02-24 16:47:58,130 - DEBUG - Generated 71 unique samples from 500 total measurements
2025-02-24 16:47:58,131 - INFO -   No feasible solution found in this iteration
2025-02-24 16:47:58,132 - INFO -   Added 2 new constraints: [11, 23]
2025-02-24 16:47:58,132 - INFO - 
Iteration 1:
2025-02-24 16:47:58,132 - DEBUG - Generated Ising Hamiltonian
2025-02-24 16:47:58,341 - DEBUG - Optimizing QAOA circuit...
2025-02-24 16:48:00,349 - DEBUG - Circuit optimization successful
2025-02-24 16:48:00,349 - DEBUG - Circuit optimization successful, final value: -4473.749250749251
2025-02-24 16:48:00,349 - DEBUG - Sampling from optimized circuit...
2025-02-24 16:48:00,365 - DEBUG - Generated 108 unique samples from 500 total measurements
2025-02-24 16:48:00,365 - DEBUG - 
Top 5 most frequent samples:
2025-02-24 16:48:00,365 - DEBUG -   Rank | Count |   %   
2025-02-24 16:48:00,366 - DEBUG -   -----|-------|-------
2025-02-24 16:48:00,366 - DEBUG -      1 |    28 |   5.6
2025-02-24 16:48:00,366 - DEBUG -     Sample: [0 1 1 1 1 1 0 0]
2025-02-24 16:48:00,366 - DEBUG -      2 |    23 |   4.6
2025-02-24 16:48:00,367 - DEBUG -     Sample: [0 0 1 1 1 1 0 0]
2025-02-24 16:48:00,367 - DEBUG -      3 |    23 |   4.6
2025-02-24 16:48:00,367 - DEBUG -     Sample: [0 0 1 0 1 1 0 0]
2025-02-24 16:48:00,367 - DEBUG -      4 |    21 |   4.2
2025-02-24 16:48:00,367 - DEBUG -     Sample: [0 0 0 1 1 1 0 0]
2025-02-24 16:48:00,367 - DEBUG -      5 |    20 |   4.0
2025-02-24 16:48:00,368 - DEBUG -     Sample: [0 1 0 1 1 1 0 0]
2025-02-24 16:48:00,368 - DEBUG - Generated 108 unique samples from 500 total measurements
2025-02-24 16:48:00,372 - INFO - Found feasible solution: [1 0 1 1 0 0 0 1] with objective value 164.0
2025-02-24 16:48:00,372 - INFO -   Found feasible solution:
2025-02-24 16:48:00,372 - INFO -     Solution: [1, 0, 1, 1, 0, 0, 0, 1]
2025-02-24 16:48:00,372 - INFO -     Value: 164.0
2025-02-24 16:48:00,373 - INFO -     Gap to reference: 0.00%
2025-02-24 16:48:00,373 - INFO -   Constraint generation solution found:
2025-02-24 16:48:00,373 - INFO -     Solution: [1, 0, 1, 1, 0, 0, 0, 1]
2025-02-24 16:48:00,373 - INFO -     Value: 164.0
2025-02-24 16:48:00,374 - INFO - 
Instance 23 results:
2025-02-24 16:48:00,374 - INFO -   Classical value: 164.0
2025-02-24 16:48:00,374 - INFO -   QAOA value: 164.0
2025-02-24 16:48:00,374 - INFO -   Constraint generation value: 164.0
2025-02-24 16:48:00,375 - INFO - 
Running instance 24/100
2025-02-24 16:48:00,377 - INFO - 
Running Classical Reference Solver (SCIP):
2025-02-24 16:48:00,378 - DEBUG - Problem dimensions: 25 constraints, 8 variables
2025-02-24 16:48:00,378 - DEBUG - Row names: ['ELEM1', 'ELEM2', 'ELEM3', 'ELEM4', 'ELEM5', 'ELEM6', 'ELEM7', 'ELEM8', 'ELEM9', 'ELEM10', 'ELEM11', 'ELEM12', 'ELEM13', 'ELEM14', 'ELEM15', 'ELEM16', 'ELEM17', 'ELEM18', 'ELEM19', 'ELEM20', 'ELEM21', 'ELEM22', 'ELEM23', 'ELEM24', 'ELEM25']
2025-02-24 16:48:00,378 - DEBUG - RHS values: {'ELEM1': 1.0, 'ELEM2': 1.0, 'ELEM3': 1.0, 'ELEM4': 1.0, 'ELEM5': 1.0, 'ELEM6': 1.0, 'ELEM7': 1.0, 'ELEM8': 1.0, 'ELEM9': 1.0, 'ELEM10': 1.0, 'ELEM11': 1.0, 'ELEM12': 1.0, 'ELEM13': 1.0, 'ELEM14': 1.0, 'ELEM15': 1.0, 'ELEM16': 1.0, 'ELEM17': 1.0, 'ELEM18': 1.0, 'ELEM19': 1.0, 'ELEM20': 1.0, 'ELEM21': 1.0, 'ELEM22': 1.0, 'ELEM23': 1.0, 'ELEM24': 1.0, 'ELEM25': 1.0}
2025-02-24 16:48:00,391 - INFO -   Reference solution found:
2025-02-24 16:48:00,392 - INFO -     Solution: [0, 0, 0, 0, 0, 1, 1, 1]
2025-02-24 16:48:00,392 - INFO -     Value: 78.99999999999999
2025-02-24 16:48:00,392 - INFO - 
Running QAOA Reference Solution (with all constraints):
