
Problem information:
  Number of variables (n): 8
  Number of constraints (m): 25

Starting reference QAOA with parameters:
  sample_size (total shots): 500
Added all constraints
Found feasible solution: [0 1 0 0 1 1 1 0] with objective value 247.0
Found feasible solution: [1 0 1 1 0 0 0 1] with objective value 164.0
Found feasible solution:
  Solution: [1, 0, 1, 1, 0, 0, 0, 1]
  Value: 164.0
  QAOA solution found:
    Solution: [1, 0, 1, 1, 0, 0, 0, 1]
    Value: 164.0

Running Constraint Generation:

Problem information:
  Number of variables (n): 8
  Number of constraints (m): 25

Running classical reference solver:
  Reference solution found:
    Solution: [1, 0, 1, 1, 0, 0, 0, 1]
    Value: 164.0

Starting quantum constraint generation with parameters:
  sample_size (total shots): 500
  tau: 0.1
  max_iters: 1000

Iteration 0:
  No feasible solution found in this iteration
  Added 2 new constraints: [11, 23]

Iteration 1:
Found feasible solution: [1 0 1 1 0 0 0 1] with objective value 164.0
  Found feasible solution:
    Solution: [1, 0, 1, 1, 0, 0, 0, 1]
    Value: 164.0
    Gap to reference: 0.00%
  Constraint generation solution found:
    Solution: [1, 0, 1, 1, 0, 0, 0, 1]
    Value: 164.0

Instance 23 results:
  Classical value: 164.0
  QAOA value: 164.0
  Constraint generation value: 164.0

Running instance 24/100

Running Classical Reference Solver (SCIP):
  Reference solution found:
    Solution: [0, 0, 0, 0, 0, 1, 1, 1]
    Value: 78.99999999999999

Running QAOA Reference Solution (with all constraints):
