2025-02-23 18:01:48,037 - INFO - 
Problem information:
2025-02-23 18:01:48,038 - INFO -   Number of variables (n): 12
2025-02-23 18:01:48,038 - INFO -   Number of constraints (m): 40
2025-02-23 18:01:48,038 - DEBUG -   Density of A: 25.00%
2025-02-23 18:01:48,038 - INFO - 
Starting reference QAOA with parameters:
2025-02-23 18:01:48,038 - INFO -   sample_size (total shots): 200
2025-02-23 18:01:48,039 - INFO - Added all constraints
2025-02-23 18:01:48,039 - DEBUG - Generated Ising Hamiltonian
2025-02-23 18:01:48,251 - DEBUG - Optimizing QAOA circuit...
2025-02-23 18:01:50,558 - DEBUG - Circuit optimization successful
2025-02-23 18:01:50,558 - DEBUG - Circuit optimization successful, final value: -29128.104895104894
2025-02-23 18:01:50,559 - DEBUG - Sampling from optimized circuit...
2025-02-23 18:01:50,580 - DEBUG - Generated 195 unique samples from 200 total measurements
2025-02-23 18:01:50,580 - DEBUG - 
Top 5 most frequent samples:
2025-02-23 18:01:50,580 - DEBUG -   Rank | Count |   %   
2025-02-23 18:01:50,581 - DEBUG -   -----|-------|-------
2025-02-23 18:01:50,581 - DEBUG -      1 |     2 |   1.0
2025-02-23 18:01:50,581 - DEBUG -     Sample: [1 0 0 0 0 1 1 0 1 1 0 1]
2025-02-23 18:01:50,581 - DEBUG -      2 |     2 |   1.0
2025-02-23 18:01:50,581 - DEBUG -     Sample: [1 1 1 0 1 0 1 1 1 0 0 0]
2025-02-23 18:01:50,581 - DEBUG -      3 |     2 |   1.0
2025-02-23 18:01:50,582 - DEBUG -     Sample: [0 1 1 0 0 0 0 1 0 0 0 0]
2025-02-23 18:01:50,582 - DEBUG -      4 |     2 |   1.0
2025-02-23 18:01:50,582 - DEBUG -     Sample: [0 1 0 0 0 0 0 1 0 0 0 0]
2025-02-23 18:01:50,582 - DEBUG -      5 |     2 |   1.0
2025-02-23 18:01:50,582 - DEBUG -     Sample: [1 1 0 1 1 1 0 0 1 0 0 1]
2025-02-23 18:01:50,583 - DEBUG - Generated 195 unique samples from 200 total measurements
2025-02-23 18:01:50,585 - INFO - Found feasible solution: [0 1 0 0 0 0 1 0 1 0 0 1] with objective value 220.0
2025-02-23 18:01:50,586 - INFO - Found feasible solution: [0 0 0 1 1 1 0 0 0 1 0 0] with objective value 153.0
2025-02-23 18:01:50,588 - INFO - Found feasible solution:
2025-02-23 18:01:50,588 - INFO -   Solution: [0, 0, 0, 1, 1, 1, 0, 0, 0, 1, 0, 0]
2025-02-23 18:01:50,589 - INFO -   Value: 153.0
2025-02-23 18:01:50,589 - INFO -   QAOA solution found:
2025-02-23 18:01:50,589 - INFO -     Solution: [0, 0, 0, 1, 1, 1, 0, 0, 0, 1, 0, 0]
2025-02-23 18:01:50,589 - INFO -     Value: 153.0
2025-02-23 18:01:50,589 - INFO - 
Running Constraint Generation:
2025-02-23 18:01:50,591 - INFO - 
Problem information:
2025-02-23 18:01:50,591 - INFO -   Number of variables (n): 12
2025-02-23 18:01:50,591 - INFO -   Number of constraints (m): 40
2025-02-23 18:01:50,592 - DEBUG -   Density of A: 25.00%
2025-02-23 18:01:50,592 - INFO - 
Running classical reference solver:
2025-02-23 18:01:50,605 - INFO -   Reference solution found:
2025-02-23 18:01:50,605 - INFO -     Solution: [0, 0, 0, 1, 1, 1, 0, 0, 0, 1, 0, 0]
2025-02-23 18:01:50,606 - INFO -     Value: 153.0
2025-02-23 18:01:50,606 - INFO - 
Starting quantum constraint generation with parameters:
2025-02-23 18:01:50,606 - INFO -   sample_size (total shots): 200
2025-02-23 18:01:50,606 - INFO -   tau: 0.1
2025-02-23 18:01:50,606 - INFO -   max_iters: 1000
2025-02-23 18:01:50,606 - INFO - 
Iteration 0:
2025-02-23 18:01:50,607 - DEBUG - Generated Ising Hamiltonian
2025-02-23 18:01:50,815 - DEBUG - Optimizing QAOA circuit...
2025-02-23 18:01:52,069 - DEBUG - Circuit optimization successful
2025-02-23 18:01:52,069 - DEBUG - Circuit optimization successful, final value: -300.1808191808192
2025-02-23 18:01:52,069 - DEBUG - Sampling from optimized circuit...
2025-02-23 18:01:52,089 - DEBUG - Generated 102 unique samples from 200 total measurements
2025-02-23 18:01:52,089 - DEBUG - 
Top 5 most frequent samples:
2025-02-23 18:01:52,089 - DEBUG -   Rank | Count |   %   
2025-02-23 18:01:52,090 - DEBUG -   -----|-------|-------
2025-02-23 18:01:52,090 - DEBUG -      1 |     9 |   4.5
2025-02-23 18:01:52,090 - DEBUG -     Sample: [1 1 0 0 0 1 1 1 1 0 0 1]
2025-02-23 18:01:52,090 - DEBUG -      2 |     8 |   4.0
2025-02-23 18:01:52,091 - DEBUG -     Sample: [1 1 0 0 0 1 1 0 1 0 0 1]
2025-02-23 18:01:52,091 - DEBUG -      3 |     8 |   4.0
2025-02-23 18:01:52,091 - DEBUG -     Sample: [1 1 0 0 0 1 1 1 1 0 1 1]
2025-02-23 18:01:52,091 - DEBUG -      4 |     7 |   3.5
2025-02-23 18:01:52,092 - DEBUG -     Sample: [1 1 0 1 1 1 1 0 1 0 1 1]
2025-02-23 18:01:52,092 - DEBUG -      5 |     6 |   3.0
2025-02-23 18:01:52,092 - DEBUG -     Sample: [1 1 0 0 1 1 1 1 1 0 1 1]
2025-02-23 18:01:52,093 - DEBUG - Generated 102 unique samples from 200 total measurements
2025-02-23 18:01:52,095 - INFO -   No feasible solution found in this iteration
2025-02-23 18:01:52,096 - INFO -   Added 2 new constraints: [20, 25]
2025-02-23 18:01:52,096 - INFO - 
Iteration 1:
2025-02-23 18:01:52,096 - DEBUG - Generated Ising Hamiltonian
2025-02-23 18:01:52,324 - DEBUG - Optimizing QAOA circuit...
2025-02-23 18:01:53,233 - DEBUG - Circuit optimization successful
2025-02-23 18:01:53,233 - DEBUG - Circuit optimization successful, final value: -5016.82267732268
2025-02-23 18:01:53,234 - DEBUG - Sampling from optimized circuit...
2025-02-23 18:01:53,248 - DEBUG - Generated 54 unique samples from 200 total measurements
2025-02-23 18:01:53,248 - DEBUG - 
Top 5 most frequent samples:
2025-02-23 18:01:53,248 - DEBUG -   Rank | Count |   %   
2025-02-23 18:01:53,248 - DEBUG -   -----|-------|-------
2025-02-23 18:01:53,248 - DEBUG -      1 |    33 |  16.5
2025-02-23 18:01:53,249 - DEBUG -     Sample: [0 0 1 0 1 0 0 0 0 0 1 1]
2025-02-23 18:01:53,249 - DEBUG -      2 |    23 |  11.5
2025-02-23 18:01:53,249 - DEBUG -     Sample: [0 0 1 0 1 0 0 1 0 0 1 1]
2025-02-23 18:01:53,249 - DEBUG -      3 |    16 |   8.0
2025-02-23 18:01:53,250 - DEBUG -     Sample: [0 0 1 1 1 0 0 0 0 0 1 1]
2025-02-23 18:01:53,250 - DEBUG -      4 |    10 |   5.0
2025-02-23 18:01:53,250 - DEBUG -     Sample: [0 0 1 0 1 0 0 0 0 0 0 1]
2025-02-23 18:01:53,250 - DEBUG -      5 |     8 |   4.0
2025-02-23 18:01:53,251 - DEBUG -     Sample: [0 0 1 0 1 0 0 0 0 0 1 0]
2025-02-23 18:01:53,251 - DEBUG - Generated 54 unique samples from 200 total measurements
2025-02-23 18:01:53,252 - INFO -   No feasible solution found in this iteration
2025-02-23 18:01:53,252 - INFO -   Added 1 new constraints: [34]
2025-02-23 18:01:53,253 - INFO - 
Iteration 2:
2025-02-23 18:01:53,253 - DEBUG - Generated Ising Hamiltonian
2025-02-23 18:01:53,478 - DEBUG - Optimizing QAOA circuit...
2025-02-23 18:01:54,491 - DEBUG - Circuit optimization successful
2025-02-23 18:01:54,491 - DEBUG - Circuit optimization successful, final value: -9642.92182817183
2025-02-23 18:01:54,491 - DEBUG - Sampling from optimized circuit...
2025-02-23 18:01:54,507 - DEBUG - Generated 87 unique samples from 200 total measurements
2025-02-23 18:01:54,507 - DEBUG - 
Top 5 most frequent samples:
2025-02-23 18:01:54,507 - DEBUG -   Rank | Count |   %   
2025-02-23 18:01:54,507 - DEBUG -   -----|-------|-------
2025-02-23 18:01:54,508 - DEBUG -      1 |     9 |   4.5
2025-02-23 18:01:54,508 - DEBUG -     Sample: [0 0 0 0 0 0 0 1 0 0 1 1]
2025-02-23 18:01:54,509 - DEBUG -      2 |     8 |   4.0
2025-02-23 18:01:54,509 - DEBUG -     Sample: [0 0 0 0 0 0 0 0 0 0 1 1]
2025-02-23 18:01:54,509 - DEBUG -      3 |     8 |   4.0
2025-02-23 18:01:54,509 - DEBUG -     Sample: [0 0 0 0 0 0 0 1 0 0 1 0]
2025-02-23 18:01:54,509 - DEBUG -      4 |     7 |   3.5
2025-02-23 18:01:54,510 - DEBUG -     Sample: [0 0 0 0 1 0 0 0 0 0 1 0]
2025-02-23 18:01:54,510 - DEBUG -      5 |     6 |   3.0
2025-02-23 18:01:54,510 - DEBUG -     Sample: [1 0 0 0 0 0 0 0 0 0 1 0]
2025-02-23 18:01:54,511 - DEBUG - Generated 87 unique samples from 200 total measurements
2025-02-23 18:01:54,513 - INFO -   No feasible solution found in this iteration
2025-02-23 18:01:54,514 - INFO -   Added 1 new constraints: [39]
2025-02-23 18:01:54,514 - INFO - 
Iteration 3:
2025-02-23 18:01:54,514 - DEBUG - Generated Ising Hamiltonian
2025-02-23 18:01:54,736 - DEBUG - Optimizing QAOA circuit...
2025-02-23 18:01:55,916 - DEBUG - Circuit optimization successful
2025-02-23 18:01:55,917 - DEBUG - Circuit optimization successful, final value: -2356.517482517483
2025-02-23 18:01:55,917 - DEBUG - Sampling from optimized circuit...
2025-02-23 18:01:55,931 - DEBUG - Generated 116 unique samples from 200 total measurements
2025-02-23 18:01:55,931 - DEBUG - 
Top 5 most frequent samples:
2025-02-23 18:01:55,931 - DEBUG -   Rank | Count |   %   
2025-02-23 18:01:55,931 - DEBUG -   -----|-------|-------
2025-02-23 18:01:55,931 - DEBUG -      1 |     9 |   4.5
2025-02-23 18:01:55,931 - DEBUG -     Sample: [0 0 1 0 1 0 0 1 1 0 1 1]
2025-02-23 18:01:55,932 - DEBUG -      2 |     8 |   4.0
2025-02-23 18:01:55,932 - DEBUG -     Sample: [0 1 1 0 1 0 0 1 1 0 1 1]
2025-02-23 18:01:55,932 - DEBUG -      3 |     7 |   3.5
2025-02-23 18:01:55,933 - DEBUG -     Sample: [1 1 1 0 1 0 0 1 1 0 1 1]
2025-02-23 18:01:55,933 - DEBUG -      4 |     6 |   3.0
2025-02-23 18:01:55,933 - DEBUG -     Sample: [0 1 1 0 0 0 0 1 1 0 1 1]
2025-02-23 18:01:55,934 - DEBUG -      5 |     6 |   3.0
2025-02-23 18:01:55,934 - DEBUG -     Sample: [0 1 0 0 1 0 0 1 1 0 1 1]
2025-02-23 18:01:55,934 - DEBUG - Generated 116 unique samples from 200 total measurements
2025-02-23 18:01:55,936 - INFO -   No feasible solution found in this iteration
2025-02-23 18:01:55,937 - INFO -   Added 1 new constraints: [31]
2025-02-23 18:01:55,937 - INFO - 
Iteration 4:
2025-02-23 18:01:55,937 - DEBUG - Generated Ising Hamiltonian
2025-02-23 18:01:56,169 - DEBUG - Optimizing QAOA circuit...
2025-02-23 18:01:57,358 - DEBUG - Circuit optimization successful
2025-02-23 18:01:57,359 - DEBUG - Circuit optimization successful, final value: -17843.28896103896
2025-02-23 18:01:57,359 - DEBUG - Sampling from optimized circuit...
2025-02-23 18:01:57,377 - DEBUG - Generated 95 unique samples from 200 total measurements
2025-02-23 18:01:57,379 - DEBUG - 
Top 5 most frequent samples:
2025-02-23 18:01:57,379 - DEBUG -   Rank | Count |   %   
2025-02-23 18:01:57,379 - DEBUG -   -----|-------|-------
2025-02-23 18:01:57,379 - DEBUG -      1 |    10 |   5.0
2025-02-23 18:01:57,380 - DEBUG -     Sample: [0 1 0 0 0 0 0 1 1 0 0 0]
2025-02-23 18:01:57,380 - DEBUG -      2 |     9 |   4.5
2025-02-23 18:01:57,380 - DEBUG -     Sample: [0 0 1 0 0 0 0 1 1 0 0 1]
2025-02-23 18:01:57,380 - DEBUG -      3 |     8 |   4.0
2025-02-23 18:01:57,381 - DEBUG -     Sample: [0 1 1 0 0 0 0 1 0 0 0 0]
2025-02-23 18:01:57,381 - DEBUG -      4 |     8 |   4.0
2025-02-23 18:01:57,382 - DEBUG -     Sample: [0 1 1 0 0 0 0 1 1 0 0 1]
2025-02-23 18:01:57,383 - DEBUG -      5 |     8 |   4.0
2025-02-23 18:01:57,384 - DEBUG -     Sample: [0 0 1 0 0 0 0 1 1 0 0 0]
2025-02-23 18:01:57,385 - DEBUG - Generated 95 unique samples from 200 total measurements
2025-02-23 18:01:57,387 - INFO -   No feasible solution found in this iteration
2025-02-23 18:01:57,387 - INFO -   Added 5 new constraints: [4, 23, 26, 27, 38]
2025-02-23 18:01:57,388 - INFO - 
Iteration 5:
2025-02-23 18:01:57,389 - DEBUG - Generated Ising Hamiltonian
2025-02-23 18:01:57,646 - DEBUG - Optimizing QAOA circuit...
2025-02-23 18:01:59,164 - DEBUG - Circuit optimization successful
2025-02-23 18:01:59,164 - DEBUG - Circuit optimization successful, final value: -710.8656343656353
2025-02-23 18:01:59,164 - DEBUG - Sampling from optimized circuit...
2025-02-23 18:01:59,180 - DEBUG - Generated 117 unique samples from 200 total measurements
2025-02-23 18:01:59,180 - DEBUG - 
Top 5 most frequent samples:
2025-02-23 18:01:59,180 - DEBUG -   Rank | Count |   %   
2025-02-23 18:01:59,180 - DEBUG -   -----|-------|-------
2025-02-23 18:01:59,180 - DEBUG -      1 |     9 |   4.5
2025-02-23 18:01:59,180 - DEBUG -     Sample: [0 0 1 1 0 0 1 1 0 1 1 0]
2025-02-23 18:01:59,181 - DEBUG -      2 |     7 |   3.5
2025-02-23 18:01:59,181 - DEBUG -     Sample: [1 0 1 1 0 0 1 1 0 1 1 0]
2025-02-23 18:01:59,181 - DEBUG -      3 |     6 |   3.0
2025-02-23 18:01:59,181 - DEBUG -     Sample: [1 0 1 0 0 0 1 1 1 1 1 0]
2025-02-23 18:01:59,181 - DEBUG -      4 |     5 |   2.5
2025-02-23 18:01:59,182 - DEBUG -     Sample: [0 0 1 1 0 0 1 1 0 1 1 1]
2025-02-23 18:01:59,182 - DEBUG -      5 |     5 |   2.5
2025-02-23 18:01:59,182 - DEBUG -     Sample: [1 0 1 0 0 0 1 1 0 1 1 0]
2025-02-23 18:01:59,183 - DEBUG - Generated 117 unique samples from 200 total measurements
2025-02-23 18:01:59,186 - INFO -   No feasible solution found in this iteration
2025-02-23 18:01:59,186 - INFO -   Added 1 new constraints: [6]
2025-02-23 18:01:59,186 - INFO - 
Iteration 6:
2025-02-23 18:01:59,186 - DEBUG - Generated Ising Hamiltonian
2025-02-23 18:01:59,413 - DEBUG - Optimizing QAOA circuit...
2025-02-23 18:02:01,438 - DEBUG - Circuit optimization successful
2025-02-23 18:02:01,439 - DEBUG - Circuit optimization successful, final value: 7847.406843156843
2025-02-23 18:02:01,439 - DEBUG - Sampling from optimized circuit...
2025-02-23 18:02:01,456 - DEBUG - Generated 188 unique samples from 200 total measurements
2025-02-23 18:02:01,456 - DEBUG - 
Top 5 most frequent samples:
2025-02-23 18:02:01,456 - DEBUG -   Rank | Count |   %   
2025-02-23 18:02:01,456 - DEBUG -   -----|-------|-------
2025-02-23 18:02:01,456 - DEBUG -      1 |     2 |   1.0
2025-02-23 18:02:01,457 - DEBUG -     Sample: [1 1 1 0 1 0 0 0 1 1 0 0]
2025-02-23 18:02:01,457 - DEBUG -      2 |     2 |   1.0
2025-02-23 18:02:01,457 - DEBUG -     Sample: [1 1 1 0 0 0 1 0 0 1 1 1]
2025-02-23 18:02:01,457 - DEBUG -      3 |     2 |   1.0
2025-02-23 18:02:01,457 - DEBUG -     Sample: [1 0 0 0 1 0 1 0 1 1 0 1]
2025-02-23 18:02:01,457 - DEBUG -      4 |     2 |   1.0
2025-02-23 18:02:01,458 - DEBUG -     Sample: [1 0 0 0 1 0 0 1 1 1 0 0]
2025-02-23 18:02:01,458 - DEBUG -      5 |     2 |   1.0
2025-02-23 18:02:01,458 - DEBUG -     Sample: [0 1 1 1 0 0 1 0 0 0 0 1]
2025-02-23 18:02:01,459 - DEBUG - Generated 188 unique samples from 200 total measurements
2025-02-23 18:02:01,462 - INFO -   No feasible solution found in this iteration
2025-02-23 18:02:01,463 - INFO -   No new constraints added, lowered tau multiplier: 1.0 -> 0.9
2025-02-23 18:02:01,463 - INFO -   Added 5 new constraints: [11, 16, 21, 22, 24]
2025-02-23 18:02:01,463 - INFO - 
Iteration 7:
2025-02-23 18:02:01,464 - DEBUG - Generated Ising Hamiltonian
2025-02-23 18:02:01,695 - DEBUG - Optimizing QAOA circuit...
2025-02-23 18:02:03,626 - DEBUG - Circuit optimization successful
2025-02-23 18:02:03,627 - DEBUG - Circuit optimization successful, final value: 6562.532467532467
2025-02-23 18:02:03,627 - DEBUG - Sampling from optimized circuit...
2025-02-23 18:02:03,644 - DEBUG - Generated 183 unique samples from 200 total measurements
2025-02-23 18:02:03,645 - DEBUG - 
Top 5 most frequent samples:
2025-02-23 18:02:03,645 - DEBUG -   Rank | Count |   %   
2025-02-23 18:02:03,645 - DEBUG -   -----|-------|-------
2025-02-23 18:02:03,645 - DEBUG -      1 |     3 |   1.5
2025-02-23 18:02:03,646 - DEBUG -     Sample: [0 1 0 1 0 0 1 1 1 1 0 1]
2025-02-23 18:02:03,646 - DEBUG -      2 |     3 |   1.5
2025-02-23 18:02:03,647 - DEBUG -     Sample: [1 1 0 1 0 1 0 1 1 1 0 0]
2025-02-23 18:02:03,647 - DEBUG -      3 |     2 |   1.0
2025-02-23 18:02:03,647 - DEBUG -     Sample: [1 1 0 1 0 1 0 0 0 0 0 1]
2025-02-23 18:02:03,647 - DEBUG -      4 |     2 |   1.0
2025-02-23 18:02:03,648 - DEBUG -     Sample: [1 0 1 1 0 0 0 0 1 1 0 0]
2025-02-23 18:02:03,648 - DEBUG -      5 |     2 |   1.0
2025-02-23 18:02:03,648 - DEBUG -     Sample: [1 1 1 1 0 0 1 1 0 1 0 1]
2025-02-23 18:02:03,649 - DEBUG - Generated 183 unique samples from 200 total measurements
2025-02-23 18:02:03,653 - INFO -   No feasible solution found in this iteration
2025-02-23 18:02:03,654 - INFO -   No new constraints added, lowered tau multiplier: 1.0 -> 0.9
2025-02-23 18:02:03,654 - INFO -   Added 11 new constraints: [0, 2, 7, 9, 12, 13, 15, 18, 19, 28, 30]
2025-02-23 18:02:03,654 - INFO - 
Iteration 8:
2025-02-23 18:02:03,655 - DEBUG - Generated Ising Hamiltonian
2025-02-23 18:02:03,911 - DEBUG - Optimizing QAOA circuit...
2025-02-23 18:02:06,101 - DEBUG - Circuit optimization successful
2025-02-23 18:02:06,101 - DEBUG - Circuit optimization successful, final value: -41579.14060939061
2025-02-23 18:02:06,101 - DEBUG - Sampling from optimized circuit...
2025-02-23 18:02:06,122 - DEBUG - Generated 162 unique samples from 200 total measurements
2025-02-23 18:02:06,122 - DEBUG - 
Top 5 most frequent samples:
2025-02-23 18:02:06,122 - DEBUG -   Rank | Count |   %   
2025-02-23 18:02:06,122 - DEBUG -   -----|-------|-------
2025-02-23 18:02:06,122 - DEBUG -      1 |     6 |   3.0
2025-02-23 18:02:06,123 - DEBUG -     Sample: [0 1 0 0 0 0 0 1 1 0 1 0]
2025-02-23 18:02:06,123 - DEBUG -      2 |     5 |   2.5
2025-02-23 18:02:06,123 - DEBUG -     Sample: [0 1 1 0 0 0 0 1 1 0 1 0]
2025-02-23 18:02:06,123 - DEBUG -      3 |     5 |   2.5
2025-02-23 18:02:06,124 - DEBUG -     Sample: [1 1 0 0 0 0 0 1 1 0 1 0]
2025-02-23 18:02:06,124 - DEBUG -      4 |     4 |   2.0
2025-02-23 18:02:06,124 - DEBUG -     Sample: [0 1 0 0 0 0 0 1 1 0 0 0]
2025-02-23 18:02:06,124 - DEBUG -      5 |     3 |   1.5
2025-02-23 18:02:06,124 - DEBUG -     Sample: [0 1 1 1 0 0 0 1 1 0 0 0]
2025-02-23 18:02:06,125 - DEBUG - Generated 162 unique samples from 200 total measurements
2025-02-23 18:02:06,129 - INFO -   No feasible solution found in this iteration
2025-02-23 18:02:06,129 - INFO -   No new constraints added, lowered tau multiplier: 1.0 -> 0.9
2025-02-23 18:02:06,130 - INFO -   Added 1 new constraints: [37]
2025-02-23 18:02:06,130 - INFO - 
Iteration 9:
2025-02-23 18:02:06,130 - DEBUG - Generated Ising Hamiltonian
2025-02-23 18:02:06,386 - DEBUG - Optimizing QAOA circuit...
2025-02-23 18:02:08,413 - DEBUG - Circuit optimization successful
2025-02-23 18:02:08,413 - DEBUG - Circuit optimization successful, final value: -30314.570429570438
2025-02-23 18:02:08,413 - DEBUG - Sampling from optimized circuit...
2025-02-23 18:02:08,433 - DEBUG - Generated 168 unique samples from 200 total measurements
2025-02-23 18:02:08,433 - DEBUG - 
Top 5 most frequent samples:
2025-02-23 18:02:08,434 - DEBUG -   Rank | Count |   %   
2025-02-23 18:02:08,434 - DEBUG -   -----|-------|-------
2025-02-23 18:02:08,434 - DEBUG -      1 |     4 |   2.0
2025-02-23 18:02:08,434 - DEBUG -     Sample: [0 1 0 0 0 1 1 0 0 1 0 1]
2025-02-23 18:02:08,435 - DEBUG -      2 |     3 |   1.5
2025-02-23 18:02:08,435 - DEBUG -     Sample: [0 1 0 0 0 1 1 0 0 1 1 1]
2025-02-23 18:02:08,435 - DEBUG -      3 |     3 |   1.5
2025-02-23 18:02:08,436 - DEBUG -     Sample: [0 1 0 0 0 0 1 0 0 1 0 1]
2025-02-23 18:02:08,436 - DEBUG -      4 |     3 |   1.5
2025-02-23 18:02:08,436 - DEBUG -     Sample: [1 1 0 1 0 1 1 1 0 1 0 1]
2025-02-23 18:02:08,436 - DEBUG -      5 |     3 |   1.5
2025-02-23 18:02:08,436 - DEBUG -     Sample: [0 1 0 1 1 0 0 1 0 1 0 1]
2025-02-23 18:02:08,437 - DEBUG - Generated 168 unique samples from 200 total measurements
2025-02-23 18:02:08,441 - INFO -   No feasible solution found in this iteration
2025-02-23 18:02:08,442 - INFO -   Added 1 new constraints: [3]
2025-02-23 18:02:08,443 - INFO - 
Iteration 10:
2025-02-23 18:02:08,443 - DEBUG - Generated Ising Hamiltonian
2025-02-23 18:02:08,684 - DEBUG - Optimizing QAOA circuit...
2025-02-23 18:02:10,860 - DEBUG - Circuit optimization successful
2025-02-23 18:02:10,860 - DEBUG - Circuit optimization successful, final value: 29092.126623376622
2025-02-23 18:02:10,860 - DEBUG - Sampling from optimized circuit...
2025-02-23 18:02:10,880 - DEBUG - Generated 171 unique samples from 200 total measurements
2025-02-23 18:02:10,880 - DEBUG - 
Top 5 most frequent samples:
2025-02-23 18:02:10,880 - DEBUG -   Rank | Count |   %   
2025-02-23 18:02:10,880 - DEBUG -   -----|-------|-------
2025-02-23 18:02:10,880 - DEBUG -      1 |     4 |   2.0
2025-02-23 18:02:10,881 - DEBUG -     Sample: [1 0 1 1 1 1 1 0 1 1 0 1]
2025-02-23 18:02:10,881 - DEBUG -      2 |     3 |   1.5
2025-02-23 18:02:10,881 - DEBUG -     Sample: [1 1 1 1 1 1 0 0 0 1 1 1]
2025-02-23 18:02:10,881 - DEBUG -      3 |     3 |   1.5
2025-02-23 18:02:10,882 - DEBUG -     Sample: [1 1 1 1 1 1 0 0 1 1 1 1]
2025-02-23 18:02:10,882 - DEBUG -      4 |     3 |   1.5
2025-02-23 18:02:10,882 - DEBUG -     Sample: [1 1 1 1 1 1 0 0 1 1 0 1]
2025-02-23 18:02:10,882 - DEBUG -      5 |     3 |   1.5
2025-02-23 18:02:10,883 - DEBUG -     Sample: [0 0 1 1 1 1 0 0 0 1 1 1]
2025-02-23 18:02:10,884 - DEBUG - Generated 171 unique samples from 200 total measurements
2025-02-23 18:02:10,887 - INFO -   No feasible solution found in this iteration
2025-02-23 18:02:10,888 - INFO -   Added 1 new constraints: [35]
2025-02-23 18:02:10,888 - INFO - 
Iteration 11:
2025-02-23 18:02:10,888 - DEBUG - Generated Ising Hamiltonian
2025-02-23 18:02:11,103 - DEBUG - Optimizing QAOA circuit...
2025-02-23 18:02:13,615 - DEBUG - Circuit optimization successful
2025-02-23 18:02:13,615 - DEBUG - Circuit optimization successful, final value: -30756.907592407595
2025-02-23 18:02:13,616 - DEBUG - Sampling from optimized circuit...
2025-02-23 18:02:13,635 - DEBUG - Generated 190 unique samples from 200 total measurements
2025-02-23 18:02:13,636 - DEBUG - 
Top 5 most frequent samples:
2025-02-23 18:02:13,636 - DEBUG -   Rank | Count |   %   
2025-02-23 18:02:13,636 - DEBUG -   -----|-------|-------
2025-02-23 18:02:13,636 - DEBUG -      1 |     2 |   1.0
2025-02-23 18:02:13,636 - DEBUG -     Sample: [0 1 0 1 1 1 1 0 1 0 0 0]
2025-02-23 18:02:13,636 - DEBUG -      2 |     2 |   1.0
2025-02-23 18:02:13,637 - DEBUG -     Sample: [0 1 0 1 1 0 1 1 1 1 0 0]
2025-02-23 18:02:13,637 - DEBUG -      3 |     2 |   1.0
2025-02-23 18:02:13,637 - DEBUG -     Sample: [0 0 0 0 1 1 1 0 1 0 1 0]
2025-02-23 18:02:13,637 - DEBUG -      4 |     2 |   1.0
2025-02-23 18:02:13,637 - DEBUG -     Sample: [1 0 0 0 0 1 0 0 1 1 0 0]
2025-02-23 18:02:13,637 - DEBUG -      5 |     2 |   1.0
2025-02-23 18:02:13,638 - DEBUG -     Sample: [1 0 0 0 0 0 1 1 1 0 0 0]
2025-02-23 18:02:13,638 - DEBUG - Generated 190 unique samples from 200 total measurements
2025-02-23 18:02:13,642 - INFO -   No feasible solution found in this iteration
2025-02-23 18:02:13,643 - INFO -   No new constraints added, lowered tau multiplier: 1.0 -> 0.9
2025-02-23 18:02:13,643 - INFO -   Added 2 new constraints: [8, 29]
2025-02-23 18:02:13,643 - INFO - 
Iteration 12:
2025-02-23 18:02:13,643 - DEBUG - Generated Ising Hamiltonian
2025-02-23 18:02:13,886 - DEBUG - Optimizing QAOA circuit...
2025-02-23 18:02:16,045 - DEBUG - Circuit optimization successful
2025-02-23 18:02:16,045 - DEBUG - Circuit optimization successful, final value: -8272.411588411585
2025-02-23 18:02:16,045 - DEBUG - Sampling from optimized circuit...
2025-02-23 18:02:16,063 - DEBUG - Generated 192 unique samples from 200 total measurements
2025-02-23 18:02:16,063 - DEBUG - 
Top 5 most frequent samples:
2025-02-23 18:02:16,064 - DEBUG -   Rank | Count |   %   
2025-02-23 18:02:16,064 - DEBUG -   -----|-------|-------
2025-02-23 18:02:16,064 - DEBUG -      1 |     3 |   1.5
2025-02-23 18:02:16,064 - DEBUG -     Sample: [0 1 1 0 1 0 0 1 0 1 0 1]
2025-02-23 18:02:16,064 - DEBUG -      2 |     2 |   1.0
2025-02-23 18:02:16,065 - DEBUG -     Sample: [0 1 0 0 0 0 0 1 0 0 1 0]
2025-02-23 18:02:16,065 - DEBUG -      3 |     2 |   1.0
2025-02-23 18:02:16,065 - DEBUG -     Sample: [0 1 1 1 1 0 0 1 0 0 1 0]
2025-02-23 18:02:16,065 - DEBUG -      4 |     2 |   1.0
2025-02-23 18:02:16,065 - DEBUG -     Sample: [0 1 0 0 1 0 0 1 0 0 1 0]
2025-02-23 18:02:16,066 - DEBUG -      5 |     2 |   1.0
2025-02-23 18:02:16,066 - DEBUG -     Sample: [0 1 1 1 1 0 0 1 0 0 1 1]
2025-02-23 18:02:16,067 - DEBUG - Generated 192 unique samples from 200 total measurements
2025-02-23 18:02:16,070 - INFO -   No feasible solution found in this iteration
2025-02-23 18:02:16,071 - INFO -   No new constraints added, lowered tau multiplier: 1.0 -> 0.9
2025-02-23 18:02:16,071 - INFO -   No new constraints added, lowered tau multiplier: 0.9 -> 0.8
2025-02-23 18:02:16,071 - INFO -   Added 3 new constraints: [5, 10, 32]
2025-02-23 18:02:16,071 - INFO - 
Iteration 13:
2025-02-23 18:02:16,072 - DEBUG - Generated Ising Hamiltonian
2025-02-23 18:02:16,282 - DEBUG - Optimizing QAOA circuit...
2025-02-23 18:02:18,747 - DEBUG - Circuit optimization successful
2025-02-23 18:02:18,748 - DEBUG - Circuit optimization successful, final value: -25674.699050949057
2025-02-23 18:02:18,748 - DEBUG - Sampling from optimized circuit...
2025-02-23 18:02:18,771 - DEBUG - Generated 168 unique samples from 200 total measurements
2025-02-23 18:02:18,771 - DEBUG - 
Top 5 most frequent samples:
2025-02-23 18:02:18,772 - DEBUG -   Rank | Count |   %   
2025-02-23 18:02:18,772 - DEBUG -   -----|-------|-------
2025-02-23 18:02:18,772 - DEBUG -      1 |     6 |   3.0
2025-02-23 18:02:18,772 - DEBUG -     Sample: [1 0 0 0 1 1 0 1 1 1 1 0]
2025-02-23 18:02:18,772 - DEBUG -      2 |     4 |   2.0
2025-02-23 18:02:18,773 - DEBUG -     Sample: [0 0 0 0 1 0 0 1 1 1 1 0]
2025-02-23 18:02:18,773 - DEBUG -      3 |     3 |   1.5
2025-02-23 18:02:18,773 - DEBUG -     Sample: [0 0 0 0 1 1 0 1 1 1 1 0]
2025-02-23 18:02:18,773 - DEBUG -      4 |     3 |   1.5
2025-02-23 18:02:18,773 - DEBUG -     Sample: [0 0 0 0 1 1 0 1 1 0 1 0]
2025-02-23 18:02:18,774 - DEBUG -      5 |     3 |   1.5
2025-02-23 18:02:18,774 - DEBUG -     Sample: [0 0 0 0 0 1 0 1 1 1 1 0]
2025-02-23 18:02:18,775 - DEBUG - Generated 168 unique samples from 200 total measurements
2025-02-23 18:02:18,779 - INFO -   No feasible solution found in this iteration
2025-02-23 18:02:18,779 - INFO -   No new constraints added, lowered tau multiplier: 1.0 -> 0.9
2025-02-23 18:02:18,779 - INFO -   Added 3 new constraints: [1, 33, 36]
2025-02-23 18:02:18,780 - INFO - 
Iteration 14:
2025-02-23 18:02:18,780 - DEBUG - Generated Ising Hamiltonian
2025-02-23 18:02:19,006 - DEBUG - Optimizing QAOA circuit...
2025-02-23 18:02:21,202 - DEBUG - Circuit optimization successful
2025-02-23 18:02:21,203 - DEBUG - Circuit optimization successful, final value: -30212.65384615385
2025-02-23 18:02:21,204 - DEBUG - Sampling from optimized circuit...
2025-02-23 18:02:21,255 - DEBUG - Generated 178 unique samples from 200 total measurements
2025-02-23 18:02:21,256 - DEBUG - 
Top 5 most frequent samples:
2025-02-23 18:02:21,256 - DEBUG -   Rank | Count |   %   
2025-02-23 18:02:21,256 - DEBUG -   -----|-------|-------
2025-02-23 18:02:21,256 - DEBUG -      1 |     4 |   2.0
2025-02-23 18:02:21,256 - DEBUG -     Sample: [1 1 1 0 1 0 0 0 0 1 0 1]
2025-02-23 18:02:21,257 - DEBUG -      2 |     3 |   1.5
2025-02-23 18:02:21,257 - DEBUG -     Sample: [0 1 1 0 0 0 0 0 0 1 0 1]
2025-02-23 18:02:21,257 - DEBUG -      3 |     2 |   1.0
2025-02-23 18:02:21,258 - DEBUG -     Sample: [0 0 1 0 0 0 0 1 0 0 0 1]
2025-02-23 18:02:21,258 - DEBUG -      4 |     2 |   1.0
2025-02-23 18:02:21,259 - DEBUG -     Sample: [0 1 1 0 1 0 0 0 0 1 0 0]
2025-02-23 18:02:21,259 - DEBUG -      5 |     2 |   1.0
2025-02-23 18:02:21,260 - DEBUG -     Sample: [1 0 1 1 1 0 0 0 0 1 0 1]
2025-02-23 18:02:21,261 - DEBUG - Generated 178 unique samples from 200 total measurements
2025-02-23 18:02:21,264 - INFO -   No feasible solution found in this iteration
2025-02-23 18:02:21,265 - INFO -   No new constraints added, lowered tau multiplier: 1.0 -> 0.9
2025-02-23 18:02:21,265 - INFO -   Added 1 new constraints: [14]
2025-02-23 18:02:21,266 - INFO - 
Iteration 15:
2025-02-23 18:02:21,267 - DEBUG - Generated Ising Hamiltonian
2025-02-23 18:02:21,472 - DEBUG - Optimizing QAOA circuit...
2025-02-23 18:02:23,615 - DEBUG - Circuit optimization successful
2025-02-23 18:02:23,615 - DEBUG - Circuit optimization successful, final value: -32446.42932067932
2025-02-23 18:02:23,616 - DEBUG - Sampling from optimized circuit...
2025-02-23 18:02:23,636 - DEBUG - Generated 182 unique samples from 200 total measurements
2025-02-23 18:02:23,637 - DEBUG - 
Top 5 most frequent samples:
2025-02-23 18:02:23,637 - DEBUG -   Rank | Count |   %   
2025-02-23 18:02:23,637 - DEBUG -   -----|-------|-------
2025-02-23 18:02:23,637 - DEBUG -      1 |     3 |   1.5
2025-02-23 18:02:23,637 - DEBUG -     Sample: [1 0 1 0 1 1 0 0 0 0 0 1]
2025-02-23 18:02:23,638 - DEBUG -      2 |     2 |   1.0
2025-02-23 18:02:23,638 - DEBUG -     Sample: [1 0 1 0 1 1 0 1 0 1 0 0]
2025-02-23 18:02:23,638 - DEBUG -      3 |     2 |   1.0
2025-02-23 18:02:23,638 - DEBUG -     Sample: [1 1 1 1 0 1 0 0 0 0 0 0]
2025-02-23 18:02:23,638 - DEBUG -      4 |     2 |   1.0
2025-02-23 18:02:23,638 - DEBUG -     Sample: [0 0 0 1 0 1 1 1 0 0 0 0]
2025-02-23 18:02:23,638 - DEBUG -      5 |     2 |   1.0
2025-02-23 18:02:23,639 - DEBUG -     Sample: [0 1 1 0 0 1 1 0 0 1 0 1]
2025-02-23 18:02:23,639 - DEBUG - Generated 182 unique samples from 200 total measurements
2025-02-23 18:02:23,643 - INFO -   No feasible solution found in this iteration
2025-02-23 18:02:23,643 - INFO -   No new constraints added, lowered tau multiplier: 1.0 -> 0.9
2025-02-23 18:02:23,644 - INFO -   No new constraints added, lowered tau multiplier: 0.9 -> 0.8
2025-02-23 18:02:23,644 - INFO -   No new constraints added, lowered tau multiplier: 0.8 -> 0.7
2025-02-23 18:02:23,644 - INFO -   No new constraints added, lowered tau multiplier: 0.7 -> 0.6
2025-02-23 18:02:23,644 - INFO -   Added 1 new constraints: [17]
2025-02-23 18:02:23,644 - INFO - 
Iteration 16:
2025-02-23 18:02:23,645 - DEBUG - Generated Ising Hamiltonian
2025-02-23 18:02:23,921 - DEBUG - Optimizing QAOA circuit...
2025-02-23 18:02:26,225 - DEBUG - Circuit optimization successful
2025-02-23 18:02:26,226 - DEBUG - Circuit optimization successful, final value: -822.7342657342633
2025-02-23 18:02:26,226 - DEBUG - Sampling from optimized circuit...
2025-02-23 18:02:26,245 - DEBUG - Generated 182 unique samples from 200 total measurements
2025-02-23 18:02:26,245 - DEBUG - 
Top 5 most frequent samples:
2025-02-23 18:02:26,245 - DEBUG -   Rank | Count |   %   
2025-02-23 18:02:26,245 - DEBUG -   -----|-------|-------
2025-02-23 18:02:26,245 - DEBUG -      1 |     3 |   1.5
2025-02-23 18:02:26,246 - DEBUG -     Sample: [1 0 0 1 0 0 1 0 1 0 0 1]
2025-02-23 18:02:26,246 - DEBUG -      2 |     2 |   1.0
2025-02-23 18:02:26,246 - DEBUG -     Sample: [0 0 0 1 0 0 1 0 1 1 0 0]
2025-02-23 18:02:26,246 - DEBUG -      3 |     2 |   1.0
2025-02-23 18:02:26,246 - DEBUG -     Sample: [0 1 0 1 1 1 0 1 1 1 0 1]
2025-02-23 18:02:26,246 - DEBUG -      4 |     2 |   1.0
2025-02-23 18:02:26,247 - DEBUG -     Sample: [1 0 0 1 0 0 1 1 0 0 0 1]
2025-02-23 18:02:26,247 - DEBUG -      5 |     2 |   1.0
2025-02-23 18:02:26,247 - DEBUG -     Sample: [1 0 0 1 0 0 1 1 1 0 0 0]
2025-02-23 18:02:26,248 - DEBUG - Generated 182 unique samples from 200 total measurements
2025-02-23 18:02:26,251 - INFO -   No feasible solution found in this iteration
2025-02-23 18:02:26,251 - INFO -   All constraints added, exiting
2025-02-23 18:02:26,252 - INFO -   Constraint generation found no feasible solution
2025-02-23 18:02:26,252 - INFO - 
Instance 46 results:
2025-02-23 18:02:26,252 - INFO -   Classical value: 153.0
2025-02-23 18:02:26,252 - INFO -   QAOA value: 153.0
2025-02-23 18:02:26,252 - INFO -   Constraint generation value: 0.0
2025-02-23 18:02:26,252 - INFO - 
Running instance 47/100
2025-02-23 18:02:26,255 - INFO - 
Running Classical Reference Solver (SCIP):
2025-02-23 18:02:26,256 - DEBUG - Problem dimensions: 40 constraints, 12 variables
2025-02-23 18:02:26,256 - DEBUG - Row names: ['ELEM1', 'ELEM2', 'ELEM3', 'ELEM4', 'ELEM5', 'ELEM6', 'ELEM7', 'ELEM8', 'ELEM9', 'ELEM10', 'ELEM11', 'ELEM12', 'ELEM13', 'ELEM14', 'ELEM15', 'ELEM16', 'ELEM17', 'ELEM18', 'ELEM19', 'ELEM20', 'ELEM21', 'ELEM22', 'ELEM23', 'ELEM24', 'ELEM25', 'ELEM26', 'ELEM27', 'ELEM28', 'ELEM29', 'ELEM30', 'ELEM31', 'ELEM32', 'ELEM33', 'ELEM34', 'ELEM35', 'ELEM36', 'ELEM37', 'ELEM38', 'ELEM39', 'ELEM40']
2025-02-23 18:02:26,256 - DEBUG - RHS values: {'ELEM1': 1.0, 'ELEM2': 1.0, 'ELEM3': 1.0, 'ELEM4': 1.0, 'ELEM5': 1.0, 'ELEM6': 1.0, 'ELEM7': 1.0, 'ELEM8': 1.0, 'ELEM9': 1.0, 'ELEM10': 1.0, 'ELEM11': 1.0, 'ELEM12': 1.0, 'ELEM13': 1.0, 'ELEM14': 1.0, 'ELEM15': 1.0, 'ELEM16': 1.0, 'ELEM17': 1.0, 'ELEM18': 1.0, 'ELEM19': 1.0, 'ELEM20': 1.0, 'ELEM21': 1.0, 'ELEM22': 1.0, 'ELEM23': 1.0, 'ELEM24': 1.0, 'ELEM25': 1.0, 'ELEM26': 1.0, 'ELEM27': 1.0, 'ELEM28': 1.0, 'ELEM29': 1.0, 'ELEM30': 1.0, 'ELEM31': 1.0, 'ELEM32': 1.0, 'ELEM33': 1.0, 'ELEM34': 1.0, 'ELEM35': 1.0, 'ELEM36': 1.0, 'ELEM37': 1.0, 'ELEM38': 1.0, 'ELEM39': 1.0, 'ELEM40': 1.0}
2025-02-23 18:02:26,267 - INFO -   Reference solution found:
2025-02-23 18:02:26,267 - INFO -     Solution: [1, 1, 1, 1, 0, 0, 0, 0, 1, 0, 0, 0]
2025-02-23 18:02:26,267 - INFO -     Value: 223.0
2025-02-23 18:02:26,268 - INFO - 
Running QAOA Reference Solution (with all constraints):
