
Problem information:
  Number of variables (n): 12
  Number of constraints (m): 40

Starting reference QAOA with parameters:
  sample_size (total shots): 200
Added all constraints
No feasible solution found
  QAOA solver found no feasible solution

Running Constraint Generation:

Problem information:
  Number of variables (n): 12
  Number of constraints (m): 40

Running classical reference solver:
  Reference solution found:
    Solution: [0, 0, 1, 1, 1, 0, 0, 0, 0, 0, 1, 0]
    Value: 161.0

Starting quantum constraint generation with parameters:
  sample_size (total shots): 200
  tau: 0.1
  max_iters: 1000

Iteration 0:
  No feasible solution found in this iteration
  Added 1 new constraints: [13]

Iteration 1:
  No feasible solution found in this iteration
  Added 1 new constraints: [15]

Iteration 2:
  No feasible solution found in this iteration
  Added 1 new constraints: [5]

Iteration 3:
  No feasible solution found in this iteration
  No new constraints added, lowered tau multiplier: 1.0 -> 0.9
  Added 4 new constraints: [0, 9, 17, 34]

Iteration 4:
  No feasible solution found in this iteration
  Added 1 new constraints: [3]

Iteration 5:
  No feasible solution found in this iteration
  Added 1 new constraints: [30]

Iteration 6:
  No feasible solution found in this iteration
  Added 1 new constraints: [39]

Iteration 7:
  No feasible solution found in this iteration
  No new constraints added, lowered tau multiplier: 1.0 -> 0.9
  Added 2 new constraints: [23, 27]

Iteration 8:
  No feasible solution found in this iteration
  Added 1 new constraints: [11]

Iteration 9:
Found feasible solution: [1 1 0 0 0 1 1 0 1 1 0 0] with objective value 241.0
  Found feasible solution:
    Solution: [1, 1, 0, 0, 0, 1, 1, 0, 1, 1, 0, 0]
    Value: 241.0
    Gap to reference: 49.69%
  Constraint generation solution found:
    Solution: [1, 1, 0, 0, 0, 1, 1, 0, 1, 1, 0, 0]
    Value: 241.0

Instance 86 results:
  Classical value: 161.0
  QAOA value: 0.0
  Constraint generation value: 241.0

Running instance 87/100

Running Classical Reference Solver (SCIP):
  Reference solution found:
    Solution: [1, 0, 0, 0, 1, 1, 0, 0, 1, 0, 0, 0]
    Value: 232.0

Running QAOA Reference Solution (with all constraints):
