2025-02-24 15:30:19,560 - INFO - 
Problem information:
2025-02-24 15:30:19,561 - INFO -   Number of variables (n): 12
2025-02-24 15:30:19,562 - INFO -   Number of constraints (m): 40
2025-02-24 15:30:19,562 - DEBUG -   Density of A: 18.75%
2025-02-24 15:30:19,562 - INFO - 
Starting reference QAOA with parameters:
2025-02-24 15:30:19,562 - INFO -   sample_size (total shots): 1000
2025-02-24 15:30:19,563 - INFO - Added all constraints
2025-02-24 15:30:19,563 - DEBUG - Generated Ising Hamiltonian
2025-02-24 15:30:19,808 - DEBUG - Optimizing QAOA circuit...
2025-02-24 15:30:24,934 - DEBUG - Circuit optimization successful
2025-02-24 15:30:24,934 - DEBUG - Circuit optimization successful, final value: -67147.64535464536
2025-02-24 15:30:24,934 - DEBUG - Sampling from optimized circuit...
2025-02-24 15:30:24,988 - DEBUG - Generated 585 unique samples from 1000 total measurements
2025-02-24 15:30:24,989 - DEBUG - 
Top 5 most frequent samples:
2025-02-24 15:30:24,989 - DEBUG -   Rank | Count |   %   
2025-02-24 15:30:24,989 - DEBUG -   -----|-------|-------
2025-02-24 15:30:24,989 - DEBUG -      1 |    12 |   1.2
2025-02-24 15:30:24,992 - DEBUG -     Sample: [1 0 0 0 1 1 0 0 0 0 0 0]
2025-02-24 15:30:24,992 - DEBUG -      2 |    11 |   1.1
2025-02-24 15:30:24,993 - DEBUG -     Sample: [0 0 0 1 1 1 0 1 0 1 0 1]
2025-02-24 15:30:24,993 - DEBUG -      3 |    10 |   1.0
2025-02-24 15:30:24,994 - DEBUG -     Sample: [1 0 0 0 1 1 0 1 0 0 0 0]
2025-02-24 15:30:24,994 - DEBUG -      4 |     9 |   0.9
2025-02-24 15:30:24,995 - DEBUG -     Sample: [0 0 0 1 1 0 0 1 0 0 0 0]
2025-02-24 15:30:24,995 - DEBUG -      5 |     9 |   0.9
2025-02-24 15:30:24,995 - DEBUG -     Sample: [0 0 0 1 1 0 0 0 0 0 0 0]
2025-02-24 15:30:24,997 - DEBUG - Generated 585 unique samples from 1000 total measurements
2025-02-24 15:30:25,006 - INFO - Found feasible solution: [0 1 1 0 1 1 0 0 0 0 1 0] with objective value 235.0
2025-02-24 15:30:25,011 - INFO - Found feasible solution:
2025-02-24 15:30:25,012 - INFO -   Solution: [0, 1, 1, 0, 1, 1, 0, 0, 0, 0, 1, 0]
2025-02-24 15:30:25,013 - INFO -   Value: 235.0
2025-02-24 15:30:25,013 - INFO -   QAOA solution found:
2025-02-24 15:30:25,014 - INFO -     Solution: [0, 1, 1, 0, 1, 1, 0, 0, 0, 0, 1, 0]
2025-02-24 15:30:25,014 - INFO -     Value: 235.0
2025-02-24 15:30:25,014 - INFO - 
Running Constraint Generation:
2025-02-24 15:30:25,016 - INFO - 
Problem information:
2025-02-24 15:30:25,016 - INFO -   Number of variables (n): 12
2025-02-24 15:30:25,016 - INFO -   Number of constraints (m): 40
2025-02-24 15:30:25,016 - DEBUG -   Density of A: 18.75%
2025-02-24 15:30:25,016 - INFO - 
Running classical reference solver:
2025-02-24 15:30:25,029 - INFO -   Reference solution found:
2025-02-24 15:30:25,029 - INFO -     Solution: [0, 1, 1, 0, 1, 1, 0, 0, 0, 0, 1, 0]
2025-02-24 15:30:25,029 - INFO -     Value: 235.0
2025-02-24 15:30:25,030 - INFO - 
Starting quantum constraint generation with parameters:
2025-02-24 15:30:25,030 - INFO -   sample_size (total shots): 1000
2025-02-24 15:30:25,030 - INFO -   tau: 0.1
2025-02-24 15:30:25,030 - INFO -   max_iters: 1000
2025-02-24 15:30:25,030 - INFO - 
Iteration 0:
2025-02-24 15:30:25,030 - DEBUG - Generated Ising Hamiltonian
2025-02-24 15:30:25,318 - DEBUG - Optimizing QAOA circuit...
2025-02-24 15:30:27,734 - DEBUG - Circuit optimization successful
2025-02-24 15:30:27,734 - DEBUG - Circuit optimization successful, final value: -331.08291708291705
2025-02-24 15:30:27,734 - DEBUG - Sampling from optimized circuit...
2025-02-24 15:30:27,755 - DEBUG - Generated 310 unique samples from 1000 total measurements
2025-02-24 15:30:27,756 - DEBUG - 
Top 5 most frequent samples:
2025-02-24 15:30:27,756 - DEBUG -   Rank | Count |   %   
2025-02-24 15:30:27,756 - DEBUG -   -----|-------|-------
2025-02-24 15:30:27,756 - DEBUG -      1 |    44 |   4.4
2025-02-24 15:30:27,756 - DEBUG -     Sample: [1 1 1 1 1 1 1 1 1 1 0 1]
2025-02-24 15:30:27,757 - DEBUG -      2 |    44 |   4.4
2025-02-24 15:30:27,757 - DEBUG -     Sample: [1 0 1 1 1 1 1 1 1 1 0 1]
2025-02-24 15:30:27,757 - DEBUG -      3 |    34 |   3.4
2025-02-24 15:30:27,757 - DEBUG -     Sample: [1 0 1 1 1 1 1 1 1 1 0 0]
2025-02-24 15:30:27,758 - DEBUG -      4 |    30 |   3.0
2025-02-24 15:30:27,758 - DEBUG -     Sample: [1 1 1 1 1 1 1 1 1 1 0 0]
2025-02-24 15:30:27,758 - DEBUG -      5 |    26 |   2.6
2025-02-24 15:30:27,758 - DEBUG -     Sample: [1 0 1 1 1 1 1 1 1 0 0 1]
2025-02-24 15:30:27,759 - DEBUG - Generated 310 unique samples from 1000 total measurements
2025-02-24 15:30:27,766 - INFO -   No feasible solution found in this iteration
2025-02-24 15:30:27,766 - INFO -   Added 1 new constraints: [12]
2025-02-24 15:30:27,766 - INFO - 
Iteration 1:
2025-02-24 15:30:27,767 - DEBUG - Generated Ising Hamiltonian
2025-02-24 15:30:27,983 - DEBUG - Optimizing QAOA circuit...
2025-02-24 15:30:30,376 - DEBUG - Circuit optimization successful
2025-02-24 15:30:30,376 - DEBUG - Circuit optimization successful, final value: -4622.79070929071
2025-02-24 15:30:30,376 - DEBUG - Sampling from optimized circuit...
2025-02-24 15:30:30,413 - DEBUG - Generated 594 unique samples from 1000 total measurements
2025-02-24 15:30:30,414 - DEBUG - 
Top 5 most frequent samples:
2025-02-24 15:30:30,414 - DEBUG -   Rank | Count |   %   
2025-02-24 15:30:30,414 - DEBUG -   -----|-------|-------
2025-02-24 15:30:30,414 - DEBUG -      1 |    11 |   1.1
2025-02-24 15:30:30,415 - DEBUG -     Sample: [0 1 0 0 1 0 1 1 1 0 1 1]
2025-02-24 15:30:30,415 - DEBUG -      2 |    10 |   1.0
2025-02-24 15:30:30,415 - DEBUG -     Sample: [0 1 0 0 1 0 1 1 0 0 1 0]
2025-02-24 15:30:30,415 - DEBUG -      3 |     9 |   0.9
2025-02-24 15:30:30,415 - DEBUG -     Sample: [0 1 0 0 1 1 1 1 1 0 1 1]
2025-02-24 15:30:30,415 - DEBUG -      4 |     9 |   0.9
2025-02-24 15:30:30,416 - DEBUG -     Sample: [1 1 0 0 1 1 1 1 0 0 1 1]
2025-02-24 15:30:30,416 - DEBUG -      5 |     8 |   0.8
2025-02-24 15:30:30,416 - DEBUG -     Sample: [1 1 0 0 1 0 1 1 0 0 1 0]
2025-02-24 15:30:30,418 - DEBUG - Generated 594 unique samples from 1000 total measurements
2025-02-24 15:30:30,432 - INFO -   No feasible solution found in this iteration
2025-02-24 15:30:30,433 - INFO -   Added 1 new constraints: [37]
2025-02-24 15:30:30,433 - INFO - 
Iteration 2:
2025-02-24 15:30:30,434 - DEBUG - Generated Ising Hamiltonian
2025-02-24 15:30:30,680 - DEBUG - Optimizing QAOA circuit...
2025-02-24 15:30:33,294 - DEBUG - Circuit optimization successful
2025-02-24 15:30:33,294 - DEBUG - Circuit optimization successful, final value: -6998.006993006992
2025-02-24 15:30:33,294 - DEBUG - Sampling from optimized circuit...
2025-02-24 15:30:33,323 - DEBUG - Generated 661 unique samples from 1000 total measurements
2025-02-24 15:30:33,323 - DEBUG - 
Top 5 most frequent samples:
2025-02-24 15:30:33,323 - DEBUG -   Rank | Count |   %   
2025-02-24 15:30:33,324 - DEBUG -   -----|-------|-------
2025-02-24 15:30:33,324 - DEBUG -      1 |     8 |   0.8
2025-02-24 15:30:33,324 - DEBUG -     Sample: [0 0 0 0 0 1 0 1 1 1 0 0]
2025-02-24 15:30:33,324 - DEBUG -      2 |     7 |   0.7
2025-02-24 15:30:33,325 - DEBUG -     Sample: [0 0 0 1 1 1 0 1 1 0 0 0]
2025-02-24 15:30:33,325 - DEBUG -      3 |     6 |   0.6
2025-02-24 15:30:33,325 - DEBUG -     Sample: [0 0 0 1 0 1 0 1 1 0 0 1]
2025-02-24 15:30:33,325 - DEBUG -      4 |     6 |   0.6
2025-02-24 15:30:33,326 - DEBUG -     Sample: [0 1 0 0 0 1 0 0 1 1 0 0]
2025-02-24 15:30:33,326 - DEBUG -      5 |     6 |   0.6
2025-02-24 15:30:33,326 - DEBUG -     Sample: [0 1 0 0 0 1 0 1 1 0 0 0]
2025-02-24 15:30:33,328 - DEBUG - Generated 661 unique samples from 1000 total measurements
2025-02-24 15:30:33,339 - INFO - Found feasible solution: [0 0 0 1 0 0 1 0 1 1 0 1] with objective value 276.0
2025-02-24 15:30:33,340 - INFO -   Found feasible solution:
2025-02-24 15:30:33,341 - INFO -     Solution: [0, 0, 0, 1, 0, 0, 1, 0, 1, 1, 0, 1]
2025-02-24 15:30:33,341 - INFO -     Value: 276.0
2025-02-24 15:30:33,341 - INFO -     Gap to reference: 17.45%
2025-02-24 15:30:33,341 - INFO -   Constraint generation solution found:
2025-02-24 15:30:33,342 - INFO -     Solution: [0, 0, 0, 1, 0, 0, 1, 0, 1, 1, 0, 1]
2025-02-24 15:30:33,342 - INFO -     Value: 276.0
2025-02-24 15:30:33,342 - INFO - 
Instance 25 results:
2025-02-24 15:30:33,342 - INFO -   Classical value: 235.0
2025-02-24 15:30:33,343 - INFO -   QAOA value: 235.0
2025-02-24 15:30:33,343 - INFO -   Constraint generation value: 276.0
2025-02-24 15:30:33,344 - INFO - 
Running instance 26/100
2025-02-24 15:30:33,346 - INFO - 
Running Classical Reference Solver (SCIP):
2025-02-24 15:30:33,347 - DEBUG - Problem dimensions: 40 constraints, 12 variables
2025-02-24 15:30:33,347 - DEBUG - Row names: ['ELEM1', 'ELEM2', 'ELEM3', 'ELEM4', 'ELEM5', 'ELEM6', 'ELEM7', 'ELEM8', 'ELEM9', 'ELEM10', 'ELEM11', 'ELEM12', 'ELEM13', 'ELEM14', 'ELEM15', 'ELEM16', 'ELEM17', 'ELEM18', 'ELEM19', 'ELEM20', 'ELEM21', 'ELEM22', 'ELEM23', 'ELEM24', 'ELEM25', 'ELEM26', 'ELEM27', 'ELEM28', 'ELEM29', 'ELEM30', 'ELEM31', 'ELEM32', 'ELEM33', 'ELEM34', 'ELEM35', 'ELEM36', 'ELEM37', 'ELEM38', 'ELEM39', 'ELEM40']
2025-02-24 15:30:33,348 - DEBUG - RHS values: {'ELEM1': 1.0, 'ELEM2': 1.0, 'ELEM3': 1.0, 'ELEM4': 1.0, 'ELEM5': 1.0, 'ELEM6': 1.0, 'ELEM7': 1.0, 'ELEM8': 1.0, 'ELEM9': 1.0, 'ELEM10': 1.0, 'ELEM11': 1.0, 'ELEM12': 1.0, 'ELEM13': 1.0, 'ELEM14': 1.0, 'ELEM15': 1.0, 'ELEM16': 1.0, 'ELEM17': 1.0, 'ELEM18': 1.0, 'ELEM19': 1.0, 'ELEM20': 1.0, 'ELEM21': 1.0, 'ELEM22': 1.0, 'ELEM23': 1.0, 'ELEM24': 1.0, 'ELEM25': 1.0, 'ELEM26': 1.0, 'ELEM27': 1.0, 'ELEM28': 1.0, 'ELEM29': 1.0, 'ELEM30': 1.0, 'ELEM31': 1.0, 'ELEM32': 1.0, 'ELEM33': 1.0, 'ELEM34': 1.0, 'ELEM35': 1.0, 'ELEM36': 1.0, 'ELEM37': 1.0, 'ELEM38': 1.0, 'ELEM39': 1.0, 'ELEM40': 1.0}
2025-02-24 15:30:33,361 - INFO -   Reference solution found:
2025-02-24 15:30:33,361 - INFO -     Solution: [1, 0, 0, 1, 0, 1, 0, 0, 0, 0, 0, 1]
2025-02-24 15:30:33,361 - INFO -     Value: 124.0
2025-02-24 15:30:33,361 - INFO - 
Running QAOA Reference Solution (with all constraints):
