
Problem information:
  Number of variables (n): 15
  Number of constraints (m): 50

Starting reference QAOA with parameters:
  sample_size (total shots): 2000
Added all constraints
No feasible solution found
  QAOA solver found no feasible solution

Running Classical Reference Solver (SCIP):
  Reference solution found:
    Solution: [1, 1, 0, 0, 1, 0, 0, 0, 0, 0, 1, 1, 1, 1, 0]
    Value: 154.0

Running Constraint Generation:

Problem information:
  Number of variables (n): 15
  Number of constraints (m): 50

Running classical reference solver:
  Reference solution found:
    Solution: [1, 1, 0, 0, 1, 0, 0, 0, 0, 0, 1, 1, 1, 1, 0]
    Value: 154.0

Starting quantum constraint generation with parameters:
  sample_size (total shots): 2000
  tau: 0.0
  max_iters: 1000

Iteration 0:
Circuit optimization did not converge
Circuit optimization did not converge
  No feasible solution found in this iteration
  Added 14 new constraints: [0, 13, 14, 16, 17, 21, 23, 28, 30, 33, 35, 39, 41, 48]

Iteration 1:
Circuit optimization did not converge
Circuit optimization did not converge
  No feasible solution found in this iteration
  No new constraints added, lowered tau multiplier: 1.0 -> 0.9
  No new constraints added, lowered tau multiplier: 0.9 -> 0.8
  No new constraints added, lowered tau multiplier: 0.8 -> 0.7
  No new constraints added, lowered tau multiplier: 0.7 -> 0.6
  No new constraints added, lowered tau multiplier: 0.6 -> 0.5
  Added 23 new constraints: [1, 2, 5, 7, 10, 11, 12, 15, 19, 20, 24, 25, 26, 31, 34, 36, 40, 42, 43, 44, 46, 47, 49]

Iteration 2:
Circuit optimization did not converge
Circuit optimization did not converge
  No feasible solution found in this iteration
  No new constraints added, lowered tau multiplier: 1.0 -> 0.9
  No new constraints added, lowered tau multiplier: 0.9 -> 0.8
  No new constraints added, lowered tau multiplier: 0.8 -> 0.7
  No new constraints added, lowered tau multiplier: 0.7 -> 0.6
  Added 9 new constraints: [3, 4, 8, 18, 22, 27, 29, 37, 45]

Iteration 3:
Circuit optimization did not converge
Circuit optimization did not converge
  No feasible solution found in this iteration
  No new constraints added, lowered tau multiplier: 1.0 -> 0.9
  No new constraints added, lowered tau multiplier: 0.9 -> 0.8
  No new constraints added, lowered tau multiplier: 0.8 -> 0.7
  No new constraints added, lowered tau multiplier: 0.7 -> 0.6
  No new constraints added, lowered tau multiplier: 0.6 -> 0.5
  Added 2 new constraints: [9, 32]

Iteration 4:
Circuit optimization did not converge
Circuit optimization did not converge
  No feasible solution found in this iteration
  No new constraints added, lowered tau multiplier: 1.0 -> 0.9
  No new constraints added, lowered tau multiplier: 0.9 -> 0.8
  No new constraints added, lowered tau multiplier: 0.8 -> 0.7
  No new constraints added, lowered tau multiplier: 0.7 -> 0.6
  No new constraints added, lowered tau multiplier: 0.6 -> 0.5
  Added 1 new constraints: [6]

Iteration 5:
Circuit optimization did not converge
Circuit optimization did not converge
  No feasible solution found in this iteration
  No new constraints added, lowered tau multiplier: 1.0 -> 0.9
  No new constraints added, lowered tau multiplier: 0.9 -> 0.8
  No new constraints added, lowered tau multiplier: 0.8 -> 0.7
  No new constraints added, lowered tau multiplier: 0.7 -> 0.6
  No new constraints added, lowered tau multiplier: 0.6 -> 0.5
  Added 1 new constraints: [38]

Iteration 6:
Circuit optimization did not converge
Circuit optimization did not converge
  No feasible solution found in this iteration
  All constraints added, exiting
  Constraint generation found no feasible solution
