2025-02-24 16:49:31,356 - INFO - 
Problem information:
2025-02-24 16:49:31,357 - INFO -   Number of variables (n): 8
2025-02-24 16:49:31,357 - INFO -   Number of constraints (m): 25
2025-02-24 16:49:31,358 - DEBUG -   Density of A: 26.00%
2025-02-24 16:49:31,358 - INFO - 
Starting reference QAOA with parameters:
2025-02-24 16:49:31,359 - INFO -   sample_size (total shots): 500
2025-02-24 16:49:31,359 - INFO - Added all constraints
2025-02-24 16:49:31,360 - DEBUG - Generated Ising Hamiltonian
2025-02-24 16:49:31,615 - DEBUG - Optimizing QAOA circuit...
2025-02-24 16:49:33,651 - DEBUG - Circuit optimization successful
2025-02-24 16:49:33,651 - DEBUG - Circuit optimization successful, final value: -727.4815184815152
2025-02-24 16:49:33,652 - DEBUG - Sampling from optimized circuit...
2025-02-24 16:49:33,678 - DEBUG - Generated 86 unique samples from 500 total measurements
2025-02-24 16:49:33,678 - DEBUG - 
Top 5 most frequent samples:
2025-02-24 16:49:33,678 - DEBUG -   Rank | Count |   %   
2025-02-24 16:49:33,679 - DEBUG -   -----|-------|-------
2025-02-24 16:49:33,679 - DEBUG -      1 |    51 |  10.2
2025-02-24 16:49:33,679 - DEBUG -     Sample: [1 0 0 1 1 1 0 0]
2025-02-24 16:49:33,679 - DEBUG -      2 |    48 |   9.6
2025-02-24 16:49:33,680 - DEBUG -     Sample: [1 0 1 1 0 1 0 0]
2025-02-24 16:49:33,680 - DEBUG -      3 |    47 |   9.4
2025-02-24 16:49:33,681 - DEBUG -     Sample: [1 0 0 1 0 1 0 0]
2025-02-24 16:49:33,681 - DEBUG -      4 |    29 |   5.8
2025-02-24 16:49:33,681 - DEBUG -     Sample: [1 0 0 1 1 1 0 1]
2025-02-24 16:49:33,681 - DEBUG -      5 |    23 |   4.6
2025-02-24 16:49:33,682 - DEBUG -     Sample: [1 0 0 1 0 1 0 1]
2025-02-24 16:49:33,682 - DEBUG - Generated 86 unique samples from 500 total measurements
2025-02-24 16:49:33,684 - INFO - No feasible solution found
2025-02-24 16:49:33,685 - INFO -   QAOA solver found no feasible solution
2025-02-24 16:49:33,685 - INFO - 
Running Constraint Generation:
2025-02-24 16:49:33,686 - INFO - 
Problem information:
2025-02-24 16:49:33,687 - INFO -   Number of variables (n): 8
2025-02-24 16:49:33,687 - INFO -   Number of constraints (m): 25
2025-02-24 16:49:33,687 - DEBUG -   Density of A: 26.00%
2025-02-24 16:49:33,687 - INFO - 
Running classical reference solver:
2025-02-24 16:49:33,699 - INFO -   Reference solution found:
2025-02-24 16:49:33,700 - INFO -     Solution: [0, 0, 0, 1, 1, 0, 1, 1]
2025-02-24 16:49:33,700 - INFO -     Value: 105.99999999999999
2025-02-24 16:49:33,700 - INFO - 
Starting quantum constraint generation with parameters:
2025-02-24 16:49:33,701 - INFO -   sample_size (total shots): 500
2025-02-24 16:49:33,701 - INFO -   tau: 0.1
2025-02-24 16:49:33,701 - INFO -   max_iters: 1000
2025-02-24 16:49:33,702 - INFO - 
Iteration 0:
2025-02-24 16:49:33,702 - DEBUG - Generated Ising Hamiltonian
2025-02-24 16:49:33,944 - DEBUG - Optimizing QAOA circuit...
2025-02-24 16:49:35,517 - DEBUG - Circuit optimization successful
2025-02-24 16:49:35,517 - DEBUG - Circuit optimization successful, final value: -179.86813186813188
2025-02-24 16:49:35,518 - DEBUG - Sampling from optimized circuit...
2025-02-24 16:49:35,529 - DEBUG - Generated 74 unique samples from 500 total measurements
2025-02-24 16:49:35,529 - DEBUG - 
Top 5 most frequent samples:
2025-02-24 16:49:35,530 - DEBUG -   Rank | Count |   %   
2025-02-24 16:49:35,530 - DEBUG -   -----|-------|-------
2025-02-24 16:49:35,530 - DEBUG -      1 |    62 |  12.4
2025-02-24 16:49:35,530 - DEBUG -     Sample: [1 1 1 1 1 1 1 0]
2025-02-24 16:49:35,531 - DEBUG -      2 |    35 |   7.0
2025-02-24 16:49:35,531 - DEBUG -     Sample: [1 0 0 1 1 1 1 0]
2025-02-24 16:49:35,531 - DEBUG -      3 |    33 |   6.6
2025-02-24 16:49:35,531 - DEBUG -     Sample: [1 0 1 1 1 1 1 0]
2025-02-24 16:49:35,531 - DEBUG -      4 |    31 |   6.2
2025-02-24 16:49:35,531 - DEBUG -     Sample: [1 1 0 1 1 1 1 0]
2025-02-24 16:49:35,532 - DEBUG -      5 |    26 |   5.2
2025-02-24 16:49:35,532 - DEBUG -     Sample: [1 0 1 0 1 1 1 0]
2025-02-24 16:49:35,532 - DEBUG - Generated 74 unique samples from 500 total measurements
2025-02-24 16:49:35,533 - INFO -   No feasible solution found in this iteration
2025-02-24 16:49:35,534 - INFO -   Added 1 new constraints: [24]
2025-02-24 16:49:35,534 - INFO - 
Iteration 1:
2025-02-24 16:49:35,534 - DEBUG - Generated Ising Hamiltonian
2025-02-24 16:49:35,745 - DEBUG - Optimizing QAOA circuit...
2025-02-24 16:49:37,294 - DEBUG - Circuit optimization successful
2025-02-24 16:49:37,295 - DEBUG - Circuit optimization successful, final value: -2194.3961038961043
2025-02-24 16:49:37,295 - DEBUG - Sampling from optimized circuit...
2025-02-24 16:49:37,310 - DEBUG - Generated 104 unique samples from 500 total measurements
2025-02-24 16:49:37,310 - DEBUG - 
Top 5 most frequent samples:
2025-02-24 16:49:37,310 - DEBUG -   Rank | Count |   %   
2025-02-24 16:49:37,311 - DEBUG -   -----|-------|-------
2025-02-24 16:49:37,311 - DEBUG -      1 |    30 |   6.0
2025-02-24 16:49:37,311 - DEBUG -     Sample: [0 1 0 0 1 0 0 0]
2025-02-24 16:49:37,311 - DEBUG -      2 |    28 |   5.6
2025-02-24 16:49:37,311 - DEBUG -     Sample: [0 1 0 0 1 0 1 0]
2025-02-24 16:49:37,311 - DEBUG -      3 |    23 |   4.6
2025-02-24 16:49:37,312 - DEBUG -     Sample: [0 1 0 0 1 1 1 0]
2025-02-24 16:49:37,312 - DEBUG -      4 |    21 |   4.2
2025-02-24 16:49:37,312 - DEBUG -     Sample: [0 1 0 0 1 1 0 0]
2025-02-24 16:49:37,312 - DEBUG -      5 |    19 |   3.8
2025-02-24 16:49:37,312 - DEBUG -     Sample: [0 1 0 0 0 1 1 0]
2025-02-24 16:49:37,313 - DEBUG - Generated 104 unique samples from 500 total measurements
2025-02-24 16:49:37,315 - INFO -   No feasible solution found in this iteration
2025-02-24 16:49:37,315 - INFO -   Added 1 new constraints: [4]
2025-02-24 16:49:37,316 - INFO - 
Iteration 2:
2025-02-24 16:49:37,316 - DEBUG - Generated Ising Hamiltonian
2025-02-24 16:49:37,528 - DEBUG - Optimizing QAOA circuit...
2025-02-24 16:49:39,165 - DEBUG - Circuit optimization successful
2025-02-24 16:49:39,165 - DEBUG - Circuit optimization successful, final value: -3177.4235764235764
2025-02-24 16:49:39,165 - DEBUG - Sampling from optimized circuit...
2025-02-24 16:49:39,183 - DEBUG - Generated 145 unique samples from 500 total measurements
2025-02-24 16:49:39,183 - DEBUG - 
Top 5 most frequent samples:
2025-02-24 16:49:39,183 - DEBUG -   Rank | Count |   %   
2025-02-24 16:49:39,183 - DEBUG -   -----|-------|-------
2025-02-24 16:49:39,184 - DEBUG -      1 |    27 |   5.4
2025-02-24 16:49:39,184 - DEBUG -     Sample: [1 1 0 0 0 1 1 0]
2025-02-24 16:49:39,184 - DEBUG -      2 |    26 |   5.2
2025-02-24 16:49:39,184 - DEBUG -     Sample: [1 1 0 0 1 0 1 0]
2025-02-24 16:49:39,185 - DEBUG -      3 |    17 |   3.4
2025-02-24 16:49:39,185 - DEBUG -     Sample: [1 1 0 0 1 1 1 0]
2025-02-24 16:49:39,185 - DEBUG -      4 |    14 |   2.8
2025-02-24 16:49:39,185 - DEBUG -     Sample: [1 0 0 1 1 0 1 0]
2025-02-24 16:49:39,185 - DEBUG -      5 |    14 |   2.8
2025-02-24 16:49:39,186 - DEBUG -     Sample: [1 1 0 0 0 0 1 0]
2025-02-24 16:49:39,186 - DEBUG - Generated 145 unique samples from 500 total measurements
2025-02-24 16:49:39,190 - INFO -   No feasible solution found in this iteration
2025-02-24 16:49:39,190 - INFO -   No new constraints added, lowered tau multiplier: 1.0 -> 0.9
2025-02-24 16:49:39,191 - INFO -   No new constraints added, lowered tau multiplier: 0.9 -> 0.8
2025-02-24 16:49:39,191 - INFO -   Added 14 new constraints: [1, 3, 5, 6, 8, 10, 12, 14, 15, 17, 18, 19, 20, 23]
2025-02-24 16:49:39,191 - INFO - 
Iteration 3:
2025-02-24 16:49:39,191 - DEBUG - Generated Ising Hamiltonian
2025-02-24 16:49:39,453 - DEBUG - Optimizing QAOA circuit...
2025-02-24 16:49:41,235 - DEBUG - Circuit optimization successful
2025-02-24 16:49:41,235 - DEBUG - Circuit optimization successful, final value: -10491.536463536466
2025-02-24 16:49:41,235 - DEBUG - Sampling from optimized circuit...
2025-02-24 16:49:41,252 - DEBUG - Generated 155 unique samples from 500 total measurements
2025-02-24 16:49:41,252 - DEBUG - 
Top 5 most frequent samples:
2025-02-24 16:49:41,252 - DEBUG -   Rank | Count |   %   
2025-02-24 16:49:41,252 - DEBUG -   -----|-------|-------
2025-02-24 16:49:41,253 - DEBUG -      1 |    24 |   4.8
2025-02-24 16:49:41,253 - DEBUG -     Sample: [0 0 0 1 0 0 0 0]
2025-02-24 16:49:41,253 - DEBUG -      2 |    24 |   4.8
2025-02-24 16:49:41,253 - DEBUG -     Sample: [0 0 0 1 0 0 0 1]
2025-02-24 16:49:41,254 - DEBUG -      3 |    22 |   4.4
2025-02-24 16:49:41,254 - DEBUG -     Sample: [0 0 0 0 0 0 0 0]
2025-02-24 16:49:41,254 - DEBUG -      4 |    20 |   4.0
2025-02-24 16:49:41,254 - DEBUG -     Sample: [1 0 0 1 0 0 0 0]
2025-02-24 16:49:41,254 - DEBUG -      5 |    10 |   2.0
2025-02-24 16:49:41,255 - DEBUG -     Sample: [1 0 0 0 0 0 0 0]
2025-02-24 16:49:41,255 - DEBUG - Generated 155 unique samples from 500 total measurements
2025-02-24 16:49:41,257 - INFO - Found feasible solution: [1 1 1 0 0 0 0 0] with objective value 160.0
2025-02-24 16:49:41,261 - INFO - Found feasible solution: [0 0 0 1 1 0 1 1] with objective value 106.0
2025-02-24 16:49:41,262 - INFO -   Found feasible solution:
2025-02-24 16:49:41,262 - INFO -     Solution: [0, 0, 0, 1, 1, 0, 1, 1]
2025-02-24 16:49:41,263 - INFO -     Value: 106.0
2025-02-24 16:49:41,263 - INFO -     Gap to reference: 0.00%
2025-02-24 16:49:41,264 - INFO -   Constraint generation solution found:
2025-02-24 16:49:41,264 - INFO -     Solution: [0, 0, 0, 1, 1, 0, 1, 1]
2025-02-24 16:49:41,264 - INFO -     Value: 106.0
2025-02-24 16:49:41,264 - INFO - 
Instance 40 results:
2025-02-24 16:49:41,264 - INFO -   Classical value: 105.99999999999999
2025-02-24 16:49:41,265 - INFO -   QAOA value: 0.0
2025-02-24 16:49:41,265 - INFO -   Constraint generation value: 106.0
2025-02-24 16:49:41,266 - INFO - 
Running instance 41/100
2025-02-24 16:49:41,267 - INFO - 
Running Classical Reference Solver (SCIP):
2025-02-24 16:49:41,269 - DEBUG - Problem dimensions: 25 constraints, 8 variables
2025-02-24 16:49:41,269 - DEBUG - Row names: ['ELEM1', 'ELEM2', 'ELEM3', 'ELEM4', 'ELEM5', 'ELEM6', 'ELEM7', 'ELEM8', 'ELEM9', 'ELEM10', 'ELEM11', 'ELEM12', 'ELEM13', 'ELEM14', 'ELEM15', 'ELEM16', 'ELEM17', 'ELEM18', 'ELEM19', 'ELEM20', 'ELEM21', 'ELEM22', 'ELEM23', 'ELEM24', 'ELEM25']
2025-02-24 16:49:41,269 - DEBUG - RHS values: {'ELEM1': 1.0, 'ELEM2': 1.0, 'ELEM3': 1.0, 'ELEM4': 1.0, 'ELEM5': 1.0, 'ELEM6': 1.0, 'ELEM7': 1.0, 'ELEM8': 1.0, 'ELEM9': 1.0, 'ELEM10': 1.0, 'ELEM11': 1.0, 'ELEM12': 1.0, 'ELEM13': 1.0, 'ELEM14': 1.0, 'ELEM15': 1.0, 'ELEM16': 1.0, 'ELEM17': 1.0, 'ELEM18': 1.0, 'ELEM19': 1.0, 'ELEM20': 1.0, 'ELEM21': 1.0, 'ELEM22': 1.0, 'ELEM23': 1.0, 'ELEM24': 1.0, 'ELEM25': 1.0}
2025-02-24 16:49:41,280 - INFO -   Reference solution found:
2025-02-24 16:49:41,280 - INFO -     Solution: [1, 1, 0, 1, 0, 0, 0, 1]
2025-02-24 16:49:41,280 - INFO -     Value: 187.0
2025-02-24 16:49:41,281 - INFO - 
Running QAOA Reference Solution (with all constraints):
