2025-02-24 15:06:18,266 - INFO - 
Problem information:
2025-02-24 15:06:18,267 - INFO -   Number of variables (n): 12
2025-02-24 15:06:18,267 - INFO -   Number of constraints (m): 40
2025-02-24 15:06:18,267 - DEBUG -   Density of A: 26.04%
2025-02-24 15:06:18,267 - INFO - 
Starting reference QAOA with parameters:
2025-02-24 15:06:18,267 - INFO -   sample_size (total shots): 1000
2025-02-24 15:06:18,267 - INFO - Added all constraints
2025-02-24 15:06:18,267 - DEBUG - Generated Ising Hamiltonian
2025-02-24 15:06:18,432 - DEBUG - Optimizing QAOA circuit...
2025-02-24 15:06:24,068 - DEBUG - Circuit optimization successful
2025-02-24 15:06:24,069 - DEBUG - Circuit optimization successful, final value: 7067.146603396603
2025-02-24 15:06:24,069 - DEBUG - Sampling from optimized circuit...
2025-02-24 15:06:24,123 - DEBUG - Generated 781 unique samples from 1000 total measurements
2025-02-24 15:06:24,123 - DEBUG - 
Top 5 most frequent samples:
2025-02-24 15:06:24,123 - DEBUG -   Rank | Count |   %   
2025-02-24 15:06:24,124 - DEBUG -   -----|-------|-------
2025-02-24 15:06:24,124 - DEBUG -      1 |     5 |   0.5
2025-02-24 15:06:24,124 - DEBUG -     Sample: [0 1 1 0 0 1 0 1 1 1 0 0]
2025-02-24 15:06:24,124 - DEBUG -      2 |     5 |   0.5
2025-02-24 15:06:24,124 - DEBUG -     Sample: [1 0 1 1 0 1 0 0 0 1 0 1]
2025-02-24 15:06:24,124 - DEBUG -      3 |     5 |   0.5
2025-02-24 15:06:24,125 - DEBUG -     Sample: [1 1 0 1 0 1 0 0 0 1 1 1]
2025-02-24 15:06:24,125 - DEBUG -      4 |     4 |   0.4
2025-02-24 15:06:24,125 - DEBUG -     Sample: [1 0 1 0 1 0 0 0 0 1 0 1]
2025-02-24 15:06:24,125 - DEBUG -      5 |     4 |   0.4
2025-02-24 15:06:24,125 - DEBUG -     Sample: [0 1 0 1 0 0 1 1 1 0 0 1]
2025-02-24 15:06:24,127 - DEBUG - Generated 781 unique samples from 1000 total measurements
2025-02-24 15:06:24,141 - INFO - No feasible solution found
2025-02-24 15:06:24,142 - INFO -   QAOA solver found no feasible solution
2025-02-24 15:06:24,142 - INFO - 
Running Constraint Generation:
2025-02-24 15:06:24,143 - INFO - 
Problem information:
2025-02-24 15:06:24,144 - INFO -   Number of variables (n): 12
2025-02-24 15:06:24,144 - INFO -   Number of constraints (m): 40
2025-02-24 15:06:24,144 - DEBUG -   Density of A: 26.04%
2025-02-24 15:06:24,144 - INFO - 
Running classical reference solver:
2025-02-24 15:06:24,159 - INFO -   Reference solution found:
2025-02-24 15:06:24,160 - INFO -     Solution: [1, 0, 1, 1, 0, 0, 0, 0, 1, 0, 0, 0]
2025-02-24 15:06:24,160 - INFO -     Value: 113.0
2025-02-24 15:06:24,160 - INFO - 
Starting quantum constraint generation with parameters:
2025-02-24 15:06:24,160 - INFO -   sample_size (total shots): 1000
2025-02-24 15:06:24,160 - INFO -   tau: 0.1
2025-02-24 15:06:24,160 - INFO -   max_iters: 1000
2025-02-24 15:06:24,160 - INFO - 
Iteration 0:
2025-02-24 15:06:24,161 - DEBUG - Generated Ising Hamiltonian
2025-02-24 15:06:24,162 - DEBUG - Optimizing QAOA circuit...
2025-02-24 15:06:26,641 - WARNING - Circuit optimization did not converge
2025-02-24 15:06:26,641 - WARNING - Circuit optimization did not converge
2025-02-24 15:06:26,641 - DEBUG - Sampling from optimized circuit...
2025-02-24 15:06:26,717 - DEBUG - Generated 13 unique samples from 1000 total measurements
2025-02-24 15:06:26,718 - DEBUG - 
Top 5 most frequent samples:
2025-02-24 15:06:26,718 - DEBUG -   Rank | Count |   %   
2025-02-24 15:06:26,718 - DEBUG -   -----|-------|-------
2025-02-24 15:06:26,718 - DEBUG -      1 |   567 |  56.7
2025-02-24 15:06:26,718 - DEBUG -     Sample: [0 0 0 0 0 0 0 0 1 0 1 1]
2025-02-24 15:06:26,718 - DEBUG -      2 |   243 |  24.3
2025-02-24 15:06:26,719 - DEBUG -     Sample: [0 0 0 0 0 0 0 0 1 1 1 1]
2025-02-24 15:06:26,719 - DEBUG -      3 |    62 |   6.2
2025-02-24 15:06:26,719 - DEBUG -     Sample: [0 0 0 0 0 0 0 0 0 0 1 1]
2025-02-24 15:06:26,720 - DEBUG -      4 |    39 |   3.9
2025-02-24 15:06:26,720 - DEBUG -     Sample: [0 0 0 0 0 0 0 0 1 0 0 1]
2025-02-24 15:06:26,720 - DEBUG -      5 |    29 |   2.9
2025-02-24 15:06:26,720 - DEBUG -     Sample: [0 0 0 0 0 0 0 0 0 1 1 1]
2025-02-24 15:06:26,720 - DEBUG - Generated 13 unique samples from 1000 total measurements
2025-02-24 15:06:26,720 - INFO -   No feasible solution found in this iteration
2025-02-24 15:06:26,721 - INFO -   Added 3 new constraints: [3, 16, 37]
2025-02-24 15:06:26,721 - INFO - 
Iteration 1:
2025-02-24 15:06:26,721 - DEBUG - Generated Ising Hamiltonian
2025-02-24 15:06:26,723 - DEBUG - Optimizing QAOA circuit...
2025-02-24 15:06:36,581 - WARNING - Circuit optimization did not converge
2025-02-24 15:06:36,582 - WARNING - Circuit optimization did not converge
2025-02-24 15:06:36,582 - DEBUG - Sampling from optimized circuit...
2025-02-24 15:06:36,641 - DEBUG - Generated 16 unique samples from 1000 total measurements
2025-02-24 15:06:36,641 - DEBUG - 
Top 5 most frequent samples:
2025-02-24 15:06:36,641 - DEBUG -   Rank | Count |   %   
2025-02-24 15:06:36,641 - DEBUG -   -----|-------|-------
2025-02-24 15:06:36,641 - DEBUG -      1 |   289 |  28.9
2025-02-24 15:06:36,641 - DEBUG -     Sample: [0 0 0 0 0 0 0 0 0 0 0 1]
2025-02-24 15:06:36,641 - DEBUG -      2 |   156 |  15.6
2025-02-24 15:06:36,642 - DEBUG -     Sample: [0 0 0 0 0 0 0 0 1 0 0 1]
2025-02-24 15:06:36,642 - DEBUG -      3 |   156 |  15.6
2025-02-24 15:06:36,642 - DEBUG -     Sample: [0 0 0 0 0 0 0 0 0 0 0 0]
2025-02-24 15:06:36,642 - DEBUG -      4 |   100 |  10.0
2025-02-24 15:06:36,642 - DEBUG -     Sample: [0 0 0 0 0 0 0 0 0 0 1 1]
2025-02-24 15:06:36,642 - DEBUG -      5 |    86 |   8.6
2025-02-24 15:06:36,642 - DEBUG -     Sample: [0 0 0 0 0 0 0 0 1 0 0 0]
2025-02-24 15:06:36,642 - DEBUG - Generated 16 unique samples from 1000 total measurements
2025-02-24 15:06:36,643 - INFO -   No feasible solution found in this iteration
2025-02-24 15:06:36,643 - INFO -   No new constraints added, lowered tau multiplier: 1.0 -> 0.9
2025-02-24 15:06:36,643 - INFO -   No new constraints added, lowered tau multiplier: 0.9 -> 0.8
2025-02-24 15:06:36,643 - INFO -   No new constraints added, lowered tau multiplier: 0.8 -> 0.7
2025-02-24 15:06:36,643 - INFO -   No new constraints added, lowered tau multiplier: 0.7 -> 0.6
2025-02-24 15:06:36,643 - INFO -   No new constraints added, lowered tau multiplier: 0.6 -> 0.5
2025-02-24 15:06:36,644 - INFO -   No new constraints added, lowered tau multiplier: 0.5 -> 0.4
2025-02-24 15:06:36,644 - INFO -   Added 37 new constraints: [0, 1, 2, 4, 5, 6, 7, 8, 9, 10, 11, 12, 13, 14, 15, 17, 18, 19, 20, 21, 22, 23, 24, 25, 26, 27, 28, 29, 30, 31, 32, 33, 34, 35, 36, 38, 39]
2025-02-24 15:06:36,644 - INFO - 
Iteration 2:
2025-02-24 15:06:36,644 - DEBUG - Generated Ising Hamiltonian
2025-02-24 15:06:36,647 - DEBUG - Optimizing QAOA circuit...
2025-02-24 15:06:49,127 - WARNING - Circuit optimization did not converge
2025-02-24 15:06:49,128 - WARNING - Circuit optimization did not converge
2025-02-24 15:06:49,128 - DEBUG - Sampling from optimized circuit...
2025-02-24 15:06:49,195 - DEBUG - Generated 16 unique samples from 1000 total measurements
2025-02-24 15:06:49,195 - DEBUG - 
Top 5 most frequent samples:
2025-02-24 15:06:49,195 - DEBUG -   Rank | Count |   %   
2025-02-24 15:06:49,195 - DEBUG -   -----|-------|-------
2025-02-24 15:06:49,195 - DEBUG -      1 |   241 |  24.1
2025-02-24 15:06:49,195 - DEBUG -     Sample: [0 0 0 0 0 0 0 0 1 0 0 0]
2025-02-24 15:06:49,195 - DEBUG -      2 |   140 |  14.0
2025-02-24 15:06:49,195 - DEBUG -     Sample: [0 0 0 0 0 0 0 0 1 1 0 0]
2025-02-24 15:06:49,195 - DEBUG -      3 |   126 |  12.6
2025-02-24 15:06:49,196 - DEBUG -     Sample: [0 0 0 0 0 0 0 0 0 1 0 0]
2025-02-24 15:06:49,196 - DEBUG -      4 |   111 |  11.1
2025-02-24 15:06:49,196 - DEBUG -     Sample: [0 0 0 0 0 0 0 0 1 0 0 1]
2025-02-24 15:06:49,196 - DEBUG -      5 |   111 |  11.1
2025-02-24 15:06:49,196 - DEBUG -     Sample: [0 0 0 0 0 0 0 0 0 1 1 0]
2025-02-24 15:06:49,196 - DEBUG - Generated 16 unique samples from 1000 total measurements
2025-02-24 15:06:49,196 - INFO -   No feasible solution found in this iteration
2025-02-24 15:06:49,196 - INFO -   All constraints added, exiting
2025-02-24 15:06:49,196 - INFO -   Constraint generation found no feasible solution
2025-02-24 15:06:49,197 - INFO - 
Instance 90 results:
2025-02-24 15:06:49,197 - INFO -   Classical value: 113.0
2025-02-24 15:06:49,197 - INFO -   QAOA value: 0.0
2025-02-24 15:06:49,197 - INFO -   Constraint generation value: 0.0
2025-02-24 15:06:49,197 - INFO - 
Running instance 91/100
2025-02-24 15:06:49,198 - INFO - 
Running Classical Reference Solver (SCIP):
2025-02-24 15:06:49,199 - DEBUG - Problem dimensions: 40 constraints, 12 variables
2025-02-24 15:06:49,199 - DEBUG - Row names: ['ELEM1', 'ELEM2', 'ELEM3', 'ELEM4', 'ELEM5', 'ELEM6', 'ELEM7', 'ELEM8', 'ELEM9', 'ELEM10', 'ELEM11', 'ELEM12', 'ELEM13', 'ELEM14', 'ELEM15', 'ELEM16', 'ELEM17', 'ELEM18', 'ELEM19', 'ELEM20', 'ELEM21', 'ELEM22', 'ELEM23', 'ELEM24', 'ELEM25', 'ELEM26', 'ELEM27', 'ELEM28', 'ELEM29', 'ELEM30', 'ELEM31', 'ELEM32', 'ELEM33', 'ELEM34', 'ELEM35', 'ELEM36', 'ELEM37', 'ELEM38', 'ELEM39', 'ELEM40']
2025-02-24 15:06:49,199 - DEBUG - RHS values: {'ELEM1': 1.0, 'ELEM2': 1.0, 'ELEM3': 1.0, 'ELEM4': 1.0, 'ELEM5': 1.0, 'ELEM6': 1.0, 'ELEM7': 1.0, 'ELEM8': 1.0, 'ELEM9': 1.0, 'ELEM10': 1.0, 'ELEM11': 1.0, 'ELEM12': 1.0, 'ELEM13': 1.0, 'ELEM14': 1.0, 'ELEM15': 1.0, 'ELEM16': 1.0, 'ELEM17': 1.0, 'ELEM18': 1.0, 'ELEM19': 1.0, 'ELEM20': 1.0, 'ELEM21': 1.0, 'ELEM22': 1.0, 'ELEM23': 1.0, 'ELEM24': 1.0, 'ELEM25': 1.0, 'ELEM26': 1.0, 'ELEM27': 1.0, 'ELEM28': 1.0, 'ELEM29': 1.0, 'ELEM30': 1.0, 'ELEM31': 1.0, 'ELEM32': 1.0, 'ELEM33': 1.0, 'ELEM34': 1.0, 'ELEM35': 1.0, 'ELEM36': 1.0, 'ELEM37': 1.0, 'ELEM38': 1.0, 'ELEM39': 1.0, 'ELEM40': 1.0}
2025-02-24 15:06:49,209 - INFO -   Reference solution found:
2025-02-24 15:06:49,209 - INFO -     Solution: [0, 0, 0, 1, 1, 1, 0, 0, 1, 0, 0, 0]
2025-02-24 15:06:49,209 - INFO -     Value: 218.0
2025-02-24 15:06:49,209 - INFO - 
Running QAOA Reference Solution (with all constraints):
