
Problem information:
  Number of variables (n): 10
  Number of constraints (m): 20

Starting reference QAOA with parameters:
  sample_size (total shots): 100
Added all constraints
No feasible solution found
  QAOA solver found no feasible solution

Running Constraint Generation:

Problem information:
  Number of variables (n): 10
  Number of constraints (m): 20

Running classical reference solver:
  Reference solution found:
    Solution: [1, 0, 0, 0, 0, 0, 0, 0, 0, 1]
    Value: 67.0

Starting quantum constraint generation with parameters:
  sample_size (total shots): 100
  tau: 0.1
  max_iters: 1000

Iteration 0:
  No feasible solution found in this iteration
  Added 3 new constraints: [8, 11, 13]

Iteration 1:
  No feasible solution found in this iteration
  Added 1 new constraints: [10]

Iteration 2:
  No feasible solution found in this iteration
  Added 2 new constraints: [2, 9]

Iteration 3:
Found feasible solution: [0 0 0 1 0 0 0 0 1 0] with objective value 114.0
  Found feasible solution:
    Solution: [0, 0, 0, 1, 0, 0, 0, 0, 1, 0]
    Value: 114.0
    Gap to reference: 70.15%
  Constraint generation solution found:
    Solution: [0, 0, 0, 1, 0, 0, 0, 0, 1, 0]
    Value: 114.0

Instance 50 results:
  Classical value: 67.0
  QAOA value: 0.0
  Constraint generation value: 114.0

Running instance 51/100

Running Classical Reference Solver (SCIP):
  Reference solution found:
    Solution: [0, 0, 0, 0, 0, 0, 1, 0, 1, 0]
    Value: 46.0

Running QAOA Reference Solution (with all constraints):
