
Problem information:
  Number of variables (n): 10
  Number of constraints (m): 20

Starting reference QAOA with parameters:
  sample_size (total shots): 100
Added all constraints
Found feasible solution: [0 0 1 0 0 0 1 0 0 1] with objective value 144.0
Found feasible solution:
  Solution: [0, 0, 1, 0, 0, 0, 1, 0, 0, 1]
  Value: 144.0
  QAOA solution found:
    Solution: [0, 0, 1, 0, 0, 0, 1, 0, 0, 1]
    Value: 144.0

Running Constraint Generation:

Problem information:
  Number of variables (n): 10
  Number of constraints (m): 20

Running classical reference solver:
  Reference solution found:
    Solution: [0, 1, 0, 0, 0, 0, 0, 0, 1, 0]
    Value: 88.0

Starting quantum constraint generation with parameters:
  sample_size (total shots): 100
  tau: 0.1
  max_iters: 1000

Iteration 0:
  No feasible solution found in this iteration
  Added 7 new constraints: [3, 7, 9, 13, 17, 18, 19]

Iteration 1:
Found feasible solution: [0 1 0 0 0 0 0 0 1 0] with objective value 88.0
  Found feasible solution:
    Solution: [0, 1, 0, 0, 0, 0, 0, 0, 1, 0]
    Value: 88.0
    Gap to reference: 0.00%
  Constraint generation solution found:
    Solution: [0, 1, 0, 0, 0, 0, 0, 0, 1, 0]
    Value: 88.0

Instance 5 results:
  Classical value: 88.0
  QAOA value: 144.0
  Constraint generation value: 88.0

Running instance 6/100

Running Classical Reference Solver (SCIP):
  Reference solution found:
    Solution: [1, 0, 1, 0, 0, 0, 0, 0, 0, 0]
    Value: 43.0

Running QAOA Reference Solution (with all constraints):
