2025-02-23 18:18:52,839 - INFO - 
Problem information:
2025-02-23 18:18:52,840 - INFO -   Number of variables (n): 12
2025-02-23 18:18:52,840 - INFO -   Number of constraints (m): 40
2025-02-23 18:18:52,840 - DEBUG -   Density of A: 20.00%
2025-02-23 18:18:52,840 - INFO - 
Starting reference QAOA with parameters:
2025-02-23 18:18:52,840 - INFO -   sample_size (total shots): 200
2025-02-23 18:18:52,840 - INFO - Added all constraints
2025-02-23 18:18:52,841 - DEBUG - Generated Ising Hamiltonian
2025-02-23 18:18:53,058 - DEBUG - Optimizing QAOA circuit...
2025-02-23 18:18:56,165 - DEBUG - Circuit optimization successful
2025-02-23 18:18:56,165 - DEBUG - Circuit optimization successful, final value: -2912.664335664336
2025-02-23 18:18:56,165 - DEBUG - Sampling from optimized circuit...
2025-02-23 18:18:56,188 - DEBUG - Generated 186 unique samples from 200 total measurements
2025-02-23 18:18:56,188 - DEBUG - 
Top 5 most frequent samples:
2025-02-23 18:18:56,188 - DEBUG -   Rank | Count |   %   
2025-02-23 18:18:56,188 - DEBUG -   -----|-------|-------
2025-02-23 18:18:56,188 - DEBUG -      1 |     2 |   1.0
2025-02-23 18:18:56,189 - DEBUG -     Sample: [1 0 0 1 1 0 1 1 0 0 1 0]
2025-02-23 18:18:56,189 - DEBUG -      2 |     2 |   1.0
2025-02-23 18:18:56,189 - DEBUG -     Sample: [0 1 1 1 0 1 0 1 0 0 1 0]
2025-02-23 18:18:56,189 - DEBUG -      3 |     2 |   1.0
2025-02-23 18:18:56,189 - DEBUG -     Sample: [1 0 0 1 1 0 1 1 0 1 0 1]
2025-02-23 18:18:56,189 - DEBUG -      4 |     2 |   1.0
2025-02-23 18:18:56,190 - DEBUG -     Sample: [1 0 1 1 0 0 0 0 1 1 0 0]
2025-02-23 18:18:56,190 - DEBUG -      5 |     2 |   1.0
2025-02-23 18:18:56,190 - DEBUG -     Sample: [0 1 0 1 0 1 0 0 0 0 0 1]
2025-02-23 18:18:56,191 - DEBUG - Generated 186 unique samples from 200 total measurements
2025-02-23 18:18:56,195 - INFO - No feasible solution found
2025-02-23 18:18:56,196 - INFO -   QAOA solver found no feasible solution
2025-02-23 18:18:56,196 - INFO - 
Running Constraint Generation:
2025-02-23 18:18:56,198 - INFO - 
Problem information:
2025-02-23 18:18:56,198 - INFO -   Number of variables (n): 12
2025-02-23 18:18:56,199 - INFO -   Number of constraints (m): 40
2025-02-23 18:18:56,199 - DEBUG -   Density of A: 20.00%
2025-02-23 18:18:56,199 - INFO - 
Running classical reference solver:
2025-02-23 18:18:56,212 - INFO -   Reference solution found:
2025-02-23 18:18:56,213 - INFO -     Solution: [1, 0, 1, 0, 0, 0, 0, 0, 0, 1, 0, 1]
2025-02-23 18:18:56,213 - INFO -     Value: 188.99999999999997
2025-02-23 18:18:56,213 - INFO - 
Starting quantum constraint generation with parameters:
2025-02-23 18:18:56,214 - INFO -   sample_size (total shots): 200
2025-02-23 18:18:56,214 - INFO -   tau: 0.1
2025-02-23 18:18:56,214 - INFO -   max_iters: 1000
2025-02-23 18:18:56,214 - INFO - 
Iteration 0:
2025-02-23 18:18:56,215 - DEBUG - Generated Ising Hamiltonian
2025-02-23 18:18:56,465 - DEBUG - Optimizing QAOA circuit...
2025-02-23 18:18:57,722 - DEBUG - Circuit optimization successful
2025-02-23 18:18:57,722 - DEBUG - Circuit optimization successful, final value: -115.83816183816187
2025-02-23 18:18:57,722 - DEBUG - Sampling from optimized circuit...
2025-02-23 18:18:57,741 - DEBUG - Generated 177 unique samples from 200 total measurements
2025-02-23 18:18:57,741 - DEBUG - 
Top 5 most frequent samples:
2025-02-23 18:18:57,741 - DEBUG -   Rank | Count |   %   
2025-02-23 18:18:57,742 - DEBUG -   -----|-------|-------
2025-02-23 18:18:57,742 - DEBUG -      1 |     3 |   1.5
2025-02-23 18:18:57,742 - DEBUG -     Sample: [0 0 0 1 1 1 0 1 1 1 1 0]
2025-02-23 18:18:57,742 - DEBUG -      2 |     3 |   1.5
2025-02-23 18:18:57,743 - DEBUG -     Sample: [0 1 0 1 1 1 0 1 1 1 1 1]
2025-02-23 18:18:57,743 - DEBUG -      3 |     2 |   1.0
2025-02-23 18:18:57,743 - DEBUG -     Sample: [0 1 0 0 1 1 0 1 0 1 0 0]
2025-02-23 18:18:57,743 - DEBUG -      4 |     2 |   1.0
2025-02-23 18:18:57,743 - DEBUG -     Sample: [0 1 1 1 0 1 0 1 1 1 1 0]
2025-02-23 18:18:57,744 - DEBUG -      5 |     2 |   1.0
2025-02-23 18:18:57,744 - DEBUG -     Sample: [0 1 1 0 0 0 0 1 1 1 0 0]
2025-02-23 18:18:57,745 - DEBUG - Generated 177 unique samples from 200 total measurements
2025-02-23 18:18:57,749 - INFO -   No feasible solution found in this iteration
2025-02-23 18:18:57,750 - INFO -   Added 2 new constraints: [19, 31]
2025-02-23 18:18:57,750 - INFO - 
Iteration 1:
2025-02-23 18:18:57,751 - DEBUG - Generated Ising Hamiltonian
2025-02-23 18:18:57,995 - DEBUG - Optimizing QAOA circuit...
2025-02-23 18:18:59,161 - DEBUG - Circuit optimization successful
2025-02-23 18:18:59,161 - DEBUG - Circuit optimization successful, final value: -11306.88911088911
2025-02-23 18:18:59,162 - DEBUG - Sampling from optimized circuit...
2025-02-23 18:18:59,176 - DEBUG - Generated 134 unique samples from 200 total measurements
2025-02-23 18:18:59,177 - DEBUG - 
Top 5 most frequent samples:
2025-02-23 18:18:59,177 - DEBUG -   Rank | Count |   %   
2025-02-23 18:18:59,177 - DEBUG -   -----|-------|-------
2025-02-23 18:18:59,177 - DEBUG -      1 |     8 |   4.0
2025-02-23 18:18:59,177 - DEBUG -     Sample: [0 1 0 1 0 0 1 0 1 0 0 0]
2025-02-23 18:18:59,177 - DEBUG -      2 |     7 |   3.5
2025-02-23 18:18:59,178 - DEBUG -     Sample: [1 0 0 1 0 0 1 0 1 0 0 0]
2025-02-23 18:18:59,178 - DEBUG -      3 |     6 |   3.0
2025-02-23 18:18:59,178 - DEBUG -     Sample: [0 0 0 1 0 0 0 0 1 0 0 0]
2025-02-23 18:18:59,178 - DEBUG -      4 |     5 |   2.5
2025-02-23 18:18:59,178 - DEBUG -     Sample: [1 1 0 1 0 0 1 0 1 0 0 0]
2025-02-23 18:18:59,179 - DEBUG -      5 |     4 |   2.0
2025-02-23 18:18:59,179 - DEBUG -     Sample: [1 0 0 1 0 0 1 0 1 1 0 0]
2025-02-23 18:18:59,179 - DEBUG - Generated 134 unique samples from 200 total measurements
2025-02-23 18:18:59,183 - INFO -   No feasible solution found in this iteration
2025-02-23 18:18:59,184 - INFO -   Added 1 new constraints: [39]
2025-02-23 18:18:59,184 - INFO - 
Iteration 2:
2025-02-23 18:18:59,184 - DEBUG - Generated Ising Hamiltonian
2025-02-23 18:18:59,438 - DEBUG - Optimizing QAOA circuit...
2025-02-23 18:19:00,627 - DEBUG - Circuit optimization successful
2025-02-23 18:19:00,627 - DEBUG - Circuit optimization successful, final value: -6506.846153846154
2025-02-23 18:19:00,627 - DEBUG - Sampling from optimized circuit...
2025-02-23 18:19:00,641 - DEBUG - Generated 127 unique samples from 200 total measurements
2025-02-23 18:19:00,642 - DEBUG - 
Top 5 most frequent samples:
2025-02-23 18:19:00,642 - DEBUG -   Rank | Count |   %   
2025-02-23 18:19:00,642 - DEBUG -   -----|-------|-------
2025-02-23 18:19:00,642 - DEBUG -      1 |    10 |   5.0
2025-02-23 18:19:00,642 - DEBUG -     Sample: [0 0 1 1 0 0 1 0 0 0 0 0]
2025-02-23 18:19:00,642 - DEBUG -      2 |     6 |   3.0
2025-02-23 18:19:00,642 - DEBUG -     Sample: [0 1 1 1 0 0 0 0 0 0 0 0]
2025-02-23 18:19:00,643 - DEBUG -      3 |     6 |   3.0
2025-02-23 18:19:00,643 - DEBUG -     Sample: [0 0 0 1 0 0 1 0 0 0 0 0]
2025-02-23 18:19:00,643 - DEBUG -      4 |     6 |   3.0
2025-02-23 18:19:00,643 - DEBUG -     Sample: [0 0 1 1 0 0 0 0 0 0 0 0]
2025-02-23 18:19:00,643 - DEBUG -      5 |     5 |   2.5
2025-02-23 18:19:00,643 - DEBUG -     Sample: [0 0 1 1 0 1 1 0 0 0 0 0]
2025-02-23 18:19:00,644 - DEBUG - Generated 127 unique samples from 200 total measurements
2025-02-23 18:19:00,646 - INFO -   No feasible solution found in this iteration
2025-02-23 18:19:00,647 - INFO -   No new constraints added, lowered tau multiplier: 1.0 -> 0.9
2025-02-23 18:19:00,647 - INFO -   Added 12 new constraints: [7, 10, 12, 13, 16, 20, 24, 26, 27, 28, 32, 34]
2025-02-23 18:19:00,647 - INFO - 
Iteration 3:
2025-02-23 18:19:00,648 - DEBUG - Generated Ising Hamiltonian
2025-02-23 18:19:00,866 - DEBUG - Optimizing QAOA circuit...
2025-02-23 18:19:02,641 - DEBUG - Circuit optimization successful
2025-02-23 18:19:02,642 - DEBUG - Circuit optimization successful, final value: 28300.099900099896
2025-02-23 18:19:02,642 - DEBUG - Sampling from optimized circuit...
2025-02-23 18:19:02,660 - DEBUG - Generated 117 unique samples from 200 total measurements
2025-02-23 18:19:02,660 - DEBUG - 
Top 5 most frequent samples:
2025-02-23 18:19:02,660 - DEBUG -   Rank | Count |   %   
2025-02-23 18:19:02,661 - DEBUG -   -----|-------|-------
2025-02-23 18:19:02,661 - DEBUG -      1 |     9 |   4.5
2025-02-23 18:19:02,661 - DEBUG -     Sample: [1 1 0 0 1 1 0 0 1 0 1 1]
2025-02-23 18:19:02,661 - DEBUG -      2 |     8 |   4.0
2025-02-23 18:19:02,661 - DEBUG -     Sample: [1 1 1 0 1 1 0 0 1 0 1 1]
2025-02-23 18:19:02,661 - DEBUG -      3 |     6 |   3.0
2025-02-23 18:19:02,662 - DEBUG -     Sample: [1 1 0 0 1 1 0 0 1 1 1 1]
2025-02-23 18:19:02,662 - DEBUG -      4 |     6 |   3.0
2025-02-23 18:19:02,662 - DEBUG -     Sample: [1 0 0 0 1 1 0 0 1 1 1 1]
2025-02-23 18:19:02,662 - DEBUG -      5 |     5 |   2.5
2025-02-23 18:19:02,662 - DEBUG -     Sample: [1 1 1 0 1 1 0 0 1 1 1 1]
2025-02-23 18:19:02,663 - DEBUG - Generated 117 unique samples from 200 total measurements
2025-02-23 18:19:02,666 - INFO -   No feasible solution found in this iteration
2025-02-23 18:19:02,667 - INFO -   Added 1 new constraints: [8]
2025-02-23 18:19:02,668 - INFO - 
Iteration 4:
2025-02-23 18:19:02,668 - DEBUG - Generated Ising Hamiltonian
2025-02-23 18:19:02,886 - DEBUG - Optimizing QAOA circuit...
2025-02-23 18:19:04,553 - DEBUG - Circuit optimization successful
2025-02-23 18:19:04,553 - DEBUG - Circuit optimization successful, final value: 31021.455544455537
2025-02-23 18:19:04,554 - DEBUG - Sampling from optimized circuit...
2025-02-23 18:19:04,572 - DEBUG - Generated 136 unique samples from 200 total measurements
2025-02-23 18:19:04,572 - DEBUG - 
Top 5 most frequent samples:
2025-02-23 18:19:04,572 - DEBUG -   Rank | Count |   %   
2025-02-23 18:19:04,572 - DEBUG -   -----|-------|-------
2025-02-23 18:19:04,572 - DEBUG -      1 |     7 |   3.5
2025-02-23 18:19:04,573 - DEBUG -     Sample: [1 1 1 1 0 1 0 0 1 1 0 1]
2025-02-23 18:19:04,573 - DEBUG -      2 |     6 |   3.0
2025-02-23 18:19:04,573 - DEBUG -     Sample: [1 1 1 1 1 1 1 0 1 1 0 1]
2025-02-23 18:19:04,573 - DEBUG -      3 |     6 |   3.0
2025-02-23 18:19:04,573 - DEBUG -     Sample: [1 0 1 1 1 1 1 0 1 1 0 1]
2025-02-23 18:19:04,574 - DEBUG -      4 |     4 |   2.0
2025-02-23 18:19:04,574 - DEBUG -     Sample: [1 1 1 1 1 1 0 0 1 1 0 1]
2025-02-23 18:19:04,574 - DEBUG -      5 |     4 |   2.0
2025-02-23 18:19:04,575 - DEBUG -     Sample: [1 0 0 1 0 1 1 0 1 1 0 1]
2025-02-23 18:19:04,575 - DEBUG - Generated 136 unique samples from 200 total measurements
2025-02-23 18:19:04,578 - INFO - Found feasible solution: [1 0 1 0 0 0 0 0 0 1 0 1] with objective value 189.0
2025-02-23 18:19:04,579 - INFO -   Found feasible solution:
2025-02-23 18:19:04,579 - INFO -     Solution: [1, 0, 1, 0, 0, 0, 0, 0, 0, 1, 0, 1]
2025-02-23 18:19:04,579 - INFO -     Value: 189.0
2025-02-23 18:19:04,579 - INFO -     Gap to reference: 0.00%
2025-02-23 18:19:04,579 - INFO -   Constraint generation solution found:
2025-02-23 18:19:04,579 - INFO -     Solution: [1, 0, 1, 0, 0, 0, 0, 0, 0, 1, 0, 1]
2025-02-23 18:19:04,580 - INFO -     Value: 189.0
2025-02-23 18:19:04,580 - INFO - 
Instance 96 results:
2025-02-23 18:19:04,580 - INFO -   Classical value: 188.99999999999997
2025-02-23 18:19:04,580 - INFO -   QAOA value: 0.0
2025-02-23 18:19:04,580 - INFO -   Constraint generation value: 189.0
2025-02-23 18:19:04,581 - INFO - 
Running instance 97/100
2025-02-23 18:19:04,583 - INFO - 
Running Classical Reference Solver (SCIP):
2025-02-23 18:19:04,585 - DEBUG - Problem dimensions: 40 constraints, 12 variables
2025-02-23 18:19:04,585 - DEBUG - Row names: ['ELEM1', 'ELEM2', 'ELEM3', 'ELEM4', 'ELEM5', 'ELEM6', 'ELEM7', 'ELEM8', 'ELEM9', 'ELEM10', 'ELEM11', 'ELEM12', 'ELEM13', 'ELEM14', 'ELEM15', 'ELEM16', 'ELEM17', 'ELEM18', 'ELEM19', 'ELEM20', 'ELEM21', 'ELEM22', 'ELEM23', 'ELEM24', 'ELEM25', 'ELEM26', 'ELEM27', 'ELEM28', 'ELEM29', 'ELEM30', 'ELEM31', 'ELEM32', 'ELEM33', 'ELEM34', 'ELEM35', 'ELEM36', 'ELEM37', 'ELEM38', 'ELEM39', 'ELEM40']
2025-02-23 18:19:04,585 - DEBUG - RHS values: {'ELEM1': 1.0, 'ELEM2': 1.0, 'ELEM3': 1.0, 'ELEM4': 1.0, 'ELEM5': 1.0, 'ELEM6': 1.0, 'ELEM7': 1.0, 'ELEM8': 1.0, 'ELEM9': 1.0, 'ELEM10': 1.0, 'ELEM11': 1.0, 'ELEM12': 1.0, 'ELEM13': 1.0, 'ELEM14': 1.0, 'ELEM15': 1.0, 'ELEM16': 1.0, 'ELEM17': 1.0, 'ELEM18': 1.0, 'ELEM19': 1.0, 'ELEM20': 1.0, 'ELEM21': 1.0, 'ELEM22': 1.0, 'ELEM23': 1.0, 'ELEM24': 1.0, 'ELEM25': 1.0, 'ELEM26': 1.0, 'ELEM27': 1.0, 'ELEM28': 1.0, 'ELEM29': 1.0, 'ELEM30': 1.0, 'ELEM31': 1.0, 'ELEM32': 1.0, 'ELEM33': 1.0, 'ELEM34': 1.0, 'ELEM35': 1.0, 'ELEM36': 1.0, 'ELEM37': 1.0, 'ELEM38': 1.0, 'ELEM39': 1.0, 'ELEM40': 1.0}
2025-02-23 18:19:04,598 - INFO -   Reference solution found:
2025-02-23 18:19:04,599 - INFO -     Solution: [1, 1, 0, 1, 0, 0, 0, 1, 0, 0, 0, 1]
2025-02-23 18:19:04,599 - INFO -     Value: 192.0
2025-02-23 18:19:04,599 - INFO - 
Running QAOA Reference Solution (with all constraints):
