2025-02-23 18:46:43,475 - INFO - 
Problem information:
2025-02-23 18:46:43,476 - INFO -   Number of variables (n): 10
2025-02-23 18:46:43,476 - INFO -   Number of constraints (m): 20
2025-02-23 18:46:43,476 - DEBUG -   Density of A: 50.00%
2025-02-23 18:46:43,476 - INFO - 
Starting reference QAOA with parameters:
2025-02-23 18:46:43,476 - INFO -   sample_size (total shots): 100
2025-02-23 18:46:43,476 - INFO - Added all constraints
2025-02-23 18:46:43,477 - DEBUG - Generated Ising Hamiltonian
2025-02-23 18:46:43,679 - DEBUG - Optimizing QAOA circuit...
2025-02-23 18:46:45,356 - DEBUG - Circuit optimization successful
2025-02-23 18:46:45,356 - DEBUG - Circuit optimization successful, final value: 346.40159840159777
2025-02-23 18:46:45,357 - DEBUG - Sampling from optimized circuit...
2025-02-23 18:46:45,370 - DEBUG - Generated 91 unique samples from 100 total measurements
2025-02-23 18:46:45,370 - DEBUG - 
Top 5 most frequent samples:
2025-02-23 18:46:45,370 - DEBUG -   Rank | Count |   %   
2025-02-23 18:46:45,370 - DEBUG -   -----|-------|-------
2025-02-23 18:46:45,370 - DEBUG -      1 |     3 |   3.0
2025-02-23 18:46:45,371 - DEBUG -     Sample: [1 0 1 1 1 0 0 0 1 0]
2025-02-23 18:46:45,371 - DEBUG -      2 |     2 |   2.0
2025-02-23 18:46:45,371 - DEBUG -     Sample: [0 0 1 0 1 0 0 1 0 1]
2025-02-23 18:46:45,371 - DEBUG -      3 |     2 |   2.0
2025-02-23 18:46:45,371 - DEBUG -     Sample: [0 0 1 1 1 0 1 0 1 0]
2025-02-23 18:46:45,371 - DEBUG -      4 |     2 |   2.0
2025-02-23 18:46:45,372 - DEBUG -     Sample: [1 1 1 0 0 1 0 1 0 0]
2025-02-23 18:46:45,372 - DEBUG -      5 |     2 |   2.0
2025-02-23 18:46:45,372 - DEBUG -     Sample: [1 0 0 1 0 1 0 0 1 0]
2025-02-23 18:46:45,372 - DEBUG - Generated 91 unique samples from 100 total measurements
2025-02-23 18:46:45,374 - INFO - No feasible solution found
2025-02-23 18:46:45,374 - INFO -   QAOA solver found no feasible solution
2025-02-23 18:46:45,374 - INFO - 
Running Constraint Generation:
2025-02-23 18:46:45,376 - INFO - 
Problem information:
2025-02-23 18:46:45,376 - INFO -   Number of variables (n): 10
2025-02-23 18:46:45,376 - INFO -   Number of constraints (m): 20
2025-02-23 18:46:45,376 - DEBUG -   Density of A: 50.00%
2025-02-23 18:46:45,377 - INFO - 
Running classical reference solver:
2025-02-23 18:46:45,387 - INFO -   Reference solution found:
2025-02-23 18:46:45,387 - INFO -     Solution: [1, 0, 0, 0, 0, 0, 0, 0, 1, 0]
2025-02-23 18:46:45,387 - INFO -     Value: 69.0
2025-02-23 18:46:45,387 - INFO - 
Starting quantum constraint generation with parameters:
2025-02-23 18:46:45,388 - INFO -   sample_size (total shots): 100
2025-02-23 18:46:45,388 - INFO -   tau: 0.1
2025-02-23 18:46:45,388 - INFO -   max_iters: 1000
2025-02-23 18:46:45,388 - INFO - 
Iteration 0:
2025-02-23 18:46:45,389 - DEBUG - Generated Ising Hamiltonian
2025-02-23 18:46:45,601 - DEBUG - Optimizing QAOA circuit...
2025-02-23 18:46:46,382 - DEBUG - Circuit optimization successful
2025-02-23 18:46:46,382 - DEBUG - Circuit optimization successful, final value: -208.47152847152844
2025-02-23 18:46:46,382 - DEBUG - Sampling from optimized circuit...
2025-02-23 18:46:46,392 - DEBUG - Generated 30 unique samples from 100 total measurements
2025-02-23 18:46:46,392 - DEBUG - 
Top 5 most frequent samples:
2025-02-23 18:46:46,392 - DEBUG -   Rank | Count |   %   
2025-02-23 18:46:46,392 - DEBUG -   -----|-------|-------
2025-02-23 18:46:46,392 - DEBUG -      1 |    18 |  18.0
2025-02-23 18:46:46,393 - DEBUG -     Sample: [1 0 1 1 1 0 1 1 1 1]
2025-02-23 18:46:46,393 - DEBUG -      2 |    15 |  15.0
2025-02-23 18:46:46,393 - DEBUG -     Sample: [0 0 1 1 1 0 1 1 1 1]
2025-02-23 18:46:46,393 - DEBUG -      3 |    13 |  13.0
2025-02-23 18:46:46,393 - DEBUG -     Sample: [1 0 1 0 1 0 1 1 1 1]
2025-02-23 18:46:46,394 - DEBUG -      4 |    10 |  10.0
2025-02-23 18:46:46,396 - DEBUG -     Sample: [0 0 1 0 1 0 1 1 1 1]
2025-02-23 18:46:46,396 - DEBUG -      5 |     6 |   6.0
2025-02-23 18:46:46,396 - DEBUG -     Sample: [0 0 1 1 1 0 1 0 1 1]
2025-02-23 18:46:46,397 - DEBUG - Generated 30 unique samples from 100 total measurements
2025-02-23 18:46:46,398 - INFO -   No feasible solution found in this iteration
2025-02-23 18:46:46,398 - INFO -   Added 3 new constraints: [8, 13, 19]
2025-02-23 18:46:46,399 - INFO - 
Iteration 1:
2025-02-23 18:46:46,399 - DEBUG - Generated Ising Hamiltonian
2025-02-23 18:46:46,631 - DEBUG - Optimizing QAOA circuit...
2025-02-23 18:46:48,032 - DEBUG - Circuit optimization successful
2025-02-23 18:46:48,032 - DEBUG - Circuit optimization successful, final value: -3712.158841158841
2025-02-23 18:46:48,032 - DEBUG - Sampling from optimized circuit...
2025-02-23 18:46:48,044 - DEBUG - Generated 95 unique samples from 100 total measurements
2025-02-23 18:46:48,044 - DEBUG - 
Top 5 most frequent samples:
2025-02-23 18:46:48,044 - DEBUG -   Rank | Count |   %   
2025-02-23 18:46:48,045 - DEBUG -   -----|-------|-------
2025-02-23 18:46:48,045 - DEBUG -      1 |     2 |   2.0
2025-02-23 18:46:48,045 - DEBUG -     Sample: [1 1 0 1 0 0 0 1 1 1]
2025-02-23 18:46:48,045 - DEBUG -      2 |     2 |   2.0
2025-02-23 18:46:48,045 - DEBUG -     Sample: [1 0 0 1 1 0 1 0 0 1]
2025-02-23 18:46:48,045 - DEBUG -      3 |     2 |   2.0
2025-02-23 18:46:48,045 - DEBUG -     Sample: [1 1 0 0 0 0 1 1 0 0]
2025-02-23 18:46:48,046 - DEBUG -      4 |     2 |   2.0
2025-02-23 18:46:48,046 - DEBUG -     Sample: [1 1 0 1 0 0 1 0 0 1]
2025-02-23 18:46:48,046 - DEBUG -      5 |     2 |   2.0
2025-02-23 18:46:48,046 - DEBUG -     Sample: [1 1 0 1 0 1 0 0 0 1]
2025-02-23 18:46:48,046 - DEBUG - Generated 95 unique samples from 100 total measurements
2025-02-23 18:46:48,047 - INFO - Found feasible solution: [1 0 0 0 0 0 0 0 1 0] with objective value 69.0
2025-02-23 18:46:48,048 - INFO -   Found feasible solution:
2025-02-23 18:46:48,048 - INFO -     Solution: [1, 0, 0, 0, 0, 0, 0, 0, 1, 0]
2025-02-23 18:46:48,048 - INFO -     Value: 69.0
2025-02-23 18:46:48,048 - INFO -     Gap to reference: 0.00%
2025-02-23 18:46:48,049 - INFO -   Constraint generation solution found:
2025-02-23 18:46:48,049 - INFO -     Solution: [1, 0, 0, 0, 0, 0, 0, 0, 1, 0]
2025-02-23 18:46:48,049 - INFO -     Value: 69.0
2025-02-23 18:46:48,049 - INFO - 
Instance 18 results:
2025-02-23 18:46:48,050 - INFO -   Classical value: 69.0
2025-02-23 18:46:48,051 - INFO -   QAOA value: 0.0
2025-02-23 18:46:48,051 - INFO -   Constraint generation value: 69.0
2025-02-23 18:46:48,051 - INFO - 
Running instance 19/100
2025-02-23 18:46:48,053 - INFO - 
Running Classical Reference Solver (SCIP):
2025-02-23 18:46:48,053 - DEBUG - Problem dimensions: 20 constraints, 10 variables
2025-02-23 18:46:48,054 - DEBUG - Row names: ['ELEM1', 'ELEM2', 'ELEM3', 'ELEM4', 'ELEM5', 'ELEM6', 'ELEM7', 'ELEM8', 'ELEM9', 'ELEM10', 'ELEM11', 'ELEM12', 'ELEM13', 'ELEM14', 'ELEM15', 'ELEM16', 'ELEM17', 'ELEM18', 'ELEM19', 'ELEM20']
2025-02-23 18:46:48,054 - DEBUG - RHS values: {'ELEM1': 1.0, 'ELEM2': 1.0, 'ELEM3': 1.0, 'ELEM4': 1.0, 'ELEM5': 1.0, 'ELEM6': 1.0, 'ELEM7': 1.0, 'ELEM8': 1.0, 'ELEM9': 1.0, 'ELEM10': 1.0, 'ELEM11': 1.0, 'ELEM12': 1.0, 'ELEM13': 1.0, 'ELEM14': 1.0, 'ELEM15': 1.0, 'ELEM16': 1.0, 'ELEM17': 1.0, 'ELEM18': 1.0, 'ELEM19': 1.0, 'ELEM20': 1.0}
2025-02-23 18:46:48,063 - INFO -   Reference solution found:
2025-02-23 18:46:48,063 - INFO -     Solution: [1, 0, 0, 0, 0, 0, 0, 0, 0, 1]
2025-02-23 18:46:48,064 - INFO -     Value: 64.0
2025-02-23 18:46:48,064 - INFO - 
Running QAOA Reference Solution (with all constraints):
