
Problem information:
  Number of variables (n): 10
  Number of constraints (m): 20

Starting reference QAOA with parameters:
  sample_size (total shots): 100
Added all constraints
Found feasible solution: [1 0 1 0 0 0 0 0 0 0] with objective value 40.0
Found feasible solution:
  Solution: [1, 0, 1, 0, 0, 0, 0, 0, 0, 0]
  Value: 40.0
  QAOA solution found:
    Solution: [1, 0, 1, 0, 0, 0, 0, 0, 0, 0]
    Value: 40.0

Running Constraint Generation:

Problem information:
  Number of variables (n): 10
  Number of constraints (m): 20

Running classical reference solver:
  Reference solution found:
    Solution: [1, 0, 1, 0, 0, 0, 0, 0, 0, 0]
    Value: 40.0

Starting quantum constraint generation with parameters:
  sample_size (total shots): 100
  tau: 0.1
  max_iters: 1000

Iteration 0:
  No feasible solution found in this iteration
  Added 2 new constraints: [3, 17]

Iteration 1:
  No feasible solution found in this iteration
  Added 11 new constraints: [0, 1, 4, 5, 6, 10, 12, 14, 15, 16, 18]

Iteration 2:
Found feasible solution: [0 1 0 0 0 0 0 0 0 1] with objective value 85.0
  Found feasible solution:
    Solution: [0, 1, 0, 0, 0, 0, 0, 0, 0, 1]
    Value: 85.0
    Gap to reference: 112.50%
  Constraint generation solution found:
    Solution: [0, 1, 0, 0, 0, 0, 0, 0, 0, 1]
    Value: 85.0

Instance 79 results:
  Classical value: 40.0
  QAOA value: 40.0
  Constraint generation value: 85.0

Running instance 80/100

Running Classical Reference Solver (SCIP):
  Reference solution found:
    Solution: [0, 1, 0, 0, 0, 1, 0, 0, 0, 0]
    Value: 112.0

Running QAOA Reference Solution (with all constraints):
