2025-02-24 14:20:12,906 - INFO - 
Problem information:
2025-02-24 14:20:12,906 - INFO -   Number of variables (n): 12
2025-02-24 14:20:12,906 - INFO -   Number of constraints (m): 40
2025-02-24 14:20:12,907 - DEBUG -   Density of A: 19.79%
2025-02-24 14:20:12,907 - INFO - 
Starting reference QAOA with parameters:
2025-02-24 14:20:12,907 - INFO -   sample_size (total shots): 1000
2025-02-24 14:20:12,907 - INFO - Added all constraints
2025-02-24 14:20:12,907 - DEBUG - Generated Ising Hamiltonian
2025-02-24 14:20:13,059 - DEBUG - Optimizing QAOA circuit...
2025-02-24 14:20:16,883 - DEBUG - Circuit optimization successful
2025-02-24 14:20:16,884 - DEBUG - Circuit optimization successful, final value: 1000.1608391608422
2025-02-24 14:20:16,884 - DEBUG - Sampling from optimized circuit...
2025-02-24 14:20:16,920 - DEBUG - Generated 767 unique samples from 1000 total measurements
2025-02-24 14:20:16,921 - DEBUG - 
Top 5 most frequent samples:
2025-02-24 14:20:16,921 - DEBUG -   Rank | Count |   %   
2025-02-24 14:20:16,921 - DEBUG -   -----|-------|-------
2025-02-24 14:20:16,921 - DEBUG -      1 |     7 |   0.7
2025-02-24 14:20:16,922 - DEBUG -     Sample: [1 1 0 0 1 0 0 0 0 1 1 1]
2025-02-24 14:20:16,922 - DEBUG -      2 |     6 |   0.6
2025-02-24 14:20:16,922 - DEBUG -     Sample: [1 1 1 0 1 0 0 0 1 0 0 1]
2025-02-24 14:20:16,922 - DEBUG -      3 |     5 |   0.5
2025-02-24 14:20:16,922 - DEBUG -     Sample: [0 1 1 0 1 0 0 1 0 1 1 1]
2025-02-24 14:20:16,922 - DEBUG -      4 |     5 |   0.5
2025-02-24 14:20:16,923 - DEBUG -     Sample: [0 1 0 0 1 0 1 1 1 0 0 0]
2025-02-24 14:20:16,923 - DEBUG -      5 |     5 |   0.5
2025-02-24 14:20:16,923 - DEBUG -     Sample: [1 1 0 0 1 0 0 0 0 0 0 1]
2025-02-24 14:20:16,925 - DEBUG - Generated 767 unique samples from 1000 total measurements
2025-02-24 14:20:16,936 - INFO - No feasible solution found
2025-02-24 14:20:16,937 - INFO -   QAOA solver found no feasible solution
2025-02-24 14:20:16,937 - INFO - 
Running Constraint Generation:
2025-02-24 14:20:16,939 - INFO - 
Problem information:
2025-02-24 14:20:16,939 - INFO -   Number of variables (n): 12
2025-02-24 14:20:16,939 - INFO -   Number of constraints (m): 40
2025-02-24 14:20:16,939 - DEBUG -   Density of A: 19.79%
2025-02-24 14:20:16,940 - INFO - 
Running classical reference solver:
2025-02-24 14:20:16,950 - INFO -   Reference solution found:
2025-02-24 14:20:16,951 - INFO -     Solution: [0, 0, 1, 0, 1, 1, 1, 0, 0, 1, 1, 0]
2025-02-24 14:20:16,951 - INFO -     Value: 232.0
2025-02-24 14:20:16,951 - INFO - 
Starting quantum constraint generation with parameters:
2025-02-24 14:20:16,951 - INFO -   sample_size (total shots): 1000
2025-02-24 14:20:16,952 - INFO -   tau: 0.1
2025-02-24 14:20:16,952 - INFO -   max_iters: 1000
2025-02-24 14:20:16,952 - INFO - 
Iteration 0:
2025-02-24 14:20:16,952 - DEBUG - Generated Ising Hamiltonian
2025-02-24 14:20:16,953 - DEBUG - Optimizing QAOA circuit...
2025-02-24 14:20:23,334 - WARNING - Circuit optimization did not converge
2025-02-24 14:20:23,334 - WARNING - Circuit optimization did not converge
2025-02-24 14:20:23,335 - DEBUG - Sampling from optimized circuit...
2025-02-24 14:20:23,383 - DEBUG - Generated 11 unique samples from 1000 total measurements
2025-02-24 14:20:23,383 - DEBUG - 
Top 5 most frequent samples:
2025-02-24 14:20:23,383 - DEBUG -   Rank | Count |   %   
2025-02-24 14:20:23,383 - DEBUG -   -----|-------|-------
2025-02-24 14:20:23,383 - DEBUG -      1 |   652 |  65.2
2025-02-24 14:20:23,383 - DEBUG -     Sample: [0 0 0 0 0 0 0 0 1 1 1 1]
2025-02-24 14:20:23,383 - DEBUG -      2 |   177 |  17.7
2025-02-24 14:20:23,383 - DEBUG -     Sample: [0 0 0 0 0 0 0 0 1 1 1 0]
2025-02-24 14:20:23,383 - DEBUG -      3 |    55 |   5.5
2025-02-24 14:20:23,384 - DEBUG -     Sample: [0 0 0 0 0 0 0 0 1 0 1 1]
2025-02-24 14:20:23,384 - DEBUG -      4 |    50 |   5.0
2025-02-24 14:20:23,384 - DEBUG -     Sample: [0 0 0 0 0 0 0 0 0 1 1 1]
2025-02-24 14:20:23,384 - DEBUG -      5 |    21 |   2.1
2025-02-24 14:20:23,384 - DEBUG -     Sample: [0 0 0 0 0 0 0 0 0 1 1 0]
2025-02-24 14:20:23,384 - DEBUG - Generated 11 unique samples from 1000 total measurements
2025-02-24 14:20:23,385 - INFO -   No feasible solution found in this iteration
2025-02-24 14:20:23,385 - INFO -   Added 20 new constraints: [0, 4, 5, 7, 9, 10, 12, 13, 14, 17, 21, 23, 24, 27, 30, 33, 35, 37, 38, 39]
2025-02-24 14:20:23,385 - INFO - 
Iteration 1:
2025-02-24 14:20:23,386 - DEBUG - Generated Ising Hamiltonian
2025-02-24 14:20:23,390 - DEBUG - Optimizing QAOA circuit...
2025-02-24 14:20:32,069 - WARNING - Circuit optimization did not converge
2025-02-24 14:20:32,070 - WARNING - Circuit optimization did not converge
2025-02-24 14:20:32,070 - DEBUG - Sampling from optimized circuit...
2025-02-24 14:20:32,119 - DEBUG - Generated 16 unique samples from 1000 total measurements
2025-02-24 14:20:32,119 - DEBUG - 
Top 5 most frequent samples:
2025-02-24 14:20:32,119 - DEBUG -   Rank | Count |   %   
2025-02-24 14:20:32,119 - DEBUG -   -----|-------|-------
2025-02-24 14:20:32,119 - DEBUG -      1 |   131 |  13.1
2025-02-24 14:20:32,120 - DEBUG -     Sample: [0 0 0 0 0 0 0 0 1 0 0 0]
2025-02-24 14:20:32,120 - DEBUG -      2 |   121 |  12.1
2025-02-24 14:20:32,120 - DEBUG -     Sample: [0 0 0 0 0 0 0 0 1 0 1 0]
2025-02-24 14:20:32,120 - DEBUG -      3 |   116 |  11.6
2025-02-24 14:20:32,120 - DEBUG -     Sample: [0 0 0 0 0 0 0 0 0 0 0 0]
2025-02-24 14:20:32,120 - DEBUG -      4 |   101 |  10.1
2025-02-24 14:20:32,120 - DEBUG -     Sample: [0 0 0 0 0 0 0 0 1 1 0 0]
2025-02-24 14:20:32,120 - DEBUG -      5 |   101 |  10.1
2025-02-24 14:20:32,120 - DEBUG -     Sample: [0 0 0 0 0 0 0 0 0 0 1 0]
2025-02-24 14:20:32,121 - DEBUG - Generated 16 unique samples from 1000 total measurements
2025-02-24 14:20:32,121 - INFO -   No feasible solution found in this iteration
2025-02-24 14:20:32,121 - INFO -   No new constraints added, lowered tau multiplier: 1.0 -> 0.9
2025-02-24 14:20:32,121 - INFO -   No new constraints added, lowered tau multiplier: 0.9 -> 0.8
2025-02-24 14:20:32,121 - INFO -   No new constraints added, lowered tau multiplier: 0.8 -> 0.7
2025-02-24 14:20:32,121 - INFO -   No new constraints added, lowered tau multiplier: 0.7 -> 0.6
2025-02-24 14:20:32,121 - INFO -   No new constraints added, lowered tau multiplier: 0.6 -> 0.5
2025-02-24 14:20:32,121 - INFO -   No new constraints added, lowered tau multiplier: 0.5 -> 0.4
2025-02-24 14:20:32,122 - INFO -   Added 20 new constraints: [1, 2, 3, 6, 8, 11, 15, 16, 18, 19, 20, 22, 25, 26, 28, 29, 31, 32, 34, 36]
2025-02-24 14:20:32,122 - INFO - 
Iteration 2:
2025-02-24 14:20:32,122 - DEBUG - Generated Ising Hamiltonian
2025-02-24 14:20:32,124 - DEBUG - Optimizing QAOA circuit...
2025-02-24 14:20:43,872 - WARNING - Circuit optimization did not converge
2025-02-24 14:20:43,872 - WARNING - Circuit optimization did not converge
2025-02-24 14:20:43,872 - DEBUG - Sampling from optimized circuit...
2025-02-24 14:20:43,923 - DEBUG - Generated 16 unique samples from 1000 total measurements
2025-02-24 14:20:43,924 - DEBUG - 
Top 5 most frequent samples:
2025-02-24 14:20:43,924 - DEBUG -   Rank | Count |   %   
2025-02-24 14:20:43,924 - DEBUG -   -----|-------|-------
2025-02-24 14:20:43,924 - DEBUG -      1 |   346 |  34.6
2025-02-24 14:20:43,924 - DEBUG -     Sample: [0 0 0 0 0 0 0 0 1 0 1 0]
2025-02-24 14:20:43,924 - DEBUG -      2 |   215 |  21.5
2025-02-24 14:20:43,925 - DEBUG -     Sample: [0 0 0 0 0 0 0 0 1 0 0 0]
2025-02-24 14:20:43,925 - DEBUG -      3 |   179 |  17.9
2025-02-24 14:20:43,925 - DEBUG -     Sample: [0 0 0 0 0 0 0 0 0 0 1 0]
2025-02-24 14:20:43,925 - DEBUG -      4 |   108 |  10.8
2025-02-24 14:20:43,925 - DEBUG -     Sample: [0 0 0 0 0 0 0 0 0 0 0 0]
2025-02-24 14:20:43,925 - DEBUG -      5 |    44 |   4.4
2025-02-24 14:20:43,925 - DEBUG -     Sample: [0 0 0 0 0 0 0 0 1 1 1 0]
2025-02-24 14:20:43,925 - DEBUG - Generated 16 unique samples from 1000 total measurements
2025-02-24 14:20:43,926 - INFO -   No feasible solution found in this iteration
2025-02-24 14:20:43,926 - INFO -   All constraints added, exiting
2025-02-24 14:20:43,926 - INFO -   Constraint generation found no feasible solution
2025-02-24 14:20:43,926 - INFO - 
Instance 21 results:
2025-02-24 14:20:43,926 - INFO -   Classical value: 232.0
2025-02-24 14:20:43,926 - INFO -   QAOA value: 0.0
2025-02-24 14:20:43,926 - INFO -   Constraint generation value: 0.0
2025-02-24 14:20:43,927 - INFO - 
Running instance 22/100
2025-02-24 14:20:43,928 - INFO - 
Running Classical Reference Solver (SCIP):
2025-02-24 14:20:43,929 - DEBUG - Problem dimensions: 40 constraints, 12 variables
2025-02-24 14:20:43,929 - DEBUG - Row names: ['ELEM1', 'ELEM2', 'ELEM3', 'ELEM4', 'ELEM5', 'ELEM6', 'ELEM7', 'ELEM8', 'ELEM9', 'ELEM10', 'ELEM11', 'ELEM12', 'ELEM13', 'ELEM14', 'ELEM15', 'ELEM16', 'ELEM17', 'ELEM18', 'ELEM19', 'ELEM20', 'ELEM21', 'ELEM22', 'ELEM23', 'ELEM24', 'ELEM25', 'ELEM26', 'ELEM27', 'ELEM28', 'ELEM29', 'ELEM30', 'ELEM31', 'ELEM32', 'ELEM33', 'ELEM34', 'ELEM35', 'ELEM36', 'ELEM37', 'ELEM38', 'ELEM39', 'ELEM40']
2025-02-24 14:20:43,929 - DEBUG - RHS values: {'ELEM1': 1.0, 'ELEM2': 1.0, 'ELEM3': 1.0, 'ELEM4': 1.0, 'ELEM5': 1.0, 'ELEM6': 1.0, 'ELEM7': 1.0, 'ELEM8': 1.0, 'ELEM9': 1.0, 'ELEM10': 1.0, 'ELEM11': 1.0, 'ELEM12': 1.0, 'ELEM13': 1.0, 'ELEM14': 1.0, 'ELEM15': 1.0, 'ELEM16': 1.0, 'ELEM17': 1.0, 'ELEM18': 1.0, 'ELEM19': 1.0, 'ELEM20': 1.0, 'ELEM21': 1.0, 'ELEM22': 1.0, 'ELEM23': 1.0, 'ELEM24': 1.0, 'ELEM25': 1.0, 'ELEM26': 1.0, 'ELEM27': 1.0, 'ELEM28': 1.0, 'ELEM29': 1.0, 'ELEM30': 1.0, 'ELEM31': 1.0, 'ELEM32': 1.0, 'ELEM33': 1.0, 'ELEM34': 1.0, 'ELEM35': 1.0, 'ELEM36': 1.0, 'ELEM37': 1.0, 'ELEM38': 1.0, 'ELEM39': 1.0, 'ELEM40': 1.0}
2025-02-24 14:20:43,935 - INFO -   Reference solution found:
2025-02-24 14:20:43,935 - INFO -     Solution: [1, 0, 0, 0, 1, 1, 0, 0, 0, 0, 0, 1]
2025-02-24 14:20:43,935 - INFO -     Value: 170.99999999999997
2025-02-24 14:20:43,935 - INFO - 
Running QAOA Reference Solution (with all constraints):
