2025-02-24 14:18:13,207 - INFO - 
Problem information:
2025-02-24 14:18:13,207 - INFO -   Number of variables (n): 12
2025-02-24 14:18:13,208 - INFO -   Number of constraints (m): 40
2025-02-24 14:18:13,208 - DEBUG -   Density of A: 25.00%
2025-02-24 14:18:13,208 - INFO - 
Starting reference QAOA with parameters:
2025-02-24 14:18:13,208 - INFO -   sample_size (total shots): 1000
2025-02-24 14:18:13,208 - INFO - Added all constraints
2025-02-24 14:18:13,208 - DEBUG - Generated Ising Hamiltonian
2025-02-24 14:18:13,366 - DEBUG - Optimizing QAOA circuit...
2025-02-24 14:18:17,399 - DEBUG - Circuit optimization successful
2025-02-24 14:18:17,399 - DEBUG - Circuit optimization successful, final value: 26817.032967032974
2025-02-24 14:18:17,399 - DEBUG - Sampling from optimized circuit...
2025-02-24 14:18:17,440 - DEBUG - Generated 432 unique samples from 1000 total measurements
2025-02-24 14:18:17,441 - DEBUG - 
Top 5 most frequent samples:
2025-02-24 14:18:17,441 - DEBUG -   Rank | Count |   %   
2025-02-24 14:18:17,441 - DEBUG -   -----|-------|-------
2025-02-24 14:18:17,441 - DEBUG -      1 |    34 |   3.4
2025-02-24 14:18:17,441 - DEBUG -     Sample: [1 1 0 0 1 1 0 0 0 0 1 0]
2025-02-24 14:18:17,442 - DEBUG -      2 |    28 |   2.8
2025-02-24 14:18:17,442 - DEBUG -     Sample: [1 1 0 0 1 1 0 0 0 1 1 1]
2025-02-24 14:18:17,442 - DEBUG -      3 |    22 |   2.2
2025-02-24 14:18:17,442 - DEBUG -     Sample: [1 1 0 0 1 1 0 0 0 0 1 1]
2025-02-24 14:18:17,442 - DEBUG -      4 |    21 |   2.1
2025-02-24 14:18:17,443 - DEBUG -     Sample: [1 1 0 0 1 1 0 0 1 0 1 1]
2025-02-24 14:18:17,443 - DEBUG -      5 |    18 |   1.8
2025-02-24 14:18:17,443 - DEBUG -     Sample: [1 1 1 0 1 1 0 0 1 1 1 1]
2025-02-24 14:18:17,444 - DEBUG - Generated 432 unique samples from 1000 total measurements
2025-02-24 14:18:17,451 - INFO - No feasible solution found
2025-02-24 14:18:17,452 - INFO -   QAOA solver found no feasible solution
2025-02-24 14:18:17,452 - INFO - 
Running Constraint Generation:
2025-02-24 14:18:17,453 - INFO - 
Problem information:
2025-02-24 14:18:17,453 - INFO -   Number of variables (n): 12
2025-02-24 14:18:17,453 - INFO -   Number of constraints (m): 40
2025-02-24 14:18:17,454 - DEBUG -   Density of A: 25.00%
2025-02-24 14:18:17,454 - INFO - 
Running classical reference solver:
2025-02-24 14:18:17,464 - INFO -   Reference solution found:
2025-02-24 14:18:17,464 - INFO -     Solution: [1, 0, 0, 0, 1, 0, 0, 0, 0, 1, 0, 1]
2025-02-24 14:18:17,464 - INFO -     Value: 195.0
2025-02-24 14:18:17,464 - INFO - 
Starting quantum constraint generation with parameters:
2025-02-24 14:18:17,464 - INFO -   sample_size (total shots): 1000
2025-02-24 14:18:17,465 - INFO -   tau: 0.1
2025-02-24 14:18:17,465 - INFO -   max_iters: 1000
2025-02-24 14:18:17,465 - INFO - 
Iteration 0:
2025-02-24 14:18:17,465 - DEBUG - Generated Ising Hamiltonian
2025-02-24 14:18:17,466 - DEBUG - Optimizing QAOA circuit...
2025-02-24 14:18:22,096 - WARNING - Circuit optimization did not converge
2025-02-24 14:18:22,097 - WARNING - Circuit optimization did not converge
2025-02-24 14:18:22,097 - DEBUG - Sampling from optimized circuit...
2025-02-24 14:18:22,153 - DEBUG - Generated 16 unique samples from 1000 total measurements
2025-02-24 14:18:22,153 - DEBUG - 
Top 5 most frequent samples:
2025-02-24 14:18:22,154 - DEBUG -   Rank | Count |   %   
2025-02-24 14:18:22,154 - DEBUG -   -----|-------|-------
2025-02-24 14:18:22,154 - DEBUG -      1 |   457 |  45.7
2025-02-24 14:18:22,154 - DEBUG -     Sample: [0 0 0 0 0 0 0 0 1 1 0 0]
2025-02-24 14:18:22,154 - DEBUG -      2 |   185 |  18.5
2025-02-24 14:18:22,154 - DEBUG -     Sample: [0 0 0 0 0 0 0 0 0 1 0 0]
2025-02-24 14:18:22,154 - DEBUG -      3 |   104 |  10.4
2025-02-24 14:18:22,154 - DEBUG -     Sample: [0 0 0 0 0 0 0 0 1 1 1 0]
2025-02-24 14:18:22,154 - DEBUG -      4 |    78 |   7.8
2025-02-24 14:18:22,155 - DEBUG -     Sample: [0 0 0 0 0 0 0 0 1 0 0 0]
2025-02-24 14:18:22,155 - DEBUG -      5 |    65 |   6.5
2025-02-24 14:18:22,155 - DEBUG -     Sample: [0 0 0 0 0 0 0 0 0 1 1 0]
2025-02-24 14:18:22,155 - DEBUG - Generated 16 unique samples from 1000 total measurements
2025-02-24 14:18:22,155 - INFO -   No feasible solution found in this iteration
2025-02-24 14:18:22,156 - INFO -   Added 7 new constraints: [5, 10, 17, 19, 21, 32, 38]
2025-02-24 14:18:22,156 - INFO - 
Iteration 1:
2025-02-24 14:18:22,156 - DEBUG - Generated Ising Hamiltonian
2025-02-24 14:18:22,158 - DEBUG - Optimizing QAOA circuit...
2025-02-24 14:18:30,840 - WARNING - Circuit optimization did not converge
2025-02-24 14:18:30,841 - WARNING - Circuit optimization did not converge
2025-02-24 14:18:30,841 - DEBUG - Sampling from optimized circuit...
2025-02-24 14:18:30,890 - DEBUG - Generated 16 unique samples from 1000 total measurements
2025-02-24 14:18:30,890 - DEBUG - 
Top 5 most frequent samples:
2025-02-24 14:18:30,890 - DEBUG -   Rank | Count |   %   
2025-02-24 14:18:30,891 - DEBUG -   -----|-------|-------
2025-02-24 14:18:30,891 - DEBUG -      1 |   103 |  10.3
2025-02-24 14:18:30,891 - DEBUG -     Sample: [0 0 0 0 0 0 0 0 0 0 0 1]
2025-02-24 14:18:30,891 - DEBUG -      2 |   101 |  10.1
2025-02-24 14:18:30,891 - DEBUG -     Sample: [0 0 0 0 0 0 0 0 0 0 0 0]
2025-02-24 14:18:30,891 - DEBUG -      3 |   100 |  10.0
2025-02-24 14:18:30,891 - DEBUG -     Sample: [0 0 0 0 0 0 0 0 0 1 0 1]
2025-02-24 14:18:30,891 - DEBUG -      4 |    88 |   8.8
2025-02-24 14:18:30,891 - DEBUG -     Sample: [0 0 0 0 0 0 0 0 0 1 0 0]
2025-02-24 14:18:30,891 - DEBUG -      5 |    74 |   7.4
2025-02-24 14:18:30,892 - DEBUG -     Sample: [0 0 0 0 0 0 0 0 1 0 0 0]
2025-02-24 14:18:30,892 - DEBUG - Generated 16 unique samples from 1000 total measurements
2025-02-24 14:18:30,892 - INFO -   No feasible solution found in this iteration
2025-02-24 14:18:30,892 - INFO -   No new constraints added, lowered tau multiplier: 1.0 -> 0.9
2025-02-24 14:18:30,892 - INFO -   No new constraints added, lowered tau multiplier: 0.9 -> 0.8
2025-02-24 14:18:30,892 - INFO -   No new constraints added, lowered tau multiplier: 0.8 -> 0.7
2025-02-24 14:18:30,893 - INFO -   No new constraints added, lowered tau multiplier: 0.7 -> 0.6
2025-02-24 14:18:30,893 - INFO -   Added 1 new constraints: [15]
2025-02-24 14:18:30,893 - INFO - 
Iteration 2:
2025-02-24 14:18:30,893 - DEBUG - Generated Ising Hamiltonian
2025-02-24 14:18:30,894 - DEBUG - Optimizing QAOA circuit...
2025-02-24 14:18:36,778 - WARNING - Circuit optimization did not converge
2025-02-24 14:18:36,779 - WARNING - Circuit optimization did not converge
2025-02-24 14:18:36,779 - DEBUG - Sampling from optimized circuit...
2025-02-24 14:18:36,827 - DEBUG - Generated 16 unique samples from 1000 total measurements
2025-02-24 14:18:36,827 - DEBUG - 
Top 5 most frequent samples:
2025-02-24 14:18:36,827 - DEBUG -   Rank | Count |   %   
2025-02-24 14:18:36,827 - DEBUG -   -----|-------|-------
2025-02-24 14:18:36,827 - DEBUG -      1 |   226 |  22.6
2025-02-24 14:18:36,827 - DEBUG -     Sample: [0 0 0 0 0 0 0 0 0 0 0 1]
2025-02-24 14:18:36,827 - DEBUG -      2 |   134 |  13.4
2025-02-24 14:18:36,828 - DEBUG -     Sample: [0 0 0 0 0 0 0 0 0 0 1 1]
2025-02-24 14:18:36,828 - DEBUG -      3 |   123 |  12.3
2025-02-24 14:18:36,828 - DEBUG -     Sample: [0 0 0 0 0 0 0 0 0 1 0 0]
2025-02-24 14:18:36,828 - DEBUG -      4 |   105 |  10.5
2025-02-24 14:18:36,828 - DEBUG -     Sample: [0 0 0 0 0 0 0 0 0 1 0 1]
2025-02-24 14:18:36,828 - DEBUG -      5 |   102 |  10.2
2025-02-24 14:18:36,828 - DEBUG -     Sample: [0 0 0 0 0 0 0 0 1 0 0 0]
2025-02-24 14:18:36,829 - DEBUG - Generated 16 unique samples from 1000 total measurements
2025-02-24 14:18:36,829 - INFO -   No feasible solution found in this iteration
2025-02-24 14:18:36,829 - INFO -   No new constraints added, lowered tau multiplier: 1.0 -> 0.9
2025-02-24 14:18:36,829 - INFO -   No new constraints added, lowered tau multiplier: 0.9 -> 0.8
2025-02-24 14:18:36,829 - INFO -   No new constraints added, lowered tau multiplier: 0.8 -> 0.7
2025-02-24 14:18:36,829 - INFO -   No new constraints added, lowered tau multiplier: 0.7 -> 0.6
2025-02-24 14:18:36,829 - INFO -   No new constraints added, lowered tau multiplier: 0.6 -> 0.5
2025-02-24 14:18:36,829 - INFO -   No new constraints added, lowered tau multiplier: 0.5 -> 0.4
2025-02-24 14:18:36,830 - INFO -   Added 32 new constraints: [0, 1, 2, 3, 4, 6, 7, 8, 9, 11, 12, 13, 14, 16, 18, 20, 22, 23, 24, 25, 26, 27, 28, 29, 30, 31, 33, 34, 35, 36, 37, 39]
2025-02-24 14:18:36,830 - INFO - 
Iteration 3:
2025-02-24 14:18:36,830 - DEBUG - Generated Ising Hamiltonian
2025-02-24 14:18:36,832 - DEBUG - Optimizing QAOA circuit...
2025-02-24 14:18:47,860 - WARNING - Circuit optimization did not converge
2025-02-24 14:18:47,860 - WARNING - Circuit optimization did not converge
2025-02-24 14:18:47,860 - DEBUG - Sampling from optimized circuit...
2025-02-24 14:18:47,920 - DEBUG - Generated 16 unique samples from 1000 total measurements
2025-02-24 14:18:47,920 - DEBUG - 
Top 5 most frequent samples:
2025-02-24 14:18:47,920 - DEBUG -   Rank | Count |   %   
2025-02-24 14:18:47,920 - DEBUG -   -----|-------|-------
2025-02-24 14:18:47,920 - DEBUG -      1 |    77 |   7.7
2025-02-24 14:18:47,921 - DEBUG -     Sample: [0 0 0 0 0 0 0 0 0 1 0 0]
2025-02-24 14:18:47,921 - DEBUG -      2 |    74 |   7.4
2025-02-24 14:18:47,921 - DEBUG -     Sample: [0 0 0 0 0 0 0 0 0 0 1 1]
2025-02-24 14:18:47,921 - DEBUG -      3 |    72 |   7.2
2025-02-24 14:18:47,921 - DEBUG -     Sample: [0 0 0 0 0 0 0 0 1 1 0 1]
2025-02-24 14:18:47,921 - DEBUG -      4 |    70 |   7.0
2025-02-24 14:18:47,921 - DEBUG -     Sample: [0 0 0 0 0 0 0 0 1 0 0 0]
2025-02-24 14:18:47,921 - DEBUG -      5 |    70 |   7.0
2025-02-24 14:18:47,922 - DEBUG -     Sample: [0 0 0 0 0 0 0 0 0 1 0 1]
2025-02-24 14:18:47,922 - DEBUG - Generated 16 unique samples from 1000 total measurements
2025-02-24 14:18:47,922 - INFO -   No feasible solution found in this iteration
2025-02-24 14:18:47,922 - INFO -   All constraints added, exiting
2025-02-24 14:18:47,922 - INFO -   Constraint generation found no feasible solution
2025-02-24 14:18:47,922 - INFO - 
Instance 17 results:
2025-02-24 14:18:47,923 - INFO -   Classical value: 195.0
2025-02-24 14:18:47,923 - INFO -   QAOA value: 0.0
2025-02-24 14:18:47,923 - INFO -   Constraint generation value: 0.0
2025-02-24 14:18:47,923 - INFO - 
Running instance 18/100
2025-02-24 14:18:47,924 - INFO - 
Running Classical Reference Solver (SCIP):
2025-02-24 14:18:47,925 - DEBUG - Problem dimensions: 40 constraints, 12 variables
2025-02-24 14:18:47,925 - DEBUG - Row names: ['ELEM1', 'ELEM2', 'ELEM3', 'ELEM4', 'ELEM5', 'ELEM6', 'ELEM7', 'ELEM8', 'ELEM9', 'ELEM10', 'ELEM11', 'ELEM12', 'ELEM13', 'ELEM14', 'ELEM15', 'ELEM16', 'ELEM17', 'ELEM18', 'ELEM19', 'ELEM20', 'ELEM21', 'ELEM22', 'ELEM23', 'ELEM24', 'ELEM25', 'ELEM26', 'ELEM27', 'ELEM28', 'ELEM29', 'ELEM30', 'ELEM31', 'ELEM32', 'ELEM33', 'ELEM34', 'ELEM35', 'ELEM36', 'ELEM37', 'ELEM38', 'ELEM39', 'ELEM40']
2025-02-24 14:18:47,925 - DEBUG - RHS values: {'ELEM1': 1.0, 'ELEM2': 1.0, 'ELEM3': 1.0, 'ELEM4': 1.0, 'ELEM5': 1.0, 'ELEM6': 1.0, 'ELEM7': 1.0, 'ELEM8': 1.0, 'ELEM9': 1.0, 'ELEM10': 1.0, 'ELEM11': 1.0, 'ELEM12': 1.0, 'ELEM13': 1.0, 'ELEM14': 1.0, 'ELEM15': 1.0, 'ELEM16': 1.0, 'ELEM17': 1.0, 'ELEM18': 1.0, 'ELEM19': 1.0, 'ELEM20': 1.0, 'ELEM21': 1.0, 'ELEM22': 1.0, 'ELEM23': 1.0, 'ELEM24': 1.0, 'ELEM25': 1.0, 'ELEM26': 1.0, 'ELEM27': 1.0, 'ELEM28': 1.0, 'ELEM29': 1.0, 'ELEM30': 1.0, 'ELEM31': 1.0, 'ELEM32': 1.0, 'ELEM33': 1.0, 'ELEM34': 1.0, 'ELEM35': 1.0, 'ELEM36': 1.0, 'ELEM37': 1.0, 'ELEM38': 1.0, 'ELEM39': 1.0, 'ELEM40': 1.0}
2025-02-24 14:18:47,932 - INFO -   Reference solution found:
2025-02-24 14:18:47,932 - INFO -     Solution: [0, 1, 0, 0, 0, 0, 0, 0, 0, 0, 1, 1]
2025-02-24 14:18:47,933 - INFO -     Value: 225.0
2025-02-24 14:18:47,933 - INFO - 
Running QAOA Reference Solution (with all constraints):
