2025-02-23 18:44:42,867 - INFO - 
Problem information:
2025-02-23 18:44:42,867 - INFO -   Number of variables (n): 10
2025-02-23 18:44:42,868 - INFO -   Number of constraints (m): 20
2025-02-23 18:44:42,868 - DEBUG -   Density of A: 50.00%
2025-02-23 18:44:42,868 - INFO - 
Starting reference QAOA with parameters:
2025-02-23 18:44:42,868 - INFO -   sample_size (total shots): 100
2025-02-23 18:44:42,868 - INFO - Added all constraints
2025-02-23 18:44:42,868 - DEBUG - Generated Ising Hamiltonian
2025-02-23 18:44:43,081 - DEBUG - Optimizing QAOA circuit...
2025-02-23 18:44:44,370 - DEBUG - Circuit optimization successful
2025-02-23 18:44:44,370 - DEBUG - Circuit optimization successful, final value: -1493.9620379620383
2025-02-23 18:44:44,370 - DEBUG - Sampling from optimized circuit...
2025-02-23 18:44:44,382 - DEBUG - Generated 91 unique samples from 100 total measurements
2025-02-23 18:44:44,382 - DEBUG - 
Top 5 most frequent samples:
2025-02-23 18:44:44,382 - DEBUG -   Rank | Count |   %   
2025-02-23 18:44:44,382 - DEBUG -   -----|-------|-------
2025-02-23 18:44:44,382 - DEBUG -      1 |     2 |   2.0
2025-02-23 18:44:44,383 - DEBUG -     Sample: [0 0 0 0 0 0 1 0 0 0]
2025-02-23 18:44:44,383 - DEBUG -      2 |     2 |   2.0
2025-02-23 18:44:44,383 - DEBUG -     Sample: [1 0 0 1 0 1 0 0 0 1]
2025-02-23 18:44:44,383 - DEBUG -      3 |     2 |   2.0
2025-02-23 18:44:44,383 - DEBUG -     Sample: [1 1 0 0 0 0 0 0 1 0]
2025-02-23 18:44:44,383 - DEBUG -      4 |     2 |   2.0
2025-02-23 18:44:44,384 - DEBUG -     Sample: [0 1 1 1 0 0 0 1 0 0]
2025-02-23 18:44:44,384 - DEBUG -      5 |     2 |   2.0
2025-02-23 18:44:44,384 - DEBUG -     Sample: [0 0 0 0 0 1 0 0 0 1]
2025-02-23 18:44:44,384 - DEBUG - Generated 91 unique samples from 100 total measurements
2025-02-23 18:44:44,385 - INFO - Found feasible solution: [0 0 0 0 1 0 0 0 0 1] with objective value 159.0
2025-02-23 18:44:44,386 - INFO - Found feasible solution: [0 0 0 0 0 1 0 0 1 0] with objective value 105.0
2025-02-23 18:44:44,387 - INFO - Found feasible solution:
2025-02-23 18:44:44,387 - INFO -   Solution: [0, 0, 0, 0, 0, 1, 0, 0, 1, 0]
2025-02-23 18:44:44,387 - INFO -   Value: 105.0
2025-02-23 18:44:44,387 - INFO -   QAOA solution found:
2025-02-23 18:44:44,387 - INFO -     Solution: [0, 0, 0, 0, 0, 1, 0, 0, 1, 0]
2025-02-23 18:44:44,387 - INFO -     Value: 105.0
2025-02-23 18:44:44,387 - INFO - 
Running Constraint Generation:
2025-02-23 18:44:44,388 - INFO - 
Problem information:
2025-02-23 18:44:44,389 - INFO -   Number of variables (n): 10
2025-02-23 18:44:44,389 - INFO -   Number of constraints (m): 20
2025-02-23 18:44:44,389 - DEBUG -   Density of A: 50.00%
2025-02-23 18:44:44,389 - INFO - 
Running classical reference solver:
2025-02-23 18:44:44,398 - INFO -   Reference solution found:
2025-02-23 18:44:44,398 - INFO -     Solution: [1, 1, 0, 0, 0, 0, 0, 0, 0, 0]
2025-02-23 18:44:44,398 - INFO -     Value: 51.0
2025-02-23 18:44:44,398 - INFO - 
Starting quantum constraint generation with parameters:
2025-02-23 18:44:44,398 - INFO -   sample_size (total shots): 100
2025-02-23 18:44:44,398 - INFO -   tau: 0.1
2025-02-23 18:44:44,399 - INFO -   max_iters: 1000
2025-02-23 18:44:44,399 - INFO - 
Iteration 0:
2025-02-23 18:44:44,399 - DEBUG - Generated Ising Hamiltonian
2025-02-23 18:44:44,591 - DEBUG - Optimizing QAOA circuit...
2025-02-23 18:44:45,372 - DEBUG - Circuit optimization successful
2025-02-23 18:44:45,373 - DEBUG - Circuit optimization successful, final value: -122.8791208791209
2025-02-23 18:44:45,373 - DEBUG - Sampling from optimized circuit...
2025-02-23 18:44:45,380 - DEBUG - Generated 79 unique samples from 100 total measurements
2025-02-23 18:44:45,380 - DEBUG - 
Top 5 most frequent samples:
2025-02-23 18:44:45,380 - DEBUG -   Rank | Count |   %   
2025-02-23 18:44:45,380 - DEBUG -   -----|-------|-------
2025-02-23 18:44:45,380 - DEBUG -      1 |     6 |   6.0
2025-02-23 18:44:45,380 - DEBUG -     Sample: [1 1 1 1 1 1 0 1 0 0]
2025-02-23 18:44:45,380 - DEBUG -      2 |     5 |   5.0
2025-02-23 18:44:45,381 - DEBUG -     Sample: [1 1 1 1 1 1 0 1 0 1]
2025-02-23 18:44:45,381 - DEBUG -      3 |     3 |   3.0
2025-02-23 18:44:45,381 - DEBUG -     Sample: [1 1 1 1 0 1 1 1 1 0]
2025-02-23 18:44:45,381 - DEBUG -      4 |     2 |   2.0
2025-02-23 18:44:45,381 - DEBUG -     Sample: [1 1 0 1 1 1 0 1 0 0]
2025-02-23 18:44:45,381 - DEBUG -      5 |     2 |   2.0
2025-02-23 18:44:45,382 - DEBUG -     Sample: [0 1 1 0 0 1 0 1 1 0]
2025-02-23 18:44:45,382 - DEBUG - Generated 79 unique samples from 100 total measurements
2025-02-23 18:44:45,383 - INFO -   No feasible solution found in this iteration
2025-02-23 18:44:45,383 - INFO -   Added 8 new constraints: [4, 11, 14, 15, 16, 17, 18, 19]
2025-02-23 18:44:45,384 - INFO - 
Iteration 1:
2025-02-23 18:44:45,384 - DEBUG - Generated Ising Hamiltonian
2025-02-23 18:44:45,531 - DEBUG - Optimizing QAOA circuit...
2025-02-23 18:44:46,491 - DEBUG - Circuit optimization successful
2025-02-23 18:44:46,492 - DEBUG - Circuit optimization successful, final value: 903.7302697302696
2025-02-23 18:44:46,492 - DEBUG - Sampling from optimized circuit...
2025-02-23 18:44:46,501 - DEBUG - Generated 89 unique samples from 100 total measurements
2025-02-23 18:44:46,501 - DEBUG - 
Top 5 most frequent samples:
2025-02-23 18:44:46,501 - DEBUG -   Rank | Count |   %   
2025-02-23 18:44:46,501 - DEBUG -   -----|-------|-------
2025-02-23 18:44:46,502 - DEBUG -      1 |     4 |   4.0
2025-02-23 18:44:46,502 - DEBUG -     Sample: [1 0 1 0 0 1 0 1 1 0]
2025-02-23 18:44:46,502 - DEBUG -      2 |     2 |   2.0
2025-02-23 18:44:46,502 - DEBUG -     Sample: [1 0 1 1 0 1 0 0 1 1]
2025-02-23 18:44:46,502 - DEBUG -      3 |     2 |   2.0
2025-02-23 18:44:46,502 - DEBUG -     Sample: [0 1 0 1 1 0 0 0 1 1]
2025-02-23 18:44:46,502 - DEBUG -      4 |     2 |   2.0
2025-02-23 18:44:46,502 - DEBUG -     Sample: [1 0 0 0 0 1 0 0 1 1]
2025-02-23 18:44:46,503 - DEBUG -      5 |     2 |   2.0
2025-02-23 18:44:46,503 - DEBUG -     Sample: [1 1 1 1 1 1 0 1 1 0]
2025-02-23 18:44:46,503 - DEBUG - Generated 89 unique samples from 100 total measurements
2025-02-23 18:44:46,504 - INFO - Found feasible solution: [1 1 0 0 0 0 0 0 0 0] with objective value 51.0
2025-02-23 18:44:46,504 - INFO - Found feasible solution: [0 0 0 0 1 0 0 0 0 1] with objective value 159.0
2025-02-23 18:44:46,505 - INFO -   Found feasible solution:
2025-02-23 18:44:46,505 - INFO -     Solution: [1, 1, 0, 0, 0, 0, 0, 0, 0, 0]
2025-02-23 18:44:46,505 - INFO -     Value: 51.0
2025-02-23 18:44:46,505 - INFO -     Gap to reference: 0.00%
2025-02-23 18:44:46,505 - INFO -   Constraint generation solution found:
2025-02-23 18:44:46,505 - INFO -     Solution: [1, 1, 0, 0, 0, 0, 0, 0, 0, 0]
2025-02-23 18:44:46,505 - INFO -     Value: 51.0
2025-02-23 18:44:46,505 - INFO - 
Instance 1 results:
2025-02-23 18:44:46,506 - INFO -   Classical value: 51.0
2025-02-23 18:44:46,506 - INFO -   QAOA value: 105.0
2025-02-23 18:44:46,506 - INFO -   Constraint generation value: 51.0
2025-02-23 18:44:46,506 - INFO - 
Running instance 2/100
2025-02-23 18:44:46,507 - INFO - 
Running Classical Reference Solver (SCIP):
2025-02-23 18:44:46,508 - DEBUG - Problem dimensions: 20 constraints, 10 variables
2025-02-23 18:44:46,508 - DEBUG - Row names: ['ELEM1', 'ELEM2', 'ELEM3', 'ELEM4', 'ELEM5', 'ELEM6', 'ELEM7', 'ELEM8', 'ELEM9', 'ELEM10', 'ELEM11', 'ELEM12', 'ELEM13', 'ELEM14', 'ELEM15', 'ELEM16', 'ELEM17', 'ELEM18', 'ELEM19', 'ELEM20']
2025-02-23 18:44:46,508 - DEBUG - RHS values: {'ELEM1': 1.0, 'ELEM2': 1.0, 'ELEM3': 1.0, 'ELEM4': 1.0, 'ELEM5': 1.0, 'ELEM6': 1.0, 'ELEM7': 1.0, 'ELEM8': 1.0, 'ELEM9': 1.0, 'ELEM10': 1.0, 'ELEM11': 1.0, 'ELEM12': 1.0, 'ELEM13': 1.0, 'ELEM14': 1.0, 'ELEM15': 1.0, 'ELEM16': 1.0, 'ELEM17': 1.0, 'ELEM18': 1.0, 'ELEM19': 1.0, 'ELEM20': 1.0}
2025-02-23 18:44:46,516 - INFO -   Reference solution found:
2025-02-23 18:44:46,517 - INFO -     Solution: [0, 1, 0, 0, 0, 0, 1, 0, 0, 0]
2025-02-23 18:44:46,517 - INFO -     Value: 58.0
2025-02-23 18:44:46,517 - INFO - 
Running QAOA Reference Solution (with all constraints):
