2025-02-23 18:40:25,378 - INFO - 
Problem information:
2025-02-23 18:40:25,378 - INFO -   Number of variables (n): 15
2025-02-23 18:40:25,378 - INFO -   Number of constraints (m): 60
2025-02-23 18:40:25,379 - DEBUG -   Density of A: 17.44%
2025-02-23 18:40:25,379 - INFO - 
Starting reference QAOA with parameters:
2025-02-23 18:40:25,379 - INFO -   sample_size (total shots): 500
2025-02-23 18:40:25,379 - INFO - Added all constraints
2025-02-23 18:40:25,380 - DEBUG - Generated Ising Hamiltonian
2025-02-23 18:40:25,586 - DEBUG - Optimizing QAOA circuit...
2025-02-23 18:40:28,704 - DEBUG - Circuit optimization successful
2025-02-23 18:40:28,704 - DEBUG - Circuit optimization successful, final value: -2656.6258741258744
2025-02-23 18:40:28,704 - DEBUG - Sampling from optimized circuit...
2025-02-23 18:40:28,731 - DEBUG - Generated 498 unique samples from 500 total measurements
2025-02-23 18:40:28,731 - DEBUG - 
Top 5 most frequent samples:
2025-02-23 18:40:28,731 - DEBUG -   Rank | Count |   %   
2025-02-23 18:40:28,731 - DEBUG -   -----|-------|-------
2025-02-23 18:40:28,731 - DEBUG -      1 |     2 |   0.4
2025-02-23 18:40:28,731 - DEBUG -     Sample: [1 1 1 1 1 1 1 0 1 1 0 0 1 1 0]
2025-02-23 18:40:28,732 - DEBUG -      2 |     2 |   0.4
2025-02-23 18:40:28,732 - DEBUG -     Sample: [0 0 1 0 0 0 1 1 1 0 1 1 0 1 1]
2025-02-23 18:40:28,732 - DEBUG -      3 |     1 |   0.2
2025-02-23 18:40:28,732 - DEBUG -     Sample: [1 0 0 0 0 1 0 1 0 1 1 0 0 0 0]
2025-02-23 18:40:28,732 - DEBUG -      4 |     1 |   0.2
2025-02-23 18:40:28,732 - DEBUG -     Sample: [0 0 1 1 1 0 1 1 1 0 0 1 0 0 1]
2025-02-23 18:40:28,732 - DEBUG -      5 |     1 |   0.2
2025-02-23 18:40:28,733 - DEBUG -     Sample: [0 0 1 1 1 1 1 0 0 0 1 0 1 0 0]
2025-02-23 18:40:28,734 - DEBUG - Generated 498 unique samples from 500 total measurements
2025-02-23 18:40:28,741 - INFO - No feasible solution found
2025-02-23 18:40:28,742 - INFO -   QAOA solver found no feasible solution
2025-02-23 18:40:28,742 - INFO - 
Running Constraint Generation:
2025-02-23 18:40:28,743 - INFO - 
Problem information:
2025-02-23 18:40:28,743 - INFO -   Number of variables (n): 15
2025-02-23 18:40:28,743 - INFO -   Number of constraints (m): 60
2025-02-23 18:40:28,744 - DEBUG -   Density of A: 17.44%
2025-02-23 18:40:28,744 - INFO - 
Running classical reference solver:
2025-02-23 18:40:28,752 - INFO -   Reference solution found:
2025-02-23 18:40:28,753 - INFO -     Solution: [1, 0, 0, 0, 1, 0, 0, 0, 0, 0, 1, 1, 1, 0, 0]
2025-02-23 18:40:28,753 - INFO -     Value: 265.0
2025-02-23 18:40:28,753 - INFO - 
Starting quantum constraint generation with parameters:
2025-02-23 18:40:28,753 - INFO -   sample_size (total shots): 500
2025-02-23 18:40:28,753 - INFO -   tau: 0.1
2025-02-23 18:40:28,753 - INFO -   max_iters: 1000
2025-02-23 18:40:28,754 - INFO - 
Iteration 0:
2025-02-23 18:40:28,755 - DEBUG - Generated Ising Hamiltonian
2025-02-23 18:40:28,939 - DEBUG - Optimizing QAOA circuit...
2025-02-23 18:40:30,164 - DEBUG - Circuit optimization successful
2025-02-23 18:40:30,164 - DEBUG - Circuit optimization successful, final value: -106.04795204795204
2025-02-23 18:40:30,164 - DEBUG - Sampling from optimized circuit...
2025-02-23 18:40:30,187 - DEBUG - Generated 488 unique samples from 500 total measurements
2025-02-23 18:40:30,187 - DEBUG - 
Top 5 most frequent samples:
2025-02-23 18:40:30,187 - DEBUG -   Rank | Count |   %   
2025-02-23 18:40:30,187 - DEBUG -   -----|-------|-------
2025-02-23 18:40:30,188 - DEBUG -      1 |     3 |   0.6
2025-02-23 18:40:30,188 - DEBUG -     Sample: [1 1 1 1 1 0 0 0 1 1 1 1 1 1 1]
2025-02-23 18:40:30,188 - DEBUG -      2 |     2 |   0.4
2025-02-23 18:40:30,188 - DEBUG -     Sample: [0 0 0 1 1 1 1 0 1 1 1 1 1 1 1]
2025-02-23 18:40:30,188 - DEBUG -      3 |     2 |   0.4
2025-02-23 18:40:30,188 - DEBUG -     Sample: [1 1 1 1 1 0 1 1 0 1 1 1 1 1 0]
2025-02-23 18:40:30,189 - DEBUG -      4 |     2 |   0.4
2025-02-23 18:40:30,189 - DEBUG -     Sample: [1 1 1 1 0 0 1 0 1 1 1 0 0 1 0]
2025-02-23 18:40:30,189 - DEBUG -      5 |     2 |   0.4
2025-02-23 18:40:30,189 - DEBUG -     Sample: [1 0 1 1 0 1 1 0 0 1 1 1 1 1 0]
2025-02-23 18:40:30,190 - DEBUG - Generated 488 unique samples from 500 total measurements
2025-02-23 18:40:30,201 - INFO -   No feasible solution found in this iteration
2025-02-23 18:40:30,203 - INFO -   Added 1 new constraints: [0]
2025-02-23 18:40:30,203 - INFO - 
Iteration 1:
2025-02-23 18:40:30,203 - DEBUG - Generated Ising Hamiltonian
2025-02-23 18:40:30,392 - DEBUG - Optimizing QAOA circuit...
2025-02-23 18:40:32,015 - DEBUG - Circuit optimization successful
2025-02-23 18:40:32,016 - DEBUG - Circuit optimization successful, final value: -2353.0379620379613
2025-02-23 18:40:32,016 - DEBUG - Sampling from optimized circuit...
2025-02-23 18:40:32,036 - DEBUG - Generated 350 unique samples from 500 total measurements
2025-02-23 18:40:32,037 - DEBUG - 
Top 5 most frequent samples:
2025-02-23 18:40:32,037 - DEBUG -   Rank | Count |   %   
2025-02-23 18:40:32,037 - DEBUG -   -----|-------|-------
2025-02-23 18:40:32,037 - DEBUG -      1 |     9 |   1.8
2025-02-23 18:40:32,037 - DEBUG -     Sample: [1 0 0 0 1 0 0 1 1 0 1 0 1 1 1]
2025-02-23 18:40:32,037 - DEBUG -      2 |     8 |   1.6
2025-02-23 18:40:32,037 - DEBUG -     Sample: [1 0 0 0 1 1 0 1 1 0 1 0 1 1 0]
2025-02-23 18:40:32,038 - DEBUG -      3 |     7 |   1.4
2025-02-23 18:40:32,038 - DEBUG -     Sample: [1 0 0 0 1 0 0 1 1 1 1 0 0 1 0]
2025-02-23 18:40:32,038 - DEBUG -      4 |     7 |   1.4
2025-02-23 18:40:32,038 - DEBUG -     Sample: [1 0 0 0 1 0 0 0 1 0 1 0 1 1 0]
2025-02-23 18:40:32,038 - DEBUG -      5 |     7 |   1.4
2025-02-23 18:40:32,038 - DEBUG -     Sample: [1 0 0 0 1 0 0 0 1 0 1 0 0 1 1]
2025-02-23 18:40:32,039 - DEBUG - Generated 350 unique samples from 500 total measurements
2025-02-23 18:40:32,045 - INFO -   No feasible solution found in this iteration
2025-02-23 18:40:32,046 - INFO -   Added 1 new constraints: [34]
2025-02-23 18:40:32,046 - INFO - 
Iteration 2:
2025-02-23 18:40:32,047 - DEBUG - Generated Ising Hamiltonian
2025-02-23 18:40:32,323 - DEBUG - Optimizing QAOA circuit...
2025-02-23 18:40:33,964 - DEBUG - Circuit optimization successful
2025-02-23 18:40:33,964 - DEBUG - Circuit optimization successful, final value: -911.1733266733278
2025-02-23 18:40:33,965 - DEBUG - Sampling from optimized circuit...
2025-02-23 18:40:33,988 - DEBUG - Generated 381 unique samples from 500 total measurements
2025-02-23 18:40:33,988 - DEBUG - 
Top 5 most frequent samples:
2025-02-23 18:40:33,989 - DEBUG -   Rank | Count |   %   
2025-02-23 18:40:33,989 - DEBUG -   -----|-------|-------
2025-02-23 18:40:33,989 - DEBUG -      1 |     7 |   1.4
2025-02-23 18:40:33,989 - DEBUG -     Sample: [1 1 1 0 0 1 0 1 0 0 1 1 0 1 0]
2025-02-23 18:40:33,989 - DEBUG -      2 |     6 |   1.2
2025-02-23 18:40:33,989 - DEBUG -     Sample: [1 0 1 0 0 0 0 1 0 0 1 1 0 1 0]
2025-02-23 18:40:33,989 - DEBUG -      3 |     6 |   1.2
2025-02-23 18:40:33,990 - DEBUG -     Sample: [1 1 0 0 0 0 0 1 0 0 1 1 1 1 1]
2025-02-23 18:40:33,990 - DEBUG -      4 |     6 |   1.2
2025-02-23 18:40:33,990 - DEBUG -     Sample: [1 1 1 0 0 0 0 1 0 1 1 1 0 1 0]
2025-02-23 18:40:33,990 - DEBUG -      5 |     6 |   1.2
2025-02-23 18:40:33,990 - DEBUG -     Sample: [1 1 1 1 0 0 0 1 1 0 1 1 1 1 1]
2025-02-23 18:40:33,991 - DEBUG - Generated 381 unique samples from 500 total measurements
2025-02-23 18:40:33,998 - INFO -   No feasible solution found in this iteration
2025-02-23 18:40:33,999 - INFO -   Added 2 new constraints: [36, 40]
2025-02-23 18:40:33,999 - INFO - 
Iteration 3:
2025-02-23 18:40:33,999 - DEBUG - Generated Ising Hamiltonian
2025-02-23 18:40:34,215 - DEBUG - Optimizing QAOA circuit...
2025-02-23 18:40:36,570 - DEBUG - Circuit optimization successful
2025-02-23 18:40:36,570 - DEBUG - Circuit optimization successful, final value: 4241.2282717282715
2025-02-23 18:40:36,570 - DEBUG - Sampling from optimized circuit...
2025-02-23 18:40:36,614 - DEBUG - Generated 462 unique samples from 500 total measurements
2025-02-23 18:40:36,615 - DEBUG - 
Top 5 most frequent samples:
2025-02-23 18:40:36,615 - DEBUG -   Rank | Count |   %   
2025-02-23 18:40:36,615 - DEBUG -   -----|-------|-------
2025-02-23 18:40:36,615 - DEBUG -      1 |     4 |   0.8
2025-02-23 18:40:36,616 - DEBUG -     Sample: [1 1 0 1 1 1 0 1 0 1 0 0 1 1 0]
2025-02-23 18:40:36,616 - DEBUG -      2 |     3 |   0.6
2025-02-23 18:40:36,616 - DEBUG -     Sample: [1 1 0 0 0 1 1 1 1 1 0 0 1 1 0]
2025-02-23 18:40:36,617 - DEBUG -      3 |     3 |   0.6
2025-02-23 18:40:36,617 - DEBUG -     Sample: [1 1 0 1 0 1 0 1 1 1 0 0 1 1 1]
2025-02-23 18:40:36,617 - DEBUG -      4 |     2 |   0.4
2025-02-23 18:40:36,617 - DEBUG -     Sample: [1 0 0 0 1 1 0 1 0 1 0 0 0 1 0]
2025-02-23 18:40:36,617 - DEBUG -      5 |     2 |   0.4
2025-02-23 18:40:36,618 - DEBUG -     Sample: [0 1 1 1 1 1 0 1 0 0 0 0 1 1 0]
2025-02-23 18:40:36,619 - DEBUG - Generated 462 unique samples from 500 total measurements
2025-02-23 18:40:36,630 - INFO -   No feasible solution found in this iteration
2025-02-23 18:40:36,631 - INFO -   Added 1 new constraints: [12]
2025-02-23 18:40:36,631 - INFO - 
Iteration 4:
2025-02-23 18:40:36,631 - DEBUG - Generated Ising Hamiltonian
2025-02-23 18:40:36,859 - DEBUG - Optimizing QAOA circuit...
2025-02-23 18:40:39,349 - DEBUG - Circuit optimization successful
2025-02-23 18:40:39,350 - DEBUG - Circuit optimization successful, final value: -8571.913586413588
2025-02-23 18:40:39,350 - DEBUG - Sampling from optimized circuit...
2025-02-23 18:40:39,382 - DEBUG - Generated 460 unique samples from 500 total measurements
2025-02-23 18:40:39,383 - DEBUG - 
Top 5 most frequent samples:
2025-02-23 18:40:39,383 - DEBUG -   Rank | Count |   %   
2025-02-23 18:40:39,383 - DEBUG -   -----|-------|-------
2025-02-23 18:40:39,384 - DEBUG -      1 |     3 |   0.6
2025-02-23 18:40:39,384 - DEBUG -     Sample: [1 0 0 0 1 1 1 1 0 1 0 0 0 0 0]
2025-02-23 18:40:39,384 - DEBUG -      2 |     3 |   0.6
2025-02-23 18:40:39,384 - DEBUG -     Sample: [1 0 0 1 0 1 1 0 1 1 0 0 0 1 0]
2025-02-23 18:40:39,385 - DEBUG -      3 |     3 |   0.6
2025-02-23 18:40:39,385 - DEBUG -     Sample: [1 0 0 1 1 1 0 1 0 1 0 0 0 1 0]
2025-02-23 18:40:39,385 - DEBUG -      4 |     3 |   0.6
2025-02-23 18:40:39,385 - DEBUG -     Sample: [1 0 0 0 0 1 0 1 0 1 0 0 0 0 0]
2025-02-23 18:40:39,385 - DEBUG -      5 |     3 |   0.6
2025-02-23 18:40:39,385 - DEBUG -     Sample: [1 0 0 0 1 1 0 1 1 1 0 0 0 1 0]
2025-02-23 18:40:39,387 - DEBUG - Generated 460 unique samples from 500 total measurements
2025-02-23 18:40:39,395 - INFO -   No feasible solution found in this iteration
2025-02-23 18:40:39,396 - INFO -   No new constraints added, lowered tau multiplier: 1.0 -> 0.9
2025-02-23 18:40:39,396 - INFO -   No new constraints added, lowered tau multiplier: 0.9 -> 0.8
2025-02-23 18:40:39,397 - INFO -   Added 3 new constraints: [2, 7, 33]
2025-02-23 18:40:39,397 - INFO - 
Iteration 5:
2025-02-23 18:40:39,397 - DEBUG - Generated Ising Hamiltonian
2025-02-23 18:40:39,643 - DEBUG - Optimizing QAOA circuit...
2025-02-23 18:40:42,265 - DEBUG - Circuit optimization successful
2025-02-23 18:40:42,265 - DEBUG - Circuit optimization successful, final value: 8264.002997002997
2025-02-23 18:40:42,265 - DEBUG - Sampling from optimized circuit...
2025-02-23 18:40:42,296 - DEBUG - Generated 442 unique samples from 500 total measurements
2025-02-23 18:40:42,296 - DEBUG - 
Top 5 most frequent samples:
2025-02-23 18:40:42,296 - DEBUG -   Rank | Count |   %   
2025-02-23 18:40:42,296 - DEBUG -   -----|-------|-------
2025-02-23 18:40:42,297 - DEBUG -      1 |     6 |   1.2
2025-02-23 18:40:42,297 - DEBUG -     Sample: [1 0 0 0 0 1 1 1 0 1 0 1 1 1 1]
2025-02-23 18:40:42,297 - DEBUG -      2 |     4 |   0.8
2025-02-23 18:40:42,297 - DEBUG -     Sample: [0 0 0 0 1 1 1 1 0 1 0 1 1 1 1]
2025-02-23 18:40:42,297 - DEBUG -      3 |     4 |   0.8
2025-02-23 18:40:42,297 - DEBUG -     Sample: [1 1 0 0 0 1 1 1 0 1 0 0 0 1 1]
2025-02-23 18:40:42,298 - DEBUG -      4 |     4 |   0.8
2025-02-23 18:40:42,298 - DEBUG -     Sample: [1 0 0 0 0 1 1 1 0 1 0 1 0 1 0]
2025-02-23 18:40:42,298 - DEBUG -      5 |     4 |   0.8
2025-02-23 18:40:42,298 - DEBUG -     Sample: [1 0 0 0 1 1 1 1 0 1 0 1 0 1 1]
2025-02-23 18:40:42,299 - DEBUG - Generated 442 unique samples from 500 total measurements
2025-02-23 18:40:42,308 - INFO -   No feasible solution found in this iteration
2025-02-23 18:40:42,309 - INFO -   No new constraints added, lowered tau multiplier: 1.0 -> 0.9
2025-02-23 18:40:42,309 - INFO -   Added 2 new constraints: [24, 48]
2025-02-23 18:40:42,309 - INFO - 
Iteration 6:
2025-02-23 18:40:42,310 - DEBUG - Generated Ising Hamiltonian
2025-02-23 18:40:42,539 - DEBUG - Optimizing QAOA circuit...
2025-02-23 18:40:46,052 - DEBUG - Circuit optimization successful
2025-02-23 18:40:46,052 - DEBUG - Circuit optimization successful, final value: -937.4365634365622
2025-02-23 18:40:46,052 - DEBUG - Sampling from optimized circuit...
2025-02-23 18:40:46,077 - DEBUG - Generated 488 unique samples from 500 total measurements
2025-02-23 18:40:46,078 - DEBUG - 
Top 5 most frequent samples:
2025-02-23 18:40:46,078 - DEBUG -   Rank | Count |   %   
2025-02-23 18:40:46,078 - DEBUG -   -----|-------|-------
2025-02-23 18:40:46,078 - DEBUG -      1 |     2 |   0.4
2025-02-23 18:40:46,078 - DEBUG -     Sample: [1 0 1 1 0 0 0 1 0 1 1 0 1 1 0]
2025-02-23 18:40:46,078 - DEBUG -      2 |     2 |   0.4
2025-02-23 18:40:46,079 - DEBUG -     Sample: [1 0 1 1 0 0 0 1 0 1 0 0 1 1 1]
2025-02-23 18:40:46,079 - DEBUG -      3 |     2 |   0.4
2025-02-23 18:40:46,079 - DEBUG -     Sample: [1 0 1 0 0 1 1 0 0 1 1 0 0 1 0]
2025-02-23 18:40:46,079 - DEBUG -      4 |     2 |   0.4
2025-02-23 18:40:46,079 - DEBUG -     Sample: [0 0 1 1 0 0 1 1 1 1 0 0 1 0 1]
2025-02-23 18:40:46,079 - DEBUG -      5 |     2 |   0.4
2025-02-23 18:40:46,080 - DEBUG -     Sample: [1 0 1 0 1 0 1 0 0 0 0 1 0 1 0]
2025-02-23 18:40:46,081 - DEBUG - Generated 488 unique samples from 500 total measurements
2025-02-23 18:40:46,089 - INFO -   No feasible solution found in this iteration
2025-02-23 18:40:46,090 - INFO -   No new constraints added, lowered tau multiplier: 1.0 -> 0.9
2025-02-23 18:40:46,090 - INFO -   Added 1 new constraints: [10]
2025-02-23 18:40:46,090 - INFO - 
Iteration 7:
2025-02-23 18:40:46,091 - DEBUG - Generated Ising Hamiltonian
2025-02-23 18:40:46,306 - DEBUG - Optimizing QAOA circuit...
2025-02-23 18:40:49,238 - DEBUG - Circuit optimization successful
2025-02-23 18:40:49,238 - DEBUG - Circuit optimization successful, final value: -4901.781218781221
2025-02-23 18:40:49,238 - DEBUG - Sampling from optimized circuit...
2025-02-23 18:40:49,263 - DEBUG - Generated 493 unique samples from 500 total measurements
2025-02-23 18:40:49,264 - DEBUG - 
Top 5 most frequent samples:
2025-02-23 18:40:49,264 - DEBUG -   Rank | Count |   %   
2025-02-23 18:40:49,264 - DEBUG -   -----|-------|-------
2025-02-23 18:40:49,265 - DEBUG -      1 |     2 |   0.4
2025-02-23 18:40:49,265 - DEBUG -     Sample: [0 0 1 0 0 0 0 0 1 0 0 1 0 1 0]
2025-02-23 18:40:49,265 - DEBUG -      2 |     2 |   0.4
2025-02-23 18:40:49,265 - DEBUG -     Sample: [1 0 0 0 0 0 0 0 1 0 1 0 1 0 1]
2025-02-23 18:40:49,266 - DEBUG -      3 |     2 |   0.4
2025-02-23 18:40:49,266 - DEBUG -     Sample: [0 1 1 1 0 0 1 1 0 1 0 1 1 0 0]
2025-02-23 18:40:49,266 - DEBUG -      4 |     2 |   0.4
2025-02-23 18:40:49,266 - DEBUG -     Sample: [0 1 0 1 1 0 1 0 1 1 1 1 0 0 1]
2025-02-23 18:40:49,266 - DEBUG -      5 |     2 |   0.4
2025-02-23 18:40:49,266 - DEBUG -     Sample: [0 1 0 0 0 0 1 0 1 0 0 0 1 0 0]
2025-02-23 18:40:49,268 - DEBUG - Generated 493 unique samples from 500 total measurements
2025-02-23 18:40:49,276 - INFO -   No feasible solution found in this iteration
2025-02-23 18:40:49,277 - INFO -   No new constraints added, lowered tau multiplier: 1.0 -> 0.9
2025-02-23 18:40:49,277 - INFO -   No new constraints added, lowered tau multiplier: 0.9 -> 0.8
2025-02-23 18:40:49,277 - INFO -   No new constraints added, lowered tau multiplier: 0.8 -> 0.7
2025-02-23 18:40:49,277 - INFO -   Added 9 new constraints: [3, 4, 20, 22, 27, 30, 53, 55, 57]
2025-02-23 18:40:49,277 - INFO - 
Iteration 8:
2025-02-23 18:40:49,278 - DEBUG - Generated Ising Hamiltonian
2025-02-23 18:40:49,475 - DEBUG - Optimizing QAOA circuit...
2025-02-23 18:40:52,629 - DEBUG - Circuit optimization successful
2025-02-23 18:40:52,630 - DEBUG - Circuit optimization successful, final value: -41111.432067932066
2025-02-23 18:40:52,630 - DEBUG - Sampling from optimized circuit...
2025-02-23 18:40:52,663 - DEBUG - Generated 406 unique samples from 500 total measurements
2025-02-23 18:40:52,664 - DEBUG - 
Top 5 most frequent samples:
2025-02-23 18:40:52,664 - DEBUG -   Rank | Count |   %   
2025-02-23 18:40:52,664 - DEBUG -   -----|-------|-------
2025-02-23 18:40:52,665 - DEBUG -      1 |     7 |   1.4
2025-02-23 18:40:52,665 - DEBUG -     Sample: [1 0 0 0 1 0 1 1 0 0 1 0 0 1 1]
2025-02-23 18:40:52,665 - DEBUG -      2 |     5 |   1.0
2025-02-23 18:40:52,665 - DEBUG -     Sample: [1 0 0 0 1 0 1 1 0 0 1 0 1 1 1]
2025-02-23 18:40:52,666 - DEBUG -      3 |     4 |   0.8
2025-02-23 18:40:52,666 - DEBUG -     Sample: [1 1 0 0 1 0 1 1 0 0 1 0 0 1 0]
2025-02-23 18:40:52,666 - DEBUG -      4 |     4 |   0.8
2025-02-23 18:40:52,666 - DEBUG -     Sample: [1 0 0 0 1 0 0 1 1 0 1 0 0 1 1]
2025-02-23 18:40:52,667 - DEBUG -      5 |     4 |   0.8
2025-02-23 18:40:52,667 - DEBUG -     Sample: [1 0 0 0 1 0 1 0 0 0 1 0 1 1 1]
2025-02-23 18:40:52,668 - DEBUG - Generated 406 unique samples from 500 total measurements
2025-02-23 18:40:52,677 - INFO -   No feasible solution found in this iteration
2025-02-23 18:40:52,678 - INFO -   No new constraints added, lowered tau multiplier: 1.0 -> 0.9
2025-02-23 18:40:52,678 - INFO -   No new constraints added, lowered tau multiplier: 0.9 -> 0.8
2025-02-23 18:40:52,679 - INFO -   No new constraints added, lowered tau multiplier: 0.8 -> 0.7
2025-02-23 18:40:52,679 - INFO -   Added 5 new constraints: [1, 5, 6, 31, 49]
2025-02-23 18:40:52,679 - INFO - 
Iteration 9:
2025-02-23 18:40:52,679 - DEBUG - Generated Ising Hamiltonian
2025-02-23 18:40:52,881 - DEBUG - Optimizing QAOA circuit...
2025-02-23 18:40:55,994 - DEBUG - Circuit optimization successful
2025-02-23 18:40:55,994 - DEBUG - Circuit optimization successful, final value: 4695.767232767226
2025-02-23 18:40:55,995 - DEBUG - Sampling from optimized circuit...
2025-02-23 18:40:56,027 - DEBUG - Generated 403 unique samples from 500 total measurements
2025-02-23 18:40:56,028 - DEBUG - 
Top 5 most frequent samples:
2025-02-23 18:40:56,028 - DEBUG -   Rank | Count |   %   
2025-02-23 18:40:56,028 - DEBUG -   -----|-------|-------
2025-02-23 18:40:56,028 - DEBUG -      1 |     8 |   1.6
2025-02-23 18:40:56,028 - DEBUG -     Sample: [1 0 1 0 0 1 1 1 1 0 1 0 0 1 0]
2025-02-23 18:40:56,029 - DEBUG -      2 |     7 |   1.4
2025-02-23 18:40:56,029 - DEBUG -     Sample: [1 0 1 0 0 1 1 1 1 0 1 1 0 1 0]
2025-02-23 18:40:56,029 - DEBUG -      3 |     5 |   1.0
2025-02-23 18:40:56,029 - DEBUG -     Sample: [1 0 1 1 0 1 1 1 1 0 1 0 0 1 0]
2025-02-23 18:40:56,029 - DEBUG -      4 |     4 |   0.8
2025-02-23 18:40:56,030 - DEBUG -     Sample: [1 1 1 1 1 1 0 1 1 0 1 0 0 1 0]
2025-02-23 18:40:56,030 - DEBUG -      5 |     4 |   0.8
2025-02-23 18:40:56,030 - DEBUG -     Sample: [1 0 1 0 0 1 0 1 1 0 1 1 0 1 0]
2025-02-23 18:40:56,031 - DEBUG - Generated 403 unique samples from 500 total measurements
2025-02-23 18:40:56,038 - INFO -   No feasible solution found in this iteration
2025-02-23 18:40:56,039 - INFO -   No new constraints added, lowered tau multiplier: 1.0 -> 0.9
2025-02-23 18:40:56,039 - INFO -   No new constraints added, lowered tau multiplier: 0.9 -> 0.8
2025-02-23 18:40:56,039 - INFO -   Added 2 new constraints: [47, 50]
2025-02-23 18:40:56,040 - INFO - 
Iteration 10:
2025-02-23 18:40:56,040 - DEBUG - Generated Ising Hamiltonian
2025-02-23 18:40:56,255 - DEBUG - Optimizing QAOA circuit...
2025-02-23 18:40:59,309 - DEBUG - Circuit optimization successful
2025-02-23 18:40:59,309 - DEBUG - Circuit optimization successful, final value: 40546.77822177823
2025-02-23 18:40:59,309 - DEBUG - Sampling from optimized circuit...
2025-02-23 18:40:59,343 - DEBUG - Generated 393 unique samples from 500 total measurements
2025-02-23 18:40:59,343 - DEBUG - 
Top 5 most frequent samples:
2025-02-23 18:40:59,343 - DEBUG -   Rank | Count |   %   
2025-02-23 18:40:59,344 - DEBUG -   -----|-------|-------
2025-02-23 18:40:59,344 - DEBUG -      1 |     6 |   1.2
2025-02-23 18:40:59,344 - DEBUG -     Sample: [0 1 1 1 1 1 0 1 1 1 0 0 0 1 1]
2025-02-23 18:40:59,344 - DEBUG -      2 |     6 |   1.2
2025-02-23 18:40:59,344 - DEBUG -     Sample: [0 1 1 0 1 0 0 1 1 0 0 0 0 1 1]
2025-02-23 18:40:59,344 - DEBUG -      3 |     5 |   1.0
2025-02-23 18:40:59,345 - DEBUG -     Sample: [0 1 1 0 1 1 0 1 1 0 0 1 0 1 1]
2025-02-23 18:40:59,345 - DEBUG -      4 |     5 |   1.0
2025-02-23 18:40:59,345 - DEBUG -     Sample: [0 1 1 0 1 1 0 1 1 0 0 0 0 0 1]
2025-02-23 18:40:59,345 - DEBUG -      5 |     5 |   1.0
2025-02-23 18:40:59,345 - DEBUG -     Sample: [0 1 0 0 1 0 0 1 1 1 0 0 0 1 1]
2025-02-23 18:40:59,346 - DEBUG - Generated 393 unique samples from 500 total measurements
2025-02-23 18:40:59,354 - INFO -   No feasible solution found in this iteration
2025-02-23 18:40:59,356 - INFO -   No new constraints added, lowered tau multiplier: 1.0 -> 0.9
2025-02-23 18:40:59,356 - INFO -   No new constraints added, lowered tau multiplier: 0.9 -> 0.8
2025-02-23 18:40:59,356 - INFO -   No new constraints added, lowered tau multiplier: 0.8 -> 0.7
2025-02-23 18:40:59,357 - INFO -   Added 5 new constraints: [17, 18, 25, 29, 42]
2025-02-23 18:40:59,357 - INFO - 
Iteration 11:
2025-02-23 18:40:59,357 - DEBUG - Generated Ising Hamiltonian
2025-02-23 18:40:59,561 - DEBUG - Optimizing QAOA circuit...
2025-02-23 18:41:02,605 - DEBUG - Circuit optimization successful
2025-02-23 18:41:02,606 - DEBUG - Circuit optimization successful, final value: -36649.28721278721
2025-02-23 18:41:02,606 - DEBUG - Sampling from optimized circuit...
2025-02-23 18:41:02,639 - DEBUG - Generated 312 unique samples from 500 total measurements
2025-02-23 18:41:02,640 - DEBUG - 
Top 5 most frequent samples:
2025-02-23 18:41:02,640 - DEBUG -   Rank | Count |   %   
2025-02-23 18:41:02,640 - DEBUG -   -----|-------|-------
2025-02-23 18:41:02,640 - DEBUG -      1 |    14 |   2.8
2025-02-23 18:41:02,640 - DEBUG -     Sample: [0 0 1 1 1 1 0 0 1 0 0 0 0 1 0]
2025-02-23 18:41:02,641 - DEBUG -      2 |    14 |   2.8
2025-02-23 18:41:02,641 - DEBUG -     Sample: [0 0 1 1 1 1 0 1 1 0 0 0 0 1 0]
2025-02-23 18:41:02,641 - DEBUG -      3 |    11 |   2.2
2025-02-23 18:41:02,641 - DEBUG -     Sample: [0 0 1 1 1 1 0 1 1 0 0 1 0 1 0]
2025-02-23 18:41:02,642 - DEBUG -      4 |     9 |   1.8
2025-02-23 18:41:02,642 - DEBUG -     Sample: [0 0 1 1 1 1 0 1 1 0 0 0 0 1 1]
2025-02-23 18:41:02,642 - DEBUG -      5 |     8 |   1.6
2025-02-23 18:41:02,642 - DEBUG -     Sample: [0 0 1 1 1 1 0 0 1 0 0 1 0 1 1]
2025-02-23 18:41:02,643 - DEBUG - Generated 312 unique samples from 500 total measurements
2025-02-23 18:41:02,649 - INFO -   No feasible solution found in this iteration
2025-02-23 18:41:02,650 - INFO -   No new constraints added, lowered tau multiplier: 1.0 -> 0.9
2025-02-23 18:41:02,650 - INFO -   Added 1 new constraints: [37]
2025-02-23 18:41:02,650 - INFO - 
Iteration 12:
2025-02-23 18:41:02,650 - DEBUG - Generated Ising Hamiltonian
2025-02-23 18:41:02,876 - DEBUG - Optimizing QAOA circuit...
2025-02-23 18:41:06,202 - DEBUG - Circuit optimization successful
2025-02-23 18:41:06,202 - DEBUG - Circuit optimization successful, final value: -37205.55444555445
2025-02-23 18:41:06,202 - DEBUG - Sampling from optimized circuit...
2025-02-23 18:41:06,242 - DEBUG - Generated 396 unique samples from 500 total measurements
2025-02-23 18:41:06,242 - DEBUG - 
Top 5 most frequent samples:
2025-02-23 18:41:06,242 - DEBUG -   Rank | Count |   %   
2025-02-23 18:41:06,242 - DEBUG -   -----|-------|-------
2025-02-23 18:41:06,242 - DEBUG -      1 |     6 |   1.2
2025-02-23 18:41:06,243 - DEBUG -     Sample: [1 0 0 1 0 0 0 0 0 1 1 0 0 1 0]
2025-02-23 18:41:06,243 - DEBUG -      2 |     6 |   1.2
2025-02-23 18:41:06,243 - DEBUG -     Sample: [1 0 0 1 0 0 1 0 0 1 1 0 0 1 0]
2025-02-23 18:41:06,243 - DEBUG -      3 |     5 |   1.0
2025-02-23 18:41:06,243 - DEBUG -     Sample: [1 0 0 1 0 0 1 0 0 1 1 0 1 1 0]
2025-02-23 18:41:06,243 - DEBUG -      4 |     5 |   1.0
2025-02-23 18:41:06,244 - DEBUG -     Sample: [1 1 1 1 0 0 0 0 0 1 1 0 0 1 0]
2025-02-23 18:41:06,244 - DEBUG -      5 |     4 |   0.8
2025-02-23 18:41:06,244 - DEBUG -     Sample: [1 1 0 1 0 0 0 0 0 1 1 0 0 1 0]
2025-02-23 18:41:06,246 - DEBUG - Generated 396 unique samples from 500 total measurements
2025-02-23 18:41:06,253 - INFO -   No feasible solution found in this iteration
2025-02-23 18:41:06,254 - INFO -   No new constraints added, lowered tau multiplier: 1.0 -> 0.9
2025-02-23 18:41:06,254 - INFO -   No new constraints added, lowered tau multiplier: 0.9 -> 0.8
2025-02-23 18:41:06,255 - INFO -   Added 4 new constraints: [11, 15, 52, 59]
2025-02-23 18:41:06,255 - INFO - 
Iteration 13:
2025-02-23 18:41:06,255 - DEBUG - Generated Ising Hamiltonian
2025-02-23 18:41:06,468 - DEBUG - Optimizing QAOA circuit...
2025-02-23 18:41:10,022 - DEBUG - Circuit optimization successful
2025-02-23 18:41:10,023 - DEBUG - Circuit optimization successful, final value: -41376.18281718282
2025-02-23 18:41:10,023 - DEBUG - Sampling from optimized circuit...
2025-02-23 18:41:10,073 - DEBUG - Generated 440 unique samples from 500 total measurements
2025-02-23 18:41:10,073 - DEBUG - 
Top 5 most frequent samples:
2025-02-23 18:41:10,074 - DEBUG -   Rank | Count |   %   
2025-02-23 18:41:10,074 - DEBUG -   -----|-------|-------
2025-02-23 18:41:10,074 - DEBUG -      1 |     5 |   1.0
2025-02-23 18:41:10,074 - DEBUG -     Sample: [0 0 1 0 1 1 1 0 0 0 0 0 1 0 1]
2025-02-23 18:41:10,074 - DEBUG -      2 |     4 |   0.8
2025-02-23 18:41:10,075 - DEBUG -     Sample: [1 1 1 0 1 1 1 1 0 0 0 0 0 0 1]
2025-02-23 18:41:10,075 - DEBUG -      3 |     4 |   0.8
2025-02-23 18:41:10,075 - DEBUG -     Sample: [0 0 1 1 1 1 1 0 0 0 0 0 1 0 1]
2025-02-23 18:41:10,075 - DEBUG -      4 |     3 |   0.6
2025-02-23 18:41:10,075 - DEBUG -     Sample: [1 1 1 0 0 1 1 1 0 0 0 0 0 0 1]
2025-02-23 18:41:10,075 - DEBUG -      5 |     3 |   0.6
2025-02-23 18:41:10,075 - DEBUG -     Sample: [0 1 1 0 1 1 0 0 0 0 0 0 0 0 1]
2025-02-23 18:41:10,077 - DEBUG - Generated 440 unique samples from 500 total measurements
2025-02-23 18:41:10,084 - INFO -   No feasible solution found in this iteration
2025-02-23 18:41:10,085 - INFO -   No new constraints added, lowered tau multiplier: 1.0 -> 0.9
2025-02-23 18:41:10,085 - INFO -   No new constraints added, lowered tau multiplier: 0.9 -> 0.8
2025-02-23 18:41:10,086 - INFO -   No new constraints added, lowered tau multiplier: 0.8 -> 0.7
2025-02-23 18:41:10,086 - INFO -   No new constraints added, lowered tau multiplier: 0.7 -> 0.6
2025-02-23 18:41:10,086 - INFO -   Added 11 new constraints: [16, 19, 26, 28, 32, 35, 41, 44, 46, 51, 58]
2025-02-23 18:41:10,086 - INFO - 
Iteration 14:
2025-02-23 18:41:10,087 - DEBUG - Generated Ising Hamiltonian
2025-02-23 18:41:10,304 - DEBUG - Optimizing QAOA circuit...
2025-02-23 18:41:14,343 - DEBUG - Circuit optimization successful
2025-02-23 18:41:14,344 - DEBUG - Circuit optimization successful, final value: 111970.91758241756
2025-02-23 18:41:14,344 - DEBUG - Sampling from optimized circuit...
2025-02-23 18:41:14,372 - DEBUG - Generated 246 unique samples from 500 total measurements
2025-02-23 18:41:14,373 - DEBUG - 
Top 5 most frequent samples:
2025-02-23 18:41:14,373 - DEBUG -   Rank | Count |   %   
2025-02-23 18:41:14,373 - DEBUG -   -----|-------|-------
2025-02-23 18:41:14,373 - DEBUG -      1 |    44 |   8.8
2025-02-23 18:41:14,373 - DEBUG -     Sample: [0 1 0 1 0 0 1 1 1 1 1 1 1 0 1]
2025-02-23 18:41:14,373 - DEBUG -      2 |    30 |   6.0
2025-02-23 18:41:14,373 - DEBUG -     Sample: [0 0 0 1 0 0 1 1 1 1 1 1 1 0 1]
2025-02-23 18:41:14,374 - DEBUG -      3 |    18 |   3.6
2025-02-23 18:41:14,374 - DEBUG -     Sample: [0 1 0 1 0 0 1 1 1 1 1 1 0 0 1]
2025-02-23 18:41:14,374 - DEBUG -      4 |    14 |   2.8
2025-02-23 18:41:14,374 - DEBUG -     Sample: [0 1 0 1 1 0 1 1 1 1 1 1 1 0 1]
2025-02-23 18:41:14,374 - DEBUG -      5 |    12 |   2.4
2025-02-23 18:41:14,374 - DEBUG -     Sample: [0 0 0 1 1 0 1 1 1 1 1 1 1 0 1]
2025-02-23 18:41:14,375 - DEBUG - Generated 246 unique samples from 500 total measurements
2025-02-23 18:41:14,382 - INFO -   No feasible solution found in this iteration
2025-02-23 18:41:14,382 - INFO -   No new constraints added, lowered tau multiplier: 1.0 -> 0.9
2025-02-23 18:41:14,383 - INFO -   No new constraints added, lowered tau multiplier: 0.9 -> 0.8
2025-02-23 18:41:14,383 - INFO -   Added 1 new constraints: [21]
2025-02-23 18:41:14,383 - INFO - 
Iteration 15:
2025-02-23 18:41:14,383 - DEBUG - Generated Ising Hamiltonian
2025-02-23 18:41:14,586 - DEBUG - Optimizing QAOA circuit...
2025-02-23 18:41:18,124 - DEBUG - Circuit optimization successful
2025-02-23 18:41:18,125 - DEBUG - Circuit optimization successful, final value: 64.44355644355528
2025-02-23 18:41:18,125 - DEBUG - Sampling from optimized circuit...
2025-02-23 18:41:18,167 - DEBUG - Generated 490 unique samples from 500 total measurements
2025-02-23 18:41:18,167 - DEBUG - 
Top 5 most frequent samples:
2025-02-23 18:41:18,168 - DEBUG -   Rank | Count |   %   
2025-02-23 18:41:18,168 - DEBUG -   -----|-------|-------
2025-02-23 18:41:18,168 - DEBUG -      1 |     2 |   0.4
2025-02-23 18:41:18,168 - DEBUG -     Sample: [1 0 1 0 0 0 0 1 0 1 0 1 0 1 1]
2025-02-23 18:41:18,168 - DEBUG -      2 |     2 |   0.4
2025-02-23 18:41:18,168 - DEBUG -     Sample: [1 1 1 1 1 0 1 0 0 0 1 0 0 1 1]
2025-02-23 18:41:18,169 - DEBUG -      3 |     2 |   0.4
2025-02-23 18:41:18,169 - DEBUG -     Sample: [0 0 0 0 0 0 0 0 0 0 1 1 0 1 1]
2025-02-23 18:41:18,169 - DEBUG -      4 |     2 |   0.4
2025-02-23 18:41:18,170 - DEBUG -     Sample: [0 0 0 1 1 0 0 0 1 0 1 0 1 1 1]
2025-02-23 18:41:18,170 - DEBUG -      5 |     2 |   0.4
2025-02-23 18:41:18,170 - DEBUG -     Sample: [1 0 1 1 1 0 0 0 0 1 1 0 0 0 0]
2025-02-23 18:41:18,171 - DEBUG - Generated 490 unique samples from 500 total measurements
2025-02-23 18:41:18,180 - INFO -   No feasible solution found in this iteration
2025-02-23 18:41:18,181 - INFO -   No new constraints added, lowered tau multiplier: 1.0 -> 0.9
2025-02-23 18:41:18,181 - INFO -   No new constraints added, lowered tau multiplier: 0.9 -> 0.8
2025-02-23 18:41:18,181 - INFO -   No new constraints added, lowered tau multiplier: 0.8 -> 0.7
2025-02-23 18:41:18,181 - INFO -   No new constraints added, lowered tau multiplier: 0.7 -> 0.6
2025-02-23 18:41:18,182 - INFO -   Added 4 new constraints: [8, 9, 14, 39]
2025-02-23 18:41:18,182 - INFO - 
Iteration 16:
2025-02-23 18:41:18,182 - DEBUG - Generated Ising Hamiltonian
2025-02-23 18:41:18,395 - DEBUG - Optimizing QAOA circuit...
2025-02-23 18:41:22,795 - DEBUG - Circuit optimization successful
2025-02-23 18:41:22,796 - DEBUG - Circuit optimization successful, final value: 45222.62037962037
2025-02-23 18:41:22,796 - DEBUG - Sampling from optimized circuit...
2025-02-23 18:41:22,824 - DEBUG - Generated 452 unique samples from 500 total measurements
2025-02-23 18:41:22,824 - DEBUG - 
Top 5 most frequent samples:
2025-02-23 18:41:22,824 - DEBUG -   Rank | Count |   %   
2025-02-23 18:41:22,825 - DEBUG -   -----|-------|-------
2025-02-23 18:41:22,825 - DEBUG -      1 |     4 |   0.8
2025-02-23 18:41:22,825 - DEBUG -     Sample: [1 1 0 1 0 1 0 1 0 1 0 1 0 1 1]
2025-02-23 18:41:22,825 - DEBUG -      2 |     3 |   0.6
2025-02-23 18:41:22,825 - DEBUG -     Sample: [1 1 1 1 1 1 0 1 0 1 0 1 1 0 1]
2025-02-23 18:41:22,825 - DEBUG -      3 |     3 |   0.6
2025-02-23 18:41:22,826 - DEBUG -     Sample: [1 1 0 1 0 1 0 1 0 0 0 1 0 1 0]
2025-02-23 18:41:22,826 - DEBUG -      4 |     3 |   0.6
2025-02-23 18:41:22,826 - DEBUG -     Sample: [1 1 1 1 1 1 1 1 0 1 0 1 0 1 0]
2025-02-23 18:41:22,826 - DEBUG -      5 |     3 |   0.6
2025-02-23 18:41:22,826 - DEBUG -     Sample: [0 0 0 0 0 1 0 1 0 0 0 0 0 0 1]
2025-02-23 18:41:22,827 - DEBUG - Generated 452 unique samples from 500 total measurements
2025-02-23 18:41:22,834 - INFO -   No feasible solution found in this iteration
2025-02-23 18:41:22,835 - INFO -   No new constraints added, lowered tau multiplier: 1.0 -> 0.9
2025-02-23 18:41:22,835 - INFO -   No new constraints added, lowered tau multiplier: 0.9 -> 0.8
2025-02-23 18:41:22,836 - INFO -   No new constraints added, lowered tau multiplier: 0.8 -> 0.7
2025-02-23 18:41:22,836 - INFO -   No new constraints added, lowered tau multiplier: 0.7 -> 0.6
2025-02-23 18:41:22,836 - INFO -   Added 3 new constraints: [13, 38, 45]
2025-02-23 18:41:22,836 - INFO - 
Iteration 17:
2025-02-23 18:41:22,837 - DEBUG - Generated Ising Hamiltonian
2025-02-23 18:41:23,040 - DEBUG - Optimizing QAOA circuit...
2025-02-23 18:41:26,807 - DEBUG - Circuit optimization successful
2025-02-23 18:41:26,808 - DEBUG - Circuit optimization successful, final value: 33683.484015984024
2025-02-23 18:41:26,808 - DEBUG - Sampling from optimized circuit...
2025-02-23 18:41:26,844 - DEBUG - Generated 493 unique samples from 500 total measurements
2025-02-23 18:41:26,844 - DEBUG - 
Top 5 most frequent samples:
2025-02-23 18:41:26,844 - DEBUG -   Rank | Count |   %   
2025-02-23 18:41:26,845 - DEBUG -   -----|-------|-------
2025-02-23 18:41:26,845 - DEBUG -      1 |     2 |   0.4
2025-02-23 18:41:26,845 - DEBUG -     Sample: [0 0 0 1 1 1 0 1 1 1 0 0 1 0 1]
2025-02-23 18:41:26,845 - DEBUG -      2 |     2 |   0.4
2025-02-23 18:41:26,846 - DEBUG -     Sample: [1 0 1 0 1 1 0 1 1 1 0 0 1 1 1]
2025-02-23 18:41:26,846 - DEBUG -      3 |     2 |   0.4
2025-02-23 18:41:26,846 - DEBUG -     Sample: [1 0 0 1 1 0 1 0 1 0 0 1 1 1 1]
2025-02-23 18:41:26,846 - DEBUG -      4 |     2 |   0.4
2025-02-23 18:41:26,847 - DEBUG -     Sample: [1 0 0 0 1 1 1 1 0 0 0 1 0 1 1]
2025-02-23 18:41:26,847 - DEBUG -      5 |     2 |   0.4
2025-02-23 18:41:26,847 - DEBUG -     Sample: [0 0 1 1 0 0 1 1 0 0 0 1 1 1 1]
2025-02-23 18:41:26,848 - DEBUG - Generated 493 unique samples from 500 total measurements
2025-02-23 18:41:26,859 - INFO -   No feasible solution found in this iteration
2025-02-23 18:41:26,860 - INFO -   No new constraints added, lowered tau multiplier: 1.0 -> 0.9
2025-02-23 18:41:26,860 - INFO -   No new constraints added, lowered tau multiplier: 0.9 -> 0.8
2025-02-23 18:41:26,860 - INFO -   No new constraints added, lowered tau multiplier: 0.8 -> 0.7
2025-02-23 18:41:26,860 - INFO -   No new constraints added, lowered tau multiplier: 0.7 -> 0.6
2025-02-23 18:41:26,860 - INFO -   No new constraints added, lowered tau multiplier: 0.6 -> 0.5
2025-02-23 18:41:26,861 - INFO -   Added 4 new constraints: [23, 43, 54, 56]
2025-02-23 18:41:26,861 - INFO - 
Iteration 18:
2025-02-23 18:41:26,861 - DEBUG - Generated Ising Hamiltonian
2025-02-23 18:41:27,070 - DEBUG - Optimizing QAOA circuit...
2025-02-23 18:41:30,306 - DEBUG - Circuit optimization successful
2025-02-23 18:41:30,306 - DEBUG - Circuit optimization successful, final value: 96749.80769230769
2025-02-23 18:41:30,306 - DEBUG - Sampling from optimized circuit...
2025-02-23 18:41:30,337 - DEBUG - Generated 393 unique samples from 500 total measurements
2025-02-23 18:41:30,337 - DEBUG - 
Top 5 most frequent samples:
2025-02-23 18:41:30,338 - DEBUG -   Rank | Count |   %   
2025-02-23 18:41:30,338 - DEBUG -   -----|-------|-------
2025-02-23 18:41:30,338 - DEBUG -      1 |     5 |   1.0
2025-02-23 18:41:30,338 - DEBUG -     Sample: [1 0 1 1 1 1 0 0 1 0 1 0 0 0 0]
2025-02-23 18:41:30,338 - DEBUG -      2 |     5 |   1.0
2025-02-23 18:41:30,338 - DEBUG -     Sample: [1 0 1 1 1 1 0 1 1 1 1 1 0 0 0]
2025-02-23 18:41:30,339 - DEBUG -      3 |     4 |   0.8
2025-02-23 18:41:30,339 - DEBUG -     Sample: [1 0 1 1 1 1 0 0 1 1 1 0 0 1 0]
2025-02-23 18:41:30,339 - DEBUG -      4 |     4 |   0.8
2025-02-23 18:41:30,339 - DEBUG -     Sample: [1 0 1 1 1 1 1 0 1 1 0 1 0 1 0]
2025-02-23 18:41:30,339 - DEBUG -      5 |     4 |   0.8
2025-02-23 18:41:30,339 - DEBUG -     Sample: [1 0 1 1 1 1 0 0 1 0 1 1 0 0 0]
2025-02-23 18:41:30,341 - DEBUG - Generated 393 unique samples from 500 total measurements
2025-02-23 18:41:30,347 - INFO -   No feasible solution found in this iteration
2025-02-23 18:41:30,348 - INFO -   All constraints added, exiting
2025-02-23 18:41:30,348 - INFO -   Constraint generation found no feasible solution
2025-02-23 18:41:30,348 - INFO - 
Instance 5 results:
2025-02-23 18:41:30,348 - INFO -   Classical value: 265.0
2025-02-23 18:41:30,348 - INFO -   QAOA value: 0.0
2025-02-23 18:41:30,349 - INFO -   Constraint generation value: 0.0
2025-02-23 18:41:30,349 - INFO - 
Running instance 6/100
2025-02-23 18:41:30,352 - INFO - 
Running Classical Reference Solver (SCIP):
2025-02-23 18:41:30,354 - DEBUG - Problem dimensions: 60 constraints, 15 variables
2025-02-23 18:41:30,354 - DEBUG - Row names: ['ELEM1', 'ELEM2', 'ELEM3', 'ELEM4', 'ELEM5', 'ELEM6', 'ELEM7', 'ELEM8', 'ELEM9', 'ELEM10', 'ELEM11', 'ELEM12', 'ELEM13', 'ELEM14', 'ELEM15', 'ELEM16', 'ELEM17', 'ELEM18', 'ELEM19', 'ELEM20', 'ELEM21', 'ELEM22', 'ELEM23', 'ELEM24', 'ELEM25', 'ELEM26', 'ELEM27', 'ELEM28', 'ELEM29', 'ELEM30', 'ELEM31', 'ELEM32', 'ELEM33', 'ELEM34', 'ELEM35', 'ELEM36', 'ELEM37', 'ELEM38', 'ELEM39', 'ELEM40', 'ELEM41', 'ELEM42', 'ELEM43', 'ELEM44', 'ELEM45', 'ELEM46', 'ELEM47', 'ELEM48', 'ELEM49', 'ELEM50', 'ELEM51', 'ELEM52', 'ELEM53', 'ELEM54', 'ELEM55', 'ELEM56', 'ELEM57', 'ELEM58', 'ELEM59', 'ELEM60']
2025-02-23 18:41:30,354 - DEBUG - RHS values: {'ELEM1': 1.0, 'ELEM2': 1.0, 'ELEM3': 1.0, 'ELEM4': 1.0, 'ELEM5': 1.0, 'ELEM6': 1.0, 'ELEM7': 1.0, 'ELEM8': 1.0, 'ELEM9': 1.0, 'ELEM10': 1.0, 'ELEM11': 1.0, 'ELEM12': 1.0, 'ELEM13': 1.0, 'ELEM14': 1.0, 'ELEM15': 1.0, 'ELEM16': 1.0, 'ELEM17': 1.0, 'ELEM18': 1.0, 'ELEM19': 1.0, 'ELEM20': 1.0, 'ELEM21': 1.0, 'ELEM22': 1.0, 'ELEM23': 1.0, 'ELEM24': 1.0, 'ELEM25': 1.0, 'ELEM26': 1.0, 'ELEM27': 1.0, 'ELEM28': 1.0, 'ELEM29': 1.0, 'ELEM30': 1.0, 'ELEM31': 1.0, 'ELEM32': 1.0, 'ELEM33': 1.0, 'ELEM34': 1.0, 'ELEM35': 1.0, 'ELEM36': 1.0, 'ELEM37': 1.0, 'ELEM38': 1.0, 'ELEM39': 1.0, 'ELEM40': 1.0, 'ELEM41': 1.0, 'ELEM42': 1.0, 'ELEM43': 1.0, 'ELEM44': 1.0, 'ELEM45': 1.0, 'ELEM46': 1.0, 'ELEM47': 1.0, 'ELEM48': 1.0, 'ELEM49': 1.0, 'ELEM50': 1.0, 'ELEM51': 1.0, 'ELEM52': 1.0, 'ELEM53': 1.0, 'ELEM54': 1.0, 'ELEM55': 1.0, 'ELEM56': 1.0, 'ELEM57': 1.0, 'ELEM58': 1.0, 'ELEM59': 1.0, 'ELEM60': 1.0}
2025-02-23 18:41:30,366 - INFO -   Reference solution found:
2025-02-23 18:41:30,366 - INFO -     Solution: [0, 0, 1, 0, 0, 0, 0, 1, 0, 0, 1, 0, 0, 0, 1]
2025-02-23 18:41:30,366 - INFO -     Value: 94.0
2025-02-23 18:41:30,367 - INFO - 
Running QAOA Reference Solution (with all constraints):
