2025-02-24 15:43:08,818 - INFO - 
Problem information:
2025-02-24 15:43:08,818 - INFO -   Number of variables (n): 12
2025-02-24 15:43:08,818 - INFO -   Number of constraints (m): 40
2025-02-24 15:43:08,819 - DEBUG -   Density of A: 18.33%
2025-02-24 15:43:08,819 - INFO - 
Starting reference QAOA with parameters:
2025-02-24 15:43:08,819 - INFO -   sample_size (total shots): 1000
2025-02-24 15:43:08,819 - INFO - Added all constraints
2025-02-24 15:43:08,819 - DEBUG - Generated Ising Hamiltonian
2025-02-24 15:43:09,078 - DEBUG - Optimizing QAOA circuit...
2025-02-24 15:43:13,666 - DEBUG - Circuit optimization successful
2025-02-24 15:43:13,666 - DEBUG - Circuit optimization successful, final value: 24651.85664335664
2025-02-24 15:43:13,666 - DEBUG - Sampling from optimized circuit...
2025-02-24 15:43:13,707 - DEBUG - Generated 382 unique samples from 1000 total measurements
2025-02-24 15:43:13,707 - DEBUG - 
Top 5 most frequent samples:
2025-02-24 15:43:13,707 - DEBUG -   Rank | Count |   %   
2025-02-24 15:43:13,707 - DEBUG -   -----|-------|-------
2025-02-24 15:43:13,707 - DEBUG -      1 |    29 |   2.9
2025-02-24 15:43:13,708 - DEBUG -     Sample: [0 0 1 0 1 0 1 1 1 1 0 0]
2025-02-24 15:43:13,708 - DEBUG -      2 |    28 |   2.8
2025-02-24 15:43:13,708 - DEBUG -     Sample: [0 0 1 0 1 1 1 1 1 1 0 0]
2025-02-24 15:43:13,708 - DEBUG -      3 |    27 |   2.7
2025-02-24 15:43:13,708 - DEBUG -     Sample: [1 1 1 0 1 0 1 1 1 1 0 0]
2025-02-24 15:43:13,709 - DEBUG -      4 |    26 |   2.6
2025-02-24 15:43:13,709 - DEBUG -     Sample: [0 1 1 0 1 0 1 1 1 1 0 0]
2025-02-24 15:43:13,709 - DEBUG -      5 |    24 |   2.4
2025-02-24 15:43:13,709 - DEBUG -     Sample: [1 0 1 0 1 1 1 1 1 1 0 0]
2025-02-24 15:43:13,710 - DEBUG - Generated 382 unique samples from 1000 total measurements
2025-02-24 15:43:13,717 - INFO - No feasible solution found
2025-02-24 15:43:13,718 - INFO -   QAOA solver found no feasible solution
2025-02-24 15:43:13,718 - INFO - 
Running Constraint Generation:
2025-02-24 15:43:13,719 - INFO - 
Problem information:
2025-02-24 15:43:13,719 - INFO -   Number of variables (n): 12
2025-02-24 15:43:13,720 - INFO -   Number of constraints (m): 40
2025-02-24 15:43:13,720 - DEBUG -   Density of A: 18.33%
2025-02-24 15:43:13,720 - INFO - 
Running classical reference solver:
2025-02-24 15:43:13,730 - INFO -   Reference solution found:
2025-02-24 15:43:13,730 - INFO -     Solution: [0, 1, 1, 0, 0, 0, 0, 0, 1, 0, 1, 0]
2025-02-24 15:43:13,731 - INFO -     Value: 226.0
2025-02-24 15:43:13,731 - INFO - 
Starting quantum constraint generation with parameters:
2025-02-24 15:43:13,731 - INFO -   sample_size (total shots): 1000
2025-02-24 15:43:13,731 - INFO -   tau: 0.1
2025-02-24 15:43:13,732 - INFO -   max_iters: 1000
2025-02-24 15:43:13,732 - INFO - 
Iteration 0:
2025-02-24 15:43:13,732 - DEBUG - Generated Ising Hamiltonian
2025-02-24 15:43:13,958 - DEBUG - Optimizing QAOA circuit...
2025-02-24 15:43:16,195 - DEBUG - Circuit optimization successful
2025-02-24 15:43:16,196 - DEBUG - Circuit optimization successful, final value: -236.82417582417582
2025-02-24 15:43:16,196 - DEBUG - Sampling from optimized circuit...
2025-02-24 15:43:16,222 - DEBUG - Generated 152 unique samples from 1000 total measurements
2025-02-24 15:43:16,222 - DEBUG - 
Top 5 most frequent samples:
2025-02-24 15:43:16,222 - DEBUG -   Rank | Count |   %   
2025-02-24 15:43:16,223 - DEBUG -   -----|-------|-------
2025-02-24 15:43:16,223 - DEBUG -      1 |   188 |  18.8
2025-02-24 15:43:16,223 - DEBUG -     Sample: [0 0 1 1 1 0 1 0 1 0 1 1]
2025-02-24 15:43:16,223 - DEBUG -      2 |    94 |   9.4
2025-02-24 15:43:16,224 - DEBUG -     Sample: [0 0 1 1 1 0 0 0 1 0 1 1]
2025-02-24 15:43:16,225 - DEBUG -      3 |    71 |   7.1
2025-02-24 15:43:16,225 - DEBUG -     Sample: [0 0 1 1 1 0 1 1 1 0 1 1]
2025-02-24 15:43:16,225 - DEBUG -      4 |    70 |   7.0
2025-02-24 15:43:16,226 - DEBUG -     Sample: [1 0 1 1 1 0 1 0 1 0 1 1]
2025-02-24 15:43:16,226 - DEBUG -      5 |    50 |   5.0
2025-02-24 15:43:16,226 - DEBUG -     Sample: [0 1 1 1 1 0 1 0 1 0 1 1]
2025-02-24 15:43:16,227 - DEBUG - Generated 152 unique samples from 1000 total measurements
2025-02-24 15:43:16,231 - INFO -   No feasible solution found in this iteration
2025-02-24 15:43:16,231 - INFO -   Added 2 new constraints: [8, 28]
2025-02-24 15:43:16,232 - INFO - 
Iteration 1:
2025-02-24 15:43:16,232 - DEBUG - Generated Ising Hamiltonian
2025-02-24 15:43:16,447 - DEBUG - Optimizing QAOA circuit...
2025-02-24 15:43:18,716 - DEBUG - Circuit optimization successful
2025-02-24 15:43:18,717 - DEBUG - Circuit optimization successful, final value: -6914.596903096902
2025-02-24 15:43:18,717 - DEBUG - Sampling from optimized circuit...
2025-02-24 15:43:18,741 - DEBUG - Generated 258 unique samples from 1000 total measurements
2025-02-24 15:43:18,741 - DEBUG - 
Top 5 most frequent samples:
2025-02-24 15:43:18,742 - DEBUG -   Rank | Count |   %   
2025-02-24 15:43:18,742 - DEBUG -   -----|-------|-------
2025-02-24 15:43:18,742 - DEBUG -      1 |    48 |   4.8
2025-02-24 15:43:18,743 - DEBUG -     Sample: [0 0 0 0 1 1 1 0 0 1 1 0]
2025-02-24 15:43:18,743 - DEBUG -      2 |    40 |   4.0
2025-02-24 15:43:18,743 - DEBUG -     Sample: [0 0 0 0 1 1 1 0 0 1 0 1]
2025-02-24 15:43:18,743 - DEBUG -      3 |    35 |   3.5
2025-02-24 15:43:18,744 - DEBUG -     Sample: [0 0 0 0 1 0 1 0 0 1 0 0]
2025-02-24 15:43:18,744 - DEBUG -      4 |    31 |   3.1
2025-02-24 15:43:18,744 - DEBUG -     Sample: [0 0 0 0 1 0 1 0 0 1 1 0]
2025-02-24 15:43:18,745 - DEBUG -      5 |    30 |   3.0
2025-02-24 15:43:18,745 - DEBUG -     Sample: [0 0 0 0 0 1 1 0 0 1 1 0]
2025-02-24 15:43:18,747 - DEBUG - Generated 258 unique samples from 1000 total measurements
2025-02-24 15:43:18,752 - INFO -   No feasible solution found in this iteration
2025-02-24 15:43:18,753 - INFO -   Added 2 new constraints: [22, 36]
2025-02-24 15:43:18,754 - INFO - 
Iteration 2:
2025-02-24 15:43:18,755 - DEBUG - Generated Ising Hamiltonian
2025-02-24 15:43:18,993 - DEBUG - Optimizing QAOA circuit...
2025-02-24 15:43:20,923 - DEBUG - Circuit optimization successful
2025-02-24 15:43:20,923 - DEBUG - Circuit optimization successful, final value: -13356.64085914086
2025-02-24 15:43:20,923 - DEBUG - Sampling from optimized circuit...
2025-02-24 15:43:20,953 - DEBUG - Generated 196 unique samples from 1000 total measurements
2025-02-24 15:43:20,953 - DEBUG - 
Top 5 most frequent samples:
2025-02-24 15:43:20,953 - DEBUG -   Rank | Count |   %   
2025-02-24 15:43:20,953 - DEBUG -   -----|-------|-------
2025-02-24 15:43:20,953 - DEBUG -      1 |   107 |  10.7
2025-02-24 15:43:20,954 - DEBUG -     Sample: [0 0 0 1 0 0 1 0 0 0 0 0]
2025-02-24 15:43:20,954 - DEBUG -      2 |    69 |   6.9
2025-02-24 15:43:20,954 - DEBUG -     Sample: [0 0 0 1 0 0 1 0 0 0 0 1]
2025-02-24 15:43:20,954 - DEBUG -      3 |    48 |   4.8
2025-02-24 15:43:20,954 - DEBUG -     Sample: [0 0 0 1 0 0 1 1 0 0 0 0]
2025-02-24 15:43:20,955 - DEBUG -      4 |    47 |   4.7
2025-02-24 15:43:20,955 - DEBUG -     Sample: [1 0 0 1 0 0 1 0 0 0 0 0]
2025-02-24 15:43:20,955 - DEBUG -      5 |    45 |   4.5
2025-02-24 15:43:20,955 - DEBUG -     Sample: [0 0 0 1 0 0 1 0 0 0 1 0]
2025-02-24 15:43:20,956 - DEBUG - Generated 196 unique samples from 1000 total measurements
2025-02-24 15:43:20,961 - INFO -   No feasible solution found in this iteration
2025-02-24 15:43:20,962 - INFO -   Added 1 new constraints: [14]
2025-02-24 15:43:20,962 - INFO - 
Iteration 3:
2025-02-24 15:43:20,962 - DEBUG - Generated Ising Hamiltonian
2025-02-24 15:43:21,220 - DEBUG - Optimizing QAOA circuit...
2025-02-24 15:43:23,384 - DEBUG - Circuit optimization successful
2025-02-24 15:43:23,384 - DEBUG - Circuit optimization successful, final value: -17401.67132867133
2025-02-24 15:43:23,384 - DEBUG - Sampling from optimized circuit...
2025-02-24 15:43:23,408 - DEBUG - Generated 174 unique samples from 1000 total measurements
2025-02-24 15:43:23,408 - DEBUG - 
Top 5 most frequent samples:
2025-02-24 15:43:23,408 - DEBUG -   Rank | Count |   %   
2025-02-24 15:43:23,409 - DEBUG -   -----|-------|-------
2025-02-24 15:43:23,409 - DEBUG -      1 |    88 |   8.8
2025-02-24 15:43:23,409 - DEBUG -     Sample: [1 0 0 1 0 0 1 0 0 0 0 0]
2025-02-24 15:43:23,409 - DEBUG -      2 |    84 |   8.4
2025-02-24 15:43:23,410 - DEBUG -     Sample: [0 0 0 1 0 0 1 0 0 0 0 0]
2025-02-24 15:43:23,410 - DEBUG -      3 |    55 |   5.5
2025-02-24 15:43:23,410 - DEBUG -     Sample: [1 1 0 1 0 0 1 0 0 1 0 0]
2025-02-24 15:43:23,411 - DEBUG -      4 |    50 |   5.0
2025-02-24 15:43:23,411 - DEBUG -     Sample: [1 0 0 1 0 0 1 0 1 0 0 0]
2025-02-24 15:43:23,411 - DEBUG -      5 |    46 |   4.6
2025-02-24 15:43:23,411 - DEBUG -     Sample: [0 0 0 1 0 0 1 0 1 0 0 0]
2025-02-24 15:43:23,412 - DEBUG - Generated 174 unique samples from 1000 total measurements
2025-02-24 15:43:23,416 - INFO -   No feasible solution found in this iteration
2025-02-24 15:43:23,417 - INFO -   No new constraints added, lowered tau multiplier: 1.0 -> 0.9
2025-02-24 15:43:23,417 - INFO -   Added 1 new constraints: [19]
2025-02-24 15:43:23,417 - INFO - 
Iteration 4:
2025-02-24 15:43:23,417 - DEBUG - Generated Ising Hamiltonian
2025-02-24 15:43:23,634 - DEBUG - Optimizing QAOA circuit...
2025-02-24 15:43:26,018 - DEBUG - Circuit optimization successful
2025-02-24 15:43:26,018 - DEBUG - Circuit optimization successful, final value: -13844.222277722276
2025-02-24 15:43:26,019 - DEBUG - Sampling from optimized circuit...
2025-02-24 15:43:26,045 - DEBUG - Generated 335 unique samples from 1000 total measurements
2025-02-24 15:43:26,045 - DEBUG - 
Top 5 most frequent samples:
2025-02-24 15:43:26,045 - DEBUG -   Rank | Count |   %   
2025-02-24 15:43:26,046 - DEBUG -   -----|-------|-------
2025-02-24 15:43:26,046 - DEBUG -      1 |    28 |   2.8
2025-02-24 15:43:26,046 - DEBUG -     Sample: [0 0 0 1 0 1 1 0 0 0 0 1]
2025-02-24 15:43:26,046 - DEBUG -      2 |    23 |   2.3
2025-02-24 15:43:26,046 - DEBUG -     Sample: [0 0 0 1 0 1 1 0 0 0 1 0]
2025-02-24 15:43:26,047 - DEBUG -      3 |    23 |   2.3
2025-02-24 15:43:26,047 - DEBUG -     Sample: [0 0 0 1 0 0 1 0 0 0 0 1]
2025-02-24 15:43:26,047 - DEBUG -      4 |    21 |   2.1
2025-02-24 15:43:26,047 - DEBUG -     Sample: [0 0 0 1 0 0 1 0 0 0 1 0]
2025-02-24 15:43:26,047 - DEBUG -      5 |    18 |   1.8
2025-02-24 15:43:26,048 - DEBUG -     Sample: [0 0 0 1 0 0 1 0 1 0 1 0]
2025-02-24 15:43:26,049 - DEBUG - Generated 335 unique samples from 1000 total measurements
2025-02-24 15:43:26,056 - INFO -   No feasible solution found in this iteration
2025-02-24 15:43:26,056 - INFO -   Added 1 new constraints: [30]
2025-02-24 15:43:26,057 - INFO - 
Iteration 5:
2025-02-24 15:43:26,057 - DEBUG - Generated Ising Hamiltonian
2025-02-24 15:43:26,307 - DEBUG - Optimizing QAOA circuit...
2025-02-24 15:43:28,779 - DEBUG - Circuit optimization successful
2025-02-24 15:43:28,780 - DEBUG - Circuit optimization successful, final value: -7221.504245754246
2025-02-24 15:43:28,780 - DEBUG - Sampling from optimized circuit...
2025-02-24 15:43:28,811 - DEBUG - Generated 463 unique samples from 1000 total measurements
2025-02-24 15:43:28,811 - DEBUG - 
Top 5 most frequent samples:
2025-02-24 15:43:28,811 - DEBUG -   Rank | Count |   %   
2025-02-24 15:43:28,812 - DEBUG -   -----|-------|-------
2025-02-24 15:43:28,812 - DEBUG -      1 |    24 |   2.4
2025-02-24 15:43:28,813 - DEBUG -     Sample: [0 0 1 1 0 0 1 0 0 0 0 0]
2025-02-24 15:43:28,813 - DEBUG -      2 |    18 |   1.8
2025-02-24 15:43:28,813 - DEBUG -     Sample: [0 0 1 1 0 0 1 0 0 0 1 1]
2025-02-24 15:43:28,814 - DEBUG -      3 |    16 |   1.6
2025-02-24 15:43:28,814 - DEBUG -     Sample: [0 0 1 1 0 1 1 0 0 0 1 1]
2025-02-24 15:43:28,814 - DEBUG -      4 |    16 |   1.6
2025-02-24 15:43:28,815 - DEBUG -     Sample: [0 0 1 1 0 1 1 0 0 0 0 0]
2025-02-24 15:43:28,815 - DEBUG -      5 |    15 |   1.5
2025-02-24 15:43:28,816 - DEBUG -     Sample: [0 0 1 1 0 1 1 0 1 0 1 1]
2025-02-24 15:43:28,818 - DEBUG - Generated 463 unique samples from 1000 total measurements
2025-02-24 15:43:28,828 - INFO -   No feasible solution found in this iteration
2025-02-24 15:43:28,829 - INFO -   No new constraints added, lowered tau multiplier: 1.0 -> 0.9
2025-02-24 15:43:28,829 - INFO -   Added 4 new constraints: [25, 27, 32, 35]
2025-02-24 15:43:28,829 - INFO - 
Iteration 6:
2025-02-24 15:43:28,830 - DEBUG - Generated Ising Hamiltonian
2025-02-24 15:43:29,070 - DEBUG - Optimizing QAOA circuit...
2025-02-24 15:43:31,575 - DEBUG - Circuit optimization successful
2025-02-24 15:43:31,576 - DEBUG - Circuit optimization successful, final value: 1556.303946053946
2025-02-24 15:43:31,576 - DEBUG - Sampling from optimized circuit...
2025-02-24 15:43:31,608 - DEBUG - Generated 539 unique samples from 1000 total measurements
2025-02-24 15:43:31,609 - DEBUG - 
Top 5 most frequent samples:
2025-02-24 15:43:31,610 - DEBUG -   Rank | Count |   %   
2025-02-24 15:43:31,610 - DEBUG -   -----|-------|-------
2025-02-24 15:43:31,610 - DEBUG -      1 |    17 |   1.7
2025-02-24 15:43:31,610 - DEBUG -     Sample: [0 0 1 0 1 0 0 0 1 1 0 1]
2025-02-24 15:43:31,610 - DEBUG -      2 |    15 |   1.5
2025-02-24 15:43:31,611 - DEBUG -     Sample: [0 0 1 0 1 0 0 0 1 0 0 1]
2025-02-24 15:43:31,611 - DEBUG -      3 |    13 |   1.3
2025-02-24 15:43:31,611 - DEBUG -     Sample: [1 0 0 0 1 0 0 0 1 1 0 1]
2025-02-24 15:43:31,611 - DEBUG -      4 |    11 |   1.1
2025-02-24 15:43:31,611 - DEBUG -     Sample: [1 0 0 0 1 0 0 0 1 0 0 1]
2025-02-24 15:43:31,612 - DEBUG -      5 |    10 |   1.0
2025-02-24 15:43:31,612 - DEBUG -     Sample: [0 0 1 0 1 0 0 0 0 0 0 1]
2025-02-24 15:43:31,614 - DEBUG - Generated 539 unique samples from 1000 total measurements
2025-02-24 15:43:31,625 - INFO -   No feasible solution found in this iteration
2025-02-24 15:43:31,626 - INFO -   No new constraints added, lowered tau multiplier: 1.0 -> 0.9
2025-02-24 15:43:31,626 - INFO -   Added 3 new constraints: [9, 11, 38]
2025-02-24 15:43:31,627 - INFO - 
Iteration 7:
2025-02-24 15:43:31,627 - DEBUG - Generated Ising Hamiltonian
2025-02-24 15:43:31,849 - DEBUG - Optimizing QAOA circuit...
2025-02-24 15:43:35,041 - DEBUG - Circuit optimization successful
2025-02-24 15:43:35,042 - DEBUG - Circuit optimization successful, final value: 398.2227772227772
2025-02-24 15:43:35,042 - DEBUG - Sampling from optimized circuit...
2025-02-24 15:43:35,074 - DEBUG - Generated 471 unique samples from 1000 total measurements
2025-02-24 15:43:35,074 - DEBUG - 
Top 5 most frequent samples:
2025-02-24 15:43:35,074 - DEBUG -   Rank | Count |   %   
2025-02-24 15:43:35,074 - DEBUG -   -----|-------|-------
2025-02-24 15:43:35,075 - DEBUG -      1 |    23 |   2.3
2025-02-24 15:43:35,075 - DEBUG -     Sample: [1 0 1 1 1 0 0 1 1 0 1 0]
2025-02-24 15:43:35,075 - DEBUG -      2 |    22 |   2.2
2025-02-24 15:43:35,075 - DEBUG -     Sample: [1 0 1 1 1 1 0 1 1 0 1 0]
2025-02-24 15:43:35,075 - DEBUG -      3 |    14 |   1.4
2025-02-24 15:43:35,076 - DEBUG -     Sample: [0 0 0 1 1 0 0 1 0 0 1 0]
2025-02-24 15:43:35,076 - DEBUG -      4 |    14 |   1.4
2025-02-24 15:43:35,076 - DEBUG -     Sample: [1 0 1 1 1 1 0 0 0 0 0 1]
2025-02-24 15:43:35,077 - DEBUG -      5 |    11 |   1.1
2025-02-24 15:43:35,077 - DEBUG -     Sample: [1 0 1 1 0 1 0 1 1 0 1 0]
2025-02-24 15:43:35,078 - DEBUG - Generated 471 unique samples from 1000 total measurements
2025-02-24 15:43:35,088 - INFO -   No feasible solution found in this iteration
2025-02-24 15:43:35,088 - INFO -   No new constraints added, lowered tau multiplier: 1.0 -> 0.9
2025-02-24 15:43:35,089 - INFO -   No new constraints added, lowered tau multiplier: 0.9 -> 0.8
2025-02-24 15:43:35,089 - INFO -   Added 1 new constraints: [24]
2025-02-24 15:43:35,089 - INFO - 
Iteration 8:
2025-02-24 15:43:35,089 - DEBUG - Generated Ising Hamiltonian
2025-02-24 15:43:35,338 - DEBUG - Optimizing QAOA circuit...
2025-02-24 15:43:38,288 - DEBUG - Circuit optimization successful
2025-02-24 15:43:38,289 - DEBUG - Circuit optimization successful, final value: 11861.269730269727
2025-02-24 15:43:38,289 - DEBUG - Sampling from optimized circuit...
2025-02-24 15:43:38,321 - DEBUG - Generated 455 unique samples from 1000 total measurements
2025-02-24 15:43:38,321 - DEBUG - 
Top 5 most frequent samples:
2025-02-24 15:43:38,321 - DEBUG -   Rank | Count |   %   
2025-02-24 15:43:38,321 - DEBUG -   -----|-------|-------
2025-02-24 15:43:38,322 - DEBUG -      1 |    23 |   2.3
2025-02-24 15:43:38,322 - DEBUG -     Sample: [1 1 1 1 1 0 1 1 0 0 0 1]
2025-02-24 15:43:38,322 - DEBUG -      2 |    23 |   2.3
2025-02-24 15:43:38,322 - DEBUG -     Sample: [1 1 1 1 1 0 1 0 0 0 1 1]
2025-02-24 15:43:38,322 - DEBUG -      3 |    17 |   1.7
2025-02-24 15:43:38,323 - DEBUG -     Sample: [1 1 1 1 1 0 1 0 0 0 0 1]
2025-02-24 15:43:38,323 - DEBUG -      4 |    16 |   1.6
2025-02-24 15:43:38,323 - DEBUG -     Sample: [1 0 1 1 1 0 1 0 0 0 1 1]
2025-02-24 15:43:38,323 - DEBUG -      5 |    15 |   1.5
2025-02-24 15:43:38,323 - DEBUG -     Sample: [1 1 0 1 1 0 1 1 0 0 0 1]
2025-02-24 15:43:38,325 - DEBUG - Generated 455 unique samples from 1000 total measurements
2025-02-24 15:43:38,334 - INFO -   No feasible solution found in this iteration
2025-02-24 15:43:38,335 - INFO -   No new constraints added, lowered tau multiplier: 1.0 -> 0.9
2025-02-24 15:43:38,335 - INFO -   Added 1 new constraints: [0]
2025-02-24 15:43:38,335 - INFO - 
Iteration 9:
2025-02-24 15:43:38,335 - DEBUG - Generated Ising Hamiltonian
2025-02-24 15:43:38,584 - DEBUG - Optimizing QAOA circuit...
2025-02-24 15:43:41,437 - DEBUG - Circuit optimization successful
2025-02-24 15:43:41,438 - DEBUG - Circuit optimization successful, final value: 13501.52872127872
2025-02-24 15:43:41,438 - DEBUG - Sampling from optimized circuit...
2025-02-24 15:43:41,476 - DEBUG - Generated 420 unique samples from 1000 total measurements
2025-02-24 15:43:41,476 - DEBUG - 
Top 5 most frequent samples:
2025-02-24 15:43:41,476 - DEBUG -   Rank | Count |   %   
2025-02-24 15:43:41,477 - DEBUG -   -----|-------|-------
2025-02-24 15:43:41,477 - DEBUG -      1 |    31 |   3.1
2025-02-24 15:43:41,477 - DEBUG -     Sample: [1 1 1 1 0 0 1 0 0 0 1 1]
2025-02-24 15:43:41,477 - DEBUG -      2 |    30 |   3.0
2025-02-24 15:43:41,478 - DEBUG -     Sample: [1 1 1 1 0 0 1 0 0 0 0 1]
2025-02-24 15:43:41,478 - DEBUG -      3 |    23 |   2.3
2025-02-24 15:43:41,478 - DEBUG -     Sample: [1 1 0 1 0 0 1 0 0 0 1 1]
2025-02-24 15:43:41,478 - DEBUG -      4 |    22 |   2.2
2025-02-24 15:43:41,478 - DEBUG -     Sample: [1 0 1 1 0 0 1 0 0 0 1 1]
2025-02-24 15:43:41,478 - DEBUG -      5 |    19 |   1.9
2025-02-24 15:43:41,479 - DEBUG -     Sample: [1 1 0 1 1 0 1 0 0 0 1 1]
2025-02-24 15:43:41,480 - DEBUG - Generated 420 unique samples from 1000 total measurements
2025-02-24 15:43:41,489 - INFO -   No feasible solution found in this iteration
2025-02-24 15:43:41,490 - INFO -   No new constraints added, lowered tau multiplier: 1.0 -> 0.9
2025-02-24 15:43:41,490 - INFO -   No new constraints added, lowered tau multiplier: 0.9 -> 0.8
2025-02-24 15:43:41,491 - INFO -   Added 2 new constraints: [1, 6]
2025-02-24 15:43:41,491 - INFO - 
Iteration 10:
2025-02-24 15:43:41,491 - DEBUG - Generated Ising Hamiltonian
2025-02-24 15:43:41,834 - DEBUG - Optimizing QAOA circuit...
2025-02-24 15:43:45,342 - DEBUG - Circuit optimization successful
2025-02-24 15:43:45,343 - DEBUG - Circuit optimization successful, final value: -36873.71103896104
2025-02-24 15:43:45,343 - DEBUG - Sampling from optimized circuit...
2025-02-24 15:43:45,383 - DEBUG - Generated 405 unique samples from 1000 total measurements
2025-02-24 15:43:45,384 - DEBUG - 
Top 5 most frequent samples:
2025-02-24 15:43:45,384 - DEBUG -   Rank | Count |   %   
2025-02-24 15:43:45,384 - DEBUG -   -----|-------|-------
2025-02-24 15:43:45,384 - DEBUG -      1 |    26 |   2.6
2025-02-24 15:43:45,384 - DEBUG -     Sample: [1 0 0 0 1 1 0 0 0 1 0 0]
2025-02-24 15:43:45,386 - DEBUG -      2 |    20 |   2.0
2025-02-24 15:43:45,386 - DEBUG -     Sample: [0 0 0 0 1 1 0 0 0 1 0 0]
2025-02-24 15:43:45,387 - DEBUG -      3 |    18 |   1.8
2025-02-24 15:43:45,387 - DEBUG -     Sample: [0 0 0 0 0 1 0 1 0 1 0 0]
2025-02-24 15:43:45,387 - DEBUG -      4 |    18 |   1.8
2025-02-24 15:43:45,388 - DEBUG -     Sample: [1 0 0 0 0 1 0 0 0 1 0 0]
2025-02-24 15:43:45,389 - DEBUG -      5 |    17 |   1.7
2025-02-24 15:43:45,389 - DEBUG -     Sample: [1 0 0 0 1 1 0 1 0 1 0 0]
2025-02-24 15:43:45,391 - DEBUG - Generated 405 unique samples from 1000 total measurements
2025-02-24 15:43:45,402 - INFO -   No feasible solution found in this iteration
2025-02-24 15:43:45,403 - INFO -   No new constraints added, lowered tau multiplier: 1.0 -> 0.9
2025-02-24 15:43:45,403 - INFO -   Added 6 new constraints: [5, 12, 17, 20, 26, 29]
2025-02-24 15:43:45,403 - INFO - 
Iteration 11:
2025-02-24 15:43:45,404 - DEBUG - Generated Ising Hamiltonian
2025-02-24 15:43:45,640 - DEBUG - Optimizing QAOA circuit...
2025-02-24 15:43:49,230 - DEBUG - Circuit optimization successful
2025-02-24 15:43:49,231 - DEBUG - Circuit optimization successful, final value: 11615.451298701299
2025-02-24 15:43:49,231 - DEBUG - Sampling from optimized circuit...
2025-02-24 15:43:49,272 - DEBUG - Generated 565 unique samples from 1000 total measurements
2025-02-24 15:43:49,273 - DEBUG - 
Top 5 most frequent samples:
2025-02-24 15:43:49,273 - DEBUG -   Rank | Count |   %   
2025-02-24 15:43:49,274 - DEBUG -   -----|-------|-------
2025-02-24 15:43:49,274 - DEBUG -      1 |    17 |   1.7
2025-02-24 15:43:49,274 - DEBUG -     Sample: [1 1 0 0 1 0 0 1 0 1 1 0]
2025-02-24 15:43:49,274 - DEBUG -      2 |    14 |   1.4
2025-02-24 15:43:49,275 - DEBUG -     Sample: [1 0 1 1 1 0 0 1 0 1 0 1]
2025-02-24 15:43:49,275 - DEBUG -      3 |    13 |   1.3
2025-02-24 15:43:49,275 - DEBUG -     Sample: [1 1 1 0 1 0 0 1 0 1 0 1]
2025-02-24 15:43:49,275 - DEBUG -      4 |    10 |   1.0
2025-02-24 15:43:49,275 - DEBUG -     Sample: [1 1 0 0 1 0 0 1 1 1 1 0]
2025-02-24 15:43:49,275 - DEBUG -      5 |    10 |   1.0
2025-02-24 15:43:49,276 - DEBUG -     Sample: [1 1 0 1 1 0 0 1 0 1 1 0]
2025-02-24 15:43:49,277 - DEBUG - Generated 565 unique samples from 1000 total measurements
2025-02-24 15:43:49,283 - INFO - Found feasible solution: [1 0 0 1 1 1 1 0 0 1 0 1] with objective value 304.0
2025-02-24 15:43:49,288 - INFO -   Found feasible solution:
2025-02-24 15:43:49,288 - INFO -     Solution: [1, 0, 0, 1, 1, 1, 1, 0, 0, 1, 0, 1]
2025-02-24 15:43:49,288 - INFO -     Value: 304.0
2025-02-24 15:43:49,289 - INFO -     Gap to reference: 34.51%
2025-02-24 15:43:49,289 - INFO -   Constraint generation solution found:
2025-02-24 15:43:49,289 - INFO -     Solution: [1, 0, 0, 1, 1, 1, 1, 0, 0, 1, 0, 1]
2025-02-24 15:43:49,290 - INFO -     Value: 304.0
2025-02-24 15:43:49,290 - INFO - 
Instance 72 results:
2025-02-24 15:43:49,290 - INFO -   Classical value: 226.0
2025-02-24 15:43:49,290 - INFO -   QAOA value: 0.0
2025-02-24 15:43:49,290 - INFO -   Constraint generation value: 304.0
2025-02-24 15:43:49,291 - INFO - 
Running instance 73/100
2025-02-24 15:43:49,293 - INFO - 
Running Classical Reference Solver (SCIP):
2025-02-24 15:43:49,294 - DEBUG - Problem dimensions: 40 constraints, 12 variables
2025-02-24 15:43:49,294 - DEBUG - Row names: ['ELEM1', 'ELEM2', 'ELEM3', 'ELEM4', 'ELEM5', 'ELEM6', 'ELEM7', 'ELEM8', 'ELEM9', 'ELEM10', 'ELEM11', 'ELEM12', 'ELEM13', 'ELEM14', 'ELEM15', 'ELEM16', 'ELEM17', 'ELEM18', 'ELEM19', 'ELEM20', 'ELEM21', 'ELEM22', 'ELEM23', 'ELEM24', 'ELEM25', 'ELEM26', 'ELEM27', 'ELEM28', 'ELEM29', 'ELEM30', 'ELEM31', 'ELEM32', 'ELEM33', 'ELEM34', 'ELEM35', 'ELEM36', 'ELEM37', 'ELEM38', 'ELEM39', 'ELEM40']
2025-02-24 15:43:49,294 - DEBUG - RHS values: {'ELEM1': 1.0, 'ELEM2': 1.0, 'ELEM3': 1.0, 'ELEM4': 1.0, 'ELEM5': 1.0, 'ELEM6': 1.0, 'ELEM7': 1.0, 'ELEM8': 1.0, 'ELEM9': 1.0, 'ELEM10': 1.0, 'ELEM11': 1.0, 'ELEM12': 1.0, 'ELEM13': 1.0, 'ELEM14': 1.0, 'ELEM15': 1.0, 'ELEM16': 1.0, 'ELEM17': 1.0, 'ELEM18': 1.0, 'ELEM19': 1.0, 'ELEM20': 1.0, 'ELEM21': 1.0, 'ELEM22': 1.0, 'ELEM23': 1.0, 'ELEM24': 1.0, 'ELEM25': 1.0, 'ELEM26': 1.0, 'ELEM27': 1.0, 'ELEM28': 1.0, 'ELEM29': 1.0, 'ELEM30': 1.0, 'ELEM31': 1.0, 'ELEM32': 1.0, 'ELEM33': 1.0, 'ELEM34': 1.0, 'ELEM35': 1.0, 'ELEM36': 1.0, 'ELEM37': 1.0, 'ELEM38': 1.0, 'ELEM39': 1.0, 'ELEM40': 1.0}
2025-02-24 15:43:49,305 - INFO -   Reference solution found:
2025-02-24 15:43:49,306 - INFO -     Solution: [1, 0, 0, 0, 1, 0, 0, 1, 0, 0, 0, 1]
2025-02-24 15:43:49,306 - INFO -     Value: 237.0
2025-02-24 15:43:49,306 - INFO - 
Running QAOA Reference Solution (with all constraints):
