
Problem information:
  Number of variables (n): 12
  Number of constraints (m): 40

Starting reference QAOA with parameters:
  sample_size (total shots): 1000
Added all constraints
No feasible solution found
  QAOA solver found no feasible solution

Running Constraint Generation:

Problem information:
  Number of variables (n): 12
  Number of constraints (m): 40

Running classical reference solver:
  Reference solution found:
    Solution: [0, 1, 1, 0, 0, 0, 0, 0, 1, 0, 1, 0]
    Value: 226.0

Starting quantum constraint generation with parameters:
  sample_size (total shots): 1000
  tau: 0.1
  max_iters: 1000

Iteration 0:
  No feasible solution found in this iteration
  Added 2 new constraints: [8, 28]

Iteration 1:
  No feasible solution found in this iteration
  Added 2 new constraints: [22, 36]

Iteration 2:
  No feasible solution found in this iteration
  Added 1 new constraints: [14]

Iteration 3:
  No feasible solution found in this iteration
  No new constraints added, lowered tau multiplier: 1.0 -> 0.9
  Added 1 new constraints: [19]

Iteration 4:
  No feasible solution found in this iteration
  Added 1 new constraints: [30]

Iteration 5:
  No feasible solution found in this iteration
  No new constraints added, lowered tau multiplier: 1.0 -> 0.9
  Added 4 new constraints: [25, 27, 32, 35]

Iteration 6:
  No feasible solution found in this iteration
  No new constraints added, lowered tau multiplier: 1.0 -> 0.9
  Added 3 new constraints: [9, 11, 38]

Iteration 7:
  No feasible solution found in this iteration
  No new constraints added, lowered tau multiplier: 1.0 -> 0.9
  No new constraints added, lowered tau multiplier: 0.9 -> 0.8
  Added 1 new constraints: [24]

Iteration 8:
  No feasible solution found in this iteration
  No new constraints added, lowered tau multiplier: 1.0 -> 0.9
  Added 1 new constraints: [0]

Iteration 9:
  No feasible solution found in this iteration
  No new constraints added, lowered tau multiplier: 1.0 -> 0.9
  No new constraints added, lowered tau multiplier: 0.9 -> 0.8
  Added 2 new constraints: [1, 6]

Iteration 10:
  No feasible solution found in this iteration
  No new constraints added, lowered tau multiplier: 1.0 -> 0.9
  Added 6 new constraints: [5, 12, 17, 20, 26, 29]

Iteration 11:
Found feasible solution: [1 0 0 1 1 1 1 0 0 1 0 1] with objective value 304.0
  Found feasible solution:
    Solution: [1, 0, 0, 1, 1, 1, 1, 0, 0, 1, 0, 1]
    Value: 304.0
    Gap to reference: 34.51%
  Constraint generation solution found:
    Solution: [1, 0, 0, 1, 1, 1, 1, 0, 0, 1, 0, 1]
    Value: 304.0

Instance 72 results:
  Classical value: 226.0
  QAOA value: 0.0
  Constraint generation value: 304.0

Running instance 73/100

Running Classical Reference Solver (SCIP):
  Reference solution found:
    Solution: [1, 0, 0, 0, 1, 0, 0, 1, 0, 0, 0, 1]
    Value: 237.0

Running QAOA Reference Solution (with all constraints):
