2025-02-24 14:30:26,950 - INFO - 
Problem information:
2025-02-24 14:30:26,951 - INFO -   Number of variables (n): 12
2025-02-24 14:30:26,951 - INFO -   Number of constraints (m): 40
2025-02-24 14:30:26,951 - DEBUG -   Density of A: 25.00%
2025-02-24 14:30:26,951 - INFO - 
Starting reference QAOA with parameters:
2025-02-24 14:30:26,951 - INFO -   sample_size (total shots): 1000
2025-02-24 14:30:26,951 - INFO - Added all constraints
2025-02-24 14:30:26,951 - DEBUG - Generated Ising Hamiltonian
2025-02-24 14:30:27,095 - DEBUG - Optimizing QAOA circuit...
2025-02-24 14:30:31,475 - DEBUG - Circuit optimization successful
2025-02-24 14:30:31,475 - DEBUG - Circuit optimization successful, final value: -263902.48251748254
2025-02-24 14:30:31,476 - DEBUG - Sampling from optimized circuit...
2025-02-24 14:30:31,518 - DEBUG - Generated 196 unique samples from 1000 total measurements
2025-02-24 14:30:31,518 - DEBUG - 
Top 5 most frequent samples:
2025-02-24 14:30:31,519 - DEBUG -   Rank | Count |   %   
2025-02-24 14:30:31,519 - DEBUG -   -----|-------|-------
2025-02-24 14:30:31,519 - DEBUG -      1 |   124 |  12.4
2025-02-24 14:30:31,519 - DEBUG -     Sample: [0 1 0 1 0 0 0 0 0 0 0 0]
2025-02-24 14:30:31,519 - DEBUG -      2 |    62 |   6.2
2025-02-24 14:30:31,519 - DEBUG -     Sample: [0 1 0 1 1 0 0 0 0 0 0 0]
2025-02-24 14:30:31,519 - DEBUG -      3 |    53 |   5.3
2025-02-24 14:30:31,520 - DEBUG -     Sample: [0 0 0 1 0 0 0 0 0 0 0 0]
2025-02-24 14:30:31,520 - DEBUG -      4 |    48 |   4.8
2025-02-24 14:30:31,520 - DEBUG -     Sample: [0 1 0 1 0 0 0 0 0 0 1 0]
2025-02-24 14:30:31,520 - DEBUG -      5 |    46 |   4.6
2025-02-24 14:30:31,520 - DEBUG -     Sample: [0 1 0 1 0 0 1 0 0 0 0 0]
2025-02-24 14:30:31,521 - DEBUG - Generated 196 unique samples from 1000 total measurements
2025-02-24 14:30:31,525 - INFO - No feasible solution found
2025-02-24 14:30:31,525 - INFO -   QAOA solver found no feasible solution
2025-02-24 14:30:31,526 - INFO - 
Running Constraint Generation:
2025-02-24 14:30:31,527 - INFO - 
Problem information:
2025-02-24 14:30:31,527 - INFO -   Number of variables (n): 12
2025-02-24 14:30:31,527 - INFO -   Number of constraints (m): 40
2025-02-24 14:30:31,528 - DEBUG -   Density of A: 25.00%
2025-02-24 14:30:31,528 - INFO - 
Running classical reference solver:
2025-02-24 14:30:31,539 - INFO -   Reference solution found:
2025-02-24 14:30:31,540 - INFO -     Solution: [0, 0, 1, 0, 0, 0, 0, 0, 0, 1, 0, 1]
2025-02-24 14:30:31,540 - INFO -     Value: 127.0
2025-02-24 14:30:31,540 - INFO - 
Starting quantum constraint generation with parameters:
2025-02-24 14:30:31,540 - INFO -   sample_size (total shots): 1000
2025-02-24 14:30:31,540 - INFO -   tau: 0.1
2025-02-24 14:30:31,540 - INFO -   max_iters: 1000
2025-02-24 14:30:31,541 - INFO - 
Iteration 0:
2025-02-24 14:30:31,541 - DEBUG - Generated Ising Hamiltonian
2025-02-24 14:30:31,542 - DEBUG - Optimizing QAOA circuit...
2025-02-24 14:30:37,488 - WARNING - Circuit optimization did not converge
2025-02-24 14:30:37,489 - WARNING - Circuit optimization did not converge
2025-02-24 14:30:37,489 - DEBUG - Sampling from optimized circuit...
2025-02-24 14:30:37,544 - DEBUG - Generated 7 unique samples from 1000 total measurements
2025-02-24 14:30:37,544 - DEBUG - 
Top 5 most frequent samples:
2025-02-24 14:30:37,544 - DEBUG -   Rank | Count |   %   
2025-02-24 14:30:37,544 - DEBUG -   -----|-------|-------
2025-02-24 14:30:37,544 - DEBUG -      1 |   497 |  49.7
2025-02-24 14:30:37,544 - DEBUG -     Sample: [0 0 0 0 0 0 0 0 1 0 0 1]
2025-02-24 14:30:37,544 - DEBUG -      2 |   342 |  34.2
2025-02-24 14:30:37,545 - DEBUG -     Sample: [0 0 0 0 0 0 0 0 1 1 0 1]
2025-02-24 14:30:37,545 - DEBUG -      3 |    75 |   7.5
2025-02-24 14:30:37,545 - DEBUG -     Sample: [0 0 0 0 0 0 0 0 1 0 1 1]
2025-02-24 14:30:37,545 - DEBUG -      4 |    44 |   4.4
2025-02-24 14:30:37,545 - DEBUG -     Sample: [0 0 0 0 0 0 0 0 1 1 1 1]
2025-02-24 14:30:37,545 - DEBUG -      5 |    25 |   2.5
2025-02-24 14:30:37,545 - DEBUG -     Sample: [0 0 0 0 0 0 0 0 0 0 0 1]
2025-02-24 14:30:37,545 - DEBUG - Generated 7 unique samples from 1000 total measurements
2025-02-24 14:30:37,546 - INFO -   No feasible solution found in this iteration
2025-02-24 14:30:37,546 - INFO -   Added 10 new constraints: [1, 4, 6, 9, 22, 23, 26, 35, 37, 39]
2025-02-24 14:30:37,546 - INFO - 
Iteration 1:
2025-02-24 14:30:37,546 - DEBUG - Generated Ising Hamiltonian
2025-02-24 14:30:37,548 - DEBUG - Optimizing QAOA circuit...
2025-02-24 14:30:53,243 - WARNING - Circuit optimization did not converge
2025-02-24 14:30:53,243 - WARNING - Circuit optimization did not converge
2025-02-24 14:30:53,243 - DEBUG - Sampling from optimized circuit...
2025-02-24 14:30:53,287 - DEBUG - Generated 13 unique samples from 1000 total measurements
2025-02-24 14:30:53,287 - DEBUG - 
Top 5 most frequent samples:
2025-02-24 14:30:53,287 - DEBUG -   Rank | Count |   %   
2025-02-24 14:30:53,287 - DEBUG -   -----|-------|-------
2025-02-24 14:30:53,287 - DEBUG -      1 |   635 |  63.5
2025-02-24 14:30:53,288 - DEBUG -     Sample: [0 0 0 0 0 0 0 0 1 0 0 0]
2025-02-24 14:30:53,288 - DEBUG -      2 |   129 |  12.9
2025-02-24 14:30:53,288 - DEBUG -     Sample: [0 0 0 0 0 0 0 0 1 0 0 1]
2025-02-24 14:30:53,288 - DEBUG -      3 |   125 |  12.5
2025-02-24 14:30:53,288 - DEBUG -     Sample: [0 0 0 0 0 0 0 0 1 1 0 0]
2025-02-24 14:30:53,288 - DEBUG -      4 |    46 |   4.6
2025-02-24 14:30:53,289 - DEBUG -     Sample: [0 0 0 0 0 0 0 0 0 0 0 0]
2025-02-24 14:30:53,289 - DEBUG -      5 |    22 |   2.2
2025-02-24 14:30:53,289 - DEBUG -     Sample: [0 0 0 0 0 0 0 0 1 1 0 1]
2025-02-24 14:30:53,289 - DEBUG - Generated 13 unique samples from 1000 total measurements
2025-02-24 14:30:53,289 - INFO -   No feasible solution found in this iteration
2025-02-24 14:30:53,289 - INFO -   No new constraints added, lowered tau multiplier: 1.0 -> 0.9
2025-02-24 14:30:53,289 - INFO -   No new constraints added, lowered tau multiplier: 0.9 -> 0.8
2025-02-24 14:30:53,289 - INFO -   No new constraints added, lowered tau multiplier: 0.8 -> 0.7
2025-02-24 14:30:53,290 - INFO -   No new constraints added, lowered tau multiplier: 0.7 -> 0.6
2025-02-24 14:30:53,290 - INFO -   Added 2 new constraints: [14, 24]
2025-02-24 14:30:53,290 - INFO - 
Iteration 2:
2025-02-24 14:30:53,290 - DEBUG - Generated Ising Hamiltonian
2025-02-24 14:30:53,291 - DEBUG - Optimizing QAOA circuit...
2025-02-24 14:31:03,254 - WARNING - Circuit optimization did not converge
2025-02-24 14:31:03,255 - WARNING - Circuit optimization did not converge
2025-02-24 14:31:03,255 - DEBUG - Sampling from optimized circuit...
2025-02-24 14:31:03,301 - DEBUG - Generated 16 unique samples from 1000 total measurements
2025-02-24 14:31:03,301 - DEBUG - 
Top 5 most frequent samples:
2025-02-24 14:31:03,301 - DEBUG -   Rank | Count |   %   
2025-02-24 14:31:03,301 - DEBUG -   -----|-------|-------
2025-02-24 14:31:03,301 - DEBUG -      1 |   148 |  14.8
2025-02-24 14:31:03,301 - DEBUG -     Sample: [0 0 0 0 0 0 0 0 1 1 0 0]
2025-02-24 14:31:03,301 - DEBUG -      2 |   133 |  13.3
2025-02-24 14:31:03,302 - DEBUG -     Sample: [0 0 0 0 0 0 0 0 0 0 0 0]
2025-02-24 14:31:03,302 - DEBUG -      3 |    98 |   9.8
2025-02-24 14:31:03,302 - DEBUG -     Sample: [0 0 0 0 0 0 0 0 0 0 1 0]
2025-02-24 14:31:03,302 - DEBUG -      4 |    87 |   8.7
2025-02-24 14:31:03,302 - DEBUG -     Sample: [0 0 0 0 0 0 0 0 1 1 1 0]
2025-02-24 14:31:03,302 - DEBUG -      5 |    79 |   7.9
2025-02-24 14:31:03,303 - DEBUG -     Sample: [0 0 0 0 0 0 0 0 0 0 1 1]
2025-02-24 14:31:03,303 - DEBUG - Generated 16 unique samples from 1000 total measurements
2025-02-24 14:31:03,303 - INFO -   No feasible solution found in this iteration
2025-02-24 14:31:03,303 - INFO -   No new constraints added, lowered tau multiplier: 1.0 -> 0.9
2025-02-24 14:31:03,303 - INFO -   No new constraints added, lowered tau multiplier: 0.9 -> 0.8
2025-02-24 14:31:03,303 - INFO -   No new constraints added, lowered tau multiplier: 0.8 -> 0.7
2025-02-24 14:31:03,303 - INFO -   No new constraints added, lowered tau multiplier: 0.7 -> 0.6
2025-02-24 14:31:03,303 - INFO -   No new constraints added, lowered tau multiplier: 0.6 -> 0.5
2025-02-24 14:31:03,304 - INFO -   No new constraints added, lowered tau multiplier: 0.5 -> 0.4
2025-02-24 14:31:03,304 - INFO -   Added 28 new constraints: [0, 2, 3, 5, 7, 8, 10, 11, 12, 13, 15, 16, 17, 18, 19, 20, 21, 25, 27, 28, 29, 30, 31, 32, 33, 34, 36, 38]
2025-02-24 14:31:03,304 - INFO - 
Iteration 3:
2025-02-24 14:31:03,304 - DEBUG - Generated Ising Hamiltonian
2025-02-24 14:31:03,306 - DEBUG - Optimizing QAOA circuit...
2025-02-24 14:31:16,896 - WARNING - Circuit optimization did not converge
2025-02-24 14:31:16,896 - WARNING - Circuit optimization did not converge
2025-02-24 14:31:16,896 - DEBUG - Sampling from optimized circuit...
2025-02-24 14:31:16,955 - DEBUG - Generated 9 unique samples from 1000 total measurements
2025-02-24 14:31:16,955 - DEBUG - 
Top 5 most frequent samples:
2025-02-24 14:31:16,955 - DEBUG -   Rank | Count |   %   
2025-02-24 14:31:16,955 - DEBUG -   -----|-------|-------
2025-02-24 14:31:16,955 - DEBUG -      1 |   520 |  52.0
2025-02-24 14:31:16,955 - DEBUG -     Sample: [0 0 0 0 0 0 0 0 0 0 0 0]
2025-02-24 14:31:16,956 - DEBUG -      2 |   278 |  27.8
2025-02-24 14:31:16,956 - DEBUG -     Sample: [0 0 0 0 0 0 0 0 0 0 0 1]
2025-02-24 14:31:16,956 - DEBUG -      3 |    78 |   7.8
2025-02-24 14:31:16,956 - DEBUG -     Sample: [0 0 0 0 0 0 0 0 1 0 0 0]
2025-02-24 14:31:16,956 - DEBUG -      4 |    47 |   4.7
2025-02-24 14:31:16,956 - DEBUG -     Sample: [0 0 0 0 0 0 0 0 0 1 0 0]
2025-02-24 14:31:16,956 - DEBUG -      5 |    39 |   3.9
2025-02-24 14:31:16,957 - DEBUG -     Sample: [0 0 0 0 0 0 0 0 1 0 0 1]
2025-02-24 14:31:16,957 - DEBUG - Generated 9 unique samples from 1000 total measurements
2025-02-24 14:31:16,957 - INFO -   No feasible solution found in this iteration
2025-02-24 14:31:16,957 - INFO -   All constraints added, exiting
2025-02-24 14:31:16,957 - INFO -   Constraint generation found no feasible solution
2025-02-24 14:31:16,957 - INFO - 
Instance 38 results:
2025-02-24 14:31:16,957 - INFO -   Classical value: 127.0
2025-02-24 14:31:16,957 - INFO -   QAOA value: 0.0
2025-02-24 14:31:16,957 - INFO -   Constraint generation value: 0.0
2025-02-24 14:31:16,958 - INFO - 
Running instance 39/100
2025-02-24 14:31:16,959 - INFO - 
Running Classical Reference Solver (SCIP):
2025-02-24 14:31:16,960 - DEBUG - Problem dimensions: 40 constraints, 12 variables
2025-02-24 14:31:16,960 - DEBUG - Row names: ['ELEM1', 'ELEM2', 'ELEM3', 'ELEM4', 'ELEM5', 'ELEM6', 'ELEM7', 'ELEM8', 'ELEM9', 'ELEM10', 'ELEM11', 'ELEM12', 'ELEM13', 'ELEM14', 'ELEM15', 'ELEM16', 'ELEM17', 'ELEM18', 'ELEM19', 'ELEM20', 'ELEM21', 'ELEM22', 'ELEM23', 'ELEM24', 'ELEM25', 'ELEM26', 'ELEM27', 'ELEM28', 'ELEM29', 'ELEM30', 'ELEM31', 'ELEM32', 'ELEM33', 'ELEM34', 'ELEM35', 'ELEM36', 'ELEM37', 'ELEM38', 'ELEM39', 'ELEM40']
2025-02-24 14:31:16,960 - DEBUG - RHS values: {'ELEM1': 1.0, 'ELEM2': 1.0, 'ELEM3': 1.0, 'ELEM4': 1.0, 'ELEM5': 1.0, 'ELEM6': 1.0, 'ELEM7': 1.0, 'ELEM8': 1.0, 'ELEM9': 1.0, 'ELEM10': 1.0, 'ELEM11': 1.0, 'ELEM12': 1.0, 'ELEM13': 1.0, 'ELEM14': 1.0, 'ELEM15': 1.0, 'ELEM16': 1.0, 'ELEM17': 1.0, 'ELEM18': 1.0, 'ELEM19': 1.0, 'ELEM20': 1.0, 'ELEM21': 1.0, 'ELEM22': 1.0, 'ELEM23': 1.0, 'ELEM24': 1.0, 'ELEM25': 1.0, 'ELEM26': 1.0, 'ELEM27': 1.0, 'ELEM28': 1.0, 'ELEM29': 1.0, 'ELEM30': 1.0, 'ELEM31': 1.0, 'ELEM32': 1.0, 'ELEM33': 1.0, 'ELEM34': 1.0, 'ELEM35': 1.0, 'ELEM36': 1.0, 'ELEM37': 1.0, 'ELEM38': 1.0, 'ELEM39': 1.0, 'ELEM40': 1.0}
2025-02-24 14:31:16,967 - INFO -   Reference solution found:
2025-02-24 14:31:16,968 - INFO -     Solution: [0, 1, 0, 0, 1, 0, 0, 0, 0, 1, 0, 1]
2025-02-24 14:31:16,968 - INFO -     Value: 175.0
2025-02-24 14:31:16,968 - INFO - 
Running QAOA Reference Solution (with all constraints):
