2025-02-23 18:50:36,421 - INFO - 
Problem information:
2025-02-23 18:50:36,421 - INFO -   Number of variables (n): 10
2025-02-23 18:50:36,421 - INFO -   Number of constraints (m): 20
2025-02-23 18:50:36,421 - DEBUG -   Density of A: 50.00%
2025-02-23 18:50:36,421 - INFO - 
Starting reference QAOA with parameters:
2025-02-23 18:50:36,421 - INFO -   sample_size (total shots): 100
2025-02-23 18:50:36,421 - INFO - Added all constraints
2025-02-23 18:50:36,422 - DEBUG - Generated Ising Hamiltonian
2025-02-23 18:50:36,630 - DEBUG - Optimizing QAOA circuit...
2025-02-23 18:50:38,507 - DEBUG - Circuit optimization successful
2025-02-23 18:50:38,507 - DEBUG - Circuit optimization successful, final value: -67344.52347652348
2025-02-23 18:50:38,507 - DEBUG - Sampling from optimized circuit...
2025-02-23 18:50:38,522 - DEBUG - Generated 84 unique samples from 100 total measurements
2025-02-23 18:50:38,522 - DEBUG - 
Top 5 most frequent samples:
2025-02-23 18:50:38,522 - DEBUG -   Rank | Count |   %   
2025-02-23 18:50:38,523 - DEBUG -   -----|-------|-------
2025-02-23 18:50:38,523 - DEBUG -      1 |     3 |   3.0
2025-02-23 18:50:38,523 - DEBUG -     Sample: [0 0 1 1 0 0 0 0 1 1]
2025-02-23 18:50:38,523 - DEBUG -      2 |     3 |   3.0
2025-02-23 18:50:38,523 - DEBUG -     Sample: [1 0 1 1 0 1 0 0 1 1]
2025-02-23 18:50:38,523 - DEBUG -      3 |     2 |   2.0
2025-02-23 18:50:38,524 - DEBUG -     Sample: [1 1 1 1 0 0 0 0 1 1]
2025-02-23 18:50:38,524 - DEBUG -      4 |     2 |   2.0
2025-02-23 18:50:38,524 - DEBUG -     Sample: [0 0 1 0 0 0 0 0 0 0]
2025-02-23 18:50:38,524 - DEBUG -      5 |     2 |   2.0
2025-02-23 18:50:38,524 - DEBUG -     Sample: [1 1 1 1 0 1 0 0 1 1]
2025-02-23 18:50:38,525 - DEBUG - Generated 84 unique samples from 100 total measurements
2025-02-23 18:50:38,526 - INFO - No feasible solution found
2025-02-23 18:50:38,527 - INFO -   QAOA solver found no feasible solution
2025-02-23 18:50:38,527 - INFO - 
Running Constraint Generation:
2025-02-23 18:50:38,529 - INFO - 
Problem information:
2025-02-23 18:50:38,530 - INFO -   Number of variables (n): 10
2025-02-23 18:50:38,530 - INFO -   Number of constraints (m): 20
2025-02-23 18:50:38,530 - DEBUG -   Density of A: 50.00%
2025-02-23 18:50:38,530 - INFO - 
Running classical reference solver:
2025-02-23 18:50:38,542 - INFO -   Reference solution found:
2025-02-23 18:50:38,542 - INFO -     Solution: [0, 0, 0, 0, 0, 0, 1, 0, 1, 0]
2025-02-23 18:50:38,542 - INFO -     Value: 70.0
2025-02-23 18:50:38,542 - INFO - 
Starting quantum constraint generation with parameters:
2025-02-23 18:50:38,543 - INFO -   sample_size (total shots): 100
2025-02-23 18:50:38,543 - INFO -   tau: 0.1
2025-02-23 18:50:38,543 - INFO -   max_iters: 1000
2025-02-23 18:50:38,544 - INFO - 
Iteration 0:
2025-02-23 18:50:38,544 - DEBUG - Generated Ising Hamiltonian
2025-02-23 18:50:38,755 - DEBUG - Optimizing QAOA circuit...
2025-02-23 18:50:39,615 - DEBUG - Circuit optimization successful
2025-02-23 18:50:39,615 - DEBUG - Circuit optimization successful, final value: -219.00199800199803
2025-02-23 18:50:39,615 - DEBUG - Sampling from optimized circuit...
2025-02-23 18:50:39,626 - DEBUG - Generated 27 unique samples from 100 total measurements
2025-02-23 18:50:39,626 - DEBUG - 
Top 5 most frequent samples:
2025-02-23 18:50:39,626 - DEBUG -   Rank | Count |   %   
2025-02-23 18:50:39,626 - DEBUG -   -----|-------|-------
2025-02-23 18:50:39,626 - DEBUG -      1 |    13 |  13.0
2025-02-23 18:50:39,627 - DEBUG -     Sample: [1 1 1 0 1 0 1 0 1 1]
2025-02-23 18:50:39,627 - DEBUG -      2 |    12 |  12.0
2025-02-23 18:50:39,627 - DEBUG -     Sample: [1 0 1 0 1 0 1 1 1 1]
2025-02-23 18:50:39,627 - DEBUG -      3 |    11 |  11.0
2025-02-23 18:50:39,627 - DEBUG -     Sample: [1 0 1 0 1 0 1 0 1 1]
2025-02-23 18:50:39,627 - DEBUG -      4 |     8 |   8.0
2025-02-23 18:50:39,628 - DEBUG -     Sample: [1 0 1 0 1 1 1 0 1 1]
2025-02-23 18:50:39,628 - DEBUG -      5 |     8 |   8.0
2025-02-23 18:50:39,628 - DEBUG -     Sample: [1 1 1 0 1 1 1 0 1 1]
2025-02-23 18:50:39,628 - DEBUG - Generated 27 unique samples from 100 total measurements
2025-02-23 18:50:39,629 - INFO -   No feasible solution found in this iteration
2025-02-23 18:50:39,630 - INFO -   Added 17 new constraints: [0, 1, 2, 3, 4, 7, 8, 10, 11, 12, 13, 14, 15, 16, 17, 18, 19]
2025-02-23 18:50:39,630 - INFO - 
Iteration 1:
2025-02-23 18:50:39,630 - DEBUG - Generated Ising Hamiltonian
2025-02-23 18:50:39,825 - DEBUG - Optimizing QAOA circuit...
2025-02-23 18:50:41,447 - DEBUG - Circuit optimization successful
2025-02-23 18:50:41,447 - DEBUG - Circuit optimization successful, final value: -4844.259240759241
2025-02-23 18:50:41,448 - DEBUG - Sampling from optimized circuit...
2025-02-23 18:50:41,461 - DEBUG - Generated 91 unique samples from 100 total measurements
2025-02-23 18:50:41,461 - DEBUG - 
Top 5 most frequent samples:
2025-02-23 18:50:41,462 - DEBUG -   Rank | Count |   %   
2025-02-23 18:50:41,462 - DEBUG -   -----|-------|-------
2025-02-23 18:50:41,462 - DEBUG -      1 |     2 |   2.0
2025-02-23 18:50:41,462 - DEBUG -     Sample: [1 1 0 0 0 1 0 0 0 0]
2025-02-23 18:50:41,462 - DEBUG -      2 |     2 |   2.0
2025-02-23 18:50:41,463 - DEBUG -     Sample: [1 0 1 1 1 0 1 1 1 0]
2025-02-23 18:50:41,463 - DEBUG -      3 |     2 |   2.0
2025-02-23 18:50:41,463 - DEBUG -     Sample: [1 1 1 1 0 0 1 1 0 1]
2025-02-23 18:50:41,464 - DEBUG -      4 |     2 |   2.0
2025-02-23 18:50:41,464 - DEBUG -     Sample: [1 0 1 1 0 1 0 0 1 0]
2025-02-23 18:50:41,464 - DEBUG -      5 |     2 |   2.0
2025-02-23 18:50:41,465 - DEBUG -     Sample: [0 1 0 1 0 0 1 0 0 0]
2025-02-23 18:50:41,465 - DEBUG - Generated 91 unique samples from 100 total measurements
2025-02-23 18:50:41,468 - INFO -   No feasible solution found in this iteration
2025-02-23 18:50:41,469 - INFO -   Added 1 new constraints: [9]
2025-02-23 18:50:41,469 - INFO - 
Iteration 2:
2025-02-23 18:50:41,470 - DEBUG - Generated Ising Hamiltonian
2025-02-23 18:50:41,666 - DEBUG - Optimizing QAOA circuit...
2025-02-23 18:50:43,219 - DEBUG - Circuit optimization successful
2025-02-23 18:50:43,219 - DEBUG - Circuit optimization successful, final value: 3495.9610389610402
2025-02-23 18:50:43,219 - DEBUG - Sampling from optimized circuit...
2025-02-23 18:50:43,233 - DEBUG - Generated 85 unique samples from 100 total measurements
2025-02-23 18:50:43,233 - DEBUG - 
Top 5 most frequent samples:
2025-02-23 18:50:43,233 - DEBUG -   Rank | Count |   %   
2025-02-23 18:50:43,233 - DEBUG -   -----|-------|-------
2025-02-23 18:50:43,233 - DEBUG -      1 |     4 |   4.0
2025-02-23 18:50:43,234 - DEBUG -     Sample: [0 1 1 0 1 1 0 1 0 0]
2025-02-23 18:50:43,234 - DEBUG -      2 |     3 |   3.0
2025-02-23 18:50:43,234 - DEBUG -     Sample: [0 1 0 1 1 0 1 1 0 0]
2025-02-23 18:50:43,234 - DEBUG -      3 |     2 |   2.0
2025-02-23 18:50:43,234 - DEBUG -     Sample: [1 0 1 0 0 1 1 0 1 0]
2025-02-23 18:50:43,235 - DEBUG -      4 |     2 |   2.0
2025-02-23 18:50:43,235 - DEBUG -     Sample: [0 1 0 1 1 1 1 1 0 0]
2025-02-23 18:50:43,235 - DEBUG -      5 |     2 |   2.0
2025-02-23 18:50:43,235 - DEBUG -     Sample: [0 1 0 0 1 1 0 1 0 0]
2025-02-23 18:50:43,236 - DEBUG - Generated 85 unique samples from 100 total measurements
2025-02-23 18:50:43,237 - INFO -   No feasible solution found in this iteration
2025-02-23 18:50:43,238 - INFO -   No new constraints added, lowered tau multiplier: 1.0 -> 0.9
2025-02-23 18:50:43,239 - INFO -   Added 2 new constraints: [5, 6]
2025-02-23 18:50:43,239 - INFO - 
Iteration 3:
2025-02-23 18:50:43,239 - DEBUG - Generated Ising Hamiltonian
2025-02-23 18:50:43,459 - DEBUG - Optimizing QAOA circuit...
2025-02-23 18:50:45,178 - DEBUG - Circuit optimization successful
2025-02-23 18:50:45,179 - DEBUG - Circuit optimization successful, final value: 19698.009990009992
2025-02-23 18:50:45,179 - DEBUG - Sampling from optimized circuit...
2025-02-23 18:50:45,191 - DEBUG - Generated 95 unique samples from 100 total measurements
2025-02-23 18:50:45,191 - DEBUG - 
Top 5 most frequent samples:
2025-02-23 18:50:45,192 - DEBUG -   Rank | Count |   %   
2025-02-23 18:50:45,192 - DEBUG -   -----|-------|-------
2025-02-23 18:50:45,192 - DEBUG -      1 |     2 |   2.0
2025-02-23 18:50:45,192 - DEBUG -     Sample: [1 0 0 1 0 1 0 1 0 1]
2025-02-23 18:50:45,192 - DEBUG -      2 |     2 |   2.0
2025-02-23 18:50:45,192 - DEBUG -     Sample: [1 1 1 0 0 0 0 1 1 1]
2025-02-23 18:50:45,193 - DEBUG -      3 |     2 |   2.0
2025-02-23 18:50:45,193 - DEBUG -     Sample: [1 1 1 1 0 1 1 1 1 1]
2025-02-23 18:50:45,193 - DEBUG -      4 |     2 |   2.0
2025-02-23 18:50:45,193 - DEBUG -     Sample: [1 0 0 1 0 1 1 1 1 1]
2025-02-23 18:50:45,193 - DEBUG -      5 |     2 |   2.0
2025-02-23 18:50:45,193 - DEBUG -     Sample: [1 1 0 1 1 1 1 0 1 0]
2025-02-23 18:50:45,194 - DEBUG - Generated 95 unique samples from 100 total measurements
2025-02-23 18:50:45,195 - INFO -   No feasible solution found in this iteration
2025-02-23 18:50:45,196 - INFO -   All constraints added, exiting
2025-02-23 18:50:45,196 - INFO -   Constraint generation found no feasible solution
2025-02-23 18:50:45,196 - INFO - 
Instance 54 results:
2025-02-23 18:50:45,196 - INFO -   Classical value: 70.0
2025-02-23 18:50:45,196 - INFO -   QAOA value: 0.0
2025-02-23 18:50:45,197 - INFO -   Constraint generation value: 0.0
2025-02-23 18:50:45,197 - INFO - 
Running instance 55/100
2025-02-23 18:50:45,198 - INFO - 
Running Classical Reference Solver (SCIP):
2025-02-23 18:50:45,199 - DEBUG - Problem dimensions: 20 constraints, 10 variables
2025-02-23 18:50:45,199 - DEBUG - Row names: ['ELEM1', 'ELEM2', 'ELEM3', 'ELEM4', 'ELEM5', 'ELEM6', 'ELEM7', 'ELEM8', 'ELEM9', 'ELEM10', 'ELEM11', 'ELEM12', 'ELEM13', 'ELEM14', 'ELEM15', 'ELEM16', 'ELEM17', 'ELEM18', 'ELEM19', 'ELEM20']
2025-02-23 18:50:45,199 - DEBUG - RHS values: {'ELEM1': 1.0, 'ELEM2': 1.0, 'ELEM3': 1.0, 'ELEM4': 1.0, 'ELEM5': 1.0, 'ELEM6': 1.0, 'ELEM7': 1.0, 'ELEM8': 1.0, 'ELEM9': 1.0, 'ELEM10': 1.0, 'ELEM11': 1.0, 'ELEM12': 1.0, 'ELEM13': 1.0, 'ELEM14': 1.0, 'ELEM15': 1.0, 'ELEM16': 1.0, 'ELEM17': 1.0, 'ELEM18': 1.0, 'ELEM19': 1.0, 'ELEM20': 1.0}
2025-02-23 18:50:45,210 - INFO -   Reference solution found:
2025-02-23 18:50:45,210 - INFO -     Solution: [1, 1, 0, 0, 0, 0, 0, 0, 0, 0]
2025-02-23 18:50:45,210 - INFO -     Value: 33.0
2025-02-23 18:50:45,210 - INFO - 
Running QAOA Reference Solution (with all constraints):
