2025-02-24 14:46:28,649 - INFO - 
Problem information:
2025-02-24 14:46:28,649 - INFO -   Number of variables (n): 12
2025-02-24 14:46:28,649 - INFO -   Number of constraints (m): 40
2025-02-24 14:46:28,650 - DEBUG -   Density of A: 25.00%
2025-02-24 14:46:28,650 - INFO - 
Starting reference QAOA with parameters:
2025-02-24 14:46:28,650 - INFO -   sample_size (total shots): 1000
2025-02-24 14:46:28,650 - INFO - Added all constraints
2025-02-24 14:46:28,650 - DEBUG - Generated Ising Hamiltonian
2025-02-24 14:46:28,778 - DEBUG - Optimizing QAOA circuit...
2025-02-24 14:46:32,910 - DEBUG - Circuit optimization successful
2025-02-24 14:46:32,910 - DEBUG - Circuit optimization successful, final value: -45051.78621378619
2025-02-24 14:46:32,910 - DEBUG - Sampling from optimized circuit...
2025-02-24 14:46:32,945 - DEBUG - Generated 333 unique samples from 1000 total measurements
2025-02-24 14:46:32,946 - DEBUG - 
Top 5 most frequent samples:
2025-02-24 14:46:32,946 - DEBUG -   Rank | Count |   %   
2025-02-24 14:46:32,946 - DEBUG -   -----|-------|-------
2025-02-24 14:46:32,946 - DEBUG -      1 |    77 |   7.7
2025-02-24 14:46:32,947 - DEBUG -     Sample: [0 0 1 0 1 1 0 0 1 1 0 0]
2025-02-24 14:46:32,947 - DEBUG -      2 |    61 |   6.1
2025-02-24 14:46:32,947 - DEBUG -     Sample: [0 0 0 0 1 1 0 0 1 1 0 0]
2025-02-24 14:46:32,947 - DEBUG -      3 |    38 |   3.8
2025-02-24 14:46:32,947 - DEBUG -     Sample: [0 0 0 0 0 1 0 0 1 1 0 0]
2025-02-24 14:46:32,947 - DEBUG -      4 |    38 |   3.8
2025-02-24 14:46:32,947 - DEBUG -     Sample: [0 0 1 0 0 1 0 0 1 1 0 0]
2025-02-24 14:46:32,947 - DEBUG -      5 |    25 |   2.5
2025-02-24 14:46:32,948 - DEBUG -     Sample: [1 0 1 0 1 0 0 0 1 1 0 0]
2025-02-24 14:46:32,948 - DEBUG - Generated 333 unique samples from 1000 total measurements
2025-02-24 14:46:32,953 - INFO - No feasible solution found
2025-02-24 14:46:32,953 - INFO -   QAOA solver found no feasible solution
2025-02-24 14:46:32,953 - INFO - 
Running Constraint Generation:
2025-02-24 14:46:32,954 - INFO - 
Problem information:
2025-02-24 14:46:32,954 - INFO -   Number of variables (n): 12
2025-02-24 14:46:32,955 - INFO -   Number of constraints (m): 40
2025-02-24 14:46:32,955 - DEBUG -   Density of A: 25.00%
2025-02-24 14:46:32,955 - INFO - 
Running classical reference solver:
2025-02-24 14:46:32,965 - INFO -   Reference solution found:
2025-02-24 14:46:32,965 - INFO -     Solution: [0, 0, 0, 0, 0, 1, 1, 0, 0, 0, 0, 1]
2025-02-24 14:46:32,966 - INFO -     Value: 69.0
2025-02-24 14:46:32,966 - INFO - 
Starting quantum constraint generation with parameters:
2025-02-24 14:46:32,966 - INFO -   sample_size (total shots): 1000
2025-02-24 14:46:32,966 - INFO -   tau: 0.1
2025-02-24 14:46:32,966 - INFO -   max_iters: 1000
2025-02-24 14:46:32,966 - INFO - 
Iteration 0:
2025-02-24 14:46:32,967 - DEBUG - Generated Ising Hamiltonian
2025-02-24 14:46:32,967 - DEBUG - Optimizing QAOA circuit...
2025-02-24 14:46:34,518 - WARNING - Circuit optimization did not converge
2025-02-24 14:46:34,518 - WARNING - Circuit optimization did not converge
2025-02-24 14:46:34,519 - DEBUG - Sampling from optimized circuit...
2025-02-24 14:46:34,573 - DEBUG - Generated 12 unique samples from 1000 total measurements
2025-02-24 14:46:34,573 - DEBUG - 
Top 5 most frequent samples:
2025-02-24 14:46:34,573 - DEBUG -   Rank | Count |   %   
2025-02-24 14:46:34,573 - DEBUG -   -----|-------|-------
2025-02-24 14:46:34,573 - DEBUG -      1 |   555 |  55.5
2025-02-24 14:46:34,573 - DEBUG -     Sample: [0 0 0 0 0 0 0 0 0 0 1 1]
2025-02-24 14:46:34,573 - DEBUG -      2 |   184 |  18.4
2025-02-24 14:46:34,573 - DEBUG -     Sample: [0 0 0 0 0 0 0 0 0 1 1 1]
2025-02-24 14:46:34,574 - DEBUG -      3 |   136 |  13.6
2025-02-24 14:46:34,574 - DEBUG -     Sample: [0 0 0 0 0 0 0 0 0 0 1 0]
2025-02-24 14:46:34,574 - DEBUG -      4 |    45 |   4.5
2025-02-24 14:46:34,574 - DEBUG -     Sample: [0 0 0 0 0 0 0 0 1 0 1 1]
2025-02-24 14:46:34,574 - DEBUG -      5 |    34 |   3.4
2025-02-24 14:46:34,574 - DEBUG -     Sample: [0 0 0 0 0 0 0 0 0 1 1 0]
2025-02-24 14:46:34,574 - DEBUG - Generated 12 unique samples from 1000 total measurements
2025-02-24 14:46:34,574 - INFO -   No feasible solution found in this iteration
2025-02-24 14:46:34,575 - INFO -   Added 12 new constraints: [0, 2, 3, 4, 5, 12, 23, 24, 26, 37, 38, 39]
2025-02-24 14:46:34,575 - INFO - 
Iteration 1:
2025-02-24 14:46:34,575 - DEBUG - Generated Ising Hamiltonian
2025-02-24 14:46:34,576 - DEBUG - Optimizing QAOA circuit...
2025-02-24 14:46:47,931 - WARNING - Circuit optimization did not converge
2025-02-24 14:46:47,932 - WARNING - Circuit optimization did not converge
2025-02-24 14:46:47,932 - DEBUG - Sampling from optimized circuit...
2025-02-24 14:46:48,000 - DEBUG - Generated 12 unique samples from 1000 total measurements
2025-02-24 14:46:48,000 - DEBUG - 
Top 5 most frequent samples:
2025-02-24 14:46:48,000 - DEBUG -   Rank | Count |   %   
2025-02-24 14:46:48,000 - DEBUG -   -----|-------|-------
2025-02-24 14:46:48,000 - DEBUG -      1 |   457 |  45.7
2025-02-24 14:46:48,001 - DEBUG -     Sample: [0 0 0 0 0 0 0 0 0 1 0 0]
2025-02-24 14:46:48,001 - DEBUG -      2 |   398 |  39.8
2025-02-24 14:46:48,001 - DEBUG -     Sample: [0 0 0 0 0 0 0 0 0 0 0 0]
2025-02-24 14:46:48,001 - DEBUG -      3 |    34 |   3.4
2025-02-24 14:46:48,001 - DEBUG -     Sample: [0 0 0 0 0 0 0 0 0 1 1 0]
2025-02-24 14:46:48,001 - DEBUG -      4 |    32 |   3.2
2025-02-24 14:46:48,001 - DEBUG -     Sample: [0 0 0 0 0 0 0 0 0 0 1 0]
2025-02-24 14:46:48,001 - DEBUG -      5 |    25 |   2.5
2025-02-24 14:46:48,001 - DEBUG -     Sample: [0 0 0 0 0 0 0 0 0 0 0 1]
2025-02-24 14:46:48,002 - DEBUG - Generated 12 unique samples from 1000 total measurements
2025-02-24 14:46:48,002 - INFO -   No feasible solution found in this iteration
2025-02-24 14:46:48,002 - INFO -   No new constraints added, lowered tau multiplier: 1.0 -> 0.9
2025-02-24 14:46:48,002 - INFO -   No new constraints added, lowered tau multiplier: 0.9 -> 0.8
2025-02-24 14:46:48,002 - INFO -   No new constraints added, lowered tau multiplier: 0.8 -> 0.7
2025-02-24 14:46:48,003 - INFO -   No new constraints added, lowered tau multiplier: 0.7 -> 0.6
2025-02-24 14:46:48,003 - INFO -   Added 5 new constraints: [11, 14, 16, 27, 28]
2025-02-24 14:46:48,003 - INFO - 
Iteration 2:
2025-02-24 14:46:48,003 - DEBUG - Generated Ising Hamiltonian
2025-02-24 14:46:48,005 - DEBUG - Optimizing QAOA circuit...
2025-02-24 14:46:55,401 - WARNING - Circuit optimization did not converge
2025-02-24 14:46:55,402 - WARNING - Circuit optimization did not converge
2025-02-24 14:46:55,402 - DEBUG - Sampling from optimized circuit...
2025-02-24 14:46:55,459 - DEBUG - Generated 10 unique samples from 1000 total measurements
2025-02-24 14:46:55,460 - DEBUG - 
Top 5 most frequent samples:
2025-02-24 14:46:55,460 - DEBUG -   Rank | Count |   %   
2025-02-24 14:46:55,460 - DEBUG -   -----|-------|-------
2025-02-24 14:46:55,460 - DEBUG -      1 |   438 |  43.8
2025-02-24 14:46:55,460 - DEBUG -     Sample: [0 0 0 0 0 0 0 0 0 1 0 0]
2025-02-24 14:46:55,460 - DEBUG -      2 |   421 |  42.1
2025-02-24 14:46:55,460 - DEBUG -     Sample: [0 0 0 0 0 0 0 0 0 0 0 0]
2025-02-24 14:46:55,460 - DEBUG -      3 |    50 |   5.0
2025-02-24 14:46:55,461 - DEBUG -     Sample: [0 0 0 0 0 0 0 0 0 1 1 0]
2025-02-24 14:46:55,461 - DEBUG -      4 |    33 |   3.3
2025-02-24 14:46:55,461 - DEBUG -     Sample: [0 0 0 0 0 0 0 0 0 0 1 0]
2025-02-24 14:46:55,461 - DEBUG -      5 |    23 |   2.3
2025-02-24 14:46:55,461 - DEBUG -     Sample: [0 0 0 0 0 0 0 0 1 1 0 0]
2025-02-24 14:46:55,461 - DEBUG - Generated 10 unique samples from 1000 total measurements
2025-02-24 14:46:55,461 - INFO -   No feasible solution found in this iteration
2025-02-24 14:46:55,462 - INFO -   No new constraints added, lowered tau multiplier: 1.0 -> 0.9
2025-02-24 14:46:55,462 - INFO -   No new constraints added, lowered tau multiplier: 0.9 -> 0.8
2025-02-24 14:46:55,462 - INFO -   No new constraints added, lowered tau multiplier: 0.8 -> 0.7
2025-02-24 14:46:55,462 - INFO -   No new constraints added, lowered tau multiplier: 0.7 -> 0.6
2025-02-24 14:46:55,462 - INFO -   No new constraints added, lowered tau multiplier: 0.6 -> 0.5
2025-02-24 14:46:55,462 - INFO -   Added 8 new constraints: [8, 10, 15, 20, 21, 22, 31, 36]
2025-02-24 14:46:55,463 - INFO - 
Iteration 3:
2025-02-24 14:46:55,463 - DEBUG - Generated Ising Hamiltonian
2025-02-24 14:46:55,465 - DEBUG - Optimizing QAOA circuit...
2025-02-24 14:47:13,428 - WARNING - Circuit optimization did not converge
2025-02-24 14:47:13,429 - WARNING - Circuit optimization did not converge
2025-02-24 14:47:13,429 - DEBUG - Sampling from optimized circuit...
2025-02-24 14:47:13,510 - DEBUG - Generated 15 unique samples from 1000 total measurements
2025-02-24 14:47:13,510 - DEBUG - 
Top 5 most frequent samples:
2025-02-24 14:47:13,510 - DEBUG -   Rank | Count |   %   
2025-02-24 14:47:13,510 - DEBUG -   -----|-------|-------
2025-02-24 14:47:13,510 - DEBUG -      1 |   302 |  30.2
2025-02-24 14:47:13,510 - DEBUG -     Sample: [0 0 0 0 0 0 0 0 1 0 1 1]
2025-02-24 14:47:13,510 - DEBUG -      2 |   215 |  21.5
2025-02-24 14:47:13,511 - DEBUG -     Sample: [0 0 0 0 0 0 0 0 1 1 1 1]
2025-02-24 14:47:13,511 - DEBUG -      3 |   112 |  11.2
2025-02-24 14:47:13,511 - DEBUG -     Sample: [0 0 0 0 0 0 0 0 1 0 0 1]
2025-02-24 14:47:13,511 - DEBUG -      4 |   101 |  10.1
2025-02-24 14:47:13,511 - DEBUG -     Sample: [0 0 0 0 0 0 0 0 1 1 0 1]
2025-02-24 14:47:13,511 - DEBUG -      5 |    85 |   8.5
2025-02-24 14:47:13,511 - DEBUG -     Sample: [0 0 0 0 0 0 0 0 1 0 1 0]
2025-02-24 14:47:13,511 - DEBUG - Generated 15 unique samples from 1000 total measurements
2025-02-24 14:47:13,512 - INFO -   No feasible solution found in this iteration
2025-02-24 14:47:13,512 - INFO -   No new constraints added, lowered tau multiplier: 1.0 -> 0.9
2025-02-24 14:47:13,512 - INFO -   No new constraints added, lowered tau multiplier: 0.9 -> 0.8
2025-02-24 14:47:13,512 - INFO -   No new constraints added, lowered tau multiplier: 0.8 -> 0.7
2025-02-24 14:47:13,512 - INFO -   No new constraints added, lowered tau multiplier: 0.7 -> 0.6
2025-02-24 14:47:13,512 - INFO -   No new constraints added, lowered tau multiplier: 0.6 -> 0.5
2025-02-24 14:47:13,512 - INFO -   Added 14 new constraints: [1, 6, 7, 9, 13, 17, 18, 19, 25, 29, 32, 33, 34, 35]
2025-02-24 14:47:13,513 - INFO - 
Iteration 4:
2025-02-24 14:47:13,513 - DEBUG - Generated Ising Hamiltonian
2025-02-24 14:47:13,515 - DEBUG - Optimizing QAOA circuit...
2025-02-24 14:47:22,583 - WARNING - Circuit optimization did not converge
2025-02-24 14:47:22,583 - WARNING - Circuit optimization did not converge
2025-02-24 14:47:22,583 - DEBUG - Sampling from optimized circuit...
2025-02-24 14:47:22,644 - DEBUG - Generated 8 unique samples from 1000 total measurements
2025-02-24 14:47:22,644 - DEBUG - 
Top 5 most frequent samples:
2025-02-24 14:47:22,644 - DEBUG -   Rank | Count |   %   
2025-02-24 14:47:22,644 - DEBUG -   -----|-------|-------
2025-02-24 14:47:22,645 - DEBUG -      1 |   657 |  65.7
2025-02-24 14:47:22,645 - DEBUG -     Sample: [0 0 0 0 0 0 0 0 1 1 0 0]
2025-02-24 14:47:22,645 - DEBUG -      2 |   247 |  24.7
2025-02-24 14:47:22,645 - DEBUG -     Sample: [0 0 0 0 0 0 0 0 1 0 0 0]
2025-02-24 14:47:22,645 - DEBUG -      3 |    74 |   7.4
2025-02-24 14:47:22,645 - DEBUG -     Sample: [0 0 0 0 0 0 0 0 1 1 0 1]
2025-02-24 14:47:22,645 - DEBUG -      4 |    17 |   1.7
2025-02-24 14:47:22,646 - DEBUG -     Sample: [0 0 0 0 0 0 0 0 1 0 0 1]
2025-02-24 14:47:22,646 - DEBUG -      5 |     2 |   0.2
2025-02-24 14:47:22,646 - DEBUG -     Sample: [0 0 0 0 0 0 0 0 0 1 0 0]
2025-02-24 14:47:22,646 - DEBUG - Generated 8 unique samples from 1000 total measurements
2025-02-24 14:47:22,646 - INFO -   No feasible solution found in this iteration
2025-02-24 14:47:22,646 - INFO -   No new constraints added, lowered tau multiplier: 1.0 -> 0.9
2025-02-24 14:47:22,646 - INFO -   No new constraints added, lowered tau multiplier: 0.9 -> 0.8
2025-02-24 14:47:22,646 - INFO -   No new constraints added, lowered tau multiplier: 0.8 -> 0.7
2025-02-24 14:47:22,647 - INFO -   No new constraints added, lowered tau multiplier: 0.7 -> 0.6
2025-02-24 14:47:22,647 - INFO -   No new constraints added, lowered tau multiplier: 0.6 -> 0.5
2025-02-24 14:47:22,647 - INFO -   No new constraints added, lowered tau multiplier: 0.5 -> 0.4
2025-02-24 14:47:22,647 - INFO -   No new constraints added, lowered tau multiplier: 0.4 -> 0.3
2025-02-24 14:47:22,647 - INFO -   Added 1 new constraints: [30]
2025-02-24 14:47:22,647 - INFO - 
Iteration 5:
2025-02-24 14:47:22,647 - DEBUG - Generated Ising Hamiltonian
2025-02-24 14:47:22,649 - DEBUG - Optimizing QAOA circuit...
2025-02-24 14:47:32,006 - WARNING - Circuit optimization did not converge
2025-02-24 14:47:32,007 - WARNING - Circuit optimization did not converge
2025-02-24 14:47:32,007 - DEBUG - Sampling from optimized circuit...
2025-02-24 14:47:32,069 - DEBUG - Generated 6 unique samples from 1000 total measurements
2025-02-24 14:47:32,069 - DEBUG - 
Top 5 most frequent samples:
2025-02-24 14:47:32,070 - DEBUG -   Rank | Count |   %   
2025-02-24 14:47:32,070 - DEBUG -   -----|-------|-------
2025-02-24 14:47:32,070 - DEBUG -      1 |   654 |  65.4
2025-02-24 14:47:32,070 - DEBUG -     Sample: [0 0 0 0 0 0 0 0 0 1 0 1]
2025-02-24 14:47:32,070 - DEBUG -      2 |   256 |  25.6
2025-02-24 14:47:32,070 - DEBUG -     Sample: [0 0 0 0 0 0 0 0 0 0 0 1]
2025-02-24 14:47:32,070 - DEBUG -      3 |    57 |   5.7
2025-02-24 14:47:32,071 - DEBUG -     Sample: [0 0 0 0 0 0 0 0 1 1 0 1]
2025-02-24 14:47:32,071 - DEBUG -      4 |    30 |   3.0
2025-02-24 14:47:32,071 - DEBUG -     Sample: [0 0 0 0 0 0 0 0 1 0 0 1]
2025-02-24 14:47:32,071 - DEBUG -      5 |     2 |   0.2
2025-02-24 14:47:32,071 - DEBUG -     Sample: [0 0 0 0 0 0 0 0 0 1 0 0]
2025-02-24 14:47:32,071 - DEBUG - Generated 6 unique samples from 1000 total measurements
2025-02-24 14:47:32,071 - INFO -   No feasible solution found in this iteration
2025-02-24 14:47:32,071 - INFO -   All constraints added, exiting
2025-02-24 14:47:32,072 - INFO -   Constraint generation found no feasible solution
2025-02-24 14:47:32,072 - INFO - 
Instance 63 results:
2025-02-24 14:47:32,072 - INFO -   Classical value: 69.0
2025-02-24 14:47:32,072 - INFO -   QAOA value: 0.0
2025-02-24 14:47:32,072 - INFO -   Constraint generation value: 0.0
2025-02-24 14:47:32,072 - INFO - 
Running instance 64/100
2025-02-24 14:47:32,073 - INFO - 
Running Classical Reference Solver (SCIP):
2025-02-24 14:47:32,074 - DEBUG - Problem dimensions: 40 constraints, 12 variables
2025-02-24 14:47:32,074 - DEBUG - Row names: ['ELEM1', 'ELEM2', 'ELEM3', 'ELEM4', 'ELEM5', 'ELEM6', 'ELEM7', 'ELEM8', 'ELEM9', 'ELEM10', 'ELEM11', 'ELEM12', 'ELEM13', 'ELEM14', 'ELEM15', 'ELEM16', 'ELEM17', 'ELEM18', 'ELEM19', 'ELEM20', 'ELEM21', 'ELEM22', 'ELEM23', 'ELEM24', 'ELEM25', 'ELEM26', 'ELEM27', 'ELEM28', 'ELEM29', 'ELEM30', 'ELEM31', 'ELEM32', 'ELEM33', 'ELEM34', 'ELEM35', 'ELEM36', 'ELEM37', 'ELEM38', 'ELEM39', 'ELEM40']
2025-02-24 14:47:32,074 - DEBUG - RHS values: {'ELEM1': 1.0, 'ELEM2': 1.0, 'ELEM3': 1.0, 'ELEM4': 1.0, 'ELEM5': 1.0, 'ELEM6': 1.0, 'ELEM7': 1.0, 'ELEM8': 1.0, 'ELEM9': 1.0, 'ELEM10': 1.0, 'ELEM11': 1.0, 'ELEM12': 1.0, 'ELEM13': 1.0, 'ELEM14': 1.0, 'ELEM15': 1.0, 'ELEM16': 1.0, 'ELEM17': 1.0, 'ELEM18': 1.0, 'ELEM19': 1.0, 'ELEM20': 1.0, 'ELEM21': 1.0, 'ELEM22': 1.0, 'ELEM23': 1.0, 'ELEM24': 1.0, 'ELEM25': 1.0, 'ELEM26': 1.0, 'ELEM27': 1.0, 'ELEM28': 1.0, 'ELEM29': 1.0, 'ELEM30': 1.0, 'ELEM31': 1.0, 'ELEM32': 1.0, 'ELEM33': 1.0, 'ELEM34': 1.0, 'ELEM35': 1.0, 'ELEM36': 1.0, 'ELEM37': 1.0, 'ELEM38': 1.0, 'ELEM39': 1.0, 'ELEM40': 1.0}
2025-02-24 14:47:32,083 - INFO -   Reference solution found:
2025-02-24 14:47:32,083 - INFO -     Solution: [1, 1, 0, 0, 0, 0, 0, 0, 1, 0, 1, 0]
2025-02-24 14:47:32,083 - INFO -     Value: 244.0
2025-02-24 14:47:32,083 - INFO - 
Running QAOA Reference Solution (with all constraints):
