2025-02-24 16:56:18,800 - INFO - 
Problem information:
2025-02-24 16:56:18,800 - INFO -   Number of variables (n): 8
2025-02-24 16:56:18,800 - INFO -   Number of constraints (m): 25
2025-02-24 16:56:18,800 - DEBUG -   Density of A: 31.00%
2025-02-24 16:56:18,800 - INFO - 
Starting reference QAOA with parameters:
2025-02-24 16:56:18,800 - INFO -   sample_size (total shots): 500
2025-02-24 16:56:18,801 - INFO - Added all constraints
2025-02-24 16:56:18,801 - DEBUG - Generated Ising Hamiltonian
2025-02-24 16:56:19,109 - DEBUG - Optimizing QAOA circuit...
2025-02-24 16:56:21,748 - DEBUG - Circuit optimization successful
2025-02-24 16:56:21,748 - DEBUG - Circuit optimization successful, final value: 5830.8151848151865
2025-02-24 16:56:21,748 - DEBUG - Sampling from optimized circuit...
2025-02-24 16:56:21,771 - DEBUG - Generated 178 unique samples from 500 total measurements
2025-02-24 16:56:21,771 - DEBUG - 
Top 5 most frequent samples:
2025-02-24 16:56:21,771 - DEBUG -   Rank | Count |   %   
2025-02-24 16:56:21,772 - DEBUG -   -----|-------|-------
2025-02-24 16:56:21,772 - DEBUG -      1 |    12 |   2.4
2025-02-24 16:56:21,772 - DEBUG -     Sample: [0 1 0 1 1 0 0 0]
2025-02-24 16:56:21,772 - DEBUG -      2 |    11 |   2.2
2025-02-24 16:56:21,772 - DEBUG -     Sample: [1 1 0 1 1 1 0 0]
2025-02-24 16:56:21,772 - DEBUG -      3 |    10 |   2.0
2025-02-24 16:56:21,773 - DEBUG -     Sample: [1 1 0 1 1 0 0 0]
2025-02-24 16:56:21,773 - DEBUG -      4 |     9 |   1.8
2025-02-24 16:56:21,773 - DEBUG -     Sample: [1 0 1 0 1 1 0 1]
2025-02-24 16:56:21,774 - DEBUG -      5 |     9 |   1.8
2025-02-24 16:56:21,774 - DEBUG -     Sample: [0 0 0 1 0 0 0 0]
2025-02-24 16:56:21,775 - DEBUG - Generated 178 unique samples from 500 total measurements
2025-02-24 16:56:21,776 - INFO - Found feasible solution: [1 1 0 0 0 1 0 0] with objective value 153.0
2025-02-24 16:56:21,779 - INFO - Found feasible solution: [0 0 1 1 1 0 1 0] with objective value 148.0
2025-02-24 16:56:21,780 - INFO - Found feasible solution:
2025-02-24 16:56:21,780 - INFO -   Solution: [0, 0, 1, 1, 1, 0, 1, 0]
2025-02-24 16:56:21,781 - INFO -   Value: 148.0
2025-02-24 16:56:21,781 - INFO -   QAOA solution found:
2025-02-24 16:56:21,781 - INFO -     Solution: [0, 0, 1, 1, 1, 0, 1, 0]
2025-02-24 16:56:21,781 - INFO -     Value: 148.0
2025-02-24 16:56:21,781 - INFO - 
Running Constraint Generation:
2025-02-24 16:56:21,783 - INFO - 
Problem information:
2025-02-24 16:56:21,783 - INFO -   Number of variables (n): 8
2025-02-24 16:56:21,784 - INFO -   Number of constraints (m): 25
2025-02-24 16:56:21,784 - DEBUG -   Density of A: 31.00%
2025-02-24 16:56:21,784 - INFO - 
Running classical reference solver:
2025-02-24 16:56:21,795 - INFO -   Reference solution found:
2025-02-24 16:56:21,796 - INFO -     Solution: [0, 0, 1, 1, 1, 0, 1, 0]
2025-02-24 16:56:21,796 - INFO -     Value: 148.0
2025-02-24 16:56:21,796 - INFO - 
Starting quantum constraint generation with parameters:
2025-02-24 16:56:21,796 - INFO -   sample_size (total shots): 500
2025-02-24 16:56:21,796 - INFO -   tau: 0.1
2025-02-24 16:56:21,797 - INFO -   max_iters: 1000
2025-02-24 16:56:21,797 - INFO - 
Iteration 0:
2025-02-24 16:56:21,797 - DEBUG - Generated Ising Hamiltonian
2025-02-24 16:56:22,107 - DEBUG - Optimizing QAOA circuit...
2025-02-24 16:56:24,079 - DEBUG - Circuit optimization successful
2025-02-24 16:56:24,079 - DEBUG - Circuit optimization successful, final value: -192.07892107892107
2025-02-24 16:56:24,079 - DEBUG - Sampling from optimized circuit...
2025-02-24 16:56:24,095 - DEBUG - Generated 102 unique samples from 500 total measurements
2025-02-24 16:56:24,095 - DEBUG - 
Top 5 most frequent samples:
2025-02-24 16:56:24,096 - DEBUG -   Rank | Count |   %   
2025-02-24 16:56:24,096 - DEBUG -   -----|-------|-------
2025-02-24 16:56:24,096 - DEBUG -      1 |    44 |   8.8
2025-02-24 16:56:24,096 - DEBUG -     Sample: [1 1 1 0 1 1 1 1]
2025-02-24 16:56:24,097 - DEBUG -      2 |    39 |   7.8
2025-02-24 16:56:24,098 - DEBUG -     Sample: [0 1 1 0 1 1 1 1]
2025-02-24 16:56:24,098 - DEBUG -      3 |    23 |   4.6
2025-02-24 16:56:24,099 - DEBUG -     Sample: [1 1 1 0 0 1 1 1]
2025-02-24 16:56:24,099 - DEBUG -      4 |    22 |   4.4
2025-02-24 16:56:24,099 - DEBUG -     Sample: [0 1 1 0 0 1 1 1]
2025-02-24 16:56:24,099 - DEBUG -      5 |    21 |   4.2
2025-02-24 16:56:24,099 - DEBUG -     Sample: [1 1 1 0 1 0 1 1]
2025-02-24 16:56:24,100 - DEBUG - Generated 102 unique samples from 500 total measurements
2025-02-24 16:56:24,102 - INFO -   No feasible solution found in this iteration
2025-02-24 16:56:24,103 - INFO -   Added 1 new constraints: [14]
2025-02-24 16:56:24,104 - INFO - 
Iteration 1:
2025-02-24 16:56:24,104 - DEBUG - Generated Ising Hamiltonian
2025-02-24 16:56:24,394 - DEBUG - Optimizing QAOA circuit...
2025-02-24 16:56:26,287 - DEBUG - Circuit optimization successful
2025-02-24 16:56:26,287 - DEBUG - Circuit optimization successful, final value: -5260.381868131868
2025-02-24 16:56:26,287 - DEBUG - Sampling from optimized circuit...
2025-02-24 16:56:26,302 - DEBUG - Generated 64 unique samples from 500 total measurements
2025-02-24 16:56:26,302 - DEBUG - 
Top 5 most frequent samples:
2025-02-24 16:56:26,303 - DEBUG -   Rank | Count |   %   
2025-02-24 16:56:26,303 - DEBUG -   -----|-------|-------
2025-02-24 16:56:26,303 - DEBUG -      1 |    92 |  18.4
2025-02-24 16:56:26,303 - DEBUG -     Sample: [1 0 0 1 0 0 0 0]
2025-02-24 16:56:26,303 - DEBUG -      2 |    81 |  16.2
2025-02-24 16:56:26,304 - DEBUG -     Sample: [1 0 0 1 1 0 0 0]
2025-02-24 16:56:26,304 - DEBUG -      3 |    69 |  13.8
2025-02-24 16:56:26,304 - DEBUG -     Sample: [1 0 0 0 1 0 0 0]
2025-02-24 16:56:26,304 - DEBUG -      4 |    59 |  11.8
2025-02-24 16:56:26,304 - DEBUG -     Sample: [1 0 0 0 0 0 0 0]
2025-02-24 16:56:26,305 - DEBUG -      5 |    16 |   3.2
2025-02-24 16:56:26,305 - DEBUG -     Sample: [1 0 0 1 0 0 1 0]
2025-02-24 16:56:26,306 - DEBUG - Generated 64 unique samples from 500 total measurements
2025-02-24 16:56:26,307 - INFO -   No feasible solution found in this iteration
2025-02-24 16:56:26,308 - INFO -   No new constraints added, lowered tau multiplier: 1.0 -> 0.9
2025-02-24 16:56:26,308 - INFO -   Added 3 new constraints: [2, 6, 24]
2025-02-24 16:56:26,308 - INFO - 
Iteration 2:
2025-02-24 16:56:26,309 - DEBUG - Generated Ising Hamiltonian
2025-02-24 16:56:26,549 - DEBUG - Optimizing QAOA circuit...
2025-02-24 16:56:28,214 - DEBUG - Circuit optimization successful
2025-02-24 16:56:28,215 - DEBUG - Circuit optimization successful, final value: -2276.4740259740265
2025-02-24 16:56:28,215 - DEBUG - Sampling from optimized circuit...
2025-02-24 16:56:28,237 - DEBUG - Generated 122 unique samples from 500 total measurements
2025-02-24 16:56:28,237 - DEBUG - 
Top 5 most frequent samples:
2025-02-24 16:56:28,238 - DEBUG -   Rank | Count |   %   
2025-02-24 16:56:28,238 - DEBUG -   -----|-------|-------
2025-02-24 16:56:28,238 - DEBUG -      1 |    22 |   4.4
2025-02-24 16:56:28,238 - DEBUG -     Sample: [0 0 0 1 0 0 0 0]
2025-02-24 16:56:28,238 - DEBUG -      2 |    20 |   4.0
2025-02-24 16:56:28,239 - DEBUG -     Sample: [1 0 0 0 1 0 0 1]
2025-02-24 16:56:28,239 - DEBUG -      3 |    19 |   3.8
2025-02-24 16:56:28,239 - DEBUG -     Sample: [0 1 0 0 0 0 0 1]
2025-02-24 16:56:28,239 - DEBUG -      4 |    18 |   3.6
2025-02-24 16:56:28,240 - DEBUG -     Sample: [0 1 0 1 1 0 0 0]
2025-02-24 16:56:28,240 - DEBUG -      5 |    18 |   3.6
2025-02-24 16:56:28,240 - DEBUG -     Sample: [0 1 0 0 1 0 0 1]
2025-02-24 16:56:28,241 - DEBUG - Generated 122 unique samples from 500 total measurements
2025-02-24 16:56:28,243 - INFO -   No feasible solution found in this iteration
2025-02-24 16:56:28,244 - INFO -   Added 1 new constraints: [5]
2025-02-24 16:56:28,244 - INFO - 
Iteration 3:
2025-02-24 16:56:28,244 - DEBUG - Generated Ising Hamiltonian
2025-02-24 16:56:28,476 - DEBUG - Optimizing QAOA circuit...
2025-02-24 16:56:31,392 - DEBUG - Circuit optimization successful
2025-02-24 16:56:31,393 - DEBUG - Circuit optimization successful, final value: -3867.33041958042
2025-02-24 16:56:31,394 - DEBUG - Sampling from optimized circuit...
2025-02-24 16:56:31,455 - DEBUG - Generated 179 unique samples from 500 total measurements
2025-02-24 16:56:31,455 - DEBUG - 
Top 5 most frequent samples:
2025-02-24 16:56:31,455 - DEBUG -   Rank | Count |   %   
2025-02-24 16:56:31,455 - DEBUG -   -----|-------|-------
2025-02-24 16:56:31,456 - DEBUG -      1 |    14 |   2.8
2025-02-24 16:56:31,456 - DEBUG -     Sample: [0 0 0 1 1 1 0 0]
2025-02-24 16:56:31,456 - DEBUG -      2 |    10 |   2.0
2025-02-24 16:56:31,456 - DEBUG -     Sample: [0 1 0 0 0 0 0 1]
2025-02-24 16:56:31,456 - DEBUG -      3 |     9 |   1.8
2025-02-24 16:56:31,457 - DEBUG -     Sample: [0 0 1 1 1 1 0 0]
2025-02-24 16:56:31,457 - DEBUG -      4 |     9 |   1.8
2025-02-24 16:56:31,457 - DEBUG -     Sample: [0 1 0 1 1 0 0 1]
2025-02-24 16:56:31,457 - DEBUG -      5 |     9 |   1.8
2025-02-24 16:56:31,457 - DEBUG -     Sample: [0 1 0 0 1 0 0 1]
2025-02-24 16:56:31,458 - DEBUG - Generated 179 unique samples from 500 total measurements
2025-02-24 16:56:31,459 - INFO - Found feasible solution: [0 0 1 1 1 0 1 0] with objective value 148.0
2025-02-24 16:56:31,463 - INFO -   Found feasible solution:
2025-02-24 16:56:31,463 - INFO -     Solution: [0, 0, 1, 1, 1, 0, 1, 0]
2025-02-24 16:56:31,463 - INFO -     Value: 148.0
2025-02-24 16:56:31,463 - INFO -     Gap to reference: 0.00%
2025-02-24 16:56:31,464 - INFO -   Constraint generation solution found:
2025-02-24 16:56:31,464 - INFO -     Solution: [0, 0, 1, 1, 1, 0, 1, 0]
2025-02-24 16:56:31,464 - INFO -     Value: 148.0
2025-02-24 16:56:31,465 - INFO - 
Instance 98 results:
2025-02-24 16:56:31,465 - INFO -   Classical value: 148.0
2025-02-24 16:56:31,465 - INFO -   QAOA value: 148.0
2025-02-24 16:56:31,465 - INFO -   Constraint generation value: 148.0
2025-02-24 16:56:31,466 - INFO - 
Running instance 99/100
2025-02-24 16:56:31,467 - INFO - 
Running Classical Reference Solver (SCIP):
2025-02-24 16:56:31,469 - DEBUG - Problem dimensions: 25 constraints, 8 variables
2025-02-24 16:56:31,469 - DEBUG - Row names: ['ELEM1', 'ELEM2', 'ELEM3', 'ELEM4', 'ELEM5', 'ELEM6', 'ELEM7', 'ELEM8', 'ELEM9', 'ELEM10', 'ELEM11', 'ELEM12', 'ELEM13', 'ELEM14', 'ELEM15', 'ELEM16', 'ELEM17', 'ELEM18', 'ELEM19', 'ELEM20', 'ELEM21', 'ELEM22', 'ELEM23', 'ELEM24', 'ELEM25']
2025-02-24 16:56:31,469 - DEBUG - RHS values: {'ELEM1': 1.0, 'ELEM2': 1.0, 'ELEM3': 1.0, 'ELEM4': 1.0, 'ELEM5': 1.0, 'ELEM6': 1.0, 'ELEM7': 1.0, 'ELEM8': 1.0, 'ELEM9': 1.0, 'ELEM10': 1.0, 'ELEM11': 1.0, 'ELEM12': 1.0, 'ELEM13': 1.0, 'ELEM14': 1.0, 'ELEM15': 1.0, 'ELEM16': 1.0, 'ELEM17': 1.0, 'ELEM18': 1.0, 'ELEM19': 1.0, 'ELEM20': 1.0, 'ELEM21': 1.0, 'ELEM22': 1.0, 'ELEM23': 1.0, 'ELEM24': 1.0, 'ELEM25': 1.0}
2025-02-24 16:56:31,480 - INFO -   Reference solution found:
2025-02-24 16:56:31,480 - INFO -     Solution: [1, 1, 1, 0, 0, 0, 0, 0]
2025-02-24 16:56:31,481 - INFO -     Value: 142.0
2025-02-24 16:56:31,481 - INFO - 
Running QAOA Reference Solution (with all constraints):
