
Problem information:
  Number of variables (n): 8
  Number of constraints (m): 25

Starting reference QAOA with parameters:
  sample_size (total shots): 500
Added all constraints
Found feasible solution: [1 1 0 0 0 1 0 0] with objective value 153.0
Found feasible solution: [0 0 1 1 1 0 1 0] with objective value 148.0
Found feasible solution:
  Solution: [0, 0, 1, 1, 1, 0, 1, 0]
  Value: 148.0
  QAOA solution found:
    Solution: [0, 0, 1, 1, 1, 0, 1, 0]
    Value: 148.0

Running Constraint Generation:

Problem information:
  Number of variables (n): 8
  Number of constraints (m): 25

Running classical reference solver:
  Reference solution found:
    Solution: [0, 0, 1, 1, 1, 0, 1, 0]
    Value: 148.0

Starting quantum constraint generation with parameters:
  sample_size (total shots): 500
  tau: 0.1
  max_iters: 1000

Iteration 0:
  No feasible solution found in this iteration
  Added 1 new constraints: [14]

Iteration 1:
  No feasible solution found in this iteration
  No new constraints added, lowered tau multiplier: 1.0 -> 0.9
  Added 3 new constraints: [2, 6, 24]

Iteration 2:
  No feasible solution found in this iteration
  Added 1 new constraints: [5]

Iteration 3:
Found feasible solution: [0 0 1 1 1 0 1 0] with objective value 148.0
  Found feasible solution:
    Solution: [0, 0, 1, 1, 1, 0, 1, 0]
    Value: 148.0
    Gap to reference: 0.00%
  Constraint generation solution found:
    Solution: [0, 0, 1, 1, 1, 0, 1, 0]
    Value: 148.0

Instance 98 results:
  Classical value: 148.0
  QAOA value: 148.0
  Constraint generation value: 148.0

Running instance 99/100

Running Classical Reference Solver (SCIP):
  Reference solution found:
    Solution: [1, 1, 1, 0, 0, 0, 0, 0]
    Value: 142.0

Running QAOA Reference Solution (with all constraints):
