2025-02-23 17:42:19,166 - INFO - 
Problem information:
2025-02-23 17:42:19,166 - INFO -   Number of variables (n): 10
2025-02-23 17:42:19,166 - INFO -   Number of constraints (m): 30
2025-02-23 17:42:19,166 - DEBUG -   Density of A: 20.00%
2025-02-23 17:42:19,166 - INFO - 
Starting reference QAOA with parameters:
2025-02-23 17:42:19,166 - INFO -   sample_size (total shots): 200
2025-02-23 17:42:19,167 - INFO - Added all constraints
2025-02-23 17:42:19,167 - DEBUG - Generated Ising Hamiltonian
2025-02-23 17:42:19,392 - DEBUG - Optimizing QAOA circuit...
2025-02-23 17:42:20,572 - DEBUG - Circuit optimization successful
2025-02-23 17:42:20,573 - DEBUG - Circuit optimization successful, final value: 20965.96753246753
2025-02-23 17:42:20,573 - DEBUG - Sampling from optimized circuit...
2025-02-23 17:42:20,584 - DEBUG - Generated 99 unique samples from 200 total measurements
2025-02-23 17:42:20,584 - DEBUG - 
Top 5 most frequent samples:
2025-02-23 17:42:20,584 - DEBUG -   Rank | Count |   %   
2025-02-23 17:42:20,585 - DEBUG -   -----|-------|-------
2025-02-23 17:42:20,585 - DEBUG -      1 |    18 |   9.0
2025-02-23 17:42:20,585 - DEBUG -     Sample: [1 0 1 1 1 1 1 0 0 1]
2025-02-23 17:42:20,585 - DEBUG -      2 |    14 |   7.0
2025-02-23 17:42:20,585 - DEBUG -     Sample: [1 0 1 1 1 0 1 0 0 1]
2025-02-23 17:42:20,585 - DEBUG -      3 |     7 |   3.5
2025-02-23 17:42:20,585 - DEBUG -     Sample: [1 0 0 1 1 1 1 0 1 1]
2025-02-23 17:42:20,586 - DEBUG -      4 |     6 |   3.0
2025-02-23 17:42:20,586 - DEBUG -     Sample: [1 0 1 1 1 1 1 0 1 1]
2025-02-23 17:42:20,586 - DEBUG -      5 |     5 |   2.5
2025-02-23 17:42:20,586 - DEBUG -     Sample: [0 0 1 1 1 1 1 0 0 1]
2025-02-23 17:42:20,586 - DEBUG - Generated 99 unique samples from 200 total measurements
2025-02-23 17:42:20,588 - INFO - No feasible solution found
2025-02-23 17:42:20,588 - INFO -   QAOA solver found no feasible solution
2025-02-23 17:42:20,589 - INFO - 
Running Constraint Generation:
2025-02-23 17:42:20,590 - INFO - 
Problem information:
2025-02-23 17:42:20,591 - INFO -   Number of variables (n): 10
2025-02-23 17:42:20,591 - INFO -   Number of constraints (m): 30
2025-02-23 17:42:20,591 - DEBUG -   Density of A: 20.00%
2025-02-23 17:42:20,591 - INFO - 
Running classical reference solver:
2025-02-23 17:42:20,601 - INFO -   Reference solution found:
2025-02-23 17:42:20,601 - INFO -     Solution: [1, 1, 0, 1, 1, 0, 1, 1, 0, 0]
2025-02-23 17:42:20,601 - INFO -     Value: 187.0
2025-02-23 17:42:20,601 - INFO - 
Starting quantum constraint generation with parameters:
2025-02-23 17:42:20,601 - INFO -   sample_size (total shots): 200
2025-02-23 17:42:20,601 - INFO -   tau: 0.1
2025-02-23 17:42:20,602 - INFO -   max_iters: 1000
2025-02-23 17:42:20,602 - INFO - 
Iteration 0:
2025-02-23 17:42:20,602 - DEBUG - Generated Ising Hamiltonian
2025-02-23 17:42:20,802 - DEBUG - Optimizing QAOA circuit...
2025-02-23 17:42:21,723 - DEBUG - Circuit optimization successful
2025-02-23 17:42:21,723 - DEBUG - Circuit optimization successful, final value: -272.87812187812193
2025-02-23 17:42:21,723 - DEBUG - Sampling from optimized circuit...
2025-02-23 17:42:21,733 - DEBUG - Generated 63 unique samples from 200 total measurements
2025-02-23 17:42:21,733 - DEBUG - 
Top 5 most frequent samples:
2025-02-23 17:42:21,733 - DEBUG -   Rank | Count |   %   
2025-02-23 17:42:21,733 - DEBUG -   -----|-------|-------
2025-02-23 17:42:21,733 - DEBUG -      1 |    26 |  13.0
2025-02-23 17:42:21,733 - DEBUG -     Sample: [1 1 0 1 1 1 0 1 1 1]
2025-02-23 17:42:21,734 - DEBUG -      2 |    18 |   9.0
2025-02-23 17:42:21,734 - DEBUG -     Sample: [1 1 0 1 1 1 0 0 1 1]
2025-02-23 17:42:21,735 - DEBUG -      3 |    17 |   8.5
2025-02-23 17:42:21,736 - DEBUG -     Sample: [1 1 1 1 1 1 0 1 1 1]
2025-02-23 17:42:21,736 - DEBUG -      4 |    12 |   6.0
2025-02-23 17:42:21,736 - DEBUG -     Sample: [1 1 1 1 1 1 0 0 1 1]
2025-02-23 17:42:21,736 - DEBUG -      5 |    10 |   5.0
2025-02-23 17:42:21,736 - DEBUG -     Sample: [1 0 1 1 1 1 0 0 1 1]
2025-02-23 17:42:21,737 - DEBUG - Generated 63 unique samples from 200 total measurements
2025-02-23 17:42:21,738 - INFO -   No feasible solution found in this iteration
2025-02-23 17:42:21,739 - INFO -   Added 2 new constraints: [18, 22]
2025-02-23 17:42:21,740 - INFO - 
Iteration 1:
2025-02-23 17:42:21,740 - DEBUG - Generated Ising Hamiltonian
2025-02-23 17:42:21,935 - DEBUG - Optimizing QAOA circuit...
2025-02-23 17:42:22,920 - DEBUG - Circuit optimization successful
2025-02-23 17:42:22,920 - DEBUG - Circuit optimization successful, final value: -1569.2402597402597
2025-02-23 17:42:22,921 - DEBUG - Sampling from optimized circuit...
2025-02-23 17:42:22,931 - DEBUG - Generated 174 unique samples from 200 total measurements
2025-02-23 17:42:22,932 - DEBUG - 
Top 5 most frequent samples:
2025-02-23 17:42:22,932 - DEBUG -   Rank | Count |   %   
2025-02-23 17:42:22,932 - DEBUG -   -----|-------|-------
2025-02-23 17:42:22,932 - DEBUG -      1 |     3 |   1.5
2025-02-23 17:42:22,932 - DEBUG -     Sample: [0 0 1 1 0 0 0 1 1 1]
2025-02-23 17:42:22,932 - DEBUG -      2 |     3 |   1.5
2025-02-23 17:42:22,932 - DEBUG -     Sample: [0 0 1 0 1 0 0 0 0 1]
2025-02-23 17:42:22,932 - DEBUG -      3 |     2 |   1.0
2025-02-23 17:42:22,933 - DEBUG -     Sample: [0 0 1 0 1 1 1 1 1 1]
2025-02-23 17:42:22,933 - DEBUG -      4 |     2 |   1.0
2025-02-23 17:42:22,933 - DEBUG -     Sample: [0 0 0 1 0 0 1 0 0 1]
2025-02-23 17:42:22,933 - DEBUG -      5 |     2 |   1.0
2025-02-23 17:42:22,933 - DEBUG -     Sample: [1 0 1 0 1 0 0 1 0 1]
2025-02-23 17:42:22,934 - DEBUG - Generated 174 unique samples from 200 total measurements
2025-02-23 17:42:22,934 - INFO - Found feasible solution: [0 0 1 0 0 1 0 0 1 1] with objective value 224.0
2025-02-23 17:42:22,937 - INFO -   Found feasible solution:
2025-02-23 17:42:22,937 - INFO -     Solution: [0, 0, 1, 0, 0, 1, 0, 0, 1, 1]
2025-02-23 17:42:22,937 - INFO -     Value: 224.0
2025-02-23 17:42:22,937 - INFO -     Gap to reference: 19.79%
2025-02-23 17:42:22,938 - INFO -   Constraint generation solution found:
2025-02-23 17:42:22,938 - INFO -     Solution: [0, 0, 1, 0, 0, 1, 0, 0, 1, 1]
2025-02-23 17:42:22,938 - INFO -     Value: 224.0
2025-02-23 17:42:22,938 - INFO - 
Instance 19 results:
2025-02-23 17:42:22,938 - INFO -   Classical value: 187.0
2025-02-23 17:42:22,939 - INFO -   QAOA value: 0.0
2025-02-23 17:42:22,939 - INFO -   Constraint generation value: 224.0
2025-02-23 17:42:22,939 - INFO - 
Running instance 20/20
2025-02-23 17:42:22,941 - INFO - 
Running Classical Reference Solver (SCIP):
2025-02-23 17:42:22,942 - DEBUG - Problem dimensions: 30 constraints, 10 variables
2025-02-23 17:42:22,942 - DEBUG - Row names: ['ELEM1', 'ELEM2', 'ELEM3', 'ELEM4', 'ELEM5', 'ELEM6', 'ELEM7', 'ELEM8', 'ELEM9', 'ELEM10', 'ELEM11', 'ELEM12', 'ELEM13', 'ELEM14', 'ELEM15', 'ELEM16', 'ELEM17', 'ELEM18', 'ELEM19', 'ELEM20', 'ELEM21', 'ELEM22', 'ELEM23', 'ELEM24', 'ELEM25', 'ELEM26', 'ELEM27', 'ELEM28', 'ELEM29', 'ELEM30']
2025-02-23 17:42:22,942 - DEBUG - RHS values: {'ELEM1': 1.0, 'ELEM2': 1.0, 'ELEM3': 1.0, 'ELEM4': 1.0, 'ELEM5': 1.0, 'ELEM6': 1.0, 'ELEM7': 1.0, 'ELEM8': 1.0, 'ELEM9': 1.0, 'ELEM10': 1.0, 'ELEM11': 1.0, 'ELEM12': 1.0, 'ELEM13': 1.0, 'ELEM14': 1.0, 'ELEM15': 1.0, 'ELEM16': 1.0, 'ELEM17': 1.0, 'ELEM18': 1.0, 'ELEM19': 1.0, 'ELEM20': 1.0, 'ELEM21': 1.0, 'ELEM22': 1.0, 'ELEM23': 1.0, 'ELEM24': 1.0, 'ELEM25': 1.0, 'ELEM26': 1.0, 'ELEM27': 1.0, 'ELEM28': 1.0, 'ELEM29': 1.0, 'ELEM30': 1.0}
2025-02-23 17:42:22,952 - INFO -   Reference solution found:
2025-02-23 17:42:22,952 - INFO -     Solution: [1, 0, 1, 0, 0, 0, 0, 0, 0, 1]
2025-02-23 17:42:22,952 - INFO -     Value: 141.0
2025-02-23 17:42:22,953 - INFO - 
Running QAOA Reference Solution (with all constraints):
