2025-02-24 15:37:54,128 - INFO - 
Problem information:
2025-02-24 15:37:54,129 - INFO -   Number of variables (n): 12
2025-02-24 15:37:54,129 - INFO -   Number of constraints (m): 40
2025-02-24 15:37:54,129 - DEBUG -   Density of A: 19.58%
2025-02-24 15:37:54,129 - INFO - 
Starting reference QAOA with parameters:
2025-02-24 15:37:54,129 - INFO -   sample_size (total shots): 1000
2025-02-24 15:37:54,129 - INFO - Added all constraints
2025-02-24 15:37:54,130 - DEBUG - Generated Ising Hamiltonian
2025-02-24 15:37:54,439 - DEBUG - Optimizing QAOA circuit...
2025-02-24 15:37:59,897 - DEBUG - Circuit optimization successful
2025-02-24 15:37:59,898 - DEBUG - Circuit optimization successful, final value: 110.68631368631338
2025-02-24 15:37:59,898 - DEBUG - Sampling from optimized circuit...
2025-02-24 15:37:59,946 - DEBUG - Generated 844 unique samples from 1000 total measurements
2025-02-24 15:37:59,947 - DEBUG - 
Top 5 most frequent samples:
2025-02-24 15:37:59,947 - DEBUG -   Rank | Count |   %   
2025-02-24 15:37:59,947 - DEBUG -   -----|-------|-------
2025-02-24 15:37:59,947 - DEBUG -      1 |     4 |   0.4
2025-02-24 15:37:59,948 - DEBUG -     Sample: [1 0 0 1 0 1 1 1 1 0 1 0]
2025-02-24 15:37:59,948 - DEBUG -      2 |     4 |   0.4
2025-02-24 15:37:59,948 - DEBUG -     Sample: [1 1 1 0 0 1 1 0 1 0 1 1]
2025-02-24 15:37:59,948 - DEBUG -      3 |     3 |   0.3
2025-02-24 15:37:59,949 - DEBUG -     Sample: [1 0 0 0 0 0 0 1 0 0 1 1]
2025-02-24 15:37:59,949 - DEBUG -      4 |     3 |   0.3
2025-02-24 15:37:59,949 - DEBUG -     Sample: [1 0 0 0 0 1 0 1 1 0 0 1]
2025-02-24 15:37:59,949 - DEBUG -      5 |     3 |   0.3
2025-02-24 15:37:59,950 - DEBUG -     Sample: [0 1 0 1 0 1 0 1 1 0 1 1]
2025-02-24 15:37:59,952 - DEBUG - Generated 844 unique samples from 1000 total measurements
2025-02-24 15:37:59,964 - INFO - Found feasible solution: [0 1 0 1 0 0 1 1 0 0 0 1] with objective value 287.0
2025-02-24 15:37:59,970 - INFO - Found feasible solution:
2025-02-24 15:37:59,970 - INFO -   Solution: [0, 1, 0, 1, 0, 0, 1, 1, 0, 0, 0, 1]
2025-02-24 15:37:59,971 - INFO -   Value: 287.0
2025-02-24 15:37:59,972 - INFO -   QAOA solution found:
2025-02-24 15:37:59,972 - INFO -     Solution: [0, 1, 0, 1, 0, 0, 1, 1, 0, 0, 0, 1]
2025-02-24 15:37:59,972 - INFO -     Value: 287.0
2025-02-24 15:37:59,972 - INFO - 
Running Constraint Generation:
2025-02-24 15:37:59,974 - INFO - 
Problem information:
2025-02-24 15:37:59,974 - INFO -   Number of variables (n): 12
2025-02-24 15:37:59,974 - INFO -   Number of constraints (m): 40
2025-02-24 15:37:59,974 - DEBUG -   Density of A: 19.58%
2025-02-24 15:37:59,974 - INFO - 
Running classical reference solver:
2025-02-24 15:37:59,986 - INFO -   Reference solution found:
2025-02-24 15:37:59,986 - INFO -     Solution: [1, 0, 0, 0, 1, 1, 0, 0, 0, 0, 1, 0]
2025-02-24 15:37:59,986 - INFO -     Value: 225.0
2025-02-24 15:37:59,987 - INFO - 
Starting quantum constraint generation with parameters:
2025-02-24 15:37:59,987 - INFO -   sample_size (total shots): 1000
2025-02-24 15:37:59,987 - INFO -   tau: 0.1
2025-02-24 15:37:59,987 - INFO -   max_iters: 1000
2025-02-24 15:37:59,988 - INFO - 
Iteration 0:
2025-02-24 15:37:59,988 - DEBUG - Generated Ising Hamiltonian
2025-02-24 15:38:00,237 - DEBUG - Optimizing QAOA circuit...
2025-02-24 15:38:02,617 - DEBUG - Circuit optimization successful
2025-02-24 15:38:02,617 - DEBUG - Circuit optimization successful, final value: -347.946053946054
2025-02-24 15:38:02,618 - DEBUG - Sampling from optimized circuit...
2025-02-24 15:38:02,643 - DEBUG - Generated 326 unique samples from 1000 total measurements
2025-02-24 15:38:02,643 - DEBUG - 
Top 5 most frequent samples:
2025-02-24 15:38:02,643 - DEBUG -   Rank | Count |   %   
2025-02-24 15:38:02,643 - DEBUG -   -----|-------|-------
2025-02-24 15:38:02,643 - DEBUG -      1 |    49 |   4.9
2025-02-24 15:38:02,644 - DEBUG -     Sample: [1 1 1 1 0 1 1 1 1 1 1 0]
2025-02-24 15:38:02,644 - DEBUG -      2 |    43 |   4.3
2025-02-24 15:38:02,644 - DEBUG -     Sample: [0 1 1 1 1 1 1 1 1 1 1 0]
2025-02-24 15:38:02,644 - DEBUG -      3 |    39 |   3.9
2025-02-24 15:38:02,644 - DEBUG -     Sample: [0 1 1 1 0 1 1 1 1 1 1 0]
2025-02-24 15:38:02,645 - DEBUG -      4 |    36 |   3.6
2025-02-24 15:38:02,645 - DEBUG -     Sample: [1 1 1 1 1 1 1 1 1 1 1 0]
2025-02-24 15:38:02,645 - DEBUG -      5 |    34 |   3.4
2025-02-24 15:38:02,645 - DEBUG -     Sample: [1 1 1 1 0 1 1 1 1 1 1 1]
2025-02-24 15:38:02,646 - DEBUG - Generated 326 unique samples from 1000 total measurements
2025-02-24 15:38:02,653 - INFO -   No feasible solution found in this iteration
2025-02-24 15:38:02,653 - INFO -   Added 2 new constraints: [21, 24]
2025-02-24 15:38:02,654 - INFO - 
Iteration 1:
2025-02-24 15:38:02,654 - DEBUG - Generated Ising Hamiltonian
2025-02-24 15:38:02,903 - DEBUG - Optimizing QAOA circuit...
2025-02-24 15:38:04,812 - DEBUG - Circuit optimization successful
2025-02-24 15:38:04,813 - DEBUG - Circuit optimization successful, final value: -8900.623376623378
2025-02-24 15:38:04,813 - DEBUG - Sampling from optimized circuit...
2025-02-24 15:38:04,837 - DEBUG - Generated 201 unique samples from 1000 total measurements
2025-02-24 15:38:04,837 - DEBUG - 
Top 5 most frequent samples:
2025-02-24 15:38:04,837 - DEBUG -   Rank | Count |   %   
2025-02-24 15:38:04,838 - DEBUG -   -----|-------|-------
2025-02-24 15:38:04,838 - DEBUG -      1 |    79 |   7.9
2025-02-24 15:38:04,838 - DEBUG -     Sample: [1 1 0 0 1 0 1 1 0 0 1 0]
2025-02-24 15:38:04,838 - DEBUG -      2 |    61 |   6.1
2025-02-24 15:38:04,838 - DEBUG -     Sample: [1 1 0 0 1 0 1 1 0 0 1 1]
2025-02-24 15:38:04,838 - DEBUG -      3 |    54 |   5.4
2025-02-24 15:38:04,839 - DEBUG -     Sample: [1 1 0 0 1 0 1 1 0 0 0 1]
2025-02-24 15:38:04,839 - DEBUG -      4 |    54 |   5.4
2025-02-24 15:38:04,839 - DEBUG -     Sample: [1 1 0 0 1 0 1 1 0 0 0 0]
2025-02-24 15:38:04,839 - DEBUG -      5 |    27 |   2.7
2025-02-24 15:38:04,839 - DEBUG -     Sample: [1 1 0 0 1 0 1 0 0 0 1 0]
2025-02-24 15:38:04,840 - DEBUG - Generated 201 unique samples from 1000 total measurements
2025-02-24 15:38:04,844 - INFO -   No feasible solution found in this iteration
2025-02-24 15:38:04,844 - INFO -   Added 1 new constraints: [33]
2025-02-24 15:38:04,845 - INFO - 
Iteration 2:
2025-02-24 15:38:04,845 - DEBUG - Generated Ising Hamiltonian
2025-02-24 15:38:05,076 - DEBUG - Optimizing QAOA circuit...
2025-02-24 15:38:08,620 - DEBUG - Circuit optimization successful
2025-02-24 15:38:08,621 - DEBUG - Circuit optimization successful, final value: -4177.652847152846
2025-02-24 15:38:08,622 - DEBUG - Sampling from optimized circuit...
2025-02-24 15:38:08,653 - DEBUG - Generated 585 unique samples from 1000 total measurements
2025-02-24 15:38:08,653 - DEBUG - 
Top 5 most frequent samples:
2025-02-24 15:38:08,653 - DEBUG -   Rank | Count |   %   
2025-02-24 15:38:08,653 - DEBUG -   -----|-------|-------
2025-02-24 15:38:08,653 - DEBUG -      1 |    14 |   1.4
2025-02-24 15:38:08,654 - DEBUG -     Sample: [0 0 0 0 0 1 0 0 0 1 1 1]
2025-02-24 15:38:08,654 - DEBUG -      2 |    13 |   1.3
2025-02-24 15:38:08,654 - DEBUG -     Sample: [0 0 0 0 0 1 0 0 0 0 1 1]
2025-02-24 15:38:08,654 - DEBUG -      3 |    12 |   1.2
2025-02-24 15:38:08,654 - DEBUG -     Sample: [0 0 0 0 0 0 0 1 1 1 1 1]
2025-02-24 15:38:08,655 - DEBUG -      4 |     9 |   0.9
2025-02-24 15:38:08,655 - DEBUG -     Sample: [1 0 0 0 0 1 1 0 0 0 1 1]
2025-02-24 15:38:08,655 - DEBUG -      5 |     9 |   0.9
2025-02-24 15:38:08,655 - DEBUG -     Sample: [0 0 0 1 0 1 0 0 0 1 1 1]
2025-02-24 15:38:08,657 - DEBUG - Generated 585 unique samples from 1000 total measurements
2025-02-24 15:38:08,668 - INFO - Found feasible solution: [1 0 0 0 1 1 0 0 0 0 1 0] with objective value 225.0
2025-02-24 15:38:08,670 - INFO -   Found feasible solution:
2025-02-24 15:38:08,670 - INFO -     Solution: [1, 0, 0, 0, 1, 1, 0, 0, 0, 0, 1, 0]
2025-02-24 15:38:08,670 - INFO -     Value: 225.0
2025-02-24 15:38:08,670 - INFO -     Gap to reference: 0.00%
2025-02-24 15:38:08,671 - INFO -   Constraint generation solution found:
2025-02-24 15:38:08,671 - INFO -     Solution: [1, 0, 0, 0, 1, 1, 0, 0, 0, 0, 1, 0]
2025-02-24 15:38:08,671 - INFO -     Value: 225.0
2025-02-24 15:38:08,671 - INFO - 
Instance 51 results:
2025-02-24 15:38:08,672 - INFO -   Classical value: 225.0
2025-02-24 15:38:08,672 - INFO -   QAOA value: 287.0
2025-02-24 15:38:08,672 - INFO -   Constraint generation value: 225.0
2025-02-24 15:38:08,672 - INFO - 
Running instance 52/100
2025-02-24 15:38:08,674 - INFO - 
Running Classical Reference Solver (SCIP):
2025-02-24 15:38:08,676 - DEBUG - Problem dimensions: 40 constraints, 12 variables
2025-02-24 15:38:08,676 - DEBUG - Row names: ['ELEM1', 'ELEM2', 'ELEM3', 'ELEM4', 'ELEM5', 'ELEM6', 'ELEM7', 'ELEM8', 'ELEM9', 'ELEM10', 'ELEM11', 'ELEM12', 'ELEM13', 'ELEM14', 'ELEM15', 'ELEM16', 'ELEM17', 'ELEM18', 'ELEM19', 'ELEM20', 'ELEM21', 'ELEM22', 'ELEM23', 'ELEM24', 'ELEM25', 'ELEM26', 'ELEM27', 'ELEM28', 'ELEM29', 'ELEM30', 'ELEM31', 'ELEM32', 'ELEM33', 'ELEM34', 'ELEM35', 'ELEM36', 'ELEM37', 'ELEM38', 'ELEM39', 'ELEM40']
2025-02-24 15:38:08,676 - DEBUG - RHS values: {'ELEM1': 1.0, 'ELEM2': 1.0, 'ELEM3': 1.0, 'ELEM4': 1.0, 'ELEM5': 1.0, 'ELEM6': 1.0, 'ELEM7': 1.0, 'ELEM8': 1.0, 'ELEM9': 1.0, 'ELEM10': 1.0, 'ELEM11': 1.0, 'ELEM12': 1.0, 'ELEM13': 1.0, 'ELEM14': 1.0, 'ELEM15': 1.0, 'ELEM16': 1.0, 'ELEM17': 1.0, 'ELEM18': 1.0, 'ELEM19': 1.0, 'ELEM20': 1.0, 'ELEM21': 1.0, 'ELEM22': 1.0, 'ELEM23': 1.0, 'ELEM24': 1.0, 'ELEM25': 1.0, 'ELEM26': 1.0, 'ELEM27': 1.0, 'ELEM28': 1.0, 'ELEM29': 1.0, 'ELEM30': 1.0, 'ELEM31': 1.0, 'ELEM32': 1.0, 'ELEM33': 1.0, 'ELEM34': 1.0, 'ELEM35': 1.0, 'ELEM36': 1.0, 'ELEM37': 1.0, 'ELEM38': 1.0, 'ELEM39': 1.0, 'ELEM40': 1.0}
2025-02-24 15:38:08,690 - INFO -   Reference solution found:
2025-02-24 15:38:08,690 - INFO -     Solution: [1, 0, 0, 1, 0, 1, 1, 0, 0, 0, 1, 0]
2025-02-24 15:38:08,690 - INFO -     Value: 137.0
2025-02-24 15:38:08,690 - INFO - 
Running QAOA Reference Solution (with all constraints):
