
Problem information:
  Number of variables (n): 10
  Number of constraints (m): 20

Starting reference QAOA with parameters:
  sample_size (total shots): 100
Added all constraints
Found feasible solution: [0 0 0 1 0 0 0 0 1 0] with objective value 110.0
Found feasible solution:
  Solution: [0, 0, 0, 1, 0, 0, 0, 0, 1, 0]
  Value: 110.0
  QAOA solution found:
    Solution: [0, 0, 0, 1, 0, 0, 0, 0, 1, 0]
    Value: 110.0

Running Constraint Generation:

Problem information:
  Number of variables (n): 10
  Number of constraints (m): 20

Running classical reference solver:
  Reference solution found:
    Solution: [0, 0, 0, 0, 0, 0, 1, 1, 0, 0]
    Value: 49.0

Starting quantum constraint generation with parameters:
  sample_size (total shots): 100
  tau: 0.1
  max_iters: 1000

Iteration 0:
Found feasible solution: [0 0 0 0 0 0 1 1 0 0] with objective value 49.0
  Found feasible solution:
    Solution: [0, 0, 0, 0, 0, 0, 1, 1, 0, 0]
    Value: 49.0
    Gap to reference: 0.00%
  Constraint generation solution found:
    Solution: [0, 0, 0, 0, 0, 0, 1, 1, 0, 0]
    Value: 49.0

Instance 46 results:
  Classical value: 49.0
  QAOA value: 110.0
  Constraint generation value: 49.0

Running instance 47/100

Running Classical Reference Solver (SCIP):
  Reference solution found:
    Solution: [0, 0, 0, 0, 0, 0, 0, 1, 0, 1]
    Value: 47.0

Running QAOA Reference Solution (with all constraints):
