2025-02-24 16:55:35,509 - INFO - 
Problem information:
2025-02-24 16:55:35,509 - INFO -   Number of variables (n): 8
2025-02-24 16:55:35,509 - INFO -   Number of constraints (m): 25
2025-02-24 16:55:35,510 - DEBUG -   Density of A: 26.00%
2025-02-24 16:55:35,510 - INFO - 
Starting reference QAOA with parameters:
2025-02-24 16:55:35,510 - INFO -   sample_size (total shots): 500
2025-02-24 16:55:35,511 - INFO - Added all constraints
2025-02-24 16:55:35,515 - DEBUG - Generated Ising Hamiltonian
2025-02-24 16:55:35,784 - DEBUG - Optimizing QAOA circuit...
2025-02-24 16:55:38,122 - DEBUG - Circuit optimization successful
2025-02-24 16:55:38,122 - DEBUG - Circuit optimization successful, final value: -27210.291708291712
2025-02-24 16:55:38,122 - DEBUG - Sampling from optimized circuit...
2025-02-24 16:55:38,142 - DEBUG - Generated 120 unique samples from 500 total measurements
2025-02-24 16:55:38,142 - DEBUG - 
Top 5 most frequent samples:
2025-02-24 16:55:38,142 - DEBUG -   Rank | Count |   %   
2025-02-24 16:55:38,142 - DEBUG -   -----|-------|-------
2025-02-24 16:55:38,143 - DEBUG -      1 |    29 |   5.8
2025-02-24 16:55:38,143 - DEBUG -     Sample: [0 0 0 0 1 0 1 0]
2025-02-24 16:55:38,143 - DEBUG -      2 |    29 |   5.8
2025-02-24 16:55:38,143 - DEBUG -     Sample: [0 0 0 0 0 0 1 0]
2025-02-24 16:55:38,143 - DEBUG -      3 |    26 |   5.2
2025-02-24 16:55:38,144 - DEBUG -     Sample: [0 0 0 0 0 1 1 0]
2025-02-24 16:55:38,144 - DEBUG -      4 |    19 |   3.8
2025-02-24 16:55:38,144 - DEBUG -     Sample: [0 1 0 0 0 1 1 0]
2025-02-24 16:55:38,144 - DEBUG -      5 |    19 |   3.8
2025-02-24 16:55:38,144 - DEBUG -     Sample: [0 1 0 0 0 0 1 0]
2025-02-24 16:55:38,145 - DEBUG - Generated 120 unique samples from 500 total measurements
2025-02-24 16:55:38,147 - INFO - Found feasible solution: [0 1 0 0 1 1 0 1] with objective value 146.0
2025-02-24 16:55:38,148 - INFO - Found feasible solution:
2025-02-24 16:55:38,149 - INFO -   Solution: [0, 1, 0, 0, 1, 1, 0, 1]
2025-02-24 16:55:38,149 - INFO -   Value: 146.0
2025-02-24 16:55:38,149 - INFO -   QAOA solution found:
2025-02-24 16:55:38,149 - INFO -     Solution: [0, 1, 0, 0, 1, 1, 0, 1]
2025-02-24 16:55:38,150 - INFO -     Value: 146.0
2025-02-24 16:55:38,150 - INFO - 
Running Constraint Generation:
2025-02-24 16:55:38,151 - INFO - 
Problem information:
2025-02-24 16:55:38,152 - INFO -   Number of variables (n): 8
2025-02-24 16:55:38,152 - INFO -   Number of constraints (m): 25
2025-02-24 16:55:38,152 - DEBUG -   Density of A: 26.00%
2025-02-24 16:55:38,152 - INFO - 
Running classical reference solver:
2025-02-24 16:55:38,165 - INFO -   Reference solution found:
2025-02-24 16:55:38,165 - INFO -     Solution: [0, 1, 0, 0, 1, 1, 0, 1]
2025-02-24 16:55:38,165 - INFO -     Value: 145.99999999999997
2025-02-24 16:55:38,166 - INFO - 
Starting quantum constraint generation with parameters:
2025-02-24 16:55:38,166 - INFO -   sample_size (total shots): 500
2025-02-24 16:55:38,166 - INFO -   tau: 0.1
2025-02-24 16:55:38,166 - INFO -   max_iters: 1000
2025-02-24 16:55:38,166 - INFO - 
Iteration 0:
2025-02-24 16:55:38,167 - DEBUG - Generated Ising Hamiltonian
2025-02-24 16:55:38,404 - DEBUG - Optimizing QAOA circuit...
2025-02-24 16:55:40,016 - DEBUG - Circuit optimization successful
2025-02-24 16:55:40,016 - DEBUG - Circuit optimization successful, final value: -195.11688311688312
2025-02-24 16:55:40,016 - DEBUG - Sampling from optimized circuit...
2025-02-24 16:55:40,030 - DEBUG - Generated 42 unique samples from 500 total measurements
2025-02-24 16:55:40,030 - DEBUG - 
Top 5 most frequent samples:
2025-02-24 16:55:40,031 - DEBUG -   Rank | Count |   %   
2025-02-24 16:55:40,031 - DEBUG -   -----|-------|-------
2025-02-24 16:55:40,031 - DEBUG -      1 |   134 |  26.8
2025-02-24 16:55:40,031 - DEBUG -     Sample: [1 1 1 1 1 1 1 0]
2025-02-24 16:55:40,031 - DEBUG -      2 |    57 |  11.4
2025-02-24 16:55:40,031 - DEBUG -     Sample: [1 1 1 1 1 1 0 0]
2025-02-24 16:55:40,031 - DEBUG -      3 |    53 |  10.6
2025-02-24 16:55:40,032 - DEBUG -     Sample: [1 0 1 1 1 1 1 0]
2025-02-24 16:55:40,032 - DEBUG -      4 |    47 |   9.4
2025-02-24 16:55:40,032 - DEBUG -     Sample: [1 1 0 1 1 1 1 0]
2025-02-24 16:55:40,032 - DEBUG -      5 |    26 |   5.2
2025-02-24 16:55:40,033 - DEBUG -     Sample: [1 0 1 1 1 1 0 0]
2025-02-24 16:55:40,033 - DEBUG - Generated 42 unique samples from 500 total measurements
2025-02-24 16:55:40,034 - INFO -   No feasible solution found in this iteration
2025-02-24 16:55:40,034 - INFO -   Added 2 new constraints: [4, 19]
2025-02-24 16:55:40,035 - INFO - 
Iteration 1:
2025-02-24 16:55:40,035 - DEBUG - Generated Ising Hamiltonian
2025-02-24 16:55:40,352 - DEBUG - Optimizing QAOA circuit...
2025-02-24 16:55:42,904 - DEBUG - Circuit optimization successful
2025-02-24 16:55:42,904 - DEBUG - Circuit optimization successful, final value: -2441.4190809190804
2025-02-24 16:55:42,905 - DEBUG - Sampling from optimized circuit...
2025-02-24 16:55:42,922 - DEBUG - Generated 167 unique samples from 500 total measurements
2025-02-24 16:55:42,923 - DEBUG - 
Top 5 most frequent samples:
2025-02-24 16:55:42,923 - DEBUG -   Rank | Count |   %   
2025-02-24 16:55:42,923 - DEBUG -   -----|-------|-------
2025-02-24 16:55:42,923 - DEBUG -      1 |    16 |   3.2
2025-02-24 16:55:42,923 - DEBUG -     Sample: [0 1 1 0 1 0 0 0]
2025-02-24 16:55:42,923 - DEBUG -      2 |    15 |   3.0
2025-02-24 16:55:42,924 - DEBUG -     Sample: [0 0 0 1 1 0 0 0]
2025-02-24 16:55:42,924 - DEBUG -      3 |    14 |   2.8
2025-02-24 16:55:42,924 - DEBUG -     Sample: [0 0 1 0 1 1 0 0]
2025-02-24 16:55:42,924 - DEBUG -      4 |    14 |   2.8
2025-02-24 16:55:42,925 - DEBUG -     Sample: [0 0 0 0 1 1 0 0]
2025-02-24 16:55:42,925 - DEBUG -      5 |    13 |   2.6
2025-02-24 16:55:42,925 - DEBUG -     Sample: [0 0 1 1 1 0 0 0]
2025-02-24 16:55:42,926 - DEBUG - Generated 167 unique samples from 500 total measurements
2025-02-24 16:55:42,929 - INFO - Found feasible solution: [0 1 0 0 1 1 0 1] with objective value 146.0
2025-02-24 16:55:42,930 - INFO -   Found feasible solution:
2025-02-24 16:55:42,931 - INFO -     Solution: [0, 1, 0, 0, 1, 1, 0, 1]
2025-02-24 16:55:42,931 - INFO -     Value: 146.0
2025-02-24 16:55:42,931 - INFO -     Gap to reference: 0.00%
2025-02-24 16:55:42,931 - INFO -   Constraint generation solution found:
2025-02-24 16:55:42,931 - INFO -     Solution: [0, 1, 0, 0, 1, 1, 0, 1]
2025-02-24 16:55:42,932 - INFO -     Value: 146.0
2025-02-24 16:55:42,932 - INFO - 
Instance 91 results:
2025-02-24 16:55:42,932 - INFO -   Classical value: 145.99999999999997
2025-02-24 16:55:42,932 - INFO -   QAOA value: 146.0
2025-02-24 16:55:42,932 - INFO -   Constraint generation value: 146.0
2025-02-24 16:55:42,933 - INFO - 
Running instance 92/100
2025-02-24 16:55:42,934 - INFO - 
Running Classical Reference Solver (SCIP):
2025-02-24 16:55:42,935 - DEBUG - Problem dimensions: 25 constraints, 8 variables
2025-02-24 16:55:42,936 - DEBUG - Row names: ['ELEM1', 'ELEM2', 'ELEM3', 'ELEM4', 'ELEM5', 'ELEM6', 'ELEM7', 'ELEM8', 'ELEM9', 'ELEM10', 'ELEM11', 'ELEM12', 'ELEM13', 'ELEM14', 'ELEM15', 'ELEM16', 'ELEM17', 'ELEM18', 'ELEM19', 'ELEM20', 'ELEM21', 'ELEM22', 'ELEM23', 'ELEM24', 'ELEM25']
2025-02-24 16:55:42,936 - DEBUG - RHS values: {'ELEM1': 1.0, 'ELEM2': 1.0, 'ELEM3': 1.0, 'ELEM4': 1.0, 'ELEM5': 1.0, 'ELEM6': 1.0, 'ELEM7': 1.0, 'ELEM8': 1.0, 'ELEM9': 1.0, 'ELEM10': 1.0, 'ELEM11': 1.0, 'ELEM12': 1.0, 'ELEM13': 1.0, 'ELEM14': 1.0, 'ELEM15': 1.0, 'ELEM16': 1.0, 'ELEM17': 1.0, 'ELEM18': 1.0, 'ELEM19': 1.0, 'ELEM20': 1.0, 'ELEM21': 1.0, 'ELEM22': 1.0, 'ELEM23': 1.0, 'ELEM24': 1.0, 'ELEM25': 1.0}
2025-02-24 16:55:42,948 - INFO -   Reference solution found:
2025-02-24 16:55:42,948 - INFO -     Solution: [0, 0, 1, 1, 0, 0, 1, 0]
2025-02-24 16:55:42,948 - INFO -     Value: 112.0
2025-02-24 16:55:42,948 - INFO - 
Running QAOA Reference Solution (with all constraints):
