2025-02-23 17:51:51,615 - INFO - 
Problem information:
2025-02-23 17:51:51,615 - INFO -   Number of variables (n): 12
2025-02-23 17:51:51,615 - INFO -   Number of constraints (m): 40
2025-02-23 17:51:51,615 - DEBUG -   Density of A: 20.00%
2025-02-23 17:51:51,615 - INFO - 
Starting reference QAOA with parameters:
2025-02-23 17:51:51,616 - INFO -   sample_size (total shots): 200
2025-02-23 17:51:51,616 - INFO - Added all constraints
2025-02-23 17:51:51,616 - DEBUG - Generated Ising Hamiltonian
2025-02-23 17:51:51,869 - DEBUG - Optimizing QAOA circuit...
2025-02-23 17:51:54,219 - DEBUG - Circuit optimization successful
2025-02-23 17:51:54,219 - DEBUG - Circuit optimization successful, final value: -11242.929070929069
2025-02-23 17:51:54,219 - DEBUG - Sampling from optimized circuit...
2025-02-23 17:51:54,240 - DEBUG - Generated 142 unique samples from 200 total measurements
2025-02-23 17:51:54,240 - DEBUG - 
Top 5 most frequent samples:
2025-02-23 17:51:54,241 - DEBUG -   Rank | Count |   %   
2025-02-23 17:51:54,241 - DEBUG -   -----|-------|-------
2025-02-23 17:51:54,241 - DEBUG -      1 |     5 |   2.5
2025-02-23 17:51:54,241 - DEBUG -     Sample: [0 0 1 0 1 0 1 1 0 0 0 0]
2025-02-23 17:51:54,241 - DEBUG -      2 |     4 |   2.0
2025-02-23 17:51:54,241 - DEBUG -     Sample: [1 0 1 1 1 1 0 1 0 0 1 0]
2025-02-23 17:51:54,242 - DEBUG -      3 |     4 |   2.0
2025-02-23 17:51:54,242 - DEBUG -     Sample: [0 0 1 0 1 0 0 1 0 0 1 0]
2025-02-23 17:51:54,242 - DEBUG -      4 |     4 |   2.0
2025-02-23 17:51:54,242 - DEBUG -     Sample: [1 0 0 0 1 1 0 1 0 0 1 0]
2025-02-23 17:51:54,242 - DEBUG -      5 |     4 |   2.0
2025-02-23 17:51:54,243 - DEBUG -     Sample: [1 0 0 0 0 0 0 1 0 0 1 0]
2025-02-23 17:51:54,243 - DEBUG - Generated 142 unique samples from 200 total measurements
2025-02-23 17:51:54,246 - INFO - No feasible solution found
2025-02-23 17:51:54,246 - INFO -   QAOA solver found no feasible solution
2025-02-23 17:51:54,246 - INFO - 
Running Constraint Generation:
2025-02-23 17:51:54,248 - INFO - 
Problem information:
2025-02-23 17:51:54,248 - INFO -   Number of variables (n): 12
2025-02-23 17:51:54,248 - INFO -   Number of constraints (m): 40
2025-02-23 17:51:54,248 - DEBUG -   Density of A: 20.00%
2025-02-23 17:51:54,249 - INFO - 
Running classical reference solver:
2025-02-23 17:51:54,260 - INFO -   Reference solution found:
2025-02-23 17:51:54,260 - INFO -     Solution: [0, 1, 0, 0, 0, 1, 1, 1, 0, 0, 0, 0]
2025-02-23 17:51:54,260 - INFO -     Value: 220.0
2025-02-23 17:51:54,260 - INFO - 
Starting quantum constraint generation with parameters:
2025-02-23 17:51:54,260 - INFO -   sample_size (total shots): 200
2025-02-23 17:51:54,260 - INFO -   tau: 0.1
2025-02-23 17:51:54,261 - INFO -   max_iters: 1000
2025-02-23 17:51:54,261 - INFO - 
Iteration 0:
2025-02-23 17:51:54,261 - DEBUG - Generated Ising Hamiltonian
2025-02-23 17:51:54,506 - DEBUG - Optimizing QAOA circuit...
2025-02-23 17:51:55,762 - DEBUG - Circuit optimization successful
2025-02-23 17:51:55,762 - DEBUG - Circuit optimization successful, final value: -247.43656343656343
2025-02-23 17:51:55,763 - DEBUG - Sampling from optimized circuit...
2025-02-23 17:51:55,778 - DEBUG - Generated 172 unique samples from 200 total measurements
2025-02-23 17:51:55,778 - DEBUG - 
Top 5 most frequent samples:
2025-02-23 17:51:55,779 - DEBUG -   Rank | Count |   %   
2025-02-23 17:51:55,779 - DEBUG -   -----|-------|-------
2025-02-23 17:51:55,779 - DEBUG -      1 |     4 |   2.0
2025-02-23 17:51:55,779 - DEBUG -     Sample: [0 1 1 1 0 1 1 0 1 1 1 1]
2025-02-23 17:51:55,779 - DEBUG -      2 |     3 |   1.5
2025-02-23 17:51:55,780 - DEBUG -     Sample: [0 1 1 0 0 0 1 1 1 1 1 1]
2025-02-23 17:51:55,780 - DEBUG -      3 |     3 |   1.5
2025-02-23 17:51:55,780 - DEBUG -     Sample: [0 1 0 1 1 1 0 1 1 1 1 1]
2025-02-23 17:51:55,780 - DEBUG -      4 |     3 |   1.5
2025-02-23 17:51:55,780 - DEBUG -     Sample: [0 1 1 1 0 1 0 1 1 1 0 1]
2025-02-23 17:51:55,780 - DEBUG -      5 |     2 |   1.0
2025-02-23 17:51:55,781 - DEBUG -     Sample: [0 1 0 1 1 1 1 1 1 1 1 1]
2025-02-23 17:51:55,781 - DEBUG - Generated 172 unique samples from 200 total measurements
2025-02-23 17:51:55,786 - INFO -   No feasible solution found in this iteration
2025-02-23 17:51:55,786 - INFO -   Added 1 new constraints: [28]
2025-02-23 17:51:55,787 - INFO - 
Iteration 1:
2025-02-23 17:51:55,787 - DEBUG - Generated Ising Hamiltonian
2025-02-23 17:51:56,014 - DEBUG - Optimizing QAOA circuit...
2025-02-23 17:51:57,621 - DEBUG - Circuit optimization successful
2025-02-23 17:51:57,621 - DEBUG - Circuit optimization successful, final value: -3709.5764235764236
2025-02-23 17:51:57,621 - DEBUG - Sampling from optimized circuit...
2025-02-23 17:51:57,636 - DEBUG - Generated 186 unique samples from 200 total measurements
2025-02-23 17:51:57,636 - DEBUG - 
Top 5 most frequent samples:
2025-02-23 17:51:57,636 - DEBUG -   Rank | Count |   %   
2025-02-23 17:51:57,636 - DEBUG -   -----|-------|-------
2025-02-23 17:51:57,636 - DEBUG -      1 |     3 |   1.5
2025-02-23 17:51:57,637 - DEBUG -     Sample: [0 1 1 0 1 1 1 0 1 1 0 1]
2025-02-23 17:51:57,637 - DEBUG -      2 |     2 |   1.0
2025-02-23 17:51:57,637 - DEBUG -     Sample: [0 0 1 0 1 0 1 0 1 1 0 1]
2025-02-23 17:51:57,637 - DEBUG -      3 |     2 |   1.0
2025-02-23 17:51:57,638 - DEBUG -     Sample: [0 1 1 0 1 1 0 0 1 1 1 1]
2025-02-23 17:51:57,638 - DEBUG -      4 |     2 |   1.0
2025-02-23 17:51:57,638 - DEBUG -     Sample: [0 1 0 0 0 1 0 1 1 1 1 0]
2025-02-23 17:51:57,638 - DEBUG -      5 |     2 |   1.0
2025-02-23 17:51:57,638 - DEBUG -     Sample: [0 1 1 0 1 1 0 0 1 1 0 0]
2025-02-23 17:51:57,639 - DEBUG - Generated 186 unique samples from 200 total measurements
2025-02-23 17:51:57,642 - INFO -   No feasible solution found in this iteration
2025-02-23 17:51:57,643 - INFO -   Added 1 new constraints: [15]
2025-02-23 17:51:57,643 - INFO - 
Iteration 2:
2025-02-23 17:51:57,643 - DEBUG - Generated Ising Hamiltonian
2025-02-23 17:51:57,853 - DEBUG - Optimizing QAOA circuit...
2025-02-23 17:51:59,441 - DEBUG - Circuit optimization successful
2025-02-23 17:51:59,441 - DEBUG - Circuit optimization successful, final value: -6041.708291708292
2025-02-23 17:51:59,441 - DEBUG - Sampling from optimized circuit...
2025-02-23 17:51:59,455 - DEBUG - Generated 130 unique samples from 200 total measurements
2025-02-23 17:51:59,455 - DEBUG - 
Top 5 most frequent samples:
2025-02-23 17:51:59,455 - DEBUG -   Rank | Count |   %   
2025-02-23 17:51:59,455 - DEBUG -   -----|-------|-------
2025-02-23 17:51:59,455 - DEBUG -      1 |    11 |   5.5
2025-02-23 17:51:59,456 - DEBUG -     Sample: [0 1 1 0 0 0 1 0 0 1 1 0]
2025-02-23 17:51:59,456 - DEBUG -      2 |     8 |   4.0
2025-02-23 17:51:59,456 - DEBUG -     Sample: [1 1 1 0 0 0 0 0 0 1 1 0]
2025-02-23 17:51:59,456 - DEBUG -      3 |     6 |   3.0
2025-02-23 17:51:59,456 - DEBUG -     Sample: [0 1 1 0 0 0 0 0 0 1 1 0]
2025-02-23 17:51:59,456 - DEBUG -      4 |     5 |   2.5
2025-02-23 17:51:59,457 - DEBUG -     Sample: [0 1 1 0 1 0 1 0 0 1 1 0]
2025-02-23 17:51:59,457 - DEBUG -      5 |     5 |   2.5
2025-02-23 17:51:59,457 - DEBUG -     Sample: [0 1 1 0 1 1 1 0 0 1 1 0]
2025-02-23 17:51:59,457 - DEBUG - Generated 130 unique samples from 200 total measurements
2025-02-23 17:51:59,460 - INFO -   No feasible solution found in this iteration
2025-02-23 17:51:59,460 - INFO -   Added 1 new constraints: [26]
2025-02-23 17:51:59,460 - INFO - 
Iteration 3:
2025-02-23 17:51:59,461 - DEBUG - Generated Ising Hamiltonian
2025-02-23 17:51:59,667 - DEBUG - Optimizing QAOA circuit...
2025-02-23 17:52:00,985 - DEBUG - Circuit optimization successful
2025-02-23 17:52:00,985 - DEBUG - Circuit optimization successful, final value: 294.45954045954034
2025-02-23 17:52:00,985 - DEBUG - Sampling from optimized circuit...
2025-02-23 17:52:00,999 - DEBUG - Generated 122 unique samples from 200 total measurements
2025-02-23 17:52:00,999 - DEBUG - 
Top 5 most frequent samples:
2025-02-23 17:52:00,999 - DEBUG -   Rank | Count |   %   
2025-02-23 17:52:01,000 - DEBUG -   -----|-------|-------
2025-02-23 17:52:01,000 - DEBUG -      1 |     9 |   4.5
2025-02-23 17:52:01,000 - DEBUG -     Sample: [1 0 1 0 1 0 1 1 1 0 0 0]
2025-02-23 17:52:01,000 - DEBUG -      2 |     8 |   4.0
2025-02-23 17:52:01,001 - DEBUG -     Sample: [1 0 1 1 0 0 1 1 1 0 0 0]
2025-02-23 17:52:01,001 - DEBUG -      3 |     7 |   3.5
2025-02-23 17:52:01,001 - DEBUG -     Sample: [1 0 1 0 1 0 1 1 0 0 0 0]
2025-02-23 17:52:01,001 - DEBUG -      4 |     6 |   3.0
2025-02-23 17:52:01,002 - DEBUG -     Sample: [1 0 1 0 0 0 1 1 1 0 0 0]
2025-02-23 17:52:01,002 - DEBUG -      5 |     6 |   3.0
2025-02-23 17:52:01,002 - DEBUG -     Sample: [1 0 1 1 1 0 1 1 1 0 0 0]
2025-02-23 17:52:01,002 - DEBUG - Generated 122 unique samples from 200 total measurements
2025-02-23 17:52:01,004 - INFO -   No feasible solution found in this iteration
2025-02-23 17:52:01,005 - INFO -   Added 1 new constraints: [27]
2025-02-23 17:52:01,005 - INFO - 
Iteration 4:
2025-02-23 17:52:01,005 - DEBUG - Generated Ising Hamiltonian
2025-02-23 17:52:01,228 - DEBUG - Optimizing QAOA circuit...
2025-02-23 17:52:02,582 - DEBUG - Circuit optimization successful
2025-02-23 17:52:02,583 - DEBUG - Circuit optimization successful, final value: 6427.162837162838
2025-02-23 17:52:02,583 - DEBUG - Sampling from optimized circuit...
2025-02-23 17:52:02,599 - DEBUG - Generated 168 unique samples from 200 total measurements
2025-02-23 17:52:02,599 - DEBUG - 
Top 5 most frequent samples:
2025-02-23 17:52:02,600 - DEBUG -   Rank | Count |   %   
2025-02-23 17:52:02,600 - DEBUG -   -----|-------|-------
2025-02-23 17:52:02,600 - DEBUG -      1 |     4 |   2.0
2025-02-23 17:52:02,601 - DEBUG -     Sample: [0 1 1 0 1 1 1 1 0 1 0 1]
2025-02-23 17:52:02,601 - DEBUG -      2 |     3 |   1.5
2025-02-23 17:52:02,601 - DEBUG -     Sample: [0 1 1 0 1 1 1 0 0 1 0 1]
2025-02-23 17:52:02,601 - DEBUG -      3 |     3 |   1.5
2025-02-23 17:52:02,601 - DEBUG -     Sample: [1 1 1 0 1 0 1 1 1 1 0 1]
2025-02-23 17:52:02,601 - DEBUG -      4 |     3 |   1.5
2025-02-23 17:52:02,602 - DEBUG -     Sample: [0 1 1 0 1 0 1 1 1 1 0 0]
2025-02-23 17:52:02,602 - DEBUG -      5 |     3 |   1.5
2025-02-23 17:52:02,602 - DEBUG -     Sample: [0 1 1 0 1 0 1 0 1 0 0 1]
2025-02-23 17:52:02,603 - DEBUG - Generated 168 unique samples from 200 total measurements
2025-02-23 17:52:02,605 - INFO -   No feasible solution found in this iteration
2025-02-23 17:52:02,606 - INFO -   Added 1 new constraints: [16]
2025-02-23 17:52:02,606 - INFO - 
Iteration 5:
2025-02-23 17:52:02,607 - DEBUG - Generated Ising Hamiltonian
2025-02-23 17:52:02,819 - DEBUG - Optimizing QAOA circuit...
2025-02-23 17:52:04,145 - DEBUG - Circuit optimization successful
2025-02-23 17:52:04,145 - DEBUG - Circuit optimization successful, final value: -10988.123876123876
2025-02-23 17:52:04,145 - DEBUG - Sampling from optimized circuit...
2025-02-23 17:52:04,160 - DEBUG - Generated 157 unique samples from 200 total measurements
2025-02-23 17:52:04,160 - DEBUG - 
Top 5 most frequent samples:
2025-02-23 17:52:04,160 - DEBUG -   Rank | Count |   %   
2025-02-23 17:52:04,160 - DEBUG -   -----|-------|-------
2025-02-23 17:52:04,160 - DEBUG -      1 |     5 |   2.5
2025-02-23 17:52:04,161 - DEBUG -     Sample: [1 0 0 0 1 0 0 0 1 0 0 1]
2025-02-23 17:52:04,161 - DEBUG -      2 |     5 |   2.5
2025-02-23 17:52:04,161 - DEBUG -     Sample: [0 0 0 0 1 1 1 0 1 0 0 1]
2025-02-23 17:52:04,161 - DEBUG -      3 |     4 |   2.0
2025-02-23 17:52:04,161 - DEBUG -     Sample: [1 0 0 0 1 1 1 0 1 0 0 1]
2025-02-23 17:52:04,162 - DEBUG -      4 |     4 |   2.0
2025-02-23 17:52:04,162 - DEBUG -     Sample: [1 0 0 0 1 1 1 0 0 0 0 1]
2025-02-23 17:52:04,162 - DEBUG -      5 |     4 |   2.0
2025-02-23 17:52:04,162 - DEBUG -     Sample: [1 0 0 0 1 1 0 0 1 0 0 0]
2025-02-23 17:52:04,163 - DEBUG - Generated 157 unique samples from 200 total measurements
2025-02-23 17:52:04,165 - INFO -   No feasible solution found in this iteration
2025-02-23 17:52:04,166 - INFO -   Added 3 new constraints: [4, 13, 39]
2025-02-23 17:52:04,166 - INFO - 
Iteration 6:
2025-02-23 17:52:04,167 - DEBUG - Generated Ising Hamiltonian
2025-02-23 17:52:04,396 - DEBUG - Optimizing QAOA circuit...
2025-02-23 17:52:06,081 - DEBUG - Circuit optimization successful
2025-02-23 17:52:06,081 - DEBUG - Circuit optimization successful, final value: 25882.22577422577
2025-02-23 17:52:06,081 - DEBUG - Sampling from optimized circuit...
2025-02-23 17:52:06,099 - DEBUG - Generated 186 unique samples from 200 total measurements
2025-02-23 17:52:06,099 - DEBUG - 
Top 5 most frequent samples:
2025-02-23 17:52:06,099 - DEBUG -   Rank | Count |   %   
2025-02-23 17:52:06,099 - DEBUG -   -----|-------|-------
2025-02-23 17:52:06,099 - DEBUG -      1 |     3 |   1.5
2025-02-23 17:52:06,100 - DEBUG -     Sample: [1 1 1 1 1 1 1 1 0 1 1 1]
2025-02-23 17:52:06,100 - DEBUG -      2 |     2 |   1.0
2025-02-23 17:52:06,100 - DEBUG -     Sample: [1 1 1 1 1 0 0 1 0 1 1 1]
2025-02-23 17:52:06,100 - DEBUG -      3 |     2 |   1.0
2025-02-23 17:52:06,101 - DEBUG -     Sample: [1 1 1 1 1 0 1 0 0 0 0 1]
2025-02-23 17:52:06,101 - DEBUG -      4 |     2 |   1.0
2025-02-23 17:52:06,101 - DEBUG -     Sample: [0 1 0 1 1 0 0 1 0 0 1 1]
2025-02-23 17:52:06,101 - DEBUG -      5 |     2 |   1.0
2025-02-23 17:52:06,102 - DEBUG -     Sample: [1 1 0 1 1 1 1 1 0 1 1 0]
2025-02-23 17:52:06,103 - DEBUG - Generated 186 unique samples from 200 total measurements
2025-02-23 17:52:06,106 - INFO -   No feasible solution found in this iteration
2025-02-23 17:52:06,107 - INFO -   No new constraints added, lowered tau multiplier: 1.0 -> 0.9
2025-02-23 17:52:06,107 - INFO -   Added 3 new constraints: [5, 14, 23]
2025-02-23 17:52:06,108 - INFO - 
Iteration 7:
2025-02-23 17:52:06,108 - DEBUG - Generated Ising Hamiltonian
2025-02-23 17:52:06,459 - DEBUG - Optimizing QAOA circuit...
2025-02-23 17:52:08,877 - DEBUG - Circuit optimization successful
2025-02-23 17:52:08,877 - DEBUG - Circuit optimization successful, final value: -778.7352647352648
2025-02-23 17:52:08,877 - DEBUG - Sampling from optimized circuit...
2025-02-23 17:52:08,893 - DEBUG - Generated 196 unique samples from 200 total measurements
2025-02-23 17:52:08,894 - DEBUG - 
Top 5 most frequent samples:
2025-02-23 17:52:08,894 - DEBUG -   Rank | Count |   %   
2025-02-23 17:52:08,894 - DEBUG -   -----|-------|-------
2025-02-23 17:52:08,894 - DEBUG -      1 |     2 |   1.0
2025-02-23 17:52:08,894 - DEBUG -     Sample: [1 0 0 1 1 0 1 1 0 0 0 1]
2025-02-23 17:52:08,894 - DEBUG -      2 |     2 |   1.0
2025-02-23 17:52:08,895 - DEBUG -     Sample: [1 0 0 0 0 1 1 1 1 0 1 1]
2025-02-23 17:52:08,895 - DEBUG -      3 |     2 |   1.0
2025-02-23 17:52:08,895 - DEBUG -     Sample: [1 1 0 1 0 1 0 1 0 0 1 1]
2025-02-23 17:52:08,895 - DEBUG -      4 |     2 |   1.0
2025-02-23 17:52:08,895 - DEBUG -     Sample: [0 1 1 1 1 1 0 0 1 0 0 1]
2025-02-23 17:52:08,895 - DEBUG -      5 |     1 |   0.5
2025-02-23 17:52:08,895 - DEBUG -     Sample: [0 1 1 1 0 0 1 1 0 1 0 0]
2025-02-23 17:52:08,896 - DEBUG - Generated 196 unique samples from 200 total measurements
2025-02-23 17:52:08,900 - INFO -   No feasible solution found in this iteration
2025-02-23 17:52:08,901 - INFO -   No new constraints added, lowered tau multiplier: 1.0 -> 0.9
2025-02-23 17:52:08,901 - INFO -   No new constraints added, lowered tau multiplier: 0.9 -> 0.8
2025-02-23 17:52:08,901 - INFO -   No new constraints added, lowered tau multiplier: 0.8 -> 0.7
2025-02-23 17:52:08,901 - INFO -   Added 8 new constraints: [2, 11, 24, 25, 30, 33, 37, 38]
2025-02-23 17:52:08,902 - INFO - 
Iteration 8:
2025-02-23 17:52:08,902 - DEBUG - Generated Ising Hamiltonian
2025-02-23 17:52:09,104 - DEBUG - Optimizing QAOA circuit...
2025-02-23 17:52:11,486 - DEBUG - Circuit optimization successful
2025-02-23 17:52:11,487 - DEBUG - Circuit optimization successful, final value: -1990.163836163836
2025-02-23 17:52:11,487 - DEBUG - Sampling from optimized circuit...
2025-02-23 17:52:11,509 - DEBUG - Generated 193 unique samples from 200 total measurements
2025-02-23 17:52:11,509 - DEBUG - 
Top 5 most frequent samples:
2025-02-23 17:52:11,509 - DEBUG -   Rank | Count |   %   
2025-02-23 17:52:11,509 - DEBUG -   -----|-------|-------
2025-02-23 17:52:11,509 - DEBUG -      1 |     2 |   1.0
2025-02-23 17:52:11,510 - DEBUG -     Sample: [0 1 1 1 1 0 1 0 1 0 0 1]
2025-02-23 17:52:11,510 - DEBUG -      2 |     2 |   1.0
2025-02-23 17:52:11,510 - DEBUG -     Sample: [0 1 0 1 0 0 0 0 0 0 0 1]
2025-02-23 17:52:11,510 - DEBUG -      3 |     2 |   1.0
2025-02-23 17:52:11,511 - DEBUG -     Sample: [0 1 1 0 0 1 1 0 0 1 0 1]
2025-02-23 17:52:11,511 - DEBUG -      4 |     2 |   1.0
2025-02-23 17:52:11,511 - DEBUG -     Sample: [0 0 0 0 1 0 0 0 0 0 1 1]
2025-02-23 17:52:11,511 - DEBUG -      5 |     2 |   1.0
2025-02-23 17:52:11,512 - DEBUG -     Sample: [0 1 0 0 1 1 1 0 0 0 1 1]
2025-02-23 17:52:11,512 - DEBUG - Generated 193 unique samples from 200 total measurements
2025-02-23 17:52:11,519 - INFO -   No feasible solution found in this iteration
2025-02-23 17:52:11,520 - INFO -   No new constraints added, lowered tau multiplier: 1.0 -> 0.9
2025-02-23 17:52:11,520 - INFO -   No new constraints added, lowered tau multiplier: 0.9 -> 0.8
2025-02-23 17:52:11,520 - INFO -   No new constraints added, lowered tau multiplier: 0.8 -> 0.7
2025-02-23 17:52:11,521 - INFO -   Added 6 new constraints: [6, 12, 19, 21, 22, 32]
2025-02-23 17:52:11,521 - INFO - 
Iteration 9:
2025-02-23 17:52:11,522 - DEBUG - Generated Ising Hamiltonian
2025-02-23 17:52:11,750 - DEBUG - Optimizing QAOA circuit...
2025-02-23 17:52:13,451 - DEBUG - Circuit optimization successful
2025-02-23 17:52:13,451 - DEBUG - Circuit optimization successful, final value: -130637.73826173824
2025-02-23 17:52:13,451 - DEBUG - Sampling from optimized circuit...
2025-02-23 17:52:13,467 - DEBUG - Generated 65 unique samples from 200 total measurements
2025-02-23 17:52:13,468 - DEBUG - 
Top 5 most frequent samples:
2025-02-23 17:52:13,468 - DEBUG -   Rank | Count |   %   
2025-02-23 17:52:13,468 - DEBUG -   -----|-------|-------
2025-02-23 17:52:13,468 - DEBUG -      1 |    33 |  16.5
2025-02-23 17:52:13,468 - DEBUG -     Sample: [0 0 0 0 0 1 0 0 0 0 0 1]
2025-02-23 17:52:13,469 - DEBUG -      2 |    27 |  13.5
2025-02-23 17:52:13,469 - DEBUG -     Sample: [0 0 0 0 0 1 0 1 0 0 0 1]
2025-02-23 17:52:13,469 - DEBUG -      3 |     9 |   4.5
2025-02-23 17:52:13,469 - DEBUG -     Sample: [0 1 0 0 0 1 0 1 0 0 0 1]
2025-02-23 17:52:13,469 - DEBUG -      4 |     9 |   4.5
2025-02-23 17:52:13,469 - DEBUG -     Sample: [0 0 0 0 0 1 0 1 0 0 0 0]
2025-02-23 17:52:13,469 - DEBUG -      5 |     9 |   4.5
2025-02-23 17:52:13,470 - DEBUG -     Sample: [0 0 0 0 0 0 0 1 0 0 0 1]
2025-02-23 17:52:13,470 - DEBUG - Generated 65 unique samples from 200 total measurements
2025-02-23 17:52:13,471 - INFO -   No feasible solution found in this iteration
2025-02-23 17:52:13,471 - INFO -   No new constraints added, lowered tau multiplier: 1.0 -> 0.9
2025-02-23 17:52:13,472 - INFO -   No new constraints added, lowered tau multiplier: 0.9 -> 0.8
2025-02-23 17:52:13,472 - INFO -   Added 3 new constraints: [20, 29, 34]
2025-02-23 17:52:13,472 - INFO - 
Iteration 10:
2025-02-23 17:52:13,472 - DEBUG - Generated Ising Hamiltonian
2025-02-23 17:52:13,658 - DEBUG - Optimizing QAOA circuit...
2025-02-23 17:52:15,077 - DEBUG - Circuit optimization successful
2025-02-23 17:52:15,079 - DEBUG - Circuit optimization successful, final value: 36890.32967032968
2025-02-23 17:52:15,080 - DEBUG - Sampling from optimized circuit...
2025-02-23 17:52:15,101 - DEBUG - Generated 131 unique samples from 200 total measurements
2025-02-23 17:52:15,101 - DEBUG - 
Top 5 most frequent samples:
2025-02-23 17:52:15,102 - DEBUG -   Rank | Count |   %   
2025-02-23 17:52:15,102 - DEBUG -   -----|-------|-------
2025-02-23 17:52:15,103 - DEBUG -      1 |     8 |   4.0
2025-02-23 17:52:15,103 - DEBUG -     Sample: [1 1 1 1 0 0 0 0 1 1 1 0]
2025-02-23 17:52:15,104 - DEBUG -      2 |     8 |   4.0
2025-02-23 17:52:15,104 - DEBUG -     Sample: [1 1 1 1 0 0 0 0 1 1 1 1]
2025-02-23 17:52:15,104 - DEBUG -      3 |     6 |   3.0
2025-02-23 17:52:15,104 - DEBUG -     Sample: [1 1 1 1 0 0 1 0 1 1 1 1]
2025-02-23 17:52:15,104 - DEBUG -      4 |     5 |   2.5
2025-02-23 17:52:15,105 - DEBUG -     Sample: [1 1 1 0 0 0 0 0 1 1 1 0]
2025-02-23 17:52:15,105 - DEBUG -      5 |     4 |   2.0
2025-02-23 17:52:15,105 - DEBUG -     Sample: [1 1 1 1 0 1 1 0 1 1 1 1]
2025-02-23 17:52:15,106 - DEBUG - Generated 131 unique samples from 200 total measurements
2025-02-23 17:52:15,108 - INFO -   No feasible solution found in this iteration
2025-02-23 17:52:15,108 - INFO -   No new constraints added, lowered tau multiplier: 1.0 -> 0.9
2025-02-23 17:52:15,108 - INFO -   No new constraints added, lowered tau multiplier: 0.9 -> 0.8
2025-02-23 17:52:15,109 - INFO -   Added 1 new constraints: [17]
2025-02-23 17:52:15,109 - INFO - 
Iteration 11:
2025-02-23 17:52:15,109 - DEBUG - Generated Ising Hamiltonian
2025-02-23 17:52:15,267 - DEBUG - Optimizing QAOA circuit...
2025-02-23 17:52:17,200 - DEBUG - Circuit optimization successful
2025-02-23 17:52:17,200 - DEBUG - Circuit optimization successful, final value: -22491.860139860142
2025-02-23 17:52:17,200 - DEBUG - Sampling from optimized circuit...
2025-02-23 17:52:17,216 - DEBUG - Generated 175 unique samples from 200 total measurements
2025-02-23 17:52:17,216 - DEBUG - 
Top 5 most frequent samples:
2025-02-23 17:52:17,217 - DEBUG -   Rank | Count |   %   
2025-02-23 17:52:17,217 - DEBUG -   -----|-------|-------
2025-02-23 17:52:17,217 - DEBUG -      1 |     4 |   2.0
2025-02-23 17:52:17,217 - DEBUG -     Sample: [0 0 1 0 1 0 0 0 0 0 1 1]
2025-02-23 17:52:17,217 - DEBUG -      2 |     3 |   1.5
2025-02-23 17:52:17,217 - DEBUG -     Sample: [0 0 0 0 1 0 0 0 0 0 1 0]
2025-02-23 17:52:17,217 - DEBUG -      3 |     3 |   1.5
2025-02-23 17:52:17,217 - DEBUG -     Sample: [0 0 1 0 1 0 0 0 0 0 0 1]
2025-02-23 17:52:17,218 - DEBUG -      4 |     3 |   1.5
2025-02-23 17:52:17,218 - DEBUG -     Sample: [0 0 1 0 1 0 1 1 1 0 1 1]
2025-02-23 17:52:17,218 - DEBUG -      5 |     2 |   1.0
2025-02-23 17:52:17,218 - DEBUG -     Sample: [0 0 0 1 1 0 0 1 0 0 1 0]
2025-02-23 17:52:17,219 - DEBUG - Generated 175 unique samples from 200 total measurements
2025-02-23 17:52:17,221 - INFO -   No feasible solution found in this iteration
2025-02-23 17:52:17,222 - INFO -   No new constraints added, lowered tau multiplier: 1.0 -> 0.9
2025-02-23 17:52:17,222 - INFO -   No new constraints added, lowered tau multiplier: 0.9 -> 0.8
2025-02-23 17:52:17,222 - INFO -   No new constraints added, lowered tau multiplier: 0.8 -> 0.7
2025-02-23 17:52:17,222 - INFO -   Added 1 new constraints: [3]
2025-02-23 17:52:17,223 - INFO - 
Iteration 12:
2025-02-23 17:52:17,223 - DEBUG - Generated Ising Hamiltonian
2025-02-23 17:52:17,418 - DEBUG - Optimizing QAOA circuit...
2025-02-23 17:52:19,257 - DEBUG - Circuit optimization successful
2025-02-23 17:52:19,257 - DEBUG - Circuit optimization successful, final value: 6850.68931068931
2025-02-23 17:52:19,257 - DEBUG - Sampling from optimized circuit...
2025-02-23 17:52:19,275 - DEBUG - Generated 188 unique samples from 200 total measurements
2025-02-23 17:52:19,275 - DEBUG - 
Top 5 most frequent samples:
2025-02-23 17:52:19,275 - DEBUG -   Rank | Count |   %   
2025-02-23 17:52:19,275 - DEBUG -   -----|-------|-------
2025-02-23 17:52:19,276 - DEBUG -      1 |     2 |   1.0
2025-02-23 17:52:19,276 - DEBUG -     Sample: [1 0 1 1 1 0 0 1 0 1 0 0]
2025-02-23 17:52:19,276 - DEBUG -      2 |     2 |   1.0
2025-02-23 17:52:19,276 - DEBUG -     Sample: [0 0 0 1 1 1 1 0 1 1 1 0]
2025-02-23 17:52:19,276 - DEBUG -      3 |     2 |   1.0
2025-02-23 17:52:19,277 - DEBUG -     Sample: [1 1 1 1 0 0 0 0 0 0 0 0]
2025-02-23 17:52:19,277 - DEBUG -      4 |     2 |   1.0
2025-02-23 17:52:19,277 - DEBUG -     Sample: [0 0 1 1 1 0 1 1 1 1 0 1]
2025-02-23 17:52:19,277 - DEBUG -      5 |     2 |   1.0
2025-02-23 17:52:19,277 - DEBUG -     Sample: [0 0 1 0 0 1 1 0 1 1 0 0]
2025-02-23 17:52:19,278 - DEBUG - Generated 188 unique samples from 200 total measurements
2025-02-23 17:52:19,282 - INFO -   No feasible solution found in this iteration
2025-02-23 17:52:19,282 - INFO -   No new constraints added, lowered tau multiplier: 1.0 -> 0.9
2025-02-23 17:52:19,282 - INFO -   No new constraints added, lowered tau multiplier: 0.9 -> 0.8
2025-02-23 17:52:19,283 - INFO -   No new constraints added, lowered tau multiplier: 0.8 -> 0.7
2025-02-23 17:52:19,283 - INFO -   Added 2 new constraints: [7, 18]
2025-02-23 17:52:19,283 - INFO - 
Iteration 13:
2025-02-23 17:52:19,283 - DEBUG - Generated Ising Hamiltonian
2025-02-23 17:52:19,488 - DEBUG - Optimizing QAOA circuit...
2025-02-23 17:52:21,635 - DEBUG - Circuit optimization successful
2025-02-23 17:52:21,636 - DEBUG - Circuit optimization successful, final value: -8751.098901098901
2025-02-23 17:52:21,636 - DEBUG - Sampling from optimized circuit...
2025-02-23 17:52:21,653 - DEBUG - Generated 189 unique samples from 200 total measurements
2025-02-23 17:52:21,653 - DEBUG - 
Top 5 most frequent samples:
2025-02-23 17:52:21,653 - DEBUG -   Rank | Count |   %   
2025-02-23 17:52:21,653 - DEBUG -   -----|-------|-------
2025-02-23 17:52:21,653 - DEBUG -      1 |     3 |   1.5
2025-02-23 17:52:21,653 - DEBUG -     Sample: [0 1 0 0 0 0 1 1 0 1 0 1]
2025-02-23 17:52:21,654 - DEBUG -      2 |     2 |   1.0
2025-02-23 17:52:21,654 - DEBUG -     Sample: [0 1 1 0 0 0 0 1 0 0 1 0]
2025-02-23 17:52:21,654 - DEBUG -      3 |     2 |   1.0
2025-02-23 17:52:21,654 - DEBUG -     Sample: [0 0 1 0 0 0 0 1 1 0 1 0]
2025-02-23 17:52:21,654 - DEBUG -      4 |     2 |   1.0
2025-02-23 17:52:21,655 - DEBUG -     Sample: [1 0 1 0 0 1 1 0 0 0 0 1]
2025-02-23 17:52:21,655 - DEBUG -      5 |     2 |   1.0
2025-02-23 17:52:21,655 - DEBUG -     Sample: [1 1 0 0 0 1 0 1 0 0 1 0]
2025-02-23 17:52:21,656 - DEBUG - Generated 189 unique samples from 200 total measurements
2025-02-23 17:52:21,660 - INFO -   No feasible solution found in this iteration
2025-02-23 17:52:21,660 - INFO -   No new constraints added, lowered tau multiplier: 1.0 -> 0.9
2025-02-23 17:52:21,660 - INFO -   No new constraints added, lowered tau multiplier: 0.9 -> 0.8
2025-02-23 17:52:21,660 - INFO -   No new constraints added, lowered tau multiplier: 0.8 -> 0.7
2025-02-23 17:52:21,661 - INFO -   Added 2 new constraints: [9, 35]
2025-02-23 17:52:21,661 - INFO - 
Iteration 14:
2025-02-23 17:52:21,661 - DEBUG - Generated Ising Hamiltonian
2025-02-23 17:52:21,865 - DEBUG - Optimizing QAOA circuit...
2025-02-23 17:52:23,826 - DEBUG - Circuit optimization successful
2025-02-23 17:52:23,826 - DEBUG - Circuit optimization successful, final value: 22765.448551448546
2025-02-23 17:52:23,826 - DEBUG - Sampling from optimized circuit...
2025-02-23 17:52:23,844 - DEBUG - Generated 114 unique samples from 200 total measurements
2025-02-23 17:52:23,845 - DEBUG - 
Top 5 most frequent samples:
2025-02-23 17:52:23,845 - DEBUG -   Rank | Count |   %   
2025-02-23 17:52:23,845 - DEBUG -   -----|-------|-------
2025-02-23 17:52:23,845 - DEBUG -      1 |    12 |   6.0
2025-02-23 17:52:23,845 - DEBUG -     Sample: [0 1 0 1 0 0 1 1 1 0 1 0]
2025-02-23 17:52:23,846 - DEBUG -      2 |    11 |   5.5
2025-02-23 17:52:23,846 - DEBUG -     Sample: [0 1 0 1 0 0 1 1 1 1 1 0]
2025-02-23 17:52:23,846 - DEBUG -      3 |    11 |   5.5
2025-02-23 17:52:23,847 - DEBUG -     Sample: [0 1 1 1 0 0 1 1 1 0 1 0]
2025-02-23 17:52:23,847 - DEBUG -      4 |     7 |   3.5
2025-02-23 17:52:23,847 - DEBUG -     Sample: [0 1 0 1 0 0 1 1 0 0 1 0]
2025-02-23 17:52:23,847 - DEBUG -      5 |     6 |   3.0
2025-02-23 17:52:23,847 - DEBUG -     Sample: [0 1 1 1 0 0 1 1 1 1 1 0]
2025-02-23 17:52:23,848 - DEBUG - Generated 114 unique samples from 200 total measurements
2025-02-23 17:52:23,850 - INFO -   No feasible solution found in this iteration
2025-02-23 17:52:23,851 - INFO -   No new constraints added, lowered tau multiplier: 1.0 -> 0.9
2025-02-23 17:52:23,851 - INFO -   No new constraints added, lowered tau multiplier: 0.9 -> 0.8
2025-02-23 17:52:23,851 - INFO -   No new constraints added, lowered tau multiplier: 0.8 -> 0.7
2025-02-23 17:52:23,852 - INFO -   No new constraints added, lowered tau multiplier: 0.7 -> 0.6
2025-02-23 17:52:23,852 - INFO -   No new constraints added, lowered tau multiplier: 0.6 -> 0.5
2025-02-23 17:52:23,852 - INFO -   No new constraints added, lowered tau multiplier: 0.5 -> 0.4
2025-02-23 17:52:23,852 - INFO -   Added 4 new constraints: [0, 8, 10, 36]
2025-02-23 17:52:23,853 - INFO - 
Iteration 15:
2025-02-23 17:52:23,853 - DEBUG - Generated Ising Hamiltonian
2025-02-23 17:52:24,051 - DEBUG - Optimizing QAOA circuit...
2025-02-23 17:52:26,112 - DEBUG - Circuit optimization successful
2025-02-23 17:52:26,113 - DEBUG - Circuit optimization successful, final value: -65727.32467532468
2025-02-23 17:52:26,113 - DEBUG - Sampling from optimized circuit...
2025-02-23 17:52:26,128 - DEBUG - Generated 91 unique samples from 200 total measurements
2025-02-23 17:52:26,129 - DEBUG - 
Top 5 most frequent samples:
2025-02-23 17:52:26,129 - DEBUG -   Rank | Count |   %   
2025-02-23 17:52:26,129 - DEBUG -   -----|-------|-------
2025-02-23 17:52:26,129 - DEBUG -      1 |    14 |   7.0
2025-02-23 17:52:26,129 - DEBUG -     Sample: [1 1 0 0 0 1 0 0 0 1 0 1]
2025-02-23 17:52:26,129 - DEBUG -      2 |    14 |   7.0
2025-02-23 17:52:26,129 - DEBUG -     Sample: [1 1 1 0 0 1 0 0 0 1 0 1]
2025-02-23 17:52:26,129 - DEBUG -      3 |    12 |   6.0
2025-02-23 17:52:26,130 - DEBUG -     Sample: [0 1 1 0 0 1 0 0 0 1 0 1]
2025-02-23 17:52:26,130 - DEBUG -      4 |    10 |   5.0
2025-02-23 17:52:26,130 - DEBUG -     Sample: [1 1 1 0 0 1 1 0 0 1 0 1]
2025-02-23 17:52:26,130 - DEBUG -      5 |     6 |   3.0
2025-02-23 17:52:26,130 - DEBUG -     Sample: [0 1 0 0 0 1 0 0 0 1 0 1]
2025-02-23 17:52:26,131 - DEBUG - Generated 91 unique samples from 200 total measurements
2025-02-23 17:52:26,132 - INFO -   No feasible solution found in this iteration
2025-02-23 17:52:26,133 - INFO -   No new constraints added, lowered tau multiplier: 1.0 -> 0.9
2025-02-23 17:52:26,133 - INFO -   No new constraints added, lowered tau multiplier: 0.9 -> 0.8
2025-02-23 17:52:26,133 - INFO -   No new constraints added, lowered tau multiplier: 0.8 -> 0.7
2025-02-23 17:52:26,133 - INFO -   No new constraints added, lowered tau multiplier: 0.7 -> 0.6
2025-02-23 17:52:26,134 - INFO -   No new constraints added, lowered tau multiplier: 0.6 -> 0.5
2025-02-23 17:52:26,134 - INFO -   No new constraints added, lowered tau multiplier: 0.5 -> 0.4
2025-02-23 17:52:26,134 - INFO -   Added 2 new constraints: [1, 31]
2025-02-23 17:52:26,135 - INFO - 
Iteration 16:
2025-02-23 17:52:26,135 - DEBUG - Generated Ising Hamiltonian
2025-02-23 17:52:26,339 - DEBUG - Optimizing QAOA circuit...
2025-02-23 17:52:28,328 - DEBUG - Circuit optimization successful
2025-02-23 17:52:28,328 - DEBUG - Circuit optimization successful, final value: 41165.732267732266
2025-02-23 17:52:28,329 - DEBUG - Sampling from optimized circuit...
2025-02-23 17:52:28,345 - DEBUG - Generated 86 unique samples from 200 total measurements
2025-02-23 17:52:28,345 - DEBUG - 
Top 5 most frequent samples:
2025-02-23 17:52:28,345 - DEBUG -   Rank | Count |   %   
2025-02-23 17:52:28,345 - DEBUG -   -----|-------|-------
2025-02-23 17:52:28,345 - DEBUG -      1 |    20 |  10.0
2025-02-23 17:52:28,346 - DEBUG -     Sample: [0 0 0 0 1 1 1 0 1 0 1 0]
2025-02-23 17:52:28,346 - DEBUG -      2 |    14 |   7.0
2025-02-23 17:52:28,346 - DEBUG -     Sample: [0 0 0 0 1 1 1 1 1 0 1 0]
2025-02-23 17:52:28,346 - DEBUG -      3 |    11 |   5.5
2025-02-23 17:52:28,346 - DEBUG -     Sample: [0 0 1 0 1 1 1 1 1 0 1 0]
2025-02-23 17:52:28,346 - DEBUG -      4 |    10 |   5.0
2025-02-23 17:52:28,346 - DEBUG -     Sample: [0 0 0 1 1 1 1 0 1 0 1 0]
2025-02-23 17:52:28,347 - DEBUG -      5 |     7 |   3.5
2025-02-23 17:52:28,347 - DEBUG -     Sample: [0 0 0 0 1 1 1 0 0 0 1 0]
2025-02-23 17:52:28,347 - DEBUG - Generated 86 unique samples from 200 total measurements
2025-02-23 17:52:28,349 - INFO -   No feasible solution found in this iteration
2025-02-23 17:52:28,349 - INFO -   All constraints added, exiting
2025-02-23 17:52:28,349 - INFO -   Constraint generation found no feasible solution
2025-02-23 17:52:28,350 - INFO - 
Instance 15 results:
2025-02-23 17:52:28,350 - INFO -   Classical value: 220.0
2025-02-23 17:52:28,350 - INFO -   QAOA value: 0.0
2025-02-23 17:52:28,350 - INFO -   Constraint generation value: 0.0
2025-02-23 17:52:28,351 - INFO - 
Running instance 16/100
2025-02-23 17:52:28,353 - INFO - 
Running Classical Reference Solver (SCIP):
2025-02-23 17:52:28,354 - DEBUG - Problem dimensions: 40 constraints, 12 variables
2025-02-23 17:52:28,354 - DEBUG - Row names: ['ELEM1', 'ELEM2', 'ELEM3', 'ELEM4', 'ELEM5', 'ELEM6', 'ELEM7', 'ELEM8', 'ELEM9', 'ELEM10', 'ELEM11', 'ELEM12', 'ELEM13', 'ELEM14', 'ELEM15', 'ELEM16', 'ELEM17', 'ELEM18', 'ELEM19', 'ELEM20', 'ELEM21', 'ELEM22', 'ELEM23', 'ELEM24', 'ELEM25', 'ELEM26', 'ELEM27', 'ELEM28', 'ELEM29', 'ELEM30', 'ELEM31', 'ELEM32', 'ELEM33', 'ELEM34', 'ELEM35', 'ELEM36', 'ELEM37', 'ELEM38', 'ELEM39', 'ELEM40']
2025-02-23 17:52:28,354 - DEBUG - RHS values: {'ELEM1': 1.0, 'ELEM2': 1.0, 'ELEM3': 1.0, 'ELEM4': 1.0, 'ELEM5': 1.0, 'ELEM6': 1.0, 'ELEM7': 1.0, 'ELEM8': 1.0, 'ELEM9': 1.0, 'ELEM10': 1.0, 'ELEM11': 1.0, 'ELEM12': 1.0, 'ELEM13': 1.0, 'ELEM14': 1.0, 'ELEM15': 1.0, 'ELEM16': 1.0, 'ELEM17': 1.0, 'ELEM18': 1.0, 'ELEM19': 1.0, 'ELEM20': 1.0, 'ELEM21': 1.0, 'ELEM22': 1.0, 'ELEM23': 1.0, 'ELEM24': 1.0, 'ELEM25': 1.0, 'ELEM26': 1.0, 'ELEM27': 1.0, 'ELEM28': 1.0, 'ELEM29': 1.0, 'ELEM30': 1.0, 'ELEM31': 1.0, 'ELEM32': 1.0, 'ELEM33': 1.0, 'ELEM34': 1.0, 'ELEM35': 1.0, 'ELEM36': 1.0, 'ELEM37': 1.0, 'ELEM38': 1.0, 'ELEM39': 1.0, 'ELEM40': 1.0}
2025-02-23 17:52:28,364 - INFO -   Reference solution found:
2025-02-23 17:52:28,364 - INFO -     Solution: [1, 0, 1, 1, 0, 0, 0, 1, 0, 0, 0, 1]
2025-02-23 17:52:28,364 - INFO -     Value: 198.0
2025-02-23 17:52:28,364 - INFO - 
Running QAOA Reference Solution (with all constraints):
