2025-02-24 14:39:15,834 - INFO - 
Problem information:
2025-02-24 14:39:15,834 - INFO -   Number of variables (n): 12
2025-02-24 14:39:15,834 - INFO -   Number of constraints (m): 40
2025-02-24 14:39:15,834 - DEBUG -   Density of A: 28.54%
2025-02-24 14:39:15,834 - INFO - 
Starting reference QAOA with parameters:
2025-02-24 14:39:15,834 - INFO -   sample_size (total shots): 1000
2025-02-24 14:39:15,834 - INFO - Added all constraints
2025-02-24 14:39:15,835 - DEBUG - Generated Ising Hamiltonian
2025-02-24 14:39:15,981 - DEBUG - Optimizing QAOA circuit...
2025-02-24 14:39:21,221 - DEBUG - Circuit optimization successful
2025-02-24 14:39:21,221 - DEBUG - Circuit optimization successful, final value: 3687.975274725275
2025-02-24 14:39:21,221 - DEBUG - Sampling from optimized circuit...
2025-02-24 14:39:21,270 - DEBUG - Generated 825 unique samples from 1000 total measurements
2025-02-24 14:39:21,271 - DEBUG - 
Top 5 most frequent samples:
2025-02-24 14:39:21,271 - DEBUG -   Rank | Count |   %   
2025-02-24 14:39:21,271 - DEBUG -   -----|-------|-------
2025-02-24 14:39:21,271 - DEBUG -      1 |     4 |   0.4
2025-02-24 14:39:21,271 - DEBUG -     Sample: [1 0 1 1 1 0 1 1 1 1 1 1]
2025-02-24 14:39:21,271 - DEBUG -      2 |     4 |   0.4
2025-02-24 14:39:21,271 - DEBUG -     Sample: [1 1 0 1 1 0 0 1 0 0 1 0]
2025-02-24 14:39:21,271 - DEBUG -      3 |     4 |   0.4
2025-02-24 14:39:21,272 - DEBUG -     Sample: [1 1 1 0 1 0 0 1 1 0 0 1]
2025-02-24 14:39:21,272 - DEBUG -      4 |     3 |   0.3
2025-02-24 14:39:21,272 - DEBUG -     Sample: [0 1 0 0 0 1 1 0 1 1 1 0]
2025-02-24 14:39:21,272 - DEBUG -      5 |     3 |   0.3
2025-02-24 14:39:21,272 - DEBUG -     Sample: [1 1 0 0 1 1 0 0 0 0 0 1]
2025-02-24 14:39:21,274 - DEBUG - Generated 825 unique samples from 1000 total measurements
2025-02-24 14:39:21,283 - INFO - Found feasible solution: [0 0 1 0 0 0 0 0 0 0 1 1] with objective value 129.0
2025-02-24 14:39:21,287 - INFO - Found feasible solution:
2025-02-24 14:39:21,288 - INFO -   Solution: [0, 0, 1, 0, 0, 0, 0, 0, 0, 0, 1, 1]
2025-02-24 14:39:21,288 - INFO -   Value: 129.0
2025-02-24 14:39:21,289 - INFO -   QAOA solution found:
2025-02-24 14:39:21,289 - INFO -     Solution: [0, 0, 1, 0, 0, 0, 0, 0, 0, 0, 1, 1]
2025-02-24 14:39:21,289 - INFO -     Value: 129.0
2025-02-24 14:39:21,289 - INFO - 
Running Constraint Generation:
2025-02-24 14:39:21,290 - INFO - 
Problem information:
2025-02-24 14:39:21,290 - INFO -   Number of variables (n): 12
2025-02-24 14:39:21,290 - INFO -   Number of constraints (m): 40
2025-02-24 14:39:21,291 - DEBUG -   Density of A: 28.54%
2025-02-24 14:39:21,291 - INFO - 
Running classical reference solver:
2025-02-24 14:39:21,301 - INFO -   Reference solution found:
2025-02-24 14:39:21,302 - INFO -     Solution: [0, 1, 0, 0, 1, 0, 0, 1, 1, 0, 0, 0]
2025-02-24 14:39:21,302 - INFO -     Value: 127.0
2025-02-24 14:39:21,302 - INFO - 
Starting quantum constraint generation with parameters:
2025-02-24 14:39:21,302 - INFO -   sample_size (total shots): 1000
2025-02-24 14:39:21,302 - INFO -   tau: 0.1
2025-02-24 14:39:21,302 - INFO -   max_iters: 1000
2025-02-24 14:39:21,303 - INFO - 
Iteration 0:
2025-02-24 14:39:21,303 - DEBUG - Generated Ising Hamiltonian
2025-02-24 14:39:21,304 - DEBUG - Optimizing QAOA circuit...
2025-02-24 14:39:30,627 - WARNING - Circuit optimization did not converge
2025-02-24 14:39:30,628 - WARNING - Circuit optimization did not converge
2025-02-24 14:39:30,628 - DEBUG - Sampling from optimized circuit...
2025-02-24 14:39:30,683 - DEBUG - Generated 14 unique samples from 1000 total measurements
2025-02-24 14:39:30,683 - DEBUG - 
Top 5 most frequent samples:
2025-02-24 14:39:30,683 - DEBUG -   Rank | Count |   %   
2025-02-24 14:39:30,683 - DEBUG -   -----|-------|-------
2025-02-24 14:39:30,683 - DEBUG -      1 |   369 |  36.9
2025-02-24 14:39:30,683 - DEBUG -     Sample: [0 0 0 0 0 0 0 0 0 1 1 1]
2025-02-24 14:39:30,684 - DEBUG -      2 |   175 |  17.5
2025-02-24 14:39:30,684 - DEBUG -     Sample: [0 0 0 0 0 0 0 0 0 1 0 1]
2025-02-24 14:39:30,684 - DEBUG -      3 |   175 |  17.5
2025-02-24 14:39:30,684 - DEBUG -     Sample: [0 0 0 0 0 0 0 0 1 1 1 1]
2025-02-24 14:39:30,684 - DEBUG -      4 |   101 |  10.1
2025-02-24 14:39:30,684 - DEBUG -     Sample: [0 0 0 0 0 0 0 0 0 0 1 1]
2025-02-24 14:39:30,684 - DEBUG -      5 |    54 |   5.4
2025-02-24 14:39:30,684 - DEBUG -     Sample: [0 0 0 0 0 0 0 0 1 1 0 1]
2025-02-24 14:39:30,685 - DEBUG - Generated 14 unique samples from 1000 total measurements
2025-02-24 14:39:30,685 - INFO -   No feasible solution found in this iteration
2025-02-24 14:39:30,685 - INFO -   Added 4 new constraints: [14, 20, 31, 37]
2025-02-24 14:39:30,685 - INFO - 
Iteration 1:
2025-02-24 14:39:30,685 - DEBUG - Generated Ising Hamiltonian
2025-02-24 14:39:30,687 - DEBUG - Optimizing QAOA circuit...
2025-02-24 14:39:35,878 - WARNING - Circuit optimization did not converge
2025-02-24 14:39:35,878 - WARNING - Circuit optimization did not converge
2025-02-24 14:39:35,878 - DEBUG - Sampling from optimized circuit...
2025-02-24 14:39:35,923 - DEBUG - Generated 16 unique samples from 1000 total measurements
2025-02-24 14:39:35,924 - DEBUG - 
Top 5 most frequent samples:
2025-02-24 14:39:35,924 - DEBUG -   Rank | Count |   %   
2025-02-24 14:39:35,924 - DEBUG -   -----|-------|-------
2025-02-24 14:39:35,924 - DEBUG -      1 |   241 |  24.1
2025-02-24 14:39:35,924 - DEBUG -     Sample: [0 0 0 0 0 0 0 0 1 0 0 1]
2025-02-24 14:39:35,924 - DEBUG -      2 |   210 |  21.0
2025-02-24 14:39:35,924 - DEBUG -     Sample: [0 0 0 0 0 0 0 0 1 0 0 0]
2025-02-24 14:39:35,924 - DEBUG -      3 |    79 |   7.9
2025-02-24 14:39:35,924 - DEBUG -     Sample: [0 0 0 0 0 0 0 0 1 0 1 1]
2025-02-24 14:39:35,924 - DEBUG -      4 |    76 |   7.6
2025-02-24 14:39:35,924 - DEBUG -     Sample: [0 0 0 0 0 0 0 0 1 1 0 1]
2025-02-24 14:39:35,925 - DEBUG -      5 |    72 |   7.2
2025-02-24 14:39:35,925 - DEBUG -     Sample: [0 0 0 0 0 0 0 0 0 0 0 1]
2025-02-24 14:39:35,925 - DEBUG - Generated 16 unique samples from 1000 total measurements
2025-02-24 14:39:35,925 - INFO -   No feasible solution found in this iteration
2025-02-24 14:39:35,925 - INFO -   No new constraints added, lowered tau multiplier: 1.0 -> 0.9
2025-02-24 14:39:35,925 - INFO -   No new constraints added, lowered tau multiplier: 0.9 -> 0.8
2025-02-24 14:39:35,925 - INFO -   No new constraints added, lowered tau multiplier: 0.8 -> 0.7
2025-02-24 14:39:35,926 - INFO -   No new constraints added, lowered tau multiplier: 0.7 -> 0.6
2025-02-24 14:39:35,926 - INFO -   Added 4 new constraints: [3, 17, 18, 38]
2025-02-24 14:39:35,926 - INFO - 
Iteration 2:
2025-02-24 14:39:35,926 - DEBUG - Generated Ising Hamiltonian
2025-02-24 14:39:35,927 - DEBUG - Optimizing QAOA circuit...
2025-02-24 14:39:42,136 - WARNING - Circuit optimization did not converge
2025-02-24 14:39:42,137 - WARNING - Circuit optimization did not converge
2025-02-24 14:39:42,137 - DEBUG - Sampling from optimized circuit...
2025-02-24 14:39:42,186 - DEBUG - Generated 16 unique samples from 1000 total measurements
2025-02-24 14:39:42,186 - DEBUG - 
Top 5 most frequent samples:
2025-02-24 14:39:42,186 - DEBUG -   Rank | Count |   %   
2025-02-24 14:39:42,186 - DEBUG -   -----|-------|-------
2025-02-24 14:39:42,186 - DEBUG -      1 |   325 |  32.5
2025-02-24 14:39:42,187 - DEBUG -     Sample: [0 0 0 0 0 0 0 0 0 1 0 0]
2025-02-24 14:39:42,187 - DEBUG -      2 |   307 |  30.7
2025-02-24 14:39:42,187 - DEBUG -     Sample: [0 0 0 0 0 0 0 0 1 0 0 0]
2025-02-24 14:39:42,187 - DEBUG -      3 |    93 |   9.3
2025-02-24 14:39:42,187 - DEBUG -     Sample: [0 0 0 0 0 0 0 0 0 1 1 0]
2025-02-24 14:39:42,187 - DEBUG -      4 |    90 |   9.0
2025-02-24 14:39:42,187 - DEBUG -     Sample: [0 0 0 0 0 0 0 0 1 0 1 0]
2025-02-24 14:39:42,188 - DEBUG -      5 |    60 |   6.0
2025-02-24 14:39:42,188 - DEBUG -     Sample: [0 0 0 0 0 0 0 0 0 1 0 1]
2025-02-24 14:39:42,188 - DEBUG - Generated 16 unique samples from 1000 total measurements
2025-02-24 14:39:42,188 - INFO -   No feasible solution found in this iteration
2025-02-24 14:39:42,188 - INFO -   No new constraints added, lowered tau multiplier: 1.0 -> 0.9
2025-02-24 14:39:42,188 - INFO -   No new constraints added, lowered tau multiplier: 0.9 -> 0.8
2025-02-24 14:39:42,188 - INFO -   No new constraints added, lowered tau multiplier: 0.8 -> 0.7
2025-02-24 14:39:42,189 - INFO -   No new constraints added, lowered tau multiplier: 0.7 -> 0.6
2025-02-24 14:39:42,189 - INFO -   No new constraints added, lowered tau multiplier: 0.6 -> 0.5
2025-02-24 14:39:42,189 - INFO -   No new constraints added, lowered tau multiplier: 0.5 -> 0.4
2025-02-24 14:39:42,189 - INFO -   Added 32 new constraints: [0, 1, 2, 4, 5, 6, 7, 8, 9, 10, 11, 12, 13, 15, 16, 19, 21, 22, 23, 24, 25, 26, 27, 28, 29, 30, 32, 33, 34, 35, 36, 39]
2025-02-24 14:39:42,189 - INFO - 
Iteration 3:
2025-02-24 14:39:42,189 - DEBUG - Generated Ising Hamiltonian
2025-02-24 14:39:42,192 - DEBUG - Optimizing QAOA circuit...
2025-02-24 14:39:50,605 - WARNING - Circuit optimization did not converge
2025-02-24 14:39:50,605 - WARNING - Circuit optimization did not converge
2025-02-24 14:39:50,605 - DEBUG - Sampling from optimized circuit...
2025-02-24 14:39:50,667 - DEBUG - Generated 16 unique samples from 1000 total measurements
2025-02-24 14:39:50,668 - DEBUG - 
Top 5 most frequent samples:
2025-02-24 14:39:50,668 - DEBUG -   Rank | Count |   %   
2025-02-24 14:39:50,668 - DEBUG -   -----|-------|-------
2025-02-24 14:39:50,668 - DEBUG -      1 |    90 |   9.0
2025-02-24 14:39:50,668 - DEBUG -     Sample: [0 0 0 0 0 0 0 0 0 0 0 0]
2025-02-24 14:39:50,668 - DEBUG -      2 |    85 |   8.5
2025-02-24 14:39:50,668 - DEBUG -     Sample: [0 0 0 0 0 0 0 0 0 1 0 0]
2025-02-24 14:39:50,669 - DEBUG -      3 |    85 |   8.5
2025-02-24 14:39:50,669 - DEBUG -     Sample: [0 0 0 0 0 0 0 0 0 1 0 1]
2025-02-24 14:39:50,669 - DEBUG -      4 |    72 |   7.2
2025-02-24 14:39:50,669 - DEBUG -     Sample: [0 0 0 0 0 0 0 0 0 0 1 1]
2025-02-24 14:39:50,669 - DEBUG -      5 |    69 |   6.9
2025-02-24 14:39:50,669 - DEBUG -     Sample: [0 0 0 0 0 0 0 0 0 0 0 1]
2025-02-24 14:39:50,670 - DEBUG - Generated 16 unique samples from 1000 total measurements
2025-02-24 14:39:50,670 - INFO -   No feasible solution found in this iteration
2025-02-24 14:39:50,670 - INFO -   All constraints added, exiting
2025-02-24 14:39:50,670 - INFO -   Constraint generation found no feasible solution
2025-02-24 14:39:50,670 - INFO - 
Instance 51 results:
2025-02-24 14:39:50,670 - INFO -   Classical value: 127.0
2025-02-24 14:39:50,670 - INFO -   QAOA value: 129.0
2025-02-24 14:39:50,670 - INFO -   Constraint generation value: 0.0
2025-02-24 14:39:50,671 - INFO - 
Running instance 52/100
2025-02-24 14:39:50,672 - INFO - 
Running Classical Reference Solver (SCIP):
2025-02-24 14:39:50,673 - DEBUG - Problem dimensions: 40 constraints, 12 variables
2025-02-24 14:39:50,673 - DEBUG - Row names: ['ELEM1', 'ELEM2', 'ELEM3', 'ELEM4', 'ELEM5', 'ELEM6', 'ELEM7', 'ELEM8', 'ELEM9', 'ELEM10', 'ELEM11', 'ELEM12', 'ELEM13', 'ELEM14', 'ELEM15', 'ELEM16', 'ELEM17', 'ELEM18', 'ELEM19', 'ELEM20', 'ELEM21', 'ELEM22', 'ELEM23', 'ELEM24', 'ELEM25', 'ELEM26', 'ELEM27', 'ELEM28', 'ELEM29', 'ELEM30', 'ELEM31', 'ELEM32', 'ELEM33', 'ELEM34', 'ELEM35', 'ELEM36', 'ELEM37', 'ELEM38', 'ELEM39', 'ELEM40']
2025-02-24 14:39:50,673 - DEBUG - RHS values: {'ELEM1': 1.0, 'ELEM2': 1.0, 'ELEM3': 1.0, 'ELEM4': 1.0, 'ELEM5': 1.0, 'ELEM6': 1.0, 'ELEM7': 1.0, 'ELEM8': 1.0, 'ELEM9': 1.0, 'ELEM10': 1.0, 'ELEM11': 1.0, 'ELEM12': 1.0, 'ELEM13': 1.0, 'ELEM14': 1.0, 'ELEM15': 1.0, 'ELEM16': 1.0, 'ELEM17': 1.0, 'ELEM18': 1.0, 'ELEM19': 1.0, 'ELEM20': 1.0, 'ELEM21': 1.0, 'ELEM22': 1.0, 'ELEM23': 1.0, 'ELEM24': 1.0, 'ELEM25': 1.0, 'ELEM26': 1.0, 'ELEM27': 1.0, 'ELEM28': 1.0, 'ELEM29': 1.0, 'ELEM30': 1.0, 'ELEM31': 1.0, 'ELEM32': 1.0, 'ELEM33': 1.0, 'ELEM34': 1.0, 'ELEM35': 1.0, 'ELEM36': 1.0, 'ELEM37': 1.0, 'ELEM38': 1.0, 'ELEM39': 1.0, 'ELEM40': 1.0}
2025-02-24 14:39:50,680 - INFO -   Reference solution found:
2025-02-24 14:39:50,680 - INFO -     Solution: [0, 0, 1, 1, 0, 1, 0, 0, 1, 1, 0, 0]
2025-02-24 14:39:50,681 - INFO -     Value: 269.0
2025-02-24 14:39:50,681 - INFO - 
Running QAOA Reference Solution (with all constraints):
