
Problem information:
  Number of variables (n): 12
  Number of constraints (m): 40

Starting reference QAOA with parameters:
  sample_size (total shots): 1000
Added all constraints
Found feasible solution: [0 0 1 0 0 0 0 0 0 0 1 1] with objective value 129.0
Found feasible solution:
  Solution: [0, 0, 1, 0, 0, 0, 0, 0, 0, 0, 1, 1]
  Value: 129.0
  QAOA solution found:
    Solution: [0, 0, 1, 0, 0, 0, 0, 0, 0, 0, 1, 1]
    Value: 129.0

Running Constraint Generation:

Problem information:
  Number of variables (n): 12
  Number of constraints (m): 40

Running classical reference solver:
  Reference solution found:
    Solution: [0, 1, 0, 0, 1, 0, 0, 1, 1, 0, 0, 0]
    Value: 127.0

Starting quantum constraint generation with parameters:
  sample_size (total shots): 1000
  tau: 0.1
  max_iters: 1000

Iteration 0:
Circuit optimization did not converge
Circuit optimization did not converge
  No feasible solution found in this iteration
  Added 4 new constraints: [14, 20, 31, 37]

Iteration 1:
Circuit optimization did not converge
Circuit optimization did not converge
  No feasible solution found in this iteration
  No new constraints added, lowered tau multiplier: 1.0 -> 0.9
  No new constraints added, lowered tau multiplier: 0.9 -> 0.8
  No new constraints added, lowered tau multiplier: 0.8 -> 0.7
  No new constraints added, lowered tau multiplier: 0.7 -> 0.6
  Added 4 new constraints: [3, 17, 18, 38]

Iteration 2:
Circuit optimization did not converge
Circuit optimization did not converge
  No feasible solution found in this iteration
  No new constraints added, lowered tau multiplier: 1.0 -> 0.9
  No new constraints added, lowered tau multiplier: 0.9 -> 0.8
  No new constraints added, lowered tau multiplier: 0.8 -> 0.7
  No new constraints added, lowered tau multiplier: 0.7 -> 0.6
  No new constraints added, lowered tau multiplier: 0.6 -> 0.5
  No new constraints added, lowered tau multiplier: 0.5 -> 0.4
  Added 32 new constraints: [0, 1, 2, 4, 5, 6, 7, 8, 9, 10, 11, 12, 13, 15, 16, 19, 21, 22, 23, 24, 25, 26, 27, 28, 29, 30, 32, 33, 34, 35, 36, 39]

Iteration 3:
Circuit optimization did not converge
Circuit optimization did not converge
  No feasible solution found in this iteration
  All constraints added, exiting
  Constraint generation found no feasible solution

Instance 51 results:
  Classical value: 127.0
  QAOA value: 129.0
  Constraint generation value: 0.0

Running instance 52/100

Running Classical Reference Solver (SCIP):
  Reference solution found:
    Solution: [0, 0, 1, 1, 0, 1, 0, 0, 1, 1, 0, 0]
    Value: 269.0

Running QAOA Reference Solution (with all constraints):
