2025-02-23 18:49:21,191 - INFO - 
Problem information:
2025-02-23 18:49:21,191 - INFO -   Number of variables (n): 10
2025-02-23 18:49:21,191 - INFO -   Number of constraints (m): 20
2025-02-23 18:49:21,191 - DEBUG -   Density of A: 50.00%
2025-02-23 18:49:21,192 - INFO - 
Starting reference QAOA with parameters:
2025-02-23 18:49:21,192 - INFO -   sample_size (total shots): 100
2025-02-23 18:49:21,192 - INFO - Added all constraints
2025-02-23 18:49:21,193 - DEBUG - Generated Ising Hamiltonian
2025-02-23 18:49:21,481 - DEBUG - Optimizing QAOA circuit...
2025-02-23 18:49:23,610 - DEBUG - Circuit optimization successful
2025-02-23 18:49:23,611 - DEBUG - Circuit optimization successful, final value: -4567.0009990009985
2025-02-23 18:49:23,611 - DEBUG - Sampling from optimized circuit...
2025-02-23 18:49:23,626 - DEBUG - Generated 96 unique samples from 100 total measurements
2025-02-23 18:49:23,626 - DEBUG - 
Top 5 most frequent samples:
2025-02-23 18:49:23,627 - DEBUG -   Rank | Count |   %   
2025-02-23 18:49:23,627 - DEBUG -   -----|-------|-------
2025-02-23 18:49:23,627 - DEBUG -      1 |     2 |   2.0
2025-02-23 18:49:23,627 - DEBUG -     Sample: [1 0 0 1 1 0 0 1 1 1]
2025-02-23 18:49:23,627 - DEBUG -      2 |     2 |   2.0
2025-02-23 18:49:23,628 - DEBUG -     Sample: [0 0 0 0 0 1 1 0 0 0]
2025-02-23 18:49:23,628 - DEBUG -      3 |     2 |   2.0
2025-02-23 18:49:23,628 - DEBUG -     Sample: [0 1 0 1 0 1 1 1 1 1]
2025-02-23 18:49:23,628 - DEBUG -      4 |     2 |   2.0
2025-02-23 18:49:23,629 - DEBUG -     Sample: [1 1 0 1 1 1 1 0 0 1]
2025-02-23 18:49:23,629 - DEBUG -      5 |     1 |   1.0
2025-02-23 18:49:23,629 - DEBUG -     Sample: [1 1 1 1 1 0 1 1 0 0]
2025-02-23 18:49:23,629 - DEBUG - Generated 96 unique samples from 100 total measurements
2025-02-23 18:49:23,630 - INFO - Found feasible solution: [0 0 0 0 0 1 1 0 0 0] with objective value 144.0
2025-02-23 18:49:23,631 - INFO - Found feasible solution:
2025-02-23 18:49:23,632 - INFO -   Solution: [0, 0, 0, 0, 0, 1, 1, 0, 0, 0]
2025-02-23 18:49:23,632 - INFO -   Value: 144.0
2025-02-23 18:49:23,632 - INFO -   QAOA solution found:
2025-02-23 18:49:23,632 - INFO -     Solution: [0, 0, 0, 0, 0, 1, 1, 0, 0, 0]
2025-02-23 18:49:23,633 - INFO -     Value: 144.0
2025-02-23 18:49:23,633 - INFO - 
Running Constraint Generation:
2025-02-23 18:49:23,634 - INFO - 
Problem information:
2025-02-23 18:49:23,634 - INFO -   Number of variables (n): 10
2025-02-23 18:49:23,634 - INFO -   Number of constraints (m): 20
2025-02-23 18:49:23,635 - DEBUG -   Density of A: 50.00%
2025-02-23 18:49:23,635 - INFO - 
Running classical reference solver:
2025-02-23 18:49:23,646 - INFO -   Reference solution found:
2025-02-23 18:49:23,647 - INFO -     Solution: [0, 0, 0, 0, 1, 0, 0, 1, 0, 0]
2025-02-23 18:49:23,647 - INFO -     Value: 96.0
2025-02-23 18:49:23,647 - INFO - 
Starting quantum constraint generation with parameters:
2025-02-23 18:49:23,647 - INFO -   sample_size (total shots): 100
2025-02-23 18:49:23,647 - INFO -   tau: 0.1
2025-02-23 18:49:23,647 - INFO -   max_iters: 1000
2025-02-23 18:49:23,647 - INFO - 
Iteration 0:
2025-02-23 18:49:23,648 - DEBUG - Generated Ising Hamiltonian
2025-02-23 18:49:23,857 - DEBUG - Optimizing QAOA circuit...
2025-02-23 18:49:24,872 - DEBUG - Circuit optimization successful
2025-02-23 18:49:24,872 - DEBUG - Circuit optimization successful, final value: -249.49450549450546
2025-02-23 18:49:24,872 - DEBUG - Sampling from optimized circuit...
2025-02-23 18:49:24,888 - DEBUG - Generated 69 unique samples from 100 total measurements
2025-02-23 18:49:24,888 - DEBUG - 
Top 5 most frequent samples:
2025-02-23 18:49:24,888 - DEBUG -   Rank | Count |   %   
2025-02-23 18:49:24,889 - DEBUG -   -----|-------|-------
2025-02-23 18:49:24,889 - DEBUG -      1 |     7 |   7.0
2025-02-23 18:49:24,889 - DEBUG -     Sample: [1 1 1 0 0 1 1 1 1 1]
2025-02-23 18:49:24,889 - DEBUG -      2 |     4 |   4.0
2025-02-23 18:49:24,889 - DEBUG -     Sample: [1 1 0 1 0 1 1 1 1 1]
2025-02-23 18:49:24,890 - DEBUG -      3 |     4 |   4.0
2025-02-23 18:49:24,890 - DEBUG -     Sample: [1 1 0 1 0 1 1 1 0 1]
2025-02-23 18:49:24,890 - DEBUG -      4 |     4 |   4.0
2025-02-23 18:49:24,890 - DEBUG -     Sample: [1 1 0 0 0 1 1 1 1 1]
2025-02-23 18:49:24,890 - DEBUG -      5 |     4 |   4.0
2025-02-23 18:49:24,891 - DEBUG -     Sample: [1 1 0 0 0 1 1 1 0 1]
2025-02-23 18:49:24,891 - DEBUG - Generated 69 unique samples from 100 total measurements
2025-02-23 18:49:24,893 - INFO -   No feasible solution found in this iteration
2025-02-23 18:49:24,894 - INFO -   Added 4 new constraints: [7, 15, 16, 17]
2025-02-23 18:49:24,894 - INFO - 
Iteration 1:
2025-02-23 18:49:24,895 - DEBUG - Generated Ising Hamiltonian
2025-02-23 18:49:25,139 - DEBUG - Optimizing QAOA circuit...
2025-02-23 18:49:26,269 - DEBUG - Circuit optimization successful
2025-02-23 18:49:26,269 - DEBUG - Circuit optimization successful, final value: -1145.5944055944055
2025-02-23 18:49:26,269 - DEBUG - Sampling from optimized circuit...
2025-02-23 18:49:26,283 - DEBUG - Generated 77 unique samples from 100 total measurements
2025-02-23 18:49:26,284 - DEBUG - 
Top 5 most frequent samples:
2025-02-23 18:49:26,284 - DEBUG -   Rank | Count |   %   
2025-02-23 18:49:26,284 - DEBUG -   -----|-------|-------
2025-02-23 18:49:26,284 - DEBUG -      1 |     3 |   3.0
2025-02-23 18:49:26,285 - DEBUG -     Sample: [0 0 0 1 0 0 0 1 0 1]
2025-02-23 18:49:26,285 - DEBUG -      2 |     3 |   3.0
2025-02-23 18:49:26,285 - DEBUG -     Sample: [1 0 0 1 1 0 0 0 0 0]
2025-02-23 18:49:26,285 - DEBUG -      3 |     3 |   3.0
2025-02-23 18:49:26,285 - DEBUG -     Sample: [0 1 0 1 0 0 1 1 0 0]
2025-02-23 18:49:26,285 - DEBUG -      4 |     3 |   3.0
2025-02-23 18:49:26,286 - DEBUG -     Sample: [1 0 0 1 0 0 0 1 0 1]
2025-02-23 18:49:26,286 - DEBUG -      5 |     2 |   2.0
2025-02-23 18:49:26,286 - DEBUG -     Sample: [0 0 0 1 1 0 0 0 0 0]
2025-02-23 18:49:26,287 - DEBUG - Generated 77 unique samples from 100 total measurements
2025-02-23 18:49:26,288 - INFO -   No feasible solution found in this iteration
2025-02-23 18:49:26,289 - INFO -   Added 8 new constraints: [1, 4, 5, 8, 9, 10, 11, 12]
2025-02-23 18:49:26,289 - INFO - 
Iteration 2:
2025-02-23 18:49:26,290 - DEBUG - Generated Ising Hamiltonian
2025-02-23 18:49:26,499 - DEBUG - Optimizing QAOA circuit...
2025-02-23 18:49:28,012 - DEBUG - Circuit optimization successful
2025-02-23 18:49:28,013 - DEBUG - Circuit optimization successful, final value: -2831.6803196803194
2025-02-23 18:49:28,013 - DEBUG - Sampling from optimized circuit...
2025-02-23 18:49:28,025 - DEBUG - Generated 97 unique samples from 100 total measurements
2025-02-23 18:49:28,025 - DEBUG - 
Top 5 most frequent samples:
2025-02-23 18:49:28,025 - DEBUG -   Rank | Count |   %   
2025-02-23 18:49:28,025 - DEBUG -   -----|-------|-------
2025-02-23 18:49:28,025 - DEBUG -      1 |     2 |   2.0
2025-02-23 18:49:28,026 - DEBUG -     Sample: [1 1 0 0 1 1 1 0 0 0]
2025-02-23 18:49:28,026 - DEBUG -      2 |     2 |   2.0
2025-02-23 18:49:28,026 - DEBUG -     Sample: [1 0 0 0 0 1 0 0 0 1]
2025-02-23 18:49:28,026 - DEBUG -      3 |     2 |   2.0
2025-02-23 18:49:28,026 - DEBUG -     Sample: [0 1 0 0 0 1 0 0 0 0]
2025-02-23 18:49:28,027 - DEBUG -      4 |     1 |   1.0
2025-02-23 18:49:28,027 - DEBUG -     Sample: [0 1 0 0 1 1 0 1 0 0]
2025-02-23 18:49:28,027 - DEBUG -      5 |     1 |   1.0
2025-02-23 18:49:28,027 - DEBUG -     Sample: [0 0 0 1 1 1 1 1 1 0]
2025-02-23 18:49:28,028 - DEBUG - Generated 97 unique samples from 100 total measurements
2025-02-23 18:49:28,030 - INFO -   No feasible solution found in this iteration
2025-02-23 18:49:28,030 - INFO -   Added 2 new constraints: [13, 18]
2025-02-23 18:49:28,030 - INFO - 
Iteration 3:
2025-02-23 18:49:28,031 - DEBUG - Generated Ising Hamiltonian
2025-02-23 18:49:28,233 - DEBUG - Optimizing QAOA circuit...
2025-02-23 18:49:29,518 - DEBUG - Circuit optimization successful
2025-02-23 18:49:29,519 - DEBUG - Circuit optimization successful, final value: -1658.5154845154857
2025-02-23 18:49:29,519 - DEBUG - Sampling from optimized circuit...
2025-02-23 18:49:29,532 - DEBUG - Generated 89 unique samples from 100 total measurements
2025-02-23 18:49:29,536 - DEBUG - 
Top 5 most frequent samples:
2025-02-23 18:49:29,536 - DEBUG -   Rank | Count |   %   
2025-02-23 18:49:29,536 - DEBUG -   -----|-------|-------
2025-02-23 18:49:29,536 - DEBUG -      1 |     2 |   2.0
2025-02-23 18:49:29,536 - DEBUG -     Sample: [1 1 0 1 0 1 0 0 1 0]
2025-02-23 18:49:29,537 - DEBUG -      2 |     2 |   2.0
2025-02-23 18:49:29,537 - DEBUG -     Sample: [1 0 1 1 1 1 0 0 0 0]
2025-02-23 18:49:29,537 - DEBUG -      3 |     2 |   2.0
2025-02-23 18:49:29,537 - DEBUG -     Sample: [0 0 0 0 1 0 1 0 1 1]
2025-02-23 18:49:29,537 - DEBUG -      4 |     2 |   2.0
2025-02-23 18:49:29,538 - DEBUG -     Sample: [0 0 0 0 0 1 1 0 1 0]
2025-02-23 18:49:29,538 - DEBUG -      5 |     2 |   2.0
2025-02-23 18:49:29,538 - DEBUG -     Sample: [0 1 1 0 0 1 1 1 0 1]
2025-02-23 18:49:29,538 - DEBUG - Generated 89 unique samples from 100 total measurements
2025-02-23 18:49:29,540 - INFO -   No feasible solution found in this iteration
2025-02-23 18:49:29,541 - INFO -   No new constraints added, lowered tau multiplier: 1.0 -> 0.9
2025-02-23 18:49:29,541 - INFO -   Added 6 new constraints: [0, 2, 3, 6, 14, 19]
2025-02-23 18:49:29,541 - INFO - 
Iteration 4:
2025-02-23 18:49:29,542 - DEBUG - Generated Ising Hamiltonian
2025-02-23 18:49:29,772 - DEBUG - Optimizing QAOA circuit...
2025-02-23 18:49:31,598 - DEBUG - Circuit optimization successful
2025-02-23 18:49:31,598 - DEBUG - Circuit optimization successful, final value: 13796.24175824176
2025-02-23 18:49:31,598 - DEBUG - Sampling from optimized circuit...
2025-02-23 18:49:31,615 - DEBUG - Generated 92 unique samples from 100 total measurements
2025-02-23 18:49:31,616 - DEBUG - 
Top 5 most frequent samples:
2025-02-23 18:49:31,616 - DEBUG -   Rank | Count |   %   
2025-02-23 18:49:31,616 - DEBUG -   -----|-------|-------
2025-02-23 18:49:31,616 - DEBUG -      1 |     2 |   2.0
2025-02-23 18:49:31,617 - DEBUG -     Sample: [1 1 1 0 0 1 1 0 1 1]
2025-02-23 18:49:31,617 - DEBUG -      2 |     2 |   2.0
2025-02-23 18:49:31,617 - DEBUG -     Sample: [1 1 1 1 0 1 0 1 1 0]
2025-02-23 18:49:31,618 - DEBUG -      3 |     2 |   2.0
2025-02-23 18:49:31,618 - DEBUG -     Sample: [1 0 1 1 1 1 0 0 1 0]
2025-02-23 18:49:31,618 - DEBUG -      4 |     2 |   2.0
2025-02-23 18:49:31,619 - DEBUG -     Sample: [1 0 0 0 0 1 1 0 1 0]
2025-02-23 18:49:31,619 - DEBUG -      5 |     2 |   2.0
2025-02-23 18:49:31,620 - DEBUG -     Sample: [0 1 1 1 1 1 1 0 0 0]
2025-02-23 18:49:31,620 - DEBUG - Generated 92 unique samples from 100 total measurements
2025-02-23 18:49:31,621 - INFO - Found feasible solution: [0 0 0 1 0 0 0 0 0 1] with objective value 112.0
2025-02-23 18:49:31,623 - INFO -   Found feasible solution:
2025-02-23 18:49:31,623 - INFO -     Solution: [0, 0, 0, 1, 0, 0, 0, 0, 0, 1]
2025-02-23 18:49:31,623 - INFO -     Value: 112.0
2025-02-23 18:49:31,623 - INFO -     Gap to reference: 16.67%
2025-02-23 18:49:31,624 - INFO -   Constraint generation solution found:
2025-02-23 18:49:31,624 - INFO -     Solution: [0, 0, 0, 1, 0, 0, 0, 0, 0, 1]
2025-02-23 18:49:31,624 - INFO -     Value: 112.0
2025-02-23 18:49:31,624 - INFO - 
Instance 43 results:
2025-02-23 18:49:31,624 - INFO -   Classical value: 96.0
2025-02-23 18:49:31,625 - INFO -   QAOA value: 144.0
2025-02-23 18:49:31,625 - INFO -   Constraint generation value: 112.0
2025-02-23 18:49:31,625 - INFO - 
Running instance 44/100
2025-02-23 18:49:31,627 - INFO - 
Running Classical Reference Solver (SCIP):
2025-02-23 18:49:31,628 - DEBUG - Problem dimensions: 20 constraints, 10 variables
2025-02-23 18:49:31,628 - DEBUG - Row names: ['ELEM1', 'ELEM2', 'ELEM3', 'ELEM4', 'ELEM5', 'ELEM6', 'ELEM7', 'ELEM8', 'ELEM9', 'ELEM10', 'ELEM11', 'ELEM12', 'ELEM13', 'ELEM14', 'ELEM15', 'ELEM16', 'ELEM17', 'ELEM18', 'ELEM19', 'ELEM20']
2025-02-23 18:49:31,629 - DEBUG - RHS values: {'ELEM1': 1.0, 'ELEM2': 1.0, 'ELEM3': 1.0, 'ELEM4': 1.0, 'ELEM5': 1.0, 'ELEM6': 1.0, 'ELEM7': 1.0, 'ELEM8': 1.0, 'ELEM9': 1.0, 'ELEM10': 1.0, 'ELEM11': 1.0, 'ELEM12': 1.0, 'ELEM13': 1.0, 'ELEM14': 1.0, 'ELEM15': 1.0, 'ELEM16': 1.0, 'ELEM17': 1.0, 'ELEM18': 1.0, 'ELEM19': 1.0, 'ELEM20': 1.0}
2025-02-23 18:49:31,640 - INFO -   Reference solution found:
2025-02-23 18:49:31,640 - INFO -     Solution: [0, 0, 0, 1, 1, 0, 0, 0, 0, 0]
2025-02-23 18:49:31,640 - INFO -     Value: 39.0
2025-02-23 18:49:31,640 - INFO - 
Running QAOA Reference Solution (with all constraints):
