2025-02-23 17:53:33,431 - INFO - 
Problem information:
2025-02-23 17:53:33,431 - INFO -   Number of variables (n): 12
2025-02-23 17:53:33,432 - INFO -   Number of constraints (m): 40
2025-02-23 17:53:33,432 - DEBUG -   Density of A: 16.67%
2025-02-23 17:53:33,432 - INFO - 
Starting reference QAOA with parameters:
2025-02-23 17:53:33,432 - INFO -   sample_size (total shots): 200
2025-02-23 17:53:33,432 - INFO - Added all constraints
2025-02-23 17:53:33,433 - DEBUG - Generated Ising Hamiltonian
2025-02-23 17:53:33,638 - DEBUG - Optimizing QAOA circuit...
2025-02-23 17:53:35,321 - DEBUG - Circuit optimization successful
2025-02-23 17:53:35,322 - DEBUG - Circuit optimization successful, final value: -1935.4825174825191
2025-02-23 17:53:35,322 - DEBUG - Sampling from optimized circuit...
2025-02-23 17:53:35,342 - DEBUG - Generated 146 unique samples from 200 total measurements
2025-02-23 17:53:35,342 - DEBUG - 
Top 5 most frequent samples:
2025-02-23 17:53:35,342 - DEBUG -   Rank | Count |   %   
2025-02-23 17:53:35,342 - DEBUG -   -----|-------|-------
2025-02-23 17:53:35,342 - DEBUG -      1 |     7 |   3.5
2025-02-23 17:53:35,342 - DEBUG -     Sample: [1 1 0 0 1 0 0 1 0 1 0 0]
2025-02-23 17:53:35,343 - DEBUG -      2 |     5 |   2.5
2025-02-23 17:53:35,343 - DEBUG -     Sample: [1 0 0 0 0 1 0 1 0 1 0 0]
2025-02-23 17:53:35,343 - DEBUG -      3 |     4 |   2.0
2025-02-23 17:53:35,343 - DEBUG -     Sample: [1 0 0 0 1 0 0 1 0 1 0 0]
2025-02-23 17:53:35,343 - DEBUG -      4 |     4 |   2.0
2025-02-23 17:53:35,344 - DEBUG -     Sample: [1 0 0 0 0 0 0 1 0 1 1 0]
2025-02-23 17:53:35,344 - DEBUG -      5 |     3 |   1.5
2025-02-23 17:53:35,344 - DEBUG -     Sample: [0 0 0 0 1 0 1 1 0 1 0 0]
2025-02-23 17:53:35,345 - DEBUG - Generated 146 unique samples from 200 total measurements
2025-02-23 17:53:35,348 - INFO - Found feasible solution: [1 0 0 0 1 1 1 1 0 0 0 0] with objective value 242.0
2025-02-23 17:53:35,349 - INFO - Found feasible solution:
2025-02-23 17:53:35,349 - INFO -   Solution: [1, 0, 0, 0, 1, 1, 1, 1, 0, 0, 0, 0]
2025-02-23 17:53:35,349 - INFO -   Value: 242.0
2025-02-23 17:53:35,350 - INFO -   QAOA solution found:
2025-02-23 17:53:35,350 - INFO -     Solution: [1, 0, 0, 0, 1, 1, 1, 1, 0, 0, 0, 0]
2025-02-23 17:53:35,350 - INFO -     Value: 242.0
2025-02-23 17:53:35,350 - INFO - 
Running Constraint Generation:
2025-02-23 17:53:35,351 - INFO - 
Problem information:
2025-02-23 17:53:35,352 - INFO -   Number of variables (n): 12
2025-02-23 17:53:35,352 - INFO -   Number of constraints (m): 40
2025-02-23 17:53:35,352 - DEBUG -   Density of A: 16.67%
2025-02-23 17:53:35,352 - INFO - 
Running classical reference solver:
2025-02-23 17:53:35,366 - INFO -   Reference solution found:
2025-02-23 17:53:35,366 - INFO -     Solution: [0, 1, 1, 1, 0, 0, 0, 0, 1, 1, 1, 1]
2025-02-23 17:53:35,366 - INFO -     Value: 198.0
2025-02-23 17:53:35,366 - INFO - 
Starting quantum constraint generation with parameters:
2025-02-23 17:53:35,367 - INFO -   sample_size (total shots): 200
2025-02-23 17:53:35,367 - INFO -   tau: 0.1
2025-02-23 17:53:35,367 - INFO -   max_iters: 1000
2025-02-23 17:53:35,367 - INFO - 
Iteration 0:
2025-02-23 17:53:35,368 - DEBUG - Generated Ising Hamiltonian
2025-02-23 17:53:35,637 - DEBUG - Optimizing QAOA circuit...
2025-02-23 17:53:36,596 - DEBUG - Circuit optimization successful
2025-02-23 17:53:36,596 - DEBUG - Circuit optimization successful, final value: -158.53746253746252
2025-02-23 17:53:36,596 - DEBUG - Sampling from optimized circuit...
2025-02-23 17:53:36,611 - DEBUG - Generated 108 unique samples from 200 total measurements
2025-02-23 17:53:36,612 - DEBUG - 
Top 5 most frequent samples:
2025-02-23 17:53:36,612 - DEBUG -   Rank | Count |   %   
2025-02-23 17:53:36,612 - DEBUG -   -----|-------|-------
2025-02-23 17:53:36,612 - DEBUG -      1 |    16 |   8.0
2025-02-23 17:53:36,612 - DEBUG -     Sample: [1 1 1 1 0 1 1 0 0 0 1 0]
2025-02-23 17:53:36,613 - DEBUG -      2 |    14 |   7.0
2025-02-23 17:53:36,613 - DEBUG -     Sample: [1 1 1 1 0 1 1 0 0 0 1 1]
2025-02-23 17:53:36,613 - DEBUG -      3 |     6 |   3.0
2025-02-23 17:53:36,613 - DEBUG -     Sample: [1 1 1 1 0 1 1 0 0 1 1 1]
2025-02-23 17:53:36,614 - DEBUG -      4 |     6 |   3.0
2025-02-23 17:53:36,614 - DEBUG -     Sample: [1 1 1 1 0 1 1 0 0 1 1 0]
2025-02-23 17:53:36,614 - DEBUG -      5 |     5 |   2.5
2025-02-23 17:53:36,614 - DEBUG -     Sample: [1 1 1 1 0 0 1 0 1 0 1 1]
2025-02-23 17:53:36,615 - DEBUG - Generated 108 unique samples from 200 total measurements
2025-02-23 17:53:36,617 - INFO -   No feasible solution found in this iteration
2025-02-23 17:53:36,617 - INFO -   Added 2 new constraints: [1, 13]
2025-02-23 17:53:36,618 - INFO - 
Iteration 1:
2025-02-23 17:53:36,618 - DEBUG - Generated Ising Hamiltonian
2025-02-23 17:53:36,842 - DEBUG - Optimizing QAOA circuit...
2025-02-23 17:53:37,800 - DEBUG - Circuit optimization successful
2025-02-23 17:53:37,801 - DEBUG - Circuit optimization successful, final value: -3558.353646353646
2025-02-23 17:53:37,801 - DEBUG - Sampling from optimized circuit...
2025-02-23 17:53:37,814 - DEBUG - Generated 130 unique samples from 200 total measurements
2025-02-23 17:53:37,814 - DEBUG - 
Top 5 most frequent samples:
2025-02-23 17:53:37,814 - DEBUG -   Rank | Count |   %   
2025-02-23 17:53:37,814 - DEBUG -   -----|-------|-------
2025-02-23 17:53:37,815 - DEBUG -      1 |    12 |   6.0
2025-02-23 17:53:37,815 - DEBUG -     Sample: [0 0 0 0 1 0 0 1 1 1 0 1]
2025-02-23 17:53:37,815 - DEBUG -      2 |     8 |   4.0
2025-02-23 17:53:37,815 - DEBUG -     Sample: [0 0 0 0 1 0 0 1 1 0 0 1]
2025-02-23 17:53:37,815 - DEBUG -      3 |     6 |   3.0
2025-02-23 17:53:37,815 - DEBUG -     Sample: [0 0 0 0 1 0 0 1 1 1 0 0]
2025-02-23 17:53:37,816 - DEBUG -      4 |     5 |   2.5
2025-02-23 17:53:37,816 - DEBUG -     Sample: [0 0 0 0 0 0 0 1 1 0 0 1]
2025-02-23 17:53:37,816 - DEBUG -      5 |     5 |   2.5
2025-02-23 17:53:37,816 - DEBUG -     Sample: [0 1 0 0 1 0 0 1 1 1 0 0]
2025-02-23 17:53:37,817 - DEBUG - Generated 130 unique samples from 200 total measurements
2025-02-23 17:53:37,819 - INFO -   No feasible solution found in this iteration
2025-02-23 17:53:37,820 - INFO -   Added 5 new constraints: [7, 11, 19, 36, 37]
2025-02-23 17:53:37,820 - INFO - 
Iteration 2:
2025-02-23 17:53:37,821 - DEBUG - Generated Ising Hamiltonian
2025-02-23 17:53:38,094 - DEBUG - Optimizing QAOA circuit...
2025-02-23 17:53:39,195 - DEBUG - Circuit optimization successful
2025-02-23 17:53:39,195 - DEBUG - Circuit optimization successful, final value: -117.22477522477527
2025-02-23 17:53:39,195 - DEBUG - Sampling from optimized circuit...
2025-02-23 17:53:39,209 - DEBUG - Generated 160 unique samples from 200 total measurements
2025-02-23 17:53:39,209 - DEBUG - 
Top 5 most frequent samples:
2025-02-23 17:53:39,209 - DEBUG -   Rank | Count |   %   
2025-02-23 17:53:39,210 - DEBUG -   -----|-------|-------
2025-02-23 17:53:39,210 - DEBUG -      1 |     5 |   2.5
2025-02-23 17:53:39,210 - DEBUG -     Sample: [1 0 1 0 0 0 1 0 0 0 0 1]
2025-02-23 17:53:39,210 - DEBUG -      2 |     4 |   2.0
2025-02-23 17:53:39,210 - DEBUG -     Sample: [0 0 1 0 0 0 1 0 0 0 0 0]
2025-02-23 17:53:39,210 - DEBUG -      3 |     4 |   2.0
2025-02-23 17:53:39,211 - DEBUG -     Sample: [0 0 0 0 0 0 1 1 0 0 0 1]
2025-02-23 17:53:39,211 - DEBUG -      4 |     3 |   1.5
2025-02-23 17:53:39,211 - DEBUG -     Sample: [0 1 1 0 0 0 1 0 0 0 0 1]
2025-02-23 17:53:39,211 - DEBUG -      5 |     3 |   1.5
2025-02-23 17:53:39,211 - DEBUG -     Sample: [0 0 0 0 0 0 1 0 1 0 0 1]
2025-02-23 17:53:39,212 - DEBUG - Generated 160 unique samples from 200 total measurements
2025-02-23 17:53:39,215 - INFO -   No feasible solution found in this iteration
2025-02-23 17:53:39,215 - INFO -   Added 5 new constraints: [4, 18, 27, 28, 32]
2025-02-23 17:53:39,215 - INFO - 
Iteration 3:
2025-02-23 17:53:39,216 - DEBUG - Generated Ising Hamiltonian
2025-02-23 17:53:39,450 - DEBUG - Optimizing QAOA circuit...
2025-02-23 17:53:40,490 - DEBUG - Circuit optimization successful
2025-02-23 17:53:40,490 - DEBUG - Circuit optimization successful, final value: -2059.3306693306704
2025-02-23 17:53:40,490 - DEBUG - Sampling from optimized circuit...
2025-02-23 17:53:40,503 - DEBUG - Generated 125 unique samples from 200 total measurements
2025-02-23 17:53:40,504 - DEBUG - 
Top 5 most frequent samples:
2025-02-23 17:53:40,504 - DEBUG -   Rank | Count |   %   
2025-02-23 17:53:40,504 - DEBUG -   -----|-------|-------
2025-02-23 17:53:40,504 - DEBUG -      1 |     8 |   4.0
2025-02-23 17:53:40,505 - DEBUG -     Sample: [0 0 1 0 0 0 1 0 1 0 0 1]
2025-02-23 17:53:40,505 - DEBUG -      2 |     8 |   4.0
2025-02-23 17:53:40,505 - DEBUG -     Sample: [1 0 1 0 0 0 1 0 1 0 0 1]
2025-02-23 17:53:40,505 - DEBUG -      3 |     6 |   3.0
2025-02-23 17:53:40,506 - DEBUG -     Sample: [1 0 1 0 1 0 1 0 1 0 0 1]
2025-02-23 17:53:40,506 - DEBUG -      4 |     5 |   2.5
2025-02-23 17:53:40,506 - DEBUG -     Sample: [0 0 1 0 0 0 1 0 0 0 0 0]
2025-02-23 17:53:40,506 - DEBUG -      5 |     4 |   2.0
2025-02-23 17:53:40,506 - DEBUG -     Sample: [0 0 1 0 1 0 1 0 1 0 0 0]
2025-02-23 17:53:40,507 - DEBUG - Generated 125 unique samples from 200 total measurements
2025-02-23 17:53:40,509 - INFO -   No feasible solution found in this iteration
2025-02-23 17:53:40,510 - INFO -   Added 1 new constraints: [16]
2025-02-23 17:53:40,510 - INFO - 
Iteration 4:
2025-02-23 17:53:40,510 - DEBUG - Generated Ising Hamiltonian
2025-02-23 17:53:40,747 - DEBUG - Optimizing QAOA circuit...
2025-02-23 17:53:41,935 - DEBUG - Circuit optimization successful
2025-02-23 17:53:41,935 - DEBUG - Circuit optimization successful, final value: 6120.3536463536475
2025-02-23 17:53:41,936 - DEBUG - Sampling from optimized circuit...
2025-02-23 17:53:41,953 - DEBUG - Generated 143 unique samples from 200 total measurements
2025-02-23 17:53:41,953 - DEBUG - 
Top 5 most frequent samples:
2025-02-23 17:53:41,953 - DEBUG -   Rank | Count |   %   
2025-02-23 17:53:41,953 - DEBUG -   -----|-------|-------
2025-02-23 17:53:41,953 - DEBUG -      1 |    12 |   6.0
2025-02-23 17:53:41,954 - DEBUG -     Sample: [1 0 0 0 1 0 1 0 0 1 0 1]
2025-02-23 17:53:41,954 - DEBUG -      2 |     4 |   2.0
2025-02-23 17:53:41,954 - DEBUG -     Sample: [0 0 0 0 1 0 1 0 0 1 0 1]
2025-02-23 17:53:41,954 - DEBUG -      3 |     4 |   2.0
2025-02-23 17:53:41,955 - DEBUG -     Sample: [1 0 0 0 1 0 1 0 1 0 0 1]
2025-02-23 17:53:41,955 - DEBUG -      4 |     4 |   2.0
2025-02-23 17:53:41,955 - DEBUG -     Sample: [1 0 0 0 1 0 1 1 0 1 0 1]
2025-02-23 17:53:41,955 - DEBUG -      5 |     4 |   2.0
2025-02-23 17:53:41,956 - DEBUG -     Sample: [0 0 1 0 1 0 1 0 0 1 0 1]
2025-02-23 17:53:41,956 - DEBUG - Generated 143 unique samples from 200 total measurements
2025-02-23 17:53:41,961 - INFO -   No feasible solution found in this iteration
2025-02-23 17:53:41,962 - INFO -   Added 5 new constraints: [3, 6, 9, 31, 38]
2025-02-23 17:53:41,962 - INFO - 
Iteration 5:
2025-02-23 17:53:41,963 - DEBUG - Generated Ising Hamiltonian
2025-02-23 17:53:42,169 - DEBUG - Optimizing QAOA circuit...
2025-02-23 17:53:43,340 - DEBUG - Circuit optimization successful
2025-02-23 17:53:43,341 - DEBUG - Circuit optimization successful, final value: -15437.622377622374
2025-02-23 17:53:43,341 - DEBUG - Sampling from optimized circuit...
2025-02-23 17:53:43,357 - DEBUG - Generated 176 unique samples from 200 total measurements
2025-02-23 17:53:43,357 - DEBUG - 
Top 5 most frequent samples:
2025-02-23 17:53:43,357 - DEBUG -   Rank | Count |   %   
2025-02-23 17:53:43,357 - DEBUG -   -----|-------|-------
2025-02-23 17:53:43,358 - DEBUG -      1 |     3 |   1.5
2025-02-23 17:53:43,358 - DEBUG -     Sample: [0 0 0 0 1 1 1 0 1 1 1 1]
2025-02-23 17:53:43,358 - DEBUG -      2 |     3 |   1.5
2025-02-23 17:53:43,358 - DEBUG -     Sample: [0 0 0 0 0 1 0 0 1 1 1 1]
2025-02-23 17:53:43,358 - DEBUG -      3 |     3 |   1.5
2025-02-23 17:53:43,358 - DEBUG -     Sample: [0 0 0 0 0 1 0 0 0 1 1 1]
2025-02-23 17:53:43,359 - DEBUG -      4 |     3 |   1.5
2025-02-23 17:53:43,359 - DEBUG -     Sample: [0 0 0 0 0 1 0 0 1 0 1 1]
2025-02-23 17:53:43,359 - DEBUG -      5 |     2 |   1.0
2025-02-23 17:53:43,359 - DEBUG -     Sample: [0 0 0 0 1 1 0 0 1 1 0 1]
2025-02-23 17:53:43,360 - DEBUG - Generated 176 unique samples from 200 total measurements
2025-02-23 17:53:43,364 - INFO -   No feasible solution found in this iteration
2025-02-23 17:53:43,364 - INFO -   No new constraints added, lowered tau multiplier: 1.0 -> 0.9
2025-02-23 17:53:43,365 - INFO -   No new constraints added, lowered tau multiplier: 0.9 -> 0.8
2025-02-23 17:53:43,365 - INFO -   Added 2 new constraints: [17, 33]
2025-02-23 17:53:43,365 - INFO - 
Iteration 6:
2025-02-23 17:53:43,365 - DEBUG - Generated Ising Hamiltonian
2025-02-23 17:53:43,560 - DEBUG - Optimizing QAOA circuit...
2025-02-23 17:53:44,605 - DEBUG - Circuit optimization successful
2025-02-23 17:53:44,605 - DEBUG - Circuit optimization successful, final value: -7050.577422577422
2025-02-23 17:53:44,605 - DEBUG - Sampling from optimized circuit...
2025-02-23 17:53:44,619 - DEBUG - Generated 141 unique samples from 200 total measurements
2025-02-23 17:53:44,619 - DEBUG - 
Top 5 most frequent samples:
2025-02-23 17:53:44,619 - DEBUG -   Rank | Count |   %   
2025-02-23 17:53:44,619 - DEBUG -   -----|-------|-------
2025-02-23 17:53:44,620 - DEBUG -      1 |     7 |   3.5
2025-02-23 17:53:44,620 - DEBUG -     Sample: [1 0 1 0 0 0 0 1 0 0 1 0]
2025-02-23 17:53:44,620 - DEBUG -      2 |     7 |   3.5
2025-02-23 17:53:44,620 - DEBUG -     Sample: [0 0 1 0 0 0 0 1 0 0 1 0]
2025-02-23 17:53:44,620 - DEBUG -      3 |     7 |   3.5
2025-02-23 17:53:44,621 - DEBUG -     Sample: [1 0 1 0 0 0 1 1 0 0 1 0]
2025-02-23 17:53:44,621 - DEBUG -      4 |     5 |   2.5
2025-02-23 17:53:44,621 - DEBUG -     Sample: [0 0 1 0 0 1 0 0 0 1 1 0]
2025-02-23 17:53:44,621 - DEBUG -      5 |     5 |   2.5
2025-02-23 17:53:44,622 - DEBUG -     Sample: [1 0 1 0 1 1 0 1 0 1 1 0]
2025-02-23 17:53:44,622 - DEBUG - Generated 141 unique samples from 200 total measurements
2025-02-23 17:53:44,625 - INFO -   No feasible solution found in this iteration
2025-02-23 17:53:44,625 - INFO -   Added 1 new constraints: [30]
2025-02-23 17:53:44,625 - INFO - 
Iteration 7:
2025-02-23 17:53:44,626 - DEBUG - Generated Ising Hamiltonian
2025-02-23 17:53:44,829 - DEBUG - Optimizing QAOA circuit...
2025-02-23 17:53:45,897 - DEBUG - Circuit optimization successful
2025-02-23 17:53:45,898 - DEBUG - Circuit optimization successful, final value: 26262.001998002004
2025-02-23 17:53:45,898 - DEBUG - Sampling from optimized circuit...
2025-02-23 17:53:45,911 - DEBUG - Generated 87 unique samples from 200 total measurements
2025-02-23 17:53:45,911 - DEBUG - 
Top 5 most frequent samples:
2025-02-23 17:53:45,912 - DEBUG -   Rank | Count |   %   
2025-02-23 17:53:45,912 - DEBUG -   -----|-------|-------
2025-02-23 17:53:45,912 - DEBUG -      1 |    16 |   8.0
2025-02-23 17:53:45,912 - DEBUG -     Sample: [1 0 1 1 0 0 0 1 1 1 0 1]
2025-02-23 17:53:45,912 - DEBUG -      2 |    12 |   6.0
2025-02-23 17:53:45,912 - DEBUG -     Sample: [1 0 1 1 0 1 0 1 1 1 0 1]
2025-02-23 17:53:45,912 - DEBUG -      3 |     9 |   4.5
2025-02-23 17:53:45,913 - DEBUG -     Sample: [1 0 1 1 0 1 1 1 1 1 0 1]
2025-02-23 17:53:45,913 - DEBUG -      4 |     9 |   4.5
2025-02-23 17:53:45,914 - DEBUG -     Sample: [1 0 1 1 0 1 0 0 1 1 0 1]
2025-02-23 17:53:45,914 - DEBUG -      5 |     8 |   4.0
2025-02-23 17:53:45,914 - DEBUG -     Sample: [1 0 1 1 0 0 1 1 1 1 0 1]
2025-02-23 17:53:45,915 - DEBUG - Generated 87 unique samples from 200 total measurements
2025-02-23 17:53:45,916 - INFO -   No feasible solution found in this iteration
2025-02-23 17:53:45,917 - INFO -   Added 1 new constraints: [14]
2025-02-23 17:53:45,917 - INFO - 
Iteration 8:
2025-02-23 17:53:45,917 - DEBUG - Generated Ising Hamiltonian
2025-02-23 17:53:46,135 - DEBUG - Optimizing QAOA circuit...
2025-02-23 17:53:47,415 - DEBUG - Circuit optimization successful
2025-02-23 17:53:47,415 - DEBUG - Circuit optimization successful, final value: -938.2937062937056
2025-02-23 17:53:47,415 - DEBUG - Sampling from optimized circuit...
2025-02-23 17:53:47,430 - DEBUG - Generated 182 unique samples from 200 total measurements
2025-02-23 17:53:47,430 - DEBUG - 
Top 5 most frequent samples:
2025-02-23 17:53:47,431 - DEBUG -   Rank | Count |   %   
2025-02-23 17:53:47,431 - DEBUG -   -----|-------|-------
2025-02-23 17:53:47,431 - DEBUG -      1 |     4 |   2.0
2025-02-23 17:53:47,431 - DEBUG -     Sample: [0 0 1 1 0 0 0 1 0 0 1 1]
2025-02-23 17:53:47,432 - DEBUG -      2 |     2 |   1.0
2025-02-23 17:53:47,432 - DEBUG -     Sample: [0 1 1 0 1 0 0 0 0 1 0 0]
2025-02-23 17:53:47,432 - DEBUG -      3 |     2 |   1.0
2025-02-23 17:53:47,432 - DEBUG -     Sample: [1 0 1 1 0 0 0 0 1 1 1 0]
2025-02-23 17:53:47,432 - DEBUG -      4 |     2 |   1.0
2025-02-23 17:53:47,433 - DEBUG -     Sample: [1 0 1 1 0 0 0 0 1 0 1 1]
2025-02-23 17:53:47,433 - DEBUG -      5 |     2 |   1.0
2025-02-23 17:53:47,433 - DEBUG -     Sample: [1 0 1 1 0 0 0 0 1 0 1 0]
2025-02-23 17:53:47,434 - DEBUG - Generated 182 unique samples from 200 total measurements
2025-02-23 17:53:47,437 - INFO -   No feasible solution found in this iteration
2025-02-23 17:53:47,438 - INFO -   No new constraints added, lowered tau multiplier: 1.0 -> 0.9
2025-02-23 17:53:47,438 - INFO -   Added 1 new constraints: [24]
2025-02-23 17:53:47,438 - INFO - 
Iteration 9:
2025-02-23 17:53:47,439 - DEBUG - Generated Ising Hamiltonian
2025-02-23 17:53:47,658 - DEBUG - Optimizing QAOA circuit...
2025-02-23 17:53:48,968 - DEBUG - Circuit optimization successful
2025-02-23 17:53:48,968 - DEBUG - Circuit optimization successful, final value: -4434.533466533466
2025-02-23 17:53:48,968 - DEBUG - Sampling from optimized circuit...
2025-02-23 17:53:48,982 - DEBUG - Generated 188 unique samples from 200 total measurements
2025-02-23 17:53:48,982 - DEBUG - 
Top 5 most frequent samples:
2025-02-23 17:53:48,982 - DEBUG -   Rank | Count |   %   
2025-02-23 17:53:48,982 - DEBUG -   -----|-------|-------
2025-02-23 17:53:48,982 - DEBUG -      1 |     4 |   2.0
2025-02-23 17:53:48,982 - DEBUG -     Sample: [1 0 1 0 0 1 0 0 0 0 0 1]
2025-02-23 17:53:48,982 - DEBUG -      2 |     2 |   1.0
2025-02-23 17:53:48,983 - DEBUG -     Sample: [0 0 1 0 0 0 0 0 0 0 0 1]
2025-02-23 17:53:48,983 - DEBUG -      3 |     2 |   1.0
2025-02-23 17:53:48,983 - DEBUG -     Sample: [0 0 1 0 1 0 0 1 0 1 1 0]
2025-02-23 17:53:48,983 - DEBUG -      4 |     2 |   1.0
2025-02-23 17:53:48,983 - DEBUG -     Sample: [0 0 1 0 1 1 1 0 0 1 1 1]
2025-02-23 17:53:48,983 - DEBUG -      5 |     2 |   1.0
2025-02-23 17:53:48,983 - DEBUG -     Sample: [1 0 1 0 0 1 0 0 0 0 1 1]
2025-02-23 17:53:48,984 - DEBUG - Generated 188 unique samples from 200 total measurements
2025-02-23 17:53:48,987 - INFO -   No feasible solution found in this iteration
2025-02-23 17:53:48,987 - INFO -   No new constraints added, lowered tau multiplier: 1.0 -> 0.9
2025-02-23 17:53:48,987 - INFO -   No new constraints added, lowered tau multiplier: 0.9 -> 0.8
2025-02-23 17:53:48,988 - INFO -   No new constraints added, lowered tau multiplier: 0.8 -> 0.7
2025-02-23 17:53:48,988 - INFO -   Added 3 new constraints: [8, 20, 25]
2025-02-23 17:53:48,988 - INFO - 
Iteration 10:
2025-02-23 17:53:48,988 - DEBUG - Generated Ising Hamiltonian
2025-02-23 17:53:49,158 - DEBUG - Optimizing QAOA circuit...
2025-02-23 17:53:50,524 - DEBUG - Circuit optimization successful
2025-02-23 17:53:50,524 - DEBUG - Circuit optimization successful, final value: 4331.430569430569
2025-02-23 17:53:50,524 - DEBUG - Sampling from optimized circuit...
2025-02-23 17:53:50,539 - DEBUG - Generated 170 unique samples from 200 total measurements
2025-02-23 17:53:50,539 - DEBUG - 
Top 5 most frequent samples:
2025-02-23 17:53:50,539 - DEBUG -   Rank | Count |   %   
2025-02-23 17:53:50,539 - DEBUG -   -----|-------|-------
2025-02-23 17:53:50,539 - DEBUG -      1 |     4 |   2.0
2025-02-23 17:53:50,540 - DEBUG -     Sample: [1 0 0 0 1 1 1 0 0 1 1 1]
2025-02-23 17:53:50,540 - DEBUG -      2 |     3 |   1.5
2025-02-23 17:53:50,540 - DEBUG -     Sample: [1 0 0 1 0 0 1 0 0 0 0 0]
2025-02-23 17:53:50,540 - DEBUG -      3 |     3 |   1.5
2025-02-23 17:53:50,540 - DEBUG -     Sample: [1 0 1 1 1 1 1 1 0 1 1 0]
2025-02-23 17:53:50,540 - DEBUG -      4 |     3 |   1.5
2025-02-23 17:53:50,541 - DEBUG -     Sample: [1 1 0 0 1 0 1 0 0 1 1 0]
2025-02-23 17:53:50,541 - DEBUG -      5 |     2 |   1.0
2025-02-23 17:53:50,541 - DEBUG -     Sample: [1 0 0 0 0 1 1 0 0 1 1 0]
2025-02-23 17:53:50,541 - DEBUG - Generated 170 unique samples from 200 total measurements
2025-02-23 17:53:50,544 - INFO -   No feasible solution found in this iteration
2025-02-23 17:53:50,545 - INFO -   No new constraints added, lowered tau multiplier: 1.0 -> 0.9
2025-02-23 17:53:50,545 - INFO -   No new constraints added, lowered tau multiplier: 0.9 -> 0.8
2025-02-23 17:53:50,546 - INFO -   Added 1 new constraints: [34]
2025-02-23 17:53:50,546 - INFO - 
Iteration 11:
2025-02-23 17:53:50,546 - DEBUG - Generated Ising Hamiltonian
2025-02-23 17:53:50,750 - DEBUG - Optimizing QAOA circuit...
2025-02-23 17:53:52,076 - DEBUG - Circuit optimization successful
2025-02-23 17:53:52,077 - DEBUG - Circuit optimization successful, final value: -4619.136863136864
2025-02-23 17:53:52,077 - DEBUG - Sampling from optimized circuit...
2025-02-23 17:53:52,094 - DEBUG - Generated 128 unique samples from 200 total measurements
2025-02-23 17:53:52,094 - DEBUG - 
Top 5 most frequent samples:
2025-02-23 17:53:52,095 - DEBUG -   Rank | Count |   %   
2025-02-23 17:53:52,095 - DEBUG -   -----|-------|-------
2025-02-23 17:53:52,095 - DEBUG -      1 |     8 |   4.0
2025-02-23 17:53:52,095 - DEBUG -     Sample: [1 1 0 0 0 0 0 0 0 1 0 1]
2025-02-23 17:53:52,096 - DEBUG -      2 |     7 |   3.5
2025-02-23 17:53:52,096 - DEBUG -     Sample: [1 0 0 0 0 0 0 0 0 1 0 1]
2025-02-23 17:53:52,096 - DEBUG -      3 |     5 |   2.5
2025-02-23 17:53:52,096 - DEBUG -     Sample: [1 0 0 0 0 0 0 1 0 1 0 0]
2025-02-23 17:53:52,097 - DEBUG -      4 |     5 |   2.5
2025-02-23 17:53:52,097 - DEBUG -     Sample: [1 0 0 1 0 0 0 0 0 1 0 1]
2025-02-23 17:53:52,097 - DEBUG -      5 |     4 |   2.0
2025-02-23 17:53:52,098 - DEBUG -     Sample: [1 1 0 0 1 0 1 0 0 1 0 0]
2025-02-23 17:53:52,100 - DEBUG - Generated 128 unique samples from 200 total measurements
2025-02-23 17:53:52,102 - INFO -   No feasible solution found in this iteration
2025-02-23 17:53:52,103 - INFO -   Added 1 new constraints: [5]
2025-02-23 17:53:52,103 - INFO - 
Iteration 12:
2025-02-23 17:53:52,103 - DEBUG - Generated Ising Hamiltonian
2025-02-23 17:53:52,299 - DEBUG - Optimizing QAOA circuit...
2025-02-23 17:53:53,857 - DEBUG - Circuit optimization successful
2025-02-23 17:53:53,857 - DEBUG - Circuit optimization successful, final value: 13587.51048951049
2025-02-23 17:53:53,857 - DEBUG - Sampling from optimized circuit...
2025-02-23 17:53:53,871 - DEBUG - Generated 97 unique samples from 200 total measurements
2025-02-23 17:53:53,871 - DEBUG - 
Top 5 most frequent samples:
2025-02-23 17:53:53,871 - DEBUG -   Rank | Count |   %   
2025-02-23 17:53:53,872 - DEBUG -   -----|-------|-------
2025-02-23 17:53:53,872 - DEBUG -      1 |    15 |   7.5
2025-02-23 17:53:53,872 - DEBUG -     Sample: [1 0 0 0 0 0 1 0 1 1 0 1]
2025-02-23 17:53:53,872 - DEBUG -      2 |    12 |   6.0
2025-02-23 17:53:53,873 - DEBUG -     Sample: [1 0 0 0 0 0 1 1 1 1 0 1]
2025-02-23 17:53:53,873 - DEBUG -      3 |     9 |   4.5
2025-02-23 17:53:53,873 - DEBUG -     Sample: [1 0 0 0 1 0 1 0 1 1 0 1]
2025-02-23 17:53:53,873 - DEBUG -      4 |     7 |   3.5
2025-02-23 17:53:53,873 - DEBUG -     Sample: [1 0 0 0 1 0 1 0 1 1 0 0]
2025-02-23 17:53:53,874 - DEBUG -      5 |     7 |   3.5
2025-02-23 17:53:53,874 - DEBUG -     Sample: [1 0 0 0 0 0 1 1 1 1 0 0]
2025-02-23 17:53:53,874 - DEBUG - Generated 97 unique samples from 200 total measurements
2025-02-23 17:53:53,876 - INFO -   No feasible solution found in this iteration
2025-02-23 17:53:53,876 - INFO -   Added 1 new constraints: [23]
2025-02-23 17:53:53,876 - INFO - 
Iteration 13:
2025-02-23 17:53:53,877 - DEBUG - Generated Ising Hamiltonian
2025-02-23 17:53:54,075 - DEBUG - Optimizing QAOA circuit...
2025-02-23 17:53:55,370 - DEBUG - Circuit optimization successful
2025-02-23 17:53:55,370 - DEBUG - Circuit optimization successful, final value: -4139.51848151848
2025-02-23 17:53:55,370 - DEBUG - Sampling from optimized circuit...
2025-02-23 17:53:55,384 - DEBUG - Generated 188 unique samples from 200 total measurements
2025-02-23 17:53:55,384 - DEBUG - 
Top 5 most frequent samples:
2025-02-23 17:53:55,385 - DEBUG -   Rank | Count |   %   
2025-02-23 17:53:55,385 - DEBUG -   -----|-------|-------
2025-02-23 17:53:55,385 - DEBUG -      1 |     3 |   1.5
2025-02-23 17:53:55,385 - DEBUG -     Sample: [1 1 0 0 0 1 0 0 1 0 1 0]
2025-02-23 17:53:55,385 - DEBUG -      2 |     2 |   1.0
2025-02-23 17:53:55,385 - DEBUG -     Sample: [1 1 1 0 1 1 0 1 1 0 1 0]
2025-02-23 17:53:55,385 - DEBUG -      3 |     2 |   1.0
2025-02-23 17:53:55,385 - DEBUG -     Sample: [1 0 0 0 1 0 0 0 1 1 1 1]
2025-02-23 17:53:55,386 - DEBUG -      4 |     2 |   1.0
2025-02-23 17:53:55,386 - DEBUG -     Sample: [0 0 0 0 1 0 1 1 1 1 1 1]
2025-02-23 17:53:55,386 - DEBUG -      5 |     2 |   1.0
2025-02-23 17:53:55,386 - DEBUG -     Sample: [1 1 0 0 0 1 0 1 1 1 0 1]
2025-02-23 17:53:55,387 - DEBUG - Generated 188 unique samples from 200 total measurements
2025-02-23 17:53:55,389 - INFO -   No feasible solution found in this iteration
2025-02-23 17:53:55,390 - INFO -   No new constraints added, lowered tau multiplier: 1.0 -> 0.9
2025-02-23 17:53:55,390 - INFO -   No new constraints added, lowered tau multiplier: 0.9 -> 0.8
2025-02-23 17:53:55,391 - INFO -   Added 5 new constraints: [2, 12, 21, 22, 29]
2025-02-23 17:53:55,391 - INFO - 
Iteration 14:
2025-02-23 17:53:55,391 - DEBUG - Generated Ising Hamiltonian
2025-02-23 17:53:55,647 - DEBUG - Optimizing QAOA circuit...
2025-02-23 17:53:57,174 - DEBUG - Circuit optimization successful
2025-02-23 17:53:57,174 - DEBUG - Circuit optimization successful, final value: -104.65334665334694
2025-02-23 17:53:57,174 - DEBUG - Sampling from optimized circuit...
2025-02-23 17:53:57,189 - DEBUG - Generated 175 unique samples from 200 total measurements
2025-02-23 17:53:57,189 - DEBUG - 
Top 5 most frequent samples:
2025-02-23 17:53:57,190 - DEBUG -   Rank | Count |   %   
2025-02-23 17:53:57,190 - DEBUG -   -----|-------|-------
2025-02-23 17:53:57,190 - DEBUG -      1 |     4 |   2.0
2025-02-23 17:53:57,190 - DEBUG -     Sample: [1 1 0 1 0 0 1 0 1 1 0 1]
2025-02-23 17:53:57,190 - DEBUG -      2 |     3 |   1.5
2025-02-23 17:53:57,190 - DEBUG -     Sample: [1 1 1 1 1 0 1 0 0 1 0 1]
2025-02-23 17:53:57,190 - DEBUG -      3 |     3 |   1.5
2025-02-23 17:53:57,190 - DEBUG -     Sample: [1 0 1 0 0 0 0 1 1 1 0 1]
2025-02-23 17:53:57,191 - DEBUG -      4 |     2 |   1.0
2025-02-23 17:53:57,191 - DEBUG -     Sample: [1 0 0 1 0 0 0 1 1 1 0 1]
2025-02-23 17:53:57,191 - DEBUG -      5 |     2 |   1.0
2025-02-23 17:53:57,191 - DEBUG -     Sample: [1 1 1 1 0 1 1 1 1 1 0 1]
2025-02-23 17:53:57,192 - DEBUG - Generated 175 unique samples from 200 total measurements
2025-02-23 17:53:57,195 - INFO -   No feasible solution found in this iteration
2025-02-23 17:53:57,195 - INFO -   No new constraints added, lowered tau multiplier: 1.0 -> 0.9
2025-02-23 17:53:57,195 - INFO -   No new constraints added, lowered tau multiplier: 0.9 -> 0.8
2025-02-23 17:53:57,196 - INFO -   Added 6 new constraints: [0, 10, 15, 26, 35, 39]
2025-02-23 17:53:57,196 - INFO - 
Iteration 15:
2025-02-23 17:53:57,196 - DEBUG - Generated Ising Hamiltonian
2025-02-23 17:53:57,402 - DEBUG - Optimizing QAOA circuit...
2025-02-23 17:53:58,981 - DEBUG - Circuit optimization successful
2025-02-23 17:53:58,982 - DEBUG - Circuit optimization successful, final value: -1945.188811188811
2025-02-23 17:53:58,982 - DEBUG - Sampling from optimized circuit...
2025-02-23 17:53:58,997 - DEBUG - Generated 194 unique samples from 200 total measurements
2025-02-23 17:53:58,998 - DEBUG - 
Top 5 most frequent samples:
2025-02-23 17:53:58,998 - DEBUG -   Rank | Count |   %   
2025-02-23 17:53:58,998 - DEBUG -   -----|-------|-------
2025-02-23 17:53:58,998 - DEBUG -      1 |     2 |   1.0
2025-02-23 17:53:58,998 - DEBUG -     Sample: [0 0 0 0 0 0 0 0 1 1 0 1]
2025-02-23 17:53:58,999 - DEBUG -      2 |     2 |   1.0
2025-02-23 17:53:58,999 - DEBUG -     Sample: [0 1 0 0 1 1 1 0 0 1 0 0]
2025-02-23 17:53:58,999 - DEBUG -      3 |     2 |   1.0
2025-02-23 17:53:58,999 - DEBUG -     Sample: [1 1 1 0 0 1 0 0 0 0 1 1]
2025-02-23 17:53:58,999 - DEBUG -      4 |     2 |   1.0
2025-02-23 17:53:59,000 - DEBUG -     Sample: [1 1 0 0 1 1 1 0 1 1 0 0]
2025-02-23 17:53:59,000 - DEBUG -      5 |     2 |   1.0
2025-02-23 17:53:59,000 - DEBUG -     Sample: [0 0 0 0 1 1 0 1 1 1 0 0]
2025-02-23 17:53:59,001 - DEBUG - Generated 194 unique samples from 200 total measurements
2025-02-23 17:53:59,005 - INFO -   No feasible solution found in this iteration
2025-02-23 17:53:59,005 - INFO -   All constraints added, exiting
2025-02-23 17:53:59,006 - INFO -   Constraint generation found no feasible solution
2025-02-23 17:53:59,006 - INFO - 
Instance 20 results:
2025-02-23 17:53:59,006 - INFO -   Classical value: 198.0
2025-02-23 17:53:59,006 - INFO -   QAOA value: 242.0
2025-02-23 17:53:59,006 - INFO -   Constraint generation value: 0.0
2025-02-23 17:53:59,007 - INFO - 
Running instance 21/100
2025-02-23 17:53:59,009 - INFO - 
Running Classical Reference Solver (SCIP):
2025-02-23 17:53:59,011 - DEBUG - Problem dimensions: 40 constraints, 12 variables
2025-02-23 17:53:59,011 - DEBUG - Row names: ['ELEM1', 'ELEM2', 'ELEM3', 'ELEM4', 'ELEM5', 'ELEM6', 'ELEM7', 'ELEM8', 'ELEM9', 'ELEM10', 'ELEM11', 'ELEM12', 'ELEM13', 'ELEM14', 'ELEM15', 'ELEM16', 'ELEM17', 'ELEM18', 'ELEM19', 'ELEM20', 'ELEM21', 'ELEM22', 'ELEM23', 'ELEM24', 'ELEM25', 'ELEM26', 'ELEM27', 'ELEM28', 'ELEM29', 'ELEM30', 'ELEM31', 'ELEM32', 'ELEM33', 'ELEM34', 'ELEM35', 'ELEM36', 'ELEM37', 'ELEM38', 'ELEM39', 'ELEM40']
2025-02-23 17:53:59,012 - DEBUG - RHS values: {'ELEM1': 1.0, 'ELEM2': 1.0, 'ELEM3': 1.0, 'ELEM4': 1.0, 'ELEM5': 1.0, 'ELEM6': 1.0, 'ELEM7': 1.0, 'ELEM8': 1.0, 'ELEM9': 1.0, 'ELEM10': 1.0, 'ELEM11': 1.0, 'ELEM12': 1.0, 'ELEM13': 1.0, 'ELEM14': 1.0, 'ELEM15': 1.0, 'ELEM16': 1.0, 'ELEM17': 1.0, 'ELEM18': 1.0, 'ELEM19': 1.0, 'ELEM20': 1.0, 'ELEM21': 1.0, 'ELEM22': 1.0, 'ELEM23': 1.0, 'ELEM24': 1.0, 'ELEM25': 1.0, 'ELEM26': 1.0, 'ELEM27': 1.0, 'ELEM28': 1.0, 'ELEM29': 1.0, 'ELEM30': 1.0, 'ELEM31': 1.0, 'ELEM32': 1.0, 'ELEM33': 1.0, 'ELEM34': 1.0, 'ELEM35': 1.0, 'ELEM36': 1.0, 'ELEM37': 1.0, 'ELEM38': 1.0, 'ELEM39': 1.0, 'ELEM40': 1.0}
2025-02-23 17:53:59,023 - INFO -   Reference solution found:
2025-02-23 17:53:59,024 - INFO -     Solution: [1, 0, 0, 1, 0, 0, 0, 0, 0, 0, 0, 1]
2025-02-23 17:53:59,024 - INFO -     Value: 200.0
2025-02-23 17:53:59,024 - INFO - 
Running QAOA Reference Solution (with all constraints):
