
Problem information:
  Number of variables (n): 12
  Number of constraints (m): 40

Starting reference QAOA with parameters:
  sample_size (total shots): 200
Added all constraints
Found feasible solution: [1 0 0 0 1 1 1 1 0 0 0 0] with objective value 242.0
Found feasible solution:
  Solution: [1, 0, 0, 0, 1, 1, 1, 1, 0, 0, 0, 0]
  Value: 242.0
  QAOA solution found:
    Solution: [1, 0, 0, 0, 1, 1, 1, 1, 0, 0, 0, 0]
    Value: 242.0

Running Constraint Generation:

Problem information:
  Number of variables (n): 12
  Number of constraints (m): 40

Running classical reference solver:
  Reference solution found:
    Solution: [0, 1, 1, 1, 0, 0, 0, 0, 1, 1, 1, 1]
    Value: 198.0

Starting quantum constraint generation with parameters:
  sample_size (total shots): 200
  tau: 0.1
  max_iters: 1000

Iteration 0:
  No feasible solution found in this iteration
  Added 2 new constraints: [1, 13]

Iteration 1:
  No feasible solution found in this iteration
  Added 5 new constraints: [7, 11, 19, 36, 37]

Iteration 2:
  No feasible solution found in this iteration
  Added 5 new constraints: [4, 18, 27, 28, 32]

Iteration 3:
  No feasible solution found in this iteration
  Added 1 new constraints: [16]

Iteration 4:
  No feasible solution found in this iteration
  Added 5 new constraints: [3, 6, 9, 31, 38]

Iteration 5:
  No feasible solution found in this iteration
  No new constraints added, lowered tau multiplier: 1.0 -> 0.9
  No new constraints added, lowered tau multiplier: 0.9 -> 0.8
  Added 2 new constraints: [17, 33]

Iteration 6:
  No feasible solution found in this iteration
  Added 1 new constraints: [30]

Iteration 7:
  No feasible solution found in this iteration
  Added 1 new constraints: [14]

Iteration 8:
  No feasible solution found in this iteration
  No new constraints added, lowered tau multiplier: 1.0 -> 0.9
  Added 1 new constraints: [24]

Iteration 9:
  No feasible solution found in this iteration
  No new constraints added, lowered tau multiplier: 1.0 -> 0.9
  No new constraints added, lowered tau multiplier: 0.9 -> 0.8
  No new constraints added, lowered tau multiplier: 0.8 -> 0.7
  Added 3 new constraints: [8, 20, 25]

Iteration 10:
  No feasible solution found in this iteration
  No new constraints added, lowered tau multiplier: 1.0 -> 0.9
  No new constraints added, lowered tau multiplier: 0.9 -> 0.8
  Added 1 new constraints: [34]

Iteration 11:
  No feasible solution found in this iteration
  Added 1 new constraints: [5]

Iteration 12:
  No feasible solution found in this iteration
  Added 1 new constraints: [23]

Iteration 13:
  No feasible solution found in this iteration
  No new constraints added, lowered tau multiplier: 1.0 -> 0.9
  No new constraints added, lowered tau multiplier: 0.9 -> 0.8
  Added 5 new constraints: [2, 12, 21, 22, 29]

Iteration 14:
  No feasible solution found in this iteration
  No new constraints added, lowered tau multiplier: 1.0 -> 0.9
  No new constraints added, lowered tau multiplier: 0.9 -> 0.8
  Added 6 new constraints: [0, 10, 15, 26, 35, 39]

Iteration 15:
  No feasible solution found in this iteration
  All constraints added, exiting
  Constraint generation found no feasible solution

Instance 20 results:
  Classical value: 198.0
  QAOA value: 242.0
  Constraint generation value: 0.0

Running instance 21/100

Running Classical Reference Solver (SCIP):
  Reference solution found:
    Solution: [1, 0, 0, 1, 0, 0, 0, 0, 0, 0, 0, 1]
    Value: 200.0

Running QAOA Reference Solution (with all constraints):
