2025-02-23 18:45:02,191 - INFO - 
Problem information:
2025-02-23 18:45:02,191 - INFO -   Number of variables (n): 10
2025-02-23 18:45:02,191 - INFO -   Number of constraints (m): 20
2025-02-23 18:45:02,191 - DEBUG -   Density of A: 50.00%
2025-02-23 18:45:02,192 - INFO - 
Starting reference QAOA with parameters:
2025-02-23 18:45:02,192 - INFO -   sample_size (total shots): 100
2025-02-23 18:45:02,192 - INFO - Added all constraints
2025-02-23 18:45:02,192 - DEBUG - Generated Ising Hamiltonian
2025-02-23 18:45:02,391 - DEBUG - Optimizing QAOA circuit...
2025-02-23 18:45:04,141 - DEBUG - Circuit optimization successful
2025-02-23 18:45:04,142 - DEBUG - Circuit optimization successful, final value: -16874.351648351658
2025-02-23 18:45:04,142 - DEBUG - Sampling from optimized circuit...
2025-02-23 18:45:04,154 - DEBUG - Generated 90 unique samples from 100 total measurements
2025-02-23 18:45:04,154 - DEBUG - 
Top 5 most frequent samples:
2025-02-23 18:45:04,155 - DEBUG -   Rank | Count |   %   
2025-02-23 18:45:04,155 - DEBUG -   -----|-------|-------
2025-02-23 18:45:04,155 - DEBUG -      1 |     3 |   3.0
2025-02-23 18:45:04,155 - DEBUG -     Sample: [0 0 1 0 0 0 0 0 1 0]
2025-02-23 18:45:04,155 - DEBUG -      2 |     2 |   2.0
2025-02-23 18:45:04,156 - DEBUG -     Sample: [1 1 1 1 0 0 1 0 1 1]
2025-02-23 18:45:04,156 - DEBUG -      3 |     2 |   2.0
2025-02-23 18:45:04,156 - DEBUG -     Sample: [1 0 0 0 1 0 0 1 1 0]
2025-02-23 18:45:04,156 - DEBUG -      4 |     2 |   2.0
2025-02-23 18:45:04,156 - DEBUG -     Sample: [1 1 1 1 0 0 1 1 0 1]
2025-02-23 18:45:04,157 - DEBUG -      5 |     2 |   2.0
2025-02-23 18:45:04,157 - DEBUG -     Sample: [0 0 1 1 0 0 0 1 0 1]
2025-02-23 18:45:04,157 - DEBUG - Generated 90 unique samples from 100 total measurements
2025-02-23 18:45:04,159 - INFO - Found feasible solution: [0 1 0 0 0 0 0 1 0 0] with objective value 100.0
2025-02-23 18:45:04,159 - INFO - Found feasible solution:
2025-02-23 18:45:04,159 - INFO -   Solution: [0, 1, 0, 0, 0, 0, 0, 1, 0, 0]
2025-02-23 18:45:04,159 - INFO -   Value: 100.0
2025-02-23 18:45:04,160 - INFO -   QAOA solution found:
2025-02-23 18:45:04,160 - INFO -     Solution: [0, 1, 0, 0, 0, 0, 0, 1, 0, 0]
2025-02-23 18:45:04,160 - INFO -     Value: 100.0
2025-02-23 18:45:04,160 - INFO - 
Running Constraint Generation:
2025-02-23 18:45:04,161 - INFO - 
Problem information:
2025-02-23 18:45:04,161 - INFO -   Number of variables (n): 10
2025-02-23 18:45:04,161 - INFO -   Number of constraints (m): 20
2025-02-23 18:45:04,161 - DEBUG -   Density of A: 50.00%
2025-02-23 18:45:04,161 - INFO - 
Running classical reference solver:
2025-02-23 18:45:04,171 - INFO -   Reference solution found:
2025-02-23 18:45:04,171 - INFO -     Solution: [0, 0, 0, 0, 0, 0, 0, 0, 1, 1]
2025-02-23 18:45:04,172 - INFO -     Value: 74.0
2025-02-23 18:45:04,172 - INFO - 
Starting quantum constraint generation with parameters:
2025-02-23 18:45:04,172 - INFO -   sample_size (total shots): 100
2025-02-23 18:45:04,172 - INFO -   tau: 0.1
2025-02-23 18:45:04,172 - INFO -   max_iters: 1000
2025-02-23 18:45:04,173 - INFO - 
Iteration 0:
2025-02-23 18:45:04,173 - DEBUG - Generated Ising Hamiltonian
2025-02-23 18:45:04,386 - DEBUG - Optimizing QAOA circuit...
2025-02-23 18:45:05,183 - DEBUG - Circuit optimization successful
2025-02-23 18:45:05,184 - DEBUG - Circuit optimization successful, final value: -162.28971028971029
2025-02-23 18:45:05,184 - DEBUG - Sampling from optimized circuit...
2025-02-23 18:45:05,195 - DEBUG - Generated 70 unique samples from 100 total measurements
2025-02-23 18:45:05,196 - DEBUG - 
Top 5 most frequent samples:
2025-02-23 18:45:05,196 - DEBUG -   Rank | Count |   %   
2025-02-23 18:45:05,196 - DEBUG -   -----|-------|-------
2025-02-23 18:45:05,196 - DEBUG -      1 |     6 |   6.0
2025-02-23 18:45:05,196 - DEBUG -     Sample: [1 0 1 1 1 1 1 0 1 0]
2025-02-23 18:45:05,196 - DEBUG -      2 |     5 |   5.0
2025-02-23 18:45:05,197 - DEBUG -     Sample: [1 0 0 1 1 1 1 0 1 0]
2025-02-23 18:45:05,197 - DEBUG -      3 |     4 |   4.0
2025-02-23 18:45:05,197 - DEBUG -     Sample: [1 0 0 1 1 1 1 0 1 1]
2025-02-23 18:45:05,198 - DEBUG -      4 |     4 |   4.0
2025-02-23 18:45:05,199 - DEBUG -     Sample: [1 0 1 1 1 1 1 1 1 0]
2025-02-23 18:45:05,199 - DEBUG -      5 |     3 |   3.0
2025-02-23 18:45:05,200 - DEBUG -     Sample: [1 0 1 0 1 1 1 0 1 0]
2025-02-23 18:45:05,201 - DEBUG - Generated 70 unique samples from 100 total measurements
2025-02-23 18:45:05,205 - INFO -   No feasible solution found in this iteration
2025-02-23 18:45:05,205 - INFO -   Added 1 new constraints: [2]
2025-02-23 18:45:05,206 - INFO - 
Iteration 1:
2025-02-23 18:45:05,206 - DEBUG - Generated Ising Hamiltonian
2025-02-23 18:45:05,420 - DEBUG - Optimizing QAOA circuit...
2025-02-23 18:45:06,412 - DEBUG - Circuit optimization successful
2025-02-23 18:45:06,412 - DEBUG - Circuit optimization successful, final value: -4803.6783216783215
2025-02-23 18:45:06,412 - DEBUG - Sampling from optimized circuit...
2025-02-23 18:45:06,422 - DEBUG - Generated 64 unique samples from 100 total measurements
2025-02-23 18:45:06,422 - DEBUG - 
Top 5 most frequent samples:
2025-02-23 18:45:06,422 - DEBUG -   Rank | Count |   %   
2025-02-23 18:45:06,423 - DEBUG -   -----|-------|-------
2025-02-23 18:45:06,423 - DEBUG -      1 |     8 |   8.0
2025-02-23 18:45:06,423 - DEBUG -     Sample: [1 0 0 0 1 1 0 1 0 1]
2025-02-23 18:45:06,423 - DEBUG -      2 |     6 |   6.0
2025-02-23 18:45:06,423 - DEBUG -     Sample: [1 0 0 0 1 1 0 0 0 1]
2025-02-23 18:45:06,423 - DEBUG -      3 |     6 |   6.0
2025-02-23 18:45:06,424 - DEBUG -     Sample: [1 0 0 0 1 0 0 1 0 1]
2025-02-23 18:45:06,424 - DEBUG -      4 |     4 |   4.0
2025-02-23 18:45:06,424 - DEBUG -     Sample: [1 0 0 0 1 1 1 1 0 1]
2025-02-23 18:45:06,424 - DEBUG -      5 |     3 |   3.0
2025-02-23 18:45:06,424 - DEBUG -     Sample: [1 0 0 0 0 0 0 1 1 1]
2025-02-23 18:45:06,425 - DEBUG - Generated 64 unique samples from 100 total measurements
2025-02-23 18:45:06,426 - INFO -   No feasible solution found in this iteration
2025-02-23 18:45:06,426 - INFO -   Added 1 new constraints: [13]
2025-02-23 18:45:06,426 - INFO - 
Iteration 2:
2025-02-23 18:45:06,426 - DEBUG - Generated Ising Hamiltonian
2025-02-23 18:45:06,621 - DEBUG - Optimizing QAOA circuit...
2025-02-23 18:45:07,961 - DEBUG - Circuit optimization successful
2025-02-23 18:45:07,962 - DEBUG - Circuit optimization successful, final value: -9673.208791208792
2025-02-23 18:45:07,962 - DEBUG - Sampling from optimized circuit...
2025-02-23 18:45:07,972 - DEBUG - Generated 81 unique samples from 100 total measurements
2025-02-23 18:45:07,973 - DEBUG - 
Top 5 most frequent samples:
2025-02-23 18:45:07,973 - DEBUG -   Rank | Count |   %   
2025-02-23 18:45:07,973 - DEBUG -   -----|-------|-------
2025-02-23 18:45:07,973 - DEBUG -      1 |     4 |   4.0
2025-02-23 18:45:07,973 - DEBUG -     Sample: [0 0 0 0 0 0 1 1 0 0]
2025-02-23 18:45:07,973 - DEBUG -      2 |     3 |   3.0
2025-02-23 18:45:07,974 - DEBUG -     Sample: [1 1 0 0 0 0 1 0 0 0]
2025-02-23 18:45:07,974 - DEBUG -      3 |     3 |   3.0
2025-02-23 18:45:07,974 - DEBUG -     Sample: [1 0 0 0 0 0 0 1 0 0]
2025-02-23 18:45:07,974 - DEBUG -      4 |     2 |   2.0
2025-02-23 18:45:07,975 - DEBUG -     Sample: [0 0 0 0 0 0 1 0 0 0]
2025-02-23 18:45:07,975 - DEBUG -      5 |     2 |   2.0
2025-02-23 18:45:07,975 - DEBUG -     Sample: [1 1 0 0 0 0 0 1 0 0]
2025-02-23 18:45:07,975 - DEBUG - Generated 81 unique samples from 100 total measurements
2025-02-23 18:45:07,977 - INFO -   No feasible solution found in this iteration
2025-02-23 18:45:07,977 - INFO -   Added 1 new constraints: [11]
2025-02-23 18:45:07,977 - INFO - 
Iteration 3:
2025-02-23 18:45:07,977 - DEBUG - Generated Ising Hamiltonian
2025-02-23 18:45:08,175 - DEBUG - Optimizing QAOA circuit...
2025-02-23 18:45:09,354 - DEBUG - Circuit optimization successful
2025-02-23 18:45:09,354 - DEBUG - Circuit optimization successful, final value: -4366.827172827174
2025-02-23 18:45:09,354 - DEBUG - Sampling from optimized circuit...
2025-02-23 18:45:09,368 - DEBUG - Generated 60 unique samples from 100 total measurements
2025-02-23 18:45:09,368 - DEBUG - 
Top 5 most frequent samples:
2025-02-23 18:45:09,368 - DEBUG -   Rank | Count |   %   
2025-02-23 18:45:09,368 - DEBUG -   -----|-------|-------
2025-02-23 18:45:09,368 - DEBUG -      1 |     9 |   9.0
2025-02-23 18:45:09,368 - DEBUG -     Sample: [1 1 1 0 0 1 0 1 0 1]
2025-02-23 18:45:09,369 - DEBUG -      2 |     7 |   7.0
2025-02-23 18:45:09,369 - DEBUG -     Sample: [0 1 1 0 0 1 0 1 0 1]
2025-02-23 18:45:09,369 - DEBUG -      3 |     5 |   5.0
2025-02-23 18:45:09,369 - DEBUG -     Sample: [1 1 1 0 0 0 0 1 0 1]
2025-02-23 18:45:09,369 - DEBUG -      4 |     4 |   4.0
2025-02-23 18:45:09,369 - DEBUG -     Sample: [0 1 1 0 0 0 0 1 0 0]
2025-02-23 18:45:09,370 - DEBUG -      5 |     4 |   4.0
2025-02-23 18:45:09,370 - DEBUG -     Sample: [1 1 0 0 0 1 0 1 0 1]
2025-02-23 18:45:09,370 - DEBUG - Generated 60 unique samples from 100 total measurements
2025-02-23 18:45:09,371 - INFO -   No feasible solution found in this iteration
2025-02-23 18:45:09,372 - INFO -   Added 2 new constraints: [9, 18]
2025-02-23 18:45:09,372 - INFO - 
Iteration 4:
2025-02-23 18:45:09,372 - DEBUG - Generated Ising Hamiltonian
2025-02-23 18:45:09,581 - DEBUG - Optimizing QAOA circuit...
2025-02-23 18:45:11,105 - DEBUG - Circuit optimization successful
2025-02-23 18:45:11,105 - DEBUG - Circuit optimization successful, final value: -1961.5664335664333
2025-02-23 18:45:11,106 - DEBUG - Sampling from optimized circuit...
2025-02-23 18:45:11,120 - DEBUG - Generated 99 unique samples from 100 total measurements
2025-02-23 18:45:11,120 - DEBUG - 
Top 5 most frequent samples:
2025-02-23 18:45:11,120 - DEBUG -   Rank | Count |   %   
2025-02-23 18:45:11,120 - DEBUG -   -----|-------|-------
2025-02-23 18:45:11,120 - DEBUG -      1 |     2 |   2.0
2025-02-23 18:45:11,121 - DEBUG -     Sample: [0 0 0 0 1 1 0 1 0 1]
2025-02-23 18:45:11,121 - DEBUG -      2 |     1 |   1.0
2025-02-23 18:45:11,121 - DEBUG -     Sample: [0 0 0 1 0 0 1 1 1 0]
2025-02-23 18:45:11,121 - DEBUG -      3 |     1 |   1.0
2025-02-23 18:45:11,122 - DEBUG -     Sample: [0 1 0 0 1 1 0 0 0 1]
2025-02-23 18:45:11,122 - DEBUG -      4 |     1 |   1.0
2025-02-23 18:45:11,122 - DEBUG -     Sample: [0 0 1 0 1 0 0 1 0 1]
2025-02-23 18:45:11,122 - DEBUG -      5 |     1 |   1.0
2025-02-23 18:45:11,122 - DEBUG -     Sample: [1 1 1 1 0 0 0 1 1 0]
2025-02-23 18:45:11,123 - DEBUG - Generated 99 unique samples from 100 total measurements
2025-02-23 18:45:11,125 - INFO -   No feasible solution found in this iteration
2025-02-23 18:45:11,125 - INFO -   No new constraints added, lowered tau multiplier: 1.0 -> 0.9
2025-02-23 18:45:11,125 - INFO -   Added 14 new constraints: [0, 1, 3, 4, 5, 6, 7, 8, 10, 14, 15, 16, 17, 19]
2025-02-23 18:45:11,125 - INFO - 
Iteration 5:
2025-02-23 18:45:11,126 - DEBUG - Generated Ising Hamiltonian
2025-02-23 18:45:11,336 - DEBUG - Optimizing QAOA circuit...
2025-02-23 18:45:13,025 - DEBUG - Circuit optimization successful
2025-02-23 18:45:13,025 - DEBUG - Circuit optimization successful, final value: -17032.067932067934
2025-02-23 18:45:13,025 - DEBUG - Sampling from optimized circuit...
2025-02-23 18:45:13,040 - DEBUG - Generated 91 unique samples from 100 total measurements
2025-02-23 18:45:13,040 - DEBUG - 
Top 5 most frequent samples:
2025-02-23 18:45:13,040 - DEBUG -   Rank | Count |   %   
2025-02-23 18:45:13,041 - DEBUG -   -----|-------|-------
2025-02-23 18:45:13,041 - DEBUG -      1 |     2 |   2.0
2025-02-23 18:45:13,041 - DEBUG -     Sample: [0 1 1 1 0 0 0 1 0 0]
2025-02-23 18:45:13,041 - DEBUG -      2 |     2 |   2.0
2025-02-23 18:45:13,041 - DEBUG -     Sample: [0 0 1 1 1 0 1 1 1 0]
2025-02-23 18:45:13,041 - DEBUG -      3 |     2 |   2.0
2025-02-23 18:45:13,042 - DEBUG -     Sample: [1 0 1 1 1 0 0 0 0 0]
2025-02-23 18:45:13,042 - DEBUG -      4 |     2 |   2.0
2025-02-23 18:45:13,042 - DEBUG -     Sample: [1 0 1 0 1 0 1 1 1 1]
2025-02-23 18:45:13,042 - DEBUG -      5 |     2 |   2.0
2025-02-23 18:45:13,042 - DEBUG -     Sample: [0 1 1 1 1 0 0 1 0 0]
2025-02-23 18:45:13,043 - DEBUG - Generated 91 unique samples from 100 total measurements
2025-02-23 18:45:13,044 - INFO - Found feasible solution: [0 1 0 0 0 0 0 1 0 0] with objective value 100.0
2025-02-23 18:45:13,045 - INFO -   Found feasible solution:
2025-02-23 18:45:13,045 - INFO -     Solution: [0, 1, 0, 0, 0, 0, 0, 1, 0, 0]
2025-02-23 18:45:13,045 - INFO -     Value: 100.0
2025-02-23 18:45:13,046 - INFO -     Gap to reference: 35.14%
2025-02-23 18:45:13,046 - INFO -   Constraint generation solution found:
2025-02-23 18:45:13,046 - INFO -     Solution: [0, 1, 0, 0, 0, 0, 0, 1, 0, 0]
2025-02-23 18:45:13,046 - INFO -     Value: 100.0
2025-02-23 18:45:13,046 - INFO - 
Instance 4 results:
2025-02-23 18:45:13,047 - INFO -   Classical value: 74.0
2025-02-23 18:45:13,047 - INFO -   QAOA value: 100.0
2025-02-23 18:45:13,047 - INFO -   Constraint generation value: 100.0
2025-02-23 18:45:13,048 - INFO - 
Running instance 5/100
2025-02-23 18:45:13,049 - INFO - 
Running Classical Reference Solver (SCIP):
2025-02-23 18:45:13,050 - DEBUG - Problem dimensions: 20 constraints, 10 variables
2025-02-23 18:45:13,050 - DEBUG - Row names: ['ELEM1', 'ELEM2', 'ELEM3', 'ELEM4', 'ELEM5', 'ELEM6', 'ELEM7', 'ELEM8', 'ELEM9', 'ELEM10', 'ELEM11', 'ELEM12', 'ELEM13', 'ELEM14', 'ELEM15', 'ELEM16', 'ELEM17', 'ELEM18', 'ELEM19', 'ELEM20']
2025-02-23 18:45:13,051 - DEBUG - RHS values: {'ELEM1': 1.0, 'ELEM2': 1.0, 'ELEM3': 1.0, 'ELEM4': 1.0, 'ELEM5': 1.0, 'ELEM6': 1.0, 'ELEM7': 1.0, 'ELEM8': 1.0, 'ELEM9': 1.0, 'ELEM10': 1.0, 'ELEM11': 1.0, 'ELEM12': 1.0, 'ELEM13': 1.0, 'ELEM14': 1.0, 'ELEM15': 1.0, 'ELEM16': 1.0, 'ELEM17': 1.0, 'ELEM18': 1.0, 'ELEM19': 1.0, 'ELEM20': 1.0}
2025-02-23 18:45:13,060 - INFO -   Reference solution found:
2025-02-23 18:45:13,060 - INFO -     Solution: [0, 1, 0, 0, 0, 0, 0, 0, 1, 0]
2025-02-23 18:45:13,061 - INFO -     Value: 88.0
2025-02-23 18:45:13,061 - INFO - 
Running QAOA Reference Solution (with all constraints):
