
Problem information:
  Number of variables (n): 10
  Number of constraints (m): 20

Starting reference QAOA with parameters:
  sample_size (total shots): 100
Added all constraints
Found feasible solution: [0 1 0 0 0 0 0 1 0 0] with objective value 100.0
Found feasible solution:
  Solution: [0, 1, 0, 0, 0, 0, 0, 1, 0, 0]
  Value: 100.0
  QAOA solution found:
    Solution: [0, 1, 0, 0, 0, 0, 0, 1, 0, 0]
    Value: 100.0

Running Constraint Generation:

Problem information:
  Number of variables (n): 10
  Number of constraints (m): 20

Running classical reference solver:
  Reference solution found:
    Solution: [0, 0, 0, 0, 0, 0, 0, 0, 1, 1]
    Value: 74.0

Starting quantum constraint generation with parameters:
  sample_size (total shots): 100
  tau: 0.1
  max_iters: 1000

Iteration 0:
  No feasible solution found in this iteration
  Added 1 new constraints: [2]

Iteration 1:
  No feasible solution found in this iteration
  Added 1 new constraints: [13]

Iteration 2:
  No feasible solution found in this iteration
  Added 1 new constraints: [11]

Iteration 3:
  No feasible solution found in this iteration
  Added 2 new constraints: [9, 18]

Iteration 4:
  No feasible solution found in this iteration
  No new constraints added, lowered tau multiplier: 1.0 -> 0.9
  Added 14 new constraints: [0, 1, 3, 4, 5, 6, 7, 8, 10, 14, 15, 16, 17, 19]

Iteration 5:
Found feasible solution: [0 1 0 0 0 0 0 1 0 0] with objective value 100.0
  Found feasible solution:
    Solution: [0, 1, 0, 0, 0, 0, 0, 1, 0, 0]
    Value: 100.0
    Gap to reference: 35.14%
  Constraint generation solution found:
    Solution: [0, 1, 0, 0, 0, 0, 0, 1, 0, 0]
    Value: 100.0

Instance 4 results:
  Classical value: 74.0
  QAOA value: 100.0
  Constraint generation value: 100.0

Running instance 5/100

Running Classical Reference Solver (SCIP):
  Reference solution found:
    Solution: [0, 1, 0, 0, 0, 0, 0, 0, 1, 0]
    Value: 88.0

Running QAOA Reference Solution (with all constraints):
