2025-02-24 16:55:22,315 - INFO - 
Problem information:
2025-02-24 16:55:22,316 - INFO -   Number of variables (n): 8
2025-02-24 16:55:22,316 - INFO -   Number of constraints (m): 25
2025-02-24 16:55:22,316 - DEBUG -   Density of A: 32.50%
2025-02-24 16:55:22,316 - INFO - 
Starting reference QAOA with parameters:
2025-02-24 16:55:22,316 - INFO -   sample_size (total shots): 500
2025-02-24 16:55:22,317 - INFO - Added all constraints
2025-02-24 16:55:22,317 - DEBUG - Generated Ising Hamiltonian
2025-02-24 16:55:22,678 - DEBUG - Optimizing QAOA circuit...
2025-02-24 16:55:25,152 - DEBUG - Circuit optimization successful
2025-02-24 16:55:25,152 - DEBUG - Circuit optimization successful, final value: 3665.9715284715285
2025-02-24 16:55:25,153 - DEBUG - Sampling from optimized circuit...
2025-02-24 16:55:25,174 - DEBUG - Generated 178 unique samples from 500 total measurements
2025-02-24 16:55:25,175 - DEBUG - 
Top 5 most frequent samples:
2025-02-24 16:55:25,175 - DEBUG -   Rank | Count |   %   
2025-02-24 16:55:25,175 - DEBUG -   -----|-------|-------
2025-02-24 16:55:25,175 - DEBUG -      1 |    10 |   2.0
2025-02-24 16:55:25,175 - DEBUG -     Sample: [1 0 0 0 0 1 0 0]
2025-02-24 16:55:25,175 - DEBUG -      2 |    10 |   2.0
2025-02-24 16:55:25,176 - DEBUG -     Sample: [1 0 0 1 0 0 1 1]
2025-02-24 16:55:25,176 - DEBUG -      3 |     9 |   1.8
2025-02-24 16:55:25,176 - DEBUG -     Sample: [0 1 0 1 0 1 0 1]
2025-02-24 16:55:25,176 - DEBUG -      4 |     8 |   1.6
2025-02-24 16:55:25,176 - DEBUG -     Sample: [1 1 1 1 0 1 1 0]
2025-02-24 16:55:25,176 - DEBUG -      5 |     8 |   1.6
2025-02-24 16:55:25,177 - DEBUG -     Sample: [0 1 0 0 0 0 0 1]
2025-02-24 16:55:25,177 - DEBUG - Generated 178 unique samples from 500 total measurements
2025-02-24 16:55:25,178 - INFO - Found feasible solution: [0 1 0 1 1 0 0 0] with objective value 191.0
2025-02-24 16:55:25,180 - INFO - Found feasible solution: [1 0 1 0 0 1 0 0] with objective value 161.0
2025-02-24 16:55:25,182 - INFO - Found feasible solution:
2025-02-24 16:55:25,182 - INFO -   Solution: [1, 0, 1, 0, 0, 1, 0, 0]
2025-02-24 16:55:25,182 - INFO -   Value: 161.0
2025-02-24 16:55:25,182 - INFO -   QAOA solution found:
2025-02-24 16:55:25,183 - INFO -     Solution: [1, 0, 1, 0, 0, 1, 0, 0]
2025-02-24 16:55:25,183 - INFO -     Value: 161.0
2025-02-24 16:55:25,183 - INFO - 
Running Constraint Generation:
2025-02-24 16:55:25,184 - INFO - 
Problem information:
2025-02-24 16:55:25,185 - INFO -   Number of variables (n): 8
2025-02-24 16:55:25,185 - INFO -   Number of constraints (m): 25
2025-02-24 16:55:25,185 - DEBUG -   Density of A: 32.50%
2025-02-24 16:55:25,185 - INFO - 
Running classical reference solver:
2025-02-24 16:55:25,197 - INFO -   Reference solution found:
2025-02-24 16:55:25,197 - INFO -     Solution: [1, 0, 1, 0, 0, 1, 0, 0]
2025-02-24 16:55:25,197 - INFO -     Value: 161.0
2025-02-24 16:55:25,197 - INFO - 
Starting quantum constraint generation with parameters:
2025-02-24 16:55:25,198 - INFO -   sample_size (total shots): 500
2025-02-24 16:55:25,198 - INFO -   tau: 0.1
2025-02-24 16:55:25,198 - INFO -   max_iters: 1000
2025-02-24 16:55:25,199 - INFO - 
Iteration 0:
2025-02-24 16:55:25,199 - DEBUG - Generated Ising Hamiltonian
2025-02-24 16:55:25,478 - DEBUG - Optimizing QAOA circuit...
2025-02-24 16:55:27,824 - DEBUG - Circuit optimization successful
2025-02-24 16:55:27,824 - DEBUG - Circuit optimization successful, final value: -334.4975024975025
2025-02-24 16:55:27,824 - DEBUG - Sampling from optimized circuit...
2025-02-24 16:55:27,839 - DEBUG - Generated 59 unique samples from 500 total measurements
2025-02-24 16:55:27,839 - DEBUG - 
Top 5 most frequent samples:
2025-02-24 16:55:27,840 - DEBUG -   Rank | Count |   %   
2025-02-24 16:55:27,840 - DEBUG -   -----|-------|-------
2025-02-24 16:55:27,840 - DEBUG -      1 |   134 |  26.8
2025-02-24 16:55:27,840 - DEBUG -     Sample: [1 1 1 1 1 1 1 1]
2025-02-24 16:55:27,841 - DEBUG -      2 |    56 |  11.2
2025-02-24 16:55:27,841 - DEBUG -     Sample: [1 0 1 1 1 1 1 1]
2025-02-24 16:55:27,841 - DEBUG -      3 |    31 |   6.2
2025-02-24 16:55:27,842 - DEBUG -     Sample: [0 1 1 1 1 1 1 1]
2025-02-24 16:55:27,842 - DEBUG -      4 |    26 |   5.2
2025-02-24 16:55:27,842 - DEBUG -     Sample: [1 1 1 0 1 1 1 1]
2025-02-24 16:55:27,842 - DEBUG -      5 |    26 |   5.2
2025-02-24 16:55:27,842 - DEBUG -     Sample: [1 1 0 1 1 1 1 1]
2025-02-24 16:55:27,843 - DEBUG - Generated 59 unique samples from 500 total measurements
2025-02-24 16:55:27,844 - INFO -   No feasible solution found in this iteration
2025-02-24 16:55:27,845 - INFO -   Added 5 new constraints: [0, 11, 12, 13, 23]
2025-02-24 16:55:27,845 - INFO - 
Iteration 1:
2025-02-24 16:55:27,846 - DEBUG - Generated Ising Hamiltonian
2025-02-24 16:55:28,087 - DEBUG - Optimizing QAOA circuit...
2025-02-24 16:55:30,083 - DEBUG - Circuit optimization successful
2025-02-24 16:55:30,083 - DEBUG - Circuit optimization successful, final value: 6051.659340659341
2025-02-24 16:55:30,083 - DEBUG - Sampling from optimized circuit...
2025-02-24 16:55:30,109 - DEBUG - Generated 104 unique samples from 500 total measurements
2025-02-24 16:55:30,109 - DEBUG - 
Top 5 most frequent samples:
2025-02-24 16:55:30,110 - DEBUG -   Rank | Count |   %   
2025-02-24 16:55:30,110 - DEBUG -   -----|-------|-------
2025-02-24 16:55:30,110 - DEBUG -      1 |    43 |   8.6
2025-02-24 16:55:30,110 - DEBUG -     Sample: [0 1 1 1 1 0 1 0]
2025-02-24 16:55:30,112 - DEBUG -      2 |    32 |   6.4
2025-02-24 16:55:30,114 - DEBUG -     Sample: [0 1 1 1 1 1 1 0]
2025-02-24 16:55:30,114 - DEBUG -      3 |    31 |   6.2
2025-02-24 16:55:30,116 - DEBUG -     Sample: [0 0 1 1 0 1 1 0]
2025-02-24 16:55:30,116 - DEBUG -      4 |    30 |   6.0
2025-02-24 16:55:30,116 - DEBUG -     Sample: [0 0 1 1 1 0 1 0]
2025-02-24 16:55:30,116 - DEBUG -      5 |    23 |   4.6
2025-02-24 16:55:30,117 - DEBUG -     Sample: [0 1 1 1 0 0 1 0]
2025-02-24 16:55:30,117 - DEBUG - Generated 104 unique samples from 500 total measurements
2025-02-24 16:55:30,118 - INFO - Found feasible solution: [0 1 0 1 1 0 0 0] with objective value 191.0
2025-02-24 16:55:30,120 - INFO -   Found feasible solution:
2025-02-24 16:55:30,120 - INFO -     Solution: [0, 1, 0, 1, 1, 0, 0, 0]
2025-02-24 16:55:30,120 - INFO -     Value: 191.0
2025-02-24 16:55:30,120 - INFO -     Gap to reference: 18.63%
2025-02-24 16:55:30,121 - INFO -   Constraint generation solution found:
2025-02-24 16:55:30,122 - INFO -     Solution: [0, 1, 0, 1, 1, 0, 0, 0]
2025-02-24 16:55:30,122 - INFO -     Value: 191.0
2025-02-24 16:55:30,122 - INFO - 
Instance 89 results:
2025-02-24 16:55:30,123 - INFO -   Classical value: 161.0
2025-02-24 16:55:30,123 - INFO -   QAOA value: 161.0
2025-02-24 16:55:30,123 - INFO -   Constraint generation value: 191.0
2025-02-24 16:55:30,124 - INFO - 
Running instance 90/100
2025-02-24 16:55:30,126 - INFO - 
Running Classical Reference Solver (SCIP):
2025-02-24 16:55:30,127 - DEBUG - Problem dimensions: 25 constraints, 8 variables
2025-02-24 16:55:30,128 - DEBUG - Row names: ['ELEM1', 'ELEM2', 'ELEM3', 'ELEM4', 'ELEM5', 'ELEM6', 'ELEM7', 'ELEM8', 'ELEM9', 'ELEM10', 'ELEM11', 'ELEM12', 'ELEM13', 'ELEM14', 'ELEM15', 'ELEM16', 'ELEM17', 'ELEM18', 'ELEM19', 'ELEM20', 'ELEM21', 'ELEM22', 'ELEM23', 'ELEM24', 'ELEM25']
2025-02-24 16:55:30,129 - DEBUG - RHS values: {'ELEM1': 1.0, 'ELEM2': 1.0, 'ELEM3': 1.0, 'ELEM4': 1.0, 'ELEM5': 1.0, 'ELEM6': 1.0, 'ELEM7': 1.0, 'ELEM8': 1.0, 'ELEM9': 1.0, 'ELEM10': 1.0, 'ELEM11': 1.0, 'ELEM12': 1.0, 'ELEM13': 1.0, 'ELEM14': 1.0, 'ELEM15': 1.0, 'ELEM16': 1.0, 'ELEM17': 1.0, 'ELEM18': 1.0, 'ELEM19': 1.0, 'ELEM20': 1.0, 'ELEM21': 1.0, 'ELEM22': 1.0, 'ELEM23': 1.0, 'ELEM24': 1.0, 'ELEM25': 1.0}
2025-02-24 16:55:30,144 - INFO -   Reference solution found:
2025-02-24 16:55:30,144 - INFO -     Solution: [0, 0, 1, 0, 1, 1, 0, 1]
2025-02-24 16:55:30,145 - INFO -     Value: 172.0
2025-02-24 16:55:30,145 - INFO - 
Running QAOA Reference Solution (with all constraints):
