
Problem information:
  Number of variables (n): 8
  Number of constraints (m): 25

Starting reference QAOA with parameters:
  sample_size (total shots): 500
Added all constraints
Found feasible solution: [0 1 0 1 1 0 0 0] with objective value 191.0
Found feasible solution: [1 0 1 0 0 1 0 0] with objective value 161.0
Found feasible solution:
  Solution: [1, 0, 1, 0, 0, 1, 0, 0]
  Value: 161.0
  QAOA solution found:
    Solution: [1, 0, 1, 0, 0, 1, 0, 0]
    Value: 161.0

Running Constraint Generation:

Problem information:
  Number of variables (n): 8
  Number of constraints (m): 25

Running classical reference solver:
  Reference solution found:
    Solution: [1, 0, 1, 0, 0, 1, 0, 0]
    Value: 161.0

Starting quantum constraint generation with parameters:
  sample_size (total shots): 500
  tau: 0.1
  max_iters: 1000

Iteration 0:
  No feasible solution found in this iteration
  Added 5 new constraints: [0, 11, 12, 13, 23]

Iteration 1:
Found feasible solution: [0 1 0 1 1 0 0 0] with objective value 191.0
  Found feasible solution:
    Solution: [0, 1, 0, 1, 1, 0, 0, 0]
    Value: 191.0
    Gap to reference: 18.63%
  Constraint generation solution found:
    Solution: [0, 1, 0, 1, 1, 0, 0, 0]
    Value: 191.0

Instance 89 results:
  Classical value: 161.0
  QAOA value: 161.0
  Constraint generation value: 191.0

Running instance 90/100

Running Classical Reference Solver (SCIP):
  Reference solution found:
    Solution: [0, 0, 1, 0, 1, 1, 0, 1]
    Value: 172.0

Running QAOA Reference Solution (with all constraints):
