2025-02-24 15:28:29,324 - INFO - 
Problem information:
2025-02-24 15:28:29,325 - INFO -   Number of variables (n): 12
2025-02-24 15:28:29,325 - INFO -   Number of constraints (m): 40
2025-02-24 15:28:29,325 - DEBUG -   Density of A: 19.79%
2025-02-24 15:28:29,325 - INFO - 
Starting reference QAOA with parameters:
2025-02-24 15:28:29,325 - INFO -   sample_size (total shots): 1000
2025-02-24 15:28:29,325 - INFO - Added all constraints
2025-02-24 15:28:29,325 - DEBUG - Generated Ising Hamiltonian
2025-02-24 15:28:29,524 - DEBUG - Optimizing QAOA circuit...
2025-02-24 15:28:33,334 - DEBUG - Circuit optimization successful
2025-02-24 15:28:33,334 - DEBUG - Circuit optimization successful, final value: 4405.783216783218
2025-02-24 15:28:33,334 - DEBUG - Sampling from optimized circuit...
2025-02-24 15:28:33,378 - DEBUG - Generated 676 unique samples from 1000 total measurements
2025-02-24 15:28:33,378 - DEBUG - 
Top 5 most frequent samples:
2025-02-24 15:28:33,378 - DEBUG -   Rank | Count |   %   
2025-02-24 15:28:33,378 - DEBUG -   -----|-------|-------
2025-02-24 15:28:33,379 - DEBUG -      1 |     9 |   0.9
2025-02-24 15:28:33,379 - DEBUG -     Sample: [1 1 1 0 1 0 1 0 1 0 0 1]
2025-02-24 15:28:33,379 - DEBUG -      2 |     8 |   0.8
2025-02-24 15:28:33,379 - DEBUG -     Sample: [1 0 1 1 0 0 0 0 1 0 1 0]
2025-02-24 15:28:33,379 - DEBUG -      3 |     8 |   0.8
2025-02-24 15:28:33,379 - DEBUG -     Sample: [1 1 1 1 1 0 1 0 1 0 1 0]
2025-02-24 15:28:33,380 - DEBUG -      4 |     8 |   0.8
2025-02-24 15:28:33,380 - DEBUG -     Sample: [1 0 0 0 0 0 0 1 1 0 1 1]
2025-02-24 15:28:33,380 - DEBUG -      5 |     8 |   0.8
2025-02-24 15:28:33,380 - DEBUG -     Sample: [0 0 1 0 0 0 0 0 1 0 1 0]
2025-02-24 15:28:33,381 - DEBUG - Generated 676 unique samples from 1000 total measurements
2025-02-24 15:28:33,393 - INFO - No feasible solution found
2025-02-24 15:28:33,394 - INFO -   QAOA solver found no feasible solution
2025-02-24 15:28:33,394 - INFO - 
Running Constraint Generation:
2025-02-24 15:28:33,396 - INFO - 
Problem information:
2025-02-24 15:28:33,396 - INFO -   Number of variables (n): 12
2025-02-24 15:28:33,396 - INFO -   Number of constraints (m): 40
2025-02-24 15:28:33,396 - DEBUG -   Density of A: 19.79%
2025-02-24 15:28:33,397 - INFO - 
Running classical reference solver:
2025-02-24 15:28:33,407 - INFO -   Reference solution found:
2025-02-24 15:28:33,408 - INFO -     Solution: [0, 0, 1, 1, 0, 0, 1, 0, 0, 0, 0, 1]
2025-02-24 15:28:33,408 - INFO -     Value: 158.0
2025-02-24 15:28:33,408 - INFO - 
Starting quantum constraint generation with parameters:
2025-02-24 15:28:33,408 - INFO -   sample_size (total shots): 1000
2025-02-24 15:28:33,408 - INFO -   tau: 0.1
2025-02-24 15:28:33,409 - INFO -   max_iters: 1000
2025-02-24 15:28:33,409 - INFO - 
Iteration 0:
2025-02-24 15:28:33,409 - DEBUG - Generated Ising Hamiltonian
2025-02-24 15:28:33,610 - DEBUG - Optimizing QAOA circuit...
2025-02-24 15:28:35,319 - DEBUG - Circuit optimization successful
2025-02-24 15:28:35,319 - DEBUG - Circuit optimization successful, final value: -125.77622377622377
2025-02-24 15:28:35,320 - DEBUG - Sampling from optimized circuit...
2025-02-24 15:28:35,341 - DEBUG - Generated 218 unique samples from 1000 total measurements
2025-02-24 15:28:35,342 - DEBUG - 
Top 5 most frequent samples:
2025-02-24 15:28:35,342 - DEBUG -   Rank | Count |   %   
2025-02-24 15:28:35,342 - DEBUG -   -----|-------|-------
2025-02-24 15:28:35,342 - DEBUG -      1 |    47 |   4.7
2025-02-24 15:28:35,342 - DEBUG -     Sample: [0 1 0 0 0 1 1 0 0 1 1 0]
2025-02-24 15:28:35,342 - DEBUG -      2 |    47 |   4.7
2025-02-24 15:28:35,343 - DEBUG -     Sample: [0 1 0 0 1 1 1 0 0 1 1 0]
2025-02-24 15:28:35,343 - DEBUG -      3 |    44 |   4.4
2025-02-24 15:28:35,343 - DEBUG -     Sample: [0 1 0 0 0 1 1 0 0 1 1 1]
2025-02-24 15:28:35,343 - DEBUG -      4 |    42 |   4.2
2025-02-24 15:28:35,343 - DEBUG -     Sample: [0 1 0 0 0 1 1 0 1 1 1 1]
2025-02-24 15:28:35,344 - DEBUG -      5 |    41 |   4.1
2025-02-24 15:28:35,344 - DEBUG -     Sample: [0 1 0 0 0 1 1 0 1 1 1 0]
2025-02-24 15:28:35,345 - DEBUG - Generated 218 unique samples from 1000 total measurements
2025-02-24 15:28:35,349 - INFO -   No feasible solution found in this iteration
2025-02-24 15:28:35,350 - INFO -   Added 1 new constraints: [32]
2025-02-24 15:28:35,350 - INFO - 
Iteration 1:
2025-02-24 15:28:35,351 - DEBUG - Generated Ising Hamiltonian
2025-02-24 15:28:35,620 - DEBUG - Optimizing QAOA circuit...
2025-02-24 15:28:37,785 - DEBUG - Circuit optimization successful
2025-02-24 15:28:37,786 - DEBUG - Circuit optimization successful, final value: -2790.534465534466
2025-02-24 15:28:37,786 - DEBUG - Sampling from optimized circuit...
2025-02-24 15:28:37,820 - DEBUG - Generated 614 unique samples from 1000 total measurements
2025-02-24 15:28:37,821 - DEBUG - 
Top 5 most frequent samples:
2025-02-24 15:28:37,821 - DEBUG -   Rank | Count |   %   
2025-02-24 15:28:37,821 - DEBUG -   -----|-------|-------
2025-02-24 15:28:37,821 - DEBUG -      1 |    12 |   1.2
2025-02-24 15:28:37,821 - DEBUG -     Sample: [1 1 0 1 0 0 0 1 0 0 0 0]
2025-02-24 15:28:37,822 - DEBUG -      2 |     8 |   0.8
2025-02-24 15:28:37,822 - DEBUG -     Sample: [0 1 0 1 0 0 0 1 0 0 0 0]
2025-02-24 15:28:37,822 - DEBUG -      3 |     8 |   0.8
2025-02-24 15:28:37,822 - DEBUG -     Sample: [1 1 0 1 0 1 0 1 0 0 0 0]
2025-02-24 15:28:37,822 - DEBUG -      4 |     7 |   0.7
2025-02-24 15:28:37,823 - DEBUG -     Sample: [1 1 0 1 1 0 0 1 0 0 1 1]
2025-02-24 15:28:37,823 - DEBUG -      5 |     6 |   0.6
2025-02-24 15:28:37,823 - DEBUG -     Sample: [1 1 0 1 0 0 0 1 0 1 0 0]
2025-02-24 15:28:37,825 - DEBUG - Generated 614 unique samples from 1000 total measurements
2025-02-24 15:28:37,836 - INFO -   No feasible solution found in this iteration
2025-02-24 15:28:37,837 - INFO -   Added 1 new constraints: [2]
2025-02-24 15:28:37,837 - INFO - 
Iteration 2:
2025-02-24 15:28:37,837 - DEBUG - Generated Ising Hamiltonian
2025-02-24 15:28:38,061 - DEBUG - Optimizing QAOA circuit...
2025-02-24 15:28:40,531 - DEBUG - Circuit optimization successful
2025-02-24 15:28:40,531 - DEBUG - Circuit optimization successful, final value: -9778.135864135864
2025-02-24 15:28:40,531 - DEBUG - Sampling from optimized circuit...
2025-02-24 15:28:40,563 - DEBUG - Generated 545 unique samples from 1000 total measurements
2025-02-24 15:28:40,564 - DEBUG - 
Top 5 most frequent samples:
2025-02-24 15:28:40,564 - DEBUG -   Rank | Count |   %   
2025-02-24 15:28:40,564 - DEBUG -   -----|-------|-------
2025-02-24 15:28:40,564 - DEBUG -      1 |    14 |   1.4
2025-02-24 15:28:40,564 - DEBUG -     Sample: [1 0 0 0 0 0 0 0 0 0 0 0]
2025-02-24 15:28:40,564 - DEBUG -      2 |    12 |   1.2
2025-02-24 15:28:40,565 - DEBUG -     Sample: [0 1 0 0 0 0 0 0 0 0 0 0]
2025-02-24 15:28:40,565 - DEBUG -      3 |    11 |   1.1
2025-02-24 15:28:40,565 - DEBUG -     Sample: [1 1 1 0 0 0 0 0 0 0 0 0]
2025-02-24 15:28:40,565 - DEBUG -      4 |    11 |   1.1
2025-02-24 15:28:40,565 - DEBUG -     Sample: [1 1 0 0 0 1 0 0 0 0 0 0]
2025-02-24 15:28:40,566 - DEBUG -      5 |    10 |   1.0
2025-02-24 15:28:40,566 - DEBUG -     Sample: [0 1 0 0 0 1 0 0 0 0 0 0]
2025-02-24 15:28:40,568 - DEBUG - Generated 545 unique samples from 1000 total measurements
2025-02-24 15:28:40,577 - INFO -   No feasible solution found in this iteration
2025-02-24 15:28:40,578 - INFO -   Added 4 new constraints: [11, 13, 37, 38]
2025-02-24 15:28:40,579 - INFO - 
Iteration 3:
2025-02-24 15:28:40,579 - DEBUG - Generated Ising Hamiltonian
2025-02-24 15:28:40,885 - DEBUG - Optimizing QAOA circuit...
2025-02-24 15:28:43,444 - DEBUG - Circuit optimization successful
2025-02-24 15:28:43,444 - DEBUG - Circuit optimization successful, final value: -21290.017982017976
2025-02-24 15:28:43,444 - DEBUG - Sampling from optimized circuit...
2025-02-24 15:28:43,469 - DEBUG - Generated 235 unique samples from 1000 total measurements
2025-02-24 15:28:43,470 - DEBUG - 
Top 5 most frequent samples:
2025-02-24 15:28:43,470 - DEBUG -   Rank | Count |   %   
2025-02-24 15:28:43,470 - DEBUG -   -----|-------|-------
2025-02-24 15:28:43,470 - DEBUG -      1 |    80 |   8.0
2025-02-24 15:28:43,470 - DEBUG -     Sample: [1 1 0 0 0 0 0 1 0 1 0 0]
2025-02-24 15:28:43,471 - DEBUG -      2 |    59 |   5.9
2025-02-24 15:28:43,471 - DEBUG -     Sample: [1 0 0 0 0 0 0 1 0 1 0 0]
2025-02-24 15:28:43,471 - DEBUG -      3 |    51 |   5.1
2025-02-24 15:28:43,471 - DEBUG -     Sample: [1 1 0 1 0 0 0 1 0 1 0 0]
2025-02-24 15:28:43,471 - DEBUG -      4 |    46 |   4.6
2025-02-24 15:28:43,471 - DEBUG -     Sample: [1 0 0 1 0 0 0 1 0 1 0 0]
2025-02-24 15:28:43,472 - DEBUG -      5 |    31 |   3.1
2025-02-24 15:28:43,472 - DEBUG -     Sample: [1 1 0 0 0 0 1 1 0 1 0 0]
2025-02-24 15:28:43,473 - DEBUG - Generated 235 unique samples from 1000 total measurements
2025-02-24 15:28:43,477 - INFO -   No feasible solution found in this iteration
2025-02-24 15:28:43,478 - INFO -   Added 1 new constraints: [36]
2025-02-24 15:28:43,478 - INFO - 
Iteration 4:
2025-02-24 15:28:43,478 - DEBUG - Generated Ising Hamiltonian
2025-02-24 15:28:43,688 - DEBUG - Optimizing QAOA circuit...
2025-02-24 15:28:45,988 - DEBUG - Circuit optimization successful
2025-02-24 15:28:45,988 - DEBUG - Circuit optimization successful, final value: 729.3736263736272
2025-02-24 15:28:45,988 - DEBUG - Sampling from optimized circuit...
2025-02-24 15:28:46,019 - DEBUG - Generated 431 unique samples from 1000 total measurements
2025-02-24 15:28:46,020 - DEBUG - 
Top 5 most frequent samples:
2025-02-24 15:28:46,020 - DEBUG -   Rank | Count |   %   
2025-02-24 15:28:46,020 - DEBUG -   -----|-------|-------
2025-02-24 15:28:46,020 - DEBUG -      1 |    28 |   2.8
2025-02-24 15:28:46,020 - DEBUG -     Sample: [0 0 1 1 0 0 0 0 1 0 1 0]
2025-02-24 15:28:46,020 - DEBUG -      2 |    21 |   2.1
2025-02-24 15:28:46,021 - DEBUG -     Sample: [1 0 1 0 0 0 0 0 1 0 1 0]
2025-02-24 15:28:46,021 - DEBUG -      3 |    18 |   1.8
2025-02-24 15:28:46,021 - DEBUG -     Sample: [0 0 1 1 0 0 0 0 1 0 0 1]
2025-02-24 15:28:46,021 - DEBUG -      4 |    18 |   1.8
2025-02-24 15:28:46,021 - DEBUG -     Sample: [0 0 1 1 1 0 0 0 1 0 1 0]
2025-02-24 15:28:46,021 - DEBUG -      5 |    17 |   1.7
2025-02-24 15:28:46,021 - DEBUG -     Sample: [0 0 1 0 0 0 0 0 1 0 0 1]
2025-02-24 15:28:46,023 - DEBUG - Generated 431 unique samples from 1000 total measurements
2025-02-24 15:28:46,031 - INFO -   No feasible solution found in this iteration
2025-02-24 15:28:46,032 - INFO -   No new constraints added, lowered tau multiplier: 1.0 -> 0.9
2025-02-24 15:28:46,032 - INFO -   Added 1 new constraints: [29]
2025-02-24 15:28:46,032 - INFO - 
Iteration 5:
2025-02-24 15:28:46,032 - DEBUG - Generated Ising Hamiltonian
2025-02-24 15:28:46,253 - DEBUG - Optimizing QAOA circuit...
2025-02-24 15:28:48,479 - DEBUG - Circuit optimization successful
2025-02-24 15:28:48,479 - DEBUG - Circuit optimization successful, final value: -7507.432567432567
2025-02-24 15:28:48,480 - DEBUG - Sampling from optimized circuit...
2025-02-24 15:28:48,527 - DEBUG - Generated 531 unique samples from 1000 total measurements
2025-02-24 15:28:48,527 - DEBUG - 
Top 5 most frequent samples:
2025-02-24 15:28:48,528 - DEBUG -   Rank | Count |   %   
2025-02-24 15:28:48,528 - DEBUG -   -----|-------|-------
2025-02-24 15:28:48,528 - DEBUG -      1 |    12 |   1.2
2025-02-24 15:28:48,529 - DEBUG -     Sample: [1 0 0 0 0 0 1 0 1 1 1 1]
2025-02-24 15:28:48,529 - DEBUG -      2 |    11 |   1.1
2025-02-24 15:28:48,529 - DEBUG -     Sample: [1 0 0 1 0 0 1 0 1 1 0 0]
2025-02-24 15:28:48,529 - DEBUG -      3 |     9 |   0.9
2025-02-24 15:28:48,530 - DEBUG -     Sample: [1 0 0 0 1 0 0 0 1 1 1 1]
2025-02-24 15:28:48,530 - DEBUG -      4 |     8 |   0.8
2025-02-24 15:28:48,530 - DEBUG -     Sample: [1 0 0 1 0 0 0 0 0 1 0 0]
2025-02-24 15:28:48,530 - DEBUG -      5 |     8 |   0.8
2025-02-24 15:28:48,530 - DEBUG -     Sample: [1 0 0 0 0 0 0 0 0 1 1 0]
2025-02-24 15:28:48,532 - DEBUG - Generated 531 unique samples from 1000 total measurements
2025-02-24 15:28:48,540 - INFO -   No feasible solution found in this iteration
2025-02-24 15:28:48,541 - INFO -   Added 2 new constraints: [18, 28]
2025-02-24 15:28:48,541 - INFO - 
Iteration 6:
2025-02-24 15:28:48,541 - DEBUG - Generated Ising Hamiltonian
2025-02-24 15:28:48,779 - DEBUG - Optimizing QAOA circuit...
2025-02-24 15:28:52,304 - DEBUG - Circuit optimization successful
2025-02-24 15:28:52,305 - DEBUG - Circuit optimization successful, final value: 11160.405594405596
2025-02-24 15:28:52,305 - DEBUG - Sampling from optimized circuit...
2025-02-24 15:28:52,342 - DEBUG - Generated 614 unique samples from 1000 total measurements
2025-02-24 15:28:52,346 - DEBUG - 
Top 5 most frequent samples:
2025-02-24 15:28:52,346 - DEBUG -   Rank | Count |   %   
2025-02-24 15:28:52,346 - DEBUG -   -----|-------|-------
2025-02-24 15:28:52,347 - DEBUG -      1 |    11 |   1.1
2025-02-24 15:28:52,347 - DEBUG -     Sample: [1 1 1 0 1 1 0 0 1 1 1 0]
2025-02-24 15:28:52,347 - DEBUG -      2 |    10 |   1.0
2025-02-24 15:28:52,347 - DEBUG -     Sample: [1 1 0 0 1 1 0 0 0 1 1 1]
2025-02-24 15:28:52,348 - DEBUG -      3 |    10 |   1.0
2025-02-24 15:28:52,348 - DEBUG -     Sample: [1 1 1 0 1 0 0 0 0 0 1 1]
2025-02-24 15:28:52,348 - DEBUG -      4 |    10 |   1.0
2025-02-24 15:28:52,348 - DEBUG -     Sample: [1 1 1 0 1 0 0 0 1 0 1 1]
2025-02-24 15:28:52,348 - DEBUG -      5 |     9 |   0.9
2025-02-24 15:28:52,348 - DEBUG -     Sample: [1 1 1 0 1 1 0 0 0 1 1 1]
2025-02-24 15:28:52,350 - DEBUG - Generated 614 unique samples from 1000 total measurements
2025-02-24 15:28:52,364 - INFO -   No feasible solution found in this iteration
2025-02-24 15:28:52,365 - INFO -   No new constraints added, lowered tau multiplier: 1.0 -> 0.9
2025-02-24 15:28:52,365 - INFO -   No new constraints added, lowered tau multiplier: 0.9 -> 0.8
2025-02-24 15:28:52,365 - INFO -   Added 4 new constraints: [1, 6, 15, 30]
2025-02-24 15:28:52,365 - INFO - 
Iteration 7:
2025-02-24 15:28:52,366 - DEBUG - Generated Ising Hamiltonian
2025-02-24 15:28:52,600 - DEBUG - Optimizing QAOA circuit...
2025-02-24 15:28:55,670 - DEBUG - Circuit optimization successful
2025-02-24 15:28:55,670 - DEBUG - Circuit optimization successful, final value: -4823.056943056942
2025-02-24 15:28:55,671 - DEBUG - Sampling from optimized circuit...
2025-02-24 15:28:55,709 - DEBUG - Generated 598 unique samples from 1000 total measurements
2025-02-24 15:28:55,709 - DEBUG - 
Top 5 most frequent samples:
2025-02-24 15:28:55,709 - DEBUG -   Rank | Count |   %   
2025-02-24 15:28:55,710 - DEBUG -   -----|-------|-------
2025-02-24 15:28:55,710 - DEBUG -      1 |    16 |   1.6
2025-02-24 15:28:55,710 - DEBUG -     Sample: [1 0 0 1 1 0 0 1 0 0 1 1]
2025-02-24 15:28:55,710 - DEBUG -      2 |    12 |   1.2
2025-02-24 15:28:55,711 - DEBUG -     Sample: [1 0 0 0 1 0 1 1 0 1 0 1]
2025-02-24 15:28:55,711 - DEBUG -      3 |    12 |   1.2
2025-02-24 15:28:55,711 - DEBUG -     Sample: [0 0 0 0 1 0 0 1 1 0 0 1]
2025-02-24 15:28:55,711 - DEBUG -      4 |    12 |   1.2
2025-02-24 15:28:55,712 - DEBUG -     Sample: [1 0 0 1 1 0 1 1 1 1 0 0]
2025-02-24 15:28:55,712 - DEBUG -      5 |    10 |   1.0
2025-02-24 15:28:55,712 - DEBUG -     Sample: [0 0 0 0 0 0 0 1 1 0 0 1]
2025-02-24 15:28:55,714 - DEBUG - Generated 598 unique samples from 1000 total measurements
2025-02-24 15:28:55,725 - INFO -   No feasible solution found in this iteration
2025-02-24 15:28:55,726 - INFO -   Added 2 new constraints: [0, 21]
2025-02-24 15:28:55,726 - INFO - 
Iteration 8:
2025-02-24 15:28:55,727 - DEBUG - Generated Ising Hamiltonian
2025-02-24 15:28:55,967 - DEBUG - Optimizing QAOA circuit...
2025-02-24 15:28:58,912 - DEBUG - Circuit optimization successful
2025-02-24 15:28:58,913 - DEBUG - Circuit optimization successful, final value: -13509.82617382617
2025-02-24 15:28:58,913 - DEBUG - Sampling from optimized circuit...
2025-02-24 15:28:58,949 - DEBUG - Generated 424 unique samples from 1000 total measurements
2025-02-24 15:28:58,949 - DEBUG - 
Top 5 most frequent samples:
2025-02-24 15:28:58,949 - DEBUG -   Rank | Count |   %   
2025-02-24 15:28:58,950 - DEBUG -   -----|-------|-------
2025-02-24 15:28:58,950 - DEBUG -      1 |    53 |   5.3
2025-02-24 15:28:58,950 - DEBUG -     Sample: [0 1 0 0 1 1 0 1 1 1 0 0]
2025-02-24 15:28:58,950 - DEBUG -      2 |    31 |   3.1
2025-02-24 15:28:58,951 - DEBUG -     Sample: [0 1 0 0 0 1 0 1 1 1 0 0]
2025-02-24 15:28:58,951 - DEBUG -      3 |    26 |   2.6
2025-02-24 15:28:58,951 - DEBUG -     Sample: [0 1 0 0 1 1 0 1 1 0 0 0]
2025-02-24 15:28:58,951 - DEBUG -      4 |    21 |   2.1
2025-02-24 15:28:58,951 - DEBUG -     Sample: [0 1 0 1 1 1 0 1 1 1 1 0]
2025-02-24 15:28:58,952 - DEBUG -      5 |    18 |   1.8
2025-02-24 15:28:58,952 - DEBUG -     Sample: [0 1 0 0 0 1 0 1 1 0 0 0]
2025-02-24 15:28:58,953 - DEBUG - Generated 424 unique samples from 1000 total measurements
2025-02-24 15:28:58,954 - INFO - Found feasible solution: [0 1 0 0 1 1 0 1 1 1 0 0] with objective value 366.0
2025-02-24 15:28:58,964 - INFO -   Found feasible solution:
2025-02-24 15:28:58,964 - INFO -     Solution: [0, 1, 0, 0, 1, 1, 0, 1, 1, 1, 0, 0]
2025-02-24 15:28:58,964 - INFO -     Value: 366.0
2025-02-24 15:28:58,964 - INFO -     Gap to reference: 131.65%
2025-02-24 15:28:58,965 - INFO -   Constraint generation solution found:
2025-02-24 15:28:58,965 - INFO -     Solution: [0, 1, 0, 0, 1, 1, 0, 1, 1, 1, 0, 0]
2025-02-24 15:28:58,965 - INFO -     Value: 366.0
2025-02-24 15:28:58,965 - INFO - 
Instance 18 results:
2025-02-24 15:28:58,965 - INFO -   Classical value: 158.0
2025-02-24 15:28:58,965 - INFO -   QAOA value: 0.0
2025-02-24 15:28:58,966 - INFO -   Constraint generation value: 366.0
2025-02-24 15:28:58,966 - INFO - 
Running instance 19/100
2025-02-24 15:28:58,968 - INFO - 
Running Classical Reference Solver (SCIP):
2025-02-24 15:28:58,970 - DEBUG - Problem dimensions: 40 constraints, 12 variables
2025-02-24 15:28:58,970 - DEBUG - Row names: ['ELEM1', 'ELEM2', 'ELEM3', 'ELEM4', 'ELEM5', 'ELEM6', 'ELEM7', 'ELEM8', 'ELEM9', 'ELEM10', 'ELEM11', 'ELEM12', 'ELEM13', 'ELEM14', 'ELEM15', 'ELEM16', 'ELEM17', 'ELEM18', 'ELEM19', 'ELEM20', 'ELEM21', 'ELEM22', 'ELEM23', 'ELEM24', 'ELEM25', 'ELEM26', 'ELEM27', 'ELEM28', 'ELEM29', 'ELEM30', 'ELEM31', 'ELEM32', 'ELEM33', 'ELEM34', 'ELEM35', 'ELEM36', 'ELEM37', 'ELEM38', 'ELEM39', 'ELEM40']
2025-02-24 15:28:58,970 - DEBUG - RHS values: {'ELEM1': 1.0, 'ELEM2': 1.0, 'ELEM3': 1.0, 'ELEM4': 1.0, 'ELEM5': 1.0, 'ELEM6': 1.0, 'ELEM7': 1.0, 'ELEM8': 1.0, 'ELEM9': 1.0, 'ELEM10': 1.0, 'ELEM11': 1.0, 'ELEM12': 1.0, 'ELEM13': 1.0, 'ELEM14': 1.0, 'ELEM15': 1.0, 'ELEM16': 1.0, 'ELEM17': 1.0, 'ELEM18': 1.0, 'ELEM19': 1.0, 'ELEM20': 1.0, 'ELEM21': 1.0, 'ELEM22': 1.0, 'ELEM23': 1.0, 'ELEM24': 1.0, 'ELEM25': 1.0, 'ELEM26': 1.0, 'ELEM27': 1.0, 'ELEM28': 1.0, 'ELEM29': 1.0, 'ELEM30': 1.0, 'ELEM31': 1.0, 'ELEM32': 1.0, 'ELEM33': 1.0, 'ELEM34': 1.0, 'ELEM35': 1.0, 'ELEM36': 1.0, 'ELEM37': 1.0, 'ELEM38': 1.0, 'ELEM39': 1.0, 'ELEM40': 1.0}
2025-02-24 15:28:58,985 - INFO -   Reference solution found:
2025-02-24 15:28:58,986 - INFO -     Solution: [0, 0, 1, 0, 0, 1, 0, 0, 1, 0, 0, 0]
2025-02-24 15:28:58,986 - INFO -     Value: 57.0
2025-02-24 15:28:58,986 - INFO - 
Running QAOA Reference Solution (with all constraints):
