
Problem information:
  Number of variables (n): 12
  Number of constraints (m): 40

Starting reference QAOA with parameters:
  sample_size (total shots): 1000
Added all constraints
No feasible solution found
  QAOA solver found no feasible solution

Running Constraint Generation:

Problem information:
  Number of variables (n): 12
  Number of constraints (m): 40

Running classical reference solver:
  Reference solution found:
    Solution: [0, 0, 1, 1, 0, 0, 1, 0, 0, 0, 0, 1]
    Value: 158.0

Starting quantum constraint generation with parameters:
  sample_size (total shots): 1000
  tau: 0.1
  max_iters: 1000

Iteration 0:
  No feasible solution found in this iteration
  Added 1 new constraints: [32]

Iteration 1:
  No feasible solution found in this iteration
  Added 1 new constraints: [2]

Iteration 2:
  No feasible solution found in this iteration
  Added 4 new constraints: [11, 13, 37, 38]

Iteration 3:
  No feasible solution found in this iteration
  Added 1 new constraints: [36]

Iteration 4:
  No feasible solution found in this iteration
  No new constraints added, lowered tau multiplier: 1.0 -> 0.9
  Added 1 new constraints: [29]

Iteration 5:
  No feasible solution found in this iteration
  Added 2 new constraints: [18, 28]

Iteration 6:
  No feasible solution found in this iteration
  No new constraints added, lowered tau multiplier: 1.0 -> 0.9
  No new constraints added, lowered tau multiplier: 0.9 -> 0.8
  Added 4 new constraints: [1, 6, 15, 30]

Iteration 7:
  No feasible solution found in this iteration
  Added 2 new constraints: [0, 21]

Iteration 8:
Found feasible solution: [0 1 0 0 1 1 0 1 1 1 0 0] with objective value 366.0
  Found feasible solution:
    Solution: [0, 1, 0, 0, 1, 1, 0, 1, 1, 1, 0, 0]
    Value: 366.0
    Gap to reference: 131.65%
  Constraint generation solution found:
    Solution: [0, 1, 0, 0, 1, 1, 0, 1, 1, 1, 0, 0]
    Value: 366.0

Instance 18 results:
  Classical value: 158.0
  QAOA value: 0.0
  Constraint generation value: 366.0

Running instance 19/100

Running Classical Reference Solver (SCIP):
  Reference solution found:
    Solution: [0, 0, 1, 0, 0, 1, 0, 0, 1, 0, 0, 0]
    Value: 57.0

Running QAOA Reference Solution (with all constraints):
