2025-02-23 18:52:00,863 - INFO - 
Problem information:
2025-02-23 18:52:00,863 - INFO -   Number of variables (n): 10
2025-02-23 18:52:00,863 - INFO -   Number of constraints (m): 20
2025-02-23 18:52:00,863 - DEBUG -   Density of A: 50.00%
2025-02-23 18:52:00,863 - INFO - 
Starting reference QAOA with parameters:
2025-02-23 18:52:00,863 - INFO -   sample_size (total shots): 100
2025-02-23 18:52:00,864 - INFO - Added all constraints
2025-02-23 18:52:00,864 - DEBUG - Generated Ising Hamiltonian
2025-02-23 18:52:01,084 - DEBUG - Optimizing QAOA circuit...
2025-02-23 18:52:03,045 - DEBUG - Circuit optimization successful
2025-02-23 18:52:03,046 - DEBUG - Circuit optimization successful, final value: -33417.728271728265
2025-02-23 18:52:03,046 - DEBUG - Sampling from optimized circuit...
2025-02-23 18:52:03,060 - DEBUG - Generated 96 unique samples from 100 total measurements
2025-02-23 18:52:03,060 - DEBUG - 
Top 5 most frequent samples:
2025-02-23 18:52:03,060 - DEBUG -   Rank | Count |   %   
2025-02-23 18:52:03,060 - DEBUG -   -----|-------|-------
2025-02-23 18:52:03,060 - DEBUG -      1 |     2 |   2.0
2025-02-23 18:52:03,060 - DEBUG -     Sample: [1 0 1 0 1 1 1 1 0 1]
2025-02-23 18:52:03,061 - DEBUG -      2 |     2 |   2.0
2025-02-23 18:52:03,061 - DEBUG -     Sample: [1 1 0 0 1 0 0 1 0 0]
2025-02-23 18:52:03,061 - DEBUG -      3 |     2 |   2.0
2025-02-23 18:52:03,061 - DEBUG -     Sample: [0 1 0 1 0 1 0 1 0 0]
2025-02-23 18:52:03,061 - DEBUG -      4 |     2 |   2.0
2025-02-23 18:52:03,061 - DEBUG -     Sample: [0 0 0 0 1 1 1 0 1 0]
2025-02-23 18:52:03,062 - DEBUG -      5 |     1 |   1.0
2025-02-23 18:52:03,062 - DEBUG -     Sample: [1 1 0 1 1 1 0 0 0 0]
2025-02-23 18:52:03,062 - DEBUG - Generated 96 unique samples from 100 total measurements
2025-02-23 18:52:03,064 - INFO - No feasible solution found
2025-02-23 18:52:03,064 - INFO -   QAOA solver found no feasible solution
2025-02-23 18:52:03,064 - INFO - 
Running Constraint Generation:
2025-02-23 18:52:03,066 - INFO - 
Problem information:
2025-02-23 18:52:03,066 - INFO -   Number of variables (n): 10
2025-02-23 18:52:03,066 - INFO -   Number of constraints (m): 20
2025-02-23 18:52:03,066 - DEBUG -   Density of A: 50.00%
2025-02-23 18:52:03,066 - INFO - 
Running classical reference solver:
2025-02-23 18:52:03,079 - INFO -   Reference solution found:
2025-02-23 18:52:03,079 - INFO -     Solution: [1, 0, 0, 0, 0, 0, 0, 0, 0, 1]
2025-02-23 18:52:03,079 - INFO -     Value: 47.0
2025-02-23 18:52:03,079 - INFO - 
Starting quantum constraint generation with parameters:
2025-02-23 18:52:03,079 - INFO -   sample_size (total shots): 100
2025-02-23 18:52:03,080 - INFO -   tau: 0.1
2025-02-23 18:52:03,080 - INFO -   max_iters: 1000
2025-02-23 18:52:03,080 - INFO - 
Iteration 0:
2025-02-23 18:52:03,080 - DEBUG - Generated Ising Hamiltonian
2025-02-23 18:52:03,346 - DEBUG - Optimizing QAOA circuit...
2025-02-23 18:52:04,278 - DEBUG - Circuit optimization successful
2025-02-23 18:52:04,278 - DEBUG - Circuit optimization successful, final value: -107.00399600399601
2025-02-23 18:52:04,279 - DEBUG - Sampling from optimized circuit...
2025-02-23 18:52:04,288 - DEBUG - Generated 41 unique samples from 100 total measurements
2025-02-23 18:52:04,288 - DEBUG - 
Top 5 most frequent samples:
2025-02-23 18:52:04,288 - DEBUG -   Rank | Count |   %   
2025-02-23 18:52:04,289 - DEBUG -   -----|-------|-------
2025-02-23 18:52:04,289 - DEBUG -      1 |    14 |  14.0
2025-02-23 18:52:04,289 - DEBUG -     Sample: [0 0 0 1 1 1 0 1 1 0]
2025-02-23 18:52:04,289 - DEBUG -      2 |    13 |  13.0
2025-02-23 18:52:04,289 - DEBUG -     Sample: [0 0 1 1 1 1 0 1 1 0]
2025-02-23 18:52:04,289 - DEBUG -      3 |     7 |   7.0
2025-02-23 18:52:04,289 - DEBUG -     Sample: [0 0 0 1 1 1 1 1 1 0]
2025-02-23 18:52:04,290 - DEBUG -      4 |     6 |   6.0
2025-02-23 18:52:04,290 - DEBUG -     Sample: [0 0 0 1 0 1 0 1 1 0]
2025-02-23 18:52:04,290 - DEBUG -      5 |     6 |   6.0
2025-02-23 18:52:04,290 - DEBUG -     Sample: [0 0 0 1 1 1 0 1 1 1]
2025-02-23 18:52:04,290 - DEBUG - Generated 41 unique samples from 100 total measurements
2025-02-23 18:52:04,291 - INFO -   No feasible solution found in this iteration
2025-02-23 18:52:04,292 - INFO -   Added 1 new constraints: [4]
2025-02-23 18:52:04,292 - INFO - 
Iteration 1:
2025-02-23 18:52:04,293 - DEBUG - Generated Ising Hamiltonian
2025-02-23 18:52:04,493 - DEBUG - Optimizing QAOA circuit...
2025-02-23 18:52:05,532 - DEBUG - Circuit optimization successful
2025-02-23 18:52:05,533 - DEBUG - Circuit optimization successful, final value: -3470.2062937062933
2025-02-23 18:52:05,533 - DEBUG - Sampling from optimized circuit...
2025-02-23 18:52:05,545 - DEBUG - Generated 63 unique samples from 100 total measurements
2025-02-23 18:52:05,545 - DEBUG - 
Top 5 most frequent samples:
2025-02-23 18:52:05,545 - DEBUG -   Rank | Count |   %   
2025-02-23 18:52:05,545 - DEBUG -   -----|-------|-------
2025-02-23 18:52:05,545 - DEBUG -      1 |     7 |   7.0
2025-02-23 18:52:05,546 - DEBUG -     Sample: [1 1 1 0 0 0 1 0 0 1]
2025-02-23 18:52:05,546 - DEBUG -      2 |     6 |   6.0
2025-02-23 18:52:05,546 - DEBUG -     Sample: [0 1 1 0 0 0 1 0 1 1]
2025-02-23 18:52:05,546 - DEBUG -      3 |     4 |   4.0
2025-02-23 18:52:05,546 - DEBUG -     Sample: [1 1 0 0 0 0 1 0 0 1]
2025-02-23 18:52:05,547 - DEBUG -      4 |     4 |   4.0
2025-02-23 18:52:05,547 - DEBUG -     Sample: [1 1 1 0 0 0 1 0 1 0]
2025-02-23 18:52:05,547 - DEBUG -      5 |     4 |   4.0
2025-02-23 18:52:05,547 - DEBUG -     Sample: [1 1 1 0 0 0 1 0 1 1]
2025-02-23 18:52:05,547 - DEBUG - Generated 63 unique samples from 100 total measurements
2025-02-23 18:52:05,549 - INFO -   No feasible solution found in this iteration
2025-02-23 18:52:05,549 - INFO -   Added 1 new constraints: [13]
2025-02-23 18:52:05,549 - INFO - 
Iteration 2:
2025-02-23 18:52:05,550 - DEBUG - Generated Ising Hamiltonian
2025-02-23 18:52:05,743 - DEBUG - Optimizing QAOA circuit...
2025-02-23 18:52:07,023 - DEBUG - Circuit optimization successful
2025-02-23 18:52:07,023 - DEBUG - Circuit optimization successful, final value: -1646.3316683316684
2025-02-23 18:52:07,023 - DEBUG - Sampling from optimized circuit...
2025-02-23 18:52:07,034 - DEBUG - Generated 94 unique samples from 100 total measurements
2025-02-23 18:52:07,035 - DEBUG - 
Top 5 most frequent samples:
2025-02-23 18:52:07,035 - DEBUG -   Rank | Count |   %   
2025-02-23 18:52:07,035 - DEBUG -   -----|-------|-------
2025-02-23 18:52:07,035 - DEBUG -      1 |     3 |   3.0
2025-02-23 18:52:07,035 - DEBUG -     Sample: [0 0 0 1 0 0 1 0 0 1]
2025-02-23 18:52:07,035 - DEBUG -      2 |     2 |   2.0
2025-02-23 18:52:07,036 - DEBUG -     Sample: [0 1 1 0 0 1 0 1 0 1]
2025-02-23 18:52:07,036 - DEBUG -      3 |     2 |   2.0
2025-02-23 18:52:07,036 - DEBUG -     Sample: [0 0 0 1 0 1 1 1 0 1]
2025-02-23 18:52:07,036 - DEBUG -      4 |     2 |   2.0
2025-02-23 18:52:07,036 - DEBUG -     Sample: [0 0 0 1 0 1 0 1 1 1]
2025-02-23 18:52:07,036 - DEBUG -      5 |     2 |   2.0
2025-02-23 18:52:07,037 - DEBUG -     Sample: [0 1 1 1 0 0 0 0 0 1]
2025-02-23 18:52:07,037 - DEBUG - Generated 94 unique samples from 100 total measurements
2025-02-23 18:52:07,039 - INFO -   No feasible solution found in this iteration
2025-02-23 18:52:07,039 - INFO -   Added 2 new constraints: [1, 17]
2025-02-23 18:52:07,039 - INFO - 
Iteration 3:
2025-02-23 18:52:07,040 - DEBUG - Generated Ising Hamiltonian
2025-02-23 18:52:07,241 - DEBUG - Optimizing QAOA circuit...
2025-02-23 18:52:08,733 - DEBUG - Circuit optimization successful
2025-02-23 18:52:08,733 - DEBUG - Circuit optimization successful, final value: -2774.879120879121
2025-02-23 18:52:08,733 - DEBUG - Sampling from optimized circuit...
2025-02-23 18:52:08,747 - DEBUG - Generated 97 unique samples from 100 total measurements
2025-02-23 18:52:08,747 - DEBUG - 
Top 5 most frequent samples:
2025-02-23 18:52:08,747 - DEBUG -   Rank | Count |   %   
2025-02-23 18:52:08,747 - DEBUG -   -----|-------|-------
2025-02-23 18:52:08,748 - DEBUG -      1 |     2 |   2.0
2025-02-23 18:52:08,748 - DEBUG -     Sample: [0 0 0 0 1 0 0 1 0 1]
2025-02-23 18:52:08,748 - DEBUG -      2 |     2 |   2.0
2025-02-23 18:52:08,748 - DEBUG -     Sample: [0 0 0 1 0 1 0 0 1 1]
2025-02-23 18:52:08,748 - DEBUG -      3 |     2 |   2.0
2025-02-23 18:52:08,749 - DEBUG -     Sample: [0 0 0 1 0 1 1 0 1 1]
2025-02-23 18:52:08,749 - DEBUG -      4 |     1 |   1.0
2025-02-23 18:52:08,749 - DEBUG -     Sample: [0 1 0 1 0 1 0 1 0 1]
2025-02-23 18:52:08,749 - DEBUG -      5 |     1 |   1.0
2025-02-23 18:52:08,749 - DEBUG -     Sample: [1 0 1 1 0 1 1 0 0 0]
2025-02-23 18:52:08,750 - DEBUG - Generated 97 unique samples from 100 total measurements
2025-02-23 18:52:08,752 - INFO -   No feasible solution found in this iteration
2025-02-23 18:52:08,752 - INFO -   No new constraints added, lowered tau multiplier: 1.0 -> 0.9
2025-02-23 18:52:08,752 - INFO -   Added 13 new constraints: [0, 2, 3, 5, 6, 7, 8, 10, 11, 12, 14, 16, 18]
2025-02-23 18:52:08,752 - INFO - 
Iteration 4:
2025-02-23 18:52:08,753 - DEBUG - Generated Ising Hamiltonian
2025-02-23 18:52:08,963 - DEBUG - Optimizing QAOA circuit...
2025-02-23 18:52:10,509 - DEBUG - Circuit optimization successful
2025-02-23 18:52:10,510 - DEBUG - Circuit optimization successful, final value: 3931.747752247753
2025-02-23 18:52:10,510 - DEBUG - Sampling from optimized circuit...
2025-02-23 18:52:10,523 - DEBUG - Generated 95 unique samples from 100 total measurements
2025-02-23 18:52:10,524 - DEBUG - 
Top 5 most frequent samples:
2025-02-23 18:52:10,524 - DEBUG -   Rank | Count |   %   
2025-02-23 18:52:10,524 - DEBUG -   -----|-------|-------
2025-02-23 18:52:10,524 - DEBUG -      1 |     2 |   2.0
2025-02-23 18:52:10,524 - DEBUG -     Sample: [1 0 0 0 1 1 1 0 0 1]
2025-02-23 18:52:10,524 - DEBUG -      2 |     2 |   2.0
2025-02-23 18:52:10,524 - DEBUG -     Sample: [1 1 0 1 0 0 1 0 1 0]
2025-02-23 18:52:10,525 - DEBUG -      3 |     2 |   2.0
2025-02-23 18:52:10,525 - DEBUG -     Sample: [1 0 0 1 1 1 1 0 1 1]
2025-02-23 18:52:10,525 - DEBUG -      4 |     2 |   2.0
2025-02-23 18:52:10,525 - DEBUG -     Sample: [1 0 1 0 1 0 1 0 0 0]
2025-02-23 18:52:10,525 - DEBUG -      5 |     2 |   2.0
2025-02-23 18:52:10,526 - DEBUG -     Sample: [0 0 1 1 1 0 0 1 1 0]
2025-02-23 18:52:10,526 - DEBUG - Generated 95 unique samples from 100 total measurements
2025-02-23 18:52:10,528 - INFO -   No feasible solution found in this iteration
2025-02-23 18:52:10,528 - INFO -   No new constraints added, lowered tau multiplier: 1.0 -> 0.9
2025-02-23 18:52:10,528 - INFO -   Added 2 new constraints: [9, 15]
2025-02-23 18:52:10,528 - INFO - 
Iteration 5:
2025-02-23 18:52:10,529 - DEBUG - Generated Ising Hamiltonian
2025-02-23 18:52:10,745 - DEBUG - Optimizing QAOA circuit...
2025-02-23 18:52:12,387 - DEBUG - Circuit optimization successful
2025-02-23 18:52:12,387 - DEBUG - Circuit optimization successful, final value: 2829.706793206794
2025-02-23 18:52:12,387 - DEBUG - Sampling from optimized circuit...
2025-02-23 18:52:12,401 - DEBUG - Generated 90 unique samples from 100 total measurements
2025-02-23 18:52:12,401 - DEBUG - 
Top 5 most frequent samples:
2025-02-23 18:52:12,401 - DEBUG -   Rank | Count |   %   
2025-02-23 18:52:12,401 - DEBUG -   -----|-------|-------
2025-02-23 18:52:12,401 - DEBUG -      1 |     3 |   3.0
2025-02-23 18:52:12,402 - DEBUG -     Sample: [1 0 0 1 0 0 1 0 1 0]
2025-02-23 18:52:12,402 - DEBUG -      2 |     2 |   2.0
2025-02-23 18:52:12,402 - DEBUG -     Sample: [1 1 1 1 1 1 0 1 0 0]
2025-02-23 18:52:12,402 - DEBUG -      3 |     2 |   2.0
2025-02-23 18:52:12,402 - DEBUG -     Sample: [0 1 0 1 0 0 0 1 0 0]
2025-02-23 18:52:12,402 - DEBUG -      4 |     2 |   2.0
2025-02-23 18:52:12,402 - DEBUG -     Sample: [0 1 0 1 1 0 1 0 1 1]
2025-02-23 18:52:12,403 - DEBUG -      5 |     2 |   2.0
2025-02-23 18:52:12,403 - DEBUG -     Sample: [0 0 1 0 0 0 1 1 0 0]
2025-02-23 18:52:12,403 - DEBUG - Generated 90 unique samples from 100 total measurements
2025-02-23 18:52:12,405 - INFO -   No feasible solution found in this iteration
2025-02-23 18:52:12,405 - INFO -   No new constraints added, lowered tau multiplier: 1.0 -> 0.9
2025-02-23 18:52:12,405 - INFO -   Added 1 new constraints: [19]
2025-02-23 18:52:12,405 - INFO - 
Iteration 6:
2025-02-23 18:52:12,406 - DEBUG - Generated Ising Hamiltonian
2025-02-23 18:52:12,611 - DEBUG - Optimizing QAOA circuit...
2025-02-23 18:52:14,420 - DEBUG - Circuit optimization successful
2025-02-23 18:52:14,420 - DEBUG - Circuit optimization successful, final value: -3421.7352647352645
2025-02-23 18:52:14,421 - DEBUG - Sampling from optimized circuit...
2025-02-23 18:52:14,434 - DEBUG - Generated 94 unique samples from 100 total measurements
2025-02-23 18:52:14,434 - DEBUG - 
Top 5 most frequent samples:
2025-02-23 18:52:14,434 - DEBUG -   Rank | Count |   %   
2025-02-23 18:52:14,435 - DEBUG -   -----|-------|-------
2025-02-23 18:52:14,435 - DEBUG -      1 |     2 |   2.0
2025-02-23 18:52:14,435 - DEBUG -     Sample: [1 0 1 1 1 0 1 1 1 1]
2025-02-23 18:52:14,436 - DEBUG -      2 |     2 |   2.0
2025-02-23 18:52:14,436 - DEBUG -     Sample: [1 1 0 0 1 0 1 1 1 0]
2025-02-23 18:52:14,436 - DEBUG -      3 |     2 |   2.0
2025-02-23 18:52:14,436 - DEBUG -     Sample: [1 0 1 1 1 1 0 0 0 0]
2025-02-23 18:52:14,437 - DEBUG -      4 |     2 |   2.0
2025-02-23 18:52:14,437 - DEBUG -     Sample: [0 1 0 1 0 1 0 0 1 1]
2025-02-23 18:52:14,437 - DEBUG -      5 |     2 |   2.0
2025-02-23 18:52:14,437 - DEBUG -     Sample: [0 0 0 0 0 1 0 0 1 1]
2025-02-23 18:52:14,438 - DEBUG - Generated 94 unique samples from 100 total measurements
2025-02-23 18:52:14,439 - INFO -   No feasible solution found in this iteration
2025-02-23 18:52:14,440 - INFO -   All constraints added, exiting
2025-02-23 18:52:14,440 - INFO -   Constraint generation found no feasible solution
2025-02-23 18:52:14,440 - INFO - 
Instance 68 results:
2025-02-23 18:52:14,440 - INFO -   Classical value: 47.0
2025-02-23 18:52:14,440 - INFO -   QAOA value: 0.0
2025-02-23 18:52:14,441 - INFO -   Constraint generation value: 0.0
2025-02-23 18:52:14,441 - INFO - 
Running instance 69/100
2025-02-23 18:52:14,443 - INFO - 
Running Classical Reference Solver (SCIP):
2025-02-23 18:52:14,444 - DEBUG - Problem dimensions: 20 constraints, 10 variables
2025-02-23 18:52:14,444 - DEBUG - Row names: ['ELEM1', 'ELEM2', 'ELEM3', 'ELEM4', 'ELEM5', 'ELEM6', 'ELEM7', 'ELEM8', 'ELEM9', 'ELEM10', 'ELEM11', 'ELEM12', 'ELEM13', 'ELEM14', 'ELEM15', 'ELEM16', 'ELEM17', 'ELEM18', 'ELEM19', 'ELEM20']
2025-02-23 18:52:14,444 - DEBUG - RHS values: {'ELEM1': 1.0, 'ELEM2': 1.0, 'ELEM3': 1.0, 'ELEM4': 1.0, 'ELEM5': 1.0, 'ELEM6': 1.0, 'ELEM7': 1.0, 'ELEM8': 1.0, 'ELEM9': 1.0, 'ELEM10': 1.0, 'ELEM11': 1.0, 'ELEM12': 1.0, 'ELEM13': 1.0, 'ELEM14': 1.0, 'ELEM15': 1.0, 'ELEM16': 1.0, 'ELEM17': 1.0, 'ELEM18': 1.0, 'ELEM19': 1.0, 'ELEM20': 1.0}
2025-02-23 18:52:14,454 - INFO -   Reference solution found:
2025-02-23 18:52:14,454 - INFO -     Solution: [0, 0, 0, 0, 0, 0, 1, 1, 0, 0]
2025-02-23 18:52:14,454 - INFO -     Value: 52.0
2025-02-23 18:52:14,454 - INFO - 
Running QAOA Reference Solution (with all constraints):
