
Problem information:
  Number of variables (n): 10
  Number of constraints (m): 20

Starting reference QAOA with parameters:
  sample_size (total shots): 100
Added all constraints
No feasible solution found
  QAOA solver found no feasible solution

Running Constraint Generation:

Problem information:
  Number of variables (n): 10
  Number of constraints (m): 20

Running classical reference solver:
  Reference solution found:
    Solution: [1, 0, 0, 0, 0, 0, 0, 0, 0, 1]
    Value: 47.0

Starting quantum constraint generation with parameters:
  sample_size (total shots): 100
  tau: 0.1
  max_iters: 1000

Iteration 0:
  No feasible solution found in this iteration
  Added 1 new constraints: [4]

Iteration 1:
  No feasible solution found in this iteration
  Added 1 new constraints: [13]

Iteration 2:
  No feasible solution found in this iteration
  Added 2 new constraints: [1, 17]

Iteration 3:
  No feasible solution found in this iteration
  No new constraints added, lowered tau multiplier: 1.0 -> 0.9
  Added 13 new constraints: [0, 2, 3, 5, 6, 7, 8, 10, 11, 12, 14, 16, 18]

Iteration 4:
  No feasible solution found in this iteration
  No new constraints added, lowered tau multiplier: 1.0 -> 0.9
  Added 2 new constraints: [9, 15]

Iteration 5:
  No feasible solution found in this iteration
  No new constraints added, lowered tau multiplier: 1.0 -> 0.9
  Added 1 new constraints: [19]

Iteration 6:
  No feasible solution found in this iteration
  All constraints added, exiting
  Constraint generation found no feasible solution

Instance 68 results:
  Classical value: 47.0
  QAOA value: 0.0
  Constraint generation value: 0.0

Running instance 69/100

Running Classical Reference Solver (SCIP):
  Reference solution found:
    Solution: [0, 0, 0, 0, 0, 0, 1, 1, 0, 0]
    Value: 52.0

Running QAOA Reference Solution (with all constraints):
