2025-02-24 15:33:52,203 - INFO - 
Problem information:
2025-02-24 15:33:52,203 - INFO -   Number of variables (n): 12
2025-02-24 15:33:52,204 - INFO -   Number of constraints (m): 40
2025-02-24 15:33:52,204 - DEBUG -   Density of A: 19.58%
2025-02-24 15:33:52,204 - INFO - 
Starting reference QAOA with parameters:
2025-02-24 15:33:52,204 - INFO -   sample_size (total shots): 1000
2025-02-24 15:33:52,204 - INFO - Added all constraints
2025-02-24 15:33:52,204 - DEBUG - Generated Ising Hamiltonian
2025-02-24 15:33:52,468 - DEBUG - Optimizing QAOA circuit...
2025-02-24 15:33:55,956 - DEBUG - Circuit optimization successful
2025-02-24 15:33:55,957 - DEBUG - Circuit optimization successful, final value: 17559.746253746256
2025-02-24 15:33:55,957 - DEBUG - Sampling from optimized circuit...
2025-02-24 15:33:55,996 - DEBUG - Generated 585 unique samples from 1000 total measurements
2025-02-24 15:33:55,996 - DEBUG - 
Top 5 most frequent samples:
2025-02-24 15:33:55,996 - DEBUG -   Rank | Count |   %   
2025-02-24 15:33:55,996 - DEBUG -   -----|-------|-------
2025-02-24 15:33:55,996 - DEBUG -      1 |    16 |   1.6
2025-02-24 15:33:55,997 - DEBUG -     Sample: [0 1 1 1 1 0 1 0 0 1 0 1]
2025-02-24 15:33:55,997 - DEBUG -      2 |    14 |   1.4
2025-02-24 15:33:55,997 - DEBUG -     Sample: [1 1 1 1 1 0 1 0 1 1 1 1]
2025-02-24 15:33:55,997 - DEBUG -      3 |     9 |   0.9
2025-02-24 15:33:55,997 - DEBUG -     Sample: [0 1 1 1 1 1 0 0 1 1 1 1]
2025-02-24 15:33:55,997 - DEBUG -      4 |     9 |   0.9
2025-02-24 15:33:55,998 - DEBUG -     Sample: [0 1 0 1 1 1 1 0 0 0 0 0]
2025-02-24 15:33:55,998 - DEBUG -      5 |     8 |   0.8
2025-02-24 15:33:55,998 - DEBUG -     Sample: [1 1 1 1 1 0 1 0 1 0 1 0]
2025-02-24 15:33:55,999 - DEBUG - Generated 585 unique samples from 1000 total measurements
2025-02-24 15:33:56,001 - INFO - Found feasible solution: [0 1 0 1 1 0 1 0 0 1 0 1] with objective value 406.0
2025-02-24 15:33:56,010 - INFO - Found feasible solution:
2025-02-24 15:33:56,010 - INFO -   Solution: [0, 1, 0, 1, 1, 0, 1, 0, 0, 1, 0, 1]
2025-02-24 15:33:56,010 - INFO -   Value: 406.0
2025-02-24 15:33:56,011 - INFO -   QAOA solution found:
2025-02-24 15:33:56,011 - INFO -     Solution: [0, 1, 0, 1, 1, 0, 1, 0, 0, 1, 0, 1]
2025-02-24 15:33:56,011 - INFO -     Value: 406.0
2025-02-24 15:33:56,011 - INFO - 
Running Constraint Generation:
2025-02-24 15:33:56,013 - INFO - 
Problem information:
2025-02-24 15:33:56,013 - INFO -   Number of variables (n): 12
2025-02-24 15:33:56,013 - INFO -   Number of constraints (m): 40
2025-02-24 15:33:56,013 - DEBUG -   Density of A: 19.58%
2025-02-24 15:33:56,013 - INFO - 
Running classical reference solver:
2025-02-24 15:33:56,024 - INFO -   Reference solution found:
2025-02-24 15:33:56,024 - INFO -     Solution: [0, 0, 0, 0, 0, 1, 0, 1, 1, 0, 1, 0]
2025-02-24 15:33:56,024 - INFO -     Value: 251.0
2025-02-24 15:33:56,024 - INFO - 
Starting quantum constraint generation with parameters:
2025-02-24 15:33:56,024 - INFO -   sample_size (total shots): 1000
2025-02-24 15:33:56,024 - INFO -   tau: 0.1
2025-02-24 15:33:56,025 - INFO -   max_iters: 1000
2025-02-24 15:33:56,025 - INFO - 
Iteration 0:
2025-02-24 15:33:56,025 - DEBUG - Generated Ising Hamiltonian
2025-02-24 15:33:56,243 - DEBUG - Optimizing QAOA circuit...
2025-02-24 15:33:57,912 - DEBUG - Circuit optimization successful
2025-02-24 15:33:57,912 - DEBUG - Circuit optimization successful, final value: -565.1388611388612
2025-02-24 15:33:57,912 - DEBUG - Sampling from optimized circuit...
2025-02-24 15:33:57,934 - DEBUG - Generated 204 unique samples from 1000 total measurements
2025-02-24 15:33:57,934 - DEBUG - 
Top 5 most frequent samples:
2025-02-24 15:33:57,934 - DEBUG -   Rank | Count |   %   
2025-02-24 15:33:57,934 - DEBUG -   -----|-------|-------
2025-02-24 15:33:57,935 - DEBUG -      1 |   122 |  12.2
2025-02-24 15:33:57,935 - DEBUG -     Sample: [1 1 1 1 1 1 1 1 0 1 1 0]
2025-02-24 15:33:57,935 - DEBUG -      2 |    80 |   8.0
2025-02-24 15:33:57,935 - DEBUG -     Sample: [1 1 1 1 1 1 1 1 0 1 1 1]
2025-02-24 15:33:57,935 - DEBUG -      3 |    64 |   6.4
2025-02-24 15:33:57,936 - DEBUG -     Sample: [1 0 1 1 1 1 1 1 0 1 1 0]
2025-02-24 15:33:57,936 - DEBUG -      4 |    39 |   3.9
2025-02-24 15:33:57,936 - DEBUG -     Sample: [1 0 1 1 1 1 1 1 0 1 1 1]
2025-02-24 15:33:57,936 - DEBUG -      5 |    38 |   3.8
2025-02-24 15:33:57,937 - DEBUG -     Sample: [1 1 1 1 1 1 0 1 0 1 1 0]
2025-02-24 15:33:57,938 - DEBUG - Generated 204 unique samples from 1000 total measurements
2025-02-24 15:33:57,942 - INFO -   No feasible solution found in this iteration
2025-02-24 15:33:57,942 - INFO -   Added 1 new constraints: [21]
2025-02-24 15:33:57,942 - INFO - 
Iteration 1:
2025-02-24 15:33:57,943 - DEBUG - Generated Ising Hamiltonian
2025-02-24 15:33:58,159 - DEBUG - Optimizing QAOA circuit...
2025-02-24 15:34:00,912 - DEBUG - Circuit optimization successful
2025-02-24 15:34:00,913 - DEBUG - Circuit optimization successful, final value: -3653.68031968032
2025-02-24 15:34:00,913 - DEBUG - Sampling from optimized circuit...
2025-02-24 15:34:00,939 - DEBUG - Generated 237 unique samples from 1000 total measurements
2025-02-24 15:34:00,940 - DEBUG - 
Top 5 most frequent samples:
2025-02-24 15:34:00,940 - DEBUG -   Rank | Count |   %   
2025-02-24 15:34:00,940 - DEBUG -   -----|-------|-------
2025-02-24 15:34:00,940 - DEBUG -      1 |    64 |   6.4
2025-02-24 15:34:00,941 - DEBUG -     Sample: [0 1 0 1 0 1 0 0 1 0 1 1]
2025-02-24 15:34:00,941 - DEBUG -      2 |    54 |   5.4
2025-02-24 15:34:00,941 - DEBUG -     Sample: [0 1 1 1 0 1 0 0 0 1 1 1]
2025-02-24 15:34:00,941 - DEBUG -      3 |    39 |   3.9
2025-02-24 15:34:00,941 - DEBUG -     Sample: [0 1 0 1 0 1 0 0 0 0 1 1]
2025-02-24 15:34:00,942 - DEBUG -      4 |    35 |   3.5
2025-02-24 15:34:00,942 - DEBUG -     Sample: [0 1 0 1 0 1 0 0 0 1 1 1]
2025-02-24 15:34:00,942 - DEBUG -      5 |    32 |   3.2
2025-02-24 15:34:00,942 - DEBUG -     Sample: [1 1 1 1 0 1 0 0 0 1 1 1]
2025-02-24 15:34:00,943 - DEBUG - Generated 237 unique samples from 1000 total measurements
2025-02-24 15:34:00,948 - INFO -   No feasible solution found in this iteration
2025-02-24 15:34:00,948 - INFO -   Added 1 new constraints: [19]
2025-02-24 15:34:00,948 - INFO - 
Iteration 2:
2025-02-24 15:34:00,949 - DEBUG - Generated Ising Hamiltonian
2025-02-24 15:34:01,195 - DEBUG - Optimizing QAOA circuit...
2025-02-24 15:34:03,640 - DEBUG - Circuit optimization successful
2025-02-24 15:34:03,641 - DEBUG - Circuit optimization successful, final value: -6533.0309690309705
2025-02-24 15:34:03,641 - DEBUG - Sampling from optimized circuit...
2025-02-24 15:34:03,669 - DEBUG - Generated 296 unique samples from 1000 total measurements
2025-02-24 15:34:03,670 - DEBUG - 
Top 5 most frequent samples:
2025-02-24 15:34:03,670 - DEBUG -   Rank | Count |   %   
2025-02-24 15:34:03,670 - DEBUG -   -----|-------|-------
2025-02-24 15:34:03,670 - DEBUG -      1 |    77 |   7.7
2025-02-24 15:34:03,671 - DEBUG -     Sample: [0 0 1 1 0 0 0 0 1 1 0 1]
2025-02-24 15:34:03,671 - DEBUG -      2 |    47 |   4.7
2025-02-24 15:34:03,672 - DEBUG -     Sample: [0 0 0 1 0 0 0 0 0 0 0 1]
2025-02-24 15:34:03,672 - DEBUG -      3 |    37 |   3.7
2025-02-24 15:34:03,672 - DEBUG -     Sample: [0 0 1 1 0 0 0 0 0 1 0 1]
2025-02-24 15:34:03,672 - DEBUG -      4 |    33 |   3.3
2025-02-24 15:34:03,673 - DEBUG -     Sample: [0 0 1 1 1 0 0 0 1 1 0 1]
2025-02-24 15:34:03,673 - DEBUG -      5 |    22 |   2.2
2025-02-24 15:34:03,673 - DEBUG -     Sample: [0 0 1 1 1 0 0 0 0 1 0 1]
2025-02-24 15:34:03,674 - DEBUG - Generated 296 unique samples from 1000 total measurements
2025-02-24 15:34:03,680 - INFO -   No feasible solution found in this iteration
2025-02-24 15:34:03,680 - INFO -   No new constraints added, lowered tau multiplier: 1.0 -> 0.9
2025-02-24 15:34:03,681 - INFO -   No new constraints added, lowered tau multiplier: 0.9 -> 0.8
2025-02-24 15:34:03,681 - INFO -   Added 4 new constraints: [4, 15, 30, 31]
2025-02-24 15:34:03,681 - INFO - 
Iteration 3:
2025-02-24 15:34:03,682 - DEBUG - Generated Ising Hamiltonian
2025-02-24 15:34:03,964 - DEBUG - Optimizing QAOA circuit...
2025-02-24 15:34:06,499 - DEBUG - Circuit optimization successful
2025-02-24 15:34:06,500 - DEBUG - Circuit optimization successful, final value: -4476.436563436561
2025-02-24 15:34:06,500 - DEBUG - Sampling from optimized circuit...
2025-02-24 15:34:06,535 - DEBUG - Generated 441 unique samples from 1000 total measurements
2025-02-24 15:34:06,540 - DEBUG - 
Top 5 most frequent samples:
2025-02-24 15:34:06,540 - DEBUG -   Rank | Count |   %   
2025-02-24 15:34:06,540 - DEBUG -   -----|-------|-------
2025-02-24 15:34:06,540 - DEBUG -      1 |    39 |   3.9
2025-02-24 15:34:06,541 - DEBUG -     Sample: [0 0 1 1 0 0 0 0 0 1 1 1]
2025-02-24 15:34:06,541 - DEBUG -      2 |    21 |   2.1
2025-02-24 15:34:06,541 - DEBUG -     Sample: [0 0 0 1 0 0 0 0 0 0 1 1]
2025-02-24 15:34:06,541 - DEBUG -      3 |    20 |   2.0
2025-02-24 15:34:06,542 - DEBUG -     Sample: [0 0 1 1 1 0 0 0 0 1 1 1]
2025-02-24 15:34:06,542 - DEBUG -      4 |    20 |   2.0
2025-02-24 15:34:06,542 - DEBUG -     Sample: [1 0 1 1 0 0 0 0 0 1 1 1]
2025-02-24 15:34:06,542 - DEBUG -      5 |    16 |   1.6
2025-02-24 15:34:06,543 - DEBUG -     Sample: [0 0 0 1 0 1 0 0 0 0 1 1]
2025-02-24 15:34:06,545 - DEBUG - Generated 441 unique samples from 1000 total measurements
2025-02-24 15:34:06,554 - INFO -   No feasible solution found in this iteration
2025-02-24 15:34:06,555 - INFO -   No new constraints added, lowered tau multiplier: 1.0 -> 0.9
2025-02-24 15:34:06,556 - INFO -   No new constraints added, lowered tau multiplier: 0.9 -> 0.8
2025-02-24 15:34:06,556 - INFO -   No new constraints added, lowered tau multiplier: 0.8 -> 0.7
2025-02-24 15:34:06,557 - INFO -   Added 9 new constraints: [2, 9, 13, 14, 18, 22, 24, 25, 39]
2025-02-24 15:34:06,557 - INFO - 
Iteration 4:
2025-02-24 15:34:06,557 - DEBUG - Generated Ising Hamiltonian
2025-02-24 15:34:06,799 - DEBUG - Optimizing QAOA circuit...
2025-02-24 15:34:09,976 - DEBUG - Circuit optimization successful
2025-02-24 15:34:09,976 - DEBUG - Circuit optimization successful, final value: 27246.716283716283
2025-02-24 15:34:09,977 - DEBUG - Sampling from optimized circuit...
2025-02-24 15:34:10,013 - DEBUG - Generated 418 unique samples from 1000 total measurements
2025-02-24 15:34:10,013 - DEBUG - 
Top 5 most frequent samples:
2025-02-24 15:34:10,013 - DEBUG -   Rank | Count |   %   
2025-02-24 15:34:10,014 - DEBUG -   -----|-------|-------
2025-02-24 15:34:10,014 - DEBUG -      1 |    25 |   2.5
2025-02-24 15:34:10,014 - DEBUG -     Sample: [0 0 1 0 1 0 1 1 1 1 1 0]
2025-02-24 15:34:10,014 - DEBUG -      2 |    23 |   2.3
2025-02-24 15:34:10,015 - DEBUG -     Sample: [0 0 1 0 1 0 1 1 1 1 1 1]
2025-02-24 15:34:10,015 - DEBUG -      3 |    21 |   2.1
2025-02-24 15:34:10,015 - DEBUG -     Sample: [0 0 1 0 1 0 1 1 1 0 0 1]
2025-02-24 15:34:10,015 - DEBUG -      4 |    20 |   2.0
2025-02-24 15:34:10,015 - DEBUG -     Sample: [1 0 1 0 1 0 1 1 1 1 1 1]
2025-02-24 15:34:10,015 - DEBUG -      5 |    15 |   1.5
2025-02-24 15:34:10,016 - DEBUG -     Sample: [0 0 1 0 1 0 1 1 1 0 0 0]
2025-02-24 15:34:10,017 - DEBUG - Generated 418 unique samples from 1000 total measurements
2025-02-24 15:34:10,023 - INFO - Found feasible solution: [0 0 0 0 0 1 0 1 1 0 1 0] with objective value 251.0
2025-02-24 15:34:10,027 - INFO -   Found feasible solution:
2025-02-24 15:34:10,027 - INFO -     Solution: [0, 0, 0, 0, 0, 1, 0, 1, 1, 0, 1, 0]
2025-02-24 15:34:10,027 - INFO -     Value: 251.0
2025-02-24 15:34:10,027 - INFO -     Gap to reference: 0.00%
2025-02-24 15:34:10,028 - INFO -   Constraint generation solution found:
2025-02-24 15:34:10,029 - INFO -     Solution: [0, 0, 0, 0, 0, 1, 0, 1, 1, 0, 1, 0]
2025-02-24 15:34:10,029 - INFO -     Value: 251.0
2025-02-24 15:34:10,029 - INFO - 
Instance 35 results:
2025-02-24 15:34:10,029 - INFO -   Classical value: 251.0
2025-02-24 15:34:10,030 - INFO -   QAOA value: 406.0
2025-02-24 15:34:10,030 - INFO -   Constraint generation value: 251.0
2025-02-24 15:34:10,030 - INFO - 
Running instance 36/100
2025-02-24 15:34:10,033 - INFO - 
Running Classical Reference Solver (SCIP):
2025-02-24 15:34:10,034 - DEBUG - Problem dimensions: 40 constraints, 12 variables
2025-02-24 15:34:10,035 - DEBUG - Row names: ['ELEM1', 'ELEM2', 'ELEM3', 'ELEM4', 'ELEM5', 'ELEM6', 'ELEM7', 'ELEM8', 'ELEM9', 'ELEM10', 'ELEM11', 'ELEM12', 'ELEM13', 'ELEM14', 'ELEM15', 'ELEM16', 'ELEM17', 'ELEM18', 'ELEM19', 'ELEM20', 'ELEM21', 'ELEM22', 'ELEM23', 'ELEM24', 'ELEM25', 'ELEM26', 'ELEM27', 'ELEM28', 'ELEM29', 'ELEM30', 'ELEM31', 'ELEM32', 'ELEM33', 'ELEM34', 'ELEM35', 'ELEM36', 'ELEM37', 'ELEM38', 'ELEM39', 'ELEM40']
2025-02-24 15:34:10,035 - DEBUG - RHS values: {'ELEM1': 1.0, 'ELEM2': 1.0, 'ELEM3': 1.0, 'ELEM4': 1.0, 'ELEM5': 1.0, 'ELEM6': 1.0, 'ELEM7': 1.0, 'ELEM8': 1.0, 'ELEM9': 1.0, 'ELEM10': 1.0, 'ELEM11': 1.0, 'ELEM12': 1.0, 'ELEM13': 1.0, 'ELEM14': 1.0, 'ELEM15': 1.0, 'ELEM16': 1.0, 'ELEM17': 1.0, 'ELEM18': 1.0, 'ELEM19': 1.0, 'ELEM20': 1.0, 'ELEM21': 1.0, 'ELEM22': 1.0, 'ELEM23': 1.0, 'ELEM24': 1.0, 'ELEM25': 1.0, 'ELEM26': 1.0, 'ELEM27': 1.0, 'ELEM28': 1.0, 'ELEM29': 1.0, 'ELEM30': 1.0, 'ELEM31': 1.0, 'ELEM32': 1.0, 'ELEM33': 1.0, 'ELEM34': 1.0, 'ELEM35': 1.0, 'ELEM36': 1.0, 'ELEM37': 1.0, 'ELEM38': 1.0, 'ELEM39': 1.0, 'ELEM40': 1.0}
2025-02-24 15:34:10,047 - INFO -   Reference solution found:
2025-02-24 15:34:10,048 - INFO -     Solution: [0, 0, 0, 0, 0, 1, 1, 1, 0, 0, 1, 0]
2025-02-24 15:34:10,048 - INFO -     Value: 138.0
2025-02-24 15:34:10,048 - INFO - 
Running QAOA Reference Solution (with all constraints):
