2025-02-24 14:26:55,216 - INFO - 
Problem information:
2025-02-24 14:26:55,216 - INFO -   Number of variables (n): 12
2025-02-24 14:26:55,216 - INFO -   Number of constraints (m): 40
2025-02-24 14:26:55,216 - DEBUG -   Density of A: 21.04%
2025-02-24 14:26:55,216 - INFO - 
Starting reference QAOA with parameters:
2025-02-24 14:26:55,216 - INFO -   sample_size (total shots): 1000
2025-02-24 14:26:55,216 - INFO - Added all constraints
2025-02-24 14:26:55,217 - DEBUG - Generated Ising Hamiltonian
2025-02-24 14:26:55,370 - DEBUG - Optimizing QAOA circuit...
2025-02-24 14:26:58,380 - DEBUG - Circuit optimization successful
2025-02-24 14:26:58,380 - DEBUG - Circuit optimization successful, final value: 19377.247002997
2025-02-24 14:26:58,380 - DEBUG - Sampling from optimized circuit...
2025-02-24 14:26:58,412 - DEBUG - Generated 732 unique samples from 1000 total measurements
2025-02-24 14:26:58,415 - DEBUG - 
Top 5 most frequent samples:
2025-02-24 14:26:58,415 - DEBUG -   Rank | Count |   %   
2025-02-24 14:26:58,415 - DEBUG -   -----|-------|-------
2025-02-24 14:26:58,415 - DEBUG -      1 |     6 |   0.6
2025-02-24 14:26:58,416 - DEBUG -     Sample: [0 1 1 0 1 0 1 1 0 0 0 1]
2025-02-24 14:26:58,416 - DEBUG -      2 |     5 |   0.5
2025-02-24 14:26:58,416 - DEBUG -     Sample: [0 0 1 0 1 1 1 1 0 0 0 0]
2025-02-24 14:26:58,416 - DEBUG -      3 |     4 |   0.4
2025-02-24 14:26:58,416 - DEBUG -     Sample: [0 0 1 1 1 1 1 1 1 1 0 0]
2025-02-24 14:26:58,416 - DEBUG -      4 |     4 |   0.4
2025-02-24 14:26:58,416 - DEBUG -     Sample: [0 0 1 0 1 1 0 1 1 0 0 1]
2025-02-24 14:26:58,417 - DEBUG -      5 |     4 |   0.4
2025-02-24 14:26:58,417 - DEBUG -     Sample: [0 1 1 1 0 0 1 1 1 0 1 0]
2025-02-24 14:26:58,418 - DEBUG - Generated 732 unique samples from 1000 total measurements
2025-02-24 14:26:58,425 - INFO - Found feasible solution: [0 1 0 1 1 0 1 1 0 1 0 0] with objective value 309.0
2025-02-24 14:26:58,428 - INFO - Found feasible solution:
2025-02-24 14:26:58,428 - INFO -   Solution: [0, 1, 0, 1, 1, 0, 1, 1, 0, 1, 0, 0]
2025-02-24 14:26:58,428 - INFO -   Value: 309.0
2025-02-24 14:26:58,428 - INFO -   QAOA solution found:
2025-02-24 14:26:58,428 - INFO -     Solution: [0, 1, 0, 1, 1, 0, 1, 1, 0, 1, 0, 0]
2025-02-24 14:26:58,428 - INFO -     Value: 309.0
2025-02-24 14:26:58,429 - INFO - 
Running Constraint Generation:
2025-02-24 14:26:58,429 - INFO - 
Problem information:
2025-02-24 14:26:58,430 - INFO -   Number of variables (n): 12
2025-02-24 14:26:58,430 - INFO -   Number of constraints (m): 40
2025-02-24 14:26:58,430 - DEBUG -   Density of A: 21.04%
2025-02-24 14:26:58,430 - INFO - 
Running classical reference solver:
2025-02-24 14:26:58,438 - INFO -   Reference solution found:
2025-02-24 14:26:58,438 - INFO -     Solution: [1, 0, 1, 0, 0, 0, 0, 0, 0, 0, 1, 1]
2025-02-24 14:26:58,438 - INFO -     Value: 130.99999999999997
2025-02-24 14:26:58,438 - INFO - 
Starting quantum constraint generation with parameters:
2025-02-24 14:26:58,438 - INFO -   sample_size (total shots): 1000
2025-02-24 14:26:58,439 - INFO -   tau: 0.1
2025-02-24 14:26:58,439 - INFO -   max_iters: 1000
2025-02-24 14:26:58,439 - INFO - 
Iteration 0:
2025-02-24 14:26:58,439 - DEBUG - Generated Ising Hamiltonian
2025-02-24 14:26:58,440 - DEBUG - Optimizing QAOA circuit...
2025-02-24 14:27:03,573 - WARNING - Circuit optimization did not converge
2025-02-24 14:27:03,573 - WARNING - Circuit optimization did not converge
2025-02-24 14:27:03,573 - DEBUG - Sampling from optimized circuit...
2025-02-24 14:27:03,617 - DEBUG - Generated 9 unique samples from 1000 total measurements
2025-02-24 14:27:03,617 - DEBUG - 
Top 5 most frequent samples:
2025-02-24 14:27:03,617 - DEBUG -   Rank | Count |   %   
2025-02-24 14:27:03,618 - DEBUG -   -----|-------|-------
2025-02-24 14:27:03,618 - DEBUG -      1 |   523 |  52.3
2025-02-24 14:27:03,618 - DEBUG -     Sample: [0 0 0 0 0 0 0 0 1 1 1 0]
2025-02-24 14:27:03,618 - DEBUG -      2 |   195 |  19.5
2025-02-24 14:27:03,618 - DEBUG -     Sample: [0 0 0 0 0 0 0 0 1 1 1 1]
2025-02-24 14:27:03,618 - DEBUG -      3 |   130 |  13.0
2025-02-24 14:27:03,618 - DEBUG -     Sample: [0 0 0 0 0 0 0 0 0 1 1 0]
2025-02-24 14:27:03,618 - DEBUG -      4 |    63 |   6.3
2025-02-24 14:27:03,619 - DEBUG -     Sample: [0 0 0 0 0 0 0 0 1 1 0 0]
2025-02-24 14:27:03,619 - DEBUG -      5 |    35 |   3.5
2025-02-24 14:27:03,619 - DEBUG -     Sample: [0 0 0 0 0 0 0 0 0 1 1 1]
2025-02-24 14:27:03,619 - DEBUG - Generated 9 unique samples from 1000 total measurements
2025-02-24 14:27:03,619 - INFO -   No feasible solution found in this iteration
2025-02-24 14:27:03,619 - INFO -   Added 11 new constraints: [1, 3, 6, 9, 20, 26, 29, 32, 34, 35, 39]
2025-02-24 14:27:03,620 - INFO - 
Iteration 1:
2025-02-24 14:27:03,620 - DEBUG - Generated Ising Hamiltonian
2025-02-24 14:27:03,621 - DEBUG - Optimizing QAOA circuit...
2025-02-24 14:27:16,811 - WARNING - Circuit optimization did not converge
2025-02-24 14:27:16,811 - WARNING - Circuit optimization did not converge
2025-02-24 14:27:16,811 - DEBUG - Sampling from optimized circuit...
2025-02-24 14:27:16,853 - DEBUG - Generated 14 unique samples from 1000 total measurements
2025-02-24 14:27:16,853 - DEBUG - 
Top 5 most frequent samples:
2025-02-24 14:27:16,853 - DEBUG -   Rank | Count |   %   
2025-02-24 14:27:16,853 - DEBUG -   -----|-------|-------
2025-02-24 14:27:16,853 - DEBUG -      1 |   455 |  45.5
2025-02-24 14:27:16,853 - DEBUG -     Sample: [0 0 0 0 0 0 0 0 1 1 0 1]
2025-02-24 14:27:16,853 - DEBUG -      2 |   354 |  35.4
2025-02-24 14:27:16,853 - DEBUG -     Sample: [0 0 0 0 0 0 0 0 1 0 0 1]
2025-02-24 14:27:16,853 - DEBUG -      3 |    44 |   4.4
2025-02-24 14:27:16,854 - DEBUG -     Sample: [0 0 0 0 0 0 0 0 0 1 0 1]
2025-02-24 14:27:16,854 - DEBUG -      4 |    44 |   4.4
2025-02-24 14:27:16,854 - DEBUG -     Sample: [0 0 0 0 0 0 0 0 1 1 0 0]
2025-02-24 14:27:16,854 - DEBUG -      5 |    28 |   2.8
2025-02-24 14:27:16,854 - DEBUG -     Sample: [0 0 0 0 0 0 0 0 0 0 0 1]
2025-02-24 14:27:16,854 - DEBUG - Generated 14 unique samples from 1000 total measurements
2025-02-24 14:27:16,854 - INFO -   No feasible solution found in this iteration
2025-02-24 14:27:16,854 - INFO -   No new constraints added, lowered tau multiplier: 1.0 -> 0.9
2025-02-24 14:27:16,855 - INFO -   No new constraints added, lowered tau multiplier: 0.9 -> 0.8
2025-02-24 14:27:16,855 - INFO -   No new constraints added, lowered tau multiplier: 0.8 -> 0.7
2025-02-24 14:27:16,855 - INFO -   No new constraints added, lowered tau multiplier: 0.7 -> 0.6
2025-02-24 14:27:16,855 - INFO -   No new constraints added, lowered tau multiplier: 0.6 -> 0.5
2025-02-24 14:27:16,855 - INFO -   Added 10 new constraints: [0, 8, 10, 12, 16, 17, 19, 25, 33, 38]
2025-02-24 14:27:16,855 - INFO - 
Iteration 2:
2025-02-24 14:27:16,855 - DEBUG - Generated Ising Hamiltonian
2025-02-24 14:27:16,857 - DEBUG - Optimizing QAOA circuit...
2025-02-24 14:27:24,074 - WARNING - Circuit optimization did not converge
2025-02-24 14:27:24,074 - WARNING - Circuit optimization did not converge
2025-02-24 14:27:24,074 - DEBUG - Sampling from optimized circuit...
2025-02-24 14:27:24,119 - DEBUG - Generated 15 unique samples from 1000 total measurements
2025-02-24 14:27:24,119 - DEBUG - 
Top 5 most frequent samples:
2025-02-24 14:27:24,120 - DEBUG -   Rank | Count |   %   
2025-02-24 14:27:24,120 - DEBUG -   -----|-------|-------
2025-02-24 14:27:24,120 - DEBUG -      1 |   220 |  22.0
2025-02-24 14:27:24,120 - DEBUG -     Sample: [0 0 0 0 0 0 0 0 1 0 0 0]
2025-02-24 14:27:24,120 - DEBUG -      2 |   180 |  18.0
2025-02-24 14:27:24,120 - DEBUG -     Sample: [0 0 0 0 0 0 0 0 1 1 0 0]
2025-02-24 14:27:24,120 - DEBUG -      3 |   176 |  17.6
2025-02-24 14:27:24,120 - DEBUG -     Sample: [0 0 0 0 0 0 0 0 1 1 0 1]
2025-02-24 14:27:24,120 - DEBUG -      4 |   171 |  17.1
2025-02-24 14:27:24,121 - DEBUG -     Sample: [0 0 0 0 0 0 0 0 1 0 0 1]
2025-02-24 14:27:24,121 - DEBUG -      5 |    59 |   5.9
2025-02-24 14:27:24,121 - DEBUG -     Sample: [0 0 0 0 0 0 0 0 0 0 0 0]
2025-02-24 14:27:24,121 - DEBUG - Generated 15 unique samples from 1000 total measurements
2025-02-24 14:27:24,122 - INFO -   No feasible solution found in this iteration
2025-02-24 14:27:24,122 - INFO -   No new constraints added, lowered tau multiplier: 1.0 -> 0.9
2025-02-24 14:27:24,122 - INFO -   No new constraints added, lowered tau multiplier: 0.9 -> 0.8
2025-02-24 14:27:24,122 - INFO -   No new constraints added, lowered tau multiplier: 0.8 -> 0.7
2025-02-24 14:27:24,122 - INFO -   No new constraints added, lowered tau multiplier: 0.7 -> 0.6
2025-02-24 14:27:24,122 - INFO -   No new constraints added, lowered tau multiplier: 0.6 -> 0.5
2025-02-24 14:27:24,123 - INFO -   Added 2 new constraints: [5, 27]
2025-02-24 14:27:24,123 - INFO - 
Iteration 3:
2025-02-24 14:27:24,123 - DEBUG - Generated Ising Hamiltonian
2025-02-24 14:27:24,124 - DEBUG - Optimizing QAOA circuit...
2025-02-24 14:27:31,894 - WARNING - Circuit optimization did not converge
2025-02-24 14:27:31,895 - WARNING - Circuit optimization did not converge
2025-02-24 14:27:31,895 - DEBUG - Sampling from optimized circuit...
2025-02-24 14:27:31,941 - DEBUG - Generated 16 unique samples from 1000 total measurements
2025-02-24 14:27:31,941 - DEBUG - 
Top 5 most frequent samples:
2025-02-24 14:27:31,941 - DEBUG -   Rank | Count |   %   
2025-02-24 14:27:31,941 - DEBUG -   -----|-------|-------
2025-02-24 14:27:31,941 - DEBUG -      1 |   218 |  21.8
2025-02-24 14:27:31,942 - DEBUG -     Sample: [0 0 0 0 0 0 0 0 1 0 0 1]
2025-02-24 14:27:31,942 - DEBUG -      2 |   213 |  21.3
2025-02-24 14:27:31,942 - DEBUG -     Sample: [0 0 0 0 0 0 0 0 1 1 0 1]
2025-02-24 14:27:31,942 - DEBUG -      3 |   208 |  20.8
2025-02-24 14:27:31,942 - DEBUG -     Sample: [0 0 0 0 0 0 0 0 1 1 0 0]
2025-02-24 14:27:31,942 - DEBUG -      4 |   192 |  19.2
2025-02-24 14:27:31,942 - DEBUG -     Sample: [0 0 0 0 0 0 0 0 1 0 0 0]
2025-02-24 14:27:31,943 - DEBUG -      5 |    26 |   2.6
2025-02-24 14:27:31,943 - DEBUG -     Sample: [0 0 0 0 0 0 0 0 0 0 0 0]
2025-02-24 14:27:31,943 - DEBUG - Generated 16 unique samples from 1000 total measurements
2025-02-24 14:27:31,943 - INFO -   No feasible solution found in this iteration
2025-02-24 14:27:31,943 - INFO -   No new constraints added, lowered tau multiplier: 1.0 -> 0.9
2025-02-24 14:27:31,943 - INFO -   No new constraints added, lowered tau multiplier: 0.9 -> 0.8
2025-02-24 14:27:31,943 - INFO -   No new constraints added, lowered tau multiplier: 0.8 -> 0.7
2025-02-24 14:27:31,944 - INFO -   No new constraints added, lowered tau multiplier: 0.7 -> 0.6
2025-02-24 14:27:31,944 - INFO -   No new constraints added, lowered tau multiplier: 0.6 -> 0.5
2025-02-24 14:27:31,944 - INFO -   No new constraints added, lowered tau multiplier: 0.5 -> 0.4
2025-02-24 14:27:31,944 - INFO -   Added 17 new constraints: [2, 4, 7, 11, 13, 14, 15, 18, 21, 22, 23, 24, 28, 30, 31, 36, 37]
2025-02-24 14:27:31,944 - INFO - 
Iteration 4:
2025-02-24 14:27:31,944 - DEBUG - Generated Ising Hamiltonian
2025-02-24 14:27:31,946 - DEBUG - Optimizing QAOA circuit...
2025-02-24 14:27:42,135 - WARNING - Circuit optimization did not converge
2025-02-24 14:27:42,136 - WARNING - Circuit optimization did not converge
2025-02-24 14:27:42,136 - DEBUG - Sampling from optimized circuit...
2025-02-24 14:27:42,188 - DEBUG - Generated 16 unique samples from 1000 total measurements
2025-02-24 14:27:42,188 - DEBUG - 
Top 5 most frequent samples:
2025-02-24 14:27:42,188 - DEBUG -   Rank | Count |   %   
2025-02-24 14:27:42,188 - DEBUG -   -----|-------|-------
2025-02-24 14:27:42,188 - DEBUG -      1 |   225 |  22.5
2025-02-24 14:27:42,189 - DEBUG -     Sample: [0 0 0 0 0 0 0 0 0 0 0 1]
2025-02-24 14:27:42,189 - DEBUG -      2 |   175 |  17.5
2025-02-24 14:27:42,189 - DEBUG -     Sample: [0 0 0 0 0 0 0 0 1 0 0 1]
2025-02-24 14:27:42,189 - DEBUG -      3 |    93 |   9.3
2025-02-24 14:27:42,189 - DEBUG -     Sample: [0 0 0 0 0 0 0 0 0 1 0 1]
2025-02-24 14:27:42,189 - DEBUG -      4 |    81 |   8.1
2025-02-24 14:27:42,189 - DEBUG -     Sample: [0 0 0 0 0 0 0 0 1 1 0 1]
2025-02-24 14:27:42,189 - DEBUG -      5 |    78 |   7.8
2025-02-24 14:27:42,189 - DEBUG -     Sample: [0 0 0 0 0 0 0 0 0 0 0 0]
2025-02-24 14:27:42,189 - DEBUG - Generated 16 unique samples from 1000 total measurements
2025-02-24 14:27:42,190 - INFO -   No feasible solution found in this iteration
2025-02-24 14:27:42,190 - INFO -   All constraints added, exiting
2025-02-24 14:27:42,190 - INFO -   Constraint generation found no feasible solution
2025-02-24 14:27:42,190 - INFO - 
Instance 32 results:
2025-02-24 14:27:42,190 - INFO -   Classical value: 130.99999999999997
2025-02-24 14:27:42,190 - INFO -   QAOA value: 309.0
2025-02-24 14:27:42,190 - INFO -   Constraint generation value: 0.0
2025-02-24 14:27:42,190 - INFO - 
Running instance 33/100
2025-02-24 14:27:42,192 - INFO - 
Running Classical Reference Solver (SCIP):
2025-02-24 14:27:42,192 - DEBUG - Problem dimensions: 40 constraints, 12 variables
2025-02-24 14:27:42,192 - DEBUG - Row names: ['ELEM1', 'ELEM2', 'ELEM3', 'ELEM4', 'ELEM5', 'ELEM6', 'ELEM7', 'ELEM8', 'ELEM9', 'ELEM10', 'ELEM11', 'ELEM12', 'ELEM13', 'ELEM14', 'ELEM15', 'ELEM16', 'ELEM17', 'ELEM18', 'ELEM19', 'ELEM20', 'ELEM21', 'ELEM22', 'ELEM23', 'ELEM24', 'ELEM25', 'ELEM26', 'ELEM27', 'ELEM28', 'ELEM29', 'ELEM30', 'ELEM31', 'ELEM32', 'ELEM33', 'ELEM34', 'ELEM35', 'ELEM36', 'ELEM37', 'ELEM38', 'ELEM39', 'ELEM40']
2025-02-24 14:27:42,192 - DEBUG - RHS values: {'ELEM1': 1.0, 'ELEM2': 1.0, 'ELEM3': 1.0, 'ELEM4': 1.0, 'ELEM5': 1.0, 'ELEM6': 1.0, 'ELEM7': 1.0, 'ELEM8': 1.0, 'ELEM9': 1.0, 'ELEM10': 1.0, 'ELEM11': 1.0, 'ELEM12': 1.0, 'ELEM13': 1.0, 'ELEM14': 1.0, 'ELEM15': 1.0, 'ELEM16': 1.0, 'ELEM17': 1.0, 'ELEM18': 1.0, 'ELEM19': 1.0, 'ELEM20': 1.0, 'ELEM21': 1.0, 'ELEM22': 1.0, 'ELEM23': 1.0, 'ELEM24': 1.0, 'ELEM25': 1.0, 'ELEM26': 1.0, 'ELEM27': 1.0, 'ELEM28': 1.0, 'ELEM29': 1.0, 'ELEM30': 1.0, 'ELEM31': 1.0, 'ELEM32': 1.0, 'ELEM33': 1.0, 'ELEM34': 1.0, 'ELEM35': 1.0, 'ELEM36': 1.0, 'ELEM37': 1.0, 'ELEM38': 1.0, 'ELEM39': 1.0, 'ELEM40': 1.0}
2025-02-24 14:27:42,199 - INFO -   Reference solution found:
2025-02-24 14:27:42,199 - INFO -     Solution: [1, 0, 0, 0, 0, 0, 0, 1, 0, 1, 1, 0]
2025-02-24 14:27:42,199 - INFO -     Value: 114.0
2025-02-24 14:27:42,199 - INFO - 
Running QAOA Reference Solution (with all constraints):
