
Problem information:
  Number of variables (n): 10
  Number of constraints (m): 20

Starting reference QAOA with parameters:
  sample_size (total shots): 100
Added all constraints
Found feasible solution: [0 0 1 1 0 0 0 0 0 0] with objective value 125.0
Found feasible solution:
  Solution: [0, 0, 1, 1, 0, 0, 0, 0, 0, 0]
  Value: 125.0
  QAOA solution found:
    Solution: [0, 0, 1, 1, 0, 0, 0, 0, 0, 0]
    Value: 125.0

Running Constraint Generation:

Problem information:
  Number of variables (n): 10
  Number of constraints (m): 20

Running classical reference solver:
  Reference solution found:
    Solution: [0, 1, 0, 0, 1, 0, 0, 0, 0, 0]
    Value: 42.0

Starting quantum constraint generation with parameters:
  sample_size (total shots): 100
  tau: 0.1
  max_iters: 1000

Iteration 0:
  No feasible solution found in this iteration
  Added 5 new constraints: [3, 4, 8, 10, 18]

Iteration 1:
  No feasible solution found in this iteration
  Added 2 new constraints: [6, 17]

Iteration 2:
Found feasible solution: [0 0 0 0 0 0 0 1 1 0] with objective value 104.0
  Found feasible solution:
    Solution: [0, 0, 0, 0, 0, 0, 0, 1, 1, 0]
    Value: 104.0
    Gap to reference: 147.62%
  Constraint generation solution found:
    Solution: [0, 0, 0, 0, 0, 0, 0, 1, 1, 0]
    Value: 104.0

Instance 95 results:
  Classical value: 42.0
  QAOA value: 125.0
  Constraint generation value: 104.0

Running instance 96/100

Running Classical Reference Solver (SCIP):
  Reference solution found:
    Solution: [1, 1, 0, 0, 0, 0, 0, 0, 0, 0]
    Value: 81.0

Running QAOA Reference Solution (with all constraints):
