2025-02-24 16:52:11,173 - INFO - 
Problem information:
2025-02-24 16:52:11,173 - INFO -   Number of variables (n): 8
2025-02-24 16:52:11,173 - INFO -   Number of constraints (m): 25
2025-02-24 16:52:11,174 - DEBUG -   Density of A: 36.00%
2025-02-24 16:52:11,174 - INFO - 
Starting reference QAOA with parameters:
2025-02-24 16:52:11,174 - INFO -   sample_size (total shots): 500
2025-02-24 16:52:11,174 - INFO - Added all constraints
2025-02-24 16:52:11,175 - DEBUG - Generated Ising Hamiltonian
2025-02-24 16:52:11,697 - DEBUG - Optimizing QAOA circuit...
2025-02-24 16:52:14,620 - DEBUG - Circuit optimization successful
2025-02-24 16:52:14,621 - DEBUG - Circuit optimization successful, final value: 1003.0149850149853
2025-02-24 16:52:14,621 - DEBUG - Sampling from optimized circuit...
2025-02-24 16:52:14,645 - DEBUG - Generated 207 unique samples from 500 total measurements
2025-02-24 16:52:14,645 - DEBUG - 
Top 5 most frequent samples:
2025-02-24 16:52:14,645 - DEBUG -   Rank | Count |   %   
2025-02-24 16:52:14,645 - DEBUG -   -----|-------|-------
2025-02-24 16:52:14,645 - DEBUG -      1 |     8 |   1.6
2025-02-24 16:52:14,646 - DEBUG -     Sample: [0 0 1 1 1 0 0 0]
2025-02-24 16:52:14,646 - DEBUG -      2 |     7 |   1.4
2025-02-24 16:52:14,646 - DEBUG -     Sample: [1 0 1 0 1 0 0 1]
2025-02-24 16:52:14,646 - DEBUG -      3 |     7 |   1.4
2025-02-24 16:52:14,646 - DEBUG -     Sample: [0 1 0 1 0 1 1 0]
2025-02-24 16:52:14,646 - DEBUG -      4 |     7 |   1.4
2025-02-24 16:52:14,647 - DEBUG -     Sample: [0 0 0 0 0 1 0 1]
2025-02-24 16:52:14,647 - DEBUG -      5 |     7 |   1.4
2025-02-24 16:52:14,647 - DEBUG -     Sample: [1 1 1 0 0 0 0 1]
2025-02-24 16:52:14,648 - DEBUG - Generated 207 unique samples from 500 total measurements
2025-02-24 16:52:14,649 - INFO - Found feasible solution: [0 0 0 0 1 1 1 0] with objective value 96.0
2025-02-24 16:52:14,650 - INFO - Found feasible solution: [0 1 1 0 0 0 0 1] with objective value 84.0
2025-02-24 16:52:14,653 - INFO - Found feasible solution:
2025-02-24 16:52:14,653 - INFO -   Solution: [0, 1, 1, 0, 0, 0, 0, 1]
2025-02-24 16:52:14,654 - INFO -   Value: 84.0
2025-02-24 16:52:14,654 - INFO -   QAOA solution found:
2025-02-24 16:52:14,654 - INFO -     Solution: [0, 1, 1, 0, 0, 0, 0, 1]
2025-02-24 16:52:14,654 - INFO -     Value: 84.0
2025-02-24 16:52:14,654 - INFO - 
Running Constraint Generation:
2025-02-24 16:52:14,656 - INFO - 
Problem information:
2025-02-24 16:52:14,656 - INFO -   Number of variables (n): 8
2025-02-24 16:52:14,656 - INFO -   Number of constraints (m): 25
2025-02-24 16:52:14,657 - DEBUG -   Density of A: 36.00%
2025-02-24 16:52:14,657 - INFO - 
Running classical reference solver:
2025-02-24 16:52:14,669 - INFO -   Reference solution found:
2025-02-24 16:52:14,669 - INFO -     Solution: [0, 1, 1, 0, 0, 0, 0, 1]
2025-02-24 16:52:14,670 - INFO -     Value: 84.0
2025-02-24 16:52:14,670 - INFO - 
Starting quantum constraint generation with parameters:
2025-02-24 16:52:14,670 - INFO -   sample_size (total shots): 500
2025-02-24 16:52:14,670 - INFO -   tau: 0.1
2025-02-24 16:52:14,670 - INFO -   max_iters: 1000
2025-02-24 16:52:14,671 - INFO - 
Iteration 0:
2025-02-24 16:52:14,671 - DEBUG - Generated Ising Hamiltonian
2025-02-24 16:52:14,952 - DEBUG - Optimizing QAOA circuit...
2025-02-24 16:52:16,679 - DEBUG - Circuit optimization successful
2025-02-24 16:52:16,679 - DEBUG - Circuit optimization successful, final value: -62.8011988011988
2025-02-24 16:52:16,680 - DEBUG - Sampling from optimized circuit...
2025-02-24 16:52:16,695 - DEBUG - Generated 154 unique samples from 500 total measurements
2025-02-24 16:52:16,695 - DEBUG - 
Top 5 most frequent samples:
2025-02-24 16:52:16,695 - DEBUG -   Rank | Count |   %   
2025-02-24 16:52:16,695 - DEBUG -   -----|-------|-------
2025-02-24 16:52:16,695 - DEBUG -      1 |    25 |   5.0
2025-02-24 16:52:16,696 - DEBUG -     Sample: [1 1 1 1 1 0 1 1]
2025-02-24 16:52:16,696 - DEBUG -      2 |    20 |   4.0
2025-02-24 16:52:16,696 - DEBUG -     Sample: [1 1 1 1 1 0 1 0]
2025-02-24 16:52:16,696 - DEBUG -      3 |    19 |   3.8
2025-02-24 16:52:16,696 - DEBUG -     Sample: [1 1 1 1 0 0 1 1]
2025-02-24 16:52:16,697 - DEBUG -      4 |    13 |   2.6
2025-02-24 16:52:16,697 - DEBUG -     Sample: [1 1 1 1 0 0 1 0]
2025-02-24 16:52:16,697 - DEBUG -      5 |    12 |   2.4
2025-02-24 16:52:16,697 - DEBUG -     Sample: [0 1 1 1 1 0 1 1]
2025-02-24 16:52:16,698 - DEBUG - Generated 154 unique samples from 500 total measurements
2025-02-24 16:52:16,699 - INFO - Found feasible solution: [0 1 1 0 0 0 0 1] with objective value 84.0
2025-02-24 16:52:16,701 - INFO -   Found feasible solution:
2025-02-24 16:52:16,702 - INFO -     Solution: [0, 1, 1, 0, 0, 0, 0, 1]
2025-02-24 16:52:16,702 - INFO -     Value: 84.0
2025-02-24 16:52:16,702 - INFO -     Gap to reference: 0.00%
2025-02-24 16:52:16,702 - INFO -   Constraint generation solution found:
2025-02-24 16:52:16,702 - INFO -     Solution: [0, 1, 1, 0, 0, 0, 0, 1]
2025-02-24 16:52:16,703 - INFO -     Value: 84.0
2025-02-24 16:52:16,703 - INFO - 
Instance 62 results:
2025-02-24 16:52:16,703 - INFO -   Classical value: 84.0
2025-02-24 16:52:16,703 - INFO -   QAOA value: 84.0
2025-02-24 16:52:16,703 - INFO -   Constraint generation value: 84.0
2025-02-24 16:52:16,704 - INFO - 
Running instance 63/100
2025-02-24 16:52:16,705 - INFO - 
Running Classical Reference Solver (SCIP):
2025-02-24 16:52:16,706 - DEBUG - Problem dimensions: 25 constraints, 8 variables
2025-02-24 16:52:16,706 - DEBUG - Row names: ['ELEM1', 'ELEM2', 'ELEM3', 'ELEM4', 'ELEM5', 'ELEM6', 'ELEM7', 'ELEM8', 'ELEM9', 'ELEM10', 'ELEM11', 'ELEM12', 'ELEM13', 'ELEM14', 'ELEM15', 'ELEM16', 'ELEM17', 'ELEM18', 'ELEM19', 'ELEM20', 'ELEM21', 'ELEM22', 'ELEM23', 'ELEM24', 'ELEM25']
2025-02-24 16:52:16,706 - DEBUG - RHS values: {'ELEM1': 1.0, 'ELEM2': 1.0, 'ELEM3': 1.0, 'ELEM4': 1.0, 'ELEM5': 1.0, 'ELEM6': 1.0, 'ELEM7': 1.0, 'ELEM8': 1.0, 'ELEM9': 1.0, 'ELEM10': 1.0, 'ELEM11': 1.0, 'ELEM12': 1.0, 'ELEM13': 1.0, 'ELEM14': 1.0, 'ELEM15': 1.0, 'ELEM16': 1.0, 'ELEM17': 1.0, 'ELEM18': 1.0, 'ELEM19': 1.0, 'ELEM20': 1.0, 'ELEM21': 1.0, 'ELEM22': 1.0, 'ELEM23': 1.0, 'ELEM24': 1.0, 'ELEM25': 1.0}
2025-02-24 16:52:16,718 - INFO -   Reference solution found:
2025-02-24 16:52:16,719 - INFO -     Solution: [1, 1, 1, 0, 0, 0, 0, 1]
2025-02-24 16:52:16,719 - INFO -     Value: 200.00000000000003
2025-02-24 16:52:16,720 - INFO - 
Running QAOA Reference Solution (with all constraints):
