2025-02-24 16:54:57,241 - INFO - 
Problem information:
2025-02-24 16:54:57,241 - INFO -   Number of variables (n): 8
2025-02-24 16:54:57,241 - INFO -   Number of constraints (m): 25
2025-02-24 16:54:57,242 - DEBUG -   Density of A: 25.00%
2025-02-24 16:54:57,242 - INFO - 
Starting reference QAOA with parameters:
2025-02-24 16:54:57,242 - INFO -   sample_size (total shots): 500
2025-02-24 16:54:57,242 - INFO - Added all constraints
2025-02-24 16:54:57,243 - DEBUG - Generated Ising Hamiltonian
2025-02-24 16:54:57,555 - DEBUG - Optimizing QAOA circuit...
2025-02-24 16:54:59,765 - DEBUG - Circuit optimization successful
2025-02-24 16:54:59,765 - DEBUG - Circuit optimization successful, final value: 18439.71878121878
2025-02-24 16:54:59,765 - DEBUG - Sampling from optimized circuit...
2025-02-24 16:54:59,793 - DEBUG - Generated 118 unique samples from 500 total measurements
2025-02-24 16:54:59,793 - DEBUG - 
Top 5 most frequent samples:
2025-02-24 16:54:59,793 - DEBUG -   Rank | Count |   %   
2025-02-24 16:54:59,793 - DEBUG -   -----|-------|-------
2025-02-24 16:54:59,793 - DEBUG -      1 |    39 |   7.8
2025-02-24 16:54:59,794 - DEBUG -     Sample: [1 1 0 0 0 1 1 0]
2025-02-24 16:54:59,794 - DEBUG -      2 |    23 |   4.6
2025-02-24 16:54:59,794 - DEBUG -     Sample: [0 1 0 1 1 1 1 0]
2025-02-24 16:54:59,794 - DEBUG -      3 |    22 |   4.4
2025-02-24 16:54:59,794 - DEBUG -     Sample: [1 1 0 1 0 1 1 0]
2025-02-24 16:54:59,795 - DEBUG -      4 |    20 |   4.0
2025-02-24 16:54:59,795 - DEBUG -     Sample: [0 1 0 0 1 1 1 0]
2025-02-24 16:54:59,795 - DEBUG -      5 |    19 |   3.8
2025-02-24 16:54:59,795 - DEBUG -     Sample: [0 1 0 1 1 0 1 0]
2025-02-24 16:54:59,796 - DEBUG - Generated 118 unique samples from 500 total measurements
2025-02-24 16:54:59,797 - INFO - Found feasible solution: [1 0 0 0 0 1 1 0] with objective value 103.0
2025-02-24 16:54:59,800 - INFO - Found feasible solution: [0 1 1 1 1 0 0 1] with objective value 300.0
2025-02-24 16:54:59,801 - INFO - Found feasible solution:
2025-02-24 16:54:59,801 - INFO -   Solution: [1, 0, 0, 0, 0, 1, 1, 0]
2025-02-24 16:54:59,802 - INFO -   Value: 103.0
2025-02-24 16:54:59,802 - INFO -   QAOA solution found:
2025-02-24 16:54:59,802 - INFO -     Solution: [1, 0, 0, 0, 0, 1, 1, 0]
2025-02-24 16:54:59,802 - INFO -     Value: 103.0
2025-02-24 16:54:59,803 - INFO - 
Running Constraint Generation:
2025-02-24 16:54:59,805 - INFO - 
Problem information:
2025-02-24 16:54:59,806 - INFO -   Number of variables (n): 8
2025-02-24 16:54:59,806 - INFO -   Number of constraints (m): 25
2025-02-24 16:54:59,806 - DEBUG -   Density of A: 25.00%
2025-02-24 16:54:59,807 - INFO - 
Running classical reference solver:
2025-02-24 16:54:59,820 - INFO -   Reference solution found:
2025-02-24 16:54:59,821 - INFO -     Solution: [1, 0, 0, 0, 0, 1, 1, 0]
2025-02-24 16:54:59,821 - INFO -     Value: 103.0
2025-02-24 16:54:59,822 - INFO - 
Starting quantum constraint generation with parameters:
2025-02-24 16:54:59,822 - INFO -   sample_size (total shots): 500
2025-02-24 16:54:59,822 - INFO -   tau: 0.1
2025-02-24 16:54:59,822 - INFO -   max_iters: 1000
2025-02-24 16:54:59,823 - INFO - 
Iteration 0:
2025-02-24 16:54:59,823 - DEBUG - Generated Ising Hamiltonian
2025-02-24 16:55:00,210 - DEBUG - Optimizing QAOA circuit...
2025-02-24 16:55:02,190 - DEBUG - Circuit optimization successful
2025-02-24 16:55:02,191 - DEBUG - Circuit optimization successful, final value: -228.15884115884117
2025-02-24 16:55:02,191 - DEBUG - Sampling from optimized circuit...
2025-02-24 16:55:02,206 - DEBUG - Generated 45 unique samples from 500 total measurements
2025-02-24 16:55:02,206 - DEBUG - 
Top 5 most frequent samples:
2025-02-24 16:55:02,206 - DEBUG -   Rank | Count |   %   
2025-02-24 16:55:02,206 - DEBUG -   -----|-------|-------
2025-02-24 16:55:02,206 - DEBUG -      1 |   167 |  33.4
2025-02-24 16:55:02,206 - DEBUG -     Sample: [0 1 0 1 1 1 1 1]
2025-02-24 16:55:02,206 - DEBUG -      2 |    57 |  11.4
2025-02-24 16:55:02,207 - DEBUG -     Sample: [0 1 0 1 1 1 0 1]
2025-02-24 16:55:02,207 - DEBUG -      3 |    43 |   8.6
2025-02-24 16:55:02,207 - DEBUG -     Sample: [0 1 0 1 0 1 1 1]
2025-02-24 16:55:02,207 - DEBUG -      4 |    35 |   7.0
2025-02-24 16:55:02,208 - DEBUG -     Sample: [0 0 0 1 1 1 1 1]
2025-02-24 16:55:02,208 - DEBUG -      5 |    33 |   6.6
2025-02-24 16:55:02,208 - DEBUG -     Sample: [1 1 0 1 1 1 1 1]
2025-02-24 16:55:02,208 - DEBUG - Generated 45 unique samples from 500 total measurements
2025-02-24 16:55:02,209 - INFO - Found feasible solution: [0 1 1 1 1 0 0 1] with objective value 300.0
2025-02-24 16:55:02,210 - INFO -   Found feasible solution:
2025-02-24 16:55:02,210 - INFO -     Solution: [0, 1, 1, 1, 1, 0, 0, 1]
2025-02-24 16:55:02,210 - INFO -     Value: 300.0
2025-02-24 16:55:02,210 - INFO -     Gap to reference: 191.26%
2025-02-24 16:55:02,211 - INFO -   Constraint generation solution found:
2025-02-24 16:55:02,211 - INFO -     Solution: [0, 1, 1, 1, 1, 0, 0, 1]
2025-02-24 16:55:02,211 - INFO -     Value: 300.0
2025-02-24 16:55:02,211 - INFO - 
Instance 85 results:
2025-02-24 16:55:02,211 - INFO -   Classical value: 103.0
2025-02-24 16:55:02,211 - INFO -   QAOA value: 103.0
2025-02-24 16:55:02,212 - INFO -   Constraint generation value: 300.0
2025-02-24 16:55:02,212 - INFO - 
Running instance 86/100
2025-02-24 16:55:02,214 - INFO - 
Running Classical Reference Solver (SCIP):
2025-02-24 16:55:02,215 - DEBUG - Problem dimensions: 25 constraints, 8 variables
2025-02-24 16:55:02,215 - DEBUG - Row names: ['ELEM1', 'ELEM2', 'ELEM3', 'ELEM4', 'ELEM5', 'ELEM6', 'ELEM7', 'ELEM8', 'ELEM9', 'ELEM10', 'ELEM11', 'ELEM12', 'ELEM13', 'ELEM14', 'ELEM15', 'ELEM16', 'ELEM17', 'ELEM18', 'ELEM19', 'ELEM20', 'ELEM21', 'ELEM22', 'ELEM23', 'ELEM24', 'ELEM25']
2025-02-24 16:55:02,215 - DEBUG - RHS values: {'ELEM1': 1.0, 'ELEM2': 1.0, 'ELEM3': 1.0, 'ELEM4': 1.0, 'ELEM5': 1.0, 'ELEM6': 1.0, 'ELEM7': 1.0, 'ELEM8': 1.0, 'ELEM9': 1.0, 'ELEM10': 1.0, 'ELEM11': 1.0, 'ELEM12': 1.0, 'ELEM13': 1.0, 'ELEM14': 1.0, 'ELEM15': 1.0, 'ELEM16': 1.0, 'ELEM17': 1.0, 'ELEM18': 1.0, 'ELEM19': 1.0, 'ELEM20': 1.0, 'ELEM21': 1.0, 'ELEM22': 1.0, 'ELEM23': 1.0, 'ELEM24': 1.0, 'ELEM25': 1.0}
2025-02-24 16:55:02,227 - INFO -   Reference solution found:
2025-02-24 16:55:02,227 - INFO -     Solution: [1, 1, 0, 1, 0, 0, 0, 0]
2025-02-24 16:55:02,227 - INFO -     Value: 138.0
2025-02-24 16:55:02,227 - INFO - 
Running QAOA Reference Solution (with all constraints):
