2025-02-24 16:55:02,229 - INFO - 
Problem information:
2025-02-24 16:55:02,229 - INFO -   Number of variables (n): 8
2025-02-24 16:55:02,230 - INFO -   Number of constraints (m): 25
2025-02-24 16:55:02,230 - DEBUG -   Density of A: 28.50%
2025-02-24 16:55:02,230 - INFO - 
Starting reference QAOA with parameters:
2025-02-24 16:55:02,230 - INFO -   sample_size (total shots): 500
2025-02-24 16:55:02,230 - INFO - Added all constraints
2025-02-24 16:55:02,230 - DEBUG - Generated Ising Hamiltonian
2025-02-24 16:55:02,476 - DEBUG - Optimizing QAOA circuit...
2025-02-24 16:55:04,686 - DEBUG - Circuit optimization successful
2025-02-24 16:55:04,686 - DEBUG - Circuit optimization successful, final value: -28221.76198801199
2025-02-24 16:55:04,687 - DEBUG - Sampling from optimized circuit...
2025-02-24 16:55:04,709 - DEBUG - Generated 121 unique samples from 500 total measurements
2025-02-24 16:55:04,709 - DEBUG - 
Top 5 most frequent samples:
2025-02-24 16:55:04,709 - DEBUG -   Rank | Count |   %   
2025-02-24 16:55:04,709 - DEBUG -   -----|-------|-------
2025-02-24 16:55:04,709 - DEBUG -      1 |    64 |  12.8
2025-02-24 16:55:04,710 - DEBUG -     Sample: [1 0 0 0 0 0 1 0]
2025-02-24 16:55:04,710 - DEBUG -      2 |    34 |   6.8
2025-02-24 16:55:04,710 - DEBUG -     Sample: [0 0 0 0 0 0 1 1]
2025-02-24 16:55:04,710 - DEBUG -      3 |    32 |   6.4
2025-02-24 16:55:04,710 - DEBUG -     Sample: [1 0 0 1 0 0 1 0]
2025-02-24 16:55:04,711 - DEBUG -      4 |    25 |   5.0
2025-02-24 16:55:04,711 - DEBUG -     Sample: [1 0 0 1 0 0 0 0]
2025-02-24 16:55:04,711 - DEBUG -      5 |    21 |   4.2
2025-02-24 16:55:04,711 - DEBUG -     Sample: [1 0 0 0 0 1 1 0]
2025-02-24 16:55:04,712 - DEBUG - Generated 121 unique samples from 500 total measurements
2025-02-24 16:55:04,712 - INFO - Found feasible solution: [1 1 0 1 0 0 0 0] with objective value 138.0
2025-02-24 16:55:04,714 - INFO - Found feasible solution: [0 0 1 0 0 1 0 1] with objective value 205.0
2025-02-24 16:55:04,716 - INFO - Found feasible solution:
2025-02-24 16:55:04,716 - INFO -   Solution: [1, 1, 0, 1, 0, 0, 0, 0]
2025-02-24 16:55:04,717 - INFO -   Value: 138.0
2025-02-24 16:55:04,717 - INFO -   QAOA solution found:
2025-02-24 16:55:04,717 - INFO -     Solution: [1, 1, 0, 1, 0, 0, 0, 0]
2025-02-24 16:55:04,718 - INFO -     Value: 138.0
2025-02-24 16:55:04,718 - INFO - 
Running Constraint Generation:
2025-02-24 16:55:04,719 - INFO - 
Problem information:
2025-02-24 16:55:04,720 - INFO -   Number of variables (n): 8
2025-02-24 16:55:04,720 - INFO -   Number of constraints (m): 25
2025-02-24 16:55:04,720 - DEBUG -   Density of A: 28.50%
2025-02-24 16:55:04,720 - INFO - 
Running classical reference solver:
2025-02-24 16:55:04,731 - INFO -   Reference solution found:
2025-02-24 16:55:04,731 - INFO -     Solution: [1, 1, 0, 1, 0, 0, 0, 0]
2025-02-24 16:55:04,731 - INFO -     Value: 138.0
2025-02-24 16:55:04,732 - INFO - 
Starting quantum constraint generation with parameters:
2025-02-24 16:55:04,732 - INFO -   sample_size (total shots): 500
2025-02-24 16:55:04,732 - INFO -   tau: 0.1
2025-02-24 16:55:04,732 - INFO -   max_iters: 1000
2025-02-24 16:55:04,732 - INFO - 
Iteration 0:
2025-02-24 16:55:04,733 - DEBUG - Generated Ising Hamiltonian
2025-02-24 16:55:04,993 - DEBUG - Optimizing QAOA circuit...
2025-02-24 16:55:06,854 - DEBUG - Circuit optimization successful
2025-02-24 16:55:06,855 - DEBUG - Circuit optimization successful, final value: -177.32167832167835
2025-02-24 16:55:06,855 - DEBUG - Sampling from optimized circuit...
2025-02-24 16:55:06,870 - DEBUG - Generated 73 unique samples from 500 total measurements
2025-02-24 16:55:06,870 - DEBUG - 
Top 5 most frequent samples:
2025-02-24 16:55:06,870 - DEBUG -   Rank | Count |   %   
2025-02-24 16:55:06,871 - DEBUG -   -----|-------|-------
2025-02-24 16:55:06,871 - DEBUG -      1 |    88 |  17.6
2025-02-24 16:55:06,871 - DEBUG -     Sample: [1 0 0 1 1 1 0 1]
2025-02-24 16:55:06,871 - DEBUG -      2 |    58 |  11.6
2025-02-24 16:55:06,871 - DEBUG -     Sample: [1 1 0 1 1 1 0 1]
2025-02-24 16:55:06,872 - DEBUG -      3 |    40 |   8.0
2025-02-24 16:55:06,872 - DEBUG -     Sample: [1 0 0 0 1 1 0 1]
2025-02-24 16:55:06,872 - DEBUG -      4 |    31 |   6.2
2025-02-24 16:55:06,872 - DEBUG -     Sample: [1 1 0 0 1 1 0 1]
2025-02-24 16:55:06,872 - DEBUG -      5 |    27 |   5.4
2025-02-24 16:55:06,873 - DEBUG -     Sample: [1 0 0 1 0 1 0 1]
2025-02-24 16:55:06,873 - DEBUG - Generated 73 unique samples from 500 total measurements
2025-02-24 16:55:06,875 - INFO -   No feasible solution found in this iteration
2025-02-24 16:55:06,875 - INFO -   Added 1 new constraints: [13]
2025-02-24 16:55:06,875 - INFO - 
Iteration 1:
2025-02-24 16:55:06,876 - DEBUG - Generated Ising Hamiltonian
2025-02-24 16:55:07,091 - DEBUG - Optimizing QAOA circuit...
2025-02-24 16:55:08,541 - DEBUG - Circuit optimization successful
2025-02-24 16:55:08,541 - DEBUG - Circuit optimization successful, final value: -3857.514735264735
2025-02-24 16:55:08,542 - DEBUG - Sampling from optimized circuit...
2025-02-24 16:55:08,556 - DEBUG - Generated 107 unique samples from 500 total measurements
2025-02-24 16:55:08,556 - DEBUG - 
Top 5 most frequent samples:
2025-02-24 16:55:08,556 - DEBUG -   Rank | Count |   %   
2025-02-24 16:55:08,556 - DEBUG -   -----|-------|-------
2025-02-24 16:55:08,556 - DEBUG -      1 |    51 |  10.2
2025-02-24 16:55:08,557 - DEBUG -     Sample: [0 1 0 0 0 1 0 0]
2025-02-24 16:55:08,557 - DEBUG -      2 |    26 |   5.2
2025-02-24 16:55:08,557 - DEBUG -     Sample: [0 1 0 0 1 1 0 0]
2025-02-24 16:55:08,557 - DEBUG -      3 |    22 |   4.4
2025-02-24 16:55:08,558 - DEBUG -     Sample: [0 1 0 0 0 0 0 0]
2025-02-24 16:55:08,558 - DEBUG -      4 |    21 |   4.2
2025-02-24 16:55:08,558 - DEBUG -     Sample: [0 1 1 0 0 1 0 0]
2025-02-24 16:55:08,558 - DEBUG -      5 |    20 |   4.0
2025-02-24 16:55:08,559 - DEBUG -     Sample: [0 1 0 1 0 1 0 0]
2025-02-24 16:55:08,559 - DEBUG - Generated 107 unique samples from 500 total measurements
2025-02-24 16:55:08,561 - INFO - Found feasible solution: [0 0 1 0 0 1 0 1] with objective value 205.0
2025-02-24 16:55:08,562 - INFO -   Found feasible solution:
2025-02-24 16:55:08,562 - INFO -     Solution: [0, 0, 1, 0, 0, 1, 0, 1]
2025-02-24 16:55:08,563 - INFO -     Value: 205.0
2025-02-24 16:55:08,563 - INFO -     Gap to reference: 48.55%
2025-02-24 16:55:08,563 - INFO -   Constraint generation solution found:
2025-02-24 16:55:08,564 - INFO -     Solution: [0, 0, 1, 0, 0, 1, 0, 1]
2025-02-24 16:55:08,564 - INFO -     Value: 205.0
2025-02-24 16:55:08,564 - INFO - 
Instance 86 results:
2025-02-24 16:55:08,564 - INFO -   Classical value: 138.0
2025-02-24 16:55:08,564 - INFO -   QAOA value: 138.0
2025-02-24 16:55:08,565 - INFO -   Constraint generation value: 205.0
2025-02-24 16:55:08,565 - INFO - 
Running instance 87/100
2025-02-24 16:55:08,567 - INFO - 
Running Classical Reference Solver (SCIP):
2025-02-24 16:55:08,568 - DEBUG - Problem dimensions: 25 constraints, 8 variables
2025-02-24 16:55:08,568 - DEBUG - Row names: ['ELEM1', 'ELEM2', 'ELEM3', 'ELEM4', 'ELEM5', 'ELEM6', 'ELEM7', 'ELEM8', 'ELEM9', 'ELEM10', 'ELEM11', 'ELEM12', 'ELEM13', 'ELEM14', 'ELEM15', 'ELEM16', 'ELEM17', 'ELEM18', 'ELEM19', 'ELEM20', 'ELEM21', 'ELEM22', 'ELEM23', 'ELEM24', 'ELEM25']
2025-02-24 16:55:08,568 - DEBUG - RHS values: {'ELEM1': 1.0, 'ELEM2': 1.0, 'ELEM3': 1.0, 'ELEM4': 1.0, 'ELEM5': 1.0, 'ELEM6': 1.0, 'ELEM7': 1.0, 'ELEM8': 1.0, 'ELEM9': 1.0, 'ELEM10': 1.0, 'ELEM11': 1.0, 'ELEM12': 1.0, 'ELEM13': 1.0, 'ELEM14': 1.0, 'ELEM15': 1.0, 'ELEM16': 1.0, 'ELEM17': 1.0, 'ELEM18': 1.0, 'ELEM19': 1.0, 'ELEM20': 1.0, 'ELEM21': 1.0, 'ELEM22': 1.0, 'ELEM23': 1.0, 'ELEM24': 1.0, 'ELEM25': 1.0}
2025-02-24 16:55:08,579 - INFO -   Reference solution found:
2025-02-24 16:55:08,579 - INFO -     Solution: [1, 0, 1, 1, 0, 0, 0, 0]
2025-02-24 16:55:08,580 - INFO -     Value: 128.0
2025-02-24 16:55:08,580 - INFO - 
Running QAOA Reference Solution (with all constraints):
