2025-02-23 17:42:22,954 - INFO - 
Problem information:
2025-02-23 17:42:22,954 - INFO -   Number of variables (n): 10
2025-02-23 17:42:22,954 - INFO -   Number of constraints (m): 30
2025-02-23 17:42:22,955 - DEBUG -   Density of A: 30.00%
2025-02-23 17:42:22,955 - INFO - 
Starting reference QAOA with parameters:
2025-02-23 17:42:22,955 - INFO -   sample_size (total shots): 200
2025-02-23 17:42:22,955 - INFO - Added all constraints
2025-02-23 17:42:22,956 - DEBUG - Generated Ising Hamiltonian
2025-02-23 17:42:23,159 - DEBUG - Optimizing QAOA circuit...
2025-02-23 17:42:24,766 - DEBUG - Circuit optimization successful
2025-02-23 17:42:24,766 - DEBUG - Circuit optimization successful, final value: 3176.8446553446556
2025-02-23 17:42:24,766 - DEBUG - Sampling from optimized circuit...
2025-02-23 17:42:24,780 - DEBUG - Generated 168 unique samples from 200 total measurements
2025-02-23 17:42:24,781 - DEBUG - 
Top 5 most frequent samples:
2025-02-23 17:42:24,781 - DEBUG -   Rank | Count |   %   
2025-02-23 17:42:24,781 - DEBUG -   -----|-------|-------
2025-02-23 17:42:24,781 - DEBUG -      1 |     3 |   1.5
2025-02-23 17:42:24,781 - DEBUG -     Sample: [0 0 0 1 1 1 0 1 0 0]
2025-02-23 17:42:24,781 - DEBUG -      2 |     3 |   1.5
2025-02-23 17:42:24,782 - DEBUG -     Sample: [1 0 1 0 1 0 1 1 1 0]
2025-02-23 17:42:24,782 - DEBUG -      3 |     3 |   1.5
2025-02-23 17:42:24,782 - DEBUG -     Sample: [0 1 0 1 1 1 0 1 0 0]
2025-02-23 17:42:24,782 - DEBUG -      4 |     3 |   1.5
2025-02-23 17:42:24,782 - DEBUG -     Sample: [1 1 0 0 1 0 0 0 0 1]
2025-02-23 17:42:24,782 - DEBUG -      5 |     3 |   1.5
2025-02-23 17:42:24,783 - DEBUG -     Sample: [0 1 0 0 1 0 1 0 0 0]
2025-02-23 17:42:24,783 - DEBUG - Generated 168 unique samples from 200 total measurements
2025-02-23 17:42:24,786 - INFO - No feasible solution found
2025-02-23 17:42:24,786 - INFO -   QAOA solver found no feasible solution
2025-02-23 17:42:24,787 - INFO - 
Running Constraint Generation:
2025-02-23 17:42:24,788 - INFO - 
Problem information:
2025-02-23 17:42:24,788 - INFO -   Number of variables (n): 10
2025-02-23 17:42:24,788 - INFO -   Number of constraints (m): 30
2025-02-23 17:42:24,788 - DEBUG -   Density of A: 30.00%
2025-02-23 17:42:24,788 - INFO - 
Running classical reference solver:
2025-02-23 17:42:24,798 - INFO -   Reference solution found:
2025-02-23 17:42:24,798 - INFO -     Solution: [1, 0, 1, 0, 0, 0, 0, 0, 0, 1]
2025-02-23 17:42:24,798 - INFO -     Value: 141.0
2025-02-23 17:42:24,799 - INFO - 
Starting quantum constraint generation with parameters:
2025-02-23 17:42:24,799 - INFO -   sample_size (total shots): 200
2025-02-23 17:42:24,799 - INFO -   tau: 0.1
2025-02-23 17:42:24,799 - INFO -   max_iters: 1000
2025-02-23 17:42:24,799 - INFO - 
Iteration 0:
2025-02-23 17:42:24,799 - DEBUG - Generated Ising Hamiltonian
2025-02-23 17:42:25,003 - DEBUG - Optimizing QAOA circuit...
2025-02-23 17:42:25,865 - DEBUG - Circuit optimization successful
2025-02-23 17:42:25,865 - DEBUG - Circuit optimization successful, final value: -275.35964035964037
2025-02-23 17:42:25,866 - DEBUG - Sampling from optimized circuit...
2025-02-23 17:42:25,875 - DEBUG - Generated 43 unique samples from 200 total measurements
2025-02-23 17:42:25,876 - DEBUG - 
Top 5 most frequent samples:
2025-02-23 17:42:25,876 - DEBUG -   Rank | Count |   %   
2025-02-23 17:42:25,876 - DEBUG -   -----|-------|-------
2025-02-23 17:42:25,876 - DEBUG -      1 |    56 |  28.0
2025-02-23 17:42:25,876 - DEBUG -     Sample: [1 1 1 1 1 1 1 1 0 0]
2025-02-23 17:42:25,877 - DEBUG -      2 |    23 |  11.5
2025-02-23 17:42:25,877 - DEBUG -     Sample: [1 1 1 0 1 1 1 1 0 0]
2025-02-23 17:42:25,877 - DEBUG -      3 |    16 |   8.0
2025-02-23 17:42:25,877 - DEBUG -     Sample: [1 1 1 1 1 1 1 0 0 0]
2025-02-23 17:42:25,878 - DEBUG -      4 |    11 |   5.5
2025-02-23 17:42:25,878 - DEBUG -     Sample: [0 1 1 1 1 1 1 1 0 0]
2025-02-23 17:42:25,878 - DEBUG -      5 |    10 |   5.0
2025-02-23 17:42:25,879 - DEBUG -     Sample: [1 0 1 1 1 1 1 1 0 0]
2025-02-23 17:42:25,879 - DEBUG - Generated 43 unique samples from 200 total measurements
2025-02-23 17:42:25,880 - INFO -   No feasible solution found in this iteration
2025-02-23 17:42:25,881 - INFO -   Added 1 new constraints: [21]
2025-02-23 17:42:25,881 - INFO - 
Iteration 1:
2025-02-23 17:42:25,882 - DEBUG - Generated Ising Hamiltonian
2025-02-23 17:42:26,080 - DEBUG - Optimizing QAOA circuit...
2025-02-23 17:42:26,977 - DEBUG - Circuit optimization successful
2025-02-23 17:42:26,977 - DEBUG - Circuit optimization successful, final value: -2892.132617382618
2025-02-23 17:42:26,977 - DEBUG - Sampling from optimized circuit...
2025-02-23 17:42:26,987 - DEBUG - Generated 104 unique samples from 200 total measurements
2025-02-23 17:42:26,987 - DEBUG - 
Top 5 most frequent samples:
2025-02-23 17:42:26,987 - DEBUG -   Rank | Count |   %   
2025-02-23 17:42:26,987 - DEBUG -   -----|-------|-------
2025-02-23 17:42:26,987 - DEBUG -      1 |    11 |   5.5
2025-02-23 17:42:26,988 - DEBUG -     Sample: [0 0 0 1 0 0 0 0 0 1]
2025-02-23 17:42:26,988 - DEBUG -      2 |     7 |   3.5
2025-02-23 17:42:26,988 - DEBUG -     Sample: [0 0 0 1 0 0 0 0 1 1]
2025-02-23 17:42:26,988 - DEBUG -      3 |     6 |   3.0
2025-02-23 17:42:26,989 - DEBUG -     Sample: [0 0 0 1 0 0 0 0 0 0]
2025-02-23 17:42:26,989 - DEBUG -      4 |     6 |   3.0
2025-02-23 17:42:26,989 - DEBUG -     Sample: [0 0 0 0 0 0 1 0 0 1]
2025-02-23 17:42:26,989 - DEBUG -      5 |     6 |   3.0
2025-02-23 17:42:26,989 - DEBUG -     Sample: [1 0 0 1 0 0 1 0 0 1]
2025-02-23 17:42:26,990 - DEBUG - Generated 104 unique samples from 200 total measurements
2025-02-23 17:42:26,991 - INFO - Found feasible solution: [0 1 0 0 0 0 0 1 1 0] with objective value 178.0
2025-02-23 17:42:26,992 - INFO -   Found feasible solution:
2025-02-23 17:42:26,992 - INFO -     Solution: [0, 1, 0, 0, 0, 0, 0, 1, 1, 0]
2025-02-23 17:42:26,993 - INFO -     Value: 178.0
2025-02-23 17:42:26,993 - INFO -     Gap to reference: 26.24%
2025-02-23 17:42:26,993 - INFO -   Constraint generation solution found:
2025-02-23 17:42:26,993 - INFO -     Solution: [0, 1, 0, 0, 0, 0, 0, 1, 1, 0]
2025-02-23 17:42:26,993 - INFO -     Value: 178.0
2025-02-23 17:42:26,993 - INFO - 
Instance 20 results:
2025-02-23 17:42:26,994 - INFO -   Classical value: 141.0
2025-02-23 17:42:26,994 - INFO -   QAOA value: 0.0
2025-02-23 17:42:26,994 - INFO -   Constraint generation value: 178.0
2025-02-23 17:42:28,797 - INFO - 
Comparison analysis completed. Results saved in: results/20250223_174226
