2025-02-23 17:40:50,534 - INFO - 
Problem information:
2025-02-23 17:40:50,534 - INFO -   Number of variables (n): 10
2025-02-23 17:40:50,534 - INFO -   Number of constraints (m): 30
2025-02-23 17:40:50,534 - DEBUG -   Density of A: 23.33%
2025-02-23 17:40:50,534 - INFO - 
Starting reference QAOA with parameters:
2025-02-23 17:40:50,535 - INFO -   sample_size (total shots): 200
2025-02-23 17:40:50,535 - INFO - Added all constraints
2025-02-23 17:40:50,535 - DEBUG - Generated Ising Hamiltonian
2025-02-23 17:40:50,740 - DEBUG - Optimizing QAOA circuit...
2025-02-23 17:40:51,851 - DEBUG - Circuit optimization successful
2025-02-23 17:40:51,851 - DEBUG - Circuit optimization successful, final value: 5635.995004995006
2025-02-23 17:40:51,851 - DEBUG - Sampling from optimized circuit...
2025-02-23 17:40:51,866 - DEBUG - Generated 104 unique samples from 200 total measurements
2025-02-23 17:40:51,866 - DEBUG - 
Top 5 most frequent samples:
2025-02-23 17:40:51,866 - DEBUG -   Rank | Count |   %   
2025-02-23 17:40:51,866 - DEBUG -   -----|-------|-------
2025-02-23 17:40:51,867 - DEBUG -      1 |    10 |   5.0
2025-02-23 17:40:51,867 - DEBUG -     Sample: [0 1 0 1 1 0 0 0 1 1]
2025-02-23 17:40:51,867 - DEBUG -      2 |    10 |   5.0
2025-02-23 17:40:51,867 - DEBUG -     Sample: [0 1 1 1 1 0 0 0 1 1]
2025-02-23 17:40:51,867 - DEBUG -      3 |     8 |   4.0
2025-02-23 17:40:51,867 - DEBUG -     Sample: [0 1 1 1 0 0 0 1 1 1]
2025-02-23 17:40:51,868 - DEBUG -      4 |     7 |   3.5
2025-02-23 17:40:51,868 - DEBUG -     Sample: [0 1 1 1 0 0 0 0 1 1]
2025-02-23 17:40:51,868 - DEBUG -      5 |     6 |   3.0
2025-02-23 17:40:51,868 - DEBUG -     Sample: [0 0 0 1 0 0 0 0 1 1]
2025-02-23 17:40:51,869 - DEBUG - Generated 104 unique samples from 200 total measurements
2025-02-23 17:40:51,871 - INFO - No feasible solution found
2025-02-23 17:40:51,871 - INFO -   QAOA solver found no feasible solution
2025-02-23 17:40:51,871 - INFO - 
Running Constraint Generation:
2025-02-23 17:40:51,872 - INFO - 
Problem information:
2025-02-23 17:40:51,873 - INFO -   Number of variables (n): 10
2025-02-23 17:40:51,873 - INFO -   Number of constraints (m): 30
2025-02-23 17:40:51,873 - DEBUG -   Density of A: 23.33%
2025-02-23 17:40:51,873 - INFO - 
Running classical reference solver:
2025-02-23 17:40:51,883 - INFO -   Reference solution found:
2025-02-23 17:40:51,883 - INFO -     Solution: [1, 1, 0, 1, 0, 0, 0, 0, 0, 0]
2025-02-23 17:40:51,883 - INFO -     Value: 54.0
2025-02-23 17:40:51,884 - INFO - 
Starting quantum constraint generation with parameters:
2025-02-23 17:40:51,884 - INFO -   sample_size (total shots): 200
2025-02-23 17:40:51,884 - INFO -   tau: 0.1
2025-02-23 17:40:51,884 - INFO -   max_iters: 1000
2025-02-23 17:40:51,884 - INFO - 
Iteration 0:
2025-02-23 17:40:51,884 - DEBUG - Generated Ising Hamiltonian
2025-02-23 17:40:52,086 - DEBUG - Optimizing QAOA circuit...
2025-02-23 17:40:53,107 - DEBUG - Circuit optimization successful
2025-02-23 17:40:53,107 - DEBUG - Circuit optimization successful, final value: -219.34265734265736
2025-02-23 17:40:53,108 - DEBUG - Sampling from optimized circuit...
2025-02-23 17:40:53,117 - DEBUG - Generated 54 unique samples from 200 total measurements
2025-02-23 17:40:53,117 - DEBUG - 
Top 5 most frequent samples:
2025-02-23 17:40:53,117 - DEBUG -   Rank | Count |   %   
2025-02-23 17:40:53,117 - DEBUG -   -----|-------|-------
2025-02-23 17:40:53,117 - DEBUG -      1 |    26 |  13.0
2025-02-23 17:40:53,117 - DEBUG -     Sample: [1 1 1 1 1 1 1 0 0 1]
2025-02-23 17:40:53,117 - DEBUG -      2 |    25 |  12.5
2025-02-23 17:40:53,118 - DEBUG -     Sample: [0 1 1 1 1 1 1 0 0 1]
2025-02-23 17:40:53,118 - DEBUG -      3 |    16 |   8.0
2025-02-23 17:40:53,118 - DEBUG -     Sample: [1 1 1 1 1 1 1 0 1 1]
2025-02-23 17:40:53,118 - DEBUG -      4 |    15 |   7.5
2025-02-23 17:40:53,118 - DEBUG -     Sample: [0 1 1 1 1 1 1 0 1 1]
2025-02-23 17:40:53,119 - DEBUG -      5 |    12 |   6.0
2025-02-23 17:40:53,119 - DEBUG -     Sample: [0 1 1 1 1 1 1 1 1 1]
2025-02-23 17:40:53,119 - DEBUG - Generated 54 unique samples from 200 total measurements
2025-02-23 17:40:53,121 - INFO -   No feasible solution found in this iteration
2025-02-23 17:40:53,121 - INFO -   Added 1 new constraints: [13]
2025-02-23 17:40:53,121 - INFO - 
Iteration 1:
2025-02-23 17:40:53,122 - DEBUG - Generated Ising Hamiltonian
2025-02-23 17:40:53,309 - DEBUG - Optimizing QAOA circuit...
2025-02-23 17:40:54,077 - DEBUG - Circuit optimization successful
2025-02-23 17:40:54,078 - DEBUG - Circuit optimization successful, final value: -1194.8806193806195
2025-02-23 17:40:54,078 - DEBUG - Sampling from optimized circuit...
2025-02-23 17:40:54,087 - DEBUG - Generated 175 unique samples from 200 total measurements
2025-02-23 17:40:54,088 - DEBUG - 
Top 5 most frequent samples:
2025-02-23 17:40:54,088 - DEBUG -   Rank | Count |   %   
2025-02-23 17:40:54,088 - DEBUG -   -----|-------|-------
2025-02-23 17:40:54,088 - DEBUG -      1 |     4 |   2.0
2025-02-23 17:40:54,088 - DEBUG -     Sample: [1 0 0 1 0 1 1 1 0 1]
2025-02-23 17:40:54,088 - DEBUG -      2 |     4 |   2.0
2025-02-23 17:40:54,088 - DEBUG -     Sample: [1 0 0 1 0 0 1 1 1 1]
2025-02-23 17:40:54,088 - DEBUG -      3 |     3 |   1.5
2025-02-23 17:40:54,089 - DEBUG -     Sample: [1 1 0 1 0 0 1 0 1 1]
2025-02-23 17:40:54,089 - DEBUG -      4 |     2 |   1.0
2025-02-23 17:40:54,089 - DEBUG -     Sample: [1 1 0 1 0 0 1 1 1 0]
2025-02-23 17:40:54,089 - DEBUG -      5 |     2 |   1.0
2025-02-23 17:40:54,089 - DEBUG -     Sample: [0 0 1 0 0 0 1 1 1 0]
2025-02-23 17:40:54,090 - DEBUG - Generated 175 unique samples from 200 total measurements
2025-02-23 17:40:54,092 - INFO -   No feasible solution found in this iteration
2025-02-23 17:40:54,093 - INFO -   Added 2 new constraints: [24, 28]
2025-02-23 17:40:54,093 - INFO - 
Iteration 2:
2025-02-23 17:40:54,093 - DEBUG - Generated Ising Hamiltonian
2025-02-23 17:40:54,269 - DEBUG - Optimizing QAOA circuit...
2025-02-23 17:40:55,204 - DEBUG - Circuit optimization successful
2025-02-23 17:40:55,204 - DEBUG - Circuit optimization successful, final value: -1213.405094905095
2025-02-23 17:40:55,204 - DEBUG - Sampling from optimized circuit...
2025-02-23 17:40:55,214 - DEBUG - Generated 157 unique samples from 200 total measurements
2025-02-23 17:40:55,214 - DEBUG - 
Top 5 most frequent samples:
2025-02-23 17:40:55,214 - DEBUG -   Rank | Count |   %   
2025-02-23 17:40:55,214 - DEBUG -   -----|-------|-------
2025-02-23 17:40:55,214 - DEBUG -      1 |     4 |   2.0
2025-02-23 17:40:55,215 - DEBUG -     Sample: [1 1 0 1 0 1 0 1 1 1]
2025-02-23 17:40:55,215 - DEBUG -      2 |     3 |   1.5
2025-02-23 17:40:55,215 - DEBUG -     Sample: [0 0 1 0 0 1 1 1 1 1]
2025-02-23 17:40:55,216 - DEBUG -      3 |     3 |   1.5
2025-02-23 17:40:55,216 - DEBUG -     Sample: [1 1 1 1 1 1 0 1 1 0]
2025-02-23 17:40:55,216 - DEBUG -      4 |     3 |   1.5
2025-02-23 17:40:55,216 - DEBUG -     Sample: [1 0 1 0 1 1 0 1 1 0]
2025-02-23 17:40:55,217 - DEBUG -      5 |     3 |   1.5
2025-02-23 17:40:55,217 - DEBUG -     Sample: [1 0 0 1 0 1 1 1 1 0]
2025-02-23 17:40:55,218 - DEBUG - Generated 157 unique samples from 200 total measurements
2025-02-23 17:40:55,220 - INFO - Found feasible solution: [0 0 0 0 1 1 1 1 1 1] with objective value 374.0
2025-02-23 17:40:55,221 - INFO -   Found feasible solution:
2025-02-23 17:40:55,221 - INFO -     Solution: [0, 0, 0, 0, 1, 1, 1, 1, 1, 1]
2025-02-23 17:40:55,221 - INFO -     Value: 374.0
2025-02-23 17:40:55,221 - INFO -     Gap to reference: 592.59%
2025-02-23 17:40:55,221 - INFO -   Constraint generation solution found:
2025-02-23 17:40:55,221 - INFO -     Solution: [0, 0, 0, 0, 1, 1, 1, 1, 1, 1]
2025-02-23 17:40:55,222 - INFO -     Value: 374.0
2025-02-23 17:40:55,222 - INFO - 
Instance 6 results:
2025-02-23 17:40:55,222 - INFO -   Classical value: 54.0
2025-02-23 17:40:55,222 - INFO -   QAOA value: 0.0
2025-02-23 17:40:55,222 - INFO -   Constraint generation value: 374.0
2025-02-23 17:40:55,222 - INFO - 
Running instance 7/20
2025-02-23 17:40:55,224 - INFO - 
Running Classical Reference Solver (SCIP):
2025-02-23 17:40:55,225 - DEBUG - Problem dimensions: 30 constraints, 10 variables
2025-02-23 17:40:55,225 - DEBUG - Row names: ['ELEM1', 'ELEM2', 'ELEM3', 'ELEM4', 'ELEM5', 'ELEM6', 'ELEM7', 'ELEM8', 'ELEM9', 'ELEM10', 'ELEM11', 'ELEM12', 'ELEM13', 'ELEM14', 'ELEM15', 'ELEM16', 'ELEM17', 'ELEM18', 'ELEM19', 'ELEM20', 'ELEM21', 'ELEM22', 'ELEM23', 'ELEM24', 'ELEM25', 'ELEM26', 'ELEM27', 'ELEM28', 'ELEM29', 'ELEM30']
2025-02-23 17:40:55,225 - DEBUG - RHS values: {'ELEM1': 1.0, 'ELEM2': 1.0, 'ELEM3': 1.0, 'ELEM4': 1.0, 'ELEM5': 1.0, 'ELEM6': 1.0, 'ELEM7': 1.0, 'ELEM8': 1.0, 'ELEM9': 1.0, 'ELEM10': 1.0, 'ELEM11': 1.0, 'ELEM12': 1.0, 'ELEM13': 1.0, 'ELEM14': 1.0, 'ELEM15': 1.0, 'ELEM16': 1.0, 'ELEM17': 1.0, 'ELEM18': 1.0, 'ELEM19': 1.0, 'ELEM20': 1.0, 'ELEM21': 1.0, 'ELEM22': 1.0, 'ELEM23': 1.0, 'ELEM24': 1.0, 'ELEM25': 1.0, 'ELEM26': 1.0, 'ELEM27': 1.0, 'ELEM28': 1.0, 'ELEM29': 1.0, 'ELEM30': 1.0}
2025-02-23 17:40:55,234 - INFO -   Reference solution found:
2025-02-23 17:40:55,234 - INFO -     Solution: [1, 1, 1, 0, 0, 0, 0, 0, 0, 1]
2025-02-23 17:40:55,235 - INFO -     Value: 91.00000000000001
2025-02-23 17:40:55,235 - INFO - 
Running QAOA Reference Solution (with all constraints):
