
Problem information:
  Number of variables (n): 12
  Number of constraints (m): 40

Starting reference QAOA with parameters:
  sample_size (total shots): 1000
Added all constraints
No feasible solution found
  QAOA solver found no feasible solution

Running Constraint Generation:

Problem information:
  Number of variables (n): 12
  Number of constraints (m): 40

Running classical reference solver:
  Reference solution found:
    Solution: [0, 0, 0, 0, 1, 0, 0, 0, 0, 0, 1, 1]
    Value: 273.00000000000006

Starting quantum constraint generation with parameters:
  sample_size (total shots): 1000
  tau: 0.1
  max_iters: 1000

Iteration 0:
  No feasible solution found in this iteration
  Added 1 new constraints: [33]

Iteration 1:
  No feasible solution found in this iteration
  Added 1 new constraints: [24]

Iteration 2:
  No feasible solution found in this iteration
  No new constraints added, lowered tau multiplier: 1.0 -> 0.9
  Added 1 new constraints: [23]

Iteration 3:
  No feasible solution found in this iteration
  Added 1 new constraints: [15]

Iteration 4:
  No feasible solution found in this iteration
  Added 1 new constraints: [18]

Iteration 5:
  No feasible solution found in this iteration
  Added 2 new constraints: [16, 25]

Iteration 6:
Found feasible solution: [0 0 0 0 1 0 0 0 0 0 1 1] with objective value 273.0
  Found feasible solution:
    Solution: [0, 0, 0, 0, 1, 0, 0, 0, 0, 0, 1, 1]
    Value: 273.0
    Gap to reference: -0.00%
  Constraint generation solution found:
    Solution: [0, 0, 0, 0, 1, 0, 0, 0, 0, 0, 1, 1]
    Value: 273.0

Instance 49 results:
  Classical value: 273.00000000000006
  QAOA value: 0.0
  Constraint generation value: 273.0

Running instance 50/100

Running Classical Reference Solver (SCIP):
  Reference solution found:
    Solution: [1, 0, 0, 0, 1, 0, 0, 0, 0, 1, 1, 1]
    Value: 188.99999999999997

Running QAOA Reference Solution (with all constraints):
