2025-02-23 18:53:28,225 - INFO - 
Problem information:
2025-02-23 18:53:28,225 - INFO -   Number of variables (n): 10
2025-02-23 18:53:28,226 - INFO -   Number of constraints (m): 20
2025-02-23 18:53:28,226 - DEBUG -   Density of A: 49.00%
2025-02-23 18:53:28,226 - INFO - 
Starting reference QAOA with parameters:
2025-02-23 18:53:28,226 - INFO -   sample_size (total shots): 100
2025-02-23 18:53:28,226 - INFO - Added all constraints
2025-02-23 18:53:28,226 - DEBUG - Generated Ising Hamiltonian
2025-02-23 18:53:28,468 - DEBUG - Optimizing QAOA circuit...
2025-02-23 18:53:30,307 - DEBUG - Circuit optimization successful
2025-02-23 18:53:30,308 - DEBUG - Circuit optimization successful, final value: -7545.64135864136
2025-02-23 18:53:30,308 - DEBUG - Sampling from optimized circuit...
2025-02-23 18:53:30,320 - DEBUG - Generated 94 unique samples from 100 total measurements
2025-02-23 18:53:30,321 - DEBUG - 
Top 5 most frequent samples:
2025-02-23 18:53:30,321 - DEBUG -   Rank | Count |   %   
2025-02-23 18:53:30,321 - DEBUG -   -----|-------|-------
2025-02-23 18:53:30,321 - DEBUG -      1 |     2 |   2.0
2025-02-23 18:53:30,322 - DEBUG -     Sample: [0 0 1 0 0 1 0 0 1 0]
2025-02-23 18:53:30,322 - DEBUG -      2 |     2 |   2.0
2025-02-23 18:53:30,322 - DEBUG -     Sample: [0 0 1 1 0 0 0 0 1 0]
2025-02-23 18:53:30,322 - DEBUG -      3 |     2 |   2.0
2025-02-23 18:53:30,322 - DEBUG -     Sample: [0 1 0 1 1 1 1 0 0 0]
2025-02-23 18:53:30,323 - DEBUG -      4 |     2 |   2.0
2025-02-23 18:53:30,323 - DEBUG -     Sample: [1 0 0 1 1 0 1 1 0 1]
2025-02-23 18:53:30,323 - DEBUG -      5 |     2 |   2.0
2025-02-23 18:53:30,323 - DEBUG -     Sample: [1 0 0 0 0 1 0 0 1 0]
2025-02-23 18:53:30,323 - DEBUG - Generated 94 unique samples from 100 total measurements
2025-02-23 18:53:30,325 - INFO - Found feasible solution: [0 1 0 0 0 1 0 0 0 0] with objective value 112.0
2025-02-23 18:53:30,325 - INFO - Found feasible solution:
2025-02-23 18:53:30,326 - INFO -   Solution: [0, 1, 0, 0, 0, 1, 0, 0, 0, 0]
2025-02-23 18:53:30,326 - INFO -   Value: 112.0
2025-02-23 18:53:30,326 - INFO -   QAOA solution found:
2025-02-23 18:53:30,326 - INFO -     Solution: [0, 1, 0, 0, 0, 1, 0, 0, 0, 0]
2025-02-23 18:53:30,326 - INFO -     Value: 112.0
2025-02-23 18:53:30,326 - INFO - 
Running Constraint Generation:
2025-02-23 18:53:30,328 - INFO - 
Problem information:
2025-02-23 18:53:30,328 - INFO -   Number of variables (n): 10
2025-02-23 18:53:30,328 - INFO -   Number of constraints (m): 20
2025-02-23 18:53:30,329 - DEBUG -   Density of A: 49.00%
2025-02-23 18:53:30,329 - INFO - 
Running classical reference solver:
2025-02-23 18:53:30,339 - INFO -   Reference solution found:
2025-02-23 18:53:30,339 - INFO -     Solution: [0, 1, 0, 0, 0, 1, 0, 0, 0, 0]
2025-02-23 18:53:30,339 - INFO -     Value: 112.0
2025-02-23 18:53:30,339 - INFO - 
Starting quantum constraint generation with parameters:
2025-02-23 18:53:30,340 - INFO -   sample_size (total shots): 100
2025-02-23 18:53:30,340 - INFO -   tau: 0.1
2025-02-23 18:53:30,340 - INFO -   max_iters: 1000
2025-02-23 18:53:30,340 - INFO - 
Iteration 0:
2025-02-23 18:53:30,340 - DEBUG - Generated Ising Hamiltonian
2025-02-23 18:53:30,539 - DEBUG - Optimizing QAOA circuit...
2025-02-23 18:53:31,511 - DEBUG - Circuit optimization successful
2025-02-23 18:53:31,511 - DEBUG - Circuit optimization successful, final value: -252.957042957043
2025-02-23 18:53:31,511 - DEBUG - Sampling from optimized circuit...
2025-02-23 18:53:31,520 - DEBUG - Generated 54 unique samples from 100 total measurements
2025-02-23 18:53:31,521 - DEBUG - 
Top 5 most frequent samples:
2025-02-23 18:53:31,521 - DEBUG -   Rank | Count |   %   
2025-02-23 18:53:31,521 - DEBUG -   -----|-------|-------
2025-02-23 18:53:31,521 - DEBUG -      1 |     8 |   8.0
2025-02-23 18:53:31,522 - DEBUG -     Sample: [1 1 1 1 1 1 1 0 0 0]
2025-02-23 18:53:31,522 - DEBUG -      2 |     7 |   7.0
2025-02-23 18:53:31,522 - DEBUG -     Sample: [1 1 1 1 1 1 1 0 0 1]
2025-02-23 18:53:31,522 - DEBUG -      3 |     5 |   5.0
2025-02-23 18:53:31,522 - DEBUG -     Sample: [0 1 1 1 1 1 1 0 1 1]
2025-02-23 18:53:31,523 - DEBUG -      4 |     5 |   5.0
2025-02-23 18:53:31,523 - DEBUG -     Sample: [1 1 0 1 1 1 1 0 0 1]
2025-02-23 18:53:31,523 - DEBUG -      5 |     4 |   4.0
2025-02-23 18:53:31,523 - DEBUG -     Sample: [0 1 0 1 1 1 1 0 0 1]
2025-02-23 18:53:31,523 - DEBUG - Generated 54 unique samples from 100 total measurements
2025-02-23 18:53:31,524 - INFO -   No feasible solution found in this iteration
2025-02-23 18:53:31,525 - INFO -   Added 5 new constraints: [0, 4, 8, 13, 14]
2025-02-23 18:53:31,525 - INFO - 
Iteration 1:
2025-02-23 18:53:31,525 - DEBUG - Generated Ising Hamiltonian
2025-02-23 18:53:31,708 - DEBUG - Optimizing QAOA circuit...
2025-02-23 18:53:32,796 - DEBUG - Circuit optimization successful
2025-02-23 18:53:32,796 - DEBUG - Circuit optimization successful, final value: 47721.91508491508
2025-02-23 18:53:32,796 - DEBUG - Sampling from optimized circuit...
2025-02-23 18:53:32,808 - DEBUG - Generated 46 unique samples from 100 total measurements
2025-02-23 18:53:32,808 - DEBUG - 
Top 5 most frequent samples:
2025-02-23 18:53:32,809 - DEBUG -   Rank | Count |   %   
2025-02-23 18:53:32,809 - DEBUG -   -----|-------|-------
2025-02-23 18:53:32,809 - DEBUG -      1 |     9 |   9.0
2025-02-23 18:53:32,809 - DEBUG -     Sample: [1 1 0 1 0 1 1 0 0 1]
2025-02-23 18:53:32,810 - DEBUG -      2 |     8 |   8.0
2025-02-23 18:53:32,810 - DEBUG -     Sample: [1 1 0 1 1 1 1 0 0 1]
2025-02-23 18:53:32,810 - DEBUG -      3 |     7 |   7.0
2025-02-23 18:53:32,810 - DEBUG -     Sample: [1 1 0 1 1 1 1 1 0 1]
2025-02-23 18:53:32,810 - DEBUG -      4 |     5 |   5.0
2025-02-23 18:53:32,810 - DEBUG -     Sample: [1 1 0 1 0 1 1 0 1 1]
2025-02-23 18:53:32,811 - DEBUG -      5 |     4 |   4.0
2025-02-23 18:53:32,811 - DEBUG -     Sample: [1 1 0 1 1 1 1 1 1 1]
2025-02-23 18:53:32,811 - DEBUG - Generated 46 unique samples from 100 total measurements
2025-02-23 18:53:32,812 - INFO -   No feasible solution found in this iteration
2025-02-23 18:53:32,813 - INFO -   Added 13 new constraints: [2, 3, 5, 6, 7, 9, 11, 12, 15, 16, 17, 18, 19]
2025-02-23 18:53:32,813 - INFO - 
Iteration 2:
2025-02-23 18:53:32,814 - DEBUG - Generated Ising Hamiltonian
2025-02-23 18:53:33,015 - DEBUG - Optimizing QAOA circuit...
2025-02-23 18:53:34,364 - DEBUG - Circuit optimization successful
2025-02-23 18:53:34,365 - DEBUG - Circuit optimization successful, final value: -76648.01998001998
2025-02-23 18:53:34,365 - DEBUG - Sampling from optimized circuit...
2025-02-23 18:53:34,380 - DEBUG - Generated 52 unique samples from 100 total measurements
2025-02-23 18:53:34,380 - DEBUG - 
Top 5 most frequent samples:
2025-02-23 18:53:34,380 - DEBUG -   Rank | Count |   %   
2025-02-23 18:53:34,380 - DEBUG -   -----|-------|-------
2025-02-23 18:53:34,381 - DEBUG -      1 |    11 |  11.0
2025-02-23 18:53:34,381 - DEBUG -     Sample: [0 1 1 1 1 0 0 0 0 0]
2025-02-23 18:53:34,381 - DEBUG -      2 |    11 |  11.0
2025-02-23 18:53:34,381 - DEBUG -     Sample: [0 1 1 1 1 0 1 0 0 0]
2025-02-23 18:53:34,381 - DEBUG -      3 |     8 |   8.0
2025-02-23 18:53:34,382 - DEBUG -     Sample: [0 1 1 1 0 0 1 0 0 0]
2025-02-23 18:53:34,382 - DEBUG -      4 |     6 |   6.0
2025-02-23 18:53:34,382 - DEBUG -     Sample: [0 1 1 1 1 0 1 0 1 0]
2025-02-23 18:53:34,382 - DEBUG -      5 |     4 |   4.0
2025-02-23 18:53:34,382 - DEBUG -     Sample: [0 1 1 1 1 1 0 0 0 0]
2025-02-23 18:53:34,383 - DEBUG - Generated 52 unique samples from 100 total measurements
2025-02-23 18:53:34,384 - INFO -   No feasible solution found in this iteration
2025-02-23 18:53:34,384 - INFO -   No new constraints added, lowered tau multiplier: 1.0 -> 0.9
2025-02-23 18:53:34,385 - INFO -   No new constraints added, lowered tau multiplier: 0.9 -> 0.8
2025-02-23 18:53:34,385 - INFO -   No new constraints added, lowered tau multiplier: 0.8 -> 0.7
2025-02-23 18:53:34,385 - INFO -   Added 2 new constraints: [1, 10]
2025-02-23 18:53:34,385 - INFO - 
Iteration 3:
2025-02-23 18:53:34,386 - DEBUG - Generated Ising Hamiltonian
2025-02-23 18:53:34,630 - DEBUG - Optimizing QAOA circuit...
2025-02-23 18:53:35,889 - DEBUG - Circuit optimization successful
2025-02-23 18:53:35,890 - DEBUG - Circuit optimization successful, final value: -225459.62737262738
2025-02-23 18:53:35,890 - DEBUG - Sampling from optimized circuit...
2025-02-23 18:53:35,901 - DEBUG - Generated 28 unique samples from 100 total measurements
2025-02-23 18:53:35,902 - DEBUG - 
Top 5 most frequent samples:
2025-02-23 18:53:35,902 - DEBUG -   Rank | Count |   %   
2025-02-23 18:53:35,902 - DEBUG -   -----|-------|-------
2025-02-23 18:53:35,902 - DEBUG -      1 |    34 |  34.0
2025-02-23 18:53:35,902 - DEBUG -     Sample: [0 0 1 0 0 0 1 0 0 0]
2025-02-23 18:53:35,902 - DEBUG -      2 |    15 |  15.0
2025-02-23 18:53:35,903 - DEBUG -     Sample: [0 0 1 0 1 0 1 0 0 0]
2025-02-23 18:53:35,903 - DEBUG -      3 |     8 |   8.0
2025-02-23 18:53:35,903 - DEBUG -     Sample: [0 0 1 0 0 1 1 0 0 0]
2025-02-23 18:53:35,903 - DEBUG -      4 |     6 |   6.0
2025-02-23 18:53:35,904 - DEBUG -     Sample: [1 0 1 0 0 0 1 0 0 0]
2025-02-23 18:53:35,904 - DEBUG -      5 |     4 |   4.0
2025-02-23 18:53:35,904 - DEBUG -     Sample: [1 0 1 0 1 0 1 0 0 0]
2025-02-23 18:53:35,904 - DEBUG - Generated 28 unique samples from 100 total measurements
2025-02-23 18:53:35,905 - INFO -   No feasible solution found in this iteration
2025-02-23 18:53:35,905 - INFO -   All constraints added, exiting
2025-02-23 18:53:35,906 - INFO -   Constraint generation found no feasible solution
2025-02-23 18:53:35,906 - INFO - 
Instance 80 results:
2025-02-23 18:53:35,906 - INFO -   Classical value: 112.0
2025-02-23 18:53:35,906 - INFO -   QAOA value: 112.0
2025-02-23 18:53:35,906 - INFO -   Constraint generation value: 0.0
2025-02-23 18:53:35,907 - INFO - 
Running instance 81/100
2025-02-23 18:53:35,908 - INFO - 
Running Classical Reference Solver (SCIP):
2025-02-23 18:53:35,909 - DEBUG - Problem dimensions: 20 constraints, 10 variables
2025-02-23 18:53:35,909 - DEBUG - Row names: ['ELEM1', 'ELEM2', 'ELEM3', 'ELEM4', 'ELEM5', 'ELEM6', 'ELEM7', 'ELEM8', 'ELEM9', 'ELEM10', 'ELEM11', 'ELEM12', 'ELEM13', 'ELEM14', 'ELEM15', 'ELEM16', 'ELEM17', 'ELEM18', 'ELEM19', 'ELEM20']
2025-02-23 18:53:35,909 - DEBUG - RHS values: {'ELEM1': 1.0, 'ELEM2': 1.0, 'ELEM3': 1.0, 'ELEM4': 1.0, 'ELEM5': 1.0, 'ELEM6': 1.0, 'ELEM7': 1.0, 'ELEM8': 1.0, 'ELEM9': 1.0, 'ELEM10': 1.0, 'ELEM11': 1.0, 'ELEM12': 1.0, 'ELEM13': 1.0, 'ELEM14': 1.0, 'ELEM15': 1.0, 'ELEM16': 1.0, 'ELEM17': 1.0, 'ELEM18': 1.0, 'ELEM19': 1.0, 'ELEM20': 1.0}
2025-02-23 18:53:35,919 - INFO -   Reference solution found:
2025-02-23 18:53:35,920 - INFO -     Solution: [0, 0, 0, 1, 0, 0, 0, 0, 0, 1]
2025-02-23 18:53:35,920 - INFO -     Value: 69.0
2025-02-23 18:53:35,920 - INFO - 
Running QAOA Reference Solution (with all constraints):
