2025-02-24 16:48:13,038 - INFO - 
Problem information:
2025-02-24 16:48:13,039 - INFO -   Number of variables (n): 8
2025-02-24 16:48:13,039 - INFO -   Number of constraints (m): 25
2025-02-24 16:48:13,039 - DEBUG -   Density of A: 29.00%
2025-02-24 16:48:13,039 - INFO - 
Starting reference QAOA with parameters:
2025-02-24 16:48:13,040 - INFO -   sample_size (total shots): 500
2025-02-24 16:48:13,040 - INFO - Added all constraints
2025-02-24 16:48:13,040 - DEBUG - Generated Ising Hamiltonian
2025-02-24 16:48:13,492 - DEBUG - Optimizing QAOA circuit...
2025-02-24 16:48:15,941 - DEBUG - Circuit optimization successful
2025-02-24 16:48:15,942 - DEBUG - Circuit optimization successful, final value: -3166.9330669330657
2025-02-24 16:48:15,942 - DEBUG - Sampling from optimized circuit...
2025-02-24 16:48:15,964 - DEBUG - Generated 144 unique samples from 500 total measurements
2025-02-24 16:48:15,964 - DEBUG - 
Top 5 most frequent samples:
2025-02-24 16:48:15,964 - DEBUG -   Rank | Count |   %   
2025-02-24 16:48:15,964 - DEBUG -   -----|-------|-------
2025-02-24 16:48:15,964 - DEBUG -      1 |    36 |   7.2
2025-02-24 16:48:15,965 - DEBUG -     Sample: [0 0 0 1 0 0 0 0]
2025-02-24 16:48:15,965 - DEBUG -      2 |    25 |   5.0
2025-02-24 16:48:15,965 - DEBUG -     Sample: [1 0 1 1 1 0 1 0]
2025-02-24 16:48:15,965 - DEBUG -      3 |    19 |   3.8
2025-02-24 16:48:15,965 - DEBUG -     Sample: [1 1 1 1 1 0 1 0]
2025-02-24 16:48:15,966 - DEBUG -      4 |    18 |   3.6
2025-02-24 16:48:15,966 - DEBUG -     Sample: [0 0 0 1 1 0 0 0]
2025-02-24 16:48:15,966 - DEBUG -      5 |    16 |   3.2
2025-02-24 16:48:15,966 - DEBUG -     Sample: [1 1 1 1 1 0 0 0]
2025-02-24 16:48:15,967 - DEBUG - Generated 144 unique samples from 500 total measurements
2025-02-24 16:48:15,969 - INFO - Found feasible solution: [0 0 1 0 1 0 1 0] with objective value 150.0
2025-02-24 16:48:15,970 - INFO - Found feasible solution:
2025-02-24 16:48:15,970 - INFO -   Solution: [0, 0, 1, 0, 1, 0, 1, 0]
2025-02-24 16:48:15,970 - INFO -   Value: 150.0
2025-02-24 16:48:15,971 - INFO -   QAOA solution found:
2025-02-24 16:48:15,971 - INFO -     Solution: [0, 0, 1, 0, 1, 0, 1, 0]
2025-02-24 16:48:15,971 - INFO -     Value: 150.0
2025-02-24 16:48:15,971 - INFO - 
Running Constraint Generation:
2025-02-24 16:48:15,972 - INFO - 
Problem information:
2025-02-24 16:48:15,973 - INFO -   Number of variables (n): 8
2025-02-24 16:48:15,973 - INFO -   Number of constraints (m): 25
2025-02-24 16:48:15,973 - DEBUG -   Density of A: 29.00%
2025-02-24 16:48:15,973 - INFO - 
Running classical reference solver:
2025-02-24 16:48:15,985 - INFO -   Reference solution found:
2025-02-24 16:48:15,985 - INFO -     Solution: [0, 0, 1, 0, 1, 0, 1, 0]
2025-02-24 16:48:15,985 - INFO -     Value: 150.0
2025-02-24 16:48:15,985 - INFO - 
Starting quantum constraint generation with parameters:
2025-02-24 16:48:15,985 - INFO -   sample_size (total shots): 500
2025-02-24 16:48:15,985 - INFO -   tau: 0.1
2025-02-24 16:48:15,985 - INFO -   max_iters: 1000
2025-02-24 16:48:15,986 - INFO - 
Iteration 0:
2025-02-24 16:48:15,986 - DEBUG - Generated Ising Hamiltonian
2025-02-24 16:48:16,253 - DEBUG - Optimizing QAOA circuit...
2025-02-24 16:48:17,737 - DEBUG - Circuit optimization successful
2025-02-24 16:48:17,738 - DEBUG - Circuit optimization successful, final value: -176.3056943056943
2025-02-24 16:48:17,738 - DEBUG - Sampling from optimized circuit...
2025-02-24 16:48:17,749 - DEBUG - Generated 61 unique samples from 500 total measurements
2025-02-24 16:48:17,750 - DEBUG - 
Top 5 most frequent samples:
2025-02-24 16:48:17,750 - DEBUG -   Rank | Count |   %   
2025-02-24 16:48:17,750 - DEBUG -   -----|-------|-------
2025-02-24 16:48:17,750 - DEBUG -      1 |   106 |  21.2
2025-02-24 16:48:17,750 - DEBUG -     Sample: [1 0 1 1 0 0 1 1]
2025-02-24 16:48:17,750 - DEBUG -      2 |    50 |  10.0
2025-02-24 16:48:17,751 - DEBUG -     Sample: [1 0 1 1 0 0 0 1]
2025-02-24 16:48:17,751 - DEBUG -      3 |    48 |   9.6
2025-02-24 16:48:17,751 - DEBUG -     Sample: [0 0 1 1 0 0 1 1]
2025-02-24 16:48:17,751 - DEBUG -      4 |    35 |   7.0
2025-02-24 16:48:17,751 - DEBUG -     Sample: [1 0 1 1 0 1 1 1]
2025-02-24 16:48:17,751 - DEBUG -      5 |    31 |   6.2
2025-02-24 16:48:17,751 - DEBUG -     Sample: [1 0 1 1 1 0 1 1]
2025-02-24 16:48:17,752 - DEBUG - Generated 61 unique samples from 500 total measurements
2025-02-24 16:48:17,753 - INFO -   No feasible solution found in this iteration
2025-02-24 16:48:17,753 - INFO -   Added 1 new constraints: [6]
2025-02-24 16:48:17,753 - INFO - 
Iteration 1:
2025-02-24 16:48:17,754 - DEBUG - Generated Ising Hamiltonian
2025-02-24 16:48:18,000 - DEBUG - Optimizing QAOA circuit...
2025-02-24 16:48:19,459 - DEBUG - Circuit optimization successful
2025-02-24 16:48:19,459 - DEBUG - Circuit optimization successful, final value: -3963.7472527472523
2025-02-24 16:48:19,459 - DEBUG - Sampling from optimized circuit...
2025-02-24 16:48:19,473 - DEBUG - Generated 71 unique samples from 500 total measurements
2025-02-24 16:48:19,474 - DEBUG - 
Top 5 most frequent samples:
2025-02-24 16:48:19,474 - DEBUG -   Rank | Count |   %   
2025-02-24 16:48:19,474 - DEBUG -   -----|-------|-------
2025-02-24 16:48:19,475 - DEBUG -      1 |   114 |  22.8
2025-02-24 16:48:19,475 - DEBUG -     Sample: [0 1 1 0 0 0 0 0]
2025-02-24 16:48:19,475 - DEBUG -      2 |    48 |   9.6
2025-02-24 16:48:19,476 - DEBUG -     Sample: [0 1 1 0 0 1 0 0]
2025-02-24 16:48:19,476 - DEBUG -      3 |    45 |   9.0
2025-02-24 16:48:19,476 - DEBUG -     Sample: [1 1 1 0 0 0 0 0]
2025-02-24 16:48:19,476 - DEBUG -      4 |    40 |   8.0
2025-02-24 16:48:19,476 - DEBUG -     Sample: [0 1 1 0 0 0 0 1]
2025-02-24 16:48:19,476 - DEBUG -      5 |    22 |   4.4
2025-02-24 16:48:19,476 - DEBUG -     Sample: [0 1 0 0 0 0 0 0]
2025-02-24 16:48:19,477 - DEBUG - Generated 71 unique samples from 500 total measurements
2025-02-24 16:48:19,479 - INFO -   No feasible solution found in this iteration
2025-02-24 16:48:19,479 - INFO -   Added 2 new constraints: [11, 16]
2025-02-24 16:48:19,479 - INFO - 
Iteration 2:
2025-02-24 16:48:19,480 - DEBUG - Generated Ising Hamiltonian
2025-02-24 16:48:19,737 - DEBUG - Optimizing QAOA circuit...
2025-02-24 16:48:21,734 - DEBUG - Circuit optimization successful
2025-02-24 16:48:21,734 - DEBUG - Circuit optimization successful, final value: -4600.714285714286
2025-02-24 16:48:21,734 - DEBUG - Sampling from optimized circuit...
2025-02-24 16:48:21,792 - DEBUG - Generated 72 unique samples from 500 total measurements
2025-02-24 16:48:21,792 - DEBUG - 
Top 5 most frequent samples:
2025-02-24 16:48:21,792 - DEBUG -   Rank | Count |   %   
2025-02-24 16:48:21,792 - DEBUG -   -----|-------|-------
2025-02-24 16:48:21,792 - DEBUG -      1 |    43 |   8.6
2025-02-24 16:48:21,793 - DEBUG -     Sample: [0 0 0 1 1 0 0 0]
2025-02-24 16:48:21,793 - DEBUG -      2 |    41 |   8.2
2025-02-24 16:48:21,793 - DEBUG -     Sample: [1 0 0 0 0 0 1 0]
2025-02-24 16:48:21,793 - DEBUG -      3 |    39 |   7.8
2025-02-24 16:48:21,793 - DEBUG -     Sample: [1 0 0 0 0 0 0 0]
2025-02-24 16:48:21,793 - DEBUG -      4 |    33 |   6.6
2025-02-24 16:48:21,794 - DEBUG -     Sample: [0 0 0 1 1 0 1 0]
2025-02-24 16:48:21,794 - DEBUG -      5 |    26 |   5.2
2025-02-24 16:48:21,794 - DEBUG -     Sample: [0 0 1 1 1 0 0 0]
2025-02-24 16:48:21,794 - DEBUG - Generated 72 unique samples from 500 total measurements
2025-02-24 16:48:21,796 - INFO - Found feasible solution: [0 0 1 0 1 0 1 0] with objective value 150.0
2025-02-24 16:48:21,797 - INFO -   Found feasible solution:
2025-02-24 16:48:21,797 - INFO -     Solution: [0, 0, 1, 0, 1, 0, 1, 0]
2025-02-24 16:48:21,797 - INFO -     Value: 150.0
2025-02-24 16:48:21,797 - INFO -     Gap to reference: 0.00%
2025-02-24 16:48:21,797 - INFO -   Constraint generation solution found:
2025-02-24 16:48:21,798 - INFO -     Solution: [0, 0, 1, 0, 1, 0, 1, 0]
2025-02-24 16:48:21,798 - INFO -     Value: 150.0
2025-02-24 16:48:21,798 - INFO - 
Instance 26 results:
2025-02-24 16:48:21,799 - INFO -   Classical value: 150.0
2025-02-24 16:48:21,799 - INFO -   QAOA value: 150.0
2025-02-24 16:48:21,799 - INFO -   Constraint generation value: 150.0
2025-02-24 16:48:21,799 - INFO - 
Running instance 27/100
2025-02-24 16:48:21,802 - INFO - 
Running Classical Reference Solver (SCIP):
2025-02-24 16:48:21,803 - DEBUG - Problem dimensions: 25 constraints, 8 variables
2025-02-24 16:48:21,804 - DEBUG - Row names: ['ELEM1', 'ELEM2', 'ELEM3', 'ELEM4', 'ELEM5', 'ELEM6', 'ELEM7', 'ELEM8', 'ELEM9', 'ELEM10', 'ELEM11', 'ELEM12', 'ELEM13', 'ELEM14', 'ELEM15', 'ELEM16', 'ELEM17', 'ELEM18', 'ELEM19', 'ELEM20', 'ELEM21', 'ELEM22', 'ELEM23', 'ELEM24', 'ELEM25']
2025-02-24 16:48:21,804 - DEBUG - RHS values: {'ELEM1': 1.0, 'ELEM2': 1.0, 'ELEM3': 1.0, 'ELEM4': 1.0, 'ELEM5': 1.0, 'ELEM6': 1.0, 'ELEM7': 1.0, 'ELEM8': 1.0, 'ELEM9': 1.0, 'ELEM10': 1.0, 'ELEM11': 1.0, 'ELEM12': 1.0, 'ELEM13': 1.0, 'ELEM14': 1.0, 'ELEM15': 1.0, 'ELEM16': 1.0, 'ELEM17': 1.0, 'ELEM18': 1.0, 'ELEM19': 1.0, 'ELEM20': 1.0, 'ELEM21': 1.0, 'ELEM22': 1.0, 'ELEM23': 1.0, 'ELEM24': 1.0, 'ELEM25': 1.0}
2025-02-24 16:48:21,816 - INFO -   Reference solution found:
2025-02-24 16:48:21,816 - INFO -     Solution: [0, 1, 0, 1, 0, 0, 1, 0]
2025-02-24 16:48:21,817 - INFO -     Value: 86.0
2025-02-24 16:48:21,817 - INFO - 
Running QAOA Reference Solution (with all constraints):
