2025-02-24 16:46:07,019 - INFO - 
Problem information:
2025-02-24 16:46:07,020 - INFO -   Number of variables (n): 8
2025-02-24 16:46:07,020 - INFO -   Number of constraints (m): 25
2025-02-24 16:46:07,020 - DEBUG -   Density of A: 26.50%
2025-02-24 16:46:07,020 - INFO - 
Starting reference QAOA with parameters:
2025-02-24 16:46:07,020 - INFO -   sample_size (total shots): 500
2025-02-24 16:46:07,020 - INFO - Added all constraints
2025-02-24 16:46:07,021 - DEBUG - Generated Ising Hamiltonian
2025-02-24 16:46:07,320 - DEBUG - Optimizing QAOA circuit...
2025-02-24 16:46:09,696 - DEBUG - Circuit optimization successful
2025-02-24 16:46:09,697 - DEBUG - Circuit optimization successful, final value: 2198.5154845154843
2025-02-24 16:46:09,697 - DEBUG - Sampling from optimized circuit...
2025-02-24 16:46:09,718 - DEBUG - Generated 184 unique samples from 500 total measurements
2025-02-24 16:46:09,718 - DEBUG - 
Top 5 most frequent samples:
2025-02-24 16:46:09,719 - DEBUG -   Rank | Count |   %   
2025-02-24 16:46:09,719 - DEBUG -   -----|-------|-------
2025-02-24 16:46:09,719 - DEBUG -      1 |    14 |   2.8
2025-02-24 16:46:09,719 - DEBUG -     Sample: [0 0 1 0 0 0 1 0]
2025-02-24 16:46:09,719 - DEBUG -      2 |    13 |   2.6
2025-02-24 16:46:09,720 - DEBUG -     Sample: [1 1 0 1 0 0 1 0]
2025-02-24 16:46:09,720 - DEBUG -      3 |    11 |   2.2
2025-02-24 16:46:09,720 - DEBUG -     Sample: [0 0 0 0 0 0 1 0]
2025-02-24 16:46:09,720 - DEBUG -      4 |    11 |   2.2
2025-02-24 16:46:09,721 - DEBUG -     Sample: [0 1 1 1 0 0 0 1]
2025-02-24 16:46:09,721 - DEBUG -      5 |    10 |   2.0
2025-02-24 16:46:09,721 - DEBUG -     Sample: [0 0 0 1 1 0 1 0]
2025-02-24 16:46:09,722 - DEBUG - Generated 184 unique samples from 500 total measurements
2025-02-24 16:46:09,725 - INFO - Found feasible solution: [0 0 0 1 0 0 1 1] with objective value 157.0
2025-02-24 16:46:09,726 - INFO - Found feasible solution:
2025-02-24 16:46:09,727 - INFO -   Solution: [0, 0, 0, 1, 0, 0, 1, 1]
2025-02-24 16:46:09,727 - INFO -   Value: 157.0
2025-02-24 16:46:09,727 - INFO -   QAOA solution found:
2025-02-24 16:46:09,727 - INFO -     Solution: [0, 0, 0, 1, 0, 0, 1, 1]
2025-02-24 16:46:09,727 - INFO -     Value: 157.0
2025-02-24 16:46:09,727 - INFO - 
Running Constraint Generation:
2025-02-24 16:46:09,729 - INFO - 
Problem information:
2025-02-24 16:46:09,729 - INFO -   Number of variables (n): 8
2025-02-24 16:46:09,729 - INFO -   Number of constraints (m): 25
2025-02-24 16:46:09,729 - DEBUG -   Density of A: 26.50%
2025-02-24 16:46:09,729 - INFO - 
Running classical reference solver:
2025-02-24 16:46:09,741 - INFO -   Reference solution found:
2025-02-24 16:46:09,741 - INFO -     Solution: [0, 0, 0, 1, 0, 0, 1, 1]
2025-02-24 16:46:09,742 - INFO -     Value: 157.0
2025-02-24 16:46:09,742 - INFO - 
Starting quantum constraint generation with parameters:
2025-02-24 16:46:09,743 - INFO -   sample_size (total shots): 500
2025-02-24 16:46:09,743 - INFO -   tau: 0.1
2025-02-24 16:46:09,743 - INFO -   max_iters: 1000
2025-02-24 16:46:09,743 - INFO - 
Iteration 0:
2025-02-24 16:46:09,744 - DEBUG - Generated Ising Hamiltonian
2025-02-24 16:46:09,967 - DEBUG - Optimizing QAOA circuit...
2025-02-24 16:46:11,593 - DEBUG - Circuit optimization successful
2025-02-24 16:46:11,594 - DEBUG - Circuit optimization successful, final value: -106.31368631368632
2025-02-24 16:46:11,594 - DEBUG - Sampling from optimized circuit...
2025-02-24 16:46:11,606 - DEBUG - Generated 32 unique samples from 500 total measurements
2025-02-24 16:46:11,606 - DEBUG - 
Top 5 most frequent samples:
2025-02-24 16:46:11,607 - DEBUG -   Rank | Count |   %   
2025-02-24 16:46:11,607 - DEBUG -   -----|-------|-------
2025-02-24 16:46:11,607 - DEBUG -      1 |   170 |  34.0
2025-02-24 16:46:11,607 - DEBUG -     Sample: [0 1 0 1 1 0 1 1]
2025-02-24 16:46:11,607 - DEBUG -      2 |   101 |  20.2
2025-02-24 16:46:11,607 - DEBUG -     Sample: [0 1 0 1 0 0 1 1]
2025-02-24 16:46:11,607 - DEBUG -      3 |    59 |  11.8
2025-02-24 16:46:11,608 - DEBUG -     Sample: [0 1 0 1 1 0 1 0]
2025-02-24 16:46:11,608 - DEBUG -      4 |    34 |   6.8
2025-02-24 16:46:11,608 - DEBUG -     Sample: [0 1 0 1 0 0 1 0]
2025-02-24 16:46:11,608 - DEBUG -      5 |    30 |   6.0
2025-02-24 16:46:11,608 - DEBUG -     Sample: [1 1 0 1 1 0 1 1]
2025-02-24 16:46:11,609 - DEBUG - Generated 32 unique samples from 500 total measurements
2025-02-24 16:46:11,610 - INFO - Found feasible solution: [0 0 0 1 0 0 1 1] with objective value 157.0
2025-02-24 16:46:11,610 - INFO -   Found feasible solution:
2025-02-24 16:46:11,610 - INFO -     Solution: [0, 0, 0, 1, 0, 0, 1, 1]
2025-02-24 16:46:11,611 - INFO -     Value: 157.0
2025-02-24 16:46:11,611 - INFO -     Gap to reference: 0.00%
2025-02-24 16:46:11,611 - INFO -   Constraint generation solution found:
2025-02-24 16:46:11,611 - INFO -     Solution: [0, 0, 0, 1, 0, 0, 1, 1]
2025-02-24 16:46:11,612 - INFO -     Value: 157.0
2025-02-24 16:46:11,612 - INFO - 
Instance 7 results:
2025-02-24 16:46:11,612 - INFO -   Classical value: 157.0
2025-02-24 16:46:11,612 - INFO -   QAOA value: 157.0
2025-02-24 16:46:11,613 - INFO -   Constraint generation value: 157.0
2025-02-24 16:46:11,613 - INFO - 
Running instance 8/100
2025-02-24 16:46:11,614 - INFO - 
Running Classical Reference Solver (SCIP):
2025-02-24 16:46:11,615 - DEBUG - Problem dimensions: 25 constraints, 8 variables
2025-02-24 16:46:11,615 - DEBUG - Row names: ['ELEM1', 'ELEM2', 'ELEM3', 'ELEM4', 'ELEM5', 'ELEM6', 'ELEM7', 'ELEM8', 'ELEM9', 'ELEM10', 'ELEM11', 'ELEM12', 'ELEM13', 'ELEM14', 'ELEM15', 'ELEM16', 'ELEM17', 'ELEM18', 'ELEM19', 'ELEM20', 'ELEM21', 'ELEM22', 'ELEM23', 'ELEM24', 'ELEM25']
2025-02-24 16:46:11,615 - DEBUG - RHS values: {'ELEM1': 1.0, 'ELEM2': 1.0, 'ELEM3': 1.0, 'ELEM4': 1.0, 'ELEM5': 1.0, 'ELEM6': 1.0, 'ELEM7': 1.0, 'ELEM8': 1.0, 'ELEM9': 1.0, 'ELEM10': 1.0, 'ELEM11': 1.0, 'ELEM12': 1.0, 'ELEM13': 1.0, 'ELEM14': 1.0, 'ELEM15': 1.0, 'ELEM16': 1.0, 'ELEM17': 1.0, 'ELEM18': 1.0, 'ELEM19': 1.0, 'ELEM20': 1.0, 'ELEM21': 1.0, 'ELEM22': 1.0, 'ELEM23': 1.0, 'ELEM24': 1.0, 'ELEM25': 1.0}
2025-02-24 16:46:11,625 - INFO -   Reference solution found:
2025-02-24 16:46:11,625 - INFO -     Solution: [0, 1, 0, 1, 0, 0, 0, 1]
2025-02-24 16:46:11,625 - INFO -     Value: 147.0
2025-02-24 16:46:11,626 - INFO - 
Running QAOA Reference Solution (with all constraints):
