2025-02-23 18:00:15,787 - INFO - 
Problem information:
2025-02-23 18:00:15,787 - INFO -   Number of variables (n): 12
2025-02-23 18:00:15,788 - INFO -   Number of constraints (m): 40
2025-02-23 18:00:15,788 - DEBUG -   Density of A: 25.00%
2025-02-23 18:00:15,789 - INFO - 
Starting reference QAOA with parameters:
2025-02-23 18:00:15,789 - INFO -   sample_size (total shots): 200
2025-02-23 18:00:15,789 - INFO - Added all constraints
2025-02-23 18:00:15,790 - DEBUG - Generated Ising Hamiltonian
2025-02-23 18:00:16,004 - DEBUG - Optimizing QAOA circuit...
2025-02-23 18:00:18,373 - DEBUG - Circuit optimization successful
2025-02-23 18:00:18,374 - DEBUG - Circuit optimization successful, final value: 25995.228771228773
2025-02-23 18:00:18,374 - DEBUG - Sampling from optimized circuit...
2025-02-23 18:00:18,437 - DEBUG - Generated 135 unique samples from 200 total measurements
2025-02-23 18:00:18,437 - DEBUG - 
Top 5 most frequent samples:
2025-02-23 18:00:18,437 - DEBUG -   Rank | Count |   %   
2025-02-23 18:00:18,437 - DEBUG -   -----|-------|-------
2025-02-23 18:00:18,438 - DEBUG -      1 |    12 |   6.0
2025-02-23 18:00:18,438 - DEBUG -     Sample: [1 1 1 0 0 0 0 0 0 0 1 0]
2025-02-23 18:00:18,438 - DEBUG -      2 |     8 |   4.0
2025-02-23 18:00:18,438 - DEBUG -     Sample: [1 1 1 0 0 1 0 0 0 0 1 1]
2025-02-23 18:00:18,438 - DEBUG -      3 |     6 |   3.0
2025-02-23 18:00:18,439 - DEBUG -     Sample: [1 1 1 0 0 1 0 0 0 0 1 0]
2025-02-23 18:00:18,439 - DEBUG -      4 |     5 |   2.5
2025-02-23 18:00:18,439 - DEBUG -     Sample: [1 1 1 0 0 1 1 0 0 0 1 0]
2025-02-23 18:00:18,439 - DEBUG -      5 |     5 |   2.5
2025-02-23 18:00:18,440 - DEBUG -     Sample: [1 1 1 1 0 1 1 0 0 0 1 1]
2025-02-23 18:00:18,441 - DEBUG - Generated 135 unique samples from 200 total measurements
2025-02-23 18:00:18,444 - INFO - No feasible solution found
2025-02-23 18:00:18,445 - INFO -   QAOA solver found no feasible solution
2025-02-23 18:00:18,446 - INFO - 
Running Constraint Generation:
2025-02-23 18:00:18,450 - INFO - 
Problem information:
2025-02-23 18:00:18,450 - INFO -   Number of variables (n): 12
2025-02-23 18:00:18,451 - INFO -   Number of constraints (m): 40
2025-02-23 18:00:18,453 - DEBUG -   Density of A: 25.00%
2025-02-23 18:00:18,453 - INFO - 
Running classical reference solver:
2025-02-23 18:00:18,464 - INFO -   Reference solution found:
2025-02-23 18:00:18,465 - INFO -     Solution: [0, 1, 0, 0, 0, 1, 0, 0, 0, 0, 1, 1]
2025-02-23 18:00:18,465 - INFO -     Value: 127.0
2025-02-23 18:00:18,465 - INFO - 
Starting quantum constraint generation with parameters:
2025-02-23 18:00:18,469 - INFO -   sample_size (total shots): 200
2025-02-23 18:00:18,470 - INFO -   tau: 0.1
2025-02-23 18:00:18,470 - INFO -   max_iters: 1000
2025-02-23 18:00:18,471 - INFO - 
Iteration 0:
2025-02-23 18:00:18,472 - DEBUG - Generated Ising Hamiltonian
2025-02-23 18:00:18,679 - DEBUG - Optimizing QAOA circuit...
2025-02-23 18:00:20,063 - DEBUG - Circuit optimization successful
2025-02-23 18:00:20,063 - DEBUG - Circuit optimization successful, final value: -77.66433566433565
2025-02-23 18:00:20,064 - DEBUG - Sampling from optimized circuit...
2025-02-23 18:00:20,077 - DEBUG - Generated 193 unique samples from 200 total measurements
2025-02-23 18:00:20,077 - DEBUG - 
Top 5 most frequent samples:
2025-02-23 18:00:20,077 - DEBUG -   Rank | Count |   %   
2025-02-23 18:00:20,077 - DEBUG -   -----|-------|-------
2025-02-23 18:00:20,078 - DEBUG -      1 |     3 |   1.5
2025-02-23 18:00:20,078 - DEBUG -     Sample: [0 0 1 1 0 1 1 1 0 1 1 1]
2025-02-23 18:00:20,078 - DEBUG -      2 |     2 |   1.0
2025-02-23 18:00:20,078 - DEBUG -     Sample: [1 0 1 1 0 1 1 0 0 1 0 1]
2025-02-23 18:00:20,078 - DEBUG -      3 |     2 |   1.0
2025-02-23 18:00:20,079 - DEBUG -     Sample: [1 0 0 1 0 0 1 0 0 0 1 1]
2025-02-23 18:00:20,079 - DEBUG -      4 |     2 |   1.0
2025-02-23 18:00:20,079 - DEBUG -     Sample: [1 1 0 1 1 0 1 0 1 1 1 0]
2025-02-23 18:00:20,079 - DEBUG -      5 |     2 |   1.0
2025-02-23 18:00:20,079 - DEBUG -     Sample: [1 0 0 1 0 1 1 0 1 1 1 1]
2025-02-23 18:00:20,080 - DEBUG - Generated 193 unique samples from 200 total measurements
2025-02-23 18:00:20,084 - INFO -   No feasible solution found in this iteration
2025-02-23 18:00:20,084 - INFO -   Added 1 new constraints: [18]
2025-02-23 18:00:20,084 - INFO - 
Iteration 1:
2025-02-23 18:00:20,085 - DEBUG - Generated Ising Hamiltonian
2025-02-23 18:00:20,299 - DEBUG - Optimizing QAOA circuit...
2025-02-23 18:00:21,402 - DEBUG - Circuit optimization successful
2025-02-23 18:00:21,402 - DEBUG - Circuit optimization successful, final value: -2763.9760239760235
2025-02-23 18:00:21,402 - DEBUG - Sampling from optimized circuit...
2025-02-23 18:00:21,415 - DEBUG - Generated 90 unique samples from 200 total measurements
2025-02-23 18:00:21,416 - DEBUG - 
Top 5 most frequent samples:
2025-02-23 18:00:21,416 - DEBUG -   Rank | Count |   %   
2025-02-23 18:00:21,416 - DEBUG -   -----|-------|-------
2025-02-23 18:00:21,416 - DEBUG -      1 |    17 |   8.5
2025-02-23 18:00:21,416 - DEBUG -     Sample: [1 0 0 1 0 0 1 0 1 0 1 0]
2025-02-23 18:00:21,416 - DEBUG -      2 |    12 |   6.0
2025-02-23 18:00:21,417 - DEBUG -     Sample: [1 0 0 1 0 0 1 1 1 0 1 0]
2025-02-23 18:00:21,417 - DEBUG -      3 |     9 |   4.5
2025-02-23 18:00:21,417 - DEBUG -     Sample: [1 0 0 1 0 1 1 0 1 0 1 0]
2025-02-23 18:00:21,417 - DEBUG -      4 |     8 |   4.0
2025-02-23 18:00:21,417 - DEBUG -     Sample: [1 0 1 1 0 0 1 0 1 0 1 0]
2025-02-23 18:00:21,417 - DEBUG -      5 |     7 |   3.5
2025-02-23 18:00:21,418 - DEBUG -     Sample: [1 0 0 1 0 1 1 1 1 0 1 0]
2025-02-23 18:00:21,418 - DEBUG - Generated 90 unique samples from 200 total measurements
2025-02-23 18:00:21,420 - INFO -   No feasible solution found in this iteration
2025-02-23 18:00:21,420 - INFO -   Added 1 new constraints: [37]
2025-02-23 18:00:21,420 - INFO - 
Iteration 2:
2025-02-23 18:00:21,421 - DEBUG - Generated Ising Hamiltonian
2025-02-23 18:00:21,630 - DEBUG - Optimizing QAOA circuit...
2025-02-23 18:00:22,804 - DEBUG - Circuit optimization successful
2025-02-23 18:00:22,804 - DEBUG - Circuit optimization successful, final value: -5536.817182817182
2025-02-23 18:00:22,804 - DEBUG - Sampling from optimized circuit...
2025-02-23 18:00:22,818 - DEBUG - Generated 90 unique samples from 200 total measurements
2025-02-23 18:00:22,818 - DEBUG - 
Top 5 most frequent samples:
2025-02-23 18:00:22,819 - DEBUG -   Rank | Count |   %   
2025-02-23 18:00:22,819 - DEBUG -   -----|-------|-------
2025-02-23 18:00:22,819 - DEBUG -      1 |    24 |  12.0
2025-02-23 18:00:22,819 - DEBUG -     Sample: [0 0 0 0 1 0 0 0 1 0 0 0]
2025-02-23 18:00:22,819 - DEBUG -      2 |    20 |  10.0
2025-02-23 18:00:22,820 - DEBUG -     Sample: [0 0 0 0 0 0 0 0 1 0 0 0]
2025-02-23 18:00:22,820 - DEBUG -      3 |    14 |   7.0
2025-02-23 18:00:22,820 - DEBUG -     Sample: [0 0 0 0 1 0 1 0 1 0 0 0]
2025-02-23 18:00:22,820 - DEBUG -      4 |    11 |   5.5
2025-02-23 18:00:22,821 - DEBUG -     Sample: [0 0 0 0 0 0 1 0 1 0 0 0]
2025-02-23 18:00:22,821 - DEBUG -      5 |     6 |   3.0
2025-02-23 18:00:22,821 - DEBUG -     Sample: [0 0 0 0 1 0 0 0 1 0 1 0]
2025-02-23 18:00:22,822 - DEBUG - Generated 90 unique samples from 200 total measurements
2025-02-23 18:00:22,823 - INFO -   No feasible solution found in this iteration
2025-02-23 18:00:22,824 - INFO -   Added 1 new constraints: [19]
2025-02-23 18:00:22,824 - INFO - 
Iteration 3:
2025-02-23 18:00:22,824 - DEBUG - Generated Ising Hamiltonian
2025-02-23 18:00:23,030 - DEBUG - Optimizing QAOA circuit...
2025-02-23 18:00:24,174 - DEBUG - Circuit optimization successful
2025-02-23 18:00:24,175 - DEBUG - Circuit optimization successful, final value: -4783.302697302697
2025-02-23 18:00:24,175 - DEBUG - Sampling from optimized circuit...
2025-02-23 18:00:24,191 - DEBUG - Generated 63 unique samples from 200 total measurements
2025-02-23 18:00:24,191 - DEBUG - 
Top 5 most frequent samples:
2025-02-23 18:00:24,191 - DEBUG -   Rank | Count |   %   
2025-02-23 18:00:24,191 - DEBUG -   -----|-------|-------
2025-02-23 18:00:24,191 - DEBUG -      1 |    32 |  16.0
2025-02-23 18:00:24,192 - DEBUG -     Sample: [1 0 1 1 0 1 0 1 1 0 0 1]
2025-02-23 18:00:24,192 - DEBUG -      2 |    20 |  10.0
2025-02-23 18:00:24,193 - DEBUG -     Sample: [1 0 1 1 0 1 0 1 0 0 0 1]
2025-02-23 18:00:24,193 - DEBUG -      3 |    18 |   9.0
2025-02-23 18:00:24,193 - DEBUG -     Sample: [1 0 1 1 0 1 0 1 1 0 0 0]
2025-02-23 18:00:24,194 - DEBUG -      4 |    12 |   6.0
2025-02-23 18:00:24,194 - DEBUG -     Sample: [1 0 1 1 0 1 1 1 0 0 0 1]
2025-02-23 18:00:24,194 - DEBUG -      5 |    11 |   5.5
2025-02-23 18:00:24,194 - DEBUG -     Sample: [1 0 1 1 0 1 0 1 0 0 0 0]
2025-02-23 18:00:24,195 - DEBUG - Generated 63 unique samples from 200 total measurements
2025-02-23 18:00:24,197 - INFO -   No feasible solution found in this iteration
2025-02-23 18:00:24,197 - INFO -   Added 2 new constraints: [8, 29]
2025-02-23 18:00:24,197 - INFO - 
Iteration 4:
2025-02-23 18:00:24,198 - DEBUG - Generated Ising Hamiltonian
2025-02-23 18:00:24,446 - DEBUG - Optimizing QAOA circuit...
2025-02-23 18:00:25,952 - DEBUG - Circuit optimization successful
2025-02-23 18:00:25,952 - DEBUG - Circuit optimization successful, final value: -700.3756243756245
2025-02-23 18:00:25,952 - DEBUG - Sampling from optimized circuit...
2025-02-23 18:00:25,967 - DEBUG - Generated 193 unique samples from 200 total measurements
2025-02-23 18:00:25,967 - DEBUG - 
Top 5 most frequent samples:
2025-02-23 18:00:25,967 - DEBUG -   Rank | Count |   %   
2025-02-23 18:00:25,967 - DEBUG -   -----|-------|-------
2025-02-23 18:00:25,967 - DEBUG -      1 |     2 |   1.0
2025-02-23 18:00:25,968 - DEBUG -     Sample: [1 1 1 0 1 1 1 1 1 0 1 0]
2025-02-23 18:00:25,968 - DEBUG -      2 |     2 |   1.0
2025-02-23 18:00:25,968 - DEBUG -     Sample: [0 1 0 0 0 1 0 0 1 1 1 1]
2025-02-23 18:00:25,968 - DEBUG -      3 |     2 |   1.0
2025-02-23 18:00:25,968 - DEBUG -     Sample: [1 1 1 0 1 0 1 0 0 1 1 1]
2025-02-23 18:00:25,968 - DEBUG -      4 |     2 |   1.0
2025-02-23 18:00:25,969 - DEBUG -     Sample: [0 1 0 0 1 0 1 0 0 1 1 0]
2025-02-23 18:00:25,969 - DEBUG -      5 |     2 |   1.0
2025-02-23 18:00:25,969 - DEBUG -     Sample: [0 1 0 0 1 0 1 0 1 0 1 0]
2025-02-23 18:00:25,970 - DEBUG - Generated 193 unique samples from 200 total measurements
2025-02-23 18:00:25,973 - INFO -   No feasible solution found in this iteration
2025-02-23 18:00:25,974 - INFO -   Added 1 new constraints: [34]
2025-02-23 18:00:25,974 - INFO - 
Iteration 5:
2025-02-23 18:00:25,975 - DEBUG - Generated Ising Hamiltonian
2025-02-23 18:00:26,193 - DEBUG - Optimizing QAOA circuit...
2025-02-23 18:00:27,761 - DEBUG - Circuit optimization successful
2025-02-23 18:00:27,762 - DEBUG - Circuit optimization successful, final value: -11240.9010989011
2025-02-23 18:00:27,762 - DEBUG - Sampling from optimized circuit...
2025-02-23 18:00:27,777 - DEBUG - Generated 94 unique samples from 200 total measurements
2025-02-23 18:00:27,777 - DEBUG - 
Top 5 most frequent samples:
2025-02-23 18:00:27,777 - DEBUG -   Rank | Count |   %   
2025-02-23 18:00:27,778 - DEBUG -   -----|-------|-------
2025-02-23 18:00:27,778 - DEBUG -      1 |    15 |   7.5
2025-02-23 18:00:27,778 - DEBUG -     Sample: [0 0 1 0 0 0 1 0 0 1 0 1]
2025-02-23 18:00:27,778 - DEBUG -      2 |    15 |   7.5
2025-02-23 18:00:27,778 - DEBUG -     Sample: [1 0 1 0 0 0 1 0 0 1 0 1]
2025-02-23 18:00:27,778 - DEBUG -      3 |    13 |   6.5
2025-02-23 18:00:27,779 - DEBUG -     Sample: [1 0 1 0 0 0 1 0 1 1 0 1]
2025-02-23 18:00:27,779 - DEBUG -      4 |    12 |   6.0
2025-02-23 18:00:27,779 - DEBUG -     Sample: [0 0 1 0 0 0 1 0 1 1 0 1]
2025-02-23 18:00:27,779 - DEBUG -      5 |     7 |   3.5
2025-02-23 18:00:27,779 - DEBUG -     Sample: [0 0 1 1 0 0 1 0 0 1 0 1]
2025-02-23 18:00:27,780 - DEBUG - Generated 94 unique samples from 200 total measurements
2025-02-23 18:00:27,781 - INFO -   No feasible solution found in this iteration
2025-02-23 18:00:27,782 - INFO -   Added 1 new constraints: [28]
2025-02-23 18:00:27,782 - INFO - 
Iteration 6:
2025-02-23 18:00:27,782 - DEBUG - Generated Ising Hamiltonian
2025-02-23 18:00:28,034 - DEBUG - Optimizing QAOA circuit...
2025-02-23 18:00:29,629 - DEBUG - Circuit optimization successful
2025-02-23 18:00:29,629 - DEBUG - Circuit optimization successful, final value: -14292.443556443555
2025-02-23 18:00:29,630 - DEBUG - Sampling from optimized circuit...
2025-02-23 18:00:29,645 - DEBUG - Generated 141 unique samples from 200 total measurements
2025-02-23 18:00:29,645 - DEBUG - 
Top 5 most frequent samples:
2025-02-23 18:00:29,645 - DEBUG -   Rank | Count |   %   
2025-02-23 18:00:29,645 - DEBUG -   -----|-------|-------
2025-02-23 18:00:29,645 - DEBUG -      1 |     7 |   3.5
2025-02-23 18:00:29,646 - DEBUG -     Sample: [0 0 1 0 1 0 1 0 0 0 0 1]
2025-02-23 18:00:29,646 - DEBUG -      2 |     6 |   3.0
2025-02-23 18:00:29,646 - DEBUG -     Sample: [0 0 0 0 1 0 0 0 0 0 0 0]
2025-02-23 18:00:29,646 - DEBUG -      3 |     6 |   3.0
2025-02-23 18:00:29,646 - DEBUG -     Sample: [0 0 1 0 1 0 0 0 0 0 0 0]
2025-02-23 18:00:29,647 - DEBUG -      4 |     6 |   3.0
2025-02-23 18:00:29,647 - DEBUG -     Sample: [0 0 0 0 1 0 1 0 0 0 0 0]
2025-02-23 18:00:29,647 - DEBUG -      5 |     4 |   2.0
2025-02-23 18:00:29,647 - DEBUG -     Sample: [0 0 1 0 0 0 1 0 0 0 0 1]
2025-02-23 18:00:29,648 - DEBUG - Generated 141 unique samples from 200 total measurements
2025-02-23 18:00:29,650 - INFO -   No feasible solution found in this iteration
2025-02-23 18:00:29,650 - INFO -   No new constraints added, lowered tau multiplier: 1.0 -> 0.9
2025-02-23 18:00:29,651 - INFO -   Added 4 new constraints: [3, 9, 31, 32]
2025-02-23 18:00:29,651 - INFO - 
Iteration 7:
2025-02-23 18:00:29,651 - DEBUG - Generated Ising Hamiltonian
2025-02-23 18:00:29,865 - DEBUG - Optimizing QAOA circuit...
2025-02-23 18:00:32,076 - DEBUG - Circuit optimization successful
2025-02-23 18:00:32,077 - DEBUG - Circuit optimization successful, final value: 378.3836163836165
2025-02-23 18:00:32,077 - DEBUG - Sampling from optimized circuit...
2025-02-23 18:00:32,096 - DEBUG - Generated 195 unique samples from 200 total measurements
2025-02-23 18:00:32,096 - DEBUG - 
Top 5 most frequent samples:
2025-02-23 18:00:32,097 - DEBUG -   Rank | Count |   %   
2025-02-23 18:00:32,097 - DEBUG -   -----|-------|-------
2025-02-23 18:00:32,097 - DEBUG -      1 |     2 |   1.0
2025-02-23 18:00:32,097 - DEBUG -     Sample: [0 1 1 0 0 0 1 1 1 1 1 0]
2025-02-23 18:00:32,097 - DEBUG -      2 |     2 |   1.0
2025-02-23 18:00:32,098 - DEBUG -     Sample: [1 0 0 0 0 0 0 0 0 1 0 0]
2025-02-23 18:00:32,098 - DEBUG -      3 |     2 |   1.0
2025-02-23 18:00:32,098 - DEBUG -     Sample: [0 1 1 0 0 1 1 0 0 1 1 1]
2025-02-23 18:00:32,098 - DEBUG -      4 |     2 |   1.0
2025-02-23 18:00:32,098 - DEBUG -     Sample: [1 0 1 0 1 1 0 1 1 0 0 1]
2025-02-23 18:00:32,098 - DEBUG -      5 |     2 |   1.0
2025-02-23 18:00:32,099 - DEBUG -     Sample: [1 0 0 1 1 1 1 1 1 0 1 1]
2025-02-23 18:00:32,100 - DEBUG - Generated 195 unique samples from 200 total measurements
2025-02-23 18:00:32,103 - INFO -   No feasible solution found in this iteration
2025-02-23 18:00:32,104 - INFO -   Added 3 new constraints: [27, 30, 33]
2025-02-23 18:00:32,104 - INFO - 
Iteration 8:
2025-02-23 18:00:32,104 - DEBUG - Generated Ising Hamiltonian
2025-02-23 18:00:32,385 - DEBUG - Optimizing QAOA circuit...
2025-02-23 18:00:34,275 - DEBUG - Circuit optimization successful
2025-02-23 18:00:34,275 - DEBUG - Circuit optimization successful, final value: -10316.92907092907
2025-02-23 18:00:34,275 - DEBUG - Sampling from optimized circuit...
2025-02-23 18:00:34,292 - DEBUG - Generated 146 unique samples from 200 total measurements
2025-02-23 18:00:34,292 - DEBUG - 
Top 5 most frequent samples:
2025-02-23 18:00:34,292 - DEBUG -   Rank | Count |   %   
2025-02-23 18:00:34,292 - DEBUG -   -----|-------|-------
2025-02-23 18:00:34,292 - DEBUG -      1 |     9 |   4.5
2025-02-23 18:00:34,293 - DEBUG -     Sample: [1 1 0 1 0 0 0 0 0 1 0 0]
2025-02-23 18:00:34,293 - DEBUG -      2 |     5 |   2.5
2025-02-23 18:00:34,293 - DEBUG -     Sample: [1 1 0 1 0 0 1 0 0 1 1 0]
2025-02-23 18:00:34,293 - DEBUG -      3 |     4 |   2.0
2025-02-23 18:00:34,293 - DEBUG -     Sample: [0 0 1 1 0 0 0 0 0 0 0 0]
2025-02-23 18:00:34,293 - DEBUG -      4 |     4 |   2.0
2025-02-23 18:00:34,294 - DEBUG -     Sample: [1 1 0 1 0 0 0 1 0 1 1 0]
2025-02-23 18:00:34,294 - DEBUG -      5 |     4 |   2.0
2025-02-23 18:00:34,294 - DEBUG -     Sample: [1 1 1 1 0 0 0 0 0 0 0 0]
2025-02-23 18:00:34,295 - DEBUG - Generated 146 unique samples from 200 total measurements
2025-02-23 18:00:34,297 - INFO -   No feasible solution found in this iteration
2025-02-23 18:00:34,298 - INFO -   No new constraints added, lowered tau multiplier: 1.0 -> 0.9
2025-02-23 18:00:34,299 - INFO -   Added 3 new constraints: [2, 16, 24]
2025-02-23 18:00:34,299 - INFO - 
Iteration 9:
2025-02-23 18:00:34,299 - DEBUG - Generated Ising Hamiltonian
2025-02-23 18:00:34,512 - DEBUG - Optimizing QAOA circuit...
2025-02-23 18:00:36,305 - DEBUG - Circuit optimization successful
2025-02-23 18:00:36,306 - DEBUG - Circuit optimization successful, final value: 10677.06693306693
2025-02-23 18:00:36,306 - DEBUG - Sampling from optimized circuit...
2025-02-23 18:00:36,326 - DEBUG - Generated 177 unique samples from 200 total measurements
2025-02-23 18:00:36,326 - DEBUG - 
Top 5 most frequent samples:
2025-02-23 18:00:36,326 - DEBUG -   Rank | Count |   %   
2025-02-23 18:00:36,326 - DEBUG -   -----|-------|-------
2025-02-23 18:00:36,326 - DEBUG -      1 |     3 |   1.5
2025-02-23 18:00:36,326 - DEBUG -     Sample: [1 1 1 1 0 1 1 0 0 0 0 0]
2025-02-23 18:00:36,327 - DEBUG -      2 |     3 |   1.5
2025-02-23 18:00:36,327 - DEBUG -     Sample: [1 1 1 0 1 1 1 0 0 1 0 0]
2025-02-23 18:00:36,327 - DEBUG -      3 |     3 |   1.5
2025-02-23 18:00:36,327 - DEBUG -     Sample: [1 0 0 1 0 1 1 1 0 1 0 0]
2025-02-23 18:00:36,327 - DEBUG -      4 |     3 |   1.5
2025-02-23 18:00:36,327 - DEBUG -     Sample: [1 1 0 0 1 1 1 0 0 1 0 0]
2025-02-23 18:00:36,327 - DEBUG -      5 |     2 |   1.0
2025-02-23 18:00:36,328 - DEBUG -     Sample: [1 1 1 0 0 1 1 0 0 0 1 0]
2025-02-23 18:00:36,328 - DEBUG - Generated 177 unique samples from 200 total measurements
2025-02-23 18:00:36,331 - INFO -   No feasible solution found in this iteration
2025-02-23 18:00:36,332 - INFO -   No new constraints added, lowered tau multiplier: 1.0 -> 0.9
2025-02-23 18:00:36,332 - INFO -   Added 6 new constraints: [5, 10, 15, 20, 22, 38]
2025-02-23 18:00:36,333 - INFO - 
Iteration 10:
2025-02-23 18:00:36,333 - DEBUG - Generated Ising Hamiltonian
2025-02-23 18:00:36,567 - DEBUG - Optimizing QAOA circuit...
2025-02-23 18:00:38,838 - DEBUG - Circuit optimization successful
2025-02-23 18:00:38,838 - DEBUG - Circuit optimization successful, final value: 17583.466533466537
2025-02-23 18:00:38,838 - DEBUG - Sampling from optimized circuit...
2025-02-23 18:00:38,856 - DEBUG - Generated 170 unique samples from 200 total measurements
2025-02-23 18:00:38,856 - DEBUG - 
Top 5 most frequent samples:
2025-02-23 18:00:38,856 - DEBUG -   Rank | Count |   %   
2025-02-23 18:00:38,856 - DEBUG -   -----|-------|-------
2025-02-23 18:00:38,857 - DEBUG -      1 |     5 |   2.5
2025-02-23 18:00:38,857 - DEBUG -     Sample: [0 1 1 1 0 0 1 1 1 1 0 1]
2025-02-23 18:00:38,857 - DEBUG -      2 |     4 |   2.0
2025-02-23 18:00:38,857 - DEBUG -     Sample: [1 1 0 1 0 0 1 0 1 0 0 1]
2025-02-23 18:00:38,858 - DEBUG -      3 |     3 |   1.5
2025-02-23 18:00:38,858 - DEBUG -     Sample: [0 1 1 0 1 1 0 1 1 1 1 1]
2025-02-23 18:00:38,858 - DEBUG -      4 |     3 |   1.5
2025-02-23 18:00:38,858 - DEBUG -     Sample: [0 0 1 0 1 0 1 1 1 1 0 1]
2025-02-23 18:00:38,859 - DEBUG -      5 |     3 |   1.5
2025-02-23 18:00:38,859 - DEBUG -     Sample: [1 0 0 1 0 0 1 0 1 0 0 1]
2025-02-23 18:00:38,860 - DEBUG - Generated 170 unique samples from 200 total measurements
2025-02-23 18:00:38,864 - INFO -   No feasible solution found in this iteration
2025-02-23 18:00:38,865 - INFO -   Added 1 new constraints: [11]
2025-02-23 18:00:38,865 - INFO - 
Iteration 11:
2025-02-23 18:00:38,865 - DEBUG - Generated Ising Hamiltonian
2025-02-23 18:00:39,105 - DEBUG - Optimizing QAOA circuit...
2025-02-23 18:00:41,072 - DEBUG - Circuit optimization successful
2025-02-23 18:00:41,072 - DEBUG - Circuit optimization successful, final value: 15042.815184815185
2025-02-23 18:00:41,072 - DEBUG - Sampling from optimized circuit...
2025-02-23 18:00:41,092 - DEBUG - Generated 178 unique samples from 200 total measurements
2025-02-23 18:00:41,093 - DEBUG - 
Top 5 most frequent samples:
2025-02-23 18:00:41,093 - DEBUG -   Rank | Count |   %   
2025-02-23 18:00:41,093 - DEBUG -   -----|-------|-------
2025-02-23 18:00:41,093 - DEBUG -      1 |     4 |   2.0
2025-02-23 18:00:41,094 - DEBUG -     Sample: [0 0 1 1 1 0 1 1 0 1 0 0]
2025-02-23 18:00:41,094 - DEBUG -      2 |     3 |   1.5
2025-02-23 18:00:41,094 - DEBUG -     Sample: [1 0 1 1 0 0 1 1 0 1 0 0]
2025-02-23 18:00:41,095 - DEBUG -      3 |     3 |   1.5
2025-02-23 18:00:41,095 - DEBUG -     Sample: [0 1 1 0 1 1 0 1 0 1 1 1]
2025-02-23 18:00:41,096 - DEBUG -      4 |     3 |   1.5
2025-02-23 18:00:41,097 - DEBUG -     Sample: [0 0 1 1 1 1 1 1 0 0 1 0]
2025-02-23 18:00:41,097 - DEBUG -      5 |     3 |   1.5
2025-02-23 18:00:41,097 - DEBUG -     Sample: [0 1 0 1 1 1 0 1 0 1 1 0]
2025-02-23 18:00:41,099 - DEBUG - Generated 178 unique samples from 200 total measurements
2025-02-23 18:00:41,102 - INFO -   No feasible solution found in this iteration
2025-02-23 18:00:41,103 - INFO -   No new constraints added, lowered tau multiplier: 1.0 -> 0.9
2025-02-23 18:00:41,103 - INFO -   Added 4 new constraints: [4, 7, 17, 26]
2025-02-23 18:00:41,103 - INFO - 
Iteration 12:
2025-02-23 18:00:41,104 - DEBUG - Generated Ising Hamiltonian
2025-02-23 18:00:41,317 - DEBUG - Optimizing QAOA circuit...
2025-02-23 18:00:43,760 - DEBUG - Circuit optimization successful
2025-02-23 18:00:43,760 - DEBUG - Circuit optimization successful, final value: 247.7222777222775
2025-02-23 18:00:43,760 - DEBUG - Sampling from optimized circuit...
2025-02-23 18:00:43,778 - DEBUG - Generated 191 unique samples from 200 total measurements
2025-02-23 18:00:43,779 - DEBUG - 
Top 5 most frequent samples:
2025-02-23 18:00:43,779 - DEBUG -   Rank | Count |   %   
2025-02-23 18:00:43,779 - DEBUG -   -----|-------|-------
2025-02-23 18:00:43,779 - DEBUG -      1 |     2 |   1.0
2025-02-23 18:00:43,779 - DEBUG -     Sample: [0 0 1 1 0 0 1 1 0 1 1 0]
2025-02-23 18:00:43,779 - DEBUG -      2 |     2 |   1.0
2025-02-23 18:00:43,780 - DEBUG -     Sample: [1 1 1 1 1 0 1 1 0 1 1 1]
2025-02-23 18:00:43,780 - DEBUG -      3 |     2 |   1.0
2025-02-23 18:00:43,780 - DEBUG -     Sample: [0 0 1 1 1 1 1 1 1 1 1 0]
2025-02-23 18:00:43,780 - DEBUG -      4 |     2 |   1.0
2025-02-23 18:00:43,780 - DEBUG -     Sample: [0 1 1 0 1 0 0 1 1 1 0 1]
2025-02-23 18:00:43,780 - DEBUG -      5 |     2 |   1.0
2025-02-23 18:00:43,780 - DEBUG -     Sample: [1 1 1 0 1 1 1 1 0 0 0 1]
2025-02-23 18:00:43,781 - DEBUG - Generated 191 unique samples from 200 total measurements
2025-02-23 18:00:43,785 - INFO -   No feasible solution found in this iteration
2025-02-23 18:00:43,787 - INFO -   No new constraints added, lowered tau multiplier: 1.0 -> 0.9
2025-02-23 18:00:43,788 - INFO -   Added 1 new constraints: [23]
2025-02-23 18:00:43,788 - INFO - 
Iteration 13:
2025-02-23 18:00:43,788 - DEBUG - Generated Ising Hamiltonian
2025-02-23 18:00:44,001 - DEBUG - Optimizing QAOA circuit...
2025-02-23 18:00:46,051 - DEBUG - Circuit optimization successful
2025-02-23 18:00:46,052 - DEBUG - Circuit optimization successful, final value: 5673.68031968032
2025-02-23 18:00:46,052 - DEBUG - Sampling from optimized circuit...
2025-02-23 18:00:46,073 - DEBUG - Generated 184 unique samples from 200 total measurements
2025-02-23 18:00:46,073 - DEBUG - 
Top 5 most frequent samples:
2025-02-23 18:00:46,074 - DEBUG -   Rank | Count |   %   
2025-02-23 18:00:46,074 - DEBUG -   -----|-------|-------
2025-02-23 18:00:46,074 - DEBUG -      1 |     2 |   1.0
2025-02-23 18:00:46,074 - DEBUG -     Sample: [1 0 1 0 0 0 1 0 1 1 1 0]
2025-02-23 18:00:46,074 - DEBUG -      2 |     2 |   1.0
2025-02-23 18:00:46,075 - DEBUG -     Sample: [1 0 0 1 0 1 0 1 1 1 0 0]
2025-02-23 18:00:46,075 - DEBUG -      3 |     2 |   1.0
2025-02-23 18:00:46,076 - DEBUG -     Sample: [0 0 0 1 0 1 1 1 1 0 1 0]
2025-02-23 18:00:46,076 - DEBUG -      4 |     2 |   1.0
2025-02-23 18:00:46,076 - DEBUG -     Sample: [1 0 1 0 0 0 1 1 1 1 0 0]
2025-02-23 18:00:46,077 - DEBUG -      5 |     2 |   1.0
2025-02-23 18:00:46,077 - DEBUG -     Sample: [1 0 0 0 0 0 1 1 1 0 0 1]
2025-02-23 18:00:46,078 - DEBUG - Generated 184 unique samples from 200 total measurements
2025-02-23 18:00:46,081 - INFO -   No feasible solution found in this iteration
2025-02-23 18:00:46,082 - INFO -   Added 1 new constraints: [0]
2025-02-23 18:00:46,082 - INFO - 
Iteration 14:
2025-02-23 18:00:46,082 - DEBUG - Generated Ising Hamiltonian
2025-02-23 18:00:46,292 - DEBUG - Optimizing QAOA circuit...
2025-02-23 18:00:48,484 - DEBUG - Circuit optimization successful
2025-02-23 18:00:48,484 - DEBUG - Circuit optimization successful, final value: 5202.413586413586
2025-02-23 18:00:48,484 - DEBUG - Sampling from optimized circuit...
2025-02-23 18:00:48,503 - DEBUG - Generated 190 unique samples from 200 total measurements
2025-02-23 18:00:48,504 - DEBUG - 
Top 5 most frequent samples:
2025-02-23 18:00:48,504 - DEBUG -   Rank | Count |   %   
2025-02-23 18:00:48,504 - DEBUG -   -----|-------|-------
2025-02-23 18:00:48,504 - DEBUG -      1 |     3 |   1.5
2025-02-23 18:00:48,504 - DEBUG -     Sample: [1 1 0 1 0 1 1 1 0 0 0 1]
2025-02-23 18:00:48,504 - DEBUG -      2 |     2 |   1.0
2025-02-23 18:00:48,504 - DEBUG -     Sample: [1 0 1 0 1 0 1 1 0 0 1 0]
2025-02-23 18:00:48,505 - DEBUG -      3 |     2 |   1.0
2025-02-23 18:00:48,505 - DEBUG -     Sample: [0 1 0 0 0 0 1 0 0 1 0 1]
2025-02-23 18:00:48,505 - DEBUG -      4 |     2 |   1.0
2025-02-23 18:00:48,505 - DEBUG -     Sample: [1 1 1 1 0 0 0 1 0 0 0 1]
2025-02-23 18:00:48,505 - DEBUG -      5 |     2 |   1.0
2025-02-23 18:00:48,506 - DEBUG -     Sample: [0 1 1 0 1 0 1 1 0 1 1 0]
2025-02-23 18:00:48,507 - DEBUG - Generated 190 unique samples from 200 total measurements
2025-02-23 18:00:48,511 - INFO - Found feasible solution: [0 0 1 0 1 0 0 1 1 1 0 0] with objective value 193.0
2025-02-23 18:00:48,512 - INFO -   Found feasible solution:
2025-02-23 18:00:48,512 - INFO -     Solution: [0, 0, 1, 0, 1, 0, 0, 1, 1, 1, 0, 0]
2025-02-23 18:00:48,512 - INFO -     Value: 193.0
2025-02-23 18:00:48,513 - INFO -     Gap to reference: 51.97%
2025-02-23 18:00:48,513 - INFO -   Constraint generation solution found:
2025-02-23 18:00:48,513 - INFO -     Solution: [0, 0, 1, 0, 1, 0, 0, 1, 1, 1, 0, 0]
2025-02-23 18:00:48,513 - INFO -     Value: 193.0
2025-02-23 18:00:48,513 - INFO - 
Instance 43 results:
2025-02-23 18:00:48,513 - INFO -   Classical value: 127.0
2025-02-23 18:00:48,514 - INFO -   QAOA value: 0.0
2025-02-23 18:00:48,514 - INFO -   Constraint generation value: 193.0
2025-02-23 18:00:48,514 - INFO - 
Running instance 44/100
2025-02-23 18:00:48,517 - INFO - 
Running Classical Reference Solver (SCIP):
2025-02-23 18:00:48,518 - DEBUG - Problem dimensions: 40 constraints, 12 variables
2025-02-23 18:00:48,518 - DEBUG - Row names: ['ELEM1', 'ELEM2', 'ELEM3', 'ELEM4', 'ELEM5', 'ELEM6', 'ELEM7', 'ELEM8', 'ELEM9', 'ELEM10', 'ELEM11', 'ELEM12', 'ELEM13', 'ELEM14', 'ELEM15', 'ELEM16', 'ELEM17', 'ELEM18', 'ELEM19', 'ELEM20', 'ELEM21', 'ELEM22', 'ELEM23', 'ELEM24', 'ELEM25', 'ELEM26', 'ELEM27', 'ELEM28', 'ELEM29', 'ELEM30', 'ELEM31', 'ELEM32', 'ELEM33', 'ELEM34', 'ELEM35', 'ELEM36', 'ELEM37', 'ELEM38', 'ELEM39', 'ELEM40']
2025-02-23 18:00:48,519 - DEBUG - RHS values: {'ELEM1': 1.0, 'ELEM2': 1.0, 'ELEM3': 1.0, 'ELEM4': 1.0, 'ELEM5': 1.0, 'ELEM6': 1.0, 'ELEM7': 1.0, 'ELEM8': 1.0, 'ELEM9': 1.0, 'ELEM10': 1.0, 'ELEM11': 1.0, 'ELEM12': 1.0, 'ELEM13': 1.0, 'ELEM14': 1.0, 'ELEM15': 1.0, 'ELEM16': 1.0, 'ELEM17': 1.0, 'ELEM18': 1.0, 'ELEM19': 1.0, 'ELEM20': 1.0, 'ELEM21': 1.0, 'ELEM22': 1.0, 'ELEM23': 1.0, 'ELEM24': 1.0, 'ELEM25': 1.0, 'ELEM26': 1.0, 'ELEM27': 1.0, 'ELEM28': 1.0, 'ELEM29': 1.0, 'ELEM30': 1.0, 'ELEM31': 1.0, 'ELEM32': 1.0, 'ELEM33': 1.0, 'ELEM34': 1.0, 'ELEM35': 1.0, 'ELEM36': 1.0, 'ELEM37': 1.0, 'ELEM38': 1.0, 'ELEM39': 1.0, 'ELEM40': 1.0}
2025-02-23 18:00:48,530 - INFO -   Reference solution found:
2025-02-23 18:00:48,530 - INFO -     Solution: [0, 1, 0, 1, 0, 0, 0, 0, 1, 0, 0, 1]
2025-02-23 18:00:48,530 - INFO -     Value: 133.0
2025-02-23 18:00:48,530 - INFO - 
Running QAOA Reference Solution (with all constraints):
