2025-02-24 14:28:11,941 - INFO - 
Problem information:
2025-02-24 14:28:11,941 - INFO -   Number of variables (n): 12
2025-02-24 14:28:11,941 - INFO -   Number of constraints (m): 40
2025-02-24 14:28:11,941 - DEBUG -   Density of A: 25.00%
2025-02-24 14:28:11,941 - INFO - 
Starting reference QAOA with parameters:
2025-02-24 14:28:11,941 - INFO -   sample_size (total shots): 1000
2025-02-24 14:28:11,942 - INFO - Added all constraints
2025-02-24 14:28:11,942 - DEBUG - Generated Ising Hamiltonian
2025-02-24 14:28:12,077 - DEBUG - Optimizing QAOA circuit...
2025-02-24 14:28:15,524 - DEBUG - Circuit optimization successful
2025-02-24 14:28:15,525 - DEBUG - Circuit optimization successful, final value: -11053.562437562432
2025-02-24 14:28:15,525 - DEBUG - Sampling from optimized circuit...
2025-02-24 14:28:15,564 - DEBUG - Generated 646 unique samples from 1000 total measurements
2025-02-24 14:28:15,564 - DEBUG - 
Top 5 most frequent samples:
2025-02-24 14:28:15,564 - DEBUG -   Rank | Count |   %   
2025-02-24 14:28:15,564 - DEBUG -   -----|-------|-------
2025-02-24 14:28:15,565 - DEBUG -      1 |     9 |   0.9
2025-02-24 14:28:15,565 - DEBUG -     Sample: [0 1 1 0 0 0 1 0 0 1 1 0]
2025-02-24 14:28:15,565 - DEBUG -      2 |     8 |   0.8
2025-02-24 14:28:15,565 - DEBUG -     Sample: [0 1 1 1 0 0 0 0 0 0 1 0]
2025-02-24 14:28:15,565 - DEBUG -      3 |     8 |   0.8
2025-02-24 14:28:15,565 - DEBUG -     Sample: [0 1 1 1 0 0 1 0 1 1 1 0]
2025-02-24 14:28:15,565 - DEBUG -      4 |     7 |   0.7
2025-02-24 14:28:15,566 - DEBUG -     Sample: [1 0 1 1 0 0 1 0 0 0 1 0]
2025-02-24 14:28:15,566 - DEBUG -      5 |     6 |   0.6
2025-02-24 14:28:15,566 - DEBUG -     Sample: [1 1 1 1 1 0 0 0 0 1 1 1]
2025-02-24 14:28:15,567 - DEBUG - Generated 646 unique samples from 1000 total measurements
2025-02-24 14:28:15,576 - INFO - No feasible solution found
2025-02-24 14:28:15,577 - INFO -   QAOA solver found no feasible solution
2025-02-24 14:28:15,577 - INFO - 
Running Constraint Generation:
2025-02-24 14:28:15,578 - INFO - 
Problem information:
2025-02-24 14:28:15,578 - INFO -   Number of variables (n): 12
2025-02-24 14:28:15,579 - INFO -   Number of constraints (m): 40
2025-02-24 14:28:15,579 - DEBUG -   Density of A: 25.00%
2025-02-24 14:28:15,579 - INFO - 
Running classical reference solver:
2025-02-24 14:28:15,589 - INFO -   Reference solution found:
2025-02-24 14:28:15,589 - INFO -     Solution: [0, 0, 0, 0, 0, 0, 1, 0, 1, 1, 0, 0]
2025-02-24 14:28:15,589 - INFO -     Value: 119.0
2025-02-24 14:28:15,589 - INFO - 
Starting quantum constraint generation with parameters:
2025-02-24 14:28:15,589 - INFO -   sample_size (total shots): 1000
2025-02-24 14:28:15,589 - INFO -   tau: 0.1
2025-02-24 14:28:15,589 - INFO -   max_iters: 1000
2025-02-24 14:28:15,590 - INFO - 
Iteration 0:
2025-02-24 14:28:15,590 - DEBUG - Generated Ising Hamiltonian
2025-02-24 14:28:15,591 - DEBUG - Optimizing QAOA circuit...
2025-02-24 14:28:20,554 - WARNING - Circuit optimization did not converge
2025-02-24 14:28:20,555 - WARNING - Circuit optimization did not converge
2025-02-24 14:28:20,555 - DEBUG - Sampling from optimized circuit...
2025-02-24 14:28:20,611 - DEBUG - Generated 15 unique samples from 1000 total measurements
2025-02-24 14:28:20,611 - DEBUG - 
Top 5 most frequent samples:
2025-02-24 14:28:20,611 - DEBUG -   Rank | Count |   %   
2025-02-24 14:28:20,611 - DEBUG -   -----|-------|-------
2025-02-24 14:28:20,611 - DEBUG -      1 |   447 |  44.7
2025-02-24 14:28:20,612 - DEBUG -     Sample: [0 0 0 0 0 0 0 0 1 1 0 1]
2025-02-24 14:28:20,612 - DEBUG -      2 |   270 |  27.0
2025-02-24 14:28:20,612 - DEBUG -     Sample: [0 0 0 0 0 0 0 0 1 1 1 1]
2025-02-24 14:28:20,612 - DEBUG -      3 |    95 |   9.5
2025-02-24 14:28:20,613 - DEBUG -     Sample: [0 0 0 0 0 0 0 0 0 1 0 1]
2025-02-24 14:28:20,613 - DEBUG -      4 |    55 |   5.5
2025-02-24 14:28:20,613 - DEBUG -     Sample: [0 0 0 0 0 0 0 0 0 1 1 1]
2025-02-24 14:28:20,613 - DEBUG -      5 |    43 |   4.3
2025-02-24 14:28:20,613 - DEBUG -     Sample: [0 0 0 0 0 0 0 0 1 0 0 1]
2025-02-24 14:28:20,613 - DEBUG - Generated 15 unique samples from 1000 total measurements
2025-02-24 14:28:20,613 - INFO -   No feasible solution found in this iteration
2025-02-24 14:28:20,614 - INFO -   Added 7 new constraints: [0, 5, 7, 10, 26, 30, 33]
2025-02-24 14:28:20,614 - INFO - 
Iteration 1:
2025-02-24 14:28:20,614 - DEBUG - Generated Ising Hamiltonian
2025-02-24 14:28:20,616 - DEBUG - Optimizing QAOA circuit...
2025-02-24 14:28:30,382 - WARNING - Circuit optimization did not converge
2025-02-24 14:28:30,383 - WARNING - Circuit optimization did not converge
2025-02-24 14:28:30,383 - DEBUG - Sampling from optimized circuit...
2025-02-24 14:28:30,436 - DEBUG - Generated 15 unique samples from 1000 total measurements
2025-02-24 14:28:30,436 - DEBUG - 
Top 5 most frequent samples:
2025-02-24 14:28:30,436 - DEBUG -   Rank | Count |   %   
2025-02-24 14:28:30,436 - DEBUG -   -----|-------|-------
2025-02-24 14:28:30,437 - DEBUG -      1 |   461 |  46.1
2025-02-24 14:28:30,437 - DEBUG -     Sample: [0 0 0 0 0 0 0 0 1 0 0 0]
2025-02-24 14:28:30,437 - DEBUG -      2 |   252 |  25.2
2025-02-24 14:28:30,437 - DEBUG -     Sample: [0 0 0 0 0 0 0 0 1 0 0 1]
2025-02-24 14:28:30,437 - DEBUG -      3 |    87 |   8.7
2025-02-24 14:28:30,437 - DEBUG -     Sample: [0 0 0 0 0 0 0 0 1 0 1 0]
2025-02-24 14:28:30,437 - DEBUG -      4 |    46 |   4.6
2025-02-24 14:28:30,437 - DEBUG -     Sample: [0 0 0 0 0 0 0 0 1 1 0 0]
2025-02-24 14:28:30,437 - DEBUG -      5 |    42 |   4.2
2025-02-24 14:28:30,438 - DEBUG -     Sample: [0 0 0 0 0 0 0 0 0 0 0 0]
2025-02-24 14:28:30,438 - DEBUG - Generated 15 unique samples from 1000 total measurements
2025-02-24 14:28:30,438 - INFO -   No feasible solution found in this iteration
2025-02-24 14:28:30,438 - INFO -   No new constraints added, lowered tau multiplier: 1.0 -> 0.9
2025-02-24 14:28:30,438 - INFO -   No new constraints added, lowered tau multiplier: 0.9 -> 0.8
2025-02-24 14:28:30,438 - INFO -   No new constraints added, lowered tau multiplier: 0.8 -> 0.7
2025-02-24 14:28:30,439 - INFO -   No new constraints added, lowered tau multiplier: 0.7 -> 0.6
2025-02-24 14:28:30,439 - INFO -   No new constraints added, lowered tau multiplier: 0.6 -> 0.5
2025-02-24 14:28:30,439 - INFO -   Added 18 new constraints: [2, 4, 6, 9, 12, 13, 14, 16, 17, 21, 23, 28, 31, 32, 35, 36, 37, 39]
2025-02-24 14:28:30,439 - INFO - 
Iteration 2:
2025-02-24 14:28:30,439 - DEBUG - Generated Ising Hamiltonian
2025-02-24 14:28:30,441 - DEBUG - Optimizing QAOA circuit...
2025-02-24 14:28:40,451 - WARNING - Circuit optimization did not converge
2025-02-24 14:28:40,451 - WARNING - Circuit optimization did not converge
2025-02-24 14:28:40,451 - DEBUG - Sampling from optimized circuit...
2025-02-24 14:28:40,511 - DEBUG - Generated 16 unique samples from 1000 total measurements
2025-02-24 14:28:40,512 - DEBUG - 
Top 5 most frequent samples:
2025-02-24 14:28:40,512 - DEBUG -   Rank | Count |   %   
2025-02-24 14:28:40,512 - DEBUG -   -----|-------|-------
2025-02-24 14:28:40,512 - DEBUG -      1 |   132 |  13.2
2025-02-24 14:28:40,512 - DEBUG -     Sample: [0 0 0 0 0 0 0 0 0 0 0 0]
2025-02-24 14:28:40,512 - DEBUG -      2 |   127 |  12.7
2025-02-24 14:28:40,512 - DEBUG -     Sample: [0 0 0 0 0 0 0 0 0 1 0 0]
2025-02-24 14:28:40,512 - DEBUG -      3 |   121 |  12.1
2025-02-24 14:28:40,512 - DEBUG -     Sample: [0 0 0 0 0 0 0 0 0 1 1 0]
2025-02-24 14:28:40,512 - DEBUG -      4 |   118 |  11.8
2025-02-24 14:28:40,513 - DEBUG -     Sample: [0 0 0 0 0 0 0 0 0 0 1 0]
2025-02-24 14:28:40,513 - DEBUG -      5 |    86 |   8.6
2025-02-24 14:28:40,513 - DEBUG -     Sample: [0 0 0 0 0 0 0 0 0 0 0 1]
2025-02-24 14:28:40,513 - DEBUG - Generated 16 unique samples from 1000 total measurements
2025-02-24 14:28:40,513 - INFO -   No feasible solution found in this iteration
2025-02-24 14:28:40,513 - INFO -   No new constraints added, lowered tau multiplier: 1.0 -> 0.9
2025-02-24 14:28:40,513 - INFO -   No new constraints added, lowered tau multiplier: 0.9 -> 0.8
2025-02-24 14:28:40,513 - INFO -   No new constraints added, lowered tau multiplier: 0.8 -> 0.7
2025-02-24 14:28:40,514 - INFO -   No new constraints added, lowered tau multiplier: 0.7 -> 0.6
2025-02-24 14:28:40,514 - INFO -   No new constraints added, lowered tau multiplier: 0.6 -> 0.5
2025-02-24 14:28:40,514 - INFO -   No new constraints added, lowered tau multiplier: 0.5 -> 0.4
2025-02-24 14:28:40,514 - INFO -   Added 15 new constraints: [1, 3, 8, 11, 15, 18, 19, 20, 22, 24, 25, 27, 29, 34, 38]
2025-02-24 14:28:40,514 - INFO - 
Iteration 3:
2025-02-24 14:28:40,514 - DEBUG - Generated Ising Hamiltonian
2025-02-24 14:28:40,516 - DEBUG - Optimizing QAOA circuit...
2025-02-24 14:28:52,678 - WARNING - Circuit optimization did not converge
2025-02-24 14:28:52,678 - WARNING - Circuit optimization did not converge
2025-02-24 14:28:52,678 - DEBUG - Sampling from optimized circuit...
2025-02-24 14:28:52,741 - DEBUG - Generated 16 unique samples from 1000 total measurements
2025-02-24 14:28:52,742 - DEBUG - 
Top 5 most frequent samples:
2025-02-24 14:28:52,742 - DEBUG -   Rank | Count |   %   
2025-02-24 14:28:52,742 - DEBUG -   -----|-------|-------
2025-02-24 14:28:52,742 - DEBUG -      1 |    93 |   9.3
2025-02-24 14:28:52,742 - DEBUG -     Sample: [0 0 0 0 0 0 0 0 0 1 1 0]
2025-02-24 14:28:52,742 - DEBUG -      2 |    86 |   8.6
2025-02-24 14:28:52,742 - DEBUG -     Sample: [0 0 0 0 0 0 0 0 0 0 1 0]
2025-02-24 14:28:52,742 - DEBUG -      3 |    76 |   7.6
2025-02-24 14:28:52,742 - DEBUG -     Sample: [0 0 0 0 0 0 0 0 0 1 0 0]
2025-02-24 14:28:52,743 - DEBUG -      4 |    75 |   7.5
2025-02-24 14:28:52,743 - DEBUG -     Sample: [0 0 0 0 0 0 0 0 1 1 0 1]
2025-02-24 14:28:52,743 - DEBUG -      5 |    74 |   7.4
2025-02-24 14:28:52,743 - DEBUG -     Sample: [0 0 0 0 0 0 0 0 0 0 1 1]
2025-02-24 14:28:52,743 - DEBUG - Generated 16 unique samples from 1000 total measurements
2025-02-24 14:28:52,744 - INFO -   No feasible solution found in this iteration
2025-02-24 14:28:52,744 - INFO -   All constraints added, exiting
2025-02-24 14:28:52,744 - INFO -   Constraint generation found no feasible solution
2025-02-24 14:28:52,744 - INFO - 
Instance 34 results:
2025-02-24 14:28:52,744 - INFO -   Classical value: 119.0
2025-02-24 14:28:52,744 - INFO -   QAOA value: 0.0
2025-02-24 14:28:52,744 - INFO -   Constraint generation value: 0.0
2025-02-24 14:28:52,744 - INFO - 
Running instance 35/100
2025-02-24 14:28:52,745 - INFO - 
Running Classical Reference Solver (SCIP):
2025-02-24 14:28:52,746 - DEBUG - Problem dimensions: 40 constraints, 12 variables
2025-02-24 14:28:52,746 - DEBUG - Row names: ['ELEM1', 'ELEM2', 'ELEM3', 'ELEM4', 'ELEM5', 'ELEM6', 'ELEM7', 'ELEM8', 'ELEM9', 'ELEM10', 'ELEM11', 'ELEM12', 'ELEM13', 'ELEM14', 'ELEM15', 'ELEM16', 'ELEM17', 'ELEM18', 'ELEM19', 'ELEM20', 'ELEM21', 'ELEM22', 'ELEM23', 'ELEM24', 'ELEM25', 'ELEM26', 'ELEM27', 'ELEM28', 'ELEM29', 'ELEM30', 'ELEM31', 'ELEM32', 'ELEM33', 'ELEM34', 'ELEM35', 'ELEM36', 'ELEM37', 'ELEM38', 'ELEM39', 'ELEM40']
2025-02-24 14:28:52,746 - DEBUG - RHS values: {'ELEM1': 1.0, 'ELEM2': 1.0, 'ELEM3': 1.0, 'ELEM4': 1.0, 'ELEM5': 1.0, 'ELEM6': 1.0, 'ELEM7': 1.0, 'ELEM8': 1.0, 'ELEM9': 1.0, 'ELEM10': 1.0, 'ELEM11': 1.0, 'ELEM12': 1.0, 'ELEM13': 1.0, 'ELEM14': 1.0, 'ELEM15': 1.0, 'ELEM16': 1.0, 'ELEM17': 1.0, 'ELEM18': 1.0, 'ELEM19': 1.0, 'ELEM20': 1.0, 'ELEM21': 1.0, 'ELEM22': 1.0, 'ELEM23': 1.0, 'ELEM24': 1.0, 'ELEM25': 1.0, 'ELEM26': 1.0, 'ELEM27': 1.0, 'ELEM28': 1.0, 'ELEM29': 1.0, 'ELEM30': 1.0, 'ELEM31': 1.0, 'ELEM32': 1.0, 'ELEM33': 1.0, 'ELEM34': 1.0, 'ELEM35': 1.0, 'ELEM36': 1.0, 'ELEM37': 1.0, 'ELEM38': 1.0, 'ELEM39': 1.0, 'ELEM40': 1.0}
2025-02-24 14:28:52,754 - INFO -   Reference solution found:
2025-02-24 14:28:52,754 - INFO -     Solution: [1, 1, 0, 0, 1, 0, 0, 0, 1, 0, 0, 1]
2025-02-24 14:28:52,755 - INFO -     Value: 231.99999999999997
2025-02-24 14:28:52,755 - INFO - 
Running QAOA Reference Solution (with all constraints):
