2025-02-24 14:42:38,637 - INFO - 
Problem information:
2025-02-24 14:42:38,638 - INFO -   Number of variables (n): 12
2025-02-24 14:42:38,638 - INFO -   Number of constraints (m): 40
2025-02-24 14:42:38,638 - DEBUG -   Density of A: 20.62%
2025-02-24 14:42:38,638 - INFO - 
Starting reference QAOA with parameters:
2025-02-24 14:42:38,638 - INFO -   sample_size (total shots): 1000
2025-02-24 14:42:38,638 - INFO - Added all constraints
2025-02-24 14:42:38,638 - DEBUG - Generated Ising Hamiltonian
2025-02-24 14:42:38,790 - DEBUG - Optimizing QAOA circuit...
2025-02-24 14:42:41,668 - DEBUG - Circuit optimization successful
2025-02-24 14:42:41,668 - DEBUG - Circuit optimization successful, final value: 29141.036963036957
2025-02-24 14:42:41,668 - DEBUG - Sampling from optimized circuit...
2025-02-24 14:42:41,703 - DEBUG - Generated 561 unique samples from 1000 total measurements
2025-02-24 14:42:41,704 - DEBUG - 
Top 5 most frequent samples:
2025-02-24 14:42:41,704 - DEBUG -   Rank | Count |   %   
2025-02-24 14:42:41,704 - DEBUG -   -----|-------|-------
2025-02-24 14:42:41,704 - DEBUG -      1 |    13 |   1.3
2025-02-24 14:42:41,704 - DEBUG -     Sample: [1 0 1 0 1 0 1 0 1 1 1 0]
2025-02-24 14:42:41,705 - DEBUG -      2 |    11 |   1.1
2025-02-24 14:42:41,705 - DEBUG -     Sample: [1 0 0 0 1 0 1 0 1 1 1 1]
2025-02-24 14:42:41,705 - DEBUG -      3 |    11 |   1.1
2025-02-24 14:42:41,705 - DEBUG -     Sample: [1 1 1 0 0 0 0 0 1 1 1 0]
2025-02-24 14:42:41,705 - DEBUG -      4 |    10 |   1.0
2025-02-24 14:42:41,705 - DEBUG -     Sample: [1 0 0 0 1 0 1 0 0 1 1 0]
2025-02-24 14:42:41,705 - DEBUG -      5 |    10 |   1.0
2025-02-24 14:42:41,705 - DEBUG -     Sample: [1 0 0 0 1 0 1 0 1 1 1 0]
2025-02-24 14:42:41,706 - DEBUG - Generated 561 unique samples from 1000 total measurements
2025-02-24 14:42:41,716 - INFO - No feasible solution found
2025-02-24 14:42:41,716 - INFO -   QAOA solver found no feasible solution
2025-02-24 14:42:41,716 - INFO - 
Running Constraint Generation:
2025-02-24 14:42:41,718 - INFO - 
Problem information:
2025-02-24 14:42:41,718 - INFO -   Number of variables (n): 12
2025-02-24 14:42:41,718 - INFO -   Number of constraints (m): 40
2025-02-24 14:42:41,718 - DEBUG -   Density of A: 20.62%
2025-02-24 14:42:41,718 - INFO - 
Running classical reference solver:
2025-02-24 14:42:41,728 - INFO -   Reference solution found:
2025-02-24 14:42:41,728 - INFO -     Solution: [1, 1, 0, 0, 0, 0, 0, 0, 1, 1, 0, 0]
2025-02-24 14:42:41,728 - INFO -     Value: 123.0
2025-02-24 14:42:41,728 - INFO - 
Starting quantum constraint generation with parameters:
2025-02-24 14:42:41,729 - INFO -   sample_size (total shots): 1000
2025-02-24 14:42:41,729 - INFO -   tau: 0.1
2025-02-24 14:42:41,729 - INFO -   max_iters: 1000
2025-02-24 14:42:41,729 - INFO - 
Iteration 0:
2025-02-24 14:42:41,729 - DEBUG - Generated Ising Hamiltonian
2025-02-24 14:42:41,730 - DEBUG - Optimizing QAOA circuit...
2025-02-24 14:42:44,807 - WARNING - Circuit optimization did not converge
2025-02-24 14:42:44,807 - WARNING - Circuit optimization did not converge
2025-02-24 14:42:44,807 - DEBUG - Sampling from optimized circuit...
2025-02-24 14:42:44,864 - DEBUG - Generated 5 unique samples from 1000 total measurements
2025-02-24 14:42:44,864 - DEBUG - 
Top 5 most frequent samples:
2025-02-24 14:42:44,865 - DEBUG -   Rank | Count |   %   
2025-02-24 14:42:44,865 - DEBUG -   -----|-------|-------
2025-02-24 14:42:44,865 - DEBUG -      1 |   405 |  40.5
2025-02-24 14:42:44,865 - DEBUG -     Sample: [0 0 0 0 0 0 0 0 1 0 0 1]
2025-02-24 14:42:44,865 - DEBUG -      2 |   268 |  26.8
2025-02-24 14:42:44,865 - DEBUG -     Sample: [0 0 0 0 0 0 0 0 1 0 1 1]
2025-02-24 14:42:44,865 - DEBUG -      3 |   192 |  19.2
2025-02-24 14:42:44,865 - DEBUG -     Sample: [0 0 0 0 0 0 0 0 1 0 0 0]
2025-02-24 14:42:44,865 - DEBUG -      4 |   134 |  13.4
2025-02-24 14:42:44,866 - DEBUG -     Sample: [0 0 0 0 0 0 0 0 1 0 1 0]
2025-02-24 14:42:44,866 - DEBUG -      5 |     1 |   0.1
2025-02-24 14:42:44,866 - DEBUG -     Sample: [0 0 0 0 0 0 0 0 0 0 1 1]
2025-02-24 14:42:44,866 - DEBUG - Generated 5 unique samples from 1000 total measurements
2025-02-24 14:42:44,866 - INFO -   No feasible solution found in this iteration
2025-02-24 14:42:44,867 - INFO -   Added 30 new constraints: [0, 1, 3, 4, 5, 6, 8, 9, 10, 11, 12, 13, 15, 16, 17, 18, 19, 20, 22, 23, 24, 29, 30, 32, 33, 34, 35, 37, 38, 39]
2025-02-24 14:42:44,867 - INFO - 
Iteration 1:
2025-02-24 14:42:44,867 - DEBUG - Generated Ising Hamiltonian
2025-02-24 14:42:44,870 - DEBUG - Optimizing QAOA circuit...
2025-02-24 14:42:57,127 - WARNING - Circuit optimization did not converge
2025-02-24 14:42:57,128 - WARNING - Circuit optimization did not converge
2025-02-24 14:42:57,128 - DEBUG - Sampling from optimized circuit...
2025-02-24 14:42:57,183 - DEBUG - Generated 16 unique samples from 1000 total measurements
2025-02-24 14:42:57,184 - DEBUG - 
Top 5 most frequent samples:
2025-02-24 14:42:57,184 - DEBUG -   Rank | Count |   %   
2025-02-24 14:42:57,184 - DEBUG -   -----|-------|-------
2025-02-24 14:42:57,184 - DEBUG -      1 |   200 |  20.0
2025-02-24 14:42:57,184 - DEBUG -     Sample: [0 0 0 0 0 0 0 0 1 1 0 1]
2025-02-24 14:42:57,184 - DEBUG -      2 |   195 |  19.5
2025-02-24 14:42:57,184 - DEBUG -     Sample: [0 0 0 0 0 0 0 0 1 1 0 0]
2025-02-24 14:42:57,184 - DEBUG -      3 |   125 |  12.5
2025-02-24 14:42:57,184 - DEBUG -     Sample: [0 0 0 0 0 0 0 0 1 1 1 0]
2025-02-24 14:42:57,184 - DEBUG -      4 |   123 |  12.3
2025-02-24 14:42:57,185 - DEBUG -     Sample: [0 0 0 0 0 0 0 0 1 1 1 1]
2025-02-24 14:42:57,185 - DEBUG -      5 |    67 |   6.7
2025-02-24 14:42:57,185 - DEBUG -     Sample: [0 0 0 0 0 0 0 0 1 0 0 0]
2025-02-24 14:42:57,185 - DEBUG - Generated 16 unique samples from 1000 total measurements
2025-02-24 14:42:57,185 - INFO -   No feasible solution found in this iteration
2025-02-24 14:42:57,185 - INFO -   No new constraints added, lowered tau multiplier: 1.0 -> 0.9
2025-02-24 14:42:57,185 - INFO -   No new constraints added, lowered tau multiplier: 0.9 -> 0.8
2025-02-24 14:42:57,186 - INFO -   No new constraints added, lowered tau multiplier: 0.8 -> 0.7
2025-02-24 14:42:57,186 - INFO -   No new constraints added, lowered tau multiplier: 0.7 -> 0.6
2025-02-24 14:42:57,186 - INFO -   Added 1 new constraints: [36]
2025-02-24 14:42:57,186 - INFO - 
Iteration 2:
2025-02-24 14:42:57,186 - DEBUG - Generated Ising Hamiltonian
2025-02-24 14:42:57,188 - DEBUG - Optimizing QAOA circuit...
2025-02-24 14:43:04,197 - WARNING - Circuit optimization did not converge
2025-02-24 14:43:04,197 - WARNING - Circuit optimization did not converge
2025-02-24 14:43:04,197 - DEBUG - Sampling from optimized circuit...
2025-02-24 14:43:04,250 - DEBUG - Generated 16 unique samples from 1000 total measurements
2025-02-24 14:43:04,250 - DEBUG - 
Top 5 most frequent samples:
2025-02-24 14:43:04,250 - DEBUG -   Rank | Count |   %   
2025-02-24 14:43:04,250 - DEBUG -   -----|-------|-------
2025-02-24 14:43:04,251 - DEBUG -      1 |   268 |  26.8
2025-02-24 14:43:04,251 - DEBUG -     Sample: [0 0 0 0 0 0 0 0 0 0 0 1]
2025-02-24 14:43:04,251 - DEBUG -      2 |   196 |  19.6
2025-02-24 14:43:04,251 - DEBUG -     Sample: [0 0 0 0 0 0 0 0 0 0 1 1]
2025-02-24 14:43:04,251 - DEBUG -      3 |   110 |  11.0
2025-02-24 14:43:04,251 - DEBUG -     Sample: [0 0 0 0 0 0 0 0 0 0 0 0]
2025-02-24 14:43:04,251 - DEBUG -      4 |   109 |  10.9
2025-02-24 14:43:04,252 - DEBUG -     Sample: [0 0 0 0 0 0 0 0 0 1 0 1]
2025-02-24 14:43:04,252 - DEBUG -      5 |    92 |   9.2
2025-02-24 14:43:04,252 - DEBUG -     Sample: [0 0 0 0 0 0 0 0 0 0 1 0]
2025-02-24 14:43:04,252 - DEBUG - Generated 16 unique samples from 1000 total measurements
2025-02-24 14:43:04,252 - INFO -   No feasible solution found in this iteration
2025-02-24 14:43:04,252 - INFO -   No new constraints added, lowered tau multiplier: 1.0 -> 0.9
2025-02-24 14:43:04,253 - INFO -   No new constraints added, lowered tau multiplier: 0.9 -> 0.8
2025-02-24 14:43:04,253 - INFO -   No new constraints added, lowered tau multiplier: 0.8 -> 0.7
2025-02-24 14:43:04,253 - INFO -   No new constraints added, lowered tau multiplier: 0.7 -> 0.6
2025-02-24 14:43:04,253 - INFO -   No new constraints added, lowered tau multiplier: 0.6 -> 0.5
2025-02-24 14:43:04,253 - INFO -   No new constraints added, lowered tau multiplier: 0.5 -> 0.4
2025-02-24 14:43:04,253 - INFO -   Added 9 new constraints: [2, 7, 14, 21, 25, 26, 27, 28, 31]
2025-02-24 14:43:04,253 - INFO - 
Iteration 3:
2025-02-24 14:43:04,253 - DEBUG - Generated Ising Hamiltonian
2025-02-24 14:43:04,255 - DEBUG - Optimizing QAOA circuit...
2025-02-24 14:43:17,821 - WARNING - Circuit optimization did not converge
2025-02-24 14:43:17,821 - WARNING - Circuit optimization did not converge
2025-02-24 14:43:17,821 - DEBUG - Sampling from optimized circuit...
2025-02-24 14:43:17,881 - DEBUG - Generated 11 unique samples from 1000 total measurements
2025-02-24 14:43:17,881 - DEBUG - 
Top 5 most frequent samples:
2025-02-24 14:43:17,881 - DEBUG -   Rank | Count |   %   
2025-02-24 14:43:17,881 - DEBUG -   -----|-------|-------
2025-02-24 14:43:17,881 - DEBUG -      1 |   494 |  49.4
2025-02-24 14:43:17,881 - DEBUG -     Sample: [0 0 0 0 0 0 0 0 0 0 0 0]
2025-02-24 14:43:17,881 - DEBUG -      2 |   427 |  42.7
2025-02-24 14:43:17,882 - DEBUG -     Sample: [0 0 0 0 0 0 0 0 1 0 0 0]
2025-02-24 14:43:17,882 - DEBUG -      3 |    27 |   2.7
2025-02-24 14:43:17,882 - DEBUG -     Sample: [0 0 0 0 0 0 0 0 1 0 0 1]
2025-02-24 14:43:17,882 - DEBUG -      4 |    19 |   1.9
2025-02-24 14:43:17,882 - DEBUG -     Sample: [0 0 0 0 0 0 0 0 0 0 0 1]
2025-02-24 14:43:17,882 - DEBUG -      5 |     9 |   0.9
2025-02-24 14:43:17,882 - DEBUG -     Sample: [0 0 0 0 0 0 0 0 0 1 0 0]
2025-02-24 14:43:17,882 - DEBUG - Generated 11 unique samples from 1000 total measurements
2025-02-24 14:43:17,883 - INFO -   No feasible solution found in this iteration
2025-02-24 14:43:17,883 - INFO -   All constraints added, exiting
2025-02-24 14:43:17,883 - INFO -   Constraint generation found no feasible solution
2025-02-24 14:43:17,883 - INFO - 
Instance 57 results:
2025-02-24 14:43:17,883 - INFO -   Classical value: 123.0
2025-02-24 14:43:17,883 - INFO -   QAOA value: 0.0
2025-02-24 14:43:17,883 - INFO -   Constraint generation value: 0.0
2025-02-24 14:43:17,884 - INFO - 
Running instance 58/100
2025-02-24 14:43:17,885 - INFO - 
Running Classical Reference Solver (SCIP):
2025-02-24 14:43:17,885 - DEBUG - Problem dimensions: 40 constraints, 12 variables
2025-02-24 14:43:17,886 - DEBUG - Row names: ['ELEM1', 'ELEM2', 'ELEM3', 'ELEM4', 'ELEM5', 'ELEM6', 'ELEM7', 'ELEM8', 'ELEM9', 'ELEM10', 'ELEM11', 'ELEM12', 'ELEM13', 'ELEM14', 'ELEM15', 'ELEM16', 'ELEM17', 'ELEM18', 'ELEM19', 'ELEM20', 'ELEM21', 'ELEM22', 'ELEM23', 'ELEM24', 'ELEM25', 'ELEM26', 'ELEM27', 'ELEM28', 'ELEM29', 'ELEM30', 'ELEM31', 'ELEM32', 'ELEM33', 'ELEM34', 'ELEM35', 'ELEM36', 'ELEM37', 'ELEM38', 'ELEM39', 'ELEM40']
2025-02-24 14:43:17,886 - DEBUG - RHS values: {'ELEM1': 1.0, 'ELEM2': 1.0, 'ELEM3': 1.0, 'ELEM4': 1.0, 'ELEM5': 1.0, 'ELEM6': 1.0, 'ELEM7': 1.0, 'ELEM8': 1.0, 'ELEM9': 1.0, 'ELEM10': 1.0, 'ELEM11': 1.0, 'ELEM12': 1.0, 'ELEM13': 1.0, 'ELEM14': 1.0, 'ELEM15': 1.0, 'ELEM16': 1.0, 'ELEM17': 1.0, 'ELEM18': 1.0, 'ELEM19': 1.0, 'ELEM20': 1.0, 'ELEM21': 1.0, 'ELEM22': 1.0, 'ELEM23': 1.0, 'ELEM24': 1.0, 'ELEM25': 1.0, 'ELEM26': 1.0, 'ELEM27': 1.0, 'ELEM28': 1.0, 'ELEM29': 1.0, 'ELEM30': 1.0, 'ELEM31': 1.0, 'ELEM32': 1.0, 'ELEM33': 1.0, 'ELEM34': 1.0, 'ELEM35': 1.0, 'ELEM36': 1.0, 'ELEM37': 1.0, 'ELEM38': 1.0, 'ELEM39': 1.0, 'ELEM40': 1.0}
2025-02-24 14:43:17,895 - INFO -   Reference solution found:
2025-02-24 14:43:17,895 - INFO -     Solution: [0, 1, 1, 0, 0, 0, 1, 0, 0, 0, 0, 1]
2025-02-24 14:43:17,895 - INFO -     Value: 264.0
2025-02-24 14:43:17,895 - INFO - 
Running QAOA Reference Solution (with all constraints):
