2025-02-23 17:49:45,205 - INFO - 
Problem information:
2025-02-23 17:49:45,205 - INFO -   Number of variables (n): 12
2025-02-23 17:49:45,205 - INFO -   Number of constraints (m): 40
2025-02-23 17:49:45,206 - DEBUG -   Density of A: 23.96%
2025-02-23 17:49:45,206 - INFO - 
Starting reference QAOA with parameters:
2025-02-23 17:49:45,206 - INFO -   sample_size (total shots): 200
2025-02-23 17:49:45,206 - INFO - Added all constraints
2025-02-23 17:49:45,206 - DEBUG - Generated Ising Hamiltonian
2025-02-23 17:49:45,378 - DEBUG - Optimizing QAOA circuit...
2025-02-23 17:49:47,202 - DEBUG - Circuit optimization successful
2025-02-23 17:49:47,202 - DEBUG - Circuit optimization successful, final value: 83465.61363636362
2025-02-23 17:49:47,202 - DEBUG - Sampling from optimized circuit...
2025-02-23 17:49:47,220 - DEBUG - Generated 74 unique samples from 200 total measurements
2025-02-23 17:49:47,220 - DEBUG - 
Top 5 most frequent samples:
2025-02-23 17:49:47,220 - DEBUG -   Rank | Count |   %   
2025-02-23 17:49:47,220 - DEBUG -   -----|-------|-------
2025-02-23 17:49:47,220 - DEBUG -      1 |    29 |  14.5
2025-02-23 17:49:47,220 - DEBUG -     Sample: [1 1 0 0 0 1 1 1 0 0 1 1]
2025-02-23 17:49:47,220 - DEBUG -      2 |    23 |  11.5
2025-02-23 17:49:47,221 - DEBUG -     Sample: [1 1 1 0 0 1 1 1 0 0 1 1]
2025-02-23 17:49:47,221 - DEBUG -      3 |    11 |   5.5
2025-02-23 17:49:47,221 - DEBUG -     Sample: [1 1 1 0 0 1 1 1 0 0 0 1]
2025-02-23 17:49:47,221 - DEBUG -      4 |     9 |   4.5
2025-02-23 17:49:47,221 - DEBUG -     Sample: [1 1 0 0 0 1 1 1 1 0 1 1]
2025-02-23 17:49:47,221 - DEBUG -      5 |     8 |   4.0
2025-02-23 17:49:47,221 - DEBUG -     Sample: [1 1 0 0 0 1 1 1 0 0 0 1]
2025-02-23 17:49:47,222 - DEBUG - Generated 74 unique samples from 200 total measurements
2025-02-23 17:49:47,223 - INFO - No feasible solution found
2025-02-23 17:49:47,223 - INFO -   QAOA solver found no feasible solution
2025-02-23 17:49:47,224 - INFO - 
Running Constraint Generation:
2025-02-23 17:49:47,225 - INFO - 
Problem information:
2025-02-23 17:49:47,225 - INFO -   Number of variables (n): 12
2025-02-23 17:49:47,225 - INFO -   Number of constraints (m): 40
2025-02-23 17:49:47,226 - DEBUG -   Density of A: 23.96%
2025-02-23 17:49:47,226 - INFO - 
Running classical reference solver:
2025-02-23 17:49:47,236 - INFO -   Reference solution found:
2025-02-23 17:49:47,237 - INFO -     Solution: [0, 0, 0, 0, 0, 1, 0, 1, 0, 0, 1, 0]
2025-02-23 17:49:47,237 - INFO -     Value: 116.0
2025-02-23 17:49:47,237 - INFO - 
Starting quantum constraint generation with parameters:
2025-02-23 17:49:47,237 - INFO -   sample_size (total shots): 200
2025-02-23 17:49:47,237 - INFO -   tau: 0.1
2025-02-23 17:49:47,237 - INFO -   max_iters: 1000
2025-02-23 17:49:47,237 - INFO - 
Iteration 0:
2025-02-23 17:49:47,238 - DEBUG - Generated Ising Hamiltonian
2025-02-23 17:49:47,448 - DEBUG - Optimizing QAOA circuit...
2025-02-23 17:49:48,555 - DEBUG - Circuit optimization successful
2025-02-23 17:49:48,555 - DEBUG - Circuit optimization successful, final value: -166.85214785214782
2025-02-23 17:49:48,555 - DEBUG - Sampling from optimized circuit...
2025-02-23 17:49:48,568 - DEBUG - Generated 173 unique samples from 200 total measurements
2025-02-23 17:49:48,569 - DEBUG - 
Top 5 most frequent samples:
2025-02-23 17:49:48,569 - DEBUG -   Rank | Count |   %   
2025-02-23 17:49:48,569 - DEBUG -   -----|-------|-------
2025-02-23 17:49:48,569 - DEBUG -      1 |     4 |   2.0
2025-02-23 17:49:48,569 - DEBUG -     Sample: [1 1 1 1 0 1 1 0 1 0 0 1]
2025-02-23 17:49:48,569 - DEBUG -      2 |     3 |   1.5
2025-02-23 17:49:48,570 - DEBUG -     Sample: [1 1 1 0 0 1 1 0 1 0 0 1]
2025-02-23 17:49:48,570 - DEBUG -      3 |     3 |   1.5
2025-02-23 17:49:48,570 - DEBUG -     Sample: [1 1 1 1 0 1 1 0 1 1 0 1]
2025-02-23 17:49:48,571 - DEBUG -      4 |     3 |   1.5
2025-02-23 17:49:48,571 - DEBUG -     Sample: [1 1 1 1 1 1 1 0 1 1 0 1]
2025-02-23 17:49:48,571 - DEBUG -      5 |     3 |   1.5
2025-02-23 17:49:48,572 - DEBUG -     Sample: [1 1 1 1 0 1 1 0 0 1 0 1]
2025-02-23 17:49:48,572 - DEBUG - Generated 173 unique samples from 200 total measurements
2025-02-23 17:49:48,575 - INFO -   No feasible solution found in this iteration
2025-02-23 17:49:48,576 - INFO -   Added 1 new constraints: [0]
2025-02-23 17:49:48,576 - INFO - 
Iteration 1:
2025-02-23 17:49:48,576 - DEBUG - Generated Ising Hamiltonian
2025-02-23 17:49:48,787 - DEBUG - Optimizing QAOA circuit...
2025-02-23 17:49:50,219 - DEBUG - Circuit optimization successful
2025-02-23 17:49:50,219 - DEBUG - Circuit optimization successful, final value: -8850.36913086913
2025-02-23 17:49:50,219 - DEBUG - Sampling from optimized circuit...
2025-02-23 17:49:50,234 - DEBUG - Generated 188 unique samples from 200 total measurements
2025-02-23 17:49:50,234 - DEBUG - 
Top 5 most frequent samples:
2025-02-23 17:49:50,234 - DEBUG -   Rank | Count |   %   
2025-02-23 17:49:50,234 - DEBUG -   -----|-------|-------
2025-02-23 17:49:50,234 - DEBUG -      1 |     3 |   1.5
2025-02-23 17:49:50,235 - DEBUG -     Sample: [0 0 1 1 1 0 0 0 0 0 1 0]
2025-02-23 17:49:50,235 - DEBUG -      2 |     2 |   1.0
2025-02-23 17:49:50,235 - DEBUG -     Sample: [0 0 1 1 1 0 0 1 0 1 0 0]
2025-02-23 17:49:50,235 - DEBUG -      3 |     2 |   1.0
2025-02-23 17:49:50,235 - DEBUG -     Sample: [0 1 0 0 1 0 0 0 0 1 0 0]
2025-02-23 17:49:50,235 - DEBUG -      4 |     2 |   1.0
2025-02-23 17:49:50,236 - DEBUG -     Sample: [0 0 1 0 1 0 0 0 0 0 1 0]
2025-02-23 17:49:50,236 - DEBUG -      5 |     2 |   1.0
2025-02-23 17:49:50,236 - DEBUG -     Sample: [1 0 0 1 1 0 0 1 1 0 0 0]
2025-02-23 17:49:50,237 - DEBUG - Generated 188 unique samples from 200 total measurements
2025-02-23 17:49:50,240 - INFO -   No feasible solution found in this iteration
2025-02-23 17:49:50,241 - INFO -   Added 1 new constraints: [19]
2025-02-23 17:49:50,241 - INFO - 
Iteration 2:
2025-02-23 17:49:50,241 - DEBUG - Generated Ising Hamiltonian
2025-02-23 17:49:50,412 - DEBUG - Optimizing QAOA circuit...
2025-02-23 17:49:51,700 - DEBUG - Circuit optimization successful
2025-02-23 17:49:51,700 - DEBUG - Circuit optimization successful, final value: -1888.6343656343656
2025-02-23 17:49:51,700 - DEBUG - Sampling from optimized circuit...
2025-02-23 17:49:51,715 - DEBUG - Generated 183 unique samples from 200 total measurements
2025-02-23 17:49:51,715 - DEBUG - 
Top 5 most frequent samples:
2025-02-23 17:49:51,715 - DEBUG -   Rank | Count |   %   
2025-02-23 17:49:51,716 - DEBUG -   -----|-------|-------
2025-02-23 17:49:51,716 - DEBUG -      1 |     3 |   1.5
2025-02-23 17:49:51,716 - DEBUG -     Sample: [1 1 0 0 1 0 0 0 1 1 1 0]
2025-02-23 17:49:51,716 - DEBUG -      2 |     3 |   1.5
2025-02-23 17:49:51,717 - DEBUG -     Sample: [0 0 0 0 1 0 1 0 0 1 1 0]
2025-02-23 17:49:51,717 - DEBUG -      3 |     2 |   1.0
2025-02-23 17:49:51,717 - DEBUG -     Sample: [0 0 0 1 1 1 1 0 0 1 1 0]
2025-02-23 17:49:51,717 - DEBUG -      4 |     2 |   1.0
2025-02-23 17:49:51,717 - DEBUG -     Sample: [0 1 0 1 1 0 1 0 1 1 1 0]
2025-02-23 17:49:51,717 - DEBUG -      5 |     2 |   1.0
2025-02-23 17:49:51,717 - DEBUG -     Sample: [1 0 0 0 1 0 0 1 0 1 1 0]
2025-02-23 17:49:51,718 - DEBUG - Generated 183 unique samples from 200 total measurements
2025-02-23 17:49:51,721 - INFO -   No feasible solution found in this iteration
2025-02-23 17:49:51,721 - INFO -   No new constraints added, lowered tau multiplier: 1.0 -> 0.9
2025-02-23 17:49:51,722 - INFO -   Added 1 new constraints: [20]
2025-02-23 17:49:51,722 - INFO - 
Iteration 3:
2025-02-23 17:49:51,722 - DEBUG - Generated Ising Hamiltonian
2025-02-23 17:49:51,929 - DEBUG - Optimizing QAOA circuit...
2025-02-23 17:49:53,151 - DEBUG - Circuit optimization successful
2025-02-23 17:49:53,151 - DEBUG - Circuit optimization successful, final value: 3380.341158841158
2025-02-23 17:49:53,151 - DEBUG - Sampling from optimized circuit...
2025-02-23 17:49:53,165 - DEBUG - Generated 121 unique samples from 200 total measurements
2025-02-23 17:49:53,165 - DEBUG - 
Top 5 most frequent samples:
2025-02-23 17:49:53,165 - DEBUG -   Rank | Count |   %   
2025-02-23 17:49:53,165 - DEBUG -   -----|-------|-------
2025-02-23 17:49:53,166 - DEBUG -      1 |     9 |   4.5
2025-02-23 17:49:53,166 - DEBUG -     Sample: [0 0 0 0 1 0 1 0 1 1 0 0]
2025-02-23 17:49:53,166 - DEBUG -      2 |     8 |   4.0
2025-02-23 17:49:53,166 - DEBUG -     Sample: [0 1 0 1 1 0 1 1 1 0 0 0]
2025-02-23 17:49:53,166 - DEBUG -      3 |     8 |   4.0
2025-02-23 17:49:53,167 - DEBUG -     Sample: [0 1 0 1 1 0 1 1 1 1 0 0]
2025-02-23 17:49:53,167 - DEBUG -      4 |     7 |   3.5
2025-02-23 17:49:53,167 - DEBUG -     Sample: [0 1 0 0 1 0 1 0 1 0 0 0]
2025-02-23 17:49:53,167 - DEBUG -      5 |     5 |   2.5
2025-02-23 17:49:53,167 - DEBUG -     Sample: [0 0 0 1 1 0 1 1 1 1 0 0]
2025-02-23 17:49:53,168 - DEBUG - Generated 121 unique samples from 200 total measurements
2025-02-23 17:49:53,170 - INFO -   No feasible solution found in this iteration
2025-02-23 17:49:53,170 - INFO -   Added 1 new constraints: [27]
2025-02-23 17:49:53,170 - INFO - 
Iteration 4:
2025-02-23 17:49:53,170 - DEBUG - Generated Ising Hamiltonian
2025-02-23 17:49:53,388 - DEBUG - Optimizing QAOA circuit...
2025-02-23 17:49:55,007 - DEBUG - Circuit optimization successful
2025-02-23 17:49:55,007 - DEBUG - Circuit optimization successful, final value: -6609.43031968032
2025-02-23 17:49:55,007 - DEBUG - Sampling from optimized circuit...
2025-02-23 17:49:55,024 - DEBUG - Generated 192 unique samples from 200 total measurements
2025-02-23 17:49:55,024 - DEBUG - 
Top 5 most frequent samples:
2025-02-23 17:49:55,024 - DEBUG -   Rank | Count |   %   
2025-02-23 17:49:55,024 - DEBUG -   -----|-------|-------
2025-02-23 17:49:55,025 - DEBUG -      1 |     3 |   1.5
2025-02-23 17:49:55,025 - DEBUG -     Sample: [1 0 0 1 0 0 0 1 1 1 0 0]
2025-02-23 17:49:55,025 - DEBUG -      2 |     2 |   1.0
2025-02-23 17:49:55,026 - DEBUG -     Sample: [1 0 1 0 0 0 0 0 1 0 0 0]
2025-02-23 17:49:55,026 - DEBUG -      3 |     2 |   1.0
2025-02-23 17:49:55,026 - DEBUG -     Sample: [0 1 0 1 0 0 1 1 1 0 0 0]
2025-02-23 17:49:55,026 - DEBUG -      4 |     2 |   1.0
2025-02-23 17:49:55,026 - DEBUG -     Sample: [1 0 1 0 0 0 0 1 0 0 1 0]
2025-02-23 17:49:55,027 - DEBUG -      5 |     2 |   1.0
2025-02-23 17:49:55,027 - DEBUG -     Sample: [1 0 1 0 0 0 0 0 1 1 0 0]
2025-02-23 17:49:55,027 - DEBUG - Generated 192 unique samples from 200 total measurements
2025-02-23 17:49:55,032 - INFO -   No feasible solution found in this iteration
2025-02-23 17:49:55,033 - INFO -   No new constraints added, lowered tau multiplier: 1.0 -> 0.9
2025-02-23 17:49:55,033 - INFO -   No new constraints added, lowered tau multiplier: 0.9 -> 0.8
2025-02-23 17:49:55,033 - INFO -   Added 2 new constraints: [6, 21]
2025-02-23 17:49:55,033 - INFO - 
Iteration 5:
2025-02-23 17:49:55,034 - DEBUG - Generated Ising Hamiltonian
2025-02-23 17:49:55,222 - DEBUG - Optimizing QAOA circuit...
2025-02-23 17:49:56,580 - DEBUG - Circuit optimization successful
2025-02-23 17:49:56,580 - DEBUG - Circuit optimization successful, final value: 12593.58116883117
2025-02-23 17:49:56,580 - DEBUG - Sampling from optimized circuit...
2025-02-23 17:49:56,594 - DEBUG - Generated 120 unique samples from 200 total measurements
2025-02-23 17:49:56,594 - DEBUG - 
Top 5 most frequent samples:
2025-02-23 17:49:56,594 - DEBUG -   Rank | Count |   %   
2025-02-23 17:49:56,594 - DEBUG -   -----|-------|-------
2025-02-23 17:49:56,595 - DEBUG -      1 |    10 |   5.0
2025-02-23 17:49:56,595 - DEBUG -     Sample: [0 1 1 0 1 1 1 0 1 1 0 0]
2025-02-23 17:49:56,595 - DEBUG -      2 |     9 |   4.5
2025-02-23 17:49:56,595 - DEBUG -     Sample: [0 1 1 0 1 1 1 1 1 1 0 0]
2025-02-23 17:49:56,595 - DEBUG -      3 |     6 |   3.0
2025-02-23 17:49:56,595 - DEBUG -     Sample: [0 1 1 0 1 1 1 0 1 1 1 0]
2025-02-23 17:49:56,595 - DEBUG -      4 |     5 |   2.5
2025-02-23 17:49:56,596 - DEBUG -     Sample: [0 1 0 0 1 1 1 0 1 1 0 0]
2025-02-23 17:49:56,596 - DEBUG -      5 |     5 |   2.5
2025-02-23 17:49:56,596 - DEBUG -     Sample: [0 1 1 0 1 0 1 1 1 1 0 0]
2025-02-23 17:49:56,596 - DEBUG - Generated 120 unique samples from 200 total measurements
2025-02-23 17:49:56,598 - INFO -   No feasible solution found in this iteration
2025-02-23 17:49:56,598 - INFO -   No new constraints added, lowered tau multiplier: 1.0 -> 0.9
2025-02-23 17:49:56,599 - INFO -   Added 2 new constraints: [22, 28]
2025-02-23 17:49:56,599 - INFO - 
Iteration 6:
2025-02-23 17:49:56,599 - DEBUG - Generated Ising Hamiltonian
2025-02-23 17:49:56,852 - DEBUG - Optimizing QAOA circuit...
2025-02-23 17:49:58,153 - DEBUG - Circuit optimization successful
2025-02-23 17:49:58,153 - DEBUG - Circuit optimization successful, final value: 15002.79995004995
2025-02-23 17:49:58,153 - DEBUG - Sampling from optimized circuit...
2025-02-23 17:49:58,173 - DEBUG - Generated 141 unique samples from 200 total measurements
2025-02-23 17:49:58,173 - DEBUG - 
Top 5 most frequent samples:
2025-02-23 17:49:58,174 - DEBUG -   Rank | Count |   %   
2025-02-23 17:49:58,174 - DEBUG -   -----|-------|-------
2025-02-23 17:49:58,174 - DEBUG -      1 |     9 |   4.5
2025-02-23 17:49:58,174 - DEBUG -     Sample: [0 1 1 0 1 0 1 0 1 1 1 1]
2025-02-23 17:49:58,174 - DEBUG -      2 |     4 |   2.0
2025-02-23 17:49:58,174 - DEBUG -     Sample: [1 1 1 0 1 0 1 0 1 1 1 1]
2025-02-23 17:49:58,175 - DEBUG -      3 |     4 |   2.0
2025-02-23 17:49:58,175 - DEBUG -     Sample: [0 1 0 0 0 1 0 1 0 1 0 0]
2025-02-23 17:49:58,175 - DEBUG -      4 |     4 |   2.0
2025-02-23 17:49:58,175 - DEBUG -     Sample: [0 1 0 0 0 0 0 1 0 1 0 0]
2025-02-23 17:49:58,175 - DEBUG -      5 |     4 |   2.0
2025-02-23 17:49:58,176 - DEBUG -     Sample: [0 1 1 0 1 0 1 1 1 1 1 1]
2025-02-23 17:49:58,176 - DEBUG - Generated 141 unique samples from 200 total measurements
2025-02-23 17:49:58,179 - INFO -   No feasible solution found in this iteration
2025-02-23 17:49:58,180 - INFO -   No new constraints added, lowered tau multiplier: 1.0 -> 0.9
2025-02-23 17:49:58,180 - INFO -   No new constraints added, lowered tau multiplier: 0.9 -> 0.8
2025-02-23 17:49:58,180 - INFO -   Added 12 new constraints: [7, 9, 10, 11, 12, 13, 16, 31, 34, 35, 37, 38]
2025-02-23 17:49:58,180 - INFO - 
Iteration 7:
2025-02-23 17:49:58,180 - DEBUG - Generated Ising Hamiltonian
2025-02-23 17:49:58,384 - DEBUG - Optimizing QAOA circuit...
2025-02-23 17:50:00,532 - DEBUG - Circuit optimization successful
2025-02-23 17:50:00,533 - DEBUG - Circuit optimization successful, final value: -7113.416833166833
2025-02-23 17:50:00,533 - DEBUG - Sampling from optimized circuit...
2025-02-23 17:50:00,553 - DEBUG - Generated 168 unique samples from 200 total measurements
2025-02-23 17:50:00,554 - DEBUG - 
Top 5 most frequent samples:
2025-02-23 17:50:00,554 - DEBUG -   Rank | Count |   %   
2025-02-23 17:50:00,554 - DEBUG -   -----|-------|-------
2025-02-23 17:50:00,554 - DEBUG -      1 |     5 |   2.5
2025-02-23 17:50:00,555 - DEBUG -     Sample: [0 0 1 0 1 1 0 1 1 0 1 0]
2025-02-23 17:50:00,555 - DEBUG -      2 |     4 |   2.0
2025-02-23 17:50:00,555 - DEBUG -     Sample: [0 1 1 0 1 0 0 1 1 0 0 0]
2025-02-23 17:50:00,555 - DEBUG -      3 |     4 |   2.0
2025-02-23 17:50:00,555 - DEBUG -     Sample: [0 0 1 0 0 0 1 0 0 0 0 1]
2025-02-23 17:50:00,555 - DEBUG -      4 |     3 |   1.5
2025-02-23 17:50:00,556 - DEBUG -     Sample: [0 0 0 0 1 0 0 0 1 0 0 0]
2025-02-23 17:50:00,556 - DEBUG -      5 |     3 |   1.5
2025-02-23 17:50:00,556 - DEBUG -     Sample: [0 0 0 0 1 1 0 1 1 0 0 0]
2025-02-23 17:50:00,557 - DEBUG - Generated 168 unique samples from 200 total measurements
2025-02-23 17:50:00,562 - INFO -   No feasible solution found in this iteration
2025-02-23 17:50:00,562 - INFO -   No new constraints added, lowered tau multiplier: 1.0 -> 0.9
2025-02-23 17:50:00,562 - INFO -   No new constraints added, lowered tau multiplier: 0.9 -> 0.8
2025-02-23 17:50:00,563 - INFO -   No new constraints added, lowered tau multiplier: 0.8 -> 0.7
2025-02-23 17:50:00,563 - INFO -   Added 2 new constraints: [3, 17]
2025-02-23 17:50:00,563 - INFO - 
Iteration 8:
2025-02-23 17:50:00,564 - DEBUG - Generated Ising Hamiltonian
2025-02-23 17:50:00,777 - DEBUG - Optimizing QAOA circuit...
2025-02-23 17:50:02,694 - DEBUG - Circuit optimization successful
2025-02-23 17:50:02,695 - DEBUG - Circuit optimization successful, final value: -8155.169580419579
2025-02-23 17:50:02,695 - DEBUG - Sampling from optimized circuit...
2025-02-23 17:50:02,711 - DEBUG - Generated 185 unique samples from 200 total measurements
2025-02-23 17:50:02,711 - DEBUG - 
Top 5 most frequent samples:
2025-02-23 17:50:02,711 - DEBUG -   Rank | Count |   %   
2025-02-23 17:50:02,711 - DEBUG -   -----|-------|-------
2025-02-23 17:50:02,711 - DEBUG -      1 |     3 |   1.5
2025-02-23 17:50:02,712 - DEBUG -     Sample: [1 0 0 1 0 1 0 1 0 0 0 0]
2025-02-23 17:50:02,712 - DEBUG -      2 |     3 |   1.5
2025-02-23 17:50:02,712 - DEBUG -     Sample: [0 0 0 1 0 1 0 0 1 0 0 0]
2025-02-23 17:50:02,712 - DEBUG -      3 |     3 |   1.5
2025-02-23 17:50:02,712 - DEBUG -     Sample: [0 0 0 1 1 0 1 0 0 0 0 1]
2025-02-23 17:50:02,712 - DEBUG -      4 |     2 |   1.0
2025-02-23 17:50:02,712 - DEBUG -     Sample: [1 0 0 1 0 0 1 0 0 0 0 1]
2025-02-23 17:50:02,713 - DEBUG -      5 |     2 |   1.0
2025-02-23 17:50:02,713 - DEBUG -     Sample: [0 0 1 1 1 0 0 1 0 0 1 0]
2025-02-23 17:50:02,713 - DEBUG - Generated 185 unique samples from 200 total measurements
2025-02-23 17:50:02,716 - INFO -   No feasible solution found in this iteration
2025-02-23 17:50:02,717 - INFO -   No new constraints added, lowered tau multiplier: 1.0 -> 0.9
2025-02-23 17:50:02,717 - INFO -   No new constraints added, lowered tau multiplier: 0.9 -> 0.8
2025-02-23 17:50:02,718 - INFO -   Added 1 new constraints: [29]
2025-02-23 17:50:02,718 - INFO - 
Iteration 9:
2025-02-23 17:50:02,718 - DEBUG - Generated Ising Hamiltonian
2025-02-23 17:50:02,928 - DEBUG - Optimizing QAOA circuit...
2025-02-23 17:50:05,167 - DEBUG - Circuit optimization successful
2025-02-23 17:50:05,167 - DEBUG - Circuit optimization successful, final value: -15408.214285714283
2025-02-23 17:50:05,168 - DEBUG - Sampling from optimized circuit...
2025-02-23 17:50:05,186 - DEBUG - Generated 178 unique samples from 200 total measurements
2025-02-23 17:50:05,187 - DEBUG - 
Top 5 most frequent samples:
2025-02-23 17:50:05,187 - DEBUG -   Rank | Count |   %   
2025-02-23 17:50:05,187 - DEBUG -   -----|-------|-------
2025-02-23 17:50:05,187 - DEBUG -      1 |     4 |   2.0
2025-02-23 17:50:05,187 - DEBUG -     Sample: [1 1 1 1 1 1 1 1 1 1 1 1]
2025-02-23 17:50:05,187 - DEBUG -      2 |     3 |   1.5
2025-02-23 17:50:05,188 - DEBUG -     Sample: [0 1 0 1 0 0 0 1 0 1 0 1]
2025-02-23 17:50:05,188 - DEBUG -      3 |     3 |   1.5
2025-02-23 17:50:05,188 - DEBUG -     Sample: [1 1 0 1 0 0 0 1 0 1 0 1]
2025-02-23 17:50:05,188 - DEBUG -      4 |     3 |   1.5
2025-02-23 17:50:05,188 - DEBUG -     Sample: [1 0 0 1 0 1 0 1 0 1 0 1]
2025-02-23 17:50:05,188 - DEBUG -      5 |     3 |   1.5
2025-02-23 17:50:05,189 - DEBUG -     Sample: [1 0 0 1 0 0 0 1 0 1 0 1]
2025-02-23 17:50:05,189 - DEBUG - Generated 178 unique samples from 200 total measurements
2025-02-23 17:50:05,193 - INFO -   No feasible solution found in this iteration
2025-02-23 17:50:05,193 - INFO -   No new constraints added, lowered tau multiplier: 1.0 -> 0.9
2025-02-23 17:50:05,193 - INFO -   Added 1 new constraints: [1]
2025-02-23 17:50:05,193 - INFO - 
Iteration 10:
2025-02-23 17:50:05,194 - DEBUG - Generated Ising Hamiltonian
2025-02-23 17:50:05,396 - DEBUG - Optimizing QAOA circuit...
2025-02-23 17:50:07,360 - DEBUG - Circuit optimization successful
2025-02-23 17:50:07,360 - DEBUG - Circuit optimization successful, final value: 22098.53821178821
2025-02-23 17:50:07,360 - DEBUG - Sampling from optimized circuit...
2025-02-23 17:50:07,378 - DEBUG - Generated 183 unique samples from 200 total measurements
2025-02-23 17:50:07,378 - DEBUG - 
Top 5 most frequent samples:
2025-02-23 17:50:07,378 - DEBUG -   Rank | Count |   %   
2025-02-23 17:50:07,378 - DEBUG -   -----|-------|-------
2025-02-23 17:50:07,378 - DEBUG -      1 |     3 |   1.5
2025-02-23 17:50:07,379 - DEBUG -     Sample: [0 1 1 0 0 1 0 0 1 1 1 1]
2025-02-23 17:50:07,379 - DEBUG -      2 |     2 |   1.0
2025-02-23 17:50:07,379 - DEBUG -     Sample: [1 0 0 0 0 1 1 0 1 1 1 1]
2025-02-23 17:50:07,379 - DEBUG -      3 |     2 |   1.0
2025-02-23 17:50:07,380 - DEBUG -     Sample: [0 1 1 0 1 1 0 0 1 1 0 0]
2025-02-23 17:50:07,380 - DEBUG -      4 |     2 |   1.0
2025-02-23 17:50:07,380 - DEBUG -     Sample: [1 0 0 0 1 0 1 0 1 1 0 0]
2025-02-23 17:50:07,380 - DEBUG -      5 |     2 |   1.0
2025-02-23 17:50:07,380 - DEBUG -     Sample: [1 1 0 0 0 1 1 0 0 0 0 0]
2025-02-23 17:50:07,381 - DEBUG - Generated 183 unique samples from 200 total measurements
2025-02-23 17:50:07,388 - INFO -   No feasible solution found in this iteration
2025-02-23 17:50:07,390 - INFO -   No new constraints added, lowered tau multiplier: 1.0 -> 0.9
2025-02-23 17:50:07,391 - INFO -   No new constraints added, lowered tau multiplier: 0.9 -> 0.8
2025-02-23 17:50:07,392 - INFO -   Added 4 new constraints: [4, 5, 25, 32]
2025-02-23 17:50:07,392 - INFO - 
Iteration 11:
2025-02-23 17:50:07,393 - DEBUG - Generated Ising Hamiltonian
2025-02-23 17:50:07,583 - DEBUG - Optimizing QAOA circuit...
2025-02-23 17:50:09,323 - DEBUG - Circuit optimization successful
2025-02-23 17:50:09,324 - DEBUG - Circuit optimization successful, final value: -56925.71803196805
2025-02-23 17:50:09,324 - DEBUG - Sampling from optimized circuit...
2025-02-23 17:50:09,341 - DEBUG - Generated 99 unique samples from 200 total measurements
2025-02-23 17:50:09,341 - DEBUG - 
Top 5 most frequent samples:
2025-02-23 17:50:09,341 - DEBUG -   Rank | Count |   %   
2025-02-23 17:50:09,341 - DEBUG -   -----|-------|-------
2025-02-23 17:50:09,341 - DEBUG -      1 |     9 |   4.5
2025-02-23 17:50:09,342 - DEBUG -     Sample: [0 0 0 0 1 0 0 1 0 0 0 1]
2025-02-23 17:50:09,342 - DEBUG -      2 |     8 |   4.0
2025-02-23 17:50:09,342 - DEBUG -     Sample: [1 0 0 0 1 0 0 1 0 1 0 1]
2025-02-23 17:50:09,342 - DEBUG -      3 |     8 |   4.0
2025-02-23 17:50:09,343 - DEBUG -     Sample: [0 0 1 0 1 0 0 1 0 0 0 1]
2025-02-23 17:50:09,343 - DEBUG -      4 |     8 |   4.0
2025-02-23 17:50:09,343 - DEBUG -     Sample: [0 0 0 1 1 0 0 1 0 0 0 1]
2025-02-23 17:50:09,343 - DEBUG -      5 |     6 |   3.0
2025-02-23 17:50:09,343 - DEBUG -     Sample: [0 0 0 0 1 0 0 1 0 1 0 1]
2025-02-23 17:50:09,344 - DEBUG - Generated 99 unique samples from 200 total measurements
2025-02-23 17:50:09,346 - INFO -   No feasible solution found in this iteration
2025-02-23 17:50:09,346 - INFO -   No new constraints added, lowered tau multiplier: 1.0 -> 0.9
2025-02-23 17:50:09,346 - INFO -   No new constraints added, lowered tau multiplier: 0.9 -> 0.8
2025-02-23 17:50:09,346 - INFO -   No new constraints added, lowered tau multiplier: 0.8 -> 0.7
2025-02-23 17:50:09,347 - INFO -   Added 2 new constraints: [33, 39]
2025-02-23 17:50:09,347 - INFO - 
Iteration 12:
2025-02-23 17:50:09,347 - DEBUG - Generated Ising Hamiltonian
2025-02-23 17:50:09,554 - DEBUG - Optimizing QAOA circuit...
2025-02-23 17:50:11,336 - DEBUG - Circuit optimization successful
2025-02-23 17:50:11,336 - DEBUG - Circuit optimization successful, final value: -19143.706043956045
2025-02-23 17:50:11,336 - DEBUG - Sampling from optimized circuit...
2025-02-23 17:50:11,353 - DEBUG - Generated 57 unique samples from 200 total measurements
2025-02-23 17:50:11,353 - DEBUG - 
Top 5 most frequent samples:
2025-02-23 17:50:11,353 - DEBUG -   Rank | Count |   %   
2025-02-23 17:50:11,353 - DEBUG -   -----|-------|-------
2025-02-23 17:50:11,353 - DEBUG -      1 |    25 |  12.5
2025-02-23 17:50:11,353 - DEBUG -     Sample: [0 0 1 0 1 0 1 0 0 0 1 0]
2025-02-23 17:50:11,353 - DEBUG -      2 |    22 |  11.0
2025-02-23 17:50:11,354 - DEBUG -     Sample: [0 0 1 0 1 0 0 0 0 0 1 0]
2025-02-23 17:50:11,354 - DEBUG -      3 |    12 |   6.0
2025-02-23 17:50:11,354 - DEBUG -     Sample: [0 0 1 0 1 0 1 1 0 0 1 1]
2025-02-23 17:50:11,354 - DEBUG -      4 |    11 |   5.5
2025-02-23 17:50:11,354 - DEBUG -     Sample: [0 0 1 0 1 0 0 0 0 0 1 1]
2025-02-23 17:50:11,354 - DEBUG -      5 |    10 |   5.0
2025-02-23 17:50:11,355 - DEBUG -     Sample: [0 0 1 0 1 0 0 1 0 0 1 0]
2025-02-23 17:50:11,355 - DEBUG - Generated 57 unique samples from 200 total measurements
2025-02-23 17:50:11,356 - INFO -   No feasible solution found in this iteration
2025-02-23 17:50:11,356 - INFO -   No new constraints added, lowered tau multiplier: 1.0 -> 0.9
2025-02-23 17:50:11,357 - INFO -   No new constraints added, lowered tau multiplier: 0.9 -> 0.8
2025-02-23 17:50:11,357 - INFO -   Added 2 new constraints: [30, 36]
2025-02-23 17:50:11,357 - INFO - 
Iteration 13:
2025-02-23 17:50:11,357 - DEBUG - Generated Ising Hamiltonian
2025-02-23 17:50:11,560 - DEBUG - Optimizing QAOA circuit...
2025-02-23 17:50:13,911 - DEBUG - Circuit optimization successful
2025-02-23 17:50:13,911 - DEBUG - Circuit optimization successful, final value: -59982.41283716283
2025-02-23 17:50:13,911 - DEBUG - Sampling from optimized circuit...
2025-02-23 17:50:13,928 - DEBUG - Generated 143 unique samples from 200 total measurements
2025-02-23 17:50:13,928 - DEBUG - 
Top 5 most frequent samples:
2025-02-23 17:50:13,928 - DEBUG -   Rank | Count |   %   
2025-02-23 17:50:13,928 - DEBUG -   -----|-------|-------
2025-02-23 17:50:13,929 - DEBUG -      1 |     7 |   3.5
2025-02-23 17:50:13,929 - DEBUG -     Sample: [0 0 0 0 0 1 0 1 0 1 1 0]
2025-02-23 17:50:13,929 - DEBUG -      2 |     5 |   2.5
2025-02-23 17:50:13,929 - DEBUG -     Sample: [1 0 0 1 0 1 0 0 0 1 1 0]
2025-02-23 17:50:13,929 - DEBUG -      3 |     5 |   2.5
2025-02-23 17:50:13,929 - DEBUG -     Sample: [0 0 0 0 1 1 0 1 0 1 1 0]
2025-02-23 17:50:13,930 - DEBUG -      4 |     4 |   2.0
2025-02-23 17:50:13,930 - DEBUG -     Sample: [0 0 0 0 0 1 0 1 1 1 1 0]
2025-02-23 17:50:13,930 - DEBUG -      5 |     4 |   2.0
2025-02-23 17:50:13,930 - DEBUG -     Sample: [1 0 0 0 1 1 0 1 0 1 1 0]
2025-02-23 17:50:13,930 - DEBUG - Generated 143 unique samples from 200 total measurements
2025-02-23 17:50:13,932 - INFO - Found feasible solution: [1 1 1 1 1 0 0 0 0 1 0 0] with objective value 271.0
2025-02-23 17:50:13,933 - INFO -   Found feasible solution:
2025-02-23 17:50:13,934 - INFO -     Solution: [1, 1, 1, 1, 1, 0, 0, 0, 0, 1, 0, 0]
2025-02-23 17:50:13,934 - INFO -     Value: 271.0
2025-02-23 17:50:13,934 - INFO -     Gap to reference: 133.62%
2025-02-23 17:50:13,934 - INFO -   Constraint generation solution found:
2025-02-23 17:50:13,934 - INFO -     Solution: [1, 1, 1, 1, 1, 0, 0, 0, 0, 1, 0, 0]
2025-02-23 17:50:13,934 - INFO -     Value: 271.0
2025-02-23 17:50:13,935 - INFO - 
Instance 8 results:
2025-02-23 17:50:13,935 - INFO -   Classical value: 116.0
2025-02-23 17:50:13,935 - INFO -   QAOA value: 0.0
2025-02-23 17:50:13,935 - INFO -   Constraint generation value: 271.0
2025-02-23 17:50:13,935 - INFO - 
Running instance 9/100
2025-02-23 17:50:13,937 - INFO - 
Running Classical Reference Solver (SCIP):
2025-02-23 17:50:13,938 - DEBUG - Problem dimensions: 40 constraints, 12 variables
2025-02-23 17:50:13,938 - DEBUG - Row names: ['ELEM1', 'ELEM2', 'ELEM3', 'ELEM4', 'ELEM5', 'ELEM6', 'ELEM7', 'ELEM8', 'ELEM9', 'ELEM10', 'ELEM11', 'ELEM12', 'ELEM13', 'ELEM14', 'ELEM15', 'ELEM16', 'ELEM17', 'ELEM18', 'ELEM19', 'ELEM20', 'ELEM21', 'ELEM22', 'ELEM23', 'ELEM24', 'ELEM25', 'ELEM26', 'ELEM27', 'ELEM28', 'ELEM29', 'ELEM30', 'ELEM31', 'ELEM32', 'ELEM33', 'ELEM34', 'ELEM35', 'ELEM36', 'ELEM37', 'ELEM38', 'ELEM39', 'ELEM40']
2025-02-23 17:50:13,939 - DEBUG - RHS values: {'ELEM1': 1.0, 'ELEM2': 1.0, 'ELEM3': 1.0, 'ELEM4': 1.0, 'ELEM5': 1.0, 'ELEM6': 1.0, 'ELEM7': 1.0, 'ELEM8': 1.0, 'ELEM9': 1.0, 'ELEM10': 1.0, 'ELEM11': 1.0, 'ELEM12': 1.0, 'ELEM13': 1.0, 'ELEM14': 1.0, 'ELEM15': 1.0, 'ELEM16': 1.0, 'ELEM17': 1.0, 'ELEM18': 1.0, 'ELEM19': 1.0, 'ELEM20': 1.0, 'ELEM21': 1.0, 'ELEM22': 1.0, 'ELEM23': 1.0, 'ELEM24': 1.0, 'ELEM25': 1.0, 'ELEM26': 1.0, 'ELEM27': 1.0, 'ELEM28': 1.0, 'ELEM29': 1.0, 'ELEM30': 1.0, 'ELEM31': 1.0, 'ELEM32': 1.0, 'ELEM33': 1.0, 'ELEM34': 1.0, 'ELEM35': 1.0, 'ELEM36': 1.0, 'ELEM37': 1.0, 'ELEM38': 1.0, 'ELEM39': 1.0, 'ELEM40': 1.0}
2025-02-23 17:50:13,948 - INFO -   Reference solution found:
2025-02-23 17:50:13,949 - INFO -     Solution: [0, 0, 0, 0, 1, 1, 0, 0, 0, 1, 0, 1]
2025-02-23 17:50:13,949 - INFO -     Value: 230.0
2025-02-23 17:50:13,949 - INFO - 
Running QAOA Reference Solution (with all constraints):
