2025-02-24 16:55:08,581 - INFO - 
Problem information:
2025-02-24 16:55:08,581 - INFO -   Number of variables (n): 8
2025-02-24 16:55:08,582 - INFO -   Number of constraints (m): 25
2025-02-24 16:55:08,582 - DEBUG -   Density of A: 25.50%
2025-02-24 16:55:08,582 - INFO - 
Starting reference QAOA with parameters:
2025-02-24 16:55:08,582 - INFO -   sample_size (total shots): 500
2025-02-24 16:55:08,582 - INFO - Added all constraints
2025-02-24 16:55:08,583 - DEBUG - Generated Ising Hamiltonian
2025-02-24 16:55:08,872 - DEBUG - Optimizing QAOA circuit...
2025-02-24 16:55:11,039 - DEBUG - Circuit optimization successful
2025-02-24 16:55:11,039 - DEBUG - Circuit optimization successful, final value: -15224.74725274725
2025-02-24 16:55:11,039 - DEBUG - Sampling from optimized circuit...
2025-02-24 16:55:11,058 - DEBUG - Generated 111 unique samples from 500 total measurements
2025-02-24 16:55:11,058 - DEBUG - 
Top 5 most frequent samples:
2025-02-24 16:55:11,059 - DEBUG -   Rank | Count |   %   
2025-02-24 16:55:11,059 - DEBUG -   -----|-------|-------
2025-02-24 16:55:11,059 - DEBUG -      1 |    54 |  10.8
2025-02-24 16:55:11,059 - DEBUG -     Sample: [0 0 0 1 1 0 0 0]
2025-02-24 16:55:11,059 - DEBUG -      2 |    31 |   6.2
2025-02-24 16:55:11,059 - DEBUG -     Sample: [0 0 1 1 1 0 1 0]
2025-02-24 16:55:11,060 - DEBUG -      3 |    28 |   5.6
2025-02-24 16:55:11,060 - DEBUG -     Sample: [0 0 0 1 1 0 1 0]
2025-02-24 16:55:11,060 - DEBUG -      4 |    26 |   5.2
2025-02-24 16:55:11,060 - DEBUG -     Sample: [0 0 1 1 1 0 0 0]
2025-02-24 16:55:11,060 - DEBUG -      5 |    25 |   5.0
2025-02-24 16:55:11,061 - DEBUG -     Sample: [1 0 0 0 1 0 0 0]
2025-02-24 16:55:11,061 - DEBUG - Generated 111 unique samples from 500 total measurements
2025-02-24 16:55:11,063 - INFO - No feasible solution found
2025-02-24 16:55:11,064 - INFO -   QAOA solver found no feasible solution
2025-02-24 16:55:11,065 - INFO - 
Running Constraint Generation:
2025-02-24 16:55:11,066 - INFO - 
Problem information:
2025-02-24 16:55:11,066 - INFO -   Number of variables (n): 8
2025-02-24 16:55:11,066 - INFO -   Number of constraints (m): 25
2025-02-24 16:55:11,067 - DEBUG -   Density of A: 25.50%
2025-02-24 16:55:11,067 - INFO - 
Running classical reference solver:
2025-02-24 16:55:11,077 - INFO -   Reference solution found:
2025-02-24 16:55:11,077 - INFO -     Solution: [1, 0, 1, 1, 0, 0, 0, 0]
2025-02-24 16:55:11,077 - INFO -     Value: 128.0
2025-02-24 16:55:11,077 - INFO - 
Starting quantum constraint generation with parameters:
2025-02-24 16:55:11,077 - INFO -   sample_size (total shots): 500
2025-02-24 16:55:11,078 - INFO -   tau: 0.1
2025-02-24 16:55:11,078 - INFO -   max_iters: 1000
2025-02-24 16:55:11,078 - INFO - 
Iteration 0:
2025-02-24 16:55:11,079 - DEBUG - Generated Ising Hamiltonian
2025-02-24 16:55:11,299 - DEBUG - Optimizing QAOA circuit...
2025-02-24 16:55:13,239 - DEBUG - Circuit optimization successful
2025-02-24 16:55:13,240 - DEBUG - Circuit optimization successful, final value: -168.54145854145852
2025-02-24 16:55:13,240 - DEBUG - Sampling from optimized circuit...
2025-02-24 16:55:13,272 - DEBUG - Generated 90 unique samples from 500 total measurements
2025-02-24 16:55:13,272 - DEBUG - 
Top 5 most frequent samples:
2025-02-24 16:55:13,272 - DEBUG -   Rank | Count |   %   
2025-02-24 16:55:13,272 - DEBUG -   -----|-------|-------
2025-02-24 16:55:13,272 - DEBUG -      1 |    53 |  10.6
2025-02-24 16:55:13,273 - DEBUG -     Sample: [1 1 1 1 1 1 0 0]
2025-02-24 16:55:13,273 - DEBUG -      2 |    38 |   7.6
2025-02-24 16:55:13,273 - DEBUG -     Sample: [1 1 0 1 1 1 0 0]
2025-02-24 16:55:13,274 - DEBUG -      3 |    35 |   7.0
2025-02-24 16:55:13,274 - DEBUG -     Sample: [1 1 1 1 1 1 0 1]
2025-02-24 16:55:13,274 - DEBUG -      4 |    32 |   6.4
2025-02-24 16:55:13,274 - DEBUG -     Sample: [1 1 1 1 1 1 1 0]
2025-02-24 16:55:13,275 - DEBUG -      5 |    28 |   5.6
2025-02-24 16:55:13,275 - DEBUG -     Sample: [1 1 1 1 1 1 1 1]
2025-02-24 16:55:13,277 - DEBUG - Generated 90 unique samples from 500 total measurements
2025-02-24 16:55:13,281 - INFO -   No feasible solution found in this iteration
2025-02-24 16:55:13,281 - INFO -   Added 1 new constraints: [2]
2025-02-24 16:55:13,282 - INFO - 
Iteration 1:
2025-02-24 16:55:13,282 - DEBUG - Generated Ising Hamiltonian
2025-02-24 16:55:13,516 - DEBUG - Optimizing QAOA circuit...
2025-02-24 16:55:14,810 - DEBUG - Circuit optimization successful
2025-02-24 16:55:14,811 - DEBUG - Circuit optimization successful, final value: -2465.2847152847153
2025-02-24 16:55:14,811 - DEBUG - Sampling from optimized circuit...
2025-02-24 16:55:14,825 - DEBUG - Generated 98 unique samples from 500 total measurements
2025-02-24 16:55:14,825 - DEBUG - 
Top 5 most frequent samples:
2025-02-24 16:55:14,825 - DEBUG -   Rank | Count |   %   
2025-02-24 16:55:14,825 - DEBUG -   -----|-------|-------
2025-02-24 16:55:14,826 - DEBUG -      1 |    65 |  13.0
2025-02-24 16:55:14,826 - DEBUG -     Sample: [1 1 0 0 0 0 0 0]
2025-02-24 16:55:14,826 - DEBUG -      2 |    38 |   7.6
2025-02-24 16:55:14,826 - DEBUG -     Sample: [1 1 1 0 0 0 0 0]
2025-02-24 16:55:14,826 - DEBUG -      3 |    27 |   5.4
2025-02-24 16:55:14,826 - DEBUG -     Sample: [1 1 0 1 0 0 0 0]
2025-02-24 16:55:14,826 - DEBUG -      4 |    24 |   4.8
2025-02-24 16:55:14,827 - DEBUG -     Sample: [0 1 0 0 0 0 0 0]
2025-02-24 16:55:14,827 - DEBUG -      5 |    23 |   4.6
2025-02-24 16:55:14,827 - DEBUG -     Sample: [1 0 0 0 0 0 0 0]
2025-02-24 16:55:14,827 - DEBUG - Generated 98 unique samples from 500 total measurements
2025-02-24 16:55:14,828 - INFO - Found feasible solution: [1 0 1 1 0 0 0 0] with objective value 128.0
2025-02-24 16:55:14,829 - INFO -   Found feasible solution:
2025-02-24 16:55:14,829 - INFO -     Solution: [1, 0, 1, 1, 0, 0, 0, 0]
2025-02-24 16:55:14,830 - INFO -     Value: 128.0
2025-02-24 16:55:14,830 - INFO -     Gap to reference: 0.00%
2025-02-24 16:55:14,830 - INFO -   Constraint generation solution found:
2025-02-24 16:55:14,831 - INFO -     Solution: [1, 0, 1, 1, 0, 0, 0, 0]
2025-02-24 16:55:14,831 - INFO -     Value: 128.0
2025-02-24 16:55:14,831 - INFO - 
Instance 87 results:
2025-02-24 16:55:14,831 - INFO -   Classical value: 128.0
2025-02-24 16:55:14,831 - INFO -   QAOA value: 0.0
2025-02-24 16:55:14,831 - INFO -   Constraint generation value: 128.0
2025-02-24 16:55:14,832 - INFO - 
Running instance 88/100
2025-02-24 16:55:14,833 - INFO - 
Running Classical Reference Solver (SCIP):
2025-02-24 16:55:14,834 - DEBUG - Problem dimensions: 25 constraints, 8 variables
2025-02-24 16:55:14,834 - DEBUG - Row names: ['ELEM1', 'ELEM2', 'ELEM3', 'ELEM4', 'ELEM5', 'ELEM6', 'ELEM7', 'ELEM8', 'ELEM9', 'ELEM10', 'ELEM11', 'ELEM12', 'ELEM13', 'ELEM14', 'ELEM15', 'ELEM16', 'ELEM17', 'ELEM18', 'ELEM19', 'ELEM20', 'ELEM21', 'ELEM22', 'ELEM23', 'ELEM24', 'ELEM25']
2025-02-24 16:55:14,834 - DEBUG - RHS values: {'ELEM1': 1.0, 'ELEM2': 1.0, 'ELEM3': 1.0, 'ELEM4': 1.0, 'ELEM5': 1.0, 'ELEM6': 1.0, 'ELEM7': 1.0, 'ELEM8': 1.0, 'ELEM9': 1.0, 'ELEM10': 1.0, 'ELEM11': 1.0, 'ELEM12': 1.0, 'ELEM13': 1.0, 'ELEM14': 1.0, 'ELEM15': 1.0, 'ELEM16': 1.0, 'ELEM17': 1.0, 'ELEM18': 1.0, 'ELEM19': 1.0, 'ELEM20': 1.0, 'ELEM21': 1.0, 'ELEM22': 1.0, 'ELEM23': 1.0, 'ELEM24': 1.0, 'ELEM25': 1.0}
2025-02-24 16:55:14,844 - INFO -   Reference solution found:
2025-02-24 16:55:14,844 - INFO -     Solution: [1, 1, 0, 0, 1, 1, 0, 0]
2025-02-24 16:55:14,844 - INFO -     Value: 153.0
2025-02-24 16:55:14,844 - INFO - 
Running QAOA Reference Solution (with all constraints):
