2025-02-24 15:24:42,836 - INFO - 
Problem information:
2025-02-24 15:24:42,836 - INFO -   Number of variables (n): 12
2025-02-24 15:24:42,836 - INFO -   Number of constraints (m): 40
2025-02-24 15:24:42,836 - DEBUG -   Density of A: 28.12%
2025-02-24 15:24:42,836 - INFO - 
Starting reference QAOA with parameters:
2025-02-24 15:24:42,836 - INFO -   sample_size (total shots): 1000
2025-02-24 15:24:42,837 - INFO - Added all constraints
2025-02-24 15:24:42,837 - DEBUG - Generated Ising Hamiltonian
2025-02-24 15:24:43,142 - DEBUG - Optimizing QAOA circuit...
2025-02-24 15:24:48,835 - DEBUG - Circuit optimization successful
2025-02-24 15:24:48,835 - DEBUG - Circuit optimization successful, final value: 8300.959540459538
2025-02-24 15:24:48,835 - DEBUG - Sampling from optimized circuit...
2025-02-24 15:24:48,890 - DEBUG - Generated 829 unique samples from 1000 total measurements
2025-02-24 15:24:48,891 - DEBUG - 
Top 5 most frequent samples:
2025-02-24 15:24:48,891 - DEBUG -   Rank | Count |   %   
2025-02-24 15:24:48,891 - DEBUG -   -----|-------|-------
2025-02-24 15:24:48,891 - DEBUG -      1 |     4 |   0.4
2025-02-24 15:24:48,891 - DEBUG -     Sample: [0 1 0 0 0 0 0 1 0 1 0 1]
2025-02-24 15:24:48,892 - DEBUG -      2 |     4 |   0.4
2025-02-24 15:24:48,892 - DEBUG -     Sample: [0 0 0 1 0 0 0 0 0 1 0 1]
2025-02-24 15:24:48,892 - DEBUG -      3 |     4 |   0.4
2025-02-24 15:24:48,892 - DEBUG -     Sample: [1 0 0 0 1 0 0 1 1 1 0 1]
2025-02-24 15:24:48,892 - DEBUG -      4 |     3 |   0.3
2025-02-24 15:24:48,892 - DEBUG -     Sample: [1 0 0 1 0 1 0 1 0 0 1 0]
2025-02-24 15:24:48,893 - DEBUG -      5 |     3 |   0.3
2025-02-24 15:24:48,893 - DEBUG -     Sample: [1 0 0 0 1 0 1 1 1 0 0 0]
2025-02-24 15:24:48,894 - DEBUG - Generated 829 unique samples from 1000 total measurements
2025-02-24 15:24:48,900 - INFO - Found feasible solution: [1 0 0 1 0 0 1 0 0 0 0 0] with objective value 127.0
2025-02-24 15:24:48,908 - INFO - Found feasible solution: [0 1 0 0 0 0 0 0 0 1 1 0] with objective value 158.0
2025-02-24 15:24:48,912 - INFO - Found feasible solution:
2025-02-24 15:24:48,912 - INFO -   Solution: [1, 0, 0, 1, 0, 0, 1, 0, 0, 0, 0, 0]
2025-02-24 15:24:48,912 - INFO -   Value: 127.0
2025-02-24 15:24:48,913 - INFO -   QAOA solution found:
2025-02-24 15:24:48,913 - INFO -     Solution: [1, 0, 0, 1, 0, 0, 1, 0, 0, 0, 0, 0]
2025-02-24 15:24:48,913 - INFO -     Value: 127.0
2025-02-24 15:24:48,913 - INFO - 
Running Constraint Generation:
2025-02-24 15:24:48,915 - INFO - 
Problem information:
2025-02-24 15:24:48,915 - INFO -   Number of variables (n): 12
2025-02-24 15:24:48,915 - INFO -   Number of constraints (m): 40
2025-02-24 15:24:48,915 - DEBUG -   Density of A: 28.12%
2025-02-24 15:24:48,915 - INFO - 
Running classical reference solver:
2025-02-24 15:24:48,928 - INFO -   Reference solution found:
2025-02-24 15:24:48,928 - INFO -     Solution: [1, 0, 0, 1, 0, 0, 1, 0, 0, 0, 0, 0]
2025-02-24 15:24:48,928 - INFO -     Value: 127.0
2025-02-24 15:24:48,929 - INFO - 
Starting quantum constraint generation with parameters:
2025-02-24 15:24:48,929 - INFO -   sample_size (total shots): 1000
2025-02-24 15:24:48,929 - INFO -   tau: 0.1
2025-02-24 15:24:48,929 - INFO -   max_iters: 1000
2025-02-24 15:24:48,929 - INFO - 
Iteration 0:
2025-02-24 15:24:48,930 - DEBUG - Generated Ising Hamiltonian
2025-02-24 15:24:49,147 - DEBUG - Optimizing QAOA circuit...
2025-02-24 15:24:51,137 - DEBUG - Circuit optimization successful
2025-02-24 15:24:51,137 - DEBUG - Circuit optimization successful, final value: -380.6913086913087
2025-02-24 15:24:51,137 - DEBUG - Sampling from optimized circuit...
2025-02-24 15:24:51,158 - DEBUG - Generated 235 unique samples from 1000 total measurements
2025-02-24 15:24:51,158 - DEBUG - 
Top 5 most frequent samples:
2025-02-24 15:24:51,158 - DEBUG -   Rank | Count |   %   
2025-02-24 15:24:51,158 - DEBUG -   -----|-------|-------
2025-02-24 15:24:51,158 - DEBUG -      1 |   122 |  12.2
2025-02-24 15:24:51,159 - DEBUG -     Sample: [1 1 1 1 1 1 0 1 1 1 1 1]
2025-02-24 15:24:51,159 - DEBUG -      2 |    55 |   5.5
2025-02-24 15:24:51,159 - DEBUG -     Sample: [1 1 0 1 1 1 0 1 1 1 1 1]
2025-02-24 15:24:51,159 - DEBUG -      3 |    41 |   4.1
2025-02-24 15:24:51,159 - DEBUG -     Sample: [1 1 1 1 1 1 0 1 0 1 1 1]
2025-02-24 15:24:51,160 - DEBUG -      4 |    37 |   3.7
2025-02-24 15:24:51,160 - DEBUG -     Sample: [1 1 1 1 1 1 0 0 1 1 1 1]
2025-02-24 15:24:51,160 - DEBUG -      5 |    34 |   3.4
2025-02-24 15:24:51,160 - DEBUG -     Sample: [0 1 1 1 1 1 0 1 1 1 1 1]
2025-02-24 15:24:51,161 - DEBUG - Generated 235 unique samples from 1000 total measurements
2025-02-24 15:24:51,166 - INFO -   No feasible solution found in this iteration
2025-02-24 15:24:51,166 - INFO -   Added 2 new constraints: [17, 19]
2025-02-24 15:24:51,167 - INFO - 
Iteration 1:
2025-02-24 15:24:51,168 - DEBUG - Generated Ising Hamiltonian
2025-02-24 15:24:51,404 - DEBUG - Optimizing QAOA circuit...
2025-02-24 15:24:53,605 - DEBUG - Circuit optimization successful
2025-02-24 15:24:53,605 - DEBUG - Circuit optimization successful, final value: -4611.673326673325
2025-02-24 15:24:53,605 - DEBUG - Sampling from optimized circuit...
2025-02-24 15:24:53,632 - DEBUG - Generated 268 unique samples from 1000 total measurements
2025-02-24 15:24:53,632 - DEBUG - 
Top 5 most frequent samples:
2025-02-24 15:24:53,633 - DEBUG -   Rank | Count |   %   
2025-02-24 15:24:53,633 - DEBUG -   -----|-------|-------
2025-02-24 15:24:53,633 - DEBUG -      1 |    45 |   4.5
2025-02-24 15:24:53,634 - DEBUG -     Sample: [1 1 0 1 0 0 1 1 1 0 0 0]
2025-02-24 15:24:53,634 - DEBUG -      2 |    38 |   3.8
2025-02-24 15:24:53,634 - DEBUG -     Sample: [1 1 1 1 0 0 1 1 1 1 0 0]
2025-02-24 15:24:53,635 - DEBUG -      3 |    35 |   3.5
2025-02-24 15:24:53,635 - DEBUG -     Sample: [1 1 1 0 0 0 1 1 1 0 0 0]
2025-02-24 15:24:53,635 - DEBUG -      4 |    24 |   2.4
2025-02-24 15:24:53,635 - DEBUG -     Sample: [1 1 0 0 1 0 1 1 1 0 0 0]
2025-02-24 15:24:53,635 - DEBUG -      5 |    24 |   2.4
2025-02-24 15:24:53,636 - DEBUG -     Sample: [1 0 0 1 0 0 1 1 1 0 0 0]
2025-02-24 15:24:53,637 - DEBUG - Generated 268 unique samples from 1000 total measurements
2025-02-24 15:24:53,642 - INFO -   No feasible solution found in this iteration
2025-02-24 15:24:53,643 - INFO -   Added 1 new constraints: [10]
2025-02-24 15:24:53,643 - INFO - 
Iteration 2:
2025-02-24 15:24:53,643 - DEBUG - Generated Ising Hamiltonian
2025-02-24 15:24:53,862 - DEBUG - Optimizing QAOA circuit...
2025-02-24 15:24:56,126 - DEBUG - Circuit optimization successful
2025-02-24 15:24:56,127 - DEBUG - Circuit optimization successful, final value: -10970.498501498503
2025-02-24 15:24:56,127 - DEBUG - Sampling from optimized circuit...
2025-02-24 15:24:56,156 - DEBUG - Generated 290 unique samples from 1000 total measurements
2025-02-24 15:24:56,156 - DEBUG - 
Top 5 most frequent samples:
2025-02-24 15:24:56,156 - DEBUG -   Rank | Count |   %   
2025-02-24 15:24:56,156 - DEBUG -   -----|-------|-------
2025-02-24 15:24:56,156 - DEBUG -      1 |    45 |   4.5
2025-02-24 15:24:56,157 - DEBUG -     Sample: [0 0 0 1 0 0 1 1 0 0 0 0]
2025-02-24 15:24:56,157 - DEBUG -      2 |    40 |   4.0
2025-02-24 15:24:56,157 - DEBUG -     Sample: [0 0 0 1 1 0 1 1 0 0 0 0]
2025-02-24 15:24:56,158 - DEBUG -      3 |    36 |   3.6
2025-02-24 15:24:56,158 - DEBUG -     Sample: [0 0 1 0 1 0 1 1 0 0 0 0]
2025-02-24 15:24:56,158 - DEBUG -      4 |    28 |   2.8
2025-02-24 15:24:56,158 - DEBUG -     Sample: [0 1 0 1 1 0 1 1 0 0 0 0]
2025-02-24 15:24:56,158 - DEBUG -      5 |    26 |   2.6
2025-02-24 15:24:56,159 - DEBUG -     Sample: [0 1 0 1 0 0 1 1 0 0 0 0]
2025-02-24 15:24:56,160 - DEBUG - Generated 290 unique samples from 1000 total measurements
2025-02-24 15:24:56,165 - INFO -   No feasible solution found in this iteration
2025-02-24 15:24:56,166 - INFO -   Added 1 new constraints: [0]
2025-02-24 15:24:56,166 - INFO - 
Iteration 3:
2025-02-24 15:24:56,167 - DEBUG - Generated Ising Hamiltonian
2025-02-24 15:24:56,437 - DEBUG - Optimizing QAOA circuit...
2025-02-24 15:24:58,883 - DEBUG - Circuit optimization successful
2025-02-24 15:24:58,884 - DEBUG - Circuit optimization successful, final value: 4016.601398601398
2025-02-24 15:24:58,884 - DEBUG - Sampling from optimized circuit...
2025-02-24 15:24:58,916 - DEBUG - Generated 368 unique samples from 1000 total measurements
2025-02-24 15:24:58,917 - DEBUG - 
Top 5 most frequent samples:
2025-02-24 15:24:58,917 - DEBUG -   Rank | Count |   %   
2025-02-24 15:24:58,917 - DEBUG -   -----|-------|-------
2025-02-24 15:24:58,917 - DEBUG -      1 |    47 |   4.7
2025-02-24 15:24:58,918 - DEBUG -     Sample: [0 1 1 0 0 1 1 0 0 1 0 0]
2025-02-24 15:24:58,918 - DEBUG -      2 |    40 |   4.0
2025-02-24 15:24:58,918 - DEBUG -     Sample: [1 1 1 0 0 1 1 0 0 1 0 0]
2025-02-24 15:24:58,918 - DEBUG -      3 |    26 |   2.6
2025-02-24 15:24:58,919 - DEBUG -     Sample: [0 1 1 0 0 1 1 0 0 0 0 0]
2025-02-24 15:24:58,919 - DEBUG -      4 |    22 |   2.2
2025-02-24 15:24:58,919 - DEBUG -     Sample: [0 1 1 0 0 1 1 0 1 1 0 0]
2025-02-24 15:24:58,919 - DEBUG -      5 |    16 |   1.6
2025-02-24 15:24:58,919 - DEBUG -     Sample: [0 0 1 0 0 1 1 0 0 1 0 0]
2025-02-24 15:24:58,921 - DEBUG - Generated 368 unique samples from 1000 total measurements
2025-02-24 15:24:58,924 - INFO - Found feasible solution: [1 0 0 1 0 0 1 0 0 0 0 0] with objective value 127.0
2025-02-24 15:24:58,928 - INFO -   Found feasible solution:
2025-02-24 15:24:58,929 - INFO -     Solution: [1, 0, 0, 1, 0, 0, 1, 0, 0, 0, 0, 0]
2025-02-24 15:24:58,929 - INFO -     Value: 127.0
2025-02-24 15:24:58,929 - INFO -     Gap to reference: 0.00%
2025-02-24 15:24:58,929 - INFO -   Constraint generation solution found:
2025-02-24 15:24:58,930 - INFO -     Solution: [1, 0, 0, 1, 0, 0, 1, 0, 0, 0, 0, 0]
2025-02-24 15:24:58,930 - INFO -     Value: 127.0
2025-02-24 15:24:58,930 - INFO - 
Instance 6 results:
2025-02-24 15:24:58,930 - INFO -   Classical value: 127.0
2025-02-24 15:24:58,930 - INFO -   QAOA value: 127.0
2025-02-24 15:24:58,930 - INFO -   Constraint generation value: 127.0
2025-02-24 15:24:58,931 - INFO - 
Running instance 7/100
2025-02-24 15:24:58,933 - INFO - 
Running Classical Reference Solver (SCIP):
2025-02-24 15:24:58,936 - DEBUG - Problem dimensions: 40 constraints, 12 variables
2025-02-24 15:24:58,936 - DEBUG - Row names: ['ELEM1', 'ELEM2', 'ELEM3', 'ELEM4', 'ELEM5', 'ELEM6', 'ELEM7', 'ELEM8', 'ELEM9', 'ELEM10', 'ELEM11', 'ELEM12', 'ELEM13', 'ELEM14', 'ELEM15', 'ELEM16', 'ELEM17', 'ELEM18', 'ELEM19', 'ELEM20', 'ELEM21', 'ELEM22', 'ELEM23', 'ELEM24', 'ELEM25', 'ELEM26', 'ELEM27', 'ELEM28', 'ELEM29', 'ELEM30', 'ELEM31', 'ELEM32', 'ELEM33', 'ELEM34', 'ELEM35', 'ELEM36', 'ELEM37', 'ELEM38', 'ELEM39', 'ELEM40']
2025-02-24 15:24:58,936 - DEBUG - RHS values: {'ELEM1': 1.0, 'ELEM2': 1.0, 'ELEM3': 1.0, 'ELEM4': 1.0, 'ELEM5': 1.0, 'ELEM6': 1.0, 'ELEM7': 1.0, 'ELEM8': 1.0, 'ELEM9': 1.0, 'ELEM10': 1.0, 'ELEM11': 1.0, 'ELEM12': 1.0, 'ELEM13': 1.0, 'ELEM14': 1.0, 'ELEM15': 1.0, 'ELEM16': 1.0, 'ELEM17': 1.0, 'ELEM18': 1.0, 'ELEM19': 1.0, 'ELEM20': 1.0, 'ELEM21': 1.0, 'ELEM22': 1.0, 'ELEM23': 1.0, 'ELEM24': 1.0, 'ELEM25': 1.0, 'ELEM26': 1.0, 'ELEM27': 1.0, 'ELEM28': 1.0, 'ELEM29': 1.0, 'ELEM30': 1.0, 'ELEM31': 1.0, 'ELEM32': 1.0, 'ELEM33': 1.0, 'ELEM34': 1.0, 'ELEM35': 1.0, 'ELEM36': 1.0, 'ELEM37': 1.0, 'ELEM38': 1.0, 'ELEM39': 1.0, 'ELEM40': 1.0}
2025-02-24 15:24:58,948 - INFO -   Reference solution found:
2025-02-24 15:24:58,948 - INFO -     Solution: [1, 1, 0, 1, 0, 0, 0, 0, 0, 0, 0, 0]
2025-02-24 15:24:58,948 - INFO -     Value: 94.0
2025-02-24 15:24:58,948 - INFO - 
Running QAOA Reference Solution (with all constraints):
