
Problem information:
  Number of variables (n): 12
  Number of constraints (m): 40

Starting reference QAOA with parameters:
  sample_size (total shots): 1000
Added all constraints
Found feasible solution: [1 0 0 1 0 0 1 0 0 0 0 0] with objective value 127.0
Found feasible solution: [0 1 0 0 0 0 0 0 0 1 1 0] with objective value 158.0
Found feasible solution:
  Solution: [1, 0, 0, 1, 0, 0, 1, 0, 0, 0, 0, 0]
  Value: 127.0
  QAOA solution found:
    Solution: [1, 0, 0, 1, 0, 0, 1, 0, 0, 0, 0, 0]
    Value: 127.0

Running Constraint Generation:

Problem information:
  Number of variables (n): 12
  Number of constraints (m): 40

Running classical reference solver:
  Reference solution found:
    Solution: [1, 0, 0, 1, 0, 0, 1, 0, 0, 0, 0, 0]
    Value: 127.0

Starting quantum constraint generation with parameters:
  sample_size (total shots): 1000
  tau: 0.1
  max_iters: 1000

Iteration 0:
  No feasible solution found in this iteration
  Added 2 new constraints: [17, 19]

Iteration 1:
  No feasible solution found in this iteration
  Added 1 new constraints: [10]

Iteration 2:
  No feasible solution found in this iteration
  Added 1 new constraints: [0]

Iteration 3:
Found feasible solution: [1 0 0 1 0 0 1 0 0 0 0 0] with objective value 127.0
  Found feasible solution:
    Solution: [1, 0, 0, 1, 0, 0, 1, 0, 0, 0, 0, 0]
    Value: 127.0
    Gap to reference: 0.00%
  Constraint generation solution found:
    Solution: [1, 0, 0, 1, 0, 0, 1, 0, 0, 0, 0, 0]
    Value: 127.0

Instance 6 results:
  Classical value: 127.0
  QAOA value: 127.0
  Constraint generation value: 127.0

Running instance 7/100

Running Classical Reference Solver (SCIP):
  Reference solution found:
    Solution: [1, 1, 0, 1, 0, 0, 0, 0, 0, 0, 0, 0]
    Value: 94.0

Running QAOA Reference Solution (with all constraints):
