2025-02-24 16:52:05,979 - INFO - 
Problem information:
2025-02-24 16:52:05,979 - INFO -   Number of variables (n): 8
2025-02-24 16:52:05,980 - INFO -   Number of constraints (m): 25
2025-02-24 16:52:05,980 - DEBUG -   Density of A: 30.00%
2025-02-24 16:52:05,980 - INFO - 
Starting reference QAOA with parameters:
2025-02-24 16:52:05,981 - INFO -   sample_size (total shots): 500
2025-02-24 16:52:05,981 - INFO - Added all constraints
2025-02-24 16:52:05,983 - DEBUG - Generated Ising Hamiltonian
2025-02-24 16:52:06,354 - DEBUG - Optimizing QAOA circuit...
2025-02-24 16:52:09,008 - DEBUG - Circuit optimization successful
2025-02-24 16:52:09,009 - DEBUG - Circuit optimization successful, final value: -28144.376123876125
2025-02-24 16:52:09,009 - DEBUG - Sampling from optimized circuit...
2025-02-24 16:52:09,032 - DEBUG - Generated 125 unique samples from 500 total measurements
2025-02-24 16:52:09,032 - DEBUG - 
Top 5 most frequent samples:
2025-02-24 16:52:09,032 - DEBUG -   Rank | Count |   %   
2025-02-24 16:52:09,033 - DEBUG -   -----|-------|-------
2025-02-24 16:52:09,033 - DEBUG -      1 |    33 |   6.6
2025-02-24 16:52:09,033 - DEBUG -     Sample: [0 0 0 0 1 0 0 0]
2025-02-24 16:52:09,033 - DEBUG -      2 |    27 |   5.4
2025-02-24 16:52:09,033 - DEBUG -     Sample: [0 0 0 0 1 0 1 0]
2025-02-24 16:52:09,034 - DEBUG -      3 |    16 |   3.2
2025-02-24 16:52:09,034 - DEBUG -     Sample: [0 1 0 0 1 0 0 0]
2025-02-24 16:52:09,034 - DEBUG -      4 |    16 |   3.2
2025-02-24 16:52:09,034 - DEBUG -     Sample: [0 0 0 0 0 0 1 0]
2025-02-24 16:52:09,034 - DEBUG -      5 |    16 |   3.2
2025-02-24 16:52:09,035 - DEBUG -     Sample: [0 1 0 0 1 0 1 0]
2025-02-24 16:52:09,035 - DEBUG - Generated 125 unique samples from 500 total measurements
2025-02-24 16:52:09,038 - INFO - No feasible solution found
2025-02-24 16:52:09,038 - INFO -   QAOA solver found no feasible solution
2025-02-24 16:52:09,038 - INFO - 
Running Constraint Generation:
2025-02-24 16:52:09,040 - INFO - 
Problem information:
2025-02-24 16:52:09,040 - INFO -   Number of variables (n): 8
2025-02-24 16:52:09,040 - INFO -   Number of constraints (m): 25
2025-02-24 16:52:09,040 - DEBUG -   Density of A: 30.00%
2025-02-24 16:52:09,040 - INFO - 
Running classical reference solver:
2025-02-24 16:52:09,054 - INFO -   Reference solution found:
2025-02-24 16:52:09,054 - INFO -     Solution: [0, 0, 1, 1, 1, 0, 0, 0]
2025-02-24 16:52:09,054 - INFO -     Value: 113.0
2025-02-24 16:52:09,055 - INFO - 
Starting quantum constraint generation with parameters:
2025-02-24 16:52:09,055 - INFO -   sample_size (total shots): 500
2025-02-24 16:52:09,055 - INFO -   tau: 0.1
2025-02-24 16:52:09,055 - INFO -   max_iters: 1000
2025-02-24 16:52:09,055 - INFO - 
Iteration 0:
2025-02-24 16:52:09,055 - DEBUG - Generated Ising Hamiltonian
2025-02-24 16:52:09,318 - DEBUG - Optimizing QAOA circuit...
2025-02-24 16:52:11,115 - DEBUG - Circuit optimization successful
2025-02-24 16:52:11,115 - DEBUG - Circuit optimization successful, final value: -177.49350649350652
2025-02-24 16:52:11,115 - DEBUG - Sampling from optimized circuit...
2025-02-24 16:52:11,139 - DEBUG - Generated 157 unique samples from 500 total measurements
2025-02-24 16:52:11,140 - DEBUG - 
Top 5 most frequent samples:
2025-02-24 16:52:11,140 - DEBUG -   Rank | Count |   %   
2025-02-24 16:52:11,141 - DEBUG -   -----|-------|-------
2025-02-24 16:52:11,141 - DEBUG -      1 |    21 |   4.2
2025-02-24 16:52:11,141 - DEBUG -     Sample: [1 1 1 1 1 0 1 1]
2025-02-24 16:52:11,141 - DEBUG -      2 |    21 |   4.2
2025-02-24 16:52:11,142 - DEBUG -     Sample: [1 1 1 1 1 1 1 1]
2025-02-24 16:52:11,142 - DEBUG -      3 |    17 |   3.4
2025-02-24 16:52:11,142 - DEBUG -     Sample: [1 1 1 1 1 1 0 1]
2025-02-24 16:52:11,142 - DEBUG -      4 |    15 |   3.0
2025-02-24 16:52:11,143 - DEBUG -     Sample: [1 1 1 1 1 0 0 1]
2025-02-24 16:52:11,143 - DEBUG -      5 |    15 |   3.0
2025-02-24 16:52:11,143 - DEBUG -     Sample: [0 1 1 1 1 1 1 1]
2025-02-24 16:52:11,144 - DEBUG - Generated 157 unique samples from 500 total measurements
2025-02-24 16:52:11,149 - INFO - Found feasible solution: [0 0 1 1 1 0 0 0] with objective value 113.0
2025-02-24 16:52:11,150 - INFO - Found feasible solution: [1 1 0 0 0 0 1 1] with objective value 291.0
2025-02-24 16:52:11,151 - INFO -   Found feasible solution:
2025-02-24 16:52:11,151 - INFO -     Solution: [0, 0, 1, 1, 1, 0, 0, 0]
2025-02-24 16:52:11,151 - INFO -     Value: 113.0
2025-02-24 16:52:11,151 - INFO -     Gap to reference: 0.00%
2025-02-24 16:52:11,152 - INFO -   Constraint generation solution found:
2025-02-24 16:52:11,152 - INFO -     Solution: [0, 0, 1, 1, 1, 0, 0, 0]
2025-02-24 16:52:11,152 - INFO -     Value: 113.0
2025-02-24 16:52:11,152 - INFO - 
Instance 61 results:
2025-02-24 16:52:11,152 - INFO -   Classical value: 113.0
2025-02-24 16:52:11,152 - INFO -   QAOA value: 0.0
2025-02-24 16:52:11,153 - INFO -   Constraint generation value: 113.0
2025-02-24 16:52:11,153 - INFO - 
Running instance 62/100
2025-02-24 16:52:11,155 - INFO - 
Running Classical Reference Solver (SCIP):
2025-02-24 16:52:11,156 - DEBUG - Problem dimensions: 25 constraints, 8 variables
2025-02-24 16:52:11,157 - DEBUG - Row names: ['ELEM1', 'ELEM2', 'ELEM3', 'ELEM4', 'ELEM5', 'ELEM6', 'ELEM7', 'ELEM8', 'ELEM9', 'ELEM10', 'ELEM11', 'ELEM12', 'ELEM13', 'ELEM14', 'ELEM15', 'ELEM16', 'ELEM17', 'ELEM18', 'ELEM19', 'ELEM20', 'ELEM21', 'ELEM22', 'ELEM23', 'ELEM24', 'ELEM25']
2025-02-24 16:52:11,157 - DEBUG - RHS values: {'ELEM1': 1.0, 'ELEM2': 1.0, 'ELEM3': 1.0, 'ELEM4': 1.0, 'ELEM5': 1.0, 'ELEM6': 1.0, 'ELEM7': 1.0, 'ELEM8': 1.0, 'ELEM9': 1.0, 'ELEM10': 1.0, 'ELEM11': 1.0, 'ELEM12': 1.0, 'ELEM13': 1.0, 'ELEM14': 1.0, 'ELEM15': 1.0, 'ELEM16': 1.0, 'ELEM17': 1.0, 'ELEM18': 1.0, 'ELEM19': 1.0, 'ELEM20': 1.0, 'ELEM21': 1.0, 'ELEM22': 1.0, 'ELEM23': 1.0, 'ELEM24': 1.0, 'ELEM25': 1.0}
2025-02-24 16:52:11,170 - INFO -   Reference solution found:
2025-02-24 16:52:11,170 - INFO -     Solution: [0, 1, 1, 0, 0, 0, 0, 1]
2025-02-24 16:52:11,170 - INFO -     Value: 84.0
2025-02-24 16:52:11,171 - INFO - 
Running QAOA Reference Solution (with all constraints):
