2025-02-24 14:45:35,554 - INFO - 
Problem information:
2025-02-24 14:45:35,555 - INFO -   Number of variables (n): 12
2025-02-24 14:45:35,555 - INFO -   Number of constraints (m): 40
2025-02-24 14:45:35,555 - DEBUG -   Density of A: 25.00%
2025-02-24 14:45:35,556 - INFO - 
Starting reference QAOA with parameters:
2025-02-24 14:45:35,556 - INFO -   sample_size (total shots): 1000
2025-02-24 14:45:35,556 - INFO - Added all constraints
2025-02-24 14:45:35,556 - DEBUG - Generated Ising Hamiltonian
2025-02-24 14:45:35,688 - DEBUG - Optimizing QAOA circuit...
2025-02-24 14:45:39,972 - DEBUG - Circuit optimization successful
2025-02-24 14:45:39,972 - DEBUG - Circuit optimization successful, final value: -715.8666333666333
2025-02-24 14:45:39,973 - DEBUG - Sampling from optimized circuit...
2025-02-24 14:45:40,010 - DEBUG - Generated 759 unique samples from 1000 total measurements
2025-02-24 14:45:40,011 - DEBUG - 
Top 5 most frequent samples:
2025-02-24 14:45:40,011 - DEBUG -   Rank | Count |   %   
2025-02-24 14:45:40,011 - DEBUG -   -----|-------|-------
2025-02-24 14:45:40,011 - DEBUG -      1 |     7 |   0.7
2025-02-24 14:45:40,012 - DEBUG -     Sample: [0 1 0 1 1 0 0 1 0 0 1 1]
2025-02-24 14:45:40,012 - DEBUG -      2 |     6 |   0.6
2025-02-24 14:45:40,012 - DEBUG -     Sample: [0 0 1 0 0 0 0 1 0 0 1 0]
2025-02-24 14:45:40,012 - DEBUG -      3 |     5 |   0.5
2025-02-24 14:45:40,012 - DEBUG -     Sample: [1 1 0 0 1 0 1 1 0 0 1 0]
2025-02-24 14:45:40,012 - DEBUG -      4 |     5 |   0.5
2025-02-24 14:45:40,012 - DEBUG -     Sample: [0 1 1 1 1 0 0 1 0 1 0 0]
2025-02-24 14:45:40,013 - DEBUG -      5 |     5 |   0.5
2025-02-24 14:45:40,013 - DEBUG -     Sample: [1 1 1 1 0 0 1 1 0 0 1 0]
2025-02-24 14:45:40,014 - DEBUG - Generated 759 unique samples from 1000 total measurements
2025-02-24 14:45:40,024 - INFO - Found feasible solution: [0 0 0 0 0 0 0 0 0 1 1 1] with objective value 250.0
2025-02-24 14:45:40,026 - INFO - Found feasible solution:
2025-02-24 14:45:40,026 - INFO -   Solution: [0, 0, 0, 0, 0, 0, 0, 0, 0, 1, 1, 1]
2025-02-24 14:45:40,026 - INFO -   Value: 250.0
2025-02-24 14:45:40,026 - INFO -   QAOA solution found:
2025-02-24 14:45:40,027 - INFO -     Solution: [0, 0, 0, 0, 0, 0, 0, 0, 0, 1, 1, 1]
2025-02-24 14:45:40,027 - INFO -     Value: 250.0
2025-02-24 14:45:40,027 - INFO - 
Running Constraint Generation:
2025-02-24 14:45:40,028 - INFO - 
Problem information:
2025-02-24 14:45:40,028 - INFO -   Number of variables (n): 12
2025-02-24 14:45:40,028 - INFO -   Number of constraints (m): 40
2025-02-24 14:45:40,028 - DEBUG -   Density of A: 25.00%
2025-02-24 14:45:40,028 - INFO - 
Running classical reference solver:
2025-02-24 14:45:40,040 - INFO -   Reference solution found:
2025-02-24 14:45:40,040 - INFO -     Solution: [1, 0, 1, 0, 1, 0, 1, 0, 1, 0, 0, 0]
2025-02-24 14:45:40,040 - INFO -     Value: 143.0
2025-02-24 14:45:40,040 - INFO - 
Starting quantum constraint generation with parameters:
2025-02-24 14:45:40,040 - INFO -   sample_size (total shots): 1000
2025-02-24 14:45:40,041 - INFO -   tau: 0.1
2025-02-24 14:45:40,041 - INFO -   max_iters: 1000
2025-02-24 14:45:40,041 - INFO - 
Iteration 0:
2025-02-24 14:45:40,041 - DEBUG - Generated Ising Hamiltonian
2025-02-24 14:45:40,042 - DEBUG - Optimizing QAOA circuit...
2025-02-24 14:45:42,995 - WARNING - Circuit optimization did not converge
2025-02-24 14:45:42,995 - WARNING - Circuit optimization did not converge
2025-02-24 14:45:42,995 - DEBUG - Sampling from optimized circuit...
2025-02-24 14:45:43,049 - DEBUG - Generated 12 unique samples from 1000 total measurements
2025-02-24 14:45:43,049 - DEBUG - 
Top 5 most frequent samples:
2025-02-24 14:45:43,049 - DEBUG -   Rank | Count |   %   
2025-02-24 14:45:43,049 - DEBUG -   -----|-------|-------
2025-02-24 14:45:43,049 - DEBUG -      1 |   423 |  42.3
2025-02-24 14:45:43,050 - DEBUG -     Sample: [0 0 0 0 0 0 0 0 0 1 1 0]
2025-02-24 14:45:43,050 - DEBUG -      2 |   410 |  41.0
2025-02-24 14:45:43,050 - DEBUG -     Sample: [0 0 0 0 0 0 0 0 1 1 1 0]
2025-02-24 14:45:43,050 - DEBUG -      3 |    34 |   3.4
2025-02-24 14:45:43,050 - DEBUG -     Sample: [0 0 0 0 0 0 0 0 0 1 1 1]
2025-02-24 14:45:43,050 - DEBUG -      4 |    31 |   3.1
2025-02-24 14:45:43,050 - DEBUG -     Sample: [0 0 0 0 0 0 0 0 0 0 1 0]
2025-02-24 14:45:43,050 - DEBUG -      5 |    31 |   3.1
2025-02-24 14:45:43,051 - DEBUG -     Sample: [0 0 0 0 0 0 0 0 1 1 1 1]
2025-02-24 14:45:43,051 - DEBUG - Generated 12 unique samples from 1000 total measurements
2025-02-24 14:45:43,051 - INFO - Found feasible solution: [0 0 0 0 0 0 0 0 0 1 1 1] with objective value 250.0
2025-02-24 14:45:43,052 - INFO -   Found feasible solution:
2025-02-24 14:45:43,052 - INFO -     Solution: [0, 0, 0, 0, 0, 0, 0, 0, 0, 1, 1, 1]
2025-02-24 14:45:43,052 - INFO -     Value: 250.0
2025-02-24 14:45:43,052 - INFO -     Gap to reference: 74.83%
2025-02-24 14:45:43,052 - INFO -   Constraint generation solution found:
2025-02-24 14:45:43,052 - INFO -     Solution: [0, 0, 0, 0, 0, 0, 0, 0, 0, 1, 1, 1]
2025-02-24 14:45:43,053 - INFO -     Value: 250.0
2025-02-24 14:45:43,053 - INFO - 
Instance 61 results:
2025-02-24 14:45:43,053 - INFO -   Classical value: 143.0
2025-02-24 14:45:43,053 - INFO -   QAOA value: 250.0
2025-02-24 14:45:43,053 - INFO -   Constraint generation value: 250.0
2025-02-24 14:45:43,053 - INFO - 
Running instance 62/100
2025-02-24 14:45:43,055 - INFO - 
Running Classical Reference Solver (SCIP):
2025-02-24 14:45:43,056 - DEBUG - Problem dimensions: 40 constraints, 12 variables
2025-02-24 14:45:43,056 - DEBUG - Row names: ['ELEM1', 'ELEM2', 'ELEM3', 'ELEM4', 'ELEM5', 'ELEM6', 'ELEM7', 'ELEM8', 'ELEM9', 'ELEM10', 'ELEM11', 'ELEM12', 'ELEM13', 'ELEM14', 'ELEM15', 'ELEM16', 'ELEM17', 'ELEM18', 'ELEM19', 'ELEM20', 'ELEM21', 'ELEM22', 'ELEM23', 'ELEM24', 'ELEM25', 'ELEM26', 'ELEM27', 'ELEM28', 'ELEM29', 'ELEM30', 'ELEM31', 'ELEM32', 'ELEM33', 'ELEM34', 'ELEM35', 'ELEM36', 'ELEM37', 'ELEM38', 'ELEM39', 'ELEM40']
2025-02-24 14:45:43,056 - DEBUG - RHS values: {'ELEM1': 1.0, 'ELEM2': 1.0, 'ELEM3': 1.0, 'ELEM4': 1.0, 'ELEM5': 1.0, 'ELEM6': 1.0, 'ELEM7': 1.0, 'ELEM8': 1.0, 'ELEM9': 1.0, 'ELEM10': 1.0, 'ELEM11': 1.0, 'ELEM12': 1.0, 'ELEM13': 1.0, 'ELEM14': 1.0, 'ELEM15': 1.0, 'ELEM16': 1.0, 'ELEM17': 1.0, 'ELEM18': 1.0, 'ELEM19': 1.0, 'ELEM20': 1.0, 'ELEM21': 1.0, 'ELEM22': 1.0, 'ELEM23': 1.0, 'ELEM24': 1.0, 'ELEM25': 1.0, 'ELEM26': 1.0, 'ELEM27': 1.0, 'ELEM28': 1.0, 'ELEM29': 1.0, 'ELEM30': 1.0, 'ELEM31': 1.0, 'ELEM32': 1.0, 'ELEM33': 1.0, 'ELEM34': 1.0, 'ELEM35': 1.0, 'ELEM36': 1.0, 'ELEM37': 1.0, 'ELEM38': 1.0, 'ELEM39': 1.0, 'ELEM40': 1.0}
2025-02-24 14:45:43,066 - INFO -   Reference solution found:
2025-02-24 14:45:43,066 - INFO -     Solution: [0, 1, 0, 0, 0, 1, 1, 0, 0, 1, 0, 0]
2025-02-24 14:45:43,066 - INFO -     Value: 176.0
2025-02-24 14:45:43,066 - INFO - 
Running QAOA Reference Solution (with all constraints):
