
Problem information:
  Number of variables (n): 12
  Number of constraints (m): 40

Starting reference QAOA with parameters:
  sample_size (total shots): 1000
Added all constraints
No feasible solution found
  QAOA solver found no feasible solution

Running Constraint Generation:

Problem information:
  Number of variables (n): 12
  Number of constraints (m): 40

Running classical reference solver:
  Reference solution found:
    Solution: [1, 0, 0, 0, 1, 0, 0, 0, 0, 0, 0, 1]
    Value: 167.0

Starting quantum constraint generation with parameters:
  sample_size (total shots): 1000
  tau: 0.1
  max_iters: 1000

Iteration 0:
Circuit optimization did not converge
Circuit optimization did not converge
  No feasible solution found in this iteration
  Added 8 new constraints: [1, 2, 3, 4, 9, 31, 37, 39]

Iteration 1:
Circuit optimization did not converge
Circuit optimization did not converge
  No feasible solution found in this iteration
  No new constraints added, lowered tau multiplier: 1.0 -> 0.9
  No new constraints added, lowered tau multiplier: 0.9 -> 0.8
  No new constraints added, lowered tau multiplier: 0.8 -> 0.7
  No new constraints added, lowered tau multiplier: 0.7 -> 0.6
  Added 19 new constraints: [5, 6, 7, 11, 12, 15, 16, 17, 19, 21, 23, 24, 25, 26, 27, 29, 34, 35, 38]

Iteration 2:
Circuit optimization did not converge
Circuit optimization did not converge
  No feasible solution found in this iteration
  No new constraints added, lowered tau multiplier: 1.0 -> 0.9
  No new constraints added, lowered tau multiplier: 0.9 -> 0.8
  No new constraints added, lowered tau multiplier: 0.8 -> 0.7
  No new constraints added, lowered tau multiplier: 0.7 -> 0.6
  No new constraints added, lowered tau multiplier: 0.6 -> 0.5
  Added 1 new constraints: [32]

Iteration 3:
Circuit optimization did not converge
Circuit optimization did not converge
  No feasible solution found in this iteration
  No new constraints added, lowered tau multiplier: 1.0 -> 0.9
  No new constraints added, lowered tau multiplier: 0.9 -> 0.8
  No new constraints added, lowered tau multiplier: 0.8 -> 0.7
  No new constraints added, lowered tau multiplier: 0.7 -> 0.6
  Added 3 new constraints: [13, 22, 36]

Iteration 4:
Circuit optimization did not converge
Circuit optimization did not converge
  No feasible solution found in this iteration
  No new constraints added, lowered tau multiplier: 1.0 -> 0.9
  No new constraints added, lowered tau multiplier: 0.9 -> 0.8
  No new constraints added, lowered tau multiplier: 0.8 -> 0.7
  No new constraints added, lowered tau multiplier: 0.7 -> 0.6
  No new constraints added, lowered tau multiplier: 0.6 -> 0.5
  No new constraints added, lowered tau multiplier: 0.5 -> 0.4
  Added 9 new constraints: [0, 8, 10, 14, 18, 20, 28, 30, 33]

Iteration 5:
Circuit optimization did not converge
Circuit optimization did not converge
  No feasible solution found in this iteration
  All constraints added, exiting
  Constraint generation found no feasible solution

Instance 88 results:
  Classical value: 167.0
  QAOA value: 0.0
  Constraint generation value: 0.0

Running instance 89/100

Running Classical Reference Solver (SCIP):
  Reference solution found:
    Solution: [0, 0, 0, 0, 0, 0, 1, 1, 0, 0, 1, 0]
    Value: 74.0

Running QAOA Reference Solution (with all constraints):
