2025-02-24 15:36:47,921 - INFO - 
Problem information:
2025-02-24 15:36:47,921 - INFO -   Number of variables (n): 12
2025-02-24 15:36:47,921 - INFO -   Number of constraints (m): 40
2025-02-24 15:36:47,921 - DEBUG -   Density of A: 27.92%
2025-02-24 15:36:47,921 - INFO - 
Starting reference QAOA with parameters:
2025-02-24 15:36:47,922 - INFO -   sample_size (total shots): 1000
2025-02-24 15:36:47,922 - INFO - Added all constraints
2025-02-24 15:36:47,922 - DEBUG - Generated Ising Hamiltonian
2025-02-24 15:36:48,178 - DEBUG - Optimizing QAOA circuit...
2025-02-24 15:36:53,108 - DEBUG - Circuit optimization successful
2025-02-24 15:36:53,109 - DEBUG - Circuit optimization successful, final value: -114197.71778221776
2025-02-24 15:36:53,109 - DEBUG - Sampling from optimized circuit...
2025-02-24 15:36:53,165 - DEBUG - Generated 386 unique samples from 1000 total measurements
2025-02-24 15:36:53,166 - DEBUG - 
Top 5 most frequent samples:
2025-02-24 15:36:53,166 - DEBUG -   Rank | Count |   %   
2025-02-24 15:36:53,166 - DEBUG -   -----|-------|-------
2025-02-24 15:36:53,167 - DEBUG -      1 |    87 |   8.7
2025-02-24 15:36:53,167 - DEBUG -     Sample: [0 1 0 0 0 0 0 1 1 1 0 1]
2025-02-24 15:36:53,168 - DEBUG -      2 |    39 |   3.9
2025-02-24 15:36:53,169 - DEBUG -     Sample: [0 1 0 0 0 0 0 1 1 1 0 0]
2025-02-24 15:36:53,169 - DEBUG -      3 |    38 |   3.8
2025-02-24 15:36:53,170 - DEBUG -     Sample: [0 1 0 0 0 0 0 0 1 1 0 0]
2025-02-24 15:36:53,170 - DEBUG -      4 |    29 |   2.9
2025-02-24 15:36:53,171 - DEBUG -     Sample: [0 0 1 0 0 0 0 1 1 1 0 1]
2025-02-24 15:36:53,171 - DEBUG -      5 |    27 |   2.7
2025-02-24 15:36:53,171 - DEBUG -     Sample: [0 1 0 0 0 0 0 1 0 1 0 1]
2025-02-24 15:36:53,173 - DEBUG - Generated 386 unique samples from 1000 total measurements
2025-02-24 15:36:53,179 - INFO - Found feasible solution: [0 1 0 0 0 1 0 1 1 0 0 0] with objective value 281.0
2025-02-24 15:36:53,181 - INFO - Found feasible solution:
2025-02-24 15:36:53,181 - INFO -   Solution: [0, 1, 0, 0, 0, 1, 0, 1, 1, 0, 0, 0]
2025-02-24 15:36:53,182 - INFO -   Value: 281.0
2025-02-24 15:36:53,182 - INFO -   QAOA solution found:
2025-02-24 15:36:53,182 - INFO -     Solution: [0, 1, 0, 0, 0, 1, 0, 1, 1, 0, 0, 0]
2025-02-24 15:36:53,183 - INFO -     Value: 281.0
2025-02-24 15:36:53,183 - INFO - 
Running Constraint Generation:
2025-02-24 15:36:53,184 - INFO - 
Problem information:
2025-02-24 15:36:53,184 - INFO -   Number of variables (n): 12
2025-02-24 15:36:53,185 - INFO -   Number of constraints (m): 40
2025-02-24 15:36:53,185 - DEBUG -   Density of A: 27.92%
2025-02-24 15:36:53,185 - INFO - 
Running classical reference solver:
2025-02-24 15:36:53,197 - INFO -   Reference solution found:
2025-02-24 15:36:53,197 - INFO -     Solution: [1, 0, 1, 0, 0, 0, 0, 0, 0, 0, 0, 1]
2025-02-24 15:36:53,197 - INFO -     Value: 139.0
2025-02-24 15:36:53,197 - INFO - 
Starting quantum constraint generation with parameters:
2025-02-24 15:36:53,197 - INFO -   sample_size (total shots): 1000
2025-02-24 15:36:53,198 - INFO -   tau: 0.1
2025-02-24 15:36:53,198 - INFO -   max_iters: 1000
2025-02-24 15:36:53,198 - INFO - 
Iteration 0:
2025-02-24 15:36:53,198 - DEBUG - Generated Ising Hamiltonian
2025-02-24 15:36:53,412 - DEBUG - Optimizing QAOA circuit...
2025-02-24 15:36:55,740 - DEBUG - Circuit optimization successful
2025-02-24 15:36:55,740 - DEBUG - Circuit optimization successful, final value: -150.13886113886113
2025-02-24 15:36:55,740 - DEBUG - Sampling from optimized circuit...
2025-02-24 15:36:55,764 - DEBUG - Generated 779 unique samples from 1000 total measurements
2025-02-24 15:36:55,765 - DEBUG - 
Top 5 most frequent samples:
2025-02-24 15:36:55,765 - DEBUG -   Rank | Count |   %   
2025-02-24 15:36:55,765 - DEBUG -   -----|-------|-------
2025-02-24 15:36:55,765 - DEBUG -      1 |     5 |   0.5
2025-02-24 15:36:55,766 - DEBUG -     Sample: [1 0 1 1 1 1 0 0 1 1 0 0]
2025-02-24 15:36:55,766 - DEBUG -      2 |     5 |   0.5
2025-02-24 15:36:55,766 - DEBUG -     Sample: [0 0 0 1 1 1 1 0 1 1 0 1]
2025-02-24 15:36:55,766 - DEBUG -      3 |     4 |   0.4
2025-02-24 15:36:55,767 - DEBUG -     Sample: [1 0 0 1 1 1 0 1 1 1 1 1]
2025-02-24 15:36:55,767 - DEBUG -      4 |     4 |   0.4
2025-02-24 15:36:55,767 - DEBUG -     Sample: [1 1 0 1 1 1 0 1 1 1 1 1]
2025-02-24 15:36:55,767 - DEBUG -      5 |     4 |   0.4
2025-02-24 15:36:55,767 - DEBUG -     Sample: [0 1 1 1 1 1 0 1 1 1 0 1]
2025-02-24 15:36:55,769 - DEBUG - Generated 779 unique samples from 1000 total measurements
2025-02-24 15:36:55,783 - INFO -   No feasible solution found in this iteration
2025-02-24 15:36:55,784 - INFO -   Added 1 new constraints: [25]
2025-02-24 15:36:55,784 - INFO - 
Iteration 1:
2025-02-24 15:36:55,784 - DEBUG - Generated Ising Hamiltonian
2025-02-24 15:36:55,997 - DEBUG - Optimizing QAOA circuit...
2025-02-24 15:36:58,206 - DEBUG - Circuit optimization successful
2025-02-24 15:36:58,207 - DEBUG - Circuit optimization successful, final value: -7155.602897102897
2025-02-24 15:36:58,207 - DEBUG - Sampling from optimized circuit...
2025-02-24 15:36:58,234 - DEBUG - Generated 434 unique samples from 1000 total measurements
2025-02-24 15:36:58,235 - DEBUG - 
Top 5 most frequent samples:
2025-02-24 15:36:58,235 - DEBUG -   Rank | Count |   %   
2025-02-24 15:36:58,235 - DEBUG -   -----|-------|-------
2025-02-24 15:36:58,235 - DEBUG -      1 |    27 |   2.7
2025-02-24 15:36:58,235 - DEBUG -     Sample: [0 0 0 1 1 0 0 0 1 0 1 1]
2025-02-24 15:36:58,236 - DEBUG -      2 |    25 |   2.5
2025-02-24 15:36:58,236 - DEBUG -     Sample: [0 0 0 1 1 0 1 0 1 0 1 1]
2025-02-24 15:36:58,236 - DEBUG -      3 |    20 |   2.0
2025-02-24 15:36:58,236 - DEBUG -     Sample: [0 0 0 0 0 0 1 0 1 0 1 1]
2025-02-24 15:36:58,236 - DEBUG -      4 |    18 |   1.8
2025-02-24 15:36:58,237 - DEBUG -     Sample: [0 0 0 0 1 0 0 0 1 0 1 1]
2025-02-24 15:36:58,237 - DEBUG -      5 |    17 |   1.7
2025-02-24 15:36:58,237 - DEBUG -     Sample: [0 0 0 0 1 0 1 0 1 0 1 1]
2025-02-24 15:36:58,239 - DEBUG - Generated 434 unique samples from 1000 total measurements
2025-02-24 15:36:58,246 - INFO - Found feasible solution: [0 0 0 1 1 0 0 0 0 1 1 0] with objective value 260.0
2025-02-24 15:36:58,248 - INFO -   Found feasible solution:
2025-02-24 15:36:58,248 - INFO -     Solution: [0, 0, 0, 1, 1, 0, 0, 0, 0, 1, 1, 0]
2025-02-24 15:36:58,248 - INFO -     Value: 260.0
2025-02-24 15:36:58,249 - INFO -     Gap to reference: 87.05%
2025-02-24 15:36:58,249 - INFO -   Constraint generation solution found:
2025-02-24 15:36:58,249 - INFO -     Solution: [0, 0, 0, 1, 1, 0, 0, 0, 0, 1, 1, 0]
2025-02-24 15:36:58,249 - INFO -     Value: 260.0
2025-02-24 15:36:58,250 - INFO - 
Instance 47 results:
2025-02-24 15:36:58,250 - INFO -   Classical value: 139.0
2025-02-24 15:36:58,250 - INFO -   QAOA value: 281.0
2025-02-24 15:36:58,250 - INFO -   Constraint generation value: 260.0
2025-02-24 15:36:58,251 - INFO - 
Running instance 48/100
2025-02-24 15:36:58,253 - INFO - 
Running Classical Reference Solver (SCIP):
2025-02-24 15:36:58,254 - DEBUG - Problem dimensions: 40 constraints, 12 variables
2025-02-24 15:36:58,254 - DEBUG - Row names: ['ELEM1', 'ELEM2', 'ELEM3', 'ELEM4', 'ELEM5', 'ELEM6', 'ELEM7', 'ELEM8', 'ELEM9', 'ELEM10', 'ELEM11', 'ELEM12', 'ELEM13', 'ELEM14', 'ELEM15', 'ELEM16', 'ELEM17', 'ELEM18', 'ELEM19', 'ELEM20', 'ELEM21', 'ELEM22', 'ELEM23', 'ELEM24', 'ELEM25', 'ELEM26', 'ELEM27', 'ELEM28', 'ELEM29', 'ELEM30', 'ELEM31', 'ELEM32', 'ELEM33', 'ELEM34', 'ELEM35', 'ELEM36', 'ELEM37', 'ELEM38', 'ELEM39', 'ELEM40']
2025-02-24 15:36:58,255 - DEBUG - RHS values: {'ELEM1': 1.0, 'ELEM2': 1.0, 'ELEM3': 1.0, 'ELEM4': 1.0, 'ELEM5': 1.0, 'ELEM6': 1.0, 'ELEM7': 1.0, 'ELEM8': 1.0, 'ELEM9': 1.0, 'ELEM10': 1.0, 'ELEM11': 1.0, 'ELEM12': 1.0, 'ELEM13': 1.0, 'ELEM14': 1.0, 'ELEM15': 1.0, 'ELEM16': 1.0, 'ELEM17': 1.0, 'ELEM18': 1.0, 'ELEM19': 1.0, 'ELEM20': 1.0, 'ELEM21': 1.0, 'ELEM22': 1.0, 'ELEM23': 1.0, 'ELEM24': 1.0, 'ELEM25': 1.0, 'ELEM26': 1.0, 'ELEM27': 1.0, 'ELEM28': 1.0, 'ELEM29': 1.0, 'ELEM30': 1.0, 'ELEM31': 1.0, 'ELEM32': 1.0, 'ELEM33': 1.0, 'ELEM34': 1.0, 'ELEM35': 1.0, 'ELEM36': 1.0, 'ELEM37': 1.0, 'ELEM38': 1.0, 'ELEM39': 1.0, 'ELEM40': 1.0}
2025-02-24 15:36:58,267 - INFO -   Reference solution found:
2025-02-24 15:36:58,267 - INFO -     Solution: [0, 0, 0, 1, 0, 1, 0, 0, 1, 0, 0, 0]
2025-02-24 15:36:58,268 - INFO -     Value: 185.0
2025-02-24 15:36:58,268 - INFO - 
Running QAOA Reference Solution (with all constraints):
