
Problem information:
  Number of variables (n): 12
  Number of constraints (m): 40

Starting reference QAOA with parameters:
  sample_size (total shots): 1000
Added all constraints
Found feasible solution: [0 1 0 0 0 1 0 1 1 0 0 0] with objective value 281.0
Found feasible solution:
  Solution: [0, 1, 0, 0, 0, 1, 0, 1, 1, 0, 0, 0]
  Value: 281.0
  QAOA solution found:
    Solution: [0, 1, 0, 0, 0, 1, 0, 1, 1, 0, 0, 0]
    Value: 281.0

Running Constraint Generation:

Problem information:
  Number of variables (n): 12
  Number of constraints (m): 40

Running classical reference solver:
  Reference solution found:
    Solution: [1, 0, 1, 0, 0, 0, 0, 0, 0, 0, 0, 1]
    Value: 139.0

Starting quantum constraint generation with parameters:
  sample_size (total shots): 1000
  tau: 0.1
  max_iters: 1000

Iteration 0:
  No feasible solution found in this iteration
  Added 1 new constraints: [25]

Iteration 1:
Found feasible solution: [0 0 0 1 1 0 0 0 0 1 1 0] with objective value 260.0
  Found feasible solution:
    Solution: [0, 0, 0, 1, 1, 0, 0, 0, 0, 1, 1, 0]
    Value: 260.0
    Gap to reference: 87.05%
  Constraint generation solution found:
    Solution: [0, 0, 0, 1, 1, 0, 0, 0, 0, 1, 1, 0]
    Value: 260.0

Instance 47 results:
  Classical value: 139.0
  QAOA value: 281.0
  Constraint generation value: 260.0

Running instance 48/100

Running Classical Reference Solver (SCIP):
  Reference solution found:
    Solution: [0, 0, 0, 1, 0, 1, 0, 0, 1, 0, 0, 0]
    Value: 185.0

Running QAOA Reference Solution (with all constraints):
