
Problem information:
  Number of variables (n): 10
  Number of constraints (m): 20

Starting reference QAOA with parameters:
  sample_size (total shots): 100
Added all constraints
Found feasible solution: [1 0 0 0 0 0 0 1 0 0] with objective value 42.0
Found feasible solution: [0 0 0 1 1 0 0 0 0 0] with objective value 182.0
Found feasible solution:
  Solution: [1, 0, 0, 0, 0, 0, 0, 1, 0, 0]
  Value: 42.0
  QAOA solution found:
    Solution: [1, 0, 0, 0, 0, 0, 0, 1, 0, 0]
    Value: 42.0

Running Constraint Generation:

Problem information:
  Number of variables (n): 10
  Number of constraints (m): 20

Running classical reference solver:
  Reference solution found:
    Solution: [1, 0, 0, 0, 0, 0, 0, 1, 0, 0]
    Value: 42.0

Starting quantum constraint generation with parameters:
  sample_size (total shots): 100
  tau: 0.1
  max_iters: 1000

Iteration 0:
  No feasible solution found in this iteration
  Added 14 new constraints: [0, 2, 4, 6, 9, 11, 12, 13, 14, 15, 16, 17, 18, 19]

Iteration 1:
  No feasible solution found in this iteration
  Added 3 new constraints: [1, 5, 8]

Iteration 2:
  No feasible solution found in this iteration
  No new constraints added, lowered tau multiplier: 1.0 -> 0.9
  Added 2 new constraints: [3, 10]

Iteration 3:
Found feasible solution: [0 0 0 0 0 0 0 0 1 1] with objective value 77.0
  Found feasible solution:
    Solution: [0, 0, 0, 0, 0, 0, 0, 0, 1, 1]
    Value: 77.0
    Gap to reference: 83.33%
  Constraint generation solution found:
    Solution: [0, 0, 0, 0, 0, 0, 0, 0, 1, 1]
    Value: 77.0

Instance 73 results:
  Classical value: 42.0
  QAOA value: 42.0
  Constraint generation value: 77.0

Running instance 74/100

Running Classical Reference Solver (SCIP):
  Reference solution found:
    Solution: [0, 0, 0, 0, 0, 1, 1, 0, 0, 0]
    Value: 28.0

Running QAOA Reference Solution (with all constraints):
