2025-02-23 18:04:09,775 - INFO - 
Problem information:
2025-02-23 18:04:09,776 - INFO -   Number of variables (n): 12
2025-02-23 18:04:09,776 - INFO -   Number of constraints (m): 40
2025-02-23 18:04:09,776 - DEBUG -   Density of A: 18.96%
2025-02-23 18:04:09,776 - INFO - 
Starting reference QAOA with parameters:
2025-02-23 18:04:09,776 - INFO -   sample_size (total shots): 200
2025-02-23 18:04:09,777 - INFO - Added all constraints
2025-02-23 18:04:09,777 - DEBUG - Generated Ising Hamiltonian
2025-02-23 18:04:09,970 - DEBUG - Optimizing QAOA circuit...
2025-02-23 18:04:11,829 - DEBUG - Circuit optimization successful
2025-02-23 18:04:11,830 - DEBUG - Circuit optimization successful, final value: -19061.12437562438
2025-02-23 18:04:11,830 - DEBUG - Sampling from optimized circuit...
2025-02-23 18:04:11,850 - DEBUG - Generated 180 unique samples from 200 total measurements
2025-02-23 18:04:11,850 - DEBUG - 
Top 5 most frequent samples:
2025-02-23 18:04:11,850 - DEBUG -   Rank | Count |   %   
2025-02-23 18:04:11,851 - DEBUG -   -----|-------|-------
2025-02-23 18:04:11,851 - DEBUG -      1 |     3 |   1.5
2025-02-23 18:04:11,851 - DEBUG -     Sample: [0 0 1 0 0 1 0 1 1 1 0 0]
2025-02-23 18:04:11,852 - DEBUG -      2 |     3 |   1.5
2025-02-23 18:04:11,852 - DEBUG -     Sample: [0 1 0 1 0 0 0 0 0 0 0 0]
2025-02-23 18:04:11,853 - DEBUG -      3 |     2 |   1.0
2025-02-23 18:04:11,853 - DEBUG -     Sample: [0 0 0 0 1 0 1 1 1 1 0 0]
2025-02-23 18:04:11,853 - DEBUG -      4 |     2 |   1.0
2025-02-23 18:04:11,854 - DEBUG -     Sample: [1 1 1 1 0 1 1 1 1 0 1 1]
2025-02-23 18:04:11,854 - DEBUG -      5 |     2 |   1.0
2025-02-23 18:04:11,854 - DEBUG -     Sample: [1 0 0 0 0 0 1 0 0 0 0 1]
2025-02-23 18:04:11,855 - DEBUG - Generated 180 unique samples from 200 total measurements
2025-02-23 18:04:11,859 - INFO - No feasible solution found
2025-02-23 18:04:11,859 - INFO -   QAOA solver found no feasible solution
2025-02-23 18:04:11,859 - INFO - 
Running Constraint Generation:
2025-02-23 18:04:11,861 - INFO - 
Problem information:
2025-02-23 18:04:11,862 - INFO -   Number of variables (n): 12
2025-02-23 18:04:11,862 - INFO -   Number of constraints (m): 40
2025-02-23 18:04:11,862 - DEBUG -   Density of A: 18.96%
2025-02-23 18:04:11,862 - INFO - 
Running classical reference solver:
2025-02-23 18:04:11,873 - INFO -   Reference solution found:
2025-02-23 18:04:11,873 - INFO -     Solution: [0, 0, 1, 0, 1, 0, 0, 1, 0, 0, 0, 1]
2025-02-23 18:04:11,874 - INFO -     Value: 238.0
2025-02-23 18:04:11,874 - INFO - 
Starting quantum constraint generation with parameters:
2025-02-23 18:04:11,874 - INFO -   sample_size (total shots): 200
2025-02-23 18:04:11,874 - INFO -   tau: 0.1
2025-02-23 18:04:11,874 - INFO -   max_iters: 1000
2025-02-23 18:04:11,874 - INFO - 
Iteration 0:
2025-02-23 18:04:11,875 - DEBUG - Generated Ising Hamiltonian
2025-02-23 18:04:12,090 - DEBUG - Optimizing QAOA circuit...
2025-02-23 18:04:13,467 - DEBUG - Circuit optimization successful
2025-02-23 18:04:13,467 - DEBUG - Circuit optimization successful, final value: -293.94105894105894
2025-02-23 18:04:13,467 - DEBUG - Sampling from optimized circuit...
2025-02-23 18:04:13,482 - DEBUG - Generated 76 unique samples from 200 total measurements
2025-02-23 18:04:13,482 - DEBUG - 
Top 5 most frequent samples:
2025-02-23 18:04:13,482 - DEBUG -   Rank | Count |   %   
2025-02-23 18:04:13,483 - DEBUG -   -----|-------|-------
2025-02-23 18:04:13,483 - DEBUG -      1 |    16 |   8.0
2025-02-23 18:04:13,483 - DEBUG -     Sample: [1 1 0 1 1 0 1 1 1 1 1 1]
2025-02-23 18:04:13,483 - DEBUG -      2 |    14 |   7.0
2025-02-23 18:04:13,484 - DEBUG -     Sample: [1 1 0 1 1 0 1 0 1 1 1 1]
2025-02-23 18:04:13,484 - DEBUG -      3 |    10 |   5.0
2025-02-23 18:04:13,484 - DEBUG -     Sample: [1 1 0 1 1 1 1 0 1 1 1 1]
2025-02-23 18:04:13,485 - DEBUG -      4 |     8 |   4.0
2025-02-23 18:04:13,485 - DEBUG -     Sample: [1 1 0 1 1 1 1 0 1 1 1 0]
2025-02-23 18:04:13,485 - DEBUG -      5 |     8 |   4.0
2025-02-23 18:04:13,486 - DEBUG -     Sample: [1 1 0 1 1 1 1 1 1 1 1 1]
2025-02-23 18:04:13,486 - DEBUG - Generated 76 unique samples from 200 total measurements
2025-02-23 18:04:13,488 - INFO -   No feasible solution found in this iteration
2025-02-23 18:04:13,489 - INFO -   Added 2 new constraints: [16, 28]
2025-02-23 18:04:13,489 - INFO - 
Iteration 1:
2025-02-23 18:04:13,489 - DEBUG - Generated Ising Hamiltonian
2025-02-23 18:04:13,710 - DEBUG - Optimizing QAOA circuit...
2025-02-23 18:04:14,881 - DEBUG - Circuit optimization successful
2025-02-23 18:04:14,881 - DEBUG - Circuit optimization successful, final value: -119.82967032967086
2025-02-23 18:04:14,881 - DEBUG - Sampling from optimized circuit...
2025-02-23 18:04:14,900 - DEBUG - Generated 174 unique samples from 200 total measurements
2025-02-23 18:04:14,900 - DEBUG - 
Top 5 most frequent samples:
2025-02-23 18:04:14,900 - DEBUG -   Rank | Count |   %   
2025-02-23 18:04:14,900 - DEBUG -   -----|-------|-------
2025-02-23 18:04:14,900 - DEBUG -      1 |     4 |   2.0
2025-02-23 18:04:14,901 - DEBUG -     Sample: [1 1 1 0 0 0 1 1 1 1 0 1]
2025-02-23 18:04:14,901 - DEBUG -      2 |     4 |   2.0
2025-02-23 18:04:14,901 - DEBUG -     Sample: [1 1 1 0 0 0 1 1 1 0 0 1]
2025-02-23 18:04:14,901 - DEBUG -      3 |     3 |   1.5
2025-02-23 18:04:14,902 - DEBUG -     Sample: [0 1 1 0 0 0 1 1 0 0 0 1]
2025-02-23 18:04:14,902 - DEBUG -      4 |     2 |   1.0
2025-02-23 18:04:14,902 - DEBUG -     Sample: [0 1 1 1 0 0 1 0 1 1 0 0]
2025-02-23 18:04:14,902 - DEBUG -      5 |     2 |   1.0
2025-02-23 18:04:14,903 - DEBUG -     Sample: [1 0 1 1 0 0 1 1 1 0 0 1]
2025-02-23 18:04:14,904 - DEBUG - Generated 174 unique samples from 200 total measurements
2025-02-23 18:04:14,908 - INFO -   No feasible solution found in this iteration
2025-02-23 18:04:14,908 - INFO -   Added 3 new constraints: [14, 17, 38]
2025-02-23 18:04:14,908 - INFO - 
Iteration 2:
2025-02-23 18:04:14,909 - DEBUG - Generated Ising Hamiltonian
2025-02-23 18:04:15,149 - DEBUG - Optimizing QAOA circuit...
2025-02-23 18:04:16,385 - DEBUG - Circuit optimization successful
2025-02-23 18:04:16,385 - DEBUG - Circuit optimization successful, final value: 18391.801948051947
2025-02-23 18:04:16,385 - DEBUG - Sampling from optimized circuit...
2025-02-23 18:04:16,400 - DEBUG - Generated 181 unique samples from 200 total measurements
2025-02-23 18:04:16,400 - DEBUG - 
Top 5 most frequent samples:
2025-02-23 18:04:16,401 - DEBUG -   Rank | Count |   %   
2025-02-23 18:04:16,401 - DEBUG -   -----|-------|-------
2025-02-23 18:04:16,401 - DEBUG -      1 |     6 |   3.0
2025-02-23 18:04:16,401 - DEBUG -     Sample: [1 1 1 1 0 0 1 1 1 0 1 1]
2025-02-23 18:04:16,401 - DEBUG -      2 |     2 |   1.0
2025-02-23 18:04:16,401 - DEBUG -     Sample: [0 0 1 1 1 0 1 0 1 0 1 1]
2025-02-23 18:04:16,402 - DEBUG -      3 |     2 |   1.0
2025-02-23 18:04:16,402 - DEBUG -     Sample: [0 1 1 0 1 0 1 0 0 0 1 1]
2025-02-23 18:04:16,402 - DEBUG -      4 |     2 |   1.0
2025-02-23 18:04:16,403 - DEBUG -     Sample: [0 1 1 1 0 0 1 0 1 0 1 0]
2025-02-23 18:04:16,403 - DEBUG -      5 |     2 |   1.0
2025-02-23 18:04:16,403 - DEBUG -     Sample: [1 1 1 1 0 0 1 1 0 0 1 1]
2025-02-23 18:04:16,404 - DEBUG - Generated 181 unique samples from 200 total measurements
2025-02-23 18:04:16,408 - INFO -   No feasible solution found in this iteration
2025-02-23 18:04:16,409 - INFO -   Added 1 new constraints: [1]
2025-02-23 18:04:16,409 - INFO - 
Iteration 3:
2025-02-23 18:04:16,410 - DEBUG - Generated Ising Hamiltonian
2025-02-23 18:04:16,618 - DEBUG - Optimizing QAOA circuit...
2025-02-23 18:04:17,762 - DEBUG - Circuit optimization successful
2025-02-23 18:04:17,762 - DEBUG - Circuit optimization successful, final value: 5352.615884115885
2025-02-23 18:04:17,763 - DEBUG - Sampling from optimized circuit...
2025-02-23 18:04:17,779 - DEBUG - Generated 122 unique samples from 200 total measurements
2025-02-23 18:04:17,779 - DEBUG - 
Top 5 most frequent samples:
2025-02-23 18:04:17,779 - DEBUG -   Rank | Count |   %   
2025-02-23 18:04:17,780 - DEBUG -   -----|-------|-------
2025-02-23 18:04:17,780 - DEBUG -      1 |    10 |   5.0
2025-02-23 18:04:17,780 - DEBUG -     Sample: [0 0 0 1 0 1 1 0 0 1 0 1]
2025-02-23 18:04:17,780 - DEBUG -      2 |     9 |   4.5
2025-02-23 18:04:17,780 - DEBUG -     Sample: [1 0 0 1 0 1 1 0 0 1 0 1]
2025-02-23 18:04:17,781 - DEBUG -      3 |     6 |   3.0
2025-02-23 18:04:17,781 - DEBUG -     Sample: [1 0 0 1 0 1 1 1 0 1 0 1]
2025-02-23 18:04:17,781 - DEBUG -      4 |     5 |   2.5
2025-02-23 18:04:17,781 - DEBUG -     Sample: [0 0 0 1 0 1 1 0 0 1 1 1]
2025-02-23 18:04:17,781 - DEBUG -      5 |     5 |   2.5
2025-02-23 18:04:17,782 - DEBUG -     Sample: [0 0 0 0 0 1 1 0 0 1 0 1]
2025-02-23 18:04:17,782 - DEBUG - Generated 122 unique samples from 200 total measurements
2025-02-23 18:04:17,785 - INFO -   No feasible solution found in this iteration
2025-02-23 18:04:17,786 - INFO -   Added 1 new constraints: [30]
2025-02-23 18:04:17,786 - INFO - 
Iteration 4:
2025-02-23 18:04:17,786 - DEBUG - Generated Ising Hamiltonian
2025-02-23 18:04:17,998 - DEBUG - Optimizing QAOA circuit...
2025-02-23 18:04:19,470 - DEBUG - Circuit optimization successful
2025-02-23 18:04:19,470 - DEBUG - Circuit optimization successful, final value: 7571.561688311688
2025-02-23 18:04:19,470 - DEBUG - Sampling from optimized circuit...
2025-02-23 18:04:19,484 - DEBUG - Generated 105 unique samples from 200 total measurements
2025-02-23 18:04:19,485 - DEBUG - 
Top 5 most frequent samples:
2025-02-23 18:04:19,485 - DEBUG -   Rank | Count |   %   
2025-02-23 18:04:19,485 - DEBUG -   -----|-------|-------
2025-02-23 18:04:19,485 - DEBUG -      1 |    22 |  11.0
2025-02-23 18:04:19,485 - DEBUG -     Sample: [0 0 0 0 1 0 0 1 1 1 0 1]
2025-02-23 18:04:19,485 - DEBUG -      2 |    14 |   7.0
2025-02-23 18:04:19,485 - DEBUG -     Sample: [0 0 0 0 1 0 1 1 1 1 0 1]
2025-02-23 18:04:19,486 - DEBUG -      3 |     8 |   4.0
2025-02-23 18:04:19,486 - DEBUG -     Sample: [0 0 0 0 1 0 1 1 1 1 0 0]
2025-02-23 18:04:19,486 - DEBUG -      4 |     6 |   3.0
2025-02-23 18:04:19,486 - DEBUG -     Sample: [0 0 1 0 1 0 0 1 1 1 0 1]
2025-02-23 18:04:19,486 - DEBUG -      5 |     6 |   3.0
2025-02-23 18:04:19,487 - DEBUG -     Sample: [0 1 0 0 1 0 1 1 1 1 0 1]
2025-02-23 18:04:19,487 - DEBUG - Generated 105 unique samples from 200 total measurements
2025-02-23 18:04:19,489 - INFO -   No feasible solution found in this iteration
2025-02-23 18:04:19,490 - INFO -   No new constraints added, lowered tau multiplier: 1.0 -> 0.9
2025-02-23 18:04:19,490 - INFO -   No new constraints added, lowered tau multiplier: 0.9 -> 0.8
2025-02-23 18:04:19,490 - INFO -   Added 1 new constraints: [37]
2025-02-23 18:04:19,490 - INFO - 
Iteration 5:
2025-02-23 18:04:19,491 - DEBUG - Generated Ising Hamiltonian
2025-02-23 18:04:19,711 - DEBUG - Optimizing QAOA circuit...
2025-02-23 18:04:21,019 - DEBUG - Circuit optimization successful
2025-02-23 18:04:21,019 - DEBUG - Circuit optimization successful, final value: 6890.154845154843
2025-02-23 18:04:21,019 - DEBUG - Sampling from optimized circuit...
2025-02-23 18:04:21,033 - DEBUG - Generated 138 unique samples from 200 total measurements
2025-02-23 18:04:21,033 - DEBUG - 
Top 5 most frequent samples:
2025-02-23 18:04:21,033 - DEBUG -   Rank | Count |   %   
2025-02-23 18:04:21,034 - DEBUG -   -----|-------|-------
2025-02-23 18:04:21,034 - DEBUG -      1 |     9 |   4.5
2025-02-23 18:04:21,034 - DEBUG -     Sample: [0 0 1 1 0 0 1 0 1 1 1 0]
2025-02-23 18:04:21,034 - DEBUG -      2 |     7 |   3.5
2025-02-23 18:04:21,034 - DEBUG -     Sample: [0 0 0 1 0 0 1 0 1 1 1 0]
2025-02-23 18:04:21,034 - DEBUG -      3 |     5 |   2.5
2025-02-23 18:04:21,035 - DEBUG -     Sample: [0 0 1 1 0 1 1 0 1 1 1 0]
2025-02-23 18:04:21,035 - DEBUG -      4 |     5 |   2.5
2025-02-23 18:04:21,035 - DEBUG -     Sample: [0 0 0 1 0 0 1 0 0 1 1 0]
2025-02-23 18:04:21,035 - DEBUG -      5 |     4 |   2.0
2025-02-23 18:04:21,035 - DEBUG -     Sample: [0 0 1 1 0 0 1 0 0 1 1 0]
2025-02-23 18:04:21,036 - DEBUG - Generated 138 unique samples from 200 total measurements
2025-02-23 18:04:21,038 - INFO -   No feasible solution found in this iteration
2025-02-23 18:04:21,039 - INFO -   No new constraints added, lowered tau multiplier: 1.0 -> 0.9
2025-02-23 18:04:21,039 - INFO -   No new constraints added, lowered tau multiplier: 0.9 -> 0.8
2025-02-23 18:04:21,039 - INFO -   Added 8 new constraints: [3, 5, 18, 19, 24, 25, 33, 35]
2025-02-23 18:04:21,039 - INFO - 
Iteration 6:
2025-02-23 18:04:21,040 - DEBUG - Generated Ising Hamiltonian
2025-02-23 18:04:21,236 - DEBUG - Optimizing QAOA circuit...
2025-02-23 18:04:22,535 - DEBUG - Circuit optimization successful
2025-02-23 18:04:22,535 - DEBUG - Circuit optimization successful, final value: -3539.1923076923053
2025-02-23 18:04:22,535 - DEBUG - Sampling from optimized circuit...
2025-02-23 18:04:22,551 - DEBUG - Generated 133 unique samples from 200 total measurements
2025-02-23 18:04:22,551 - DEBUG - 
Top 5 most frequent samples:
2025-02-23 18:04:22,552 - DEBUG -   Rank | Count |   %   
2025-02-23 18:04:22,552 - DEBUG -   -----|-------|-------
2025-02-23 18:04:22,552 - DEBUG -      1 |     8 |   4.0
2025-02-23 18:04:22,552 - DEBUG -     Sample: [1 0 1 0 0 1 1 0 0 0 1 1]
2025-02-23 18:04:22,552 - DEBUG -      2 |     7 |   3.5
2025-02-23 18:04:22,552 - DEBUG -     Sample: [1 0 1 0 0 1 1 0 0 0 1 0]
2025-02-23 18:04:22,553 - DEBUG -      3 |     6 |   3.0
2025-02-23 18:04:22,553 - DEBUG -     Sample: [1 0 1 0 0 1 1 0 0 0 0 1]
2025-02-23 18:04:22,553 - DEBUG -      4 |     5 |   2.5
2025-02-23 18:04:22,553 - DEBUG -     Sample: [1 0 1 0 1 1 1 0 0 0 1 1]
2025-02-23 18:04:22,553 - DEBUG -      5 |     5 |   2.5
2025-02-23 18:04:22,554 - DEBUG -     Sample: [1 0 1 0 1 1 1 0 0 0 0 1]
2025-02-23 18:04:22,554 - DEBUG - Generated 133 unique samples from 200 total measurements
2025-02-23 18:04:22,558 - INFO -   No feasible solution found in this iteration
2025-02-23 18:04:22,558 - INFO -   No new constraints added, lowered tau multiplier: 1.0 -> 0.9
2025-02-23 18:04:22,559 - INFO -   No new constraints added, lowered tau multiplier: 0.9 -> 0.8
2025-02-23 18:04:22,559 - INFO -   No new constraints added, lowered tau multiplier: 0.8 -> 0.7
2025-02-23 18:04:22,559 - INFO -   Added 4 new constraints: [4, 21, 32, 34]
2025-02-23 18:04:22,559 - INFO - 
Iteration 7:
2025-02-23 18:04:22,560 - DEBUG - Generated Ising Hamiltonian
2025-02-23 18:04:22,768 - DEBUG - Optimizing QAOA circuit...
2025-02-23 18:04:24,167 - DEBUG - Circuit optimization successful
2025-02-23 18:04:24,168 - DEBUG - Circuit optimization successful, final value: 190.87562437562474
2025-02-23 18:04:24,168 - DEBUG - Sampling from optimized circuit...
2025-02-23 18:04:24,237 - DEBUG - Generated 176 unique samples from 200 total measurements
2025-02-23 18:04:24,237 - DEBUG - 
Top 5 most frequent samples:
2025-02-23 18:04:24,237 - DEBUG -   Rank | Count |   %   
2025-02-23 18:04:24,237 - DEBUG -   -----|-------|-------
2025-02-23 18:04:24,237 - DEBUG -      1 |     4 |   2.0
2025-02-23 18:04:24,238 - DEBUG -     Sample: [0 0 1 0 0 1 1 1 0 0 1 0]
2025-02-23 18:04:24,238 - DEBUG -      2 |     3 |   1.5
2025-02-23 18:04:24,238 - DEBUG -     Sample: [1 1 0 1 1 0 0 1 1 0 1 1]
2025-02-23 18:04:24,238 - DEBUG -      3 |     3 |   1.5
2025-02-23 18:04:24,239 - DEBUG -     Sample: [0 1 0 0 0 0 1 0 0 0 0 0]
2025-02-23 18:04:24,239 - DEBUG -      4 |     3 |   1.5
2025-02-23 18:04:24,239 - DEBUG -     Sample: [0 0 0 1 1 1 0 1 0 0 0 0]
2025-02-23 18:04:24,239 - DEBUG -      5 |     3 |   1.5
2025-02-23 18:04:24,239 - DEBUG -     Sample: [0 0 0 1 1 1 0 0 0 0 0 0]
2025-02-23 18:04:24,240 - DEBUG - Generated 176 unique samples from 200 total measurements
2025-02-23 18:04:24,244 - INFO -   No feasible solution found in this iteration
2025-02-23 18:04:24,245 - INFO -   No new constraints added, lowered tau multiplier: 1.0 -> 0.9
2025-02-23 18:04:24,245 - INFO -   No new constraints added, lowered tau multiplier: 0.9 -> 0.8
2025-02-23 18:04:24,245 - INFO -   Added 3 new constraints: [9, 10, 39]
2025-02-23 18:04:24,246 - INFO - 
Iteration 8:
2025-02-23 18:04:24,246 - DEBUG - Generated Ising Hamiltonian
2025-02-23 18:04:24,451 - DEBUG - Optimizing QAOA circuit...
2025-02-23 18:04:26,361 - DEBUG - Circuit optimization successful
2025-02-23 18:04:26,362 - DEBUG - Circuit optimization successful, final value: 26840.060189810185
2025-02-23 18:04:26,362 - DEBUG - Sampling from optimized circuit...
2025-02-23 18:04:26,377 - DEBUG - Generated 163 unique samples from 200 total measurements
2025-02-23 18:04:26,377 - DEBUG - 
Top 5 most frequent samples:
2025-02-23 18:04:26,377 - DEBUG -   Rank | Count |   %   
2025-02-23 18:04:26,377 - DEBUG -   -----|-------|-------
2025-02-23 18:04:26,377 - DEBUG -      1 |     6 |   3.0
2025-02-23 18:04:26,378 - DEBUG -     Sample: [1 0 1 0 1 1 1 1 1 1 1 0]
2025-02-23 18:04:26,378 - DEBUG -      2 |     5 |   2.5
2025-02-23 18:04:26,378 - DEBUG -     Sample: [1 0 0 0 1 1 1 1 1 0 1 0]
2025-02-23 18:04:26,378 - DEBUG -      3 |     4 |   2.0
2025-02-23 18:04:26,378 - DEBUG -     Sample: [1 0 1 0 1 1 0 1 1 0 0 0]
2025-02-23 18:04:26,378 - DEBUG -      4 |     4 |   2.0
2025-02-23 18:04:26,379 - DEBUG -     Sample: [1 0 1 0 0 1 0 1 1 0 0 0]
2025-02-23 18:04:26,379 - DEBUG -      5 |     3 |   1.5
2025-02-23 18:04:26,379 - DEBUG -     Sample: [1 0 0 1 1 1 1 1 1 0 1 0]
2025-02-23 18:04:26,379 - DEBUG - Generated 163 unique samples from 200 total measurements
2025-02-23 18:04:26,382 - INFO -   No feasible solution found in this iteration
2025-02-23 18:04:26,383 - INFO -   No new constraints added, lowered tau multiplier: 1.0 -> 0.9
2025-02-23 18:04:26,383 - INFO -   Added 3 new constraints: [6, 15, 27]
2025-02-23 18:04:26,383 - INFO - 
Iteration 9:
2025-02-23 18:04:26,384 - DEBUG - Generated Ising Hamiltonian
2025-02-23 18:04:26,569 - DEBUG - Optimizing QAOA circuit...
2025-02-23 18:04:28,479 - DEBUG - Circuit optimization successful
2025-02-23 18:04:28,480 - DEBUG - Circuit optimization successful, final value: 108.55644355644472
2025-02-23 18:04:28,481 - DEBUG - Sampling from optimized circuit...
2025-02-23 18:04:28,500 - DEBUG - Generated 197 unique samples from 200 total measurements
2025-02-23 18:04:28,501 - DEBUG - 
Top 5 most frequent samples:
2025-02-23 18:04:28,501 - DEBUG -   Rank | Count |   %   
2025-02-23 18:04:28,501 - DEBUG -   -----|-------|-------
2025-02-23 18:04:28,501 - DEBUG -      1 |     2 |   1.0
2025-02-23 18:04:28,501 - DEBUG -     Sample: [1 1 0 1 1 1 1 0 0 1 1 0]
2025-02-23 18:04:28,501 - DEBUG -      2 |     2 |   1.0
2025-02-23 18:04:28,502 - DEBUG -     Sample: [1 0 0 1 1 0 0 1 1 0 1 0]
2025-02-23 18:04:28,502 - DEBUG -      3 |     2 |   1.0
2025-02-23 18:04:28,502 - DEBUG -     Sample: [0 1 1 0 0 0 1 0 0 1 0 0]
2025-02-23 18:04:28,502 - DEBUG -      4 |     1 |   0.5
2025-02-23 18:04:28,502 - DEBUG -     Sample: [0 0 1 0 0 1 1 0 0 1 1 1]
2025-02-23 18:04:28,503 - DEBUG -      5 |     1 |   0.5
2025-02-23 18:04:28,503 - DEBUG -     Sample: [0 0 0 0 0 0 1 1 0 0 1 0]
2025-02-23 18:04:28,504 - DEBUG - Generated 197 unique samples from 200 total measurements
2025-02-23 18:04:28,508 - INFO -   No feasible solution found in this iteration
2025-02-23 18:04:28,509 - INFO -   No new constraints added, lowered tau multiplier: 1.0 -> 0.9
2025-02-23 18:04:28,509 - INFO -   No new constraints added, lowered tau multiplier: 0.9 -> 0.8
2025-02-23 18:04:28,509 - INFO -   No new constraints added, lowered tau multiplier: 0.8 -> 0.7
2025-02-23 18:04:28,509 - INFO -   Added 3 new constraints: [23, 29, 31]
2025-02-23 18:04:28,510 - INFO - 
Iteration 10:
2025-02-23 18:04:28,510 - DEBUG - Generated Ising Hamiltonian
2025-02-23 18:04:28,740 - DEBUG - Optimizing QAOA circuit...
2025-02-23 18:04:30,314 - DEBUG - Circuit optimization successful
2025-02-23 18:04:30,314 - DEBUG - Circuit optimization successful, final value: 51253.50574425575
2025-02-23 18:04:30,314 - DEBUG - Sampling from optimized circuit...
2025-02-23 18:04:30,333 - DEBUG - Generated 130 unique samples from 200 total measurements
2025-02-23 18:04:30,333 - DEBUG - 
Top 5 most frequent samples:
2025-02-23 18:04:30,333 - DEBUG -   Rank | Count |   %   
2025-02-23 18:04:30,334 - DEBUG -   -----|-------|-------
2025-02-23 18:04:30,334 - DEBUG -      1 |    11 |   5.5
2025-02-23 18:04:30,334 - DEBUG -     Sample: [1 1 1 1 0 1 1 1 1 0 1 0]
2025-02-23 18:04:30,334 - DEBUG -      2 |    11 |   5.5
2025-02-23 18:04:30,335 - DEBUG -     Sample: [1 1 1 1 0 0 1 1 1 0 1 0]
2025-02-23 18:04:30,335 - DEBUG -      3 |    10 |   5.0
2025-02-23 18:04:30,335 - DEBUG -     Sample: [1 0 1 1 0 0 1 1 1 0 1 1]
2025-02-23 18:04:30,335 - DEBUG -      4 |     6 |   3.0
2025-02-23 18:04:30,335 - DEBUG -     Sample: [1 1 1 1 0 0 1 1 1 0 1 1]
2025-02-23 18:04:30,336 - DEBUG -      5 |     4 |   2.0
2025-02-23 18:04:30,336 - DEBUG -     Sample: [1 0 1 1 0 0 1 1 1 0 1 0]
2025-02-23 18:04:30,338 - DEBUG - Generated 130 unique samples from 200 total measurements
2025-02-23 18:04:30,341 - INFO -   No feasible solution found in this iteration
2025-02-23 18:04:30,341 - INFO -   No new constraints added, lowered tau multiplier: 1.0 -> 0.9
2025-02-23 18:04:30,342 - INFO -   No new constraints added, lowered tau multiplier: 0.9 -> 0.8
2025-02-23 18:04:30,342 - INFO -   No new constraints added, lowered tau multiplier: 0.8 -> 0.7
2025-02-23 18:04:30,342 - INFO -   No new constraints added, lowered tau multiplier: 0.7 -> 0.6
2025-02-23 18:04:30,342 - INFO -   Added 2 new constraints: [12, 20]
2025-02-23 18:04:30,342 - INFO - 
Iteration 11:
2025-02-23 18:04:30,343 - DEBUG - Generated Ising Hamiltonian
2025-02-23 18:04:30,576 - DEBUG - Optimizing QAOA circuit...
2025-02-23 18:04:32,240 - DEBUG - Circuit optimization successful
2025-02-23 18:04:32,240 - DEBUG - Circuit optimization successful, final value: 39217.53371628372
2025-02-23 18:04:32,240 - DEBUG - Sampling from optimized circuit...
2025-02-23 18:04:32,259 - DEBUG - Generated 170 unique samples from 200 total measurements
2025-02-23 18:04:32,259 - DEBUG - 
Top 5 most frequent samples:
2025-02-23 18:04:32,259 - DEBUG -   Rank | Count |   %   
2025-02-23 18:04:32,259 - DEBUG -   -----|-------|-------
2025-02-23 18:04:32,259 - DEBUG -      1 |     4 |   2.0
2025-02-23 18:04:32,259 - DEBUG -     Sample: [1 0 1 0 1 1 1 0 1 1 1 0]
2025-02-23 18:04:32,260 - DEBUG -      2 |     3 |   1.5
2025-02-23 18:04:32,260 - DEBUG -     Sample: [0 0 1 0 0 1 1 0 1 0 1 1]
2025-02-23 18:04:32,260 - DEBUG -      3 |     3 |   1.5
2025-02-23 18:04:32,260 - DEBUG -     Sample: [0 0 1 0 1 1 1 0 0 0 1 1]
2025-02-23 18:04:32,260 - DEBUG -      4 |     3 |   1.5
2025-02-23 18:04:32,260 - DEBUG -     Sample: [0 0 1 0 1 1 1 0 1 1 1 0]
2025-02-23 18:04:32,261 - DEBUG -      5 |     3 |   1.5
2025-02-23 18:04:32,261 - DEBUG -     Sample: [1 0 1 0 1 0 1 1 0 0 1 1]
2025-02-23 18:04:32,261 - DEBUG - Generated 170 unique samples from 200 total measurements
2025-02-23 18:04:32,265 - INFO -   No feasible solution found in this iteration
2025-02-23 18:04:32,266 - INFO -   No new constraints added, lowered tau multiplier: 1.0 -> 0.9
2025-02-23 18:04:32,266 - INFO -   No new constraints added, lowered tau multiplier: 0.9 -> 0.8
2025-02-23 18:04:32,266 - INFO -   No new constraints added, lowered tau multiplier: 0.8 -> 0.7
2025-02-23 18:04:32,266 - INFO -   No new constraints added, lowered tau multiplier: 0.7 -> 0.6
2025-02-23 18:04:32,267 - INFO -   Added 2 new constraints: [11, 22]
2025-02-23 18:04:32,267 - INFO - 
Iteration 12:
2025-02-23 18:04:32,267 - DEBUG - Generated Ising Hamiltonian
2025-02-23 18:04:32,501 - DEBUG - Optimizing QAOA circuit...
2025-02-23 18:04:34,654 - DEBUG - Circuit optimization successful
2025-02-23 18:04:34,654 - DEBUG - Circuit optimization successful, final value: -716.8678821178814
2025-02-23 18:04:34,654 - DEBUG - Sampling from optimized circuit...
2025-02-23 18:04:34,672 - DEBUG - Generated 182 unique samples from 200 total measurements
2025-02-23 18:04:34,672 - DEBUG - 
Top 5 most frequent samples:
2025-02-23 18:04:34,673 - DEBUG -   Rank | Count |   %   
2025-02-23 18:04:34,673 - DEBUG -   -----|-------|-------
2025-02-23 18:04:34,673 - DEBUG -      1 |     2 |   1.0
2025-02-23 18:04:34,673 - DEBUG -     Sample: [0 1 0 0 0 0 1 1 1 0 0 0]
2025-02-23 18:04:34,673 - DEBUG -      2 |     2 |   1.0
2025-02-23 18:04:34,674 - DEBUG -     Sample: [0 0 1 1 0 0 1 0 0 0 1 0]
2025-02-23 18:04:34,674 - DEBUG -      3 |     2 |   1.0
2025-02-23 18:04:34,674 - DEBUG -     Sample: [0 1 1 1 1 0 1 1 0 0 1 0]
2025-02-23 18:04:34,674 - DEBUG -      4 |     2 |   1.0
2025-02-23 18:04:34,674 - DEBUG -     Sample: [0 0 0 0 1 0 1 0 1 0 1 0]
2025-02-23 18:04:34,675 - DEBUG -      5 |     2 |   1.0
2025-02-23 18:04:34,675 - DEBUG -     Sample: [0 0 0 0 0 0 0 1 0 0 0 1]
2025-02-23 18:04:34,676 - DEBUG - Generated 182 unique samples from 200 total measurements
2025-02-23 18:04:34,679 - INFO -   No feasible solution found in this iteration
2025-02-23 18:04:34,680 - INFO -   No new constraints added, lowered tau multiplier: 1.0 -> 0.9
2025-02-23 18:04:34,680 - INFO -   No new constraints added, lowered tau multiplier: 0.9 -> 0.8
2025-02-23 18:04:34,681 - INFO -   No new constraints added, lowered tau multiplier: 0.8 -> 0.7
2025-02-23 18:04:34,681 - INFO -   No new constraints added, lowered tau multiplier: 0.7 -> 0.6
2025-02-23 18:04:34,681 - INFO -   Added 2 new constraints: [7, 36]
2025-02-23 18:04:34,681 - INFO - 
Iteration 13:
2025-02-23 18:04:34,681 - DEBUG - Generated Ising Hamiltonian
2025-02-23 18:04:34,912 - DEBUG - Optimizing QAOA circuit...
2025-02-23 18:04:36,909 - DEBUG - Circuit optimization successful
2025-02-23 18:04:36,909 - DEBUG - Circuit optimization successful, final value: -27371.80644355645
2025-02-23 18:04:36,909 - DEBUG - Sampling from optimized circuit...
2025-02-23 18:04:36,928 - DEBUG - Generated 189 unique samples from 200 total measurements
2025-02-23 18:04:36,929 - DEBUG - 
Top 5 most frequent samples:
2025-02-23 18:04:36,929 - DEBUG -   Rank | Count |   %   
2025-02-23 18:04:36,929 - DEBUG -   -----|-------|-------
2025-02-23 18:04:36,929 - DEBUG -      1 |     2 |   1.0
2025-02-23 18:04:36,929 - DEBUG -     Sample: [1 0 1 1 0 1 1 0 1 1 1 1]
2025-02-23 18:04:36,930 - DEBUG -      2 |     2 |   1.0
2025-02-23 18:04:36,930 - DEBUG -     Sample: [0 0 1 1 0 0 1 1 0 1 1 0]
2025-02-23 18:04:36,930 - DEBUG -      3 |     2 |   1.0
2025-02-23 18:04:36,931 - DEBUG -     Sample: [1 0 0 1 0 0 1 1 1 1 0 1]
2025-02-23 18:04:36,931 - DEBUG -      4 |     2 |   1.0
2025-02-23 18:04:36,931 - DEBUG -     Sample: [1 0 1 1 1 0 0 0 0 0 1 0]
2025-02-23 18:04:36,931 - DEBUG -      5 |     2 |   1.0
2025-02-23 18:04:36,931 - DEBUG -     Sample: [1 1 1 0 0 0 1 0 0 0 1 0]
2025-02-23 18:04:36,932 - DEBUG - Generated 189 unique samples from 200 total measurements
2025-02-23 18:04:36,936 - INFO -   No feasible solution found in this iteration
2025-02-23 18:04:36,936 - INFO -   No new constraints added, lowered tau multiplier: 1.0 -> 0.9
2025-02-23 18:04:36,937 - INFO -   No new constraints added, lowered tau multiplier: 0.9 -> 0.8
2025-02-23 18:04:36,937 - INFO -   No new constraints added, lowered tau multiplier: 0.8 -> 0.7
2025-02-23 18:04:36,938 - INFO -   Added 5 new constraints: [0, 2, 8, 13, 26]
2025-02-23 18:04:36,938 - INFO - 
Iteration 14:
2025-02-23 18:04:36,938 - DEBUG - Generated Ising Hamiltonian
2025-02-23 18:04:37,168 - DEBUG - Optimizing QAOA circuit...
2025-02-23 18:04:38,999 - DEBUG - Circuit optimization successful
2025-02-23 18:04:38,999 - DEBUG - Circuit optimization successful, final value: 49350.86163836164
2025-02-23 18:04:39,000 - DEBUG - Sampling from optimized circuit...
2025-02-23 18:04:39,018 - DEBUG - Generated 166 unique samples from 200 total measurements
2025-02-23 18:04:39,018 - DEBUG - 
Top 5 most frequent samples:
2025-02-23 18:04:39,018 - DEBUG -   Rank | Count |   %   
2025-02-23 18:04:39,019 - DEBUG -   -----|-------|-------
2025-02-23 18:04:39,019 - DEBUG -      1 |     4 |   2.0
2025-02-23 18:04:39,019 - DEBUG -     Sample: [0 0 0 0 1 1 1 0 1 0 1 1]
2025-02-23 18:04:39,019 - DEBUG -      2 |     4 |   2.0
2025-02-23 18:04:39,020 - DEBUG -     Sample: [0 1 0 0 1 1 1 0 1 0 1 1]
2025-02-23 18:04:39,020 - DEBUG -      3 |     3 |   1.5
2025-02-23 18:04:39,020 - DEBUG -     Sample: [1 0 0 0 1 1 1 0 1 0 1 1]
2025-02-23 18:04:39,020 - DEBUG -      4 |     2 |   1.0
2025-02-23 18:04:39,020 - DEBUG -     Sample: [1 0 0 0 0 1 1 1 1 0 1 1]
2025-02-23 18:04:39,021 - DEBUG -      5 |     2 |   1.0
2025-02-23 18:04:39,021 - DEBUG -     Sample: [1 1 0 0 1 1 1 0 0 0 1 1]
2025-02-23 18:04:39,021 - DEBUG - Generated 166 unique samples from 200 total measurements
2025-02-23 18:04:39,024 - INFO -   No feasible solution found in this iteration
2025-02-23 18:04:39,025 - INFO -   All constraints added, exiting
2025-02-23 18:04:39,025 - INFO -   Constraint generation found no feasible solution
2025-02-23 18:04:39,025 - INFO - 
Instance 52 results:
2025-02-23 18:04:39,026 - INFO -   Classical value: 238.0
2025-02-23 18:04:39,026 - INFO -   QAOA value: 0.0
2025-02-23 18:04:39,026 - INFO -   Constraint generation value: 0.0
2025-02-23 18:04:39,026 - INFO - 
Running instance 53/100
2025-02-23 18:04:39,029 - INFO - 
Running Classical Reference Solver (SCIP):
2025-02-23 18:04:39,030 - DEBUG - Problem dimensions: 40 constraints, 12 variables
2025-02-23 18:04:39,030 - DEBUG - Row names: ['ELEM1', 'ELEM2', 'ELEM3', 'ELEM4', 'ELEM5', 'ELEM6', 'ELEM7', 'ELEM8', 'ELEM9', 'ELEM10', 'ELEM11', 'ELEM12', 'ELEM13', 'ELEM14', 'ELEM15', 'ELEM16', 'ELEM17', 'ELEM18', 'ELEM19', 'ELEM20', 'ELEM21', 'ELEM22', 'ELEM23', 'ELEM24', 'ELEM25', 'ELEM26', 'ELEM27', 'ELEM28', 'ELEM29', 'ELEM30', 'ELEM31', 'ELEM32', 'ELEM33', 'ELEM34', 'ELEM35', 'ELEM36', 'ELEM37', 'ELEM38', 'ELEM39', 'ELEM40']
2025-02-23 18:04:39,030 - DEBUG - RHS values: {'ELEM1': 1.0, 'ELEM2': 1.0, 'ELEM3': 1.0, 'ELEM4': 1.0, 'ELEM5': 1.0, 'ELEM6': 1.0, 'ELEM7': 1.0, 'ELEM8': 1.0, 'ELEM9': 1.0, 'ELEM10': 1.0, 'ELEM11': 1.0, 'ELEM12': 1.0, 'ELEM13': 1.0, 'ELEM14': 1.0, 'ELEM15': 1.0, 'ELEM16': 1.0, 'ELEM17': 1.0, 'ELEM18': 1.0, 'ELEM19': 1.0, 'ELEM20': 1.0, 'ELEM21': 1.0, 'ELEM22': 1.0, 'ELEM23': 1.0, 'ELEM24': 1.0, 'ELEM25': 1.0, 'ELEM26': 1.0, 'ELEM27': 1.0, 'ELEM28': 1.0, 'ELEM29': 1.0, 'ELEM30': 1.0, 'ELEM31': 1.0, 'ELEM32': 1.0, 'ELEM33': 1.0, 'ELEM34': 1.0, 'ELEM35': 1.0, 'ELEM36': 1.0, 'ELEM37': 1.0, 'ELEM38': 1.0, 'ELEM39': 1.0, 'ELEM40': 1.0}
2025-02-23 18:04:39,042 - INFO -   Reference solution found:
2025-02-23 18:04:39,043 - INFO -     Solution: [0, 1, 1, 0, 0, 0, 0, 0, 1, 0, 1, 0]
2025-02-23 18:04:39,043 - INFO -     Value: 170.0
2025-02-23 18:04:39,043 - INFO - 
Running QAOA Reference Solution (with all constraints):
