
Problem information:
  Number of variables (n): 12
  Number of constraints (m): 40

Starting reference QAOA with parameters:
  sample_size (total shots): 200
Added all constraints
No feasible solution found
  QAOA solver found no feasible solution

Running Constraint Generation:

Problem information:
  Number of variables (n): 12
  Number of constraints (m): 40

Running classical reference solver:
  Reference solution found:
    Solution: [1, 1, 0, 1, 0, 0, 0, 1, 0, 0, 0, 1]
    Value: 192.0

Starting quantum constraint generation with parameters:
  sample_size (total shots): 200
  tau: 0.1
  max_iters: 1000

Iteration 0:
  No feasible solution found in this iteration
  Added 1 new constraints: [37]

Iteration 1:
  No feasible solution found in this iteration
  Added 1 new constraints: [0]

Iteration 2:
  No feasible solution found in this iteration
  Added 1 new constraints: [26]

Iteration 3:
  No feasible solution found in this iteration
  Added 1 new constraints: [38]

Iteration 4:
  No feasible solution found in this iteration
  Added 1 new constraints: [5]

Iteration 5:
  No feasible solution found in this iteration
  No new constraints added, lowered tau multiplier: 1.0 -> 0.9
  Added 3 new constraints: [10, 13, 25]

Iteration 6:
  No feasible solution found in this iteration
  Added 1 new constraints: [3]

Iteration 7:
  No feasible solution found in this iteration
  Added 1 new constraints: [11]

Iteration 8:
  No feasible solution found in this iteration
  No new constraints added, lowered tau multiplier: 1.0 -> 0.9
  Added 1 new constraints: [9]

Iteration 9:
  No feasible solution found in this iteration
  No new constraints added, lowered tau multiplier: 1.0 -> 0.9
  Added 1 new constraints: [19]

Iteration 10:
  No feasible solution found in this iteration
  No new constraints added, lowered tau multiplier: 1.0 -> 0.9
  No new constraints added, lowered tau multiplier: 0.9 -> 0.8
  No new constraints added, lowered tau multiplier: 0.8 -> 0.7
  Added 11 new constraints: [1, 2, 8, 15, 16, 22, 24, 28, 30, 32, 39]

Iteration 11:
  No feasible solution found in this iteration
  Added 2 new constraints: [21, 31]

Iteration 12:
  No feasible solution found in this iteration
  No new constraints added, lowered tau multiplier: 1.0 -> 0.9
  Added 1 new constraints: [36]

Iteration 13:
  No feasible solution found in this iteration
  No new constraints added, lowered tau multiplier: 1.0 -> 0.9
  No new constraints added, lowered tau multiplier: 0.9 -> 0.8
  No new constraints added, lowered tau multiplier: 0.8 -> 0.7
  No new constraints added, lowered tau multiplier: 0.7 -> 0.6
  Added 13 new constraints: [4, 6, 7, 12, 14, 17, 18, 20, 23, 27, 29, 34, 35]

Iteration 14:
  No feasible solution found in this iteration
  No new constraints added, lowered tau multiplier: 1.0 -> 0.9
  No new constraints added, lowered tau multiplier: 0.9 -> 0.8
  No new constraints added, lowered tau multiplier: 0.8 -> 0.7
  Added 1 new constraints: [33]

Iteration 15:
  No feasible solution found in this iteration
  All constraints added, exiting
  Constraint generation found no feasible solution

Instance 97 results:
  Classical value: 192.0
  QAOA value: 0.0
  Constraint generation value: 0.0

Running instance 98/100

Running Classical Reference Solver (SCIP):
  Reference solution found:
    Solution: [0, 0, 0, 0, 0, 1, 1, 1, 0, 0, 0, 0]
    Value: 115.0

Running QAOA Reference Solution (with all constraints):
