2025-02-24 15:35:47,143 - INFO - 
Problem information:
2025-02-24 15:35:47,144 - INFO -   Number of variables (n): 12
2025-02-24 15:35:47,144 - INFO -   Number of constraints (m): 40
2025-02-24 15:35:47,144 - DEBUG -   Density of A: 16.67%
2025-02-24 15:35:47,145 - INFO - 
Starting reference QAOA with parameters:
2025-02-24 15:35:47,145 - INFO -   sample_size (total shots): 1000
2025-02-24 15:35:47,145 - INFO - Added all constraints
2025-02-24 15:35:47,145 - DEBUG - Generated Ising Hamiltonian
2025-02-24 15:35:47,414 - DEBUG - Optimizing QAOA circuit...
2025-02-24 15:35:50,933 - DEBUG - Circuit optimization successful
2025-02-24 15:35:50,933 - DEBUG - Circuit optimization successful, final value: 27579.104395604387
2025-02-24 15:35:50,933 - DEBUG - Sampling from optimized circuit...
2025-02-24 15:35:50,966 - DEBUG - Generated 290 unique samples from 1000 total measurements
2025-02-24 15:35:50,966 - DEBUG - 
Top 5 most frequent samples:
2025-02-24 15:35:50,966 - DEBUG -   Rank | Count |   %   
2025-02-24 15:35:50,966 - DEBUG -   -----|-------|-------
2025-02-24 15:35:50,967 - DEBUG -      1 |    69 |   6.9
2025-02-24 15:35:50,967 - DEBUG -     Sample: [1 1 0 1 1 1 1 1 1 1 0 0]
2025-02-24 15:35:50,967 - DEBUG -      2 |    59 |   5.9
2025-02-24 15:35:50,968 - DEBUG -     Sample: [1 1 0 1 0 1 1 1 1 1 0 0]
2025-02-24 15:35:50,968 - DEBUG -      3 |    40 |   4.0
2025-02-24 15:35:50,968 - DEBUG -     Sample: [0 1 0 1 0 1 1 1 1 1 0 0]
2025-02-24 15:35:50,968 - DEBUG -      4 |    31 |   3.1
2025-02-24 15:35:50,969 - DEBUG -     Sample: [0 1 0 1 1 1 1 1 1 1 0 0]
2025-02-24 15:35:50,969 - DEBUG -      5 |    29 |   2.9
2025-02-24 15:35:50,969 - DEBUG -     Sample: [1 1 0 0 1 1 1 1 1 1 0 0]
2025-02-24 15:35:50,970 - DEBUG - Generated 290 unique samples from 1000 total measurements
2025-02-24 15:35:50,971 - INFO - Found feasible solution: [1 1 1 1 1 0 1 1 1 0 0 0] with objective value 423.0
2025-02-24 15:35:50,976 - INFO - Found feasible solution:
2025-02-24 15:35:50,976 - INFO -   Solution: [1, 1, 1, 1, 1, 0, 1, 1, 1, 0, 0, 0]
2025-02-24 15:35:50,976 - INFO -   Value: 423.0
2025-02-24 15:35:50,977 - INFO -   QAOA solution found:
2025-02-24 15:35:50,977 - INFO -     Solution: [1, 1, 1, 1, 1, 0, 1, 1, 1, 0, 0, 0]
2025-02-24 15:35:50,977 - INFO -     Value: 423.0
2025-02-24 15:35:50,977 - INFO - 
Running Constraint Generation:
2025-02-24 15:35:50,978 - INFO - 
Problem information:
2025-02-24 15:35:50,979 - INFO -   Number of variables (n): 12
2025-02-24 15:35:50,979 - INFO -   Number of constraints (m): 40
2025-02-24 15:35:50,979 - DEBUG -   Density of A: 16.67%
2025-02-24 15:35:50,979 - INFO - 
Running classical reference solver:
2025-02-24 15:35:50,990 - INFO -   Reference solution found:
2025-02-24 15:35:50,990 - INFO -     Solution: [0, 0, 0, 0, 0, 1, 0, 0, 0, 1, 1, 1]
2025-02-24 15:35:50,990 - INFO -     Value: 234.0
2025-02-24 15:35:50,990 - INFO - 
Starting quantum constraint generation with parameters:
2025-02-24 15:35:50,990 - INFO -   sample_size (total shots): 1000
2025-02-24 15:35:50,991 - INFO -   tau: 0.1
2025-02-24 15:35:50,991 - INFO -   max_iters: 1000
2025-02-24 15:35:50,991 - INFO - 
Iteration 0:
2025-02-24 15:35:50,991 - DEBUG - Generated Ising Hamiltonian
2025-02-24 15:35:51,267 - DEBUG - Optimizing QAOA circuit...
2025-02-24 15:35:53,012 - DEBUG - Circuit optimization successful
2025-02-24 15:35:53,013 - DEBUG - Circuit optimization successful, final value: -323.94905094905096
2025-02-24 15:35:53,013 - DEBUG - Sampling from optimized circuit...
2025-02-24 15:35:53,036 - DEBUG - Generated 295 unique samples from 1000 total measurements
2025-02-24 15:35:53,036 - DEBUG - 
Top 5 most frequent samples:
2025-02-24 15:35:53,037 - DEBUG -   Rank | Count |   %   
2025-02-24 15:35:53,037 - DEBUG -   -----|-------|-------
2025-02-24 15:35:53,037 - DEBUG -      1 |    59 |   5.9
2025-02-24 15:35:53,037 - DEBUG -     Sample: [1 1 1 1 1 1 0 1 0 0 0 1]
2025-02-24 15:35:53,037 - DEBUG -      2 |    47 |   4.7
2025-02-24 15:35:53,038 - DEBUG -     Sample: [1 1 1 1 1 1 0 1 0 0 1 1]
2025-02-24 15:35:53,038 - DEBUG -      3 |    33 |   3.3
2025-02-24 15:35:53,038 - DEBUG -     Sample: [1 1 1 1 1 1 1 1 0 0 0 1]
2025-02-24 15:35:53,039 - DEBUG -      4 |    31 |   3.1
2025-02-24 15:35:53,039 - DEBUG -     Sample: [1 1 1 1 1 1 0 1 1 0 0 1]
2025-02-24 15:35:53,039 - DEBUG -      5 |    26 |   2.6
2025-02-24 15:35:53,039 - DEBUG -     Sample: [1 1 1 1 1 1 1 1 1 0 0 1]
2025-02-24 15:35:53,040 - DEBUG - Generated 295 unique samples from 1000 total measurements
2025-02-24 15:35:53,041 - INFO - Found feasible solution: [1 1 1 1 1 0 1 1 1 0 0 0] with objective value 423.0
2025-02-24 15:35:53,046 - INFO -   Found feasible solution:
2025-02-24 15:35:53,046 - INFO -     Solution: [1, 1, 1, 1, 1, 0, 1, 1, 1, 0, 0, 0]
2025-02-24 15:35:53,046 - INFO -     Value: 423.0
2025-02-24 15:35:53,047 - INFO -     Gap to reference: 80.77%
2025-02-24 15:35:53,047 - INFO -   Constraint generation solution found:
2025-02-24 15:35:53,047 - INFO -     Solution: [1, 1, 1, 1, 1, 0, 1, 1, 1, 0, 0, 0]
2025-02-24 15:35:53,047 - INFO -     Value: 423.0
2025-02-24 15:35:53,047 - INFO - 
Instance 43 results:
2025-02-24 15:35:53,048 - INFO -   Classical value: 234.0
2025-02-24 15:35:53,048 - INFO -   QAOA value: 423.0
2025-02-24 15:35:53,048 - INFO -   Constraint generation value: 423.0
2025-02-24 15:35:53,048 - INFO - 
Running instance 44/100
2025-02-24 15:35:53,051 - INFO - 
Running Classical Reference Solver (SCIP):
2025-02-24 15:35:53,053 - DEBUG - Problem dimensions: 40 constraints, 12 variables
2025-02-24 15:35:53,053 - DEBUG - Row names: ['ELEM1', 'ELEM2', 'ELEM3', 'ELEM4', 'ELEM5', 'ELEM6', 'ELEM7', 'ELEM8', 'ELEM9', 'ELEM10', 'ELEM11', 'ELEM12', 'ELEM13', 'ELEM14', 'ELEM15', 'ELEM16', 'ELEM17', 'ELEM18', 'ELEM19', 'ELEM20', 'ELEM21', 'ELEM22', 'ELEM23', 'ELEM24', 'ELEM25', 'ELEM26', 'ELEM27', 'ELEM28', 'ELEM29', 'ELEM30', 'ELEM31', 'ELEM32', 'ELEM33', 'ELEM34', 'ELEM35', 'ELEM36', 'ELEM37', 'ELEM38', 'ELEM39', 'ELEM40']
2025-02-24 15:35:53,053 - DEBUG - RHS values: {'ELEM1': 1.0, 'ELEM2': 1.0, 'ELEM3': 1.0, 'ELEM4': 1.0, 'ELEM5': 1.0, 'ELEM6': 1.0, 'ELEM7': 1.0, 'ELEM8': 1.0, 'ELEM9': 1.0, 'ELEM10': 1.0, 'ELEM11': 1.0, 'ELEM12': 1.0, 'ELEM13': 1.0, 'ELEM14': 1.0, 'ELEM15': 1.0, 'ELEM16': 1.0, 'ELEM17': 1.0, 'ELEM18': 1.0, 'ELEM19': 1.0, 'ELEM20': 1.0, 'ELEM21': 1.0, 'ELEM22': 1.0, 'ELEM23': 1.0, 'ELEM24': 1.0, 'ELEM25': 1.0, 'ELEM26': 1.0, 'ELEM27': 1.0, 'ELEM28': 1.0, 'ELEM29': 1.0, 'ELEM30': 1.0, 'ELEM31': 1.0, 'ELEM32': 1.0, 'ELEM33': 1.0, 'ELEM34': 1.0, 'ELEM35': 1.0, 'ELEM36': 1.0, 'ELEM37': 1.0, 'ELEM38': 1.0, 'ELEM39': 1.0, 'ELEM40': 1.0}
2025-02-24 15:35:53,067 - INFO -   Reference solution found:
2025-02-24 15:35:53,067 - INFO -     Solution: [1, 0, 0, 1, 0, 0, 0, 0, 0, 0, 0, 1]
2025-02-24 15:35:53,067 - INFO -     Value: 75.99999999999997
2025-02-24 15:35:53,067 - INFO - 
Running QAOA Reference Solution (with all constraints):
