2025-02-24 16:47:04,285 - INFO - 
Problem information:
2025-02-24 16:47:04,285 - INFO -   Number of variables (n): 8
2025-02-24 16:47:04,286 - INFO -   Number of constraints (m): 25
2025-02-24 16:47:04,286 - DEBUG -   Density of A: 30.50%
2025-02-24 16:47:04,286 - INFO - 
Starting reference QAOA with parameters:
2025-02-24 16:47:04,286 - INFO -   sample_size (total shots): 500
2025-02-24 16:47:04,287 - INFO - Added all constraints
2025-02-24 16:47:04,287 - DEBUG - Generated Ising Hamiltonian
2025-02-24 16:47:04,557 - DEBUG - Optimizing QAOA circuit...
2025-02-24 16:47:06,690 - DEBUG - Circuit optimization successful
2025-02-24 16:47:06,690 - DEBUG - Circuit optimization successful, final value: -9325.971528471528
2025-02-24 16:47:06,690 - DEBUG - Sampling from optimized circuit...
2025-02-24 16:47:06,713 - DEBUG - Generated 64 unique samples from 500 total measurements
2025-02-24 16:47:06,713 - DEBUG - 
Top 5 most frequent samples:
2025-02-24 16:47:06,713 - DEBUG -   Rank | Count |   %   
2025-02-24 16:47:06,713 - DEBUG -   -----|-------|-------
2025-02-24 16:47:06,713 - DEBUG -      1 |   103 |  20.6
2025-02-24 16:47:06,714 - DEBUG -     Sample: [0 0 1 0 1 0 1 1]
2025-02-24 16:47:06,714 - DEBUG -      2 |    78 |  15.6
2025-02-24 16:47:06,714 - DEBUG -     Sample: [0 0 1 0 1 0 0 1]
2025-02-24 16:47:06,714 - DEBUG -      3 |    50 |  10.0
2025-02-24 16:47:06,714 - DEBUG -     Sample: [0 0 1 1 1 0 0 1]
2025-02-24 16:47:06,714 - DEBUG -      4 |    49 |   9.8
2025-02-24 16:47:06,714 - DEBUG -     Sample: [0 0 1 1 1 0 1 1]
2025-02-24 16:47:06,715 - DEBUG -      5 |    21 |   4.2
2025-02-24 16:47:06,715 - DEBUG -     Sample: [0 1 1 0 1 0 1 1]
2025-02-24 16:47:06,715 - DEBUG - Generated 64 unique samples from 500 total measurements
2025-02-24 16:47:06,716 - INFO - No feasible solution found
2025-02-24 16:47:06,717 - INFO -   QAOA solver found no feasible solution
2025-02-24 16:47:06,717 - INFO - 
Running Constraint Generation:
2025-02-24 16:47:06,718 - INFO - 
Problem information:
2025-02-24 16:47:06,718 - INFO -   Number of variables (n): 8
2025-02-24 16:47:06,719 - INFO -   Number of constraints (m): 25
2025-02-24 16:47:06,719 - DEBUG -   Density of A: 30.50%
2025-02-24 16:47:06,719 - INFO - 
Running classical reference solver:
2025-02-24 16:47:06,730 - INFO -   Reference solution found:
2025-02-24 16:47:06,730 - INFO -     Solution: [1, 0, 0, 1, 0, 0, 0, 1]
2025-02-24 16:47:06,730 - INFO -     Value: 38.99999999999999
2025-02-24 16:47:06,730 - INFO - 
Starting quantum constraint generation with parameters:
2025-02-24 16:47:06,731 - INFO -   sample_size (total shots): 500
2025-02-24 16:47:06,731 - INFO -   tau: 0.1
2025-02-24 16:47:06,731 - INFO -   max_iters: 1000
2025-02-24 16:47:06,731 - INFO - 
Iteration 0:
2025-02-24 16:47:06,731 - DEBUG - Generated Ising Hamiltonian
2025-02-24 16:47:06,962 - DEBUG - Optimizing QAOA circuit...
2025-02-24 16:47:08,584 - DEBUG - Circuit optimization successful
2025-02-24 16:47:08,585 - DEBUG - Circuit optimization successful, final value: -210.55944055944056
2025-02-24 16:47:08,585 - DEBUG - Sampling from optimized circuit...
2025-02-24 16:47:08,596 - DEBUG - Generated 51 unique samples from 500 total measurements
2025-02-24 16:47:08,597 - DEBUG - 
Top 5 most frequent samples:
2025-02-24 16:47:08,597 - DEBUG -   Rank | Count |   %   
2025-02-24 16:47:08,597 - DEBUG -   -----|-------|-------
2025-02-24 16:47:08,597 - DEBUG -      1 |   104 |  20.8
2025-02-24 16:47:08,597 - DEBUG -     Sample: [0 1 1 1 1 1 1 0]
2025-02-24 16:47:08,597 - DEBUG -      2 |    76 |  15.2
2025-02-24 16:47:08,598 - DEBUG -     Sample: [0 1 1 1 1 1 1 1]
2025-02-24 16:47:08,598 - DEBUG -      3 |    33 |   6.6
2025-02-24 16:47:08,598 - DEBUG -     Sample: [0 1 1 1 1 1 0 0]
2025-02-24 16:47:08,598 - DEBUG -      4 |    30 |   6.0
2025-02-24 16:47:08,598 - DEBUG -     Sample: [0 1 1 0 1 1 1 0]
2025-02-24 16:47:08,598 - DEBUG -      5 |    25 |   5.0
2025-02-24 16:47:08,599 - DEBUG -     Sample: [0 1 1 0 1 1 1 1]
2025-02-24 16:47:08,599 - DEBUG - Generated 51 unique samples from 500 total measurements
2025-02-24 16:47:08,600 - INFO -   No feasible solution found in this iteration
2025-02-24 16:47:08,601 - INFO -   Added 1 new constraints: [22]
2025-02-24 16:47:08,601 - INFO - 
Iteration 1:
2025-02-24 16:47:08,601 - DEBUG - Generated Ising Hamiltonian
2025-02-24 16:47:08,807 - DEBUG - Optimizing QAOA circuit...
2025-02-24 16:47:10,402 - DEBUG - Circuit optimization successful
2025-02-24 16:47:10,402 - DEBUG - Circuit optimization successful, final value: -2292.46003996004
2025-02-24 16:47:10,402 - DEBUG - Sampling from optimized circuit...
2025-02-24 16:47:10,415 - DEBUG - Generated 103 unique samples from 500 total measurements
2025-02-24 16:47:10,415 - DEBUG - 
Top 5 most frequent samples:
2025-02-24 16:47:10,415 - DEBUG -   Rank | Count |   %   
2025-02-24 16:47:10,415 - DEBUG -   -----|-------|-------
2025-02-24 16:47:10,415 - DEBUG -      1 |    60 |  12.0
2025-02-24 16:47:10,416 - DEBUG -     Sample: [0 0 1 0 1 0 1 0]
2025-02-24 16:47:10,416 - DEBUG -      2 |    59 |  11.8
2025-02-24 16:47:10,416 - DEBUG -     Sample: [0 0 1 0 1 0 1 1]
2025-02-24 16:47:10,416 - DEBUG -      3 |    26 |   5.2
2025-02-24 16:47:10,416 - DEBUG -     Sample: [1 0 1 0 1 0 1 0]
2025-02-24 16:47:10,416 - DEBUG -      4 |    21 |   4.2
2025-02-24 16:47:10,417 - DEBUG -     Sample: [0 0 0 0 1 0 1 0]
2025-02-24 16:47:10,417 - DEBUG -      5 |    19 |   3.8
2025-02-24 16:47:10,417 - DEBUG -     Sample: [0 0 1 0 1 0 0 0]
2025-02-24 16:47:10,418 - DEBUG - Generated 103 unique samples from 500 total measurements
2025-02-24 16:47:10,420 - INFO -   No feasible solution found in this iteration
2025-02-24 16:47:10,420 - INFO -   No new constraints added, lowered tau multiplier: 1.0 -> 0.9
2025-02-24 16:47:10,420 - INFO -   Added 1 new constraints: [16]
2025-02-24 16:47:10,420 - INFO - 
Iteration 2:
2025-02-24 16:47:10,421 - DEBUG - Generated Ising Hamiltonian
2025-02-24 16:47:10,623 - DEBUG - Optimizing QAOA circuit...
2025-02-24 16:47:12,541 - DEBUG - Circuit optimization successful
2025-02-24 16:47:12,541 - DEBUG - Circuit optimization successful, final value: -4693.961038961039
2025-02-24 16:47:12,541 - DEBUG - Sampling from optimized circuit...
2025-02-24 16:47:12,555 - DEBUG - Generated 75 unique samples from 500 total measurements
2025-02-24 16:47:12,555 - DEBUG - 
Top 5 most frequent samples:
2025-02-24 16:47:12,555 - DEBUG -   Rank | Count |   %   
2025-02-24 16:47:12,555 - DEBUG -   -----|-------|-------
2025-02-24 16:47:12,555 - DEBUG -      1 |    49 |   9.8
2025-02-24 16:47:12,556 - DEBUG -     Sample: [1 0 0 0 1 0 0 0]
2025-02-24 16:47:12,556 - DEBUG -      2 |    40 |   8.0
2025-02-24 16:47:12,556 - DEBUG -     Sample: [0 0 0 0 1 0 0 0]
2025-02-24 16:47:12,556 - DEBUG -      3 |    30 |   6.0
2025-02-24 16:47:12,556 - DEBUG -     Sample: [1 0 0 0 0 0 0 0]
2025-02-24 16:47:12,556 - DEBUG -      4 |    22 |   4.4
2025-02-24 16:47:12,557 - DEBUG -     Sample: [0 0 0 0 0 0 0 0]
2025-02-24 16:47:12,557 - DEBUG -      5 |    21 |   4.2
2025-02-24 16:47:12,557 - DEBUG -     Sample: [0 0 0 1 1 0 0 0]
2025-02-24 16:47:12,557 - DEBUG - Generated 75 unique samples from 500 total measurements
2025-02-24 16:47:12,559 - INFO -   No feasible solution found in this iteration
2025-02-24 16:47:12,559 - INFO -   Added 1 new constraints: [7]
2025-02-24 16:47:12,559 - INFO - 
Iteration 3:
2025-02-24 16:47:12,560 - DEBUG - Generated Ising Hamiltonian
2025-02-24 16:47:12,794 - DEBUG - Optimizing QAOA circuit...
2025-02-24 16:47:14,453 - DEBUG - Circuit optimization successful
2025-02-24 16:47:14,453 - DEBUG - Circuit optimization successful, final value: -5074.261738261738
2025-02-24 16:47:14,454 - DEBUG - Sampling from optimized circuit...
2025-02-24 16:47:14,470 - DEBUG - Generated 131 unique samples from 500 total measurements
2025-02-24 16:47:14,471 - DEBUG - 
Top 5 most frequent samples:
2025-02-24 16:47:14,471 - DEBUG -   Rank | Count |   %   
2025-02-24 16:47:14,471 - DEBUG -   -----|-------|-------
2025-02-24 16:47:14,471 - DEBUG -      1 |    46 |   9.2
2025-02-24 16:47:14,471 - DEBUG -     Sample: [1 0 1 0 1 0 0 0]
2025-02-24 16:47:14,471 - DEBUG -      2 |    22 |   4.4
2025-02-24 16:47:14,472 - DEBUG -     Sample: [0 0 1 0 1 0 0 0]
2025-02-24 16:47:14,472 - DEBUG -      3 |    20 |   4.0
2025-02-24 16:47:14,472 - DEBUG -     Sample: [1 0 0 0 1 0 0 0]
2025-02-24 16:47:14,472 - DEBUG -      4 |    20 |   4.0
2025-02-24 16:47:14,472 - DEBUG -     Sample: [1 0 1 0 0 0 0 0]
2025-02-24 16:47:14,472 - DEBUG -      5 |    17 |   3.4
2025-02-24 16:47:14,472 - DEBUG -     Sample: [1 0 0 0 0 0 0 0]
2025-02-24 16:47:14,473 - DEBUG - Generated 131 unique samples from 500 total measurements
2025-02-24 16:47:14,476 - INFO -   No feasible solution found in this iteration
2025-02-24 16:47:14,477 - INFO -   No new constraints added, lowered tau multiplier: 1.0 -> 0.9
2025-02-24 16:47:14,477 - INFO -   Added 8 new constraints: [0, 3, 6, 10, 11, 15, 19, 24]
2025-02-24 16:47:14,478 - INFO - 
Iteration 4:
2025-02-24 16:47:14,478 - DEBUG - Generated Ising Hamiltonian
2025-02-24 16:47:14,721 - DEBUG - Optimizing QAOA circuit...
2025-02-24 16:47:16,428 - DEBUG - Circuit optimization successful
2025-02-24 16:47:16,428 - DEBUG - Circuit optimization successful, final value: 2216.5504495504515
2025-02-24 16:47:16,428 - DEBUG - Sampling from optimized circuit...
2025-02-24 16:47:16,445 - DEBUG - Generated 132 unique samples from 500 total measurements
2025-02-24 16:47:16,445 - DEBUG - 
Top 5 most frequent samples:
2025-02-24 16:47:16,446 - DEBUG -   Rank | Count |   %   
2025-02-24 16:47:16,446 - DEBUG -   -----|-------|-------
2025-02-24 16:47:16,446 - DEBUG -      1 |    23 |   4.6
2025-02-24 16:47:16,446 - DEBUG -     Sample: [1 1 1 0 1 1 0 0]
2025-02-24 16:47:16,446 - DEBUG -      2 |    21 |   4.2
2025-02-24 16:47:16,446 - DEBUG -     Sample: [1 1 0 0 1 1 0 0]
2025-02-24 16:47:16,446 - DEBUG -      3 |    20 |   4.0
2025-02-24 16:47:16,447 - DEBUG -     Sample: [1 1 0 0 1 1 0 1]
2025-02-24 16:47:16,447 - DEBUG -      4 |    20 |   4.0
2025-02-24 16:47:16,447 - DEBUG -     Sample: [1 1 0 1 1 1 0 0]
2025-02-24 16:47:16,447 - DEBUG -      5 |    16 |   3.2
2025-02-24 16:47:16,447 - DEBUG -     Sample: [0 1 1 0 1 1 1 0]
2025-02-24 16:47:16,448 - DEBUG - Generated 132 unique samples from 500 total measurements
2025-02-24 16:47:16,448 - INFO - Found feasible solution: [0 0 1 0 1 1 1 0] with objective value 172.0
2025-02-24 16:47:16,450 - INFO -   Found feasible solution:
2025-02-24 16:47:16,450 - INFO -     Solution: [0, 0, 1, 0, 1, 1, 1, 0]
2025-02-24 16:47:16,450 - INFO -     Value: 172.0
2025-02-24 16:47:16,451 - INFO -     Gap to reference: 341.03%
2025-02-24 16:47:16,451 - INFO -   Constraint generation solution found:
2025-02-24 16:47:16,451 - INFO -     Solution: [0, 0, 1, 0, 1, 1, 1, 0]
2025-02-24 16:47:16,451 - INFO -     Value: 172.0
2025-02-24 16:47:16,451 - INFO - 
Instance 16 results:
2025-02-24 16:47:16,452 - INFO -   Classical value: 38.99999999999999
2025-02-24 16:47:16,452 - INFO -   QAOA value: 0.0
2025-02-24 16:47:16,452 - INFO -   Constraint generation value: 172.0
2025-02-24 16:47:16,452 - INFO - 
Running instance 17/100
2025-02-24 16:47:16,454 - INFO - 
Running Classical Reference Solver (SCIP):
2025-02-24 16:47:16,454 - DEBUG - Problem dimensions: 25 constraints, 8 variables
2025-02-24 16:47:16,455 - DEBUG - Row names: ['ELEM1', 'ELEM2', 'ELEM3', 'ELEM4', 'ELEM5', 'ELEM6', 'ELEM7', 'ELEM8', 'ELEM9', 'ELEM10', 'ELEM11', 'ELEM12', 'ELEM13', 'ELEM14', 'ELEM15', 'ELEM16', 'ELEM17', 'ELEM18', 'ELEM19', 'ELEM20', 'ELEM21', 'ELEM22', 'ELEM23', 'ELEM24', 'ELEM25']
2025-02-24 16:47:16,455 - DEBUG - RHS values: {'ELEM1': 1.0, 'ELEM2': 1.0, 'ELEM3': 1.0, 'ELEM4': 1.0, 'ELEM5': 1.0, 'ELEM6': 1.0, 'ELEM7': 1.0, 'ELEM8': 1.0, 'ELEM9': 1.0, 'ELEM10': 1.0, 'ELEM11': 1.0, 'ELEM12': 1.0, 'ELEM13': 1.0, 'ELEM14': 1.0, 'ELEM15': 1.0, 'ELEM16': 1.0, 'ELEM17': 1.0, 'ELEM18': 1.0, 'ELEM19': 1.0, 'ELEM20': 1.0, 'ELEM21': 1.0, 'ELEM22': 1.0, 'ELEM23': 1.0, 'ELEM24': 1.0, 'ELEM25': 1.0}
2025-02-24 16:47:16,464 - INFO -   Reference solution found:
2025-02-24 16:47:16,464 - INFO -     Solution: [0, 1, 1, 1, 0, 1, 0, 0]
2025-02-24 16:47:16,464 - INFO -     Value: 240.0
2025-02-24 16:47:16,464 - INFO - 
Running QAOA Reference Solution (with all constraints):
