2025-02-24 16:45:41,163 - INFO - 
Problem information:
2025-02-24 16:45:41,164 - INFO -   Number of variables (n): 8
2025-02-24 16:45:41,164 - INFO -   Number of constraints (m): 25
2025-02-24 16:45:41,164 - DEBUG -   Density of A: 25.00%
2025-02-24 16:45:41,164 - INFO - 
Starting reference QAOA with parameters:
2025-02-24 16:45:41,164 - INFO -   sample_size (total shots): 500
2025-02-24 16:45:41,164 - INFO - Added all constraints
2025-02-24 16:45:41,165 - DEBUG - Generated Ising Hamiltonian
2025-02-24 16:45:41,537 - DEBUG - Optimizing QAOA circuit...
2025-02-24 16:45:43,737 - DEBUG - Circuit optimization successful
2025-02-24 16:45:43,737 - DEBUG - Circuit optimization successful, final value: -6631.987012987012
2025-02-24 16:45:43,737 - DEBUG - Sampling from optimized circuit...
2025-02-24 16:45:43,757 - DEBUG - Generated 156 unique samples from 500 total measurements
2025-02-24 16:45:43,758 - DEBUG - 
Top 5 most frequent samples:
2025-02-24 16:45:43,758 - DEBUG -   Rank | Count |   %   
2025-02-24 16:45:43,758 - DEBUG -   -----|-------|-------
2025-02-24 16:45:43,758 - DEBUG -      1 |    14 |   2.8
2025-02-24 16:45:43,758 - DEBUG -     Sample: [1 0 0 0 1 0 1 1]
2025-02-24 16:45:43,758 - DEBUG -      2 |    13 |   2.6
2025-02-24 16:45:43,759 - DEBUG -     Sample: [0 1 0 1 0 1 0 0]
2025-02-24 16:45:43,759 - DEBUG -      3 |    11 |   2.2
2025-02-24 16:45:43,759 - DEBUG -     Sample: [1 0 0 1 1 0 1 1]
2025-02-24 16:45:43,759 - DEBUG -      4 |    11 |   2.2
2025-02-24 16:45:43,759 - DEBUG -     Sample: [0 0 0 0 1 1 0 0]
2025-02-24 16:45:43,759 - DEBUG -      5 |    11 |   2.2
2025-02-24 16:45:43,760 - DEBUG -     Sample: [0 1 0 0 1 0 1 0]
2025-02-24 16:45:43,760 - DEBUG - Generated 156 unique samples from 500 total measurements
2025-02-24 16:45:43,764 - INFO - Found feasible solution: [0 0 0 1 1 0 1 1] with objective value 239.0
2025-02-24 16:45:43,766 - INFO - Found feasible solution:
2025-02-24 16:45:43,766 - INFO -   Solution: [0, 0, 0, 1, 1, 0, 1, 1]
2025-02-24 16:45:43,766 - INFO -   Value: 239.0
2025-02-24 16:45:43,766 - INFO -   QAOA solution found:
2025-02-24 16:45:43,767 - INFO -     Solution: [0, 0, 0, 1, 1, 0, 1, 1]
2025-02-24 16:45:43,767 - INFO -     Value: 239.0
2025-02-24 16:45:43,767 - INFO - 
Running Constraint Generation:
2025-02-24 16:45:43,768 - INFO - 
Problem information:
2025-02-24 16:45:43,769 - INFO -   Number of variables (n): 8
2025-02-24 16:45:43,769 - INFO -   Number of constraints (m): 25
2025-02-24 16:45:43,769 - DEBUG -   Density of A: 25.00%
2025-02-24 16:45:43,769 - INFO - 
Running classical reference solver:
2025-02-24 16:45:43,780 - INFO -   Reference solution found:
2025-02-24 16:45:43,780 - INFO -     Solution: [0, 0, 0, 1, 1, 0, 1, 1]
2025-02-24 16:45:43,781 - INFO -     Value: 239.0
2025-02-24 16:45:43,781 - INFO - 
Starting quantum constraint generation with parameters:
2025-02-24 16:45:43,781 - INFO -   sample_size (total shots): 500
2025-02-24 16:45:43,781 - INFO -   tau: 0.1
2025-02-24 16:45:43,782 - INFO -   max_iters: 1000
2025-02-24 16:45:43,782 - INFO - 
Iteration 0:
2025-02-24 16:45:43,782 - DEBUG - Generated Ising Hamiltonian
2025-02-24 16:45:44,022 - DEBUG - Optimizing QAOA circuit...
2025-02-24 16:45:45,604 - DEBUG - Circuit optimization successful
2025-02-24 16:45:45,604 - DEBUG - Circuit optimization successful, final value: -271.3326673326673
2025-02-24 16:45:45,605 - DEBUG - Sampling from optimized circuit...
2025-02-24 16:45:45,617 - DEBUG - Generated 33 unique samples from 500 total measurements
2025-02-24 16:45:45,617 - DEBUG - 
Top 5 most frequent samples:
2025-02-24 16:45:45,617 - DEBUG -   Rank | Count |   %   
2025-02-24 16:45:45,618 - DEBUG -   -----|-------|-------
2025-02-24 16:45:45,618 - DEBUG -      1 |   134 |  26.8
2025-02-24 16:45:45,618 - DEBUG -     Sample: [1 1 1 0 1 0 1 1]
2025-02-24 16:45:45,618 - DEBUG -      2 |   129 |  25.8
2025-02-24 16:45:45,618 - DEBUG -     Sample: [1 1 1 0 1 1 1 1]
2025-02-24 16:45:45,619 - DEBUG -      3 |    66 |  13.2
2025-02-24 16:45:45,619 - DEBUG -     Sample: [1 1 1 0 1 0 1 0]
2025-02-24 16:45:45,619 - DEBUG -      4 |    41 |   8.2
2025-02-24 16:45:45,619 - DEBUG -     Sample: [1 1 1 0 1 1 1 0]
2025-02-24 16:45:45,619 - DEBUG -      5 |    26 |   5.2
2025-02-24 16:45:45,620 - DEBUG -     Sample: [1 1 1 0 1 1 0 1]
2025-02-24 16:45:45,620 - DEBUG - Generated 33 unique samples from 500 total measurements
2025-02-24 16:45:45,621 - INFO -   No feasible solution found in this iteration
2025-02-24 16:45:45,621 - INFO -   Added 3 new constraints: [20, 22, 23]
2025-02-24 16:45:45,621 - INFO - 
Iteration 1:
2025-02-24 16:45:45,622 - DEBUG - Generated Ising Hamiltonian
2025-02-24 16:45:45,824 - DEBUG - Optimizing QAOA circuit...
2025-02-24 16:45:47,174 - DEBUG - Circuit optimization successful
2025-02-24 16:45:47,174 - DEBUG - Circuit optimization successful, final value: -3482.748251748252
2025-02-24 16:45:47,174 - DEBUG - Sampling from optimized circuit...
2025-02-24 16:45:47,187 - DEBUG - Generated 55 unique samples from 500 total measurements
2025-02-24 16:45:47,187 - DEBUG - 
Top 5 most frequent samples:
2025-02-24 16:45:47,187 - DEBUG -   Rank | Count |   %   
2025-02-24 16:45:47,187 - DEBUG -   -----|-------|-------
2025-02-24 16:45:47,188 - DEBUG -      1 |    64 |  12.8
2025-02-24 16:45:47,188 - DEBUG -     Sample: [0 1 1 0 0 0 1 1]
2025-02-24 16:45:47,188 - DEBUG -      2 |    47 |   9.4
2025-02-24 16:45:47,188 - DEBUG -     Sample: [0 1 1 0 0 1 1 1]
2025-02-24 16:45:47,188 - DEBUG -      3 |    29 |   5.8
2025-02-24 16:45:47,189 - DEBUG -     Sample: [0 1 1 0 1 0 1 1]
2025-02-24 16:45:47,189 - DEBUG -      4 |    28 |   5.6
2025-02-24 16:45:47,189 - DEBUG -     Sample: [0 1 1 0 1 1 1 1]
2025-02-24 16:45:47,189 - DEBUG -      5 |    28 |   5.6
2025-02-24 16:45:47,189 - DEBUG -     Sample: [0 1 1 0 0 0 1 0]
2025-02-24 16:45:47,190 - DEBUG - Generated 55 unique samples from 500 total measurements
2025-02-24 16:45:47,191 - INFO - Found feasible solution: [1 1 1 0 0 1 0 0] with objective value 247.0
2025-02-24 16:45:47,191 - INFO -   Found feasible solution:
2025-02-24 16:45:47,191 - INFO -     Solution: [1, 1, 1, 0, 0, 1, 0, 0]
2025-02-24 16:45:47,191 - INFO -     Value: 247.0
2025-02-24 16:45:47,192 - INFO -     Gap to reference: 3.35%
2025-02-24 16:45:47,192 - INFO -   Constraint generation solution found:
2025-02-24 16:45:47,192 - INFO -     Solution: [1, 1, 1, 0, 0, 1, 0, 0]
2025-02-24 16:45:47,192 - INFO -     Value: 247.0
2025-02-24 16:45:47,192 - INFO - 
Instance 3 results:
2025-02-24 16:45:47,192 - INFO -   Classical value: 239.0
2025-02-24 16:45:47,192 - INFO -   QAOA value: 239.0
2025-02-24 16:45:47,193 - INFO -   Constraint generation value: 247.0
2025-02-24 16:45:47,193 - INFO - 
Running instance 4/100
2025-02-24 16:45:47,195 - INFO - 
Running Classical Reference Solver (SCIP):
2025-02-24 16:45:47,195 - DEBUG - Problem dimensions: 25 constraints, 8 variables
2025-02-24 16:45:47,196 - DEBUG - Row names: ['ELEM1', 'ELEM2', 'ELEM3', 'ELEM4', 'ELEM5', 'ELEM6', 'ELEM7', 'ELEM8', 'ELEM9', 'ELEM10', 'ELEM11', 'ELEM12', 'ELEM13', 'ELEM14', 'ELEM15', 'ELEM16', 'ELEM17', 'ELEM18', 'ELEM19', 'ELEM20', 'ELEM21', 'ELEM22', 'ELEM23', 'ELEM24', 'ELEM25']
2025-02-24 16:45:47,196 - DEBUG - RHS values: {'ELEM1': 1.0, 'ELEM2': 1.0, 'ELEM3': 1.0, 'ELEM4': 1.0, 'ELEM5': 1.0, 'ELEM6': 1.0, 'ELEM7': 1.0, 'ELEM8': 1.0, 'ELEM9': 1.0, 'ELEM10': 1.0, 'ELEM11': 1.0, 'ELEM12': 1.0, 'ELEM13': 1.0, 'ELEM14': 1.0, 'ELEM15': 1.0, 'ELEM16': 1.0, 'ELEM17': 1.0, 'ELEM18': 1.0, 'ELEM19': 1.0, 'ELEM20': 1.0, 'ELEM21': 1.0, 'ELEM22': 1.0, 'ELEM23': 1.0, 'ELEM24': 1.0, 'ELEM25': 1.0}
2025-02-24 16:45:47,206 - INFO -   Reference solution found:
2025-02-24 16:45:47,206 - INFO -     Solution: [0, 1, 0, 1, 0, 0, 1, 1]
2025-02-24 16:45:47,206 - INFO -     Value: 65.0
2025-02-24 16:45:47,206 - INFO - 
Running QAOA Reference Solution (with all constraints):
