2025-02-24 15:35:28,431 - INFO - 
Problem information:
2025-02-24 15:35:28,432 - INFO -   Number of variables (n): 12
2025-02-24 15:35:28,432 - INFO -   Number of constraints (m): 40
2025-02-24 15:35:28,432 - DEBUG -   Density of A: 25.00%
2025-02-24 15:35:28,432 - INFO - 
Starting reference QAOA with parameters:
2025-02-24 15:35:28,432 - INFO -   sample_size (total shots): 1000
2025-02-24 15:35:28,433 - INFO - Added all constraints
2025-02-24 15:35:28,433 - DEBUG - Generated Ising Hamiltonian
2025-02-24 15:35:28,702 - DEBUG - Optimizing QAOA circuit...
2025-02-24 15:35:33,899 - DEBUG - Circuit optimization successful
2025-02-24 15:35:33,900 - DEBUG - Circuit optimization successful, final value: -246.47252747252764
2025-02-24 15:35:33,900 - DEBUG - Sampling from optimized circuit...
2025-02-24 15:35:33,951 - DEBUG - Generated 814 unique samples from 1000 total measurements
2025-02-24 15:35:33,952 - DEBUG - 
Top 5 most frequent samples:
2025-02-24 15:35:33,952 - DEBUG -   Rank | Count |   %   
2025-02-24 15:35:33,952 - DEBUG -   -----|-------|-------
2025-02-24 15:35:33,952 - DEBUG -      1 |     4 |   0.4
2025-02-24 15:35:33,953 - DEBUG -     Sample: [0 0 1 0 0 1 0 1 1 0 1 0]
2025-02-24 15:35:33,953 - DEBUG -      2 |     3 |   0.3
2025-02-24 15:35:33,953 - DEBUG -     Sample: [1 1 1 0 1 1 0 0 1 1 1 1]
2025-02-24 15:35:33,953 - DEBUG -      3 |     3 |   0.3
2025-02-24 15:35:33,954 - DEBUG -     Sample: [0 0 1 1 1 0 1 1 1 1 1 1]
2025-02-24 15:35:33,954 - DEBUG -      4 |     3 |   0.3
2025-02-24 15:35:33,954 - DEBUG -     Sample: [0 1 0 1 1 0 0 0 0 1 1 1]
2025-02-24 15:35:33,954 - DEBUG -      5 |     3 |   0.3
2025-02-24 15:35:33,954 - DEBUG -     Sample: [1 0 0 1 1 1 1 1 0 0 0 1]
2025-02-24 15:35:33,956 - DEBUG - Generated 814 unique samples from 1000 total measurements
2025-02-24 15:35:33,970 - INFO - Found feasible solution: [1 0 1 0 0 1 0 1 1 0 0 0] with objective value 130.0
2025-02-24 15:35:33,971 - INFO - Found feasible solution:
2025-02-24 15:35:33,972 - INFO -   Solution: [1, 0, 1, 0, 0, 1, 0, 1, 1, 0, 0, 0]
2025-02-24 15:35:33,972 - INFO -   Value: 130.0
2025-02-24 15:35:33,972 - INFO -   QAOA solution found:
2025-02-24 15:35:33,972 - INFO -     Solution: [1, 0, 1, 0, 0, 1, 0, 1, 1, 0, 0, 0]
2025-02-24 15:35:33,973 - INFO -     Value: 130.0
2025-02-24 15:35:33,973 - INFO - 
Running Constraint Generation:
2025-02-24 15:35:33,974 - INFO - 
Problem information:
2025-02-24 15:35:33,974 - INFO -   Number of variables (n): 12
2025-02-24 15:35:33,974 - INFO -   Number of constraints (m): 40
2025-02-24 15:35:33,975 - DEBUG -   Density of A: 25.00%
2025-02-24 15:35:33,975 - INFO - 
Running classical reference solver:
2025-02-24 15:35:33,987 - INFO -   Reference solution found:
2025-02-24 15:35:33,987 - INFO -     Solution: [1, 0, 1, 0, 0, 1, 0, 1, 1, 0, 0, 0]
2025-02-24 15:35:33,988 - INFO -     Value: 130.0
2025-02-24 15:35:33,988 - INFO - 
Starting quantum constraint generation with parameters:
2025-02-24 15:35:33,988 - INFO -   sample_size (total shots): 1000
2025-02-24 15:35:33,988 - INFO -   tau: 0.1
2025-02-24 15:35:33,988 - INFO -   max_iters: 1000
2025-02-24 15:35:33,989 - INFO - 
Iteration 0:
2025-02-24 15:35:33,989 - DEBUG - Generated Ising Hamiltonian
2025-02-24 15:35:34,224 - DEBUG - Optimizing QAOA circuit...
2025-02-24 15:35:36,458 - DEBUG - Circuit optimization successful
2025-02-24 15:35:36,458 - DEBUG - Circuit optimization successful, final value: -212.96103896103898
2025-02-24 15:35:36,458 - DEBUG - Sampling from optimized circuit...
2025-02-24 15:35:36,481 - DEBUG - Generated 545 unique samples from 1000 total measurements
2025-02-24 15:35:36,482 - DEBUG - 
Top 5 most frequent samples:
2025-02-24 15:35:36,482 - DEBUG -   Rank | Count |   %   
2025-02-24 15:35:36,482 - DEBUG -   -----|-------|-------
2025-02-24 15:35:36,482 - DEBUG -      1 |    18 |   1.8
2025-02-24 15:35:36,482 - DEBUG -     Sample: [1 1 0 1 1 0 1 1 1 0 0 1]
2025-02-24 15:35:36,482 - DEBUG -      2 |    17 |   1.7
2025-02-24 15:35:36,483 - DEBUG -     Sample: [1 1 0 1 1 1 1 1 1 0 0 1]
2025-02-24 15:35:36,483 - DEBUG -      3 |    12 |   1.2
2025-02-24 15:35:36,483 - DEBUG -     Sample: [1 1 1 1 1 1 1 1 1 1 0 1]
2025-02-24 15:35:36,483 - DEBUG -      4 |    12 |   1.2
2025-02-24 15:35:36,483 - DEBUG -     Sample: [1 1 0 1 1 0 1 1 1 1 0 1]
2025-02-24 15:35:36,483 - DEBUG -      5 |    11 |   1.1
2025-02-24 15:35:36,484 - DEBUG -     Sample: [1 1 0 1 1 1 1 1 1 1 0 1]
2025-02-24 15:35:36,485 - DEBUG - Generated 545 unique samples from 1000 total measurements
2025-02-24 15:35:36,496 - INFO -   No feasible solution found in this iteration
2025-02-24 15:35:36,497 - INFO -   Added 2 new constraints: [2, 26]
2025-02-24 15:35:36,497 - INFO - 
Iteration 1:
2025-02-24 15:35:36,497 - DEBUG - Generated Ising Hamiltonian
2025-02-24 15:35:36,731 - DEBUG - Optimizing QAOA circuit...
2025-02-24 15:35:38,859 - DEBUG - Circuit optimization successful
2025-02-24 15:35:38,859 - DEBUG - Circuit optimization successful, final value: -1979.6473526473533
2025-02-24 15:35:38,859 - DEBUG - Sampling from optimized circuit...
2025-02-24 15:35:38,884 - DEBUG - Generated 375 unique samples from 1000 total measurements
2025-02-24 15:35:38,885 - DEBUG - 
Top 5 most frequent samples:
2025-02-24 15:35:38,886 - DEBUG -   Rank | Count |   %   
2025-02-24 15:35:38,886 - DEBUG -   -----|-------|-------
2025-02-24 15:35:38,886 - DEBUG -      1 |    38 |   3.8
2025-02-24 15:35:38,887 - DEBUG -     Sample: [0 1 1 1 1 0 0 1 0 1 1 0]
2025-02-24 15:35:38,887 - DEBUG -      2 |    29 |   2.9
2025-02-24 15:35:38,887 - DEBUG -     Sample: [1 1 1 1 1 0 0 1 0 1 1 0]
2025-02-24 15:35:38,887 - DEBUG -      3 |    26 |   2.6
2025-02-24 15:35:38,888 - DEBUG -     Sample: [0 1 1 0 1 0 0 1 0 1 1 0]
2025-02-24 15:35:38,889 - DEBUG -      4 |    23 |   2.3
2025-02-24 15:35:38,889 - DEBUG -     Sample: [0 1 1 1 1 0 0 1 0 0 1 0]
2025-02-24 15:35:38,889 - DEBUG -      5 |    19 |   1.9
2025-02-24 15:35:38,890 - DEBUG -     Sample: [0 1 1 1 1 0 0 1 0 1 1 1]
2025-02-24 15:35:38,892 - DEBUG - Generated 375 unique samples from 1000 total measurements
2025-02-24 15:35:38,900 - INFO -   No feasible solution found in this iteration
2025-02-24 15:35:38,901 - INFO -   Added 1 new constraints: [20]
2025-02-24 15:35:38,901 - INFO - 
Iteration 2:
2025-02-24 15:35:38,902 - DEBUG - Generated Ising Hamiltonian
2025-02-24 15:35:39,113 - DEBUG - Optimizing QAOA circuit...
2025-02-24 15:35:41,409 - DEBUG - Circuit optimization successful
2025-02-24 15:35:41,409 - DEBUG - Circuit optimization successful, final value: -5179.959540459539
2025-02-24 15:35:41,409 - DEBUG - Sampling from optimized circuit...
2025-02-24 15:35:41,435 - DEBUG - Generated 237 unique samples from 1000 total measurements
2025-02-24 15:35:41,435 - DEBUG - 
Top 5 most frequent samples:
2025-02-24 15:35:41,435 - DEBUG -   Rank | Count |   %   
2025-02-24 15:35:41,435 - DEBUG -   -----|-------|-------
2025-02-24 15:35:41,435 - DEBUG -      1 |    37 |   3.7
2025-02-24 15:35:41,436 - DEBUG -     Sample: [1 1 0 1 0 0 0 1 0 0 0 0]
2025-02-24 15:35:41,436 - DEBUG -      2 |    32 |   3.2
2025-02-24 15:35:41,437 - DEBUG -     Sample: [1 1 0 1 0 0 0 1 1 0 0 0]
2025-02-24 15:35:41,437 - DEBUG -      3 |    31 |   3.1
2025-02-24 15:35:41,437 - DEBUG -     Sample: [1 1 0 1 0 0 0 0 1 1 1 0]
2025-02-24 15:35:41,437 - DEBUG -      4 |    24 |   2.4
2025-02-24 15:35:41,438 - DEBUG -     Sample: [1 1 0 1 0 1 0 1 1 0 0 0]
2025-02-24 15:35:41,438 - DEBUG -      5 |    23 |   2.3
2025-02-24 15:35:41,438 - DEBUG -     Sample: [1 1 0 1 0 0 0 0 0 1 1 0]
2025-02-24 15:35:41,439 - DEBUG - Generated 237 unique samples from 1000 total measurements
2025-02-24 15:35:41,443 - INFO -   No feasible solution found in this iteration
2025-02-24 15:35:41,444 - INFO -   Added 1 new constraints: [0]
2025-02-24 15:35:41,444 - INFO - 
Iteration 3:
2025-02-24 15:35:41,444 - DEBUG - Generated Ising Hamiltonian
2025-02-24 15:35:41,667 - DEBUG - Optimizing QAOA circuit...
2025-02-24 15:35:44,146 - DEBUG - Circuit optimization successful
2025-02-24 15:35:44,147 - DEBUG - Circuit optimization successful, final value: -8484.963036963038
2025-02-24 15:35:44,147 - DEBUG - Sampling from optimized circuit...
2025-02-24 15:35:44,179 - DEBUG - Generated 630 unique samples from 1000 total measurements
2025-02-24 15:35:44,180 - DEBUG - 
Top 5 most frequent samples:
2025-02-24 15:35:44,180 - DEBUG -   Rank | Count |   %   
2025-02-24 15:35:44,180 - DEBUG -   -----|-------|-------
2025-02-24 15:35:44,180 - DEBUG -      1 |    10 |   1.0
2025-02-24 15:35:44,180 - DEBUG -     Sample: [0 0 0 0 0 1 1 0 0 0 0 0]
2025-02-24 15:35:44,180 - DEBUG -      2 |     9 |   0.9
2025-02-24 15:35:44,181 - DEBUG -     Sample: [0 0 0 0 0 1 1 1 0 1 0 0]
2025-02-24 15:35:44,181 - DEBUG -      3 |     9 |   0.9
2025-02-24 15:35:44,181 - DEBUG -     Sample: [0 0 0 0 0 1 0 0 0 1 0 0]
2025-02-24 15:35:44,181 - DEBUG -      4 |     9 |   0.9
2025-02-24 15:35:44,181 - DEBUG -     Sample: [0 0 1 0 0 1 1 0 0 0 0 0]
2025-02-24 15:35:44,181 - DEBUG -      5 |     8 |   0.8
2025-02-24 15:35:44,181 - DEBUG -     Sample: [1 1 0 1 0 1 0 0 0 0 0 0]
2025-02-24 15:35:44,183 - DEBUG - Generated 630 unique samples from 1000 total measurements
2025-02-24 15:35:44,196 - INFO -   No feasible solution found in this iteration
2025-02-24 15:35:44,197 - INFO -   No new constraints added, lowered tau multiplier: 1.0 -> 0.9
2025-02-24 15:35:44,197 - INFO -   Added 1 new constraints: [10]
2025-02-24 15:35:44,197 - INFO - 
Iteration 4:
2025-02-24 15:35:44,197 - DEBUG - Generated Ising Hamiltonian
2025-02-24 15:35:44,417 - DEBUG - Optimizing QAOA circuit...
2025-02-24 15:35:47,065 - DEBUG - Circuit optimization successful
2025-02-24 15:35:47,065 - DEBUG - Circuit optimization successful, final value: -8944.307192807191
2025-02-24 15:35:47,065 - DEBUG - Sampling from optimized circuit...
2025-02-24 15:35:47,101 - DEBUG - Generated 533 unique samples from 1000 total measurements
2025-02-24 15:35:47,102 - DEBUG - 
Top 5 most frequent samples:
2025-02-24 15:35:47,102 - DEBUG -   Rank | Count |   %   
2025-02-24 15:35:47,102 - DEBUG -   -----|-------|-------
2025-02-24 15:35:47,102 - DEBUG -      1 |    14 |   1.4
2025-02-24 15:35:47,102 - DEBUG -     Sample: [1 0 1 0 0 0 1 1 0 0 0 0]
2025-02-24 15:35:47,103 - DEBUG -      2 |    13 |   1.3
2025-02-24 15:35:47,103 - DEBUG -     Sample: [1 0 1 0 0 1 1 0 0 1 1 0]
2025-02-24 15:35:47,104 - DEBUG -      3 |    11 |   1.1
2025-02-24 15:35:47,104 - DEBUG -     Sample: [0 1 1 1 0 0 0 1 0 0 0 0]
2025-02-24 15:35:47,105 - DEBUG -      4 |    11 |   1.1
2025-02-24 15:35:47,105 - DEBUG -     Sample: [0 1 1 1 0 0 0 0 0 0 1 0]
2025-02-24 15:35:47,105 - DEBUG -      5 |    11 |   1.1
2025-02-24 15:35:47,106 - DEBUG -     Sample: [1 0 1 1 0 1 1 0 0 1 1 0]
2025-02-24 15:35:47,108 - DEBUG - Generated 533 unique samples from 1000 total measurements
2025-02-24 15:35:47,114 - INFO - Found feasible solution: [1 0 1 0 0 1 0 1 1 0 0 0] with objective value 130.0
2025-02-24 15:35:47,120 - INFO -   Found feasible solution:
2025-02-24 15:35:47,121 - INFO -     Solution: [1, 0, 1, 0, 0, 1, 0, 1, 1, 0, 0, 0]
2025-02-24 15:35:47,121 - INFO -     Value: 130.0
2025-02-24 15:35:47,121 - INFO -     Gap to reference: 0.00%
2025-02-24 15:35:47,122 - INFO -   Constraint generation solution found:
2025-02-24 15:35:47,122 - INFO -     Solution: [1, 0, 1, 0, 0, 1, 0, 1, 1, 0, 0, 0]
2025-02-24 15:35:47,122 - INFO -     Value: 130.0
2025-02-24 15:35:47,122 - INFO - 
Instance 42 results:
2025-02-24 15:35:47,122 - INFO -   Classical value: 130.0
2025-02-24 15:35:47,123 - INFO -   QAOA value: 130.0
2025-02-24 15:35:47,123 - INFO -   Constraint generation value: 130.0
2025-02-24 15:35:47,123 - INFO - 
Running instance 43/100
2025-02-24 15:35:47,125 - INFO - 
Running Classical Reference Solver (SCIP):
2025-02-24 15:35:47,127 - DEBUG - Problem dimensions: 40 constraints, 12 variables
2025-02-24 15:35:47,127 - DEBUG - Row names: ['ELEM1', 'ELEM2', 'ELEM3', 'ELEM4', 'ELEM5', 'ELEM6', 'ELEM7', 'ELEM8', 'ELEM9', 'ELEM10', 'ELEM11', 'ELEM12', 'ELEM13', 'ELEM14', 'ELEM15', 'ELEM16', 'ELEM17', 'ELEM18', 'ELEM19', 'ELEM20', 'ELEM21', 'ELEM22', 'ELEM23', 'ELEM24', 'ELEM25', 'ELEM26', 'ELEM27', 'ELEM28', 'ELEM29', 'ELEM30', 'ELEM31', 'ELEM32', 'ELEM33', 'ELEM34', 'ELEM35', 'ELEM36', 'ELEM37', 'ELEM38', 'ELEM39', 'ELEM40']
2025-02-24 15:35:47,127 - DEBUG - RHS values: {'ELEM1': 1.0, 'ELEM2': 1.0, 'ELEM3': 1.0, 'ELEM4': 1.0, 'ELEM5': 1.0, 'ELEM6': 1.0, 'ELEM7': 1.0, 'ELEM8': 1.0, 'ELEM9': 1.0, 'ELEM10': 1.0, 'ELEM11': 1.0, 'ELEM12': 1.0, 'ELEM13': 1.0, 'ELEM14': 1.0, 'ELEM15': 1.0, 'ELEM16': 1.0, 'ELEM17': 1.0, 'ELEM18': 1.0, 'ELEM19': 1.0, 'ELEM20': 1.0, 'ELEM21': 1.0, 'ELEM22': 1.0, 'ELEM23': 1.0, 'ELEM24': 1.0, 'ELEM25': 1.0, 'ELEM26': 1.0, 'ELEM27': 1.0, 'ELEM28': 1.0, 'ELEM29': 1.0, 'ELEM30': 1.0, 'ELEM31': 1.0, 'ELEM32': 1.0, 'ELEM33': 1.0, 'ELEM34': 1.0, 'ELEM35': 1.0, 'ELEM36': 1.0, 'ELEM37': 1.0, 'ELEM38': 1.0, 'ELEM39': 1.0, 'ELEM40': 1.0}
2025-02-24 15:35:47,141 - INFO -   Reference solution found:
2025-02-24 15:35:47,141 - INFO -     Solution: [0, 0, 0, 0, 0, 1, 0, 0, 0, 1, 1, 1]
2025-02-24 15:35:47,141 - INFO -     Value: 234.0
2025-02-24 15:35:47,142 - INFO - 
Running QAOA Reference Solution (with all constraints):
