
Problem information:
  Number of variables (n): 12
  Number of constraints (m): 40

Starting reference QAOA with parameters:
  sample_size (total shots): 1000
Added all constraints
Found feasible solution: [1 0 1 0 0 1 0 1 1 0 0 0] with objective value 130.0
Found feasible solution:
  Solution: [1, 0, 1, 0, 0, 1, 0, 1, 1, 0, 0, 0]
  Value: 130.0
  QAOA solution found:
    Solution: [1, 0, 1, 0, 0, 1, 0, 1, 1, 0, 0, 0]
    Value: 130.0

Running Constraint Generation:

Problem information:
  Number of variables (n): 12
  Number of constraints (m): 40

Running classical reference solver:
  Reference solution found:
    Solution: [1, 0, 1, 0, 0, 1, 0, 1, 1, 0, 0, 0]
    Value: 130.0

Starting quantum constraint generation with parameters:
  sample_size (total shots): 1000
  tau: 0.1
  max_iters: 1000

Iteration 0:
  No feasible solution found in this iteration
  Added 2 new constraints: [2, 26]

Iteration 1:
  No feasible solution found in this iteration
  Added 1 new constraints: [20]

Iteration 2:
  No feasible solution found in this iteration
  Added 1 new constraints: [0]

Iteration 3:
  No feasible solution found in this iteration
  No new constraints added, lowered tau multiplier: 1.0 -> 0.9
  Added 1 new constraints: [10]

Iteration 4:
Found feasible solution: [1 0 1 0 0 1 0 1 1 0 0 0] with objective value 130.0
  Found feasible solution:
    Solution: [1, 0, 1, 0, 0, 1, 0, 1, 1, 0, 0, 0]
    Value: 130.0
    Gap to reference: 0.00%
  Constraint generation solution found:
    Solution: [1, 0, 1, 0, 0, 1, 0, 1, 1, 0, 0, 0]
    Value: 130.0

Instance 42 results:
  Classical value: 130.0
  QAOA value: 130.0
  Constraint generation value: 130.0

Running instance 43/100

Running Classical Reference Solver (SCIP):
  Reference solution found:
    Solution: [0, 0, 0, 0, 0, 1, 0, 0, 0, 1, 1, 1]
    Value: 234.0

Running QAOA Reference Solution (with all constraints):
