2025-02-24 16:55:14,846 - INFO - 
Problem information:
2025-02-24 16:55:14,846 - INFO -   Number of variables (n): 8
2025-02-24 16:55:14,847 - INFO -   Number of constraints (m): 25
2025-02-24 16:55:14,847 - DEBUG -   Density of A: 25.00%
2025-02-24 16:55:14,847 - INFO - 
Starting reference QAOA with parameters:
2025-02-24 16:55:14,847 - INFO -   sample_size (total shots): 500
2025-02-24 16:55:14,847 - INFO - Added all constraints
2025-02-24 16:55:14,847 - DEBUG - Generated Ising Hamiltonian
2025-02-24 16:55:15,098 - DEBUG - Optimizing QAOA circuit...
2025-02-24 16:55:17,623 - DEBUG - Circuit optimization successful
2025-02-24 16:55:17,623 - DEBUG - Circuit optimization successful, final value: -1134.9060939060937
2025-02-24 16:55:17,623 - DEBUG - Sampling from optimized circuit...
2025-02-24 16:55:17,646 - DEBUG - Generated 178 unique samples from 500 total measurements
2025-02-24 16:55:17,647 - DEBUG - 
Top 5 most frequent samples:
2025-02-24 16:55:17,647 - DEBUG -   Rank | Count |   %   
2025-02-24 16:55:17,647 - DEBUG -   -----|-------|-------
2025-02-24 16:55:17,647 - DEBUG -      1 |    13 |   2.6
2025-02-24 16:55:17,648 - DEBUG -     Sample: [1 0 1 0 0 1 0 0]
2025-02-24 16:55:17,648 - DEBUG -      2 |    12 |   2.4
2025-02-24 16:55:17,648 - DEBUG -     Sample: [0 0 0 0 1 0 1 0]
2025-02-24 16:55:17,649 - DEBUG -      3 |    11 |   2.2
2025-02-24 16:55:17,649 - DEBUG -     Sample: [1 0 0 1 1 0 0 0]
2025-02-24 16:55:17,649 - DEBUG -      4 |    10 |   2.0
2025-02-24 16:55:17,649 - DEBUG -     Sample: [0 0 1 1 1 1 0 1]
2025-02-24 16:55:17,649 - DEBUG -      5 |     9 |   1.8
2025-02-24 16:55:17,649 - DEBUG -     Sample: [0 0 1 0 0 0 0 0]
2025-02-24 16:55:17,650 - DEBUG - Generated 178 unique samples from 500 total measurements
2025-02-24 16:55:17,655 - INFO - No feasible solution found
2025-02-24 16:55:17,655 - INFO -   QAOA solver found no feasible solution
2025-02-24 16:55:17,655 - INFO - 
Running Constraint Generation:
2025-02-24 16:55:17,657 - INFO - 
Problem information:
2025-02-24 16:55:17,657 - INFO -   Number of variables (n): 8
2025-02-24 16:55:17,657 - INFO -   Number of constraints (m): 25
2025-02-24 16:55:17,657 - DEBUG -   Density of A: 25.00%
2025-02-24 16:55:17,657 - INFO - 
Running classical reference solver:
2025-02-24 16:55:17,670 - INFO -   Reference solution found:
2025-02-24 16:55:17,671 - INFO -     Solution: [1, 1, 0, 0, 1, 1, 0, 0]
2025-02-24 16:55:17,671 - INFO -     Value: 153.0
2025-02-24 16:55:17,671 - INFO - 
Starting quantum constraint generation with parameters:
2025-02-24 16:55:17,671 - INFO -   sample_size (total shots): 500
2025-02-24 16:55:17,671 - INFO -   tau: 0.1
2025-02-24 16:55:17,672 - INFO -   max_iters: 1000
2025-02-24 16:55:17,672 - INFO - 
Iteration 0:
2025-02-24 16:55:17,672 - DEBUG - Generated Ising Hamiltonian
2025-02-24 16:55:18,003 - DEBUG - Optimizing QAOA circuit...
2025-02-24 16:55:20,111 - DEBUG - Circuit optimization successful
2025-02-24 16:55:20,112 - DEBUG - Circuit optimization successful, final value: -296.7812187812188
2025-02-24 16:55:20,113 - DEBUG - Sampling from optimized circuit...
2025-02-24 16:55:20,129 - DEBUG - Generated 80 unique samples from 500 total measurements
2025-02-24 16:55:20,130 - DEBUG - 
Top 5 most frequent samples:
2025-02-24 16:55:20,130 - DEBUG -   Rank | Count |   %   
2025-02-24 16:55:20,130 - DEBUG -   -----|-------|-------
2025-02-24 16:55:20,130 - DEBUG -      1 |    57 |  11.4
2025-02-24 16:55:20,131 - DEBUG -     Sample: [1 1 1 1 1 1 1 1]
2025-02-24 16:55:20,131 - DEBUG -      2 |    42 |   8.4
2025-02-24 16:55:20,131 - DEBUG -     Sample: [1 1 1 0 0 1 1 1]
2025-02-24 16:55:20,132 - DEBUG -      3 |    40 |   8.0
2025-02-24 16:55:20,132 - DEBUG -     Sample: [1 1 1 1 0 1 1 1]
2025-02-24 16:55:20,132 - DEBUG -      4 |    39 |   7.8
2025-02-24 16:55:20,132 - DEBUG -     Sample: [1 1 1 0 1 1 1 1]
2025-02-24 16:55:20,133 - DEBUG -      5 |    30 |   6.0
2025-02-24 16:55:20,133 - DEBUG -     Sample: [1 1 1 1 0 0 1 1]
2025-02-24 16:55:20,133 - DEBUG - Generated 80 unique samples from 500 total measurements
2025-02-24 16:55:20,135 - INFO -   No feasible solution found in this iteration
2025-02-24 16:55:20,136 - INFO -   Added 6 new constraints: [1, 8, 9, 13, 14, 17]
2025-02-24 16:55:20,136 - INFO - 
Iteration 1:
2025-02-24 16:55:20,137 - DEBUG - Generated Ising Hamiltonian
2025-02-24 16:55:20,451 - DEBUG - Optimizing QAOA circuit...
2025-02-24 16:55:22,269 - DEBUG - Circuit optimization successful
2025-02-24 16:55:22,269 - DEBUG - Circuit optimization successful, final value: -8148.088911088912
2025-02-24 16:55:22,269 - DEBUG - Sampling from optimized circuit...
2025-02-24 16:55:22,285 - DEBUG - Generated 95 unique samples from 500 total measurements
2025-02-24 16:55:22,286 - DEBUG - 
Top 5 most frequent samples:
2025-02-24 16:55:22,286 - DEBUG -   Rank | Count |   %   
2025-02-24 16:55:22,286 - DEBUG -   -----|-------|-------
2025-02-24 16:55:22,286 - DEBUG -      1 |    75 |  15.0
2025-02-24 16:55:22,286 - DEBUG -     Sample: [0 1 0 1 1 1 1 1]
2025-02-24 16:55:22,287 - DEBUG -      2 |    42 |   8.4
2025-02-24 16:55:22,287 - DEBUG -     Sample: [0 1 0 1 0 1 1 1]
2025-02-24 16:55:22,287 - DEBUG -      3 |    25 |   5.0
2025-02-24 16:55:22,287 - DEBUG -     Sample: [0 1 0 0 1 1 1 1]
2025-02-24 16:55:22,287 - DEBUG -      4 |    22 |   4.4
2025-02-24 16:55:22,287 - DEBUG -     Sample: [0 1 0 1 1 1 1 0]
2025-02-24 16:55:22,288 - DEBUG -      5 |    18 |   3.6
2025-02-24 16:55:22,288 - DEBUG -     Sample: [1 1 1 1 1 1 1 1]
2025-02-24 16:55:22,288 - DEBUG - Generated 95 unique samples from 500 total measurements
2025-02-24 16:55:22,290 - INFO - Found feasible solution: [0 0 1 1 0 0 1 1] with objective value 329.0
2025-02-24 16:55:22,291 - INFO -   Found feasible solution:
2025-02-24 16:55:22,292 - INFO -     Solution: [0, 0, 1, 1, 0, 0, 1, 1]
2025-02-24 16:55:22,292 - INFO -     Value: 329.0
2025-02-24 16:55:22,292 - INFO -     Gap to reference: 115.03%
2025-02-24 16:55:22,292 - INFO -   Constraint generation solution found:
2025-02-24 16:55:22,293 - INFO -     Solution: [0, 0, 1, 1, 0, 0, 1, 1]
2025-02-24 16:55:22,293 - INFO -     Value: 329.0
2025-02-24 16:55:22,293 - INFO - 
Instance 88 results:
2025-02-24 16:55:22,293 - INFO -   Classical value: 153.0
2025-02-24 16:55:22,294 - INFO -   QAOA value: 0.0
2025-02-24 16:55:22,294 - INFO -   Constraint generation value: 329.0
2025-02-24 16:55:22,294 - INFO - 
Running instance 89/100
2025-02-24 16:55:22,296 - INFO - 
Running Classical Reference Solver (SCIP):
2025-02-24 16:55:22,298 - DEBUG - Problem dimensions: 25 constraints, 8 variables
2025-02-24 16:55:22,298 - DEBUG - Row names: ['ELEM1', 'ELEM2', 'ELEM3', 'ELEM4', 'ELEM5', 'ELEM6', 'ELEM7', 'ELEM8', 'ELEM9', 'ELEM10', 'ELEM11', 'ELEM12', 'ELEM13', 'ELEM14', 'ELEM15', 'ELEM16', 'ELEM17', 'ELEM18', 'ELEM19', 'ELEM20', 'ELEM21', 'ELEM22', 'ELEM23', 'ELEM24', 'ELEM25']
2025-02-24 16:55:22,299 - DEBUG - RHS values: {'ELEM1': 1.0, 'ELEM2': 1.0, 'ELEM3': 1.0, 'ELEM4': 1.0, 'ELEM5': 1.0, 'ELEM6': 1.0, 'ELEM7': 1.0, 'ELEM8': 1.0, 'ELEM9': 1.0, 'ELEM10': 1.0, 'ELEM11': 1.0, 'ELEM12': 1.0, 'ELEM13': 1.0, 'ELEM14': 1.0, 'ELEM15': 1.0, 'ELEM16': 1.0, 'ELEM17': 1.0, 'ELEM18': 1.0, 'ELEM19': 1.0, 'ELEM20': 1.0, 'ELEM21': 1.0, 'ELEM22': 1.0, 'ELEM23': 1.0, 'ELEM24': 1.0, 'ELEM25': 1.0}
2025-02-24 16:55:22,312 - INFO -   Reference solution found:
2025-02-24 16:55:22,312 - INFO -     Solution: [1, 0, 1, 0, 0, 1, 0, 0]
2025-02-24 16:55:22,312 - INFO -     Value: 161.0
2025-02-24 16:55:22,313 - INFO - 
Running QAOA Reference Solution (with all constraints):
