
Problem information:
  Number of variables (n): 8
  Number of constraints (m): 25

Starting reference QAOA with parameters:
  sample_size (total shots): 500
Added all constraints
No feasible solution found
  QAOA solver found no feasible solution

Running Constraint Generation:

Problem information:
  Number of variables (n): 8
  Number of constraints (m): 25

Running classical reference solver:
  Reference solution found:
    Solution: [1, 1, 0, 0, 1, 1, 0, 0]
    Value: 153.0

Starting quantum constraint generation with parameters:
  sample_size (total shots): 500
  tau: 0.1
  max_iters: 1000

Iteration 0:
  No feasible solution found in this iteration
  Added 6 new constraints: [1, 8, 9, 13, 14, 17]

Iteration 1:
Found feasible solution: [0 0 1 1 0 0 1 1] with objective value 329.0
  Found feasible solution:
    Solution: [0, 0, 1, 1, 0, 0, 1, 1]
    Value: 329.0
    Gap to reference: 115.03%
  Constraint generation solution found:
    Solution: [0, 0, 1, 1, 0, 0, 1, 1]
    Value: 329.0

Instance 88 results:
  Classical value: 153.0
  QAOA value: 0.0
  Constraint generation value: 329.0

Running instance 89/100

Running Classical Reference Solver (SCIP):
  Reference solution found:
    Solution: [1, 0, 1, 0, 0, 1, 0, 0]
    Value: 161.0

Running QAOA Reference Solution (with all constraints):
