
Problem information:
  Number of variables (n): 8
  Number of constraints (m): 25

Starting reference QAOA with parameters:
  sample_size (total shots): 500
Added all constraints
Found feasible solution: [1 0 0 0 0 0 1 1] with objective value 166.0
Found feasible solution:
  Solution: [1, 0, 0, 0, 0, 0, 1, 1]
  Value: 166.0
  QAOA solution found:
    Solution: [1, 0, 0, 0, 0, 0, 1, 1]
    Value: 166.0

Running Constraint Generation:

Problem information:
  Number of variables (n): 8
  Number of constraints (m): 25

Running classical reference solver:
  Reference solution found:
    Solution: [0, 0, 0, 1, 1, 1, 0, 0]
    Value: 96.0

Starting quantum constraint generation with parameters:
  sample_size (total shots): 500
  tau: 0.1
  max_iters: 1000

Iteration 0:
  No feasible solution found in this iteration
  Added 4 new constraints: [16, 18, 23, 24]

Iteration 1:
  No feasible solution found in this iteration
  Added 1 new constraints: [21]

Iteration 2:
Found feasible solution: [1 0 0 0 0 0 1 1] with objective value 166.0
Found feasible solution: [0 0 0 1 1 1 0 0] with objective value 96.0
  Found feasible solution:
    Solution: [0, 0, 0, 1, 1, 1, 0, 0]
    Value: 96.0
    Gap to reference: 0.00%
  Constraint generation solution found:
    Solution: [0, 0, 0, 1, 1, 1, 0, 0]
    Value: 96.0

Instance 71 results:
  Classical value: 96.0
  QAOA value: 166.0
  Constraint generation value: 96.0

Running instance 72/100

Running Classical Reference Solver (SCIP):
  Reference solution found:
    Solution: [1, 0, 0, 0, 0, 1, 0, 1]
    Value: 148.0

Running QAOA Reference Solution (with all constraints):
