2025-02-23 17:53:00,950 - INFO - 
Problem information:
2025-02-23 17:53:00,950 - INFO -   Number of variables (n): 12
2025-02-23 17:53:00,950 - INFO -   Number of constraints (m): 40
2025-02-23 17:53:00,950 - DEBUG -   Density of A: 19.58%
2025-02-23 17:53:00,950 - INFO - 
Starting reference QAOA with parameters:
2025-02-23 17:53:00,951 - INFO -   sample_size (total shots): 200
2025-02-23 17:53:00,951 - INFO - Added all constraints
2025-02-23 17:53:00,951 - DEBUG - Generated Ising Hamiltonian
2025-02-23 17:53:01,167 - DEBUG - Optimizing QAOA circuit...
2025-02-23 17:53:03,119 - DEBUG - Circuit optimization successful
2025-02-23 17:53:03,119 - DEBUG - Circuit optimization successful, final value: -8097.7002997003
2025-02-23 17:53:03,119 - DEBUG - Sampling from optimized circuit...
2025-02-23 17:53:03,135 - DEBUG - Generated 189 unique samples from 200 total measurements
2025-02-23 17:53:03,136 - DEBUG - 
Top 5 most frequent samples:
2025-02-23 17:53:03,136 - DEBUG -   Rank | Count |   %   
2025-02-23 17:53:03,136 - DEBUG -   -----|-------|-------
2025-02-23 17:53:03,136 - DEBUG -      1 |     3 |   1.5
2025-02-23 17:53:03,136 - DEBUG -     Sample: [0 0 1 0 0 0 0 0 1 1 0 1]
2025-02-23 17:53:03,136 - DEBUG -      2 |     2 |   1.0
2025-02-23 17:53:03,137 - DEBUG -     Sample: [0 1 0 0 0 0 1 1 1 0 0 0]
2025-02-23 17:53:03,137 - DEBUG -      3 |     2 |   1.0
2025-02-23 17:53:03,137 - DEBUG -     Sample: [0 0 1 1 0 0 0 1 1 0 1 1]
2025-02-23 17:53:03,137 - DEBUG -      4 |     2 |   1.0
2025-02-23 17:53:03,137 - DEBUG -     Sample: [1 1 0 1 1 0 0 0 0 1 1 1]
2025-02-23 17:53:03,138 - DEBUG -      5 |     2 |   1.0
2025-02-23 17:53:03,138 - DEBUG -     Sample: [0 1 0 1 0 1 1 0 0 0 0 1]
2025-02-23 17:53:03,138 - DEBUG - Generated 189 unique samples from 200 total measurements
2025-02-23 17:53:03,141 - INFO - No feasible solution found
2025-02-23 17:53:03,142 - INFO -   QAOA solver found no feasible solution
2025-02-23 17:53:03,142 - INFO - 
Running Constraint Generation:
2025-02-23 17:53:03,143 - INFO - 
Problem information:
2025-02-23 17:53:03,143 - INFO -   Number of variables (n): 12
2025-02-23 17:53:03,143 - INFO -   Number of constraints (m): 40
2025-02-23 17:53:03,143 - DEBUG -   Density of A: 19.58%
2025-02-23 17:53:03,143 - INFO - 
Running classical reference solver:
2025-02-23 17:53:03,153 - INFO -   Reference solution found:
2025-02-23 17:53:03,153 - INFO -     Solution: [1, 0, 1, 0, 0, 0, 0, 1, 0, 0, 0, 1]
2025-02-23 17:53:03,153 - INFO -     Value: 206.0
2025-02-23 17:53:03,154 - INFO - 
Starting quantum constraint generation with parameters:
2025-02-23 17:53:03,154 - INFO -   sample_size (total shots): 200
2025-02-23 17:53:03,154 - INFO -   tau: 0.1
2025-02-23 17:53:03,154 - INFO -   max_iters: 1000
2025-02-23 17:53:03,155 - INFO - 
Iteration 0:
2025-02-23 17:53:03,155 - DEBUG - Generated Ising Hamiltonian
2025-02-23 17:53:03,338 - DEBUG - Optimizing QAOA circuit...
2025-02-23 17:53:04,170 - DEBUG - Circuit optimization successful
2025-02-23 17:53:04,170 - DEBUG - Circuit optimization successful, final value: -162.1758241758242
2025-02-23 17:53:04,170 - DEBUG - Sampling from optimized circuit...
2025-02-23 17:53:04,181 - DEBUG - Generated 89 unique samples from 200 total measurements
2025-02-23 17:53:04,182 - DEBUG - 
Top 5 most frequent samples:
2025-02-23 17:53:04,182 - DEBUG -   Rank | Count |   %   
2025-02-23 17:53:04,182 - DEBUG -   -----|-------|-------
2025-02-23 17:53:04,182 - DEBUG -      1 |    10 |   5.0
2025-02-23 17:53:04,182 - DEBUG -     Sample: [1 1 1 1 0 1 1 0 0 1 0 0]
2025-02-23 17:53:04,182 - DEBUG -      2 |     9 |   4.5
2025-02-23 17:53:04,183 - DEBUG -     Sample: [0 1 1 1 0 1 1 0 0 1 0 0]
2025-02-23 17:53:04,183 - DEBUG -      3 |     8 |   4.0
2025-02-23 17:53:04,183 - DEBUG -     Sample: [1 1 1 1 0 1 1 0 0 1 0 1]
2025-02-23 17:53:04,183 - DEBUG -      4 |     7 |   3.5
2025-02-23 17:53:04,183 - DEBUG -     Sample: [0 1 1 1 0 1 1 0 0 0 1 0]
2025-02-23 17:53:04,183 - DEBUG -      5 |     7 |   3.5
2025-02-23 17:53:04,184 - DEBUG -     Sample: [1 1 1 1 0 1 1 1 0 1 0 0]
2025-02-23 17:53:04,184 - DEBUG - Generated 89 unique samples from 200 total measurements
2025-02-23 17:53:04,185 - INFO -   No feasible solution found in this iteration
2025-02-23 17:53:04,186 - INFO -   Added 2 new constraints: [34, 35]
2025-02-23 17:53:04,186 - INFO - 
Iteration 1:
2025-02-23 17:53:04,187 - DEBUG - Generated Ising Hamiltonian
2025-02-23 17:53:04,439 - DEBUG - Optimizing QAOA circuit...
2025-02-23 17:53:05,588 - DEBUG - Circuit optimization successful
2025-02-23 17:53:05,589 - DEBUG - Circuit optimization successful, final value: -3560.807192807193
2025-02-23 17:53:05,589 - DEBUG - Sampling from optimized circuit...
2025-02-23 17:53:05,603 - DEBUG - Generated 194 unique samples from 200 total measurements
2025-02-23 17:53:05,603 - DEBUG - 
Top 5 most frequent samples:
2025-02-23 17:53:05,603 - DEBUG -   Rank | Count |   %   
2025-02-23 17:53:05,603 - DEBUG -   -----|-------|-------
2025-02-23 17:53:05,603 - DEBUG -      1 |     2 |   1.0
2025-02-23 17:53:05,603 - DEBUG -     Sample: [0 0 0 1 1 1 0 0 0 1 1 1]
2025-02-23 17:53:05,604 - DEBUG -      2 |     2 |   1.0
2025-02-23 17:53:05,604 - DEBUG -     Sample: [1 0 1 0 0 1 1 0 0 0 1 1]
2025-02-23 17:53:05,604 - DEBUG -      3 |     2 |   1.0
2025-02-23 17:53:05,604 - DEBUG -     Sample: [0 0 1 1 1 0 0 0 0 1 0 1]
2025-02-23 17:53:05,604 - DEBUG -      4 |     2 |   1.0
2025-02-23 17:53:05,604 - DEBUG -     Sample: [0 0 0 0 1 1 0 1 1 1 1 0]
2025-02-23 17:53:05,604 - DEBUG -      5 |     2 |   1.0
2025-02-23 17:53:05,605 - DEBUG -     Sample: [1 0 1 0 0 0 1 1 1 1 0 1]
2025-02-23 17:53:05,605 - DEBUG - Generated 194 unique samples from 200 total measurements
2025-02-23 17:53:05,608 - INFO -   No feasible solution found in this iteration
2025-02-23 17:53:05,608 - INFO -   Added 1 new constraints: [19]
2025-02-23 17:53:05,609 - INFO - 
Iteration 2:
2025-02-23 17:53:05,609 - DEBUG - Generated Ising Hamiltonian
2025-02-23 17:53:05,792 - DEBUG - Optimizing QAOA circuit...
2025-02-23 17:53:07,049 - DEBUG - Circuit optimization successful
2025-02-23 17:53:07,050 - DEBUG - Circuit optimization successful, final value: -2938.9020979020984
2025-02-23 17:53:07,050 - DEBUG - Sampling from optimized circuit...
2025-02-23 17:53:07,064 - DEBUG - Generated 141 unique samples from 200 total measurements
2025-02-23 17:53:07,065 - DEBUG - 
Top 5 most frequent samples:
2025-02-23 17:53:07,065 - DEBUG -   Rank | Count |   %   
2025-02-23 17:53:07,065 - DEBUG -   -----|-------|-------
2025-02-23 17:53:07,065 - DEBUG -      1 |     7 |   3.5
2025-02-23 17:53:07,066 - DEBUG -     Sample: [1 1 0 1 1 1 0 1 1 0 1 0]
2025-02-23 17:53:07,066 - DEBUG -      2 |     7 |   3.5
2025-02-23 17:53:07,066 - DEBUG -     Sample: [0 1 0 1 1 1 0 1 1 0 1 1]
2025-02-23 17:53:07,066 - DEBUG -      3 |     4 |   2.0
2025-02-23 17:53:07,067 - DEBUG -     Sample: [0 1 0 1 1 1 1 1 1 0 1 0]
2025-02-23 17:53:07,067 - DEBUG -      4 |     4 |   2.0
2025-02-23 17:53:07,067 - DEBUG -     Sample: [0 1 0 1 1 1 0 1 0 0 1 0]
2025-02-23 17:53:07,067 - DEBUG -      5 |     4 |   2.0
2025-02-23 17:53:07,067 - DEBUG -     Sample: [0 1 0 0 1 1 0 1 1 0 1 0]
2025-02-23 17:53:07,068 - DEBUG - Generated 141 unique samples from 200 total measurements
2025-02-23 17:53:07,070 - INFO -   No feasible solution found in this iteration
2025-02-23 17:53:07,071 - INFO -   Added 1 new constraints: [27]
2025-02-23 17:53:07,071 - INFO - 
Iteration 3:
2025-02-23 17:53:07,071 - DEBUG - Generated Ising Hamiltonian
2025-02-23 17:53:07,296 - DEBUG - Optimizing QAOA circuit...
2025-02-23 17:53:08,864 - DEBUG - Circuit optimization successful
2025-02-23 17:53:08,865 - DEBUG - Circuit optimization successful, final value: -1581.9680319680326
2025-02-23 17:53:08,865 - DEBUG - Sampling from optimized circuit...
2025-02-23 17:53:08,881 - DEBUG - Generated 174 unique samples from 200 total measurements
2025-02-23 17:53:08,881 - DEBUG - 
Top 5 most frequent samples:
2025-02-23 17:53:08,881 - DEBUG -   Rank | Count |   %   
2025-02-23 17:53:08,881 - DEBUG -   -----|-------|-------
2025-02-23 17:53:08,881 - DEBUG -      1 |     5 |   2.5
2025-02-23 17:53:08,882 - DEBUG -     Sample: [0 1 0 1 0 1 1 1 1 0 1 0]
2025-02-23 17:53:08,882 - DEBUG -      2 |     3 |   1.5
2025-02-23 17:53:08,882 - DEBUG -     Sample: [0 0 0 1 0 1 1 1 1 0 1 0]
2025-02-23 17:53:08,882 - DEBUG -      3 |     2 |   1.0
2025-02-23 17:53:08,883 - DEBUG -     Sample: [0 0 0 1 1 1 1 0 1 0 1 0]
2025-02-23 17:53:08,883 - DEBUG -      4 |     2 |   1.0
2025-02-23 17:53:08,883 - DEBUG -     Sample: [0 1 0 1 0 1 0 1 1 0 1 0]
2025-02-23 17:53:08,883 - DEBUG -      5 |     2 |   1.0
2025-02-23 17:53:08,883 - DEBUG -     Sample: [1 1 0 0 0 1 1 0 1 0 1 0]
2025-02-23 17:53:08,884 - DEBUG - Generated 174 unique samples from 200 total measurements
2025-02-23 17:53:08,886 - INFO - Found feasible solution: [0 0 0 1 1 0 1 0 1 1 1 0] with objective value 358.0
2025-02-23 17:53:08,888 - INFO -   Found feasible solution:
2025-02-23 17:53:08,888 - INFO -     Solution: [0, 0, 0, 1, 1, 0, 1, 0, 1, 1, 1, 0]
2025-02-23 17:53:08,888 - INFO -     Value: 358.0
2025-02-23 17:53:08,889 - INFO -     Gap to reference: 73.79%
2025-02-23 17:53:08,889 - INFO -   Constraint generation solution found:
2025-02-23 17:53:08,889 - INFO -     Solution: [0, 0, 0, 1, 1, 0, 1, 0, 1, 1, 1, 0]
2025-02-23 17:53:08,889 - INFO -     Value: 358.0
2025-02-23 17:53:08,889 - INFO - 
Instance 17 results:
2025-02-23 17:53:08,889 - INFO -   Classical value: 206.0
2025-02-23 17:53:08,890 - INFO -   QAOA value: 0.0
2025-02-23 17:53:08,890 - INFO -   Constraint generation value: 358.0
2025-02-23 17:53:08,890 - INFO - 
Running instance 18/100
2025-02-23 17:53:08,892 - INFO - 
Running Classical Reference Solver (SCIP):
2025-02-23 17:53:08,894 - DEBUG - Problem dimensions: 40 constraints, 12 variables
2025-02-23 17:53:08,894 - DEBUG - Row names: ['ELEM1', 'ELEM2', 'ELEM3', 'ELEM4', 'ELEM5', 'ELEM6', 'ELEM7', 'ELEM8', 'ELEM9', 'ELEM10', 'ELEM11', 'ELEM12', 'ELEM13', 'ELEM14', 'ELEM15', 'ELEM16', 'ELEM17', 'ELEM18', 'ELEM19', 'ELEM20', 'ELEM21', 'ELEM22', 'ELEM23', 'ELEM24', 'ELEM25', 'ELEM26', 'ELEM27', 'ELEM28', 'ELEM29', 'ELEM30', 'ELEM31', 'ELEM32', 'ELEM33', 'ELEM34', 'ELEM35', 'ELEM36', 'ELEM37', 'ELEM38', 'ELEM39', 'ELEM40']
2025-02-23 17:53:08,894 - DEBUG - RHS values: {'ELEM1': 1.0, 'ELEM2': 1.0, 'ELEM3': 1.0, 'ELEM4': 1.0, 'ELEM5': 1.0, 'ELEM6': 1.0, 'ELEM7': 1.0, 'ELEM8': 1.0, 'ELEM9': 1.0, 'ELEM10': 1.0, 'ELEM11': 1.0, 'ELEM12': 1.0, 'ELEM13': 1.0, 'ELEM14': 1.0, 'ELEM15': 1.0, 'ELEM16': 1.0, 'ELEM17': 1.0, 'ELEM18': 1.0, 'ELEM19': 1.0, 'ELEM20': 1.0, 'ELEM21': 1.0, 'ELEM22': 1.0, 'ELEM23': 1.0, 'ELEM24': 1.0, 'ELEM25': 1.0, 'ELEM26': 1.0, 'ELEM27': 1.0, 'ELEM28': 1.0, 'ELEM29': 1.0, 'ELEM30': 1.0, 'ELEM31': 1.0, 'ELEM32': 1.0, 'ELEM33': 1.0, 'ELEM34': 1.0, 'ELEM35': 1.0, 'ELEM36': 1.0, 'ELEM37': 1.0, 'ELEM38': 1.0, 'ELEM39': 1.0, 'ELEM40': 1.0}
2025-02-23 17:53:08,906 - INFO -   Reference solution found:
2025-02-23 17:53:08,906 - INFO -     Solution: [0, 0, 1, 0, 0, 0, 0, 1, 1, 1, 0, 0]
2025-02-23 17:53:08,907 - INFO -     Value: 198.0
2025-02-23 17:53:08,907 - INFO - 
Running QAOA Reference Solution (with all constraints):
