2025-02-24 16:47:25,101 - INFO - 
Problem information:
2025-02-24 16:47:25,101 - INFO -   Number of variables (n): 8
2025-02-24 16:47:25,102 - INFO -   Number of constraints (m): 25
2025-02-24 16:47:25,102 - DEBUG -   Density of A: 31.00%
2025-02-24 16:47:25,102 - INFO - 
Starting reference QAOA with parameters:
2025-02-24 16:47:25,102 - INFO -   sample_size (total shots): 500
2025-02-24 16:47:25,102 - INFO - Added all constraints
2025-02-24 16:47:25,103 - DEBUG - Generated Ising Hamiltonian
2025-02-24 16:47:25,369 - DEBUG - Optimizing QAOA circuit...
2025-02-24 16:47:27,818 - DEBUG - Circuit optimization successful
2025-02-24 16:47:27,819 - DEBUG - Circuit optimization successful, final value: 14139.08191808192
2025-02-24 16:47:27,819 - DEBUG - Sampling from optimized circuit...
2025-02-24 16:47:27,840 - DEBUG - Generated 131 unique samples from 500 total measurements
2025-02-24 16:47:27,840 - DEBUG - 
Top 5 most frequent samples:
2025-02-24 16:47:27,840 - DEBUG -   Rank | Count |   %   
2025-02-24 16:47:27,840 - DEBUG -   -----|-------|-------
2025-02-24 16:47:27,841 - DEBUG -      1 |    38 |   7.6
2025-02-24 16:47:27,841 - DEBUG -     Sample: [0 1 0 0 1 1 0 1]
2025-02-24 16:47:27,841 - DEBUG -      2 |    37 |   7.4
2025-02-24 16:47:27,842 - DEBUG -     Sample: [1 1 0 1 1 1 0 1]
2025-02-24 16:47:27,842 - DEBUG -      3 |    23 |   4.6
2025-02-24 16:47:27,843 - DEBUG -     Sample: [0 0 1 0 1 0 0 1]
2025-02-24 16:47:27,843 - DEBUG -      4 |    19 |   3.8
2025-02-24 16:47:27,843 - DEBUG -     Sample: [0 1 1 0 1 0 0 1]
2025-02-24 16:47:27,844 - DEBUG -      5 |    14 |   2.8
2025-02-24 16:47:27,844 - DEBUG -     Sample: [0 1 1 1 1 0 0 1]
2025-02-24 16:47:27,845 - DEBUG - Generated 131 unique samples from 500 total measurements
2025-02-24 16:47:27,846 - INFO - Found feasible solution: [1 0 1 0 1 0 0 1] with objective value 129.0
2025-02-24 16:47:27,849 - INFO - Found feasible solution:
2025-02-24 16:47:27,849 - INFO -   Solution: [1, 0, 1, 0, 1, 0, 0, 1]
2025-02-24 16:47:27,849 - INFO -   Value: 129.0
2025-02-24 16:47:27,850 - INFO -   QAOA solution found:
2025-02-24 16:47:27,850 - INFO -     Solution: [1, 0, 1, 0, 1, 0, 0, 1]
2025-02-24 16:47:27,850 - INFO -     Value: 129.0
2025-02-24 16:47:27,850 - INFO - 
Running Constraint Generation:
2025-02-24 16:47:27,852 - INFO - 
Problem information:
2025-02-24 16:47:27,852 - INFO -   Number of variables (n): 8
2025-02-24 16:47:27,852 - INFO -   Number of constraints (m): 25
2025-02-24 16:47:27,852 - DEBUG -   Density of A: 31.00%
2025-02-24 16:47:27,853 - INFO - 
Running classical reference solver:
2025-02-24 16:47:27,864 - INFO -   Reference solution found:
2025-02-24 16:47:27,864 - INFO -     Solution: [0, 1, 0, 1, 0, 0, 1, 0]
2025-02-24 16:47:27,865 - INFO -     Value: 102.0
2025-02-24 16:47:27,865 - INFO - 
Starting quantum constraint generation with parameters:
2025-02-24 16:47:27,865 - INFO -   sample_size (total shots): 500
2025-02-24 16:47:27,865 - INFO -   tau: 0.1
2025-02-24 16:47:27,865 - INFO -   max_iters: 1000
2025-02-24 16:47:27,866 - INFO - 
Iteration 0:
2025-02-24 16:47:27,866 - DEBUG - Generated Ising Hamiltonian
2025-02-24 16:47:28,139 - DEBUG - Optimizing QAOA circuit...
2025-02-24 16:47:29,573 - DEBUG - Circuit optimization successful
2025-02-24 16:47:29,573 - DEBUG - Circuit optimization successful, final value: -155.43956043956044
2025-02-24 16:47:29,573 - DEBUG - Sampling from optimized circuit...
2025-02-24 16:47:29,586 - DEBUG - Generated 91 unique samples from 500 total measurements
2025-02-24 16:47:29,587 - DEBUG - 
Top 5 most frequent samples:
2025-02-24 16:47:29,587 - DEBUG -   Rank | Count |   %   
2025-02-24 16:47:29,587 - DEBUG -   -----|-------|-------
2025-02-24 16:47:29,587 - DEBUG -      1 |    40 |   8.0
2025-02-24 16:47:29,587 - DEBUG -     Sample: [1 1 1 0 1 1 1 1]
2025-02-24 16:47:29,587 - DEBUG -      2 |    40 |   8.0
2025-02-24 16:47:29,588 - DEBUG -     Sample: [1 0 1 0 1 1 1 0]
2025-02-24 16:47:29,588 - DEBUG -      3 |    33 |   6.6
2025-02-24 16:47:29,588 - DEBUG -     Sample: [0 0 1 0 1 1 1 0]
2025-02-24 16:47:29,588 - DEBUG -      4 |    32 |   6.4
2025-02-24 16:47:29,588 - DEBUG -     Sample: [1 0 1 0 1 1 1 1]
2025-02-24 16:47:29,588 - DEBUG -      5 |    27 |   5.4
2025-02-24 16:47:29,589 - DEBUG -     Sample: [1 1 1 0 1 1 1 0]
2025-02-24 16:47:29,589 - DEBUG - Generated 91 unique samples from 500 total measurements
2025-02-24 16:47:29,591 - INFO -   No feasible solution found in this iteration
2025-02-24 16:47:29,592 - INFO -   Added 5 new constraints: [1, 6, 17, 23, 24]
2025-02-24 16:47:29,593 - INFO - 
Iteration 1:
2025-02-24 16:47:29,593 - DEBUG - Generated Ising Hamiltonian
2025-02-24 16:47:29,798 - DEBUG - Optimizing QAOA circuit...
2025-02-24 16:47:31,187 - DEBUG - Circuit optimization successful
2025-02-24 16:47:31,187 - DEBUG - Circuit optimization successful, final value: 818.684065934066
2025-02-24 16:47:31,187 - DEBUG - Sampling from optimized circuit...
2025-02-24 16:47:31,199 - DEBUG - Generated 66 unique samples from 500 total measurements
2025-02-24 16:47:31,199 - DEBUG - 
Top 5 most frequent samples:
2025-02-24 16:47:31,199 - DEBUG -   Rank | Count |   %   
2025-02-24 16:47:31,199 - DEBUG -   -----|-------|-------
2025-02-24 16:47:31,199 - DEBUG -      1 |    58 |  11.6
2025-02-24 16:47:31,200 - DEBUG -     Sample: [1 1 1 0 0 0 0 0]
2025-02-24 16:47:31,200 - DEBUG -      2 |    48 |   9.6
2025-02-24 16:47:31,200 - DEBUG -     Sample: [1 1 1 1 1 1 0 0]
2025-02-24 16:47:31,200 - DEBUG -      3 |    38 |   7.6
2025-02-24 16:47:31,200 - DEBUG -     Sample: [0 1 1 0 0 0 0 0]
2025-02-24 16:47:31,200 - DEBUG -      4 |    34 |   6.8
2025-02-24 16:47:31,201 - DEBUG -     Sample: [0 1 1 1 1 1 0 0]
2025-02-24 16:47:31,201 - DEBUG -      5 |    25 |   5.0
2025-02-24 16:47:31,201 - DEBUG -     Sample: [1 1 1 1 0 1 0 0]
2025-02-24 16:47:31,201 - DEBUG - Generated 66 unique samples from 500 total measurements
2025-02-24 16:47:31,202 - INFO -   No feasible solution found in this iteration
2025-02-24 16:47:31,203 - INFO -   No new constraints added, lowered tau multiplier: 1.0 -> 0.9
2025-02-24 16:47:31,203 - INFO -   Added 4 new constraints: [0, 7, 8, 10]
2025-02-24 16:47:31,203 - INFO - 
Iteration 2:
2025-02-24 16:47:31,203 - DEBUG - Generated Ising Hamiltonian
2025-02-24 16:47:31,426 - DEBUG - Optimizing QAOA circuit...
2025-02-24 16:47:33,083 - DEBUG - Circuit optimization successful
2025-02-24 16:47:33,083 - DEBUG - Circuit optimization successful, final value: 9628.254495504494
2025-02-24 16:47:33,083 - DEBUG - Sampling from optimized circuit...
2025-02-24 16:47:33,101 - DEBUG - Generated 74 unique samples from 500 total measurements
2025-02-24 16:47:33,101 - DEBUG - 
Top 5 most frequent samples:
2025-02-24 16:47:33,102 - DEBUG -   Rank | Count |   %   
2025-02-24 16:47:33,102 - DEBUG -   -----|-------|-------
2025-02-24 16:47:33,102 - DEBUG -      1 |    41 |   8.2
2025-02-24 16:47:33,102 - DEBUG -     Sample: [1 1 1 1 1 1 0 0]
2025-02-24 16:47:33,102 - DEBUG -      2 |    31 |   6.2
2025-02-24 16:47:33,103 - DEBUG -     Sample: [0 1 1 1 1 1 0 0]
2025-02-24 16:47:33,103 - DEBUG -      3 |    27 |   5.4
2025-02-24 16:47:33,103 - DEBUG -     Sample: [1 0 1 1 1 1 0 0]
2025-02-24 16:47:33,103 - DEBUG -      4 |    19 |   3.8
2025-02-24 16:47:33,104 - DEBUG -     Sample: [1 0 1 0 0 1 0 0]
2025-02-24 16:47:33,104 - DEBUG -      5 |    17 |   3.4
2025-02-24 16:47:33,104 - DEBUG -     Sample: [0 1 1 0 0 1 0 0]
2025-02-24 16:47:33,104 - DEBUG - Generated 74 unique samples from 500 total measurements
2025-02-24 16:47:33,106 - INFO -   No feasible solution found in this iteration
2025-02-24 16:47:33,106 - INFO -   No new constraints added, lowered tau multiplier: 1.0 -> 0.9
2025-02-24 16:47:33,106 - INFO -   Added 1 new constraints: [16]
2025-02-24 16:47:33,107 - INFO - 
Iteration 3:
2025-02-24 16:47:33,107 - DEBUG - Generated Ising Hamiltonian
2025-02-24 16:47:33,338 - DEBUG - Optimizing QAOA circuit...
2025-02-24 16:47:35,448 - DEBUG - Circuit optimization successful
2025-02-24 16:47:35,448 - DEBUG - Circuit optimization successful, final value: 3554.536963036963
2025-02-24 16:47:35,448 - DEBUG - Sampling from optimized circuit...
2025-02-24 16:47:35,465 - DEBUG - Generated 193 unique samples from 500 total measurements
2025-02-24 16:47:35,466 - DEBUG - 
Top 5 most frequent samples:
2025-02-24 16:47:35,466 - DEBUG -   Rank | Count |   %   
2025-02-24 16:47:35,466 - DEBUG -   -----|-------|-------
2025-02-24 16:47:35,466 - DEBUG -      1 |     9 |   1.8
2025-02-24 16:47:35,466 - DEBUG -     Sample: [1 1 0 1 1 1 0 0]
2025-02-24 16:47:35,466 - DEBUG -      2 |     9 |   1.8
2025-02-24 16:47:35,467 - DEBUG -     Sample: [1 1 1 0 1 0 1 1]
2025-02-24 16:47:35,467 - DEBUG -      3 |     8 |   1.6
2025-02-24 16:47:35,467 - DEBUG -     Sample: [0 0 1 0 0 0 1 1]
2025-02-24 16:47:35,467 - DEBUG -      4 |     8 |   1.6
2025-02-24 16:47:35,467 - DEBUG -     Sample: [0 1 1 0 1 0 1 0]
2025-02-24 16:47:35,467 - DEBUG -      5 |     8 |   1.6
2025-02-24 16:47:35,468 - DEBUG -     Sample: [1 0 1 1 0 0 1 1]
2025-02-24 16:47:35,468 - DEBUG - Generated 193 unique samples from 500 total measurements
2025-02-24 16:47:35,470 - INFO - Found feasible solution: [0 1 0 1 0 0 1 0] with objective value 102.0
2025-02-24 16:47:35,472 - INFO -   Found feasible solution:
2025-02-24 16:47:35,472 - INFO -     Solution: [0, 1, 0, 1, 0, 0, 1, 0]
2025-02-24 16:47:35,472 - INFO -     Value: 102.0
2025-02-24 16:47:35,472 - INFO -     Gap to reference: 0.00%
2025-02-24 16:47:35,473 - INFO -   Constraint generation solution found:
2025-02-24 16:47:35,473 - INFO -     Solution: [0, 1, 0, 1, 0, 0, 1, 0]
2025-02-24 16:47:35,473 - INFO -     Value: 102.0
2025-02-24 16:47:35,474 - INFO - 
Instance 19 results:
2025-02-24 16:47:35,474 - INFO -   Classical value: 102.0
2025-02-24 16:47:35,474 - INFO -   QAOA value: 129.0
2025-02-24 16:47:35,474 - INFO -   Constraint generation value: 102.0
2025-02-24 16:47:35,475 - INFO - 
Running instance 20/100
2025-02-24 16:47:35,477 - INFO - 
Running Classical Reference Solver (SCIP):
2025-02-24 16:47:35,478 - DEBUG - Problem dimensions: 25 constraints, 8 variables
2025-02-24 16:47:35,478 - DEBUG - Row names: ['ELEM1', 'ELEM2', 'ELEM3', 'ELEM4', 'ELEM5', 'ELEM6', 'ELEM7', 'ELEM8', 'ELEM9', 'ELEM10', 'ELEM11', 'ELEM12', 'ELEM13', 'ELEM14', 'ELEM15', 'ELEM16', 'ELEM17', 'ELEM18', 'ELEM19', 'ELEM20', 'ELEM21', 'ELEM22', 'ELEM23', 'ELEM24', 'ELEM25']
2025-02-24 16:47:35,478 - DEBUG - RHS values: {'ELEM1': 1.0, 'ELEM2': 1.0, 'ELEM3': 1.0, 'ELEM4': 1.0, 'ELEM5': 1.0, 'ELEM6': 1.0, 'ELEM7': 1.0, 'ELEM8': 1.0, 'ELEM9': 1.0, 'ELEM10': 1.0, 'ELEM11': 1.0, 'ELEM12': 1.0, 'ELEM13': 1.0, 'ELEM14': 1.0, 'ELEM15': 1.0, 'ELEM16': 1.0, 'ELEM17': 1.0, 'ELEM18': 1.0, 'ELEM19': 1.0, 'ELEM20': 1.0, 'ELEM21': 1.0, 'ELEM22': 1.0, 'ELEM23': 1.0, 'ELEM24': 1.0, 'ELEM25': 1.0}
2025-02-24 16:47:35,489 - INFO -   Reference solution found:
2025-02-24 16:47:35,489 - INFO -     Solution: [0, 0, 1, 0, 0, 0, 1, 1]
2025-02-24 16:47:35,489 - INFO -     Value: 177.0
2025-02-24 16:47:35,489 - INFO - 
Running QAOA Reference Solution (with all constraints):
