
Problem information:
  Number of variables (n): 12
  Number of constraints (m): 40

Starting reference QAOA with parameters:
  sample_size (total shots): 1000
Added all constraints
No feasible solution found
  QAOA solver found no feasible solution

Running Constraint Generation:

Problem information:
  Number of variables (n): 12
  Number of constraints (m): 40

Running classical reference solver:
  Reference solution found:
    Solution: [1, 0, 0, 0, 0, 0, 0, 1, 1, 0, 1, 0]
    Value: 148.00000000000003

Starting quantum constraint generation with parameters:
  sample_size (total shots): 1000
  tau: 0.1
  max_iters: 1000

Iteration 0:
Found feasible solution: [0 1 0 1 1 1 1 0 0 1 0 0] with objective value 266.0
  Found feasible solution:
    Solution: [0, 1, 0, 1, 1, 1, 1, 0, 0, 1, 0, 0]
    Value: 266.0
    Gap to reference: 79.73%
  Constraint generation solution found:
    Solution: [0, 1, 0, 1, 1, 1, 1, 0, 0, 1, 0, 0]
    Value: 266.0

Instance 46 results:
  Classical value: 148.00000000000003
  QAOA value: 0.0
  Constraint generation value: 266.0

Running instance 47/100

Running Classical Reference Solver (SCIP):
  Reference solution found:
    Solution: [1, 0, 1, 0, 0, 0, 0, 0, 0, 0, 0, 1]
    Value: 139.0

Running QAOA Reference Solution (with all constraints):
