2025-02-23 18:42:11,743 - INFO - 
Problem information:
2025-02-23 18:42:11,744 - INFO -   Number of variables (n): 15
2025-02-23 18:42:11,744 - INFO -   Number of constraints (m): 60
2025-02-23 18:42:11,744 - DEBUG -   Density of A: 20.00%
2025-02-23 18:42:11,744 - INFO - 
Starting reference QAOA with parameters:
2025-02-23 18:42:11,744 - INFO -   sample_size (total shots): 500
2025-02-23 18:42:11,744 - INFO - Added all constraints
2025-02-23 18:42:11,745 - DEBUG - Generated Ising Hamiltonian
2025-02-23 18:42:11,962 - DEBUG - Optimizing QAOA circuit...
2025-02-23 18:42:17,268 - DEBUG - Circuit optimization successful
2025-02-23 18:42:17,268 - DEBUG - Circuit optimization successful, final value: -10600.343656343655
2025-02-23 18:42:17,268 - DEBUG - Sampling from optimized circuit...
2025-02-23 18:42:17,304 - DEBUG - Generated 494 unique samples from 500 total measurements
2025-02-23 18:42:17,304 - DEBUG - 
Top 5 most frequent samples:
2025-02-23 18:42:17,304 - DEBUG -   Rank | Count |   %   
2025-02-23 18:42:17,304 - DEBUG -   -----|-------|-------
2025-02-23 18:42:17,304 - DEBUG -      1 |     2 |   0.4
2025-02-23 18:42:17,305 - DEBUG -     Sample: [0 0 1 1 1 1 1 1 1 1 0 0 1 0 1]
2025-02-23 18:42:17,305 - DEBUG -      2 |     2 |   0.4
2025-02-23 18:42:17,305 - DEBUG -     Sample: [0 1 1 0 1 0 0 0 0 1 1 1 1 1 1]
2025-02-23 18:42:17,305 - DEBUG -      3 |     2 |   0.4
2025-02-23 18:42:17,306 - DEBUG -     Sample: [0 0 1 1 0 1 0 1 0 0 0 0 1 0 1]
2025-02-23 18:42:17,306 - DEBUG -      4 |     2 |   0.4
2025-02-23 18:42:17,306 - DEBUG -     Sample: [0 0 0 1 1 1 0 1 1 1 0 1 1 1 1]
2025-02-23 18:42:17,306 - DEBUG -      5 |     2 |   0.4
2025-02-23 18:42:17,306 - DEBUG -     Sample: [0 0 0 1 0 0 1 1 0 0 1 1 0 1 1]
2025-02-23 18:42:17,307 - DEBUG - Generated 494 unique samples from 500 total measurements
2025-02-23 18:42:17,316 - INFO - No feasible solution found
2025-02-23 18:42:17,317 - INFO -   QAOA solver found no feasible solution
2025-02-23 18:42:17,317 - INFO - 
Running Constraint Generation:
2025-02-23 18:42:17,318 - INFO - 
Problem information:
2025-02-23 18:42:17,318 - INFO -   Number of variables (n): 15
2025-02-23 18:42:17,318 - INFO -   Number of constraints (m): 60
2025-02-23 18:42:17,319 - DEBUG -   Density of A: 20.00%
2025-02-23 18:42:17,319 - INFO - 
Running classical reference solver:
2025-02-23 18:42:17,330 - INFO -   Reference solution found:
2025-02-23 18:42:17,331 - INFO -     Solution: [1, 0, 0, 0, 0, 0, 0, 0, 0, 1, 0, 1, 0, 1, 1]
2025-02-23 18:42:17,331 - INFO -     Value: 90.0
2025-02-23 18:42:17,331 - INFO - 
Starting quantum constraint generation with parameters:
2025-02-23 18:42:17,331 - INFO -   sample_size (total shots): 500
2025-02-23 18:42:17,331 - INFO -   tau: 0.1
2025-02-23 18:42:17,331 - INFO -   max_iters: 1000
2025-02-23 18:42:17,331 - INFO - 
Iteration 0:
2025-02-23 18:42:17,332 - DEBUG - Generated Ising Hamiltonian
2025-02-23 18:42:17,540 - DEBUG - Optimizing QAOA circuit...
2025-02-23 18:42:19,149 - DEBUG - Circuit optimization successful
2025-02-23 18:42:19,150 - DEBUG - Circuit optimization successful, final value: -449.1868131868132
2025-02-23 18:42:19,150 - DEBUG - Sampling from optimized circuit...
2025-02-23 18:42:19,170 - DEBUG - Generated 257 unique samples from 500 total measurements
2025-02-23 18:42:19,170 - DEBUG - 
Top 5 most frequent samples:
2025-02-23 18:42:19,170 - DEBUG -   Rank | Count |   %   
2025-02-23 18:42:19,170 - DEBUG -   -----|-------|-------
2025-02-23 18:42:19,171 - DEBUG -      1 |    13 |   2.6
2025-02-23 18:42:19,171 - DEBUG -     Sample: [0 1 1 1 0 1 1 1 1 1 1 1 1 1 0]
2025-02-23 18:42:19,171 - DEBUG -      2 |    11 |   2.2
2025-02-23 18:42:19,172 - DEBUG -     Sample: [0 1 1 1 0 1 1 1 0 1 1 1 1 1 1]
2025-02-23 18:42:19,172 - DEBUG -      3 |    11 |   2.2
2025-02-23 18:42:19,172 - DEBUG -     Sample: [1 1 1 1 0 1 1 1 1 1 1 1 1 1 1]
2025-02-23 18:42:19,172 - DEBUG -      4 |    10 |   2.0
2025-02-23 18:42:19,173 - DEBUG -     Sample: [0 1 1 1 0 1 1 1 0 1 1 1 1 1 0]
2025-02-23 18:42:19,173 - DEBUG -      5 |     9 |   1.8
2025-02-23 18:42:19,173 - DEBUG -     Sample: [0 1 1 1 0 1 1 1 1 0 1 1 1 1 0]
2025-02-23 18:42:19,174 - DEBUG - Generated 257 unique samples from 500 total measurements
2025-02-23 18:42:19,178 - INFO -   No feasible solution found in this iteration
2025-02-23 18:42:19,179 - INFO -   Added 1 new constraints: [27]
2025-02-23 18:42:19,179 - INFO - 
Iteration 1:
2025-02-23 18:42:19,180 - DEBUG - Generated Ising Hamiltonian
2025-02-23 18:42:19,394 - DEBUG - Optimizing QAOA circuit...
2025-02-23 18:42:20,980 - DEBUG - Circuit optimization successful
2025-02-23 18:42:20,980 - DEBUG - Circuit optimization successful, final value: -8456.672827172828
2025-02-23 18:42:20,981 - DEBUG - Sampling from optimized circuit...
2025-02-23 18:42:21,003 - DEBUG - Generated 343 unique samples from 500 total measurements
2025-02-23 18:42:21,003 - DEBUG - 
Top 5 most frequent samples:
2025-02-23 18:42:21,004 - DEBUG -   Rank | Count |   %   
2025-02-23 18:42:21,004 - DEBUG -   -----|-------|-------
2025-02-23 18:42:21,004 - DEBUG -      1 |     9 |   1.8
2025-02-23 18:42:21,004 - DEBUG -     Sample: [0 1 0 1 0 1 1 0 1 1 1 0 1 1 0]
2025-02-23 18:42:21,004 - DEBUG -      2 |     8 |   1.6
2025-02-23 18:42:21,005 - DEBUG -     Sample: [0 1 0 1 0 1 1 0 1 1 1 0 1 1 1]
2025-02-23 18:42:21,005 - DEBUG -      3 |     7 |   1.4
2025-02-23 18:42:21,005 - DEBUG -     Sample: [0 1 0 1 1 1 1 0 1 0 1 0 1 1 0]
2025-02-23 18:42:21,005 - DEBUG -      4 |     7 |   1.4
2025-02-23 18:42:21,006 - DEBUG -     Sample: [1 1 0 1 0 1 1 0 1 1 1 0 1 1 1]
2025-02-23 18:42:21,006 - DEBUG -      5 |     6 |   1.2
2025-02-23 18:42:21,006 - DEBUG -     Sample: [0 1 0 1 0 1 1 0 1 0 1 0 1 0 0]
2025-02-23 18:42:21,007 - DEBUG - Generated 343 unique samples from 500 total measurements
2025-02-23 18:42:21,013 - INFO -   No feasible solution found in this iteration
2025-02-23 18:42:21,014 - INFO -   Added 1 new constraints: [16]
2025-02-23 18:42:21,014 - INFO - 
Iteration 2:
2025-02-23 18:42:21,014 - DEBUG - Generated Ising Hamiltonian
2025-02-23 18:42:21,352 - DEBUG - Optimizing QAOA circuit...
2025-02-23 18:42:23,277 - DEBUG - Circuit optimization successful
2025-02-23 18:42:23,278 - DEBUG - Circuit optimization successful, final value: -13798.252747252747
2025-02-23 18:42:23,278 - DEBUG - Sampling from optimized circuit...
2025-02-23 18:42:23,303 - DEBUG - Generated 352 unique samples from 500 total measurements
2025-02-23 18:42:23,303 - DEBUG - 
Top 5 most frequent samples:
2025-02-23 18:42:23,303 - DEBUG -   Rank | Count |   %   
2025-02-23 18:42:23,304 - DEBUG -   -----|-------|-------
2025-02-23 18:42:23,304 - DEBUG -      1 |     8 |   1.6
2025-02-23 18:42:23,304 - DEBUG -     Sample: [0 1 0 0 0 1 0 0 1 1 1 0 1 0 1]
2025-02-23 18:42:23,304 - DEBUG -      2 |     6 |   1.2
2025-02-23 18:42:23,305 - DEBUG -     Sample: [0 1 0 0 0 1 0 0 1 1 0 0 1 0 0]
2025-02-23 18:42:23,305 - DEBUG -      3 |     6 |   1.2
2025-02-23 18:42:23,305 - DEBUG -     Sample: [0 1 0 0 0 1 0 0 1 0 1 0 1 0 1]
2025-02-23 18:42:23,305 - DEBUG -      4 |     5 |   1.0
2025-02-23 18:42:23,306 - DEBUG -     Sample: [0 1 0 0 1 1 0 0 1 1 1 0 1 0 0]
2025-02-23 18:42:23,306 - DEBUG -      5 |     5 |   1.0
2025-02-23 18:42:23,306 - DEBUG -     Sample: [0 1 0 0 1 1 0 0 1 0 1 0 1 0 1]
2025-02-23 18:42:23,308 - DEBUG - Generated 352 unique samples from 500 total measurements
2025-02-23 18:42:23,315 - INFO -   No feasible solution found in this iteration
2025-02-23 18:42:23,316 - INFO -   Added 1 new constraints: [0]
2025-02-23 18:42:23,317 - INFO - 
Iteration 3:
2025-02-23 18:42:23,318 - DEBUG - Generated Ising Hamiltonian
2025-02-23 18:42:23,570 - DEBUG - Optimizing QAOA circuit...
2025-02-23 18:42:25,467 - DEBUG - Circuit optimization successful
2025-02-23 18:42:25,468 - DEBUG - Circuit optimization successful, final value: -18049.243256743255
2025-02-23 18:42:25,468 - DEBUG - Sampling from optimized circuit...
2025-02-23 18:42:25,494 - DEBUG - Generated 336 unique samples from 500 total measurements
2025-02-23 18:42:25,494 - DEBUG - 
Top 5 most frequent samples:
2025-02-23 18:42:25,494 - DEBUG -   Rank | Count |   %   
2025-02-23 18:42:25,494 - DEBUG -   -----|-------|-------
2025-02-23 18:42:25,495 - DEBUG -      1 |    11 |   2.2
2025-02-23 18:42:25,495 - DEBUG -     Sample: [0 0 0 0 0 1 0 0 1 0 1 0 1 0 0]
2025-02-23 18:42:25,495 - DEBUG -      2 |    10 |   2.0
2025-02-23 18:42:25,496 - DEBUG -     Sample: [0 0 0 0 0 1 0 0 1 1 1 0 1 0 0]
2025-02-23 18:42:25,496 - DEBUG -      3 |     7 |   1.4
2025-02-23 18:42:25,496 - DEBUG -     Sample: [0 0 0 0 0 1 0 1 1 1 1 0 1 0 0]
2025-02-23 18:42:25,496 - DEBUG -      4 |     7 |   1.4
2025-02-23 18:42:25,496 - DEBUG -     Sample: [0 0 1 0 0 0 0 0 1 1 1 0 1 0 0]
2025-02-23 18:42:25,496 - DEBUG -      5 |     7 |   1.4
2025-02-23 18:42:25,497 - DEBUG -     Sample: [0 0 1 0 0 1 0 0 1 1 1 0 1 0 0]
2025-02-23 18:42:25,498 - DEBUG - Generated 336 unique samples from 500 total measurements
2025-02-23 18:42:25,505 - INFO -   No feasible solution found in this iteration
2025-02-23 18:42:25,506 - INFO -   Added 2 new constraints: [1, 15]
2025-02-23 18:42:25,506 - INFO - 
Iteration 4:
2025-02-23 18:42:25,506 - DEBUG - Generated Ising Hamiltonian
2025-02-23 18:42:25,757 - DEBUG - Optimizing QAOA circuit...
2025-02-23 18:42:27,443 - DEBUG - Circuit optimization successful
2025-02-23 18:42:27,443 - DEBUG - Circuit optimization successful, final value: -12949.597902097901
2025-02-23 18:42:27,443 - DEBUG - Sampling from optimized circuit...
2025-02-23 18:42:27,479 - DEBUG - Generated 400 unique samples from 500 total measurements
2025-02-23 18:42:27,479 - DEBUG - 
Top 5 most frequent samples:
2025-02-23 18:42:27,480 - DEBUG -   Rank | Count |   %   
2025-02-23 18:42:27,480 - DEBUG -   -----|-------|-------
2025-02-23 18:42:27,480 - DEBUG -      1 |     5 |   1.0
2025-02-23 18:42:27,480 - DEBUG -     Sample: [1 1 1 1 0 1 1 1 1 0 0 0 1 0 0]
2025-02-23 18:42:27,480 - DEBUG -      2 |     5 |   1.0
2025-02-23 18:42:27,481 - DEBUG -     Sample: [0 0 1 0 0 1 0 1 1 0 0 0 1 0 0]
2025-02-23 18:42:27,481 - DEBUG -      3 |     4 |   0.8
2025-02-23 18:42:27,481 - DEBUG -     Sample: [0 0 0 0 0 1 0 1 1 0 0 0 1 0 0]
2025-02-23 18:42:27,481 - DEBUG -      4 |     4 |   0.8
2025-02-23 18:42:27,482 - DEBUG -     Sample: [0 0 1 1 0 1 1 1 1 0 0 0 1 0 0]
2025-02-23 18:42:27,482 - DEBUG -      5 |     4 |   0.8
2025-02-23 18:42:27,482 - DEBUG -     Sample: [1 0 1 0 1 1 0 0 1 0 0 0 1 0 0]
2025-02-23 18:42:27,483 - DEBUG - Generated 400 unique samples from 500 total measurements
2025-02-23 18:42:27,493 - INFO -   No feasible solution found in this iteration
2025-02-23 18:42:27,494 - INFO -   Added 1 new constraints: [2]
2025-02-23 18:42:27,494 - INFO - 
Iteration 5:
2025-02-23 18:42:27,494 - DEBUG - Generated Ising Hamiltonian
2025-02-23 18:42:27,742 - DEBUG - Optimizing QAOA circuit...
2025-02-23 18:42:29,506 - DEBUG - Circuit optimization successful
2025-02-23 18:42:29,506 - DEBUG - Circuit optimization successful, final value: -10573.029970029971
2025-02-23 18:42:29,506 - DEBUG - Sampling from optimized circuit...
2025-02-23 18:42:29,531 - DEBUG - Generated 251 unique samples from 500 total measurements
2025-02-23 18:42:29,531 - DEBUG - 
Top 5 most frequent samples:
2025-02-23 18:42:29,531 - DEBUG -   Rank | Count |   %   
2025-02-23 18:42:29,531 - DEBUG -   -----|-------|-------
2025-02-23 18:42:29,531 - DEBUG -      1 |    33 |   6.6
2025-02-23 18:42:29,532 - DEBUG -     Sample: [0 0 0 0 0 0 0 0 1 1 1 1 1 0 0]
2025-02-23 18:42:29,532 - DEBUG -      2 |    18 |   3.6
2025-02-23 18:42:29,532 - DEBUG -     Sample: [1 0 0 0 0 0 0 0 1 1 1 1 1 0 0]
2025-02-23 18:42:29,532 - DEBUG -      3 |    12 |   2.4
2025-02-23 18:42:29,532 - DEBUG -     Sample: [0 0 0 0 0 0 0 0 1 1 1 1 0 0 0]
2025-02-23 18:42:29,533 - DEBUG -      4 |    12 |   2.4
2025-02-23 18:42:29,533 - DEBUG -     Sample: [0 0 0 0 0 0 0 0 1 1 1 0 1 0 0]
2025-02-23 18:42:29,533 - DEBUG -      5 |    10 |   2.0
2025-02-23 18:42:29,533 - DEBUG -     Sample: [1 0 0 0 1 0 0 0 1 1 1 1 1 0 0]
2025-02-23 18:42:29,534 - DEBUG - Generated 251 unique samples from 500 total measurements
2025-02-23 18:42:29,540 - INFO -   No feasible solution found in this iteration
2025-02-23 18:42:29,541 - INFO -   No new constraints added, lowered tau multiplier: 1.0 -> 0.9
2025-02-23 18:42:29,541 - INFO -   Added 2 new constraints: [8, 50]
2025-02-23 18:42:29,541 - INFO - 
Iteration 6:
2025-02-23 18:42:29,541 - DEBUG - Generated Ising Hamiltonian
2025-02-23 18:42:29,776 - DEBUG - Optimizing QAOA circuit...
2025-02-23 18:42:31,591 - DEBUG - Circuit optimization successful
2025-02-23 18:42:31,592 - DEBUG - Circuit optimization successful, final value: -28350.35964035964
2025-02-23 18:42:31,592 - DEBUG - Sampling from optimized circuit...
2025-02-23 18:42:31,623 - DEBUG - Generated 196 unique samples from 500 total measurements
2025-02-23 18:42:31,623 - DEBUG - 
Top 5 most frequent samples:
2025-02-23 18:42:31,623 - DEBUG -   Rank | Count |   %   
2025-02-23 18:42:31,623 - DEBUG -   -----|-------|-------
2025-02-23 18:42:31,623 - DEBUG -      1 |    37 |   7.4
2025-02-23 18:42:31,624 - DEBUG -     Sample: [0 0 0 0 0 0 0 0 0 1 1 0 0 0 0]
2025-02-23 18:42:31,625 - DEBUG -      2 |    25 |   5.0
2025-02-23 18:42:31,625 - DEBUG -     Sample: [0 0 0 0 1 0 0 0 0 1 1 0 0 0 0]
2025-02-23 18:42:31,625 - DEBUG -      3 |    24 |   4.8
2025-02-23 18:42:31,626 - DEBUG -     Sample: [0 0 0 0 0 0 0 0 1 1 1 0 0 0 0]
2025-02-23 18:42:31,626 - DEBUG -      4 |    19 |   3.8
2025-02-23 18:42:31,626 - DEBUG -     Sample: [1 0 0 0 0 0 0 0 0 1 1 0 0 0 0]
2025-02-23 18:42:31,626 - DEBUG -      5 |    14 |   2.8
2025-02-23 18:42:31,627 - DEBUG -     Sample: [1 0 0 0 1 0 0 0 0 1 1 0 0 0 0]
2025-02-23 18:42:31,628 - DEBUG - Generated 196 unique samples from 500 total measurements
2025-02-23 18:42:31,632 - INFO -   No feasible solution found in this iteration
2025-02-23 18:42:31,633 - INFO -   No new constraints added, lowered tau multiplier: 1.0 -> 0.9
2025-02-23 18:42:31,633 - INFO -   Added 1 new constraints: [56]
2025-02-23 18:42:31,633 - INFO - 
Iteration 7:
2025-02-23 18:42:31,634 - DEBUG - Generated Ising Hamiltonian
2025-02-23 18:42:31,882 - DEBUG - Optimizing QAOA circuit...
2025-02-23 18:42:33,699 - DEBUG - Circuit optimization successful
2025-02-23 18:42:33,699 - DEBUG - Circuit optimization successful, final value: 15985.121378621378
2025-02-23 18:42:33,700 - DEBUG - Sampling from optimized circuit...
2025-02-23 18:42:33,727 - DEBUG - Generated 308 unique samples from 500 total measurements
2025-02-23 18:42:33,727 - DEBUG - 
Top 5 most frequent samples:
2025-02-23 18:42:33,727 - DEBUG -   Rank | Count |   %   
2025-02-23 18:42:33,727 - DEBUG -   -----|-------|-------
2025-02-23 18:42:33,727 - DEBUG -      1 |    12 |   2.4
2025-02-23 18:42:33,728 - DEBUG -     Sample: [0 0 1 0 0 0 0 0 1 1 1 1 1 0 0]
2025-02-23 18:42:33,728 - DEBUG -      2 |     9 |   1.8
2025-02-23 18:42:33,728 - DEBUG -     Sample: [0 0 0 0 0 0 1 0 1 1 1 1 0 0 0]
2025-02-23 18:42:33,728 - DEBUG -      3 |     8 |   1.6
2025-02-23 18:42:33,729 - DEBUG -     Sample: [1 0 0 0 0 0 0 0 1 1 1 1 0 0 0]
2025-02-23 18:42:33,729 - DEBUG -      4 |     8 |   1.6
2025-02-23 18:42:33,729 - DEBUG -     Sample: [0 1 0 0 0 0 0 0 1 1 1 1 0 0 0]
2025-02-23 18:42:33,729 - DEBUG -      5 |     8 |   1.6
2025-02-23 18:42:33,729 - DEBUG -     Sample: [0 0 0 0 0 0 0 0 1 1 1 1 0 0 0]
2025-02-23 18:42:33,731 - DEBUG - Generated 308 unique samples from 500 total measurements
2025-02-23 18:42:33,737 - INFO -   No feasible solution found in this iteration
2025-02-23 18:42:33,738 - INFO -   Added 1 new constraints: [20]
2025-02-23 18:42:33,738 - INFO - 
Iteration 8:
2025-02-23 18:42:33,739 - DEBUG - Generated Ising Hamiltonian
2025-02-23 18:42:33,966 - DEBUG - Optimizing QAOA circuit...
2025-02-23 18:42:35,869 - DEBUG - Circuit optimization successful
2025-02-23 18:42:35,869 - DEBUG - Circuit optimization successful, final value: -10243.107892107892
2025-02-23 18:42:35,869 - DEBUG - Sampling from optimized circuit...
2025-02-23 18:42:35,894 - DEBUG - Generated 388 unique samples from 500 total measurements
2025-02-23 18:42:35,895 - DEBUG - 
Top 5 most frequent samples:
2025-02-23 18:42:35,895 - DEBUG -   Rank | Count |   %   
2025-02-23 18:42:35,895 - DEBUG -   -----|-------|-------
2025-02-23 18:42:35,895 - DEBUG -      1 |     8 |   1.6
2025-02-23 18:42:35,895 - DEBUG -     Sample: [0 0 0 0 0 1 0 1 1 0 0 0 0 0 0]
2025-02-23 18:42:35,895 - DEBUG -      2 |     5 |   1.0
2025-02-23 18:42:35,896 - DEBUG -     Sample: [0 0 0 0 0 1 0 1 0 0 0 0 1 1 0]
2025-02-23 18:42:35,896 - DEBUG -      3 |     5 |   1.0
2025-02-23 18:42:35,896 - DEBUG -     Sample: [0 0 0 0 0 1 0 1 1 0 0 1 0 1 0]
2025-02-23 18:42:35,896 - DEBUG -      4 |     5 |   1.0
2025-02-23 18:42:35,896 - DEBUG -     Sample: [0 1 0 0 0 1 0 1 1 0 0 0 0 0 0]
2025-02-23 18:42:35,896 - DEBUG -      5 |     4 |   0.8
2025-02-23 18:42:35,897 - DEBUG -     Sample: [0 0 0 0 0 1 0 1 1 1 1 1 1 1 0]
2025-02-23 18:42:35,898 - DEBUG - Generated 388 unique samples from 500 total measurements
2025-02-23 18:42:35,905 - INFO -   No feasible solution found in this iteration
2025-02-23 18:42:35,906 - INFO -   No new constraints added, lowered tau multiplier: 1.0 -> 0.9
2025-02-23 18:42:35,906 - INFO -   Added 7 new constraints: [13, 14, 32, 33, 53, 57, 59]
2025-02-23 18:42:35,906 - INFO - 
Iteration 9:
2025-02-23 18:42:35,907 - DEBUG - Generated Ising Hamiltonian
2025-02-23 18:42:36,105 - DEBUG - Optimizing QAOA circuit...
2025-02-23 18:42:38,480 - DEBUG - Circuit optimization successful
2025-02-23 18:42:38,480 - DEBUG - Circuit optimization successful, final value: 5953.069430569425
2025-02-23 18:42:38,481 - DEBUG - Sampling from optimized circuit...
2025-02-23 18:42:38,793 - DEBUG - Generated 215 unique samples from 500 total measurements
2025-02-23 18:42:38,794 - DEBUG - 
Top 5 most frequent samples:
2025-02-23 18:42:38,794 - DEBUG -   Rank | Count |   %   
2025-02-23 18:42:38,794 - DEBUG -   -----|-------|-------
2025-02-23 18:42:38,794 - DEBUG -      1 |    34 |   6.8
2025-02-23 18:42:38,794 - DEBUG -     Sample: [0 0 1 0 1 0 0 1 1 0 1 0 1 0 1]
2025-02-23 18:42:38,794 - DEBUG -      2 |    21 |   4.2
2025-02-23 18:42:38,795 - DEBUG -     Sample: [0 0 1 0 1 0 0 1 1 1 1 0 1 0 1]
2025-02-23 18:42:38,795 - DEBUG -      3 |    21 |   4.2
2025-02-23 18:42:38,795 - DEBUG -     Sample: [0 0 1 0 1 0 0 1 0 1 1 0 1 0 1]
2025-02-23 18:42:38,795 - DEBUG -      4 |    18 |   3.6
2025-02-23 18:42:38,795 - DEBUG -     Sample: [0 0 1 0 1 0 0 1 0 0 1 0 1 0 1]
2025-02-23 18:42:38,796 - DEBUG -      5 |    17 |   3.4
2025-02-23 18:42:38,796 - DEBUG -     Sample: [0 0 1 0 1 0 0 1 1 1 0 0 1 0 1]
2025-02-23 18:42:38,797 - DEBUG - Generated 215 unique samples from 500 total measurements
2025-02-23 18:42:38,802 - INFO -   No feasible solution found in this iteration
2025-02-23 18:42:38,804 - INFO -   Added 2 new constraints: [30, 36]
2025-02-23 18:42:38,804 - INFO - 
Iteration 10:
2025-02-23 18:42:38,807 - DEBUG - Generated Ising Hamiltonian
2025-02-23 18:42:39,031 - DEBUG - Optimizing QAOA circuit...
2025-02-23 18:42:41,191 - DEBUG - Circuit optimization successful
2025-02-23 18:42:41,191 - DEBUG - Circuit optimization successful, final value: -12226.236263736262
2025-02-23 18:42:41,191 - DEBUG - Sampling from optimized circuit...
2025-02-23 18:42:41,219 - DEBUG - Generated 311 unique samples from 500 total measurements
2025-02-23 18:42:41,219 - DEBUG - 
Top 5 most frequent samples:
2025-02-23 18:42:41,220 - DEBUG -   Rank | Count |   %   
2025-02-23 18:42:41,220 - DEBUG -   -----|-------|-------
2025-02-23 18:42:41,220 - DEBUG -      1 |    17 |   3.4
2025-02-23 18:42:41,221 - DEBUG -     Sample: [0 0 1 0 1 0 0 1 0 1 0 1 1 0 1]
2025-02-23 18:42:41,221 - DEBUG -      2 |    11 |   2.2
2025-02-23 18:42:41,221 - DEBUG -     Sample: [0 0 1 0 1 0 0 0 1 0 1 0 0 0 0]
2025-02-23 18:42:41,221 - DEBUG -      3 |     9 |   1.8
2025-02-23 18:42:41,222 - DEBUG -     Sample: [0 0 1 0 1 1 0 1 0 1 0 1 1 0 1]
2025-02-23 18:42:41,222 - DEBUG -      4 |     9 |   1.8
2025-02-23 18:42:41,222 - DEBUG -     Sample: [0 0 1 0 1 0 0 1 0 1 0 1 1 0 0]
2025-02-23 18:42:41,222 - DEBUG -      5 |     8 |   1.6
2025-02-23 18:42:41,222 - DEBUG -     Sample: [0 0 1 0 1 0 0 0 0 1 1 0 0 0 0]
2025-02-23 18:42:41,223 - DEBUG - Generated 311 unique samples from 500 total measurements
2025-02-23 18:42:41,229 - INFO -   No feasible solution found in this iteration
2025-02-23 18:42:41,230 - INFO -   Added 1 new constraints: [42]
2025-02-23 18:42:41,231 - INFO - 
Iteration 11:
2025-02-23 18:42:41,231 - DEBUG - Generated Ising Hamiltonian
2025-02-23 18:42:41,442 - DEBUG - Optimizing QAOA circuit...
2025-02-23 18:42:43,903 - DEBUG - Circuit optimization successful
2025-02-23 18:42:43,903 - DEBUG - Circuit optimization successful, final value: 96226.61138861139
2025-02-23 18:42:43,903 - DEBUG - Sampling from optimized circuit...
2025-02-23 18:42:43,929 - DEBUG - Generated 202 unique samples from 500 total measurements
2025-02-23 18:42:43,930 - DEBUG - 
Top 5 most frequent samples:
2025-02-23 18:42:43,930 - DEBUG -   Rank | Count |   %   
2025-02-23 18:42:43,930 - DEBUG -   -----|-------|-------
2025-02-23 18:42:43,930 - DEBUG -      1 |    51 |  10.2
2025-02-23 18:42:43,930 - DEBUG -     Sample: [0 1 1 0 0 1 1 0 1 1 1 1 1 1 1]
2025-02-23 18:42:43,930 - DEBUG -      2 |    26 |   5.2
2025-02-23 18:42:43,931 - DEBUG -     Sample: [0 1 1 0 0 0 1 0 1 1 1 1 1 1 1]
2025-02-23 18:42:43,931 - DEBUG -      3 |    22 |   4.4
2025-02-23 18:42:43,931 - DEBUG -     Sample: [0 1 1 0 0 1 1 0 1 0 1 1 1 1 1]
2025-02-23 18:42:43,931 - DEBUG -      4 |    22 |   4.4
2025-02-23 18:42:43,931 - DEBUG -     Sample: [0 1 1 1 0 1 1 0 1 1 1 1 1 1 1]
2025-02-23 18:42:43,931 - DEBUG -      5 |    15 |   3.0
2025-02-23 18:42:43,931 - DEBUG -     Sample: [0 1 1 0 0 1 1 1 1 1 1 1 1 1 1]
2025-02-23 18:42:43,932 - DEBUG - Generated 202 unique samples from 500 total measurements
2025-02-23 18:42:43,936 - INFO -   No feasible solution found in this iteration
2025-02-23 18:42:43,937 - INFO -   Added 3 new constraints: [22, 37, 51]
2025-02-23 18:42:43,937 - INFO - 
Iteration 12:
2025-02-23 18:42:43,937 - DEBUG - Generated Ising Hamiltonian
2025-02-23 18:42:44,160 - DEBUG - Optimizing QAOA circuit...
2025-02-23 18:42:47,436 - DEBUG - Circuit optimization successful
2025-02-23 18:42:47,438 - DEBUG - Circuit optimization successful, final value: -7655.7127872127885
2025-02-23 18:42:47,438 - DEBUG - Sampling from optimized circuit...
2025-02-23 18:42:47,468 - DEBUG - Generated 486 unique samples from 500 total measurements
2025-02-23 18:42:47,472 - DEBUG - 
Top 5 most frequent samples:
2025-02-23 18:42:47,472 - DEBUG -   Rank | Count |   %   
2025-02-23 18:42:47,472 - DEBUG -   -----|-------|-------
2025-02-23 18:42:47,472 - DEBUG -      1 |     3 |   0.6
2025-02-23 18:42:47,473 - DEBUG -     Sample: [1 1 0 0 0 0 0 0 0 0 1 0 0 1 1]
2025-02-23 18:42:47,473 - DEBUG -      2 |     2 |   0.4
2025-02-23 18:42:47,473 - DEBUG -     Sample: [1 0 1 1 0 1 0 0 1 1 0 0 1 0 1]
2025-02-23 18:42:47,473 - DEBUG -      3 |     2 |   0.4
2025-02-23 18:42:47,474 - DEBUG -     Sample: [1 1 1 0 1 1 0 0 0 1 1 1 1 0 1]
2025-02-23 18:42:47,474 - DEBUG -      4 |     2 |   0.4
2025-02-23 18:42:47,474 - DEBUG -     Sample: [1 0 0 0 1 1 0 1 0 0 0 1 1 0 1]
2025-02-23 18:42:47,474 - DEBUG -      5 |     2 |   0.4
2025-02-23 18:42:47,475 - DEBUG -     Sample: [1 1 0 0 1 1 0 1 0 1 0 1 1 0 1]
2025-02-23 18:42:47,476 - DEBUG - Generated 486 unique samples from 500 total measurements
2025-02-23 18:42:47,483 - INFO - Found feasible solution: [1 0 0 0 0 0 0 0 0 1 0 1 0 1 1] with objective value 90.0
2025-02-23 18:42:47,487 - INFO -   Found feasible solution:
2025-02-23 18:42:47,487 - INFO -     Solution: [1, 0, 0, 0, 0, 0, 0, 0, 0, 1, 0, 1, 0, 1, 1]
2025-02-23 18:42:47,487 - INFO -     Value: 90.0
2025-02-23 18:42:47,487 - INFO -     Gap to reference: 0.00%
2025-02-23 18:42:47,488 - INFO -   Constraint generation solution found:
2025-02-23 18:42:47,488 - INFO -     Solution: [1, 0, 0, 0, 0, 0, 0, 0, 0, 1, 0, 1, 0, 1, 1]
2025-02-23 18:42:47,488 - INFO -     Value: 90.0
2025-02-23 18:42:47,488 - INFO - 
Instance 7 results:
2025-02-23 18:42:47,489 - INFO -   Classical value: 90.0
2025-02-23 18:42:47,489 - INFO -   QAOA value: 0.0
2025-02-23 18:42:47,489 - INFO -   Constraint generation value: 90.0
2025-02-23 18:42:47,489 - INFO - 
Running instance 8/100
2025-02-23 18:42:47,492 - INFO - 
Running Classical Reference Solver (SCIP):
2025-02-23 18:42:47,495 - DEBUG - Problem dimensions: 60 constraints, 15 variables
2025-02-23 18:42:47,495 - DEBUG - Row names: ['ELEM1', 'ELEM2', 'ELEM3', 'ELEM4', 'ELEM5', 'ELEM6', 'ELEM7', 'ELEM8', 'ELEM9', 'ELEM10', 'ELEM11', 'ELEM12', 'ELEM13', 'ELEM14', 'ELEM15', 'ELEM16', 'ELEM17', 'ELEM18', 'ELEM19', 'ELEM20', 'ELEM21', 'ELEM22', 'ELEM23', 'ELEM24', 'ELEM25', 'ELEM26', 'ELEM27', 'ELEM28', 'ELEM29', 'ELEM30', 'ELEM31', 'ELEM32', 'ELEM33', 'ELEM34', 'ELEM35', 'ELEM36', 'ELEM37', 'ELEM38', 'ELEM39', 'ELEM40', 'ELEM41', 'ELEM42', 'ELEM43', 'ELEM44', 'ELEM45', 'ELEM46', 'ELEM47', 'ELEM48', 'ELEM49', 'ELEM50', 'ELEM51', 'ELEM52', 'ELEM53', 'ELEM54', 'ELEM55', 'ELEM56', 'ELEM57', 'ELEM58', 'ELEM59', 'ELEM60']
2025-02-23 18:42:47,495 - DEBUG - RHS values: {'ELEM1': 1.0, 'ELEM2': 1.0, 'ELEM3': 1.0, 'ELEM4': 1.0, 'ELEM5': 1.0, 'ELEM6': 1.0, 'ELEM7': 1.0, 'ELEM8': 1.0, 'ELEM9': 1.0, 'ELEM10': 1.0, 'ELEM11': 1.0, 'ELEM12': 1.0, 'ELEM13': 1.0, 'ELEM14': 1.0, 'ELEM15': 1.0, 'ELEM16': 1.0, 'ELEM17': 1.0, 'ELEM18': 1.0, 'ELEM19': 1.0, 'ELEM20': 1.0, 'ELEM21': 1.0, 'ELEM22': 1.0, 'ELEM23': 1.0, 'ELEM24': 1.0, 'ELEM25': 1.0, 'ELEM26': 1.0, 'ELEM27': 1.0, 'ELEM28': 1.0, 'ELEM29': 1.0, 'ELEM30': 1.0, 'ELEM31': 1.0, 'ELEM32': 1.0, 'ELEM33': 1.0, 'ELEM34': 1.0, 'ELEM35': 1.0, 'ELEM36': 1.0, 'ELEM37': 1.0, 'ELEM38': 1.0, 'ELEM39': 1.0, 'ELEM40': 1.0, 'ELEM41': 1.0, 'ELEM42': 1.0, 'ELEM43': 1.0, 'ELEM44': 1.0, 'ELEM45': 1.0, 'ELEM46': 1.0, 'ELEM47': 1.0, 'ELEM48': 1.0, 'ELEM49': 1.0, 'ELEM50': 1.0, 'ELEM51': 1.0, 'ELEM52': 1.0, 'ELEM53': 1.0, 'ELEM54': 1.0, 'ELEM55': 1.0, 'ELEM56': 1.0, 'ELEM57': 1.0, 'ELEM58': 1.0, 'ELEM59': 1.0, 'ELEM60': 1.0}
2025-02-23 18:42:47,509 - INFO -   Reference solution found:
2025-02-23 18:42:47,510 - INFO -     Solution: [0, 0, 0, 0, 0, 1, 1, 0, 0, 1, 1, 0, 1, 1, 0]
2025-02-23 18:42:47,510 - INFO -     Value: 256.0
2025-02-23 18:42:47,510 - INFO - 
Running QAOA Reference Solution (with all constraints):
