
Problem information:
  Number of variables (n): 15
  Number of constraints (m): 60

Starting reference QAOA with parameters:
  sample_size (total shots): 500
Added all constraints
No feasible solution found
  QAOA solver found no feasible solution

Running Constraint Generation:

Problem information:
  Number of variables (n): 15
  Number of constraints (m): 60

Running classical reference solver:
  Reference solution found:
    Solution: [1, 0, 0, 0, 0, 0, 0, 0, 0, 1, 0, 1, 0, 1, 1]
    Value: 90.0

Starting quantum constraint generation with parameters:
  sample_size (total shots): 500
  tau: 0.1
  max_iters: 1000

Iteration 0:
  No feasible solution found in this iteration
  Added 1 new constraints: [27]

Iteration 1:
  No feasible solution found in this iteration
  Added 1 new constraints: [16]

Iteration 2:
  No feasible solution found in this iteration
  Added 1 new constraints: [0]

Iteration 3:
  No feasible solution found in this iteration
  Added 2 new constraints: [1, 15]

Iteration 4:
  No feasible solution found in this iteration
  Added 1 new constraints: [2]

Iteration 5:
  No feasible solution found in this iteration
  No new constraints added, lowered tau multiplier: 1.0 -> 0.9
  Added 2 new constraints: [8, 50]

Iteration 6:
  No feasible solution found in this iteration
  No new constraints added, lowered tau multiplier: 1.0 -> 0.9
  Added 1 new constraints: [56]

Iteration 7:
  No feasible solution found in this iteration
  Added 1 new constraints: [20]

Iteration 8:
  No feasible solution found in this iteration
  No new constraints added, lowered tau multiplier: 1.0 -> 0.9
  Added 7 new constraints: [13, 14, 32, 33, 53, 57, 59]

Iteration 9:
  No feasible solution found in this iteration
  Added 2 new constraints: [30, 36]

Iteration 10:
  No feasible solution found in this iteration
  Added 1 new constraints: [42]

Iteration 11:
  No feasible solution found in this iteration
  Added 3 new constraints: [22, 37, 51]

Iteration 12:
Found feasible solution: [1 0 0 0 0 0 0 0 0 1 0 1 0 1 1] with objective value 90.0
  Found feasible solution:
    Solution: [1, 0, 0, 0, 0, 0, 0, 0, 0, 1, 0, 1, 0, 1, 1]
    Value: 90.0
    Gap to reference: 0.00%
  Constraint generation solution found:
    Solution: [1, 0, 0, 0, 0, 0, 0, 0, 0, 1, 0, 1, 0, 1, 1]
    Value: 90.0

Instance 7 results:
  Classical value: 90.0
  QAOA value: 0.0
  Constraint generation value: 90.0

Running instance 8/100

Running Classical Reference Solver (SCIP):
  Reference solution found:
    Solution: [0, 0, 0, 0, 0, 1, 1, 0, 0, 1, 1, 0, 1, 1, 0]
    Value: 256.0

Running QAOA Reference Solution (with all constraints):
