2025-02-24 15:42:10,471 - INFO - 
Problem information:
2025-02-24 15:42:10,471 - INFO -   Number of variables (n): 12
2025-02-24 15:42:10,471 - INFO -   Number of constraints (m): 40
2025-02-24 15:42:10,471 - DEBUG -   Density of A: 21.88%
2025-02-24 15:42:10,471 - INFO - 
Starting reference QAOA with parameters:
2025-02-24 15:42:10,472 - INFO -   sample_size (total shots): 1000
2025-02-24 15:42:10,472 - INFO - Added all constraints
2025-02-24 15:42:10,472 - DEBUG - Generated Ising Hamiltonian
2025-02-24 15:42:10,729 - DEBUG - Optimizing QAOA circuit...
2025-02-24 15:42:16,276 - DEBUG - Circuit optimization successful
2025-02-24 15:42:16,277 - DEBUG - Circuit optimization successful, final value: 34530.26998001999
2025-02-24 15:42:16,277 - DEBUG - Sampling from optimized circuit...
2025-02-24 15:42:16,328 - DEBUG - Generated 516 unique samples from 1000 total measurements
2025-02-24 15:42:16,328 - DEBUG - 
Top 5 most frequent samples:
2025-02-24 15:42:16,329 - DEBUG -   Rank | Count |   %   
2025-02-24 15:42:16,329 - DEBUG -   -----|-------|-------
2025-02-24 15:42:16,329 - DEBUG -      1 |    26 |   2.6
2025-02-24 15:42:16,329 - DEBUG -     Sample: [0 1 1 1 1 0 1 1 0 1 1 1]
2025-02-24 15:42:16,329 - DEBUG -      2 |    18 |   1.8
2025-02-24 15:42:16,329 - DEBUG -     Sample: [0 1 1 1 0 0 0 1 0 1 1 1]
2025-02-24 15:42:16,330 - DEBUG -      3 |    16 |   1.6
2025-02-24 15:42:16,330 - DEBUG -     Sample: [0 1 1 1 1 0 0 1 0 1 1 1]
2025-02-24 15:42:16,330 - DEBUG -      4 |    15 |   1.5
2025-02-24 15:42:16,330 - DEBUG -     Sample: [0 1 1 1 1 0 0 1 0 1 1 0]
2025-02-24 15:42:16,330 - DEBUG -      5 |    11 |   1.1
2025-02-24 15:42:16,330 - DEBUG -     Sample: [1 1 1 1 1 0 0 1 0 1 1 1]
2025-02-24 15:42:16,332 - DEBUG - Generated 516 unique samples from 1000 total measurements
2025-02-24 15:42:16,342 - INFO - No feasible solution found
2025-02-24 15:42:16,343 - INFO -   QAOA solver found no feasible solution
2025-02-24 15:42:16,343 - INFO - 
Running Constraint Generation:
2025-02-24 15:42:16,345 - INFO - 
Problem information:
2025-02-24 15:42:16,345 - INFO -   Number of variables (n): 12
2025-02-24 15:42:16,345 - INFO -   Number of constraints (m): 40
2025-02-24 15:42:16,345 - DEBUG -   Density of A: 21.88%
2025-02-24 15:42:16,345 - INFO - 
Running classical reference solver:
2025-02-24 15:42:16,356 - INFO -   Reference solution found:
2025-02-24 15:42:16,356 - INFO -     Solution: [0, 1, 1, 0, 1, 0, 0, 1, 0, 1, 0, 0]
2025-02-24 15:42:16,356 - INFO -     Value: 200.0
2025-02-24 15:42:16,356 - INFO - 
Starting quantum constraint generation with parameters:
2025-02-24 15:42:16,356 - INFO -   sample_size (total shots): 1000
2025-02-24 15:42:16,357 - INFO -   tau: 0.1
2025-02-24 15:42:16,357 - INFO -   max_iters: 1000
2025-02-24 15:42:16,357 - INFO - 
Iteration 0:
2025-02-24 15:42:16,357 - DEBUG - Generated Ising Hamiltonian
2025-02-24 15:42:16,592 - DEBUG - Optimizing QAOA circuit...
2025-02-24 15:42:18,250 - DEBUG - Circuit optimization successful
2025-02-24 15:42:18,251 - DEBUG - Circuit optimization successful, final value: -155.35964035964037
2025-02-24 15:42:18,251 - DEBUG - Sampling from optimized circuit...
2025-02-24 15:42:18,273 - DEBUG - Generated 201 unique samples from 1000 total measurements
2025-02-24 15:42:18,273 - DEBUG - 
Top 5 most frequent samples:
2025-02-24 15:42:18,273 - DEBUG -   Rank | Count |   %   
2025-02-24 15:42:18,273 - DEBUG -   -----|-------|-------
2025-02-24 15:42:18,273 - DEBUG -      1 |   101 |  10.1
2025-02-24 15:42:18,274 - DEBUG -     Sample: [1 1 1 1 1 0 1 1 1 0 0 1]
2025-02-24 15:42:18,274 - DEBUG -      2 |    78 |   7.8
2025-02-24 15:42:18,274 - DEBUG -     Sample: [1 1 1 1 1 0 0 1 1 0 0 1]
2025-02-24 15:42:18,274 - DEBUG -      3 |    45 |   4.5
2025-02-24 15:42:18,274 - DEBUG -     Sample: [1 1 1 1 1 0 1 1 1 1 0 1]
2025-02-24 15:42:18,275 - DEBUG -      4 |    34 |   3.4
2025-02-24 15:42:18,275 - DEBUG -     Sample: [0 1 1 1 1 0 1 1 1 0 0 1]
2025-02-24 15:42:18,275 - DEBUG -      5 |    34 |   3.4
2025-02-24 15:42:18,276 - DEBUG -     Sample: [1 1 1 1 1 0 0 1 1 0 0 0]
2025-02-24 15:42:18,277 - DEBUG - Generated 201 unique samples from 1000 total measurements
2025-02-24 15:42:18,282 - INFO -   No feasible solution found in this iteration
2025-02-24 15:42:18,283 - INFO -   Added 1 new constraints: [30]
2025-02-24 15:42:18,283 - INFO - 
Iteration 1:
2025-02-24 15:42:18,284 - DEBUG - Generated Ising Hamiltonian
2025-02-24 15:42:18,520 - DEBUG - Optimizing QAOA circuit...
2025-02-24 15:42:20,539 - DEBUG - Circuit optimization successful
2025-02-24 15:42:20,539 - DEBUG - Circuit optimization successful, final value: -6285.1486013986005
2025-02-24 15:42:20,539 - DEBUG - Sampling from optimized circuit...
2025-02-24 15:42:20,563 - DEBUG - Generated 296 unique samples from 1000 total measurements
2025-02-24 15:42:20,564 - DEBUG - 
Top 5 most frequent samples:
2025-02-24 15:42:20,564 - DEBUG -   Rank | Count |   %   
2025-02-24 15:42:20,564 - DEBUG -   -----|-------|-------
2025-02-24 15:42:20,564 - DEBUG -      1 |    59 |   5.9
2025-02-24 15:42:20,564 - DEBUG -     Sample: [0 0 0 0 1 0 0 1 0 1 1 1]
2025-02-24 15:42:20,565 - DEBUG -      2 |    40 |   4.0
2025-02-24 15:42:20,565 - DEBUG -     Sample: [0 0 0 0 1 0 0 1 0 1 1 0]
2025-02-24 15:42:20,565 - DEBUG -      3 |    30 |   3.0
2025-02-24 15:42:20,565 - DEBUG -     Sample: [0 0 1 0 1 0 0 1 0 1 1 1]
2025-02-24 15:42:20,565 - DEBUG -      4 |    25 |   2.5
2025-02-24 15:42:20,566 - DEBUG -     Sample: [0 0 0 0 1 1 0 1 0 1 1 1]
2025-02-24 15:42:20,566 - DEBUG -      5 |    24 |   2.4
2025-02-24 15:42:20,566 - DEBUG -     Sample: [0 0 0 0 1 0 1 1 0 1 1 1]
2025-02-24 15:42:20,567 - DEBUG - Generated 296 unique samples from 1000 total measurements
2025-02-24 15:42:20,570 - INFO - Found feasible solution: [0 1 1 0 1 0 0 1 0 1 0 0] with objective value 200.0
2025-02-24 15:42:20,573 - INFO -   Found feasible solution:
2025-02-24 15:42:20,573 - INFO -     Solution: [0, 1, 1, 0, 1, 0, 0, 1, 0, 1, 0, 0]
2025-02-24 15:42:20,573 - INFO -     Value: 200.0
2025-02-24 15:42:20,573 - INFO -     Gap to reference: 0.00%
2025-02-24 15:42:20,573 - INFO -   Constraint generation solution found:
2025-02-24 15:42:20,574 - INFO -     Solution: [0, 1, 1, 0, 1, 0, 0, 1, 0, 1, 0, 0]
2025-02-24 15:42:20,574 - INFO -     Value: 200.0
2025-02-24 15:42:20,574 - INFO - 
Instance 67 results:
2025-02-24 15:42:20,574 - INFO -   Classical value: 200.0
2025-02-24 15:42:20,574 - INFO -   QAOA value: 0.0
2025-02-24 15:42:20,574 - INFO -   Constraint generation value: 200.0
2025-02-24 15:42:20,575 - INFO - 
Running instance 68/100
2025-02-24 15:42:20,577 - INFO - 
Running Classical Reference Solver (SCIP):
2025-02-24 15:42:20,579 - DEBUG - Problem dimensions: 40 constraints, 12 variables
2025-02-24 15:42:20,579 - DEBUG - Row names: ['ELEM1', 'ELEM2', 'ELEM3', 'ELEM4', 'ELEM5', 'ELEM6', 'ELEM7', 'ELEM8', 'ELEM9', 'ELEM10', 'ELEM11', 'ELEM12', 'ELEM13', 'ELEM14', 'ELEM15', 'ELEM16', 'ELEM17', 'ELEM18', 'ELEM19', 'ELEM20', 'ELEM21', 'ELEM22', 'ELEM23', 'ELEM24', 'ELEM25', 'ELEM26', 'ELEM27', 'ELEM28', 'ELEM29', 'ELEM30', 'ELEM31', 'ELEM32', 'ELEM33', 'ELEM34', 'ELEM35', 'ELEM36', 'ELEM37', 'ELEM38', 'ELEM39', 'ELEM40']
2025-02-24 15:42:20,579 - DEBUG - RHS values: {'ELEM1': 1.0, 'ELEM2': 1.0, 'ELEM3': 1.0, 'ELEM4': 1.0, 'ELEM5': 1.0, 'ELEM6': 1.0, 'ELEM7': 1.0, 'ELEM8': 1.0, 'ELEM9': 1.0, 'ELEM10': 1.0, 'ELEM11': 1.0, 'ELEM12': 1.0, 'ELEM13': 1.0, 'ELEM14': 1.0, 'ELEM15': 1.0, 'ELEM16': 1.0, 'ELEM17': 1.0, 'ELEM18': 1.0, 'ELEM19': 1.0, 'ELEM20': 1.0, 'ELEM21': 1.0, 'ELEM22': 1.0, 'ELEM23': 1.0, 'ELEM24': 1.0, 'ELEM25': 1.0, 'ELEM26': 1.0, 'ELEM27': 1.0, 'ELEM28': 1.0, 'ELEM29': 1.0, 'ELEM30': 1.0, 'ELEM31': 1.0, 'ELEM32': 1.0, 'ELEM33': 1.0, 'ELEM34': 1.0, 'ELEM35': 1.0, 'ELEM36': 1.0, 'ELEM37': 1.0, 'ELEM38': 1.0, 'ELEM39': 1.0, 'ELEM40': 1.0}
2025-02-24 15:42:20,590 - INFO -   Reference solution found:
2025-02-24 15:42:20,590 - INFO -     Solution: [0, 1, 1, 1, 0, 0, 0, 0, 0, 0, 0, 0]
2025-02-24 15:42:20,591 - INFO -     Value: 141.0
2025-02-24 15:42:20,591 - INFO - 
Running QAOA Reference Solution (with all constraints):
