
Problem information:
  Number of variables (n): 12
  Number of constraints (m): 40

Starting reference QAOA with parameters:
  sample_size (total shots): 1000
Added all constraints
No feasible solution found
  QAOA solver found no feasible solution

Running Constraint Generation:

Problem information:
  Number of variables (n): 12
  Number of constraints (m): 40

Running classical reference solver:
  Reference solution found:
    Solution: [0, 1, 1, 0, 1, 0, 0, 1, 0, 1, 0, 0]
    Value: 200.0

Starting quantum constraint generation with parameters:
  sample_size (total shots): 1000
  tau: 0.1
  max_iters: 1000

Iteration 0:
  No feasible solution found in this iteration
  Added 1 new constraints: [30]

Iteration 1:
Found feasible solution: [0 1 1 0 1 0 0 1 0 1 0 0] with objective value 200.0
  Found feasible solution:
    Solution: [0, 1, 1, 0, 1, 0, 0, 1, 0, 1, 0, 0]
    Value: 200.0
    Gap to reference: 0.00%
  Constraint generation solution found:
    Solution: [0, 1, 1, 0, 1, 0, 0, 1, 0, 1, 0, 0]
    Value: 200.0

Instance 67 results:
  Classical value: 200.0
  QAOA value: 0.0
  Constraint generation value: 200.0

Running instance 68/100

Running Classical Reference Solver (SCIP):
  Reference solution found:
    Solution: [0, 1, 1, 1, 0, 0, 0, 0, 0, 0, 0, 0]
    Value: 141.0

Running QAOA Reference Solution (with all constraints):
