2025-02-24 16:49:02,560 - INFO - 
Problem information:
2025-02-24 16:49:02,560 - INFO -   Number of variables (n): 8
2025-02-24 16:49:02,560 - INFO -   Number of constraints (m): 25
2025-02-24 16:49:02,560 - DEBUG -   Density of A: 26.00%
2025-02-24 16:49:02,560 - INFO - 
Starting reference QAOA with parameters:
2025-02-24 16:49:02,560 - INFO -   sample_size (total shots): 500
2025-02-24 16:49:02,561 - INFO - Added all constraints
2025-02-24 16:49:02,561 - DEBUG - Generated Ising Hamiltonian
2025-02-24 16:49:02,932 - DEBUG - Optimizing QAOA circuit...
2025-02-24 16:49:05,244 - DEBUG - Circuit optimization successful
2025-02-24 16:49:05,245 - DEBUG - Circuit optimization successful, final value: 12182.977022977022
2025-02-24 16:49:05,245 - DEBUG - Sampling from optimized circuit...
2025-02-24 16:49:05,263 - DEBUG - Generated 95 unique samples from 500 total measurements
2025-02-24 16:49:05,263 - DEBUG - 
Top 5 most frequent samples:
2025-02-24 16:49:05,263 - DEBUG -   Rank | Count |   %   
2025-02-24 16:49:05,263 - DEBUG -   -----|-------|-------
2025-02-24 16:49:05,264 - DEBUG -      1 |    60 |  12.0
2025-02-24 16:49:05,264 - DEBUG -     Sample: [0 1 0 0 0 1 1 1]
2025-02-24 16:49:05,264 - DEBUG -      2 |    52 |  10.4
2025-02-24 16:49:05,264 - DEBUG -     Sample: [1 1 0 0 0 1 1 1]
2025-02-24 16:49:05,264 - DEBUG -      3 |    32 |   6.4
2025-02-24 16:49:05,264 - DEBUG -     Sample: [1 1 0 0 0 0 1 1]
2025-02-24 16:49:05,265 - DEBUG -      4 |    27 |   5.4
2025-02-24 16:49:05,265 - DEBUG -     Sample: [0 1 0 0 0 0 1 1]
2025-02-24 16:49:05,265 - DEBUG -      5 |    24 |   4.8
2025-02-24 16:49:05,265 - DEBUG -     Sample: [1 1 0 0 1 1 1 1]
2025-02-24 16:49:05,266 - DEBUG - Generated 95 unique samples from 500 total measurements
2025-02-24 16:49:05,267 - INFO - Found feasible solution: [0 1 0 1 0 0 0 1] with objective value 95.0
2025-02-24 16:49:05,268 - INFO - Found feasible solution:
2025-02-24 16:49:05,268 - INFO -   Solution: [0, 1, 0, 1, 0, 0, 0, 1]
2025-02-24 16:49:05,268 - INFO -   Value: 95.0
2025-02-24 16:49:05,269 - INFO -   QAOA solution found:
2025-02-24 16:49:05,269 - INFO -     Solution: [0, 1, 0, 1, 0, 0, 0, 1]
2025-02-24 16:49:05,269 - INFO -     Value: 95.0
2025-02-24 16:49:05,269 - INFO - 
Running Constraint Generation:
2025-02-24 16:49:05,270 - INFO - 
Problem information:
2025-02-24 16:49:05,271 - INFO -   Number of variables (n): 8
2025-02-24 16:49:05,271 - INFO -   Number of constraints (m): 25
2025-02-24 16:49:05,271 - DEBUG -   Density of A: 26.00%
2025-02-24 16:49:05,271 - INFO - 
Running classical reference solver:
2025-02-24 16:49:05,281 - INFO -   Reference solution found:
2025-02-24 16:49:05,282 - INFO -     Solution: [0, 1, 0, 1, 0, 0, 0, 1]
2025-02-24 16:49:05,282 - INFO -     Value: 95.0
2025-02-24 16:49:05,282 - INFO - 
Starting quantum constraint generation with parameters:
2025-02-24 16:49:05,282 - INFO -   sample_size (total shots): 500
2025-02-24 16:49:05,282 - INFO -   tau: 0.1
2025-02-24 16:49:05,282 - INFO -   max_iters: 1000
2025-02-24 16:49:05,283 - INFO - 
Iteration 0:
2025-02-24 16:49:05,283 - DEBUG - Generated Ising Hamiltonian
2025-02-24 16:49:05,543 - DEBUG - Optimizing QAOA circuit...
2025-02-24 16:49:07,709 - DEBUG - Circuit optimization successful
2025-02-24 16:49:07,709 - DEBUG - Circuit optimization successful, final value: -141.91708291708292
2025-02-24 16:49:07,710 - DEBUG - Sampling from optimized circuit...
2025-02-24 16:49:07,726 - DEBUG - Generated 122 unique samples from 500 total measurements
2025-02-24 16:49:07,726 - DEBUG - 
Top 5 most frequent samples:
2025-02-24 16:49:07,726 - DEBUG -   Rank | Count |   %   
2025-02-24 16:49:07,726 - DEBUG -   -----|-------|-------
2025-02-24 16:49:07,726 - DEBUG -      1 |    29 |   5.8
2025-02-24 16:49:07,727 - DEBUG -     Sample: [1 0 0 1 1 1 0 1]
2025-02-24 16:49:07,727 - DEBUG -      2 |    26 |   5.2
2025-02-24 16:49:07,727 - DEBUG -     Sample: [1 0 1 1 1 1 0 1]
2025-02-24 16:49:07,727 - DEBUG -      3 |    21 |   4.2
2025-02-24 16:49:07,728 - DEBUG -     Sample: [1 0 0 0 1 1 0 1]
2025-02-24 16:49:07,728 - DEBUG -      4 |    20 |   4.0
2025-02-24 16:49:07,728 - DEBUG -     Sample: [1 0 1 1 1 1 0 0]
2025-02-24 16:49:07,728 - DEBUG -      5 |    19 |   3.8
2025-02-24 16:49:07,729 - DEBUG -     Sample: [1 0 0 1 1 1 0 0]
2025-02-24 16:49:07,729 - DEBUG - Generated 122 unique samples from 500 total measurements
2025-02-24 16:49:07,732 - INFO - Found feasible solution: [1 0 0 0 1 0 1 0] with objective value 182.0
2025-02-24 16:49:07,733 - INFO -   Found feasible solution:
2025-02-24 16:49:07,734 - INFO -     Solution: [1, 0, 0, 0, 1, 0, 1, 0]
2025-02-24 16:49:07,734 - INFO -     Value: 182.0
2025-02-24 16:49:07,734 - INFO -     Gap to reference: 91.58%
2025-02-24 16:49:07,734 - INFO -   Constraint generation solution found:
2025-02-24 16:49:07,735 - INFO -     Solution: [1, 0, 0, 0, 1, 0, 1, 0]
2025-02-24 16:49:07,735 - INFO -     Value: 182.0
2025-02-24 16:49:07,735 - INFO - 
Instance 34 results:
2025-02-24 16:49:07,735 - INFO -   Classical value: 95.0
2025-02-24 16:49:07,735 - INFO -   QAOA value: 95.0
2025-02-24 16:49:07,735 - INFO -   Constraint generation value: 182.0
2025-02-24 16:49:07,736 - INFO - 
Running instance 35/100
2025-02-24 16:49:07,737 - INFO - 
Running Classical Reference Solver (SCIP):
2025-02-24 16:49:07,738 - DEBUG - Problem dimensions: 25 constraints, 8 variables
2025-02-24 16:49:07,739 - DEBUG - Row names: ['ELEM1', 'ELEM2', 'ELEM3', 'ELEM4', 'ELEM5', 'ELEM6', 'ELEM7', 'ELEM8', 'ELEM9', 'ELEM10', 'ELEM11', 'ELEM12', 'ELEM13', 'ELEM14', 'ELEM15', 'ELEM16', 'ELEM17', 'ELEM18', 'ELEM19', 'ELEM20', 'ELEM21', 'ELEM22', 'ELEM23', 'ELEM24', 'ELEM25']
2025-02-24 16:49:07,739 - DEBUG - RHS values: {'ELEM1': 1.0, 'ELEM2': 1.0, 'ELEM3': 1.0, 'ELEM4': 1.0, 'ELEM5': 1.0, 'ELEM6': 1.0, 'ELEM7': 1.0, 'ELEM8': 1.0, 'ELEM9': 1.0, 'ELEM10': 1.0, 'ELEM11': 1.0, 'ELEM12': 1.0, 'ELEM13': 1.0, 'ELEM14': 1.0, 'ELEM15': 1.0, 'ELEM16': 1.0, 'ELEM17': 1.0, 'ELEM18': 1.0, 'ELEM19': 1.0, 'ELEM20': 1.0, 'ELEM21': 1.0, 'ELEM22': 1.0, 'ELEM23': 1.0, 'ELEM24': 1.0, 'ELEM25': 1.0}
2025-02-24 16:49:07,750 - INFO -   Reference solution found:
2025-02-24 16:49:07,750 - INFO -     Solution: [1, 1, 1, 0, 0, 0, 0, 0]
2025-02-24 16:49:07,750 - INFO -     Value: 78.0
2025-02-24 16:49:07,751 - INFO - 
Running QAOA Reference Solution (with all constraints):
