2025-02-23 18:47:34,313 - INFO - 
Problem information:
2025-02-23 18:47:34,313 - INFO -   Number of variables (n): 10
2025-02-23 18:47:34,313 - INFO -   Number of constraints (m): 20
2025-02-23 18:47:34,314 - DEBUG -   Density of A: 50.00%
2025-02-23 18:47:34,314 - INFO - 
Starting reference QAOA with parameters:
2025-02-23 18:47:34,314 - INFO -   sample_size (total shots): 100
2025-02-23 18:47:34,314 - INFO - Added all constraints
2025-02-23 18:47:34,314 - DEBUG - Generated Ising Hamiltonian
2025-02-23 18:47:34,531 - DEBUG - Optimizing QAOA circuit...
2025-02-23 18:47:36,185 - DEBUG - Circuit optimization successful
2025-02-23 18:47:36,186 - DEBUG - Circuit optimization successful, final value: 9478.331668331668
2025-02-23 18:47:36,186 - DEBUG - Sampling from optimized circuit...
2025-02-23 18:47:36,201 - DEBUG - Generated 90 unique samples from 100 total measurements
2025-02-23 18:47:36,202 - DEBUG - 
Top 5 most frequent samples:
2025-02-23 18:47:36,202 - DEBUG -   Rank | Count |   %   
2025-02-23 18:47:36,202 - DEBUG -   -----|-------|-------
2025-02-23 18:47:36,202 - DEBUG -      1 |     3 |   3.0
2025-02-23 18:47:36,203 - DEBUG -     Sample: [1 1 0 1 1 1 1 1 0 1]
2025-02-23 18:47:36,203 - DEBUG -      2 |     3 |   3.0
2025-02-23 18:47:36,203 - DEBUG -     Sample: [1 1 0 0 1 0 0 1 1 1]
2025-02-23 18:47:36,203 - DEBUG -      3 |     2 |   2.0
2025-02-23 18:47:36,204 - DEBUG -     Sample: [0 0 1 1 0 0 1 1 1 0]
2025-02-23 18:47:36,204 - DEBUG -      4 |     2 |   2.0
2025-02-23 18:47:36,204 - DEBUG -     Sample: [1 0 1 0 0 0 1 0 1 1]
2025-02-23 18:47:36,204 - DEBUG -      5 |     2 |   2.0
2025-02-23 18:47:36,204 - DEBUG -     Sample: [1 1 0 1 0 1 1 0 0 1]
2025-02-23 18:47:36,205 - DEBUG - Generated 90 unique samples from 100 total measurements
2025-02-23 18:47:36,207 - INFO - No feasible solution found
2025-02-23 18:47:36,207 - INFO -   QAOA solver found no feasible solution
2025-02-23 18:47:36,208 - INFO - 
Running Constraint Generation:
2025-02-23 18:47:36,209 - INFO - 
Problem information:
2025-02-23 18:47:36,209 - INFO -   Number of variables (n): 10
2025-02-23 18:47:36,210 - INFO -   Number of constraints (m): 20
2025-02-23 18:47:36,210 - DEBUG -   Density of A: 50.00%
2025-02-23 18:47:36,210 - INFO - 
Running classical reference solver:
2025-02-23 18:47:36,222 - INFO -   Reference solution found:
2025-02-23 18:47:36,222 - INFO -     Solution: [1, 0, 1, 0, 0, 0, 0, 0, 0, 0]
2025-02-23 18:47:36,222 - INFO -     Value: 67.0
2025-02-23 18:47:36,222 - INFO - 
Starting quantum constraint generation with parameters:
2025-02-23 18:47:36,222 - INFO -   sample_size (total shots): 100
2025-02-23 18:47:36,222 - INFO -   tau: 0.1
2025-02-23 18:47:36,223 - INFO -   max_iters: 1000
2025-02-23 18:47:36,223 - INFO - 
Iteration 0:
2025-02-23 18:47:36,223 - DEBUG - Generated Ising Hamiltonian
2025-02-23 18:47:36,458 - DEBUG - Optimizing QAOA circuit...
2025-02-23 18:47:37,360 - DEBUG - Circuit optimization successful
2025-02-23 18:47:37,361 - DEBUG - Circuit optimization successful, final value: -186.49250749250749
2025-02-23 18:47:37,361 - DEBUG - Sampling from optimized circuit...
2025-02-23 18:47:37,370 - DEBUG - Generated 62 unique samples from 100 total measurements
2025-02-23 18:47:37,370 - DEBUG - 
Top 5 most frequent samples:
2025-02-23 18:47:37,371 - DEBUG -   Rank | Count |   %   
2025-02-23 18:47:37,371 - DEBUG -   -----|-------|-------
2025-02-23 18:47:37,371 - DEBUG -      1 |     5 |   5.0
2025-02-23 18:47:37,371 - DEBUG -     Sample: [1 1 0 1 0 1 0 0 1 1]
2025-02-23 18:47:37,371 - DEBUG -      2 |     5 |   5.0
2025-02-23 18:47:37,371 - DEBUG -     Sample: [1 1 0 1 0 0 0 1 1 1]
2025-02-23 18:47:37,371 - DEBUG -      3 |     5 |   5.0
2025-02-23 18:47:37,372 - DEBUG -     Sample: [1 1 0 1 0 0 0 0 1 1]
2025-02-23 18:47:37,372 - DEBUG -      4 |     4 |   4.0
2025-02-23 18:47:37,372 - DEBUG -     Sample: [1 1 0 1 0 0 1 0 1 1]
2025-02-23 18:47:37,372 - DEBUG -      5 |     4 |   4.0
2025-02-23 18:47:37,372 - DEBUG -     Sample: [1 1 0 1 0 1 1 0 1 1]
2025-02-23 18:47:37,373 - DEBUG - Generated 62 unique samples from 100 total measurements
2025-02-23 18:47:37,374 - INFO -   No feasible solution found in this iteration
2025-02-23 18:47:37,374 - INFO -   Added 5 new constraints: [5, 9, 10, 15, 16]
2025-02-23 18:47:37,374 - INFO - 
Iteration 1:
2025-02-23 18:47:37,375 - DEBUG - Generated Ising Hamiltonian
2025-02-23 18:47:37,581 - DEBUG - Optimizing QAOA circuit...
2025-02-23 18:47:39,164 - DEBUG - Circuit optimization successful
2025-02-23 18:47:39,164 - DEBUG - Circuit optimization successful, final value: -645.7717282717283
2025-02-23 18:47:39,164 - DEBUG - Sampling from optimized circuit...
2025-02-23 18:47:39,175 - DEBUG - Generated 92 unique samples from 100 total measurements
2025-02-23 18:47:39,175 - DEBUG - 
Top 5 most frequent samples:
2025-02-23 18:47:39,175 - DEBUG -   Rank | Count |   %   
2025-02-23 18:47:39,175 - DEBUG -   -----|-------|-------
2025-02-23 18:47:39,175 - DEBUG -      1 |     2 |   2.0
2025-02-23 18:47:39,176 - DEBUG -     Sample: [0 0 0 1 0 1 1 0 0 1]
2025-02-23 18:47:39,176 - DEBUG -      2 |     2 |   2.0
2025-02-23 18:47:39,176 - DEBUG -     Sample: [0 0 0 1 1 1 0 1 1 1]
2025-02-23 18:47:39,176 - DEBUG -      3 |     2 |   2.0
2025-02-23 18:47:39,176 - DEBUG -     Sample: [1 1 0 1 0 1 1 0 0 1]
2025-02-23 18:47:39,176 - DEBUG -      4 |     2 |   2.0
2025-02-23 18:47:39,177 - DEBUG -     Sample: [1 1 0 0 0 0 0 0 0 0]
2025-02-23 18:47:39,177 - DEBUG -      5 |     2 |   2.0
2025-02-23 18:47:39,177 - DEBUG -     Sample: [0 0 1 1 1 1 1 0 0 0]
2025-02-23 18:47:39,177 - DEBUG - Generated 92 unique samples from 100 total measurements
2025-02-23 18:47:39,179 - INFO -   No feasible solution found in this iteration
2025-02-23 18:47:39,179 - INFO -   Added 1 new constraints: [3]
2025-02-23 18:47:39,179 - INFO - 
Iteration 2:
2025-02-23 18:47:39,179 - DEBUG - Generated Ising Hamiltonian
2025-02-23 18:47:39,362 - DEBUG - Optimizing QAOA circuit...
2025-02-23 18:47:40,605 - DEBUG - Circuit optimization successful
2025-02-23 18:47:40,605 - DEBUG - Circuit optimization successful, final value: -1209.6553446553446
2025-02-23 18:47:40,605 - DEBUG - Sampling from optimized circuit...
2025-02-23 18:47:40,616 - DEBUG - Generated 96 unique samples from 100 total measurements
2025-02-23 18:47:40,616 - DEBUG - 
Top 5 most frequent samples:
2025-02-23 18:47:40,617 - DEBUG -   Rank | Count |   %   
2025-02-23 18:47:40,617 - DEBUG -   -----|-------|-------
2025-02-23 18:47:40,617 - DEBUG -      1 |     2 |   2.0
2025-02-23 18:47:40,617 - DEBUG -     Sample: [0 1 1 0 1 1 0 0 1 0]
2025-02-23 18:47:40,617 - DEBUG -      2 |     2 |   2.0
2025-02-23 18:47:40,617 - DEBUG -     Sample: [1 1 0 1 1 1 0 1 0 0]
2025-02-23 18:47:40,617 - DEBUG -      3 |     2 |   2.0
2025-02-23 18:47:40,618 - DEBUG -     Sample: [1 0 0 0 1 1 1 1 0 0]
2025-02-23 18:47:40,618 - DEBUG -      4 |     2 |   2.0
2025-02-23 18:47:40,618 - DEBUG -     Sample: [0 1 0 0 0 0 1 1 0 0]
2025-02-23 18:47:40,618 - DEBUG -      5 |     1 |   1.0
2025-02-23 18:47:40,618 - DEBUG -     Sample: [0 1 0 1 0 0 0 0 1 1]
2025-02-23 18:47:40,618 - DEBUG - Generated 96 unique samples from 100 total measurements
2025-02-23 18:47:40,620 - INFO - Found feasible solution: [0 0 0 0 0 0 1 0 1 0] with objective value 78.0
2025-02-23 18:47:40,620 - INFO -   Found feasible solution:
2025-02-23 18:47:40,621 - INFO -     Solution: [0, 0, 0, 0, 0, 0, 1, 0, 1, 0]
2025-02-23 18:47:40,621 - INFO -     Value: 78.0
2025-02-23 18:47:40,621 - INFO -     Gap to reference: 16.42%
2025-02-23 18:47:40,621 - INFO -   Constraint generation solution found:
2025-02-23 18:47:40,621 - INFO -     Solution: [0, 0, 0, 0, 0, 0, 1, 0, 1, 0]
2025-02-23 18:47:40,621 - INFO -     Value: 78.0
2025-02-23 18:47:40,622 - INFO - 
Instance 25 results:
2025-02-23 18:47:40,622 - INFO -   Classical value: 67.0
2025-02-23 18:47:40,622 - INFO -   QAOA value: 0.0
2025-02-23 18:47:40,622 - INFO -   Constraint generation value: 78.0
2025-02-23 18:47:40,622 - INFO - 
Running instance 26/100
2025-02-23 18:47:40,623 - INFO - 
Running Classical Reference Solver (SCIP):
2025-02-23 18:47:40,624 - DEBUG - Problem dimensions: 20 constraints, 10 variables
2025-02-23 18:47:40,624 - DEBUG - Row names: ['ELEM1', 'ELEM2', 'ELEM3', 'ELEM4', 'ELEM5', 'ELEM6', 'ELEM7', 'ELEM8', 'ELEM9', 'ELEM10', 'ELEM11', 'ELEM12', 'ELEM13', 'ELEM14', 'ELEM15', 'ELEM16', 'ELEM17', 'ELEM18', 'ELEM19', 'ELEM20']
2025-02-23 18:47:40,625 - DEBUG - RHS values: {'ELEM1': 1.0, 'ELEM2': 1.0, 'ELEM3': 1.0, 'ELEM4': 1.0, 'ELEM5': 1.0, 'ELEM6': 1.0, 'ELEM7': 1.0, 'ELEM8': 1.0, 'ELEM9': 1.0, 'ELEM10': 1.0, 'ELEM11': 1.0, 'ELEM12': 1.0, 'ELEM13': 1.0, 'ELEM14': 1.0, 'ELEM15': 1.0, 'ELEM16': 1.0, 'ELEM17': 1.0, 'ELEM18': 1.0, 'ELEM19': 1.0, 'ELEM20': 1.0}
2025-02-23 18:47:40,634 - INFO -   Reference solution found:
2025-02-23 18:47:40,634 - INFO -     Solution: [0, 0, 0, 1, 0, 0, 0, 0, 0, 1]
2025-02-23 18:47:40,635 - INFO -     Value: 62.0
2025-02-23 18:47:40,635 - INFO - 
Running QAOA Reference Solution (with all constraints):
