
Problem information:
  Number of variables (n): 10
  Number of constraints (m): 20

Starting reference QAOA with parameters:
  sample_size (total shots): 100
Added all constraints
No feasible solution found
  QAOA solver found no feasible solution

Running Constraint Generation:

Problem information:
  Number of variables (n): 10
  Number of constraints (m): 20

Running classical reference solver:
  Reference solution found:
    Solution: [1, 0, 1, 0, 0, 0, 0, 0, 0, 0]
    Value: 67.0

Starting quantum constraint generation with parameters:
  sample_size (total shots): 100
  tau: 0.1
  max_iters: 1000

Iteration 0:
  No feasible solution found in this iteration
  Added 5 new constraints: [5, 9, 10, 15, 16]

Iteration 1:
  No feasible solution found in this iteration
  Added 1 new constraints: [3]

Iteration 2:
Found feasible solution: [0 0 0 0 0 0 1 0 1 0] with objective value 78.0
  Found feasible solution:
    Solution: [0, 0, 0, 0, 0, 0, 1, 0, 1, 0]
    Value: 78.0
    Gap to reference: 16.42%
  Constraint generation solution found:
    Solution: [0, 0, 0, 0, 0, 0, 1, 0, 1, 0]
    Value: 78.0

Instance 25 results:
  Classical value: 67.0
  QAOA value: 0.0
  Constraint generation value: 78.0

Running instance 26/100

Running Classical Reference Solver (SCIP):
  Reference solution found:
    Solution: [0, 0, 0, 1, 0, 0, 0, 0, 0, 1]
    Value: 62.0

Running QAOA Reference Solution (with all constraints):
