2025-02-24 14:20:43,936 - INFO - 
Problem information:
2025-02-24 14:20:43,937 - INFO -   Number of variables (n): 12
2025-02-24 14:20:43,937 - INFO -   Number of constraints (m): 40
2025-02-24 14:20:43,937 - DEBUG -   Density of A: 20.00%
2025-02-24 14:20:43,937 - INFO - 
Starting reference QAOA with parameters:
2025-02-24 14:20:43,937 - INFO -   sample_size (total shots): 1000
2025-02-24 14:20:43,938 - INFO - Added all constraints
2025-02-24 14:20:43,938 - DEBUG - Generated Ising Hamiltonian
2025-02-24 14:20:44,195 - DEBUG - Optimizing QAOA circuit...
2025-02-24 14:20:47,544 - DEBUG - Circuit optimization successful
2025-02-24 14:20:47,544 - DEBUG - Circuit optimization successful, final value: 2565.9160839160854
2025-02-24 14:20:47,544 - DEBUG - Sampling from optimized circuit...
2025-02-24 14:20:47,581 - DEBUG - Generated 818 unique samples from 1000 total measurements
2025-02-24 14:20:47,582 - DEBUG - 
Top 5 most frequent samples:
2025-02-24 14:20:47,582 - DEBUG -   Rank | Count |   %   
2025-02-24 14:20:47,582 - DEBUG -   -----|-------|-------
2025-02-24 14:20:47,582 - DEBUG -      1 |     5 |   0.5
2025-02-24 14:20:47,582 - DEBUG -     Sample: [0 1 1 1 1 0 1 0 0 1 1 0]
2025-02-24 14:20:47,582 - DEBUG -      2 |     4 |   0.4
2025-02-24 14:20:47,582 - DEBUG -     Sample: [1 1 0 0 0 0 0 1 1 0 1 0]
2025-02-24 14:20:47,582 - DEBUG -      3 |     4 |   0.4
2025-02-24 14:20:47,583 - DEBUG -     Sample: [1 1 0 1 0 0 1 1 1 1 1 1]
2025-02-24 14:20:47,583 - DEBUG -      4 |     3 |   0.3
2025-02-24 14:20:47,583 - DEBUG -     Sample: [1 1 1 1 0 1 1 0 0 1 0 0]
2025-02-24 14:20:47,583 - DEBUG -      5 |     3 |   0.3
2025-02-24 14:20:47,583 - DEBUG -     Sample: [1 0 1 1 0 1 1 0 0 0 1 1]
2025-02-24 14:20:47,584 - DEBUG - Generated 818 unique samples from 1000 total measurements
2025-02-24 14:20:47,595 - INFO - No feasible solution found
2025-02-24 14:20:47,596 - INFO -   QAOA solver found no feasible solution
2025-02-24 14:20:47,596 - INFO - 
Running Constraint Generation:
2025-02-24 14:20:47,597 - INFO - 
Problem information:
2025-02-24 14:20:47,597 - INFO -   Number of variables (n): 12
2025-02-24 14:20:47,597 - INFO -   Number of constraints (m): 40
2025-02-24 14:20:47,597 - DEBUG -   Density of A: 20.00%
2025-02-24 14:20:47,597 - INFO - 
Running classical reference solver:
2025-02-24 14:20:47,606 - INFO -   Reference solution found:
2025-02-24 14:20:47,606 - INFO -     Solution: [1, 0, 0, 0, 1, 1, 0, 0, 0, 0, 0, 1]
2025-02-24 14:20:47,606 - INFO -     Value: 170.99999999999997
2025-02-24 14:20:47,606 - INFO - 
Starting quantum constraint generation with parameters:
2025-02-24 14:20:47,606 - INFO -   sample_size (total shots): 1000
2025-02-24 14:20:47,607 - INFO -   tau: 0.1
2025-02-24 14:20:47,607 - INFO -   max_iters: 1000
2025-02-24 14:20:47,607 - INFO - 
Iteration 0:
2025-02-24 14:20:47,607 - DEBUG - Generated Ising Hamiltonian
2025-02-24 14:20:47,608 - DEBUG - Optimizing QAOA circuit...
2025-02-24 14:20:52,814 - WARNING - Circuit optimization did not converge
2025-02-24 14:20:52,814 - WARNING - Circuit optimization did not converge
2025-02-24 14:20:52,814 - DEBUG - Sampling from optimized circuit...
2025-02-24 14:20:52,869 - DEBUG - Generated 8 unique samples from 1000 total measurements
2025-02-24 14:20:52,870 - DEBUG - 
Top 5 most frequent samples:
2025-02-24 14:20:52,870 - DEBUG -   Rank | Count |   %   
2025-02-24 14:20:52,870 - DEBUG -   -----|-------|-------
2025-02-24 14:20:52,870 - DEBUG -      1 |   322 |  32.2
2025-02-24 14:20:52,870 - DEBUG -     Sample: [0 0 0 0 0 0 0 0 1 0 0 1]
2025-02-24 14:20:52,871 - DEBUG -      2 |   242 |  24.2
2025-02-24 14:20:52,871 - DEBUG -     Sample: [0 0 0 0 0 0 0 0 1 0 1 1]
2025-02-24 14:20:52,871 - DEBUG -      3 |   115 |  11.5
2025-02-24 14:20:52,871 - DEBUG -     Sample: [0 0 0 0 0 0 0 0 1 1 0 1]
2025-02-24 14:20:52,871 - DEBUG -      4 |    96 |   9.6
2025-02-24 14:20:52,872 - DEBUG -     Sample: [0 0 0 0 0 0 0 0 1 0 0 0]
2025-02-24 14:20:52,872 - DEBUG -      5 |    88 |   8.8
2025-02-24 14:20:52,872 - DEBUG -     Sample: [0 0 0 0 0 0 0 0 1 0 1 0]
2025-02-24 14:20:52,872 - DEBUG - Generated 8 unique samples from 1000 total measurements
2025-02-24 14:20:52,873 - INFO -   No feasible solution found in this iteration
2025-02-24 14:20:52,873 - INFO -   Added 5 new constraints: [16, 20, 32, 33, 38]
2025-02-24 14:20:52,873 - INFO - 
Iteration 1:
2025-02-24 14:20:52,874 - DEBUG - Generated Ising Hamiltonian
2025-02-24 14:20:52,875 - DEBUG - Optimizing QAOA circuit...
2025-02-24 14:20:59,290 - WARNING - Circuit optimization did not converge
2025-02-24 14:20:59,290 - WARNING - Circuit optimization did not converge
2025-02-24 14:20:59,290 - DEBUG - Sampling from optimized circuit...
2025-02-24 14:20:59,345 - DEBUG - Generated 16 unique samples from 1000 total measurements
2025-02-24 14:20:59,345 - DEBUG - 
Top 5 most frequent samples:
2025-02-24 14:20:59,345 - DEBUG -   Rank | Count |   %   
2025-02-24 14:20:59,345 - DEBUG -   -----|-------|-------
2025-02-24 14:20:59,345 - DEBUG -      1 |   189 |  18.9
2025-02-24 14:20:59,345 - DEBUG -     Sample: [0 0 0 0 0 0 0 0 1 1 0 0]
2025-02-24 14:20:59,345 - DEBUG -      2 |   154 |  15.4
2025-02-24 14:20:59,345 - DEBUG -     Sample: [0 0 0 0 0 0 0 0 0 1 0 0]
2025-02-24 14:20:59,345 - DEBUG -      3 |   146 |  14.6
2025-02-24 14:20:59,346 - DEBUG -     Sample: [0 0 0 0 0 0 0 0 1 1 1 0]
2025-02-24 14:20:59,346 - DEBUG -      4 |   104 |  10.4
2025-02-24 14:20:59,346 - DEBUG -     Sample: [0 0 0 0 0 0 0 0 0 1 1 0]
2025-02-24 14:20:59,346 - DEBUG -      5 |    65 |   6.5
2025-02-24 14:20:59,346 - DEBUG -     Sample: [0 0 0 0 0 0 0 0 1 0 0 0]
2025-02-24 14:20:59,346 - DEBUG - Generated 16 unique samples from 1000 total measurements
2025-02-24 14:20:59,346 - INFO -   No feasible solution found in this iteration
2025-02-24 14:20:59,346 - INFO -   No new constraints added, lowered tau multiplier: 1.0 -> 0.9
2025-02-24 14:20:59,347 - INFO -   No new constraints added, lowered tau multiplier: 0.9 -> 0.8
2025-02-24 14:20:59,347 - INFO -   No new constraints added, lowered tau multiplier: 0.8 -> 0.7
2025-02-24 14:20:59,347 - INFO -   No new constraints added, lowered tau multiplier: 0.7 -> 0.6
2025-02-24 14:20:59,347 - INFO -   No new constraints added, lowered tau multiplier: 0.6 -> 0.5
2025-02-24 14:20:59,347 - INFO -   No new constraints added, lowered tau multiplier: 0.5 -> 0.4
2025-02-24 14:20:59,347 - INFO -   Added 35 new constraints: [0, 1, 2, 3, 4, 5, 6, 7, 8, 9, 10, 11, 12, 13, 14, 15, 17, 18, 19, 21, 22, 23, 24, 25, 26, 27, 28, 29, 30, 31, 34, 35, 36, 37, 39]
2025-02-24 14:20:59,347 - INFO - 
Iteration 2:
2025-02-24 14:20:59,347 - DEBUG - Generated Ising Hamiltonian
2025-02-24 14:20:59,349 - DEBUG - Optimizing QAOA circuit...
2025-02-24 14:21:08,571 - WARNING - Circuit optimization did not converge
2025-02-24 14:21:08,571 - WARNING - Circuit optimization did not converge
2025-02-24 14:21:08,571 - DEBUG - Sampling from optimized circuit...
2025-02-24 14:21:08,627 - DEBUG - Generated 16 unique samples from 1000 total measurements
2025-02-24 14:21:08,627 - DEBUG - 
Top 5 most frequent samples:
2025-02-24 14:21:08,627 - DEBUG -   Rank | Count |   %   
2025-02-24 14:21:08,627 - DEBUG -   -----|-------|-------
2025-02-24 14:21:08,627 - DEBUG -      1 |   110 |  11.0
2025-02-24 14:21:08,627 - DEBUG -     Sample: [0 0 0 0 0 0 0 0 0 0 1 0]
2025-02-24 14:21:08,628 - DEBUG -      2 |    96 |   9.6
2025-02-24 14:21:08,628 - DEBUG -     Sample: [0 0 0 0 0 0 0 0 1 0 1 1]
2025-02-24 14:21:08,628 - DEBUG -      3 |    75 |   7.5
2025-02-24 14:21:08,628 - DEBUG -     Sample: [0 0 0 0 0 0 0 0 1 1 1 1]
2025-02-24 14:21:08,628 - DEBUG -      4 |    74 |   7.4
2025-02-24 14:21:08,628 - DEBUG -     Sample: [0 0 0 0 0 0 0 0 0 1 1 0]
2025-02-24 14:21:08,628 - DEBUG -      5 |    72 |   7.2
2025-02-24 14:21:08,628 - DEBUG -     Sample: [0 0 0 0 0 0 0 0 1 1 1 0]
2025-02-24 14:21:08,628 - DEBUG - Generated 16 unique samples from 1000 total measurements
2025-02-24 14:21:08,629 - INFO -   No feasible solution found in this iteration
2025-02-24 14:21:08,629 - INFO -   All constraints added, exiting
2025-02-24 14:21:08,629 - INFO -   Constraint generation found no feasible solution
2025-02-24 14:21:08,629 - INFO - 
Instance 22 results:
2025-02-24 14:21:08,629 - INFO -   Classical value: 170.99999999999997
2025-02-24 14:21:08,629 - INFO -   QAOA value: 0.0
2025-02-24 14:21:08,629 - INFO -   Constraint generation value: 0.0
2025-02-24 14:21:08,629 - INFO - 
Running instance 23/100
2025-02-24 14:21:08,631 - INFO - 
Running Classical Reference Solver (SCIP):
2025-02-24 14:21:08,631 - DEBUG - Problem dimensions: 40 constraints, 12 variables
2025-02-24 14:21:08,631 - DEBUG - Row names: ['ELEM1', 'ELEM2', 'ELEM3', 'ELEM4', 'ELEM5', 'ELEM6', 'ELEM7', 'ELEM8', 'ELEM9', 'ELEM10', 'ELEM11', 'ELEM12', 'ELEM13', 'ELEM14', 'ELEM15', 'ELEM16', 'ELEM17', 'ELEM18', 'ELEM19', 'ELEM20', 'ELEM21', 'ELEM22', 'ELEM23', 'ELEM24', 'ELEM25', 'ELEM26', 'ELEM27', 'ELEM28', 'ELEM29', 'ELEM30', 'ELEM31', 'ELEM32', 'ELEM33', 'ELEM34', 'ELEM35', 'ELEM36', 'ELEM37', 'ELEM38', 'ELEM39', 'ELEM40']
2025-02-24 14:21:08,631 - DEBUG - RHS values: {'ELEM1': 1.0, 'ELEM2': 1.0, 'ELEM3': 1.0, 'ELEM4': 1.0, 'ELEM5': 1.0, 'ELEM6': 1.0, 'ELEM7': 1.0, 'ELEM8': 1.0, 'ELEM9': 1.0, 'ELEM10': 1.0, 'ELEM11': 1.0, 'ELEM12': 1.0, 'ELEM13': 1.0, 'ELEM14': 1.0, 'ELEM15': 1.0, 'ELEM16': 1.0, 'ELEM17': 1.0, 'ELEM18': 1.0, 'ELEM19': 1.0, 'ELEM20': 1.0, 'ELEM21': 1.0, 'ELEM22': 1.0, 'ELEM23': 1.0, 'ELEM24': 1.0, 'ELEM25': 1.0, 'ELEM26': 1.0, 'ELEM27': 1.0, 'ELEM28': 1.0, 'ELEM29': 1.0, 'ELEM30': 1.0, 'ELEM31': 1.0, 'ELEM32': 1.0, 'ELEM33': 1.0, 'ELEM34': 1.0, 'ELEM35': 1.0, 'ELEM36': 1.0, 'ELEM37': 1.0, 'ELEM38': 1.0, 'ELEM39': 1.0, 'ELEM40': 1.0}
2025-02-24 14:21:08,638 - INFO -   Reference solution found:
2025-02-24 14:21:08,639 - INFO -     Solution: [0, 0, 0, 0, 0, 0, 1, 1, 1, 0, 1, 0]
2025-02-24 14:21:08,639 - INFO -     Value: 232.0
2025-02-24 14:21:08,639 - INFO - 
Running QAOA Reference Solution (with all constraints):
