2025-02-23 18:19:50,227 - INFO - 
Problem information:
2025-02-23 18:19:50,227 - INFO -   Number of variables (n): 12
2025-02-23 18:19:50,228 - INFO -   Number of constraints (m): 40
2025-02-23 18:19:50,228 - DEBUG -   Density of A: 16.67%
2025-02-23 18:19:50,228 - INFO - 
Starting reference QAOA with parameters:
2025-02-23 18:19:50,228 - INFO -   sample_size (total shots): 200
2025-02-23 18:19:50,228 - INFO - Added all constraints
2025-02-23 18:19:50,229 - DEBUG - Generated Ising Hamiltonian
2025-02-23 18:19:50,442 - DEBUG - Optimizing QAOA circuit...
2025-02-23 18:19:52,237 - DEBUG - Circuit optimization successful
2025-02-23 18:19:52,237 - DEBUG - Circuit optimization successful, final value: -879.965034965031
2025-02-23 18:19:52,237 - DEBUG - Sampling from optimized circuit...
2025-02-23 18:19:52,254 - DEBUG - Generated 182 unique samples from 200 total measurements
2025-02-23 18:19:52,254 - DEBUG - 
Top 5 most frequent samples:
2025-02-23 18:19:52,254 - DEBUG -   Rank | Count |   %   
2025-02-23 18:19:52,254 - DEBUG -   -----|-------|-------
2025-02-23 18:19:52,255 - DEBUG -      1 |     3 |   1.5
2025-02-23 18:19:52,255 - DEBUG -     Sample: [1 0 1 1 0 1 0 0 1 0 1 0]
2025-02-23 18:19:52,255 - DEBUG -      2 |     2 |   1.0
2025-02-23 18:19:52,256 - DEBUG -     Sample: [0 0 1 1 0 1 1 0 1 0 1 1]
2025-02-23 18:19:52,256 - DEBUG -      3 |     2 |   1.0
2025-02-23 18:19:52,256 - DEBUG -     Sample: [0 0 0 1 0 1 0 0 1 0 1 0]
2025-02-23 18:19:52,257 - DEBUG -      4 |     2 |   1.0
2025-02-23 18:19:52,257 - DEBUG -     Sample: [0 0 1 1 0 1 1 1 1 1 1 0]
2025-02-23 18:19:52,257 - DEBUG -      5 |     2 |   1.0
2025-02-23 18:19:52,257 - DEBUG -     Sample: [0 0 0 1 0 1 0 1 1 0 1 1]
2025-02-23 18:19:52,258 - DEBUG - Generated 182 unique samples from 200 total measurements
2025-02-23 18:19:52,261 - INFO - No feasible solution found
2025-02-23 18:19:52,261 - INFO -   QAOA solver found no feasible solution
2025-02-23 18:19:52,262 - INFO - 
Running Constraint Generation:
2025-02-23 18:19:52,263 - INFO - 
Problem information:
2025-02-23 18:19:52,263 - INFO -   Number of variables (n): 12
2025-02-23 18:19:52,263 - INFO -   Number of constraints (m): 40
2025-02-23 18:19:52,263 - DEBUG -   Density of A: 16.67%
2025-02-23 18:19:52,263 - INFO - 
Running classical reference solver:
2025-02-23 18:19:52,275 - INFO -   Reference solution found:
2025-02-23 18:19:52,276 - INFO -     Solution: [1, 0, 1, 0, 1, 0, 1, 0, 0, 0, 1, 1]
2025-02-23 18:19:52,276 - INFO -     Value: 169.0
2025-02-23 18:19:52,276 - INFO - 
Starting quantum constraint generation with parameters:
2025-02-23 18:19:52,276 - INFO -   sample_size (total shots): 200
2025-02-23 18:19:52,276 - INFO -   tau: 0.1
2025-02-23 18:19:52,276 - INFO -   max_iters: 1000
2025-02-23 18:19:52,277 - INFO - 
Iteration 0:
2025-02-23 18:19:52,277 - DEBUG - Generated Ising Hamiltonian
2025-02-23 18:19:52,538 - DEBUG - Optimizing QAOA circuit...
2025-02-23 18:19:53,574 - DEBUG - Circuit optimization successful
2025-02-23 18:19:53,575 - DEBUG - Circuit optimization successful, final value: -110.06993006993007
2025-02-23 18:19:53,575 - DEBUG - Sampling from optimized circuit...
2025-02-23 18:19:53,587 - DEBUG - Generated 97 unique samples from 200 total measurements
2025-02-23 18:19:53,588 - DEBUG - 
Top 5 most frequent samples:
2025-02-23 18:19:53,588 - DEBUG -   Rank | Count |   %   
2025-02-23 18:19:53,588 - DEBUG -   -----|-------|-------
2025-02-23 18:19:53,588 - DEBUG -      1 |    20 |  10.0
2025-02-23 18:19:53,588 - DEBUG -     Sample: [0 0 0 1 1 1 1 1 0 1 1 0]
2025-02-23 18:19:53,588 - DEBUG -      2 |    12 |   6.0
2025-02-23 18:19:53,589 - DEBUG -     Sample: [0 0 0 1 1 1 1 1 1 1 1 0]
2025-02-23 18:19:53,589 - DEBUG -      3 |     7 |   3.5
2025-02-23 18:19:53,589 - DEBUG -     Sample: [0 0 0 1 1 1 1 1 0 0 1 0]
2025-02-23 18:19:53,589 - DEBUG -      4 |     7 |   3.5
2025-02-23 18:19:53,589 - DEBUG -     Sample: [0 0 0 0 1 1 1 1 1 1 1 0]
2025-02-23 18:19:53,590 - DEBUG -      5 |     7 |   3.5
2025-02-23 18:19:53,590 - DEBUG -     Sample: [0 0 0 0 1 1 1 1 0 1 1 0]
2025-02-23 18:19:53,590 - DEBUG - Generated 97 unique samples from 200 total measurements
2025-02-23 18:19:53,592 - INFO -   No feasible solution found in this iteration
2025-02-23 18:19:53,592 - INFO -   Added 1 new constraints: [27]
2025-02-23 18:19:53,593 - INFO - 
Iteration 1:
2025-02-23 18:19:53,593 - DEBUG - Generated Ising Hamiltonian
2025-02-23 18:19:53,821 - DEBUG - Optimizing QAOA circuit...
2025-02-23 18:19:54,762 - DEBUG - Circuit optimization successful
2025-02-23 18:19:54,763 - DEBUG - Circuit optimization successful, final value: -2597.5039960039962
2025-02-23 18:19:54,763 - DEBUG - Sampling from optimized circuit...
2025-02-23 18:19:54,776 - DEBUG - Generated 90 unique samples from 200 total measurements
2025-02-23 18:19:54,776 - DEBUG - 
Top 5 most frequent samples:
2025-02-23 18:19:54,777 - DEBUG -   Rank | Count |   %   
2025-02-23 18:19:54,777 - DEBUG -   -----|-------|-------
2025-02-23 18:19:54,777 - DEBUG -      1 |    15 |   7.5
2025-02-23 18:19:54,777 - DEBUG -     Sample: [0 0 0 1 0 1 1 1 1 0 1 0]
2025-02-23 18:19:54,777 - DEBUG -      2 |    15 |   7.5
2025-02-23 18:19:54,778 - DEBUG -     Sample: [0 0 0 1 0 1 1 1 0 0 1 0]
2025-02-23 18:19:54,778 - DEBUG -      3 |     9 |   4.5
2025-02-23 18:19:54,778 - DEBUG -     Sample: [0 0 1 1 0 1 1 1 1 0 1 0]
2025-02-23 18:19:54,778 - DEBUG -      4 |     8 |   4.0
2025-02-23 18:19:54,778 - DEBUG -     Sample: [0 0 0 1 0 1 1 1 1 0 0 0]
2025-02-23 18:19:54,778 - DEBUG -      5 |     7 |   3.5
2025-02-23 18:19:54,779 - DEBUG -     Sample: [0 0 0 1 0 1 1 1 0 0 0 0]
2025-02-23 18:19:54,779 - DEBUG - Generated 90 unique samples from 200 total measurements
2025-02-23 18:19:54,781 - INFO -   No feasible solution found in this iteration
2025-02-23 18:19:54,781 - INFO -   No new constraints added, lowered tau multiplier: 1.0 -> 0.9
2025-02-23 18:19:54,781 - INFO -   No new constraints added, lowered tau multiplier: 0.9 -> 0.8
2025-02-23 18:19:54,782 - INFO -   No new constraints added, lowered tau multiplier: 0.8 -> 0.7
2025-02-23 18:19:54,782 - INFO -   Added 8 new constraints: [1, 8, 16, 23, 25, 29, 30, 35]
2025-02-23 18:19:54,782 - INFO - 
Iteration 2:
2025-02-23 18:19:54,783 - DEBUG - Generated Ising Hamiltonian
2025-02-23 18:19:54,990 - DEBUG - Optimizing QAOA circuit...
2025-02-23 18:19:56,164 - DEBUG - Circuit optimization successful
2025-02-23 18:19:56,164 - DEBUG - Circuit optimization successful, final value: 3779.5439560439554
2025-02-23 18:19:56,164 - DEBUG - Sampling from optimized circuit...
2025-02-23 18:19:56,179 - DEBUG - Generated 104 unique samples from 200 total measurements
2025-02-23 18:19:56,180 - DEBUG - 
Top 5 most frequent samples:
2025-02-23 18:19:56,181 - DEBUG -   Rank | Count |   %   
2025-02-23 18:19:56,181 - DEBUG -   -----|-------|-------
2025-02-23 18:19:56,181 - DEBUG -      1 |    26 |  13.0
2025-02-23 18:19:56,181 - DEBUG -     Sample: [1 0 0 1 0 1 0 0 1 1 1 0]
2025-02-23 18:19:56,182 - DEBUG -      2 |    12 |   6.0
2025-02-23 18:19:56,182 - DEBUG -     Sample: [1 0 0 1 0 1 0 0 1 1 1 1]
2025-02-23 18:19:56,182 - DEBUG -      3 |     8 |   4.0
2025-02-23 18:19:56,183 - DEBUG -     Sample: [1 0 0 1 0 1 0 1 1 1 1 0]
2025-02-23 18:19:56,183 - DEBUG -      4 |     7 |   3.5
2025-02-23 18:19:56,183 - DEBUG -     Sample: [1 0 0 1 0 0 0 0 1 1 1 1]
2025-02-23 18:19:56,183 - DEBUG -      5 |     7 |   3.5
2025-02-23 18:19:56,184 - DEBUG -     Sample: [1 0 0 1 0 1 0 0 1 0 1 0]
2025-02-23 18:19:56,184 - DEBUG - Generated 104 unique samples from 200 total measurements
2025-02-23 18:19:56,187 - INFO -   No feasible solution found in this iteration
2025-02-23 18:19:56,187 - INFO -   No new constraints added, lowered tau multiplier: 1.0 -> 0.9
2025-02-23 18:19:56,188 - INFO -   Added 4 new constraints: [6, 9, 17, 20]
2025-02-23 18:19:56,188 - INFO - 
Iteration 3:
2025-02-23 18:19:56,189 - DEBUG - Generated Ising Hamiltonian
2025-02-23 18:19:56,520 - DEBUG - Optimizing QAOA circuit...
2025-02-23 18:19:58,451 - DEBUG - Circuit optimization successful
2025-02-23 18:19:58,451 - DEBUG - Circuit optimization successful, final value: -723.2532467532467
2025-02-23 18:19:58,451 - DEBUG - Sampling from optimized circuit...
2025-02-23 18:19:58,469 - DEBUG - Generated 197 unique samples from 200 total measurements
2025-02-23 18:19:58,470 - DEBUG - 
Top 5 most frequent samples:
2025-02-23 18:19:58,470 - DEBUG -   Rank | Count |   %   
2025-02-23 18:19:58,470 - DEBUG -   -----|-------|-------
2025-02-23 18:19:58,470 - DEBUG -      1 |     2 |   1.0
2025-02-23 18:19:58,470 - DEBUG -     Sample: [0 0 0 1 0 1 0 0 0 1 1 0]
2025-02-23 18:19:58,471 - DEBUG -      2 |     2 |   1.0
2025-02-23 18:19:58,471 - DEBUG -     Sample: [1 0 0 1 0 0 0 1 0 0 1 0]
2025-02-23 18:19:58,471 - DEBUG -      3 |     2 |   1.0
2025-02-23 18:19:58,471 - DEBUG -     Sample: [0 1 1 0 1 0 0 0 0 0 1 0]
2025-02-23 18:19:58,471 - DEBUG -      4 |     1 |   0.5
2025-02-23 18:19:58,472 - DEBUG -     Sample: [0 1 1 0 0 0 0 1 1 0 0 0]
2025-02-23 18:19:58,472 - DEBUG -      5 |     1 |   0.5
2025-02-23 18:19:58,472 - DEBUG -     Sample: [0 1 0 0 1 0 0 1 1 0 0 0]
2025-02-23 18:19:58,473 - DEBUG - Generated 197 unique samples from 200 total measurements
2025-02-23 18:19:58,477 - INFO -   No feasible solution found in this iteration
2025-02-23 18:19:58,478 - INFO -   No new constraints added, lowered tau multiplier: 1.0 -> 0.9
2025-02-23 18:19:58,478 - INFO -   Added 12 new constraints: [0, 3, 7, 10, 22, 26, 28, 33, 34, 36, 37, 38]
2025-02-23 18:19:58,479 - INFO - 
Iteration 4:
2025-02-23 18:19:58,479 - DEBUG - Generated Ising Hamiltonian
2025-02-23 18:19:58,721 - DEBUG - Optimizing QAOA circuit...
2025-02-23 18:20:00,258 - DEBUG - Circuit optimization successful
2025-02-23 18:20:00,258 - DEBUG - Circuit optimization successful, final value: -5833.064435564436
2025-02-23 18:20:00,258 - DEBUG - Sampling from optimized circuit...
2025-02-23 18:20:00,275 - DEBUG - Generated 177 unique samples from 200 total measurements
2025-02-23 18:20:00,275 - DEBUG - 
Top 5 most frequent samples:
2025-02-23 18:20:00,275 - DEBUG -   Rank | Count |   %   
2025-02-23 18:20:00,276 - DEBUG -   -----|-------|-------
2025-02-23 18:20:00,276 - DEBUG -      1 |     3 |   1.5
2025-02-23 18:20:00,276 - DEBUG -     Sample: [0 0 0 0 0 0 0 1 1 1 1 0]
2025-02-23 18:20:00,276 - DEBUG -      2 |     3 |   1.5
2025-02-23 18:20:00,276 - DEBUG -     Sample: [0 0 0 1 0 1 0 1 0 0 1 0]
2025-02-23 18:20:00,277 - DEBUG -      3 |     2 |   1.0
2025-02-23 18:20:00,277 - DEBUG -     Sample: [0 1 1 0 0 1 0 1 0 0 1 0]
2025-02-23 18:20:00,277 - DEBUG -      4 |     2 |   1.0
2025-02-23 18:20:00,277 - DEBUG -     Sample: [0 1 0 1 0 1 0 1 0 1 1 1]
2025-02-23 18:20:00,277 - DEBUG -      5 |     2 |   1.0
2025-02-23 18:20:00,277 - DEBUG -     Sample: [0 1 0 1 0 1 1 1 1 0 0 0]
2025-02-23 18:20:00,278 - DEBUG - Generated 177 unique samples from 200 total measurements
2025-02-23 18:20:00,281 - INFO - Found feasible solution: [0 1 0 1 0 1 0 1 1 1 0 0] with objective value 217.0
2025-02-23 18:20:00,283 - INFO -   Found feasible solution:
2025-02-23 18:20:00,284 - INFO -     Solution: [0, 1, 0, 1, 0, 1, 0, 1, 1, 1, 0, 0]
2025-02-23 18:20:00,284 - INFO -     Value: 217.0
2025-02-23 18:20:00,285 - INFO -     Gap to reference: 28.40%
2025-02-23 18:20:00,285 - INFO -   Constraint generation solution found:
2025-02-23 18:20:00,285 - INFO -     Solution: [0, 1, 0, 1, 0, 1, 0, 1, 1, 1, 0, 0]
2025-02-23 18:20:00,285 - INFO -     Value: 217.0
2025-02-23 18:20:00,286 - INFO - 
Instance 100 results:
2025-02-23 18:20:00,286 - INFO -   Classical value: 169.0
2025-02-23 18:20:00,286 - INFO -   QAOA value: 0.0
2025-02-23 18:20:00,286 - INFO -   Constraint generation value: 217.0
2025-02-23 18:20:02,544 - INFO - 
Comparison analysis completed. Results saved in: results/20250223_182000
