
Problem information:
  Number of variables (n): 12
  Number of constraints (m): 40

Starting reference QAOA with parameters:
  sample_size (total shots): 200
Added all constraints
No feasible solution found
  QAOA solver found no feasible solution

Running Constraint Generation:

Problem information:
  Number of variables (n): 12
  Number of constraints (m): 40

Running classical reference solver:
  Reference solution found:
    Solution: [1, 0, 1, 0, 1, 0, 1, 0, 0, 0, 1, 1]
    Value: 169.0

Starting quantum constraint generation with parameters:
  sample_size (total shots): 200
  tau: 0.1
  max_iters: 1000

Iteration 0:
  No feasible solution found in this iteration
  Added 1 new constraints: [27]

Iteration 1:
  No feasible solution found in this iteration
  No new constraints added, lowered tau multiplier: 1.0 -> 0.9
  No new constraints added, lowered tau multiplier: 0.9 -> 0.8
  No new constraints added, lowered tau multiplier: 0.8 -> 0.7
  Added 8 new constraints: [1, 8, 16, 23, 25, 29, 30, 35]

Iteration 2:
  No feasible solution found in this iteration
  No new constraints added, lowered tau multiplier: 1.0 -> 0.9
  Added 4 new constraints: [6, 9, 17, 20]

Iteration 3:
  No feasible solution found in this iteration
  No new constraints added, lowered tau multiplier: 1.0 -> 0.9
  Added 12 new constraints: [0, 3, 7, 10, 22, 26, 28, 33, 34, 36, 37, 38]

Iteration 4:
Found feasible solution: [0 1 0 1 0 1 0 1 1 1 0 0] with objective value 217.0
  Found feasible solution:
    Solution: [0, 1, 0, 1, 0, 1, 0, 1, 1, 1, 0, 0]
    Value: 217.0
    Gap to reference: 28.40%
  Constraint generation solution found:
    Solution: [0, 1, 0, 1, 0, 1, 0, 1, 1, 1, 0, 0]
    Value: 217.0

Instance 100 results:
  Classical value: 169.0
  QAOA value: 0.0
  Constraint generation value: 217.0

Comparison analysis completed. Results saved in: results/20250223_182000
