2025-02-23 17:30:48,080 - INFO - 
Problem information:
2025-02-23 17:30:48,081 - INFO -   Number of variables (n): 10
2025-02-23 17:30:48,081 - INFO -   Number of constraints (m): 30
2025-02-23 17:30:48,081 - DEBUG -   Density of A: 21.67%
2025-02-23 17:30:48,081 - INFO - 
Starting reference QAOA with parameters:
2025-02-23 17:30:48,081 - INFO -   sample_size (total shots): 200
2025-02-23 17:30:48,082 - INFO - Added all constraints
2025-02-23 17:30:48,082 - DEBUG - Generated Ising Hamiltonian
2025-02-23 17:30:48,294 - DEBUG - Optimizing QAOA circuit...
2025-02-23 17:30:49,549 - DEBUG - Circuit optimization successful
2025-02-23 17:30:49,550 - DEBUG - Circuit optimization successful, final value: 4233.965034965036
2025-02-23 17:30:49,550 - DEBUG - Sampling from optimized circuit...
2025-02-23 17:30:49,563 - DEBUG - Generated 181 unique samples from 200 total measurements
2025-02-23 17:30:49,563 - DEBUG - 
Top 5 most frequent samples:
2025-02-23 17:30:49,563 - DEBUG -   Rank | Count |   %   
2025-02-23 17:30:49,563 - DEBUG -   -----|-------|-------
2025-02-23 17:30:49,563 - DEBUG -      1 |     4 |   2.0
2025-02-23 17:30:49,563 - DEBUG -     Sample: [0 1 0 0 1 0 1 0 0 1]
2025-02-23 17:30:49,563 - DEBUG -      2 |     2 |   1.0
2025-02-23 17:30:49,564 - DEBUG -     Sample: [0 1 1 0 1 0 0 1 1 0]
2025-02-23 17:30:49,564 - DEBUG -      3 |     2 |   1.0
2025-02-23 17:30:49,564 - DEBUG -     Sample: [0 1 1 0 1 1 1 0 0 0]
2025-02-23 17:30:49,564 - DEBUG -      4 |     2 |   1.0
2025-02-23 17:30:49,564 - DEBUG -     Sample: [1 1 0 1 0 0 1 0 1 0]
2025-02-23 17:30:49,564 - DEBUG -      5 |     2 |   1.0
2025-02-23 17:30:49,565 - DEBUG -     Sample: [1 1 1 1 1 1 0 0 0 1]
2025-02-23 17:30:49,565 - DEBUG - Generated 181 unique samples from 200 total measurements
2025-02-23 17:30:49,568 - INFO - No feasible solution found
2025-02-23 17:30:49,568 - INFO -   QAOA solver found no feasible solution
2025-02-23 17:30:49,568 - INFO - 
Running Constraint Generation:
2025-02-23 17:30:49,570 - INFO - 
Problem information:
2025-02-23 17:30:49,570 - INFO -   Number of variables (n): 10
2025-02-23 17:30:49,570 - INFO -   Number of constraints (m): 30
2025-02-23 17:30:49,570 - DEBUG -   Density of A: 21.67%
2025-02-23 17:30:49,570 - INFO - 
Running classical reference solver:
2025-02-23 17:30:49,579 - INFO -   Reference solution found:
2025-02-23 17:30:49,580 - INFO -     Solution: [1, 0, 1, 0, 0, 0, 0, 1, 0, 1]
2025-02-23 17:30:49,580 - INFO -     Value: 270.0
2025-02-23 17:30:49,580 - INFO - 
Starting quantum constraint generation with parameters:
2025-02-23 17:30:49,580 - INFO -   sample_size (total shots): 200
2025-02-23 17:30:49,580 - INFO -   tau: 0.1
2025-02-23 17:30:49,580 - INFO -   max_iters: 1000
2025-02-23 17:30:49,580 - INFO - 
Iteration 0:
2025-02-23 17:30:49,580 - DEBUG - Generated Ising Hamiltonian
2025-02-23 17:30:49,763 - DEBUG - Optimizing QAOA circuit...
2025-02-23 17:30:50,587 - DEBUG - Circuit optimization successful
2025-02-23 17:30:50,588 - DEBUG - Circuit optimization successful, final value: -127.38061938061936
2025-02-23 17:30:50,588 - DEBUG - Sampling from optimized circuit...
2025-02-23 17:30:50,600 - DEBUG - Generated 141 unique samples from 200 total measurements
2025-02-23 17:30:50,601 - DEBUG - 
Top 5 most frequent samples:
2025-02-23 17:30:50,601 - DEBUG -   Rank | Count |   %   
2025-02-23 17:30:50,601 - DEBUG -   -----|-------|-------
2025-02-23 17:30:50,602 - DEBUG -      1 |     6 |   3.0
2025-02-23 17:30:50,602 - DEBUG -     Sample: [0 1 0 1 1 1 0 1 1 0]
2025-02-23 17:30:50,602 - DEBUG -      2 |     5 |   2.5
2025-02-23 17:30:50,603 - DEBUG -     Sample: [0 1 0 1 1 1 0 1 1 1]
2025-02-23 17:30:50,603 - DEBUG -      3 |     4 |   2.0
2025-02-23 17:30:50,603 - DEBUG -     Sample: [1 1 0 1 1 1 0 0 1 1]
2025-02-23 17:30:50,603 - DEBUG -      4 |     4 |   2.0
2025-02-23 17:30:50,603 - DEBUG -     Sample: [0 1 0 1 1 1 0 1 0 0]
2025-02-23 17:30:50,603 - DEBUG -      5 |     4 |   2.0
2025-02-23 17:30:50,604 - DEBUG -     Sample: [0 1 0 0 1 1 1 1 1 0]
2025-02-23 17:30:50,604 - DEBUG - Generated 141 unique samples from 200 total measurements
2025-02-23 17:30:50,607 - INFO -   No feasible solution found in this iteration
2025-02-23 17:30:50,608 - INFO -   Added 1 new constraints: [13]
2025-02-23 17:30:50,608 - INFO - 
Iteration 1:
2025-02-23 17:30:50,608 - DEBUG - Generated Ising Hamiltonian
2025-02-23 17:30:50,813 - DEBUG - Optimizing QAOA circuit...
2025-02-23 17:30:51,677 - DEBUG - Circuit optimization successful
2025-02-23 17:30:51,677 - DEBUG - Circuit optimization successful, final value: -3458.2552447552443
2025-02-23 17:30:51,677 - DEBUG - Sampling from optimized circuit...
2025-02-23 17:30:51,688 - DEBUG - Generated 97 unique samples from 200 total measurements
2025-02-23 17:30:51,688 - DEBUG - 
Top 5 most frequent samples:
2025-02-23 17:30:51,688 - DEBUG -   Rank | Count |   %   
2025-02-23 17:30:51,688 - DEBUG -   -----|-------|-------
2025-02-23 17:30:51,688 - DEBUG -      1 |    21 |  10.5
2025-02-23 17:30:51,688 - DEBUG -     Sample: [1 0 1 0 0 1 0 1 1 0]
2025-02-23 17:30:51,688 - DEBUG -      2 |    14 |   7.0
2025-02-23 17:30:51,689 - DEBUG -     Sample: [1 0 1 0 0 0 0 1 1 0]
2025-02-23 17:30:51,689 - DEBUG -      3 |     8 |   4.0
2025-02-23 17:30:51,689 - DEBUG -     Sample: [1 0 1 0 0 1 1 1 1 0]
2025-02-23 17:30:51,689 - DEBUG -      4 |     6 |   3.0
2025-02-23 17:30:51,689 - DEBUG -     Sample: [1 0 1 0 0 1 0 0 1 0]
2025-02-23 17:30:51,690 - DEBUG -      5 |     6 |   3.0
2025-02-23 17:30:51,690 - DEBUG -     Sample: [1 0 1 0 0 0 0 0 1 0]
2025-02-23 17:30:51,690 - DEBUG - Generated 97 unique samples from 200 total measurements
2025-02-23 17:30:51,692 - INFO -   No feasible solution found in this iteration
2025-02-23 17:30:51,692 - INFO -   Added 1 new constraints: [18]
2025-02-23 17:30:51,693 - INFO - 
Iteration 2:
2025-02-23 17:30:51,693 - DEBUG - Generated Ising Hamiltonian
2025-02-23 17:30:51,915 - DEBUG - Optimizing QAOA circuit...
2025-02-23 17:30:52,811 - DEBUG - Circuit optimization successful
2025-02-23 17:30:52,811 - DEBUG - Circuit optimization successful, final value: -2528.8121878121883
2025-02-23 17:30:52,811 - DEBUG - Sampling from optimized circuit...
2025-02-23 17:30:52,822 - DEBUG - Generated 92 unique samples from 200 total measurements
2025-02-23 17:30:52,822 - DEBUG - 
Top 5 most frequent samples:
2025-02-23 17:30:52,822 - DEBUG -   Rank | Count |   %   
2025-02-23 17:30:52,822 - DEBUG -   -----|-------|-------
2025-02-23 17:30:52,822 - DEBUG -      1 |    19 |   9.5
2025-02-23 17:30:52,822 - DEBUG -     Sample: [1 0 1 0 0 1 0 1 1 0]
2025-02-23 17:30:52,823 - DEBUG -      2 |    17 |   8.5
2025-02-23 17:30:52,823 - DEBUG -     Sample: [1 0 1 0 0 0 0 1 1 0]
2025-02-23 17:30:52,823 - DEBUG -      3 |     7 |   3.5
2025-02-23 17:30:52,823 - DEBUG -     Sample: [1 1 1 0 0 1 0 1 1 0]
2025-02-23 17:30:52,823 - DEBUG -      4 |     7 |   3.5
2025-02-23 17:30:52,823 - DEBUG -     Sample: [1 0 1 0 0 0 1 1 1 0]
2025-02-23 17:30:52,824 - DEBUG -      5 |     7 |   3.5
2025-02-23 17:30:52,824 - DEBUG -     Sample: [1 0 1 0 0 0 0 1 0 0]
2025-02-23 17:30:52,824 - DEBUG - Generated 92 unique samples from 200 total measurements
2025-02-23 17:30:52,826 - INFO -   No feasible solution found in this iteration
2025-02-23 17:30:52,826 - INFO -   Added 3 new constraints: [5, 11, 12]
2025-02-23 17:30:52,826 - INFO - 
Iteration 3:
2025-02-23 17:30:52,826 - DEBUG - Generated Ising Hamiltonian
2025-02-23 17:30:53,050 - DEBUG - Optimizing QAOA circuit...
2025-02-23 17:30:54,020 - DEBUG - Circuit optimization successful
2025-02-23 17:30:54,020 - DEBUG - Circuit optimization successful, final value: -2954.4150849150856
2025-02-23 17:30:54,020 - DEBUG - Sampling from optimized circuit...
2025-02-23 17:30:54,032 - DEBUG - Generated 127 unique samples from 200 total measurements
2025-02-23 17:30:54,033 - DEBUG - 
Top 5 most frequent samples:
2025-02-23 17:30:54,033 - DEBUG -   Rank | Count |   %   
2025-02-23 17:30:54,033 - DEBUG -   -----|-------|-------
2025-02-23 17:30:54,033 - DEBUG -      1 |    11 |   5.5
2025-02-23 17:30:54,033 - DEBUG -     Sample: [1 1 1 0 1 0 0 0 1 0]
2025-02-23 17:30:54,034 - DEBUG -      2 |     7 |   3.5
2025-02-23 17:30:54,034 - DEBUG -     Sample: [1 0 1 0 1 0 0 0 1 1]
2025-02-23 17:30:54,034 - DEBUG -      3 |     6 |   3.0
2025-02-23 17:30:54,034 - DEBUG -     Sample: [1 1 1 0 1 0 0 0 1 1]
2025-02-23 17:30:54,034 - DEBUG -      4 |     6 |   3.0
2025-02-23 17:30:54,035 - DEBUG -     Sample: [1 1 1 0 0 0 0 0 1 1]
2025-02-23 17:30:54,035 - DEBUG -      5 |     5 |   2.5
2025-02-23 17:30:54,035 - DEBUG -     Sample: [1 0 1 0 1 0 0 0 1 0]
2025-02-23 17:30:54,035 - DEBUG - Generated 127 unique samples from 200 total measurements
2025-02-23 17:30:54,038 - INFO -   No feasible solution found in this iteration
2025-02-23 17:30:54,038 - INFO -   Added 1 new constraints: [23]
2025-02-23 17:30:54,038 - INFO - 
Iteration 4:
2025-02-23 17:30:54,039 - DEBUG - Generated Ising Hamiltonian
2025-02-23 17:30:54,258 - DEBUG - Optimizing QAOA circuit...
2025-02-23 17:30:55,637 - DEBUG - Circuit optimization successful
2025-02-23 17:30:55,638 - DEBUG - Circuit optimization successful, final value: -468.2667332667339
2025-02-23 17:30:55,638 - DEBUG - Sampling from optimized circuit...
2025-02-23 17:30:55,652 - DEBUG - Generated 177 unique samples from 200 total measurements
2025-02-23 17:30:55,652 - DEBUG - 
Top 5 most frequent samples:
2025-02-23 17:30:55,652 - DEBUG -   Rank | Count |   %   
2025-02-23 17:30:55,652 - DEBUG -   -----|-------|-------
2025-02-23 17:30:55,652 - DEBUG -      1 |     3 |   1.5
2025-02-23 17:30:55,653 - DEBUG -     Sample: [0 1 0 1 0 0 0 1 0 1]
2025-02-23 17:30:55,653 - DEBUG -      2 |     2 |   1.0
2025-02-23 17:30:55,653 - DEBUG -     Sample: [0 1 1 1 0 0 0 0 0 0]
2025-02-23 17:30:55,653 - DEBUG -      3 |     2 |   1.0
2025-02-23 17:30:55,654 - DEBUG -     Sample: [0 0 1 1 1 0 0 1 0 0]
2025-02-23 17:30:55,654 - DEBUG -      4 |     2 |   1.0
2025-02-23 17:30:55,654 - DEBUG -     Sample: [1 1 1 0 0 1 1 1 1 1]
2025-02-23 17:30:55,654 - DEBUG -      5 |     2 |   1.0
2025-02-23 17:30:55,654 - DEBUG -     Sample: [0 1 1 0 0 1 0 1 0 0]
2025-02-23 17:30:55,655 - DEBUG - Generated 177 unique samples from 200 total measurements
2025-02-23 17:30:55,658 - INFO - Found feasible solution: [1 0 1 0 0 0 0 1 0 1] with objective value 270.0
2025-02-23 17:30:55,658 - INFO -   Found feasible solution:
2025-02-23 17:30:55,659 - INFO -     Solution: [1, 0, 1, 0, 0, 0, 0, 1, 0, 1]
2025-02-23 17:30:55,659 - INFO -     Value: 270.0
2025-02-23 17:30:55,659 - INFO -     Gap to reference: 0.00%
2025-02-23 17:30:55,659 - INFO -   Constraint generation solution found:
2025-02-23 17:30:55,659 - INFO -     Solution: [1, 0, 1, 0, 0, 0, 0, 1, 0, 1]
2025-02-23 17:30:55,659 - INFO -     Value: 270.0
2025-02-23 17:30:55,660 - INFO - 
Instance 5 results:
2025-02-23 17:30:55,660 - INFO -   Classical value: 270.0
2025-02-23 17:30:55,660 - INFO -   QAOA value: 0.0
2025-02-23 17:30:55,660 - INFO -   Constraint generation value: 270.0
2025-02-23 17:30:57,661 - INFO - 
Comparison analysis completed. Results saved in: results/20250223_173055
