
Problem information:
  Number of variables (n): 10
  Number of constraints (m): 30

Starting reference QAOA with parameters:
  sample_size (total shots): 200
Added all constraints
No feasible solution found
  QAOA solver found no feasible solution

Running Constraint Generation:

Problem information:
  Number of variables (n): 10
  Number of constraints (m): 30

Running classical reference solver:
  Reference solution found:
    Solution: [1, 0, 1, 0, 0, 0, 0, 1, 0, 1]
    Value: 270.0

Starting quantum constraint generation with parameters:
  sample_size (total shots): 200
  tau: 0.1
  max_iters: 1000

Iteration 0:
  No feasible solution found in this iteration
  Added 1 new constraints: [13]

Iteration 1:
  No feasible solution found in this iteration
  Added 1 new constraints: [18]

Iteration 2:
  No feasible solution found in this iteration
  Added 3 new constraints: [5, 11, 12]

Iteration 3:
  No feasible solution found in this iteration
  Added 1 new constraints: [23]

Iteration 4:
Found feasible solution: [1 0 1 0 0 0 0 1 0 1] with objective value 270.0
  Found feasible solution:
    Solution: [1, 0, 1, 0, 0, 0, 0, 1, 0, 1]
    Value: 270.0
    Gap to reference: 0.00%
  Constraint generation solution found:
    Solution: [1, 0, 1, 0, 0, 0, 0, 1, 0, 1]
    Value: 270.0

Instance 5 results:
  Classical value: 270.0
  QAOA value: 0.0
  Constraint generation value: 270.0

Comparison analysis completed. Results saved in: results/20250223_173055
