2025-02-24 16:49:17,137 - INFO - 
Problem information:
2025-02-24 16:49:17,138 - INFO -   Number of variables (n): 8
2025-02-24 16:49:17,138 - INFO -   Number of constraints (m): 25
2025-02-24 16:49:17,138 - DEBUG -   Density of A: 29.50%
2025-02-24 16:49:17,138 - INFO - 
Starting reference QAOA with parameters:
2025-02-24 16:49:17,138 - INFO -   sample_size (total shots): 500
2025-02-24 16:49:17,139 - INFO - Added all constraints
2025-02-24 16:49:17,139 - DEBUG - Generated Ising Hamiltonian
2025-02-24 16:49:17,370 - DEBUG - Optimizing QAOA circuit...
2025-02-24 16:49:19,394 - DEBUG - Circuit optimization successful
2025-02-24 16:49:19,394 - DEBUG - Circuit optimization successful, final value: -2706.8968531468536
2025-02-24 16:49:19,395 - DEBUG - Sampling from optimized circuit...
2025-02-24 16:49:19,425 - DEBUG - Generated 155 unique samples from 500 total measurements
2025-02-24 16:49:19,425 - DEBUG - 
Top 5 most frequent samples:
2025-02-24 16:49:19,426 - DEBUG -   Rank | Count |   %   
2025-02-24 16:49:19,426 - DEBUG -   -----|-------|-------
2025-02-24 16:49:19,426 - DEBUG -      1 |    20 |   4.0
2025-02-24 16:49:19,426 - DEBUG -     Sample: [0 0 1 0 0 0 0 1]
2025-02-24 16:49:19,426 - DEBUG -      2 |    13 |   2.6
2025-02-24 16:49:19,427 - DEBUG -     Sample: [1 1 0 0 1 0 0 1]
2025-02-24 16:49:19,427 - DEBUG -      3 |    13 |   2.6
2025-02-24 16:49:19,427 - DEBUG -     Sample: [0 0 0 1 0 1 1 0]
2025-02-24 16:49:19,427 - DEBUG -      4 |    11 |   2.2
2025-02-24 16:49:19,428 - DEBUG -     Sample: [1 0 1 1 0 1 0 0]
2025-02-24 16:49:19,428 - DEBUG -      5 |    10 |   2.0
2025-02-24 16:49:19,428 - DEBUG -     Sample: [0 1 0 0 1 1 1 0]
2025-02-24 16:49:19,429 - DEBUG - Generated 155 unique samples from 500 total measurements
2025-02-24 16:49:19,429 - INFO - Found feasible solution: [0 1 0 0 1 1 0 1] with objective value 161.0
2025-02-24 16:49:19,432 - INFO - Found feasible solution:
2025-02-24 16:49:19,433 - INFO -   Solution: [0, 1, 0, 0, 1, 1, 0, 1]
2025-02-24 16:49:19,433 - INFO -   Value: 161.0
2025-02-24 16:49:19,433 - INFO -   QAOA solution found:
2025-02-24 16:49:19,433 - INFO -     Solution: [0, 1, 0, 0, 1, 1, 0, 1]
2025-02-24 16:49:19,433 - INFO -     Value: 161.0
2025-02-24 16:49:19,433 - INFO - 
Running Constraint Generation:
2025-02-24 16:49:19,435 - INFO - 
Problem information:
2025-02-24 16:49:19,435 - INFO -   Number of variables (n): 8
2025-02-24 16:49:19,435 - INFO -   Number of constraints (m): 25
2025-02-24 16:49:19,435 - DEBUG -   Density of A: 29.50%
2025-02-24 16:49:19,435 - INFO - 
Running classical reference solver:
2025-02-24 16:49:19,447 - INFO -   Reference solution found:
2025-02-24 16:49:19,447 - INFO -     Solution: [0, 1, 0, 0, 1, 1, 0, 1]
2025-02-24 16:49:19,447 - INFO -     Value: 161.0
2025-02-24 16:49:19,447 - INFO - 
Starting quantum constraint generation with parameters:
2025-02-24 16:49:19,448 - INFO -   sample_size (total shots): 500
2025-02-24 16:49:19,448 - INFO -   tau: 0.1
2025-02-24 16:49:19,448 - INFO -   max_iters: 1000
2025-02-24 16:49:19,448 - INFO - 
Iteration 0:
2025-02-24 16:49:19,449 - DEBUG - Generated Ising Hamiltonian
2025-02-24 16:49:19,687 - DEBUG - Optimizing QAOA circuit...
2025-02-24 16:49:21,103 - DEBUG - Circuit optimization successful
2025-02-24 16:49:21,104 - DEBUG - Circuit optimization successful, final value: -129.5974025974026
2025-02-24 16:49:21,104 - DEBUG - Sampling from optimized circuit...
2025-02-24 16:49:21,117 - DEBUG - Generated 149 unique samples from 500 total measurements
2025-02-24 16:49:21,117 - DEBUG - 
Top 5 most frequent samples:
2025-02-24 16:49:21,117 - DEBUG -   Rank | Count |   %   
2025-02-24 16:49:21,117 - DEBUG -   -----|-------|-------
2025-02-24 16:49:21,117 - DEBUG -      1 |    24 |   4.8
2025-02-24 16:49:21,117 - DEBUG -     Sample: [1 1 1 0 1 1 1 1]
2025-02-24 16:49:21,118 - DEBUG -      2 |    21 |   4.2
2025-02-24 16:49:21,118 - DEBUG -     Sample: [1 1 1 0 1 1 1 0]
2025-02-24 16:49:21,118 - DEBUG -      3 |    16 |   3.2
2025-02-24 16:49:21,118 - DEBUG -     Sample: [1 0 1 0 1 1 1 0]
2025-02-24 16:49:21,118 - DEBUG -      4 |    16 |   3.2
2025-02-24 16:49:21,118 - DEBUG -     Sample: [1 0 1 0 1 1 1 1]
2025-02-24 16:49:21,119 - DEBUG -      5 |    14 |   2.8
2025-02-24 16:49:21,119 - DEBUG -     Sample: [1 1 1 1 1 1 1 0]
2025-02-24 16:49:21,119 - DEBUG - Generated 149 unique samples from 500 total measurements
2025-02-24 16:49:21,122 - INFO - Found feasible solution: [0 1 0 0 1 1 0 1] with objective value 161.0
2025-02-24 16:49:21,123 - INFO -   Found feasible solution:
2025-02-24 16:49:21,123 - INFO -     Solution: [0, 1, 0, 0, 1, 1, 0, 1]
2025-02-24 16:49:21,124 - INFO -     Value: 161.0
2025-02-24 16:49:21,124 - INFO -     Gap to reference: 0.00%
2025-02-24 16:49:21,124 - INFO -   Constraint generation solution found:
2025-02-24 16:49:21,124 - INFO -     Solution: [0, 1, 0, 0, 1, 1, 0, 1]
2025-02-24 16:49:21,124 - INFO -     Value: 161.0
2025-02-24 16:49:21,124 - INFO - 
Instance 37 results:
2025-02-24 16:49:21,125 - INFO -   Classical value: 161.0
2025-02-24 16:49:21,125 - INFO -   QAOA value: 161.0
2025-02-24 16:49:21,125 - INFO -   Constraint generation value: 161.0
2025-02-24 16:49:21,125 - INFO - 
Running instance 38/100
2025-02-24 16:49:21,126 - INFO - 
Running Classical Reference Solver (SCIP):
2025-02-24 16:49:21,127 - DEBUG - Problem dimensions: 25 constraints, 8 variables
2025-02-24 16:49:21,127 - DEBUG - Row names: ['ELEM1', 'ELEM2', 'ELEM3', 'ELEM4', 'ELEM5', 'ELEM6', 'ELEM7', 'ELEM8', 'ELEM9', 'ELEM10', 'ELEM11', 'ELEM12', 'ELEM13', 'ELEM14', 'ELEM15', 'ELEM16', 'ELEM17', 'ELEM18', 'ELEM19', 'ELEM20', 'ELEM21', 'ELEM22', 'ELEM23', 'ELEM24', 'ELEM25']
2025-02-24 16:49:21,127 - DEBUG - RHS values: {'ELEM1': 1.0, 'ELEM2': 1.0, 'ELEM3': 1.0, 'ELEM4': 1.0, 'ELEM5': 1.0, 'ELEM6': 1.0, 'ELEM7': 1.0, 'ELEM8': 1.0, 'ELEM9': 1.0, 'ELEM10': 1.0, 'ELEM11': 1.0, 'ELEM12': 1.0, 'ELEM13': 1.0, 'ELEM14': 1.0, 'ELEM15': 1.0, 'ELEM16': 1.0, 'ELEM17': 1.0, 'ELEM18': 1.0, 'ELEM19': 1.0, 'ELEM20': 1.0, 'ELEM21': 1.0, 'ELEM22': 1.0, 'ELEM23': 1.0, 'ELEM24': 1.0, 'ELEM25': 1.0}
2025-02-24 16:49:21,137 - INFO -   Reference solution found:
2025-02-24 16:49:21,138 - INFO -     Solution: [1, 0, 1, 0, 1, 0, 0, 0]
2025-02-24 16:49:21,138 - INFO -     Value: 61.0
2025-02-24 16:49:21,138 - INFO - 
Running QAOA Reference Solution (with all constraints):
