2025-02-24 15:26:20,937 - INFO - 
Problem information:
2025-02-24 15:26:20,937 - INFO -   Number of variables (n): 12
2025-02-24 15:26:20,937 - INFO -   Number of constraints (m): 40
2025-02-24 15:26:20,937 - DEBUG -   Density of A: 19.58%
2025-02-24 15:26:20,937 - INFO - 
Starting reference QAOA with parameters:
2025-02-24 15:26:20,937 - INFO -   sample_size (total shots): 1000
2025-02-24 15:26:20,938 - INFO - Added all constraints
2025-02-24 15:26:20,938 - DEBUG - Generated Ising Hamiltonian
2025-02-24 15:26:21,183 - DEBUG - Optimizing QAOA circuit...
2025-02-24 15:26:25,187 - DEBUG - Circuit optimization successful
2025-02-24 15:26:25,187 - DEBUG - Circuit optimization successful, final value: 11861.142857142846
2025-02-24 15:26:25,187 - DEBUG - Sampling from optimized circuit...
2025-02-24 15:26:25,226 - DEBUG - Generated 777 unique samples from 1000 total measurements
2025-02-24 15:26:25,227 - DEBUG - 
Top 5 most frequent samples:
2025-02-24 15:26:25,227 - DEBUG -   Rank | Count |   %   
2025-02-24 15:26:25,227 - DEBUG -   -----|-------|-------
2025-02-24 15:26:25,227 - DEBUG -      1 |     7 |   0.7
2025-02-24 15:26:25,228 - DEBUG -     Sample: [1 1 1 1 0 1 0 1 0 0 0 1]
2025-02-24 15:26:25,228 - DEBUG -      2 |     7 |   0.7
2025-02-24 15:26:25,228 - DEBUG -     Sample: [1 0 1 0 1 1 0 0 0 0 1 1]
2025-02-24 15:26:25,228 - DEBUG -      3 |     5 |   0.5
2025-02-24 15:26:25,229 - DEBUG -     Sample: [1 1 0 1 1 1 0 1 0 0 0 1]
2025-02-24 15:26:25,229 - DEBUG -      4 |     5 |   0.5
2025-02-24 15:26:25,229 - DEBUG -     Sample: [1 1 1 1 0 1 0 0 0 0 1 1]
2025-02-24 15:26:25,229 - DEBUG -      5 |     4 |   0.4
2025-02-24 15:26:25,230 - DEBUG -     Sample: [1 0 1 0 0 1 0 0 0 1 1 1]
2025-02-24 15:26:25,232 - DEBUG - Generated 777 unique samples from 1000 total measurements
2025-02-24 15:26:25,246 - INFO - No feasible solution found
2025-02-24 15:26:25,247 - INFO -   QAOA solver found no feasible solution
2025-02-24 15:26:25,247 - INFO - 
Running Constraint Generation:
2025-02-24 15:26:25,249 - INFO - 
Problem information:
2025-02-24 15:26:25,249 - INFO -   Number of variables (n): 12
2025-02-24 15:26:25,249 - INFO -   Number of constraints (m): 40
2025-02-24 15:26:25,249 - DEBUG -   Density of A: 19.58%
2025-02-24 15:26:25,249 - INFO - 
Running classical reference solver:
2025-02-24 15:26:25,259 - INFO -   Reference solution found:
2025-02-24 15:26:25,259 - INFO -     Solution: [0, 1, 1, 0, 0, 0, 0, 1, 0, 1, 0, 1]
2025-02-24 15:26:25,259 - INFO -     Value: 263.0
2025-02-24 15:26:25,259 - INFO - 
Starting quantum constraint generation with parameters:
2025-02-24 15:26:25,259 - INFO -   sample_size (total shots): 1000
2025-02-24 15:26:25,259 - INFO -   tau: 0.1
2025-02-24 15:26:25,260 - INFO -   max_iters: 1000
2025-02-24 15:26:25,260 - INFO - 
Iteration 0:
2025-02-24 15:26:25,260 - DEBUG - Generated Ising Hamiltonian
2025-02-24 15:26:25,451 - DEBUG - Optimizing QAOA circuit...
2025-02-24 15:26:27,509 - DEBUG - Circuit optimization successful
2025-02-24 15:26:27,509 - DEBUG - Circuit optimization successful, final value: -349.85814185814183
2025-02-24 15:26:27,510 - DEBUG - Sampling from optimized circuit...
2025-02-24 15:26:27,531 - DEBUG - Generated 328 unique samples from 1000 total measurements
2025-02-24 15:26:27,531 - DEBUG - 
Top 5 most frequent samples:
2025-02-24 15:26:27,531 - DEBUG -   Rank | Count |   %   
2025-02-24 15:26:27,532 - DEBUG -   -----|-------|-------
2025-02-24 15:26:27,532 - DEBUG -      1 |    40 |   4.0
2025-02-24 15:26:27,532 - DEBUG -     Sample: [1 1 1 1 0 0 1 1 1 1 1 0]
2025-02-24 15:26:27,533 - DEBUG -      2 |    36 |   3.6
2025-02-24 15:26:27,533 - DEBUG -     Sample: [1 1 1 1 0 0 1 1 1 1 1 1]
2025-02-24 15:26:27,533 - DEBUG -      3 |    24 |   2.4
2025-02-24 15:26:27,534 - DEBUG -     Sample: [1 1 0 1 0 0 1 1 1 1 1 0]
2025-02-24 15:26:27,534 - DEBUG -      4 |    22 |   2.2
2025-02-24 15:26:27,534 - DEBUG -     Sample: [1 1 1 1 0 0 1 0 1 1 1 1]
2025-02-24 15:26:27,534 - DEBUG -      5 |    19 |   1.9
2025-02-24 15:26:27,535 - DEBUG -     Sample: [0 1 1 1 0 0 1 1 1 1 1 1]
2025-02-24 15:26:27,536 - DEBUG - Generated 328 unique samples from 1000 total measurements
2025-02-24 15:26:27,541 - INFO -   No feasible solution found in this iteration
2025-02-24 15:26:27,542 - INFO -   Added 2 new constraints: [7, 20]
2025-02-24 15:26:27,542 - INFO - 
Iteration 1:
2025-02-24 15:26:27,543 - DEBUG - Generated Ising Hamiltonian
2025-02-24 15:26:27,743 - DEBUG - Optimizing QAOA circuit...
2025-02-24 15:26:29,761 - DEBUG - Circuit optimization successful
2025-02-24 15:26:29,762 - DEBUG - Circuit optimization successful, final value: -8968.483516483519
2025-02-24 15:26:29,762 - DEBUG - Sampling from optimized circuit...
2025-02-24 15:26:29,793 - DEBUG - Generated 275 unique samples from 1000 total measurements
2025-02-24 15:26:29,793 - DEBUG - 
Top 5 most frequent samples:
2025-02-24 15:26:29,794 - DEBUG -   Rank | Count |   %   
2025-02-24 15:26:29,794 - DEBUG -   -----|-------|-------
2025-02-24 15:26:29,794 - DEBUG -      1 |    33 |   3.3
2025-02-24 15:26:29,794 - DEBUG -     Sample: [0 0 0 0 0 1 0 1 0 1 1 0]
2025-02-24 15:26:29,794 - DEBUG -      2 |    32 |   3.2
2025-02-24 15:26:29,795 - DEBUG -     Sample: [1 0 0 0 0 1 0 1 0 1 1 0]
2025-02-24 15:26:29,795 - DEBUG -      3 |    29 |   2.9
2025-02-24 15:26:29,795 - DEBUG -     Sample: [0 0 0 0 0 1 0 1 0 0 1 0]
2025-02-24 15:26:29,795 - DEBUG -      4 |    29 |   2.9
2025-02-24 15:26:29,796 - DEBUG -     Sample: [1 0 0 0 0 1 0 1 0 0 1 0]
2025-02-24 15:26:29,796 - DEBUG -      5 |    28 |   2.8
2025-02-24 15:26:29,796 - DEBUG -     Sample: [1 0 0 0 0 1 0 1 0 1 1 1]
2025-02-24 15:26:29,797 - DEBUG - Generated 275 unique samples from 1000 total measurements
2025-02-24 15:26:29,803 - INFO -   No feasible solution found in this iteration
2025-02-24 15:26:29,804 - INFO -   Added 2 new constraints: [25, 26]
2025-02-24 15:26:29,804 - INFO - 
Iteration 2:
2025-02-24 15:26:29,804 - DEBUG - Generated Ising Hamiltonian
2025-02-24 15:26:30,058 - DEBUG - Optimizing QAOA circuit...
2025-02-24 15:26:32,063 - DEBUG - Circuit optimization successful
2025-02-24 15:26:32,064 - DEBUG - Circuit optimization successful, final value: -14306.34865134865
2025-02-24 15:26:32,064 - DEBUG - Sampling from optimized circuit...
2025-02-24 15:26:32,090 - DEBUG - Generated 447 unique samples from 1000 total measurements
2025-02-24 15:26:32,090 - DEBUG - 
Top 5 most frequent samples:
2025-02-24 15:26:32,090 - DEBUG -   Rank | Count |   %   
2025-02-24 15:26:32,090 - DEBUG -   -----|-------|-------
2025-02-24 15:26:32,090 - DEBUG -      1 |    32 |   3.2
2025-02-24 15:26:32,091 - DEBUG -     Sample: [0 0 1 1 1 0 0 0 1 0 1 1]
2025-02-24 15:26:32,091 - DEBUG -      2 |    28 |   2.8
2025-02-24 15:26:32,091 - DEBUG -     Sample: [0 0 1 0 1 0 0 0 1 0 1 1]
2025-02-24 15:26:32,091 - DEBUG -      3 |    14 |   1.4
2025-02-24 15:26:32,091 - DEBUG -     Sample: [0 0 1 0 1 0 0 1 1 0 0 1]
2025-02-24 15:26:32,091 - DEBUG -      4 |    13 |   1.3
2025-02-24 15:26:32,092 - DEBUG -     Sample: [0 0 1 1 1 0 0 0 1 0 1 0]
2025-02-24 15:26:32,092 - DEBUG -      5 |    11 |   1.1
2025-02-24 15:26:32,092 - DEBUG -     Sample: [0 0 1 1 1 0 0 1 1 0 0 0]
2025-02-24 15:26:32,093 - DEBUG - Generated 447 unique samples from 1000 total measurements
2025-02-24 15:26:32,102 - INFO -   No feasible solution found in this iteration
2025-02-24 15:26:32,103 - INFO -   Added 2 new constraints: [32, 36]
2025-02-24 15:26:32,103 - INFO - 
Iteration 3:
2025-02-24 15:26:32,103 - DEBUG - Generated Ising Hamiltonian
2025-02-24 15:26:32,318 - DEBUG - Optimizing QAOA circuit...
2025-02-24 15:26:35,209 - DEBUG - Circuit optimization successful
2025-02-24 15:26:35,210 - DEBUG - Circuit optimization successful, final value: -18203.198801198803
2025-02-24 15:26:35,210 - DEBUG - Sampling from optimized circuit...
2025-02-24 15:26:35,243 - DEBUG - Generated 723 unique samples from 1000 total measurements
2025-02-24 15:26:35,244 - DEBUG - 
Top 5 most frequent samples:
2025-02-24 15:26:35,244 - DEBUG -   Rank | Count |   %   
2025-02-24 15:26:35,244 - DEBUG -   -----|-------|-------
2025-02-24 15:26:35,245 - DEBUG -      1 |     9 |   0.9
2025-02-24 15:26:35,245 - DEBUG -     Sample: [1 0 1 0 1 0 0 0 0 0 0 1]
2025-02-24 15:26:35,245 - DEBUG -      2 |     8 |   0.8
2025-02-24 15:26:35,245 - DEBUG -     Sample: [0 0 1 1 1 0 0 0 0 1 0 1]
2025-02-24 15:26:35,245 - DEBUG -      3 |     7 |   0.7
2025-02-24 15:26:35,246 - DEBUG -     Sample: [1 0 1 1 1 0 0 0 0 1 0 1]
2025-02-24 15:26:35,246 - DEBUG -      4 |     6 |   0.6
2025-02-24 15:26:35,246 - DEBUG -     Sample: [1 0 1 0 1 0 0 0 0 1 1 1]
2025-02-24 15:26:35,246 - DEBUG -      5 |     6 |   0.6
2025-02-24 15:26:35,246 - DEBUG -     Sample: [1 0 0 0 0 0 0 0 1 1 0 1]
2025-02-24 15:26:35,249 - DEBUG - Generated 723 unique samples from 1000 total measurements
2025-02-24 15:26:35,256 - INFO - Found feasible solution: [1 0 0 1 1 0 1 0 1 0 1 0] with objective value 391.0
2025-02-24 15:26:35,264 - INFO -   Found feasible solution:
2025-02-24 15:26:35,264 - INFO -     Solution: [1, 0, 0, 1, 1, 0, 1, 0, 1, 0, 1, 0]
2025-02-24 15:26:35,264 - INFO -     Value: 391.0
2025-02-24 15:26:35,264 - INFO -     Gap to reference: 48.67%
2025-02-24 15:26:35,265 - INFO -   Constraint generation solution found:
2025-02-24 15:26:35,265 - INFO -     Solution: [1, 0, 0, 1, 1, 0, 1, 0, 1, 0, 1, 0]
2025-02-24 15:26:35,266 - INFO -     Value: 391.0
2025-02-24 15:26:35,266 - INFO - 
Instance 11 results:
2025-02-24 15:26:35,266 - INFO -   Classical value: 263.0
2025-02-24 15:26:35,267 - INFO -   QAOA value: 0.0
2025-02-24 15:26:35,267 - INFO -   Constraint generation value: 391.0
2025-02-24 15:26:35,267 - INFO - 
Running instance 12/100
2025-02-24 15:26:35,270 - INFO - 
Running Classical Reference Solver (SCIP):
2025-02-24 15:26:35,271 - DEBUG - Problem dimensions: 40 constraints, 12 variables
2025-02-24 15:26:35,271 - DEBUG - Row names: ['ELEM1', 'ELEM2', 'ELEM3', 'ELEM4', 'ELEM5', 'ELEM6', 'ELEM7', 'ELEM8', 'ELEM9', 'ELEM10', 'ELEM11', 'ELEM12', 'ELEM13', 'ELEM14', 'ELEM15', 'ELEM16', 'ELEM17', 'ELEM18', 'ELEM19', 'ELEM20', 'ELEM21', 'ELEM22', 'ELEM23', 'ELEM24', 'ELEM25', 'ELEM26', 'ELEM27', 'ELEM28', 'ELEM29', 'ELEM30', 'ELEM31', 'ELEM32', 'ELEM33', 'ELEM34', 'ELEM35', 'ELEM36', 'ELEM37', 'ELEM38', 'ELEM39', 'ELEM40']
2025-02-24 15:26:35,271 - DEBUG - RHS values: {'ELEM1': 1.0, 'ELEM2': 1.0, 'ELEM3': 1.0, 'ELEM4': 1.0, 'ELEM5': 1.0, 'ELEM6': 1.0, 'ELEM7': 1.0, 'ELEM8': 1.0, 'ELEM9': 1.0, 'ELEM10': 1.0, 'ELEM11': 1.0, 'ELEM12': 1.0, 'ELEM13': 1.0, 'ELEM14': 1.0, 'ELEM15': 1.0, 'ELEM16': 1.0, 'ELEM17': 1.0, 'ELEM18': 1.0, 'ELEM19': 1.0, 'ELEM20': 1.0, 'ELEM21': 1.0, 'ELEM22': 1.0, 'ELEM23': 1.0, 'ELEM24': 1.0, 'ELEM25': 1.0, 'ELEM26': 1.0, 'ELEM27': 1.0, 'ELEM28': 1.0, 'ELEM29': 1.0, 'ELEM30': 1.0, 'ELEM31': 1.0, 'ELEM32': 1.0, 'ELEM33': 1.0, 'ELEM34': 1.0, 'ELEM35': 1.0, 'ELEM36': 1.0, 'ELEM37': 1.0, 'ELEM38': 1.0, 'ELEM39': 1.0, 'ELEM40': 1.0}
2025-02-24 15:26:35,282 - INFO -   Reference solution found:
2025-02-24 15:26:35,282 - INFO -     Solution: [0, 0, 0, 1, 1, 0, 1, 0, 0, 1, 1, 0]
2025-02-24 15:26:35,283 - INFO -     Value: 232.99999999999997
2025-02-24 15:26:35,283 - INFO - 
Running QAOA Reference Solution (with all constraints):
