
Problem information:
  Number of variables (n): 12
  Number of constraints (m): 40

Starting reference QAOA with parameters:
  sample_size (total shots): 1000
Added all constraints
No feasible solution found
  QAOA solver found no feasible solution

Running Constraint Generation:

Problem information:
  Number of variables (n): 12
  Number of constraints (m): 40

Running classical reference solver:
  Reference solution found:
    Solution: [0, 1, 1, 0, 0, 0, 0, 1, 0, 1, 0, 1]
    Value: 263.0

Starting quantum constraint generation with parameters:
  sample_size (total shots): 1000
  tau: 0.1
  max_iters: 1000

Iteration 0:
  No feasible solution found in this iteration
  Added 2 new constraints: [7, 20]

Iteration 1:
  No feasible solution found in this iteration
  Added 2 new constraints: [25, 26]

Iteration 2:
  No feasible solution found in this iteration
  Added 2 new constraints: [32, 36]

Iteration 3:
Found feasible solution: [1 0 0 1 1 0 1 0 1 0 1 0] with objective value 391.0
  Found feasible solution:
    Solution: [1, 0, 0, 1, 1, 0, 1, 0, 1, 0, 1, 0]
    Value: 391.0
    Gap to reference: 48.67%
  Constraint generation solution found:
    Solution: [1, 0, 0, 1, 1, 0, 1, 0, 1, 0, 1, 0]
    Value: 391.0

Instance 11 results:
  Classical value: 263.0
  QAOA value: 0.0
  Constraint generation value: 391.0

Running instance 12/100

Running Classical Reference Solver (SCIP):
  Reference solution found:
    Solution: [0, 0, 0, 1, 1, 0, 1, 0, 0, 1, 1, 0]
    Value: 232.99999999999997

Running QAOA Reference Solution (with all constraints):
