
Problem information:
  Number of variables (n): 12
  Number of constraints (m): 40

Starting reference QAOA with parameters:
  sample_size (total shots): 1000
Added all constraints
No feasible solution found
  QAOA solver found no feasible solution

Running Constraint Generation:

Problem information:
  Number of variables (n): 12
  Number of constraints (m): 40

Running classical reference solver:
  Reference solution found:
    Solution: [0, 1, 0, 1, 0, 0, 0, 0, 0, 1, 0, 1]
    Value: 146.0

Starting quantum constraint generation with parameters:
  sample_size (total shots): 1000
  tau: 0.1
  max_iters: 1000

Iteration 0:
  No feasible solution found in this iteration
  Added 1 new constraints: [8]

Iteration 1:
  No feasible solution found in this iteration
  No new constraints added, lowered tau multiplier: 1.0 -> 0.9
  Added 3 new constraints: [21, 27, 39]

Iteration 2:
Found feasible solution: [0 0 1 0 1 0 1 0 0 0 1 0] with objective value 251.0
  Found feasible solution:
    Solution: [0, 0, 1, 0, 1, 0, 1, 0, 0, 0, 1, 0]
    Value: 251.0
    Gap to reference: 71.92%
  Constraint generation solution found:
    Solution: [0, 0, 1, 0, 1, 0, 1, 0, 0, 0, 1, 0]
    Value: 251.0

Instance 33 results:
  Classical value: 146.0
  QAOA value: 0.0
  Constraint generation value: 251.0

Running instance 34/100

Running Classical Reference Solver (SCIP):
  Reference solution found:
    Solution: [0, 1, 0, 1, 0, 0, 0, 1, 1, 0, 0, 0]
    Value: 148.00000000000003

Running QAOA Reference Solution (with all constraints):
