2025-02-23 18:46:23,941 - INFO - 
Problem information:
2025-02-23 18:46:23,941 - INFO -   Number of variables (n): 10
2025-02-23 18:46:23,941 - INFO -   Number of constraints (m): 20
2025-02-23 18:46:23,942 - DEBUG -   Density of A: 50.00%
2025-02-23 18:46:23,942 - INFO - 
Starting reference QAOA with parameters:
2025-02-23 18:46:23,942 - INFO -   sample_size (total shots): 100
2025-02-23 18:46:23,942 - INFO - Added all constraints
2025-02-23 18:46:23,942 - DEBUG - Generated Ising Hamiltonian
2025-02-23 18:46:24,160 - DEBUG - Optimizing QAOA circuit...
2025-02-23 18:46:25,760 - DEBUG - Circuit optimization successful
2025-02-23 18:46:25,760 - DEBUG - Circuit optimization successful, final value: 1882.9560439560432
2025-02-23 18:46:25,760 - DEBUG - Sampling from optimized circuit...
2025-02-23 18:46:25,775 - DEBUG - Generated 95 unique samples from 100 total measurements
2025-02-23 18:46:25,775 - DEBUG - 
Top 5 most frequent samples:
2025-02-23 18:46:25,775 - DEBUG -   Rank | Count |   %   
2025-02-23 18:46:25,775 - DEBUG -   -----|-------|-------
2025-02-23 18:46:25,775 - DEBUG -      1 |     2 |   2.0
2025-02-23 18:46:25,776 - DEBUG -     Sample: [1 1 0 1 0 1 0 0 1 1]
2025-02-23 18:46:25,776 - DEBUG -      2 |     2 |   2.0
2025-02-23 18:46:25,776 - DEBUG -     Sample: [1 0 1 0 0 1 1 0 1 0]
2025-02-23 18:46:25,776 - DEBUG -      3 |     2 |   2.0
2025-02-23 18:46:25,777 - DEBUG -     Sample: [1 0 1 0 1 1 0 0 0 0]
2025-02-23 18:46:25,777 - DEBUG -      4 |     2 |   2.0
2025-02-23 18:46:25,777 - DEBUG -     Sample: [0 1 1 0 1 0 0 0 0 0]
2025-02-23 18:46:25,777 - DEBUG -      5 |     2 |   2.0
2025-02-23 18:46:25,778 - DEBUG -     Sample: [0 0 0 0 0 1 1 0 0 1]
2025-02-23 18:46:25,778 - DEBUG - Generated 95 unique samples from 100 total measurements
2025-02-23 18:46:25,780 - INFO - No feasible solution found
2025-02-23 18:46:25,780 - INFO -   QAOA solver found no feasible solution
2025-02-23 18:46:25,780 - INFO - 
Running Constraint Generation:
2025-02-23 18:46:25,781 - INFO - 
Problem information:
2025-02-23 18:46:25,782 - INFO -   Number of variables (n): 10
2025-02-23 18:46:25,782 - INFO -   Number of constraints (m): 20
2025-02-23 18:46:25,782 - DEBUG -   Density of A: 50.00%
2025-02-23 18:46:25,782 - INFO - 
Running classical reference solver:
2025-02-23 18:46:25,794 - INFO -   Reference solution found:
2025-02-23 18:46:25,794 - INFO -     Solution: [0, 0, 1, 0, 0, 0, 0, 1, 0, 0]
2025-02-23 18:46:25,794 - INFO -     Value: 88.0
2025-02-23 18:46:25,794 - INFO - 
Starting quantum constraint generation with parameters:
2025-02-23 18:46:25,794 - INFO -   sample_size (total shots): 100
2025-02-23 18:46:25,795 - INFO -   tau: 0.1
2025-02-23 18:46:25,795 - INFO -   max_iters: 1000
2025-02-23 18:46:25,795 - INFO - 
Iteration 0:
2025-02-23 18:46:25,795 - DEBUG - Generated Ising Hamiltonian
2025-02-23 18:46:26,036 - DEBUG - Optimizing QAOA circuit...
2025-02-23 18:46:27,390 - DEBUG - Circuit optimization successful
2025-02-23 18:46:27,390 - DEBUG - Circuit optimization successful, final value: -69.45754245754244
2025-02-23 18:46:27,390 - DEBUG - Sampling from optimized circuit...
2025-02-23 18:46:27,403 - DEBUG - Generated 91 unique samples from 100 total measurements
2025-02-23 18:46:27,404 - DEBUG - 
Top 5 most frequent samples:
2025-02-23 18:46:27,404 - DEBUG -   Rank | Count |   %   
2025-02-23 18:46:27,404 - DEBUG -   -----|-------|-------
2025-02-23 18:46:27,404 - DEBUG -      1 |     3 |   3.0
2025-02-23 18:46:27,404 - DEBUG -     Sample: [0 1 0 1 1 0 1 0 1 0]
2025-02-23 18:46:27,404 - DEBUG -      2 |     3 |   3.0
2025-02-23 18:46:27,405 - DEBUG -     Sample: [1 1 0 1 1 1 1 1 0 0]
2025-02-23 18:46:27,405 - DEBUG -      3 |     2 |   2.0
2025-02-23 18:46:27,405 - DEBUG -     Sample: [1 1 0 1 1 0 1 0 0 1]
2025-02-23 18:46:27,405 - DEBUG -      4 |     2 |   2.0
2025-02-23 18:46:27,406 - DEBUG -     Sample: [0 0 1 1 1 0 1 1 1 0]
2025-02-23 18:46:27,406 - DEBUG -      5 |     2 |   2.0
2025-02-23 18:46:27,406 - DEBUG -     Sample: [0 1 1 1 1 0 1 0 0 1]
2025-02-23 18:46:27,407 - DEBUG - Generated 91 unique samples from 100 total measurements
2025-02-23 18:46:27,408 - INFO -   No feasible solution found in this iteration
2025-02-23 18:46:27,409 - INFO -   Added 1 new constraints: [5]
2025-02-23 18:46:27,409 - INFO - 
Iteration 1:
2025-02-23 18:46:27,410 - DEBUG - Generated Ising Hamiltonian
2025-02-23 18:46:27,753 - DEBUG - Optimizing QAOA circuit...
2025-02-23 18:46:28,719 - DEBUG - Circuit optimization successful
2025-02-23 18:46:28,720 - DEBUG - Circuit optimization successful, final value: -5350.407092907094
2025-02-23 18:46:28,720 - DEBUG - Sampling from optimized circuit...
2025-02-23 18:46:28,731 - DEBUG - Generated 67 unique samples from 100 total measurements
2025-02-23 18:46:28,731 - DEBUG - 
Top 5 most frequent samples:
2025-02-23 18:46:28,731 - DEBUG -   Rank | Count |   %   
2025-02-23 18:46:28,731 - DEBUG -   -----|-------|-------
2025-02-23 18:46:28,731 - DEBUG -      1 |     5 |   5.0
2025-02-23 18:46:28,732 - DEBUG -     Sample: [1 0 0 0 1 0 0 1 0 0]
2025-02-23 18:46:28,732 - DEBUG -      2 |     3 |   3.0
2025-02-23 18:46:28,732 - DEBUG -     Sample: [1 0 0 0 1 0 0 1 1 0]
2025-02-23 18:46:28,732 - DEBUG -      3 |     3 |   3.0
2025-02-23 18:46:28,733 - DEBUG -     Sample: [1 0 0 0 1 0 1 1 0 0]
2025-02-23 18:46:28,733 - DEBUG -      4 |     3 |   3.0
2025-02-23 18:46:28,733 - DEBUG -     Sample: [1 1 0 1 1 0 1 1 0 0]
2025-02-23 18:46:28,733 - DEBUG -      5 |     3 |   3.0
2025-02-23 18:46:28,734 - DEBUG -     Sample: [1 0 0 0 1 0 1 0 1 0]
2025-02-23 18:46:28,734 - DEBUG - Generated 67 unique samples from 100 total measurements
2025-02-23 18:46:28,735 - INFO -   No feasible solution found in this iteration
2025-02-23 18:46:28,736 - INFO -   Added 2 new constraints: [7, 11]
2025-02-23 18:46:28,736 - INFO - 
Iteration 2:
2025-02-23 18:46:28,736 - DEBUG - Generated Ising Hamiltonian
2025-02-23 18:46:28,949 - DEBUG - Optimizing QAOA circuit...
2025-02-23 18:46:30,202 - DEBUG - Circuit optimization successful
2025-02-23 18:46:30,203 - DEBUG - Circuit optimization successful, final value: 1227.4550449550447
2025-02-23 18:46:30,203 - DEBUG - Sampling from optimized circuit...
2025-02-23 18:46:30,215 - DEBUG - Generated 88 unique samples from 100 total measurements
2025-02-23 18:46:30,215 - DEBUG - 
Top 5 most frequent samples:
2025-02-23 18:46:30,215 - DEBUG -   Rank | Count |   %   
2025-02-23 18:46:30,215 - DEBUG -   -----|-------|-------
2025-02-23 18:46:30,215 - DEBUG -      1 |     3 |   3.0
2025-02-23 18:46:30,215 - DEBUG -     Sample: [1 0 0 0 0 1 1 0 1 0]
2025-02-23 18:46:30,215 - DEBUG -      2 |     2 |   2.0
2025-02-23 18:46:30,216 - DEBUG -     Sample: [0 1 0 0 1 0 1 1 1 0]
2025-02-23 18:46:30,216 - DEBUG -      3 |     2 |   2.0
2025-02-23 18:46:30,216 - DEBUG -     Sample: [0 1 0 0 1 0 1 0 1 0]
2025-02-23 18:46:30,216 - DEBUG -      4 |     2 |   2.0
2025-02-23 18:46:30,216 - DEBUG -     Sample: [1 1 0 0 0 1 0 1 0 0]
2025-02-23 18:46:30,217 - DEBUG -      5 |     2 |   2.0
2025-02-23 18:46:30,217 - DEBUG -     Sample: [0 1 0 0 1 0 0 1 1 0]
2025-02-23 18:46:30,218 - DEBUG - Generated 88 unique samples from 100 total measurements
2025-02-23 18:46:30,220 - INFO -   No feasible solution found in this iteration
2025-02-23 18:46:30,220 - INFO -   No new constraints added, lowered tau multiplier: 1.0 -> 0.9
2025-02-23 18:46:30,220 - INFO -   Added 9 new constraints: [2, 4, 6, 9, 12, 13, 15, 16, 17]
2025-02-23 18:46:30,220 - INFO - 
Iteration 3:
2025-02-23 18:46:30,221 - DEBUG - Generated Ising Hamiltonian
2025-02-23 18:46:30,427 - DEBUG - Optimizing QAOA circuit...
2025-02-23 18:46:31,964 - DEBUG - Circuit optimization successful
2025-02-23 18:46:31,964 - DEBUG - Circuit optimization successful, final value: -56339.004995005
2025-02-23 18:46:31,964 - DEBUG - Sampling from optimized circuit...
2025-02-23 18:46:31,979 - DEBUG - Generated 58 unique samples from 100 total measurements
2025-02-23 18:46:31,979 - DEBUG - 
Top 5 most frequent samples:
2025-02-23 18:46:31,979 - DEBUG -   Rank | Count |   %   
2025-02-23 18:46:31,980 - DEBUG -   -----|-------|-------
2025-02-23 18:46:31,980 - DEBUG -      1 |     6 |   6.0
2025-02-23 18:46:31,980 - DEBUG -     Sample: [0 0 1 0 1 0 1 0 0 1]
2025-02-23 18:46:31,980 - DEBUG -      2 |     6 |   6.0
2025-02-23 18:46:31,980 - DEBUG -     Sample: [0 0 1 0 1 0 1 0 0 0]
2025-02-23 18:46:31,980 - DEBUG -      3 |     5 |   5.0
2025-02-23 18:46:31,981 - DEBUG -     Sample: [1 0 1 0 1 0 1 0 0 1]
2025-02-23 18:46:31,981 - DEBUG -      4 |     5 |   5.0
2025-02-23 18:46:31,981 - DEBUG -     Sample: [0 0 1 0 1 0 0 0 0 0]
2025-02-23 18:46:31,981 - DEBUG -      5 |     4 |   4.0
2025-02-23 18:46:31,981 - DEBUG -     Sample: [0 0 1 0 1 1 1 0 0 0]
2025-02-23 18:46:31,982 - DEBUG - Generated 58 unique samples from 100 total measurements
2025-02-23 18:46:31,983 - INFO -   No feasible solution found in this iteration
2025-02-23 18:46:31,983 - INFO -   Added 1 new constraints: [1]
2025-02-23 18:46:31,983 - INFO - 
Iteration 4:
2025-02-23 18:46:31,984 - DEBUG - Generated Ising Hamiltonian
2025-02-23 18:46:32,192 - DEBUG - Optimizing QAOA circuit...
2025-02-23 18:46:33,591 - DEBUG - Circuit optimization successful
2025-02-23 18:46:33,591 - DEBUG - Circuit optimization successful, final value: -7449.929570429569
2025-02-23 18:46:33,591 - DEBUG - Sampling from optimized circuit...
2025-02-23 18:46:33,605 - DEBUG - Generated 83 unique samples from 100 total measurements
2025-02-23 18:46:33,605 - DEBUG - 
Top 5 most frequent samples:
2025-02-23 18:46:33,605 - DEBUG -   Rank | Count |   %   
2025-02-23 18:46:33,605 - DEBUG -   -----|-------|-------
2025-02-23 18:46:33,605 - DEBUG -      1 |     5 |   5.0
2025-02-23 18:46:33,605 - DEBUG -     Sample: [0 1 0 1 1 0 0 0 1 0]
2025-02-23 18:46:33,606 - DEBUG -      2 |     3 |   3.0
2025-02-23 18:46:33,606 - DEBUG -     Sample: [0 0 0 0 1 0 0 0 1 0]
2025-02-23 18:46:33,606 - DEBUG -      3 |     3 |   3.0
2025-02-23 18:46:33,606 - DEBUG -     Sample: [0 1 0 0 1 0 0 0 1 1]
2025-02-23 18:46:33,606 - DEBUG -      4 |     3 |   3.0
2025-02-23 18:46:33,606 - DEBUG -     Sample: [0 1 0 0 1 1 0 0 1 0]
2025-02-23 18:46:33,607 - DEBUG -      5 |     2 |   2.0
2025-02-23 18:46:33,607 - DEBUG -     Sample: [0 0 0 0 1 0 0 0 1 1]
2025-02-23 18:46:33,607 - DEBUG - Generated 83 unique samples from 100 total measurements
2025-02-23 18:46:33,608 - INFO - Found feasible solution: [0 0 0 0 0 1 0 0 0 1] with objective value 124.0
2025-02-23 18:46:33,609 - INFO -   Found feasible solution:
2025-02-23 18:46:33,609 - INFO -     Solution: [0, 0, 0, 0, 0, 1, 0, 0, 0, 1]
2025-02-23 18:46:33,609 - INFO -     Value: 124.0
2025-02-23 18:46:33,610 - INFO -     Gap to reference: 40.91%
2025-02-23 18:46:33,610 - INFO -   Constraint generation solution found:
2025-02-23 18:46:33,610 - INFO -     Solution: [0, 0, 0, 0, 0, 1, 0, 0, 0, 1]
2025-02-23 18:46:33,610 - INFO -     Value: 124.0
2025-02-23 18:46:33,611 - INFO - 
Instance 16 results:
2025-02-23 18:46:33,611 - INFO -   Classical value: 88.0
2025-02-23 18:46:33,611 - INFO -   QAOA value: 0.0
2025-02-23 18:46:33,611 - INFO -   Constraint generation value: 124.0
2025-02-23 18:46:33,611 - INFO - 
Running instance 17/100
2025-02-23 18:46:33,613 - INFO - 
Running Classical Reference Solver (SCIP):
2025-02-23 18:46:33,614 - DEBUG - Problem dimensions: 20 constraints, 10 variables
2025-02-23 18:46:33,614 - DEBUG - Row names: ['ELEM1', 'ELEM2', 'ELEM3', 'ELEM4', 'ELEM5', 'ELEM6', 'ELEM7', 'ELEM8', 'ELEM9', 'ELEM10', 'ELEM11', 'ELEM12', 'ELEM13', 'ELEM14', 'ELEM15', 'ELEM16', 'ELEM17', 'ELEM18', 'ELEM19', 'ELEM20']
2025-02-23 18:46:33,614 - DEBUG - RHS values: {'ELEM1': 1.0, 'ELEM2': 1.0, 'ELEM3': 1.0, 'ELEM4': 1.0, 'ELEM5': 1.0, 'ELEM6': 1.0, 'ELEM7': 1.0, 'ELEM8': 1.0, 'ELEM9': 1.0, 'ELEM10': 1.0, 'ELEM11': 1.0, 'ELEM12': 1.0, 'ELEM13': 1.0, 'ELEM14': 1.0, 'ELEM15': 1.0, 'ELEM16': 1.0, 'ELEM17': 1.0, 'ELEM18': 1.0, 'ELEM19': 1.0, 'ELEM20': 1.0}
2025-02-23 18:46:33,624 - INFO -   Reference solution found:
2025-02-23 18:46:33,625 - INFO -     Solution: [0, 1, 0, 0, 0, 0, 0, 1, 0, 0]
2025-02-23 18:46:33,625 - INFO -     Value: 36.0
2025-02-23 18:46:33,625 - INFO - 
Running QAOA Reference Solution (with all constraints):
