
Problem information:
  Number of variables (n): 10
  Number of constraints (m): 30

Starting reference QAOA with parameters:
  sample_size (total shots): 200
Added all constraints
Found feasible solution: [1 1 0 0 0 1 0 1 0 1] with objective value 178.0
Found feasible solution:
  Solution: [1, 1, 0, 0, 0, 1, 0, 1, 0, 1]
  Value: 178.0

=====
Running Classical Reference Solver (SCIP):
  Reference solution found:
    Solution: [1, 1, 0, 0, 0, 1, 0, 1, 0, 1]
    Value: 178.0

=====
Running Constraint Generation:

Problem information:
  Number of variables (n): 10
  Number of constraints (m): 30

Running classical reference solver:
  Reference solution found:
    Solution: [1, 1, 0, 0, 0, 1, 0, 1, 0, 1]
    Value: 178.0

Starting quantum constraint generation with parameters:
  sample_size (total shots): 200
  tau: 0.1
  max_iters: 1000

Iteration 0:
  No feasible solution found in this iteration
  Added 1 new constraints: [24]

Iteration 1:
  No feasible solution found in this iteration
  Added 1 new constraints: [13]

Iteration 2:
  No feasible solution found in this iteration
  Added 1 new constraints: [2]

Iteration 3:
  No feasible solution found in this iteration
  Added 1 new constraints: [22]

Iteration 4:
  No feasible solution found in this iteration
  No new constraints added, lowered tau multiplier: 1.0 -> 0.9
  Added 2 new constraints: [9, 26]

Iteration 5:
  No feasible solution found in this iteration
  Added 4 new constraints: [0, 3, 16, 28]

Iteration 6:
Found feasible solution: [0 0 1 1 1 0 0 0 1 0] with objective value 184.0
  Found feasible solution:
    Solution: [0, 0, 1, 1, 1, 0, 0, 0, 1, 0]
    Value: 184.0
    Gap to reference: 3.37%

---
Solution Comparison:
Gap to classical reference: 3.37%
Gap to QAOA reference: 3.37%

Problem information:
  Number of variables (n): 10
  Number of constraints (m): 30

=====
Running Classical Reference Solver (SCIP):
  Reference solution found:
    Solution: [1, 0, 1, 0, 0, 0, 1, 0, 0, 0]
    Value: 85.0

=====
Running Constraint Generation:

Problem information:
  Number of variables (n): 10
  Number of constraints (m): 30

Running classical reference solver:
  Reference solution found:
    Solution: [1, 0, 1, 0, 0, 0, 1, 0, 0, 0]
    Value: 85.0

Starting quantum constraint generation with parameters:
  sample_size (total shots): 200
  tau: 0.1
  max_iters: 1000

Iteration 0:
Found feasible solution: [0 0 0 1 1 1 0 1 1 1] with objective value 240.0
  Found feasible solution:
    Solution: [0, 0, 0, 1, 1, 1, 0, 1, 1, 1]
    Value: 240.0
    Gap to reference: 182.35%

---
Solution Comparison:
Gap to classical reference: 182.35%

Instance 3 results:
  Classical value: 125.0
  QAOA value: 184.0
  Constraint generation value: 240.0

Running instance 4/100

Problem information:
  Number of variables (n): 10
  Number of constraints (m): 30

Running Classical Reference Solver (SCIP):

Problem information:
  Number of variables (n): 10
  Number of constraints (m): 30

=====
Running QAOA Reference Solution (with all constraints):
