
Problem information:
  Number of variables (n): 12
  Number of constraints (m): 40

Starting reference QAOA with parameters:
  sample_size (total shots): 200
Added all constraints
No feasible solution found
  QAOA solver found no feasible solution

Running Constraint Generation:

Problem information:
  Number of variables (n): 12
  Number of constraints (m): 40

Running classical reference solver:
  Reference solution found:
    Solution: [1, 0, 0, 1, 1, 0, 0, 1, 0, 0, 0, 0]
    Value: 107.00000000000001

Starting quantum constraint generation with parameters:
  sample_size (total shots): 200
  tau: 0.1
  max_iters: 1000

Iteration 0:
  No feasible solution found in this iteration
  Added 1 new constraints: [3]

Iteration 1:
  No feasible solution found in this iteration
  Added 1 new constraints: [16]

Iteration 2:
Found feasible solution: [0 1 0 0 0 1 0 0 1 0 1 1] with objective value 303.0
  Found feasible solution:
    Solution: [0, 1, 0, 0, 0, 1, 0, 0, 1, 0, 1, 1]
    Value: 303.0
    Gap to reference: 183.18%
  Constraint generation solution found:
    Solution: [0, 1, 0, 0, 0, 1, 0, 0, 1, 0, 1, 1]
    Value: 303.0

Instance 73 results:
  Classical value: 107.00000000000001
  QAOA value: 0.0
  Constraint generation value: 303.0

Running instance 74/100

Running Classical Reference Solver (SCIP):
  Reference solution found:
    Solution: [1, 0, 0, 0, 1, 0, 0, 0, 1, 0, 1, 1]
    Value: 165.99999999999997

Running QAOA Reference Solution (with all constraints):
