2025-02-23 18:47:57,492 - INFO - 
Problem information:
2025-02-23 18:47:57,492 - INFO -   Number of variables (n): 10
2025-02-23 18:47:57,492 - INFO -   Number of constraints (m): 20
2025-02-23 18:47:57,493 - DEBUG -   Density of A: 50.00%
2025-02-23 18:47:57,493 - INFO - 
Starting reference QAOA with parameters:
2025-02-23 18:47:57,493 - INFO -   sample_size (total shots): 100
2025-02-23 18:47:57,493 - INFO - Added all constraints
2025-02-23 18:47:57,494 - DEBUG - Generated Ising Hamiltonian
2025-02-23 18:47:57,732 - DEBUG - Optimizing QAOA circuit...
2025-02-23 18:47:59,459 - DEBUG - Circuit optimization successful
2025-02-23 18:47:59,459 - DEBUG - Circuit optimization successful, final value: 2926.0769230769224
2025-02-23 18:47:59,459 - DEBUG - Sampling from optimized circuit...
2025-02-23 18:47:59,477 - DEBUG - Generated 95 unique samples from 100 total measurements
2025-02-23 18:47:59,477 - DEBUG - 
Top 5 most frequent samples:
2025-02-23 18:47:59,477 - DEBUG -   Rank | Count |   %   
2025-02-23 18:47:59,477 - DEBUG -   -----|-------|-------
2025-02-23 18:47:59,477 - DEBUG -      1 |     2 |   2.0
2025-02-23 18:47:59,478 - DEBUG -     Sample: [0 1 1 0 0 1 1 0 0 0]
2025-02-23 18:47:59,478 - DEBUG -      2 |     2 |   2.0
2025-02-23 18:47:59,478 - DEBUG -     Sample: [0 1 0 0 0 0 0 0 0 0]
2025-02-23 18:47:59,478 - DEBUG -      3 |     2 |   2.0
2025-02-23 18:47:59,479 - DEBUG -     Sample: [1 0 0 1 0 1 0 1 1 1]
2025-02-23 18:47:59,479 - DEBUG -      4 |     2 |   2.0
2025-02-23 18:47:59,479 - DEBUG -     Sample: [0 0 0 0 0 1 1 1 1 0]
2025-02-23 18:47:59,479 - DEBUG -      5 |     2 |   2.0
2025-02-23 18:47:59,479 - DEBUG -     Sample: [1 1 0 1 1 0 0 0 0 1]
2025-02-23 18:47:59,480 - DEBUG - Generated 95 unique samples from 100 total measurements
2025-02-23 18:47:59,483 - INFO - No feasible solution found
2025-02-23 18:47:59,484 - INFO -   QAOA solver found no feasible solution
2025-02-23 18:47:59,484 - INFO - 
Running Constraint Generation:
2025-02-23 18:47:59,486 - INFO - 
Problem information:
2025-02-23 18:47:59,486 - INFO -   Number of variables (n): 10
2025-02-23 18:47:59,486 - INFO -   Number of constraints (m): 20
2025-02-23 18:47:59,486 - DEBUG -   Density of A: 50.00%
2025-02-23 18:47:59,486 - INFO - 
Running classical reference solver:
2025-02-23 18:47:59,498 - INFO -   Reference solution found:
2025-02-23 18:47:59,498 - INFO -     Solution: [0, 0, 0, 1, 1, 0, 0, 0, 0, 0]
2025-02-23 18:47:59,499 - INFO -     Value: 40.0
2025-02-23 18:47:59,499 - INFO - 
Starting quantum constraint generation with parameters:
2025-02-23 18:47:59,499 - INFO -   sample_size (total shots): 100
2025-02-23 18:47:59,499 - INFO -   tau: 0.1
2025-02-23 18:47:59,500 - INFO -   max_iters: 1000
2025-02-23 18:47:59,500 - INFO - 
Iteration 0:
2025-02-23 18:47:59,500 - DEBUG - Generated Ising Hamiltonian
2025-02-23 18:47:59,726 - DEBUG - Optimizing QAOA circuit...
2025-02-23 18:48:00,532 - DEBUG - Circuit optimization successful
2025-02-23 18:48:00,532 - DEBUG - Circuit optimization successful, final value: -223.54545454545453
2025-02-23 18:48:00,532 - DEBUG - Sampling from optimized circuit...
2025-02-23 18:48:00,541 - DEBUG - Generated 51 unique samples from 100 total measurements
2025-02-23 18:48:00,541 - DEBUG - 
Top 5 most frequent samples:
2025-02-23 18:48:00,542 - DEBUG -   Rank | Count |   %   
2025-02-23 18:48:00,542 - DEBUG -   -----|-------|-------
2025-02-23 18:48:00,542 - DEBUG -      1 |    16 |  16.0
2025-02-23 18:48:00,542 - DEBUG -     Sample: [0 1 1 0 0 1 1 1 1 0]
2025-02-23 18:48:00,542 - DEBUG -      2 |     9 |   9.0
2025-02-23 18:48:00,542 - DEBUG -     Sample: [0 1 1 0 0 1 1 1 1 1]
2025-02-23 18:48:00,542 - DEBUG -      3 |     5 |   5.0
2025-02-23 18:48:00,543 - DEBUG -     Sample: [0 1 1 1 0 1 1 1 1 0]
2025-02-23 18:48:00,543 - DEBUG -      4 |     5 |   5.0
2025-02-23 18:48:00,543 - DEBUG -     Sample: [1 1 1 0 0 1 1 1 1 1]
2025-02-23 18:48:00,543 - DEBUG -      5 |     4 |   4.0
2025-02-23 18:48:00,543 - DEBUG -     Sample: [0 1 1 0 0 0 1 1 1 1]
2025-02-23 18:48:00,544 - DEBUG - Generated 51 unique samples from 100 total measurements
2025-02-23 18:48:00,545 - INFO -   No feasible solution found in this iteration
2025-02-23 18:48:00,545 - INFO -   Added 10 new constraints: [2, 4, 6, 8, 10, 13, 14, 15, 17, 18]
2025-02-23 18:48:00,545 - INFO - 
Iteration 1:
2025-02-23 18:48:00,546 - DEBUG - Generated Ising Hamiltonian
2025-02-23 18:48:00,757 - DEBUG - Optimizing QAOA circuit...
2025-02-23 18:48:01,983 - DEBUG - Circuit optimization successful
2025-02-23 18:48:01,983 - DEBUG - Circuit optimization successful, final value: -5724.3056943056945
2025-02-23 18:48:01,983 - DEBUG - Sampling from optimized circuit...
2025-02-23 18:48:01,997 - DEBUG - Generated 84 unique samples from 100 total measurements
2025-02-23 18:48:01,997 - DEBUG - 
Top 5 most frequent samples:
2025-02-23 18:48:01,998 - DEBUG -   Rank | Count |   %   
2025-02-23 18:48:01,998 - DEBUG -   -----|-------|-------
2025-02-23 18:48:01,998 - DEBUG -      1 |     4 |   4.0
2025-02-23 18:48:01,998 - DEBUG -     Sample: [1 1 1 0 1 1 0 1 0 0]
2025-02-23 18:48:01,999 - DEBUG -      2 |     3 |   3.0
2025-02-23 18:48:01,999 - DEBUG -     Sample: [1 1 0 0 1 1 1 0 0 0]
2025-02-23 18:48:01,999 - DEBUG -      3 |     2 |   2.0
2025-02-23 18:48:01,999 - DEBUG -     Sample: [1 0 1 1 1 1 0 1 1 0]
2025-02-23 18:48:01,999 - DEBUG -      4 |     2 |   2.0
2025-02-23 18:48:02,000 - DEBUG -     Sample: [1 1 0 0 0 0 0 0 0 0]
2025-02-23 18:48:02,000 - DEBUG -      5 |     2 |   2.0
2025-02-23 18:48:02,000 - DEBUG -     Sample: [1 1 0 0 0 0 0 0 0 1]
2025-02-23 18:48:02,001 - DEBUG - Generated 84 unique samples from 100 total measurements
2025-02-23 18:48:02,001 - INFO - Found feasible solution: [1 1 0 0 0 0 0 0 0 0] with objective value 162.0
2025-02-23 18:48:02,003 - INFO -   Found feasible solution:
2025-02-23 18:48:02,003 - INFO -     Solution: [1, 1, 0, 0, 0, 0, 0, 0, 0, 0]
2025-02-23 18:48:02,003 - INFO -     Value: 162.0
2025-02-23 18:48:02,003 - INFO -     Gap to reference: 305.00%
2025-02-23 18:48:02,004 - INFO -   Constraint generation solution found:
2025-02-23 18:48:02,004 - INFO -     Solution: [1, 1, 0, 0, 0, 0, 0, 0, 0, 0]
2025-02-23 18:48:02,004 - INFO -     Value: 162.0
2025-02-23 18:48:02,004 - INFO - 
Instance 29 results:
2025-02-23 18:48:02,004 - INFO -   Classical value: 40.0
2025-02-23 18:48:02,005 - INFO -   QAOA value: 0.0
2025-02-23 18:48:02,005 - INFO -   Constraint generation value: 162.0
2025-02-23 18:48:02,005 - INFO - 
Running instance 30/100
2025-02-23 18:48:02,007 - INFO - 
Running Classical Reference Solver (SCIP):
2025-02-23 18:48:02,008 - DEBUG - Problem dimensions: 20 constraints, 10 variables
2025-02-23 18:48:02,008 - DEBUG - Row names: ['ELEM1', 'ELEM2', 'ELEM3', 'ELEM4', 'ELEM5', 'ELEM6', 'ELEM7', 'ELEM8', 'ELEM9', 'ELEM10', 'ELEM11', 'ELEM12', 'ELEM13', 'ELEM14', 'ELEM15', 'ELEM16', 'ELEM17', 'ELEM18', 'ELEM19', 'ELEM20']
2025-02-23 18:48:02,008 - DEBUG - RHS values: {'ELEM1': 1.0, 'ELEM2': 1.0, 'ELEM3': 1.0, 'ELEM4': 1.0, 'ELEM5': 1.0, 'ELEM6': 1.0, 'ELEM7': 1.0, 'ELEM8': 1.0, 'ELEM9': 1.0, 'ELEM10': 1.0, 'ELEM11': 1.0, 'ELEM12': 1.0, 'ELEM13': 1.0, 'ELEM14': 1.0, 'ELEM15': 1.0, 'ELEM16': 1.0, 'ELEM17': 1.0, 'ELEM18': 1.0, 'ELEM19': 1.0, 'ELEM20': 1.0}
2025-02-23 18:48:02,021 - INFO -   Reference solution found:
2025-02-23 18:48:02,021 - INFO -     Solution: [0, 0, 1, 0, 0, 0, 1, 0, 0, 0]
2025-02-23 18:48:02,021 - INFO -     Value: 13.0
2025-02-23 18:48:02,021 - INFO - 
Running QAOA Reference Solution (with all constraints):
