2025-02-24 16:47:42,542 - INFO - 
Problem information:
2025-02-24 16:47:42,543 - INFO -   Number of variables (n): 8
2025-02-24 16:47:42,543 - INFO -   Number of constraints (m): 25
2025-02-24 16:47:42,543 - DEBUG -   Density of A: 32.50%
2025-02-24 16:47:42,543 - INFO - 
Starting reference QAOA with parameters:
2025-02-24 16:47:42,543 - INFO -   sample_size (total shots): 500
2025-02-24 16:47:42,544 - INFO - Added all constraints
2025-02-24 16:47:42,544 - DEBUG - Generated Ising Hamiltonian
2025-02-24 16:47:42,929 - DEBUG - Optimizing QAOA circuit...
2025-02-24 16:47:45,669 - DEBUG - Circuit optimization successful
2025-02-24 16:47:45,670 - DEBUG - Circuit optimization successful, final value: 5400.684815184814
2025-02-24 16:47:45,670 - DEBUG - Sampling from optimized circuit...
2025-02-24 16:47:45,696 - DEBUG - Generated 159 unique samples from 500 total measurements
2025-02-24 16:47:45,696 - DEBUG - 
Top 5 most frequent samples:
2025-02-24 16:47:45,697 - DEBUG -   Rank | Count |   %   
2025-02-24 16:47:45,697 - DEBUG -   -----|-------|-------
2025-02-24 16:47:45,697 - DEBUG -      1 |    16 |   3.2
2025-02-24 16:47:45,698 - DEBUG -     Sample: [0 0 0 1 1 0 0 1]
2025-02-24 16:47:45,698 - DEBUG -      2 |    15 |   3.0
2025-02-24 16:47:45,699 - DEBUG -     Sample: [1 0 1 0 1 0 1 1]
2025-02-24 16:47:45,699 - DEBUG -      3 |    14 |   2.8
2025-02-24 16:47:45,699 - DEBUG -     Sample: [1 0 0 0 1 0 1 1]
2025-02-24 16:47:45,699 - DEBUG -      4 |    13 |   2.6
2025-02-24 16:47:45,699 - DEBUG -     Sample: [0 0 1 1 1 0 0 1]
2025-02-24 16:47:45,700 - DEBUG -      5 |    12 |   2.4
2025-02-24 16:47:45,700 - DEBUG -     Sample: [1 0 1 0 1 0 0 1]
2025-02-24 16:47:45,701 - DEBUG - Generated 159 unique samples from 500 total measurements
2025-02-24 16:47:45,704 - INFO - Found feasible solution: [0 0 1 1 1 0 0 0] with objective value 212.0
2025-02-24 16:47:45,706 - INFO - Found feasible solution:
2025-02-24 16:47:45,706 - INFO -   Solution: [0, 0, 1, 1, 1, 0, 0, 0]
2025-02-24 16:47:45,706 - INFO -   Value: 212.0
2025-02-24 16:47:45,707 - INFO -   QAOA solution found:
2025-02-24 16:47:45,707 - INFO -     Solution: [0, 0, 1, 1, 1, 0, 0, 0]
2025-02-24 16:47:45,707 - INFO -     Value: 212.0
2025-02-24 16:47:45,708 - INFO - 
Running Constraint Generation:
2025-02-24 16:47:45,710 - INFO - 
Problem information:
2025-02-24 16:47:45,710 - INFO -   Number of variables (n): 8
2025-02-24 16:47:45,710 - INFO -   Number of constraints (m): 25
2025-02-24 16:47:45,710 - DEBUG -   Density of A: 32.50%
2025-02-24 16:47:45,711 - INFO - 
Running classical reference solver:
2025-02-24 16:47:45,724 - INFO -   Reference solution found:
2025-02-24 16:47:45,725 - INFO -     Solution: [1, 0, 0, 0, 0, 1, 1, 0]
2025-02-24 16:47:45,725 - INFO -     Value: 187.0
2025-02-24 16:47:45,725 - INFO - 
Starting quantum constraint generation with parameters:
2025-02-24 16:47:45,726 - INFO -   sample_size (total shots): 500
2025-02-24 16:47:45,726 - INFO -   tau: 0.1
2025-02-24 16:47:45,726 - INFO -   max_iters: 1000
2025-02-24 16:47:45,727 - INFO - 
Iteration 0:
2025-02-24 16:47:45,727 - DEBUG - Generated Ising Hamiltonian
2025-02-24 16:47:45,972 - DEBUG - Optimizing QAOA circuit...
2025-02-24 16:47:47,948 - DEBUG - Circuit optimization successful
2025-02-24 16:47:47,948 - DEBUG - Circuit optimization successful, final value: -343.44055944055947
2025-02-24 16:47:47,948 - DEBUG - Sampling from optimized circuit...
2025-02-24 16:47:47,964 - DEBUG - Generated 60 unique samples from 500 total measurements
2025-02-24 16:47:47,964 - DEBUG - 
Top 5 most frequent samples:
2025-02-24 16:47:47,964 - DEBUG -   Rank | Count |   %   
2025-02-24 16:47:47,964 - DEBUG -   -----|-------|-------
2025-02-24 16:47:47,965 - DEBUG -      1 |    73 |  14.6
2025-02-24 16:47:47,965 - DEBUG -     Sample: [1 1 1 1 1 1 1 1]
2025-02-24 16:47:47,965 - DEBUG -      2 |    66 |  13.2
2025-02-24 16:47:47,966 - DEBUG -     Sample: [1 1 1 1 1 1 0 1]
2025-02-24 16:47:47,966 - DEBUG -      3 |    53 |  10.6
2025-02-24 16:47:47,967 - DEBUG -     Sample: [1 0 1 1 1 1 1 1]
2025-02-24 16:47:47,967 - DEBUG -      4 |    48 |   9.6
2025-02-24 16:47:47,967 - DEBUG -     Sample: [1 0 1 1 1 1 0 1]
2025-02-24 16:47:47,967 - DEBUG -      5 |    29 |   5.8
2025-02-24 16:47:47,968 - DEBUG -     Sample: [0 1 1 1 1 1 0 1]
2025-02-24 16:47:47,968 - DEBUG - Generated 60 unique samples from 500 total measurements
2025-02-24 16:47:47,970 - INFO -   No feasible solution found in this iteration
2025-02-24 16:47:47,970 - INFO -   Added 4 new constraints: [3, 8, 15, 19]
2025-02-24 16:47:47,971 - INFO - 
Iteration 1:
2025-02-24 16:47:47,971 - DEBUG - Generated Ising Hamiltonian
2025-02-24 16:47:48,211 - DEBUG - Optimizing QAOA circuit...
2025-02-24 16:47:49,796 - DEBUG - Circuit optimization successful
2025-02-24 16:47:49,796 - DEBUG - Circuit optimization successful, final value: -6003.104895104896
2025-02-24 16:47:49,796 - DEBUG - Sampling from optimized circuit...
2025-02-24 16:47:49,814 - DEBUG - Generated 74 unique samples from 500 total measurements
2025-02-24 16:47:49,814 - DEBUG - 
Top 5 most frequent samples:
2025-02-24 16:47:49,815 - DEBUG -   Rank | Count |   %   
2025-02-24 16:47:49,815 - DEBUG -   -----|-------|-------
2025-02-24 16:47:49,815 - DEBUG -      1 |    86 |  17.2
2025-02-24 16:47:49,815 - DEBUG -     Sample: [1 0 1 1 1 0 1 0]
2025-02-24 16:47:49,816 - DEBUG -      2 |    60 |  12.0
2025-02-24 16:47:49,816 - DEBUG -     Sample: [0 0 1 1 1 0 1 0]
2025-02-24 16:47:49,816 - DEBUG -      3 |    42 |   8.4
2025-02-24 16:47:49,816 - DEBUG -     Sample: [1 0 1 0 1 1 1 0]
2025-02-24 16:47:49,817 - DEBUG -      4 |    29 |   5.8
2025-02-24 16:47:49,817 - DEBUG -     Sample: [1 0 1 1 0 0 1 0]
2025-02-24 16:47:49,817 - DEBUG -      5 |    25 |   5.0
2025-02-24 16:47:49,818 - DEBUG -     Sample: [1 0 0 1 1 0 1 0]
2025-02-24 16:47:49,818 - DEBUG - Generated 74 unique samples from 500 total measurements
2025-02-24 16:47:49,820 - INFO - Found feasible solution: [0 0 1 1 1 0 0 0] with objective value 212.0
2025-02-24 16:47:49,822 - INFO - Found feasible solution: [1 0 0 0 0 1 1 0] with objective value 187.0
2025-02-24 16:47:49,822 - INFO -   Found feasible solution:
2025-02-24 16:47:49,823 - INFO -     Solution: [1, 0, 0, 0, 0, 1, 1, 0]
2025-02-24 16:47:49,823 - INFO -     Value: 187.0
2025-02-24 16:47:49,823 - INFO -     Gap to reference: 0.00%
2025-02-24 16:47:49,823 - INFO -   Constraint generation solution found:
2025-02-24 16:47:49,823 - INFO -     Solution: [1, 0, 0, 0, 0, 1, 1, 0]
2025-02-24 16:47:49,824 - INFO -     Value: 187.0
2025-02-24 16:47:49,824 - INFO - 
Instance 21 results:
2025-02-24 16:47:49,824 - INFO -   Classical value: 187.0
2025-02-24 16:47:49,824 - INFO -   QAOA value: 212.0
2025-02-24 16:47:49,825 - INFO -   Constraint generation value: 187.0
2025-02-24 16:47:49,825 - INFO - 
Running instance 22/100
2025-02-24 16:47:49,827 - INFO - 
Running Classical Reference Solver (SCIP):
2025-02-24 16:47:49,828 - DEBUG - Problem dimensions: 25 constraints, 8 variables
2025-02-24 16:47:49,828 - DEBUG - Row names: ['ELEM1', 'ELEM2', 'ELEM3', 'ELEM4', 'ELEM5', 'ELEM6', 'ELEM7', 'ELEM8', 'ELEM9', 'ELEM10', 'ELEM11', 'ELEM12', 'ELEM13', 'ELEM14', 'ELEM15', 'ELEM16', 'ELEM17', 'ELEM18', 'ELEM19', 'ELEM20', 'ELEM21', 'ELEM22', 'ELEM23', 'ELEM24', 'ELEM25']
2025-02-24 16:47:49,829 - DEBUG - RHS values: {'ELEM1': 1.0, 'ELEM2': 1.0, 'ELEM3': 1.0, 'ELEM4': 1.0, 'ELEM5': 1.0, 'ELEM6': 1.0, 'ELEM7': 1.0, 'ELEM8': 1.0, 'ELEM9': 1.0, 'ELEM10': 1.0, 'ELEM11': 1.0, 'ELEM12': 1.0, 'ELEM13': 1.0, 'ELEM14': 1.0, 'ELEM15': 1.0, 'ELEM16': 1.0, 'ELEM17': 1.0, 'ELEM18': 1.0, 'ELEM19': 1.0, 'ELEM20': 1.0, 'ELEM21': 1.0, 'ELEM22': 1.0, 'ELEM23': 1.0, 'ELEM24': 1.0, 'ELEM25': 1.0}
2025-02-24 16:47:49,841 - INFO -   Reference solution found:
2025-02-24 16:47:49,841 - INFO -     Solution: [0, 0, 1, 1, 0, 1, 1, 0]
2025-02-24 16:47:49,841 - INFO -     Value: 143.0
2025-02-24 16:47:49,841 - INFO - 
Running QAOA Reference Solution (with all constraints):
