2025-02-24 15:37:44,265 - INFO - 
Problem information:
2025-02-24 15:37:44,265 - INFO -   Number of variables (n): 12
2025-02-24 15:37:44,265 - INFO -   Number of constraints (m): 40
2025-02-24 15:37:44,265 - DEBUG -   Density of A: 21.04%
2025-02-24 15:37:44,265 - INFO - 
Starting reference QAOA with parameters:
2025-02-24 15:37:44,265 - INFO -   sample_size (total shots): 1000
2025-02-24 15:37:44,266 - INFO - Added all constraints
2025-02-24 15:37:44,266 - DEBUG - Generated Ising Hamiltonian
2025-02-24 15:37:44,496 - DEBUG - Optimizing QAOA circuit...
2025-02-24 15:37:49,634 - DEBUG - Circuit optimization successful
2025-02-24 15:37:49,634 - DEBUG - Circuit optimization successful, final value: 8061.167082917082
2025-02-24 15:37:49,634 - DEBUG - Sampling from optimized circuit...
2025-02-24 15:37:49,687 - DEBUG - Generated 867 unique samples from 1000 total measurements
2025-02-24 15:37:49,687 - DEBUG - 
Top 5 most frequent samples:
2025-02-24 15:37:49,688 - DEBUG -   Rank | Count |   %   
2025-02-24 15:37:49,688 - DEBUG -   -----|-------|-------
2025-02-24 15:37:49,688 - DEBUG -      1 |     4 |   0.4
2025-02-24 15:37:49,688 - DEBUG -     Sample: [1 0 0 0 0 1 1 0 1 0 0 1]
2025-02-24 15:37:49,688 - DEBUG -      2 |     4 |   0.4
2025-02-24 15:37:49,689 - DEBUG -     Sample: [1 1 0 0 0 1 1 0 0 1 0 0]
2025-02-24 15:37:49,689 - DEBUG -      3 |     3 |   0.3
2025-02-24 15:37:49,689 - DEBUG -     Sample: [0 1 0 1 0 0 1 1 1 0 0 1]
2025-02-24 15:37:49,689 - DEBUG -      4 |     3 |   0.3
2025-02-24 15:37:49,689 - DEBUG -     Sample: [1 1 0 0 0 0 1 1 0 0 0 0]
2025-02-24 15:37:49,690 - DEBUG -      5 |     3 |   0.3
2025-02-24 15:37:49,690 - DEBUG -     Sample: [1 1 0 1 0 0 0 0 1 0 0 0]
2025-02-24 15:37:49,692 - DEBUG - Generated 867 unique samples from 1000 total measurements
2025-02-24 15:37:49,709 - INFO - No feasible solution found
2025-02-24 15:37:49,710 - INFO -   QAOA solver found no feasible solution
2025-02-24 15:37:49,711 - INFO - 
Running Constraint Generation:
2025-02-24 15:37:49,712 - INFO - 
Problem information:
2025-02-24 15:37:49,712 - INFO -   Number of variables (n): 12
2025-02-24 15:37:49,713 - INFO -   Number of constraints (m): 40
2025-02-24 15:37:49,713 - DEBUG -   Density of A: 21.04%
2025-02-24 15:37:49,713 - INFO - 
Running classical reference solver:
2025-02-24 15:37:49,726 - INFO -   Reference solution found:
2025-02-24 15:37:49,726 - INFO -     Solution: [1, 0, 0, 0, 1, 0, 0, 0, 0, 1, 1, 1]
2025-02-24 15:37:49,727 - INFO -     Value: 188.99999999999997
2025-02-24 15:37:49,727 - INFO - 
Starting quantum constraint generation with parameters:
2025-02-24 15:37:49,727 - INFO -   sample_size (total shots): 1000
2025-02-24 15:37:49,727 - INFO -   tau: 0.1
2025-02-24 15:37:49,728 - INFO -   max_iters: 1000
2025-02-24 15:37:49,728 - INFO - 
Iteration 0:
2025-02-24 15:37:49,730 - DEBUG - Generated Ising Hamiltonian
2025-02-24 15:37:49,941 - DEBUG - Optimizing QAOA circuit...
2025-02-24 15:37:51,814 - DEBUG - Circuit optimization successful
2025-02-24 15:37:51,814 - DEBUG - Circuit optimization successful, final value: -316.2267732267733
2025-02-24 15:37:51,814 - DEBUG - Sampling from optimized circuit...
2025-02-24 15:37:51,834 - DEBUG - Generated 196 unique samples from 1000 total measurements
2025-02-24 15:37:51,835 - DEBUG - 
Top 5 most frequent samples:
2025-02-24 15:37:51,835 - DEBUG -   Rank | Count |   %   
2025-02-24 15:37:51,835 - DEBUG -   -----|-------|-------
2025-02-24 15:37:51,835 - DEBUG -      1 |    39 |   3.9
2025-02-24 15:37:51,836 - DEBUG -     Sample: [0 1 1 1 1 1 1 0 1 1 1 1]
2025-02-24 15:37:51,836 - DEBUG -      2 |    39 |   3.9
2025-02-24 15:37:51,836 - DEBUG -     Sample: [0 1 1 1 1 1 1 1 1 1 1 1]
2025-02-24 15:37:51,836 - DEBUG -      3 |    35 |   3.5
2025-02-24 15:37:51,836 - DEBUG -     Sample: [0 1 1 1 1 0 1 1 1 1 1 1]
2025-02-24 15:37:51,836 - DEBUG -      4 |    32 |   3.2
2025-02-24 15:37:51,837 - DEBUG -     Sample: [0 1 1 1 1 1 1 0 1 0 1 1]
2025-02-24 15:37:51,837 - DEBUG -      5 |    28 |   2.8
2025-02-24 15:37:51,837 - DEBUG -     Sample: [0 1 1 1 1 1 1 1 1 0 1 1]
2025-02-24 15:37:51,838 - DEBUG - Generated 196 unique samples from 1000 total measurements
2025-02-24 15:37:51,841 - INFO -   No feasible solution found in this iteration
2025-02-24 15:37:51,842 - INFO -   Added 1 new constraints: [35]
2025-02-24 15:37:51,842 - INFO - 
Iteration 1:
2025-02-24 15:37:51,842 - DEBUG - Generated Ising Hamiltonian
2025-02-24 15:37:52,062 - DEBUG - Optimizing QAOA circuit...
2025-02-24 15:37:54,070 - DEBUG - Circuit optimization successful
2025-02-24 15:37:54,070 - DEBUG - Circuit optimization successful, final value: -4413.334915084914
2025-02-24 15:37:54,070 - DEBUG - Sampling from optimized circuit...
2025-02-24 15:37:54,095 - DEBUG - Generated 415 unique samples from 1000 total measurements
2025-02-24 15:37:54,095 - DEBUG - 
Top 5 most frequent samples:
2025-02-24 15:37:54,095 - DEBUG -   Rank | Count |   %   
2025-02-24 15:37:54,095 - DEBUG -   -----|-------|-------
2025-02-24 15:37:54,095 - DEBUG -      1 |    41 |   4.1
2025-02-24 15:37:54,096 - DEBUG -     Sample: [1 0 0 0 0 0 0 0 0 0 1 0]
2025-02-24 15:37:54,096 - DEBUG -      2 |    25 |   2.5
2025-02-24 15:37:54,096 - DEBUG -     Sample: [1 0 0 0 0 0 0 0 0 0 1 1]
2025-02-24 15:37:54,096 - DEBUG -      3 |    22 |   2.2
2025-02-24 15:37:54,096 - DEBUG -     Sample: [1 0 0 0 0 0 1 0 0 0 1 0]
2025-02-24 15:37:54,096 - DEBUG -      4 |    19 |   1.9
2025-02-24 15:37:54,097 - DEBUG -     Sample: [1 0 0 1 0 0 0 0 0 0 1 0]
2025-02-24 15:37:54,097 - DEBUG -      5 |    19 |   1.9
2025-02-24 15:37:54,097 - DEBUG -     Sample: [0 0 0 0 0 0 0 0 0 0 1 0]
2025-02-24 15:37:54,098 - DEBUG - Generated 415 unique samples from 1000 total measurements
2025-02-24 15:37:54,105 - INFO - Found feasible solution: [1 0 0 0 1 0 0 0 0 1 1 1] with objective value 189.0
2025-02-24 15:37:54,107 - INFO -   Found feasible solution:
2025-02-24 15:37:54,107 - INFO -     Solution: [1, 0, 0, 0, 1, 0, 0, 0, 0, 1, 1, 1]
2025-02-24 15:37:54,107 - INFO -     Value: 189.0
2025-02-24 15:37:54,108 - INFO -     Gap to reference: 0.00%
2025-02-24 15:37:54,108 - INFO -   Constraint generation solution found:
2025-02-24 15:37:54,108 - INFO -     Solution: [1, 0, 0, 0, 1, 0, 0, 0, 0, 1, 1, 1]
2025-02-24 15:37:54,108 - INFO -     Value: 189.0
2025-02-24 15:37:54,109 - INFO - 
Instance 50 results:
2025-02-24 15:37:54,109 - INFO -   Classical value: 188.99999999999997
2025-02-24 15:37:54,109 - INFO -   QAOA value: 0.0
2025-02-24 15:37:54,109 - INFO -   Constraint generation value: 189.0
2025-02-24 15:37:54,109 - INFO - 
Running instance 51/100
2025-02-24 15:37:54,111 - INFO - 
Running Classical Reference Solver (SCIP):
2025-02-24 15:37:54,112 - DEBUG - Problem dimensions: 40 constraints, 12 variables
2025-02-24 15:37:54,112 - DEBUG - Row names: ['ELEM1', 'ELEM2', 'ELEM3', 'ELEM4', 'ELEM5', 'ELEM6', 'ELEM7', 'ELEM8', 'ELEM9', 'ELEM10', 'ELEM11', 'ELEM12', 'ELEM13', 'ELEM14', 'ELEM15', 'ELEM16', 'ELEM17', 'ELEM18', 'ELEM19', 'ELEM20', 'ELEM21', 'ELEM22', 'ELEM23', 'ELEM24', 'ELEM25', 'ELEM26', 'ELEM27', 'ELEM28', 'ELEM29', 'ELEM30', 'ELEM31', 'ELEM32', 'ELEM33', 'ELEM34', 'ELEM35', 'ELEM36', 'ELEM37', 'ELEM38', 'ELEM39', 'ELEM40']
2025-02-24 15:37:54,113 - DEBUG - RHS values: {'ELEM1': 1.0, 'ELEM2': 1.0, 'ELEM3': 1.0, 'ELEM4': 1.0, 'ELEM5': 1.0, 'ELEM6': 1.0, 'ELEM7': 1.0, 'ELEM8': 1.0, 'ELEM9': 1.0, 'ELEM10': 1.0, 'ELEM11': 1.0, 'ELEM12': 1.0, 'ELEM13': 1.0, 'ELEM14': 1.0, 'ELEM15': 1.0, 'ELEM16': 1.0, 'ELEM17': 1.0, 'ELEM18': 1.0, 'ELEM19': 1.0, 'ELEM20': 1.0, 'ELEM21': 1.0, 'ELEM22': 1.0, 'ELEM23': 1.0, 'ELEM24': 1.0, 'ELEM25': 1.0, 'ELEM26': 1.0, 'ELEM27': 1.0, 'ELEM28': 1.0, 'ELEM29': 1.0, 'ELEM30': 1.0, 'ELEM31': 1.0, 'ELEM32': 1.0, 'ELEM33': 1.0, 'ELEM34': 1.0, 'ELEM35': 1.0, 'ELEM36': 1.0, 'ELEM37': 1.0, 'ELEM38': 1.0, 'ELEM39': 1.0, 'ELEM40': 1.0}
2025-02-24 15:37:54,126 - INFO -   Reference solution found:
2025-02-24 15:37:54,126 - INFO -     Solution: [1, 0, 0, 0, 1, 1, 0, 0, 0, 0, 1, 0]
2025-02-24 15:37:54,126 - INFO -     Value: 225.0
2025-02-24 15:37:54,127 - INFO - 
Running QAOA Reference Solution (with all constraints):
