
Problem information:
  Number of variables (n): 12
  Number of constraints (m): 40

Starting reference QAOA with parameters:
  sample_size (total shots): 200
Added all constraints
No feasible solution found
  QAOA solver found no feasible solution

Running Constraint Generation:

Problem information:
  Number of variables (n): 12
  Number of constraints (m): 40

Running classical reference solver:
  Reference solution found:
    Solution: [0, 1, 1, 1, 0, 0, 1, 1, 0, 0, 1, 0]
    Value: 186.99999999999997

Starting quantum constraint generation with parameters:
  sample_size (total shots): 200
  tau: 0.1
  max_iters: 1000

Iteration 0:
  No feasible solution found in this iteration
  Added 1 new constraints: [17]

Iteration 1:
  No feasible solution found in this iteration
  Added 2 new constraints: [7, 34]

Iteration 2:
  No feasible solution found in this iteration
  Added 3 new constraints: [11, 22, 38]

Iteration 3:
  No feasible solution found in this iteration
  Added 1 new constraints: [37]

Iteration 4:
  No feasible solution found in this iteration
  Added 3 new constraints: [3, 29, 35]

Iteration 5:
  No feasible solution found in this iteration
  Added 1 new constraints: [12]

Iteration 6:
  No feasible solution found in this iteration
  Added 1 new constraints: [24]

Iteration 7:
  No feasible solution found in this iteration
  No new constraints added, lowered tau multiplier: 1.0 -> 0.9
  No new constraints added, lowered tau multiplier: 0.9 -> 0.8
  Added 2 new constraints: [18, 36]

Iteration 8:
  No feasible solution found in this iteration
  No new constraints added, lowered tau multiplier: 1.0 -> 0.9
  Added 1 new constraints: [25]

Iteration 9:
  No feasible solution found in this iteration
  No new constraints added, lowered tau multiplier: 1.0 -> 0.9
  Added 2 new constraints: [5, 14]

Iteration 10:
  No feasible solution found in this iteration
  No new constraints added, lowered tau multiplier: 1.0 -> 0.9
  No new constraints added, lowered tau multiplier: 0.9 -> 0.8
  Added 1 new constraints: [15]

Iteration 11:
  No feasible solution found in this iteration
  Added 1 new constraints: [16]

Iteration 12:
  No feasible solution found in this iteration
  No new constraints added, lowered tau multiplier: 1.0 -> 0.9
  No new constraints added, lowered tau multiplier: 0.9 -> 0.8
  Added 1 new constraints: [4]

Iteration 13:
  No feasible solution found in this iteration
  No new constraints added, lowered tau multiplier: 1.0 -> 0.9
  No new constraints added, lowered tau multiplier: 0.9 -> 0.8
  Added 2 new constraints: [10, 23]

Iteration 14:
  No feasible solution found in this iteration
  Added 1 new constraints: [27]

Iteration 15:
  No feasible solution found in this iteration
  No new constraints added, lowered tau multiplier: 1.0 -> 0.9
  No new constraints added, lowered tau multiplier: 0.9 -> 0.8
  Added 1 new constraints: [6]

Iteration 16:
  No feasible solution found in this iteration
  No new constraints added, lowered tau multiplier: 1.0 -> 0.9
  Added 2 new constraints: [28, 30]

Iteration 17:
  No feasible solution found in this iteration
  No new constraints added, lowered tau multiplier: 1.0 -> 0.9
  No new constraints added, lowered tau multiplier: 0.9 -> 0.8
  Added 1 new constraints: [39]

Iteration 18:
  No feasible solution found in this iteration
  No new constraints added, lowered tau multiplier: 1.0 -> 0.9
  No new constraints added, lowered tau multiplier: 0.9 -> 0.8
  No new constraints added, lowered tau multiplier: 0.8 -> 0.7
  No new constraints added, lowered tau multiplier: 0.7 -> 0.6
  Added 7 new constraints: [2, 13, 19, 20, 26, 31, 32]

Iteration 19:
Found feasible solution: [0 0 0 0 1 1 0 0 0 1 0 1] with objective value 215.0
Found feasible solution: [0 1 1 1 0 0 1 1 0 0 1 0] with objective value 187.0
  Found feasible solution:
    Solution: [0, 1, 1, 1, 0, 0, 1, 1, 0, 0, 1, 0]
    Value: 187.0
    Gap to reference: 0.00%
  Constraint generation solution found:
    Solution: [0, 1, 1, 1, 0, 0, 1, 1, 0, 0, 1, 0]
    Value: 187.0

Instance 72 results:
  Classical value: 186.99999999999997
  QAOA value: 0.0
  Constraint generation value: 187.0

Running instance 73/100

Running Classical Reference Solver (SCIP):
  Reference solution found:
    Solution: [1, 0, 0, 1, 1, 0, 0, 1, 0, 0, 0, 0]
    Value: 107.00000000000001

Running QAOA Reference Solution (with all constraints):
