
Problem information:
  Number of variables (n): 12
  Number of constraints (m): 40

Starting reference QAOA with parameters:
  sample_size (total shots): 200
Added all constraints
No feasible solution found
  QAOA solver found no feasible solution

Running Constraint Generation:

Problem information:
  Number of variables (n): 12
  Number of constraints (m): 40

Running classical reference solver:
  Reference solution found:
    Solution: [0, 1, 0, 1, 0, 0, 0, 1, 0, 0, 0, 1]
    Value: 168.0

Starting quantum constraint generation with parameters:
  sample_size (total shots): 200
  tau: 0.1
  max_iters: 1000

Iteration 0:
Found feasible solution: [1 0 1 0 0 0 1 0 0 0 0 0] with objective value 208.0
  Found feasible solution:
    Solution: [1, 0, 1, 0, 0, 0, 1, 0, 0, 0, 0, 0]
    Value: 208.0
    Gap to reference: 23.81%
  Constraint generation solution found:
    Solution: [1, 0, 1, 0, 0, 0, 1, 0, 0, 0, 0, 0]
    Value: 208.0

Instance 5 results:
  Classical value: 168.0
  QAOA value: 0.0
  Constraint generation value: 208.0

Running instance 6/100

Running Classical Reference Solver (SCIP):
  Reference solution found:
    Solution: [1, 1, 1, 1, 0, 0, 0, 0, 1, 0, 0, 1]
    Value: 296.0

Running QAOA Reference Solution (with all constraints):
