2025-02-23 18:07:05,249 - INFO - 
Problem information:
2025-02-23 18:07:05,249 - INFO -   Number of variables (n): 12
2025-02-23 18:07:05,250 - INFO -   Number of constraints (m): 40
2025-02-23 18:07:05,250 - DEBUG -   Density of A: 17.71%
2025-02-23 18:07:05,250 - INFO - 
Starting reference QAOA with parameters:
2025-02-23 18:07:05,250 - INFO -   sample_size (total shots): 200
2025-02-23 18:07:05,250 - INFO - Added all constraints
2025-02-23 18:07:05,251 - DEBUG - Generated Ising Hamiltonian
2025-02-23 18:07:05,537 - DEBUG - Optimizing QAOA circuit...
2025-02-23 18:07:07,627 - DEBUG - Circuit optimization successful
2025-02-23 18:07:07,627 - DEBUG - Circuit optimization successful, final value: -74466.28471528471
2025-02-23 18:07:07,628 - DEBUG - Sampling from optimized circuit...
2025-02-23 18:07:07,646 - DEBUG - Generated 109 unique samples from 200 total measurements
2025-02-23 18:07:07,647 - DEBUG - 
Top 5 most frequent samples:
2025-02-23 18:07:07,647 - DEBUG -   Rank | Count |   %   
2025-02-23 18:07:07,647 - DEBUG -   -----|-------|-------
2025-02-23 18:07:07,647 - DEBUG -      1 |    10 |   5.0
2025-02-23 18:07:07,647 - DEBUG -     Sample: [0 0 0 1 0 0 1 1 0 0 0 0]
2025-02-23 18:07:07,647 - DEBUG -      2 |    10 |   5.0
2025-02-23 18:07:07,648 - DEBUG -     Sample: [0 0 0 1 0 0 1 0 0 0 0 0]
2025-02-23 18:07:07,648 - DEBUG -      3 |     9 |   4.5
2025-02-23 18:07:07,648 - DEBUG -     Sample: [0 0 0 0 0 0 1 0 0 0 0 0]
2025-02-23 18:07:07,648 - DEBUG -      4 |     8 |   4.0
2025-02-23 18:07:07,648 - DEBUG -     Sample: [0 0 0 0 0 0 1 1 0 0 0 0]
2025-02-23 18:07:07,649 - DEBUG -      5 |     7 |   3.5
2025-02-23 18:07:07,650 - DEBUG -     Sample: [0 0 0 1 0 1 1 1 0 0 0 0]
2025-02-23 18:07:07,650 - DEBUG - Generated 109 unique samples from 200 total measurements
2025-02-23 18:07:07,652 - INFO - No feasible solution found
2025-02-23 18:07:07,653 - INFO -   QAOA solver found no feasible solution
2025-02-23 18:07:07,653 - INFO - 
Running Constraint Generation:
2025-02-23 18:07:07,655 - INFO - 
Problem information:
2025-02-23 18:07:07,655 - INFO -   Number of variables (n): 12
2025-02-23 18:07:07,656 - INFO -   Number of constraints (m): 40
2025-02-23 18:07:07,656 - DEBUG -   Density of A: 17.71%
2025-02-23 18:07:07,656 - INFO - 
Running classical reference solver:
2025-02-23 18:07:07,668 - INFO -   Reference solution found:
2025-02-23 18:07:07,668 - INFO -     Solution: [1, 0, 1, 1, 1, 0, 1, 0, 1, 1, 0, 0]
2025-02-23 18:07:07,669 - INFO -     Value: 212.0
2025-02-23 18:07:07,669 - INFO - 
Starting quantum constraint generation with parameters:
2025-02-23 18:07:07,669 - INFO -   sample_size (total shots): 200
2025-02-23 18:07:07,669 - INFO -   tau: 0.1
2025-02-23 18:07:07,669 - INFO -   max_iters: 1000
2025-02-23 18:07:07,669 - INFO - 
Iteration 0:
2025-02-23 18:07:07,670 - DEBUG - Generated Ising Hamiltonian
2025-02-23 18:07:07,945 - DEBUG - Optimizing QAOA circuit...
2025-02-23 18:07:09,153 - DEBUG - Circuit optimization successful
2025-02-23 18:07:09,153 - DEBUG - Circuit optimization successful, final value: -126.57342657342657
2025-02-23 18:07:09,153 - DEBUG - Sampling from optimized circuit...
2025-02-23 18:07:09,167 - DEBUG - Generated 175 unique samples from 200 total measurements
2025-02-23 18:07:09,167 - DEBUG - 
Top 5 most frequent samples:
2025-02-23 18:07:09,167 - DEBUG -   Rank | Count |   %   
2025-02-23 18:07:09,168 - DEBUG -   -----|-------|-------
2025-02-23 18:07:09,168 - DEBUG -      1 |     6 |   3.0
2025-02-23 18:07:09,168 - DEBUG -     Sample: [0 1 1 0 0 0 1 1 0 1 1 0]
2025-02-23 18:07:09,168 - DEBUG -      2 |     4 |   2.0
2025-02-23 18:07:09,168 - DEBUG -     Sample: [1 1 1 0 0 0 1 1 0 1 1 0]
2025-02-23 18:07:09,169 - DEBUG -      3 |     3 |   1.5
2025-02-23 18:07:09,169 - DEBUG -     Sample: [0 1 1 1 0 0 1 1 0 1 1 0]
2025-02-23 18:07:09,169 - DEBUG -      4 |     3 |   1.5
2025-02-23 18:07:09,170 - DEBUG -     Sample: [1 1 1 1 0 0 1 1 0 1 1 1]
2025-02-23 18:07:09,170 - DEBUG -      5 |     2 |   1.0
2025-02-23 18:07:09,170 - DEBUG -     Sample: [0 1 1 0 0 0 1 1 0 1 1 1]
2025-02-23 18:07:09,171 - DEBUG - Generated 175 unique samples from 200 total measurements
2025-02-23 18:07:09,175 - INFO -   No feasible solution found in this iteration
2025-02-23 18:07:09,175 - INFO -   Added 1 new constraints: [12]
2025-02-23 18:07:09,175 - INFO - 
Iteration 1:
2025-02-23 18:07:09,176 - DEBUG - Generated Ising Hamiltonian
2025-02-23 18:07:09,415 - DEBUG - Optimizing QAOA circuit...
2025-02-23 18:07:10,802 - DEBUG - Circuit optimization successful
2025-02-23 18:07:10,802 - DEBUG - Circuit optimization successful, final value: -5560.4670329670325
2025-02-23 18:07:10,802 - DEBUG - Sampling from optimized circuit...
2025-02-23 18:07:10,817 - DEBUG - Generated 149 unique samples from 200 total measurements
2025-02-23 18:07:10,818 - DEBUG - 
Top 5 most frequent samples:
2025-02-23 18:07:10,818 - DEBUG -   Rank | Count |   %   
2025-02-23 18:07:10,818 - DEBUG -   -----|-------|-------
2025-02-23 18:07:10,818 - DEBUG -      1 |     4 |   2.0
2025-02-23 18:07:10,818 - DEBUG -     Sample: [0 0 0 1 0 0 0 1 0 1 1 1]
2025-02-23 18:07:10,818 - DEBUG -      2 |     4 |   2.0
2025-02-23 18:07:10,819 - DEBUG -     Sample: [1 0 1 1 0 0 1 1 0 1 1 1]
2025-02-23 18:07:10,819 - DEBUG -      3 |     4 |   2.0
2025-02-23 18:07:10,819 - DEBUG -     Sample: [0 0 0 0 0 1 0 1 0 1 1 1]
2025-02-23 18:07:10,819 - DEBUG -      4 |     4 |   2.0
2025-02-23 18:07:10,819 - DEBUG -     Sample: [1 0 1 0 0 0 0 1 0 1 0 1]
2025-02-23 18:07:10,819 - DEBUG -      5 |     4 |   2.0
2025-02-23 18:07:10,820 - DEBUG -     Sample: [1 0 0 0 0 0 0 1 0 1 1 1]
2025-02-23 18:07:10,820 - DEBUG - Generated 149 unique samples from 200 total measurements
2025-02-23 18:07:10,824 - INFO -   No feasible solution found in this iteration
2025-02-23 18:07:10,825 - INFO -   Added 1 new constraints: [0]
2025-02-23 18:07:10,825 - INFO - 
Iteration 2:
2025-02-23 18:07:10,825 - DEBUG - Generated Ising Hamiltonian
2025-02-23 18:07:11,055 - DEBUG - Optimizing QAOA circuit...
2025-02-23 18:07:12,616 - DEBUG - Circuit optimization successful
2025-02-23 18:07:12,616 - DEBUG - Circuit optimization successful, final value: -360.054945054945
2025-02-23 18:07:12,616 - DEBUG - Sampling from optimized circuit...
2025-02-23 18:07:12,631 - DEBUG - Generated 198 unique samples from 200 total measurements
2025-02-23 18:07:12,632 - DEBUG - 
Top 5 most frequent samples:
2025-02-23 18:07:12,632 - DEBUG -   Rank | Count |   %   
2025-02-23 18:07:12,632 - DEBUG -   -----|-------|-------
2025-02-23 18:07:12,632 - DEBUG -      1 |     2 |   1.0
2025-02-23 18:07:12,633 - DEBUG -     Sample: [1 1 0 1 1 1 0 0 0 1 1 0]
2025-02-23 18:07:12,633 - DEBUG -      2 |     2 |   1.0
2025-02-23 18:07:12,633 - DEBUG -     Sample: [1 0 0 0 1 0 0 1 0 1 0 1]
2025-02-23 18:07:12,633 - DEBUG -      3 |     1 |   0.5
2025-02-23 18:07:12,633 - DEBUG -     Sample: [0 0 0 1 1 1 0 0 1 1 0 0]
2025-02-23 18:07:12,633 - DEBUG -      4 |     1 |   0.5
2025-02-23 18:07:12,634 - DEBUG -     Sample: [0 1 1 1 0 0 0 0 1 1 0 0]
2025-02-23 18:07:12,634 - DEBUG -      5 |     1 |   0.5
2025-02-23 18:07:12,634 - DEBUG -     Sample: [0 0 1 1 0 1 0 0 0 1 1 0]
2025-02-23 18:07:12,635 - DEBUG - Generated 198 unique samples from 200 total measurements
2025-02-23 18:07:12,638 - INFO -   No feasible solution found in this iteration
2025-02-23 18:07:12,639 - INFO -   Added 1 new constraints: [11]
2025-02-23 18:07:12,639 - INFO - 
Iteration 3:
2025-02-23 18:07:12,640 - DEBUG - Generated Ising Hamiltonian
2025-02-23 18:07:12,853 - DEBUG - Optimizing QAOA circuit...
2025-02-23 18:07:14,335 - DEBUG - Circuit optimization successful
2025-02-23 18:07:14,335 - DEBUG - Circuit optimization successful, final value: -7026.198301698301
2025-02-23 18:07:14,335 - DEBUG - Sampling from optimized circuit...
2025-02-23 18:07:14,350 - DEBUG - Generated 182 unique samples from 200 total measurements
2025-02-23 18:07:14,350 - DEBUG - 
Top 5 most frequent samples:
2025-02-23 18:07:14,350 - DEBUG -   Rank | Count |   %   
2025-02-23 18:07:14,350 - DEBUG -   -----|-------|-------
2025-02-23 18:07:14,351 - DEBUG -      1 |     3 |   1.5
2025-02-23 18:07:14,351 - DEBUG -     Sample: [0 0 0 0 0 1 0 0 0 1 0 0]
2025-02-23 18:07:14,351 - DEBUG -      2 |     3 |   1.5
2025-02-23 18:07:14,351 - DEBUG -     Sample: [0 1 0 1 1 1 0 0 0 1 0 1]
2025-02-23 18:07:14,351 - DEBUG -      3 |     3 |   1.5
2025-02-23 18:07:14,351 - DEBUG -     Sample: [0 1 1 1 0 0 1 0 0 1 0 1]
2025-02-23 18:07:14,352 - DEBUG -      4 |     2 |   1.0
2025-02-23 18:07:14,352 - DEBUG -     Sample: [0 1 0 0 1 1 0 0 0 1 0 0]
2025-02-23 18:07:14,352 - DEBUG -      5 |     2 |   1.0
2025-02-23 18:07:14,352 - DEBUG -     Sample: [0 0 1 1 0 1 0 1 0 1 0 0]
2025-02-23 18:07:14,353 - DEBUG - Generated 182 unique samples from 200 total measurements
2025-02-23 18:07:14,356 - INFO -   No feasible solution found in this iteration
2025-02-23 18:07:14,357 - INFO -   Added 3 new constraints: [21, 24, 26]
2025-02-23 18:07:14,357 - INFO - 
Iteration 4:
2025-02-23 18:07:14,357 - DEBUG - Generated Ising Hamiltonian
2025-02-23 18:07:14,569 - DEBUG - Optimizing QAOA circuit...
2025-02-23 18:07:15,920 - DEBUG - Circuit optimization successful
2025-02-23 18:07:15,920 - DEBUG - Circuit optimization successful, final value: 1236.172827172827
2025-02-23 18:07:15,920 - DEBUG - Sampling from optimized circuit...
2025-02-23 18:07:15,937 - DEBUG - Generated 180 unique samples from 200 total measurements
2025-02-23 18:07:15,937 - DEBUG - 
Top 5 most frequent samples:
2025-02-23 18:07:15,937 - DEBUG -   Rank | Count |   %   
2025-02-23 18:07:15,938 - DEBUG -   -----|-------|-------
2025-02-23 18:07:15,938 - DEBUG -      1 |     3 |   1.5
2025-02-23 18:07:15,938 - DEBUG -     Sample: [0 0 0 0 1 0 1 1 0 0 0 0]
2025-02-23 18:07:15,938 - DEBUG -      2 |     2 |   1.0
2025-02-23 18:07:15,939 - DEBUG -     Sample: [1 0 0 0 1 0 1 0 1 1 1 0]
2025-02-23 18:07:15,939 - DEBUG -      3 |     2 |   1.0
2025-02-23 18:07:15,939 - DEBUG -     Sample: [1 1 1 0 1 0 0 0 0 0 0 0]
2025-02-23 18:07:15,939 - DEBUG -      4 |     2 |   1.0
2025-02-23 18:07:15,940 - DEBUG -     Sample: [1 0 1 0 1 0 1 0 1 0 1 1]
2025-02-23 18:07:15,940 - DEBUG -      5 |     2 |   1.0
2025-02-23 18:07:15,940 - DEBUG -     Sample: [0 0 1 0 1 0 1 0 1 0 1 0]
2025-02-23 18:07:15,941 - DEBUG - Generated 180 unique samples from 200 total measurements
2025-02-23 18:07:15,945 - INFO -   No feasible solution found in this iteration
2025-02-23 18:07:15,946 - INFO -   No new constraints added, lowered tau multiplier: 1.0 -> 0.9
2025-02-23 18:07:15,946 - INFO -   Added 1 new constraints: [35]
2025-02-23 18:07:15,946 - INFO - 
Iteration 5:
2025-02-23 18:07:15,947 - DEBUG - Generated Ising Hamiltonian
2025-02-23 18:07:16,178 - DEBUG - Optimizing QAOA circuit...
2025-02-23 18:07:17,637 - DEBUG - Circuit optimization successful
2025-02-23 18:07:17,638 - DEBUG - Circuit optimization successful, final value: -1004.9035964035963
2025-02-23 18:07:17,638 - DEBUG - Sampling from optimized circuit...
2025-02-23 18:07:17,655 - DEBUG - Generated 191 unique samples from 200 total measurements
2025-02-23 18:07:17,656 - DEBUG - 
Top 5 most frequent samples:
2025-02-23 18:07:17,656 - DEBUG -   Rank | Count |   %   
2025-02-23 18:07:17,656 - DEBUG -   -----|-------|-------
2025-02-23 18:07:17,656 - DEBUG -      1 |     2 |   1.0
2025-02-23 18:07:17,657 - DEBUG -     Sample: [1 1 1 1 1 1 1 0 1 0 1 1]
2025-02-23 18:07:17,657 - DEBUG -      2 |     2 |   1.0
2025-02-23 18:07:17,657 - DEBUG -     Sample: [0 1 0 1 0 0 1 1 0 0 0 0]
2025-02-23 18:07:17,657 - DEBUG -      3 |     2 |   1.0
2025-02-23 18:07:17,657 - DEBUG -     Sample: [1 1 1 0 0 1 0 1 1 0 0 0]
2025-02-23 18:07:17,657 - DEBUG -      4 |     2 |   1.0
2025-02-23 18:07:17,658 - DEBUG -     Sample: [0 1 1 1 0 0 0 1 0 0 1 0]
2025-02-23 18:07:17,658 - DEBUG -      5 |     2 |   1.0
2025-02-23 18:07:17,658 - DEBUG -     Sample: [1 1 0 1 0 1 1 0 1 1 1 1]
2025-02-23 18:07:17,659 - DEBUG - Generated 191 unique samples from 200 total measurements
2025-02-23 18:07:17,662 - INFO -   No feasible solution found in this iteration
2025-02-23 18:07:17,663 - INFO -   No new constraints added, lowered tau multiplier: 1.0 -> 0.9
2025-02-23 18:07:17,663 - INFO -   Added 1 new constraints: [18]
2025-02-23 18:07:17,664 - INFO - 
Iteration 6:
2025-02-23 18:07:17,664 - DEBUG - Generated Ising Hamiltonian
2025-02-23 18:07:17,876 - DEBUG - Optimizing QAOA circuit...
2025-02-23 18:07:19,135 - DEBUG - Circuit optimization successful
2025-02-23 18:07:19,136 - DEBUG - Circuit optimization successful, final value: 20031.102897102894
2025-02-23 18:07:19,136 - DEBUG - Sampling from optimized circuit...
2025-02-23 18:07:19,151 - DEBUG - Generated 110 unique samples from 200 total measurements
2025-02-23 18:07:19,152 - DEBUG - 
Top 5 most frequent samples:
2025-02-23 18:07:19,152 - DEBUG -   Rank | Count |   %   
2025-02-23 18:07:19,152 - DEBUG -   -----|-------|-------
2025-02-23 18:07:19,152 - DEBUG -      1 |    12 |   6.0
2025-02-23 18:07:19,152 - DEBUG -     Sample: [0 1 1 0 1 0 1 1 1 0 1 1]
2025-02-23 18:07:19,152 - DEBUG -      2 |     9 |   4.5
2025-02-23 18:07:19,153 - DEBUG -     Sample: [1 1 1 0 1 0 1 1 1 0 1 1]
2025-02-23 18:07:19,153 - DEBUG -      3 |     8 |   4.0
2025-02-23 18:07:19,153 - DEBUG -     Sample: [0 1 1 0 1 0 1 0 1 0 1 1]
2025-02-23 18:07:19,153 - DEBUG -      4 |     7 |   3.5
2025-02-23 18:07:19,153 - DEBUG -     Sample: [1 1 1 0 1 0 1 0 1 0 1 1]
2025-02-23 18:07:19,154 - DEBUG -      5 |     6 |   3.0
2025-02-23 18:07:19,154 - DEBUG -     Sample: [0 1 1 0 1 0 1 0 1 0 1 0]
2025-02-23 18:07:19,155 - DEBUG - Generated 110 unique samples from 200 total measurements
2025-02-23 18:07:19,158 - INFO -   No feasible solution found in this iteration
2025-02-23 18:07:19,158 - INFO -   No new constraints added, lowered tau multiplier: 1.0 -> 0.9
2025-02-23 18:07:19,158 - INFO -   Added 1 new constraints: [3]
2025-02-23 18:07:19,159 - INFO - 
Iteration 7:
2025-02-23 18:07:19,159 - DEBUG - Generated Ising Hamiltonian
2025-02-23 18:07:19,378 - DEBUG - Optimizing QAOA circuit...
2025-02-23 18:07:20,754 - DEBUG - Circuit optimization successful
2025-02-23 18:07:20,754 - DEBUG - Circuit optimization successful, final value: -3921.57992007992
2025-02-23 18:07:20,754 - DEBUG - Sampling from optimized circuit...
2025-02-23 18:07:20,768 - DEBUG - Generated 180 unique samples from 200 total measurements
2025-02-23 18:07:20,769 - DEBUG - 
Top 5 most frequent samples:
2025-02-23 18:07:20,769 - DEBUG -   Rank | Count |   %   
2025-02-23 18:07:20,769 - DEBUG -   -----|-------|-------
2025-02-23 18:07:20,769 - DEBUG -      1 |     4 |   2.0
2025-02-23 18:07:20,769 - DEBUG -     Sample: [0 0 0 1 0 0 0 1 0 1 0 0]
2025-02-23 18:07:20,769 - DEBUG -      2 |     2 |   1.0
2025-02-23 18:07:20,769 - DEBUG -     Sample: [0 0 0 1 0 1 0 1 0 1 1 0]
2025-02-23 18:07:20,770 - DEBUG -      3 |     2 |   1.0
2025-02-23 18:07:20,770 - DEBUG -     Sample: [1 0 0 0 1 1 1 1 0 1 0 0]
2025-02-23 18:07:20,770 - DEBUG -      4 |     2 |   1.0
2025-02-23 18:07:20,770 - DEBUG -     Sample: [1 1 1 0 0 1 0 1 0 1 0 0]
2025-02-23 18:07:20,770 - DEBUG -      5 |     2 |   1.0
2025-02-23 18:07:20,770 - DEBUG -     Sample: [0 1 0 0 0 0 0 1 0 1 0 1]
2025-02-23 18:07:20,771 - DEBUG - Generated 180 unique samples from 200 total measurements
2025-02-23 18:07:20,774 - INFO -   No feasible solution found in this iteration
2025-02-23 18:07:20,774 - INFO -   No new constraints added, lowered tau multiplier: 1.0 -> 0.9
2025-02-23 18:07:20,774 - INFO -   No new constraints added, lowered tau multiplier: 0.9 -> 0.8
2025-02-23 18:07:20,775 - INFO -   Added 7 new constraints: [1, 4, 5, 22, 23, 38, 39]
2025-02-23 18:07:20,775 - INFO - 
Iteration 8:
2025-02-23 18:07:20,775 - DEBUG - Generated Ising Hamiltonian
2025-02-23 18:07:20,959 - DEBUG - Optimizing QAOA circuit...
2025-02-23 18:07:22,710 - DEBUG - Circuit optimization successful
2025-02-23 18:07:22,710 - DEBUG - Circuit optimization successful, final value: 37841.04995004995
2025-02-23 18:07:22,711 - DEBUG - Sampling from optimized circuit...
2025-02-23 18:07:22,725 - DEBUG - Generated 88 unique samples from 200 total measurements
2025-02-23 18:07:22,725 - DEBUG - 
Top 5 most frequent samples:
2025-02-23 18:07:22,725 - DEBUG -   Rank | Count |   %   
2025-02-23 18:07:22,725 - DEBUG -   -----|-------|-------
2025-02-23 18:07:22,726 - DEBUG -      1 |    33 |  16.5
2025-02-23 18:07:22,726 - DEBUG -     Sample: [0 1 0 0 1 1 1 1 1 0 1 1]
2025-02-23 18:07:22,726 - DEBUG -      2 |    18 |   9.0
2025-02-23 18:07:22,726 - DEBUG -     Sample: [0 1 0 1 1 1 1 1 1 0 1 1]
2025-02-23 18:07:22,726 - DEBUG -      3 |    15 |   7.5
2025-02-23 18:07:22,727 - DEBUG -     Sample: [0 1 0 0 1 1 1 1 0 0 1 1]
2025-02-23 18:07:22,727 - DEBUG -      4 |     7 |   3.5
2025-02-23 18:07:22,727 - DEBUG -     Sample: [1 1 0 0 1 1 1 1 1 0 1 1]
2025-02-23 18:07:22,728 - DEBUG -      5 |     5 |   2.5
2025-02-23 18:07:22,728 - DEBUG -     Sample: [0 1 0 1 1 1 1 1 0 0 1 1]
2025-02-23 18:07:22,729 - DEBUG - Generated 88 unique samples from 200 total measurements
2025-02-23 18:07:22,731 - INFO -   No feasible solution found in this iteration
2025-02-23 18:07:22,731 - INFO -   No new constraints added, lowered tau multiplier: 1.0 -> 0.9
2025-02-23 18:07:22,731 - INFO -   No new constraints added, lowered tau multiplier: 0.9 -> 0.8
2025-02-23 18:07:22,732 - INFO -   No new constraints added, lowered tau multiplier: 0.8 -> 0.7
2025-02-23 18:07:22,732 - INFO -   Added 7 new constraints: [7, 9, 14, 16, 28, 31, 34]
2025-02-23 18:07:22,732 - INFO - 
Iteration 9:
2025-02-23 18:07:22,732 - DEBUG - Generated Ising Hamiltonian
2025-02-23 18:07:22,963 - DEBUG - Optimizing QAOA circuit...
2025-02-23 18:07:24,341 - DEBUG - Circuit optimization successful
2025-02-23 18:07:24,341 - DEBUG - Circuit optimization successful, final value: 4398.495004995005
2025-02-23 18:07:24,342 - DEBUG - Sampling from optimized circuit...
2025-02-23 18:07:24,357 - DEBUG - Generated 148 unique samples from 200 total measurements
2025-02-23 18:07:24,357 - DEBUG - 
Top 5 most frequent samples:
2025-02-23 18:07:24,357 - DEBUG -   Rank | Count |   %   
2025-02-23 18:07:24,357 - DEBUG -   -----|-------|-------
2025-02-23 18:07:24,357 - DEBUG -      1 |     6 |   3.0
2025-02-23 18:07:24,357 - DEBUG -     Sample: [1 0 1 0 0 1 0 0 0 1 1 1]
2025-02-23 18:07:24,357 - DEBUG -      2 |     5 |   2.5
2025-02-23 18:07:24,358 - DEBUG -     Sample: [1 0 1 0 1 1 0 0 0 1 1 1]
2025-02-23 18:07:24,358 - DEBUG -      3 |     4 |   2.0
2025-02-23 18:07:24,358 - DEBUG -     Sample: [1 0 0 0 0 1 0 1 0 1 1 1]
2025-02-23 18:07:24,358 - DEBUG -      4 |     4 |   2.0
2025-02-23 18:07:24,358 - DEBUG -     Sample: [1 0 1 0 0 1 0 1 0 1 1 0]
2025-02-23 18:07:24,358 - DEBUG -      5 |     4 |   2.0
2025-02-23 18:07:24,359 - DEBUG -     Sample: [1 1 1 0 1 1 0 0 0 1 1 1]
2025-02-23 18:07:24,359 - DEBUG - Generated 148 unique samples from 200 total measurements
2025-02-23 18:07:24,362 - INFO -   No feasible solution found in this iteration
2025-02-23 18:07:24,362 - INFO -   No new constraints added, lowered tau multiplier: 1.0 -> 0.9
2025-02-23 18:07:24,363 - INFO -   No new constraints added, lowered tau multiplier: 0.9 -> 0.8
2025-02-23 18:07:24,363 - INFO -   Added 1 new constraints: [10]
2025-02-23 18:07:24,363 - INFO - 
Iteration 10:
2025-02-23 18:07:24,363 - DEBUG - Generated Ising Hamiltonian
2025-02-23 18:07:24,565 - DEBUG - Optimizing QAOA circuit...
2025-02-23 18:07:25,936 - DEBUG - Circuit optimization successful
2025-02-23 18:07:25,937 - DEBUG - Circuit optimization successful, final value: -4676.394605394609
2025-02-23 18:07:25,937 - DEBUG - Sampling from optimized circuit...
2025-02-23 18:07:25,954 - DEBUG - Generated 66 unique samples from 200 total measurements
2025-02-23 18:07:25,954 - DEBUG - 
Top 5 most frequent samples:
2025-02-23 18:07:25,955 - DEBUG -   Rank | Count |   %   
2025-02-23 18:07:25,955 - DEBUG -   -----|-------|-------
2025-02-23 18:07:25,955 - DEBUG -      1 |    25 |  12.5
2025-02-23 18:07:25,955 - DEBUG -     Sample: [0 0 0 1 1 1 0 1 0 1 1 0]
2025-02-23 18:07:25,956 - DEBUG -      2 |    17 |   8.5
2025-02-23 18:07:25,956 - DEBUG -     Sample: [0 0 0 1 0 1 0 1 0 1 1 0]
2025-02-23 18:07:25,956 - DEBUG -      3 |    16 |   8.0
2025-02-23 18:07:25,957 - DEBUG -     Sample: [0 0 0 1 0 0 0 1 0 1 1 0]
2025-02-23 18:07:25,957 - DEBUG -      4 |    14 |   7.0
2025-02-23 18:07:25,957 - DEBUG -     Sample: [0 0 0 1 1 0 0 1 0 1 1 0]
2025-02-23 18:07:25,957 - DEBUG -      5 |    10 |   5.0
2025-02-23 18:07:25,958 - DEBUG -     Sample: [1 0 0 1 1 1 0 1 0 1 1 0]
2025-02-23 18:07:25,958 - DEBUG - Generated 66 unique samples from 200 total measurements
2025-02-23 18:07:25,960 - INFO -   No feasible solution found in this iteration
2025-02-23 18:07:25,961 - INFO -   No new constraints added, lowered tau multiplier: 1.0 -> 0.9
2025-02-23 18:07:25,961 - INFO -   No new constraints added, lowered tau multiplier: 0.9 -> 0.8
2025-02-23 18:07:25,961 - INFO -   No new constraints added, lowered tau multiplier: 0.8 -> 0.7
2025-02-23 18:07:25,961 - INFO -   No new constraints added, lowered tau multiplier: 0.7 -> 0.6
2025-02-23 18:07:25,961 - INFO -   Added 3 new constraints: [2, 8, 36]
2025-02-23 18:07:25,962 - INFO - 
Iteration 11:
2025-02-23 18:07:25,962 - DEBUG - Generated Ising Hamiltonian
2025-02-23 18:07:26,177 - DEBUG - Optimizing QAOA circuit...
2025-02-23 18:07:27,533 - DEBUG - Circuit optimization successful
2025-02-23 18:07:27,533 - DEBUG - Circuit optimization successful, final value: 8375.668831168829
2025-02-23 18:07:27,533 - DEBUG - Sampling from optimized circuit...
2025-02-23 18:07:27,549 - DEBUG - Generated 90 unique samples from 200 total measurements
2025-02-23 18:07:27,549 - DEBUG - 
Top 5 most frequent samples:
2025-02-23 18:07:27,549 - DEBUG -   Rank | Count |   %   
2025-02-23 18:07:27,549 - DEBUG -   -----|-------|-------
2025-02-23 18:07:27,549 - DEBUG -      1 |    18 |   9.0
2025-02-23 18:07:27,550 - DEBUG -     Sample: [0 1 1 1 1 0 0 0 0 1 1 1]
2025-02-23 18:07:27,550 - DEBUG -      2 |    13 |   6.5
2025-02-23 18:07:27,550 - DEBUG -     Sample: [0 1 1 1 1 0 0 0 0 1 1 0]
2025-02-23 18:07:27,550 - DEBUG -      3 |     9 |   4.5
2025-02-23 18:07:27,550 - DEBUG -     Sample: [0 1 0 1 1 0 0 0 0 1 1 1]
2025-02-23 18:07:27,550 - DEBUG -      4 |     9 |   4.5
2025-02-23 18:07:27,551 - DEBUG -     Sample: [0 0 1 1 1 0 0 0 0 1 1 1]
2025-02-23 18:07:27,551 - DEBUG -      5 |     7 |   3.5
2025-02-23 18:07:27,551 - DEBUG -     Sample: [0 1 1 1 1 1 0 0 0 1 1 0]
2025-02-23 18:07:27,552 - DEBUG - Generated 90 unique samples from 200 total measurements
2025-02-23 18:07:27,554 - INFO -   No feasible solution found in this iteration
2025-02-23 18:07:27,555 - INFO -   No new constraints added, lowered tau multiplier: 1.0 -> 0.9
2025-02-23 18:07:27,555 - INFO -   No new constraints added, lowered tau multiplier: 0.9 -> 0.8
2025-02-23 18:07:27,556 - INFO -   No new constraints added, lowered tau multiplier: 0.8 -> 0.7
2025-02-23 18:07:27,556 - INFO -   No new constraints added, lowered tau multiplier: 0.7 -> 0.6
2025-02-23 18:07:27,556 - INFO -   Added 7 new constraints: [15, 19, 20, 25, 27, 29, 32]
2025-02-23 18:07:27,556 - INFO - 
Iteration 12:
2025-02-23 18:07:27,557 - DEBUG - Generated Ising Hamiltonian
2025-02-23 18:07:27,768 - DEBUG - Optimizing QAOA circuit...
2025-02-23 18:07:29,760 - DEBUG - Circuit optimization successful
2025-02-23 18:07:29,760 - DEBUG - Circuit optimization successful, final value: 11887.512487512487
2025-02-23 18:07:29,761 - DEBUG - Sampling from optimized circuit...
2025-02-23 18:07:29,779 - DEBUG - Generated 187 unique samples from 200 total measurements
2025-02-23 18:07:29,779 - DEBUG - 
Top 5 most frequent samples:
2025-02-23 18:07:29,779 - DEBUG -   Rank | Count |   %   
2025-02-23 18:07:29,779 - DEBUG -   -----|-------|-------
2025-02-23 18:07:29,779 - DEBUG -      1 |     2 |   1.0
2025-02-23 18:07:29,780 - DEBUG -     Sample: [1 0 0 0 0 0 0 0 1 1 1 1]
2025-02-23 18:07:29,780 - DEBUG -      2 |     2 |   1.0
2025-02-23 18:07:29,780 - DEBUG -     Sample: [1 1 0 1 1 0 1 0 1 1 0 1]
2025-02-23 18:07:29,780 - DEBUG -      3 |     2 |   1.0
2025-02-23 18:07:29,780 - DEBUG -     Sample: [1 1 1 1 1 0 1 1 1 0 0 1]
2025-02-23 18:07:29,780 - DEBUG -      4 |     2 |   1.0
2025-02-23 18:07:29,781 - DEBUG -     Sample: [0 0 0 1 1 1 0 1 1 1 1 1]
2025-02-23 18:07:29,781 - DEBUG -      5 |     2 |   1.0
2025-02-23 18:07:29,781 - DEBUG -     Sample: [0 1 0 1 0 0 1 1 1 1 0 1]
2025-02-23 18:07:29,782 - DEBUG - Generated 187 unique samples from 200 total measurements
2025-02-23 18:07:29,785 - INFO -   No feasible solution found in this iteration
2025-02-23 18:07:29,785 - INFO -   No new constraints added, lowered tau multiplier: 1.0 -> 0.9
2025-02-23 18:07:29,785 - INFO -   No new constraints added, lowered tau multiplier: 0.9 -> 0.8
2025-02-23 18:07:29,786 - INFO -   No new constraints added, lowered tau multiplier: 0.8 -> 0.7
2025-02-23 18:07:29,786 - INFO -   Added 1 new constraints: [6]
2025-02-23 18:07:29,786 - INFO - 
Iteration 13:
2025-02-23 18:07:29,786 - DEBUG - Generated Ising Hamiltonian
2025-02-23 18:07:30,081 - DEBUG - Optimizing QAOA circuit...
2025-02-23 18:07:31,912 - DEBUG - Circuit optimization successful
2025-02-23 18:07:31,912 - DEBUG - Circuit optimization successful, final value: 39494.56793206793
2025-02-23 18:07:31,912 - DEBUG - Sampling from optimized circuit...
2025-02-23 18:07:31,929 - DEBUG - Generated 100 unique samples from 200 total measurements
2025-02-23 18:07:31,930 - DEBUG - 
Top 5 most frequent samples:
2025-02-23 18:07:31,930 - DEBUG -   Rank | Count |   %   
2025-02-23 18:07:31,930 - DEBUG -   -----|-------|-------
2025-02-23 18:07:31,930 - DEBUG -      1 |    16 |   8.0
2025-02-23 18:07:31,930 - DEBUG -     Sample: [1 0 0 1 1 1 0 0 1 0 1 1]
2025-02-23 18:07:31,930 - DEBUG -      2 |    15 |   7.5
2025-02-23 18:07:31,931 - DEBUG -     Sample: [1 0 0 1 0 1 0 0 1 0 1 1]
2025-02-23 18:07:31,931 - DEBUG -      3 |    11 |   5.5
2025-02-23 18:07:31,931 - DEBUG -     Sample: [0 0 0 1 0 1 0 0 1 0 1 1]
2025-02-23 18:07:31,931 - DEBUG -      4 |     8 |   4.0
2025-02-23 18:07:31,931 - DEBUG -     Sample: [1 0 0 1 0 1 0 1 1 0 1 1]
2025-02-23 18:07:31,931 - DEBUG -      5 |     7 |   3.5
2025-02-23 18:07:31,932 - DEBUG -     Sample: [1 0 0 1 0 1 1 0 1 0 1 1]
2025-02-23 18:07:31,932 - DEBUG - Generated 100 unique samples from 200 total measurements
2025-02-23 18:07:31,934 - INFO -   No feasible solution found in this iteration
2025-02-23 18:07:31,934 - INFO -   No new constraints added, lowered tau multiplier: 1.0 -> 0.9
2025-02-23 18:07:31,934 - INFO -   No new constraints added, lowered tau multiplier: 0.9 -> 0.8
2025-02-23 18:07:31,935 - INFO -   Added 2 new constraints: [33, 37]
2025-02-23 18:07:31,935 - INFO - 
Iteration 14:
2025-02-23 18:07:31,935 - DEBUG - Generated Ising Hamiltonian
2025-02-23 18:07:32,199 - DEBUG - Optimizing QAOA circuit...
2025-02-23 18:07:34,036 - DEBUG - Circuit optimization successful
2025-02-23 18:07:34,036 - DEBUG - Circuit optimization successful, final value: 7049.701798201795
2025-02-23 18:07:34,036 - DEBUG - Sampling from optimized circuit...
2025-02-23 18:07:34,054 - DEBUG - Generated 147 unique samples from 200 total measurements
2025-02-23 18:07:34,054 - DEBUG - 
Top 5 most frequent samples:
2025-02-23 18:07:34,055 - DEBUG -   Rank | Count |   %   
2025-02-23 18:07:34,055 - DEBUG -   -----|-------|-------
2025-02-23 18:07:34,055 - DEBUG -      1 |     7 |   3.5
2025-02-23 18:07:34,056 - DEBUG -     Sample: [1 0 0 0 1 0 1 1 1 1 1 0]
2025-02-23 18:07:34,056 - DEBUG -      2 |     5 |   2.5
2025-02-23 18:07:34,056 - DEBUG -     Sample: [1 0 0 0 1 0 1 1 1 0 1 0]
2025-02-23 18:07:34,056 - DEBUG -      3 |     3 |   1.5
2025-02-23 18:07:34,057 - DEBUG -     Sample: [0 0 0 0 1 1 1 1 1 1 1 0]
2025-02-23 18:07:34,057 - DEBUG -      4 |     3 |   1.5
2025-02-23 18:07:34,057 - DEBUG -     Sample: [1 0 0 1 1 0 1 0 1 1 1 0]
2025-02-23 18:07:34,057 - DEBUG -      5 |     3 |   1.5
2025-02-23 18:07:34,058 - DEBUG -     Sample: [1 0 0 0 1 0 1 1 1 1 0 0]
2025-02-23 18:07:34,058 - DEBUG - Generated 147 unique samples from 200 total measurements
2025-02-23 18:07:34,062 - INFO -   No feasible solution found in this iteration
2025-02-23 18:07:34,063 - INFO -   No new constraints added, lowered tau multiplier: 1.0 -> 0.9
2025-02-23 18:07:34,063 - INFO -   No new constraints added, lowered tau multiplier: 0.9 -> 0.8
2025-02-23 18:07:34,063 - INFO -   No new constraints added, lowered tau multiplier: 0.8 -> 0.7
2025-02-23 18:07:34,063 - INFO -   Added 3 new constraints: [13, 17, 30]
2025-02-23 18:07:34,063 - INFO - 
Iteration 15:
2025-02-23 18:07:34,064 - DEBUG - Generated Ising Hamiltonian
2025-02-23 18:07:34,284 - DEBUG - Optimizing QAOA circuit...
2025-02-23 18:07:36,095 - DEBUG - Circuit optimization successful
2025-02-23 18:07:36,095 - DEBUG - Circuit optimization successful, final value: 23510.83316683317
2025-02-23 18:07:36,095 - DEBUG - Sampling from optimized circuit...
2025-02-23 18:07:36,116 - DEBUG - Generated 165 unique samples from 200 total measurements
2025-02-23 18:07:36,116 - DEBUG - 
Top 5 most frequent samples:
2025-02-23 18:07:36,116 - DEBUG -   Rank | Count |   %   
2025-02-23 18:07:36,116 - DEBUG -   -----|-------|-------
2025-02-23 18:07:36,116 - DEBUG -      1 |     6 |   3.0
2025-02-23 18:07:36,117 - DEBUG -     Sample: [0 1 1 1 1 1 0 1 1 1 1 1]
2025-02-23 18:07:36,117 - DEBUG -      2 |     3 |   1.5
2025-02-23 18:07:36,117 - DEBUG -     Sample: [0 1 1 1 0 0 1 1 1 0 0 1]
2025-02-23 18:07:36,117 - DEBUG -      3 |     3 |   1.5
2025-02-23 18:07:36,117 - DEBUG -     Sample: [0 1 1 1 1 1 0 1 1 1 1 0]
2025-02-23 18:07:36,117 - DEBUG -      4 |     3 |   1.5
2025-02-23 18:07:36,118 - DEBUG -     Sample: [0 1 1 1 1 1 1 1 1 1 1 1]
2025-02-23 18:07:36,118 - DEBUG -      5 |     3 |   1.5
2025-02-23 18:07:36,118 - DEBUG -     Sample: [1 1 1 1 0 1 1 1 1 1 1 0]
2025-02-23 18:07:36,119 - DEBUG - Generated 165 unique samples from 200 total measurements
2025-02-23 18:07:36,123 - INFO -   No feasible solution found in this iteration
2025-02-23 18:07:36,123 - INFO -   All constraints added, exiting
2025-02-23 18:07:36,124 - INFO -   Constraint generation found no feasible solution
2025-02-23 18:07:36,124 - INFO - 
Instance 58 results:
2025-02-23 18:07:36,124 - INFO -   Classical value: 212.0
2025-02-23 18:07:36,124 - INFO -   QAOA value: 0.0
2025-02-23 18:07:36,124 - INFO -   Constraint generation value: 0.0
2025-02-23 18:07:36,125 - INFO - 
Running instance 59/100
2025-02-23 18:07:36,127 - INFO - 
Running Classical Reference Solver (SCIP):
2025-02-23 18:07:36,128 - DEBUG - Problem dimensions: 40 constraints, 12 variables
2025-02-23 18:07:36,128 - DEBUG - Row names: ['ELEM1', 'ELEM2', 'ELEM3', 'ELEM4', 'ELEM5', 'ELEM6', 'ELEM7', 'ELEM8', 'ELEM9', 'ELEM10', 'ELEM11', 'ELEM12', 'ELEM13', 'ELEM14', 'ELEM15', 'ELEM16', 'ELEM17', 'ELEM18', 'ELEM19', 'ELEM20', 'ELEM21', 'ELEM22', 'ELEM23', 'ELEM24', 'ELEM25', 'ELEM26', 'ELEM27', 'ELEM28', 'ELEM29', 'ELEM30', 'ELEM31', 'ELEM32', 'ELEM33', 'ELEM34', 'ELEM35', 'ELEM36', 'ELEM37', 'ELEM38', 'ELEM39', 'ELEM40']
2025-02-23 18:07:36,128 - DEBUG - RHS values: {'ELEM1': 1.0, 'ELEM2': 1.0, 'ELEM3': 1.0, 'ELEM4': 1.0, 'ELEM5': 1.0, 'ELEM6': 1.0, 'ELEM7': 1.0, 'ELEM8': 1.0, 'ELEM9': 1.0, 'ELEM10': 1.0, 'ELEM11': 1.0, 'ELEM12': 1.0, 'ELEM13': 1.0, 'ELEM14': 1.0, 'ELEM15': 1.0, 'ELEM16': 1.0, 'ELEM17': 1.0, 'ELEM18': 1.0, 'ELEM19': 1.0, 'ELEM20': 1.0, 'ELEM21': 1.0, 'ELEM22': 1.0, 'ELEM23': 1.0, 'ELEM24': 1.0, 'ELEM25': 1.0, 'ELEM26': 1.0, 'ELEM27': 1.0, 'ELEM28': 1.0, 'ELEM29': 1.0, 'ELEM30': 1.0, 'ELEM31': 1.0, 'ELEM32': 1.0, 'ELEM33': 1.0, 'ELEM34': 1.0, 'ELEM35': 1.0, 'ELEM36': 1.0, 'ELEM37': 1.0, 'ELEM38': 1.0, 'ELEM39': 1.0, 'ELEM40': 1.0}
2025-02-23 18:07:36,140 - INFO -   Reference solution found:
2025-02-23 18:07:36,141 - INFO -     Solution: [0, 0, 1, 1, 1, 1, 1, 0, 0, 1, 1, 0]
2025-02-23 18:07:36,141 - INFO -     Value: 274.0
2025-02-23 18:07:36,141 - INFO - 
Running QAOA Reference Solution (with all constraints):
