2025-02-24 15:24:31,968 - INFO - 
Problem information:
2025-02-24 15:24:31,969 - INFO -   Number of variables (n): 12
2025-02-24 15:24:31,969 - INFO -   Number of constraints (m): 40
2025-02-24 15:24:31,969 - DEBUG -   Density of A: 29.58%
2025-02-24 15:24:31,969 - INFO - 
Starting reference QAOA with parameters:
2025-02-24 15:24:31,969 - INFO -   sample_size (total shots): 1000
2025-02-24 15:24:31,970 - INFO - Added all constraints
2025-02-24 15:24:31,970 - DEBUG - Generated Ising Hamiltonian
2025-02-24 15:24:32,267 - DEBUG - Optimizing QAOA circuit...
2025-02-24 15:24:38,533 - DEBUG - Circuit optimization successful
2025-02-24 15:24:38,534 - DEBUG - Circuit optimization successful, final value: 52960.28671328672
2025-02-24 15:24:38,534 - DEBUG - Sampling from optimized circuit...
2025-02-24 15:24:38,590 - DEBUG - Generated 504 unique samples from 1000 total measurements
2025-02-24 15:24:38,590 - DEBUG - 
Top 5 most frequent samples:
2025-02-24 15:24:38,591 - DEBUG -   Rank | Count |   %   
2025-02-24 15:24:38,591 - DEBUG -   -----|-------|-------
2025-02-24 15:24:38,591 - DEBUG -      1 |    44 |   4.4
2025-02-24 15:24:38,591 - DEBUG -     Sample: [1 1 1 0 0 1 1 1 0 0 1 1]
2025-02-24 15:24:38,591 - DEBUG -      2 |    43 |   4.3
2025-02-24 15:24:38,592 - DEBUG -     Sample: [1 1 1 0 0 1 1 0 0 0 1 1]
2025-02-24 15:24:38,592 - DEBUG -      3 |    26 |   2.6
2025-02-24 15:24:38,592 - DEBUG -     Sample: [1 0 1 0 0 1 1 1 0 0 1 1]
2025-02-24 15:24:38,592 - DEBUG -      4 |    18 |   1.8
2025-02-24 15:24:38,593 - DEBUG -     Sample: [1 1 1 0 0 1 0 1 0 0 1 1]
2025-02-24 15:24:38,593 - DEBUG -      5 |    16 |   1.6
2025-02-24 15:24:38,593 - DEBUG -     Sample: [0 1 1 1 0 1 1 1 0 0 1 1]
2025-02-24 15:24:38,595 - DEBUG - Generated 504 unique samples from 1000 total measurements
2025-02-24 15:24:38,604 - INFO - No feasible solution found
2025-02-24 15:24:38,605 - INFO -   QAOA solver found no feasible solution
2025-02-24 15:24:38,605 - INFO - 
Running Constraint Generation:
2025-02-24 15:24:38,606 - INFO - 
Problem information:
2025-02-24 15:24:38,607 - INFO -   Number of variables (n): 12
2025-02-24 15:24:38,607 - INFO -   Number of constraints (m): 40
2025-02-24 15:24:38,607 - DEBUG -   Density of A: 29.58%
2025-02-24 15:24:38,607 - INFO - 
Running classical reference solver:
2025-02-24 15:24:38,620 - INFO -   Reference solution found:
2025-02-24 15:24:38,620 - INFO -     Solution: [0, 0, 0, 0, 0, 0, 1, 0, 0, 1, 0, 1]
2025-02-24 15:24:38,620 - INFO -     Value: 96.0
2025-02-24 15:24:38,621 - INFO - 
Starting quantum constraint generation with parameters:
2025-02-24 15:24:38,621 - INFO -   sample_size (total shots): 1000
2025-02-24 15:24:38,621 - INFO -   tau: 0.1
2025-02-24 15:24:38,621 - INFO -   max_iters: 1000
2025-02-24 15:24:38,621 - INFO - 
Iteration 0:
2025-02-24 15:24:38,622 - DEBUG - Generated Ising Hamiltonian
2025-02-24 15:24:38,854 - DEBUG - Optimizing QAOA circuit...
2025-02-24 15:24:40,606 - DEBUG - Circuit optimization successful
2025-02-24 15:24:40,606 - DEBUG - Circuit optimization successful, final value: -285.05794205794206
2025-02-24 15:24:40,606 - DEBUG - Sampling from optimized circuit...
2025-02-24 15:24:40,625 - DEBUG - Generated 100 unique samples from 1000 total measurements
2025-02-24 15:24:40,625 - DEBUG - 
Top 5 most frequent samples:
2025-02-24 15:24:40,625 - DEBUG -   Rank | Count |   %   
2025-02-24 15:24:40,625 - DEBUG -   -----|-------|-------
2025-02-24 15:24:40,625 - DEBUG -      1 |   250 |  25.0
2025-02-24 15:24:40,625 - DEBUG -     Sample: [0 1 1 0 1 0 0 1 1 1 0 1]
2025-02-24 15:24:40,626 - DEBUG -      2 |   171 |  17.1
2025-02-24 15:24:40,626 - DEBUG -     Sample: [1 1 1 0 1 0 0 1 1 1 0 1]
2025-02-24 15:24:40,626 - DEBUG -      3 |    78 |   7.8
2025-02-24 15:24:40,626 - DEBUG -     Sample: [0 1 1 0 1 0 0 1 1 0 0 1]
2025-02-24 15:24:40,626 - DEBUG -      4 |    61 |   6.1
2025-02-24 15:24:40,626 - DEBUG -     Sample: [1 1 1 0 1 0 0 1 1 0 0 1]
2025-02-24 15:24:40,627 - DEBUG -      5 |    58 |   5.8
2025-02-24 15:24:40,627 - DEBUG -     Sample: [0 1 1 0 1 0 0 1 0 1 0 1]
2025-02-24 15:24:40,627 - DEBUG - Generated 100 unique samples from 1000 total measurements
2025-02-24 15:24:40,629 - INFO -   No feasible solution found in this iteration
2025-02-24 15:24:40,630 - INFO -   Added 1 new constraints: [3]
2025-02-24 15:24:40,630 - INFO - 
Iteration 1:
2025-02-24 15:24:40,630 - DEBUG - Generated Ising Hamiltonian
2025-02-24 15:24:40,843 - DEBUG - Optimizing QAOA circuit...
2025-02-24 15:24:42,780 - DEBUG - Circuit optimization successful
2025-02-24 15:24:42,780 - DEBUG - Circuit optimization successful, final value: -4491.6673326673335
2025-02-24 15:24:42,781 - DEBUG - Sampling from optimized circuit...
2025-02-24 15:24:42,805 - DEBUG - Generated 301 unique samples from 1000 total measurements
2025-02-24 15:24:42,805 - DEBUG - 
Top 5 most frequent samples:
2025-02-24 15:24:42,806 - DEBUG -   Rank | Count |   %   
2025-02-24 15:24:42,806 - DEBUG -   -----|-------|-------
2025-02-24 15:24:42,806 - DEBUG -      1 |    57 |   5.7
2025-02-24 15:24:42,806 - DEBUG -     Sample: [0 1 1 1 0 1 1 0 0 1 0 0]
2025-02-24 15:24:42,806 - DEBUG -      2 |    51 |   5.1
2025-02-24 15:24:42,806 - DEBUG -     Sample: [0 1 1 1 0 1 0 0 0 1 0 0]
2025-02-24 15:24:42,807 - DEBUG -      3 |    38 |   3.8
2025-02-24 15:24:42,807 - DEBUG -     Sample: [0 1 0 1 0 1 0 0 0 1 0 0]
2025-02-24 15:24:42,807 - DEBUG -      4 |    29 |   2.9
2025-02-24 15:24:42,807 - DEBUG -     Sample: [0 1 0 1 0 1 1 0 0 1 0 0]
2025-02-24 15:24:42,807 - DEBUG -      5 |    22 |   2.2
2025-02-24 15:24:42,808 - DEBUG -     Sample: [0 1 1 0 0 1 0 0 0 1 0 0]
2025-02-24 15:24:42,808 - DEBUG - Generated 301 unique samples from 1000 total measurements
2025-02-24 15:24:42,812 - INFO - Found feasible solution: [0 0 0 0 0 0 1 0 0 1 0 1] with objective value 96.0
2025-02-24 15:24:42,814 - INFO -   Found feasible solution:
2025-02-24 15:24:42,815 - INFO -     Solution: [0, 0, 0, 0, 0, 0, 1, 0, 0, 1, 0, 1]
2025-02-24 15:24:42,815 - INFO -     Value: 96.0
2025-02-24 15:24:42,815 - INFO -     Gap to reference: 0.00%
2025-02-24 15:24:42,815 - INFO -   Constraint generation solution found:
2025-02-24 15:24:42,815 - INFO -     Solution: [0, 0, 0, 0, 0, 0, 1, 0, 0, 1, 0, 1]
2025-02-24 15:24:42,816 - INFO -     Value: 96.0
2025-02-24 15:24:42,816 - INFO - 
Instance 5 results:
2025-02-24 15:24:42,816 - INFO -   Classical value: 96.0
2025-02-24 15:24:42,816 - INFO -   QAOA value: 0.0
2025-02-24 15:24:42,816 - INFO -   Constraint generation value: 96.0
2025-02-24 15:24:42,817 - INFO - 
Running instance 6/100
2025-02-24 15:24:42,819 - INFO - 
Running Classical Reference Solver (SCIP):
2025-02-24 15:24:42,820 - DEBUG - Problem dimensions: 40 constraints, 12 variables
2025-02-24 15:24:42,821 - DEBUG - Row names: ['ELEM1', 'ELEM2', 'ELEM3', 'ELEM4', 'ELEM5', 'ELEM6', 'ELEM7', 'ELEM8', 'ELEM9', 'ELEM10', 'ELEM11', 'ELEM12', 'ELEM13', 'ELEM14', 'ELEM15', 'ELEM16', 'ELEM17', 'ELEM18', 'ELEM19', 'ELEM20', 'ELEM21', 'ELEM22', 'ELEM23', 'ELEM24', 'ELEM25', 'ELEM26', 'ELEM27', 'ELEM28', 'ELEM29', 'ELEM30', 'ELEM31', 'ELEM32', 'ELEM33', 'ELEM34', 'ELEM35', 'ELEM36', 'ELEM37', 'ELEM38', 'ELEM39', 'ELEM40']
2025-02-24 15:24:42,821 - DEBUG - RHS values: {'ELEM1': 1.0, 'ELEM2': 1.0, 'ELEM3': 1.0, 'ELEM4': 1.0, 'ELEM5': 1.0, 'ELEM6': 1.0, 'ELEM7': 1.0, 'ELEM8': 1.0, 'ELEM9': 1.0, 'ELEM10': 1.0, 'ELEM11': 1.0, 'ELEM12': 1.0, 'ELEM13': 1.0, 'ELEM14': 1.0, 'ELEM15': 1.0, 'ELEM16': 1.0, 'ELEM17': 1.0, 'ELEM18': 1.0, 'ELEM19': 1.0, 'ELEM20': 1.0, 'ELEM21': 1.0, 'ELEM22': 1.0, 'ELEM23': 1.0, 'ELEM24': 1.0, 'ELEM25': 1.0, 'ELEM26': 1.0, 'ELEM27': 1.0, 'ELEM28': 1.0, 'ELEM29': 1.0, 'ELEM30': 1.0, 'ELEM31': 1.0, 'ELEM32': 1.0, 'ELEM33': 1.0, 'ELEM34': 1.0, 'ELEM35': 1.0, 'ELEM36': 1.0, 'ELEM37': 1.0, 'ELEM38': 1.0, 'ELEM39': 1.0, 'ELEM40': 1.0}
2025-02-24 15:24:42,832 - INFO -   Reference solution found:
2025-02-24 15:24:42,833 - INFO -     Solution: [1, 0, 0, 1, 0, 0, 1, 0, 0, 0, 0, 0]
2025-02-24 15:24:42,833 - INFO -     Value: 127.0
2025-02-24 15:24:42,833 - INFO - 
Running QAOA Reference Solution (with all constraints):
