
Problem information:
  Number of variables (n): 8
  Number of constraints (m): 25

Starting reference QAOA with parameters:
  sample_size (total shots): 500
Added all constraints
Found feasible solution: [0 0 0 0 0 1 1 1] with objective value 79.0
Found feasible solution:
  Solution: [0, 0, 0, 0, 0, 1, 1, 1]
  Value: 79.0
  QAOA solution found:
    Solution: [0, 0, 0, 0, 0, 1, 1, 1]
    Value: 79.0

Running Constraint Generation:

Problem information:
  Number of variables (n): 8
  Number of constraints (m): 25

Running classical reference solver:
  Reference solution found:
    Solution: [0, 0, 0, 0, 0, 1, 1, 1]
    Value: 78.99999999999999

Starting quantum constraint generation with parameters:
  sample_size (total shots): 500
  tau: 0.1
  max_iters: 1000

Iteration 0:
  No feasible solution found in this iteration
  Added 1 new constraints: [4]

Iteration 1:
Found feasible solution: [1 1 0 0 1 0 0 0] with objective value 139.0
  Found feasible solution:
    Solution: [1, 1, 0, 0, 1, 0, 0, 0]
    Value: 139.0
    Gap to reference: 75.95%
  Constraint generation solution found:
    Solution: [1, 1, 0, 0, 1, 0, 0, 0]
    Value: 139.0

Instance 24 results:
  Classical value: 78.99999999999999
  QAOA value: 79.0
  Constraint generation value: 139.0

Running instance 25/100

Running Classical Reference Solver (SCIP):
  Reference solution found:
    Solution: [0, 0, 1, 0, 1, 0, 1, 1]
    Value: 204.0

Running QAOA Reference Solution (with all constraints):
