
Problem information:
  Number of variables (n): 8
  Number of constraints (m): 25

Starting reference QAOA with parameters:
  sample_size (total shots): 500
Added all constraints
Found feasible solution: [0 0 1 1 0 0 1 0] with objective value 112.0
Found feasible solution: [1 1 0 0 1 1 0 1] with objective value 189.0
Found feasible solution:
  Solution: [0, 0, 1, 1, 0, 0, 1, 0]
  Value: 112.0
  QAOA solution found:
    Solution: [0, 0, 1, 1, 0, 0, 1, 0]
    Value: 112.0

Running Constraint Generation:

Problem information:
  Number of variables (n): 8
  Number of constraints (m): 25

Running classical reference solver:
  Reference solution found:
    Solution: [0, 0, 1, 1, 0, 0, 1, 0]
    Value: 112.0

Starting quantum constraint generation with parameters:
  sample_size (total shots): 500
  tau: 0.1
  max_iters: 1000

Iteration 0:
Found feasible solution: [1 1 0 0 1 1 0 1] with objective value 189.0
  Found feasible solution:
    Solution: [1, 1, 0, 0, 1, 1, 0, 1]
    Value: 189.0
    Gap to reference: 68.75%
  Constraint generation solution found:
    Solution: [1, 1, 0, 0, 1, 1, 0, 1]
    Value: 189.0

Instance 92 results:
  Classical value: 112.0
  QAOA value: 112.0
  Constraint generation value: 189.0

Running instance 93/100

Running Classical Reference Solver (SCIP):
  Reference solution found:
    Solution: [0, 1, 1, 0, 1, 0, 1, 0]
    Value: 171.0

Running QAOA Reference Solution (with all constraints):
