
Problem information:
  Number of variables (n): 10
  Number of constraints (m): 30

Starting reference QAOA with parameters:
  sample_size (total shots): 200
Added all constraints
No feasible solution found
  QAOA solver found no feasible solution

Running Constraint Generation:

Problem information:
  Number of variables (n): 10
  Number of constraints (m): 30

Running classical reference solver:
  Reference solution found:
    Solution: [1, 0, 1, 0, 0, 0, 0, 0, 1, 1]
    Value: 261.0

Starting quantum constraint generation with parameters:
  sample_size (total shots): 200
  tau: 0.1
  max_iters: 1000

Iteration 0:
  No feasible solution found in this iteration
  Added 1 new constraints: [10]

Iteration 1:
  No feasible solution found in this iteration
  Added 3 new constraints: [0, 17, 21]

Iteration 2:
  No feasible solution found in this iteration
  Added 1 new constraints: [8]

Iteration 3:
  No feasible solution found in this iteration
  Added 3 new constraints: [1, 14, 15]

Iteration 4:
  No feasible solution found in this iteration
  No new constraints added, lowered tau multiplier: 1.0 -> 0.9
  No new constraints added, lowered tau multiplier: 0.9 -> 0.8
  No new constraints added, lowered tau multiplier: 0.8 -> 0.7
  Added 4 new constraints: [11, 16, 23, 25]

Iteration 5:
  No feasible solution found in this iteration
  No new constraints added, lowered tau multiplier: 1.0 -> 0.9
  Added 4 new constraints: [5, 6, 20, 22]

Iteration 6:
Found feasible solution: [0 1 0 1 1 0 1 1 0 0] with objective value 407.0
  Found feasible solution:
    Solution: [0, 1, 0, 1, 1, 0, 1, 1, 0, 0]
    Value: 407.0
    Gap to reference: 55.94%
  Constraint generation solution found:
    Solution: [0, 1, 0, 1, 1, 0, 1, 1, 0, 0]
    Value: 407.0

Instance 9 results:
  Classical value: 261.0
  QAOA value: 0.0
  Constraint generation value: 407.0

Running instance 10/20

Running Classical Reference Solver (SCIP):
  Reference solution found:
    Solution: [0, 0, 0, 0, 1, 1, 0, 0, 1, 0]
    Value: 120.0

Running QAOA Reference Solution (with all constraints):
