
Problem information:
  Number of variables (n): 10
  Number of constraints (m): 20

Starting reference QAOA with parameters:
  sample_size (total shots): 100
Added all constraints
No feasible solution found
  QAOA solver found no feasible solution

Running Constraint Generation:

Problem information:
  Number of variables (n): 10
  Number of constraints (m): 20

Running classical reference solver:
  Reference solution found:
    Solution: [1, 1, 0, 0, 0, 0, 0, 0, 0, 0]
    Value: 125.0

Starting quantum constraint generation with parameters:
  sample_size (total shots): 100
  tau: 0.1
  max_iters: 1000

Iteration 0:
  No feasible solution found in this iteration
  Added 7 new constraints: [0, 2, 3, 5, 12, 18, 19]

Iteration 1:
  No feasible solution found in this iteration
  Added 5 new constraints: [1, 6, 10, 14, 17]

Iteration 2:
  No feasible solution found in this iteration
  Added 2 new constraints: [7, 16]

Iteration 3:
  No feasible solution found in this iteration
  No new constraints added, lowered tau multiplier: 1.0 -> 0.9
  Added 6 new constraints: [4, 8, 9, 11, 13, 15]

Iteration 4:
Found feasible solution: [0 0 0 1 1 0 0 0 0 0] with objective value 127.0
Found feasible solution: [0 0 1 0 0 1 0 0 0 0] with objective value 184.0
  Found feasible solution:
    Solution: [0, 0, 0, 1, 1, 0, 0, 0, 0, 0]
    Value: 127.0
    Gap to reference: 1.60%
  Constraint generation solution found:
    Solution: [0, 0, 0, 1, 1, 0, 0, 0, 0, 0]
    Value: 127.0

Instance 9 results:
  Classical value: 125.0
  QAOA value: 0.0
  Constraint generation value: 127.0

Running instance 10/100

Running Classical Reference Solver (SCIP):
  Reference solution found:
    Solution: [0, 0, 0, 1, 0, 0, 0, 1, 0, 0]
    Value: 58.0

Running QAOA Reference Solution (with all constraints):
