2025-02-23 17:59:30,670 - INFO - 
Problem information:
2025-02-23 17:59:30,670 - INFO -   Number of variables (n): 12
2025-02-23 17:59:30,670 - INFO -   Number of constraints (m): 40
2025-02-23 17:59:30,671 - DEBUG -   Density of A: 18.75%
2025-02-23 17:59:30,671 - INFO - 
Starting reference QAOA with parameters:
2025-02-23 17:59:30,671 - INFO -   sample_size (total shots): 200
2025-02-23 17:59:30,671 - INFO - Added all constraints
2025-02-23 17:59:30,671 - DEBUG - Generated Ising Hamiltonian
2025-02-23 17:59:30,940 - DEBUG - Optimizing QAOA circuit...
2025-02-23 17:59:32,897 - DEBUG - Circuit optimization successful
2025-02-23 17:59:32,898 - DEBUG - Circuit optimization successful, final value: -18836.634365634367
2025-02-23 17:59:32,898 - DEBUG - Sampling from optimized circuit...
2025-02-23 17:59:32,914 - DEBUG - Generated 154 unique samples from 200 total measurements
2025-02-23 17:59:32,914 - DEBUG - 
Top 5 most frequent samples:
2025-02-23 17:59:32,914 - DEBUG -   Rank | Count |   %   
2025-02-23 17:59:32,914 - DEBUG -   -----|-------|-------
2025-02-23 17:59:32,915 - DEBUG -      1 |     5 |   2.5
2025-02-23 17:59:32,915 - DEBUG -     Sample: [1 1 0 1 0 1 0 0 0 0 0 1]
2025-02-23 17:59:32,915 - DEBUG -      2 |     4 |   2.0
2025-02-23 17:59:32,915 - DEBUG -     Sample: [0 1 1 1 1 0 0 1 1 0 1 1]
2025-02-23 17:59:32,915 - DEBUG -      3 |     4 |   2.0
2025-02-23 17:59:32,915 - DEBUG -     Sample: [0 1 0 1 1 0 0 1 0 0 1 1]
2025-02-23 17:59:32,916 - DEBUG -      4 |     3 |   1.5
2025-02-23 17:59:32,916 - DEBUG -     Sample: [1 1 0 1 0 1 0 1 0 0 1 1]
2025-02-23 17:59:32,916 - DEBUG -      5 |     3 |   1.5
2025-02-23 17:59:32,916 - DEBUG -     Sample: [0 0 0 1 0 0 0 1 0 0 1 1]
2025-02-23 17:59:32,916 - DEBUG - Generated 154 unique samples from 200 total measurements
2025-02-23 17:59:32,919 - INFO - No feasible solution found
2025-02-23 17:59:32,919 - INFO -   QAOA solver found no feasible solution
2025-02-23 17:59:32,920 - INFO - 
Running Constraint Generation:
2025-02-23 17:59:32,921 - INFO - 
Problem information:
2025-02-23 17:59:32,921 - INFO -   Number of variables (n): 12
2025-02-23 17:59:32,921 - INFO -   Number of constraints (m): 40
2025-02-23 17:59:32,921 - DEBUG -   Density of A: 18.75%
2025-02-23 17:59:32,922 - INFO - 
Running classical reference solver:
2025-02-23 17:59:32,931 - INFO -   Reference solution found:
2025-02-23 17:59:32,931 - INFO -     Solution: [0, 0, 0, 0, 0, 1, 1, 1, 0, 1, 0, 0]
2025-02-23 17:59:32,932 - INFO -     Value: 281.0
2025-02-23 17:59:32,932 - INFO - 
Starting quantum constraint generation with parameters:
2025-02-23 17:59:32,932 - INFO -   sample_size (total shots): 200
2025-02-23 17:59:32,932 - INFO -   tau: 0.1
2025-02-23 17:59:32,932 - INFO -   max_iters: 1000
2025-02-23 17:59:32,932 - INFO - 
Iteration 0:
2025-02-23 17:59:32,933 - DEBUG - Generated Ising Hamiltonian
2025-02-23 17:59:33,149 - DEBUG - Optimizing QAOA circuit...
2025-02-23 17:59:34,181 - DEBUG - Circuit optimization successful
2025-02-23 17:59:34,182 - DEBUG - Circuit optimization successful, final value: -251.21478521478525
2025-02-23 17:59:34,182 - DEBUG - Sampling from optimized circuit...
2025-02-23 17:59:34,194 - DEBUG - Generated 129 unique samples from 200 total measurements
2025-02-23 17:59:34,195 - DEBUG - 
Top 5 most frequent samples:
2025-02-23 17:59:34,195 - DEBUG -   Rank | Count |   %   
2025-02-23 17:59:34,195 - DEBUG -   -----|-------|-------
2025-02-23 17:59:34,195 - DEBUG -      1 |    14 |   7.0
2025-02-23 17:59:34,196 - DEBUG -     Sample: [1 1 1 1 1 1 1 1 1 0 1 0]
2025-02-23 17:59:34,196 - DEBUG -      2 |     9 |   4.5
2025-02-23 17:59:34,196 - DEBUG -     Sample: [0 1 1 1 1 1 1 1 1 0 1 0]
2025-02-23 17:59:34,196 - DEBUG -      3 |     6 |   3.0
2025-02-23 17:59:34,196 - DEBUG -     Sample: [1 0 1 1 1 1 1 1 1 0 1 0]
2025-02-23 17:59:34,197 - DEBUG -      4 |     4 |   2.0
2025-02-23 17:59:34,197 - DEBUG -     Sample: [0 1 1 1 1 0 1 1 1 0 0 0]
2025-02-23 17:59:34,197 - DEBUG -      5 |     4 |   2.0
2025-02-23 17:59:34,197 - DEBUG -     Sample: [0 1 1 1 1 1 1 0 1 0 1 0]
2025-02-23 17:59:34,198 - DEBUG - Generated 129 unique samples from 200 total measurements
2025-02-23 17:59:34,200 - INFO -   No feasible solution found in this iteration
2025-02-23 17:59:34,201 - INFO -   Added 3 new constraints: [22, 27, 39]
2025-02-23 17:59:34,201 - INFO - 
Iteration 1:
2025-02-23 17:59:34,201 - DEBUG - Generated Ising Hamiltonian
2025-02-23 17:59:34,392 - DEBUG - Optimizing QAOA circuit...
2025-02-23 17:59:35,515 - DEBUG - Circuit optimization successful
2025-02-23 17:59:35,515 - DEBUG - Circuit optimization successful, final value: 9406.863636363636
2025-02-23 17:59:35,515 - DEBUG - Sampling from optimized circuit...
2025-02-23 17:59:35,527 - DEBUG - Generated 112 unique samples from 200 total measurements
2025-02-23 17:59:35,527 - DEBUG - 
Top 5 most frequent samples:
2025-02-23 17:59:35,528 - DEBUG -   Rank | Count |   %   
2025-02-23 17:59:35,528 - DEBUG -   -----|-------|-------
2025-02-23 17:59:35,528 - DEBUG -      1 |     9 |   4.5
2025-02-23 17:59:35,528 - DEBUG -     Sample: [1 0 0 0 1 1 1 1 0 1 0 0]
2025-02-23 17:59:35,528 - DEBUG -      2 |     8 |   4.0
2025-02-23 17:59:35,529 - DEBUG -     Sample: [1 0 0 0 1 1 1 1 1 1 0 0]
2025-02-23 17:59:35,529 - DEBUG -      3 |     7 |   3.5
2025-02-23 17:59:35,529 - DEBUG -     Sample: [0 0 0 0 1 1 1 1 1 1 1 0]
2025-02-23 17:59:35,529 - DEBUG -      4 |     6 |   3.0
2025-02-23 17:59:35,529 - DEBUG -     Sample: [1 0 1 0 1 1 1 1 1 1 1 0]
2025-02-23 17:59:35,529 - DEBUG -      5 |     6 |   3.0
2025-02-23 17:59:35,530 - DEBUG -     Sample: [0 0 0 0 1 1 1 1 0 1 1 0]
2025-02-23 17:59:35,530 - DEBUG - Generated 112 unique samples from 200 total measurements
2025-02-23 17:59:35,532 - INFO -   No feasible solution found in this iteration
2025-02-23 17:59:35,532 - INFO -   Added 1 new constraints: [31]
2025-02-23 17:59:35,533 - INFO - 
Iteration 2:
2025-02-23 17:59:35,533 - DEBUG - Generated Ising Hamiltonian
2025-02-23 17:59:35,742 - DEBUG - Optimizing QAOA circuit...
2025-02-23 17:59:36,795 - DEBUG - Circuit optimization successful
2025-02-23 17:59:36,796 - DEBUG - Circuit optimization successful, final value: 13750.739260739261
2025-02-23 17:59:36,796 - DEBUG - Sampling from optimized circuit...
2025-02-23 17:59:36,811 - DEBUG - Generated 159 unique samples from 200 total measurements
2025-02-23 17:59:36,812 - DEBUG - 
Top 5 most frequent samples:
2025-02-23 17:59:36,813 - DEBUG -   Rank | Count |   %   
2025-02-23 17:59:36,813 - DEBUG -   -----|-------|-------
2025-02-23 17:59:36,813 - DEBUG -      1 |     5 |   2.5
2025-02-23 17:59:36,814 - DEBUG -     Sample: [0 0 0 0 1 0 1 1 0 1 1 0]
2025-02-23 17:59:36,814 - DEBUG -      2 |     4 |   2.0
2025-02-23 17:59:36,814 - DEBUG -     Sample: [0 0 1 0 1 1 1 1 0 1 1 0]
2025-02-23 17:59:36,815 - DEBUG -      3 |     4 |   2.0
2025-02-23 17:59:36,815 - DEBUG -     Sample: [1 0 0 0 1 0 1 1 0 1 1 0]
2025-02-23 17:59:36,815 - DEBUG -      4 |     4 |   2.0
2025-02-23 17:59:36,815 - DEBUG -     Sample: [0 0 0 1 1 0 1 1 0 0 0 0]
2025-02-23 17:59:36,816 - DEBUG -      5 |     3 |   1.5
2025-02-23 17:59:36,816 - DEBUG -     Sample: [0 0 0 0 1 1 1 1 0 1 0 0]
2025-02-23 17:59:36,817 - DEBUG - Generated 159 unique samples from 200 total measurements
2025-02-23 17:59:36,820 - INFO -   No feasible solution found in this iteration
2025-02-23 17:59:36,821 - INFO -   No new constraints added, lowered tau multiplier: 1.0 -> 0.9
2025-02-23 17:59:36,821 - INFO -   No new constraints added, lowered tau multiplier: 0.9 -> 0.8
2025-02-23 17:59:36,821 - INFO -   Added 2 new constraints: [34, 35]
2025-02-23 17:59:36,823 - INFO - 
Iteration 3:
2025-02-23 17:59:36,823 - DEBUG - Generated Ising Hamiltonian
2025-02-23 17:59:37,060 - DEBUG - Optimizing QAOA circuit...
2025-02-23 17:59:38,583 - DEBUG - Circuit optimization successful
2025-02-23 17:59:38,584 - DEBUG - Circuit optimization successful, final value: -6366.704295704295
2025-02-23 17:59:38,584 - DEBUG - Sampling from optimized circuit...
2025-02-23 17:59:38,600 - DEBUG - Generated 184 unique samples from 200 total measurements
2025-02-23 17:59:38,601 - DEBUG - 
Top 5 most frequent samples:
2025-02-23 17:59:38,601 - DEBUG -   Rank | Count |   %   
2025-02-23 17:59:38,601 - DEBUG -   -----|-------|-------
2025-02-23 17:59:38,601 - DEBUG -      1 |     2 |   1.0
2025-02-23 17:59:38,601 - DEBUG -     Sample: [1 0 1 1 0 0 0 0 1 1 0 0]
2025-02-23 17:59:38,602 - DEBUG -      2 |     2 |   1.0
2025-02-23 17:59:38,602 - DEBUG -     Sample: [0 1 0 1 0 0 1 1 1 1 0 0]
2025-02-23 17:59:38,602 - DEBUG -      3 |     2 |   1.0
2025-02-23 17:59:38,602 - DEBUG -     Sample: [0 0 0 0 1 1 0 0 1 1 0 1]
2025-02-23 17:59:38,603 - DEBUG -      4 |     2 |   1.0
2025-02-23 17:59:38,603 - DEBUG -     Sample: [0 0 0 0 0 0 1 1 1 1 1 0]
2025-02-23 17:59:38,603 - DEBUG -      5 |     2 |   1.0
2025-02-23 17:59:38,603 - DEBUG -     Sample: [1 0 0 0 1 0 0 1 1 1 1 0]
2025-02-23 17:59:38,604 - DEBUG - Generated 184 unique samples from 200 total measurements
2025-02-23 17:59:38,607 - INFO - Found feasible solution: [1 1 1 1 0 0 0 0 1 0 1 0] with objective value 343.0
2025-02-23 17:59:38,609 - INFO -   Found feasible solution:
2025-02-23 17:59:38,609 - INFO -     Solution: [1, 1, 1, 1, 0, 0, 0, 0, 1, 0, 1, 0]
2025-02-23 17:59:38,609 - INFO -     Value: 343.0
2025-02-23 17:59:38,609 - INFO -     Gap to reference: 22.06%
2025-02-23 17:59:38,610 - INFO -   Constraint generation solution found:
2025-02-23 17:59:38,610 - INFO -     Solution: [1, 1, 1, 1, 0, 0, 0, 0, 1, 0, 1, 0]
2025-02-23 17:59:38,610 - INFO -     Value: 343.0
2025-02-23 17:59:38,610 - INFO - 
Instance 40 results:
2025-02-23 17:59:38,611 - INFO -   Classical value: 281.0
2025-02-23 17:59:38,611 - INFO -   QAOA value: 0.0
2025-02-23 17:59:38,611 - INFO -   Constraint generation value: 343.0
2025-02-23 17:59:38,612 - INFO - 
Running instance 41/100
2025-02-23 17:59:38,615 - INFO - 
Running Classical Reference Solver (SCIP):
2025-02-23 17:59:38,616 - DEBUG - Problem dimensions: 40 constraints, 12 variables
2025-02-23 17:59:38,616 - DEBUG - Row names: ['ELEM1', 'ELEM2', 'ELEM3', 'ELEM4', 'ELEM5', 'ELEM6', 'ELEM7', 'ELEM8', 'ELEM9', 'ELEM10', 'ELEM11', 'ELEM12', 'ELEM13', 'ELEM14', 'ELEM15', 'ELEM16', 'ELEM17', 'ELEM18', 'ELEM19', 'ELEM20', 'ELEM21', 'ELEM22', 'ELEM23', 'ELEM24', 'ELEM25', 'ELEM26', 'ELEM27', 'ELEM28', 'ELEM29', 'ELEM30', 'ELEM31', 'ELEM32', 'ELEM33', 'ELEM34', 'ELEM35', 'ELEM36', 'ELEM37', 'ELEM38', 'ELEM39', 'ELEM40']
2025-02-23 17:59:38,616 - DEBUG - RHS values: {'ELEM1': 1.0, 'ELEM2': 1.0, 'ELEM3': 1.0, 'ELEM4': 1.0, 'ELEM5': 1.0, 'ELEM6': 1.0, 'ELEM7': 1.0, 'ELEM8': 1.0, 'ELEM9': 1.0, 'ELEM10': 1.0, 'ELEM11': 1.0, 'ELEM12': 1.0, 'ELEM13': 1.0, 'ELEM14': 1.0, 'ELEM15': 1.0, 'ELEM16': 1.0, 'ELEM17': 1.0, 'ELEM18': 1.0, 'ELEM19': 1.0, 'ELEM20': 1.0, 'ELEM21': 1.0, 'ELEM22': 1.0, 'ELEM23': 1.0, 'ELEM24': 1.0, 'ELEM25': 1.0, 'ELEM26': 1.0, 'ELEM27': 1.0, 'ELEM28': 1.0, 'ELEM29': 1.0, 'ELEM30': 1.0, 'ELEM31': 1.0, 'ELEM32': 1.0, 'ELEM33': 1.0, 'ELEM34': 1.0, 'ELEM35': 1.0, 'ELEM36': 1.0, 'ELEM37': 1.0, 'ELEM38': 1.0, 'ELEM39': 1.0, 'ELEM40': 1.0}
2025-02-23 17:59:38,629 - INFO -   Reference solution found:
2025-02-23 17:59:38,629 - INFO -     Solution: [0, 0, 0, 1, 1, 0, 0, 0, 0, 1, 1, 1]
2025-02-23 17:59:38,629 - INFO -     Value: 174.0
2025-02-23 17:59:38,629 - INFO - 
Running QAOA Reference Solution (with all constraints):
