2025-02-23 18:50:28,438 - INFO - 
Problem information:
2025-02-23 18:50:28,438 - INFO -   Number of variables (n): 10
2025-02-23 18:50:28,438 - INFO -   Number of constraints (m): 20
2025-02-23 18:50:28,438 - DEBUG -   Density of A: 45.50%
2025-02-23 18:50:28,438 - INFO - 
Starting reference QAOA with parameters:
2025-02-23 18:50:28,438 - INFO -   sample_size (total shots): 100
2025-02-23 18:50:28,439 - INFO - Added all constraints
2025-02-23 18:50:28,439 - DEBUG - Generated Ising Hamiltonian
2025-02-23 18:50:28,650 - DEBUG - Optimizing QAOA circuit...
2025-02-23 18:50:30,119 - DEBUG - Circuit optimization successful
2025-02-23 18:50:30,119 - DEBUG - Circuit optimization successful, final value: -8766.197302697303
2025-02-23 18:50:30,119 - DEBUG - Sampling from optimized circuit...
2025-02-23 18:50:30,132 - DEBUG - Generated 94 unique samples from 100 total measurements
2025-02-23 18:50:30,132 - DEBUG - 
Top 5 most frequent samples:
2025-02-23 18:50:30,132 - DEBUG -   Rank | Count |   %   
2025-02-23 18:50:30,132 - DEBUG -   -----|-------|-------
2025-02-23 18:50:30,133 - DEBUG -      1 |     2 |   2.0
2025-02-23 18:50:30,133 - DEBUG -     Sample: [1 0 0 1 0 1 1 1 1 0]
2025-02-23 18:50:30,133 - DEBUG -      2 |     2 |   2.0
2025-02-23 18:50:30,133 - DEBUG -     Sample: [0 1 0 0 0 0 1 0 1 0]
2025-02-23 18:50:30,133 - DEBUG -      3 |     2 |   2.0
2025-02-23 18:50:30,134 - DEBUG -     Sample: [1 0 0 0 1 1 0 0 1 0]
2025-02-23 18:50:30,134 - DEBUG -      4 |     2 |   2.0
2025-02-23 18:50:30,134 - DEBUG -     Sample: [1 0 1 0 1 0 0 0 0 0]
2025-02-23 18:50:30,134 - DEBUG -      5 |     2 |   2.0
2025-02-23 18:50:30,134 - DEBUG -     Sample: [0 0 0 0 1 1 0 0 0 1]
2025-02-23 18:50:30,135 - DEBUG - Generated 94 unique samples from 100 total measurements
2025-02-23 18:50:30,136 - INFO - Found feasible solution: [1 0 0 0 0 0 0 0 0 1] with objective value 119.0
2025-02-23 18:50:30,137 - INFO - Found feasible solution:
2025-02-23 18:50:30,137 - INFO -   Solution: [1, 0, 0, 0, 0, 0, 0, 0, 0, 1]
2025-02-23 18:50:30,137 - INFO -   Value: 119.0
2025-02-23 18:50:30,138 - INFO -   QAOA solution found:
2025-02-23 18:50:30,138 - INFO -     Solution: [1, 0, 0, 0, 0, 0, 0, 0, 0, 1]
2025-02-23 18:50:30,138 - INFO -     Value: 119.0
2025-02-23 18:50:30,138 - INFO - 
Running Constraint Generation:
2025-02-23 18:50:30,139 - INFO - 
Problem information:
2025-02-23 18:50:30,139 - INFO -   Number of variables (n): 10
2025-02-23 18:50:30,139 - INFO -   Number of constraints (m): 20
2025-02-23 18:50:30,140 - DEBUG -   Density of A: 45.50%
2025-02-23 18:50:30,140 - INFO - 
Running classical reference solver:
2025-02-23 18:50:30,150 - INFO -   Reference solution found:
2025-02-23 18:50:30,151 - INFO -     Solution: [0, 1, 0, 0, 0, 1, 1, 0, 0, 0]
2025-02-23 18:50:30,151 - INFO -     Value: 43.0
2025-02-23 18:50:30,151 - INFO - 
Starting quantum constraint generation with parameters:
2025-02-23 18:50:30,151 - INFO -   sample_size (total shots): 100
2025-02-23 18:50:30,152 - INFO -   tau: 0.1
2025-02-23 18:50:30,152 - INFO -   max_iters: 1000
2025-02-23 18:50:30,152 - INFO - 
Iteration 0:
2025-02-23 18:50:30,152 - DEBUG - Generated Ising Hamiltonian
2025-02-23 18:50:30,374 - DEBUG - Optimizing QAOA circuit...
2025-02-23 18:50:31,330 - DEBUG - Circuit optimization successful
2025-02-23 18:50:31,330 - DEBUG - Circuit optimization successful, final value: -164.88211788211788
2025-02-23 18:50:31,330 - DEBUG - Sampling from optimized circuit...
2025-02-23 18:50:31,343 - DEBUG - Generated 63 unique samples from 100 total measurements
2025-02-23 18:50:31,343 - DEBUG - 
Top 5 most frequent samples:
2025-02-23 18:50:31,343 - DEBUG -   Rank | Count |   %   
2025-02-23 18:50:31,343 - DEBUG -   -----|-------|-------
2025-02-23 18:50:31,343 - DEBUG -      1 |     9 |   9.0
2025-02-23 18:50:31,343 - DEBUG -     Sample: [1 0 0 1 1 1 1 1 0 1]
2025-02-23 18:50:31,344 - DEBUG -      2 |     7 |   7.0
2025-02-23 18:50:31,344 - DEBUG -     Sample: [1 0 1 1 1 1 1 1 0 1]
2025-02-23 18:50:31,344 - DEBUG -      3 |     6 |   6.0
2025-02-23 18:50:31,344 - DEBUG -     Sample: [1 0 0 0 1 1 1 1 0 1]
2025-02-23 18:50:31,344 - DEBUG -      4 |     4 |   4.0
2025-02-23 18:50:31,344 - DEBUG -     Sample: [1 0 0 1 1 1 1 0 0 1]
2025-02-23 18:50:31,345 - DEBUG -      5 |     4 |   4.0
2025-02-23 18:50:31,345 - DEBUG -     Sample: [1 1 0 1 1 1 1 1 0 1]
2025-02-23 18:50:31,345 - DEBUG - Generated 63 unique samples from 100 total measurements
2025-02-23 18:50:31,347 - INFO -   No feasible solution found in this iteration
2025-02-23 18:50:31,347 - INFO -   Added 2 new constraints: [10, 16]
2025-02-23 18:50:31,348 - INFO - 
Iteration 1:
2025-02-23 18:50:31,348 - DEBUG - Generated Ising Hamiltonian
2025-02-23 18:50:31,573 - DEBUG - Optimizing QAOA circuit...
2025-02-23 18:50:32,857 - DEBUG - Circuit optimization successful
2025-02-23 18:50:32,857 - DEBUG - Circuit optimization successful, final value: -6517.861138861141
2025-02-23 18:50:32,858 - DEBUG - Sampling from optimized circuit...
2025-02-23 18:50:32,881 - DEBUG - Generated 75 unique samples from 100 total measurements
2025-02-23 18:50:32,881 - DEBUG - 
Top 5 most frequent samples:
2025-02-23 18:50:32,881 - DEBUG -   Rank | Count |   %   
2025-02-23 18:50:32,881 - DEBUG -   -----|-------|-------
2025-02-23 18:50:32,882 - DEBUG -      1 |     5 |   5.0
2025-02-23 18:50:32,882 - DEBUG -     Sample: [0 1 1 0 1 1 0 0 1 0]
2025-02-23 18:50:32,882 - DEBUG -      2 |     4 |   4.0
2025-02-23 18:50:32,883 - DEBUG -     Sample: [0 1 1 0 0 1 0 0 1 0]
2025-02-23 18:50:32,883 - DEBUG -      3 |     4 |   4.0
2025-02-23 18:50:32,883 - DEBUG -     Sample: [0 1 1 0 0 1 0 1 1 0]
2025-02-23 18:50:32,883 - DEBUG -      4 |     3 |   3.0
2025-02-23 18:50:32,883 - DEBUG -     Sample: [0 1 1 0 1 1 0 1 1 0]
2025-02-23 18:50:32,883 - DEBUG -      5 |     3 |   3.0
2025-02-23 18:50:32,883 - DEBUG -     Sample: [0 1 1 1 1 1 1 0 1 0]
2025-02-23 18:50:32,884 - DEBUG - Generated 75 unique samples from 100 total measurements
2025-02-23 18:50:32,885 - INFO -   No feasible solution found in this iteration
2025-02-23 18:50:32,886 - INFO -   Added 6 new constraints: [0, 5, 7, 8, 14, 17]
2025-02-23 18:50:32,886 - INFO - 
Iteration 2:
2025-02-23 18:50:32,886 - DEBUG - Generated Ising Hamiltonian
2025-02-23 18:50:33,099 - DEBUG - Optimizing QAOA circuit...
2025-02-23 18:50:34,623 - DEBUG - Circuit optimization successful
2025-02-23 18:50:34,624 - DEBUG - Circuit optimization successful, final value: 22530.954045954048
2025-02-23 18:50:34,624 - DEBUG - Sampling from optimized circuit...
2025-02-23 18:50:34,637 - DEBUG - Generated 67 unique samples from 100 total measurements
2025-02-23 18:50:34,638 - DEBUG - 
Top 5 most frequent samples:
2025-02-23 18:50:34,638 - DEBUG -   Rank | Count |   %   
2025-02-23 18:50:34,638 - DEBUG -   -----|-------|-------
2025-02-23 18:50:34,638 - DEBUG -      1 |     6 |   6.0
2025-02-23 18:50:34,639 - DEBUG -     Sample: [1 1 1 1 0 1 1 1 0 0]
2025-02-23 18:50:34,639 - DEBUG -      2 |     5 |   5.0
2025-02-23 18:50:34,639 - DEBUG -     Sample: [1 1 1 1 0 1 1 1 0 1]
2025-02-23 18:50:34,639 - DEBUG -      3 |     5 |   5.0
2025-02-23 18:50:34,639 - DEBUG -     Sample: [1 1 0 1 0 1 1 1 0 1]
2025-02-23 18:50:34,639 - DEBUG -      4 |     3 |   3.0
2025-02-23 18:50:34,640 - DEBUG -     Sample: [0 0 1 1 1 1 1 0 0 1]
2025-02-23 18:50:34,640 - DEBUG -      5 |     3 |   3.0
2025-02-23 18:50:34,640 - DEBUG -     Sample: [1 1 0 1 0 1 1 1 0 0]
2025-02-23 18:50:34,641 - DEBUG - Generated 67 unique samples from 100 total measurements
2025-02-23 18:50:34,642 - INFO -   No feasible solution found in this iteration
2025-02-23 18:50:34,642 - INFO -   No new constraints added, lowered tau multiplier: 1.0 -> 0.9
2025-02-23 18:50:34,642 - INFO -   Added 2 new constraints: [2, 9]
2025-02-23 18:50:34,643 - INFO - 
Iteration 3:
2025-02-23 18:50:34,643 - DEBUG - Generated Ising Hamiltonian
2025-02-23 18:50:34,855 - DEBUG - Optimizing QAOA circuit...
2025-02-23 18:50:36,381 - DEBUG - Circuit optimization successful
2025-02-23 18:50:36,382 - DEBUG - Circuit optimization successful, final value: -9654.563436563436
2025-02-23 18:50:36,382 - DEBUG - Sampling from optimized circuit...
2025-02-23 18:50:36,396 - DEBUG - Generated 94 unique samples from 100 total measurements
2025-02-23 18:50:36,396 - DEBUG - 
Top 5 most frequent samples:
2025-02-23 18:50:36,396 - DEBUG -   Rank | Count |   %   
2025-02-23 18:50:36,396 - DEBUG -   -----|-------|-------
2025-02-23 18:50:36,396 - DEBUG -      1 |     3 |   3.0
2025-02-23 18:50:36,397 - DEBUG -     Sample: [1 1 0 1 1 0 0 1 0 1]
2025-02-23 18:50:36,397 - DEBUG -      2 |     2 |   2.0
2025-02-23 18:50:36,397 - DEBUG -     Sample: [1 1 0 0 1 0 0 1 0 0]
2025-02-23 18:50:36,397 - DEBUG -      3 |     2 |   2.0
2025-02-23 18:50:36,398 - DEBUG -     Sample: [1 1 1 1 1 1 0 1 0 0]
2025-02-23 18:50:36,398 - DEBUG -      4 |     2 |   2.0
2025-02-23 18:50:36,398 - DEBUG -     Sample: [1 1 1 0 1 1 0 1 1 0]
2025-02-23 18:50:36,398 - DEBUG -      5 |     2 |   2.0
2025-02-23 18:50:36,398 - DEBUG -     Sample: [0 1 0 1 0 0 0 1 0 0]
2025-02-23 18:50:36,399 - DEBUG - Generated 94 unique samples from 100 total measurements
2025-02-23 18:50:36,400 - INFO - Found feasible solution: [0 1 0 0 0 1 1 0 0 0] with objective value 43.0
2025-02-23 18:50:36,401 - INFO -   Found feasible solution:
2025-02-23 18:50:36,401 - INFO -     Solution: [0, 1, 0, 0, 0, 1, 1, 0, 0, 0]
2025-02-23 18:50:36,402 - INFO -     Value: 43.0
2025-02-23 18:50:36,402 - INFO -     Gap to reference: 0.00%
2025-02-23 18:50:36,402 - INFO -   Constraint generation solution found:
2025-02-23 18:50:36,402 - INFO -     Solution: [0, 1, 0, 0, 0, 1, 1, 0, 0, 0]
2025-02-23 18:50:36,402 - INFO -     Value: 43.0
2025-02-23 18:50:36,402 - INFO - 
Instance 53 results:
2025-02-23 18:50:36,403 - INFO -   Classical value: 43.0
2025-02-23 18:50:36,403 - INFO -   QAOA value: 119.0
2025-02-23 18:50:36,403 - INFO -   Constraint generation value: 43.0
2025-02-23 18:50:36,403 - INFO - 
Running instance 54/100
2025-02-23 18:50:36,405 - INFO - 
Running Classical Reference Solver (SCIP):
2025-02-23 18:50:36,406 - DEBUG - Problem dimensions: 20 constraints, 10 variables
2025-02-23 18:50:36,406 - DEBUG - Row names: ['ELEM1', 'ELEM2', 'ELEM3', 'ELEM4', 'ELEM5', 'ELEM6', 'ELEM7', 'ELEM8', 'ELEM9', 'ELEM10', 'ELEM11', 'ELEM12', 'ELEM13', 'ELEM14', 'ELEM15', 'ELEM16', 'ELEM17', 'ELEM18', 'ELEM19', 'ELEM20']
2025-02-23 18:50:36,406 - DEBUG - RHS values: {'ELEM1': 1.0, 'ELEM2': 1.0, 'ELEM3': 1.0, 'ELEM4': 1.0, 'ELEM5': 1.0, 'ELEM6': 1.0, 'ELEM7': 1.0, 'ELEM8': 1.0, 'ELEM9': 1.0, 'ELEM10': 1.0, 'ELEM11': 1.0, 'ELEM12': 1.0, 'ELEM13': 1.0, 'ELEM14': 1.0, 'ELEM15': 1.0, 'ELEM16': 1.0, 'ELEM17': 1.0, 'ELEM18': 1.0, 'ELEM19': 1.0, 'ELEM20': 1.0}
2025-02-23 18:50:36,418 - INFO -   Reference solution found:
2025-02-23 18:50:36,419 - INFO -     Solution: [0, 0, 0, 0, 0, 0, 1, 0, 1, 0]
2025-02-23 18:50:36,419 - INFO -     Value: 70.0
2025-02-23 18:50:36,419 - INFO - 
Running QAOA Reference Solution (with all constraints):
