
Problem information:
  Number of variables (n): 10
  Number of constraints (m): 20

Starting reference QAOA with parameters:
  sample_size (total shots): 100
Added all constraints
Found feasible solution: [1 0 0 0 0 0 0 0 0 1] with objective value 119.0
Found feasible solution:
  Solution: [1, 0, 0, 0, 0, 0, 0, 0, 0, 1]
  Value: 119.0
  QAOA solution found:
    Solution: [1, 0, 0, 0, 0, 0, 0, 0, 0, 1]
    Value: 119.0

Running Constraint Generation:

Problem information:
  Number of variables (n): 10
  Number of constraints (m): 20

Running classical reference solver:
  Reference solution found:
    Solution: [0, 1, 0, 0, 0, 1, 1, 0, 0, 0]
    Value: 43.0

Starting quantum constraint generation with parameters:
  sample_size (total shots): 100
  tau: 0.1
  max_iters: 1000

Iteration 0:
  No feasible solution found in this iteration
  Added 2 new constraints: [10, 16]

Iteration 1:
  No feasible solution found in this iteration
  Added 6 new constraints: [0, 5, 7, 8, 14, 17]

Iteration 2:
  No feasible solution found in this iteration
  No new constraints added, lowered tau multiplier: 1.0 -> 0.9
  Added 2 new constraints: [2, 9]

Iteration 3:
Found feasible solution: [0 1 0 0 0 1 1 0 0 0] with objective value 43.0
  Found feasible solution:
    Solution: [0, 1, 0, 0, 0, 1, 1, 0, 0, 0]
    Value: 43.0
    Gap to reference: 0.00%
  Constraint generation solution found:
    Solution: [0, 1, 0, 0, 0, 1, 1, 0, 0, 0]
    Value: 43.0

Instance 53 results:
  Classical value: 43.0
  QAOA value: 119.0
  Constraint generation value: 43.0

Running instance 54/100

Running Classical Reference Solver (SCIP):
  Reference solution found:
    Solution: [0, 0, 0, 0, 0, 0, 1, 0, 1, 0]
    Value: 70.0

Running QAOA Reference Solution (with all constraints):
