
Problem information:
  Number of variables (n): 12
  Number of constraints (m): 40

Starting reference QAOA with parameters:
  sample_size (total shots): 1000
Added all constraints
No feasible solution found
  QAOA solver found no feasible solution

Running Constraint Generation:

Problem information:
  Number of variables (n): 12
  Number of constraints (m): 40

Running classical reference solver:
  Reference solution found:
    Solution: [0, 1, 0, 1, 0, 0, 1, 0, 1, 0, 1, 0]
    Value: 189.0

Starting quantum constraint generation with parameters:
  sample_size (total shots): 1000
  tau: 0.1
  max_iters: 1000

Iteration 0:
  No feasible solution found in this iteration
  Added 1 new constraints: [13]

Iteration 1:
  No feasible solution found in this iteration
  Added 1 new constraints: [31]

Iteration 2:
  No feasible solution found in this iteration
  Added 1 new constraints: [25]

Iteration 3:
  No feasible solution found in this iteration
  Added 1 new constraints: [5]

Iteration 4:
  No feasible solution found in this iteration
  Added 1 new constraints: [16]

Iteration 5:
  No feasible solution found in this iteration
  Added 1 new constraints: [22]

Iteration 6:
Found feasible solution: [0 0 1 0 1 1 0 1 0 0 0 1] with objective value 248.0
  Found feasible solution:
    Solution: [0, 0, 1, 0, 1, 1, 0, 1, 0, 0, 0, 1]
    Value: 248.0
    Gap to reference: 31.22%
  Constraint generation solution found:
    Solution: [0, 0, 1, 0, 1, 1, 0, 1, 0, 0, 0, 1]
    Value: 248.0

Instance 97 results:
  Classical value: 189.0
  QAOA value: 0.0
  Constraint generation value: 248.0

Running instance 98/100

Running Classical Reference Solver (SCIP):
  Reference solution found:
    Solution: [1, 0, 0, 1, 0, 0, 1, 1, 1, 1, 0, 0]
    Value: 224.00000000000003

Running QAOA Reference Solution (with all constraints):
