
Problem information:
  Number of variables (n): 8
  Number of constraints (m): 25

Starting reference QAOA with parameters:
  sample_size (total shots): 500
Added all constraints
No feasible solution found
  QAOA solver found no feasible solution

Running Constraint Generation:

Problem information:
  Number of variables (n): 8
  Number of constraints (m): 25

Running classical reference solver:
  Reference solution found:
    Solution: [1, 1, 0, 1, 0, 0, 0, 1]
    Value: 187.0

Starting quantum constraint generation with parameters:
  sample_size (total shots): 500
  tau: 0.1
  max_iters: 1000

Iteration 0:
  No feasible solution found in this iteration
  Added 1 new constraints: [4]

Iteration 1:
  No feasible solution found in this iteration
  No new constraints added, lowered tau multiplier: 1.0 -> 0.9
  Added 4 new constraints: [6, 9, 15, 22]

Iteration 2:
Found feasible solution: [0 0 1 0 1 1 1 0] with objective value 228.0
  Found feasible solution:
    Solution: [0, 0, 1, 0, 1, 1, 1, 0]
    Value: 228.0
    Gap to reference: 21.93%
  Constraint generation solution found:
    Solution: [0, 0, 1, 0, 1, 1, 1, 0]
    Value: 228.0

Instance 41 results:
  Classical value: 187.0
  QAOA value: 0.0
  Constraint generation value: 228.0

Running instance 42/100

Running Classical Reference Solver (SCIP):
  Reference solution found:
    Solution: [0, 0, 1, 0, 1, 1, 0, 0]
    Value: 88.0

Running QAOA Reference Solution (with all constraints):
