
Problem information:
  Number of variables (n): 10
  Number of constraints (m): 20

Starting reference QAOA with parameters:
  sample_size (total shots): 100
Added all constraints
Found feasible solution: [0 0 0 0 0 1 0 0 1 0] with objective value 36.0
Found feasible solution:
  Solution: [0, 0, 0, 0, 0, 1, 0, 0, 1, 0]
  Value: 36.0
  QAOA solution found:
    Solution: [0, 0, 0, 0, 0, 1, 0, 0, 1, 0]
    Value: 36.0

Running Constraint Generation:

Problem information:
  Number of variables (n): 10
  Number of constraints (m): 20

Running classical reference solver:
  Reference solution found:
    Solution: [0, 0, 0, 0, 0, 1, 0, 0, 1, 0]
    Value: 36.0

Starting quantum constraint generation with parameters:
  sample_size (total shots): 100
  tau: 0.1
  max_iters: 1000

Iteration 0:
  No feasible solution found in this iteration
  Added 3 new constraints: [0, 2, 17]

Iteration 1:
  No feasible solution found in this iteration
  Added 1 new constraints: [13]

Iteration 2:
  No feasible solution found in this iteration
  No new constraints added, lowered tau multiplier: 1.0 -> 0.9
  Added 11 new constraints: [1, 5, 6, 7, 8, 11, 12, 14, 15, 16, 18]

Iteration 3:
  No feasible solution found in this iteration
  No new constraints added, lowered tau multiplier: 1.0 -> 0.9
  No new constraints added, lowered tau multiplier: 0.9 -> 0.8
  Added 3 new constraints: [4, 9, 19]

Iteration 4:
  No feasible solution found in this iteration
  No new constraints added, lowered tau multiplier: 1.0 -> 0.9
  No new constraints added, lowered tau multiplier: 0.9 -> 0.8
  Added 2 new constraints: [3, 10]

Iteration 5:
Found feasible solution: [1 0 0 1 1 0 0 0 0 0] with objective value 191.0
  Found feasible solution:
    Solution: [1, 0, 0, 1, 1, 0, 0, 0, 0, 0]
    Value: 191.0
    Gap to reference: 430.56%
  Constraint generation solution found:
    Solution: [1, 0, 0, 1, 1, 0, 0, 0, 0, 0]
    Value: 191.0

Instance 83 results:
  Classical value: 36.0
  QAOA value: 36.0
  Constraint generation value: 191.0

Running instance 84/100

Running Classical Reference Solver (SCIP):
  Reference solution found:
    Solution: [0, 0, 0, 0, 0, 1, 0, 0, 1, 0]
    Value: 57.0

Running QAOA Reference Solution (with all constraints):
