
Problem information:
  Number of variables (n): 12
  Number of constraints (m): 40

Starting reference QAOA with parameters:
  sample_size (total shots): 1000
Added all constraints
No feasible solution found
  QAOA solver found no feasible solution

Running Constraint Generation:

Problem information:
  Number of variables (n): 12
  Number of constraints (m): 40

Running classical reference solver:
  Reference solution found:
    Solution: [0, 0, 1, 0, 0, 0, 0, 0, 1, 1, 0, 0]
    Value: 189.0

Starting quantum constraint generation with parameters:
  sample_size (total shots): 1000
  tau: 0.1
  max_iters: 1000

Iteration 0:
  No feasible solution found in this iteration
  Added 1 new constraints: [15]

Iteration 1:
Found feasible solution: [1 1 0 1 0 1 0 1 0 0 0 0] with objective value 304.0
  Found feasible solution:
    Solution: [1, 1, 0, 1, 0, 1, 0, 1, 0, 0, 0, 0]
    Value: 304.0
    Gap to reference: 60.85%
  Constraint generation solution found:
    Solution: [1, 1, 0, 1, 0, 1, 0, 1, 0, 0, 0, 0]
    Value: 304.0

Instance 15 results:
  Classical value: 189.0
  QAOA value: 0.0
  Constraint generation value: 304.0

Running instance 16/100

Running Classical Reference Solver (SCIP):
  Reference solution found:
    Solution: [0, 0, 0, 0, 1, 0, 1, 0, 1, 0, 0, 1]
    Value: 184.0

Running QAOA Reference Solution (with all constraints):
