
Problem information:
  Number of variables (n): 12
  Number of constraints (m): 40

Starting reference QAOA with parameters:
  sample_size (total shots): 200
Added all constraints
No feasible solution found
  QAOA solver found no feasible solution

Running Constraint Generation:

Problem information:
  Number of variables (n): 12
  Number of constraints (m): 40

Running classical reference solver:
  Reference solution found:
    Solution: [1, 0, 1, 1, 0, 0, 0, 1, 0, 0, 0, 1]
    Value: 198.0

Starting quantum constraint generation with parameters:
  sample_size (total shots): 200
  tau: 0.1
  max_iters: 1000

Iteration 0:
  No feasible solution found in this iteration
  Added 1 new constraints: [31]

Iteration 1:
  No feasible solution found in this iteration
  Added 3 new constraints: [1, 9, 28]

Iteration 2:
  No feasible solution found in this iteration
  Added 1 new constraints: [21]

Iteration 3:
  No feasible solution found in this iteration
  Added 3 new constraints: [14, 16, 37]

Iteration 4:
  No feasible solution found in this iteration
  Added 1 new constraints: [35]

Iteration 5:
  No feasible solution found in this iteration
  Added 1 new constraints: [10]

Iteration 6:
  No feasible solution found in this iteration
  Added 1 new constraints: [36]

Iteration 7:
  No feasible solution found in this iteration
  No new constraints added, lowered tau multiplier: 1.0 -> 0.9
  No new constraints added, lowered tau multiplier: 0.9 -> 0.8
  Added 4 new constraints: [13, 17, 18, 32]

Iteration 8:
  No feasible solution found in this iteration
  No new constraints added, lowered tau multiplier: 1.0 -> 0.9
  No new constraints added, lowered tau multiplier: 0.9 -> 0.8
  Added 2 new constraints: [0, 5]

Iteration 9:
  No feasible solution found in this iteration
  No new constraints added, lowered tau multiplier: 1.0 -> 0.9
  Added 1 new constraints: [22]

Iteration 10:
  No feasible solution found in this iteration
  No new constraints added, lowered tau multiplier: 1.0 -> 0.9
  No new constraints added, lowered tau multiplier: 0.9 -> 0.8
  Added 4 new constraints: [4, 25, 26, 27]

Iteration 11:
  No feasible solution found in this iteration
  No new constraints added, lowered tau multiplier: 1.0 -> 0.9
  Added 4 new constraints: [2, 23, 29, 30]

Iteration 12:
  No feasible solution found in this iteration
  No new constraints added, lowered tau multiplier: 1.0 -> 0.9
  No new constraints added, lowered tau multiplier: 0.9 -> 0.8
  Added 2 new constraints: [15, 34]

Iteration 13:
  No feasible solution found in this iteration
  No new constraints added, lowered tau multiplier: 1.0 -> 0.9
  No new constraints added, lowered tau multiplier: 0.9 -> 0.8
  No new constraints added, lowered tau multiplier: 0.8 -> 0.7
  Added 4 new constraints: [6, 20, 38, 39]

Iteration 14:
  No feasible solution found in this iteration
  No new constraints added, lowered tau multiplier: 1.0 -> 0.9
  No new constraints added, lowered tau multiplier: 0.9 -> 0.8
  No new constraints added, lowered tau multiplier: 0.8 -> 0.7
  Added 2 new constraints: [12, 33]

Iteration 15:
  No feasible solution found in this iteration
  No new constraints added, lowered tau multiplier: 1.0 -> 0.9
  No new constraints added, lowered tau multiplier: 0.9 -> 0.8
  No new constraints added, lowered tau multiplier: 0.8 -> 0.7
  No new constraints added, lowered tau multiplier: 0.7 -> 0.6
  No new constraints added, lowered tau multiplier: 0.6 -> 0.5
  Added 3 new constraints: [7, 19, 24]

Iteration 16:
  No feasible solution found in this iteration
  No new constraints added, lowered tau multiplier: 1.0 -> 0.9
  No new constraints added, lowered tau multiplier: 0.9 -> 0.8
  No new constraints added, lowered tau multiplier: 0.8 -> 0.7
  Added 3 new constraints: [3, 8, 11]

Iteration 17:
Found feasible solution: [0 0 0 0 1 1 1 0 1 1 1 0] with objective value 389.0
  Found feasible solution:
    Solution: [0, 0, 0, 0, 1, 1, 1, 0, 1, 1, 1, 0]
    Value: 389.0
    Gap to reference: 96.46%
  Constraint generation solution found:
    Solution: [0, 0, 0, 0, 1, 1, 1, 0, 1, 1, 1, 0]
    Value: 389.0

Instance 16 results:
  Classical value: 198.0
  QAOA value: 0.0
  Constraint generation value: 389.0

Running instance 17/100

Running Classical Reference Solver (SCIP):
  Reference solution found:
    Solution: [1, 0, 1, 0, 0, 0, 0, 1, 0, 0, 0, 1]
    Value: 206.0

Running QAOA Reference Solution (with all constraints):
