2025-02-24 15:02:25,550 - INFO - 
Problem information:
2025-02-24 15:02:25,550 - INFO -   Number of variables (n): 12
2025-02-24 15:02:25,550 - INFO -   Number of constraints (m): 40
2025-02-24 15:02:25,550 - DEBUG -   Density of A: 16.67%
2025-02-24 15:02:25,550 - INFO - 
Starting reference QAOA with parameters:
2025-02-24 15:02:25,550 - INFO -   sample_size (total shots): 1000
2025-02-24 15:02:25,551 - INFO - Added all constraints
2025-02-24 15:02:25,551 - DEBUG - Generated Ising Hamiltonian
2025-02-24 15:02:25,682 - DEBUG - Optimizing QAOA circuit...
2025-02-24 15:02:28,843 - DEBUG - Circuit optimization successful
2025-02-24 15:02:28,844 - DEBUG - Circuit optimization successful, final value: 17778.723276723278
2025-02-24 15:02:28,844 - DEBUG - Sampling from optimized circuit...
2025-02-24 15:02:28,879 - DEBUG - Generated 468 unique samples from 1000 total measurements
2025-02-24 15:02:28,880 - DEBUG - 
Top 5 most frequent samples:
2025-02-24 15:02:28,880 - DEBUG -   Rank | Count |   %   
2025-02-24 15:02:28,880 - DEBUG -   -----|-------|-------
2025-02-24 15:02:28,880 - DEBUG -      1 |    21 |   2.1
2025-02-24 15:02:28,880 - DEBUG -     Sample: [0 1 1 1 1 1 1 0 0 1 0 0]
2025-02-24 15:02:28,880 - DEBUG -      2 |    20 |   2.0
2025-02-24 15:02:28,881 - DEBUG -     Sample: [0 1 1 1 1 1 0 0 0 0 0 0]
2025-02-24 15:02:28,881 - DEBUG -      3 |    20 |   2.0
2025-02-24 15:02:28,881 - DEBUG -     Sample: [0 0 1 1 0 1 1 0 0 1 0 0]
2025-02-24 15:02:28,881 - DEBUG -      4 |    16 |   1.6
2025-02-24 15:02:28,881 - DEBUG -     Sample: [0 1 1 1 0 1 1 0 0 1 0 0]
2025-02-24 15:02:28,881 - DEBUG -      5 |    14 |   1.4
2025-02-24 15:02:28,882 - DEBUG -     Sample: [0 1 1 1 0 1 1 1 0 1 0 0]
2025-02-24 15:02:28,883 - DEBUG - Generated 468 unique samples from 1000 total measurements
2025-02-24 15:02:28,890 - INFO - No feasible solution found
2025-02-24 15:02:28,890 - INFO -   QAOA solver found no feasible solution
2025-02-24 15:02:28,891 - INFO - 
Running Constraint Generation:
2025-02-24 15:02:28,892 - INFO - 
Problem information:
2025-02-24 15:02:28,892 - INFO -   Number of variables (n): 12
2025-02-24 15:02:28,892 - INFO -   Number of constraints (m): 40
2025-02-24 15:02:28,893 - DEBUG -   Density of A: 16.67%
2025-02-24 15:02:28,893 - INFO - 
Running classical reference solver:
2025-02-24 15:02:28,903 - INFO -   Reference solution found:
2025-02-24 15:02:28,903 - INFO -     Solution: [1, 1, 0, 1, 0, 0, 1, 1, 1, 0, 0, 0]
2025-02-24 15:02:28,904 - INFO -     Value: 255.0
2025-02-24 15:02:28,904 - INFO - 
Starting quantum constraint generation with parameters:
2025-02-24 15:02:28,904 - INFO -   sample_size (total shots): 1000
2025-02-24 15:02:28,904 - INFO -   tau: 0.1
2025-02-24 15:02:28,904 - INFO -   max_iters: 1000
2025-02-24 15:02:28,904 - INFO - 
Iteration 0:
2025-02-24 15:02:28,905 - DEBUG - Generated Ising Hamiltonian
2025-02-24 15:02:28,905 - DEBUG - Optimizing QAOA circuit...
2025-02-24 15:02:35,305 - WARNING - Circuit optimization did not converge
2025-02-24 15:02:35,306 - WARNING - Circuit optimization did not converge
2025-02-24 15:02:35,306 - DEBUG - Sampling from optimized circuit...
2025-02-24 15:02:35,369 - DEBUG - Generated 16 unique samples from 1000 total measurements
2025-02-24 15:02:35,370 - DEBUG - 
Top 5 most frequent samples:
2025-02-24 15:02:35,370 - DEBUG -   Rank | Count |   %   
2025-02-24 15:02:35,370 - DEBUG -   -----|-------|-------
2025-02-24 15:02:35,370 - DEBUG -      1 |   188 |  18.8
2025-02-24 15:02:35,371 - DEBUG -     Sample: [0 0 0 0 0 0 0 0 0 0 1 1]
2025-02-24 15:02:35,371 - DEBUG -      2 |   173 |  17.3
2025-02-24 15:02:35,371 - DEBUG -     Sample: [0 0 0 0 0 0 0 0 0 1 1 1]
2025-02-24 15:02:35,372 - DEBUG -      3 |   154 |  15.4
2025-02-24 15:02:35,372 - DEBUG -     Sample: [0 0 0 0 0 0 0 0 1 0 1 1]
2025-02-24 15:02:35,372 - DEBUG -      4 |   111 |  11.1
2025-02-24 15:02:35,372 - DEBUG -     Sample: [0 0 0 0 0 0 0 0 1 1 1 1]
2025-02-24 15:02:35,373 - DEBUG -      5 |    89 |   8.9
2025-02-24 15:02:35,373 - DEBUG -     Sample: [0 0 0 0 0 0 0 0 0 0 1 0]
2025-02-24 15:02:35,373 - DEBUG - Generated 16 unique samples from 1000 total measurements
2025-02-24 15:02:35,374 - INFO -   No feasible solution found in this iteration
2025-02-24 15:02:35,374 - INFO -   Added 21 new constraints: [1, 3, 4, 5, 6, 7, 10, 11, 12, 13, 17, 18, 20, 21, 23, 24, 26, 32, 34, 35, 38]
2025-02-24 15:02:35,374 - INFO - 
Iteration 1:
2025-02-24 15:02:35,375 - DEBUG - Generated Ising Hamiltonian
2025-02-24 15:02:35,377 - DEBUG - Optimizing QAOA circuit...
2025-02-24 15:02:43,374 - WARNING - Circuit optimization did not converge
2025-02-24 15:02:43,374 - WARNING - Circuit optimization did not converge
2025-02-24 15:02:43,375 - DEBUG - Sampling from optimized circuit...
2025-02-24 15:02:43,427 - DEBUG - Generated 10 unique samples from 1000 total measurements
2025-02-24 15:02:43,427 - DEBUG - 
Top 5 most frequent samples:
2025-02-24 15:02:43,427 - DEBUG -   Rank | Count |   %   
2025-02-24 15:02:43,427 - DEBUG -   -----|-------|-------
2025-02-24 15:02:43,427 - DEBUG -      1 |   698 |  69.8
2025-02-24 15:02:43,427 - DEBUG -     Sample: [0 0 0 0 0 0 0 0 0 1 0 1]
2025-02-24 15:02:43,427 - DEBUG -      2 |   231 |  23.1
2025-02-24 15:02:43,427 - DEBUG -     Sample: [0 0 0 0 0 0 0 0 0 1 1 1]
2025-02-24 15:02:43,427 - DEBUG -      3 |    23 |   2.3
2025-02-24 15:02:43,428 - DEBUG -     Sample: [0 0 0 0 0 0 0 0 0 1 0 0]
2025-02-24 15:02:43,428 - DEBUG -      4 |    18 |   1.8
2025-02-24 15:02:43,428 - DEBUG -     Sample: [0 0 0 0 0 0 0 0 0 0 0 1]
2025-02-24 15:02:43,428 - DEBUG -      5 |    11 |   1.1
2025-02-24 15:02:43,428 - DEBUG -     Sample: [0 0 0 0 0 0 0 0 0 1 1 0]
2025-02-24 15:02:43,428 - DEBUG - Generated 10 unique samples from 1000 total measurements
2025-02-24 15:02:43,428 - INFO -   No feasible solution found in this iteration
2025-02-24 15:02:43,429 - INFO -   No new constraints added, lowered tau multiplier: 1.0 -> 0.9
2025-02-24 15:02:43,429 - INFO -   No new constraints added, lowered tau multiplier: 0.9 -> 0.8
2025-02-24 15:02:43,429 - INFO -   No new constraints added, lowered tau multiplier: 0.8 -> 0.7
2025-02-24 15:02:43,429 - INFO -   No new constraints added, lowered tau multiplier: 0.7 -> 0.6
2025-02-24 15:02:43,429 - INFO -   Added 4 new constraints: [0, 14, 25, 31]
2025-02-24 15:02:43,429 - INFO - 
Iteration 2:
2025-02-24 15:02:43,429 - DEBUG - Generated Ising Hamiltonian
2025-02-24 15:02:43,430 - DEBUG - Optimizing QAOA circuit...
2025-02-24 15:02:47,530 - WARNING - Circuit optimization did not converge
2025-02-24 15:02:47,531 - WARNING - Circuit optimization did not converge
2025-02-24 15:02:47,531 - DEBUG - Sampling from optimized circuit...
2025-02-24 15:02:47,580 - DEBUG - Generated 14 unique samples from 1000 total measurements
2025-02-24 15:02:47,580 - DEBUG - 
Top 5 most frequent samples:
2025-02-24 15:02:47,581 - DEBUG -   Rank | Count |   %   
2025-02-24 15:02:47,581 - DEBUG -   -----|-------|-------
2025-02-24 15:02:47,581 - DEBUG -      1 |   362 |  36.2
2025-02-24 15:02:47,581 - DEBUG -     Sample: [0 0 0 0 0 0 0 0 1 1 1 0]
2025-02-24 15:02:47,581 - DEBUG -      2 |   222 |  22.2
2025-02-24 15:02:47,581 - DEBUG -     Sample: [0 0 0 0 0 0 0 0 1 1 1 1]
2025-02-24 15:02:47,581 - DEBUG -      3 |   112 |  11.2
2025-02-24 15:02:47,581 - DEBUG -     Sample: [0 0 0 0 0 0 0 0 1 1 0 0]
2025-02-24 15:02:47,581 - DEBUG -      4 |    91 |   9.1
2025-02-24 15:02:47,582 - DEBUG -     Sample: [0 0 0 0 0 0 0 0 0 1 1 0]
2025-02-24 15:02:47,582 - DEBUG -      5 |    80 |   8.0
2025-02-24 15:02:47,582 - DEBUG -     Sample: [0 0 0 0 0 0 0 0 1 1 0 1]
2025-02-24 15:02:47,582 - DEBUG - Generated 14 unique samples from 1000 total measurements
2025-02-24 15:02:47,582 - INFO -   No feasible solution found in this iteration
2025-02-24 15:02:47,583 - INFO -   No new constraints added, lowered tau multiplier: 1.0 -> 0.9
2025-02-24 15:02:47,583 - INFO -   No new constraints added, lowered tau multiplier: 0.9 -> 0.8
2025-02-24 15:02:47,583 - INFO -   No new constraints added, lowered tau multiplier: 0.8 -> 0.7
2025-02-24 15:02:47,583 - INFO -   No new constraints added, lowered tau multiplier: 0.7 -> 0.6
2025-02-24 15:02:47,583 - INFO -   No new constraints added, lowered tau multiplier: 0.6 -> 0.5
2025-02-24 15:02:47,583 - INFO -   No new constraints added, lowered tau multiplier: 0.5 -> 0.4
2025-02-24 15:02:47,583 - INFO -   Added 15 new constraints: [2, 8, 9, 15, 16, 19, 22, 27, 28, 29, 30, 33, 36, 37, 39]
2025-02-24 15:02:47,583 - INFO - 
Iteration 3:
2025-02-24 15:02:47,583 - DEBUG - Generated Ising Hamiltonian
2025-02-24 15:02:47,586 - DEBUG - Optimizing QAOA circuit...
2025-02-24 15:02:56,385 - WARNING - Circuit optimization did not converge
2025-02-24 15:02:56,386 - WARNING - Circuit optimization did not converge
2025-02-24 15:02:56,386 - DEBUG - Sampling from optimized circuit...
2025-02-24 15:02:56,445 - DEBUG - Generated 16 unique samples from 1000 total measurements
2025-02-24 15:02:56,445 - DEBUG - 
Top 5 most frequent samples:
2025-02-24 15:02:56,445 - DEBUG -   Rank | Count |   %   
2025-02-24 15:02:56,445 - DEBUG -   -----|-------|-------
2025-02-24 15:02:56,445 - DEBUG -      1 |   122 |  12.2
2025-02-24 15:02:56,445 - DEBUG -     Sample: [0 0 0 0 0 0 0 0 1 1 0 0]
2025-02-24 15:02:56,446 - DEBUG -      2 |    99 |   9.9
2025-02-24 15:02:56,446 - DEBUG -     Sample: [0 0 0 0 0 0 0 0 1 0 0 1]
2025-02-24 15:02:56,446 - DEBUG -      3 |    91 |   9.1
2025-02-24 15:02:56,446 - DEBUG -     Sample: [0 0 0 0 0 0 0 0 1 0 0 0]
2025-02-24 15:02:56,446 - DEBUG -      4 |    80 |   8.0
2025-02-24 15:02:56,446 - DEBUG -     Sample: [0 0 0 0 0 0 0 0 1 1 1 0]
2025-02-24 15:02:56,446 - DEBUG -      5 |    76 |   7.6
2025-02-24 15:02:56,446 - DEBUG -     Sample: [0 0 0 0 0 0 0 0 1 1 0 1]
2025-02-24 15:02:56,446 - DEBUG - Generated 16 unique samples from 1000 total measurements
2025-02-24 15:02:56,447 - INFO -   No feasible solution found in this iteration
2025-02-24 15:02:56,447 - INFO -   All constraints added, exiting
2025-02-24 15:02:56,447 - INFO -   Constraint generation found no feasible solution
2025-02-24 15:02:56,447 - INFO - 
Instance 85 results:
2025-02-24 15:02:56,447 - INFO -   Classical value: 255.0
2025-02-24 15:02:56,447 - INFO -   QAOA value: 0.0
2025-02-24 15:02:56,447 - INFO -   Constraint generation value: 0.0
2025-02-24 15:02:56,447 - INFO - 
Running instance 86/100
2025-02-24 15:02:56,448 - INFO - 
Running Classical Reference Solver (SCIP):
2025-02-24 15:02:56,449 - DEBUG - Problem dimensions: 40 constraints, 12 variables
2025-02-24 15:02:56,449 - DEBUG - Row names: ['ELEM1', 'ELEM2', 'ELEM3', 'ELEM4', 'ELEM5', 'ELEM6', 'ELEM7', 'ELEM8', 'ELEM9', 'ELEM10', 'ELEM11', 'ELEM12', 'ELEM13', 'ELEM14', 'ELEM15', 'ELEM16', 'ELEM17', 'ELEM18', 'ELEM19', 'ELEM20', 'ELEM21', 'ELEM22', 'ELEM23', 'ELEM24', 'ELEM25', 'ELEM26', 'ELEM27', 'ELEM28', 'ELEM29', 'ELEM30', 'ELEM31', 'ELEM32', 'ELEM33', 'ELEM34', 'ELEM35', 'ELEM36', 'ELEM37', 'ELEM38', 'ELEM39', 'ELEM40']
2025-02-24 15:02:56,449 - DEBUG - RHS values: {'ELEM1': 1.0, 'ELEM2': 1.0, 'ELEM3': 1.0, 'ELEM4': 1.0, 'ELEM5': 1.0, 'ELEM6': 1.0, 'ELEM7': 1.0, 'ELEM8': 1.0, 'ELEM9': 1.0, 'ELEM10': 1.0, 'ELEM11': 1.0, 'ELEM12': 1.0, 'ELEM13': 1.0, 'ELEM14': 1.0, 'ELEM15': 1.0, 'ELEM16': 1.0, 'ELEM17': 1.0, 'ELEM18': 1.0, 'ELEM19': 1.0, 'ELEM20': 1.0, 'ELEM21': 1.0, 'ELEM22': 1.0, 'ELEM23': 1.0, 'ELEM24': 1.0, 'ELEM25': 1.0, 'ELEM26': 1.0, 'ELEM27': 1.0, 'ELEM28': 1.0, 'ELEM29': 1.0, 'ELEM30': 1.0, 'ELEM31': 1.0, 'ELEM32': 1.0, 'ELEM33': 1.0, 'ELEM34': 1.0, 'ELEM35': 1.0, 'ELEM36': 1.0, 'ELEM37': 1.0, 'ELEM38': 1.0, 'ELEM39': 1.0, 'ELEM40': 1.0}
2025-02-24 15:02:56,458 - INFO -   Reference solution found:
2025-02-24 15:02:56,459 - INFO -     Solution: [0, 0, 1, 0, 1, 0, 0, 0, 1, 0, 1, 0]
2025-02-24 15:02:56,459 - INFO -     Value: 193.0
2025-02-24 15:02:56,459 - INFO - 
Running QAOA Reference Solution (with all constraints):
