
Problem information:
  Number of variables (n): 10
  Number of constraints (m): 20

Starting reference QAOA with parameters:
  sample_size (total shots): 100
Added all constraints
No feasible solution found
  QAOA solver found no feasible solution

Running Constraint Generation:

Problem information:
  Number of variables (n): 10
  Number of constraints (m): 20

Running classical reference solver:
  Reference solution found:
    Solution: [0, 0, 0, 1, 0, 0, 1, 0, 0, 0]
    Value: 50.0

Starting quantum constraint generation with parameters:
  sample_size (total shots): 100
  tau: 0.1
  max_iters: 1000

Iteration 0:
  No feasible solution found in this iteration
  Added 3 new constraints: [6, 10, 12]

Iteration 1:
Found feasible solution: [0 0 0 0 0 1 0 0 1 0] with objective value 131.0
Found feasible solution: [0 0 0 0 1 0 0 1 0 0] with objective value 67.0
  Found feasible solution:
    Solution: [0, 0, 0, 0, 1, 0, 0, 1, 0, 0]
    Value: 67.0
    Gap to reference: 34.00%
  Constraint generation solution found:
    Solution: [0, 0, 0, 0, 1, 0, 0, 1, 0, 0]
    Value: 67.0

Instance 65 results:
  Classical value: 50.0
  QAOA value: 0.0
  Constraint generation value: 67.0

Running instance 66/100

Running Classical Reference Solver (SCIP):
  Reference solution found:
    Solution: [0, 0, 0, 0, 0, 0, 1, 1, 0, 0]
    Value: 73.0

Running QAOA Reference Solution (with all constraints):
