2025-02-23 18:54:29,255 - INFO - 
Problem information:
2025-02-23 18:54:29,255 - INFO -   Number of variables (n): 10
2025-02-23 18:54:29,255 - INFO -   Number of constraints (m): 20
2025-02-23 18:54:29,256 - DEBUG -   Density of A: 50.00%
2025-02-23 18:54:29,256 - INFO - 
Starting reference QAOA with parameters:
2025-02-23 18:54:29,256 - INFO -   sample_size (total shots): 100
2025-02-23 18:54:29,256 - INFO - Added all constraints
2025-02-23 18:54:29,256 - DEBUG - Generated Ising Hamiltonian
2025-02-23 18:54:29,503 - DEBUG - Optimizing QAOA circuit...
2025-02-23 18:54:31,518 - DEBUG - Circuit optimization successful
2025-02-23 18:54:31,518 - DEBUG - Circuit optimization successful, final value: 3519.0709290709297
2025-02-23 18:54:31,518 - DEBUG - Sampling from optimized circuit...
2025-02-23 18:54:31,532 - DEBUG - Generated 90 unique samples from 100 total measurements
2025-02-23 18:54:31,533 - DEBUG - 
Top 5 most frequent samples:
2025-02-23 18:54:31,533 - DEBUG -   Rank | Count |   %   
2025-02-23 18:54:31,533 - DEBUG -   -----|-------|-------
2025-02-23 18:54:31,533 - DEBUG -      1 |     2 |   2.0
2025-02-23 18:54:31,533 - DEBUG -     Sample: [1 0 0 0 1 0 0 1 1 1]
2025-02-23 18:54:31,533 - DEBUG -      2 |     2 |   2.0
2025-02-23 18:54:31,534 - DEBUG -     Sample: [0 1 0 0 1 1 1 1 1 1]
2025-02-23 18:54:31,534 - DEBUG -      3 |     2 |   2.0
2025-02-23 18:54:31,534 - DEBUG -     Sample: [0 1 1 0 0 0 1 1 1 0]
2025-02-23 18:54:31,534 - DEBUG -      4 |     2 |   2.0
2025-02-23 18:54:31,534 - DEBUG -     Sample: [1 1 0 1 0 1 1 0 1 1]
2025-02-23 18:54:31,534 - DEBUG -      5 |     2 |   2.0
2025-02-23 18:54:31,535 - DEBUG -     Sample: [1 0 0 1 0 1 1 0 0 1]
2025-02-23 18:54:31,535 - DEBUG - Generated 90 unique samples from 100 total measurements
2025-02-23 18:54:31,538 - INFO - No feasible solution found
2025-02-23 18:54:31,538 - INFO -   QAOA solver found no feasible solution
2025-02-23 18:54:31,538 - INFO - 
Running Constraint Generation:
2025-02-23 18:54:31,540 - INFO - 
Problem information:
2025-02-23 18:54:31,540 - INFO -   Number of variables (n): 10
2025-02-23 18:54:31,540 - INFO -   Number of constraints (m): 20
2025-02-23 18:54:31,540 - DEBUG -   Density of A: 50.00%
2025-02-23 18:54:31,541 - INFO - 
Running classical reference solver:
2025-02-23 18:54:31,552 - INFO -   Reference solution found:
2025-02-23 18:54:31,552 - INFO -     Solution: [0, 0, 1, 0, 0, 1, 0, 0, 0, 0]
2025-02-23 18:54:31,553 - INFO -     Value: 87.0
2025-02-23 18:54:31,553 - INFO - 
Starting quantum constraint generation with parameters:
2025-02-23 18:54:31,553 - INFO -   sample_size (total shots): 100
2025-02-23 18:54:31,553 - INFO -   tau: 0.1
2025-02-23 18:54:31,553 - INFO -   max_iters: 1000
2025-02-23 18:54:31,554 - INFO - 
Iteration 0:
2025-02-23 18:54:31,554 - DEBUG - Generated Ising Hamiltonian
2025-02-23 18:54:31,763 - DEBUG - Optimizing QAOA circuit...
2025-02-23 18:54:32,800 - DEBUG - Circuit optimization successful
2025-02-23 18:54:32,801 - DEBUG - Circuit optimization successful, final value: -406.78521478521475
2025-02-23 18:54:32,801 - DEBUG - Sampling from optimized circuit...
2025-02-23 18:54:32,812 - DEBUG - Generated 28 unique samples from 100 total measurements
2025-02-23 18:54:32,812 - DEBUG - 
Top 5 most frequent samples:
2025-02-23 18:54:32,812 - DEBUG -   Rank | Count |   %   
2025-02-23 18:54:32,813 - DEBUG -   -----|-------|-------
2025-02-23 18:54:32,813 - DEBUG -      1 |    29 |  29.0
2025-02-23 18:54:32,813 - DEBUG -     Sample: [1 1 1 1 1 1 1 1 0 1]
2025-02-23 18:54:32,813 - DEBUG -      2 |    15 |  15.0
2025-02-23 18:54:32,814 - DEBUG -     Sample: [1 1 1 1 1 1 0 1 0 1]
2025-02-23 18:54:32,814 - DEBUG -      3 |     7 |   7.0
2025-02-23 18:54:32,814 - DEBUG -     Sample: [0 1 1 1 1 1 1 1 0 1]
2025-02-23 18:54:32,814 - DEBUG -      4 |     7 |   7.0
2025-02-23 18:54:32,814 - DEBUG -     Sample: [1 1 0 1 1 1 1 1 0 1]
2025-02-23 18:54:32,815 - DEBUG -      5 |     6 |   6.0
2025-02-23 18:54:32,815 - DEBUG -     Sample: [0 1 1 1 1 1 0 1 0 1]
2025-02-23 18:54:32,815 - DEBUG - Generated 28 unique samples from 100 total measurements
2025-02-23 18:54:32,816 - INFO -   No feasible solution found in this iteration
2025-02-23 18:54:32,816 - INFO -   Added 17 new constraints: [1, 2, 3, 4, 5, 6, 7, 8, 10, 11, 12, 13, 14, 15, 16, 17, 18]
2025-02-23 18:54:32,817 - INFO - 
Iteration 1:
2025-02-23 18:54:32,817 - DEBUG - Generated Ising Hamiltonian
2025-02-23 18:54:33,031 - DEBUG - Optimizing QAOA circuit...
2025-02-23 18:54:34,686 - DEBUG - Circuit optimization successful
2025-02-23 18:54:34,687 - DEBUG - Circuit optimization successful, final value: -807.6373626373634
2025-02-23 18:54:34,687 - DEBUG - Sampling from optimized circuit...
2025-02-23 18:54:34,702 - DEBUG - Generated 95 unique samples from 100 total measurements
2025-02-23 18:54:34,702 - DEBUG - 
Top 5 most frequent samples:
2025-02-23 18:54:34,702 - DEBUG -   Rank | Count |   %   
2025-02-23 18:54:34,702 - DEBUG -   -----|-------|-------
2025-02-23 18:54:34,703 - DEBUG -      1 |     3 |   3.0
2025-02-23 18:54:34,703 - DEBUG -     Sample: [1 0 0 0 1 0 1 0 1 1]
2025-02-23 18:54:34,703 - DEBUG -      2 |     2 |   2.0
2025-02-23 18:54:34,703 - DEBUG -     Sample: [0 0 0 0 0 1 1 0 1 0]
2025-02-23 18:54:34,704 - DEBUG -      3 |     2 |   2.0
2025-02-23 18:54:34,704 - DEBUG -     Sample: [1 0 0 1 1 0 1 0 1 0]
2025-02-23 18:54:34,704 - DEBUG -      4 |     2 |   2.0
2025-02-23 18:54:34,704 - DEBUG -     Sample: [0 0 0 0 1 1 0 0 1 1]
2025-02-23 18:54:34,704 - DEBUG -      5 |     1 |   1.0
2025-02-23 18:54:34,705 - DEBUG -     Sample: [0 1 0 1 0 0 0 1 0 1]
2025-02-23 18:54:34,705 - DEBUG - Generated 95 unique samples from 100 total measurements
2025-02-23 18:54:34,707 - INFO -   No feasible solution found in this iteration
2025-02-23 18:54:34,708 - INFO -   No new constraints added, lowered tau multiplier: 1.0 -> 0.9
2025-02-23 18:54:34,708 - INFO -   Added 1 new constraints: [9]
2025-02-23 18:54:34,708 - INFO - 
Iteration 2:
2025-02-23 18:54:34,709 - DEBUG - Generated Ising Hamiltonian
2025-02-23 18:54:34,932 - DEBUG - Optimizing QAOA circuit...
2025-02-23 18:54:36,726 - DEBUG - Circuit optimization successful
2025-02-23 18:54:36,726 - DEBUG - Circuit optimization successful, final value: 8642.675324675325
2025-02-23 18:54:36,727 - DEBUG - Sampling from optimized circuit...
2025-02-23 18:54:36,771 - DEBUG - Generated 93 unique samples from 100 total measurements
2025-02-23 18:54:36,771 - DEBUG - 
Top 5 most frequent samples:
2025-02-23 18:54:36,771 - DEBUG -   Rank | Count |   %   
2025-02-23 18:54:36,771 - DEBUG -   -----|-------|-------
2025-02-23 18:54:36,771 - DEBUG -      1 |     2 |   2.0
2025-02-23 18:54:36,772 - DEBUG -     Sample: [1 0 1 1 1 0 1 1 0 0]
2025-02-23 18:54:36,772 - DEBUG -      2 |     2 |   2.0
2025-02-23 18:54:36,772 - DEBUG -     Sample: [0 1 1 1 0 0 1 0 1 0]
2025-02-23 18:54:36,772 - DEBUG -      3 |     2 |   2.0
2025-02-23 18:54:36,772 - DEBUG -     Sample: [0 1 0 0 1 1 0 0 1 1]
2025-02-23 18:54:36,773 - DEBUG -      4 |     2 |   2.0
2025-02-23 18:54:36,773 - DEBUG -     Sample: [0 1 1 0 0 1 0 0 0 1]
2025-02-23 18:54:36,773 - DEBUG -      5 |     2 |   2.0
2025-02-23 18:54:36,773 - DEBUG -     Sample: [1 1 0 0 1 1 1 0 0 1]
2025-02-23 18:54:36,774 - DEBUG - Generated 93 unique samples from 100 total measurements
2025-02-23 18:54:36,776 - INFO -   No feasible solution found in this iteration
2025-02-23 18:54:36,776 - INFO -   Added 2 new constraints: [0, 19]
2025-02-23 18:54:36,777 - INFO - 
Iteration 3:
2025-02-23 18:54:36,777 - DEBUG - Generated Ising Hamiltonian
2025-02-23 18:54:37,046 - DEBUG - Optimizing QAOA circuit...
2025-02-23 18:54:39,073 - DEBUG - Circuit optimization successful
2025-02-23 18:54:39,073 - DEBUG - Circuit optimization successful, final value: -15662.593406593405
2025-02-23 18:54:39,074 - DEBUG - Sampling from optimized circuit...
2025-02-23 18:54:39,087 - DEBUG - Generated 85 unique samples from 100 total measurements
2025-02-23 18:54:39,087 - DEBUG - 
Top 5 most frequent samples:
2025-02-23 18:54:39,087 - DEBUG -   Rank | Count |   %   
2025-02-23 18:54:39,088 - DEBUG -   -----|-------|-------
2025-02-23 18:54:39,088 - DEBUG -      1 |     4 |   4.0
2025-02-23 18:54:39,088 - DEBUG -     Sample: [0 1 1 0 1 0 0 1 0 0]
2025-02-23 18:54:39,088 - DEBUG -      2 |     3 |   3.0
2025-02-23 18:54:39,089 - DEBUG -     Sample: [0 1 1 1 1 1 1 1 0 1]
2025-02-23 18:54:39,089 - DEBUG -      3 |     2 |   2.0
2025-02-23 18:54:39,089 - DEBUG -     Sample: [0 1 1 0 1 1 1 1 1 0]
2025-02-23 18:54:39,089 - DEBUG -      4 |     2 |   2.0
2025-02-23 18:54:39,089 - DEBUG -     Sample: [1 0 1 0 1 0 0 0 0 0]
2025-02-23 18:54:39,089 - DEBUG -      5 |     2 |   2.0
2025-02-23 18:54:39,090 - DEBUG -     Sample: [0 1 1 1 0 1 1 0 0 0]
2025-02-23 18:54:39,090 - DEBUG - Generated 85 unique samples from 100 total measurements
2025-02-23 18:54:39,092 - INFO -   No feasible solution found in this iteration
2025-02-23 18:54:39,092 - INFO -   All constraints added, exiting
2025-02-23 18:54:39,093 - INFO -   Constraint generation found no feasible solution
2025-02-23 18:54:39,093 - INFO - 
Instance 90 results:
2025-02-23 18:54:39,093 - INFO -   Classical value: 87.0
2025-02-23 18:54:39,093 - INFO -   QAOA value: 0.0
2025-02-23 18:54:39,093 - INFO -   Constraint generation value: 0.0
2025-02-23 18:54:39,094 - INFO - 
Running instance 91/100
2025-02-23 18:54:39,096 - INFO - 
Running Classical Reference Solver (SCIP):
2025-02-23 18:54:39,097 - DEBUG - Problem dimensions: 20 constraints, 10 variables
2025-02-23 18:54:39,097 - DEBUG - Row names: ['ELEM1', 'ELEM2', 'ELEM3', 'ELEM4', 'ELEM5', 'ELEM6', 'ELEM7', 'ELEM8', 'ELEM9', 'ELEM10', 'ELEM11', 'ELEM12', 'ELEM13', 'ELEM14', 'ELEM15', 'ELEM16', 'ELEM17', 'ELEM18', 'ELEM19', 'ELEM20']
2025-02-23 18:54:39,097 - DEBUG - RHS values: {'ELEM1': 1.0, 'ELEM2': 1.0, 'ELEM3': 1.0, 'ELEM4': 1.0, 'ELEM5': 1.0, 'ELEM6': 1.0, 'ELEM7': 1.0, 'ELEM8': 1.0, 'ELEM9': 1.0, 'ELEM10': 1.0, 'ELEM11': 1.0, 'ELEM12': 1.0, 'ELEM13': 1.0, 'ELEM14': 1.0, 'ELEM15': 1.0, 'ELEM16': 1.0, 'ELEM17': 1.0, 'ELEM18': 1.0, 'ELEM19': 1.0, 'ELEM20': 1.0}
2025-02-23 18:54:39,109 - INFO -   Reference solution found:
2025-02-23 18:54:39,111 - INFO -     Solution: [0, 0, 0, 1, 0, 0, 0, 0, 1, 0]
2025-02-23 18:54:39,112 - INFO -     Value: 96.0
2025-02-23 18:54:39,112 - INFO - 
Running QAOA Reference Solution (with all constraints):
