2025-02-24 15:51:59,384 - INFO - 
Problem information:
2025-02-24 15:51:59,384 - INFO -   Number of variables (n): 12
2025-02-24 15:51:59,384 - INFO -   Number of constraints (m): 40
2025-02-24 15:51:59,385 - DEBUG -   Density of A: 25.00%
2025-02-24 15:51:59,385 - INFO - 
Starting reference QAOA with parameters:
2025-02-24 15:51:59,385 - INFO -   sample_size (total shots): 1000
2025-02-24 15:51:59,385 - INFO - Added all constraints
2025-02-24 15:51:59,386 - DEBUG - Generated Ising Hamiltonian
2025-02-24 15:51:59,644 - DEBUG - Optimizing QAOA circuit...
2025-02-24 15:52:04,819 - DEBUG - Circuit optimization successful
2025-02-24 15:52:04,820 - DEBUG - Circuit optimization successful, final value: -15666.773226773239
2025-02-24 15:52:04,820 - DEBUG - Sampling from optimized circuit...
2025-02-24 15:52:04,866 - DEBUG - Generated 452 unique samples from 1000 total measurements
2025-02-24 15:52:04,866 - DEBUG - 
Top 5 most frequent samples:
2025-02-24 15:52:04,866 - DEBUG -   Rank | Count |   %   
2025-02-24 15:52:04,867 - DEBUG -   -----|-------|-------
2025-02-24 15:52:04,867 - DEBUG -      1 |    21 |   2.1
2025-02-24 15:52:04,867 - DEBUG -     Sample: [0 1 0 1 0 0 1 1 0 1 0 0]
2025-02-24 15:52:04,867 - DEBUG -      2 |    21 |   2.1
2025-02-24 15:52:04,867 - DEBUG -     Sample: [0 1 1 1 0 0 1 1 0 1 0 0]
2025-02-24 15:52:04,867 - DEBUG -      3 |    18 |   1.8
2025-02-24 15:52:04,868 - DEBUG -     Sample: [0 1 1 1 0 0 0 1 0 1 0 0]
2025-02-24 15:52:04,868 - DEBUG -      4 |    18 |   1.8
2025-02-24 15:52:04,868 - DEBUG -     Sample: [0 1 1 1 0 0 0 1 0 1 0 1]
2025-02-24 15:52:04,868 - DEBUG -      5 |    16 |   1.6
2025-02-24 15:52:04,868 - DEBUG -     Sample: [0 1 1 1 0 0 1 1 0 0 0 1]
2025-02-24 15:52:04,870 - DEBUG - Generated 452 unique samples from 1000 total measurements
2025-02-24 15:52:04,878 - INFO - No feasible solution found
2025-02-24 15:52:04,879 - INFO -   QAOA solver found no feasible solution
2025-02-24 15:52:04,879 - INFO - 
Running Constraint Generation:
2025-02-24 15:52:04,881 - INFO - 
Problem information:
2025-02-24 15:52:04,881 - INFO -   Number of variables (n): 12
2025-02-24 15:52:04,881 - INFO -   Number of constraints (m): 40
2025-02-24 15:52:04,882 - DEBUG -   Density of A: 25.00%
2025-02-24 15:52:04,882 - INFO - 
Running classical reference solver:
2025-02-24 15:52:04,895 - INFO -   Reference solution found:
2025-02-24 15:52:04,895 - INFO -     Solution: [0, 0, 1, 0, 1, 0, 0, 0, 0, 0, 0, 1]
2025-02-24 15:52:04,895 - INFO -     Value: 38.0
2025-02-24 15:52:04,896 - INFO - 
Starting quantum constraint generation with parameters:
2025-02-24 15:52:04,896 - INFO -   sample_size (total shots): 1000
2025-02-24 15:52:04,896 - INFO -   tau: 0.1
2025-02-24 15:52:04,896 - INFO -   max_iters: 1000
2025-02-24 15:52:04,897 - INFO - 
Iteration 0:
2025-02-24 15:52:04,897 - DEBUG - Generated Ising Hamiltonian
2025-02-24 15:52:05,118 - DEBUG - Optimizing QAOA circuit...
2025-02-24 15:52:07,374 - DEBUG - Circuit optimization successful
2025-02-24 15:52:07,374 - DEBUG - Circuit optimization successful, final value: -170.6993006993007
2025-02-24 15:52:07,375 - DEBUG - Sampling from optimized circuit...
2025-02-24 15:52:07,400 - DEBUG - Generated 539 unique samples from 1000 total measurements
2025-02-24 15:52:07,400 - DEBUG - 
Top 5 most frequent samples:
2025-02-24 15:52:07,400 - DEBUG -   Rank | Count |   %   
2025-02-24 15:52:07,400 - DEBUG -   -----|-------|-------
2025-02-24 15:52:07,400 - DEBUG -      1 |    15 |   1.5
2025-02-24 15:52:07,401 - DEBUG -     Sample: [1 0 0 1 1 1 1 1 0 1 1 1]
2025-02-24 15:52:07,401 - DEBUG -      2 |    13 |   1.3
2025-02-24 15:52:07,401 - DEBUG -     Sample: [1 0 0 1 1 1 1 1 1 1 1 1]
2025-02-24 15:52:07,401 - DEBUG -      3 |    11 |   1.1
2025-02-24 15:52:07,401 - DEBUG -     Sample: [1 0 0 1 1 0 1 1 0 1 1 1]
2025-02-24 15:52:07,402 - DEBUG -      4 |     9 |   0.9
2025-02-24 15:52:07,402 - DEBUG -     Sample: [1 0 0 1 1 0 1 1 1 1 1 1]
2025-02-24 15:52:07,402 - DEBUG -      5 |     9 |   0.9
2025-02-24 15:52:07,402 - DEBUG -     Sample: [1 0 0 1 0 0 1 1 1 1 1 1]
2025-02-24 15:52:07,404 - DEBUG - Generated 539 unique samples from 1000 total measurements
2025-02-24 15:52:07,415 - INFO -   No feasible solution found in this iteration
2025-02-24 15:52:07,416 - INFO -   Added 1 new constraints: [23]
2025-02-24 15:52:07,416 - INFO - 
Iteration 1:
2025-02-24 15:52:07,416 - DEBUG - Generated Ising Hamiltonian
2025-02-24 15:52:07,627 - DEBUG - Optimizing QAOA circuit...
2025-02-24 15:52:09,797 - DEBUG - Circuit optimization successful
2025-02-24 15:52:09,797 - DEBUG - Circuit optimization successful, final value: -7268.620879120879
2025-02-24 15:52:09,797 - DEBUG - Sampling from optimized circuit...
2025-02-24 15:52:09,821 - DEBUG - Generated 238 unique samples from 1000 total measurements
2025-02-24 15:52:09,821 - DEBUG - 
Top 5 most frequent samples:
2025-02-24 15:52:09,821 - DEBUG -   Rank | Count |   %   
2025-02-24 15:52:09,821 - DEBUG -   -----|-------|-------
2025-02-24 15:52:09,822 - DEBUG -      1 |    89 |   8.9
2025-02-24 15:52:09,822 - DEBUG -     Sample: [0 1 1 0 0 1 0 0 1 0 1 1]
2025-02-24 15:52:09,822 - DEBUG -      2 |    84 |   8.4
2025-02-24 15:52:09,822 - DEBUG -     Sample: [0 1 0 0 0 1 0 0 1 0 1 1]
2025-02-24 15:52:09,822 - DEBUG -      3 |    46 |   4.6
2025-02-24 15:52:09,822 - DEBUG -     Sample: [0 1 1 0 0 1 0 1 1 0 1 1]
2025-02-24 15:52:09,823 - DEBUG -      4 |    34 |   3.4
2025-02-24 15:52:09,823 - DEBUG -     Sample: [0 1 0 0 0 1 0 1 1 0 1 1]
2025-02-24 15:52:09,823 - DEBUG -      5 |    29 |   2.9
2025-02-24 15:52:09,823 - DEBUG -     Sample: [1 1 1 0 0 1 0 0 1 0 1 1]
2025-02-24 15:52:09,824 - DEBUG - Generated 238 unique samples from 1000 total measurements
2025-02-24 15:52:09,830 - INFO -   No feasible solution found in this iteration
2025-02-24 15:52:09,831 - INFO -   Added 1 new constraints: [33]
2025-02-24 15:52:09,831 - INFO - 
Iteration 2:
2025-02-24 15:52:09,832 - DEBUG - Generated Ising Hamiltonian
2025-02-24 15:52:10,077 - DEBUG - Optimizing QAOA circuit...
2025-02-24 15:52:12,130 - DEBUG - Circuit optimization successful
2025-02-24 15:52:12,131 - DEBUG - Circuit optimization successful, final value: -7092.897102897103
2025-02-24 15:52:12,131 - DEBUG - Sampling from optimized circuit...
2025-02-24 15:52:12,158 - DEBUG - Generated 388 unique samples from 1000 total measurements
2025-02-24 15:52:12,158 - DEBUG - 
Top 5 most frequent samples:
2025-02-24 15:52:12,158 - DEBUG -   Rank | Count |   %   
2025-02-24 15:52:12,158 - DEBUG -   -----|-------|-------
2025-02-24 15:52:12,159 - DEBUG -      1 |    54 |   5.4
2025-02-24 15:52:12,159 - DEBUG -     Sample: [1 1 0 0 0 0 0 0 0 0 1 1]
2025-02-24 15:52:12,159 - DEBUG -      2 |    29 |   2.9
2025-02-24 15:52:12,159 - DEBUG -     Sample: [1 1 0 0 0 0 0 0 1 0 1 1]
2025-02-24 15:52:12,159 - DEBUG -      3 |    24 |   2.4
2025-02-24 15:52:12,160 - DEBUG -     Sample: [1 1 0 0 0 0 0 0 0 0 1 0]
2025-02-24 15:52:12,160 - DEBUG -      4 |    24 |   2.4
2025-02-24 15:52:12,160 - DEBUG -     Sample: [0 1 0 0 0 0 0 0 0 0 1 1]
2025-02-24 15:52:12,160 - DEBUG -      5 |    20 |   2.0
2025-02-24 15:52:12,161 - DEBUG -     Sample: [1 1 0 0 0 0 0 1 1 0 1 1]
2025-02-24 15:52:12,163 - DEBUG - Generated 388 unique samples from 1000 total measurements
2025-02-24 15:52:12,170 - INFO -   No feasible solution found in this iteration
2025-02-24 15:52:12,171 - INFO -   Added 1 new constraints: [6]
2025-02-24 15:52:12,171 - INFO - 
Iteration 3:
2025-02-24 15:52:12,171 - DEBUG - Generated Ising Hamiltonian
2025-02-24 15:52:12,435 - DEBUG - Optimizing QAOA circuit...
2025-02-24 15:52:14,982 - DEBUG - Circuit optimization successful
2025-02-24 15:52:14,983 - DEBUG - Circuit optimization successful, final value: -13032.26123876124
2025-02-24 15:52:14,983 - DEBUG - Sampling from optimized circuit...
2025-02-24 15:52:15,017 - DEBUG - Generated 279 unique samples from 1000 total measurements
2025-02-24 15:52:15,017 - DEBUG - 
Top 5 most frequent samples:
2025-02-24 15:52:15,017 - DEBUG -   Rank | Count |   %   
2025-02-24 15:52:15,018 - DEBUG -   -----|-------|-------
2025-02-24 15:52:15,018 - DEBUG -      1 |    67 |   6.7
2025-02-24 15:52:15,018 - DEBUG -     Sample: [0 0 0 1 0 1 0 1 0 0 1 0]
2025-02-24 15:52:15,018 - DEBUG -      2 |    67 |   6.7
2025-02-24 15:52:15,019 - DEBUG -     Sample: [0 1 0 1 0 1 0 1 0 0 1 0]
2025-02-24 15:52:15,019 - DEBUG -      3 |    36 |   3.6
2025-02-24 15:52:15,020 - DEBUG -     Sample: [0 1 0 1 0 1 0 1 1 0 1 0]
2025-02-24 15:52:15,021 - DEBUG -      4 |    29 |   2.9
2025-02-24 15:52:15,021 - DEBUG -     Sample: [0 0 0 1 0 1 0 1 1 0 1 0]
2025-02-24 15:52:15,021 - DEBUG -      5 |    25 |   2.5
2025-02-24 15:52:15,021 - DEBUG -     Sample: [0 1 0 0 0 1 0 1 0 0 1 0]
2025-02-24 15:52:15,022 - DEBUG - Generated 279 unique samples from 1000 total measurements
2025-02-24 15:52:15,030 - INFO -   No feasible solution found in this iteration
2025-02-24 15:52:15,031 - INFO -   No new constraints added, lowered tau multiplier: 1.0 -> 0.9
2025-02-24 15:52:15,032 - INFO -   Added 5 new constraints: [14, 20, 21, 24, 27]
2025-02-24 15:52:15,032 - INFO - 
Iteration 4:
2025-02-24 15:52:15,032 - DEBUG - Generated Ising Hamiltonian
2025-02-24 15:52:15,375 - DEBUG - Optimizing QAOA circuit...
2025-02-24 15:52:18,361 - DEBUG - Circuit optimization successful
2025-02-24 15:52:18,361 - DEBUG - Circuit optimization successful, final value: -11260.46153846154
2025-02-24 15:52:18,362 - DEBUG - Sampling from optimized circuit...
2025-02-24 15:52:18,397 - DEBUG - Generated 535 unique samples from 1000 total measurements
2025-02-24 15:52:18,398 - DEBUG - 
Top 5 most frequent samples:
2025-02-24 15:52:18,398 - DEBUG -   Rank | Count |   %   
2025-02-24 15:52:18,398 - DEBUG -   -----|-------|-------
2025-02-24 15:52:18,398 - DEBUG -      1 |    32 |   3.2
2025-02-24 15:52:18,398 - DEBUG -     Sample: [0 1 0 0 0 1 0 1 0 0 1 0]
2025-02-24 15:52:18,399 - DEBUG -      2 |    19 |   1.9
2025-02-24 15:52:18,399 - DEBUG -     Sample: [0 1 0 0 0 1 0 1 0 0 1 1]
2025-02-24 15:52:18,399 - DEBUG -      3 |    17 |   1.7
2025-02-24 15:52:18,399 - DEBUG -     Sample: [0 1 0 0 0 1 0 1 1 0 1 0]
2025-02-24 15:52:18,399 - DEBUG -      4 |    15 |   1.5
2025-02-24 15:52:18,399 - DEBUG -     Sample: [0 1 0 0 0 1 0 1 0 1 1 1]
2025-02-24 15:52:18,399 - DEBUG -      5 |    12 |   1.2
2025-02-24 15:52:18,400 - DEBUG -     Sample: [0 1 0 0 0 1 0 1 0 0 0 1]
2025-02-24 15:52:18,401 - DEBUG - Generated 535 unique samples from 1000 total measurements
2025-02-24 15:52:18,410 - INFO -   No feasible solution found in this iteration
2025-02-24 15:52:18,411 - INFO -   Added 4 new constraints: [5, 16, 22, 29]
2025-02-24 15:52:18,412 - INFO - 
Iteration 5:
2025-02-24 15:52:18,412 - DEBUG - Generated Ising Hamiltonian
2025-02-24 15:52:18,655 - DEBUG - Optimizing QAOA circuit...
2025-02-24 15:52:21,901 - DEBUG - Circuit optimization successful
2025-02-24 15:52:21,902 - DEBUG - Circuit optimization successful, final value: 2724.04695304695
2025-02-24 15:52:21,902 - DEBUG - Sampling from optimized circuit...
2025-02-24 15:52:21,940 - DEBUG - Generated 530 unique samples from 1000 total measurements
2025-02-24 15:52:21,941 - DEBUG - 
Top 5 most frequent samples:
2025-02-24 15:52:21,941 - DEBUG -   Rank | Count |   %   
2025-02-24 15:52:21,941 - DEBUG -   -----|-------|-------
2025-02-24 15:52:21,941 - DEBUG -      1 |    10 |   1.0
2025-02-24 15:52:21,941 - DEBUG -     Sample: [1 0 0 0 0 1 0 1 1 0 1 0]
2025-02-24 15:52:21,941 - DEBUG -      2 |    10 |   1.0
2025-02-24 15:52:21,942 - DEBUG -     Sample: [1 0 0 0 0 1 0 1 0 0 1 0]
2025-02-24 15:52:21,942 - DEBUG -      3 |    10 |   1.0
2025-02-24 15:52:21,942 - DEBUG -     Sample: [1 0 0 0 0 1 0 0 1 0 1 0]
2025-02-24 15:52:21,942 - DEBUG -      4 |     9 |   0.9
2025-02-24 15:52:21,943 - DEBUG -     Sample: [1 1 0 0 0 1 1 1 0 0 1 0]
2025-02-24 15:52:21,943 - DEBUG -      5 |     9 |   0.9
2025-02-24 15:52:21,943 - DEBUG -     Sample: [1 0 0 0 1 1 0 0 1 0 1 0]
2025-02-24 15:52:21,945 - DEBUG - Generated 530 unique samples from 1000 total measurements
2025-02-24 15:52:21,947 - INFO - Found feasible solution: [1 0 0 1 0 1 0 1 0 1 0 0] with objective value 240.0
2025-02-24 15:52:21,956 - INFO -   Found feasible solution:
2025-02-24 15:52:21,956 - INFO -     Solution: [1, 0, 0, 1, 0, 1, 0, 1, 0, 1, 0, 0]
2025-02-24 15:52:21,956 - INFO -     Value: 240.0
2025-02-24 15:52:21,956 - INFO -     Gap to reference: 531.58%
2025-02-24 15:52:21,957 - INFO -   Constraint generation solution found:
2025-02-24 15:52:21,957 - INFO -     Solution: [1, 0, 0, 1, 0, 1, 0, 1, 0, 1, 0, 0]
2025-02-24 15:52:21,957 - INFO -     Value: 240.0
2025-02-24 15:52:21,957 - INFO - 
Instance 99 results:
2025-02-24 15:52:21,957 - INFO -   Classical value: 38.0
2025-02-24 15:52:21,957 - INFO -   QAOA value: 0.0
2025-02-24 15:52:21,957 - INFO -   Constraint generation value: 240.0
2025-02-24 15:52:21,958 - INFO - 
Running instance 100/100
2025-02-24 15:52:21,960 - INFO - 
Running Classical Reference Solver (SCIP):
2025-02-24 15:52:21,961 - DEBUG - Problem dimensions: 40 constraints, 12 variables
2025-02-24 15:52:21,961 - DEBUG - Row names: ['ELEM1', 'ELEM2', 'ELEM3', 'ELEM4', 'ELEM5', 'ELEM6', 'ELEM7', 'ELEM8', 'ELEM9', 'ELEM10', 'ELEM11', 'ELEM12', 'ELEM13', 'ELEM14', 'ELEM15', 'ELEM16', 'ELEM17', 'ELEM18', 'ELEM19', 'ELEM20', 'ELEM21', 'ELEM22', 'ELEM23', 'ELEM24', 'ELEM25', 'ELEM26', 'ELEM27', 'ELEM28', 'ELEM29', 'ELEM30', 'ELEM31', 'ELEM32', 'ELEM33', 'ELEM34', 'ELEM35', 'ELEM36', 'ELEM37', 'ELEM38', 'ELEM39', 'ELEM40']
2025-02-24 15:52:21,961 - DEBUG - RHS values: {'ELEM1': 1.0, 'ELEM2': 1.0, 'ELEM3': 1.0, 'ELEM4': 1.0, 'ELEM5': 1.0, 'ELEM6': 1.0, 'ELEM7': 1.0, 'ELEM8': 1.0, 'ELEM9': 1.0, 'ELEM10': 1.0, 'ELEM11': 1.0, 'ELEM12': 1.0, 'ELEM13': 1.0, 'ELEM14': 1.0, 'ELEM15': 1.0, 'ELEM16': 1.0, 'ELEM17': 1.0, 'ELEM18': 1.0, 'ELEM19': 1.0, 'ELEM20': 1.0, 'ELEM21': 1.0, 'ELEM22': 1.0, 'ELEM23': 1.0, 'ELEM24': 1.0, 'ELEM25': 1.0, 'ELEM26': 1.0, 'ELEM27': 1.0, 'ELEM28': 1.0, 'ELEM29': 1.0, 'ELEM30': 1.0, 'ELEM31': 1.0, 'ELEM32': 1.0, 'ELEM33': 1.0, 'ELEM34': 1.0, 'ELEM35': 1.0, 'ELEM36': 1.0, 'ELEM37': 1.0, 'ELEM38': 1.0, 'ELEM39': 1.0, 'ELEM40': 1.0}
2025-02-24 15:52:21,972 - INFO -   Reference solution found:
2025-02-24 15:52:21,972 - INFO -     Solution: [0, 0, 0, 0, 1, 0, 0, 0, 0, 0, 1, 1]
2025-02-24 15:52:21,973 - INFO -     Value: 162.00000000000003
2025-02-24 15:52:21,973 - INFO - 
Running QAOA Reference Solution (with all constraints):
