
Problem information:
  Number of variables (n): 10
  Number of constraints (m): 30

Starting reference QAOA with parameters:
  sample_size (total shots): 200
Added all constraints
No feasible solution found

=====
Running Classical Reference Solver (SCIP):
  Reference solution found:
    Solution: [0, 1, 0, 0, 0, 1, 0, 0, 1, 1]
    Value: 119.0

=====
Running Constraint Generation:

Problem information:
  Number of variables (n): 10
  Number of constraints (m): 30

Running classical reference solver:
  Reference solution found:
    Solution: [0, 1, 0, 0, 0, 1, 0, 0, 1, 1]
    Value: 119.0

Starting quantum constraint generation with parameters:
  sample_size (total shots): 200
  tau: 0.1
  max_iters: 1000

Iteration 0:
  No feasible solution found in this iteration
  Added 5 new constraints: [5, 22, 24, 26, 27]

Iteration 1:
Found feasible solution: [0 0 1 0 1 0 1 1 0 0] with objective value 310.0
  Found feasible solution:
    Solution: [0, 0, 1, 0, 1, 0, 1, 1, 0, 0]
    Value: 310.0
    Gap to reference: 160.50%

---
Solution Comparison:
Gap to classical reference: 160.50%

Problem information:
  Number of variables (n): 10
  Number of constraints (m): 30

=====
Running Classical Reference Solver (SCIP):
  Reference solution found:
    Solution: [0, 0, 0, 1, 0, 1, 0, 0, 1, 0]
    Value: 214.0

=====
Running Constraint Generation:

Problem information:
  Number of variables (n): 10
  Number of constraints (m): 30

Running classical reference solver:
  Reference solution found:
    Solution: [0, 0, 0, 1, 0, 1, 0, 0, 1, 0]
    Value: 214.0

Starting quantum constraint generation with parameters:
  sample_size (total shots): 200
  tau: 0.1
  max_iters: 1000

Iteration 0:
  No feasible solution found in this iteration
  Added 4 new constraints: [2, 5, 7, 13]

Iteration 1:
  No feasible solution found in this iteration
  Added 2 new constraints: [8, 18]

Iteration 2:
Found feasible solution: [0 0 0 1 0 1 0 0 1 0] with objective value 214.0
Found feasible solution: [1 0 0 0 1 0 0 1 0 1] with objective value 230.0
  Found feasible solution:
    Solution: [0, 0, 0, 1, 0, 1, 0, 0, 1, 0]
    Value: 214.0
    Gap to reference: 0.00%

---
Solution Comparison:
Gap to classical reference: 0.00%

Instance 1 results:
  Classical value: 294.0
  QAOA value: 310.0
  Constraint generation value: 214.0

Running instance 2/100

Problem information:
  Number of variables (n): 10
  Number of constraints (m): 30

Running Classical Reference Solver (SCIP):

Problem information:
  Number of variables (n): 10
  Number of constraints (m): 30

=====
Running QAOA Reference Solution (with all constraints):
