2025-02-24 15:09:00,646 - INFO - 
Problem information:
2025-02-24 15:09:00,646 - INFO -   Number of variables (n): 12
2025-02-24 15:09:00,647 - INFO -   Number of constraints (m): 40
2025-02-24 15:09:00,647 - DEBUG -   Density of A: 25.00%
2025-02-24 15:09:00,647 - INFO - 
Starting reference QAOA with parameters:
2025-02-24 15:09:00,647 - INFO -   sample_size (total shots): 1000
2025-02-24 15:09:00,647 - INFO - Added all constraints
2025-02-24 15:09:00,647 - DEBUG - Generated Ising Hamiltonian
2025-02-24 15:09:00,805 - DEBUG - Optimizing QAOA circuit...
2025-02-24 15:09:04,639 - DEBUG - Circuit optimization successful
2025-02-24 15:09:04,639 - DEBUG - Circuit optimization successful, final value: 7488.495504495503
2025-02-24 15:09:04,639 - DEBUG - Sampling from optimized circuit...
2025-02-24 15:09:04,682 - DEBUG - Generated 788 unique samples from 1000 total measurements
2025-02-24 15:09:04,683 - DEBUG - 
Top 5 most frequent samples:
2025-02-24 15:09:04,683 - DEBUG -   Rank | Count |   %   
2025-02-24 15:09:04,683 - DEBUG -   -----|-------|-------
2025-02-24 15:09:04,683 - DEBUG -      1 |     7 |   0.7
2025-02-24 15:09:04,683 - DEBUG -     Sample: [1 0 1 1 1 0 0 1 1 1 1 1]
2025-02-24 15:09:04,683 - DEBUG -      2 |     5 |   0.5
2025-02-24 15:09:04,684 - DEBUG -     Sample: [1 0 1 1 1 0 1 1 1 0 1 1]
2025-02-24 15:09:04,684 - DEBUG -      3 |     4 |   0.4
2025-02-24 15:09:04,684 - DEBUG -     Sample: [0 0 1 1 0 0 0 0 0 0 1 0]
2025-02-24 15:09:04,684 - DEBUG -      4 |     4 |   0.4
2025-02-24 15:09:04,684 - DEBUG -     Sample: [1 1 1 0 1 1 0 0 0 1 1 1]
2025-02-24 15:09:04,684 - DEBUG -      5 |     4 |   0.4
2025-02-24 15:09:04,685 - DEBUG -     Sample: [0 0 0 1 0 1 1 1 1 1 1 1]
2025-02-24 15:09:04,686 - DEBUG - Generated 788 unique samples from 1000 total measurements
2025-02-24 15:09:04,693 - INFO - Found feasible solution: [1 0 0 0 0 0 0 1 0 0 1 0] with objective value 104.0
2025-02-24 15:09:04,698 - INFO - Found feasible solution: [0 0 1 1 1 0 0 0 1 0 0 1] with objective value 170.0
2025-02-24 15:09:04,698 - INFO - Found feasible solution:
2025-02-24 15:09:04,699 - INFO -   Solution: [1, 0, 0, 0, 0, 0, 0, 1, 0, 0, 1, 0]
2025-02-24 15:09:04,699 - INFO -   Value: 104.0
2025-02-24 15:09:04,699 - INFO -   QAOA solution found:
2025-02-24 15:09:04,699 - INFO -     Solution: [1, 0, 0, 0, 0, 0, 0, 1, 0, 0, 1, 0]
2025-02-24 15:09:04,700 - INFO -     Value: 104.0
2025-02-24 15:09:04,700 - INFO - 
Running Constraint Generation:
2025-02-24 15:09:04,701 - INFO - 
Problem information:
2025-02-24 15:09:04,701 - INFO -   Number of variables (n): 12
2025-02-24 15:09:04,701 - INFO -   Number of constraints (m): 40
2025-02-24 15:09:04,701 - DEBUG -   Density of A: 25.00%
2025-02-24 15:09:04,701 - INFO - 
Running classical reference solver:
2025-02-24 15:09:04,712 - INFO -   Reference solution found:
2025-02-24 15:09:04,713 - INFO -     Solution: [1, 0, 0, 0, 0, 0, 0, 1, 0, 0, 1, 0]
2025-02-24 15:09:04,713 - INFO -     Value: 104.0
2025-02-24 15:09:04,713 - INFO - 
Starting quantum constraint generation with parameters:
2025-02-24 15:09:04,713 - INFO -   sample_size (total shots): 1000
2025-02-24 15:09:04,713 - INFO -   tau: 0.1
2025-02-24 15:09:04,713 - INFO -   max_iters: 1000
2025-02-24 15:09:04,713 - INFO - 
Iteration 0:
2025-02-24 15:09:04,714 - DEBUG - Generated Ising Hamiltonian
2025-02-24 15:09:04,715 - DEBUG - Optimizing QAOA circuit...
2025-02-24 15:09:10,948 - WARNING - Circuit optimization did not converge
2025-02-24 15:09:10,948 - WARNING - Circuit optimization did not converge
2025-02-24 15:09:10,949 - DEBUG - Sampling from optimized circuit...
2025-02-24 15:09:11,020 - DEBUG - Generated 9 unique samples from 1000 total measurements
2025-02-24 15:09:11,020 - DEBUG - 
Top 5 most frequent samples:
2025-02-24 15:09:11,020 - DEBUG -   Rank | Count |   %   
2025-02-24 15:09:11,020 - DEBUG -   -----|-------|-------
2025-02-24 15:09:11,020 - DEBUG -      1 |   736 |  73.6
2025-02-24 15:09:11,021 - DEBUG -     Sample: [0 0 0 0 0 0 0 0 1 1 1 1]
2025-02-24 15:09:11,021 - DEBUG -      2 |   181 |  18.1
2025-02-24 15:09:11,021 - DEBUG -     Sample: [0 0 0 0 0 0 0 0 1 1 1 0]
2025-02-24 15:09:11,021 - DEBUG -      3 |    35 |   3.5
2025-02-24 15:09:11,021 - DEBUG -     Sample: [0 0 0 0 0 0 0 0 1 0 1 1]
2025-02-24 15:09:11,021 - DEBUG -      4 |    24 |   2.4
2025-02-24 15:09:11,022 - DEBUG -     Sample: [0 0 0 0 0 0 0 0 0 1 1 1]
2025-02-24 15:09:11,022 - DEBUG -      5 |    12 |   1.2
2025-02-24 15:09:11,022 - DEBUG -     Sample: [0 0 0 0 0 0 0 0 1 0 1 0]
2025-02-24 15:09:11,022 - DEBUG - Generated 9 unique samples from 1000 total measurements
2025-02-24 15:09:11,023 - INFO -   No feasible solution found in this iteration
2025-02-24 15:09:11,023 - INFO -   Added 11 new constraints: [0, 2, 5, 7, 12, 18, 24, 25, 30, 34, 38]
2025-02-24 15:09:11,023 - INFO - 
Iteration 1:
2025-02-24 15:09:11,024 - DEBUG - Generated Ising Hamiltonian
2025-02-24 15:09:11,026 - DEBUG - Optimizing QAOA circuit...
2025-02-24 15:09:19,035 - WARNING - Circuit optimization did not converge
2025-02-24 15:09:19,036 - WARNING - Circuit optimization did not converge
2025-02-24 15:09:19,036 - DEBUG - Sampling from optimized circuit...
2025-02-24 15:09:19,111 - DEBUG - Generated 15 unique samples from 1000 total measurements
2025-02-24 15:09:19,112 - DEBUG - 
Top 5 most frequent samples:
2025-02-24 15:09:19,112 - DEBUG -   Rank | Count |   %   
2025-02-24 15:09:19,112 - DEBUG -   -----|-------|-------
2025-02-24 15:09:19,112 - DEBUG -      1 |   519 |  51.9
2025-02-24 15:09:19,112 - DEBUG -     Sample: [0 0 0 0 0 0 0 0 1 1 1 0]
2025-02-24 15:09:19,112 - DEBUG -      2 |   162 |  16.2
2025-02-24 15:09:19,112 - DEBUG -     Sample: [0 0 0 0 0 0 0 0 0 1 1 0]
2025-02-24 15:09:19,112 - DEBUG -      3 |   101 |  10.1
2025-02-24 15:09:19,113 - DEBUG -     Sample: [0 0 0 0 0 0 0 0 1 1 0 0]
2025-02-24 15:09:19,113 - DEBUG -      4 |    70 |   7.0
2025-02-24 15:09:19,113 - DEBUG -     Sample: [0 0 0 0 0 0 0 0 1 1 1 1]
2025-02-24 15:09:19,113 - DEBUG -      5 |    35 |   3.5
2025-02-24 15:09:19,113 - DEBUG -     Sample: [0 0 0 0 0 0 0 0 1 0 1 0]
2025-02-24 15:09:19,113 - DEBUG - Generated 15 unique samples from 1000 total measurements
2025-02-24 15:09:19,113 - INFO -   No feasible solution found in this iteration
2025-02-24 15:09:19,114 - INFO -   No new constraints added, lowered tau multiplier: 1.0 -> 0.9
2025-02-24 15:09:19,114 - INFO -   No new constraints added, lowered tau multiplier: 0.9 -> 0.8
2025-02-24 15:09:19,114 - INFO -   No new constraints added, lowered tau multiplier: 0.8 -> 0.7
2025-02-24 15:09:19,114 - INFO -   No new constraints added, lowered tau multiplier: 0.7 -> 0.6
2025-02-24 15:09:19,114 - INFO -   Added 1 new constraints: [20]
2025-02-24 15:09:19,114 - INFO - 
Iteration 2:
2025-02-24 15:09:19,115 - DEBUG - Generated Ising Hamiltonian
2025-02-24 15:09:19,117 - DEBUG - Optimizing QAOA circuit...
2025-02-24 15:09:27,851 - WARNING - Circuit optimization did not converge
2025-02-24 15:09:27,851 - WARNING - Circuit optimization did not converge
2025-02-24 15:09:27,851 - DEBUG - Sampling from optimized circuit...
2025-02-24 15:09:27,905 - DEBUG - Generated 15 unique samples from 1000 total measurements
2025-02-24 15:09:27,906 - DEBUG - 
Top 5 most frequent samples:
2025-02-24 15:09:27,906 - DEBUG -   Rank | Count |   %   
2025-02-24 15:09:27,906 - DEBUG -   -----|-------|-------
2025-02-24 15:09:27,906 - DEBUG -      1 |   198 |  19.8
2025-02-24 15:09:27,906 - DEBUG -     Sample: [0 0 0 0 0 0 0 0 0 0 1 0]
2025-02-24 15:09:27,906 - DEBUG -      2 |   181 |  18.1
2025-02-24 15:09:27,906 - DEBUG -     Sample: [0 0 0 0 0 0 0 0 1 1 0 0]
2025-02-24 15:09:27,906 - DEBUG -      3 |   129 |  12.9
2025-02-24 15:09:27,906 - DEBUG -     Sample: [0 0 0 0 0 0 0 0 0 1 1 0]
2025-02-24 15:09:27,906 - DEBUG -      4 |    90 |   9.0
2025-02-24 15:09:27,906 - DEBUG -     Sample: [0 0 0 0 0 0 0 0 0 0 0 0]
2025-02-24 15:09:27,907 - DEBUG -      5 |    81 |   8.1
2025-02-24 15:09:27,907 - DEBUG -     Sample: [0 0 0 0 0 0 0 0 1 1 1 0]
2025-02-24 15:09:27,907 - DEBUG - Generated 15 unique samples from 1000 total measurements
2025-02-24 15:09:27,907 - INFO -   No feasible solution found in this iteration
2025-02-24 15:09:27,907 - INFO -   No new constraints added, lowered tau multiplier: 1.0 -> 0.9
2025-02-24 15:09:27,907 - INFO -   No new constraints added, lowered tau multiplier: 0.9 -> 0.8
2025-02-24 15:09:27,907 - INFO -   No new constraints added, lowered tau multiplier: 0.8 -> 0.7
2025-02-24 15:09:27,908 - INFO -   No new constraints added, lowered tau multiplier: 0.7 -> 0.6
2025-02-24 15:09:27,908 - INFO -   No new constraints added, lowered tau multiplier: 0.6 -> 0.5
2025-02-24 15:09:27,908 - INFO -   Added 16 new constraints: [4, 9, 10, 13, 14, 16, 17, 19, 26, 27, 28, 32, 33, 36, 37, 39]
2025-02-24 15:09:27,908 - INFO - 
Iteration 3:
2025-02-24 15:09:27,908 - DEBUG - Generated Ising Hamiltonian
2025-02-24 15:09:27,910 - DEBUG - Optimizing QAOA circuit...
2025-02-24 15:09:39,998 - WARNING - Circuit optimization did not converge
2025-02-24 15:09:39,998 - WARNING - Circuit optimization did not converge
2025-02-24 15:09:39,998 - DEBUG - Sampling from optimized circuit...
2025-02-24 15:09:40,063 - DEBUG - Generated 16 unique samples from 1000 total measurements
2025-02-24 15:09:40,063 - DEBUG - 
Top 5 most frequent samples:
2025-02-24 15:09:40,063 - DEBUG -   Rank | Count |   %   
2025-02-24 15:09:40,063 - DEBUG -   -----|-------|-------
2025-02-24 15:09:40,063 - DEBUG -      1 |    77 |   7.7
2025-02-24 15:09:40,064 - DEBUG -     Sample: [0 0 0 0 0 0 0 0 1 0 1 1]
2025-02-24 15:09:40,064 - DEBUG -      2 |    76 |   7.6
2025-02-24 15:09:40,064 - DEBUG -     Sample: [0 0 0 0 0 0 0 0 1 0 1 0]
2025-02-24 15:09:40,064 - DEBUG -      3 |    73 |   7.3
2025-02-24 15:09:40,064 - DEBUG -     Sample: [0 0 0 0 0 0 0 0 0 1 0 0]
2025-02-24 15:09:40,064 - DEBUG -      4 |    72 |   7.2
2025-02-24 15:09:40,064 - DEBUG -     Sample: [0 0 0 0 0 0 0 0 0 0 0 1]
2025-02-24 15:09:40,064 - DEBUG -      5 |    70 |   7.0
2025-02-24 15:09:40,064 - DEBUG -     Sample: [0 0 0 0 0 0 0 0 0 1 0 1]
2025-02-24 15:09:40,064 - DEBUG - Generated 16 unique samples from 1000 total measurements
2025-02-24 15:09:40,065 - INFO -   No feasible solution found in this iteration
2025-02-24 15:09:40,065 - INFO -   No new constraints added, lowered tau multiplier: 1.0 -> 0.9
2025-02-24 15:09:40,065 - INFO -   No new constraints added, lowered tau multiplier: 0.9 -> 0.8
2025-02-24 15:09:40,065 - INFO -   No new constraints added, lowered tau multiplier: 0.8 -> 0.7
2025-02-24 15:09:40,065 - INFO -   No new constraints added, lowered tau multiplier: 0.7 -> 0.6
2025-02-24 15:09:40,065 - INFO -   No new constraints added, lowered tau multiplier: 0.6 -> 0.5
2025-02-24 15:09:40,065 - INFO -   No new constraints added, lowered tau multiplier: 0.5 -> 0.4
2025-02-24 15:09:40,065 - INFO -   Added 12 new constraints: [1, 3, 6, 8, 11, 15, 21, 22, 23, 29, 31, 35]
2025-02-24 15:09:40,066 - INFO - 
Iteration 4:
2025-02-24 15:09:40,066 - DEBUG - Generated Ising Hamiltonian
2025-02-24 15:09:40,068 - DEBUG - Optimizing QAOA circuit...
2025-02-24 15:09:52,844 - WARNING - Circuit optimization did not converge
2025-02-24 15:09:52,844 - WARNING - Circuit optimization did not converge
2025-02-24 15:09:52,844 - DEBUG - Sampling from optimized circuit...
2025-02-24 15:09:52,905 - DEBUG - Generated 16 unique samples from 1000 total measurements
2025-02-24 15:09:52,905 - DEBUG - 
Top 5 most frequent samples:
2025-02-24 15:09:52,905 - DEBUG -   Rank | Count |   %   
2025-02-24 15:09:52,905 - DEBUG -   -----|-------|-------
2025-02-24 15:09:52,906 - DEBUG -      1 |    89 |   8.9
2025-02-24 15:09:52,906 - DEBUG -     Sample: [0 0 0 0 0 0 0 0 0 0 0 0]
2025-02-24 15:09:52,906 - DEBUG -      2 |    80 |   8.0
2025-02-24 15:09:52,906 - DEBUG -     Sample: [0 0 0 0 0 0 0 0 0 0 1 0]
2025-02-24 15:09:52,906 - DEBUG -      3 |    80 |   8.0
2025-02-24 15:09:52,906 - DEBUG -     Sample: [0 0 0 0 0 0 0 0 0 0 0 1]
2025-02-24 15:09:52,906 - DEBUG -      4 |    74 |   7.4
2025-02-24 15:09:52,907 - DEBUG -     Sample: [0 0 0 0 0 0 0 0 0 1 0 1]
2025-02-24 15:09:52,907 - DEBUG -      5 |    72 |   7.2
2025-02-24 15:09:52,907 - DEBUG -     Sample: [0 0 0 0 0 0 0 0 0 1 0 0]
2025-02-24 15:09:52,907 - DEBUG - Generated 16 unique samples from 1000 total measurements
2025-02-24 15:09:52,907 - INFO -   No feasible solution found in this iteration
2025-02-24 15:09:52,907 - INFO -   All constraints added, exiting
2025-02-24 15:09:52,908 - INFO -   Constraint generation found no feasible solution
2025-02-24 15:09:52,908 - INFO - 
Instance 95 results:
2025-02-24 15:09:52,908 - INFO -   Classical value: 104.0
2025-02-24 15:09:52,908 - INFO -   QAOA value: 104.0
2025-02-24 15:09:52,908 - INFO -   Constraint generation value: 0.0
2025-02-24 15:09:52,908 - INFO - 
Running instance 96/100
2025-02-24 15:09:52,909 - INFO - 
Running Classical Reference Solver (SCIP):
2025-02-24 15:09:52,910 - DEBUG - Problem dimensions: 40 constraints, 12 variables
2025-02-24 15:09:52,910 - DEBUG - Row names: ['ELEM1', 'ELEM2', 'ELEM3', 'ELEM4', 'ELEM5', 'ELEM6', 'ELEM7', 'ELEM8', 'ELEM9', 'ELEM10', 'ELEM11', 'ELEM12', 'ELEM13', 'ELEM14', 'ELEM15', 'ELEM16', 'ELEM17', 'ELEM18', 'ELEM19', 'ELEM20', 'ELEM21', 'ELEM22', 'ELEM23', 'ELEM24', 'ELEM25', 'ELEM26', 'ELEM27', 'ELEM28', 'ELEM29', 'ELEM30', 'ELEM31', 'ELEM32', 'ELEM33', 'ELEM34', 'ELEM35', 'ELEM36', 'ELEM37', 'ELEM38', 'ELEM39', 'ELEM40']
2025-02-24 15:09:52,910 - DEBUG - RHS values: {'ELEM1': 1.0, 'ELEM2': 1.0, 'ELEM3': 1.0, 'ELEM4': 1.0, 'ELEM5': 1.0, 'ELEM6': 1.0, 'ELEM7': 1.0, 'ELEM8': 1.0, 'ELEM9': 1.0, 'ELEM10': 1.0, 'ELEM11': 1.0, 'ELEM12': 1.0, 'ELEM13': 1.0, 'ELEM14': 1.0, 'ELEM15': 1.0, 'ELEM16': 1.0, 'ELEM17': 1.0, 'ELEM18': 1.0, 'ELEM19': 1.0, 'ELEM20': 1.0, 'ELEM21': 1.0, 'ELEM22': 1.0, 'ELEM23': 1.0, 'ELEM24': 1.0, 'ELEM25': 1.0, 'ELEM26': 1.0, 'ELEM27': 1.0, 'ELEM28': 1.0, 'ELEM29': 1.0, 'ELEM30': 1.0, 'ELEM31': 1.0, 'ELEM32': 1.0, 'ELEM33': 1.0, 'ELEM34': 1.0, 'ELEM35': 1.0, 'ELEM36': 1.0, 'ELEM37': 1.0, 'ELEM38': 1.0, 'ELEM39': 1.0, 'ELEM40': 1.0}
2025-02-24 15:09:52,918 - INFO -   Reference solution found:
2025-02-24 15:09:52,918 - INFO -     Solution: [0, 1, 1, 0, 0, 0, 0, 1, 1, 0, 0, 0]
2025-02-24 15:09:52,919 - INFO -     Value: 126.0
2025-02-24 15:09:52,919 - INFO - 
Running QAOA Reference Solution (with all constraints):
