
Problem information:
  Number of variables (n): 12
  Number of constraints (m): 40

Starting reference QAOA with parameters:
  sample_size (total shots): 1000
Added all constraints
Found feasible solution: [1 0 0 0 0 0 0 1 0 0 1 0] with objective value 104.0
Found feasible solution: [0 0 1 1 1 0 0 0 1 0 0 1] with objective value 170.0
Found feasible solution:
  Solution: [1, 0, 0, 0, 0, 0, 0, 1, 0, 0, 1, 0]
  Value: 104.0
  QAOA solution found:
    Solution: [1, 0, 0, 0, 0, 0, 0, 1, 0, 0, 1, 0]
    Value: 104.0

Running Constraint Generation:

Problem information:
  Number of variables (n): 12
  Number of constraints (m): 40

Running classical reference solver:
  Reference solution found:
    Solution: [1, 0, 0, 0, 0, 0, 0, 1, 0, 0, 1, 0]
    Value: 104.0

Starting quantum constraint generation with parameters:
  sample_size (total shots): 1000
  tau: 0.1
  max_iters: 1000

Iteration 0:
Circuit optimization did not converge
Circuit optimization did not converge
  No feasible solution found in this iteration
  Added 11 new constraints: [0, 2, 5, 7, 12, 18, 24, 25, 30, 34, 38]

Iteration 1:
Circuit optimization did not converge
Circuit optimization did not converge
  No feasible solution found in this iteration
  No new constraints added, lowered tau multiplier: 1.0 -> 0.9
  No new constraints added, lowered tau multiplier: 0.9 -> 0.8
  No new constraints added, lowered tau multiplier: 0.8 -> 0.7
  No new constraints added, lowered tau multiplier: 0.7 -> 0.6
  Added 1 new constraints: [20]

Iteration 2:
Circuit optimization did not converge
Circuit optimization did not converge
  No feasible solution found in this iteration
  No new constraints added, lowered tau multiplier: 1.0 -> 0.9
  No new constraints added, lowered tau multiplier: 0.9 -> 0.8
  No new constraints added, lowered tau multiplier: 0.8 -> 0.7
  No new constraints added, lowered tau multiplier: 0.7 -> 0.6
  No new constraints added, lowered tau multiplier: 0.6 -> 0.5
  Added 16 new constraints: [4, 9, 10, 13, 14, 16, 17, 19, 26, 27, 28, 32, 33, 36, 37, 39]

Iteration 3:
Circuit optimization did not converge
Circuit optimization did not converge
  No feasible solution found in this iteration
  No new constraints added, lowered tau multiplier: 1.0 -> 0.9
  No new constraints added, lowered tau multiplier: 0.9 -> 0.8
  No new constraints added, lowered tau multiplier: 0.8 -> 0.7
  No new constraints added, lowered tau multiplier: 0.7 -> 0.6
  No new constraints added, lowered tau multiplier: 0.6 -> 0.5
  No new constraints added, lowered tau multiplier: 0.5 -> 0.4
  Added 12 new constraints: [1, 3, 6, 8, 11, 15, 21, 22, 23, 29, 31, 35]

Iteration 4:
Circuit optimization did not converge
Circuit optimization did not converge
  No feasible solution found in this iteration
  All constraints added, exiting
  Constraint generation found no feasible solution

Instance 95 results:
  Classical value: 104.0
  QAOA value: 104.0
  Constraint generation value: 0.0

Running instance 96/100

Running Classical Reference Solver (SCIP):
  Reference solution found:
    Solution: [0, 1, 1, 0, 0, 0, 0, 1, 1, 0, 0, 0]
    Value: 126.0

Running QAOA Reference Solution (with all constraints):
