2025-02-23 18:55:53,289 - INFO - 
Problem information:
2025-02-23 18:55:53,290 - INFO -   Number of variables (n): 10
2025-02-23 18:55:53,290 - INFO -   Number of constraints (m): 20
2025-02-23 18:55:53,290 - DEBUG -   Density of A: 50.00%
2025-02-23 18:55:53,290 - INFO - 
Starting reference QAOA with parameters:
2025-02-23 18:55:53,290 - INFO -   sample_size (total shots): 100
2025-02-23 18:55:53,290 - INFO - Added all constraints
2025-02-23 18:55:53,291 - DEBUG - Generated Ising Hamiltonian
2025-02-23 18:55:53,505 - DEBUG - Optimizing QAOA circuit...
2025-02-23 18:55:55,039 - DEBUG - Circuit optimization successful
2025-02-23 18:55:55,039 - DEBUG - Circuit optimization successful, final value: -10757.338661338665
2025-02-23 18:55:55,040 - DEBUG - Sampling from optimized circuit...
2025-02-23 18:55:55,052 - DEBUG - Generated 55 unique samples from 100 total measurements
2025-02-23 18:55:55,052 - DEBUG - 
Top 5 most frequent samples:
2025-02-23 18:55:55,054 - DEBUG -   Rank | Count |   %   
2025-02-23 18:55:55,055 - DEBUG -   -----|-------|-------
2025-02-23 18:55:55,055 - DEBUG -      1 |    17 |  17.0
2025-02-23 18:55:55,055 - DEBUG -     Sample: [0 0 1 0 1 0 1 1 0 1]
2025-02-23 18:55:55,055 - DEBUG -      2 |     6 |   6.0
2025-02-23 18:55:55,055 - DEBUG -     Sample: [0 0 0 0 1 0 1 1 0 1]
2025-02-23 18:55:55,055 - DEBUG -      3 |     5 |   5.0
2025-02-23 18:55:55,056 - DEBUG -     Sample: [0 0 1 1 1 0 1 1 1 0]
2025-02-23 18:55:55,056 - DEBUG -      4 |     4 |   4.0
2025-02-23 18:55:55,056 - DEBUG -     Sample: [0 0 1 0 1 0 1 0 0 1]
2025-02-23 18:55:55,056 - DEBUG -      5 |     4 |   4.0
2025-02-23 18:55:55,056 - DEBUG -     Sample: [0 0 1 0 1 0 1 1 0 0]
2025-02-23 18:55:55,057 - DEBUG - Generated 55 unique samples from 100 total measurements
2025-02-23 18:55:55,058 - INFO - No feasible solution found
2025-02-23 18:55:55,058 - INFO -   QAOA solver found no feasible solution
2025-02-23 18:55:55,058 - INFO - 
Running Constraint Generation:
2025-02-23 18:55:55,060 - INFO - 
Problem information:
2025-02-23 18:55:55,060 - INFO -   Number of variables (n): 10
2025-02-23 18:55:55,060 - INFO -   Number of constraints (m): 20
2025-02-23 18:55:55,060 - DEBUG -   Density of A: 50.00%
2025-02-23 18:55:55,060 - INFO - 
Running classical reference solver:
2025-02-23 18:55:55,070 - INFO -   Reference solution found:
2025-02-23 18:55:55,070 - INFO -     Solution: [1, 0, 0, 0, 0, 0, 0, 1, 0, 0]
2025-02-23 18:55:55,070 - INFO -     Value: 60.0
2025-02-23 18:55:55,071 - INFO - 
Starting quantum constraint generation with parameters:
2025-02-23 18:55:55,071 - INFO -   sample_size (total shots): 100
2025-02-23 18:55:55,071 - INFO -   tau: 0.1
2025-02-23 18:55:55,071 - INFO -   max_iters: 1000
2025-02-23 18:55:55,071 - INFO - 
Iteration 0:
2025-02-23 18:55:55,071 - DEBUG - Generated Ising Hamiltonian
2025-02-23 18:55:55,283 - DEBUG - Optimizing QAOA circuit...
2025-02-23 18:55:56,280 - DEBUG - Circuit optimization successful
2025-02-23 18:55:56,280 - DEBUG - Circuit optimization successful, final value: -126.13086913086912
2025-02-23 18:55:56,280 - DEBUG - Sampling from optimized circuit...
2025-02-23 18:55:56,289 - DEBUG - Generated 91 unique samples from 100 total measurements
2025-02-23 18:55:56,289 - DEBUG - 
Top 5 most frequent samples:
2025-02-23 18:55:56,290 - DEBUG -   Rank | Count |   %   
2025-02-23 18:55:56,290 - DEBUG -   -----|-------|-------
2025-02-23 18:55:56,290 - DEBUG -      1 |     3 |   3.0
2025-02-23 18:55:56,290 - DEBUG -     Sample: [1 1 1 1 1 0 1 1 0 0]
2025-02-23 18:55:56,290 - DEBUG -      2 |     2 |   2.0
2025-02-23 18:55:56,290 - DEBUG -     Sample: [0 0 0 1 0 1 1 1 1 1]
2025-02-23 18:55:56,290 - DEBUG -      3 |     2 |   2.0
2025-02-23 18:55:56,291 - DEBUG -     Sample: [1 1 0 1 1 0 1 1 0 0]
2025-02-23 18:55:56,291 - DEBUG -      4 |     2 |   2.0
2025-02-23 18:55:56,291 - DEBUG -     Sample: [1 1 1 1 1 0 1 1 0 1]
2025-02-23 18:55:56,291 - DEBUG -      5 |     2 |   2.0
2025-02-23 18:55:56,291 - DEBUG -     Sample: [1 1 1 1 1 0 1 1 1 0]
2025-02-23 18:55:56,291 - DEBUG - Generated 91 unique samples from 100 total measurements
2025-02-23 18:55:56,293 - INFO -   No feasible solution found in this iteration
2025-02-23 18:55:56,293 - INFO -   Added 1 new constraints: [10]
2025-02-23 18:55:56,294 - INFO - 
Iteration 1:
2025-02-23 18:55:56,294 - DEBUG - Generated Ising Hamiltonian
2025-02-23 18:55:56,486 - DEBUG - Optimizing QAOA circuit...
2025-02-23 18:55:57,284 - DEBUG - Circuit optimization successful
2025-02-23 18:55:57,284 - DEBUG - Circuit optimization successful, final value: -4771.352147852149
2025-02-23 18:55:57,284 - DEBUG - Sampling from optimized circuit...
2025-02-23 18:55:57,293 - DEBUG - Generated 59 unique samples from 100 total measurements
2025-02-23 18:55:57,293 - DEBUG - 
Top 5 most frequent samples:
2025-02-23 18:55:57,294 - DEBUG -   Rank | Count |   %   
2025-02-23 18:55:57,294 - DEBUG -   -----|-------|-------
2025-02-23 18:55:57,294 - DEBUG -      1 |    10 |  10.0
2025-02-23 18:55:57,294 - DEBUG -     Sample: [0 1 0 0 0 1 0 1 1 1]
2025-02-23 18:55:57,294 - DEBUG -      2 |     6 |   6.0
2025-02-23 18:55:57,294 - DEBUG -     Sample: [0 1 0 0 0 1 0 1 0 1]
2025-02-23 18:55:57,294 - DEBUG -      3 |     5 |   5.0
2025-02-23 18:55:57,294 - DEBUG -     Sample: [0 0 0 0 0 1 0 1 1 1]
2025-02-23 18:55:57,295 - DEBUG -      4 |     5 |   5.0
2025-02-23 18:55:57,295 - DEBUG -     Sample: [0 1 0 0 0 0 0 1 1 1]
2025-02-23 18:55:57,295 - DEBUG -      5 |     4 |   4.0
2025-02-23 18:55:57,295 - DEBUG -     Sample: [0 1 1 0 0 1 0 1 0 1]
2025-02-23 18:55:57,295 - DEBUG - Generated 59 unique samples from 100 total measurements
2025-02-23 18:55:57,296 - INFO -   No feasible solution found in this iteration
2025-02-23 18:55:57,297 - INFO -   Added 2 new constraints: [2, 14]
2025-02-23 18:55:57,297 - INFO - 
Iteration 2:
2025-02-23 18:55:57,297 - DEBUG - Generated Ising Hamiltonian
2025-02-23 18:55:57,473 - DEBUG - Optimizing QAOA circuit...
2025-02-23 18:55:58,781 - DEBUG - Circuit optimization successful
2025-02-23 18:55:58,781 - DEBUG - Circuit optimization successful, final value: -10772.323176823176
2025-02-23 18:55:58,781 - DEBUG - Sampling from optimized circuit...
2025-02-23 18:55:58,793 - DEBUG - Generated 93 unique samples from 100 total measurements
2025-02-23 18:55:58,794 - DEBUG - 
Top 5 most frequent samples:
2025-02-23 18:55:58,794 - DEBUG -   Rank | Count |   %   
2025-02-23 18:55:58,794 - DEBUG -   -----|-------|-------
2025-02-23 18:55:58,794 - DEBUG -      1 |     2 |   2.0
2025-02-23 18:55:58,794 - DEBUG -     Sample: [0 0 1 0 1 0 1 1 0 0]
2025-02-23 18:55:58,794 - DEBUG -      2 |     2 |   2.0
2025-02-23 18:55:58,794 - DEBUG -     Sample: [1 0 0 1 1 1 1 0 0 0]
2025-02-23 18:55:58,794 - DEBUG -      3 |     2 |   2.0
2025-02-23 18:55:58,795 - DEBUG -     Sample: [0 1 1 1 0 1 1 1 0 0]
2025-02-23 18:55:58,795 - DEBUG -      4 |     2 |   2.0
2025-02-23 18:55:58,795 - DEBUG -     Sample: [0 1 0 0 0 1 1 1 0 0]
2025-02-23 18:55:58,795 - DEBUG -      5 |     2 |   2.0
2025-02-23 18:55:58,795 - DEBUG -     Sample: [1 1 0 0 0 0 1 1 0 1]
2025-02-23 18:55:58,796 - DEBUG - Generated 93 unique samples from 100 total measurements
2025-02-23 18:55:58,797 - INFO -   No feasible solution found in this iteration
2025-02-23 18:55:58,797 - INFO -   Added 3 new constraints: [7, 11, 16]
2025-02-23 18:55:58,798 - INFO - 
Iteration 3:
2025-02-23 18:55:58,798 - DEBUG - Generated Ising Hamiltonian
2025-02-23 18:55:58,990 - DEBUG - Optimizing QAOA circuit...
2025-02-23 18:56:00,413 - DEBUG - Circuit optimization successful
2025-02-23 18:56:00,413 - DEBUG - Circuit optimization successful, final value: 5741.401598401599
2025-02-23 18:56:00,414 - DEBUG - Sampling from optimized circuit...
2025-02-23 18:56:00,425 - DEBUG - Generated 95 unique samples from 100 total measurements
2025-02-23 18:56:00,426 - DEBUG - 
Top 5 most frequent samples:
2025-02-23 18:56:00,426 - DEBUG -   Rank | Count |   %   
2025-02-23 18:56:00,426 - DEBUG -   -----|-------|-------
2025-02-23 18:56:00,426 - DEBUG -      1 |     2 |   2.0
2025-02-23 18:56:00,426 - DEBUG -     Sample: [1 0 0 0 0 0 0 0 1 0]
2025-02-23 18:56:00,426 - DEBUG -      2 |     2 |   2.0
2025-02-23 18:56:00,427 - DEBUG -     Sample: [0 0 1 1 0 1 0 0 1 1]
2025-02-23 18:56:00,427 - DEBUG -      3 |     2 |   2.0
2025-02-23 18:56:00,427 - DEBUG -     Sample: [1 1 0 1 1 1 0 0 1 0]
2025-02-23 18:56:00,427 - DEBUG -      4 |     2 |   2.0
2025-02-23 18:56:00,427 - DEBUG -     Sample: [1 0 1 1 1 1 1 0 0 1]
2025-02-23 18:56:00,427 - DEBUG -      5 |     2 |   2.0
2025-02-23 18:56:00,428 - DEBUG -     Sample: [1 0 1 0 1 0 0 1 0 0]
2025-02-23 18:56:00,428 - DEBUG - Generated 95 unique samples from 100 total measurements
2025-02-23 18:56:00,430 - INFO -   No feasible solution found in this iteration
2025-02-23 18:56:00,430 - INFO -   Added 1 new constraints: [13]
2025-02-23 18:56:00,430 - INFO - 
Iteration 4:
2025-02-23 18:56:00,430 - DEBUG - Generated Ising Hamiltonian
2025-02-23 18:56:00,625 - DEBUG - Optimizing QAOA circuit...
2025-02-23 18:56:01,999 - DEBUG - Circuit optimization successful
2025-02-23 18:56:02,000 - DEBUG - Circuit optimization successful, final value: -1688.5959040959042
2025-02-23 18:56:02,000 - DEBUG - Sampling from optimized circuit...
2025-02-23 18:56:02,012 - DEBUG - Generated 93 unique samples from 100 total measurements
2025-02-23 18:56:02,013 - DEBUG - 
Top 5 most frequent samples:
2025-02-23 18:56:02,013 - DEBUG -   Rank | Count |   %   
2025-02-23 18:56:02,013 - DEBUG -   -----|-------|-------
2025-02-23 18:56:02,013 - DEBUG -      1 |     3 |   3.0
2025-02-23 18:56:02,013 - DEBUG -     Sample: [1 0 0 0 0 1 0 0 0 0]
2025-02-23 18:56:02,013 - DEBUG -      2 |     2 |   2.0
2025-02-23 18:56:02,013 - DEBUG -     Sample: [1 0 0 0 1 1 0 0 1 1]
2025-02-23 18:56:02,013 - DEBUG -      3 |     2 |   2.0
2025-02-23 18:56:02,014 - DEBUG -     Sample: [0 0 1 1 1 0 0 0 1 1]
2025-02-23 18:56:02,014 - DEBUG -      4 |     2 |   2.0
2025-02-23 18:56:02,014 - DEBUG -     Sample: [0 1 1 0 0 0 0 0 0 1]
2025-02-23 18:56:02,014 - DEBUG -      5 |     2 |   2.0
2025-02-23 18:56:02,014 - DEBUG -     Sample: [1 0 0 0 1 0 1 0 0 1]
2025-02-23 18:56:02,015 - DEBUG - Generated 93 unique samples from 100 total measurements
2025-02-23 18:56:02,016 - INFO -   No feasible solution found in this iteration
2025-02-23 18:56:02,016 - INFO -   Added 3 new constraints: [1, 5, 19]
2025-02-23 18:56:02,017 - INFO - 
Iteration 5:
2025-02-23 18:56:02,017 - DEBUG - Generated Ising Hamiltonian
2025-02-23 18:56:02,207 - DEBUG - Optimizing QAOA circuit...
2025-02-23 18:56:03,395 - DEBUG - Circuit optimization successful
2025-02-23 18:56:03,395 - DEBUG - Circuit optimization successful, final value: 64131.58341658341
2025-02-23 18:56:03,395 - DEBUG - Sampling from optimized circuit...
2025-02-23 18:56:03,406 - DEBUG - Generated 55 unique samples from 100 total measurements
2025-02-23 18:56:03,407 - DEBUG - 
Top 5 most frequent samples:
2025-02-23 18:56:03,407 - DEBUG -   Rank | Count |   %   
2025-02-23 18:56:03,407 - DEBUG -   -----|-------|-------
2025-02-23 18:56:03,407 - DEBUG -      1 |     9 |   9.0
2025-02-23 18:56:03,407 - DEBUG -     Sample: [1 1 0 0 1 0 1 0 1 1]
2025-02-23 18:56:03,407 - DEBUG -      2 |     9 |   9.0
2025-02-23 18:56:03,408 - DEBUG -     Sample: [1 1 1 0 1 1 1 0 1 1]
2025-02-23 18:56:03,408 - DEBUG -      3 |     5 |   5.0
2025-02-23 18:56:03,408 - DEBUG -     Sample: [1 1 0 0 1 1 1 0 1 1]
2025-02-23 18:56:03,408 - DEBUG -      4 |     4 |   4.0
2025-02-23 18:56:03,408 - DEBUG -     Sample: [1 1 1 0 0 1 1 1 1 1]
2025-02-23 18:56:03,408 - DEBUG -      5 |     4 |   4.0
2025-02-23 18:56:03,408 - DEBUG -     Sample: [1 1 0 0 1 1 1 1 0 1]
2025-02-23 18:56:03,409 - DEBUG - Generated 55 unique samples from 100 total measurements
2025-02-23 18:56:03,410 - INFO -   No feasible solution found in this iteration
2025-02-23 18:56:03,410 - INFO -   Added 10 new constraints: [0, 3, 4, 6, 8, 9, 12, 15, 17, 18]
2025-02-23 18:56:03,410 - INFO - 
Iteration 6:
2025-02-23 18:56:03,410 - DEBUG - Generated Ising Hamiltonian
2025-02-23 18:56:03,579 - DEBUG - Optimizing QAOA circuit...
2025-02-23 18:56:05,059 - DEBUG - Circuit optimization successful
2025-02-23 18:56:05,059 - DEBUG - Circuit optimization successful, final value: 2530.4935064935075
2025-02-23 18:56:05,059 - DEBUG - Sampling from optimized circuit...
2025-02-23 18:56:05,073 - DEBUG - Generated 92 unique samples from 100 total measurements
2025-02-23 18:56:05,074 - DEBUG - 
Top 5 most frequent samples:
2025-02-23 18:56:05,074 - DEBUG -   Rank | Count |   %   
2025-02-23 18:56:05,074 - DEBUG -   -----|-------|-------
2025-02-23 18:56:05,074 - DEBUG -      1 |     2 |   2.0
2025-02-23 18:56:05,074 - DEBUG -     Sample: [0 1 1 1 0 1 0 1 1 0]
2025-02-23 18:56:05,074 - DEBUG -      2 |     2 |   2.0
2025-02-23 18:56:05,074 - DEBUG -     Sample: [0 0 1 0 1 1 0 0 1 1]
2025-02-23 18:56:05,075 - DEBUG -      3 |     2 |   2.0
2025-02-23 18:56:05,075 - DEBUG -     Sample: [0 1 1 1 1 0 0 1 1 1]
2025-02-23 18:56:05,075 - DEBUG -      4 |     2 |   2.0
2025-02-23 18:56:05,075 - DEBUG -     Sample: [0 1 1 1 1 0 1 1 1 0]
2025-02-23 18:56:05,075 - DEBUG -      5 |     2 |   2.0
2025-02-23 18:56:05,075 - DEBUG -     Sample: [1 0 1 1 0 0 1 0 1 1]
2025-02-23 18:56:05,076 - DEBUG - Generated 92 unique samples from 100 total measurements
2025-02-23 18:56:05,077 - INFO -   No feasible solution found in this iteration
2025-02-23 18:56:05,077 - INFO -   All constraints added, exiting
2025-02-23 18:56:05,078 - INFO -   Constraint generation found no feasible solution
2025-02-23 18:56:05,078 - INFO - 
Instance 99 results:
2025-02-23 18:56:05,078 - INFO -   Classical value: 60.0
2025-02-23 18:56:05,078 - INFO -   QAOA value: 0.0
2025-02-23 18:56:05,078 - INFO -   Constraint generation value: 0.0
2025-02-23 18:56:05,079 - INFO - 
Running instance 100/100
2025-02-23 18:56:05,080 - INFO - 
Running Classical Reference Solver (SCIP):
2025-02-23 18:56:05,081 - DEBUG - Problem dimensions: 20 constraints, 10 variables
2025-02-23 18:56:05,081 - DEBUG - Row names: ['ELEM1', 'ELEM2', 'ELEM3', 'ELEM4', 'ELEM5', 'ELEM6', 'ELEM7', 'ELEM8', 'ELEM9', 'ELEM10', 'ELEM11', 'ELEM12', 'ELEM13', 'ELEM14', 'ELEM15', 'ELEM16', 'ELEM17', 'ELEM18', 'ELEM19', 'ELEM20']
2025-02-23 18:56:05,081 - DEBUG - RHS values: {'ELEM1': 1.0, 'ELEM2': 1.0, 'ELEM3': 1.0, 'ELEM4': 1.0, 'ELEM5': 1.0, 'ELEM6': 1.0, 'ELEM7': 1.0, 'ELEM8': 1.0, 'ELEM9': 1.0, 'ELEM10': 1.0, 'ELEM11': 1.0, 'ELEM12': 1.0, 'ELEM13': 1.0, 'ELEM14': 1.0, 'ELEM15': 1.0, 'ELEM16': 1.0, 'ELEM17': 1.0, 'ELEM18': 1.0, 'ELEM19': 1.0, 'ELEM20': 1.0}
2025-02-23 18:56:05,092 - INFO -   Reference solution found:
2025-02-23 18:56:05,093 - INFO -     Solution: [0, 1, 0, 0, 1, 0, 0, 0, 0, 0]
2025-02-23 18:56:05,093 - INFO -     Value: 49.0
2025-02-23 18:56:05,093 - INFO - 
Running QAOA Reference Solution (with all constraints):
