2025-02-23 18:04:39,045 - INFO - 
Problem information:
2025-02-23 18:04:39,046 - INFO -   Number of variables (n): 12
2025-02-23 18:04:39,046 - INFO -   Number of constraints (m): 40
2025-02-23 18:04:39,046 - DEBUG -   Density of A: 22.08%
2025-02-23 18:04:39,046 - INFO - 
Starting reference QAOA with parameters:
2025-02-23 18:04:39,046 - INFO -   sample_size (total shots): 200
2025-02-23 18:04:39,046 - INFO - Added all constraints
2025-02-23 18:04:39,047 - DEBUG - Generated Ising Hamiltonian
2025-02-23 18:04:39,305 - DEBUG - Optimizing QAOA circuit...
2025-02-23 18:04:41,552 - DEBUG - Circuit optimization successful
2025-02-23 18:04:41,552 - DEBUG - Circuit optimization successful, final value: -55362.987012986996
2025-02-23 18:04:41,552 - DEBUG - Sampling from optimized circuit...
2025-02-23 18:04:41,572 - DEBUG - Generated 69 unique samples from 200 total measurements
2025-02-23 18:04:41,572 - DEBUG - 
Top 5 most frequent samples:
2025-02-23 18:04:41,572 - DEBUG -   Rank | Count |   %   
2025-02-23 18:04:41,573 - DEBUG -   -----|-------|-------
2025-02-23 18:04:41,573 - DEBUG -      1 |    33 |  16.5
2025-02-23 18:04:41,573 - DEBUG -     Sample: [0 1 0 0 1 0 1 1 0 1 1 1]
2025-02-23 18:04:41,573 - DEBUG -      2 |    19 |   9.5
2025-02-23 18:04:41,573 - DEBUG -     Sample: [0 1 0 0 1 0 0 1 0 1 1 1]
2025-02-23 18:04:41,574 - DEBUG -      3 |    17 |   8.5
2025-02-23 18:04:41,574 - DEBUG -     Sample: [0 1 0 0 0 0 1 1 0 1 1 1]
2025-02-23 18:04:41,574 - DEBUG -      4 |    13 |   6.5
2025-02-23 18:04:41,574 - DEBUG -     Sample: [0 1 0 0 1 0 1 1 1 1 1 1]
2025-02-23 18:04:41,574 - DEBUG -      5 |    11 |   5.5
2025-02-23 18:04:41,575 - DEBUG -     Sample: [0 1 0 0 1 0 1 0 0 1 1 1]
2025-02-23 18:04:41,575 - DEBUG - Generated 69 unique samples from 200 total measurements
2025-02-23 18:04:41,577 - INFO - No feasible solution found
2025-02-23 18:04:41,577 - INFO -   QAOA solver found no feasible solution
2025-02-23 18:04:41,577 - INFO - 
Running Constraint Generation:
2025-02-23 18:04:41,579 - INFO - 
Problem information:
2025-02-23 18:04:41,579 - INFO -   Number of variables (n): 12
2025-02-23 18:04:41,579 - INFO -   Number of constraints (m): 40
2025-02-23 18:04:41,579 - DEBUG -   Density of A: 22.08%
2025-02-23 18:04:41,579 - INFO - 
Running classical reference solver:
2025-02-23 18:04:41,590 - INFO -   Reference solution found:
2025-02-23 18:04:41,591 - INFO -     Solution: [0, 1, 1, 0, 0, 0, 0, 0, 1, 0, 1, 0]
2025-02-23 18:04:41,591 - INFO -     Value: 170.0
2025-02-23 18:04:41,591 - INFO - 
Starting quantum constraint generation with parameters:
2025-02-23 18:04:41,591 - INFO -   sample_size (total shots): 200
2025-02-23 18:04:41,592 - INFO -   tau: 0.1
2025-02-23 18:04:41,592 - INFO -   max_iters: 1000
2025-02-23 18:04:41,592 - INFO - 
Iteration 0:
2025-02-23 18:04:41,592 - DEBUG - Generated Ising Hamiltonian
2025-02-23 18:04:41,829 - DEBUG - Optimizing QAOA circuit...
2025-02-23 18:04:43,407 - DEBUG - Circuit optimization successful
2025-02-23 18:04:43,407 - DEBUG - Circuit optimization successful, final value: -76.86313686313686
2025-02-23 18:04:43,407 - DEBUG - Sampling from optimized circuit...
2025-02-23 18:04:43,422 - DEBUG - Generated 195 unique samples from 200 total measurements
2025-02-23 18:04:43,422 - DEBUG - 
Top 5 most frequent samples:
2025-02-23 18:04:43,422 - DEBUG -   Rank | Count |   %   
2025-02-23 18:04:43,422 - DEBUG -   -----|-------|-------
2025-02-23 18:04:43,422 - DEBUG -      1 |     2 |   1.0
2025-02-23 18:04:43,423 - DEBUG -     Sample: [0 1 1 1 0 1 0 0 1 1 0 1]
2025-02-23 18:04:43,423 - DEBUG -      2 |     2 |   1.0
2025-02-23 18:04:43,423 - DEBUG -     Sample: [0 0 0 0 1 1 1 1 1 1 0 1]
2025-02-23 18:04:43,423 - DEBUG -      3 |     2 |   1.0
2025-02-23 18:04:43,424 - DEBUG -     Sample: [0 1 0 1 1 1 0 1 1 1 0 1]
2025-02-23 18:04:43,424 - DEBUG -      4 |     2 |   1.0
2025-02-23 18:04:43,424 - DEBUG -     Sample: [0 1 1 1 1 1 1 0 1 1 0 1]
2025-02-23 18:04:43,424 - DEBUG -      5 |     2 |   1.0
2025-02-23 18:04:43,424 - DEBUG -     Sample: [0 0 1 0 1 1 1 0 1 0 0 1]
2025-02-23 18:04:43,425 - DEBUG - Generated 195 unique samples from 200 total measurements
2025-02-23 18:04:43,429 - INFO -   No feasible solution found in this iteration
2025-02-23 18:04:43,430 - INFO -   Added 1 new constraints: [2]
2025-02-23 18:04:43,430 - INFO - 
Iteration 1:
2025-02-23 18:04:43,430 - DEBUG - Generated Ising Hamiltonian
2025-02-23 18:04:43,626 - DEBUG - Optimizing QAOA circuit...
2025-02-23 18:04:45,022 - DEBUG - Circuit optimization successful
2025-02-23 18:04:45,022 - DEBUG - Circuit optimization successful, final value: -1955.0729270729269
2025-02-23 18:04:45,022 - DEBUG - Sampling from optimized circuit...
2025-02-23 18:04:45,036 - DEBUG - Generated 188 unique samples from 200 total measurements
2025-02-23 18:04:45,036 - DEBUG - 
Top 5 most frequent samples:
2025-02-23 18:04:45,037 - DEBUG -   Rank | Count |   %   
2025-02-23 18:04:45,037 - DEBUG -   -----|-------|-------
2025-02-23 18:04:45,037 - DEBUG -      1 |     2 |   1.0
2025-02-23 18:04:45,037 - DEBUG -     Sample: [0 1 0 1 0 0 1 1 0 1 1 0]
2025-02-23 18:04:45,037 - DEBUG -      2 |     2 |   1.0
2025-02-23 18:04:45,037 - DEBUG -     Sample: [0 0 1 1 1 0 1 1 0 1 1 1]
2025-02-23 18:04:45,037 - DEBUG -      3 |     2 |   1.0
2025-02-23 18:04:45,038 - DEBUG -     Sample: [1 0 1 0 1 0 1 0 1 1 0 1]
2025-02-23 18:04:45,038 - DEBUG -      4 |     2 |   1.0
2025-02-23 18:04:45,038 - DEBUG -     Sample: [0 1 1 1 1 0 0 1 1 0 0 0]
2025-02-23 18:04:45,038 - DEBUG -      5 |     2 |   1.0
2025-02-23 18:04:45,038 - DEBUG -     Sample: [1 1 1 0 0 0 1 1 1 0 1 1]
2025-02-23 18:04:45,039 - DEBUG - Generated 188 unique samples from 200 total measurements
2025-02-23 18:04:45,043 - INFO -   No feasible solution found in this iteration
2025-02-23 18:04:45,043 - INFO -   Added 2 new constraints: [13, 39]
2025-02-23 18:04:45,043 - INFO - 
Iteration 2:
2025-02-23 18:04:45,044 - DEBUG - Generated Ising Hamiltonian
2025-02-23 18:04:45,260 - DEBUG - Optimizing QAOA circuit...
2025-02-23 18:04:46,799 - DEBUG - Circuit optimization successful
2025-02-23 18:04:46,799 - DEBUG - Circuit optimization successful, final value: -1993.8421578421564
2025-02-23 18:04:46,800 - DEBUG - Sampling from optimized circuit...
2025-02-23 18:04:46,814 - DEBUG - Generated 158 unique samples from 200 total measurements
2025-02-23 18:04:46,815 - DEBUG - 
Top 5 most frequent samples:
2025-02-23 18:04:46,815 - DEBUG -   Rank | Count |   %   
2025-02-23 18:04:46,815 - DEBUG -   -----|-------|-------
2025-02-23 18:04:46,815 - DEBUG -      1 |     6 |   3.0
2025-02-23 18:04:46,815 - DEBUG -     Sample: [0 1 0 0 0 1 0 0 1 1 1 1]
2025-02-23 18:04:46,815 - DEBUG -      2 |     5 |   2.5
2025-02-23 18:04:46,816 - DEBUG -     Sample: [0 1 0 0 0 1 0 1 1 1 1 1]
2025-02-23 18:04:46,816 - DEBUG -      3 |     5 |   2.5
2025-02-23 18:04:46,816 - DEBUG -     Sample: [0 1 0 0 0 1 0 1 1 1 1 0]
2025-02-23 18:04:46,816 - DEBUG -      4 |     4 |   2.0
2025-02-23 18:04:46,817 - DEBUG -     Sample: [1 1 0 0 0 1 0 0 1 1 1 1]
2025-02-23 18:04:46,817 - DEBUG -      5 |     4 |   2.0
2025-02-23 18:04:46,817 - DEBUG -     Sample: [0 1 0 0 0 1 0 0 1 1 1 0]
2025-02-23 18:04:46,818 - DEBUG - Generated 158 unique samples from 200 total measurements
2025-02-23 18:04:46,821 - INFO -   No feasible solution found in this iteration
2025-02-23 18:04:46,821 - INFO -   No new constraints added, lowered tau multiplier: 1.0 -> 0.9
2025-02-23 18:04:46,821 - INFO -   Added 6 new constraints: [11, 23, 26, 28, 32, 35]
2025-02-23 18:04:46,822 - INFO - 
Iteration 3:
2025-02-23 18:04:46,822 - DEBUG - Generated Ising Hamiltonian
2025-02-23 18:04:47,028 - DEBUG - Optimizing QAOA circuit...
2025-02-23 18:04:48,389 - DEBUG - Circuit optimization successful
2025-02-23 18:04:48,390 - DEBUG - Circuit optimization successful, final value: 12228.667332667334
2025-02-23 18:04:48,390 - DEBUG - Sampling from optimized circuit...
2025-02-23 18:04:48,408 - DEBUG - Generated 114 unique samples from 200 total measurements
2025-02-23 18:04:48,408 - DEBUG - 
Top 5 most frequent samples:
2025-02-23 18:04:48,408 - DEBUG -   Rank | Count |   %   
2025-02-23 18:04:48,409 - DEBUG -   -----|-------|-------
2025-02-23 18:04:48,409 - DEBUG -      1 |    15 |   7.5
2025-02-23 18:04:48,409 - DEBUG -     Sample: [0 0 1 1 1 1 1 1 0 1 0 1]
2025-02-23 18:04:48,409 - DEBUG -      2 |    10 |   5.0
2025-02-23 18:04:48,410 - DEBUG -     Sample: [0 0 1 0 1 1 1 1 1 1 0 1]
2025-02-23 18:04:48,410 - DEBUG -      3 |     9 |   4.5
2025-02-23 18:04:48,410 - DEBUG -     Sample: [0 0 1 1 1 1 1 1 1 1 0 1]
2025-02-23 18:04:48,410 - DEBUG -      4 |     9 |   4.5
2025-02-23 18:04:48,411 - DEBUG -     Sample: [0 0 1 1 1 0 1 1 0 1 0 1]
2025-02-23 18:04:48,411 - DEBUG -      5 |     7 |   3.5
2025-02-23 18:04:48,411 - DEBUG -     Sample: [0 0 1 1 0 1 1 1 0 1 0 1]
2025-02-23 18:04:48,412 - DEBUG - Generated 114 unique samples from 200 total measurements
2025-02-23 18:04:48,415 - INFO -   No feasible solution found in this iteration
2025-02-23 18:04:48,415 - INFO -   Added 1 new constraints: [29]
2025-02-23 18:04:48,415 - INFO - 
Iteration 4:
2025-02-23 18:04:48,416 - DEBUG - Generated Ising Hamiltonian
2025-02-23 18:04:48,690 - DEBUG - Optimizing QAOA circuit...
2025-02-23 18:04:50,176 - DEBUG - Circuit optimization successful
2025-02-23 18:04:50,176 - DEBUG - Circuit optimization successful, final value: -8424.021978021981
2025-02-23 18:04:50,177 - DEBUG - Sampling from optimized circuit...
2025-02-23 18:04:50,192 - DEBUG - Generated 119 unique samples from 200 total measurements
2025-02-23 18:04:50,192 - DEBUG - 
Top 5 most frequent samples:
2025-02-23 18:04:50,192 - DEBUG -   Rank | Count |   %   
2025-02-23 18:04:50,192 - DEBUG -   -----|-------|-------
2025-02-23 18:04:50,192 - DEBUG -      1 |     8 |   4.0
2025-02-23 18:04:50,193 - DEBUG -     Sample: [0 0 0 1 0 0 1 0 0 0 1 0]
2025-02-23 18:04:50,193 - DEBUG -      2 |     6 |   3.0
2025-02-23 18:04:50,193 - DEBUG -     Sample: [0 0 0 1 0 1 0 0 0 0 1 1]
2025-02-23 18:04:50,193 - DEBUG -      3 |     5 |   2.5
2025-02-23 18:04:50,193 - DEBUG -     Sample: [0 0 0 1 0 0 1 0 0 0 1 1]
2025-02-23 18:04:50,193 - DEBUG -      4 |     5 |   2.5
2025-02-23 18:04:50,194 - DEBUG -     Sample: [0 0 0 1 0 1 1 0 1 0 1 1]
2025-02-23 18:04:50,194 - DEBUG -      5 |     5 |   2.5
2025-02-23 18:04:50,194 - DEBUG -     Sample: [0 0 0 1 0 0 0 0 1 0 1 1]
2025-02-23 18:04:50,194 - DEBUG - Generated 119 unique samples from 200 total measurements
2025-02-23 18:04:50,196 - INFO -   No feasible solution found in this iteration
2025-02-23 18:04:50,197 - INFO -   Added 2 new constraints: [3, 12]
2025-02-23 18:04:50,197 - INFO - 
Iteration 5:
2025-02-23 18:04:50,198 - DEBUG - Generated Ising Hamiltonian
2025-02-23 18:04:50,390 - DEBUG - Optimizing QAOA circuit...
2025-02-23 18:04:51,789 - DEBUG - Circuit optimization successful
2025-02-23 18:04:51,790 - DEBUG - Circuit optimization successful, final value: 5893.566433566436
2025-02-23 18:04:51,791 - DEBUG - Sampling from optimized circuit...
2025-02-23 18:04:51,812 - DEBUG - Generated 95 unique samples from 200 total measurements
2025-02-23 18:04:51,812 - DEBUG - 
Top 5 most frequent samples:
2025-02-23 18:04:51,812 - DEBUG -   Rank | Count |   %   
2025-02-23 18:04:51,813 - DEBUG -   -----|-------|-------
2025-02-23 18:04:51,813 - DEBUG -      1 |    16 |   8.0
2025-02-23 18:04:51,813 - DEBUG -     Sample: [1 0 0 0 0 0 1 0 1 0 1 1]
2025-02-23 18:04:51,813 - DEBUG -      2 |    12 |   6.0
2025-02-23 18:04:51,813 - DEBUG -     Sample: [1 0 0 1 0 0 1 0 1 0 1 1]
2025-02-23 18:04:51,813 - DEBUG -      3 |    12 |   6.0
2025-02-23 18:04:51,814 - DEBUG -     Sample: [1 0 0 1 0 0 1 1 1 0 1 1]
2025-02-23 18:04:51,814 - DEBUG -      4 |    10 |   5.0
2025-02-23 18:04:51,814 - DEBUG -     Sample: [1 0 0 0 0 0 1 0 1 0 0 1]
2025-02-23 18:04:51,814 - DEBUG -      5 |    10 |   5.0
2025-02-23 18:04:51,814 - DEBUG -     Sample: [1 0 0 0 0 0 1 1 1 0 1 1]
2025-02-23 18:04:51,815 - DEBUG - Generated 95 unique samples from 200 total measurements
2025-02-23 18:04:51,817 - INFO -   No feasible solution found in this iteration
2025-02-23 18:04:51,818 - INFO -   Added 2 new constraints: [1, 7]
2025-02-23 18:04:51,819 - INFO - 
Iteration 6:
2025-02-23 18:04:51,819 - DEBUG - Generated Ising Hamiltonian
2025-02-23 18:04:52,027 - DEBUG - Optimizing QAOA circuit...
2025-02-23 18:04:53,615 - DEBUG - Circuit optimization successful
2025-02-23 18:04:53,615 - DEBUG - Circuit optimization successful, final value: 16210.533466533467
2025-02-23 18:04:53,615 - DEBUG - Sampling from optimized circuit...
2025-02-23 18:04:53,631 - DEBUG - Generated 151 unique samples from 200 total measurements
2025-02-23 18:04:53,631 - DEBUG - 
Top 5 most frequent samples:
2025-02-23 18:04:53,631 - DEBUG -   Rank | Count |   %   
2025-02-23 18:04:53,631 - DEBUG -   -----|-------|-------
2025-02-23 18:04:53,632 - DEBUG -      1 |     5 |   2.5
2025-02-23 18:04:53,632 - DEBUG -     Sample: [0 1 0 1 0 0 1 1 1 0 1 1]
2025-02-23 18:04:53,632 - DEBUG -      2 |     5 |   2.5
2025-02-23 18:04:53,632 - DEBUG -     Sample: [1 1 1 0 0 1 1 1 0 0 1 0]
2025-02-23 18:04:53,632 - DEBUG -      3 |     4 |   2.0
2025-02-23 18:04:53,633 - DEBUG -     Sample: [0 1 1 1 0 0 1 1 1 0 1 1]
2025-02-23 18:04:53,633 - DEBUG -      4 |     3 |   1.5
2025-02-23 18:04:53,633 - DEBUG -     Sample: [0 1 0 1 0 0 1 0 1 0 1 1]
2025-02-23 18:04:53,633 - DEBUG -      5 |     3 |   1.5
2025-02-23 18:04:53,633 - DEBUG -     Sample: [1 1 1 1 0 1 1 1 0 0 1 0]
2025-02-23 18:04:53,634 - DEBUG - Generated 151 unique samples from 200 total measurements
2025-02-23 18:04:53,635 - INFO - Found feasible solution: [0 1 1 0 0 0 0 0 1 0 1 0] with objective value 170.0
2025-02-23 18:04:53,637 - INFO -   Found feasible solution:
2025-02-23 18:04:53,637 - INFO -     Solution: [0, 1, 1, 0, 0, 0, 0, 0, 1, 0, 1, 0]
2025-02-23 18:04:53,637 - INFO -     Value: 170.0
2025-02-23 18:04:53,638 - INFO -     Gap to reference: 0.00%
2025-02-23 18:04:53,638 - INFO -   Constraint generation solution found:
2025-02-23 18:04:53,638 - INFO -     Solution: [0, 1, 1, 0, 0, 0, 0, 0, 1, 0, 1, 0]
2025-02-23 18:04:53,638 - INFO -     Value: 170.0
2025-02-23 18:04:53,638 - INFO - 
Instance 53 results:
2025-02-23 18:04:53,638 - INFO -   Classical value: 170.0
2025-02-23 18:04:53,638 - INFO -   QAOA value: 0.0
2025-02-23 18:04:53,639 - INFO -   Constraint generation value: 170.0
2025-02-23 18:04:53,639 - INFO - 
Running instance 54/100
2025-02-23 18:04:53,641 - INFO - 
Running Classical Reference Solver (SCIP):
2025-02-23 18:04:53,643 - DEBUG - Problem dimensions: 40 constraints, 12 variables
2025-02-23 18:04:53,643 - DEBUG - Row names: ['ELEM1', 'ELEM2', 'ELEM3', 'ELEM4', 'ELEM5', 'ELEM6', 'ELEM7', 'ELEM8', 'ELEM9', 'ELEM10', 'ELEM11', 'ELEM12', 'ELEM13', 'ELEM14', 'ELEM15', 'ELEM16', 'ELEM17', 'ELEM18', 'ELEM19', 'ELEM20', 'ELEM21', 'ELEM22', 'ELEM23', 'ELEM24', 'ELEM25', 'ELEM26', 'ELEM27', 'ELEM28', 'ELEM29', 'ELEM30', 'ELEM31', 'ELEM32', 'ELEM33', 'ELEM34', 'ELEM35', 'ELEM36', 'ELEM37', 'ELEM38', 'ELEM39', 'ELEM40']
2025-02-23 18:04:53,643 - DEBUG - RHS values: {'ELEM1': 1.0, 'ELEM2': 1.0, 'ELEM3': 1.0, 'ELEM4': 1.0, 'ELEM5': 1.0, 'ELEM6': 1.0, 'ELEM7': 1.0, 'ELEM8': 1.0, 'ELEM9': 1.0, 'ELEM10': 1.0, 'ELEM11': 1.0, 'ELEM12': 1.0, 'ELEM13': 1.0, 'ELEM14': 1.0, 'ELEM15': 1.0, 'ELEM16': 1.0, 'ELEM17': 1.0, 'ELEM18': 1.0, 'ELEM19': 1.0, 'ELEM20': 1.0, 'ELEM21': 1.0, 'ELEM22': 1.0, 'ELEM23': 1.0, 'ELEM24': 1.0, 'ELEM25': 1.0, 'ELEM26': 1.0, 'ELEM27': 1.0, 'ELEM28': 1.0, 'ELEM29': 1.0, 'ELEM30': 1.0, 'ELEM31': 1.0, 'ELEM32': 1.0, 'ELEM33': 1.0, 'ELEM34': 1.0, 'ELEM35': 1.0, 'ELEM36': 1.0, 'ELEM37': 1.0, 'ELEM38': 1.0, 'ELEM39': 1.0, 'ELEM40': 1.0}
2025-02-23 18:04:53,654 - INFO -   Reference solution found:
2025-02-23 18:04:53,654 - INFO -     Solution: [1, 0, 0, 0, 1, 0, 0, 0, 1, 1, 1, 0]
2025-02-23 18:04:53,654 - INFO -     Value: 226.0
2025-02-23 18:04:53,654 - INFO - 
Running QAOA Reference Solution (with all constraints):
