2025-02-23 18:17:50,153 - INFO - 
Problem information:
2025-02-23 18:17:50,154 - INFO -   Number of variables (n): 12
2025-02-23 18:17:50,154 - INFO -   Number of constraints (m): 40
2025-02-23 18:17:50,154 - DEBUG -   Density of A: 16.67%
2025-02-23 18:17:50,154 - INFO - 
Starting reference QAOA with parameters:
2025-02-23 18:17:50,155 - INFO -   sample_size (total shots): 200
2025-02-23 18:17:50,155 - INFO - Added all constraints
2025-02-23 18:17:50,156 - DEBUG - Generated Ising Hamiltonian
2025-02-23 18:17:50,404 - DEBUG - Optimizing QAOA circuit...
2025-02-23 18:17:52,141 - DEBUG - Circuit optimization successful
2025-02-23 18:17:52,142 - DEBUG - Circuit optimization successful, final value: 5349.372627372628
2025-02-23 18:17:52,143 - DEBUG - Sampling from optimized circuit...
2025-02-23 18:17:52,160 - DEBUG - Generated 132 unique samples from 200 total measurements
2025-02-23 18:17:52,160 - DEBUG - 
Top 5 most frequent samples:
2025-02-23 18:17:52,160 - DEBUG -   Rank | Count |   %   
2025-02-23 18:17:52,160 - DEBUG -   -----|-------|-------
2025-02-23 18:17:52,161 - DEBUG -      1 |     8 |   4.0
2025-02-23 18:17:52,161 - DEBUG -     Sample: [0 1 0 1 0 1 0 0 1 1 1 1]
2025-02-23 18:17:52,161 - DEBUG -      2 |     6 |   3.0
2025-02-23 18:17:52,161 - DEBUG -     Sample: [0 0 0 1 0 1 0 1 1 1 1 1]
2025-02-23 18:17:52,161 - DEBUG -      3 |     5 |   2.5
2025-02-23 18:17:52,162 - DEBUG -     Sample: [1 0 0 0 0 1 0 0 1 1 0 1]
2025-02-23 18:17:52,162 - DEBUG -      4 |     5 |   2.5
2025-02-23 18:17:52,162 - DEBUG -     Sample: [0 1 1 1 0 1 0 1 1 0 1 1]
2025-02-23 18:17:52,162 - DEBUG -      5 |     4 |   2.0
2025-02-23 18:17:52,162 - DEBUG -     Sample: [1 0 1 0 0 1 0 0 1 1 0 1]
2025-02-23 18:17:52,163 - DEBUG - Generated 132 unique samples from 200 total measurements
2025-02-23 18:17:52,165 - INFO - No feasible solution found
2025-02-23 18:17:52,166 - INFO -   QAOA solver found no feasible solution
2025-02-23 18:17:52,166 - INFO - 
Running Constraint Generation:
2025-02-23 18:17:52,167 - INFO - 
Problem information:
2025-02-23 18:17:52,168 - INFO -   Number of variables (n): 12
2025-02-23 18:17:52,168 - INFO -   Number of constraints (m): 40
2025-02-23 18:17:52,168 - DEBUG -   Density of A: 16.67%
2025-02-23 18:17:52,168 - INFO - 
Running classical reference solver:
2025-02-23 18:17:52,179 - INFO -   Reference solution found:
2025-02-23 18:17:52,179 - INFO -     Solution: [0, 0, 1, 0, 0, 0, 0, 1, 0, 1, 0, 1]
2025-02-23 18:17:52,179 - INFO -     Value: 279.0
2025-02-23 18:17:52,179 - INFO - 
Starting quantum constraint generation with parameters:
2025-02-23 18:17:52,179 - INFO -   sample_size (total shots): 200
2025-02-23 18:17:52,180 - INFO -   tau: 0.1
2025-02-23 18:17:52,180 - INFO -   max_iters: 1000
2025-02-23 18:17:52,180 - INFO - 
Iteration 0:
2025-02-23 18:17:52,180 - DEBUG - Generated Ising Hamiltonian
2025-02-23 18:17:52,380 - DEBUG - Optimizing QAOA circuit...
2025-02-23 18:17:53,299 - DEBUG - Circuit optimization successful
2025-02-23 18:17:53,299 - DEBUG - Circuit optimization successful, final value: -222.81918081918081
2025-02-23 18:17:53,300 - DEBUG - Sampling from optimized circuit...
2025-02-23 18:17:53,312 - DEBUG - Generated 41 unique samples from 200 total measurements
2025-02-23 18:17:53,312 - DEBUG - 
Top 5 most frequent samples:
2025-02-23 18:17:53,313 - DEBUG -   Rank | Count |   %   
2025-02-23 18:17:53,313 - DEBUG -   -----|-------|-------
2025-02-23 18:17:53,313 - DEBUG -      1 |    25 |  12.5
2025-02-23 18:17:53,313 - DEBUG -     Sample: [0 1 1 0 0 1 1 1 0 1 0 1]
2025-02-23 18:17:53,313 - DEBUG -      2 |    24 |  12.0
2025-02-23 18:17:53,313 - DEBUG -     Sample: [0 1 1 0 1 1 1 1 0 1 0 1]
2025-02-23 18:17:53,314 - DEBUG -      3 |    21 |  10.5
2025-02-23 18:17:53,314 - DEBUG -     Sample: [0 1 1 0 1 1 1 1 1 1 0 1]
2025-02-23 18:17:53,314 - DEBUG -      4 |    21 |  10.5
2025-02-23 18:17:53,314 - DEBUG -     Sample: [0 1 0 0 1 1 1 1 0 1 0 1]
2025-02-23 18:17:53,314 - DEBUG -      5 |    17 |   8.5
2025-02-23 18:17:53,315 - DEBUG -     Sample: [0 1 0 0 0 1 1 1 1 1 0 1]
2025-02-23 18:17:53,315 - DEBUG - Generated 41 unique samples from 200 total measurements
2025-02-23 18:17:53,316 - INFO -   No feasible solution found in this iteration
2025-02-23 18:17:53,316 - INFO -   Added 3 new constraints: [26, 32, 35]
2025-02-23 18:17:53,316 - INFO - 
Iteration 1:
2025-02-23 18:17:53,317 - DEBUG - Generated Ising Hamiltonian
2025-02-23 18:17:53,645 - DEBUG - Optimizing QAOA circuit...
2025-02-23 18:17:55,492 - DEBUG - Circuit optimization successful
2025-02-23 18:17:55,493 - DEBUG - Circuit optimization successful, final value: -5426.68931068931
2025-02-23 18:17:55,493 - DEBUG - Sampling from optimized circuit...
2025-02-23 18:17:55,508 - DEBUG - Generated 150 unique samples from 200 total measurements
2025-02-23 18:17:55,508 - DEBUG - 
Top 5 most frequent samples:
2025-02-23 18:17:55,508 - DEBUG -   Rank | Count |   %   
2025-02-23 18:17:55,508 - DEBUG -   -----|-------|-------
2025-02-23 18:17:55,509 - DEBUG -      1 |     4 |   2.0
2025-02-23 18:17:55,509 - DEBUG -     Sample: [1 0 0 0 0 1 1 0 0 0 1 1]
2025-02-23 18:17:55,509 - DEBUG -      2 |     4 |   2.0
2025-02-23 18:17:55,509 - DEBUG -     Sample: [1 0 1 0 0 1 1 0 0 0 0 1]
2025-02-23 18:17:55,509 - DEBUG -      3 |     3 |   1.5
2025-02-23 18:17:55,510 - DEBUG -     Sample: [1 0 1 0 0 0 1 0 0 0 1 1]
2025-02-23 18:17:55,510 - DEBUG -      4 |     3 |   1.5
2025-02-23 18:17:55,510 - DEBUG -     Sample: [1 1 0 0 0 0 1 0 0 1 1 1]
2025-02-23 18:17:55,510 - DEBUG -      5 |     3 |   1.5
2025-02-23 18:17:55,510 - DEBUG -     Sample: [1 1 1 0 0 1 1 1 0 0 1 1]
2025-02-23 18:17:55,511 - DEBUG - Generated 150 unique samples from 200 total measurements
2025-02-23 18:17:55,514 - INFO -   No feasible solution found in this iteration
2025-02-23 18:17:55,514 - INFO -   No new constraints added, lowered tau multiplier: 1.0 -> 0.9
2025-02-23 18:17:55,514 - INFO -   No new constraints added, lowered tau multiplier: 0.9 -> 0.8
2025-02-23 18:17:55,515 - INFO -   Added 5 new constraints: [1, 9, 14, 17, 24]
2025-02-23 18:17:55,515 - INFO - 
Iteration 2:
2025-02-23 18:17:55,515 - DEBUG - Generated Ising Hamiltonian
2025-02-23 18:17:55,852 - DEBUG - Optimizing QAOA circuit...
2025-02-23 18:17:57,236 - DEBUG - Circuit optimization successful
2025-02-23 18:17:57,236 - DEBUG - Circuit optimization successful, final value: -10245.262737262738
2025-02-23 18:17:57,236 - DEBUG - Sampling from optimized circuit...
2025-02-23 18:17:57,252 - DEBUG - Generated 175 unique samples from 200 total measurements
2025-02-23 18:17:57,252 - DEBUG - 
Top 5 most frequent samples:
2025-02-23 18:17:57,252 - DEBUG -   Rank | Count |   %   
2025-02-23 18:17:57,253 - DEBUG -   -----|-------|-------
2025-02-23 18:17:57,253 - DEBUG -      1 |     3 |   1.5
2025-02-23 18:17:57,253 - DEBUG -     Sample: [0 0 0 0 1 0 1 0 0 0 0 0]
2025-02-23 18:17:57,253 - DEBUG -      2 |     3 |   1.5
2025-02-23 18:17:57,254 - DEBUG -     Sample: [0 0 0 0 0 1 1 0 0 1 0 0]
2025-02-23 18:17:57,254 - DEBUG -      3 |     3 |   1.5
2025-02-23 18:17:57,254 - DEBUG -     Sample: [0 0 0 0 0 0 0 0 0 1 0 0]
2025-02-23 18:17:57,254 - DEBUG -      4 |     3 |   1.5
2025-02-23 18:17:57,255 - DEBUG -     Sample: [0 0 1 0 0 0 1 0 0 1 0 0]
2025-02-23 18:17:57,255 - DEBUG -      5 |     2 |   1.0
2025-02-23 18:17:57,255 - DEBUG -     Sample: [1 0 0 1 0 0 1 0 0 1 1 0]
2025-02-23 18:17:57,256 - DEBUG - Generated 175 unique samples from 200 total measurements
2025-02-23 18:17:57,260 - INFO -   No feasible solution found in this iteration
2025-02-23 18:17:57,261 - INFO -   No new constraints added, lowered tau multiplier: 1.0 -> 0.9
2025-02-23 18:17:57,261 - INFO -   Added 1 new constraints: [3]
2025-02-23 18:17:57,261 - INFO - 
Iteration 3:
2025-02-23 18:17:57,261 - DEBUG - Generated Ising Hamiltonian
2025-02-23 18:17:57,508 - DEBUG - Optimizing QAOA circuit...
2025-02-23 18:17:58,868 - DEBUG - Circuit optimization successful
2025-02-23 18:17:58,869 - DEBUG - Circuit optimization successful, final value: -3654.231768231768
2025-02-23 18:17:58,869 - DEBUG - Sampling from optimized circuit...
2025-02-23 18:17:58,884 - DEBUG - Generated 131 unique samples from 200 total measurements
2025-02-23 18:17:58,884 - DEBUG - 
Top 5 most frequent samples:
2025-02-23 18:17:58,884 - DEBUG -   Rank | Count |   %   
2025-02-23 18:17:58,884 - DEBUG -   -----|-------|-------
2025-02-23 18:17:58,884 - DEBUG -      1 |     8 |   4.0
2025-02-23 18:17:58,885 - DEBUG -     Sample: [1 0 0 0 0 0 0 0 1 0 1 1]
2025-02-23 18:17:58,885 - DEBUG -      2 |     6 |   3.0
2025-02-23 18:17:58,885 - DEBUG -     Sample: [1 1 1 1 0 0 0 0 1 0 1 1]
2025-02-23 18:17:58,885 - DEBUG -      3 |     6 |   3.0
2025-02-23 18:17:58,885 - DEBUG -     Sample: [1 0 0 1 0 0 0 0 1 0 1 1]
2025-02-23 18:17:58,885 - DEBUG -      4 |     5 |   2.5
2025-02-23 18:17:58,886 - DEBUG -     Sample: [1 1 1 1 0 0 0 1 0 0 1 0]
2025-02-23 18:17:58,886 - DEBUG -      5 |     5 |   2.5
2025-02-23 18:17:58,886 - DEBUG -     Sample: [1 1 0 1 0 0 0 0 1 0 1 1]
2025-02-23 18:17:58,886 - DEBUG - Generated 131 unique samples from 200 total measurements
2025-02-23 18:17:58,889 - INFO -   No feasible solution found in this iteration
2025-02-23 18:17:58,889 - INFO -   Added 1 new constraints: [0]
2025-02-23 18:17:58,889 - INFO - 
Iteration 4:
2025-02-23 18:17:58,890 - DEBUG - Generated Ising Hamiltonian
2025-02-23 18:17:59,128 - DEBUG - Optimizing QAOA circuit...
2025-02-23 18:18:00,672 - DEBUG - Circuit optimization successful
2025-02-23 18:18:00,672 - DEBUG - Circuit optimization successful, final value: 3342.4995004995008
2025-02-23 18:18:00,672 - DEBUG - Sampling from optimized circuit...
2025-02-23 18:18:00,687 - DEBUG - Generated 172 unique samples from 200 total measurements
2025-02-23 18:18:00,688 - DEBUG - 
Top 5 most frequent samples:
2025-02-23 18:18:00,688 - DEBUG -   Rank | Count |   %   
2025-02-23 18:18:00,688 - DEBUG -   -----|-------|-------
2025-02-23 18:18:00,688 - DEBUG -      1 |     3 |   1.5
2025-02-23 18:18:00,688 - DEBUG -     Sample: [0 0 1 0 0 1 0 1 1 1 1 0]
2025-02-23 18:18:00,688 - DEBUG -      2 |     3 |   1.5
2025-02-23 18:18:00,689 - DEBUG -     Sample: [0 0 1 0 0 0 0 1 0 0 1 1]
2025-02-23 18:18:00,689 - DEBUG -      3 |     3 |   1.5
2025-02-23 18:18:00,689 - DEBUG -     Sample: [0 0 1 1 0 1 1 1 0 1 1 0]
2025-02-23 18:18:00,689 - DEBUG -      4 |     2 |   1.0
2025-02-23 18:18:00,689 - DEBUG -     Sample: [0 0 1 0 0 1 1 0 1 0 0 1]
2025-02-23 18:18:00,689 - DEBUG -      5 |     2 |   1.0
2025-02-23 18:18:00,690 - DEBUG -     Sample: [0 0 1 0 0 1 0 0 1 1 1 1]
2025-02-23 18:18:00,690 - DEBUG - Generated 172 unique samples from 200 total measurements
2025-02-23 18:18:00,694 - INFO -   No feasible solution found in this iteration
2025-02-23 18:18:00,694 - INFO -   Added 3 new constraints: [4, 23, 36]
2025-02-23 18:18:00,695 - INFO - 
Iteration 5:
2025-02-23 18:18:00,695 - DEBUG - Generated Ising Hamiltonian
2025-02-23 18:18:00,911 - DEBUG - Optimizing QAOA circuit...
2025-02-23 18:18:02,358 - DEBUG - Circuit optimization successful
2025-02-23 18:18:02,358 - DEBUG - Circuit optimization successful, final value: 11918.123876123876
2025-02-23 18:18:02,359 - DEBUG - Sampling from optimized circuit...
2025-02-23 18:18:02,373 - DEBUG - Generated 120 unique samples from 200 total measurements
2025-02-23 18:18:02,373 - DEBUG - 
Top 5 most frequent samples:
2025-02-23 18:18:02,373 - DEBUG -   Rank | Count |   %   
2025-02-23 18:18:02,373 - DEBUG -   -----|-------|-------
2025-02-23 18:18:02,374 - DEBUG -      1 |    14 |   7.0
2025-02-23 18:18:02,374 - DEBUG -     Sample: [0 0 1 1 1 0 1 0 1 0 0 1]
2025-02-23 18:18:02,374 - DEBUG -      2 |     7 |   3.5
2025-02-23 18:18:02,374 - DEBUG -     Sample: [0 0 1 1 1 0 1 0 1 1 0 1]
2025-02-23 18:18:02,374 - DEBUG -      3 |     6 |   3.0
2025-02-23 18:18:02,375 - DEBUG -     Sample: [0 0 1 1 1 0 1 1 1 0 0 1]
2025-02-23 18:18:02,375 - DEBUG -      4 |     6 |   3.0
2025-02-23 18:18:02,375 - DEBUG -     Sample: [0 0 1 1 1 0 0 0 1 0 0 1]
2025-02-23 18:18:02,375 - DEBUG -      5 |     4 |   2.0
2025-02-23 18:18:02,376 - DEBUG -     Sample: [0 0 1 1 1 0 1 0 1 0 1 1]
2025-02-23 18:18:02,376 - DEBUG - Generated 120 unique samples from 200 total measurements
2025-02-23 18:18:02,378 - INFO -   No feasible solution found in this iteration
2025-02-23 18:18:02,379 - INFO -   Added 1 new constraints: [39]
2025-02-23 18:18:02,379 - INFO - 
Iteration 6:
2025-02-23 18:18:02,379 - DEBUG - Generated Ising Hamiltonian
2025-02-23 18:18:02,592 - DEBUG - Optimizing QAOA circuit...
2025-02-23 18:18:03,795 - DEBUG - Circuit optimization successful
2025-02-23 18:18:03,796 - DEBUG - Circuit optimization successful, final value: -4465.836163836164
2025-02-23 18:18:03,796 - DEBUG - Sampling from optimized circuit...
2025-02-23 18:18:03,813 - DEBUG - Generated 162 unique samples from 200 total measurements
2025-02-23 18:18:03,814 - DEBUG - 
Top 5 most frequent samples:
2025-02-23 18:18:03,814 - DEBUG -   Rank | Count |   %   
2025-02-23 18:18:03,814 - DEBUG -   -----|-------|-------
2025-02-23 18:18:03,814 - DEBUG -      1 |     6 |   3.0
2025-02-23 18:18:03,814 - DEBUG -     Sample: [1 0 1 0 0 0 0 0 0 0 1 1]
2025-02-23 18:18:03,814 - DEBUG -      2 |     4 |   2.0
2025-02-23 18:18:03,815 - DEBUG -     Sample: [1 0 0 1 1 0 0 0 0 1 0 1]
2025-02-23 18:18:03,815 - DEBUG -      3 |     4 |   2.0
2025-02-23 18:18:03,815 - DEBUG -     Sample: [1 0 1 0 0 0 0 0 0 1 1 0]
2025-02-23 18:18:03,815 - DEBUG -      4 |     3 |   1.5
2025-02-23 18:18:03,815 - DEBUG -     Sample: [1 0 0 1 0 0 0 0 0 1 0 0]
2025-02-23 18:18:03,816 - DEBUG -      5 |     3 |   1.5
2025-02-23 18:18:03,816 - DEBUG -     Sample: [1 0 0 1 0 0 0 0 0 1 1 0]
2025-02-23 18:18:03,817 - DEBUG - Generated 162 unique samples from 200 total measurements
2025-02-23 18:18:03,820 - INFO -   No feasible solution found in this iteration
2025-02-23 18:18:03,821 - INFO -   Added 1 new constraints: [28]
2025-02-23 18:18:03,821 - INFO - 
Iteration 7:
2025-02-23 18:18:03,822 - DEBUG - Generated Ising Hamiltonian
2025-02-23 18:18:04,016 - DEBUG - Optimizing QAOA circuit...
2025-02-23 18:18:05,444 - DEBUG - Circuit optimization successful
2025-02-23 18:18:05,445 - DEBUG - Circuit optimization successful, final value: 1772.3916083916083
2025-02-23 18:18:05,445 - DEBUG - Sampling from optimized circuit...
2025-02-23 18:18:05,462 - DEBUG - Generated 181 unique samples from 200 total measurements
2025-02-23 18:18:05,462 - DEBUG - 
Top 5 most frequent samples:
2025-02-23 18:18:05,463 - DEBUG -   Rank | Count |   %   
2025-02-23 18:18:05,463 - DEBUG -   -----|-------|-------
2025-02-23 18:18:05,463 - DEBUG -      1 |     3 |   1.5
2025-02-23 18:18:05,463 - DEBUG -     Sample: [1 1 1 1 1 0 1 1 1 0 0 0]
2025-02-23 18:18:05,463 - DEBUG -      2 |     3 |   1.5
2025-02-23 18:18:05,464 - DEBUG -     Sample: [1 1 1 1 1 0 0 1 0 1 0 1]
2025-02-23 18:18:05,464 - DEBUG -      3 |     2 |   1.0
2025-02-23 18:18:05,464 - DEBUG -     Sample: [1 0 1 0 1 0 1 0 1 0 0 0]
2025-02-23 18:18:05,464 - DEBUG -      4 |     2 |   1.0
2025-02-23 18:18:05,464 - DEBUG -     Sample: [1 0 1 1 0 1 1 1 0 1 0 1]
2025-02-23 18:18:05,465 - DEBUG -      5 |     2 |   1.0
2025-02-23 18:18:05,465 - DEBUG -     Sample: [1 0 1 0 1 0 0 1 1 1 0 0]
2025-02-23 18:18:05,466 - DEBUG - Generated 181 unique samples from 200 total measurements
2025-02-23 18:18:05,470 - INFO -   No feasible solution found in this iteration
2025-02-23 18:18:05,471 - INFO -   Added 1 new constraints: [18]
2025-02-23 18:18:05,471 - INFO - 
Iteration 8:
2025-02-23 18:18:05,471 - DEBUG - Generated Ising Hamiltonian
2025-02-23 18:18:05,691 - DEBUG - Optimizing QAOA circuit...
2025-02-23 18:18:07,119 - DEBUG - Circuit optimization successful
2025-02-23 18:18:07,119 - DEBUG - Circuit optimization successful, final value: 4520.455544455544
2025-02-23 18:18:07,119 - DEBUG - Sampling from optimized circuit...
2025-02-23 18:18:07,138 - DEBUG - Generated 161 unique samples from 200 total measurements
2025-02-23 18:18:07,139 - DEBUG - 
Top 5 most frequent samples:
2025-02-23 18:18:07,139 - DEBUG -   Rank | Count |   %   
2025-02-23 18:18:07,139 - DEBUG -   -----|-------|-------
2025-02-23 18:18:07,139 - DEBUG -      1 |     4 |   2.0
2025-02-23 18:18:07,139 - DEBUG -     Sample: [0 1 0 1 0 1 0 0 0 1 0 0]
2025-02-23 18:18:07,139 - DEBUG -      2 |     4 |   2.0
2025-02-23 18:18:07,140 - DEBUG -     Sample: [1 1 1 0 1 1 0 1 1 1 1 1]
2025-02-23 18:18:07,140 - DEBUG -      3 |     3 |   1.5
2025-02-23 18:18:07,140 - DEBUG -     Sample: [1 1 1 0 0 1 0 0 1 1 1 0]
2025-02-23 18:18:07,141 - DEBUG -      4 |     3 |   1.5
2025-02-23 18:18:07,141 - DEBUG -     Sample: [1 1 1 1 0 1 0 0 0 1 0 0]
2025-02-23 18:18:07,141 - DEBUG -      5 |     3 |   1.5
2025-02-23 18:18:07,141 - DEBUG -     Sample: [1 1 1 1 0 1 0 0 1 0 0 0]
2025-02-23 18:18:07,142 - DEBUG - Generated 161 unique samples from 200 total measurements
2025-02-23 18:18:07,146 - INFO -   No feasible solution found in this iteration
2025-02-23 18:18:07,146 - INFO -   No new constraints added, lowered tau multiplier: 1.0 -> 0.9
2025-02-23 18:18:07,147 - INFO -   No new constraints added, lowered tau multiplier: 0.9 -> 0.8
2025-02-23 18:18:07,147 - INFO -   Added 1 new constraints: [10]
2025-02-23 18:18:07,147 - INFO - 
Iteration 9:
2025-02-23 18:18:07,147 - DEBUG - Generated Ising Hamiltonian
2025-02-23 18:18:07,381 - DEBUG - Optimizing QAOA circuit...
2025-02-23 18:18:09,063 - DEBUG - Circuit optimization successful
2025-02-23 18:18:09,064 - DEBUG - Circuit optimization successful, final value: -3545.2467532467535
2025-02-23 18:18:09,064 - DEBUG - Sampling from optimized circuit...
2025-02-23 18:18:09,081 - DEBUG - Generated 191 unique samples from 200 total measurements
2025-02-23 18:18:09,081 - DEBUG - 
Top 5 most frequent samples:
2025-02-23 18:18:09,082 - DEBUG -   Rank | Count |   %   
2025-02-23 18:18:09,082 - DEBUG -   -----|-------|-------
2025-02-23 18:18:09,082 - DEBUG -      1 |     3 |   1.5
2025-02-23 18:18:09,082 - DEBUG -     Sample: [0 1 1 0 1 0 1 0 0 0 0 0]
2025-02-23 18:18:09,083 - DEBUG -      2 |     2 |   1.0
2025-02-23 18:18:09,083 - DEBUG -     Sample: [1 1 0 0 1 0 0 1 1 0 0 1]
2025-02-23 18:18:09,083 - DEBUG -      3 |     2 |   1.0
2025-02-23 18:18:09,084 - DEBUG -     Sample: [0 1 0 1 1 1 0 1 0 0 1 0]
2025-02-23 18:18:09,084 - DEBUG -      4 |     2 |   1.0
2025-02-23 18:18:09,085 - DEBUG -     Sample: [1 1 0 1 1 1 0 0 0 0 0 1]
2025-02-23 18:18:09,085 - DEBUG -      5 |     2 |   1.0
2025-02-23 18:18:09,085 - DEBUG -     Sample: [0 1 1 0 0 1 0 1 1 0 1 0]
2025-02-23 18:18:09,086 - DEBUG - Generated 191 unique samples from 200 total measurements
2025-02-23 18:18:09,090 - INFO -   No feasible solution found in this iteration
2025-02-23 18:18:09,091 - INFO -   No new constraints added, lowered tau multiplier: 1.0 -> 0.9
2025-02-23 18:18:09,091 - INFO -   Added 1 new constraints: [15]
2025-02-23 18:18:09,091 - INFO - 
Iteration 10:
2025-02-23 18:18:09,092 - DEBUG - Generated Ising Hamiltonian
2025-02-23 18:18:09,334 - DEBUG - Optimizing QAOA circuit...
2025-02-23 18:18:10,819 - DEBUG - Circuit optimization successful
2025-02-23 18:18:10,819 - DEBUG - Circuit optimization successful, final value: -3532.7252747252755
2025-02-23 18:18:10,820 - DEBUG - Sampling from optimized circuit...
2025-02-23 18:18:10,836 - DEBUG - Generated 150 unique samples from 200 total measurements
2025-02-23 18:18:10,836 - DEBUG - 
Top 5 most frequent samples:
2025-02-23 18:18:10,836 - DEBUG -   Rank | Count |   %   
2025-02-23 18:18:10,836 - DEBUG -   -----|-------|-------
2025-02-23 18:18:10,837 - DEBUG -      1 |     8 |   4.0
2025-02-23 18:18:10,837 - DEBUG -     Sample: [1 1 0 1 0 0 0 0 0 0 1 0]
2025-02-23 18:18:10,837 - DEBUG -      2 |     6 |   3.0
2025-02-23 18:18:10,837 - DEBUG -     Sample: [1 0 0 1 0 0 0 0 1 0 1 0]
2025-02-23 18:18:10,837 - DEBUG -      3 |     4 |   2.0
2025-02-23 18:18:10,838 - DEBUG -     Sample: [0 1 1 1 0 0 0 0 0 0 0 0]
2025-02-23 18:18:10,838 - DEBUG -      4 |     4 |   2.0
2025-02-23 18:18:10,838 - DEBUG -     Sample: [1 1 1 1 0 0 0 0 1 0 1 0]
2025-02-23 18:18:10,838 - DEBUG -      5 |     4 |   2.0
2025-02-23 18:18:10,838 - DEBUG -     Sample: [1 1 1 1 0 0 0 0 0 0 1 0]
2025-02-23 18:18:10,839 - DEBUG - Generated 150 unique samples from 200 total measurements
2025-02-23 18:18:10,843 - INFO -   No feasible solution found in this iteration
2025-02-23 18:18:10,843 - INFO -   No new constraints added, lowered tau multiplier: 1.0 -> 0.9
2025-02-23 18:18:10,844 - INFO -   Added 1 new constraints: [34]
2025-02-23 18:18:10,844 - INFO - 
Iteration 11:
2025-02-23 18:18:10,844 - DEBUG - Generated Ising Hamiltonian
2025-02-23 18:18:11,067 - DEBUG - Optimizing QAOA circuit...
2025-02-23 18:18:12,485 - DEBUG - Circuit optimization successful
2025-02-23 18:18:12,485 - DEBUG - Circuit optimization successful, final value: 3961.1188811188786
2025-02-23 18:18:12,485 - DEBUG - Sampling from optimized circuit...
2025-02-23 18:18:12,502 - DEBUG - Generated 175 unique samples from 200 total measurements
2025-02-23 18:18:12,502 - DEBUG - 
Top 5 most frequent samples:
2025-02-23 18:18:12,502 - DEBUG -   Rank | Count |   %   
2025-02-23 18:18:12,503 - DEBUG -   -----|-------|-------
2025-02-23 18:18:12,503 - DEBUG -      1 |     3 |   1.5
2025-02-23 18:18:12,503 - DEBUG -     Sample: [1 0 1 0 0 0 1 1 1 0 1 1]
2025-02-23 18:18:12,503 - DEBUG -      2 |     2 |   1.0
2025-02-23 18:18:12,503 - DEBUG -     Sample: [1 0 1 1 0 0 1 1 1 0 1 0]
2025-02-23 18:18:12,504 - DEBUG -      3 |     2 |   1.0
2025-02-23 18:18:12,504 - DEBUG -     Sample: [1 1 1 0 0 0 1 1 1 0 1 0]
2025-02-23 18:18:12,504 - DEBUG -      4 |     2 |   1.0
2025-02-23 18:18:12,504 - DEBUG -     Sample: [1 0 1 1 1 1 1 1 1 0 0 0]
2025-02-23 18:18:12,504 - DEBUG -      5 |     2 |   1.0
2025-02-23 18:18:12,505 - DEBUG -     Sample: [1 0 1 1 0 0 1 1 0 0 1 0]
2025-02-23 18:18:12,505 - DEBUG - Generated 175 unique samples from 200 total measurements
2025-02-23 18:18:12,509 - INFO -   No feasible solution found in this iteration
2025-02-23 18:18:12,510 - INFO -   Added 1 new constraints: [6]
2025-02-23 18:18:12,510 - INFO - 
Iteration 12:
2025-02-23 18:18:12,511 - DEBUG - Generated Ising Hamiltonian
2025-02-23 18:18:12,725 - DEBUG - Optimizing QAOA circuit...
2025-02-23 18:18:14,101 - DEBUG - Circuit optimization successful
2025-02-23 18:18:14,102 - DEBUG - Circuit optimization successful, final value: -20758.707292707295
2025-02-23 18:18:14,102 - DEBUG - Sampling from optimized circuit...
2025-02-23 18:18:14,119 - DEBUG - Generated 164 unique samples from 200 total measurements
2025-02-23 18:18:14,119 - DEBUG - 
Top 5 most frequent samples:
2025-02-23 18:18:14,119 - DEBUG -   Rank | Count |   %   
2025-02-23 18:18:14,119 - DEBUG -   -----|-------|-------
2025-02-23 18:18:14,119 - DEBUG -      1 |     5 |   2.5
2025-02-23 18:18:14,120 - DEBUG -     Sample: [1 0 0 0 1 1 1 0 0 0 0 0]
2025-02-23 18:18:14,120 - DEBUG -      2 |     4 |   2.0
2025-02-23 18:18:14,120 - DEBUG -     Sample: [1 0 0 0 1 1 1 0 0 1 0 0]
2025-02-23 18:18:14,120 - DEBUG -      3 |     3 |   1.5
2025-02-23 18:18:14,120 - DEBUG -     Sample: [1 0 0 0 0 1 1 1 0 1 0 0]
2025-02-23 18:18:14,121 - DEBUG -      4 |     3 |   1.5
2025-02-23 18:18:14,121 - DEBUG -     Sample: [0 0 0 0 1 0 0 0 1 0 0 0]
2025-02-23 18:18:14,121 - DEBUG -      5 |     3 |   1.5
2025-02-23 18:18:14,121 - DEBUG -     Sample: [1 0 0 0 1 1 1 1 0 0 0 0]
2025-02-23 18:18:14,122 - DEBUG - Generated 164 unique samples from 200 total measurements
2025-02-23 18:18:14,126 - INFO -   No feasible solution found in this iteration
2025-02-23 18:18:14,126 - INFO -   No new constraints added, lowered tau multiplier: 1.0 -> 0.9
2025-02-23 18:18:14,127 - INFO -   Added 11 new constraints: [5, 7, 11, 16, 21, 22, 25, 27, 30, 33, 38]
2025-02-23 18:18:14,127 - INFO - 
Iteration 13:
2025-02-23 18:18:14,127 - DEBUG - Generated Ising Hamiltonian
2025-02-23 18:18:14,374 - DEBUG - Optimizing QAOA circuit...
2025-02-23 18:18:16,158 - DEBUG - Circuit optimization successful
2025-02-23 18:18:16,158 - DEBUG - Circuit optimization successful, final value: -8659.778221778222
2025-02-23 18:18:16,158 - DEBUG - Sampling from optimized circuit...
2025-02-23 18:18:16,176 - DEBUG - Generated 185 unique samples from 200 total measurements
2025-02-23 18:18:16,177 - DEBUG - 
Top 5 most frequent samples:
2025-02-23 18:18:16,177 - DEBUG -   Rank | Count |   %   
2025-02-23 18:18:16,177 - DEBUG -   -----|-------|-------
2025-02-23 18:18:16,177 - DEBUG -      1 |     3 |   1.5
2025-02-23 18:18:16,177 - DEBUG -     Sample: [1 0 1 1 1 1 0 1 0 1 1 0]
2025-02-23 18:18:16,178 - DEBUG -      2 |     3 |   1.5
2025-02-23 18:18:16,178 - DEBUG -     Sample: [0 0 0 1 1 1 1 1 1 1 1 0]
2025-02-23 18:18:16,178 - DEBUG -      3 |     3 |   1.5
2025-02-23 18:18:16,179 - DEBUG -     Sample: [1 0 0 1 0 1 1 0 1 1 1 0]
2025-02-23 18:18:16,179 - DEBUG -      4 |     2 |   1.0
2025-02-23 18:18:16,180 - DEBUG -     Sample: [0 0 0 1 1 0 0 1 0 0 1 1]
2025-02-23 18:18:16,180 - DEBUG -      5 |     2 |   1.0
2025-02-23 18:18:16,180 - DEBUG -     Sample: [1 0 1 1 0 1 0 1 1 1 1 0]
2025-02-23 18:18:16,181 - DEBUG - Generated 185 unique samples from 200 total measurements
2025-02-23 18:18:16,186 - INFO -   No feasible solution found in this iteration
2025-02-23 18:18:16,187 - INFO -   No new constraints added, lowered tau multiplier: 1.0 -> 0.9
2025-02-23 18:18:16,187 - INFO -   No new constraints added, lowered tau multiplier: 0.9 -> 0.8
2025-02-23 18:18:16,187 - INFO -   Added 3 new constraints: [2, 13, 37]
2025-02-23 18:18:16,188 - INFO - 
Iteration 14:
2025-02-23 18:18:16,188 - DEBUG - Generated Ising Hamiltonian
2025-02-23 18:18:16,420 - DEBUG - Optimizing QAOA circuit...
2025-02-23 18:18:17,957 - DEBUG - Circuit optimization successful
2025-02-23 18:18:17,957 - DEBUG - Circuit optimization successful, final value: -18031.5024975025
2025-02-23 18:18:17,958 - DEBUG - Sampling from optimized circuit...
2025-02-23 18:18:17,978 - DEBUG - Generated 179 unique samples from 200 total measurements
2025-02-23 18:18:17,978 - DEBUG - 
Top 5 most frequent samples:
2025-02-23 18:18:17,978 - DEBUG -   Rank | Count |   %   
2025-02-23 18:18:17,979 - DEBUG -   -----|-------|-------
2025-02-23 18:18:17,979 - DEBUG -      1 |     5 |   2.5
2025-02-23 18:18:17,979 - DEBUG -     Sample: [1 0 0 0 1 0 1 1 0 1 0 0]
2025-02-23 18:18:17,979 - DEBUG -      2 |     3 |   1.5
2025-02-23 18:18:17,979 - DEBUG -     Sample: [1 0 0 0 0 1 0 0 1 1 0 0]
2025-02-23 18:18:17,979 - DEBUG -      3 |     2 |   1.0
2025-02-23 18:18:17,980 - DEBUG -     Sample: [1 0 1 1 0 1 0 1 0 0 0 0]
2025-02-23 18:18:17,980 - DEBUG -      4 |     2 |   1.0
2025-02-23 18:18:17,981 - DEBUG -     Sample: [1 0 1 1 1 0 1 1 1 1 0 0]
2025-02-23 18:18:17,981 - DEBUG -      5 |     2 |   1.0
2025-02-23 18:18:17,982 - DEBUG -     Sample: [1 1 1 1 0 0 1 0 1 0 0 0]
2025-02-23 18:18:17,983 - DEBUG - Generated 179 unique samples from 200 total measurements
2025-02-23 18:18:17,987 - INFO -   No feasible solution found in this iteration
2025-02-23 18:18:17,988 - INFO -   No new constraints added, lowered tau multiplier: 1.0 -> 0.9
2025-02-23 18:18:17,988 - INFO -   No new constraints added, lowered tau multiplier: 0.9 -> 0.8
2025-02-23 18:18:17,988 - INFO -   Added 1 new constraints: [12]
2025-02-23 18:18:17,988 - INFO - 
Iteration 15:
2025-02-23 18:18:17,989 - DEBUG - Generated Ising Hamiltonian
2025-02-23 18:18:18,210 - DEBUG - Optimizing QAOA circuit...
2025-02-23 18:18:19,824 - DEBUG - Circuit optimization successful
2025-02-23 18:18:19,824 - DEBUG - Circuit optimization successful, final value: -11948.123876123871
2025-02-23 18:18:19,824 - DEBUG - Sampling from optimized circuit...
2025-02-23 18:18:19,839 - DEBUG - Generated 111 unique samples from 200 total measurements
2025-02-23 18:18:19,840 - DEBUG - 
Top 5 most frequent samples:
2025-02-23 18:18:19,840 - DEBUG -   Rank | Count |   %   
2025-02-23 18:18:19,840 - DEBUG -   -----|-------|-------
2025-02-23 18:18:19,840 - DEBUG -      1 |    19 |   9.5
2025-02-23 18:18:19,840 - DEBUG -     Sample: [1 0 0 0 0 1 0 1 1 0 1 0]
2025-02-23 18:18:19,840 - DEBUG -      2 |    16 |   8.0
2025-02-23 18:18:19,841 - DEBUG -     Sample: [1 1 0 0 0 1 0 1 1 0 1 0]
2025-02-23 18:18:19,841 - DEBUG -      3 |     6 |   3.0
2025-02-23 18:18:19,841 - DEBUG -     Sample: [1 0 0 1 0 1 0 1 1 0 1 0]
2025-02-23 18:18:19,841 - DEBUG -      4 |     5 |   2.5
2025-02-23 18:18:19,841 - DEBUG -     Sample: [1 1 0 1 0 1 0 1 1 0 1 0]
2025-02-23 18:18:19,842 - DEBUG -      5 |     5 |   2.5
2025-02-23 18:18:19,842 - DEBUG -     Sample: [1 0 0 0 0 1 0 1 0 0 1 0]
2025-02-23 18:18:19,842 - DEBUG - Generated 111 unique samples from 200 total measurements
2025-02-23 18:18:19,844 - INFO -   No feasible solution found in this iteration
2025-02-23 18:18:19,845 - INFO -   No new constraints added, lowered tau multiplier: 1.0 -> 0.9
2025-02-23 18:18:19,845 - INFO -   Added 1 new constraints: [29]
2025-02-23 18:18:19,845 - INFO - 
Iteration 16:
2025-02-23 18:18:19,846 - DEBUG - Generated Ising Hamiltonian
2025-02-23 18:18:20,051 - DEBUG - Optimizing QAOA circuit...
2025-02-23 18:18:21,834 - DEBUG - Circuit optimization successful
2025-02-23 18:18:21,834 - DEBUG - Circuit optimization successful, final value: -1996.347652347652
2025-02-23 18:18:21,834 - DEBUG - Sampling from optimized circuit...
2025-02-23 18:18:21,850 - DEBUG - Generated 194 unique samples from 200 total measurements
2025-02-23 18:18:21,850 - DEBUG - 
Top 5 most frequent samples:
2025-02-23 18:18:21,850 - DEBUG -   Rank | Count |   %   
2025-02-23 18:18:21,850 - DEBUG -   -----|-------|-------
2025-02-23 18:18:21,850 - DEBUG -      1 |     3 |   1.5
2025-02-23 18:18:21,851 - DEBUG -     Sample: [1 1 1 1 1 1 1 1 0 1 0 0]
2025-02-23 18:18:21,851 - DEBUG -      2 |     2 |   1.0
2025-02-23 18:18:21,852 - DEBUG -     Sample: [1 1 1 0 1 0 0 0 1 0 1 0]
2025-02-23 18:18:21,852 - DEBUG -      3 |     2 |   1.0
2025-02-23 18:18:21,852 - DEBUG -     Sample: [1 0 1 0 1 1 0 1 1 1 0 0]
2025-02-23 18:18:21,852 - DEBUG -      4 |     2 |   1.0
2025-02-23 18:18:21,853 - DEBUG -     Sample: [0 0 1 1 1 0 1 1 0 0 1 0]
2025-02-23 18:18:21,853 - DEBUG -      5 |     2 |   1.0
2025-02-23 18:18:21,853 - DEBUG -     Sample: [1 1 1 0 0 1 1 1 1 1 1 1]
2025-02-23 18:18:21,854 - DEBUG - Generated 194 unique samples from 200 total measurements
2025-02-23 18:18:21,858 - INFO -   No feasible solution found in this iteration
2025-02-23 18:18:21,859 - INFO -   No new constraints added, lowered tau multiplier: 1.0 -> 0.9
2025-02-23 18:18:21,859 - INFO -   Added 4 new constraints: [8, 19, 20, 31]
2025-02-23 18:18:21,859 - INFO - 
Iteration 17:
2025-02-23 18:18:21,860 - DEBUG - Generated Ising Hamiltonian
2025-02-23 18:18:22,082 - DEBUG - Optimizing QAOA circuit...
2025-02-23 18:18:23,957 - DEBUG - Circuit optimization successful
2025-02-23 18:18:23,958 - DEBUG - Circuit optimization successful, final value: -2757.044955044955
2025-02-23 18:18:23,958 - DEBUG - Sampling from optimized circuit...
2025-02-23 18:18:23,975 - DEBUG - Generated 195 unique samples from 200 total measurements
2025-02-23 18:18:23,976 - DEBUG - 
Top 5 most frequent samples:
2025-02-23 18:18:23,977 - DEBUG -   Rank | Count |   %   
2025-02-23 18:18:23,977 - DEBUG -   -----|-------|-------
2025-02-23 18:18:23,977 - DEBUG -      1 |     2 |   1.0
2025-02-23 18:18:23,978 - DEBUG -     Sample: [0 1 0 0 0 0 1 0 0 0 0 0]
2025-02-23 18:18:23,978 - DEBUG -      2 |     2 |   1.0
2025-02-23 18:18:23,978 - DEBUG -     Sample: [0 1 1 1 0 0 0 0 0 0 1 0]
2025-02-23 18:18:23,978 - DEBUG -      3 |     2 |   1.0
2025-02-23 18:18:23,978 - DEBUG -     Sample: [1 1 0 1 0 0 0 0 1 0 1 1]
2025-02-23 18:18:23,979 - DEBUG -      4 |     2 |   1.0
2025-02-23 18:18:23,979 - DEBUG -     Sample: [1 1 1 1 0 0 0 1 1 0 1 0]
2025-02-23 18:18:23,980 - DEBUG -      5 |     2 |   1.0
2025-02-23 18:18:23,980 - DEBUG -     Sample: [0 1 0 1 0 0 1 0 0 1 1 1]
2025-02-23 18:18:23,981 - DEBUG - Generated 195 unique samples from 200 total measurements
2025-02-23 18:18:23,987 - INFO -   No feasible solution found in this iteration
2025-02-23 18:18:23,988 - INFO -   All constraints added, exiting
2025-02-23 18:18:23,988 - INFO -   Constraint generation found no feasible solution
2025-02-23 18:18:23,989 - INFO - 
Instance 92 results:
2025-02-23 18:18:23,989 - INFO -   Classical value: 279.0
2025-02-23 18:18:23,989 - INFO -   QAOA value: 0.0
2025-02-23 18:18:23,990 - INFO -   Constraint generation value: 0.0
2025-02-23 18:18:23,990 - INFO - 
Running instance 93/100
2025-02-23 18:18:23,993 - INFO - 
Running Classical Reference Solver (SCIP):
2025-02-23 18:18:23,995 - DEBUG - Problem dimensions: 40 constraints, 12 variables
2025-02-23 18:18:23,996 - DEBUG - Row names: ['ELEM1', 'ELEM2', 'ELEM3', 'ELEM4', 'ELEM5', 'ELEM6', 'ELEM7', 'ELEM8', 'ELEM9', 'ELEM10', 'ELEM11', 'ELEM12', 'ELEM13', 'ELEM14', 'ELEM15', 'ELEM16', 'ELEM17', 'ELEM18', 'ELEM19', 'ELEM20', 'ELEM21', 'ELEM22', 'ELEM23', 'ELEM24', 'ELEM25', 'ELEM26', 'ELEM27', 'ELEM28', 'ELEM29', 'ELEM30', 'ELEM31', 'ELEM32', 'ELEM33', 'ELEM34', 'ELEM35', 'ELEM36', 'ELEM37', 'ELEM38', 'ELEM39', 'ELEM40']
2025-02-23 18:18:23,996 - DEBUG - RHS values: {'ELEM1': 1.0, 'ELEM2': 1.0, 'ELEM3': 1.0, 'ELEM4': 1.0, 'ELEM5': 1.0, 'ELEM6': 1.0, 'ELEM7': 1.0, 'ELEM8': 1.0, 'ELEM9': 1.0, 'ELEM10': 1.0, 'ELEM11': 1.0, 'ELEM12': 1.0, 'ELEM13': 1.0, 'ELEM14': 1.0, 'ELEM15': 1.0, 'ELEM16': 1.0, 'ELEM17': 1.0, 'ELEM18': 1.0, 'ELEM19': 1.0, 'ELEM20': 1.0, 'ELEM21': 1.0, 'ELEM22': 1.0, 'ELEM23': 1.0, 'ELEM24': 1.0, 'ELEM25': 1.0, 'ELEM26': 1.0, 'ELEM27': 1.0, 'ELEM28': 1.0, 'ELEM29': 1.0, 'ELEM30': 1.0, 'ELEM31': 1.0, 'ELEM32': 1.0, 'ELEM33': 1.0, 'ELEM34': 1.0, 'ELEM35': 1.0, 'ELEM36': 1.0, 'ELEM37': 1.0, 'ELEM38': 1.0, 'ELEM39': 1.0, 'ELEM40': 1.0}
2025-02-23 18:18:24,012 - INFO -   Reference solution found:
2025-02-23 18:18:24,012 - INFO -     Solution: [0, 1, 0, 0, 0, 0, 0, 1, 0, 1, 0, 0]
2025-02-23 18:18:24,013 - INFO -     Value: 202.0
2025-02-23 18:18:24,013 - INFO - 
Running QAOA Reference Solution (with all constraints):
