
Problem information:
  Number of variables (n): 12
  Number of constraints (m): 40

Starting reference QAOA with parameters:
  sample_size (total shots): 200
Added all constraints
No feasible solution found
  QAOA solver found no feasible solution

Running Constraint Generation:

Problem information:
  Number of variables (n): 12
  Number of constraints (m): 40

Running classical reference solver:
  Reference solution found:
    Solution: [0, 0, 1, 0, 0, 0, 0, 1, 0, 1, 0, 1]
    Value: 279.0

Starting quantum constraint generation with parameters:
  sample_size (total shots): 200
  tau: 0.1
  max_iters: 1000

Iteration 0:
  No feasible solution found in this iteration
  Added 3 new constraints: [26, 32, 35]

Iteration 1:
  No feasible solution found in this iteration
  No new constraints added, lowered tau multiplier: 1.0 -> 0.9
  No new constraints added, lowered tau multiplier: 0.9 -> 0.8
  Added 5 new constraints: [1, 9, 14, 17, 24]

Iteration 2:
  No feasible solution found in this iteration
  No new constraints added, lowered tau multiplier: 1.0 -> 0.9
  Added 1 new constraints: [3]

Iteration 3:
  No feasible solution found in this iteration
  Added 1 new constraints: [0]

Iteration 4:
  No feasible solution found in this iteration
  Added 3 new constraints: [4, 23, 36]

Iteration 5:
  No feasible solution found in this iteration
  Added 1 new constraints: [39]

Iteration 6:
  No feasible solution found in this iteration
  Added 1 new constraints: [28]

Iteration 7:
  No feasible solution found in this iteration
  Added 1 new constraints: [18]

Iteration 8:
  No feasible solution found in this iteration
  No new constraints added, lowered tau multiplier: 1.0 -> 0.9
  No new constraints added, lowered tau multiplier: 0.9 -> 0.8
  Added 1 new constraints: [10]

Iteration 9:
  No feasible solution found in this iteration
  No new constraints added, lowered tau multiplier: 1.0 -> 0.9
  Added 1 new constraints: [15]

Iteration 10:
  No feasible solution found in this iteration
  No new constraints added, lowered tau multiplier: 1.0 -> 0.9
  Added 1 new constraints: [34]

Iteration 11:
  No feasible solution found in this iteration
  Added 1 new constraints: [6]

Iteration 12:
  No feasible solution found in this iteration
  No new constraints added, lowered tau multiplier: 1.0 -> 0.9
  Added 11 new constraints: [5, 7, 11, 16, 21, 22, 25, 27, 30, 33, 38]

Iteration 13:
  No feasible solution found in this iteration
  No new constraints added, lowered tau multiplier: 1.0 -> 0.9
  No new constraints added, lowered tau multiplier: 0.9 -> 0.8
  Added 3 new constraints: [2, 13, 37]

Iteration 14:
  No feasible solution found in this iteration
  No new constraints added, lowered tau multiplier: 1.0 -> 0.9
  No new constraints added, lowered tau multiplier: 0.9 -> 0.8
  Added 1 new constraints: [12]

Iteration 15:
  No feasible solution found in this iteration
  No new constraints added, lowered tau multiplier: 1.0 -> 0.9
  Added 1 new constraints: [29]

Iteration 16:
  No feasible solution found in this iteration
  No new constraints added, lowered tau multiplier: 1.0 -> 0.9
  Added 4 new constraints: [8, 19, 20, 31]

Iteration 17:
  No feasible solution found in this iteration
  All constraints added, exiting
  Constraint generation found no feasible solution

Instance 92 results:
  Classical value: 279.0
  QAOA value: 0.0
  Constraint generation value: 0.0

Running instance 93/100

Running Classical Reference Solver (SCIP):
  Reference solution found:
    Solution: [0, 1, 0, 0, 0, 0, 0, 1, 0, 1, 0, 0]
    Value: 202.0

Running QAOA Reference Solution (with all constraints):
