2025-02-23 17:51:28,183 - INFO - 
Problem information:
2025-02-23 17:51:28,184 - INFO -   Number of variables (n): 12
2025-02-23 17:51:28,184 - INFO -   Number of constraints (m): 40
2025-02-23 17:51:28,184 - DEBUG -   Density of A: 17.92%
2025-02-23 17:51:28,184 - INFO - 
Starting reference QAOA with parameters:
2025-02-23 17:51:28,184 - INFO -   sample_size (total shots): 200
2025-02-23 17:51:28,185 - INFO - Added all constraints
2025-02-23 17:51:28,185 - DEBUG - Generated Ising Hamiltonian
2025-02-23 17:51:28,401 - DEBUG - Optimizing QAOA circuit...
2025-02-23 17:51:30,522 - DEBUG - Circuit optimization successful
2025-02-23 17:51:30,522 - DEBUG - Circuit optimization successful, final value: 19641.460039960035
2025-02-23 17:51:30,522 - DEBUG - Sampling from optimized circuit...
2025-02-23 17:51:30,542 - DEBUG - Generated 190 unique samples from 200 total measurements
2025-02-23 17:51:30,542 - DEBUG - 
Top 5 most frequent samples:
2025-02-23 17:51:30,543 - DEBUG -   Rank | Count |   %   
2025-02-23 17:51:30,543 - DEBUG -   -----|-------|-------
2025-02-23 17:51:30,543 - DEBUG -      1 |     2 |   1.0
2025-02-23 17:51:30,543 - DEBUG -     Sample: [1 0 1 0 0 1 0 0 0 1 1 0]
2025-02-23 17:51:30,544 - DEBUG -      2 |     2 |   1.0
2025-02-23 17:51:30,544 - DEBUG -     Sample: [1 1 1 0 0 1 1 0 1 0 0 0]
2025-02-23 17:51:30,544 - DEBUG -      3 |     2 |   1.0
2025-02-23 17:51:30,545 - DEBUG -     Sample: [1 1 1 1 0 0 1 1 1 1 0 1]
2025-02-23 17:51:30,545 - DEBUG -      4 |     2 |   1.0
2025-02-23 17:51:30,545 - DEBUG -     Sample: [0 1 0 0 1 1 1 0 0 0 0 0]
2025-02-23 17:51:30,546 - DEBUG -      5 |     2 |   1.0
2025-02-23 17:51:30,546 - DEBUG -     Sample: [0 1 1 0 1 0 0 0 1 1 1 0]
2025-02-23 17:51:30,547 - DEBUG - Generated 190 unique samples from 200 total measurements
2025-02-23 17:51:30,551 - INFO - No feasible solution found
2025-02-23 17:51:30,552 - INFO -   QAOA solver found no feasible solution
2025-02-23 17:51:30,552 - INFO - 
Running Constraint Generation:
2025-02-23 17:51:30,554 - INFO - 
Problem information:
2025-02-23 17:51:30,554 - INFO -   Number of variables (n): 12
2025-02-23 17:51:30,554 - INFO -   Number of constraints (m): 40
2025-02-23 17:51:30,554 - DEBUG -   Density of A: 17.92%
2025-02-23 17:51:30,554 - INFO - 
Running classical reference solver:
2025-02-23 17:51:30,566 - INFO -   Reference solution found:
2025-02-23 17:51:30,567 - INFO -     Solution: [0, 0, 1, 1, 0, 0, 1, 0, 1, 0, 0, 0]
2025-02-23 17:51:30,567 - INFO -     Value: 215.00000000000003
2025-02-23 17:51:30,568 - INFO - 
Starting quantum constraint generation with parameters:
2025-02-23 17:51:30,568 - INFO -   sample_size (total shots): 200
2025-02-23 17:51:30,568 - INFO -   tau: 0.1
2025-02-23 17:51:30,569 - INFO -   max_iters: 1000
2025-02-23 17:51:30,569 - INFO - 
Iteration 0:
2025-02-23 17:51:30,569 - DEBUG - Generated Ising Hamiltonian
2025-02-23 17:51:30,813 - DEBUG - Optimizing QAOA circuit...
2025-02-23 17:51:32,115 - DEBUG - Circuit optimization successful
2025-02-23 17:51:32,115 - DEBUG - Circuit optimization successful, final value: -130.9000999000999
2025-02-23 17:51:32,115 - DEBUG - Sampling from optimized circuit...
2025-02-23 17:51:32,130 - DEBUG - Generated 66 unique samples from 200 total measurements
2025-02-23 17:51:32,130 - DEBUG - 
Top 5 most frequent samples:
2025-02-23 17:51:32,130 - DEBUG -   Rank | Count |   %   
2025-02-23 17:51:32,130 - DEBUG -   -----|-------|-------
2025-02-23 17:51:32,130 - DEBUG -      1 |    36 |  18.0
2025-02-23 17:51:32,131 - DEBUG -     Sample: [1 1 1 0 0 1 1 1 1 0 1 0]
2025-02-23 17:51:32,131 - DEBUG -      2 |    22 |  11.0
2025-02-23 17:51:32,131 - DEBUG -     Sample: [1 1 1 0 0 1 1 1 1 0 0 0]
2025-02-23 17:51:32,131 - DEBUG -      3 |    13 |   6.5
2025-02-23 17:51:32,132 - DEBUG -     Sample: [1 1 1 0 0 1 1 1 1 0 1 1]
2025-02-23 17:51:32,132 - DEBUG -      4 |    11 |   5.5
2025-02-23 17:51:32,132 - DEBUG -     Sample: [1 1 1 0 0 1 1 1 0 0 1 0]
2025-02-23 17:51:32,132 - DEBUG -      5 |     7 |   3.5
2025-02-23 17:51:32,132 - DEBUG -     Sample: [1 1 1 0 1 1 1 1 1 0 1 0]
2025-02-23 17:51:32,133 - DEBUG - Generated 66 unique samples from 200 total measurements
2025-02-23 17:51:32,136 - INFO -   No feasible solution found in this iteration
2025-02-23 17:51:32,137 - INFO -   Added 1 new constraints: [30]
2025-02-23 17:51:32,137 - INFO - 
Iteration 1:
2025-02-23 17:51:32,138 - DEBUG - Generated Ising Hamiltonian
2025-02-23 17:51:32,381 - DEBUG - Optimizing QAOA circuit...
2025-02-23 17:51:33,381 - DEBUG - Circuit optimization successful
2025-02-23 17:51:33,381 - DEBUG - Circuit optimization successful, final value: -1454.7060439560435
2025-02-23 17:51:33,381 - DEBUG - Sampling from optimized circuit...
2025-02-23 17:51:33,394 - DEBUG - Generated 89 unique samples from 200 total measurements
2025-02-23 17:51:33,394 - DEBUG - 
Top 5 most frequent samples:
2025-02-23 17:51:33,394 - DEBUG -   Rank | Count |   %   
2025-02-23 17:51:33,395 - DEBUG -   -----|-------|-------
2025-02-23 17:51:33,395 - DEBUG -      1 |    26 |  13.0
2025-02-23 17:51:33,395 - DEBUG -     Sample: [1 1 1 1 0 1 0 0 1 1 0 1]
2025-02-23 17:51:33,395 - DEBUG -      2 |    15 |   7.5
2025-02-23 17:51:33,395 - DEBUG -     Sample: [1 1 1 1 0 1 0 0 0 1 0 1]
2025-02-23 17:51:33,395 - DEBUG -      3 |    10 |   5.0
2025-02-23 17:51:33,395 - DEBUG -     Sample: [1 1 1 1 0 1 0 0 1 0 0 1]
2025-02-23 17:51:33,396 - DEBUG -      4 |     8 |   4.0
2025-02-23 17:51:33,396 - DEBUG -     Sample: [1 1 1 1 0 1 0 0 1 1 0 0]
2025-02-23 17:51:33,396 - DEBUG -      5 |     8 |   4.0
2025-02-23 17:51:33,396 - DEBUG -     Sample: [1 1 0 1 0 1 0 0 1 1 0 1]
2025-02-23 17:51:33,396 - DEBUG - Generated 89 unique samples from 200 total measurements
2025-02-23 17:51:33,398 - INFO -   No feasible solution found in this iteration
2025-02-23 17:51:33,398 - INFO -   Added 2 new constraints: [31, 35]
2025-02-23 17:51:33,398 - INFO - 
Iteration 2:
2025-02-23 17:51:33,399 - DEBUG - Generated Ising Hamiltonian
2025-02-23 17:51:33,599 - DEBUG - Optimizing QAOA circuit...
2025-02-23 17:51:34,685 - DEBUG - Circuit optimization successful
2025-02-23 17:51:34,685 - DEBUG - Circuit optimization successful, final value: -6923.946303696304
2025-02-23 17:51:34,686 - DEBUG - Sampling from optimized circuit...
2025-02-23 17:51:34,703 - DEBUG - Generated 148 unique samples from 200 total measurements
2025-02-23 17:51:34,704 - DEBUG - 
Top 5 most frequent samples:
2025-02-23 17:51:34,704 - DEBUG -   Rank | Count |   %   
2025-02-23 17:51:34,705 - DEBUG -   -----|-------|-------
2025-02-23 17:51:34,705 - DEBUG -      1 |     5 |   2.5
2025-02-23 17:51:34,705 - DEBUG -     Sample: [1 0 1 0 1 0 0 0 1 1 0 0]
2025-02-23 17:51:34,706 - DEBUG -      2 |     5 |   2.5
2025-02-23 17:51:34,706 - DEBUG -     Sample: [1 0 1 0 1 0 1 0 1 1 0 1]
2025-02-23 17:51:34,706 - DEBUG -      3 |     4 |   2.0
2025-02-23 17:51:34,706 - DEBUG -     Sample: [1 0 1 1 1 0 1 0 1 1 0 0]
2025-02-23 17:51:34,706 - DEBUG -      4 |     4 |   2.0
2025-02-23 17:51:34,707 - DEBUG -     Sample: [1 0 1 0 1 0 1 0 1 1 0 0]
2025-02-23 17:51:34,707 - DEBUG -      5 |     4 |   2.0
2025-02-23 17:51:34,707 - DEBUG -     Sample: [0 0 1 0 0 0 0 0 1 1 1 0]
2025-02-23 17:51:34,708 - DEBUG - Generated 148 unique samples from 200 total measurements
2025-02-23 17:51:34,711 - INFO -   No feasible solution found in this iteration
2025-02-23 17:51:34,712 - INFO -   Added 1 new constraints: [36]
2025-02-23 17:51:34,712 - INFO - 
Iteration 3:
2025-02-23 17:51:34,712 - DEBUG - Generated Ising Hamiltonian
2025-02-23 17:51:34,945 - DEBUG - Optimizing QAOA circuit...
2025-02-23 17:51:35,977 - DEBUG - Circuit optimization successful
2025-02-23 17:51:35,977 - DEBUG - Circuit optimization successful, final value: -8001.926573426574
2025-02-23 17:51:35,977 - DEBUG - Sampling from optimized circuit...
2025-02-23 17:51:35,992 - DEBUG - Generated 145 unique samples from 200 total measurements
2025-02-23 17:51:35,993 - DEBUG - 
Top 5 most frequent samples:
2025-02-23 17:51:35,993 - DEBUG -   Rank | Count |   %   
2025-02-23 17:51:35,994 - DEBUG -   -----|-------|-------
2025-02-23 17:51:35,994 - DEBUG -      1 |     5 |   2.5
2025-02-23 17:51:35,994 - DEBUG -     Sample: [1 0 1 0 0 0 0 0 1 0 0 1]
2025-02-23 17:51:35,995 - DEBUG -      2 |     4 |   2.0
2025-02-23 17:51:35,995 - DEBUG -     Sample: [1 0 1 0 1 0 0 0 1 0 0 0]
2025-02-23 17:51:35,995 - DEBUG -      3 |     4 |   2.0
2025-02-23 17:51:35,995 - DEBUG -     Sample: [1 0 1 1 0 0 1 0 1 0 0 1]
2025-02-23 17:51:35,995 - DEBUG -      4 |     3 |   1.5
2025-02-23 17:51:35,996 - DEBUG -     Sample: [1 0 1 0 1 0 1 0 1 0 0 1]
2025-02-23 17:51:35,996 - DEBUG -      5 |     3 |   1.5
2025-02-23 17:51:35,996 - DEBUG -     Sample: [0 0 1 0 1 0 0 0 1 0 0 0]
2025-02-23 17:51:35,997 - DEBUG - Generated 145 unique samples from 200 total measurements
2025-02-23 17:51:35,997 - INFO - Found feasible solution: [0 0 1 1 0 0 1 0 1 0 0 0] with objective value 215.0
2025-02-23 17:51:36,000 - INFO -   Found feasible solution:
2025-02-23 17:51:36,000 - INFO -     Solution: [0, 0, 1, 1, 0, 0, 1, 0, 1, 0, 0, 0]
2025-02-23 17:51:36,000 - INFO -     Value: 215.0
2025-02-23 17:51:36,001 - INFO -     Gap to reference: -0.00%
2025-02-23 17:51:36,001 - INFO -   Constraint generation solution found:
2025-02-23 17:51:36,001 - INFO -     Solution: [0, 0, 1, 1, 0, 0, 1, 0, 1, 0, 0, 0]
2025-02-23 17:51:36,001 - INFO -     Value: 215.0
2025-02-23 17:51:36,001 - INFO - 
Instance 13 results:
2025-02-23 17:51:36,002 - INFO -   Classical value: 215.00000000000003
2025-02-23 17:51:36,002 - INFO -   QAOA value: 0.0
2025-02-23 17:51:36,002 - INFO -   Constraint generation value: 215.0
2025-02-23 17:51:36,003 - INFO - 
Running instance 14/100
2025-02-23 17:51:36,005 - INFO - 
Running Classical Reference Solver (SCIP):
2025-02-23 17:51:36,006 - DEBUG - Problem dimensions: 40 constraints, 12 variables
2025-02-23 17:51:36,007 - DEBUG - Row names: ['ELEM1', 'ELEM2', 'ELEM3', 'ELEM4', 'ELEM5', 'ELEM6', 'ELEM7', 'ELEM8', 'ELEM9', 'ELEM10', 'ELEM11', 'ELEM12', 'ELEM13', 'ELEM14', 'ELEM15', 'ELEM16', 'ELEM17', 'ELEM18', 'ELEM19', 'ELEM20', 'ELEM21', 'ELEM22', 'ELEM23', 'ELEM24', 'ELEM25', 'ELEM26', 'ELEM27', 'ELEM28', 'ELEM29', 'ELEM30', 'ELEM31', 'ELEM32', 'ELEM33', 'ELEM34', 'ELEM35', 'ELEM36', 'ELEM37', 'ELEM38', 'ELEM39', 'ELEM40']
2025-02-23 17:51:36,007 - DEBUG - RHS values: {'ELEM1': 1.0, 'ELEM2': 1.0, 'ELEM3': 1.0, 'ELEM4': 1.0, 'ELEM5': 1.0, 'ELEM6': 1.0, 'ELEM7': 1.0, 'ELEM8': 1.0, 'ELEM9': 1.0, 'ELEM10': 1.0, 'ELEM11': 1.0, 'ELEM12': 1.0, 'ELEM13': 1.0, 'ELEM14': 1.0, 'ELEM15': 1.0, 'ELEM16': 1.0, 'ELEM17': 1.0, 'ELEM18': 1.0, 'ELEM19': 1.0, 'ELEM20': 1.0, 'ELEM21': 1.0, 'ELEM22': 1.0, 'ELEM23': 1.0, 'ELEM24': 1.0, 'ELEM25': 1.0, 'ELEM26': 1.0, 'ELEM27': 1.0, 'ELEM28': 1.0, 'ELEM29': 1.0, 'ELEM30': 1.0, 'ELEM31': 1.0, 'ELEM32': 1.0, 'ELEM33': 1.0, 'ELEM34': 1.0, 'ELEM35': 1.0, 'ELEM36': 1.0, 'ELEM37': 1.0, 'ELEM38': 1.0, 'ELEM39': 1.0, 'ELEM40': 1.0}
2025-02-23 17:51:36,019 - INFO -   Reference solution found:
2025-02-23 17:51:36,019 - INFO -     Solution: [1, 0, 1, 1, 0, 1, 0, 1, 0, 0, 0, 0]
2025-02-23 17:51:36,020 - INFO -     Value: 238.0
2025-02-23 17:51:36,020 - INFO - 
Running QAOA Reference Solution (with all constraints):
