
Problem information:
  Number of variables (n): 8
  Number of constraints (m): 25

Starting reference QAOA with parameters:
  sample_size (total shots): 500
Added all constraints
Found feasible solution: [0 0 1 0 1 0 0 1] with objective value 128.0
Found feasible solution:
  Solution: [0, 0, 1, 0, 1, 0, 0, 1]
  Value: 128.0
  QAOA solution found:
    Solution: [0, 0, 1, 0, 1, 0, 0, 1]
    Value: 128.0

Running Constraint Generation:

Problem information:
  Number of variables (n): 8
  Number of constraints (m): 25

Running classical reference solver:
  Reference solution found:
    Solution: [0, 0, 1, 0, 1, 0, 0, 1]
    Value: 128.0

Starting quantum constraint generation with parameters:
  sample_size (total shots): 500
  tau: 0.1
  max_iters: 1000

Iteration 0:
  No feasible solution found in this iteration
  Added 1 new constraints: [23]

Iteration 1:
  No feasible solution found in this iteration
  No new constraints added, lowered tau multiplier: 1.0 -> 0.9
  Added 1 new constraints: [0]

Iteration 2:
  No feasible solution found in this iteration
  No new constraints added, lowered tau multiplier: 1.0 -> 0.9
  No new constraints added, lowered tau multiplier: 0.9 -> 0.8
  Added 8 new constraints: [1, 7, 8, 13, 14, 15, 16, 19]

Iteration 3:
Found feasible solution: [0 0 1 0 1 0 0 1] with objective value 128.0
Found feasible solution: [0 0 0 1 0 1 1 0] with objective value 138.0
  Found feasible solution:
    Solution: [0, 0, 1, 0, 1, 0, 0, 1]
    Value: 128.0
    Gap to reference: 0.00%
  Constraint generation solution found:
    Solution: [0, 0, 1, 0, 1, 0, 0, 1]
    Value: 128.0

Instance 56 results:
  Classical value: 128.0
  QAOA value: 128.0
  Constraint generation value: 128.0

Running instance 57/100

Running Classical Reference Solver (SCIP):
  Reference solution found:
    Solution: [0, 0, 0, 1, 0, 0, 1, 1]
    Value: 88.00000000000003

Running QAOA Reference Solution (with all constraints):
