
Problem information:
  Number of variables (n): 12
  Number of constraints (m): 40

Starting reference QAOA with parameters:
  sample_size (total shots): 200
Added all constraints
Found feasible solution: [0 0 0 0 0 0 0 0 0 1 1 1] with objective value 238.0
Found feasible solution:
  Solution: [0, 0, 0, 0, 0, 0, 0, 0, 0, 1, 1, 1]
  Value: 238.0
  QAOA solution found:
    Solution: [0, 0, 0, 0, 0, 0, 0, 0, 0, 1, 1, 1]
    Value: 238.0

Running Constraint Generation:

Problem information:
  Number of variables (n): 12
  Number of constraints (m): 40

Running classical reference solver:
  Reference solution found:
    Solution: [1, 1, 1, 0, 0, 0, 0, 0, 0, 0, 0, 0]
    Value: 141.0

Starting quantum constraint generation with parameters:
  sample_size (total shots): 200
  tau: 0.1
  max_iters: 1000

Iteration 0:
  No feasible solution found in this iteration
  Added 1 new constraints: [25]

Iteration 1:
  No feasible solution found in this iteration
  Added 1 new constraints: [8]

Iteration 2:
  No feasible solution found in this iteration
  Added 2 new constraints: [10, 17]

Iteration 3:
  No feasible solution found in this iteration
  Added 1 new constraints: [20]

Iteration 4:
  No feasible solution found in this iteration
  No new constraints added, lowered tau multiplier: 1.0 -> 0.9
  Added 3 new constraints: [5, 6, 22]

Iteration 5:
  No feasible solution found in this iteration
  No new constraints added, lowered tau multiplier: 1.0 -> 0.9
  Added 2 new constraints: [13, 23]

Iteration 6:
  No feasible solution found in this iteration
  No new constraints added, lowered tau multiplier: 1.0 -> 0.9
  No new constraints added, lowered tau multiplier: 0.9 -> 0.8
  Added 2 new constraints: [30, 32]

Iteration 7:
  No feasible solution found in this iteration
  Added 1 new constraints: [34]

Iteration 8:
  No feasible solution found in this iteration
  No new constraints added, lowered tau multiplier: 1.0 -> 0.9
  Added 2 new constraints: [3, 36]

Iteration 9:
Found feasible solution: [1 1 1 0 0 0 0 0 0 0 0 0] with objective value 141.0
  Found feasible solution:
    Solution: [1, 1, 1, 0, 0, 0, 0, 0, 0, 0, 0, 0]
    Value: 141.0
    Gap to reference: 0.00%
  Constraint generation solution found:
    Solution: [1, 1, 1, 0, 0, 0, 0, 0, 0, 0, 0, 0]
    Value: 141.0

Instance 34 results:
  Classical value: 141.0
  QAOA value: 238.0
  Constraint generation value: 141.0

Running instance 35/100

Running Classical Reference Solver (SCIP):
  Reference solution found:
    Solution: [0, 1, 1, 0, 0, 1, 0, 0, 1, 1, 1, 0]
    Value: 272.0

Running QAOA Reference Solution (with all constraints):
