2025-02-24 15:25:59,487 - INFO - 
Problem information:
2025-02-24 15:25:59,487 - INFO -   Number of variables (n): 12
2025-02-24 15:25:59,487 - INFO -   Number of constraints (m): 40
2025-02-24 15:25:59,487 - DEBUG -   Density of A: 22.29%
2025-02-24 15:25:59,488 - INFO - 
Starting reference QAOA with parameters:
2025-02-24 15:25:59,488 - INFO -   sample_size (total shots): 1000
2025-02-24 15:25:59,488 - INFO - Added all constraints
2025-02-24 15:25:59,488 - DEBUG - Generated Ising Hamiltonian
2025-02-24 15:25:59,774 - DEBUG - Optimizing QAOA circuit...
2025-02-24 15:26:03,753 - DEBUG - Circuit optimization successful
2025-02-24 15:26:03,754 - DEBUG - Circuit optimization successful, final value: -2877.344155844152
2025-02-24 15:26:03,754 - DEBUG - Sampling from optimized circuit...
2025-02-24 15:26:03,798 - DEBUG - Generated 780 unique samples from 1000 total measurements
2025-02-24 15:26:03,799 - DEBUG - 
Top 5 most frequent samples:
2025-02-24 15:26:03,799 - DEBUG -   Rank | Count |   %   
2025-02-24 15:26:03,799 - DEBUG -   -----|-------|-------
2025-02-24 15:26:03,799 - DEBUG -      1 |     5 |   0.5
2025-02-24 15:26:03,799 - DEBUG -     Sample: [0 1 0 0 1 1 1 1 0 1 0 0]
2025-02-24 15:26:03,800 - DEBUG -      2 |     4 |   0.4
2025-02-24 15:26:03,800 - DEBUG -     Sample: [0 1 0 0 1 1 1 1 1 1 0 0]
2025-02-24 15:26:03,800 - DEBUG -      3 |     4 |   0.4
2025-02-24 15:26:03,800 - DEBUG -     Sample: [1 0 1 0 1 1 1 1 0 1 0 0]
2025-02-24 15:26:03,800 - DEBUG -      4 |     4 |   0.4
2025-02-24 15:26:03,800 - DEBUG -     Sample: [0 0 1 0 1 1 1 1 1 1 0 0]
2025-02-24 15:26:03,800 - DEBUG -      5 |     4 |   0.4
2025-02-24 15:26:03,801 - DEBUG -     Sample: [0 1 0 1 0 1 1 1 0 0 0 0]
2025-02-24 15:26:03,802 - DEBUG - Generated 780 unique samples from 1000 total measurements
2025-02-24 15:26:03,815 - INFO - No feasible solution found
2025-02-24 15:26:03,816 - INFO -   QAOA solver found no feasible solution
2025-02-24 15:26:03,816 - INFO - 
Running Constraint Generation:
2025-02-24 15:26:03,817 - INFO - 
Problem information:
2025-02-24 15:26:03,818 - INFO -   Number of variables (n): 12
2025-02-24 15:26:03,818 - INFO -   Number of constraints (m): 40
2025-02-24 15:26:03,818 - DEBUG -   Density of A: 22.29%
2025-02-24 15:26:03,818 - INFO - 
Running classical reference solver:
2025-02-24 15:26:03,829 - INFO -   Reference solution found:
2025-02-24 15:26:03,829 - INFO -     Solution: [1, 0, 0, 0, 0, 0, 1, 0, 1, 1, 0, 0]
2025-02-24 15:26:03,829 - INFO -     Value: 194.0
2025-02-24 15:26:03,829 - INFO - 
Starting quantum constraint generation with parameters:
2025-02-24 15:26:03,829 - INFO -   sample_size (total shots): 1000
2025-02-24 15:26:03,829 - INFO -   tau: 0.1
2025-02-24 15:26:03,830 - INFO -   max_iters: 1000
2025-02-24 15:26:03,830 - INFO - 
Iteration 0:
2025-02-24 15:26:03,830 - DEBUG - Generated Ising Hamiltonian
2025-02-24 15:26:04,026 - DEBUG - Optimizing QAOA circuit...
2025-02-24 15:26:05,601 - DEBUG - Circuit optimization successful
2025-02-24 15:26:05,601 - DEBUG - Circuit optimization successful, final value: -529.2347652347652
2025-02-24 15:26:05,602 - DEBUG - Sampling from optimized circuit...
2025-02-24 15:26:05,621 - DEBUG - Generated 153 unique samples from 1000 total measurements
2025-02-24 15:26:05,621 - DEBUG - 
Top 5 most frequent samples:
2025-02-24 15:26:05,621 - DEBUG -   Rank | Count |   %   
2025-02-24 15:26:05,621 - DEBUG -   -----|-------|-------
2025-02-24 15:26:05,621 - DEBUG -      1 |   114 |  11.4
2025-02-24 15:26:05,621 - DEBUG -     Sample: [1 1 1 1 1 1 1 1 1 1 1 1]
2025-02-24 15:26:05,622 - DEBUG -      2 |   102 |  10.2
2025-02-24 15:26:05,622 - DEBUG -     Sample: [1 1 0 1 1 1 1 1 1 1 1 1]
2025-02-24 15:26:05,622 - DEBUG -      3 |   101 |  10.1
2025-02-24 15:26:05,622 - DEBUG -     Sample: [1 1 1 1 1 1 0 1 1 1 1 1]
2025-02-24 15:26:05,622 - DEBUG -      4 |    64 |   6.4
2025-02-24 15:26:05,623 - DEBUG -     Sample: [1 1 0 1 1 1 0 1 1 1 1 1]
2025-02-24 15:26:05,623 - DEBUG -      5 |    63 |   6.3
2025-02-24 15:26:05,623 - DEBUG -     Sample: [1 0 1 1 1 1 1 1 1 1 1 1]
2025-02-24 15:26:05,624 - DEBUG - Generated 153 unique samples from 1000 total measurements
2025-02-24 15:26:05,627 - INFO -   No feasible solution found in this iteration
2025-02-24 15:26:05,627 - INFO -   Added 1 new constraints: [16]
2025-02-24 15:26:05,627 - INFO - 
Iteration 1:
2025-02-24 15:26:05,628 - DEBUG - Generated Ising Hamiltonian
2025-02-24 15:26:05,832 - DEBUG - Optimizing QAOA circuit...
2025-02-24 15:26:07,683 - DEBUG - Circuit optimization successful
2025-02-24 15:26:07,683 - DEBUG - Circuit optimization successful, final value: -10037.615384615387
2025-02-24 15:26:07,683 - DEBUG - Sampling from optimized circuit...
2025-02-24 15:26:07,706 - DEBUG - Generated 200 unique samples from 1000 total measurements
2025-02-24 15:26:07,706 - DEBUG - 
Top 5 most frequent samples:
2025-02-24 15:26:07,706 - DEBUG -   Rank | Count |   %   
2025-02-24 15:26:07,707 - DEBUG -   -----|-------|-------
2025-02-24 15:26:07,707 - DEBUG -      1 |   102 |  10.2
2025-02-24 15:26:07,707 - DEBUG -     Sample: [1 0 1 0 1 1 1 1 0 1 1 0]
2025-02-24 15:26:07,707 - DEBUG -      2 |    82 |   8.2
2025-02-24 15:26:07,707 - DEBUG -     Sample: [1 0 0 0 1 1 1 1 0 1 1 0]
2025-02-24 15:26:07,707 - DEBUG -      3 |    78 |   7.8
2025-02-24 15:26:07,707 - DEBUG -     Sample: [1 0 1 0 1 1 0 1 0 1 1 0]
2025-02-24 15:26:07,708 - DEBUG -      4 |    59 |   5.9
2025-02-24 15:26:07,708 - DEBUG -     Sample: [1 0 0 0 1 1 0 1 0 1 1 0]
2025-02-24 15:26:07,708 - DEBUG -      5 |    47 |   4.7
2025-02-24 15:26:07,708 - DEBUG -     Sample: [1 1 1 0 1 1 0 1 0 1 1 0]
2025-02-24 15:26:07,709 - DEBUG - Generated 200 unique samples from 1000 total measurements
2025-02-24 15:26:07,712 - INFO -   No feasible solution found in this iteration
2025-02-24 15:26:07,713 - INFO -   Added 1 new constraints: [13]
2025-02-24 15:26:07,713 - INFO - 
Iteration 2:
2025-02-24 15:26:07,713 - DEBUG - Generated Ising Hamiltonian
2025-02-24 15:26:07,976 - DEBUG - Optimizing QAOA circuit...
2025-02-24 15:26:10,237 - DEBUG - Circuit optimization successful
2025-02-24 15:26:10,238 - DEBUG - Circuit optimization successful, final value: -10547.775724275723
2025-02-24 15:26:10,238 - DEBUG - Sampling from optimized circuit...
2025-02-24 15:26:10,268 - DEBUG - Generated 456 unique samples from 1000 total measurements
2025-02-24 15:26:10,269 - DEBUG - 
Top 5 most frequent samples:
2025-02-24 15:26:10,269 - DEBUG -   Rank | Count |   %   
2025-02-24 15:26:10,269 - DEBUG -   -----|-------|-------
2025-02-24 15:26:10,269 - DEBUG -      1 |    26 |   2.6
2025-02-24 15:26:10,269 - DEBUG -     Sample: [0 0 1 0 0 1 1 1 0 0 0 0]
2025-02-24 15:26:10,269 - DEBUG -      2 |    24 |   2.4
2025-02-24 15:26:10,270 - DEBUG -     Sample: [0 0 1 0 0 1 1 0 0 0 0 0]
2025-02-24 15:26:10,270 - DEBUG -      3 |    20 |   2.0
2025-02-24 15:26:10,270 - DEBUG -     Sample: [0 0 1 0 0 1 1 1 1 0 0 0]
2025-02-24 15:26:10,270 - DEBUG -      4 |    17 |   1.7
2025-02-24 15:26:10,270 - DEBUG -     Sample: [0 0 1 1 0 1 1 0 0 0 0 0]
2025-02-24 15:26:10,270 - DEBUG -      5 |    16 |   1.6
2025-02-24 15:26:10,271 - DEBUG -     Sample: [0 0 1 0 0 1 0 1 0 0 0 0]
2025-02-24 15:26:10,272 - DEBUG - Generated 456 unique samples from 1000 total measurements
2025-02-24 15:26:10,280 - INFO -   No feasible solution found in this iteration
2025-02-24 15:26:10,281 - INFO -   Added 1 new constraints: [7]
2025-02-24 15:26:10,282 - INFO - 
Iteration 3:
2025-02-24 15:26:10,282 - DEBUG - Generated Ising Hamiltonian
2025-02-24 15:26:10,537 - DEBUG - Optimizing QAOA circuit...
2025-02-24 15:26:13,383 - DEBUG - Circuit optimization successful
2025-02-24 15:26:13,384 - DEBUG - Circuit optimization successful, final value: -2323.690809190808
2025-02-24 15:26:13,384 - DEBUG - Sampling from optimized circuit...
2025-02-24 15:26:13,416 - DEBUG - Generated 406 unique samples from 1000 total measurements
2025-02-24 15:26:13,417 - DEBUG - 
Top 5 most frequent samples:
2025-02-24 15:26:13,417 - DEBUG -   Rank | Count |   %   
2025-02-24 15:26:13,418 - DEBUG -   -----|-------|-------
2025-02-24 15:26:13,418 - DEBUG -      1 |    53 |   5.3
2025-02-24 15:26:13,418 - DEBUG -     Sample: [0 0 1 1 0 0 0 0 1 1 1 0]
2025-02-24 15:26:13,418 - DEBUG -      2 |    32 |   3.2
2025-02-24 15:26:13,419 - DEBUG -     Sample: [0 0 1 1 1 0 0 0 1 1 1 0]
2025-02-24 15:26:13,419 - DEBUG -      3 |    24 |   2.4
2025-02-24 15:26:13,419 - DEBUG -     Sample: [0 0 1 1 0 0 1 0 1 1 1 0]
2025-02-24 15:26:13,419 - DEBUG -      4 |    22 |   2.2
2025-02-24 15:26:13,420 - DEBUG -     Sample: [0 0 1 1 0 0 0 0 0 1 1 0]
2025-02-24 15:26:13,420 - DEBUG -      5 |    18 |   1.8
2025-02-24 15:26:13,420 - DEBUG -     Sample: [1 0 1 1 0 0 0 0 1 1 1 0]
2025-02-24 15:26:13,421 - DEBUG - Generated 406 unique samples from 1000 total measurements
2025-02-24 15:26:13,429 - INFO -   No feasible solution found in this iteration
2025-02-24 15:26:13,430 - INFO -   Added 1 new constraints: [33]
2025-02-24 15:26:13,430 - INFO - 
Iteration 4:
2025-02-24 15:26:13,431 - DEBUG - Generated Ising Hamiltonian
2025-02-24 15:26:13,655 - DEBUG - Optimizing QAOA circuit...
2025-02-24 15:26:16,660 - DEBUG - Circuit optimization successful
2025-02-24 15:26:16,661 - DEBUG - Circuit optimization successful, final value: -6129.01748251748
2025-02-24 15:26:16,661 - DEBUG - Sampling from optimized circuit...
2025-02-24 15:26:16,694 - DEBUG - Generated 330 unique samples from 1000 total measurements
2025-02-24 15:26:16,698 - DEBUG - 
Top 5 most frequent samples:
2025-02-24 15:26:16,700 - DEBUG -   Rank | Count |   %   
2025-02-24 15:26:16,700 - DEBUG -   -----|-------|-------
2025-02-24 15:26:16,700 - DEBUG -      1 |    48 |   4.8
2025-02-24 15:26:16,701 - DEBUG -     Sample: [0 0 1 0 0 1 1 1 1 0 1 0]
2025-02-24 15:26:16,701 - DEBUG -      2 |    33 |   3.3
2025-02-24 15:26:16,701 - DEBUG -     Sample: [0 0 1 0 0 1 1 1 0 0 1 0]
2025-02-24 15:26:16,701 - DEBUG -      3 |    33 |   3.3
2025-02-24 15:26:16,701 - DEBUG -     Sample: [0 0 1 0 0 0 1 1 1 0 1 0]
2025-02-24 15:26:16,701 - DEBUG -      4 |    31 |   3.1
2025-02-24 15:26:16,702 - DEBUG -     Sample: [0 0 1 0 1 1 1 1 1 0 1 0]
2025-02-24 15:26:16,702 - DEBUG -      5 |    25 |   2.5
2025-02-24 15:26:16,702 - DEBUG -     Sample: [0 0 1 1 0 0 1 1 0 0 1 1]
2025-02-24 15:26:16,703 - DEBUG - Generated 330 unique samples from 1000 total measurements
2025-02-24 15:26:16,709 - INFO -   No feasible solution found in this iteration
2025-02-24 15:26:16,709 - INFO -   Added 1 new constraints: [20]
2025-02-24 15:26:16,710 - INFO - 
Iteration 5:
2025-02-24 15:26:16,710 - DEBUG - Generated Ising Hamiltonian
2025-02-24 15:26:16,939 - DEBUG - Optimizing QAOA circuit...
2025-02-24 15:26:20,866 - DEBUG - Circuit optimization successful
2025-02-24 15:26:20,866 - DEBUG - Circuit optimization successful, final value: 9218.479020979023
2025-02-24 15:26:20,866 - DEBUG - Sampling from optimized circuit...
2025-02-24 15:26:20,904 - DEBUG - Generated 565 unique samples from 1000 total measurements
2025-02-24 15:26:20,904 - DEBUG - 
Top 5 most frequent samples:
2025-02-24 15:26:20,904 - DEBUG -   Rank | Count |   %   
2025-02-24 15:26:20,904 - DEBUG -   -----|-------|-------
2025-02-24 15:26:20,904 - DEBUG -      1 |    13 |   1.3
2025-02-24 15:26:20,905 - DEBUG -     Sample: [0 0 0 1 0 0 0 1 1 1 0 1]
2025-02-24 15:26:20,905 - DEBUG -      2 |    11 |   1.1
2025-02-24 15:26:20,905 - DEBUG -     Sample: [1 0 0 0 1 0 0 1 1 1 0 1]
2025-02-24 15:26:20,905 - DEBUG -      3 |    10 |   1.0
2025-02-24 15:26:20,905 - DEBUG -     Sample: [0 0 0 0 1 0 0 1 1 1 0 1]
2025-02-24 15:26:20,905 - DEBUG -      4 |     9 |   0.9
2025-02-24 15:26:20,906 - DEBUG -     Sample: [0 1 0 1 1 0 0 1 1 1 0 1]
2025-02-24 15:26:20,906 - DEBUG -      5 |     9 |   0.9
2025-02-24 15:26:20,906 - DEBUG -     Sample: [0 0 0 1 1 0 0 1 1 1 0 1]
2025-02-24 15:26:20,907 - DEBUG - Generated 565 unique samples from 1000 total measurements
2025-02-24 15:26:20,912 - INFO - Found feasible solution: [1 0 0 0 0 0 1 0 1 1 0 0] with objective value 194.0
2025-02-24 15:26:20,917 - INFO -   Found feasible solution:
2025-02-24 15:26:20,918 - INFO -     Solution: [1, 0, 0, 0, 0, 0, 1, 0, 1, 1, 0, 0]
2025-02-24 15:26:20,918 - INFO -     Value: 194.0
2025-02-24 15:26:20,918 - INFO -     Gap to reference: 0.00%
2025-02-24 15:26:20,919 - INFO -   Constraint generation solution found:
2025-02-24 15:26:20,919 - INFO -     Solution: [1, 0, 0, 0, 0, 0, 1, 0, 1, 1, 0, 0]
2025-02-24 15:26:20,919 - INFO -     Value: 194.0
2025-02-24 15:26:20,919 - INFO - 
Instance 10 results:
2025-02-24 15:26:20,919 - INFO -   Classical value: 194.0
2025-02-24 15:26:20,919 - INFO -   QAOA value: 0.0
2025-02-24 15:26:20,919 - INFO -   Constraint generation value: 194.0
2025-02-24 15:26:20,920 - INFO - 
Running instance 11/100
2025-02-24 15:26:20,922 - INFO - 
Running Classical Reference Solver (SCIP):
2025-02-24 15:26:20,922 - DEBUG - Problem dimensions: 40 constraints, 12 variables
2025-02-24 15:26:20,923 - DEBUG - Row names: ['ELEM1', 'ELEM2', 'ELEM3', 'ELEM4', 'ELEM5', 'ELEM6', 'ELEM7', 'ELEM8', 'ELEM9', 'ELEM10', 'ELEM11', 'ELEM12', 'ELEM13', 'ELEM14', 'ELEM15', 'ELEM16', 'ELEM17', 'ELEM18', 'ELEM19', 'ELEM20', 'ELEM21', 'ELEM22', 'ELEM23', 'ELEM24', 'ELEM25', 'ELEM26', 'ELEM27', 'ELEM28', 'ELEM29', 'ELEM30', 'ELEM31', 'ELEM32', 'ELEM33', 'ELEM34', 'ELEM35', 'ELEM36', 'ELEM37', 'ELEM38', 'ELEM39', 'ELEM40']
2025-02-24 15:26:20,923 - DEBUG - RHS values: {'ELEM1': 1.0, 'ELEM2': 1.0, 'ELEM3': 1.0, 'ELEM4': 1.0, 'ELEM5': 1.0, 'ELEM6': 1.0, 'ELEM7': 1.0, 'ELEM8': 1.0, 'ELEM9': 1.0, 'ELEM10': 1.0, 'ELEM11': 1.0, 'ELEM12': 1.0, 'ELEM13': 1.0, 'ELEM14': 1.0, 'ELEM15': 1.0, 'ELEM16': 1.0, 'ELEM17': 1.0, 'ELEM18': 1.0, 'ELEM19': 1.0, 'ELEM20': 1.0, 'ELEM21': 1.0, 'ELEM22': 1.0, 'ELEM23': 1.0, 'ELEM24': 1.0, 'ELEM25': 1.0, 'ELEM26': 1.0, 'ELEM27': 1.0, 'ELEM28': 1.0, 'ELEM29': 1.0, 'ELEM30': 1.0, 'ELEM31': 1.0, 'ELEM32': 1.0, 'ELEM33': 1.0, 'ELEM34': 1.0, 'ELEM35': 1.0, 'ELEM36': 1.0, 'ELEM37': 1.0, 'ELEM38': 1.0, 'ELEM39': 1.0, 'ELEM40': 1.0}
2025-02-24 15:26:20,935 - INFO -   Reference solution found:
2025-02-24 15:26:20,935 - INFO -     Solution: [0, 1, 1, 0, 0, 0, 0, 1, 0, 1, 0, 1]
2025-02-24 15:26:20,935 - INFO -     Value: 263.0
2025-02-24 15:26:20,935 - INFO - 
Running QAOA Reference Solution (with all constraints):
