
Problem information:
  Number of variables (n): 12
  Number of constraints (m): 40

Starting reference QAOA with parameters:
  sample_size (total shots): 1000
Added all constraints
No feasible solution found
  QAOA solver found no feasible solution

Running Constraint Generation:

Problem information:
  Number of variables (n): 12
  Number of constraints (m): 40

Running classical reference solver:
  Reference solution found:
    Solution: [1, 0, 0, 0, 0, 0, 1, 0, 1, 1, 0, 0]
    Value: 194.0

Starting quantum constraint generation with parameters:
  sample_size (total shots): 1000
  tau: 0.1
  max_iters: 1000

Iteration 0:
  No feasible solution found in this iteration
  Added 1 new constraints: [16]

Iteration 1:
  No feasible solution found in this iteration
  Added 1 new constraints: [13]

Iteration 2:
  No feasible solution found in this iteration
  Added 1 new constraints: [7]

Iteration 3:
  No feasible solution found in this iteration
  Added 1 new constraints: [33]

Iteration 4:
  No feasible solution found in this iteration
  Added 1 new constraints: [20]

Iteration 5:
Found feasible solution: [1 0 0 0 0 0 1 0 1 1 0 0] with objective value 194.0
  Found feasible solution:
    Solution: [1, 0, 0, 0, 0, 0, 1, 0, 1, 1, 0, 0]
    Value: 194.0
    Gap to reference: 0.00%
  Constraint generation solution found:
    Solution: [1, 0, 0, 0, 0, 0, 1, 0, 1, 1, 0, 0]
    Value: 194.0

Instance 10 results:
  Classical value: 194.0
  QAOA value: 0.0
  Constraint generation value: 194.0

Running instance 11/100

Running Classical Reference Solver (SCIP):
  Reference solution found:
    Solution: [0, 1, 1, 0, 0, 0, 0, 1, 0, 1, 0, 1]
    Value: 263.0

Running QAOA Reference Solution (with all constraints):
