
Problem information:
  Number of variables (n): 8
  Number of constraints (m): 25

Starting reference QAOA with parameters:
  sample_size (total shots): 500
Added all constraints
Found feasible solution: [0 0 1 1 0 1 1 0] with objective value 235.0
Found feasible solution:
  Solution: [0, 0, 1, 1, 0, 1, 1, 0]
  Value: 235.0
  QAOA solution found:
    Solution: [0, 0, 1, 1, 0, 1, 1, 0]
    Value: 235.0

Running Constraint Generation:

Problem information:
  Number of variables (n): 8
  Number of constraints (m): 25

Running classical reference solver:
  Reference solution found:
    Solution: [1, 1, 0, 0, 1, 0, 0, 1]
    Value: 231.0

Starting quantum constraint generation with parameters:
  sample_size (total shots): 500
  tau: 0.1
  max_iters: 1000

Iteration 0:
  No feasible solution found in this iteration
  Added 4 new constraints: [2, 19, 21, 24]

Iteration 1:
Found feasible solution: [0 0 1 1 0 1 1 0] with objective value 235.0
  Found feasible solution:
    Solution: [0, 0, 1, 1, 0, 1, 1, 0]
    Value: 235.0
    Gap to reference: 1.73%
  Constraint generation solution found:
    Solution: [0, 0, 1, 1, 0, 1, 1, 0]
    Value: 235.0

Instance 84 results:
  Classical value: 231.0
  QAOA value: 235.0
  Constraint generation value: 235.0

Running instance 85/100

Running Classical Reference Solver (SCIP):
  Reference solution found:
    Solution: [1, 0, 0, 0, 0, 1, 1, 0]
    Value: 103.0

Running QAOA Reference Solution (with all constraints):
