2025-02-23 18:08:29,380 - INFO - 
Problem information:
2025-02-23 18:08:29,381 - INFO -   Number of variables (n): 12
2025-02-23 18:08:29,381 - INFO -   Number of constraints (m): 40
2025-02-23 18:08:29,381 - DEBUG -   Density of A: 25.00%
2025-02-23 18:08:29,381 - INFO - 
Starting reference QAOA with parameters:
2025-02-23 18:08:29,381 - INFO -   sample_size (total shots): 200
2025-02-23 18:08:29,381 - INFO - Added all constraints
2025-02-23 18:08:29,382 - DEBUG - Generated Ising Hamiltonian
2025-02-23 18:08:29,625 - DEBUG - Optimizing QAOA circuit...
2025-02-23 18:08:32,539 - DEBUG - Circuit optimization successful
2025-02-23 18:08:32,539 - DEBUG - Circuit optimization successful, final value: 5593.4145854145845
2025-02-23 18:08:32,539 - DEBUG - Sampling from optimized circuit...
2025-02-23 18:08:32,560 - DEBUG - Generated 191 unique samples from 200 total measurements
2025-02-23 18:08:32,561 - DEBUG - 
Top 5 most frequent samples:
2025-02-23 18:08:32,561 - DEBUG -   Rank | Count |   %   
2025-02-23 18:08:32,561 - DEBUG -   -----|-------|-------
2025-02-23 18:08:32,561 - DEBUG -      1 |     2 |   1.0
2025-02-23 18:08:32,561 - DEBUG -     Sample: [0 0 0 0 1 0 0 0 0 1 0 1]
2025-02-23 18:08:32,562 - DEBUG -      2 |     2 |   1.0
2025-02-23 18:08:32,562 - DEBUG -     Sample: [1 1 0 0 0 0 1 1 0 1 0 0]
2025-02-23 18:08:32,562 - DEBUG -      3 |     2 |   1.0
2025-02-23 18:08:32,562 - DEBUG -     Sample: [0 1 1 1 0 1 1 1 0 1 0 0]
2025-02-23 18:08:32,562 - DEBUG -      4 |     2 |   1.0
2025-02-23 18:08:32,563 - DEBUG -     Sample: [0 1 1 1 0 1 1 1 0 1 1 1]
2025-02-23 18:08:32,563 - DEBUG -      5 |     2 |   1.0
2025-02-23 18:08:32,563 - DEBUG -     Sample: [0 1 0 0 0 0 1 1 1 1 1 1]
2025-02-23 18:08:32,564 - DEBUG - Generated 191 unique samples from 200 total measurements
2025-02-23 18:08:32,567 - INFO - No feasible solution found
2025-02-23 18:08:32,568 - INFO -   QAOA solver found no feasible solution
2025-02-23 18:08:32,568 - INFO - 
Running Constraint Generation:
2025-02-23 18:08:32,570 - INFO - 
Problem information:
2025-02-23 18:08:32,570 - INFO -   Number of variables (n): 12
2025-02-23 18:08:32,570 - INFO -   Number of constraints (m): 40
2025-02-23 18:08:32,571 - DEBUG -   Density of A: 25.00%
2025-02-23 18:08:32,571 - INFO - 
Running classical reference solver:
2025-02-23 18:08:32,582 - INFO -   Reference solution found:
2025-02-23 18:08:32,582 - INFO -     Solution: [0, 1, 0, 0, 0, 1, 0, 0, 0, 1, 0, 1]
2025-02-23 18:08:32,582 - INFO -     Value: 69.0
2025-02-23 18:08:32,583 - INFO - 
Starting quantum constraint generation with parameters:
2025-02-23 18:08:32,583 - INFO -   sample_size (total shots): 200
2025-02-23 18:08:32,583 - INFO -   tau: 0.1
2025-02-23 18:08:32,583 - INFO -   max_iters: 1000
2025-02-23 18:08:32,583 - INFO - 
Iteration 0:
2025-02-23 18:08:32,583 - DEBUG - Generated Ising Hamiltonian
2025-02-23 18:08:32,828 - DEBUG - Optimizing QAOA circuit...
2025-02-23 18:08:33,840 - DEBUG - Circuit optimization successful
2025-02-23 18:08:33,840 - DEBUG - Circuit optimization successful, final value: -309.5194805194805
2025-02-23 18:08:33,841 - DEBUG - Sampling from optimized circuit...
2025-02-23 18:08:33,856 - DEBUG - Generated 75 unique samples from 200 total measurements
2025-02-23 18:08:33,856 - DEBUG - 
Top 5 most frequent samples:
2025-02-23 18:08:33,856 - DEBUG -   Rank | Count |   %   
2025-02-23 18:08:33,856 - DEBUG -   -----|-------|-------
2025-02-23 18:08:33,856 - DEBUG -      1 |    43 |  21.5
2025-02-23 18:08:33,857 - DEBUG -     Sample: [1 0 1 1 1 1 0 1 1 1 1 0]
2025-02-23 18:08:33,857 - DEBUG -      2 |    13 |   6.5
2025-02-23 18:08:33,857 - DEBUG -     Sample: [0 0 1 1 1 1 0 1 1 1 1 0]
2025-02-23 18:08:33,857 - DEBUG -      3 |    13 |   6.5
2025-02-23 18:08:33,858 - DEBUG -     Sample: [1 0 1 1 0 1 0 1 1 1 1 0]
2025-02-23 18:08:33,858 - DEBUG -      4 |     8 |   4.0
2025-02-23 18:08:33,858 - DEBUG -     Sample: [1 0 1 0 1 1 0 1 1 1 1 0]
2025-02-23 18:08:33,858 - DEBUG -      5 |     8 |   4.0
2025-02-23 18:08:33,858 - DEBUG -     Sample: [1 0 0 1 0 1 0 1 1 1 1 0]
2025-02-23 18:08:33,859 - DEBUG - Generated 75 unique samples from 200 total measurements
2025-02-23 18:08:33,861 - INFO -   No feasible solution found in this iteration
2025-02-23 18:08:33,861 - INFO -   Added 2 new constraints: [5, 32]
2025-02-23 18:08:33,862 - INFO - 
Iteration 1:
2025-02-23 18:08:33,862 - DEBUG - Generated Ising Hamiltonian
2025-02-23 18:08:34,070 - DEBUG - Optimizing QAOA circuit...
2025-02-23 18:08:35,239 - DEBUG - Circuit optimization successful
2025-02-23 18:08:35,240 - DEBUG - Circuit optimization successful, final value: -7403.982517482518
2025-02-23 18:08:35,240 - DEBUG - Sampling from optimized circuit...
2025-02-23 18:08:35,255 - DEBUG - Generated 106 unique samples from 200 total measurements
2025-02-23 18:08:35,255 - DEBUG - 
Top 5 most frequent samples:
2025-02-23 18:08:35,256 - DEBUG -   Rank | Count |   %   
2025-02-23 18:08:35,256 - DEBUG -   -----|-------|-------
2025-02-23 18:08:35,256 - DEBUG -      1 |    13 |   6.5
2025-02-23 18:08:35,256 - DEBUG -     Sample: [1 0 1 1 1 0 0 0 0 1 0 0]
2025-02-23 18:08:35,256 - DEBUG -      2 |    13 |   6.5
2025-02-23 18:08:35,257 - DEBUG -     Sample: [1 0 0 1 1 0 0 0 0 1 0 0]
2025-02-23 18:08:35,257 - DEBUG -      3 |     8 |   4.0
2025-02-23 18:08:35,257 - DEBUG -     Sample: [1 0 1 1 1 1 0 0 0 1 0 0]
2025-02-23 18:08:35,258 - DEBUG -      4 |     7 |   3.5
2025-02-23 18:08:35,258 - DEBUG -     Sample: [1 0 1 1 1 1 0 0 0 1 1 0]
2025-02-23 18:08:35,258 - DEBUG -      5 |     6 |   3.0
2025-02-23 18:08:35,259 - DEBUG -     Sample: [1 1 1 1 1 0 0 0 0 1 0 0]
2025-02-23 18:08:35,259 - DEBUG - Generated 106 unique samples from 200 total measurements
2025-02-23 18:08:35,261 - INFO - Found feasible solution: [1 0 0 1 1 0 0 0 0 0 1 0] with objective value 236.0
2025-02-23 18:08:35,262 - INFO -   Found feasible solution:
2025-02-23 18:08:35,263 - INFO -     Solution: [1, 0, 0, 1, 1, 0, 0, 0, 0, 0, 1, 0]
2025-02-23 18:08:35,263 - INFO -     Value: 236.0
2025-02-23 18:08:35,263 - INFO -     Gap to reference: 242.03%
2025-02-23 18:08:35,263 - INFO -   Constraint generation solution found:
2025-02-23 18:08:35,263 - INFO -     Solution: [1, 0, 0, 1, 1, 0, 0, 0, 0, 0, 1, 0]
2025-02-23 18:08:35,264 - INFO -     Value: 236.0
2025-02-23 18:08:35,264 - INFO - 
Instance 63 results:
2025-02-23 18:08:35,264 - INFO -   Classical value: 69.0
2025-02-23 18:08:35,264 - INFO -   QAOA value: 0.0
2025-02-23 18:08:35,264 - INFO -   Constraint generation value: 236.0
2025-02-23 18:08:35,265 - INFO - 
Running instance 64/100
2025-02-23 18:08:35,267 - INFO - 
Running Classical Reference Solver (SCIP):
2025-02-23 18:08:35,268 - DEBUG - Problem dimensions: 40 constraints, 12 variables
2025-02-23 18:08:35,269 - DEBUG - Row names: ['ELEM1', 'ELEM2', 'ELEM3', 'ELEM4', 'ELEM5', 'ELEM6', 'ELEM7', 'ELEM8', 'ELEM9', 'ELEM10', 'ELEM11', 'ELEM12', 'ELEM13', 'ELEM14', 'ELEM15', 'ELEM16', 'ELEM17', 'ELEM18', 'ELEM19', 'ELEM20', 'ELEM21', 'ELEM22', 'ELEM23', 'ELEM24', 'ELEM25', 'ELEM26', 'ELEM27', 'ELEM28', 'ELEM29', 'ELEM30', 'ELEM31', 'ELEM32', 'ELEM33', 'ELEM34', 'ELEM35', 'ELEM36', 'ELEM37', 'ELEM38', 'ELEM39', 'ELEM40']
2025-02-23 18:08:35,270 - DEBUG - RHS values: {'ELEM1': 1.0, 'ELEM2': 1.0, 'ELEM3': 1.0, 'ELEM4': 1.0, 'ELEM5': 1.0, 'ELEM6': 1.0, 'ELEM7': 1.0, 'ELEM8': 1.0, 'ELEM9': 1.0, 'ELEM10': 1.0, 'ELEM11': 1.0, 'ELEM12': 1.0, 'ELEM13': 1.0, 'ELEM14': 1.0, 'ELEM15': 1.0, 'ELEM16': 1.0, 'ELEM17': 1.0, 'ELEM18': 1.0, 'ELEM19': 1.0, 'ELEM20': 1.0, 'ELEM21': 1.0, 'ELEM22': 1.0, 'ELEM23': 1.0, 'ELEM24': 1.0, 'ELEM25': 1.0, 'ELEM26': 1.0, 'ELEM27': 1.0, 'ELEM28': 1.0, 'ELEM29': 1.0, 'ELEM30': 1.0, 'ELEM31': 1.0, 'ELEM32': 1.0, 'ELEM33': 1.0, 'ELEM34': 1.0, 'ELEM35': 1.0, 'ELEM36': 1.0, 'ELEM37': 1.0, 'ELEM38': 1.0, 'ELEM39': 1.0, 'ELEM40': 1.0}
2025-02-23 18:08:35,282 - INFO -   Reference solution found:
2025-02-23 18:08:35,283 - INFO -     Solution: [0, 1, 0, 1, 1, 0, 1, 0, 0, 0, 0, 0]
2025-02-23 18:08:35,283 - INFO -     Value: 200.0
2025-02-23 18:08:35,283 - INFO - 
Running QAOA Reference Solution (with all constraints):
