
Problem information:
  Number of variables (n): 12
  Number of constraints (m): 40

Starting reference QAOA with parameters:
  sample_size (total shots): 200
Added all constraints
No feasible solution found
  QAOA solver found no feasible solution

Running Constraint Generation:

Problem information:
  Number of variables (n): 12
  Number of constraints (m): 40

Running classical reference solver:
  Reference solution found:
    Solution: [0, 1, 0, 0, 0, 1, 0, 0, 0, 1, 0, 1]
    Value: 69.0

Starting quantum constraint generation with parameters:
  sample_size (total shots): 200
  tau: 0.1
  max_iters: 1000

Iteration 0:
  No feasible solution found in this iteration
  Added 2 new constraints: [5, 32]

Iteration 1:
Found feasible solution: [1 0 0 1 1 0 0 0 0 0 1 0] with objective value 236.0
  Found feasible solution:
    Solution: [1, 0, 0, 1, 1, 0, 0, 0, 0, 0, 1, 0]
    Value: 236.0
    Gap to reference: 242.03%
  Constraint generation solution found:
    Solution: [1, 0, 0, 1, 1, 0, 0, 0, 0, 0, 1, 0]
    Value: 236.0

Instance 63 results:
  Classical value: 69.0
  QAOA value: 0.0
  Constraint generation value: 236.0

Running instance 64/100

Running Classical Reference Solver (SCIP):
  Reference solution found:
    Solution: [0, 1, 0, 1, 1, 0, 1, 0, 0, 0, 0, 0]
    Value: 200.0

Running QAOA Reference Solution (with all constraints):
