2025-02-24 15:11:17,588 - INFO - 
Problem information:
2025-02-24 15:11:17,588 - INFO -   Number of variables (n): 12
2025-02-24 15:11:17,589 - INFO -   Number of constraints (m): 40
2025-02-24 15:11:17,589 - DEBUG -   Density of A: 25.00%
2025-02-24 15:11:17,590 - INFO - 
Starting reference QAOA with parameters:
2025-02-24 15:11:17,590 - INFO -   sample_size (total shots): 1000
2025-02-24 15:11:17,590 - INFO - Added all constraints
2025-02-24 15:11:17,591 - DEBUG - Generated Ising Hamiltonian
2025-02-24 15:11:17,749 - DEBUG - Optimizing QAOA circuit...
2025-02-24 15:11:21,991 - DEBUG - Circuit optimization successful
2025-02-24 15:11:21,992 - DEBUG - Circuit optimization successful, final value: -45098.77722277722
2025-02-24 15:11:21,992 - DEBUG - Sampling from optimized circuit...
2025-02-24 15:11:22,033 - DEBUG - Generated 434 unique samples from 1000 total measurements
2025-02-24 15:11:22,033 - DEBUG - 
Top 5 most frequent samples:
2025-02-24 15:11:22,033 - DEBUG -   Rank | Count |   %   
2025-02-24 15:11:22,033 - DEBUG -   -----|-------|-------
2025-02-24 15:11:22,033 - DEBUG -      1 |    31 |   3.1
2025-02-24 15:11:22,034 - DEBUG -     Sample: [1 0 1 1 0 0 1 0 0 1 0 0]
2025-02-24 15:11:22,034 - DEBUG -      2 |    31 |   3.1
2025-02-24 15:11:22,034 - DEBUG -     Sample: [0 0 1 1 0 0 0 0 0 1 0 0]
2025-02-24 15:11:22,034 - DEBUG -      3 |    22 |   2.2
2025-02-24 15:11:22,035 - DEBUG -     Sample: [1 0 1 1 0 0 0 1 0 1 0 0]
2025-02-24 15:11:22,035 - DEBUG -      4 |    19 |   1.9
2025-02-24 15:11:22,035 - DEBUG -     Sample: [1 0 1 1 0 1 0 0 0 1 0 0]
2025-02-24 15:11:22,035 - DEBUG -      5 |    16 |   1.6
2025-02-24 15:11:22,035 - DEBUG -     Sample: [1 0 1 1 0 0 0 0 0 1 0 0]
2025-02-24 15:11:22,036 - DEBUG - Generated 434 unique samples from 1000 total measurements
2025-02-24 15:11:22,039 - INFO - Found feasible solution: [0 0 1 0 0 0 0 1 0 0 1 0] with objective value 220.0
2025-02-24 15:11:22,043 - INFO - Found feasible solution:
2025-02-24 15:11:22,044 - INFO -   Solution: [0, 0, 1, 0, 0, 0, 0, 1, 0, 0, 1, 0]
2025-02-24 15:11:22,044 - INFO -   Value: 220.0
2025-02-24 15:11:22,044 - INFO -   QAOA solution found:
2025-02-24 15:11:22,044 - INFO -     Solution: [0, 0, 1, 0, 0, 0, 0, 1, 0, 0, 1, 0]
2025-02-24 15:11:22,044 - INFO -     Value: 220.0
2025-02-24 15:11:22,044 - INFO - 
Running Constraint Generation:
2025-02-24 15:11:22,046 - INFO - 
Problem information:
2025-02-24 15:11:22,046 - INFO -   Number of variables (n): 12
2025-02-24 15:11:22,046 - INFO -   Number of constraints (m): 40
2025-02-24 15:11:22,046 - DEBUG -   Density of A: 25.00%
2025-02-24 15:11:22,046 - INFO - 
Running classical reference solver:
2025-02-24 15:11:22,058 - INFO -   Reference solution found:
2025-02-24 15:11:22,058 - INFO -     Solution: [0, 0, 1, 0, 0, 0, 0, 1, 0, 0, 1, 0]
2025-02-24 15:11:22,058 - INFO -     Value: 220.0
2025-02-24 15:11:22,059 - INFO - 
Starting quantum constraint generation with parameters:
2025-02-24 15:11:22,059 - INFO -   sample_size (total shots): 1000
2025-02-24 15:11:22,059 - INFO -   tau: 0.1
2025-02-24 15:11:22,059 - INFO -   max_iters: 1000
2025-02-24 15:11:22,059 - INFO - 
Iteration 0:
2025-02-24 15:11:22,059 - DEBUG - Generated Ising Hamiltonian
2025-02-24 15:11:22,061 - DEBUG - Optimizing QAOA circuit...
2025-02-24 15:11:25,946 - WARNING - Circuit optimization did not converge
2025-02-24 15:11:25,946 - WARNING - Circuit optimization did not converge
2025-02-24 15:11:25,946 - DEBUG - Sampling from optimized circuit...
2025-02-24 15:11:26,009 - DEBUG - Generated 15 unique samples from 1000 total measurements
2025-02-24 15:11:26,009 - DEBUG - 
Top 5 most frequent samples:
2025-02-24 15:11:26,010 - DEBUG -   Rank | Count |   %   
2025-02-24 15:11:26,010 - DEBUG -   -----|-------|-------
2025-02-24 15:11:26,010 - DEBUG -      1 |   390 |  39.0
2025-02-24 15:11:26,010 - DEBUG -     Sample: [0 0 0 0 0 0 0 0 1 0 0 1]
2025-02-24 15:11:26,010 - DEBUG -      2 |   202 |  20.2
2025-02-24 15:11:26,010 - DEBUG -     Sample: [0 0 0 0 0 0 0 0 1 1 0 1]
2025-02-24 15:11:26,010 - DEBUG -      3 |   119 |  11.9
2025-02-24 15:11:26,011 - DEBUG -     Sample: [0 0 0 0 0 0 0 0 1 0 1 1]
2025-02-24 15:11:26,011 - DEBUG -      4 |    85 |   8.5
2025-02-24 15:11:26,011 - DEBUG -     Sample: [0 0 0 0 0 0 0 0 0 0 0 1]
2025-02-24 15:11:26,011 - DEBUG -      5 |    52 |   5.2
2025-02-24 15:11:26,012 - DEBUG -     Sample: [0 0 0 0 0 0 0 0 1 1 1 1]
2025-02-24 15:11:26,012 - DEBUG - Generated 15 unique samples from 1000 total measurements
2025-02-24 15:11:26,012 - INFO -   No feasible solution found in this iteration
2025-02-24 15:11:26,013 - INFO -   Added 13 new constraints: [1, 2, 8, 10, 12, 16, 18, 23, 28, 29, 35, 36, 37]
2025-02-24 15:11:26,013 - INFO - 
Iteration 1:
2025-02-24 15:11:26,013 - DEBUG - Generated Ising Hamiltonian
2025-02-24 15:11:26,015 - DEBUG - Optimizing QAOA circuit...
2025-02-24 15:11:33,281 - WARNING - Circuit optimization did not converge
2025-02-24 15:11:33,282 - WARNING - Circuit optimization did not converge
2025-02-24 15:11:33,283 - DEBUG - Sampling from optimized circuit...
2025-02-24 15:11:33,356 - DEBUG - Generated 12 unique samples from 1000 total measurements
2025-02-24 15:11:33,356 - DEBUG - 
Top 5 most frequent samples:
2025-02-24 15:11:33,356 - DEBUG -   Rank | Count |   %   
2025-02-24 15:11:33,356 - DEBUG -   -----|-------|-------
2025-02-24 15:11:33,357 - DEBUG -      1 |   497 |  49.7
2025-02-24 15:11:33,357 - DEBUG -     Sample: [0 0 0 0 0 0 0 0 0 1 0 1]
2025-02-24 15:11:33,357 - DEBUG -      2 |   306 |  30.6
2025-02-24 15:11:33,358 - DEBUG -     Sample: [0 0 0 0 0 0 0 0 0 1 0 0]
2025-02-24 15:11:33,358 - DEBUG -      3 |    70 |   7.0
2025-02-24 15:11:33,358 - DEBUG -     Sample: [0 0 0 0 0 0 0 0 0 0 0 1]
2025-02-24 15:11:33,358 - DEBUG -      4 |    44 |   4.4
2025-02-24 15:11:33,359 - DEBUG -     Sample: [0 0 0 0 0 0 0 0 0 0 0 0]
2025-02-24 15:11:33,359 - DEBUG -      5 |    35 |   3.5
2025-02-24 15:11:33,359 - DEBUG -     Sample: [0 0 0 0 0 0 0 0 0 1 1 1]
2025-02-24 15:11:33,359 - DEBUG - Generated 12 unique samples from 1000 total measurements
2025-02-24 15:11:33,359 - INFO -   No feasible solution found in this iteration
2025-02-24 15:11:33,360 - INFO -   No new constraints added, lowered tau multiplier: 1.0 -> 0.9
2025-02-24 15:11:33,360 - INFO -   No new constraints added, lowered tau multiplier: 0.9 -> 0.8
2025-02-24 15:11:33,360 - INFO -   No new constraints added, lowered tau multiplier: 0.8 -> 0.7
2025-02-24 15:11:33,360 - INFO -   No new constraints added, lowered tau multiplier: 0.7 -> 0.6
2025-02-24 15:11:33,360 - INFO -   Added 2 new constraints: [27, 31]
2025-02-24 15:11:33,360 - INFO - 
Iteration 2:
2025-02-24 15:11:33,361 - DEBUG - Generated Ising Hamiltonian
2025-02-24 15:11:33,363 - DEBUG - Optimizing QAOA circuit...
2025-02-24 15:11:40,235 - WARNING - Circuit optimization did not converge
2025-02-24 15:11:40,235 - WARNING - Circuit optimization did not converge
2025-02-24 15:11:40,235 - DEBUG - Sampling from optimized circuit...
2025-02-24 15:11:40,292 - DEBUG - Generated 9 unique samples from 1000 total measurements
2025-02-24 15:11:40,292 - DEBUG - 
Top 5 most frequent samples:
2025-02-24 15:11:40,292 - DEBUG -   Rank | Count |   %   
2025-02-24 15:11:40,292 - DEBUG -   -----|-------|-------
2025-02-24 15:11:40,292 - DEBUG -      1 |   400 |  40.0
2025-02-24 15:11:40,293 - DEBUG -     Sample: [0 0 0 0 0 0 0 0 1 1 1 1]
2025-02-24 15:11:40,293 - DEBUG -      2 |   348 |  34.8
2025-02-24 15:11:40,293 - DEBUG -     Sample: [0 0 0 0 0 0 0 0 1 1 1 0]
2025-02-24 15:11:40,293 - DEBUG -      3 |    92 |   9.2
2025-02-24 15:11:40,293 - DEBUG -     Sample: [0 0 0 0 0 0 0 0 1 1 0 1]
2025-02-24 15:11:40,293 - DEBUG -      4 |    92 |   9.2
2025-02-24 15:11:40,293 - DEBUG -     Sample: [0 0 0 0 0 0 0 0 1 1 0 0]
2025-02-24 15:11:40,294 - DEBUG -      5 |    35 |   3.5
2025-02-24 15:11:40,294 - DEBUG -     Sample: [0 0 0 0 0 0 0 0 0 1 1 0]
2025-02-24 15:11:40,294 - DEBUG - Generated 9 unique samples from 1000 total measurements
2025-02-24 15:11:40,294 - INFO -   No feasible solution found in this iteration
2025-02-24 15:11:40,294 - INFO -   No new constraints added, lowered tau multiplier: 1.0 -> 0.9
2025-02-24 15:11:40,294 - INFO -   No new constraints added, lowered tau multiplier: 0.9 -> 0.8
2025-02-24 15:11:40,294 - INFO -   No new constraints added, lowered tau multiplier: 0.8 -> 0.7
2025-02-24 15:11:40,295 - INFO -   No new constraints added, lowered tau multiplier: 0.7 -> 0.6
2025-02-24 15:11:40,295 - INFO -   No new constraints added, lowered tau multiplier: 0.6 -> 0.5
2025-02-24 15:11:40,295 - INFO -   Added 12 new constraints: [0, 9, 11, 13, 14, 17, 20, 25, 30, 32, 38, 39]
2025-02-24 15:11:40,295 - INFO - 
Iteration 3:
2025-02-24 15:11:40,295 - DEBUG - Generated Ising Hamiltonian
2025-02-24 15:11:40,297 - DEBUG - Optimizing QAOA circuit...
2025-02-24 15:11:53,994 - WARNING - Circuit optimization did not converge
2025-02-24 15:11:53,994 - WARNING - Circuit optimization did not converge
2025-02-24 15:11:53,994 - DEBUG - Sampling from optimized circuit...
2025-02-24 15:11:54,057 - DEBUG - Generated 16 unique samples from 1000 total measurements
2025-02-24 15:11:54,057 - DEBUG - 
Top 5 most frequent samples:
2025-02-24 15:11:54,057 - DEBUG -   Rank | Count |   %   
2025-02-24 15:11:54,057 - DEBUG -   -----|-------|-------
2025-02-24 15:11:54,058 - DEBUG -      1 |   227 |  22.7
2025-02-24 15:11:54,058 - DEBUG -     Sample: [0 0 0 0 0 0 0 0 0 0 1 0]
2025-02-24 15:11:54,058 - DEBUG -      2 |   138 |  13.8
2025-02-24 15:11:54,058 - DEBUG -     Sample: [0 0 0 0 0 0 0 0 0 1 0 0]
2025-02-24 15:11:54,058 - DEBUG -      3 |   114 |  11.4
2025-02-24 15:11:54,058 - DEBUG -     Sample: [0 0 0 0 0 0 0 0 0 1 1 0]
2025-02-24 15:11:54,058 - DEBUG -      4 |   104 |  10.4
2025-02-24 15:11:54,058 - DEBUG -     Sample: [0 0 0 0 0 0 0 0 0 0 1 1]
2025-02-24 15:11:54,058 - DEBUG -      5 |    96 |   9.6
2025-02-24 15:11:54,059 - DEBUG -     Sample: [0 0 0 0 0 0 0 0 0 0 0 0]
2025-02-24 15:11:54,059 - DEBUG - Generated 16 unique samples from 1000 total measurements
2025-02-24 15:11:54,059 - INFO -   No feasible solution found in this iteration
2025-02-24 15:11:54,059 - INFO -   No new constraints added, lowered tau multiplier: 1.0 -> 0.9
2025-02-24 15:11:54,059 - INFO -   No new constraints added, lowered tau multiplier: 0.9 -> 0.8
2025-02-24 15:11:54,059 - INFO -   No new constraints added, lowered tau multiplier: 0.8 -> 0.7
2025-02-24 15:11:54,059 - INFO -   No new constraints added, lowered tau multiplier: 0.7 -> 0.6
2025-02-24 15:11:54,060 - INFO -   No new constraints added, lowered tau multiplier: 0.6 -> 0.5
2025-02-24 15:11:54,060 - INFO -   No new constraints added, lowered tau multiplier: 0.5 -> 0.4
2025-02-24 15:11:54,060 - INFO -   Added 13 new constraints: [3, 4, 5, 6, 7, 15, 19, 21, 22, 24, 26, 33, 34]
2025-02-24 15:11:54,060 - INFO - 
Iteration 4:
2025-02-24 15:11:54,060 - DEBUG - Generated Ising Hamiltonian
2025-02-24 15:11:54,062 - DEBUG - Optimizing QAOA circuit...
2025-02-24 15:12:07,951 - WARNING - Circuit optimization did not converge
2025-02-24 15:12:07,951 - WARNING - Circuit optimization did not converge
2025-02-24 15:12:07,951 - DEBUG - Sampling from optimized circuit...
2025-02-24 15:12:08,020 - DEBUG - Generated 16 unique samples from 1000 total measurements
2025-02-24 15:12:08,020 - DEBUG - 
Top 5 most frequent samples:
2025-02-24 15:12:08,020 - DEBUG -   Rank | Count |   %   
2025-02-24 15:12:08,020 - DEBUG -   -----|-------|-------
2025-02-24 15:12:08,020 - DEBUG -      1 |   110 |  11.0
2025-02-24 15:12:08,020 - DEBUG -     Sample: [0 0 0 0 0 0 0 0 1 0 0 1]
2025-02-24 15:12:08,020 - DEBUG -      2 |   105 |  10.5
2025-02-24 15:12:08,020 - DEBUG -     Sample: [0 0 0 0 0 0 0 0 1 1 0 0]
2025-02-24 15:12:08,020 - DEBUG -      3 |    94 |   9.4
2025-02-24 15:12:08,020 - DEBUG -     Sample: [0 0 0 0 0 0 0 0 1 0 0 0]
2025-02-24 15:12:08,021 - DEBUG -      4 |    90 |   9.0
2025-02-24 15:12:08,021 - DEBUG -     Sample: [0 0 0 0 0 0 0 0 0 1 0 0]
2025-02-24 15:12:08,021 - DEBUG -      5 |    85 |   8.5
2025-02-24 15:12:08,021 - DEBUG -     Sample: [0 0 0 0 0 0 0 0 1 0 1 1]
2025-02-24 15:12:08,021 - DEBUG - Generated 16 unique samples from 1000 total measurements
2025-02-24 15:12:08,021 - INFO -   No feasible solution found in this iteration
2025-02-24 15:12:08,021 - INFO -   All constraints added, exiting
2025-02-24 15:12:08,021 - INFO -   Constraint generation found no feasible solution
2025-02-24 15:12:08,021 - INFO - 
Instance 98 results:
2025-02-24 15:12:08,022 - INFO -   Classical value: 220.0
2025-02-24 15:12:08,022 - INFO -   QAOA value: 220.0
2025-02-24 15:12:08,022 - INFO -   Constraint generation value: 0.0
2025-02-24 15:12:08,022 - INFO - 
Running instance 99/100
2025-02-24 15:12:08,023 - INFO - 
Running Classical Reference Solver (SCIP):
2025-02-24 15:12:08,024 - DEBUG - Problem dimensions: 40 constraints, 12 variables
2025-02-24 15:12:08,024 - DEBUG - Row names: ['ELEM1', 'ELEM2', 'ELEM3', 'ELEM4', 'ELEM5', 'ELEM6', 'ELEM7', 'ELEM8', 'ELEM9', 'ELEM10', 'ELEM11', 'ELEM12', 'ELEM13', 'ELEM14', 'ELEM15', 'ELEM16', 'ELEM17', 'ELEM18', 'ELEM19', 'ELEM20', 'ELEM21', 'ELEM22', 'ELEM23', 'ELEM24', 'ELEM25', 'ELEM26', 'ELEM27', 'ELEM28', 'ELEM29', 'ELEM30', 'ELEM31', 'ELEM32', 'ELEM33', 'ELEM34', 'ELEM35', 'ELEM36', 'ELEM37', 'ELEM38', 'ELEM39', 'ELEM40']
2025-02-24 15:12:08,024 - DEBUG - RHS values: {'ELEM1': 1.0, 'ELEM2': 1.0, 'ELEM3': 1.0, 'ELEM4': 1.0, 'ELEM5': 1.0, 'ELEM6': 1.0, 'ELEM7': 1.0, 'ELEM8': 1.0, 'ELEM9': 1.0, 'ELEM10': 1.0, 'ELEM11': 1.0, 'ELEM12': 1.0, 'ELEM13': 1.0, 'ELEM14': 1.0, 'ELEM15': 1.0, 'ELEM16': 1.0, 'ELEM17': 1.0, 'ELEM18': 1.0, 'ELEM19': 1.0, 'ELEM20': 1.0, 'ELEM21': 1.0, 'ELEM22': 1.0, 'ELEM23': 1.0, 'ELEM24': 1.0, 'ELEM25': 1.0, 'ELEM26': 1.0, 'ELEM27': 1.0, 'ELEM28': 1.0, 'ELEM29': 1.0, 'ELEM30': 1.0, 'ELEM31': 1.0, 'ELEM32': 1.0, 'ELEM33': 1.0, 'ELEM34': 1.0, 'ELEM35': 1.0, 'ELEM36': 1.0, 'ELEM37': 1.0, 'ELEM38': 1.0, 'ELEM39': 1.0, 'ELEM40': 1.0}
2025-02-24 15:12:08,033 - INFO -   Reference solution found:
2025-02-24 15:12:08,033 - INFO -     Solution: [1, 1, 1, 1, 1, 0, 0, 0, 0, 0, 0, 0]
2025-02-24 15:12:08,033 - INFO -     Value: 343.0
2025-02-24 15:12:08,033 - INFO - 
Running QAOA Reference Solution (with all constraints):
