2025-02-24 14:15:06,253 - INFO - 
Problem information:
2025-02-24 14:15:06,253 - INFO -   Number of variables (n): 12
2025-02-24 14:15:06,253 - INFO -   Number of constraints (m): 40
2025-02-24 14:15:06,253 - DEBUG -   Density of A: 25.00%
2025-02-24 14:15:06,253 - INFO - 
Starting reference QAOA with parameters:
2025-02-24 14:15:06,253 - INFO -   sample_size (total shots): 1000
2025-02-24 14:15:06,253 - INFO - Added all constraints
2025-02-24 14:15:06,254 - DEBUG - Generated Ising Hamiltonian
2025-02-24 14:15:06,400 - DEBUG - Optimizing QAOA circuit...
2025-02-24 14:15:10,193 - DEBUG - Circuit optimization successful
2025-02-24 14:15:10,193 - DEBUG - Circuit optimization successful, final value: -36981.77722277722
2025-02-24 14:15:10,193 - DEBUG - Sampling from optimized circuit...
2025-02-24 14:15:10,230 - DEBUG - Generated 382 unique samples from 1000 total measurements
2025-02-24 14:15:10,230 - DEBUG - 
Top 5 most frequent samples:
2025-02-24 14:15:10,231 - DEBUG -   Rank | Count |   %   
2025-02-24 14:15:10,231 - DEBUG -   -----|-------|-------
2025-02-24 14:15:10,231 - DEBUG -      1 |    17 |   1.7
2025-02-24 14:15:10,231 - DEBUG -     Sample: [0 0 1 1 0 1 0 0 1 0 0 1]
2025-02-24 14:15:10,231 - DEBUG -      2 |    16 |   1.6
2025-02-24 14:15:10,231 - DEBUG -     Sample: [0 0 1 1 0 1 0 1 1 0 0 1]
2025-02-24 14:15:10,231 - DEBUG -      3 |    16 |   1.6
2025-02-24 14:15:10,231 - DEBUG -     Sample: [0 0 1 0 0 1 1 0 1 1 0 1]
2025-02-24 14:15:10,232 - DEBUG -      4 |    16 |   1.6
2025-02-24 14:15:10,232 - DEBUG -     Sample: [0 0 1 1 0 1 1 0 1 0 0 1]
2025-02-24 14:15:10,232 - DEBUG -      5 |    15 |   1.5
2025-02-24 14:15:10,232 - DEBUG -     Sample: [0 0 1 1 0 1 1 1 1 0 0 1]
2025-02-24 14:15:10,233 - DEBUG - Generated 382 unique samples from 1000 total measurements
2025-02-24 14:15:10,238 - INFO - No feasible solution found
2025-02-24 14:15:10,238 - INFO -   QAOA solver found no feasible solution
2025-02-24 14:15:10,238 - INFO - 
Running Constraint Generation:
2025-02-24 14:15:10,240 - INFO - 
Problem information:
2025-02-24 14:15:10,240 - INFO -   Number of variables (n): 12
2025-02-24 14:15:10,240 - INFO -   Number of constraints (m): 40
2025-02-24 14:15:10,240 - DEBUG -   Density of A: 25.00%
2025-02-24 14:15:10,240 - INFO - 
Running classical reference solver:
2025-02-24 14:15:10,250 - INFO -   Reference solution found:
2025-02-24 14:15:10,250 - INFO -     Solution: [0, 1, 0, 0, 0, 1, 1, 0, 0, 0, 0, 1]
2025-02-24 14:15:10,250 - INFO -     Value: 85.0
2025-02-24 14:15:10,251 - INFO - 
Starting quantum constraint generation with parameters:
2025-02-24 14:15:10,251 - INFO -   sample_size (total shots): 1000
2025-02-24 14:15:10,251 - INFO -   tau: 0.1
2025-02-24 14:15:10,251 - INFO -   max_iters: 1000
2025-02-24 14:15:10,251 - INFO - 
Iteration 0:
2025-02-24 14:15:10,251 - DEBUG - Generated Ising Hamiltonian
2025-02-24 14:15:10,252 - DEBUG - Optimizing QAOA circuit...
2025-02-24 14:15:15,237 - WARNING - Circuit optimization did not converge
2025-02-24 14:15:15,237 - WARNING - Circuit optimization did not converge
2025-02-24 14:15:15,237 - DEBUG - Sampling from optimized circuit...
2025-02-24 14:15:15,298 - DEBUG - Generated 12 unique samples from 1000 total measurements
2025-02-24 14:15:15,298 - DEBUG - 
Top 5 most frequent samples:
2025-02-24 14:15:15,298 - DEBUG -   Rank | Count |   %   
2025-02-24 14:15:15,298 - DEBUG -   -----|-------|-------
2025-02-24 14:15:15,298 - DEBUG -      1 |   707 |  70.7
2025-02-24 14:15:15,299 - DEBUG -     Sample: [0 0 0 0 0 0 0 0 0 1 1 0]
2025-02-24 14:15:15,299 - DEBUG -      2 |   150 |  15.0
2025-02-24 14:15:15,299 - DEBUG -     Sample: [0 0 0 0 0 0 0 0 0 1 0 0]
2025-02-24 14:15:15,299 - DEBUG -      3 |    78 |   7.8
2025-02-24 14:15:15,299 - DEBUG -     Sample: [0 0 0 0 0 0 0 0 0 0 1 0]
2025-02-24 14:15:15,299 - DEBUG -      4 |    22 |   2.2
2025-02-24 14:15:15,299 - DEBUG -     Sample: [0 0 0 0 0 0 0 0 1 1 1 0]
2025-02-24 14:15:15,299 - DEBUG -      5 |    16 |   1.6
2025-02-24 14:15:15,299 - DEBUG -     Sample: [0 0 0 0 0 0 0 0 0 1 1 1]
2025-02-24 14:15:15,300 - DEBUG - Generated 12 unique samples from 1000 total measurements
2025-02-24 14:15:15,300 - INFO -   No feasible solution found in this iteration
2025-02-24 14:15:15,300 - INFO -   Added 7 new constraints: [5, 6, 17, 18, 23, 26, 28]
2025-02-24 14:15:15,300 - INFO - 
Iteration 1:
2025-02-24 14:15:15,300 - DEBUG - Generated Ising Hamiltonian
2025-02-24 14:15:15,302 - DEBUG - Optimizing QAOA circuit...
2025-02-24 14:15:24,829 - WARNING - Circuit optimization did not converge
2025-02-24 14:15:24,830 - WARNING - Circuit optimization did not converge
2025-02-24 14:15:24,830 - DEBUG - Sampling from optimized circuit...
2025-02-24 14:15:24,879 - DEBUG - Generated 12 unique samples from 1000 total measurements
2025-02-24 14:15:24,879 - DEBUG - 
Top 5 most frequent samples:
2025-02-24 14:15:24,879 - DEBUG -   Rank | Count |   %   
2025-02-24 14:15:24,879 - DEBUG -   -----|-------|-------
2025-02-24 14:15:24,879 - DEBUG -      1 |   540 |  54.0
2025-02-24 14:15:24,879 - DEBUG -     Sample: [0 0 0 0 0 0 0 0 0 0 1 0]
2025-02-24 14:15:24,879 - DEBUG -      2 |   217 |  21.7
2025-02-24 14:15:24,879 - DEBUG -     Sample: [0 0 0 0 0 0 0 0 0 1 1 0]
2025-02-24 14:15:24,879 - DEBUG -      3 |   114 |  11.4
2025-02-24 14:15:24,880 - DEBUG -     Sample: [0 0 0 0 0 0 0 0 0 0 0 0]
2025-02-24 14:15:24,880 - DEBUG -      4 |    45 |   4.5
2025-02-24 14:15:24,880 - DEBUG -     Sample: [0 0 0 0 0 0 0 0 0 1 0 0]
2025-02-24 14:15:24,880 - DEBUG -      5 |    44 |   4.4
2025-02-24 14:15:24,880 - DEBUG -     Sample: [0 0 0 0 0 0 0 0 0 0 1 1]
2025-02-24 14:15:24,880 - DEBUG - Generated 12 unique samples from 1000 total measurements
2025-02-24 14:15:24,880 - INFO -   No feasible solution found in this iteration
2025-02-24 14:15:24,881 - INFO -   No new constraints added, lowered tau multiplier: 1.0 -> 0.9
2025-02-24 14:15:24,881 - INFO -   No new constraints added, lowered tau multiplier: 0.9 -> 0.8
2025-02-24 14:15:24,881 - INFO -   No new constraints added, lowered tau multiplier: 0.8 -> 0.7
2025-02-24 14:15:24,881 - INFO -   No new constraints added, lowered tau multiplier: 0.7 -> 0.6
2025-02-24 14:15:24,881 - INFO -   Added 3 new constraints: [0, 14, 38]
2025-02-24 14:15:24,881 - INFO - 
Iteration 2:
2025-02-24 14:15:24,881 - DEBUG - Generated Ising Hamiltonian
2025-02-24 14:15:24,883 - DEBUG - Optimizing QAOA circuit...
2025-02-24 14:15:36,563 - WARNING - Circuit optimization did not converge
2025-02-24 14:15:36,563 - WARNING - Circuit optimization did not converge
2025-02-24 14:15:36,563 - DEBUG - Sampling from optimized circuit...
2025-02-24 14:15:36,607 - DEBUG - Generated 16 unique samples from 1000 total measurements
2025-02-24 14:15:36,607 - DEBUG - 
Top 5 most frequent samples:
2025-02-24 14:15:36,607 - DEBUG -   Rank | Count |   %   
2025-02-24 14:15:36,607 - DEBUG -   -----|-------|-------
2025-02-24 14:15:36,607 - DEBUG -      1 |   170 |  17.0
2025-02-24 14:15:36,607 - DEBUG -     Sample: [0 0 0 0 0 0 0 0 1 1 0 0]
2025-02-24 14:15:36,608 - DEBUG -      2 |   126 |  12.6
2025-02-24 14:15:36,608 - DEBUG -     Sample: [0 0 0 0 0 0 0 0 1 0 0 0]
2025-02-24 14:15:36,608 - DEBUG -      3 |   107 |  10.7
2025-02-24 14:15:36,608 - DEBUG -     Sample: [0 0 0 0 0 0 0 0 0 0 0 0]
2025-02-24 14:15:36,608 - DEBUG -      4 |   105 |  10.5
2025-02-24 14:15:36,608 - DEBUG -     Sample: [0 0 0 0 0 0 0 0 0 1 0 0]
2025-02-24 14:15:36,609 - DEBUG -      5 |    99 |   9.9
2025-02-24 14:15:36,609 - DEBUG -     Sample: [0 0 0 0 0 0 0 0 1 1 1 0]
2025-02-24 14:15:36,609 - DEBUG - Generated 16 unique samples from 1000 total measurements
2025-02-24 14:15:36,609 - INFO -   No feasible solution found in this iteration
2025-02-24 14:15:36,609 - INFO -   No new constraints added, lowered tau multiplier: 1.0 -> 0.9
2025-02-24 14:15:36,609 - INFO -   No new constraints added, lowered tau multiplier: 0.9 -> 0.8
2025-02-24 14:15:36,610 - INFO -   No new constraints added, lowered tau multiplier: 0.8 -> 0.7
2025-02-24 14:15:36,610 - INFO -   No new constraints added, lowered tau multiplier: 0.7 -> 0.6
2025-02-24 14:15:36,610 - INFO -   No new constraints added, lowered tau multiplier: 0.6 -> 0.5
2025-02-24 14:15:36,610 - INFO -   No new constraints added, lowered tau multiplier: 0.5 -> 0.4
2025-02-24 14:15:36,610 - INFO -   Added 30 new constraints: [1, 2, 3, 4, 7, 8, 9, 10, 11, 12, 13, 15, 16, 19, 20, 21, 22, 24, 25, 27, 29, 30, 31, 32, 33, 34, 35, 36, 37, 39]
2025-02-24 14:15:36,610 - INFO - 
Iteration 3:
2025-02-24 14:15:36,610 - DEBUG - Generated Ising Hamiltonian
2025-02-24 14:15:36,612 - DEBUG - Optimizing QAOA circuit...
2025-02-24 14:15:45,185 - WARNING - Circuit optimization did not converge
2025-02-24 14:15:45,185 - WARNING - Circuit optimization did not converge
2025-02-24 14:15:45,185 - DEBUG - Sampling from optimized circuit...
2025-02-24 14:15:45,243 - DEBUG - Generated 16 unique samples from 1000 total measurements
2025-02-24 14:15:45,243 - DEBUG - 
Top 5 most frequent samples:
2025-02-24 14:15:45,243 - DEBUG -   Rank | Count |   %   
2025-02-24 14:15:45,243 - DEBUG -   -----|-------|-------
2025-02-24 14:15:45,243 - DEBUG -      1 |    88 |   8.8
2025-02-24 14:15:45,243 - DEBUG -     Sample: [0 0 0 0 0 0 0 0 0 0 0 0]
2025-02-24 14:15:45,243 - DEBUG -      2 |    76 |   7.6
2025-02-24 14:15:45,244 - DEBUG -     Sample: [0 0 0 0 0 0 0 0 1 1 0 1]
2025-02-24 14:15:45,244 - DEBUG -      3 |    74 |   7.4
2025-02-24 14:15:45,244 - DEBUG -     Sample: [0 0 0 0 0 0 0 0 1 0 0 0]
2025-02-24 14:15:45,244 - DEBUG -      4 |    69 |   6.9
2025-02-24 14:15:45,244 - DEBUG -     Sample: [0 0 0 0 0 0 0 0 0 0 0 1]
2025-02-24 14:15:45,244 - DEBUG -      5 |    69 |   6.9
2025-02-24 14:15:45,244 - DEBUG -     Sample: [0 0 0 0 0 0 0 0 0 1 0 1]
2025-02-24 14:15:45,245 - DEBUG - Generated 16 unique samples from 1000 total measurements
2025-02-24 14:15:45,245 - INFO -   No feasible solution found in this iteration
2025-02-24 14:15:45,245 - INFO -   All constraints added, exiting
2025-02-24 14:15:45,245 - INFO -   Constraint generation found no feasible solution
2025-02-24 14:15:45,245 - INFO - 
Instance 11 results:
2025-02-24 14:15:45,245 - INFO -   Classical value: 85.0
2025-02-24 14:15:45,245 - INFO -   QAOA value: 0.0
2025-02-24 14:15:45,245 - INFO -   Constraint generation value: 0.0
2025-02-24 14:15:45,246 - INFO - 
Running instance 12/100
2025-02-24 14:15:45,247 - INFO - 
Running Classical Reference Solver (SCIP):
2025-02-24 14:15:45,248 - DEBUG - Problem dimensions: 40 constraints, 12 variables
2025-02-24 14:15:45,248 - DEBUG - Row names: ['ELEM1', 'ELEM2', 'ELEM3', 'ELEM4', 'ELEM5', 'ELEM6', 'ELEM7', 'ELEM8', 'ELEM9', 'ELEM10', 'ELEM11', 'ELEM12', 'ELEM13', 'ELEM14', 'ELEM15', 'ELEM16', 'ELEM17', 'ELEM18', 'ELEM19', 'ELEM20', 'ELEM21', 'ELEM22', 'ELEM23', 'ELEM24', 'ELEM25', 'ELEM26', 'ELEM27', 'ELEM28', 'ELEM29', 'ELEM30', 'ELEM31', 'ELEM32', 'ELEM33', 'ELEM34', 'ELEM35', 'ELEM36', 'ELEM37', 'ELEM38', 'ELEM39', 'ELEM40']
2025-02-24 14:15:45,248 - DEBUG - RHS values: {'ELEM1': 1.0, 'ELEM2': 1.0, 'ELEM3': 1.0, 'ELEM4': 1.0, 'ELEM5': 1.0, 'ELEM6': 1.0, 'ELEM7': 1.0, 'ELEM8': 1.0, 'ELEM9': 1.0, 'ELEM10': 1.0, 'ELEM11': 1.0, 'ELEM12': 1.0, 'ELEM13': 1.0, 'ELEM14': 1.0, 'ELEM15': 1.0, 'ELEM16': 1.0, 'ELEM17': 1.0, 'ELEM18': 1.0, 'ELEM19': 1.0, 'ELEM20': 1.0, 'ELEM21': 1.0, 'ELEM22': 1.0, 'ELEM23': 1.0, 'ELEM24': 1.0, 'ELEM25': 1.0, 'ELEM26': 1.0, 'ELEM27': 1.0, 'ELEM28': 1.0, 'ELEM29': 1.0, 'ELEM30': 1.0, 'ELEM31': 1.0, 'ELEM32': 1.0, 'ELEM33': 1.0, 'ELEM34': 1.0, 'ELEM35': 1.0, 'ELEM36': 1.0, 'ELEM37': 1.0, 'ELEM38': 1.0, 'ELEM39': 1.0, 'ELEM40': 1.0}
2025-02-24 14:15:45,255 - INFO -   Reference solution found:
2025-02-24 14:15:45,255 - INFO -     Solution: [1, 0, 0, 1, 1, 0, 0, 0, 1, 0, 1, 0]
2025-02-24 14:15:45,255 - INFO -     Value: 154.0
2025-02-24 14:15:45,255 - INFO - 
Running QAOA Reference Solution (with all constraints):
