2025-02-24 15:42:31,515 - INFO - 
Problem information:
2025-02-24 15:42:31,515 - INFO -   Number of variables (n): 12
2025-02-24 15:42:31,515 - INFO -   Number of constraints (m): 40
2025-02-24 15:42:31,515 - DEBUG -   Density of A: 25.00%
2025-02-24 15:42:31,515 - INFO - 
Starting reference QAOA with parameters:
2025-02-24 15:42:31,516 - INFO -   sample_size (total shots): 1000
2025-02-24 15:42:31,516 - INFO - Added all constraints
2025-02-24 15:42:31,516 - DEBUG - Generated Ising Hamiltonian
2025-02-24 15:42:31,894 - DEBUG - Optimizing QAOA circuit...
2025-02-24 15:42:36,502 - DEBUG - Circuit optimization successful
2025-02-24 15:42:36,503 - DEBUG - Circuit optimization successful, final value: -27566.56143856145
2025-02-24 15:42:36,503 - DEBUG - Sampling from optimized circuit...
2025-02-24 15:42:36,552 - DEBUG - Generated 624 unique samples from 1000 total measurements
2025-02-24 15:42:36,552 - DEBUG - 
Top 5 most frequent samples:
2025-02-24 15:42:36,552 - DEBUG -   Rank | Count |   %   
2025-02-24 15:42:36,552 - DEBUG -   -----|-------|-------
2025-02-24 15:42:36,552 - DEBUG -      1 |    13 |   1.3
2025-02-24 15:42:36,553 - DEBUG -     Sample: [0 0 0 1 1 1 0 0 1 1 0 1]
2025-02-24 15:42:36,553 - DEBUG -      2 |    11 |   1.1
2025-02-24 15:42:36,553 - DEBUG -     Sample: [0 0 0 1 1 0 1 0 0 1 0 1]
2025-02-24 15:42:36,553 - DEBUG -      3 |     9 |   0.9
2025-02-24 15:42:36,553 - DEBUG -     Sample: [0 0 0 1 1 1 0 0 0 1 0 1]
2025-02-24 15:42:36,553 - DEBUG -      4 |     8 |   0.8
2025-02-24 15:42:36,553 - DEBUG -     Sample: [1 0 0 1 1 0 0 0 0 0 1 1]
2025-02-24 15:42:36,554 - DEBUG -      5 |     7 |   0.7
2025-02-24 15:42:36,554 - DEBUG -     Sample: [0 0 0 1 1 1 1 0 0 0 0 1]
2025-02-24 15:42:36,555 - DEBUG - Generated 624 unique samples from 1000 total measurements
2025-02-24 15:42:36,567 - INFO - No feasible solution found
2025-02-24 15:42:36,568 - INFO -   QAOA solver found no feasible solution
2025-02-24 15:42:36,568 - INFO - 
Running Constraint Generation:
2025-02-24 15:42:36,569 - INFO - 
Problem information:
2025-02-24 15:42:36,570 - INFO -   Number of variables (n): 12
2025-02-24 15:42:36,570 - INFO -   Number of constraints (m): 40
2025-02-24 15:42:36,570 - DEBUG -   Density of A: 25.00%
2025-02-24 15:42:36,570 - INFO - 
Running classical reference solver:
2025-02-24 15:42:36,582 - INFO -   Reference solution found:
2025-02-24 15:42:36,583 - INFO -     Solution: [0, 0, 0, 1, 0, 1, 1, 1, 0, 0, 0, 0]
2025-02-24 15:42:36,583 - INFO -     Value: 182.0
2025-02-24 15:42:36,583 - INFO - 
Starting quantum constraint generation with parameters:
2025-02-24 15:42:36,584 - INFO -   sample_size (total shots): 1000
2025-02-24 15:42:36,584 - INFO -   tau: 0.1
2025-02-24 15:42:36,584 - INFO -   max_iters: 1000
2025-02-24 15:42:36,584 - INFO - 
Iteration 0:
2025-02-24 15:42:36,584 - DEBUG - Generated Ising Hamiltonian
2025-02-24 15:42:36,815 - DEBUG - Optimizing QAOA circuit...
2025-02-24 15:42:38,909 - DEBUG - Circuit optimization successful
2025-02-24 15:42:38,909 - DEBUG - Circuit optimization successful, final value: -322.5224775224775
2025-02-24 15:42:38,909 - DEBUG - Sampling from optimized circuit...
2025-02-24 15:42:38,936 - DEBUG - Generated 195 unique samples from 1000 total measurements
2025-02-24 15:42:38,936 - DEBUG - 
Top 5 most frequent samples:
2025-02-24 15:42:38,936 - DEBUG -   Rank | Count |   %   
2025-02-24 15:42:38,937 - DEBUG -   -----|-------|-------
2025-02-24 15:42:38,937 - DEBUG -      1 |   128 |  12.8
2025-02-24 15:42:38,937 - DEBUG -     Sample: [1 1 0 1 1 1 1 0 1 1 1 1]
2025-02-24 15:42:38,938 - DEBUG -      2 |    72 |   7.2
2025-02-24 15:42:38,938 - DEBUG -     Sample: [1 1 0 1 0 1 1 0 1 1 1 1]
2025-02-24 15:42:38,938 - DEBUG -      3 |    44 |   4.4
2025-02-24 15:42:38,938 - DEBUG -     Sample: [1 1 0 1 1 0 1 0 1 1 1 1]
2025-02-24 15:42:38,939 - DEBUG -      4 |    43 |   4.3
2025-02-24 15:42:38,939 - DEBUG -     Sample: [1 1 0 1 1 1 0 0 1 1 1 1]
2025-02-24 15:42:38,939 - DEBUG -      5 |    41 |   4.1
2025-02-24 15:42:38,939 - DEBUG -     Sample: [1 1 0 1 1 1 1 0 1 0 1 1]
2025-02-24 15:42:38,940 - DEBUG - Generated 195 unique samples from 1000 total measurements
2025-02-24 15:42:38,944 - INFO -   No feasible solution found in this iteration
2025-02-24 15:42:38,945 - INFO -   Added 1 new constraints: [16]
2025-02-24 15:42:38,945 - INFO - 
Iteration 1:
2025-02-24 15:42:38,946 - DEBUG - Generated Ising Hamiltonian
2025-02-24 15:42:39,182 - DEBUG - Optimizing QAOA circuit...
2025-02-24 15:42:41,184 - DEBUG - Circuit optimization successful
2025-02-24 15:42:41,184 - DEBUG - Circuit optimization successful, final value: -4533.7669830169825
2025-02-24 15:42:41,185 - DEBUG - Sampling from optimized circuit...
2025-02-24 15:42:41,219 - DEBUG - Generated 497 unique samples from 1000 total measurements
2025-02-24 15:42:41,219 - DEBUG - 
Top 5 most frequent samples:
2025-02-24 15:42:41,219 - DEBUG -   Rank | Count |   %   
2025-02-24 15:42:41,219 - DEBUG -   -----|-------|-------
2025-02-24 15:42:41,220 - DEBUG -      1 |    16 |   1.6
2025-02-24 15:42:41,220 - DEBUG -     Sample: [0 1 1 1 1 1 1 1 0 0 0 1]
2025-02-24 15:42:41,220 - DEBUG -      2 |    15 |   1.5
2025-02-24 15:42:41,220 - DEBUG -     Sample: [0 0 1 1 1 1 0 1 0 0 0 0]
2025-02-24 15:42:41,221 - DEBUG -      3 |    14 |   1.4
2025-02-24 15:42:41,223 - DEBUG -     Sample: [0 1 1 1 1 1 0 1 0 0 0 0]
2025-02-24 15:42:41,224 - DEBUG -      4 |    14 |   1.4
2025-02-24 15:42:41,224 - DEBUG -     Sample: [0 0 1 1 1 1 1 1 0 0 0 1]
2025-02-24 15:42:41,224 - DEBUG -      5 |    14 |   1.4
2025-02-24 15:42:41,225 - DEBUG -     Sample: [0 1 1 1 1 1 0 1 0 1 0 1]
2025-02-24 15:42:41,229 - DEBUG - Generated 497 unique samples from 1000 total measurements
2025-02-24 15:42:41,240 - INFO -   No feasible solution found in this iteration
2025-02-24 15:42:41,241 - INFO -   Added 1 new constraints: [38]
2025-02-24 15:42:41,241 - INFO - 
Iteration 2:
2025-02-24 15:42:41,242 - DEBUG - Generated Ising Hamiltonian
2025-02-24 15:42:41,459 - DEBUG - Optimizing QAOA circuit...
2025-02-24 15:42:43,519 - DEBUG - Circuit optimization successful
2025-02-24 15:42:43,519 - DEBUG - Circuit optimization successful, final value: -4985.04095904096
2025-02-24 15:42:43,519 - DEBUG - Sampling from optimized circuit...
2025-02-24 15:42:43,546 - DEBUG - Generated 500 unique samples from 1000 total measurements
2025-02-24 15:42:43,547 - DEBUG - 
Top 5 most frequent samples:
2025-02-24 15:42:43,547 - DEBUG -   Rank | Count |   %   
2025-02-24 15:42:43,547 - DEBUG -   -----|-------|-------
2025-02-24 15:42:43,547 - DEBUG -      1 |    16 |   1.6
2025-02-24 15:42:43,547 - DEBUG -     Sample: [0 0 0 1 1 1 1 0 0 0 0 0]
2025-02-24 15:42:43,548 - DEBUG -      2 |    12 |   1.2
2025-02-24 15:42:43,548 - DEBUG -     Sample: [0 1 0 1 1 1 1 0 0 0 0 0]
2025-02-24 15:42:43,548 - DEBUG -      3 |    12 |   1.2
2025-02-24 15:42:43,548 - DEBUG -     Sample: [0 1 0 1 1 1 0 0 0 0 0 0]
2025-02-24 15:42:43,548 - DEBUG -      4 |    12 |   1.2
2025-02-24 15:42:43,549 - DEBUG -     Sample: [0 1 0 1 1 1 1 0 0 0 0 1]
2025-02-24 15:42:43,549 - DEBUG -      5 |    11 |   1.1
2025-02-24 15:42:43,549 - DEBUG -     Sample: [0 1 0 1 1 1 0 0 0 0 0 1]
2025-02-24 15:42:43,550 - DEBUG - Generated 500 unique samples from 1000 total measurements
2025-02-24 15:42:43,556 - INFO - Found feasible solution: [0 0 0 1 0 1 1 1 0 0 0 0] with objective value 182.0
2025-02-24 15:42:43,561 - INFO -   Found feasible solution:
2025-02-24 15:42:43,561 - INFO -     Solution: [0, 0, 0, 1, 0, 1, 1, 1, 0, 0, 0, 0]
2025-02-24 15:42:43,561 - INFO -     Value: 182.0
2025-02-24 15:42:43,562 - INFO -     Gap to reference: 0.00%
2025-02-24 15:42:43,562 - INFO -   Constraint generation solution found:
2025-02-24 15:42:43,563 - INFO -     Solution: [0, 0, 0, 1, 0, 1, 1, 1, 0, 0, 0, 0]
2025-02-24 15:42:43,563 - INFO -     Value: 182.0
2025-02-24 15:42:43,563 - INFO - 
Instance 69 results:
2025-02-24 15:42:43,563 - INFO -   Classical value: 182.0
2025-02-24 15:42:43,563 - INFO -   QAOA value: 0.0
2025-02-24 15:42:43,563 - INFO -   Constraint generation value: 182.0
2025-02-24 15:42:43,564 - INFO - 
Running instance 70/100
2025-02-24 15:42:43,566 - INFO - 
Running Classical Reference Solver (SCIP):
2025-02-24 15:42:43,567 - DEBUG - Problem dimensions: 40 constraints, 12 variables
2025-02-24 15:42:43,568 - DEBUG - Row names: ['ELEM1', 'ELEM2', 'ELEM3', 'ELEM4', 'ELEM5', 'ELEM6', 'ELEM7', 'ELEM8', 'ELEM9', 'ELEM10', 'ELEM11', 'ELEM12', 'ELEM13', 'ELEM14', 'ELEM15', 'ELEM16', 'ELEM17', 'ELEM18', 'ELEM19', 'ELEM20', 'ELEM21', 'ELEM22', 'ELEM23', 'ELEM24', 'ELEM25', 'ELEM26', 'ELEM27', 'ELEM28', 'ELEM29', 'ELEM30', 'ELEM31', 'ELEM32', 'ELEM33', 'ELEM34', 'ELEM35', 'ELEM36', 'ELEM37', 'ELEM38', 'ELEM39', 'ELEM40']
2025-02-24 15:42:43,568 - DEBUG - RHS values: {'ELEM1': 1.0, 'ELEM2': 1.0, 'ELEM3': 1.0, 'ELEM4': 1.0, 'ELEM5': 1.0, 'ELEM6': 1.0, 'ELEM7': 1.0, 'ELEM8': 1.0, 'ELEM9': 1.0, 'ELEM10': 1.0, 'ELEM11': 1.0, 'ELEM12': 1.0, 'ELEM13': 1.0, 'ELEM14': 1.0, 'ELEM15': 1.0, 'ELEM16': 1.0, 'ELEM17': 1.0, 'ELEM18': 1.0, 'ELEM19': 1.0, 'ELEM20': 1.0, 'ELEM21': 1.0, 'ELEM22': 1.0, 'ELEM23': 1.0, 'ELEM24': 1.0, 'ELEM25': 1.0, 'ELEM26': 1.0, 'ELEM27': 1.0, 'ELEM28': 1.0, 'ELEM29': 1.0, 'ELEM30': 1.0, 'ELEM31': 1.0, 'ELEM32': 1.0, 'ELEM33': 1.0, 'ELEM34': 1.0, 'ELEM35': 1.0, 'ELEM36': 1.0, 'ELEM37': 1.0, 'ELEM38': 1.0, 'ELEM39': 1.0, 'ELEM40': 1.0}
2025-02-24 15:42:43,580 - INFO -   Reference solution found:
2025-02-24 15:42:43,580 - INFO -     Solution: [1, 1, 1, 0, 0, 0, 1, 0, 0, 0, 1, 0]
2025-02-24 15:42:43,580 - INFO -     Value: 156.99999999999997
2025-02-24 15:42:43,580 - INFO - 
Running QAOA Reference Solution (with all constraints):
