
Problem information:
  Number of variables (n): 12
  Number of constraints (m): 40

Starting reference QAOA with parameters:
  sample_size (total shots): 1000
Added all constraints
Found feasible solution: [1 0 0 0 1 1 0 0 1 1 0 0] with objective value 265.0
Found feasible solution:
  Solution: [1, 0, 0, 0, 1, 1, 0, 0, 1, 1, 0, 0]
  Value: 265.0
  QAOA solution found:
    Solution: [1, 0, 0, 0, 1, 1, 0, 0, 1, 1, 0, 0]
    Value: 265.0

Running Constraint Generation:

Problem information:
  Number of variables (n): 12
  Number of constraints (m): 40

Running classical reference solver:
  Reference solution found:
    Solution: [1, 0, 0, 0, 1, 1, 0, 0, 1, 1, 0, 0]
    Value: 265.0

Starting quantum constraint generation with parameters:
  sample_size (total shots): 1000
  tau: 0.1
  max_iters: 1000

Iteration 0:
  No feasible solution found in this iteration
  Added 1 new constraints: [20]

Iteration 1:
  No feasible solution found in this iteration
  Added 1 new constraints: [30]

Iteration 2:
  No feasible solution found in this iteration
  Added 1 new constraints: [25]

Iteration 3:
  No feasible solution found in this iteration
  Added 1 new constraints: [2]

Iteration 4:
  No feasible solution found in this iteration
  Added 1 new constraints: [21]

Iteration 5:
  No feasible solution found in this iteration
  No new constraints added, lowered tau multiplier: 1.0 -> 0.9
  No new constraints added, lowered tau multiplier: 0.9 -> 0.8
  Added 4 new constraints: [16, 24, 31, 38]

Iteration 6:
  No feasible solution found in this iteration
  No new constraints added, lowered tau multiplier: 1.0 -> 0.9
  No new constraints added, lowered tau multiplier: 0.9 -> 0.8
  Added 3 new constraints: [3, 8, 19]

Iteration 7:
  No feasible solution found in this iteration
  No new constraints added, lowered tau multiplier: 1.0 -> 0.9
  Added 1 new constraints: [28]

Iteration 8:
  No feasible solution found in this iteration
  No new constraints added, lowered tau multiplier: 1.0 -> 0.9
  Added 1 new constraints: [6]

Iteration 9:
Found feasible solution: [0 1 0 0 0 0 1 1 0 0 0 1] with objective value 312.0
  Found feasible solution:
    Solution: [0, 1, 0, 0, 0, 0, 1, 1, 0, 0, 0, 1]
    Value: 312.0
    Gap to reference: 17.74%
  Constraint generation solution found:
    Solution: [0, 1, 0, 0, 0, 0, 1, 1, 0, 0, 0, 1]
    Value: 312.0

Instance 94 results:
  Classical value: 265.0
  QAOA value: 265.0
  Constraint generation value: 312.0

Running instance 95/100

Running Classical Reference Solver (SCIP):
  Reference solution found:
    Solution: [0, 0, 1, 1, 0, 0, 0, 1, 0, 0, 1, 0]
    Value: 135.0

Running QAOA Reference Solution (with all constraints):
