
Problem information:
  Number of variables (n): 10
  Number of constraints (m): 20

Starting reference QAOA with parameters:
  sample_size (total shots): 100
Added all constraints
No feasible solution found
  QAOA solver found no feasible solution

Running Constraint Generation:

Problem information:
  Number of variables (n): 10
  Number of constraints (m): 20

Running classical reference solver:
  Reference solution found:
    Solution: [0, 0, 0, 0, 0, 0, 0, 1, 1, 0]
    Value: 66.0

Starting quantum constraint generation with parameters:
  sample_size (total shots): 100
  tau: 0.1
  max_iters: 1000

Iteration 0:
  No feasible solution found in this iteration
  Added 14 new constraints: [0, 1, 2, 3, 4, 8, 9, 10, 12, 14, 15, 16, 17, 19]

Iteration 1:
  No feasible solution found in this iteration
  Added 1 new constraints: [6]

Iteration 2:
  No feasible solution found in this iteration
  Added 4 new constraints: [5, 7, 13, 18]

Iteration 3:
Found feasible solution: [0 0 0 0 0 0 0 1 1 0] with objective value 66.0
Found feasible solution: [0 0 1 0 0 0 1 0 0 0] with objective value 102.0
  Found feasible solution:
    Solution: [0, 0, 0, 0, 0, 0, 0, 1, 1, 0]
    Value: 66.0
    Gap to reference: 0.00%
  Constraint generation solution found:
    Solution: [0, 0, 0, 0, 0, 0, 0, 1, 1, 0]
    Value: 66.0

Instance 78 results:
  Classical value: 66.0
  QAOA value: 0.0
  Constraint generation value: 66.0

Running instance 79/100

Running Classical Reference Solver (SCIP):
  Reference solution found:
    Solution: [1, 0, 1, 0, 0, 0, 0, 0, 0, 0]
    Value: 40.0

Running QAOA Reference Solution (with all constraints):
