
Problem information:
  Number of variables (n): 10
  Number of constraints (m): 20

Starting reference QAOA with parameters:
  sample_size (total shots): 100
Added all constraints
Found feasible solution: [0 0 0 0 1 0 1 0 0 0] with objective value 90.0
Found feasible solution: [1 1 0 0 0 0 0 0 0 0] with objective value 101.0
Found feasible solution:
  Solution: [0, 0, 0, 0, 1, 0, 1, 0, 0, 0]
  Value: 90.0
  QAOA solution found:
    Solution: [0, 0, 0, 0, 1, 0, 1, 0, 0, 0]
    Value: 90.0

Running Constraint Generation:

Problem information:
  Number of variables (n): 10
  Number of constraints (m): 20

Running classical reference solver:
  Reference solution found:
    Solution: [0, 0, 0, 0, 0, 1, 0, 0, 1, 0]
    Value: 57.0

Starting quantum constraint generation with parameters:
  sample_size (total shots): 100
  tau: 0.1
  max_iters: 1000

Iteration 0:
  No feasible solution found in this iteration
  Added 14 new constraints: [0, 1, 4, 5, 6, 7, 9, 10, 12, 14, 15, 16, 17, 19]

Iteration 1:
Found feasible solution: [0 0 0 0 1 0 1 0 0 0] with objective value 90.0
  Found feasible solution:
    Solution: [0, 0, 0, 0, 1, 0, 1, 0, 0, 0]
    Value: 90.0
    Gap to reference: 57.89%
  Constraint generation solution found:
    Solution: [0, 0, 0, 0, 1, 0, 1, 0, 0, 0]
    Value: 90.0

Instance 84 results:
  Classical value: 57.0
  QAOA value: 90.0
  Constraint generation value: 90.0

Running instance 85/100

Running Classical Reference Solver (SCIP):
  Reference solution found:
    Solution: [0, 0, 1, 0, 0, 0, 1, 1, 0, 0]
    Value: 48.0

Running QAOA Reference Solution (with all constraints):
