2025-02-24 14:57:31,697 - INFO - 
Problem information:
2025-02-24 14:57:31,697 - INFO -   Number of variables (n): 12
2025-02-24 14:57:31,697 - INFO -   Number of constraints (m): 40
2025-02-24 14:57:31,697 - DEBUG -   Density of A: 25.00%
2025-02-24 14:57:31,697 - INFO - 
Starting reference QAOA with parameters:
2025-02-24 14:57:31,697 - INFO -   sample_size (total shots): 1000
2025-02-24 14:57:31,697 - INFO - Added all constraints
2025-02-24 14:57:31,698 - DEBUG - Generated Ising Hamiltonian
2025-02-24 14:57:31,829 - DEBUG - Optimizing QAOA circuit...
2025-02-24 14:57:35,888 - DEBUG - Circuit optimization successful
2025-02-24 14:57:35,889 - DEBUG - Circuit optimization successful, final value: -2463.9380619380627
2025-02-24 14:57:35,889 - DEBUG - Sampling from optimized circuit...
2025-02-24 14:57:35,931 - DEBUG - Generated 717 unique samples from 1000 total measurements
2025-02-24 14:57:35,932 - DEBUG - 
Top 5 most frequent samples:
2025-02-24 14:57:35,932 - DEBUG -   Rank | Count |   %   
2025-02-24 14:57:35,932 - DEBUG -   -----|-------|-------
2025-02-24 14:57:35,932 - DEBUG -      1 |     6 |   0.6
2025-02-24 14:57:35,933 - DEBUG -     Sample: [0 0 0 0 1 0 1 1 1 0 0 1]
2025-02-24 14:57:35,933 - DEBUG -      2 |     6 |   0.6
2025-02-24 14:57:35,933 - DEBUG -     Sample: [0 0 0 1 1 1 1 0 1 0 0 0]
2025-02-24 14:57:35,933 - DEBUG -      3 |     6 |   0.6
2025-02-24 14:57:35,934 - DEBUG -     Sample: [1 0 0 0 1 0 0 1 0 0 0 0]
2025-02-24 14:57:35,934 - DEBUG -      4 |     6 |   0.6
2025-02-24 14:57:35,934 - DEBUG -     Sample: [1 0 0 1 1 1 1 1 1 0 0 0]
2025-02-24 14:57:35,934 - DEBUG -      5 |     5 |   0.5
2025-02-24 14:57:35,934 - DEBUG -     Sample: [0 0 0 1 0 0 1 1 1 0 0 1]
2025-02-24 14:57:35,936 - DEBUG - Generated 717 unique samples from 1000 total measurements
2025-02-24 14:57:35,936 - INFO - Found feasible solution: [1 1 0 0 0 0 0 0 0 0 1 1] with objective value 145.0
2025-02-24 14:57:35,947 - INFO - Found feasible solution:
2025-02-24 14:57:35,947 - INFO -   Solution: [1, 1, 0, 0, 0, 0, 0, 0, 0, 0, 1, 1]
2025-02-24 14:57:35,947 - INFO -   Value: 145.0
2025-02-24 14:57:35,948 - INFO -   QAOA solution found:
2025-02-24 14:57:35,948 - INFO -     Solution: [1, 1, 0, 0, 0, 0, 0, 0, 0, 0, 1, 1]
2025-02-24 14:57:35,948 - INFO -     Value: 145.0
2025-02-24 14:57:35,948 - INFO - 
Running Constraint Generation:
2025-02-24 14:57:35,950 - INFO - 
Problem information:
2025-02-24 14:57:35,950 - INFO -   Number of variables (n): 12
2025-02-24 14:57:35,950 - INFO -   Number of constraints (m): 40
2025-02-24 14:57:35,950 - DEBUG -   Density of A: 25.00%
2025-02-24 14:57:35,950 - INFO - 
Running classical reference solver:
2025-02-24 14:57:35,961 - INFO -   Reference solution found:
2025-02-24 14:57:35,961 - INFO -     Solution: [0, 0, 0, 0, 1, 1, 1, 0, 0, 0, 0, 0]
2025-02-24 14:57:35,961 - INFO -     Value: 80.0
2025-02-24 14:57:35,961 - INFO - 
Starting quantum constraint generation with parameters:
2025-02-24 14:57:35,961 - INFO -   sample_size (total shots): 1000
2025-02-24 14:57:35,961 - INFO -   tau: 0.1
2025-02-24 14:57:35,962 - INFO -   max_iters: 1000
2025-02-24 14:57:35,962 - INFO - 
Iteration 0:
2025-02-24 14:57:35,962 - DEBUG - Generated Ising Hamiltonian
2025-02-24 14:57:35,963 - DEBUG - Optimizing QAOA circuit...
2025-02-24 14:57:41,193 - WARNING - Circuit optimization did not converge
2025-02-24 14:57:41,194 - WARNING - Circuit optimization did not converge
2025-02-24 14:57:41,194 - DEBUG - Sampling from optimized circuit...
2025-02-24 14:57:41,252 - DEBUG - Generated 9 unique samples from 1000 total measurements
2025-02-24 14:57:41,252 - DEBUG - 
Top 5 most frequent samples:
2025-02-24 14:57:41,252 - DEBUG -   Rank | Count |   %   
2025-02-24 14:57:41,253 - DEBUG -   -----|-------|-------
2025-02-24 14:57:41,253 - DEBUG -      1 |   441 |  44.1
2025-02-24 14:57:41,253 - DEBUG -     Sample: [0 0 0 0 0 0 0 0 1 1 1 1]
2025-02-24 14:57:41,253 - DEBUG -      2 |   310 |  31.0
2025-02-24 14:57:41,253 - DEBUG -     Sample: [0 0 0 0 0 0 0 0 1 1 1 0]
2025-02-24 14:57:41,253 - DEBUG -      3 |   103 |  10.3
2025-02-24 14:57:41,253 - DEBUG -     Sample: [0 0 0 0 0 0 0 0 1 0 1 1]
2025-02-24 14:57:41,253 - DEBUG -      4 |    79 |   7.9
2025-02-24 14:57:41,254 - DEBUG -     Sample: [0 0 0 0 0 0 0 0 1 0 1 0]
2025-02-24 14:57:41,254 - DEBUG -      5 |    26 |   2.6
2025-02-24 14:57:41,254 - DEBUG -     Sample: [0 0 0 0 0 0 0 0 0 1 1 1]
2025-02-24 14:57:41,254 - DEBUG - Generated 9 unique samples from 1000 total measurements
2025-02-24 14:57:41,254 - INFO -   No feasible solution found in this iteration
2025-02-24 14:57:41,254 - INFO -   Added 16 new constraints: [1, 4, 5, 12, 13, 16, 17, 21, 24, 27, 28, 30, 31, 34, 35, 39]
2025-02-24 14:57:41,254 - INFO - 
Iteration 1:
2025-02-24 14:57:41,255 - DEBUG - Generated Ising Hamiltonian
2025-02-24 14:57:41,256 - DEBUG - Optimizing QAOA circuit...
2025-02-24 14:57:50,744 - WARNING - Circuit optimization did not converge
2025-02-24 14:57:50,744 - WARNING - Circuit optimization did not converge
2025-02-24 14:57:50,744 - DEBUG - Sampling from optimized circuit...
2025-02-24 14:57:50,797 - DEBUG - Generated 14 unique samples from 1000 total measurements
2025-02-24 14:57:50,797 - DEBUG - 
Top 5 most frequent samples:
2025-02-24 14:57:50,798 - DEBUG -   Rank | Count |   %   
2025-02-24 14:57:50,798 - DEBUG -   -----|-------|-------
2025-02-24 14:57:50,798 - DEBUG -      1 |   441 |  44.1
2025-02-24 14:57:50,798 - DEBUG -     Sample: [0 0 0 0 0 0 0 0 0 1 0 0]
2025-02-24 14:57:50,798 - DEBUG -      2 |   182 |  18.2
2025-02-24 14:57:50,798 - DEBUG -     Sample: [0 0 0 0 0 0 0 0 0 0 0 0]
2025-02-24 14:57:50,798 - DEBUG -      3 |   159 |  15.9
2025-02-24 14:57:50,798 - DEBUG -     Sample: [0 0 0 0 0 0 0 0 0 1 1 0]
2025-02-24 14:57:50,798 - DEBUG -      4 |    58 |   5.8
2025-02-24 14:57:50,798 - DEBUG -     Sample: [0 0 0 0 0 0 0 0 0 0 1 0]
2025-02-24 14:57:50,799 - DEBUG -      5 |    42 |   4.2
2025-02-24 14:57:50,799 - DEBUG -     Sample: [0 0 0 0 0 0 0 0 0 1 0 1]
2025-02-24 14:57:50,799 - DEBUG - Generated 14 unique samples from 1000 total measurements
2025-02-24 14:57:50,799 - INFO -   No feasible solution found in this iteration
2025-02-24 14:57:50,799 - INFO -   No new constraints added, lowered tau multiplier: 1.0 -> 0.9
2025-02-24 14:57:50,799 - INFO -   No new constraints added, lowered tau multiplier: 0.9 -> 0.8
2025-02-24 14:57:50,799 - INFO -   No new constraints added, lowered tau multiplier: 0.8 -> 0.7
2025-02-24 14:57:50,799 - INFO -   No new constraints added, lowered tau multiplier: 0.7 -> 0.6
2025-02-24 14:57:50,800 - INFO -   No new constraints added, lowered tau multiplier: 0.6 -> 0.5
2025-02-24 14:57:50,800 - INFO -   Added 18 new constraints: [0, 2, 3, 7, 8, 10, 11, 14, 15, 18, 22, 23, 25, 26, 32, 36, 37, 38]
2025-02-24 14:57:50,800 - INFO - 
Iteration 2:
2025-02-24 14:57:50,800 - DEBUG - Generated Ising Hamiltonian
2025-02-24 14:57:50,802 - DEBUG - Optimizing QAOA circuit...
2025-02-24 14:57:58,992 - WARNING - Circuit optimization did not converge
2025-02-24 14:57:58,992 - WARNING - Circuit optimization did not converge
2025-02-24 14:57:58,992 - DEBUG - Sampling from optimized circuit...
2025-02-24 14:57:59,052 - DEBUG - Generated 12 unique samples from 1000 total measurements
2025-02-24 14:57:59,052 - DEBUG - 
Top 5 most frequent samples:
2025-02-24 14:57:59,052 - DEBUG -   Rank | Count |   %   
2025-02-24 14:57:59,052 - DEBUG -   -----|-------|-------
2025-02-24 14:57:59,052 - DEBUG -      1 |   479 |  47.9
2025-02-24 14:57:59,052 - DEBUG -     Sample: [0 0 0 0 0 0 0 0 0 0 0 1]
2025-02-24 14:57:59,052 - DEBUG -      2 |   336 |  33.6
2025-02-24 14:57:59,052 - DEBUG -     Sample: [0 0 0 0 0 0 0 0 0 1 0 1]
2025-02-24 14:57:59,052 - DEBUG -      3 |    63 |   6.3
2025-02-24 14:57:59,053 - DEBUG -     Sample: [0 0 0 0 0 0 0 0 1 1 0 1]
2025-02-24 14:57:59,053 - DEBUG -      4 |    57 |   5.7
2025-02-24 14:57:59,053 - DEBUG -     Sample: [0 0 0 0 0 0 0 0 1 0 0 1]
2025-02-24 14:57:59,053 - DEBUG -      5 |    24 |   2.4
2025-02-24 14:57:59,053 - DEBUG -     Sample: [0 0 0 0 0 0 0 0 0 0 1 1]
2025-02-24 14:57:59,053 - DEBUG - Generated 12 unique samples from 1000 total measurements
2025-02-24 14:57:59,054 - INFO -   No feasible solution found in this iteration
2025-02-24 14:57:59,054 - INFO -   No new constraints added, lowered tau multiplier: 1.0 -> 0.9
2025-02-24 14:57:59,054 - INFO -   No new constraints added, lowered tau multiplier: 0.9 -> 0.8
2025-02-24 14:57:59,054 - INFO -   No new constraints added, lowered tau multiplier: 0.8 -> 0.7
2025-02-24 14:57:59,054 - INFO -   No new constraints added, lowered tau multiplier: 0.7 -> 0.6
2025-02-24 14:57:59,054 - INFO -   No new constraints added, lowered tau multiplier: 0.6 -> 0.5
2025-02-24 14:57:59,054 - INFO -   Added 2 new constraints: [19, 33]
2025-02-24 14:57:59,054 - INFO - 
Iteration 3:
2025-02-24 14:57:59,054 - DEBUG - Generated Ising Hamiltonian
2025-02-24 14:57:59,057 - DEBUG - Optimizing QAOA circuit...
2025-02-24 14:58:26,564 - WARNING - Circuit optimization did not converge
2025-02-24 14:58:26,564 - WARNING - Circuit optimization did not converge
2025-02-24 14:58:26,564 - DEBUG - Sampling from optimized circuit...
2025-02-24 14:58:26,626 - DEBUG - Generated 14 unique samples from 1000 total measurements
2025-02-24 14:58:26,626 - DEBUG - 
Top 5 most frequent samples:
2025-02-24 14:58:26,626 - DEBUG -   Rank | Count |   %   
2025-02-24 14:58:26,626 - DEBUG -   -----|-------|-------
2025-02-24 14:58:26,626 - DEBUG -      1 |   388 |  38.8
2025-02-24 14:58:26,626 - DEBUG -     Sample: [0 0 0 0 0 0 0 0 0 1 1 0]
2025-02-24 14:58:26,626 - DEBUG -      2 |   335 |  33.5
2025-02-24 14:58:26,626 - DEBUG -     Sample: [0 0 0 0 0 0 0 0 1 1 1 0]
2025-02-24 14:58:26,626 - DEBUG -      3 |    94 |   9.4
2025-02-24 14:58:26,627 - DEBUG -     Sample: [0 0 0 0 0 0 0 0 1 1 0 0]
2025-02-24 14:58:26,627 - DEBUG -      4 |    85 |   8.5
2025-02-24 14:58:26,627 - DEBUG -     Sample: [0 0 0 0 0 0 0 0 0 1 0 0]
2025-02-24 14:58:26,627 - DEBUG -      5 |    32 |   3.2
2025-02-24 14:58:26,627 - DEBUG -     Sample: [0 0 0 0 0 0 0 0 1 0 1 0]
2025-02-24 14:58:26,627 - DEBUG - Generated 14 unique samples from 1000 total measurements
2025-02-24 14:58:26,627 - INFO -   No feasible solution found in this iteration
2025-02-24 14:58:26,628 - INFO -   No new constraints added, lowered tau multiplier: 1.0 -> 0.9
2025-02-24 14:58:26,628 - INFO -   No new constraints added, lowered tau multiplier: 0.9 -> 0.8
2025-02-24 14:58:26,628 - INFO -   No new constraints added, lowered tau multiplier: 0.8 -> 0.7
2025-02-24 14:58:26,628 - INFO -   No new constraints added, lowered tau multiplier: 0.7 -> 0.6
2025-02-24 14:58:26,628 - INFO -   No new constraints added, lowered tau multiplier: 0.6 -> 0.5
2025-02-24 14:58:26,628 - INFO -   No new constraints added, lowered tau multiplier: 0.5 -> 0.4
2025-02-24 14:58:26,629 - INFO -   Added 4 new constraints: [6, 9, 20, 29]
2025-02-24 14:58:26,629 - INFO - 
Iteration 4:
2025-02-24 14:58:26,629 - DEBUG - Generated Ising Hamiltonian
2025-02-24 14:58:26,631 - DEBUG - Optimizing QAOA circuit...
2025-02-24 14:58:36,058 - WARNING - Circuit optimization did not converge
2025-02-24 14:58:36,058 - WARNING - Circuit optimization did not converge
2025-02-24 14:58:36,058 - DEBUG - Sampling from optimized circuit...
2025-02-24 14:58:36,248 - DEBUG - Generated 16 unique samples from 1000 total measurements
2025-02-24 14:58:36,248 - DEBUG - 
Top 5 most frequent samples:
2025-02-24 14:58:36,248 - DEBUG -   Rank | Count |   %   
2025-02-24 14:58:36,248 - DEBUG -   -----|-------|-------
2025-02-24 14:58:36,248 - DEBUG -      1 |   317 |  31.7
2025-02-24 14:58:36,248 - DEBUG -     Sample: [0 0 0 0 0 0 0 0 1 1 0 0]
2025-02-24 14:58:36,249 - DEBUG -      2 |   246 |  24.6
2025-02-24 14:58:36,249 - DEBUG -     Sample: [0 0 0 0 0 0 0 0 1 1 0 1]
2025-02-24 14:58:36,249 - DEBUG -      3 |   149 |  14.9
2025-02-24 14:58:36,249 - DEBUG -     Sample: [0 0 0 0 0 0 0 0 1 1 1 0]
2025-02-24 14:58:36,249 - DEBUG -      4 |    93 |   9.3
2025-02-24 14:58:36,249 - DEBUG -     Sample: [0 0 0 0 0 0 0 0 1 1 1 1]
2025-02-24 14:58:36,249 - DEBUG -      5 |    55 |   5.5
2025-02-24 14:58:36,249 - DEBUG -     Sample: [0 0 0 0 0 0 0 0 0 1 0 0]
2025-02-24 14:58:36,250 - DEBUG - Generated 16 unique samples from 1000 total measurements
2025-02-24 14:58:36,250 - INFO -   No feasible solution found in this iteration
2025-02-24 14:58:36,250 - INFO -   All constraints added, exiting
2025-02-24 14:58:36,250 - INFO -   Constraint generation found no feasible solution
2025-02-24 14:58:36,250 - INFO - 
Instance 78 results:
2025-02-24 14:58:36,250 - INFO -   Classical value: 80.0
2025-02-24 14:58:36,250 - INFO -   QAOA value: 145.0
2025-02-24 14:58:36,250 - INFO -   Constraint generation value: 0.0
2025-02-24 14:58:36,251 - INFO - 
Running instance 79/100
2025-02-24 14:58:36,252 - INFO - 
Running Classical Reference Solver (SCIP):
2025-02-24 14:58:36,252 - DEBUG - Problem dimensions: 40 constraints, 12 variables
2025-02-24 14:58:36,253 - DEBUG - Row names: ['ELEM1', 'ELEM2', 'ELEM3', 'ELEM4', 'ELEM5', 'ELEM6', 'ELEM7', 'ELEM8', 'ELEM9', 'ELEM10', 'ELEM11', 'ELEM12', 'ELEM13', 'ELEM14', 'ELEM15', 'ELEM16', 'ELEM17', 'ELEM18', 'ELEM19', 'ELEM20', 'ELEM21', 'ELEM22', 'ELEM23', 'ELEM24', 'ELEM25', 'ELEM26', 'ELEM27', 'ELEM28', 'ELEM29', 'ELEM30', 'ELEM31', 'ELEM32', 'ELEM33', 'ELEM34', 'ELEM35', 'ELEM36', 'ELEM37', 'ELEM38', 'ELEM39', 'ELEM40']
2025-02-24 14:58:36,253 - DEBUG - RHS values: {'ELEM1': 1.0, 'ELEM2': 1.0, 'ELEM3': 1.0, 'ELEM4': 1.0, 'ELEM5': 1.0, 'ELEM6': 1.0, 'ELEM7': 1.0, 'ELEM8': 1.0, 'ELEM9': 1.0, 'ELEM10': 1.0, 'ELEM11': 1.0, 'ELEM12': 1.0, 'ELEM13': 1.0, 'ELEM14': 1.0, 'ELEM15': 1.0, 'ELEM16': 1.0, 'ELEM17': 1.0, 'ELEM18': 1.0, 'ELEM19': 1.0, 'ELEM20': 1.0, 'ELEM21': 1.0, 'ELEM22': 1.0, 'ELEM23': 1.0, 'ELEM24': 1.0, 'ELEM25': 1.0, 'ELEM26': 1.0, 'ELEM27': 1.0, 'ELEM28': 1.0, 'ELEM29': 1.0, 'ELEM30': 1.0, 'ELEM31': 1.0, 'ELEM32': 1.0, 'ELEM33': 1.0, 'ELEM34': 1.0, 'ELEM35': 1.0, 'ELEM36': 1.0, 'ELEM37': 1.0, 'ELEM38': 1.0, 'ELEM39': 1.0, 'ELEM40': 1.0}
2025-02-24 14:58:36,262 - INFO -   Reference solution found:
2025-02-24 14:58:36,262 - INFO -     Solution: [0, 1, 1, 0, 0, 0, 1, 0, 0, 0, 1, 0]
2025-02-24 14:58:36,262 - INFO -     Value: 153.0
2025-02-24 14:58:36,262 - INFO - 
Running QAOA Reference Solution (with all constraints):
