
Problem information:
  Number of variables (n): 12
  Number of constraints (m): 40

Starting reference QAOA with parameters:
  sample_size (total shots): 1000
Added all constraints
Found feasible solution: [1 0 0 0 0 0 0 1 0 1 1 0] with objective value 114.0
Found feasible solution:
  Solution: [1, 0, 0, 0, 0, 0, 0, 1, 0, 1, 1, 0]
  Value: 114.0
  QAOA solution found:
    Solution: [1, 0, 0, 0, 0, 0, 0, 1, 0, 1, 1, 0]
    Value: 114.0

Running Constraint Generation:

Problem information:
  Number of variables (n): 12
  Number of constraints (m): 40

Running classical reference solver:
  Reference solution found:
    Solution: [1, 0, 0, 0, 0, 0, 0, 1, 0, 1, 1, 0]
    Value: 114.0

Starting quantum constraint generation with parameters:
  sample_size (total shots): 1000
  tau: 0.1
  max_iters: 1000

Iteration 0:
Circuit optimization did not converge
Circuit optimization did not converge
  No feasible solution found in this iteration
  Added 12 new constraints: [2, 3, 4, 8, 11, 16, 21, 23, 25, 30, 37, 38]

Iteration 1:
Circuit optimization did not converge
Circuit optimization did not converge
  No feasible solution found in this iteration
  No new constraints added, lowered tau multiplier: 1.0 -> 0.9
  No new constraints added, lowered tau multiplier: 0.9 -> 0.8
  No new constraints added, lowered tau multiplier: 0.8 -> 0.7
  No new constraints added, lowered tau multiplier: 0.7 -> 0.6
  No new constraints added, lowered tau multiplier: 0.6 -> 0.5
  No new constraints added, lowered tau multiplier: 0.5 -> 0.4
  Added 28 new constraints: [0, 1, 5, 6, 7, 9, 10, 12, 13, 14, 15, 17, 18, 19, 20, 22, 24, 26, 27, 28, 29, 31, 32, 33, 34, 35, 36, 39]

Iteration 2:
Circuit optimization did not converge
Circuit optimization did not converge
  No feasible solution found in this iteration
  All constraints added, exiting
  Constraint generation found no feasible solution

Instance 33 results:
  Classical value: 114.0
  QAOA value: 114.0
  Constraint generation value: 0.0

Running instance 34/100

Running Classical Reference Solver (SCIP):
  Reference solution found:
    Solution: [0, 0, 0, 0, 0, 0, 1, 0, 1, 1, 0, 0]
    Value: 119.0

Running QAOA Reference Solution (with all constraints):
