2025-02-24 14:41:24,071 - INFO - 
Problem information:
2025-02-24 14:41:24,072 - INFO -   Number of variables (n): 12
2025-02-24 14:41:24,072 - INFO -   Number of constraints (m): 40
2025-02-24 14:41:24,072 - DEBUG -   Density of A: 19.79%
2025-02-24 14:41:24,072 - INFO - 
Starting reference QAOA with parameters:
2025-02-24 14:41:24,072 - INFO -   sample_size (total shots): 1000
2025-02-24 14:41:24,072 - INFO - Added all constraints
2025-02-24 14:41:24,072 - DEBUG - Generated Ising Hamiltonian
2025-02-24 14:41:24,199 - DEBUG - Optimizing QAOA circuit...
2025-02-24 14:41:27,729 - DEBUG - Circuit optimization successful
2025-02-24 14:41:27,729 - DEBUG - Circuit optimization successful, final value: 695.1858141858133
2025-02-24 14:41:27,730 - DEBUG - Sampling from optimized circuit...
2025-02-24 14:41:27,762 - DEBUG - Generated 584 unique samples from 1000 total measurements
2025-02-24 14:41:27,763 - DEBUG - 
Top 5 most frequent samples:
2025-02-24 14:41:27,763 - DEBUG -   Rank | Count |   %   
2025-02-24 14:41:27,763 - DEBUG -   -----|-------|-------
2025-02-24 14:41:27,763 - DEBUG -      1 |    12 |   1.2
2025-02-24 14:41:27,764 - DEBUG -     Sample: [1 0 0 1 1 1 0 1 0 0 1 1]
2025-02-24 14:41:27,764 - DEBUG -      2 |    11 |   1.1
2025-02-24 14:41:27,764 - DEBUG -     Sample: [1 0 0 1 0 1 0 0 1 0 1 1]
2025-02-24 14:41:27,764 - DEBUG -      3 |    11 |   1.1
2025-02-24 14:41:27,764 - DEBUG -     Sample: [1 1 0 1 0 1 0 0 1 0 0 1]
2025-02-24 14:41:27,764 - DEBUG -      4 |    11 |   1.1
2025-02-24 14:41:27,765 - DEBUG -     Sample: [1 1 0 1 1 1 0 0 1 0 1 1]
2025-02-24 14:41:27,765 - DEBUG -      5 |    10 |   1.0
2025-02-24 14:41:27,765 - DEBUG -     Sample: [1 0 0 1 0 1 0 1 1 0 1 1]
2025-02-24 14:41:27,766 - DEBUG - Generated 584 unique samples from 1000 total measurements
2025-02-24 14:41:27,774 - INFO - No feasible solution found
2025-02-24 14:41:27,774 - INFO -   QAOA solver found no feasible solution
2025-02-24 14:41:27,775 - INFO - 
Running Constraint Generation:
2025-02-24 14:41:27,776 - INFO - 
Problem information:
2025-02-24 14:41:27,776 - INFO -   Number of variables (n): 12
2025-02-24 14:41:27,776 - INFO -   Number of constraints (m): 40
2025-02-24 14:41:27,776 - DEBUG -   Density of A: 19.79%
2025-02-24 14:41:27,776 - INFO - 
Running classical reference solver:
2025-02-24 14:41:27,785 - INFO -   Reference solution found:
2025-02-24 14:41:27,785 - INFO -     Solution: [0, 1, 0, 0, 1, 1, 1, 0, 0, 0, 0, 1]
2025-02-24 14:41:27,785 - INFO -     Value: 239.0
2025-02-24 14:41:27,786 - INFO - 
Starting quantum constraint generation with parameters:
2025-02-24 14:41:27,786 - INFO -   sample_size (total shots): 1000
2025-02-24 14:41:27,786 - INFO -   tau: 0.1
2025-02-24 14:41:27,786 - INFO -   max_iters: 1000
2025-02-24 14:41:27,786 - INFO - 
Iteration 0:
2025-02-24 14:41:27,786 - DEBUG - Generated Ising Hamiltonian
2025-02-24 14:41:27,787 - DEBUG - Optimizing QAOA circuit...
2025-02-24 14:41:32,713 - WARNING - Circuit optimization did not converge
2025-02-24 14:41:32,713 - WARNING - Circuit optimization did not converge
2025-02-24 14:41:32,713 - DEBUG - Sampling from optimized circuit...
2025-02-24 14:41:32,758 - DEBUG - Generated 6 unique samples from 1000 total measurements
2025-02-24 14:41:32,758 - DEBUG - 
Top 5 most frequent samples:
2025-02-24 14:41:32,759 - DEBUG -   Rank | Count |   %   
2025-02-24 14:41:32,759 - DEBUG -   -----|-------|-------
2025-02-24 14:41:32,759 - DEBUG -      1 |   838 |  83.8
2025-02-24 14:41:32,759 - DEBUG -     Sample: [0 0 0 0 0 0 0 0 1 1 1 1]
2025-02-24 14:41:32,759 - DEBUG -      2 |   108 |  10.8
2025-02-24 14:41:32,759 - DEBUG -     Sample: [0 0 0 0 0 0 0 0 1 0 1 1]
2025-02-24 14:41:32,759 - DEBUG -      3 |    32 |   3.2
2025-02-24 14:41:32,760 - DEBUG -     Sample: [0 0 0 0 0 0 0 0 1 1 0 1]
2025-02-24 14:41:32,760 - DEBUG -      4 |    16 |   1.6
2025-02-24 14:41:32,760 - DEBUG -     Sample: [0 0 0 0 0 0 0 0 1 1 1 0]
2025-02-24 14:41:32,760 - DEBUG -      5 |     5 |   0.5
2025-02-24 14:41:32,760 - DEBUG -     Sample: [0 0 0 0 0 0 0 0 1 0 0 1]
2025-02-24 14:41:32,760 - DEBUG - Generated 6 unique samples from 1000 total measurements
2025-02-24 14:41:32,761 - INFO -   No feasible solution found in this iteration
2025-02-24 14:41:32,761 - INFO -   Added 8 new constraints: [4, 7, 16, 17, 19, 24, 29, 37]
2025-02-24 14:41:32,761 - INFO - 
Iteration 1:
2025-02-24 14:41:32,761 - DEBUG - Generated Ising Hamiltonian
2025-02-24 14:41:32,763 - DEBUG - Optimizing QAOA circuit...
2025-02-24 14:41:39,034 - WARNING - Circuit optimization did not converge
2025-02-24 14:41:39,035 - WARNING - Circuit optimization did not converge
2025-02-24 14:41:39,035 - DEBUG - Sampling from optimized circuit...
2025-02-24 14:41:39,094 - DEBUG - Generated 12 unique samples from 1000 total measurements
2025-02-24 14:41:39,094 - DEBUG - 
Top 5 most frequent samples:
2025-02-24 14:41:39,094 - DEBUG -   Rank | Count |   %   
2025-02-24 14:41:39,094 - DEBUG -   -----|-------|-------
2025-02-24 14:41:39,094 - DEBUG -      1 |   288 |  28.8
2025-02-24 14:41:39,094 - DEBUG -     Sample: [0 0 0 0 0 0 0 0 0 1 1 1]
2025-02-24 14:41:39,094 - DEBUG -      2 |   208 |  20.8
2025-02-24 14:41:39,095 - DEBUG -     Sample: [0 0 0 0 0 0 0 0 1 1 1 1]
2025-02-24 14:41:39,095 - DEBUG -      3 |   121 |  12.1
2025-02-24 14:41:39,095 - DEBUG -     Sample: [0 0 0 0 0 0 0 0 0 1 0 1]
2025-02-24 14:41:39,095 - DEBUG -      4 |   105 |  10.5
2025-02-24 14:41:39,096 - DEBUG -     Sample: [0 0 0 0 0 0 0 0 0 1 1 0]
2025-02-24 14:41:39,096 - DEBUG -      5 |    96 |   9.6
2025-02-24 14:41:39,096 - DEBUG -     Sample: [0 0 0 0 0 0 0 0 1 1 0 1]
2025-02-24 14:41:39,096 - DEBUG - Generated 12 unique samples from 1000 total measurements
2025-02-24 14:41:39,096 - INFO -   No feasible solution found in this iteration
2025-02-24 14:41:39,097 - INFO -   No new constraints added, lowered tau multiplier: 1.0 -> 0.9
2025-02-24 14:41:39,097 - INFO -   No new constraints added, lowered tau multiplier: 0.9 -> 0.8
2025-02-24 14:41:39,097 - INFO -   No new constraints added, lowered tau multiplier: 0.8 -> 0.7
2025-02-24 14:41:39,097 - INFO -   No new constraints added, lowered tau multiplier: 0.7 -> 0.6
2025-02-24 14:41:39,097 - INFO -   No new constraints added, lowered tau multiplier: 0.6 -> 0.5
2025-02-24 14:41:39,097 - INFO -   Added 12 new constraints: [5, 9, 11, 14, 15, 18, 25, 26, 27, 28, 32, 36]
2025-02-24 14:41:39,097 - INFO - 
Iteration 2:
2025-02-24 14:41:39,098 - DEBUG - Generated Ising Hamiltonian
2025-02-24 14:41:39,099 - DEBUG - Optimizing QAOA circuit...
2025-02-24 14:41:43,825 - WARNING - Circuit optimization did not converge
2025-02-24 14:41:43,826 - WARNING - Circuit optimization did not converge
2025-02-24 14:41:43,826 - DEBUG - Sampling from optimized circuit...
2025-02-24 14:41:43,877 - DEBUG - Generated 13 unique samples from 1000 total measurements
2025-02-24 14:41:43,877 - DEBUG - 
Top 5 most frequent samples:
2025-02-24 14:41:43,877 - DEBUG -   Rank | Count |   %   
2025-02-24 14:41:43,877 - DEBUG -   -----|-------|-------
2025-02-24 14:41:43,877 - DEBUG -      1 |   232 |  23.2
2025-02-24 14:41:43,877 - DEBUG -     Sample: [0 0 0 0 0 0 0 0 0 1 1 0]
2025-02-24 14:41:43,877 - DEBUG -      2 |   202 |  20.2
2025-02-24 14:41:43,877 - DEBUG -     Sample: [0 0 0 0 0 0 0 0 0 1 1 1]
2025-02-24 14:41:43,877 - DEBUG -      3 |   119 |  11.9
2025-02-24 14:41:43,878 - DEBUG -     Sample: [0 0 0 0 0 0 0 0 1 1 1 0]
2025-02-24 14:41:43,878 - DEBUG -      4 |   114 |  11.4
2025-02-24 14:41:43,878 - DEBUG -     Sample: [0 0 0 0 0 0 0 0 0 1 0 0]
2025-02-24 14:41:43,878 - DEBUG -      5 |   113 |  11.3
2025-02-24 14:41:43,878 - DEBUG -     Sample: [0 0 0 0 0 0 0 0 0 1 0 1]
2025-02-24 14:41:43,878 - DEBUG - Generated 13 unique samples from 1000 total measurements
2025-02-24 14:41:43,878 - INFO -   No feasible solution found in this iteration
2025-02-24 14:41:43,879 - INFO -   No new constraints added, lowered tau multiplier: 1.0 -> 0.9
2025-02-24 14:41:43,879 - INFO -   No new constraints added, lowered tau multiplier: 0.9 -> 0.8
2025-02-24 14:41:43,879 - INFO -   No new constraints added, lowered tau multiplier: 0.8 -> 0.7
2025-02-24 14:41:43,879 - INFO -   No new constraints added, lowered tau multiplier: 0.7 -> 0.6
2025-02-24 14:41:43,879 - INFO -   Added 2 new constraints: [31, 35]
2025-02-24 14:41:43,879 - INFO - 
Iteration 3:
2025-02-24 14:41:43,879 - DEBUG - Generated Ising Hamiltonian
2025-02-24 14:41:43,881 - DEBUG - Optimizing QAOA circuit...
2025-02-24 14:41:51,302 - WARNING - Circuit optimization did not converge
2025-02-24 14:41:51,302 - WARNING - Circuit optimization did not converge
2025-02-24 14:41:51,303 - DEBUG - Sampling from optimized circuit...
2025-02-24 14:41:51,355 - DEBUG - Generated 16 unique samples from 1000 total measurements
2025-02-24 14:41:51,356 - DEBUG - 
Top 5 most frequent samples:
2025-02-24 14:41:51,356 - DEBUG -   Rank | Count |   %   
2025-02-24 14:41:51,356 - DEBUG -   -----|-------|-------
2025-02-24 14:41:51,356 - DEBUG -      1 |   287 |  28.7
2025-02-24 14:41:51,356 - DEBUG -     Sample: [0 0 0 0 0 0 0 0 0 1 0 0]
2025-02-24 14:41:51,356 - DEBUG -      2 |   235 |  23.5
2025-02-24 14:41:51,356 - DEBUG -     Sample: [0 0 0 0 0 0 0 0 0 1 0 1]
2025-02-24 14:41:51,356 - DEBUG -      3 |   187 |  18.7
2025-02-24 14:41:51,356 - DEBUG -     Sample: [0 0 0 0 0 0 0 0 0 0 0 0]
2025-02-24 14:41:51,357 - DEBUG -      4 |   166 |  16.6
2025-02-24 14:41:51,357 - DEBUG -     Sample: [0 0 0 0 0 0 0 0 0 0 0 1]
2025-02-24 14:41:51,357 - DEBUG -      5 |    20 |   2.0
2025-02-24 14:41:51,357 - DEBUG -     Sample: [0 0 0 0 0 0 0 0 1 1 1 0]
2025-02-24 14:41:51,357 - DEBUG - Generated 16 unique samples from 1000 total measurements
2025-02-24 14:41:51,357 - INFO -   No feasible solution found in this iteration
2025-02-24 14:41:51,357 - INFO -   No new constraints added, lowered tau multiplier: 1.0 -> 0.9
2025-02-24 14:41:51,358 - INFO -   No new constraints added, lowered tau multiplier: 0.9 -> 0.8
2025-02-24 14:41:51,358 - INFO -   No new constraints added, lowered tau multiplier: 0.8 -> 0.7
2025-02-24 14:41:51,358 - INFO -   No new constraints added, lowered tau multiplier: 0.7 -> 0.6
2025-02-24 14:41:51,358 - INFO -   No new constraints added, lowered tau multiplier: 0.6 -> 0.5
2025-02-24 14:41:51,358 - INFO -   No new constraints added, lowered tau multiplier: 0.5 -> 0.4
2025-02-24 14:41:51,358 - INFO -   Added 18 new constraints: [0, 1, 2, 3, 6, 8, 10, 12, 13, 20, 21, 22, 23, 30, 33, 34, 38, 39]
2025-02-24 14:41:51,359 - INFO - 
Iteration 4:
2025-02-24 14:41:51,359 - DEBUG - Generated Ising Hamiltonian
2025-02-24 14:41:51,361 - DEBUG - Optimizing QAOA circuit...
2025-02-24 14:41:59,345 - WARNING - Circuit optimization did not converge
2025-02-24 14:41:59,345 - WARNING - Circuit optimization did not converge
2025-02-24 14:41:59,345 - DEBUG - Sampling from optimized circuit...
2025-02-24 14:41:59,402 - DEBUG - Generated 16 unique samples from 1000 total measurements
2025-02-24 14:41:59,402 - DEBUG - 
Top 5 most frequent samples:
2025-02-24 14:41:59,402 - DEBUG -   Rank | Count |   %   
2025-02-24 14:41:59,402 - DEBUG -   -----|-------|-------
2025-02-24 14:41:59,402 - DEBUG -      1 |   282 |  28.2
2025-02-24 14:41:59,403 - DEBUG -     Sample: [0 0 0 0 0 0 0 0 0 0 0 0]
2025-02-24 14:41:59,403 - DEBUG -      2 |   161 |  16.1
2025-02-24 14:41:59,403 - DEBUG -     Sample: [0 0 0 0 0 0 0 0 0 0 1 0]
2025-02-24 14:41:59,403 - DEBUG -      3 |   159 |  15.9
2025-02-24 14:41:59,403 - DEBUG -     Sample: [0 0 0 0 0 0 0 0 0 0 1 1]
2025-02-24 14:41:59,403 - DEBUG -      4 |   124 |  12.4
2025-02-24 14:41:59,403 - DEBUG -     Sample: [0 0 0 0 0 0 0 0 0 0 0 1]
2025-02-24 14:41:59,403 - DEBUG -      5 |    68 |   6.8
2025-02-24 14:41:59,404 - DEBUG -     Sample: [0 0 0 0 0 0 0 0 0 1 1 1]
2025-02-24 14:41:59,404 - DEBUG - Generated 16 unique samples from 1000 total measurements
2025-02-24 14:41:59,404 - INFO -   No feasible solution found in this iteration
2025-02-24 14:41:59,404 - INFO -   All constraints added, exiting
2025-02-24 14:41:59,404 - INFO -   Constraint generation found no feasible solution
2025-02-24 14:41:59,404 - INFO - 
Instance 55 results:
2025-02-24 14:41:59,404 - INFO -   Classical value: 239.0
2025-02-24 14:41:59,404 - INFO -   QAOA value: 0.0
2025-02-24 14:41:59,405 - INFO -   Constraint generation value: 0.0
2025-02-24 14:41:59,405 - INFO - 
Running instance 56/100
2025-02-24 14:41:59,406 - INFO - 
Running Classical Reference Solver (SCIP):
2025-02-24 14:41:59,407 - DEBUG - Problem dimensions: 40 constraints, 12 variables
2025-02-24 14:41:59,407 - DEBUG - Row names: ['ELEM1', 'ELEM2', 'ELEM3', 'ELEM4', 'ELEM5', 'ELEM6', 'ELEM7', 'ELEM8', 'ELEM9', 'ELEM10', 'ELEM11', 'ELEM12', 'ELEM13', 'ELEM14', 'ELEM15', 'ELEM16', 'ELEM17', 'ELEM18', 'ELEM19', 'ELEM20', 'ELEM21', 'ELEM22', 'ELEM23', 'ELEM24', 'ELEM25', 'ELEM26', 'ELEM27', 'ELEM28', 'ELEM29', 'ELEM30', 'ELEM31', 'ELEM32', 'ELEM33', 'ELEM34', 'ELEM35', 'ELEM36', 'ELEM37', 'ELEM38', 'ELEM39', 'ELEM40']
2025-02-24 14:41:59,407 - DEBUG - RHS values: {'ELEM1': 1.0, 'ELEM2': 1.0, 'ELEM3': 1.0, 'ELEM4': 1.0, 'ELEM5': 1.0, 'ELEM6': 1.0, 'ELEM7': 1.0, 'ELEM8': 1.0, 'ELEM9': 1.0, 'ELEM10': 1.0, 'ELEM11': 1.0, 'ELEM12': 1.0, 'ELEM13': 1.0, 'ELEM14': 1.0, 'ELEM15': 1.0, 'ELEM16': 1.0, 'ELEM17': 1.0, 'ELEM18': 1.0, 'ELEM19': 1.0, 'ELEM20': 1.0, 'ELEM21': 1.0, 'ELEM22': 1.0, 'ELEM23': 1.0, 'ELEM24': 1.0, 'ELEM25': 1.0, 'ELEM26': 1.0, 'ELEM27': 1.0, 'ELEM28': 1.0, 'ELEM29': 1.0, 'ELEM30': 1.0, 'ELEM31': 1.0, 'ELEM32': 1.0, 'ELEM33': 1.0, 'ELEM34': 1.0, 'ELEM35': 1.0, 'ELEM36': 1.0, 'ELEM37': 1.0, 'ELEM38': 1.0, 'ELEM39': 1.0, 'ELEM40': 1.0}
2025-02-24 14:41:59,416 - INFO -   Reference solution found:
2025-02-24 14:41:59,417 - INFO -     Solution: [1, 0, 0, 0, 1, 0, 0, 0, 1, 0, 1, 0]
2025-02-24 14:41:59,417 - INFO -     Value: 77.0
2025-02-24 14:41:59,417 - INFO - 
Running QAOA Reference Solution (with all constraints):
