
Problem information:
  Number of variables (n): 12
  Number of constraints (m): 40

Starting reference QAOA with parameters:
  sample_size (total shots): 1000
Added all constraints
Found feasible solution: [1 0 1 1 1 0 0 0 0 0 0 0] with objective value 234.0
Found feasible solution: [0 0 0 0 0 0 1 1 0 0 1 0] with objective value 74.0
Found feasible solution:
  Solution: [0, 0, 0, 0, 0, 0, 1, 1, 0, 0, 1, 0]
  Value: 74.0
  QAOA solution found:
    Solution: [0, 0, 0, 0, 0, 0, 1, 1, 0, 0, 1, 0]
    Value: 74.0

Running Constraint Generation:

Problem information:
  Number of variables (n): 12
  Number of constraints (m): 40

Running classical reference solver:
  Reference solution found:
    Solution: [0, 0, 0, 0, 0, 0, 1, 1, 0, 0, 1, 0]
    Value: 74.0

Starting quantum constraint generation with parameters:
  sample_size (total shots): 1000
  tau: 0.1
  max_iters: 1000

Iteration 0:
Circuit optimization did not converge
Circuit optimization did not converge
  No feasible solution found in this iteration
  Added 8 new constraints: [2, 3, 12, 17, 18, 19, 31, 35]

Iteration 1:
Circuit optimization did not converge
Circuit optimization did not converge
  No feasible solution found in this iteration
  No new constraints added, lowered tau multiplier: 1.0 -> 0.9
  No new constraints added, lowered tau multiplier: 0.9 -> 0.8
  No new constraints added, lowered tau multiplier: 0.8 -> 0.7
  No new constraints added, lowered tau multiplier: 0.7 -> 0.6
  Added 5 new constraints: [16, 21, 26, 27, 36]

Iteration 2:
Circuit optimization did not converge
Circuit optimization did not converge
  No feasible solution found in this iteration
  No new constraints added, lowered tau multiplier: 1.0 -> 0.9
  No new constraints added, lowered tau multiplier: 0.9 -> 0.8
  No new constraints added, lowered tau multiplier: 0.8 -> 0.7
  Added 7 new constraints: [0, 1, 6, 8, 15, 28, 32]

Iteration 3:
Circuit optimization did not converge
Circuit optimization did not converge
  No feasible solution found in this iteration
  No new constraints added, lowered tau multiplier: 1.0 -> 0.9
  No new constraints added, lowered tau multiplier: 0.9 -> 0.8
  No new constraints added, lowered tau multiplier: 0.8 -> 0.7
  No new constraints added, lowered tau multiplier: 0.7 -> 0.6
  No new constraints added, lowered tau multiplier: 0.6 -> 0.5
  Added 6 new constraints: [4, 7, 9, 14, 20, 23]

Iteration 4:
Circuit optimization did not converge
Circuit optimization did not converge
  No feasible solution found in this iteration
  No new constraints added, lowered tau multiplier: 1.0 -> 0.9
  No new constraints added, lowered tau multiplier: 0.9 -> 0.8
  No new constraints added, lowered tau multiplier: 0.8 -> 0.7
  No new constraints added, lowered tau multiplier: 0.7 -> 0.6
  No new constraints added, lowered tau multiplier: 0.6 -> 0.5
  No new constraints added, lowered tau multiplier: 0.5 -> 0.4
  Added 14 new constraints: [5, 10, 11, 13, 22, 24, 25, 29, 30, 33, 34, 37, 38, 39]

Iteration 5:
Circuit optimization did not converge
Circuit optimization did not converge
  No feasible solution found in this iteration
  All constraints added, exiting
  Constraint generation found no feasible solution

Instance 89 results:
  Classical value: 74.0
  QAOA value: 74.0
  Constraint generation value: 0.0

Running instance 90/100

Running Classical Reference Solver (SCIP):
  Reference solution found:
    Solution: [1, 0, 1, 1, 0, 0, 0, 0, 1, 0, 0, 0]
    Value: 113.0

Running QAOA Reference Solution (with all constraints):
