2025-02-24 15:39:16,409 - INFO - 
Problem information:
2025-02-24 15:39:16,410 - INFO -   Number of variables (n): 12
2025-02-24 15:39:16,410 - INFO -   Number of constraints (m): 40
2025-02-24 15:39:16,410 - DEBUG -   Density of A: 25.00%
2025-02-24 15:39:16,410 - INFO - 
Starting reference QAOA with parameters:
2025-02-24 15:39:16,410 - INFO -   sample_size (total shots): 1000
2025-02-24 15:39:16,410 - INFO - Added all constraints
2025-02-24 15:39:16,411 - DEBUG - Generated Ising Hamiltonian
2025-02-24 15:39:16,657 - DEBUG - Optimizing QAOA circuit...
2025-02-24 15:39:22,256 - DEBUG - Circuit optimization successful
2025-02-24 15:39:22,256 - DEBUG - Circuit optimization successful, final value: -13226.232267732266
2025-02-24 15:39:22,256 - DEBUG - Sampling from optimized circuit...
2025-02-24 15:39:22,305 - DEBUG - Generated 748 unique samples from 1000 total measurements
2025-02-24 15:39:22,306 - DEBUG - 
Top 5 most frequent samples:
2025-02-24 15:39:22,306 - DEBUG -   Rank | Count |   %   
2025-02-24 15:39:22,306 - DEBUG -   -----|-------|-------
2025-02-24 15:39:22,306 - DEBUG -      1 |     7 |   0.7
2025-02-24 15:39:22,307 - DEBUG -     Sample: [0 1 1 1 1 0 0 0 0 1 0 0]
2025-02-24 15:39:22,307 - DEBUG -      2 |     6 |   0.6
2025-02-24 15:39:22,307 - DEBUG -     Sample: [0 1 1 1 0 1 1 0 0 1 0 1]
2025-02-24 15:39:22,307 - DEBUG -      3 |     6 |   0.6
2025-02-24 15:39:22,307 - DEBUG -     Sample: [0 1 1 0 1 0 1 1 1 0 0 0]
2025-02-24 15:39:22,307 - DEBUG -      4 |     6 |   0.6
2025-02-24 15:39:22,307 - DEBUG -     Sample: [0 1 1 0 1 0 1 0 1 0 0 0]
2025-02-24 15:39:22,308 - DEBUG -      5 |     6 |   0.6
2025-02-24 15:39:22,308 - DEBUG -     Sample: [0 1 1 1 1 0 0 1 0 0 0 0]
2025-02-24 15:39:22,309 - DEBUG - Generated 748 unique samples from 1000 total measurements
2025-02-24 15:39:22,324 - INFO - No feasible solution found
2025-02-24 15:39:22,324 - INFO -   QAOA solver found no feasible solution
2025-02-24 15:39:22,325 - INFO - 
Running Constraint Generation:
2025-02-24 15:39:22,326 - INFO - 
Problem information:
2025-02-24 15:39:22,326 - INFO -   Number of variables (n): 12
2025-02-24 15:39:22,326 - INFO -   Number of constraints (m): 40
2025-02-24 15:39:22,326 - DEBUG -   Density of A: 25.00%
2025-02-24 15:39:22,326 - INFO - 
Running classical reference solver:
2025-02-24 15:39:22,339 - INFO -   Reference solution found:
2025-02-24 15:39:22,339 - INFO -     Solution: [0, 0, 0, 0, 1, 1, 0, 0, 0, 0, 1, 0]
2025-02-24 15:39:22,339 - INFO -     Value: 116.0
2025-02-24 15:39:22,339 - INFO - 
Starting quantum constraint generation with parameters:
2025-02-24 15:39:22,340 - INFO -   sample_size (total shots): 1000
2025-02-24 15:39:22,340 - INFO -   tau: 0.1
2025-02-24 15:39:22,340 - INFO -   max_iters: 1000
2025-02-24 15:39:22,340 - INFO - 
Iteration 0:
2025-02-24 15:39:22,340 - DEBUG - Generated Ising Hamiltonian
2025-02-24 15:39:22,552 - DEBUG - Optimizing QAOA circuit...
2025-02-24 15:39:24,627 - DEBUG - Circuit optimization successful
2025-02-24 15:39:24,627 - DEBUG - Circuit optimization successful, final value: -265.5154845154845
2025-02-24 15:39:24,628 - DEBUG - Sampling from optimized circuit...
2025-02-24 15:39:24,651 - DEBUG - Generated 303 unique samples from 1000 total measurements
2025-02-24 15:39:24,652 - DEBUG - 
Top 5 most frequent samples:
2025-02-24 15:39:24,652 - DEBUG -   Rank | Count |   %   
2025-02-24 15:39:24,652 - DEBUG -   -----|-------|-------
2025-02-24 15:39:24,653 - DEBUG -      1 |    51 |   5.1
2025-02-24 15:39:24,653 - DEBUG -     Sample: [1 1 1 1 1 1 0 0 1 0 0 1]
2025-02-24 15:39:24,653 - DEBUG -      2 |    44 |   4.4
2025-02-24 15:39:24,654 - DEBUG -     Sample: [1 1 1 1 1 1 1 0 1 0 0 1]
2025-02-24 15:39:24,654 - DEBUG -      3 |    37 |   3.7
2025-02-24 15:39:24,654 - DEBUG -     Sample: [1 1 1 1 1 1 0 0 1 1 0 1]
2025-02-24 15:39:24,654 - DEBUG -      4 |    30 |   3.0
2025-02-24 15:39:24,654 - DEBUG -     Sample: [1 1 1 1 1 1 0 0 1 0 1 1]
2025-02-24 15:39:24,655 - DEBUG -      5 |    27 |   2.7
2025-02-24 15:39:24,655 - DEBUG -     Sample: [1 1 1 0 1 1 0 0 1 0 0 1]
2025-02-24 15:39:24,656 - DEBUG - Generated 303 unique samples from 1000 total measurements
2025-02-24 15:39:24,661 - INFO -   No feasible solution found in this iteration
2025-02-24 15:39:24,662 - INFO -   Added 1 new constraints: [21]
2025-02-24 15:39:24,662 - INFO - 
Iteration 1:
2025-02-24 15:39:24,662 - DEBUG - Generated Ising Hamiltonian
2025-02-24 15:39:24,890 - DEBUG - Optimizing QAOA circuit...
2025-02-24 15:39:27,116 - DEBUG - Circuit optimization successful
2025-02-24 15:39:27,116 - DEBUG - Circuit optimization successful, final value: -3862.721528471528
2025-02-24 15:39:27,116 - DEBUG - Sampling from optimized circuit...
2025-02-24 15:39:27,140 - DEBUG - Generated 441 unique samples from 1000 total measurements
2025-02-24 15:39:27,141 - DEBUG - 
Top 5 most frequent samples:
2025-02-24 15:39:27,141 - DEBUG -   Rank | Count |   %   
2025-02-24 15:39:27,141 - DEBUG -   -----|-------|-------
2025-02-24 15:39:27,141 - DEBUG -      1 |    16 |   1.6
2025-02-24 15:39:27,141 - DEBUG -     Sample: [1 0 0 1 1 0 1 0 1 1 1 1]
2025-02-24 15:39:27,141 - DEBUG -      2 |    14 |   1.4
2025-02-24 15:39:27,142 - DEBUG -     Sample: [1 0 0 1 1 0 0 0 1 0 1 0]
2025-02-24 15:39:27,142 - DEBUG -      3 |    12 |   1.2
2025-02-24 15:39:27,142 - DEBUG -     Sample: [1 0 0 1 1 0 1 0 0 1 1 0]
2025-02-24 15:39:27,142 - DEBUG -      4 |    12 |   1.2
2025-02-24 15:39:27,142 - DEBUG -     Sample: [1 0 0 1 1 0 0 0 0 1 1 1]
2025-02-24 15:39:27,142 - DEBUG -      5 |    12 |   1.2
2025-02-24 15:39:27,143 - DEBUG -     Sample: [1 0 0 1 1 0 0 0 0 0 0 1]
2025-02-24 15:39:27,144 - DEBUG - Generated 441 unique samples from 1000 total measurements
2025-02-24 15:39:27,152 - INFO -   No feasible solution found in this iteration
2025-02-24 15:39:27,153 - INFO -   Added 1 new constraints: [4]
2025-02-24 15:39:27,153 - INFO - 
Iteration 2:
2025-02-24 15:39:27,153 - DEBUG - Generated Ising Hamiltonian
2025-02-24 15:39:27,365 - DEBUG - Optimizing QAOA circuit...
2025-02-24 15:39:29,487 - DEBUG - Circuit optimization successful
2025-02-24 15:39:29,488 - DEBUG - Circuit optimization successful, final value: -8883.178321678324
2025-02-24 15:39:29,488 - DEBUG - Sampling from optimized circuit...
2025-02-24 15:39:29,518 - DEBUG - Generated 458 unique samples from 1000 total measurements
2025-02-24 15:39:29,519 - DEBUG - 
Top 5 most frequent samples:
2025-02-24 15:39:29,519 - DEBUG -   Rank | Count |   %   
2025-02-24 15:39:29,519 - DEBUG -   -----|-------|-------
2025-02-24 15:39:29,519 - DEBUG -      1 |    18 |   1.8
2025-02-24 15:39:29,520 - DEBUG -     Sample: [0 0 0 0 0 0 1 0 0 1 1 0]
2025-02-24 15:39:29,520 - DEBUG -      2 |    13 |   1.3
2025-02-24 15:39:29,520 - DEBUG -     Sample: [0 0 1 0 0 1 0 0 0 1 1 0]
2025-02-24 15:39:29,520 - DEBUG -      3 |    11 |   1.1
2025-02-24 15:39:29,521 - DEBUG -     Sample: [0 0 0 0 0 0 0 0 0 1 0 0]
2025-02-24 15:39:29,521 - DEBUG -      4 |    11 |   1.1
2025-02-24 15:39:29,521 - DEBUG -     Sample: [0 0 0 0 0 0 1 0 0 0 0 1]
2025-02-24 15:39:29,521 - DEBUG -      5 |    11 |   1.1
2025-02-24 15:39:29,521 - DEBUG -     Sample: [0 0 0 0 0 0 0 0 0 1 0 1]
2025-02-24 15:39:29,523 - DEBUG - Generated 458 unique samples from 1000 total measurements
2025-02-24 15:39:29,527 - INFO - Found feasible solution: [0 0 0 0 1 1 0 0 0 0 1 0] with objective value 116.0
2025-02-24 15:39:29,531 - INFO -   Found feasible solution:
2025-02-24 15:39:29,532 - INFO -     Solution: [0, 0, 0, 0, 1, 1, 0, 0, 0, 0, 1, 0]
2025-02-24 15:39:29,532 - INFO -     Value: 116.0
2025-02-24 15:39:29,532 - INFO -     Gap to reference: 0.00%
2025-02-24 15:39:29,533 - INFO -   Constraint generation solution found:
2025-02-24 15:39:29,533 - INFO -     Solution: [0, 0, 0, 0, 1, 1, 0, 0, 0, 0, 1, 0]
2025-02-24 15:39:29,533 - INFO -     Value: 116.0
2025-02-24 15:39:29,533 - INFO - 
Instance 57 results:
2025-02-24 15:39:29,533 - INFO -   Classical value: 116.0
2025-02-24 15:39:29,534 - INFO -   QAOA value: 0.0
2025-02-24 15:39:29,534 - INFO -   Constraint generation value: 116.0
2025-02-24 15:39:29,534 - INFO - 
Running instance 58/100
2025-02-24 15:39:29,536 - INFO - 
Running Classical Reference Solver (SCIP):
2025-02-24 15:39:29,538 - DEBUG - Problem dimensions: 40 constraints, 12 variables
2025-02-24 15:39:29,538 - DEBUG - Row names: ['ELEM1', 'ELEM2', 'ELEM3', 'ELEM4', 'ELEM5', 'ELEM6', 'ELEM7', 'ELEM8', 'ELEM9', 'ELEM10', 'ELEM11', 'ELEM12', 'ELEM13', 'ELEM14', 'ELEM15', 'ELEM16', 'ELEM17', 'ELEM18', 'ELEM19', 'ELEM20', 'ELEM21', 'ELEM22', 'ELEM23', 'ELEM24', 'ELEM25', 'ELEM26', 'ELEM27', 'ELEM28', 'ELEM29', 'ELEM30', 'ELEM31', 'ELEM32', 'ELEM33', 'ELEM34', 'ELEM35', 'ELEM36', 'ELEM37', 'ELEM38', 'ELEM39', 'ELEM40']
2025-02-24 15:39:29,538 - DEBUG - RHS values: {'ELEM1': 1.0, 'ELEM2': 1.0, 'ELEM3': 1.0, 'ELEM4': 1.0, 'ELEM5': 1.0, 'ELEM6': 1.0, 'ELEM7': 1.0, 'ELEM8': 1.0, 'ELEM9': 1.0, 'ELEM10': 1.0, 'ELEM11': 1.0, 'ELEM12': 1.0, 'ELEM13': 1.0, 'ELEM14': 1.0, 'ELEM15': 1.0, 'ELEM16': 1.0, 'ELEM17': 1.0, 'ELEM18': 1.0, 'ELEM19': 1.0, 'ELEM20': 1.0, 'ELEM21': 1.0, 'ELEM22': 1.0, 'ELEM23': 1.0, 'ELEM24': 1.0, 'ELEM25': 1.0, 'ELEM26': 1.0, 'ELEM27': 1.0, 'ELEM28': 1.0, 'ELEM29': 1.0, 'ELEM30': 1.0, 'ELEM31': 1.0, 'ELEM32': 1.0, 'ELEM33': 1.0, 'ELEM34': 1.0, 'ELEM35': 1.0, 'ELEM36': 1.0, 'ELEM37': 1.0, 'ELEM38': 1.0, 'ELEM39': 1.0, 'ELEM40': 1.0}
2025-02-24 15:39:29,548 - INFO -   Reference solution found:
2025-02-24 15:39:29,549 - INFO -     Solution: [1, 0, 0, 0, 0, 1, 0, 0, 0, 0, 0, 1]
2025-02-24 15:39:29,549 - INFO -     Value: 136.0
2025-02-24 15:39:29,549 - INFO - 
Running QAOA Reference Solution (with all constraints):
