
Problem information:
  Number of variables (n): 10
  Number of constraints (m): 20

Starting reference QAOA with parameters:
  sample_size (total shots): 100
Added all constraints
No feasible solution found
  QAOA solver found no feasible solution

Running Constraint Generation:

Problem information:
  Number of variables (n): 10
  Number of constraints (m): 20

Running classical reference solver:
  Reference solution found:
    Solution: [0, 0, 0, 0, 0, 0, 1, 1, 0, 0]
    Value: 52.0

Starting quantum constraint generation with parameters:
  sample_size (total shots): 100
  tau: 0.1
  max_iters: 1000

Iteration 0:
Found feasible solution: [0 0 0 1 0 1 0 0 0 0] with objective value 140.0
  Found feasible solution:
    Solution: [0, 0, 0, 1, 0, 1, 0, 0, 0, 0]
    Value: 140.0
    Gap to reference: 169.23%
  Constraint generation solution found:
    Solution: [0, 0, 0, 1, 0, 1, 0, 0, 0, 0]
    Value: 140.0

Instance 69 results:
  Classical value: 52.0
  QAOA value: 0.0
  Constraint generation value: 140.0

Running instance 70/100

Running Classical Reference Solver (SCIP):
  Reference solution found:
    Solution: [0, 1, 0, 0, 0, 0, 1, 0, 0, 0]
    Value: 66.0

Running QAOA Reference Solution (with all constraints):
