2025-02-24 15:46:45,226 - INFO - 
Problem information:
2025-02-24 15:46:45,226 - INFO -   Number of variables (n): 12
2025-02-24 15:46:45,226 - INFO -   Number of constraints (m): 40
2025-02-24 15:46:45,227 - DEBUG -   Density of A: 25.00%
2025-02-24 15:46:45,227 - INFO - 
Starting reference QAOA with parameters:
2025-02-24 15:46:45,227 - INFO -   sample_size (total shots): 1000
2025-02-24 15:46:45,228 - INFO - Added all constraints
2025-02-24 15:46:45,228 - DEBUG - Generated Ising Hamiltonian
2025-02-24 15:46:45,471 - DEBUG - Optimizing QAOA circuit...
2025-02-24 15:46:51,220 - DEBUG - Circuit optimization successful
2025-02-24 15:46:51,221 - DEBUG - Circuit optimization successful, final value: 22848.04095904096
2025-02-24 15:46:51,221 - DEBUG - Sampling from optimized circuit...
2025-02-24 15:46:51,287 - DEBUG - Generated 727 unique samples from 1000 total measurements
2025-02-24 15:46:51,287 - DEBUG - 
Top 5 most frequent samples:
2025-02-24 15:46:51,287 - DEBUG -   Rank | Count |   %   
2025-02-24 15:46:51,287 - DEBUG -   -----|-------|-------
2025-02-24 15:46:51,288 - DEBUG -      1 |    10 |   1.0
2025-02-24 15:46:51,288 - DEBUG -     Sample: [0 0 1 0 1 1 0 1 0 1 0 1]
2025-02-24 15:46:51,288 - DEBUG -      2 |     7 |   0.7
2025-02-24 15:46:51,288 - DEBUG -     Sample: [0 0 1 0 1 1 1 1 1 0 1 1]
2025-02-24 15:46:51,288 - DEBUG -      3 |     6 |   0.6
2025-02-24 15:46:51,289 - DEBUG -     Sample: [1 1 1 1 0 1 1 0 1 0 1 0]
2025-02-24 15:46:51,289 - DEBUG -      4 |     6 |   0.6
2025-02-24 15:46:51,289 - DEBUG -     Sample: [0 1 1 0 1 1 0 1 1 0 1 1]
2025-02-24 15:46:51,289 - DEBUG -      5 |     6 |   0.6
2025-02-24 15:46:51,289 - DEBUG -     Sample: [1 1 1 0 0 1 0 0 1 1 1 0]
2025-02-24 15:46:51,291 - DEBUG - Generated 727 unique samples from 1000 total measurements
2025-02-24 15:46:51,307 - INFO - No feasible solution found
2025-02-24 15:46:51,308 - INFO -   QAOA solver found no feasible solution
2025-02-24 15:46:51,309 - INFO - 
Running Constraint Generation:
2025-02-24 15:46:51,310 - INFO - 
Problem information:
2025-02-24 15:46:51,311 - INFO -   Number of variables (n): 12
2025-02-24 15:46:51,311 - INFO -   Number of constraints (m): 40
2025-02-24 15:46:51,311 - DEBUG -   Density of A: 25.00%
2025-02-24 15:46:51,311 - INFO - 
Running classical reference solver:
2025-02-24 15:46:51,324 - INFO -   Reference solution found:
2025-02-24 15:46:51,324 - INFO -     Solution: [0, 0, 0, 0, 1, 0, 0, 1, 0, 1, 1, 0]
2025-02-24 15:46:51,324 - INFO -     Value: 104.0
2025-02-24 15:46:51,324 - INFO - 
Starting quantum constraint generation with parameters:
2025-02-24 15:46:51,325 - INFO -   sample_size (total shots): 1000
2025-02-24 15:46:51,325 - INFO -   tau: 0.1
2025-02-24 15:46:51,325 - INFO -   max_iters: 1000
2025-02-24 15:46:51,325 - INFO - 
Iteration 0:
2025-02-24 15:46:51,325 - DEBUG - Generated Ising Hamiltonian
2025-02-24 15:46:51,680 - DEBUG - Optimizing QAOA circuit...
2025-02-24 15:46:53,675 - DEBUG - Circuit optimization successful
2025-02-24 15:46:53,675 - DEBUG - Circuit optimization successful, final value: -179.40259740259742
2025-02-24 15:46:53,675 - DEBUG - Sampling from optimized circuit...
2025-02-24 15:46:53,700 - DEBUG - Generated 462 unique samples from 1000 total measurements
2025-02-24 15:46:53,703 - DEBUG - 
Top 5 most frequent samples:
2025-02-24 15:46:53,703 - DEBUG -   Rank | Count |   %   
2025-02-24 15:46:53,703 - DEBUG -   -----|-------|-------
2025-02-24 15:46:53,703 - DEBUG -      1 |    24 |   2.4
2025-02-24 15:46:53,704 - DEBUG -     Sample: [0 1 1 0 1 1 1 1 1 0 1 0]
2025-02-24 15:46:53,704 - DEBUG -      2 |    16 |   1.6
2025-02-24 15:46:53,704 - DEBUG -     Sample: [0 1 1 0 1 1 0 1 1 1 1 0]
2025-02-24 15:46:53,704 - DEBUG -      3 |    15 |   1.5
2025-02-24 15:46:53,705 - DEBUG -     Sample: [1 1 1 0 1 1 1 1 1 1 1 0]
2025-02-24 15:46:53,705 - DEBUG -      4 |    14 |   1.4
2025-02-24 15:46:53,705 - DEBUG -     Sample: [0 1 1 0 1 1 1 1 1 1 1 1]
2025-02-24 15:46:53,706 - DEBUG -      5 |    14 |   1.4
2025-02-24 15:46:53,706 - DEBUG -     Sample: [1 1 1 0 1 1 1 1 1 0 1 0]
2025-02-24 15:46:53,707 - DEBUG - Generated 462 unique samples from 1000 total measurements
2025-02-24 15:46:53,717 - INFO -   No feasible solution found in this iteration
2025-02-24 15:46:53,717 - INFO -   Added 1 new constraints: [12]
2025-02-24 15:46:53,718 - INFO - 
Iteration 1:
2025-02-24 15:46:53,718 - DEBUG - Generated Ising Hamiltonian
2025-02-24 15:46:53,961 - DEBUG - Optimizing QAOA circuit...
2025-02-24 15:46:56,029 - DEBUG - Circuit optimization successful
2025-02-24 15:46:56,029 - DEBUG - Circuit optimization successful, final value: -5275.957542457543
2025-02-24 15:46:56,029 - DEBUG - Sampling from optimized circuit...
2025-02-24 15:46:56,058 - DEBUG - Generated 386 unique samples from 1000 total measurements
2025-02-24 15:46:56,058 - DEBUG - 
Top 5 most frequent samples:
2025-02-24 15:46:56,058 - DEBUG -   Rank | Count |   %   
2025-02-24 15:46:56,059 - DEBUG -   -----|-------|-------
2025-02-24 15:46:56,059 - DEBUG -      1 |    33 |   3.3
2025-02-24 15:46:56,059 - DEBUG -     Sample: [0 1 0 0 1 1 1 0 0 0 0 1]
2025-02-24 15:46:56,059 - DEBUG -      2 |    29 |   2.9
2025-02-24 15:46:56,060 - DEBUG -     Sample: [0 1 0 0 1 0 1 0 0 0 0 1]
2025-02-24 15:46:56,060 - DEBUG -      3 |    21 |   2.1
2025-02-24 15:46:56,060 - DEBUG -     Sample: [0 1 0 0 1 0 1 1 0 0 0 1]
2025-02-24 15:46:56,060 - DEBUG -      4 |    20 |   2.0
2025-02-24 15:46:56,060 - DEBUG -     Sample: [0 1 1 0 1 1 1 0 0 0 0 1]
2025-02-24 15:46:56,061 - DEBUG -      5 |    20 |   2.0
2025-02-24 15:46:56,061 - DEBUG -     Sample: [0 1 0 0 1 1 1 1 0 0 0 1]
2025-02-24 15:46:56,062 - DEBUG - Generated 386 unique samples from 1000 total measurements
2025-02-24 15:46:56,070 - INFO -   No feasible solution found in this iteration
2025-02-24 15:46:56,071 - INFO -   Added 1 new constraints: [37]
2025-02-24 15:46:56,071 - INFO - 
Iteration 2:
2025-02-24 15:46:56,072 - DEBUG - Generated Ising Hamiltonian
2025-02-24 15:46:56,349 - DEBUG - Optimizing QAOA circuit...
2025-02-24 15:46:59,280 - DEBUG - Circuit optimization successful
2025-02-24 15:46:59,281 - DEBUG - Circuit optimization successful, final value: -8854.713286713288
2025-02-24 15:46:59,281 - DEBUG - Sampling from optimized circuit...
2025-02-24 15:46:59,318 - DEBUG - Generated 540 unique samples from 1000 total measurements
2025-02-24 15:46:59,318 - DEBUG - 
Top 5 most frequent samples:
2025-02-24 15:46:59,319 - DEBUG -   Rank | Count |   %   
2025-02-24 15:46:59,319 - DEBUG -   -----|-------|-------
2025-02-24 15:46:59,319 - DEBUG -      1 |    11 |   1.1
2025-02-24 15:46:59,319 - DEBUG -     Sample: [1 1 1 0 0 0 0 1 0 1 0 0]
2025-02-24 15:46:59,320 - DEBUG -      2 |    10 |   1.0
2025-02-24 15:46:59,320 - DEBUG -     Sample: [0 0 0 0 0 0 0 1 0 1 0 0]
2025-02-24 15:46:59,320 - DEBUG -      3 |     9 |   0.9
2025-02-24 15:46:59,321 - DEBUG -     Sample: [1 0 0 0 0 0 0 1 1 1 0 0]
2025-02-24 15:46:59,321 - DEBUG -      4 |     8 |   0.8
2025-02-24 15:46:59,321 - DEBUG -     Sample: [1 1 0 0 0 0 0 1 0 1 0 1]
2025-02-24 15:46:59,321 - DEBUG -      5 |     7 |   0.7
2025-02-24 15:46:59,321 - DEBUG -     Sample: [0 1 0 0 0 0 0 1 0 0 0 1]
2025-02-24 15:46:59,323 - DEBUG - Generated 540 unique samples from 1000 total measurements
2025-02-24 15:46:59,327 - INFO - Found feasible solution: [0 0 0 0 1 0 0 1 0 1 1 0] with objective value 104.0
2025-02-24 15:46:59,337 - INFO -   Found feasible solution:
2025-02-24 15:46:59,337 - INFO -     Solution: [0, 0, 0, 0, 1, 0, 0, 1, 0, 1, 1, 0]
2025-02-24 15:46:59,337 - INFO -     Value: 104.0
2025-02-24 15:46:59,338 - INFO -     Gap to reference: 0.00%
2025-02-24 15:46:59,338 - INFO -   Constraint generation solution found:
2025-02-24 15:46:59,338 - INFO -     Solution: [0, 0, 0, 0, 1, 0, 0, 1, 0, 1, 1, 0]
2025-02-24 15:46:59,339 - INFO -     Value: 104.0
2025-02-24 15:46:59,339 - INFO - 
Instance 81 results:
2025-02-24 15:46:59,339 - INFO -   Classical value: 104.0
2025-02-24 15:46:59,339 - INFO -   QAOA value: 0.0
2025-02-24 15:46:59,339 - INFO -   Constraint generation value: 104.0
2025-02-24 15:46:59,340 - INFO - 
Running instance 82/100
2025-02-24 15:46:59,342 - INFO - 
Running Classical Reference Solver (SCIP):
2025-02-24 15:46:59,343 - DEBUG - Problem dimensions: 40 constraints, 12 variables
2025-02-24 15:46:59,343 - DEBUG - Row names: ['ELEM1', 'ELEM2', 'ELEM3', 'ELEM4', 'ELEM5', 'ELEM6', 'ELEM7', 'ELEM8', 'ELEM9', 'ELEM10', 'ELEM11', 'ELEM12', 'ELEM13', 'ELEM14', 'ELEM15', 'ELEM16', 'ELEM17', 'ELEM18', 'ELEM19', 'ELEM20', 'ELEM21', 'ELEM22', 'ELEM23', 'ELEM24', 'ELEM25', 'ELEM26', 'ELEM27', 'ELEM28', 'ELEM29', 'ELEM30', 'ELEM31', 'ELEM32', 'ELEM33', 'ELEM34', 'ELEM35', 'ELEM36', 'ELEM37', 'ELEM38', 'ELEM39', 'ELEM40']
2025-02-24 15:46:59,343 - DEBUG - RHS values: {'ELEM1': 1.0, 'ELEM2': 1.0, 'ELEM3': 1.0, 'ELEM4': 1.0, 'ELEM5': 1.0, 'ELEM6': 1.0, 'ELEM7': 1.0, 'ELEM8': 1.0, 'ELEM9': 1.0, 'ELEM10': 1.0, 'ELEM11': 1.0, 'ELEM12': 1.0, 'ELEM13': 1.0, 'ELEM14': 1.0, 'ELEM15': 1.0, 'ELEM16': 1.0, 'ELEM17': 1.0, 'ELEM18': 1.0, 'ELEM19': 1.0, 'ELEM20': 1.0, 'ELEM21': 1.0, 'ELEM22': 1.0, 'ELEM23': 1.0, 'ELEM24': 1.0, 'ELEM25': 1.0, 'ELEM26': 1.0, 'ELEM27': 1.0, 'ELEM28': 1.0, 'ELEM29': 1.0, 'ELEM30': 1.0, 'ELEM31': 1.0, 'ELEM32': 1.0, 'ELEM33': 1.0, 'ELEM34': 1.0, 'ELEM35': 1.0, 'ELEM36': 1.0, 'ELEM37': 1.0, 'ELEM38': 1.0, 'ELEM39': 1.0, 'ELEM40': 1.0}
2025-02-24 15:46:59,356 - INFO -   Reference solution found:
2025-02-24 15:46:59,356 - INFO -     Solution: [0, 1, 0, 1, 1, 0, 1, 0, 0, 0, 0, 1]
2025-02-24 15:46:59,357 - INFO -     Value: 118.0
2025-02-24 15:46:59,357 - INFO - 
Running QAOA Reference Solution (with all constraints):
