2025-02-23 18:48:59,333 - INFO - 
Problem information:
2025-02-23 18:48:59,333 - INFO -   Number of variables (n): 10
2025-02-23 18:48:59,333 - INFO -   Number of constraints (m): 20
2025-02-23 18:48:59,333 - DEBUG -   Density of A: 50.00%
2025-02-23 18:48:59,333 - INFO - 
Starting reference QAOA with parameters:
2025-02-23 18:48:59,333 - INFO -   sample_size (total shots): 100
2025-02-23 18:48:59,334 - INFO - Added all constraints
2025-02-23 18:48:59,334 - DEBUG - Generated Ising Hamiltonian
2025-02-23 18:48:59,554 - DEBUG - Optimizing QAOA circuit...
2025-02-23 18:49:01,107 - DEBUG - Circuit optimization successful
2025-02-23 18:49:01,107 - DEBUG - Circuit optimization successful, final value: -9397.438561438556
2025-02-23 18:49:01,107 - DEBUG - Sampling from optimized circuit...
2025-02-23 18:49:01,121 - DEBUG - Generated 54 unique samples from 100 total measurements
2025-02-23 18:49:01,121 - DEBUG - 
Top 5 most frequent samples:
2025-02-23 18:49:01,121 - DEBUG -   Rank | Count |   %   
2025-02-23 18:49:01,121 - DEBUG -   -----|-------|-------
2025-02-23 18:49:01,121 - DEBUG -      1 |    13 |  13.0
2025-02-23 18:49:01,121 - DEBUG -     Sample: [0 1 1 0 1 1 1 0 0 0]
2025-02-23 18:49:01,122 - DEBUG -      2 |     6 |   6.0
2025-02-23 18:49:01,122 - DEBUG -     Sample: [0 1 1 0 1 0 1 0 0 0]
2025-02-23 18:49:01,122 - DEBUG -      3 |     5 |   5.0
2025-02-23 18:49:01,122 - DEBUG -     Sample: [1 1 1 1 1 1 1 0 1 0]
2025-02-23 18:49:01,122 - DEBUG -      4 |     4 |   4.0
2025-02-23 18:49:01,122 - DEBUG -     Sample: [1 1 1 1 1 1 1 0 0 0]
2025-02-23 18:49:01,122 - DEBUG -      5 |     4 |   4.0
2025-02-23 18:49:01,123 - DEBUG -     Sample: [1 1 1 0 1 1 1 0 1 0]
2025-02-23 18:49:01,123 - DEBUG - Generated 54 unique samples from 100 total measurements
2025-02-23 18:49:01,124 - INFO - No feasible solution found
2025-02-23 18:49:01,124 - INFO -   QAOA solver found no feasible solution
2025-02-23 18:49:01,125 - INFO - 
Running Constraint Generation:
2025-02-23 18:49:01,126 - INFO - 
Problem information:
2025-02-23 18:49:01,126 - INFO -   Number of variables (n): 10
2025-02-23 18:49:01,126 - INFO -   Number of constraints (m): 20
2025-02-23 18:49:01,126 - DEBUG -   Density of A: 50.00%
2025-02-23 18:49:01,126 - INFO - 
Running classical reference solver:
2025-02-23 18:49:01,136 - INFO -   Reference solution found:
2025-02-23 18:49:01,137 - INFO -     Solution: [1, 0, 0, 0, 0, 1, 0, 0, 0, 0]
2025-02-23 18:49:01,137 - INFO -     Value: 14.0
2025-02-23 18:49:01,137 - INFO - 
Starting quantum constraint generation with parameters:
2025-02-23 18:49:01,137 - INFO -   sample_size (total shots): 100
2025-02-23 18:49:01,137 - INFO -   tau: 0.1
2025-02-23 18:49:01,137 - INFO -   max_iters: 1000
2025-02-23 18:49:01,138 - INFO - 
Iteration 0:
2025-02-23 18:49:01,138 - DEBUG - Generated Ising Hamiltonian
2025-02-23 18:49:01,373 - DEBUG - Optimizing QAOA circuit...
2025-02-23 18:49:02,450 - DEBUG - Circuit optimization successful
2025-02-23 18:49:02,451 - DEBUG - Circuit optimization successful, final value: -68.34065934065934
2025-02-23 18:49:02,451 - DEBUG - Sampling from optimized circuit...
2025-02-23 18:49:02,467 - DEBUG - Generated 82 unique samples from 100 total measurements
2025-02-23 18:49:02,467 - DEBUG - 
Top 5 most frequent samples:
2025-02-23 18:49:02,467 - DEBUG -   Rank | Count |   %   
2025-02-23 18:49:02,467 - DEBUG -   -----|-------|-------
2025-02-23 18:49:02,467 - DEBUG -      1 |     3 |   3.0
2025-02-23 18:49:02,468 - DEBUG -     Sample: [0 1 1 1 0 0 1 0 1 0]
2025-02-23 18:49:02,468 - DEBUG -      2 |     3 |   3.0
2025-02-23 18:49:02,468 - DEBUG -     Sample: [0 0 1 0 0 0 1 0 1 1]
2025-02-23 18:49:02,468 - DEBUG -      3 |     3 |   3.0
2025-02-23 18:49:02,469 - DEBUG -     Sample: [0 0 1 1 0 0 0 0 1 1]
2025-02-23 18:49:02,469 - DEBUG -      4 |     2 |   2.0
2025-02-23 18:49:02,470 - DEBUG -     Sample: [0 0 1 0 0 0 1 0 0 0]
2025-02-23 18:49:02,470 - DEBUG -      5 |     2 |   2.0
2025-02-23 18:49:02,470 - DEBUG -     Sample: [0 0 1 1 0 0 0 1 1 0]
2025-02-23 18:49:02,470 - DEBUG - Generated 82 unique samples from 100 total measurements
2025-02-23 18:49:02,471 - INFO - Found feasible solution: [0 0 1 0 0 0 1 0 0 0] with objective value 81.0
2025-02-23 18:49:02,472 - INFO -   Found feasible solution:
2025-02-23 18:49:02,473 - INFO -     Solution: [0, 0, 1, 0, 0, 0, 1, 0, 0, 0]
2025-02-23 18:49:02,473 - INFO -     Value: 81.0
2025-02-23 18:49:02,473 - INFO -     Gap to reference: 478.57%
2025-02-23 18:49:02,473 - INFO -   Constraint generation solution found:
2025-02-23 18:49:02,473 - INFO -     Solution: [0, 0, 1, 0, 0, 0, 1, 0, 0, 0]
2025-02-23 18:49:02,474 - INFO -     Value: 81.0
2025-02-23 18:49:02,474 - INFO - 
Instance 39 results:
2025-02-23 18:49:02,474 - INFO -   Classical value: 14.0
2025-02-23 18:49:02,474 - INFO -   QAOA value: 0.0
2025-02-23 18:49:02,474 - INFO -   Constraint generation value: 81.0
2025-02-23 18:49:02,475 - INFO - 
Running instance 40/100
2025-02-23 18:49:02,476 - INFO - 
Running Classical Reference Solver (SCIP):
2025-02-23 18:49:02,477 - DEBUG - Problem dimensions: 20 constraints, 10 variables
2025-02-23 18:49:02,477 - DEBUG - Row names: ['ELEM1', 'ELEM2', 'ELEM3', 'ELEM4', 'ELEM5', 'ELEM6', 'ELEM7', 'ELEM8', 'ELEM9', 'ELEM10', 'ELEM11', 'ELEM12', 'ELEM13', 'ELEM14', 'ELEM15', 'ELEM16', 'ELEM17', 'ELEM18', 'ELEM19', 'ELEM20']
2025-02-23 18:49:02,477 - DEBUG - RHS values: {'ELEM1': 1.0, 'ELEM2': 1.0, 'ELEM3': 1.0, 'ELEM4': 1.0, 'ELEM5': 1.0, 'ELEM6': 1.0, 'ELEM7': 1.0, 'ELEM8': 1.0, 'ELEM9': 1.0, 'ELEM10': 1.0, 'ELEM11': 1.0, 'ELEM12': 1.0, 'ELEM13': 1.0, 'ELEM14': 1.0, 'ELEM15': 1.0, 'ELEM16': 1.0, 'ELEM17': 1.0, 'ELEM18': 1.0, 'ELEM19': 1.0, 'ELEM20': 1.0}
2025-02-23 18:49:02,488 - INFO -   Reference solution found:
2025-02-23 18:49:02,488 - INFO -     Solution: [1, 0, 0, 0, 0, 1, 0, 0, 0, 0]
2025-02-23 18:49:02,488 - INFO -     Value: 75.0
2025-02-23 18:49:02,488 - INFO - 
Running QAOA Reference Solution (with all constraints):
