
Problem information:
  Number of variables (n): 10
  Number of constraints (m): 20

Starting reference QAOA with parameters:
  sample_size (total shots): 100
Added all constraints
No feasible solution found
  QAOA solver found no feasible solution

Running Constraint Generation:

Problem information:
  Number of variables (n): 10
  Number of constraints (m): 20

Running classical reference solver:
  Reference solution found:
    Solution: [1, 0, 0, 0, 0, 1, 0, 0, 0, 0]
    Value: 14.0

Starting quantum constraint generation with parameters:
  sample_size (total shots): 100
  tau: 0.1
  max_iters: 1000

Iteration 0:
Found feasible solution: [0 0 1 0 0 0 1 0 0 0] with objective value 81.0
  Found feasible solution:
    Solution: [0, 0, 1, 0, 0, 0, 1, 0, 0, 0]
    Value: 81.0
    Gap to reference: 478.57%
  Constraint generation solution found:
    Solution: [0, 0, 1, 0, 0, 0, 1, 0, 0, 0]
    Value: 81.0

Instance 39 results:
  Classical value: 14.0
  QAOA value: 0.0
  Constraint generation value: 81.0

Running instance 40/100

Running Classical Reference Solver (SCIP):
  Reference solution found:
    Solution: [1, 0, 0, 0, 0, 1, 0, 0, 0, 0]
    Value: 75.0

Running QAOA Reference Solution (with all constraints):
