2025-02-23 17:15:01,645 - INFO - 
Problem information:
2025-02-23 17:15:01,645 - INFO -   Number of variables (n): 10
2025-02-23 17:15:01,646 - INFO -   Number of constraints (m): 30
2025-02-23 17:15:01,646 - DEBUG -   Density of A: 30.00%
2025-02-23 17:15:01,646 - INFO - 
Starting reference QAOA with parameters:
2025-02-23 17:15:01,646 - INFO -   sample_size (total shots): 200
2025-02-23 17:15:01,647 - INFO - Added all constraints
2025-02-23 17:15:01,647 - DEBUG - Generated Ising Hamiltonian
2025-02-23 17:15:01,880 - DEBUG - Optimizing QAOA circuit...
2025-02-23 17:15:03,614 - DEBUG - Circuit optimization successful
2025-02-23 17:15:03,614 - DEBUG - Circuit optimization successful, final value: -9786.682317682318
2025-02-23 17:15:03,615 - DEBUG - Sampling from optimized circuit...
2025-02-23 17:15:03,627 - DEBUG - Generated 172 unique samples from 200 total measurements
2025-02-23 17:15:03,628 - DEBUG - 
Top 5 most frequent samples:
2025-02-23 17:15:03,628 - DEBUG -   Rank | Count |   %   
2025-02-23 17:15:03,628 - DEBUG -   -----|-------|-------
2025-02-23 17:15:03,628 - DEBUG -      1 |     6 |   3.0
2025-02-23 17:15:03,628 - DEBUG -     Sample: [1 0 1 0 1 1 1 0 1 0]
2025-02-23 17:15:03,628 - DEBUG -      2 |     3 |   1.5
2025-02-23 17:15:03,629 - DEBUG -     Sample: [1 0 0 1 1 0 1 0 0 0]
2025-02-23 17:15:03,629 - DEBUG -      3 |     3 |   1.5
2025-02-23 17:15:03,629 - DEBUG -     Sample: [0 0 0 0 0 0 0 1 0 0]
2025-02-23 17:15:03,629 - DEBUG -      4 |     2 |   1.0
2025-02-23 17:15:03,629 - DEBUG -     Sample: [1 1 1 0 1 1 1 0 0 0]
2025-02-23 17:15:03,629 - DEBUG -      5 |     2 |   1.0
2025-02-23 17:15:03,630 - DEBUG -     Sample: [0 0 1 0 1 0 0 1 0 0]
2025-02-23 17:15:03,630 - DEBUG - Generated 172 unique samples from 200 total measurements
2025-02-23 17:15:03,633 - INFO - No feasible solution found
2025-02-23 17:15:03,633 - INFO - 
=====
2025-02-23 17:15:03,633 - INFO - Running Classical Reference Solver (SCIP):
2025-02-23 17:15:03,634 - DEBUG - Problem dimensions: 30 constraints, 10 variables
2025-02-23 17:15:03,634 - DEBUG - Row names: ['ELEM1', 'ELEM2', 'ELEM3', 'ELEM4', 'ELEM5', 'ELEM6', 'ELEM7', 'ELEM8', 'ELEM9', 'ELEM10', 'ELEM11', 'ELEM12', 'ELEM13', 'ELEM14', 'ELEM15', 'ELEM16', 'ELEM17', 'ELEM18', 'ELEM19', 'ELEM20', 'ELEM21', 'ELEM22', 'ELEM23', 'ELEM24', 'ELEM25', 'ELEM26', 'ELEM27', 'ELEM28', 'ELEM29', 'ELEM30']
2025-02-23 17:15:03,634 - DEBUG - RHS values: {'ELEM1': 1.0, 'ELEM2': 1.0, 'ELEM3': 1.0, 'ELEM4': 1.0, 'ELEM5': 1.0, 'ELEM6': 1.0, 'ELEM7': 1.0, 'ELEM8': 1.0, 'ELEM9': 1.0, 'ELEM10': 1.0, 'ELEM11': 1.0, 'ELEM12': 1.0, 'ELEM13': 1.0, 'ELEM14': 1.0, 'ELEM15': 1.0, 'ELEM16': 1.0, 'ELEM17': 1.0, 'ELEM18': 1.0, 'ELEM19': 1.0, 'ELEM20': 1.0, 'ELEM21': 1.0, 'ELEM22': 1.0, 'ELEM23': 1.0, 'ELEM24': 1.0, 'ELEM25': 1.0, 'ELEM26': 1.0, 'ELEM27': 1.0, 'ELEM28': 1.0, 'ELEM29': 1.0, 'ELEM30': 1.0}
2025-02-23 17:15:03,644 - INFO -   Reference solution found:
2025-02-23 17:15:03,645 - INFO -     Solution: [0, 1, 0, 0, 0, 1, 1, 0, 0, 0]
2025-02-23 17:15:03,645 - INFO -     Value: 155.0
2025-02-23 17:15:03,645 - INFO - 
=====
2025-02-23 17:15:03,645 - INFO - Running Constraint Generation:
2025-02-23 17:15:03,647 - INFO - 
Problem information:
2025-02-23 17:15:03,647 - INFO -   Number of variables (n): 10
2025-02-23 17:15:03,647 - INFO -   Number of constraints (m): 30
2025-02-23 17:15:03,647 - DEBUG -   Density of A: 30.00%
2025-02-23 17:15:03,647 - INFO - 
Running classical reference solver:
2025-02-23 17:15:03,657 - INFO -   Reference solution found:
2025-02-23 17:15:03,657 - INFO -     Solution: [0, 1, 0, 0, 0, 1, 1, 0, 0, 0]
2025-02-23 17:15:03,657 - INFO -     Value: 155.0
2025-02-23 17:15:03,657 - INFO - 
Starting quantum constraint generation with parameters:
2025-02-23 17:15:03,657 - INFO -   sample_size (total shots): 200
2025-02-23 17:15:03,658 - INFO -   tau: 0.1
2025-02-23 17:15:03,658 - INFO -   max_iters: 1000
2025-02-23 17:15:03,658 - INFO - 
Iteration 0:
2025-02-23 17:15:03,658 - DEBUG - Generated Ising Hamiltonian
2025-02-23 17:15:03,850 - DEBUG - Optimizing QAOA circuit...
2025-02-23 17:15:04,645 - DEBUG - Circuit optimization successful
2025-02-23 17:15:04,645 - DEBUG - Circuit optimization successful, final value: -129.23476523476523
2025-02-23 17:15:04,646 - DEBUG - Sampling from optimized circuit...
2025-02-23 17:15:04,656 - DEBUG - Generated 126 unique samples from 200 total measurements
2025-02-23 17:15:04,656 - DEBUG - 
Top 5 most frequent samples:
2025-02-23 17:15:04,656 - DEBUG -   Rank | Count |   %   
2025-02-23 17:15:04,656 - DEBUG -   -----|-------|-------
2025-02-23 17:15:04,656 - DEBUG -      1 |    13 |   6.5
2025-02-23 17:15:04,657 - DEBUG -     Sample: [1 0 1 1 1 0 1 0 1 1]
2025-02-23 17:15:04,657 - DEBUG -      2 |     6 |   3.0
2025-02-23 17:15:04,657 - DEBUG -     Sample: [1 0 1 1 1 0 1 0 1 0]
2025-02-23 17:15:04,657 - DEBUG -      3 |     6 |   3.0
2025-02-23 17:15:04,657 - DEBUG -     Sample: [1 0 1 1 1 0 1 1 1 1]
2025-02-23 17:15:04,657 - DEBUG -      4 |     5 |   2.5
2025-02-23 17:15:04,657 - DEBUG -     Sample: [1 0 1 0 1 0 1 0 1 0]
2025-02-23 17:15:04,657 - DEBUG -      5 |     5 |   2.5
2025-02-23 17:15:04,658 - DEBUG -     Sample: [1 0 0 1 1 0 1 0 1 1]
2025-02-23 17:15:04,658 - DEBUG - Generated 126 unique samples from 200 total measurements
2025-02-23 17:15:04,660 - INFO -   No feasible solution found in this iteration
2025-02-23 17:15:04,661 - INFO -   Added 1 new constraints: [21]
2025-02-23 17:15:04,661 - INFO - 
Iteration 1:
2025-02-23 17:15:04,661 - DEBUG - Generated Ising Hamiltonian
2025-02-23 17:15:04,837 - DEBUG - Optimizing QAOA circuit...
2025-02-23 17:15:05,719 - DEBUG - Circuit optimization successful
2025-02-23 17:15:05,719 - DEBUG - Circuit optimization successful, final value: -4567.687812187812
2025-02-23 17:15:05,720 - DEBUG - Sampling from optimized circuit...
2025-02-23 17:15:05,730 - DEBUG - Generated 124 unique samples from 200 total measurements
2025-02-23 17:15:05,731 - DEBUG - 
Top 5 most frequent samples:
2025-02-23 17:15:05,731 - DEBUG -   Rank | Count |   %   
2025-02-23 17:15:05,731 - DEBUG -   -----|-------|-------
2025-02-23 17:15:05,731 - DEBUG -      1 |     7 |   3.5
2025-02-23 17:15:05,731 - DEBUG -     Sample: [0 0 1 1 0 0 0 0 1 1]
2025-02-23 17:15:05,731 - DEBUG -      2 |     7 |   3.5
2025-02-23 17:15:05,731 - DEBUG -     Sample: [0 0 1 1 0 0 0 0 1 0]
2025-02-23 17:15:05,732 - DEBUG -      3 |     6 |   3.0
2025-02-23 17:15:05,732 - DEBUG -     Sample: [0 0 0 1 0 0 0 0 1 1]
2025-02-23 17:15:05,732 - DEBUG -      4 |     5 |   2.5
2025-02-23 17:15:05,732 - DEBUG -     Sample: [0 0 0 1 0 0 0 1 1 0]
2025-02-23 17:15:05,733 - DEBUG -      5 |     5 |   2.5
2025-02-23 17:15:05,733 - DEBUG -     Sample: [0 0 0 1 0 1 0 0 1 1]
2025-02-23 17:15:05,734 - DEBUG - Generated 124 unique samples from 200 total measurements
2025-02-23 17:15:05,736 - INFO - Found feasible solution: [0 0 1 1 1 0 0 0 0 1] with objective value 194.0
2025-02-23 17:15:05,737 - INFO -   Found feasible solution:
2025-02-23 17:15:05,737 - INFO -     Solution: [0, 0, 1, 1, 1, 0, 0, 0, 0, 1]
2025-02-23 17:15:05,738 - INFO -     Value: 194.0
2025-02-23 17:15:05,738 - INFO -     Gap to reference: 25.16%
2025-02-23 17:15:05,738 - INFO - 
---
2025-02-23 17:15:05,738 - INFO - Solution Comparison:
2025-02-23 17:15:05,738 - INFO - Gap to classical reference: 25.16%
2025-02-23 17:15:05,740 - INFO - 
Problem information:
2025-02-23 17:15:05,740 - INFO -   Number of variables (n): 10
2025-02-23 17:15:05,740 - INFO -   Number of constraints (m): 30
2025-02-23 17:15:05,740 - DEBUG -   Density of A: 22.00%
2025-02-23 17:15:05,740 - INFO - 
=====
2025-02-23 17:15:05,741 - INFO - Running Classical Reference Solver (SCIP):
2025-02-23 17:15:05,741 - DEBUG - Problem dimensions: 30 constraints, 10 variables
2025-02-23 17:15:05,741 - DEBUG - Row names: ['ELEM1', 'ELEM2', 'ELEM3', 'ELEM4', 'ELEM5', 'ELEM6', 'ELEM7', 'ELEM8', 'ELEM9', 'ELEM10', 'ELEM11', 'ELEM12', 'ELEM13', 'ELEM14', 'ELEM15', 'ELEM16', 'ELEM17', 'ELEM18', 'ELEM19', 'ELEM20', 'ELEM21', 'ELEM22', 'ELEM23', 'ELEM24', 'ELEM25', 'ELEM26', 'ELEM27', 'ELEM28', 'ELEM29', 'ELEM30']
2025-02-23 17:15:05,742 - DEBUG - RHS values: {'ELEM1': 1.0, 'ELEM2': 1.0, 'ELEM3': 1.0, 'ELEM4': 1.0, 'ELEM5': 1.0, 'ELEM6': 1.0, 'ELEM7': 1.0, 'ELEM8': 1.0, 'ELEM9': 1.0, 'ELEM10': 1.0, 'ELEM11': 1.0, 'ELEM12': 1.0, 'ELEM13': 1.0, 'ELEM14': 1.0, 'ELEM15': 1.0, 'ELEM16': 1.0, 'ELEM17': 1.0, 'ELEM18': 1.0, 'ELEM19': 1.0, 'ELEM20': 1.0, 'ELEM21': 1.0, 'ELEM22': 1.0, 'ELEM23': 1.0, 'ELEM24': 1.0, 'ELEM25': 1.0, 'ELEM26': 1.0, 'ELEM27': 1.0, 'ELEM28': 1.0, 'ELEM29': 1.0, 'ELEM30': 1.0}
2025-02-23 17:15:05,753 - INFO -   Reference solution found:
2025-02-23 17:15:05,754 - INFO -     Solution: [0, 0, 0, 1, 1, 0, 1, 0, 1, 0]
2025-02-23 17:15:05,754 - INFO -     Value: 139.0
2025-02-23 17:15:05,754 - INFO - 
=====
2025-02-23 17:15:05,754 - INFO - Running Constraint Generation:
2025-02-23 17:15:05,755 - INFO - 
Problem information:
2025-02-23 17:15:05,756 - INFO -   Number of variables (n): 10
2025-02-23 17:15:05,756 - INFO -   Number of constraints (m): 30
2025-02-23 17:15:05,756 - DEBUG -   Density of A: 22.00%
2025-02-23 17:15:05,756 - INFO - 
Running classical reference solver:
2025-02-23 17:15:05,767 - INFO -   Reference solution found:
2025-02-23 17:15:05,767 - INFO -     Solution: [0, 0, 0, 1, 1, 0, 1, 0, 1, 0]
2025-02-23 17:15:05,768 - INFO -     Value: 139.0
2025-02-23 17:15:05,768 - INFO - 
Starting quantum constraint generation with parameters:
2025-02-23 17:15:05,768 - INFO -   sample_size (total shots): 200
2025-02-23 17:15:05,768 - INFO -   tau: 0.1
2025-02-23 17:15:05,768 - INFO -   max_iters: 1000
2025-02-23 17:15:05,768 - INFO - 
Iteration 0:
2025-02-23 17:15:05,769 - DEBUG - Generated Ising Hamiltonian
2025-02-23 17:15:05,987 - DEBUG - Optimizing QAOA circuit...
2025-02-23 17:15:06,796 - DEBUG - Circuit optimization successful
2025-02-23 17:15:06,797 - DEBUG - Circuit optimization successful, final value: -287.94005994005994
2025-02-23 17:15:06,797 - DEBUG - Sampling from optimized circuit...
2025-02-23 17:15:06,808 - DEBUG - Generated 49 unique samples from 200 total measurements
2025-02-23 17:15:06,808 - DEBUG - 
Top 5 most frequent samples:
2025-02-23 17:15:06,808 - DEBUG -   Rank | Count |   %   
2025-02-23 17:15:06,808 - DEBUG -   -----|-------|-------
2025-02-23 17:15:06,808 - DEBUG -      1 |    28 |  14.0
2025-02-23 17:15:06,808 - DEBUG -     Sample: [1 1 1 0 0 1 1 1 1 1]
2025-02-23 17:15:06,809 - DEBUG -      2 |    16 |   8.0
2025-02-23 17:15:06,809 - DEBUG -     Sample: [1 1 1 0 1 1 1 1 1 1]
2025-02-23 17:15:06,809 - DEBUG -      3 |    15 |   7.5
2025-02-23 17:15:06,809 - DEBUG -     Sample: [1 1 1 0 0 0 1 1 1 1]
2025-02-23 17:15:06,809 - DEBUG -      4 |    15 |   7.5
2025-02-23 17:15:06,810 - DEBUG -     Sample: [1 1 0 0 0 1 1 1 1 1]
2025-02-23 17:15:06,810 - DEBUG -      5 |    14 |   7.0
2025-02-23 17:15:06,811 - DEBUG -     Sample: [1 1 0 0 1 1 1 1 1 1]
2025-02-23 17:15:06,812 - DEBUG - Generated 49 unique samples from 200 total measurements
2025-02-23 17:15:06,814 - INFO -   No feasible solution found in this iteration
2025-02-23 17:15:06,814 - INFO -   Added 1 new constraints: [20]
2025-02-23 17:15:06,814 - INFO - 
Iteration 1:
2025-02-23 17:15:06,815 - DEBUG - Generated Ising Hamiltonian
2025-02-23 17:15:07,019 - DEBUG - Optimizing QAOA circuit...
2025-02-23 17:15:07,813 - DEBUG - Circuit optimization successful
2025-02-23 17:15:07,813 - DEBUG - Circuit optimization successful, final value: -6437.4555444555435
2025-02-23 17:15:07,813 - DEBUG - Sampling from optimized circuit...
2025-02-23 17:15:07,823 - DEBUG - Generated 66 unique samples from 200 total measurements
2025-02-23 17:15:07,823 - DEBUG - 
Top 5 most frequent samples:
2025-02-23 17:15:07,823 - DEBUG -   Rank | Count |   %   
2025-02-23 17:15:07,823 - DEBUG -   -----|-------|-------
2025-02-23 17:15:07,823 - DEBUG -      1 |    20 |  10.0
2025-02-23 17:15:07,823 - DEBUG -     Sample: [0 0 1 0 0 1 0 1 1 1]
2025-02-23 17:15:07,823 - DEBUG -      2 |    13 |   6.5
2025-02-23 17:15:07,824 - DEBUG -     Sample: [0 0 0 0 0 1 0 1 1 1]
2025-02-23 17:15:07,824 - DEBUG -      3 |    11 |   5.5
2025-02-23 17:15:07,824 - DEBUG -     Sample: [0 0 1 0 1 0 0 1 1 1]
2025-02-23 17:15:07,824 - DEBUG -      4 |     9 |   4.5
2025-02-23 17:15:07,824 - DEBUG -     Sample: [0 0 1 0 0 0 0 1 1 1]
2025-02-23 17:15:07,824 - DEBUG -      5 |     8 |   4.0
2025-02-23 17:15:07,825 - DEBUG -     Sample: [0 0 0 0 0 1 0 1 1 0]
2025-02-23 17:15:07,825 - DEBUG - Generated 66 unique samples from 200 total measurements
2025-02-23 17:15:07,826 - INFO -   No feasible solution found in this iteration
2025-02-23 17:15:07,827 - INFO -   No new constraints added, lowered tau multiplier: 1.0 -> 0.9
2025-02-23 17:15:07,827 - INFO -   Added 13 new constraints: [0, 1, 6, 7, 8, 9, 12, 13, 21, 24, 25, 28, 29]
2025-02-23 17:15:07,827 - INFO - 
Iteration 2:
2025-02-23 17:15:07,827 - DEBUG - Generated Ising Hamiltonian
2025-02-23 17:15:08,024 - DEBUG - Optimizing QAOA circuit...
2025-02-23 17:15:08,942 - DEBUG - Circuit optimization successful
2025-02-23 17:15:08,942 - DEBUG - Circuit optimization successful, final value: 38389.92007992008
2025-02-23 17:15:08,943 - DEBUG - Sampling from optimized circuit...
2025-02-23 17:15:08,953 - DEBUG - Generated 58 unique samples from 200 total measurements
2025-02-23 17:15:08,953 - DEBUG - 
Top 5 most frequent samples:
2025-02-23 17:15:08,953 - DEBUG -   Rank | Count |   %   
2025-02-23 17:15:08,953 - DEBUG -   -----|-------|-------
2025-02-23 17:15:08,953 - DEBUG -      1 |    31 |  15.5
2025-02-23 17:15:08,954 - DEBUG -     Sample: [1 1 1 0 0 1 1 1 0 1]
2025-02-23 17:15:08,954 - DEBUG -      2 |    29 |  14.5
2025-02-23 17:15:08,954 - DEBUG -     Sample: [1 1 1 0 0 1 1 1 1 1]
2025-02-23 17:15:08,954 - DEBUG -      3 |    16 |   8.0
2025-02-23 17:15:08,954 - DEBUG -     Sample: [1 0 1 0 0 1 1 1 1 1]
2025-02-23 17:15:08,954 - DEBUG -      4 |    12 |   6.0
2025-02-23 17:15:08,955 - DEBUG -     Sample: [1 0 1 0 0 1 1 1 0 1]
2025-02-23 17:15:08,955 - DEBUG -      5 |     8 |   4.0
2025-02-23 17:15:08,955 - DEBUG -     Sample: [1 1 1 0 0 1 0 1 1 1]
2025-02-23 17:15:08,955 - DEBUG - Generated 58 unique samples from 200 total measurements
2025-02-23 17:15:08,956 - INFO - Found feasible solution: [1 0 1 0 0 1 0 1 0 1] with objective value 337.0
2025-02-23 17:15:08,957 - INFO -   Found feasible solution:
2025-02-23 17:15:08,957 - INFO -     Solution: [1, 0, 1, 0, 0, 1, 0, 1, 0, 1]
2025-02-23 17:15:08,957 - INFO -     Value: 337.0
2025-02-23 17:15:08,957 - INFO -     Gap to reference: 142.45%
2025-02-23 17:15:08,957 - INFO - 
---
2025-02-23 17:15:08,957 - INFO - Solution Comparison:
2025-02-23 17:15:08,957 - INFO - Gap to classical reference: 142.45%
2025-02-23 17:15:08,958 - INFO - 
Instance 10 results:
2025-02-23 17:15:08,958 - INFO -   Classical value: 254.0
2025-02-23 17:15:08,958 - INFO -   QAOA value: 194.0
2025-02-23 17:15:08,958 - INFO -   Constraint generation value: 337.0
2025-02-23 17:15:12,092 - INFO - 
Comparison analysis completed. Results saved in: results/20250223_171508
