
Problem information:
  Number of variables (n): 10
  Number of constraints (m): 30

Starting reference QAOA with parameters:
  sample_size (total shots): 200
Added all constraints
No feasible solution found

=====
Running Classical Reference Solver (SCIP):
  Reference solution found:
    Solution: [0, 1, 0, 0, 0, 1, 1, 0, 0, 0]
    Value: 155.0

=====
Running Constraint Generation:

Problem information:
  Number of variables (n): 10
  Number of constraints (m): 30

Running classical reference solver:
  Reference solution found:
    Solution: [0, 1, 0, 0, 0, 1, 1, 0, 0, 0]
    Value: 155.0

Starting quantum constraint generation with parameters:
  sample_size (total shots): 200
  tau: 0.1
  max_iters: 1000

Iteration 0:
  No feasible solution found in this iteration
  Added 1 new constraints: [21]

Iteration 1:
Found feasible solution: [0 0 1 1 1 0 0 0 0 1] with objective value 194.0
  Found feasible solution:
    Solution: [0, 0, 1, 1, 1, 0, 0, 0, 0, 1]
    Value: 194.0
    Gap to reference: 25.16%

---
Solution Comparison:
Gap to classical reference: 25.16%

Problem information:
  Number of variables (n): 10
  Number of constraints (m): 30

=====
Running Classical Reference Solver (SCIP):
  Reference solution found:
    Solution: [0, 0, 0, 1, 1, 0, 1, 0, 1, 0]
    Value: 139.0

=====
Running Constraint Generation:

Problem information:
  Number of variables (n): 10
  Number of constraints (m): 30

Running classical reference solver:
  Reference solution found:
    Solution: [0, 0, 0, 1, 1, 0, 1, 0, 1, 0]
    Value: 139.0

Starting quantum constraint generation with parameters:
  sample_size (total shots): 200
  tau: 0.1
  max_iters: 1000

Iteration 0:
  No feasible solution found in this iteration
  Added 1 new constraints: [20]

Iteration 1:
  No feasible solution found in this iteration
  No new constraints added, lowered tau multiplier: 1.0 -> 0.9
  Added 13 new constraints: [0, 1, 6, 7, 8, 9, 12, 13, 21, 24, 25, 28, 29]

Iteration 2:
Found feasible solution: [1 0 1 0 0 1 0 1 0 1] with objective value 337.0
  Found feasible solution:
    Solution: [1, 0, 1, 0, 0, 1, 0, 1, 0, 1]
    Value: 337.0
    Gap to reference: 142.45%

---
Solution Comparison:
Gap to classical reference: 142.45%

Instance 10 results:
  Classical value: 254.0
  QAOA value: 194.0
  Constraint generation value: 337.0

Comparison analysis completed. Results saved in: results/20250223_171508
