
Problem information:
  Number of variables (n): 12
  Number of constraints (m): 40

Starting reference QAOA with parameters:
  sample_size (total shots): 200
Added all constraints
No feasible solution found
  QAOA solver found no feasible solution

Running Constraint Generation:

Problem information:
  Number of variables (n): 12
  Number of constraints (m): 40

Running classical reference solver:
  Reference solution found:
    Solution: [0, 0, 1, 0, 0, 0, 1, 0, 1, 0, 1, 1]
    Value: 204.0

Starting quantum constraint generation with parameters:
  sample_size (total shots): 200
  tau: 0.1
  max_iters: 1000

Iteration 0:
  No feasible solution found in this iteration
  Added 1 new constraints: [31]

Iteration 1:
  No feasible solution found in this iteration
  Added 1 new constraints: [14]

Iteration 2:
  No feasible solution found in this iteration
  Added 1 new constraints: [4]

Iteration 3:
Found feasible solution: [0 1 0 1 1 1 0 1 0 1 0 0] with objective value 335.0
  Found feasible solution:
    Solution: [0, 1, 0, 1, 1, 1, 0, 1, 0, 1, 0, 0]
    Value: 335.0
    Gap to reference: 64.22%
  Constraint generation solution found:
    Solution: [0, 1, 0, 1, 1, 1, 0, 1, 0, 1, 0, 0]
    Value: 335.0

Instance 77 results:
  Classical value: 204.0
  QAOA value: 0.0
  Constraint generation value: 335.0

Running instance 78/100

Running Classical Reference Solver (SCIP):
  Reference solution found:
    Solution: [0, 0, 0, 0, 0, 1, 1, 0, 1, 1, 1, 0]
    Value: 270.99999999999994

Running QAOA Reference Solution (with all constraints):
