
Problem information:
  Number of variables (n): 12
  Number of constraints (m): 40

Starting reference QAOA with parameters:
  sample_size (total shots): 1000
Added all constraints
Found feasible solution: [1 0 0 1 0 1 0 0 0 0 0 1] with objective value 124.0
Found feasible solution:
  Solution: [1, 0, 0, 1, 0, 1, 0, 0, 0, 0, 0, 1]
  Value: 124.0
  QAOA solution found:
    Solution: [1, 0, 0, 1, 0, 1, 0, 0, 0, 0, 0, 1]
    Value: 124.0

Running Constraint Generation:

Problem information:
  Number of variables (n): 12
  Number of constraints (m): 40

Running classical reference solver:
  Reference solution found:
    Solution: [1, 0, 0, 1, 0, 1, 0, 0, 0, 0, 0, 1]
    Value: 124.0

Starting quantum constraint generation with parameters:
  sample_size (total shots): 1000
  tau: 0.1
  max_iters: 1000

Iteration 0:
  No feasible solution found in this iteration
  Added 2 new constraints: [16, 34]

Iteration 1:
  No feasible solution found in this iteration
  Added 2 new constraints: [8, 30]

Iteration 2:
Found feasible solution: [0 0 0 0 0 0 1 1 0 1 1 0] with objective value 211.0
  Found feasible solution:
    Solution: [0, 0, 0, 0, 0, 0, 1, 1, 0, 1, 1, 0]
    Value: 211.0
    Gap to reference: 70.16%
  Constraint generation solution found:
    Solution: [0, 0, 0, 0, 0, 0, 1, 1, 0, 1, 1, 0]
    Value: 211.0

Instance 26 results:
  Classical value: 124.0
  QAOA value: 124.0
  Constraint generation value: 211.0

Running instance 27/100

Running Classical Reference Solver (SCIP):
  Reference solution found:
    Solution: [1, 0, 0, 0, 1, 1, 0, 1, 0, 1, 0, 0]
    Value: 135.0

Running QAOA Reference Solution (with all constraints):
