
Problem information:
  Number of variables (n): 10
  Number of constraints (m): 30

Starting reference QAOA with parameters:
  sample_size (total shots): 200
Added all constraints
No feasible solution found

=====
Running Classical Reference Solver (SCIP):
  Reference solution found:
    Solution: [0, 1, 0, 1, 0, 1, 0, 0, 0, 0]
    Value: 223.0

=====
Running Constraint Generation:

Problem information:
  Number of variables (n): 10
  Number of constraints (m): 30

Running classical reference solver:
  Reference solution found:
    Solution: [0, 1, 0, 1, 0, 1, 0, 0, 0, 0]
    Value: 223.0

Starting quantum constraint generation with parameters:
  sample_size (total shots): 200
  tau: 0.1
  max_iters: 1000

Iteration 0:
  No feasible solution found in this iteration
  Added 2 new constraints: [3, 19]

Iteration 1:
  No feasible solution found in this iteration
  Added 1 new constraints: [1]

Iteration 2:
Found feasible solution: [1 0 0 0 1 0 1 0 1 1] with objective value 282.0
  Found feasible solution:
    Solution: [1, 0, 0, 0, 1, 0, 1, 0, 1, 1]
    Value: 282.0
    Gap to reference: 26.46%

---
Solution Comparison:
Gap to classical reference: 26.46%

Problem information:
  Number of variables (n): 10
  Number of constraints (m): 30

=====
Running Classical Reference Solver (SCIP):
  Reference solution found:
    Solution: [1, 0, 0, 1, 0, 0, 0, 1, 1, 0]
    Value: 208.0

=====
Running Constraint Generation:

Problem information:
  Number of variables (n): 10
  Number of constraints (m): 30

Running classical reference solver:
  Reference solution found:
    Solution: [1, 0, 0, 1, 0, 0, 0, 1, 1, 0]
    Value: 208.0

Starting quantum constraint generation with parameters:
  sample_size (total shots): 200
  tau: 0.1
  max_iters: 1000

Iteration 0:
  No feasible solution found in this iteration
  Added 2 new constraints: [15, 21]

Iteration 1:
  No feasible solution found in this iteration
  Added 7 new constraints: [3, 9, 14, 16, 22, 25, 27]

Iteration 2:
  No feasible solution found in this iteration
  Added 1 new constraints: [7]

Iteration 3:
  No feasible solution found in this iteration
  Added 1 new constraints: [19]

Iteration 4:
  No feasible solution found in this iteration
  No new constraints added, lowered tau multiplier: 1.0 -> 0.9
  No new constraints added, lowered tau multiplier: 0.9 -> 0.8
  No new constraints added, lowered tau multiplier: 0.8 -> 0.7
  Added 4 new constraints: [0, 20, 26, 29]

Iteration 5:
  No feasible solution found in this iteration
  No new constraints added, lowered tau multiplier: 1.0 -> 0.9
  No new constraints added, lowered tau multiplier: 0.9 -> 0.8
  No new constraints added, lowered tau multiplier: 0.8 -> 0.7
  Added 2 new constraints: [13, 23]

Iteration 6:
  No feasible solution found in this iteration
  No new constraints added, lowered tau multiplier: 1.0 -> 0.9
  No new constraints added, lowered tau multiplier: 0.9 -> 0.8
  No new constraints added, lowered tau multiplier: 0.8 -> 0.7
  Added 6 new constraints: [1, 5, 10, 12, 18, 24]

Iteration 7:
  No feasible solution found in this iteration
  No new constraints added, lowered tau multiplier: 1.0 -> 0.9
  No new constraints added, lowered tau multiplier: 0.9 -> 0.8
  Added 2 new constraints: [2, 8]

Iteration 8:
  No feasible solution found in this iteration
  No new constraints added, lowered tau multiplier: 1.0 -> 0.9
  No new constraints added, lowered tau multiplier: 0.9 -> 0.8
  No new constraints added, lowered tau multiplier: 0.8 -> 0.7
  Added 1 new constraints: [11]

Iteration 9:
  No feasible solution found in this iteration
  Added 4 new constraints: [4, 6, 17, 28]

Iteration 10:
  No feasible solution found in this iteration
  All constraints added, exiting

Instance 3 results:
  Classical value: 222.99999999999997
  QAOA value: 282.0
  Constraint generation value: 0.0

Running instance 4/10

Problem information:
  Number of variables (n): 10
  Number of constraints (m): 30

Running Classical Reference Solver (SCIP):

Problem information:
  Number of variables (n): 10
  Number of constraints (m): 30

=====
Running QAOA Reference Solution (with all constraints):
