2025-02-24 14:37:34,683 - INFO - 
Problem information:
2025-02-24 14:37:34,683 - INFO -   Number of variables (n): 12
2025-02-24 14:37:34,683 - INFO -   Number of constraints (m): 40
2025-02-24 14:37:34,683 - DEBUG -   Density of A: 19.38%
2025-02-24 14:37:34,683 - INFO - 
Starting reference QAOA with parameters:
2025-02-24 14:37:34,683 - INFO -   sample_size (total shots): 1000
2025-02-24 14:37:34,683 - INFO - Added all constraints
2025-02-24 14:37:34,683 - DEBUG - Generated Ising Hamiltonian
2025-02-24 14:37:34,844 - DEBUG - Optimizing QAOA circuit...
2025-02-24 14:37:38,393 - DEBUG - Circuit optimization successful
2025-02-24 14:37:38,394 - DEBUG - Circuit optimization successful, final value: 6345.253246753246
2025-02-24 14:37:38,394 - DEBUG - Sampling from optimized circuit...
2025-02-24 14:37:38,429 - DEBUG - Generated 510 unique samples from 1000 total measurements
2025-02-24 14:37:38,429 - DEBUG - 
Top 5 most frequent samples:
2025-02-24 14:37:38,430 - DEBUG -   Rank | Count |   %   
2025-02-24 14:37:38,430 - DEBUG -   -----|-------|-------
2025-02-24 14:37:38,430 - DEBUG -      1 |    29 |   2.9
2025-02-24 14:37:38,430 - DEBUG -     Sample: [1 0 0 0 1 0 0 1 0 0 1 0]
2025-02-24 14:37:38,430 - DEBUG -      2 |    29 |   2.9
2025-02-24 14:37:38,430 - DEBUG -     Sample: [1 1 0 0 1 0 0 1 1 0 1 0]
2025-02-24 14:37:38,430 - DEBUG -      3 |    22 |   2.2
2025-02-24 14:37:38,431 - DEBUG -     Sample: [1 1 0 0 1 0 0 1 0 0 1 0]
2025-02-24 14:37:38,431 - DEBUG -      4 |    21 |   2.1
2025-02-24 14:37:38,431 - DEBUG -     Sample: [1 0 0 0 1 0 0 1 1 0 1 0]
2025-02-24 14:37:38,431 - DEBUG -      5 |    13 |   1.3
2025-02-24 14:37:38,431 - DEBUG -     Sample: [1 1 1 0 1 0 0 1 1 0 1 0]
2025-02-24 14:37:38,432 - DEBUG - Generated 510 unique samples from 1000 total measurements
2025-02-24 14:37:38,437 - INFO - Found feasible solution: [0 0 0 0 1 1 1 0 1 1 0 0] with objective value 259.0
2025-02-24 14:37:38,441 - INFO - Found feasible solution:
2025-02-24 14:37:38,441 - INFO -   Solution: [0, 0, 0, 0, 1, 1, 1, 0, 1, 1, 0, 0]
2025-02-24 14:37:38,442 - INFO -   Value: 259.0
2025-02-24 14:37:38,442 - INFO -   QAOA solution found:
2025-02-24 14:37:38,442 - INFO -     Solution: [0, 0, 0, 0, 1, 1, 1, 0, 1, 1, 0, 0]
2025-02-24 14:37:38,443 - INFO -     Value: 259.0
2025-02-24 14:37:38,443 - INFO - 
Running Constraint Generation:
2025-02-24 14:37:38,444 - INFO - 
Problem information:
2025-02-24 14:37:38,444 - INFO -   Number of variables (n): 12
2025-02-24 14:37:38,444 - INFO -   Number of constraints (m): 40
2025-02-24 14:37:38,444 - DEBUG -   Density of A: 19.38%
2025-02-24 14:37:38,444 - INFO - 
Running classical reference solver:
2025-02-24 14:37:38,455 - INFO -   Reference solution found:
2025-02-24 14:37:38,455 - INFO -     Solution: [0, 1, 1, 1, 0, 0, 0, 1, 0, 0, 1, 0]
2025-02-24 14:37:38,455 - INFO -     Value: 256.0
2025-02-24 14:37:38,455 - INFO - 
Starting quantum constraint generation with parameters:
2025-02-24 14:37:38,455 - INFO -   sample_size (total shots): 1000
2025-02-24 14:37:38,455 - INFO -   tau: 0.1
2025-02-24 14:37:38,455 - INFO -   max_iters: 1000
2025-02-24 14:37:38,455 - INFO - 
Iteration 0:
2025-02-24 14:37:38,456 - DEBUG - Generated Ising Hamiltonian
2025-02-24 14:37:38,457 - DEBUG - Optimizing QAOA circuit...
2025-02-24 14:37:43,052 - WARNING - Circuit optimization did not converge
2025-02-24 14:37:43,052 - WARNING - Circuit optimization did not converge
2025-02-24 14:37:43,052 - DEBUG - Sampling from optimized circuit...
2025-02-24 14:37:43,099 - DEBUG - Generated 9 unique samples from 1000 total measurements
2025-02-24 14:37:43,100 - DEBUG - 
Top 5 most frequent samples:
2025-02-24 14:37:43,100 - DEBUG -   Rank | Count |   %   
2025-02-24 14:37:43,100 - DEBUG -   -----|-------|-------
2025-02-24 14:37:43,100 - DEBUG -      1 |   412 |  41.2
2025-02-24 14:37:43,100 - DEBUG -     Sample: [0 0 0 0 0 0 0 0 1 1 1 1]
2025-02-24 14:37:43,100 - DEBUG -      2 |   177 |  17.7
2025-02-24 14:37:43,100 - DEBUG -     Sample: [0 0 0 0 0 0 0 0 1 0 1 1]
2025-02-24 14:37:43,100 - DEBUG -      3 |   163 |  16.3
2025-02-24 14:37:43,100 - DEBUG -     Sample: [0 0 0 0 0 0 0 0 1 1 0 1]
2025-02-24 14:37:43,101 - DEBUG -      4 |    79 |   7.9
2025-02-24 14:37:43,101 - DEBUG -     Sample: [0 0 0 0 0 0 0 0 1 0 0 1]
2025-02-24 14:37:43,101 - DEBUG -      5 |    73 |   7.3
2025-02-24 14:37:43,101 - DEBUG -     Sample: [0 0 0 0 0 0 0 0 0 1 1 1]
2025-02-24 14:37:43,101 - DEBUG - Generated 9 unique samples from 1000 total measurements
2025-02-24 14:37:43,101 - INFO -   No feasible solution found in this iteration
2025-02-24 14:37:43,102 - INFO -   Added 15 new constraints: [2, 4, 9, 11, 13, 14, 21, 22, 24, 30, 33, 34, 36, 37, 39]
2025-02-24 14:37:43,102 - INFO - 
Iteration 1:
2025-02-24 14:37:43,102 - DEBUG - Generated Ising Hamiltonian
2025-02-24 14:37:43,103 - DEBUG - Optimizing QAOA circuit...
2025-02-24 14:37:51,308 - WARNING - Circuit optimization did not converge
2025-02-24 14:37:51,308 - WARNING - Circuit optimization did not converge
2025-02-24 14:37:51,309 - DEBUG - Sampling from optimized circuit...
2025-02-24 14:37:51,371 - DEBUG - Generated 15 unique samples from 1000 total measurements
2025-02-24 14:37:51,371 - DEBUG - 
Top 5 most frequent samples:
2025-02-24 14:37:51,371 - DEBUG -   Rank | Count |   %   
2025-02-24 14:37:51,371 - DEBUG -   -----|-------|-------
2025-02-24 14:37:51,372 - DEBUG -      1 |   282 |  28.2
2025-02-24 14:37:51,372 - DEBUG -     Sample: [0 0 0 0 0 0 0 0 1 1 0 0]
2025-02-24 14:37:51,372 - DEBUG -      2 |   246 |  24.6
2025-02-24 14:37:51,372 - DEBUG -     Sample: [0 0 0 0 0 0 0 0 1 0 0 0]
2025-02-24 14:37:51,372 - DEBUG -      3 |   139 |  13.9
2025-02-24 14:37:51,372 - DEBUG -     Sample: [0 0 0 0 0 0 0 0 1 1 1 0]
2025-02-24 14:37:51,372 - DEBUG -      4 |    97 |   9.7
2025-02-24 14:37:51,372 - DEBUG -     Sample: [0 0 0 0 0 0 0 0 1 0 1 0]
2025-02-24 14:37:51,373 - DEBUG -      5 |    64 |   6.4
2025-02-24 14:37:51,373 - DEBUG -     Sample: [0 0 0 0 0 0 0 0 0 1 0 0]
2025-02-24 14:37:51,373 - DEBUG - Generated 15 unique samples from 1000 total measurements
2025-02-24 14:37:51,373 - INFO -   No feasible solution found in this iteration
2025-02-24 14:37:51,374 - INFO -   No new constraints added, lowered tau multiplier: 1.0 -> 0.9
2025-02-24 14:37:51,374 - INFO -   No new constraints added, lowered tau multiplier: 0.9 -> 0.8
2025-02-24 14:37:51,374 - INFO -   No new constraints added, lowered tau multiplier: 0.8 -> 0.7
2025-02-24 14:37:51,374 - INFO -   No new constraints added, lowered tau multiplier: 0.7 -> 0.6
2025-02-24 14:37:51,374 - INFO -   No new constraints added, lowered tau multiplier: 0.6 -> 0.5
2025-02-24 14:37:51,374 - INFO -   Added 14 new constraints: [5, 7, 15, 16, 17, 18, 19, 20, 25, 26, 27, 28, 35, 38]
2025-02-24 14:37:51,374 - INFO - 
Iteration 2:
2025-02-24 14:37:51,374 - DEBUG - Generated Ising Hamiltonian
2025-02-24 14:37:51,377 - DEBUG - Optimizing QAOA circuit...
2025-02-24 14:38:00,187 - WARNING - Circuit optimization did not converge
2025-02-24 14:38:00,188 - WARNING - Circuit optimization did not converge
2025-02-24 14:38:00,188 - DEBUG - Sampling from optimized circuit...
2025-02-24 14:38:00,242 - DEBUG - Generated 16 unique samples from 1000 total measurements
2025-02-24 14:38:00,242 - DEBUG - 
Top 5 most frequent samples:
2025-02-24 14:38:00,243 - DEBUG -   Rank | Count |   %   
2025-02-24 14:38:00,243 - DEBUG -   -----|-------|-------
2025-02-24 14:38:00,243 - DEBUG -      1 |   378 |  37.8
2025-02-24 14:38:00,243 - DEBUG -     Sample: [0 0 0 0 0 0 0 0 1 0 1 0]
2025-02-24 14:38:00,243 - DEBUG -      2 |   182 |  18.2
2025-02-24 14:38:00,243 - DEBUG -     Sample: [0 0 0 0 0 0 0 0 1 1 1 0]
2025-02-24 14:38:00,243 - DEBUG -      3 |    79 |   7.9
2025-02-24 14:38:00,244 - DEBUG -     Sample: [0 0 0 0 0 0 0 0 1 0 0 0]
2025-02-24 14:38:00,244 - DEBUG -      4 |    73 |   7.3
2025-02-24 14:38:00,244 - DEBUG -     Sample: [0 0 0 0 0 0 0 0 0 0 1 0]
2025-02-24 14:38:00,244 - DEBUG -      5 |    51 |   5.1
2025-02-24 14:38:00,244 - DEBUG -     Sample: [0 0 0 0 0 0 0 0 1 1 0 0]
2025-02-24 14:38:00,244 - DEBUG - Generated 16 unique samples from 1000 total measurements
2025-02-24 14:38:00,245 - INFO -   No feasible solution found in this iteration
2025-02-24 14:38:00,245 - INFO -   No new constraints added, lowered tau multiplier: 1.0 -> 0.9
2025-02-24 14:38:00,245 - INFO -   No new constraints added, lowered tau multiplier: 0.9 -> 0.8
2025-02-24 14:38:00,245 - INFO -   No new constraints added, lowered tau multiplier: 0.8 -> 0.7
2025-02-24 14:38:00,245 - INFO -   No new constraints added, lowered tau multiplier: 0.7 -> 0.6
2025-02-24 14:38:00,246 - INFO -   No new constraints added, lowered tau multiplier: 0.6 -> 0.5
2025-02-24 14:38:00,246 - INFO -   No new constraints added, lowered tau multiplier: 0.5 -> 0.4
2025-02-24 14:38:00,246 - INFO -   Added 11 new constraints: [0, 1, 3, 6, 8, 10, 12, 23, 29, 31, 32]
2025-02-24 14:38:00,246 - INFO - 
Iteration 3:
2025-02-24 14:38:00,246 - DEBUG - Generated Ising Hamiltonian
2025-02-24 14:38:00,249 - DEBUG - Optimizing QAOA circuit...
2025-02-24 14:38:10,337 - WARNING - Circuit optimization did not converge
2025-02-24 14:38:10,338 - WARNING - Circuit optimization did not converge
2025-02-24 14:38:10,338 - DEBUG - Sampling from optimized circuit...
2025-02-24 14:38:10,401 - DEBUG - Generated 15 unique samples from 1000 total measurements
2025-02-24 14:38:10,402 - DEBUG - 
Top 5 most frequent samples:
2025-02-24 14:38:10,402 - DEBUG -   Rank | Count |   %   
2025-02-24 14:38:10,402 - DEBUG -   -----|-------|-------
2025-02-24 14:38:10,402 - DEBUG -      1 |   318 |  31.8
2025-02-24 14:38:10,402 - DEBUG -     Sample: [0 0 0 0 0 0 0 0 1 0 0 0]
2025-02-24 14:38:10,402 - DEBUG -      2 |   151 |  15.1
2025-02-24 14:38:10,402 - DEBUG -     Sample: [0 0 0 0 0 0 0 0 1 0 1 0]
2025-02-24 14:38:10,402 - DEBUG -      3 |   135 |  13.5
2025-02-24 14:38:10,402 - DEBUG -     Sample: [0 0 0 0 0 0 0 0 1 0 0 1]
2025-02-24 14:38:10,402 - DEBUG -      4 |    99 |   9.9
2025-02-24 14:38:10,402 - DEBUG -     Sample: [0 0 0 0 0 0 0 0 1 1 0 0]
2025-02-24 14:38:10,402 - DEBUG -      5 |    45 |   4.5
2025-02-24 14:38:10,403 - DEBUG -     Sample: [0 0 0 0 0 0 0 0 1 1 1 0]
2025-02-24 14:38:10,403 - DEBUG - Generated 15 unique samples from 1000 total measurements
2025-02-24 14:38:10,403 - INFO -   No feasible solution found in this iteration
2025-02-24 14:38:10,403 - INFO -   All constraints added, exiting
2025-02-24 14:38:10,403 - INFO -   Constraint generation found no feasible solution
2025-02-24 14:38:10,403 - INFO - 
Instance 48 results:
2025-02-24 14:38:10,403 - INFO -   Classical value: 256.0
2025-02-24 14:38:10,403 - INFO -   QAOA value: 259.0
2025-02-24 14:38:10,403 - INFO -   Constraint generation value: 0.0
2025-02-24 14:38:10,404 - INFO - 
Running instance 49/100
2025-02-24 14:38:10,405 - INFO - 
Running Classical Reference Solver (SCIP):
2025-02-24 14:38:10,406 - DEBUG - Problem dimensions: 40 constraints, 12 variables
2025-02-24 14:38:10,406 - DEBUG - Row names: ['ELEM1', 'ELEM2', 'ELEM3', 'ELEM4', 'ELEM5', 'ELEM6', 'ELEM7', 'ELEM8', 'ELEM9', 'ELEM10', 'ELEM11', 'ELEM12', 'ELEM13', 'ELEM14', 'ELEM15', 'ELEM16', 'ELEM17', 'ELEM18', 'ELEM19', 'ELEM20', 'ELEM21', 'ELEM22', 'ELEM23', 'ELEM24', 'ELEM25', 'ELEM26', 'ELEM27', 'ELEM28', 'ELEM29', 'ELEM30', 'ELEM31', 'ELEM32', 'ELEM33', 'ELEM34', 'ELEM35', 'ELEM36', 'ELEM37', 'ELEM38', 'ELEM39', 'ELEM40']
2025-02-24 14:38:10,406 - DEBUG - RHS values: {'ELEM1': 1.0, 'ELEM2': 1.0, 'ELEM3': 1.0, 'ELEM4': 1.0, 'ELEM5': 1.0, 'ELEM6': 1.0, 'ELEM7': 1.0, 'ELEM8': 1.0, 'ELEM9': 1.0, 'ELEM10': 1.0, 'ELEM11': 1.0, 'ELEM12': 1.0, 'ELEM13': 1.0, 'ELEM14': 1.0, 'ELEM15': 1.0, 'ELEM16': 1.0, 'ELEM17': 1.0, 'ELEM18': 1.0, 'ELEM19': 1.0, 'ELEM20': 1.0, 'ELEM21': 1.0, 'ELEM22': 1.0, 'ELEM23': 1.0, 'ELEM24': 1.0, 'ELEM25': 1.0, 'ELEM26': 1.0, 'ELEM27': 1.0, 'ELEM28': 1.0, 'ELEM29': 1.0, 'ELEM30': 1.0, 'ELEM31': 1.0, 'ELEM32': 1.0, 'ELEM33': 1.0, 'ELEM34': 1.0, 'ELEM35': 1.0, 'ELEM36': 1.0, 'ELEM37': 1.0, 'ELEM38': 1.0, 'ELEM39': 1.0, 'ELEM40': 1.0}
2025-02-24 14:38:10,413 - INFO -   Reference solution found:
2025-02-24 14:38:10,414 - INFO -     Solution: [0, 1, 0, 0, 0, 0, 1, 1, 0, 1, 0, 1]
2025-02-24 14:38:10,414 - INFO -     Value: 276.0
2025-02-24 14:38:10,414 - INFO - 
Running QAOA Reference Solution (with all constraints):
