2025-02-23 18:45:17,584 - INFO - 
Problem information:
2025-02-23 18:45:17,585 - INFO -   Number of variables (n): 10
2025-02-23 18:45:17,585 - INFO -   Number of constraints (m): 20
2025-02-23 18:45:17,585 - DEBUG -   Density of A: 50.00%
2025-02-23 18:45:17,585 - INFO - 
Starting reference QAOA with parameters:
2025-02-23 18:45:17,585 - INFO -   sample_size (total shots): 100
2025-02-23 18:45:17,585 - INFO - Added all constraints
2025-02-23 18:45:17,586 - DEBUG - Generated Ising Hamiltonian
2025-02-23 18:45:17,778 - DEBUG - Optimizing QAOA circuit...
2025-02-23 18:45:19,173 - DEBUG - Circuit optimization successful
2025-02-23 18:45:19,173 - DEBUG - Circuit optimization successful, final value: 45469.856143856145
2025-02-23 18:45:19,173 - DEBUG - Sampling from optimized circuit...
2025-02-23 18:45:19,188 - DEBUG - Generated 37 unique samples from 100 total measurements
2025-02-23 18:45:19,188 - DEBUG - 
Top 5 most frequent samples:
2025-02-23 18:45:19,188 - DEBUG -   Rank | Count |   %   
2025-02-23 18:45:19,188 - DEBUG -   -----|-------|-------
2025-02-23 18:45:19,189 - DEBUG -      1 |    25 |  25.0
2025-02-23 18:45:19,189 - DEBUG -     Sample: [0 0 0 1 1 0 1 0 1 1]
2025-02-23 18:45:19,189 - DEBUG -      2 |    13 |  13.0
2025-02-23 18:45:19,190 - DEBUG -     Sample: [1 0 0 1 1 0 1 0 1 1]
2025-02-23 18:45:19,190 - DEBUG -      3 |     6 |   6.0
2025-02-23 18:45:19,190 - DEBUG -     Sample: [0 0 0 1 1 0 1 0 0 1]
2025-02-23 18:45:19,190 - DEBUG -      4 |     5 |   5.0
2025-02-23 18:45:19,190 - DEBUG -     Sample: [0 0 1 1 1 0 1 0 1 1]
2025-02-23 18:45:19,190 - DEBUG -      5 |     4 |   4.0
2025-02-23 18:45:19,191 - DEBUG -     Sample: [1 0 1 1 1 0 1 0 1 1]
2025-02-23 18:45:19,191 - DEBUG - Generated 37 unique samples from 100 total measurements
2025-02-23 18:45:19,192 - INFO - No feasible solution found
2025-02-23 18:45:19,192 - INFO -   QAOA solver found no feasible solution
2025-02-23 18:45:19,192 - INFO - 
Running Constraint Generation:
2025-02-23 18:45:19,194 - INFO - 
Problem information:
2025-02-23 18:45:19,194 - INFO -   Number of variables (n): 10
2025-02-23 18:45:19,194 - INFO -   Number of constraints (m): 20
2025-02-23 18:45:19,194 - DEBUG -   Density of A: 50.00%
2025-02-23 18:45:19,194 - INFO - 
Running classical reference solver:
2025-02-23 18:45:19,206 - INFO -   Reference solution found:
2025-02-23 18:45:19,206 - INFO -     Solution: [1, 0, 1, 0, 0, 0, 0, 0, 0, 0]
2025-02-23 18:45:19,207 - INFO -     Value: 43.0
2025-02-23 18:45:19,207 - INFO - 
Starting quantum constraint generation with parameters:
2025-02-23 18:45:19,207 - INFO -   sample_size (total shots): 100
2025-02-23 18:45:19,207 - INFO -   tau: 0.1
2025-02-23 18:45:19,207 - INFO -   max_iters: 1000
2025-02-23 18:45:19,207 - INFO - 
Iteration 0:
2025-02-23 18:45:19,208 - DEBUG - Generated Ising Hamiltonian
2025-02-23 18:45:19,410 - DEBUG - Optimizing QAOA circuit...
2025-02-23 18:45:20,228 - DEBUG - Circuit optimization successful
2025-02-23 18:45:20,229 - DEBUG - Circuit optimization successful, final value: -181.72827172827172
2025-02-23 18:45:20,229 - DEBUG - Sampling from optimized circuit...
2025-02-23 18:45:20,240 - DEBUG - Generated 66 unique samples from 100 total measurements
2025-02-23 18:45:20,240 - DEBUG - 
Top 5 most frequent samples:
2025-02-23 18:45:20,241 - DEBUG -   Rank | Count |   %   
2025-02-23 18:45:20,241 - DEBUG -   -----|-------|-------
2025-02-23 18:45:20,241 - DEBUG -      1 |     7 |   7.0
2025-02-23 18:45:20,241 - DEBUG -     Sample: [1 1 1 1 1 0 0 1 0 1]
2025-02-23 18:45:20,241 - DEBUG -      2 |     5 |   5.0
2025-02-23 18:45:20,242 - DEBUG -     Sample: [0 1 1 1 1 0 0 1 0 0]
2025-02-23 18:45:20,242 - DEBUG -      3 |     5 |   5.0
2025-02-23 18:45:20,242 - DEBUG -     Sample: [0 1 1 1 1 0 1 1 0 0]
2025-02-23 18:45:20,242 - DEBUG -      4 |     4 |   4.0
2025-02-23 18:45:20,242 - DEBUG -     Sample: [0 1 1 1 1 0 0 1 0 1]
2025-02-23 18:45:20,242 - DEBUG -      5 |     4 |   4.0
2025-02-23 18:45:20,243 - DEBUG -     Sample: [0 1 1 1 1 0 0 1 1 1]
2025-02-23 18:45:20,243 - DEBUG - Generated 66 unique samples from 100 total measurements
2025-02-23 18:45:20,244 - INFO -   No feasible solution found in this iteration
2025-02-23 18:45:20,246 - INFO -   Added 3 new constraints: [2, 6, 8]
2025-02-23 18:45:20,247 - INFO - 
Iteration 1:
2025-02-23 18:45:20,247 - DEBUG - Generated Ising Hamiltonian
2025-02-23 18:45:20,474 - DEBUG - Optimizing QAOA circuit...
2025-02-23 18:45:21,508 - DEBUG - Circuit optimization successful
2025-02-23 18:45:21,508 - DEBUG - Circuit optimization successful, final value: -12905.235764235764
2025-02-23 18:45:21,508 - DEBUG - Sampling from optimized circuit...
2025-02-23 18:45:21,519 - DEBUG - Generated 60 unique samples from 100 total measurements
2025-02-23 18:45:21,519 - DEBUG - 
Top 5 most frequent samples:
2025-02-23 18:45:21,520 - DEBUG -   Rank | Count |   %   
2025-02-23 18:45:21,520 - DEBUG -   -----|-------|-------
2025-02-23 18:45:21,520 - DEBUG -      1 |     7 |   7.0
2025-02-23 18:45:21,520 - DEBUG -     Sample: [1 0 0 0 0 1 1 0 1 0]
2025-02-23 18:45:21,520 - DEBUG -      2 |     7 |   7.0
2025-02-23 18:45:21,520 - DEBUG -     Sample: [1 1 0 0 0 1 1 0 1 0]
2025-02-23 18:45:21,520 - DEBUG -      3 |     5 |   5.0
2025-02-23 18:45:21,521 - DEBUG -     Sample: [1 0 0 0 0 1 1 0 1 1]
2025-02-23 18:45:21,521 - DEBUG -      4 |     5 |   5.0
2025-02-23 18:45:21,521 - DEBUG -     Sample: [1 1 0 0 0 1 1 0 1 1]
2025-02-23 18:45:21,521 - DEBUG -      5 |     4 |   4.0
2025-02-23 18:45:21,522 - DEBUG -     Sample: [1 1 0 0 0 1 0 0 1 0]
2025-02-23 18:45:21,522 - DEBUG - Generated 60 unique samples from 100 total measurements
2025-02-23 18:45:21,523 - INFO -   No feasible solution found in this iteration
2025-02-23 18:45:21,524 - INFO -   Added 2 new constraints: [12, 16]
2025-02-23 18:45:21,524 - INFO - 
Iteration 2:
2025-02-23 18:45:21,524 - DEBUG - Generated Ising Hamiltonian
2025-02-23 18:45:21,726 - DEBUG - Optimizing QAOA circuit...
2025-02-23 18:45:22,782 - DEBUG - Circuit optimization successful
2025-02-23 18:45:22,782 - DEBUG - Circuit optimization successful, final value: 18343.71728271728
2025-02-23 18:45:22,782 - DEBUG - Sampling from optimized circuit...
2025-02-23 18:45:22,795 - DEBUG - Generated 63 unique samples from 100 total measurements
2025-02-23 18:45:22,795 - DEBUG - 
Top 5 most frequent samples:
2025-02-23 18:45:22,795 - DEBUG -   Rank | Count |   %   
2025-02-23 18:45:22,795 - DEBUG -   -----|-------|-------
2025-02-23 18:45:22,796 - DEBUG -      1 |     8 |   8.0
2025-02-23 18:45:22,796 - DEBUG -     Sample: [1 0 1 1 1 0 1 1 1 1]
2025-02-23 18:45:22,796 - DEBUG -      2 |     6 |   6.0
2025-02-23 18:45:22,796 - DEBUG -     Sample: [1 1 1 1 1 0 1 1 1 1]
2025-02-23 18:45:22,797 - DEBUG -      3 |     4 |   4.0
2025-02-23 18:45:22,797 - DEBUG -     Sample: [1 0 0 1 1 0 1 0 1 1]
2025-02-23 18:45:22,797 - DEBUG -      4 |     3 |   3.0
2025-02-23 18:45:22,797 - DEBUG -     Sample: [1 0 1 1 1 0 1 0 1 1]
2025-02-23 18:45:22,797 - DEBUG -      5 |     3 |   3.0
2025-02-23 18:45:22,798 - DEBUG -     Sample: [1 0 1 1 1 0 1 1 0 1]
2025-02-23 18:45:22,798 - DEBUG - Generated 63 unique samples from 100 total measurements
2025-02-23 18:45:22,799 - INFO -   No feasible solution found in this iteration
2025-02-23 18:45:22,799 - INFO -   Added 2 new constraints: [0, 3]
2025-02-23 18:45:22,800 - INFO - 
Iteration 3:
2025-02-23 18:45:22,800 - DEBUG - Generated Ising Hamiltonian
2025-02-23 18:45:23,002 - DEBUG - Optimizing QAOA circuit...
2025-02-23 18:45:24,250 - DEBUG - Circuit optimization successful
2025-02-23 18:45:24,250 - DEBUG - Circuit optimization successful, final value: 8536.896103896104
2025-02-23 18:45:24,250 - DEBUG - Sampling from optimized circuit...
2025-02-23 18:45:24,262 - DEBUG - Generated 88 unique samples from 100 total measurements
2025-02-23 18:45:24,262 - DEBUG - 
Top 5 most frequent samples:
2025-02-23 18:45:24,262 - DEBUG -   Rank | Count |   %   
2025-02-23 18:45:24,262 - DEBUG -   -----|-------|-------
2025-02-23 18:45:24,262 - DEBUG -      1 |     4 |   4.0
2025-02-23 18:45:24,263 - DEBUG -     Sample: [0 0 0 0 0 1 0 1 0 0]
2025-02-23 18:45:24,263 - DEBUG -      2 |     3 |   3.0
2025-02-23 18:45:24,263 - DEBUG -     Sample: [1 0 1 1 1 0 0 1 0 1]
2025-02-23 18:45:24,263 - DEBUG -      3 |     2 |   2.0
2025-02-23 18:45:24,264 - DEBUG -     Sample: [0 1 0 0 0 1 0 0 0 0]
2025-02-23 18:45:24,264 - DEBUG -      4 |     2 |   2.0
2025-02-23 18:45:24,265 - DEBUG -     Sample: [0 0 1 0 0 0 0 0 0 0]
2025-02-23 18:45:24,265 - DEBUG -      5 |     2 |   2.0
2025-02-23 18:45:24,265 - DEBUG -     Sample: [0 0 1 0 1 1 0 0 0 1]
2025-02-23 18:45:24,266 - DEBUG - Generated 88 unique samples from 100 total measurements
2025-02-23 18:45:24,267 - INFO - Found feasible solution: [0 1 0 1 0 0 0 0 0 0] with objective value 129.0
2025-02-23 18:45:24,268 - INFO - Found feasible solution: [0 0 0 0 0 1 0 0 1 0] with objective value 105.0
2025-02-23 18:45:24,268 - INFO -   Found feasible solution:
2025-02-23 18:45:24,269 - INFO -     Solution: [0, 0, 0, 0, 0, 1, 0, 0, 1, 0]
2025-02-23 18:45:24,269 - INFO -     Value: 105.0
2025-02-23 18:45:24,269 - INFO -     Gap to reference: 144.19%
2025-02-23 18:45:24,269 - INFO -   Constraint generation solution found:
2025-02-23 18:45:24,269 - INFO -     Solution: [0, 0, 0, 0, 0, 1, 0, 0, 1, 0]
2025-02-23 18:45:24,269 - INFO -     Value: 105.0
2025-02-23 18:45:24,270 - INFO - 
Instance 6 results:
2025-02-23 18:45:24,270 - INFO -   Classical value: 43.0
2025-02-23 18:45:24,270 - INFO -   QAOA value: 0.0
2025-02-23 18:45:24,270 - INFO -   Constraint generation value: 105.0
2025-02-23 18:45:24,270 - INFO - 
Running instance 7/100
2025-02-23 18:45:24,272 - INFO - 
Running Classical Reference Solver (SCIP):
2025-02-23 18:45:24,273 - DEBUG - Problem dimensions: 20 constraints, 10 variables
2025-02-23 18:45:24,273 - DEBUG - Row names: ['ELEM1', 'ELEM2', 'ELEM3', 'ELEM4', 'ELEM5', 'ELEM6', 'ELEM7', 'ELEM8', 'ELEM9', 'ELEM10', 'ELEM11', 'ELEM12', 'ELEM13', 'ELEM14', 'ELEM15', 'ELEM16', 'ELEM17', 'ELEM18', 'ELEM19', 'ELEM20']
2025-02-23 18:45:24,273 - DEBUG - RHS values: {'ELEM1': 1.0, 'ELEM2': 1.0, 'ELEM3': 1.0, 'ELEM4': 1.0, 'ELEM5': 1.0, 'ELEM6': 1.0, 'ELEM7': 1.0, 'ELEM8': 1.0, 'ELEM9': 1.0, 'ELEM10': 1.0, 'ELEM11': 1.0, 'ELEM12': 1.0, 'ELEM13': 1.0, 'ELEM14': 1.0, 'ELEM15': 1.0, 'ELEM16': 1.0, 'ELEM17': 1.0, 'ELEM18': 1.0, 'ELEM19': 1.0, 'ELEM20': 1.0}
2025-02-23 18:45:24,284 - INFO -   Reference solution found:
2025-02-23 18:45:24,285 - INFO -     Solution: [0, 0, 1, 0, 0, 0, 0, 1, 1, 0]
2025-02-23 18:45:24,285 - INFO -     Value: 18.0
2025-02-23 18:45:24,285 - INFO - 
Running QAOA Reference Solution (with all constraints):
