
Problem information:
  Number of variables (n): 10
  Number of constraints (m): 30

Starting reference QAOA with parameters:
  sample_size (total shots): 200
Added all constraints
No feasible solution found

=====
Running Classical Reference Solver (SCIP):
  Reference solution found:
    Solution: [0, 0, 0, 1, 1, 1, 1, 1, 0, 0]
    Value: 268.0

=====
Running Constraint Generation:

Problem information:
  Number of variables (n): 10
  Number of constraints (m): 30

Running classical reference solver:
  Reference solution found:
    Solution: [0, 0, 0, 1, 1, 1, 1, 1, 0, 0]
    Value: 268.0

Starting quantum constraint generation with parameters:
  sample_size (total shots): 200
  tau: 0.1
  max_iters: 1000

Iteration 0:
  No feasible solution found in this iteration
  Added 2 new constraints: [1, 16]

Iteration 1:
  No feasible solution found in this iteration
  Added 1 new constraints: [0]

Iteration 2:
  No feasible solution found in this iteration
  Added 2 new constraints: [2, 10]

Iteration 3:
Found feasible solution: [1 1 1 0 0 0 0 0 1 1] with objective value 348.0
  Found feasible solution:
    Solution: [1, 1, 1, 0, 0, 0, 0, 0, 1, 1]
    Value: 348.0
    Gap to reference: 29.85%

---
Solution Comparison:
Gap to classical reference: 29.85%

Problem information:
  Number of variables (n): 10
  Number of constraints (m): 30

=====
Running Classical Reference Solver (SCIP):
  Reference solution found:
    Solution: [0, 0, 1, 0, 0, 1, 0, 1, 1, 0]
    Value: 213.0

=====
Running Constraint Generation:

Problem information:
  Number of variables (n): 10
  Number of constraints (m): 30

Running classical reference solver:
  Reference solution found:
    Solution: [0, 0, 1, 0, 0, 1, 0, 1, 1, 0]
    Value: 213.0

Starting quantum constraint generation with parameters:
  sample_size (total shots): 200
  tau: 0.1
  max_iters: 1000

Iteration 0:
  No feasible solution found in this iteration
  Added 1 new constraints: [13]

Iteration 1:
  No feasible solution found in this iteration
  Added 1 new constraints: [22]

Iteration 2:
  No feasible solution found in this iteration
  Added 2 new constraints: [2, 29]

Iteration 3:
  No feasible solution found in this iteration
  Added 5 new constraints: [0, 4, 5, 14, 28]

Iteration 4:
  No feasible solution found in this iteration
  No new constraints added, lowered tau multiplier: 1.0 -> 0.9
  Added 4 new constraints: [9, 12, 17, 27]

Iteration 5:
Found feasible solution: [0 0 1 0 0 1 0 1 1 0] with objective value 213.0
  Found feasible solution:
    Solution: [0, 0, 1, 0, 0, 1, 0, 1, 1, 0]
    Value: 213.0
    Gap to reference: 0.00%

---
Solution Comparison:
Gap to classical reference: 0.00%

Instance 9 results:
  Classical value: 204.00000000000003
  QAOA value: 348.0
  Constraint generation value: 213.0

Running instance 10/10

Problem information:
  Number of variables (n): 10
  Number of constraints (m): 30

Running Classical Reference Solver (SCIP):

Problem information:
  Number of variables (n): 10
  Number of constraints (m): 30

=====
Running QAOA Reference Solution (with all constraints):
