
Problem information:
  Number of variables (n): 12
  Number of constraints (m): 40

Starting reference QAOA with parameters:
  sample_size (total shots): 200
Added all constraints
No feasible solution found
  QAOA solver found no feasible solution

Running Constraint Generation:

Problem information:
  Number of variables (n): 12
  Number of constraints (m): 40

Running classical reference solver:
  Reference solution found:
    Solution: [0, 1, 0, 0, 0, 1, 0, 1, 0, 0, 1, 0]
    Value: 207.0

Starting quantum constraint generation with parameters:
  sample_size (total shots): 200
  tau: 0.1
  max_iters: 1000

Iteration 0:
  No feasible solution found in this iteration
  Added 1 new constraints: [8]

Iteration 1:
  No feasible solution found in this iteration
  Added 1 new constraints: [22]

Iteration 2:
  No feasible solution found in this iteration
  No new constraints added, lowered tau multiplier: 1.0 -> 0.9
  No new constraints added, lowered tau multiplier: 0.9 -> 0.8
  Added 4 new constraints: [1, 20, 23, 25]

Iteration 3:
  No feasible solution found in this iteration
  No new constraints added, lowered tau multiplier: 1.0 -> 0.9
  No new constraints added, lowered tau multiplier: 0.9 -> 0.8
  Added 8 new constraints: [2, 6, 12, 21, 27, 29, 33, 39]

Iteration 4:
  No feasible solution found in this iteration
  No new constraints added, lowered tau multiplier: 1.0 -> 0.9
  No new constraints added, lowered tau multiplier: 0.9 -> 0.8
  Added 5 new constraints: [7, 9, 16, 18, 24]

Iteration 5:
Found feasible solution: [0 0 1 1 1 0 0 0 1 0 0 1] with objective value 243.0
  Found feasible solution:
    Solution: [0, 0, 1, 1, 1, 0, 0, 0, 1, 0, 0, 1]
    Value: 243.0
    Gap to reference: 17.39%
  Constraint generation solution found:
    Solution: [0, 0, 1, 1, 1, 0, 0, 0, 1, 0, 0, 1]
    Value: 243.0

Instance 62 results:
  Classical value: 207.0
  QAOA value: 0.0
  Constraint generation value: 243.0

Running instance 63/100

Running Classical Reference Solver (SCIP):
  Reference solution found:
    Solution: [0, 1, 0, 0, 0, 1, 0, 0, 0, 1, 0, 1]
    Value: 69.0

Running QAOA Reference Solution (with all constraints):
