
Problem information:
  Number of variables (n): 15
  Number of constraints (m): 60

Starting reference QAOA with parameters:
  sample_size (total shots): 500
Added all constraints
No feasible solution found
  QAOA solver found no feasible solution

Running Constraint Generation:

Problem information:
  Number of variables (n): 15
  Number of constraints (m): 60

Running classical reference solver:
  Reference solution found:
    Solution: [0, 0, 1, 0, 0, 0, 0, 1, 0, 0, 1, 0, 0, 0, 1]
    Value: 94.0

Starting quantum constraint generation with parameters:
  sample_size (total shots): 500
  tau: 0.1
  max_iters: 1000

Iteration 0:
  No feasible solution found in this iteration
  Added 1 new constraints: [54]

Iteration 1:
  No feasible solution found in this iteration
  Added 2 new constraints: [22, 37]

Iteration 2:
  No feasible solution found in this iteration
  Added 1 new constraints: [29]

Iteration 3:
  No feasible solution found in this iteration
  No new constraints added, lowered tau multiplier: 1.0 -> 0.9
  Added 4 new constraints: [5, 27, 50, 57]

Iteration 4:
  No feasible solution found in this iteration
  Added 1 new constraints: [53]

Iteration 5:
  No feasible solution found in this iteration
  Added 1 new constraints: [17]

Iteration 6:
  No feasible solution found in this iteration
  Added 1 new constraints: [42]

Iteration 7:
  No feasible solution found in this iteration
  Added 2 new constraints: [6, 10]

Iteration 8:
  No feasible solution found in this iteration
  Added 1 new constraints: [36]

Iteration 9:
  No feasible solution found in this iteration
  Added 1 new constraints: [28]

Iteration 10:
  No feasible solution found in this iteration
  No new constraints added, lowered tau multiplier: 1.0 -> 0.9
  Added 2 new constraints: [49, 59]

Iteration 11:
  No feasible solution found in this iteration
  Added 1 new constraints: [18]

Iteration 12:
  No feasible solution found in this iteration
  Added 2 new constraints: [26, 32]

Iteration 13:
Found feasible solution: [1 1 0 0 1 0 0 0 0 0 0 0 1 1 0] with objective value 222.0
  Found feasible solution:
    Solution: [1, 1, 0, 0, 1, 0, 0, 0, 0, 0, 0, 0, 1, 1, 0]
    Value: 222.0
    Gap to reference: 136.17%
  Constraint generation solution found:
    Solution: [1, 1, 0, 0, 1, 0, 0, 0, 0, 0, 0, 0, 1, 1, 0]
    Value: 222.0

Instance 6 results:
  Classical value: 94.0
  QAOA value: 0.0
  Constraint generation value: 222.0

Running instance 7/100

Running Classical Reference Solver (SCIP):
  Reference solution found:
    Solution: [1, 0, 0, 0, 0, 0, 0, 0, 0, 1, 0, 1, 0, 1, 1]
    Value: 90.0

Running QAOA Reference Solution (with all constraints):
