2025-02-24 15:48:42,426 - INFO - 
Problem information:
2025-02-24 15:48:42,427 - INFO -   Number of variables (n): 12
2025-02-24 15:48:42,427 - INFO -   Number of constraints (m): 40
2025-02-24 15:48:42,427 - DEBUG -   Density of A: 20.62%
2025-02-24 15:48:42,427 - INFO - 
Starting reference QAOA with parameters:
2025-02-24 15:48:42,428 - INFO -   sample_size (total shots): 1000
2025-02-24 15:48:42,428 - INFO - Added all constraints
2025-02-24 15:48:42,429 - DEBUG - Generated Ising Hamiltonian
2025-02-24 15:48:42,735 - DEBUG - Optimizing QAOA circuit...
2025-02-24 15:48:48,339 - DEBUG - Circuit optimization successful
2025-02-24 15:48:48,340 - DEBUG - Circuit optimization successful, final value: 1193.2854645354687
2025-02-24 15:48:48,340 - DEBUG - Sampling from optimized circuit...
2025-02-24 15:48:48,387 - DEBUG - Generated 484 unique samples from 1000 total measurements
2025-02-24 15:48:48,388 - DEBUG - 
Top 5 most frequent samples:
2025-02-24 15:48:48,388 - DEBUG -   Rank | Count |   %   
2025-02-24 15:48:48,389 - DEBUG -   -----|-------|-------
2025-02-24 15:48:48,389 - DEBUG -      1 |    31 |   3.1
2025-02-24 15:48:48,389 - DEBUG -     Sample: [1 0 1 1 0 0 1 0 0 0 0 0]
2025-02-24 15:48:48,389 - DEBUG -      2 |    25 |   2.5
2025-02-24 15:48:48,390 - DEBUG -     Sample: [1 0 1 1 0 1 1 0 1 0 0 1]
2025-02-24 15:48:48,390 - DEBUG -      3 |    21 |   2.1
2025-02-24 15:48:48,390 - DEBUG -     Sample: [1 0 0 1 0 0 1 0 0 0 0 0]
2025-02-24 15:48:48,390 - DEBUG -      4 |    21 |   2.1
2025-02-24 15:48:48,390 - DEBUG -     Sample: [1 1 1 1 0 1 1 0 1 0 0 0]
2025-02-24 15:48:48,391 - DEBUG -      5 |    20 |   2.0
2025-02-24 15:48:48,391 - DEBUG -     Sample: [1 0 1 1 0 0 1 0 1 0 0 0]
2025-02-24 15:48:48,392 - DEBUG - Generated 484 unique samples from 1000 total measurements
2025-02-24 15:48:48,396 - INFO - Found feasible solution: [0 1 1 0 1 0 1 0 0 0 1 0] with objective value 132.0
2025-02-24 15:48:48,401 - INFO - Found feasible solution:
2025-02-24 15:48:48,402 - INFO -   Solution: [0, 1, 1, 0, 1, 0, 1, 0, 0, 0, 1, 0]
2025-02-24 15:48:48,402 - INFO -   Value: 132.0
2025-02-24 15:48:48,403 - INFO -   QAOA solution found:
2025-02-24 15:48:48,403 - INFO -     Solution: [0, 1, 1, 0, 1, 0, 1, 0, 0, 0, 1, 0]
2025-02-24 15:48:48,403 - INFO -     Value: 132.0
2025-02-24 15:48:48,403 - INFO - 
Running Constraint Generation:
2025-02-24 15:48:48,404 - INFO - 
Problem information:
2025-02-24 15:48:48,405 - INFO -   Number of variables (n): 12
2025-02-24 15:48:48,405 - INFO -   Number of constraints (m): 40
2025-02-24 15:48:48,405 - DEBUG -   Density of A: 20.62%
2025-02-24 15:48:48,405 - INFO - 
Running classical reference solver:
2025-02-24 15:48:48,417 - INFO -   Reference solution found:
2025-02-24 15:48:48,417 - INFO -     Solution: [0, 1, 1, 0, 1, 0, 1, 0, 0, 0, 1, 0]
2025-02-24 15:48:48,418 - INFO -     Value: 132.0
2025-02-24 15:48:48,418 - INFO - 
Starting quantum constraint generation with parameters:
2025-02-24 15:48:48,418 - INFO -   sample_size (total shots): 1000
2025-02-24 15:48:48,418 - INFO -   tau: 0.1
2025-02-24 15:48:48,418 - INFO -   max_iters: 1000
2025-02-24 15:48:48,419 - INFO - 
Iteration 0:
2025-02-24 15:48:48,419 - DEBUG - Generated Ising Hamiltonian
2025-02-24 15:48:48,650 - DEBUG - Optimizing QAOA circuit...
2025-02-24 15:48:50,453 - DEBUG - Circuit optimization successful
2025-02-24 15:48:50,453 - DEBUG - Circuit optimization successful, final value: -232.32267732267732
2025-02-24 15:48:50,453 - DEBUG - Sampling from optimized circuit...
2025-02-24 15:48:50,476 - DEBUG - Generated 205 unique samples from 1000 total measurements
2025-02-24 15:48:50,476 - DEBUG - 
Top 5 most frequent samples:
2025-02-24 15:48:50,476 - DEBUG -   Rank | Count |   %   
2025-02-24 15:48:50,476 - DEBUG -   -----|-------|-------
2025-02-24 15:48:50,476 - DEBUG -      1 |   116 |  11.6
2025-02-24 15:48:50,477 - DEBUG -     Sample: [1 1 0 1 1 1 1 1 0 1 0 0]
2025-02-24 15:48:50,477 - DEBUG -      2 |    68 |   6.8
2025-02-24 15:48:50,477 - DEBUG -     Sample: [1 1 0 1 1 1 1 0 0 1 0 0]
2025-02-24 15:48:50,477 - DEBUG -      3 |    58 |   5.8
2025-02-24 15:48:50,477 - DEBUG -     Sample: [1 1 0 1 1 1 1 1 1 1 0 0]
2025-02-24 15:48:50,477 - DEBUG -      4 |    39 |   3.9
2025-02-24 15:48:50,478 - DEBUG -     Sample: [1 1 0 1 0 1 1 1 0 1 0 0]
2025-02-24 15:48:50,478 - DEBUG -      5 |    34 |   3.4
2025-02-24 15:48:50,478 - DEBUG -     Sample: [1 1 0 1 1 1 1 0 1 1 0 0]
2025-02-24 15:48:50,479 - DEBUG - Generated 205 unique samples from 1000 total measurements
2025-02-24 15:48:50,483 - INFO -   No feasible solution found in this iteration
2025-02-24 15:48:50,484 - INFO -   Added 1 new constraints: [3]
2025-02-24 15:48:50,484 - INFO - 
Iteration 1:
2025-02-24 15:48:50,484 - DEBUG - Generated Ising Hamiltonian
2025-02-24 15:48:50,704 - DEBUG - Optimizing QAOA circuit...
2025-02-24 15:48:52,592 - DEBUG - Circuit optimization successful
2025-02-24 15:48:52,592 - DEBUG - Circuit optimization successful, final value: -5234.71003996004
2025-02-24 15:48:52,592 - DEBUG - Sampling from optimized circuit...
2025-02-24 15:48:52,615 - DEBUG - Generated 199 unique samples from 1000 total measurements
2025-02-24 15:48:52,616 - DEBUG - 
Top 5 most frequent samples:
2025-02-24 15:48:52,616 - DEBUG -   Rank | Count |   %   
2025-02-24 15:48:52,616 - DEBUG -   -----|-------|-------
2025-02-24 15:48:52,616 - DEBUG -      1 |   153 |  15.3
2025-02-24 15:48:52,616 - DEBUG -     Sample: [1 0 0 1 1 0 1 0 0 0 0 0]
2025-02-24 15:48:52,617 - DEBUG -      2 |    59 |   5.9
2025-02-24 15:48:52,617 - DEBUG -     Sample: [1 0 0 1 1 0 1 0 0 0 1 0]
2025-02-24 15:48:52,617 - DEBUG -      3 |    44 |   4.4
2025-02-24 15:48:52,617 - DEBUG -     Sample: [1 0 0 0 1 0 1 0 0 0 0 0]
2025-02-24 15:48:52,618 - DEBUG -      4 |    43 |   4.3
2025-02-24 15:48:52,618 - DEBUG -     Sample: [1 0 0 1 1 1 1 0 0 0 0 0]
2025-02-24 15:48:52,618 - DEBUG -      5 |    42 |   4.2
2025-02-24 15:48:52,618 - DEBUG -     Sample: [1 0 0 1 1 0 1 0 1 0 0 0]
2025-02-24 15:48:52,619 - DEBUG - Generated 199 unique samples from 1000 total measurements
2025-02-24 15:48:52,623 - INFO - Found feasible solution: [1 0 0 1 0 1 0 0 0 0 0 1] with objective value 180.0
2025-02-24 15:48:52,624 - INFO -   Found feasible solution:
2025-02-24 15:48:52,624 - INFO -     Solution: [1, 0, 0, 1, 0, 1, 0, 0, 0, 0, 0, 1]
2025-02-24 15:48:52,624 - INFO -     Value: 180.0
2025-02-24 15:48:52,624 - INFO -     Gap to reference: 36.36%
2025-02-24 15:48:52,624 - INFO -   Constraint generation solution found:
2025-02-24 15:48:52,624 - INFO -     Solution: [1, 0, 0, 1, 0, 1, 0, 0, 0, 0, 0, 1]
2025-02-24 15:48:52,625 - INFO -     Value: 180.0
2025-02-24 15:48:52,625 - INFO - 
Instance 88 results:
2025-02-24 15:48:52,625 - INFO -   Classical value: 132.0
2025-02-24 15:48:52,625 - INFO -   QAOA value: 132.0
2025-02-24 15:48:52,625 - INFO -   Constraint generation value: 180.0
2025-02-24 15:48:52,626 - INFO - 
Running instance 89/100
2025-02-24 15:48:52,628 - INFO - 
Running Classical Reference Solver (SCIP):
2025-02-24 15:48:52,629 - DEBUG - Problem dimensions: 40 constraints, 12 variables
2025-02-24 15:48:52,629 - DEBUG - Row names: ['ELEM1', 'ELEM2', 'ELEM3', 'ELEM4', 'ELEM5', 'ELEM6', 'ELEM7', 'ELEM8', 'ELEM9', 'ELEM10', 'ELEM11', 'ELEM12', 'ELEM13', 'ELEM14', 'ELEM15', 'ELEM16', 'ELEM17', 'ELEM18', 'ELEM19', 'ELEM20', 'ELEM21', 'ELEM22', 'ELEM23', 'ELEM24', 'ELEM25', 'ELEM26', 'ELEM27', 'ELEM28', 'ELEM29', 'ELEM30', 'ELEM31', 'ELEM32', 'ELEM33', 'ELEM34', 'ELEM35', 'ELEM36', 'ELEM37', 'ELEM38', 'ELEM39', 'ELEM40']
2025-02-24 15:48:52,630 - DEBUG - RHS values: {'ELEM1': 1.0, 'ELEM2': 1.0, 'ELEM3': 1.0, 'ELEM4': 1.0, 'ELEM5': 1.0, 'ELEM6': 1.0, 'ELEM7': 1.0, 'ELEM8': 1.0, 'ELEM9': 1.0, 'ELEM10': 1.0, 'ELEM11': 1.0, 'ELEM12': 1.0, 'ELEM13': 1.0, 'ELEM14': 1.0, 'ELEM15': 1.0, 'ELEM16': 1.0, 'ELEM17': 1.0, 'ELEM18': 1.0, 'ELEM19': 1.0, 'ELEM20': 1.0, 'ELEM21': 1.0, 'ELEM22': 1.0, 'ELEM23': 1.0, 'ELEM24': 1.0, 'ELEM25': 1.0, 'ELEM26': 1.0, 'ELEM27': 1.0, 'ELEM28': 1.0, 'ELEM29': 1.0, 'ELEM30': 1.0, 'ELEM31': 1.0, 'ELEM32': 1.0, 'ELEM33': 1.0, 'ELEM34': 1.0, 'ELEM35': 1.0, 'ELEM36': 1.0, 'ELEM37': 1.0, 'ELEM38': 1.0, 'ELEM39': 1.0, 'ELEM40': 1.0}
2025-02-24 15:48:52,642 - INFO -   Reference solution found:
2025-02-24 15:48:52,642 - INFO -     Solution: [0, 0, 0, 1, 1, 1, 0, 0, 0, 1, 0, 1]
2025-02-24 15:48:52,642 - INFO -     Value: 179.00000000000003
2025-02-24 15:48:52,643 - INFO - 
Running QAOA Reference Solution (with all constraints):
