2025-02-23 18:49:02,489 - INFO - 
Problem information:
2025-02-23 18:49:02,490 - INFO -   Number of variables (n): 10
2025-02-23 18:49:02,490 - INFO -   Number of constraints (m): 20
2025-02-23 18:49:02,490 - DEBUG -   Density of A: 50.00%
2025-02-23 18:49:02,490 - INFO - 
Starting reference QAOA with parameters:
2025-02-23 18:49:02,490 - INFO -   sample_size (total shots): 100
2025-02-23 18:49:02,491 - INFO - Added all constraints
2025-02-23 18:49:02,491 - DEBUG - Generated Ising Hamiltonian
2025-02-23 18:49:02,721 - DEBUG - Optimizing QAOA circuit...
2025-02-23 18:49:04,243 - DEBUG - Circuit optimization successful
2025-02-23 18:49:04,243 - DEBUG - Circuit optimization successful, final value: 35824.16183816184
2025-02-23 18:49:04,244 - DEBUG - Sampling from optimized circuit...
2025-02-23 18:49:04,260 - DEBUG - Generated 61 unique samples from 100 total measurements
2025-02-23 18:49:04,260 - DEBUG - 
Top 5 most frequent samples:
2025-02-23 18:49:04,260 - DEBUG -   Rank | Count |   %   
2025-02-23 18:49:04,260 - DEBUG -   -----|-------|-------
2025-02-23 18:49:04,260 - DEBUG -      1 |     6 |   6.0
2025-02-23 18:49:04,261 - DEBUG -     Sample: [0 1 0 0 1 0 1 1 0 1]
2025-02-23 18:49:04,261 - DEBUG -      2 |     6 |   6.0
2025-02-23 18:49:04,262 - DEBUG -     Sample: [0 1 1 0 1 0 0 1 0 1]
2025-02-23 18:49:04,262 - DEBUG -      3 |     5 |   5.0
2025-02-23 18:49:04,262 - DEBUG -     Sample: [0 1 0 0 1 1 0 1 0 0]
2025-02-23 18:49:04,262 - DEBUG -      4 |     4 |   4.0
2025-02-23 18:49:04,262 - DEBUG -     Sample: [0 1 1 0 1 0 1 1 0 0]
2025-02-23 18:49:04,263 - DEBUG -      5 |     3 |   3.0
2025-02-23 18:49:04,263 - DEBUG -     Sample: [0 1 0 0 1 0 1 1 0 0]
2025-02-23 18:49:04,265 - DEBUG - Generated 61 unique samples from 100 total measurements
2025-02-23 18:49:04,267 - INFO - No feasible solution found
2025-02-23 18:49:04,269 - INFO -   QAOA solver found no feasible solution
2025-02-23 18:49:04,269 - INFO - 
Running Constraint Generation:
2025-02-23 18:49:04,270 - INFO - 
Problem information:
2025-02-23 18:49:04,270 - INFO -   Number of variables (n): 10
2025-02-23 18:49:04,271 - INFO -   Number of constraints (m): 20
2025-02-23 18:49:04,271 - DEBUG -   Density of A: 50.00%
2025-02-23 18:49:04,271 - INFO - 
Running classical reference solver:
2025-02-23 18:49:04,283 - INFO -   Reference solution found:
2025-02-23 18:49:04,283 - INFO -     Solution: [1, 0, 0, 0, 0, 1, 0, 0, 0, 0]
2025-02-23 18:49:04,284 - INFO -     Value: 75.0
2025-02-23 18:49:04,284 - INFO - 
Starting quantum constraint generation with parameters:
2025-02-23 18:49:04,284 - INFO -   sample_size (total shots): 100
2025-02-23 18:49:04,284 - INFO -   tau: 0.1
2025-02-23 18:49:04,284 - INFO -   max_iters: 1000
2025-02-23 18:49:04,285 - INFO - 
Iteration 0:
2025-02-23 18:49:04,285 - DEBUG - Generated Ising Hamiltonian
2025-02-23 18:49:04,497 - DEBUG - Optimizing QAOA circuit...
2025-02-23 18:49:05,338 - DEBUG - Circuit optimization successful
2025-02-23 18:49:05,339 - DEBUG - Circuit optimization successful, final value: -401.09590409590413
2025-02-23 18:49:05,339 - DEBUG - Sampling from optimized circuit...
2025-02-23 18:49:05,349 - DEBUG - Generated 29 unique samples from 100 total measurements
2025-02-23 18:49:05,349 - DEBUG - 
Top 5 most frequent samples:
2025-02-23 18:49:05,349 - DEBUG -   Rank | Count |   %   
2025-02-23 18:49:05,350 - DEBUG -   -----|-------|-------
2025-02-23 18:49:05,350 - DEBUG -      1 |    30 |  30.0
2025-02-23 18:49:05,351 - DEBUG -     Sample: [1 1 1 1 1 1 1 1 0 1]
2025-02-23 18:49:05,351 - DEBUG -      2 |    21 |  21.0
2025-02-23 18:49:05,351 - DEBUG -     Sample: [1 1 1 1 1 1 1 0 0 1]
2025-02-23 18:49:05,351 - DEBUG -      3 |     6 |   6.0
2025-02-23 18:49:05,352 - DEBUG -     Sample: [1 1 1 0 1 1 1 1 0 1]
2025-02-23 18:49:05,352 - DEBUG -      4 |     4 |   4.0
2025-02-23 18:49:05,352 - DEBUG -     Sample: [1 1 1 1 1 0 1 1 0 1]
2025-02-23 18:49:05,352 - DEBUG -      5 |     4 |   4.0
2025-02-23 18:49:05,352 - DEBUG -     Sample: [0 1 1 1 1 1 1 1 0 1]
2025-02-23 18:49:05,353 - DEBUG - Generated 29 unique samples from 100 total measurements
2025-02-23 18:49:05,353 - INFO -   No feasible solution found in this iteration
2025-02-23 18:49:05,354 - INFO -   Added 9 new constraints: [3, 6, 9, 10, 11, 13, 15, 17, 18]
2025-02-23 18:49:05,354 - INFO - 
Iteration 1:
2025-02-23 18:49:05,355 - DEBUG - Generated Ising Hamiltonian
2025-02-23 18:49:05,563 - DEBUG - Optimizing QAOA circuit...
2025-02-23 18:49:07,033 - DEBUG - Circuit optimization successful
2025-02-23 18:49:07,033 - DEBUG - Circuit optimization successful, final value: -37837.2992007992
2025-02-23 18:49:07,033 - DEBUG - Sampling from optimized circuit...
2025-02-23 18:49:07,051 - DEBUG - Generated 88 unique samples from 100 total measurements
2025-02-23 18:49:07,051 - DEBUG - 
Top 5 most frequent samples:
2025-02-23 18:49:07,051 - DEBUG -   Rank | Count |   %   
2025-02-23 18:49:07,052 - DEBUG -   -----|-------|-------
2025-02-23 18:49:07,052 - DEBUG -      1 |     3 |   3.0
2025-02-23 18:49:07,052 - DEBUG -     Sample: [1 0 0 0 1 0 0 0 0 1]
2025-02-23 18:49:07,053 - DEBUG -      2 |     3 |   3.0
2025-02-23 18:49:07,053 - DEBUG -     Sample: [1 1 0 1 0 1 0 0 0 0]
2025-02-23 18:49:07,053 - DEBUG -      3 |     3 |   3.0
2025-02-23 18:49:07,054 - DEBUG -     Sample: [0 0 0 1 1 1 0 0 0 0]
2025-02-23 18:49:07,054 - DEBUG -      4 |     2 |   2.0
2025-02-23 18:49:07,055 - DEBUG -     Sample: [0 1 0 0 1 1 0 1 0 0]
2025-02-23 18:49:07,055 - DEBUG -      5 |     2 |   2.0
2025-02-23 18:49:07,055 - DEBUG -     Sample: [0 1 0 0 0 1 1 0 0 0]
2025-02-23 18:49:07,056 - DEBUG - Generated 88 unique samples from 100 total measurements
2025-02-23 18:49:07,058 - INFO -   No feasible solution found in this iteration
2025-02-23 18:49:07,058 - INFO -   No new constraints added, lowered tau multiplier: 1.0 -> 0.9
2025-02-23 18:49:07,059 - INFO -   Added 7 new constraints: [1, 2, 4, 7, 8, 12, 19]
2025-02-23 18:49:07,059 - INFO - 
Iteration 2:
2025-02-23 18:49:07,060 - DEBUG - Generated Ising Hamiltonian
2025-02-23 18:49:07,277 - DEBUG - Optimizing QAOA circuit...
2025-02-23 18:49:08,957 - DEBUG - Circuit optimization successful
2025-02-23 18:49:08,957 - DEBUG - Circuit optimization successful, final value: 983.5874125874126
2025-02-23 18:49:08,957 - DEBUG - Sampling from optimized circuit...
2025-02-23 18:49:08,971 - DEBUG - Generated 94 unique samples from 100 total measurements
2025-02-23 18:49:08,971 - DEBUG - 
Top 5 most frequent samples:
2025-02-23 18:49:08,972 - DEBUG -   Rank | Count |   %   
2025-02-23 18:49:08,972 - DEBUG -   -----|-------|-------
2025-02-23 18:49:08,972 - DEBUG -      1 |     3 |   3.0
2025-02-23 18:49:08,972 - DEBUG -     Sample: [0 0 1 0 1 1 0 1 1 1]
2025-02-23 18:49:08,972 - DEBUG -      2 |     2 |   2.0
2025-02-23 18:49:08,972 - DEBUG -     Sample: [1 1 0 1 1 1 0 1 1 0]
2025-02-23 18:49:08,972 - DEBUG -      3 |     2 |   2.0
2025-02-23 18:49:08,973 - DEBUG -     Sample: [1 0 0 0 1 1 1 0 1 1]
2025-02-23 18:49:08,973 - DEBUG -      4 |     2 |   2.0
2025-02-23 18:49:08,973 - DEBUG -     Sample: [1 0 0 1 0 1 1 0 0 1]
2025-02-23 18:49:08,973 - DEBUG -      5 |     2 |   2.0
2025-02-23 18:49:08,973 - DEBUG -     Sample: [1 0 1 1 0 1 0 1 0 0]
2025-02-23 18:49:08,974 - DEBUG - Generated 94 unique samples from 100 total measurements
2025-02-23 18:49:08,975 - INFO -   No feasible solution found in this iteration
2025-02-23 18:49:08,975 - INFO -   No new constraints added, lowered tau multiplier: 1.0 -> 0.9
2025-02-23 18:49:08,976 - INFO -   Added 4 new constraints: [0, 5, 14, 16]
2025-02-23 18:49:08,976 - INFO - 
Iteration 3:
2025-02-23 18:49:08,976 - DEBUG - Generated Ising Hamiltonian
2025-02-23 18:49:09,198 - DEBUG - Optimizing QAOA circuit...
2025-02-23 18:49:11,106 - DEBUG - Circuit optimization successful
2025-02-23 18:49:11,107 - DEBUG - Circuit optimization successful, final value: 2075.6913086913087
2025-02-23 18:49:11,107 - DEBUG - Sampling from optimized circuit...
2025-02-23 18:49:11,123 - DEBUG - Generated 91 unique samples from 100 total measurements
2025-02-23 18:49:11,123 - DEBUG - 
Top 5 most frequent samples:
2025-02-23 18:49:11,124 - DEBUG -   Rank | Count |   %   
2025-02-23 18:49:11,124 - DEBUG -   -----|-------|-------
2025-02-23 18:49:11,124 - DEBUG -      1 |     2 |   2.0
2025-02-23 18:49:11,124 - DEBUG -     Sample: [0 0 1 1 0 0 1 1 0 1]
2025-02-23 18:49:11,124 - DEBUG -      2 |     2 |   2.0
2025-02-23 18:49:11,124 - DEBUG -     Sample: [0 0 1 0 1 0 0 0 1 0]
2025-02-23 18:49:11,125 - DEBUG -      3 |     2 |   2.0
2025-02-23 18:49:11,125 - DEBUG -     Sample: [1 1 0 0 1 0 1 0 1 0]
2025-02-23 18:49:11,125 - DEBUG -      4 |     2 |   2.0
2025-02-23 18:49:11,125 - DEBUG -     Sample: [0 1 1 1 1 1 0 0 1 1]
2025-02-23 18:49:11,125 - DEBUG -      5 |     2 |   2.0
2025-02-23 18:49:11,125 - DEBUG -     Sample: [0 0 0 1 0 0 0 1 0 1]
2025-02-23 18:49:11,126 - DEBUG - Generated 91 unique samples from 100 total measurements
2025-02-23 18:49:11,126 - INFO - Found feasible solution: [0 0 0 0 1 0 0 1 0 0] with objective value 105.0
2025-02-23 18:49:11,128 - INFO -   Found feasible solution:
2025-02-23 18:49:11,129 - INFO -     Solution: [0, 0, 0, 0, 1, 0, 0, 1, 0, 0]
2025-02-23 18:49:11,129 - INFO -     Value: 105.0
2025-02-23 18:49:11,129 - INFO -     Gap to reference: 40.00%
2025-02-23 18:49:11,130 - INFO -   Constraint generation solution found:
2025-02-23 18:49:11,130 - INFO -     Solution: [0, 0, 0, 0, 1, 0, 0, 1, 0, 0]
2025-02-23 18:49:11,130 - INFO -     Value: 105.0
2025-02-23 18:49:11,130 - INFO - 
Instance 40 results:
2025-02-23 18:49:11,130 - INFO -   Classical value: 75.0
2025-02-23 18:49:11,130 - INFO -   QAOA value: 0.0
2025-02-23 18:49:11,130 - INFO -   Constraint generation value: 105.0
2025-02-23 18:49:11,131 - INFO - 
Running instance 41/100
2025-02-23 18:49:11,132 - INFO - 
Running Classical Reference Solver (SCIP):
2025-02-23 18:49:11,133 - DEBUG - Problem dimensions: 20 constraints, 10 variables
2025-02-23 18:49:11,133 - DEBUG - Row names: ['ELEM1', 'ELEM2', 'ELEM3', 'ELEM4', 'ELEM5', 'ELEM6', 'ELEM7', 'ELEM8', 'ELEM9', 'ELEM10', 'ELEM11', 'ELEM12', 'ELEM13', 'ELEM14', 'ELEM15', 'ELEM16', 'ELEM17', 'ELEM18', 'ELEM19', 'ELEM20']
2025-02-23 18:49:11,133 - DEBUG - RHS values: {'ELEM1': 1.0, 'ELEM2': 1.0, 'ELEM3': 1.0, 'ELEM4': 1.0, 'ELEM5': 1.0, 'ELEM6': 1.0, 'ELEM7': 1.0, 'ELEM8': 1.0, 'ELEM9': 1.0, 'ELEM10': 1.0, 'ELEM11': 1.0, 'ELEM12': 1.0, 'ELEM13': 1.0, 'ELEM14': 1.0, 'ELEM15': 1.0, 'ELEM16': 1.0, 'ELEM17': 1.0, 'ELEM18': 1.0, 'ELEM19': 1.0, 'ELEM20': 1.0}
2025-02-23 18:49:11,144 - INFO -   Reference solution found:
2025-02-23 18:49:11,145 - INFO -     Solution: [0, 1, 0, 0, 0, 0, 0, 0, 0, 1]
2025-02-23 18:49:11,145 - INFO -     Value: 97.0
2025-02-23 18:49:11,145 - INFO - 
Running QAOA Reference Solution (with all constraints):
