
Problem information:
  Number of variables (n): 15
  Number of constraints (m): 20

Starting reference QAOA with parameters:
  sample_size (total shots): 100
Added all constraints
No feasible solution found
  QAOA solver found no feasible solution

Running Classical Reference Solver (SCIP):
  Reference solution found:
    Solution: [0, 0, 0, 0, 0, 0, 0, 1, 1, 1, 1, 1, 0, 0, 0]
    Value: 230.0

Running Constraint Generation:

Problem information:
  Number of variables (n): 15
  Number of constraints (m): 20

Running classical reference solver:
  Reference solution found:
    Solution: [0, 0, 0, 0, 0, 0, 0, 1, 1, 1, 1, 1, 0, 0, 0]
    Value: 230.0

Starting quantum constraint generation with parameters:
  sample_size (total shots): 100
  tau: 0.0
  max_iters: 1000

Iteration 0:
  No feasible solution found in this iteration
  Added 1 new constraints: [6]

Iteration 1:
  No feasible solution found in this iteration
  Added 1 new constraints: [18]

Iteration 2:
  No feasible solution found in this iteration
  Added 1 new constraints: [15]

Iteration 3:
  No feasible solution found in this iteration
  Added 1 new constraints: [12]

Iteration 4:
  No feasible solution found in this iteration
  No new constraints added, lowered tau multiplier: 1.0 -> 0.9
  No new constraints added, lowered tau multiplier: 0.9 -> 0.8
  Added 2 new constraints: [1, 3]

Iteration 5:
  No feasible solution found in this iteration
  No new constraints added, lowered tau multiplier: 1.0 -> 0.9
  No new constraints added, lowered tau multiplier: 0.9 -> 0.8
  No new constraints added, lowered tau multiplier: 0.8 -> 0.7
  Added 1 new constraints: [5]

Iteration 6:
  No feasible solution found in this iteration
  Added 1 new constraints: [7]

Iteration 7:
  No feasible solution found in this iteration
  Added 1 new constraints: [9]

Iteration 8:
  No feasible solution found in this iteration
  No new constraints added, lowered tau multiplier: 1.0 -> 0.9
  Added 1 new constraints: [11]

Iteration 9:
  No feasible solution found in this iteration
  No new constraints added, lowered tau multiplier: 1.0 -> 0.9
  No new constraints added, lowered tau multiplier: 0.9 -> 0.8
  Added 1 new constraints: [13]

Iteration 10:
  No feasible solution found in this iteration
  No new constraints added, lowered tau multiplier: 1.0 -> 0.9
  Added 3 new constraints: [0, 2, 4]

Iteration 11:
  No feasible solution found in this iteration
  Added 1 new constraints: [14]

Iteration 12:
  No feasible solution found in this iteration
  No new constraints added, lowered tau multiplier: 1.0 -> 0.9
  No new constraints added, lowered tau multiplier: 0.9 -> 0.8
  No new constraints added, lowered tau multiplier: 0.8 -> 0.7
  No new constraints added, lowered tau multiplier: 0.7 -> 0.6
  Added 1 new constraints: [16]

Iteration 13:
  No feasible solution found in this iteration
  Added 2 new constraints: [17, 19]

Iteration 14:
  No feasible solution found in this iteration
  Added 1 new constraints: [10]

Iteration 15:
  No feasible solution found in this iteration
  No new constraints added, lowered tau multiplier: 1.0 -> 0.9
  Added 1 new constraints: [8]

Iteration 16:
  No feasible solution found in this iteration
  All constraints added, exiting
  Constraint generation found no feasible solution
