2025-02-24 15:00:28,451 - INFO - 
Problem information:
2025-02-24 15:00:28,452 - INFO -   Number of variables (n): 12
2025-02-24 15:00:28,452 - INFO -   Number of constraints (m): 40
2025-02-24 15:00:28,452 - DEBUG -   Density of A: 25.00%
2025-02-24 15:00:28,452 - INFO - 
Starting reference QAOA with parameters:
2025-02-24 15:00:28,452 - INFO -   sample_size (total shots): 1000
2025-02-24 15:00:28,452 - INFO - Added all constraints
2025-02-24 15:00:28,452 - DEBUG - Generated Ising Hamiltonian
2025-02-24 15:00:28,609 - DEBUG - Optimizing QAOA circuit...
2025-02-24 15:00:32,305 - DEBUG - Circuit optimization successful
2025-02-24 15:00:32,305 - DEBUG - Circuit optimization successful, final value: -2670.818681318683
2025-02-24 15:00:32,306 - DEBUG - Sampling from optimized circuit...
2025-02-24 15:00:32,351 - DEBUG - Generated 759 unique samples from 1000 total measurements
2025-02-24 15:00:32,353 - DEBUG - 
Top 5 most frequent samples:
2025-02-24 15:00:32,353 - DEBUG -   Rank | Count |   %   
2025-02-24 15:00:32,354 - DEBUG -   -----|-------|-------
2025-02-24 15:00:32,354 - DEBUG -      1 |     6 |   0.6
2025-02-24 15:00:32,354 - DEBUG -     Sample: [0 1 1 0 1 0 0 0 0 0 1 1]
2025-02-24 15:00:32,354 - DEBUG -      2 |     6 |   0.6
2025-02-24 15:00:32,355 - DEBUG -     Sample: [0 1 1 1 0 0 0 0 1 0 1 0]
2025-02-24 15:00:32,355 - DEBUG -      3 |     5 |   0.5
2025-02-24 15:00:32,355 - DEBUG -     Sample: [0 1 1 1 1 0 0 0 0 0 0 1]
2025-02-24 15:00:32,355 - DEBUG -      4 |     5 |   0.5
2025-02-24 15:00:32,355 - DEBUG -     Sample: [1 1 1 1 0 0 0 1 0 0 1 0]
2025-02-24 15:00:32,355 - DEBUG -      5 |     5 |   0.5
2025-02-24 15:00:32,356 - DEBUG -     Sample: [1 1 1 0 1 0 0 1 0 0 1 0]
2025-02-24 15:00:32,358 - DEBUG - Generated 759 unique samples from 1000 total measurements
2025-02-24 15:00:32,371 - INFO - No feasible solution found
2025-02-24 15:00:32,372 - INFO -   QAOA solver found no feasible solution
2025-02-24 15:00:32,373 - INFO - 
Running Constraint Generation:
2025-02-24 15:00:32,374 - INFO - 
Problem information:
2025-02-24 15:00:32,374 - INFO -   Number of variables (n): 12
2025-02-24 15:00:32,374 - INFO -   Number of constraints (m): 40
2025-02-24 15:00:32,375 - DEBUG -   Density of A: 25.00%
2025-02-24 15:00:32,375 - INFO - 
Running classical reference solver:
2025-02-24 15:00:32,388 - INFO -   Reference solution found:
2025-02-24 15:00:32,388 - INFO -     Solution: [0, 0, 0, 1, 1, 0, 0, 1, 1, 0, 0, 0]
2025-02-24 15:00:32,388 - INFO -     Value: 163.0
2025-02-24 15:00:32,388 - INFO - 
Starting quantum constraint generation with parameters:
2025-02-24 15:00:32,388 - INFO -   sample_size (total shots): 1000
2025-02-24 15:00:32,389 - INFO -   tau: 0.1
2025-02-24 15:00:32,389 - INFO -   max_iters: 1000
2025-02-24 15:00:32,389 - INFO - 
Iteration 0:
2025-02-24 15:00:32,390 - DEBUG - Generated Ising Hamiltonian
2025-02-24 15:00:32,391 - DEBUG - Optimizing QAOA circuit...
2025-02-24 15:00:38,760 - WARNING - Circuit optimization did not converge
2025-02-24 15:00:38,760 - WARNING - Circuit optimization did not converge
2025-02-24 15:00:38,760 - DEBUG - Sampling from optimized circuit...
2025-02-24 15:00:38,824 - DEBUG - Generated 15 unique samples from 1000 total measurements
2025-02-24 15:00:38,824 - DEBUG - 
Top 5 most frequent samples:
2025-02-24 15:00:38,824 - DEBUG -   Rank | Count |   %   
2025-02-24 15:00:38,824 - DEBUG -   -----|-------|-------
2025-02-24 15:00:38,824 - DEBUG -      1 |   448 |  44.8
2025-02-24 15:00:38,825 - DEBUG -     Sample: [0 0 0 0 0 0 0 0 1 1 1 0]
2025-02-24 15:00:38,825 - DEBUG -      2 |   168 |  16.8
2025-02-24 15:00:38,825 - DEBUG -     Sample: [0 0 0 0 0 0 0 0 1 0 1 0]
2025-02-24 15:00:38,825 - DEBUG -      3 |   121 |  12.1
2025-02-24 15:00:38,826 - DEBUG -     Sample: [0 0 0 0 0 0 0 0 0 1 1 0]
2025-02-24 15:00:38,826 - DEBUG -      4 |    66 |   6.6
2025-02-24 15:00:38,826 - DEBUG -     Sample: [0 0 0 0 0 0 0 0 1 1 0 0]
2025-02-24 15:00:38,826 - DEBUG -      5 |    61 |   6.1
2025-02-24 15:00:38,826 - DEBUG -     Sample: [0 0 0 0 0 0 0 0 1 1 1 1]
2025-02-24 15:00:38,826 - DEBUG - Generated 15 unique samples from 1000 total measurements
2025-02-24 15:00:38,827 - INFO -   No feasible solution found in this iteration
2025-02-24 15:00:38,827 - INFO -   Added 15 new constraints: [0, 1, 3, 4, 7, 14, 16, 18, 21, 22, 25, 27, 28, 36, 37]
2025-02-24 15:00:38,828 - INFO - 
Iteration 1:
2025-02-24 15:00:38,828 - DEBUG - Generated Ising Hamiltonian
2025-02-24 15:00:38,831 - DEBUG - Optimizing QAOA circuit...
2025-02-24 15:00:47,376 - WARNING - Circuit optimization did not converge
2025-02-24 15:00:47,376 - WARNING - Circuit optimization did not converge
2025-02-24 15:00:47,377 - DEBUG - Sampling from optimized circuit...
2025-02-24 15:00:47,432 - DEBUG - Generated 16 unique samples from 1000 total measurements
2025-02-24 15:00:47,432 - DEBUG - 
Top 5 most frequent samples:
2025-02-24 15:00:47,432 - DEBUG -   Rank | Count |   %   
2025-02-24 15:00:47,432 - DEBUG -   -----|-------|-------
2025-02-24 15:00:47,433 - DEBUG -      1 |   117 |  11.7
2025-02-24 15:00:47,433 - DEBUG -     Sample: [0 0 0 0 0 0 0 0 1 1 1 0]
2025-02-24 15:00:47,433 - DEBUG -      2 |   102 |  10.2
2025-02-24 15:00:47,433 - DEBUG -     Sample: [0 0 0 0 0 0 0 0 1 1 0 0]
2025-02-24 15:00:47,433 - DEBUG -      3 |    94 |   9.4
2025-02-24 15:00:47,433 - DEBUG -     Sample: [0 0 0 0 0 0 0 0 1 0 1 0]
2025-02-24 15:00:47,433 - DEBUG -      4 |    88 |   8.8
2025-02-24 15:00:47,433 - DEBUG -     Sample: [0 0 0 0 0 0 0 0 1 1 1 1]
2025-02-24 15:00:47,434 - DEBUG -      5 |    86 |   8.6
2025-02-24 15:00:47,434 - DEBUG -     Sample: [0 0 0 0 0 0 0 0 1 0 0 0]
2025-02-24 15:00:47,434 - DEBUG - Generated 16 unique samples from 1000 total measurements
2025-02-24 15:00:47,434 - INFO -   No feasible solution found in this iteration
2025-02-24 15:00:47,435 - INFO -   No new constraints added, lowered tau multiplier: 1.0 -> 0.9
2025-02-24 15:00:47,435 - INFO -   No new constraints added, lowered tau multiplier: 0.9 -> 0.8
2025-02-24 15:00:47,435 - INFO -   No new constraints added, lowered tau multiplier: 0.8 -> 0.7
2025-02-24 15:00:47,435 - INFO -   No new constraints added, lowered tau multiplier: 0.7 -> 0.6
2025-02-24 15:00:47,435 - INFO -   Added 1 new constraints: [39]
2025-02-24 15:00:47,435 - INFO - 
Iteration 2:
2025-02-24 15:00:47,435 - DEBUG - Generated Ising Hamiltonian
2025-02-24 15:00:47,437 - DEBUG - Optimizing QAOA circuit...
2025-02-24 15:00:56,749 - WARNING - Circuit optimization did not converge
2025-02-24 15:00:56,749 - WARNING - Circuit optimization did not converge
2025-02-24 15:00:56,749 - DEBUG - Sampling from optimized circuit...
2025-02-24 15:00:56,806 - DEBUG - Generated 16 unique samples from 1000 total measurements
2025-02-24 15:00:56,806 - DEBUG - 
Top 5 most frequent samples:
2025-02-24 15:00:56,806 - DEBUG -   Rank | Count |   %   
2025-02-24 15:00:56,807 - DEBUG -   -----|-------|-------
2025-02-24 15:00:56,807 - DEBUG -      1 |   392 |  39.2
2025-02-24 15:00:56,807 - DEBUG -     Sample: [0 0 0 0 0 0 0 0 1 1 1 1]
2025-02-24 15:00:56,807 - DEBUG -      2 |   217 |  21.7
2025-02-24 15:00:56,807 - DEBUG -     Sample: [0 0 0 0 0 0 0 0 0 1 1 1]
2025-02-24 15:00:56,807 - DEBUG -      3 |    98 |   9.8
2025-02-24 15:00:56,807 - DEBUG -     Sample: [0 0 0 0 0 0 0 0 1 1 1 0]
2025-02-24 15:00:56,807 - DEBUG -      4 |    45 |   4.5
2025-02-24 15:00:56,807 - DEBUG -     Sample: [0 0 0 0 0 0 0 0 0 1 1 0]
2025-02-24 15:00:56,807 - DEBUG -      5 |    42 |   4.2
2025-02-24 15:00:56,807 - DEBUG -     Sample: [0 0 0 0 0 0 0 0 1 0 1 1]
2025-02-24 15:00:56,808 - DEBUG - Generated 16 unique samples from 1000 total measurements
2025-02-24 15:00:56,808 - INFO -   No feasible solution found in this iteration
2025-02-24 15:00:56,808 - INFO -   No new constraints added, lowered tau multiplier: 1.0 -> 0.9
2025-02-24 15:00:56,808 - INFO -   No new constraints added, lowered tau multiplier: 0.9 -> 0.8
2025-02-24 15:00:56,808 - INFO -   No new constraints added, lowered tau multiplier: 0.8 -> 0.7
2025-02-24 15:00:56,808 - INFO -   No new constraints added, lowered tau multiplier: 0.7 -> 0.6
2025-02-24 15:00:56,808 - INFO -   No new constraints added, lowered tau multiplier: 0.6 -> 0.5
2025-02-24 15:00:56,808 - INFO -   No new constraints added, lowered tau multiplier: 0.5 -> 0.4
2025-02-24 15:00:56,809 - INFO -   Added 24 new constraints: [2, 5, 6, 8, 9, 10, 11, 12, 13, 15, 17, 19, 20, 23, 24, 26, 29, 30, 31, 32, 33, 34, 35, 38]
2025-02-24 15:00:56,809 - INFO - 
Iteration 3:
2025-02-24 15:00:56,809 - DEBUG - Generated Ising Hamiltonian
2025-02-24 15:00:56,811 - DEBUG - Optimizing QAOA circuit...
2025-02-24 15:01:12,318 - WARNING - Circuit optimization did not converge
2025-02-24 15:01:12,318 - WARNING - Circuit optimization did not converge
2025-02-24 15:01:12,318 - DEBUG - Sampling from optimized circuit...
2025-02-24 15:01:12,389 - DEBUG - Generated 16 unique samples from 1000 total measurements
2025-02-24 15:01:12,389 - DEBUG - 
Top 5 most frequent samples:
2025-02-24 15:01:12,389 - DEBUG -   Rank | Count |   %   
2025-02-24 15:01:12,389 - DEBUG -   -----|-------|-------
2025-02-24 15:01:12,389 - DEBUG -      1 |   260 |  26.0
2025-02-24 15:01:12,389 - DEBUG -     Sample: [0 0 0 0 0 0 0 0 0 1 0 1]
2025-02-24 15:01:12,390 - DEBUG -      2 |   156 |  15.6
2025-02-24 15:01:12,390 - DEBUG -     Sample: [0 0 0 0 0 0 0 0 0 1 0 0]
2025-02-24 15:01:12,390 - DEBUG -      3 |   130 |  13.0
2025-02-24 15:01:12,390 - DEBUG -     Sample: [0 0 0 0 0 0 0 0 0 1 1 1]
2025-02-24 15:01:12,390 - DEBUG -      4 |   110 |  11.0
2025-02-24 15:01:12,390 - DEBUG -     Sample: [0 0 0 0 0 0 0 0 0 0 0 1]
2025-02-24 15:01:12,390 - DEBUG -      5 |    70 |   7.0
2025-02-24 15:01:12,390 - DEBUG -     Sample: [0 0 0 0 0 0 0 0 0 1 1 0]
2025-02-24 15:01:12,390 - DEBUG - Generated 16 unique samples from 1000 total measurements
2025-02-24 15:01:12,391 - INFO -   No feasible solution found in this iteration
2025-02-24 15:01:12,391 - INFO -   All constraints added, exiting
2025-02-24 15:01:12,391 - INFO -   Constraint generation found no feasible solution
2025-02-24 15:01:12,391 - INFO - 
Instance 82 results:
2025-02-24 15:01:12,391 - INFO -   Classical value: 163.0
2025-02-24 15:01:12,391 - INFO -   QAOA value: 0.0
2025-02-24 15:01:12,391 - INFO -   Constraint generation value: 0.0
2025-02-24 15:01:12,391 - INFO - 
Running instance 83/100
2025-02-24 15:01:12,393 - INFO - 
Running Classical Reference Solver (SCIP):
2025-02-24 15:01:12,393 - DEBUG - Problem dimensions: 40 constraints, 12 variables
2025-02-24 15:01:12,393 - DEBUG - Row names: ['ELEM1', 'ELEM2', 'ELEM3', 'ELEM4', 'ELEM5', 'ELEM6', 'ELEM7', 'ELEM8', 'ELEM9', 'ELEM10', 'ELEM11', 'ELEM12', 'ELEM13', 'ELEM14', 'ELEM15', 'ELEM16', 'ELEM17', 'ELEM18', 'ELEM19', 'ELEM20', 'ELEM21', 'ELEM22', 'ELEM23', 'ELEM24', 'ELEM25', 'ELEM26', 'ELEM27', 'ELEM28', 'ELEM29', 'ELEM30', 'ELEM31', 'ELEM32', 'ELEM33', 'ELEM34', 'ELEM35', 'ELEM36', 'ELEM37', 'ELEM38', 'ELEM39', 'ELEM40']
2025-02-24 15:01:12,393 - DEBUG - RHS values: {'ELEM1': 1.0, 'ELEM2': 1.0, 'ELEM3': 1.0, 'ELEM4': 1.0, 'ELEM5': 1.0, 'ELEM6': 1.0, 'ELEM7': 1.0, 'ELEM8': 1.0, 'ELEM9': 1.0, 'ELEM10': 1.0, 'ELEM11': 1.0, 'ELEM12': 1.0, 'ELEM13': 1.0, 'ELEM14': 1.0, 'ELEM15': 1.0, 'ELEM16': 1.0, 'ELEM17': 1.0, 'ELEM18': 1.0, 'ELEM19': 1.0, 'ELEM20': 1.0, 'ELEM21': 1.0, 'ELEM22': 1.0, 'ELEM23': 1.0, 'ELEM24': 1.0, 'ELEM25': 1.0, 'ELEM26': 1.0, 'ELEM27': 1.0, 'ELEM28': 1.0, 'ELEM29': 1.0, 'ELEM30': 1.0, 'ELEM31': 1.0, 'ELEM32': 1.0, 'ELEM33': 1.0, 'ELEM34': 1.0, 'ELEM35': 1.0, 'ELEM36': 1.0, 'ELEM37': 1.0, 'ELEM38': 1.0, 'ELEM39': 1.0, 'ELEM40': 1.0}
2025-02-24 15:01:12,402 - INFO -   Reference solution found:
2025-02-24 15:01:12,402 - INFO -     Solution: [0, 1, 0, 1, 0, 0, 0, 1, 1, 0, 1, 0]
2025-02-24 15:01:12,402 - INFO -     Value: 94.0
2025-02-24 15:01:12,402 - INFO - 
Running QAOA Reference Solution (with all constraints):
