
Problem information:
  Number of variables (n): 10
  Number of constraints (m): 20

Starting reference QAOA with parameters:
  sample_size (total shots): 100
Added all constraints
No feasible solution found
  QAOA solver found no feasible solution

Running Constraint Generation:

Problem information:
  Number of variables (n): 10
  Number of constraints (m): 20

Running classical reference solver:
  Reference solution found:
    Solution: [0, 0, 1, 0, 0, 1, 0, 0, 0, 0]
    Value: 85.0

Starting quantum constraint generation with parameters:
  sample_size (total shots): 100
  tau: 0.1
  max_iters: 1000

Iteration 0:
  No feasible solution found in this iteration
  Added 5 new constraints: [5, 9, 16, 17, 19]

Iteration 1:
  No feasible solution found in this iteration
  No new constraints added, lowered tau multiplier: 1.0 -> 0.9
  Added 5 new constraints: [0, 2, 4, 15, 18]

Iteration 2:
  No feasible solution found in this iteration
  Added 1 new constraints: [13]

Iteration 3:
  No feasible solution found in this iteration
  Added 2 new constraints: [6, 11]

Iteration 4:
  No feasible solution found in this iteration
  No new constraints added, lowered tau multiplier: 1.0 -> 0.9
  Added 7 new constraints: [1, 3, 7, 8, 10, 12, 14]

Iteration 5:
Found feasible solution: [0 0 0 1 0 0 0 1 0 0] with objective value 93.0
Found feasible solution: [0 0 0 0 1 0 0 0 0 1] with objective value 147.0
  Found feasible solution:
    Solution: [0, 0, 0, 1, 0, 0, 0, 1, 0, 0]
    Value: 93.0
    Gap to reference: 9.41%
  Constraint generation solution found:
    Solution: [0, 0, 0, 1, 0, 0, 0, 1, 0, 0]
    Value: 93.0

Instance 21 results:
  Classical value: 85.0
  QAOA value: 0.0
  Constraint generation value: 93.0

Running instance 22/100

Running Classical Reference Solver (SCIP):
  Reference solution found:
    Solution: [0, 1, 0, 1, 0, 0, 0, 0, 0, 0]
    Value: 42.0

Running QAOA Reference Solution (with all constraints):
