2025-02-23 17:47:13,398 - INFO - 
Problem information:
2025-02-23 17:47:13,399 - INFO -   Number of variables (n): 12
2025-02-23 17:47:13,399 - INFO -   Number of constraints (m): 40
2025-02-23 17:47:13,399 - DEBUG -   Density of A: 25.00%
2025-02-23 17:47:13,399 - INFO - 
Starting reference QAOA with parameters:
2025-02-23 17:47:13,399 - INFO -   sample_size (total shots): 200
2025-02-23 17:47:13,399 - INFO - Added all constraints
2025-02-23 17:47:13,399 - DEBUG - Generated Ising Hamiltonian
2025-02-23 17:47:13,538 - DEBUG - Optimizing QAOA circuit...
2025-02-23 17:47:15,348 - DEBUG - Circuit optimization successful
2025-02-23 17:47:15,349 - DEBUG - Circuit optimization successful, final value: -19387.723276723278
2025-02-23 17:47:15,349 - DEBUG - Sampling from optimized circuit...
2025-02-23 17:47:15,364 - DEBUG - Generated 164 unique samples from 200 total measurements
2025-02-23 17:47:15,364 - DEBUG - 
Top 5 most frequent samples:
2025-02-23 17:47:15,364 - DEBUG -   Rank | Count |   %   
2025-02-23 17:47:15,364 - DEBUG -   -----|-------|-------
2025-02-23 17:47:15,364 - DEBUG -      1 |     5 |   2.5
2025-02-23 17:47:15,364 - DEBUG -     Sample: [0 1 1 0 1 0 0 1 0 1 0 1]
2025-02-23 17:47:15,365 - DEBUG -      2 |     4 |   2.0
2025-02-23 17:47:15,365 - DEBUG -     Sample: [0 0 1 1 1 0 0 1 0 1 1 1]
2025-02-23 17:47:15,365 - DEBUG -      3 |     4 |   2.0
2025-02-23 17:47:15,365 - DEBUG -     Sample: [0 1 1 0 1 0 0 1 0 0 1 0]
2025-02-23 17:47:15,365 - DEBUG -      4 |     3 |   1.5
2025-02-23 17:47:15,365 - DEBUG -     Sample: [0 1 1 0 0 0 0 1 0 1 0 1]
2025-02-23 17:47:15,365 - DEBUG -      5 |     3 |   1.5
2025-02-23 17:47:15,365 - DEBUG -     Sample: [1 0 1 1 1 0 0 1 0 1 1 0]
2025-02-23 17:47:15,366 - DEBUG - Generated 164 unique samples from 200 total measurements
2025-02-23 17:47:15,368 - INFO - No feasible solution found
2025-02-23 17:47:15,368 - INFO -   QAOA solver found no feasible solution
2025-02-23 17:47:15,369 - INFO - 
Running Constraint Generation:
2025-02-23 17:47:15,370 - INFO - 
Problem information:
2025-02-23 17:47:15,370 - INFO -   Number of variables (n): 12
2025-02-23 17:47:15,370 - INFO -   Number of constraints (m): 40
2025-02-23 17:47:15,370 - DEBUG -   Density of A: 25.00%
2025-02-23 17:47:15,370 - INFO - 
Running classical reference solver:
2025-02-23 17:47:15,379 - INFO -   Reference solution found:
2025-02-23 17:47:15,379 - INFO -     Solution: [1, 0, 0, 0, 0, 1, 0, 0, 1, 0, 0, 0]
2025-02-23 17:47:15,379 - INFO -     Value: 194.0
2025-02-23 17:47:15,380 - INFO - 
Starting quantum constraint generation with parameters:
2025-02-23 17:47:15,380 - INFO -   sample_size (total shots): 200
2025-02-23 17:47:15,380 - INFO -   tau: 0.1
2025-02-23 17:47:15,380 - INFO -   max_iters: 1000
2025-02-23 17:47:15,380 - INFO - 
Iteration 0:
2025-02-23 17:47:15,380 - DEBUG - Generated Ising Hamiltonian
2025-02-23 17:47:15,544 - DEBUG - Optimizing QAOA circuit...
2025-02-23 17:47:16,433 - DEBUG - Circuit optimization successful
2025-02-23 17:47:16,433 - DEBUG - Circuit optimization successful, final value: -261.4555444555445
2025-02-23 17:47:16,433 - DEBUG - Sampling from optimized circuit...
2025-02-23 17:47:16,444 - DEBUG - Generated 169 unique samples from 200 total measurements
2025-02-23 17:47:16,445 - DEBUG - 
Top 5 most frequent samples:
2025-02-23 17:47:16,445 - DEBUG -   Rank | Count |   %   
2025-02-23 17:47:16,445 - DEBUG -   -----|-------|-------
2025-02-23 17:47:16,445 - DEBUG -      1 |     3 |   1.5
2025-02-23 17:47:16,445 - DEBUG -     Sample: [0 1 1 0 0 0 1 0 1 1 1 1]
2025-02-23 17:47:16,445 - DEBUG -      2 |     3 |   1.5
2025-02-23 17:47:16,446 - DEBUG -     Sample: [1 1 1 0 1 0 1 1 0 1 1 0]
2025-02-23 17:47:16,446 - DEBUG -      3 |     3 |   1.5
2025-02-23 17:47:16,446 - DEBUG -     Sample: [1 1 1 0 1 0 1 1 1 1 0 0]
2025-02-23 17:47:16,446 - DEBUG -      4 |     3 |   1.5
2025-02-23 17:47:16,446 - DEBUG -     Sample: [1 1 1 0 1 0 1 1 1 1 1 0]
2025-02-23 17:47:16,446 - DEBUG -      5 |     3 |   1.5
2025-02-23 17:47:16,446 - DEBUG -     Sample: [1 1 1 1 1 0 0 1 1 1 1 0]
2025-02-23 17:47:16,447 - DEBUG - Generated 169 unique samples from 200 total measurements
2025-02-23 17:47:16,449 - INFO -   No feasible solution found in this iteration
2025-02-23 17:47:16,450 - INFO -   Added 2 new constraints: [12, 30]
2025-02-23 17:47:16,450 - INFO - 
Iteration 1:
2025-02-23 17:47:16,450 - DEBUG - Generated Ising Hamiltonian
2025-02-23 17:47:16,593 - DEBUG - Optimizing QAOA circuit...
2025-02-23 17:47:17,503 - DEBUG - Circuit optimization successful
2025-02-23 17:47:17,503 - DEBUG - Circuit optimization successful, final value: -144.24525474525518
2025-02-23 17:47:17,503 - DEBUG - Sampling from optimized circuit...
2025-02-23 17:47:17,514 - DEBUG - Generated 185 unique samples from 200 total measurements
2025-02-23 17:47:17,515 - DEBUG - 
Top 5 most frequent samples:
2025-02-23 17:47:17,515 - DEBUG -   Rank | Count |   %   
2025-02-23 17:47:17,515 - DEBUG -   -----|-------|-------
2025-02-23 17:47:17,515 - DEBUG -      1 |     4 |   2.0
2025-02-23 17:47:17,515 - DEBUG -     Sample: [0 1 0 0 0 0 1 0 1 1 0 0]
2025-02-23 17:47:17,515 - DEBUG -      2 |     2 |   1.0
2025-02-23 17:47:17,515 - DEBUG -     Sample: [0 1 1 0 0 0 1 0 0 1 1 1]
2025-02-23 17:47:17,515 - DEBUG -      3 |     2 |   1.0
2025-02-23 17:47:17,516 - DEBUG -     Sample: [0 1 1 0 0 1 1 0 0 0 0 1]
2025-02-23 17:47:17,516 - DEBUG -      4 |     2 |   1.0
2025-02-23 17:47:17,516 - DEBUG -     Sample: [0 1 0 0 0 0 1 0 1 0 1 1]
2025-02-23 17:47:17,516 - DEBUG -      5 |     2 |   1.0
2025-02-23 17:47:17,516 - DEBUG -     Sample: [0 0 1 0 0 0 1 0 0 1 0 1]
2025-02-23 17:47:17,517 - DEBUG - Generated 185 unique samples from 200 total measurements
2025-02-23 17:47:17,519 - INFO -   No feasible solution found in this iteration
2025-02-23 17:47:17,519 - INFO -   Added 1 new constraints: [36]
2025-02-23 17:47:17,519 - INFO - 
Iteration 2:
2025-02-23 17:47:17,520 - DEBUG - Generated Ising Hamiltonian
2025-02-23 17:47:17,672 - DEBUG - Optimizing QAOA circuit...
2025-02-23 17:47:18,789 - DEBUG - Circuit optimization successful
2025-02-23 17:47:18,789 - DEBUG - Circuit optimization successful, final value: 262.6496003996007
2025-02-23 17:47:18,789 - DEBUG - Sampling from optimized circuit...
2025-02-23 17:47:18,801 - DEBUG - Generated 188 unique samples from 200 total measurements
2025-02-23 17:47:18,801 - DEBUG - 
Top 5 most frequent samples:
2025-02-23 17:47:18,801 - DEBUG -   Rank | Count |   %   
2025-02-23 17:47:18,801 - DEBUG -   -----|-------|-------
2025-02-23 17:47:18,801 - DEBUG -      1 |     3 |   1.5
2025-02-23 17:47:18,802 - DEBUG -     Sample: [0 0 1 1 1 1 1 1 1 1 1 1]
2025-02-23 17:47:18,802 - DEBUG -      2 |     2 |   1.0
2025-02-23 17:47:18,802 - DEBUG -     Sample: [0 1 1 0 1 0 1 1 0 0 1 1]
2025-02-23 17:47:18,802 - DEBUG -      3 |     2 |   1.0
2025-02-23 17:47:18,802 - DEBUG -     Sample: [0 0 1 0 1 0 0 1 1 1 1 1]
2025-02-23 17:47:18,803 - DEBUG -      4 |     2 |   1.0
2025-02-23 17:47:18,803 - DEBUG -     Sample: [0 0 0 1 1 1 1 1 1 1 1 0]
2025-02-23 17:47:18,803 - DEBUG -      5 |     2 |   1.0
2025-02-23 17:47:18,803 - DEBUG -     Sample: [1 1 0 0 1 0 1 1 1 0 1 0]
2025-02-23 17:47:18,804 - DEBUG - Generated 188 unique samples from 200 total measurements
2025-02-23 17:47:18,807 - INFO -   No feasible solution found in this iteration
2025-02-23 17:47:18,807 - INFO -   Added 1 new constraints: [26]
2025-02-23 17:47:18,808 - INFO - 
Iteration 3:
2025-02-23 17:47:18,808 - DEBUG - Generated Ising Hamiltonian
2025-02-23 17:47:18,998 - DEBUG - Optimizing QAOA circuit...
2025-02-23 17:47:20,209 - DEBUG - Circuit optimization successful
2025-02-23 17:47:20,210 - DEBUG - Circuit optimization successful, final value: -2242.4465534465535
2025-02-23 17:47:20,210 - DEBUG - Sampling from optimized circuit...
2025-02-23 17:47:20,223 - DEBUG - Generated 173 unique samples from 200 total measurements
2025-02-23 17:47:20,223 - DEBUG - 
Top 5 most frequent samples:
2025-02-23 17:47:20,223 - DEBUG -   Rank | Count |   %   
2025-02-23 17:47:20,224 - DEBUG -   -----|-------|-------
2025-02-23 17:47:20,224 - DEBUG -      1 |     3 |   1.5
2025-02-23 17:47:20,224 - DEBUG -     Sample: [1 0 0 1 1 0 1 0 0 1 0 0]
2025-02-23 17:47:20,224 - DEBUG -      2 |     3 |   1.5
2025-02-23 17:47:20,224 - DEBUG -     Sample: [0 1 0 1 1 1 0 1 0 0 1 0]
2025-02-23 17:47:20,224 - DEBUG -      3 |     3 |   1.5
2025-02-23 17:47:20,225 - DEBUG -     Sample: [0 0 0 1 1 0 0 0 0 0 0 0]
2025-02-23 17:47:20,225 - DEBUG -      4 |     2 |   1.0
2025-02-23 17:47:20,225 - DEBUG -     Sample: [1 0 0 1 1 1 0 1 0 1 0 0]
2025-02-23 17:47:20,225 - DEBUG -      5 |     2 |   1.0
2025-02-23 17:47:20,225 - DEBUG -     Sample: [0 0 0 1 1 1 1 1 0 0 1 0]
2025-02-23 17:47:20,225 - DEBUG - Generated 173 unique samples from 200 total measurements
2025-02-23 17:47:20,228 - INFO -   No feasible solution found in this iteration
2025-02-23 17:47:20,229 - INFO -   No new constraints added, lowered tau multiplier: 1.0 -> 0.9
2025-02-23 17:47:20,229 - INFO -   Added 3 new constraints: [16, 35, 38]
2025-02-23 17:47:20,229 - INFO - 
Iteration 4:
2025-02-23 17:47:20,229 - DEBUG - Generated Ising Hamiltonian
2025-02-23 17:47:20,418 - DEBUG - Optimizing QAOA circuit...
2025-02-23 17:47:21,956 - DEBUG - Circuit optimization successful
2025-02-23 17:47:21,957 - DEBUG - Circuit optimization successful, final value: -13250.100649350647
2025-02-23 17:47:21,957 - DEBUG - Sampling from optimized circuit...
2025-02-23 17:47:21,974 - DEBUG - Generated 194 unique samples from 200 total measurements
2025-02-23 17:47:21,974 - DEBUG - 
Top 5 most frequent samples:
2025-02-23 17:47:21,974 - DEBUG -   Rank | Count |   %   
2025-02-23 17:47:21,974 - DEBUG -   -----|-------|-------
2025-02-23 17:47:21,974 - DEBUG -      1 |     3 |   1.5
2025-02-23 17:47:21,974 - DEBUG -     Sample: [0 0 1 0 0 1 0 0 1 0 0 1]
2025-02-23 17:47:21,975 - DEBUG -      2 |     2 |   1.0
2025-02-23 17:47:21,975 - DEBUG -     Sample: [1 1 1 0 1 1 0 0 1 0 0 0]
2025-02-23 17:47:21,975 - DEBUG -      3 |     2 |   1.0
2025-02-23 17:47:21,975 - DEBUG -     Sample: [0 0 0 0 0 1 1 0 0 0 0 0]
2025-02-23 17:47:21,975 - DEBUG -      4 |     2 |   1.0
2025-02-23 17:47:21,976 - DEBUG -     Sample: [0 0 1 0 1 1 0 0 1 0 1 0]
2025-02-23 17:47:21,976 - DEBUG -      5 |     2 |   1.0
2025-02-23 17:47:21,976 - DEBUG -     Sample: [0 0 1 0 0 1 0 0 1 1 1 0]
2025-02-23 17:47:21,977 - DEBUG - Generated 194 unique samples from 200 total measurements
2025-02-23 17:47:21,981 - INFO -   No feasible solution found in this iteration
2025-02-23 17:47:21,982 - INFO -   Added 1 new constraints: [32]
2025-02-23 17:47:21,982 - INFO - 
Iteration 5:
2025-02-23 17:47:21,983 - DEBUG - Generated Ising Hamiltonian
2025-02-23 17:47:22,196 - DEBUG - Optimizing QAOA circuit...
2025-02-23 17:47:23,468 - DEBUG - Circuit optimization successful
2025-02-23 17:47:23,468 - DEBUG - Circuit optimization successful, final value: -17597.0999000999
2025-02-23 17:47:23,468 - DEBUG - Sampling from optimized circuit...
2025-02-23 17:47:23,487 - DEBUG - Generated 160 unique samples from 200 total measurements
2025-02-23 17:47:23,487 - DEBUG - 
Top 5 most frequent samples:
2025-02-23 17:47:23,487 - DEBUG -   Rank | Count |   %   
2025-02-23 17:47:23,488 - DEBUG -   -----|-------|-------
2025-02-23 17:47:23,488 - DEBUG -      1 |     7 |   3.5
2025-02-23 17:47:23,488 - DEBUG -     Sample: [0 0 1 0 0 1 0 0 1 0 0 0]
2025-02-23 17:47:23,488 - DEBUG -      2 |     4 |   2.0
2025-02-23 17:47:23,488 - DEBUG -     Sample: [1 0 1 0 0 1 0 0 1 0 0 0]
2025-02-23 17:47:23,488 - DEBUG -      3 |     3 |   1.5
2025-02-23 17:47:23,488 - DEBUG -     Sample: [0 0 1 0 1 1 1 0 1 0 0 0]
2025-02-23 17:47:23,489 - DEBUG -      4 |     3 |   1.5
2025-02-23 17:47:23,489 - DEBUG -     Sample: [0 0 0 0 0 1 0 0 1 1 0 0]
2025-02-23 17:47:23,489 - DEBUG -      5 |     3 |   1.5
2025-02-23 17:47:23,489 - DEBUG -     Sample: [0 0 1 0 1 0 0 0 0 0 1 0]
2025-02-23 17:47:23,490 - DEBUG - Generated 160 unique samples from 200 total measurements
2025-02-23 17:47:23,491 - INFO - Found feasible solution: [1 0 0 0 0 1 0 0 1 0 0 0] with objective value 194.0
2025-02-23 17:47:23,492 - INFO -   Found feasible solution:
2025-02-23 17:47:23,492 - INFO -     Solution: [1, 0, 0, 0, 0, 1, 0, 0, 1, 0, 0, 0]
2025-02-23 17:47:23,493 - INFO -     Value: 194.0
2025-02-23 17:47:23,493 - INFO -     Gap to reference: 0.00%
2025-02-23 17:47:23,493 - INFO -   Constraint generation solution found:
2025-02-23 17:47:23,493 - INFO -     Solution: [1, 0, 0, 0, 0, 1, 0, 0, 1, 0, 0, 0]
2025-02-23 17:47:23,493 - INFO -     Value: 194.0
2025-02-23 17:47:23,493 - INFO - 
Instance 1 results:
2025-02-23 17:47:23,493 - INFO -   Classical value: 194.0
2025-02-23 17:47:23,494 - INFO -   QAOA value: 0.0
2025-02-23 17:47:23,494 - INFO -   Constraint generation value: 194.0
2025-02-23 17:47:23,494 - INFO - 
Running instance 2/100
2025-02-23 17:47:23,496 - INFO - 
Running Classical Reference Solver (SCIP):
2025-02-23 17:47:23,497 - DEBUG - Problem dimensions: 40 constraints, 12 variables
2025-02-23 17:47:23,497 - DEBUG - Row names: ['ELEM1', 'ELEM2', 'ELEM3', 'ELEM4', 'ELEM5', 'ELEM6', 'ELEM7', 'ELEM8', 'ELEM9', 'ELEM10', 'ELEM11', 'ELEM12', 'ELEM13', 'ELEM14', 'ELEM15', 'ELEM16', 'ELEM17', 'ELEM18', 'ELEM19', 'ELEM20', 'ELEM21', 'ELEM22', 'ELEM23', 'ELEM24', 'ELEM25', 'ELEM26', 'ELEM27', 'ELEM28', 'ELEM29', 'ELEM30', 'ELEM31', 'ELEM32', 'ELEM33', 'ELEM34', 'ELEM35', 'ELEM36', 'ELEM37', 'ELEM38', 'ELEM39', 'ELEM40']
2025-02-23 17:47:23,497 - DEBUG - RHS values: {'ELEM1': 1.0, 'ELEM2': 1.0, 'ELEM3': 1.0, 'ELEM4': 1.0, 'ELEM5': 1.0, 'ELEM6': 1.0, 'ELEM7': 1.0, 'ELEM8': 1.0, 'ELEM9': 1.0, 'ELEM10': 1.0, 'ELEM11': 1.0, 'ELEM12': 1.0, 'ELEM13': 1.0, 'ELEM14': 1.0, 'ELEM15': 1.0, 'ELEM16': 1.0, 'ELEM17': 1.0, 'ELEM18': 1.0, 'ELEM19': 1.0, 'ELEM20': 1.0, 'ELEM21': 1.0, 'ELEM22': 1.0, 'ELEM23': 1.0, 'ELEM24': 1.0, 'ELEM25': 1.0, 'ELEM26': 1.0, 'ELEM27': 1.0, 'ELEM28': 1.0, 'ELEM29': 1.0, 'ELEM30': 1.0, 'ELEM31': 1.0, 'ELEM32': 1.0, 'ELEM33': 1.0, 'ELEM34': 1.0, 'ELEM35': 1.0, 'ELEM36': 1.0, 'ELEM37': 1.0, 'ELEM38': 1.0, 'ELEM39': 1.0, 'ELEM40': 1.0}
2025-02-23 17:47:23,508 - INFO -   Reference solution found:
2025-02-23 17:47:23,509 - INFO -     Solution: [1, 0, 0, 1, 0, 1, 0, 0, 1, 1, 0, 0]
2025-02-23 17:47:23,509 - INFO -     Value: 253.0
2025-02-23 17:47:23,509 - INFO - 
Running QAOA Reference Solution (with all constraints):
