
Problem information:
  Number of variables (n): 12
  Number of constraints (m): 40

Starting reference QAOA with parameters:
  sample_size (total shots): 200
Added all constraints
No feasible solution found
  QAOA solver found no feasible solution

Running Constraint Generation:

Problem information:
  Number of variables (n): 12
  Number of constraints (m): 40

Running classical reference solver:
  Reference solution found:
    Solution: [1, 0, 0, 0, 0, 1, 0, 0, 1, 0, 0, 0]
    Value: 194.0

Starting quantum constraint generation with parameters:
  sample_size (total shots): 200
  tau: 0.1
  max_iters: 1000

Iteration 0:
  No feasible solution found in this iteration
  Added 2 new constraints: [12, 30]

Iteration 1:
  No feasible solution found in this iteration
  Added 1 new constraints: [36]

Iteration 2:
  No feasible solution found in this iteration
  Added 1 new constraints: [26]

Iteration 3:
  No feasible solution found in this iteration
  No new constraints added, lowered tau multiplier: 1.0 -> 0.9
  Added 3 new constraints: [16, 35, 38]

Iteration 4:
  No feasible solution found in this iteration
  Added 1 new constraints: [32]

Iteration 5:
Found feasible solution: [1 0 0 0 0 1 0 0 1 0 0 0] with objective value 194.0
  Found feasible solution:
    Solution: [1, 0, 0, 0, 0, 1, 0, 0, 1, 0, 0, 0]
    Value: 194.0
    Gap to reference: 0.00%
  Constraint generation solution found:
    Solution: [1, 0, 0, 0, 0, 1, 0, 0, 1, 0, 0, 0]
    Value: 194.0

Instance 1 results:
  Classical value: 194.0
  QAOA value: 0.0
  Constraint generation value: 194.0

Running instance 2/100

Running Classical Reference Solver (SCIP):
  Reference solution found:
    Solution: [1, 0, 0, 1, 0, 1, 0, 0, 1, 1, 0, 0]
    Value: 253.0

Running QAOA Reference Solution (with all constraints):
