2025-02-10 13:52:25,743 - INFO - 
Problem information:
2025-02-10 13:52:25,744 - INFO -   Number of variables (n): 15
2025-02-10 13:52:25,744 - INFO -   Number of constraints (m): 60
2025-02-10 13:52:25,744 - DEBUG -   Density of A: 15.00%
2025-02-10 13:52:25,744 - INFO - Starting constraint generation with parameters:
2025-02-10 13:52:25,744 - INFO -   sample_size (total shots): 1000
2025-02-10 13:52:25,744 - INFO -   tau: 0.0
2025-02-10 13:52:25,744 - INFO -   max_iters: 1000
2025-02-10 13:52:25,744 - INFO - 
Iteration 0:
2025-02-10 13:52:25,745 - DEBUG - Generated Ising Hamiltonian
2025-02-10 13:52:25,950 - DEBUG - Optimizing QAOA circuit...
2025-02-10 13:52:26,897 - DEBUG - Circuit optimization successful, final value: -12.299700299700298
2025-02-10 13:52:26,897 - DEBUG - Sampling from optimized circuit...
2025-02-10 13:52:26,918 - DEBUG - Generated 595 unique samples from 1000 total measurements
2025-02-10 13:52:26,927 - INFO -   No feasible solution found in this iteration
2025-02-10 13:52:26,928 - INFO -   Added 1 new constraints: [19]
2025-02-10 13:52:26,928 - INFO - 
Iteration 1:
2025-02-10 13:52:26,929 - DEBUG - Generated Ising Hamiltonian
2025-02-10 13:52:27,126 - DEBUG - Optimizing QAOA circuit...
2025-02-10 13:52:28,468 - DEBUG - Circuit optimization successful, final value: 36.19780219780219
2025-02-10 13:52:28,468 - DEBUG - Sampling from optimized circuit...
2025-02-10 13:52:28,492 - DEBUG - Generated 564 unique samples from 1000 total measurements
2025-02-10 13:52:28,500 - INFO -   No feasible solution found in this iteration
2025-02-10 13:52:28,501 - INFO -   Added 1 new constraints: [47]
2025-02-10 13:52:28,501 - INFO - 
Iteration 2:
2025-02-10 13:52:28,501 - DEBUG - Generated Ising Hamiltonian
2025-02-10 13:52:28,668 - DEBUG - Optimizing QAOA circuit...
2025-02-10 13:52:29,624 - DEBUG - Circuit optimization successful, final value: -18.065934065934066
2025-02-10 13:52:29,624 - DEBUG - Sampling from optimized circuit...
2025-02-10 13:52:29,652 - DEBUG - Generated 608 unique samples from 1000 total measurements
2025-02-10 13:52:29,661 - INFO -   No feasible solution found in this iteration
2025-02-10 13:52:29,662 - INFO -   Added 1 new constraints: [2]
2025-02-10 13:52:29,663 - INFO - 
Iteration 3:
2025-02-10 13:52:29,663 - DEBUG - Generated Ising Hamiltonian
2025-02-10 13:52:29,837 - DEBUG - Optimizing QAOA circuit...
2025-02-10 13:52:31,502 - DEBUG - Circuit optimization successful, final value: -65.11488511488508
2025-02-10 13:52:31,502 - DEBUG - Sampling from optimized circuit...
2025-02-10 13:52:31,525 - DEBUG - Generated 546 unique samples from 1000 total measurements
2025-02-10 13:52:31,531 - INFO -   No feasible solution found in this iteration
2025-02-10 13:52:31,532 - INFO -   Added 1 new constraints: [27]
2025-02-10 13:52:31,532 - INFO - 
Iteration 4:
2025-02-10 13:52:31,532 - DEBUG - Generated Ising Hamiltonian
2025-02-10 13:52:31,692 - DEBUG - Optimizing QAOA circuit...
2025-02-10 13:52:33,520 - DEBUG - Circuit optimization successful, final value: 27.986013986014
2025-02-10 13:52:33,520 - DEBUG - Sampling from optimized circuit...
2025-02-10 13:52:33,625 - DEBUG - Generated 685 unique samples from 1000 total measurements
2025-02-10 13:52:33,639 - INFO -   No feasible solution found in this iteration
2025-02-10 13:52:33,640 - INFO -   Added 1 new constraints: [39]
2025-02-10 13:52:33,640 - INFO - 
Iteration 5:
2025-02-10 13:52:33,641 - DEBUG - Generated Ising Hamiltonian
2025-02-10 13:52:33,868 - DEBUG - Optimizing QAOA circuit...
2025-02-10 13:52:36,466 - DEBUG - Circuit optimization successful, final value: -228.07192807192803
2025-02-10 13:52:36,467 - DEBUG - Sampling from optimized circuit...
2025-02-10 13:52:36,514 - DEBUG - Generated 780 unique samples from 1000 total measurements
2025-02-10 13:52:36,528 - INFO -   No feasible solution found in this iteration
2025-02-10 13:52:36,528 - INFO -   Added 1 new constraints: [46]
2025-02-10 13:52:36,529 - INFO - 
Iteration 6:
2025-02-10 13:52:36,529 - DEBUG - Generated Ising Hamiltonian
2025-02-10 13:52:36,748 - DEBUG - Optimizing QAOA circuit...
2025-02-10 13:52:38,829 - DEBUG - Circuit optimization successful, final value: -34.5154845154845
2025-02-10 13:52:38,830 - DEBUG - Sampling from optimized circuit...
2025-02-10 13:52:38,868 - DEBUG - Generated 720 unique samples from 1000 total measurements
2025-02-10 13:52:38,879 - INFO -   No feasible solution found in this iteration
2025-02-10 13:52:38,880 - INFO -   No new constraints added, lowered tau multiplier: 1.0 -> 0.9
2025-02-10 13:52:38,881 - INFO -   No new constraints added, lowered tau multiplier: 0.9 -> 0.8
2025-02-10 13:52:38,881 - INFO -   Added 2 new constraints: [41, 42]
2025-02-10 13:52:38,882 - INFO - 
Iteration 7:
2025-02-10 13:52:38,883 - DEBUG - Generated Ising Hamiltonian
2025-02-10 13:52:39,075 - DEBUG - Optimizing QAOA circuit...
2025-02-10 13:52:41,192 - DEBUG - Circuit optimization successful, final value: -91.70029970029968
2025-02-10 13:52:41,192 - DEBUG - Sampling from optimized circuit...
2025-02-10 13:52:41,237 - DEBUG - Generated 773 unique samples from 1000 total measurements
2025-02-10 13:52:41,250 - INFO -   No feasible solution found in this iteration
2025-02-10 13:52:41,251 - INFO -   Added 1 new constraints: [35]
2025-02-10 13:52:41,251 - INFO - 
Iteration 8:
2025-02-10 13:52:41,251 - DEBUG - Generated Ising Hamiltonian
2025-02-10 13:52:41,458 - DEBUG - Optimizing QAOA circuit...
2025-02-10 13:52:44,244 - DEBUG - Circuit optimization successful, final value: -74.64935064935064
2025-02-10 13:52:44,244 - DEBUG - Sampling from optimized circuit...
2025-02-10 13:52:44,282 - DEBUG - Generated 945 unique samples from 1000 total measurements
2025-02-10 13:52:44,297 - INFO -   No feasible solution found in this iteration
2025-02-10 13:52:44,298 - INFO -   No new constraints added, lowered tau multiplier: 1.0 -> 0.9
2025-02-10 13:52:44,298 - INFO -   No new constraints added, lowered tau multiplier: 0.9 -> 0.8
2025-02-10 13:52:44,298 - INFO -   Added 9 new constraints: [0, 1, 10, 28, 36, 37, 45, 54, 55]
2025-02-10 13:52:44,298 - INFO - 
Iteration 9:
2025-02-10 13:52:44,299 - DEBUG - Generated Ising Hamiltonian
2025-02-10 13:52:44,508 - DEBUG - Optimizing QAOA circuit...
2025-02-10 13:52:47,115 - DEBUG - Circuit optimization successful, final value: 21.668331668331664
2025-02-10 13:52:47,115 - DEBUG - Sampling from optimized circuit...
2025-02-10 13:52:47,156 - DEBUG - Generated 937 unique samples from 1000 total measurements
2025-02-10 13:52:47,168 - INFO -   No feasible solution found in this iteration
2025-02-10 13:52:47,169 - INFO -   No new constraints added, lowered tau multiplier: 1.0 -> 0.9
2025-02-10 13:52:47,169 - INFO -   Added 2 new constraints: [9, 18]
2025-02-10 13:52:47,169 - INFO - 
Iteration 10:
2025-02-10 13:52:47,170 - DEBUG - Generated Ising Hamiltonian
2025-02-10 13:52:47,370 - DEBUG - Optimizing QAOA circuit...
2025-02-10 13:52:49,922 - DEBUG - Circuit optimization successful, final value: -106.3636363636364
2025-02-10 13:52:49,923 - DEBUG - Sampling from optimized circuit...
2025-02-10 13:52:49,981 - DEBUG - Generated 585 unique samples from 1000 total measurements
2025-02-10 13:52:49,991 - INFO -   No feasible solution found in this iteration
2025-02-10 13:52:49,992 - INFO -   No new constraints added, lowered tau multiplier: 1.0 -> 0.9
2025-02-10 13:52:49,992 - INFO -   Added 7 new constraints: [7, 8, 16, 17, 48, 50, 51]
2025-02-10 13:52:49,992 - INFO - 
Iteration 11:
2025-02-10 13:52:49,993 - DEBUG - Generated Ising Hamiltonian
2025-02-10 13:52:50,243 - DEBUG - Optimizing QAOA circuit...
2025-02-10 13:52:53,748 - DEBUG - Circuit optimization successful, final value: -26.827172827172834
2025-02-10 13:52:53,748 - DEBUG - Sampling from optimized circuit...
2025-02-10 13:52:53,823 - DEBUG - Generated 981 unique samples from 1000 total measurements
2025-02-10 13:52:53,845 - INFO -   No feasible solution found in this iteration
2025-02-10 13:52:53,845 - INFO -   No new constraints added, lowered tau multiplier: 1.0 -> 0.9
2025-02-10 13:52:53,846 - INFO -   No new constraints added, lowered tau multiplier: 0.9 -> 0.8
2025-02-10 13:52:53,846 - INFO -   No new constraints added, lowered tau multiplier: 0.8 -> 0.7
2025-02-10 13:52:53,846 - INFO -   Added 32 new constraints: [3, 4, 5, 6, 11, 12, 13, 14, 15, 21, 22, 23, 24, 25, 26, 29, 30, 31, 32, 33, 34, 38, 40, 43, 44, 49, 52, 53, 56, 57, 58, 59]
2025-02-10 13:52:53,846 - INFO - 
Iteration 12:
2025-02-10 13:52:53,847 - DEBUG - Generated Ising Hamiltonian
2025-02-10 13:52:54,180 - DEBUG - Optimizing QAOA circuit...
2025-02-10 13:52:58,485 - DEBUG - Circuit optimization successful, final value: 18.22377622377622
2025-02-10 13:52:58,485 - DEBUG - Sampling from optimized circuit...
2025-02-10 13:52:58,607 - DEBUG - Generated 982 unique samples from 1000 total measurements
2025-02-10 13:52:58,624 - INFO -   No feasible solution found in this iteration
2025-02-10 13:52:58,626 - INFO -   No new constraints added, lowered tau multiplier: 1.0 -> 0.9
2025-02-10 13:52:58,626 - INFO -   No new constraints added, lowered tau multiplier: 0.9 -> 0.8
2025-02-10 13:52:58,626 - INFO -   No new constraints added, lowered tau multiplier: 0.8 -> 0.7
2025-02-10 13:52:58,626 - INFO -   Added 1 new constraints: [20]
2025-02-10 13:52:58,626 - INFO - 
Constraint generation completed:
2025-02-10 13:52:58,626 - INFO -   Total iterations: 13
2025-02-10 13:52:58,627 - INFO -   No feasible solution found
