2025-02-23 18:08:35,285 - INFO - 
Problem information:
2025-02-23 18:08:35,285 - INFO -   Number of variables (n): 12
2025-02-23 18:08:35,285 - INFO -   Number of constraints (m): 40
2025-02-23 18:08:35,285 - DEBUG -   Density of A: 18.54%
2025-02-23 18:08:35,285 - INFO - 
Starting reference QAOA with parameters:
2025-02-23 18:08:35,286 - INFO -   sample_size (total shots): 200
2025-02-23 18:08:35,286 - INFO - Added all constraints
2025-02-23 18:08:35,286 - DEBUG - Generated Ising Hamiltonian
2025-02-23 18:08:35,561 - DEBUG - Optimizing QAOA circuit...
2025-02-23 18:08:37,290 - DEBUG - Circuit optimization successful
2025-02-23 18:08:37,290 - DEBUG - Circuit optimization successful, final value: -10378.478521478524
2025-02-23 18:08:37,291 - DEBUG - Sampling from optimized circuit...
2025-02-23 18:08:37,309 - DEBUG - Generated 125 unique samples from 200 total measurements
2025-02-23 18:08:37,309 - DEBUG - 
Top 5 most frequent samples:
2025-02-23 18:08:37,310 - DEBUG -   Rank | Count |   %   
2025-02-23 18:08:37,310 - DEBUG -   -----|-------|-------
2025-02-23 18:08:37,310 - DEBUG -      1 |    12 |   6.0
2025-02-23 18:08:37,311 - DEBUG -     Sample: [0 0 1 1 0 0 1 1 0 0 0 1]
2025-02-23 18:08:37,311 - DEBUG -      2 |     6 |   3.0
2025-02-23 18:08:37,311 - DEBUG -     Sample: [0 0 1 1 1 0 1 1 1 0 0 1]
2025-02-23 18:08:37,311 - DEBUG -      3 |     6 |   3.0
2025-02-23 18:08:37,311 - DEBUG -     Sample: [0 0 1 1 1 0 1 1 0 0 0 1]
2025-02-23 18:08:37,312 - DEBUG -      4 |     6 |   3.0
2025-02-23 18:08:37,312 - DEBUG -     Sample: [1 0 1 1 1 0 1 1 1 0 0 0]
2025-02-23 18:08:37,312 - DEBUG -      5 |     5 |   2.5
2025-02-23 18:08:37,312 - DEBUG -     Sample: [0 0 1 1 0 0 1 1 0 0 0 0]
2025-02-23 18:08:37,313 - DEBUG - Generated 125 unique samples from 200 total measurements
2025-02-23 18:08:37,316 - INFO - No feasible solution found
2025-02-23 18:08:37,316 - INFO -   QAOA solver found no feasible solution
2025-02-23 18:08:37,316 - INFO - 
Running Constraint Generation:
2025-02-23 18:08:37,318 - INFO - 
Problem information:
2025-02-23 18:08:37,318 - INFO -   Number of variables (n): 12
2025-02-23 18:08:37,319 - INFO -   Number of constraints (m): 40
2025-02-23 18:08:37,319 - DEBUG -   Density of A: 18.54%
2025-02-23 18:08:37,319 - INFO - 
Running classical reference solver:
2025-02-23 18:08:37,333 - INFO -   Reference solution found:
2025-02-23 18:08:37,333 - INFO -     Solution: [0, 1, 0, 1, 1, 0, 1, 0, 0, 0, 0, 0]
2025-02-23 18:08:37,334 - INFO -     Value: 200.0
2025-02-23 18:08:37,334 - INFO - 
Starting quantum constraint generation with parameters:
2025-02-23 18:08:37,334 - INFO -   sample_size (total shots): 200
2025-02-23 18:08:37,334 - INFO -   tau: 0.1
2025-02-23 18:08:37,334 - INFO -   max_iters: 1000
2025-02-23 18:08:37,334 - INFO - 
Iteration 0:
2025-02-23 18:08:37,335 - DEBUG - Generated Ising Hamiltonian
2025-02-23 18:08:37,589 - DEBUG - Optimizing QAOA circuit...
2025-02-23 18:08:38,800 - DEBUG - Circuit optimization successful
2025-02-23 18:08:38,800 - DEBUG - Circuit optimization successful, final value: -263.02797202797206
2025-02-23 18:08:38,800 - DEBUG - Sampling from optimized circuit...
2025-02-23 18:08:38,815 - DEBUG - Generated 86 unique samples from 200 total measurements
2025-02-23 18:08:38,816 - DEBUG - 
Top 5 most frequent samples:
2025-02-23 18:08:38,816 - DEBUG -   Rank | Count |   %   
2025-02-23 18:08:38,816 - DEBUG -   -----|-------|-------
2025-02-23 18:08:38,816 - DEBUG -      1 |    11 |   5.5
2025-02-23 18:08:38,816 - DEBUG -     Sample: [1 0 1 1 1 1 1 1 0 1 1 1]
2025-02-23 18:08:38,816 - DEBUG -      2 |     9 |   4.5
2025-02-23 18:08:38,817 - DEBUG -     Sample: [1 0 1 1 1 1 1 1 1 1 1 1]
2025-02-23 18:08:38,817 - DEBUG -      3 |     8 |   4.0
2025-02-23 18:08:38,817 - DEBUG -     Sample: [1 0 1 1 0 1 1 1 1 1 1 1]
2025-02-23 18:08:38,817 - DEBUG -      4 |     8 |   4.0
2025-02-23 18:08:38,818 - DEBUG -     Sample: [1 0 1 1 0 1 1 0 1 1 1 1]
2025-02-23 18:08:38,818 - DEBUG -      5 |     8 |   4.0
2025-02-23 18:08:38,818 - DEBUG -     Sample: [1 0 1 1 1 1 0 0 1 1 1 1]
2025-02-23 18:08:38,819 - DEBUG - Generated 86 unique samples from 200 total measurements
2025-02-23 18:08:38,821 - INFO -   No feasible solution found in this iteration
2025-02-23 18:08:38,822 - INFO -   Added 1 new constraints: [37]
2025-02-23 18:08:38,822 - INFO - 
Iteration 1:
2025-02-23 18:08:38,822 - DEBUG - Generated Ising Hamiltonian
2025-02-23 18:08:39,047 - DEBUG - Optimizing QAOA circuit...
2025-02-23 18:08:40,566 - DEBUG - Circuit optimization successful
2025-02-23 18:08:40,566 - DEBUG - Circuit optimization successful, final value: -1634.6446053946054
2025-02-23 18:08:40,566 - DEBUG - Sampling from optimized circuit...
2025-02-23 18:08:40,665 - DEBUG - Generated 192 unique samples from 200 total measurements
2025-02-23 18:08:40,666 - DEBUG - 
Top 5 most frequent samples:
2025-02-23 18:08:40,666 - DEBUG -   Rank | Count |   %   
2025-02-23 18:08:40,666 - DEBUG -   -----|-------|-------
2025-02-23 18:08:40,666 - DEBUG -      1 |     2 |   1.0
2025-02-23 18:08:40,667 - DEBUG -     Sample: [0 0 0 1 1 0 1 1 1 0 1 0]
2025-02-23 18:08:40,667 - DEBUG -      2 |     2 |   1.0
2025-02-23 18:08:40,668 - DEBUG -     Sample: [0 1 0 0 0 0 0 1 0 0 0 1]
2025-02-23 18:08:40,668 - DEBUG -      3 |     2 |   1.0
2025-02-23 18:08:40,669 - DEBUG -     Sample: [0 1 0 0 1 0 0 0 1 0 1 0]
2025-02-23 18:08:40,670 - DEBUG -      4 |     2 |   1.0
2025-02-23 18:08:40,670 - DEBUG -     Sample: [1 1 0 0 1 0 0 0 1 1 0 0]
2025-02-23 18:08:40,671 - DEBUG -      5 |     2 |   1.0
2025-02-23 18:08:40,671 - DEBUG -     Sample: [0 1 1 0 0 0 0 1 0 0 0 1]
2025-02-23 18:08:40,672 - DEBUG - Generated 192 unique samples from 200 total measurements
2025-02-23 18:08:40,676 - INFO -   No feasible solution found in this iteration
2025-02-23 18:08:40,677 - INFO -   Added 1 new constraints: [32]
2025-02-23 18:08:40,677 - INFO - 
Iteration 2:
2025-02-23 18:08:40,677 - DEBUG - Generated Ising Hamiltonian
2025-02-23 18:08:40,876 - DEBUG - Optimizing QAOA circuit...
2025-02-23 18:08:42,041 - DEBUG - Circuit optimization successful
2025-02-23 18:08:42,041 - DEBUG - Circuit optimization successful, final value: -2842.5364635364635
2025-02-23 18:08:42,041 - DEBUG - Sampling from optimized circuit...
2025-02-23 18:08:42,055 - DEBUG - Generated 138 unique samples from 200 total measurements
2025-02-23 18:08:42,055 - DEBUG - 
Top 5 most frequent samples:
2025-02-23 18:08:42,056 - DEBUG -   Rank | Count |   %   
2025-02-23 18:08:42,056 - DEBUG -   -----|-------|-------
2025-02-23 18:08:42,056 - DEBUG -      1 |    12 |   6.0
2025-02-23 18:08:42,057 - DEBUG -     Sample: [0 1 0 0 1 0 0 0 0 0 1 0]
2025-02-23 18:08:42,057 - DEBUG -      2 |     7 |   3.5
2025-02-23 18:08:42,057 - DEBUG -     Sample: [0 1 0 0 1 0 0 0 1 0 1 0]
2025-02-23 18:08:42,057 - DEBUG -      3 |     7 |   3.5
2025-02-23 18:08:42,057 - DEBUG -     Sample: [0 1 0 0 1 1 0 0 0 0 1 0]
2025-02-23 18:08:42,057 - DEBUG -      4 |     5 |   2.5
2025-02-23 18:08:42,058 - DEBUG -     Sample: [0 1 0 0 1 1 0 0 1 0 1 0]
2025-02-23 18:08:42,058 - DEBUG -      5 |     4 |   2.0
2025-02-23 18:08:42,058 - DEBUG -     Sample: [0 1 0 0 1 1 0 0 0 0 1 1]
2025-02-23 18:08:42,058 - DEBUG - Generated 138 unique samples from 200 total measurements
2025-02-23 18:08:42,061 - INFO -   No feasible solution found in this iteration
2025-02-23 18:08:42,062 - INFO -   Added 1 new constraints: [7]
2025-02-23 18:08:42,062 - INFO - 
Iteration 3:
2025-02-23 18:08:42,062 - DEBUG - Generated Ising Hamiltonian
2025-02-23 18:08:42,308 - DEBUG - Optimizing QAOA circuit...
2025-02-23 18:08:43,486 - DEBUG - Circuit optimization successful
2025-02-23 18:08:43,487 - DEBUG - Circuit optimization successful, final value: -2756.3648851148855
2025-02-23 18:08:43,487 - DEBUG - Sampling from optimized circuit...
2025-02-23 18:08:43,503 - DEBUG - Generated 159 unique samples from 200 total measurements
2025-02-23 18:08:43,509 - DEBUG - 
Top 5 most frequent samples:
2025-02-23 18:08:43,510 - DEBUG -   Rank | Count |   %   
2025-02-23 18:08:43,510 - DEBUG -   -----|-------|-------
2025-02-23 18:08:43,510 - DEBUG -      1 |     6 |   3.0
2025-02-23 18:08:43,510 - DEBUG -     Sample: [0 0 0 1 1 0 0 0 1 0 0 0]
2025-02-23 18:08:43,510 - DEBUG -      2 |     5 |   2.5
2025-02-23 18:08:43,511 - DEBUG -     Sample: [0 1 0 0 1 0 0 0 0 0 1 0]
2025-02-23 18:08:43,511 - DEBUG -      3 |     5 |   2.5
2025-02-23 18:08:43,511 - DEBUG -     Sample: [0 0 0 0 1 0 0 0 1 0 0 0]
2025-02-23 18:08:43,511 - DEBUG -      4 |     4 |   2.0
2025-02-23 18:08:43,512 - DEBUG -     Sample: [1 0 0 0 1 0 0 0 1 0 0 0]
2025-02-23 18:08:43,512 - DEBUG -      5 |     3 |   1.5
2025-02-23 18:08:43,512 - DEBUG -     Sample: [0 0 0 0 1 0 1 0 1 0 0 0]
2025-02-23 18:08:43,513 - DEBUG - Generated 159 unique samples from 200 total measurements
2025-02-23 18:08:43,517 - INFO -   No feasible solution found in this iteration
2025-02-23 18:08:43,518 - INFO -   Added 1 new constraints: [10]
2025-02-23 18:08:43,518 - INFO - 
Iteration 4:
2025-02-23 18:08:43,518 - DEBUG - Generated Ising Hamiltonian
2025-02-23 18:08:43,760 - DEBUG - Optimizing QAOA circuit...
2025-02-23 18:08:45,082 - DEBUG - Circuit optimization successful
2025-02-23 18:08:45,082 - DEBUG - Circuit optimization successful, final value: -1074.9355644355646
2025-02-23 18:08:45,082 - DEBUG - Sampling from optimized circuit...
2025-02-23 18:08:45,096 - DEBUG - Generated 167 unique samples from 200 total measurements
2025-02-23 18:08:45,097 - DEBUG - 
Top 5 most frequent samples:
2025-02-23 18:08:45,097 - DEBUG -   Rank | Count |   %   
2025-02-23 18:08:45,097 - DEBUG -   -----|-------|-------
2025-02-23 18:08:45,097 - DEBUG -      1 |     5 |   2.5
2025-02-23 18:08:45,097 - DEBUG -     Sample: [0 1 0 0 1 0 1 1 0 0 1 0]
2025-02-23 18:08:45,097 - DEBUG -      2 |     3 |   1.5
2025-02-23 18:08:45,098 - DEBUG -     Sample: [1 0 0 0 1 0 1 1 1 0 0 0]
2025-02-23 18:08:45,098 - DEBUG -      3 |     3 |   1.5
2025-02-23 18:08:45,098 - DEBUG -     Sample: [0 1 0 0 1 1 1 1 0 0 1 0]
2025-02-23 18:08:45,098 - DEBUG -      4 |     3 |   1.5
2025-02-23 18:08:45,098 - DEBUG -     Sample: [0 0 0 0 1 1 1 1 1 0 0 1]
2025-02-23 18:08:45,098 - DEBUG -      5 |     2 |   1.0
2025-02-23 18:08:45,098 - DEBUG -     Sample: [1 0 0 0 1 0 0 1 0 0 1 0]
2025-02-23 18:08:45,099 - DEBUG - Generated 167 unique samples from 200 total measurements
2025-02-23 18:08:45,103 - INFO -   No feasible solution found in this iteration
2025-02-23 18:08:45,103 - INFO -   No new constraints added, lowered tau multiplier: 1.0 -> 0.9
2025-02-23 18:08:45,104 - INFO -   No new constraints added, lowered tau multiplier: 0.9 -> 0.8
2025-02-23 18:08:45,104 - INFO -   Added 2 new constraints: [29, 39]
2025-02-23 18:08:45,104 - INFO - 
Iteration 5:
2025-02-23 18:08:45,105 - DEBUG - Generated Ising Hamiltonian
2025-02-23 18:08:45,320 - DEBUG - Optimizing QAOA circuit...
2025-02-23 18:08:46,617 - DEBUG - Circuit optimization successful
2025-02-23 18:08:46,618 - DEBUG - Circuit optimization successful, final value: -0.0624375624378537
2025-02-23 18:08:46,618 - DEBUG - Sampling from optimized circuit...
2025-02-23 18:08:46,632 - DEBUG - Generated 131 unique samples from 200 total measurements
2025-02-23 18:08:46,632 - DEBUG - 
Top 5 most frequent samples:
2025-02-23 18:08:46,632 - DEBUG -   Rank | Count |   %   
2025-02-23 18:08:46,632 - DEBUG -   -----|-------|-------
2025-02-23 18:08:46,632 - DEBUG -      1 |    10 |   5.0
2025-02-23 18:08:46,633 - DEBUG -     Sample: [0 0 1 1 1 0 0 1 0 1 1 1]
2025-02-23 18:08:46,633 - DEBUG -      2 |     8 |   4.0
2025-02-23 18:08:46,633 - DEBUG -     Sample: [0 1 1 1 1 0 0 0 0 1 1 1]
2025-02-23 18:08:46,633 - DEBUG -      3 |     6 |   3.0
2025-02-23 18:08:46,633 - DEBUG -     Sample: [0 0 1 1 1 0 0 0 0 1 1 1]
2025-02-23 18:08:46,633 - DEBUG -      4 |     6 |   3.0
2025-02-23 18:08:46,633 - DEBUG -     Sample: [0 1 1 1 1 0 0 1 0 1 1 1]
2025-02-23 18:08:46,634 - DEBUG -      5 |     5 |   2.5
2025-02-23 18:08:46,634 - DEBUG -     Sample: [0 1 1 1 1 0 0 1 0 1 0 1]
2025-02-23 18:08:46,634 - DEBUG - Generated 131 unique samples from 200 total measurements
2025-02-23 18:08:46,637 - INFO -   No feasible solution found in this iteration
2025-02-23 18:08:46,637 - INFO -   Added 1 new constraints: [18]
2025-02-23 18:08:46,638 - INFO - 
Iteration 6:
2025-02-23 18:08:46,638 - DEBUG - Generated Ising Hamiltonian
2025-02-23 18:08:46,845 - DEBUG - Optimizing QAOA circuit...
2025-02-23 18:08:48,146 - DEBUG - Circuit optimization successful
2025-02-23 18:08:48,147 - DEBUG - Circuit optimization successful, final value: -9342.205544455543
2025-02-23 18:08:48,147 - DEBUG - Sampling from optimized circuit...
2025-02-23 18:08:48,163 - DEBUG - Generated 133 unique samples from 200 total measurements
2025-02-23 18:08:48,164 - DEBUG - 
Top 5 most frequent samples:
2025-02-23 18:08:48,164 - DEBUG -   Rank | Count |   %   
2025-02-23 18:08:48,164 - DEBUG -   -----|-------|-------
2025-02-23 18:08:48,164 - DEBUG -      1 |     8 |   4.0
2025-02-23 18:08:48,164 - DEBUG -     Sample: [1 0 0 1 1 1 0 1 0 0 1 0]
2025-02-23 18:08:48,164 - DEBUG -      2 |     6 |   3.0
2025-02-23 18:08:48,164 - DEBUG -     Sample: [1 0 0 1 1 1 0 1 0 0 1 1]
2025-02-23 18:08:48,165 - DEBUG -      3 |     6 |   3.0
2025-02-23 18:08:48,165 - DEBUG -     Sample: [0 0 0 1 1 1 0 1 0 0 1 0]
2025-02-23 18:08:48,165 - DEBUG -      4 |     5 |   2.5
2025-02-23 18:08:48,165 - DEBUG -     Sample: [0 0 0 1 1 0 0 1 0 0 1 0]
2025-02-23 18:08:48,165 - DEBUG -      5 |     5 |   2.5
2025-02-23 18:08:48,165 - DEBUG -     Sample: [1 0 0 1 1 1 0 0 0 0 1 0]
2025-02-23 18:08:48,166 - DEBUG - Generated 133 unique samples from 200 total measurements
2025-02-23 18:08:48,168 - INFO -   No feasible solution found in this iteration
2025-02-23 18:08:48,169 - INFO -   Added 1 new constraints: [1]
2025-02-23 18:08:48,169 - INFO - 
Iteration 7:
2025-02-23 18:08:48,170 - DEBUG - Generated Ising Hamiltonian
2025-02-23 18:08:48,383 - DEBUG - Optimizing QAOA circuit...
2025-02-23 18:08:49,713 - DEBUG - Circuit optimization successful
2025-02-23 18:08:49,714 - DEBUG - Circuit optimization successful, final value: -2139.1453546453545
2025-02-23 18:08:49,714 - DEBUG - Sampling from optimized circuit...
2025-02-23 18:08:49,731 - DEBUG - Generated 181 unique samples from 200 total measurements
2025-02-23 18:08:49,731 - DEBUG - 
Top 5 most frequent samples:
2025-02-23 18:08:49,731 - DEBUG -   Rank | Count |   %   
2025-02-23 18:08:49,731 - DEBUG -   -----|-------|-------
2025-02-23 18:08:49,731 - DEBUG -      1 |     3 |   1.5
2025-02-23 18:08:49,732 - DEBUG -     Sample: [0 1 1 1 0 1 0 0 0 0 1 0]
2025-02-23 18:08:49,732 - DEBUG -      2 |     3 |   1.5
2025-02-23 18:08:49,732 - DEBUG -     Sample: [0 0 1 1 1 1 0 0 1 0 1 0]
2025-02-23 18:08:49,732 - DEBUG -      3 |     3 |   1.5
2025-02-23 18:08:49,732 - DEBUG -     Sample: [0 1 1 1 0 1 1 0 1 0 0 0]
2025-02-23 18:08:49,732 - DEBUG -      4 |     2 |   1.0
2025-02-23 18:08:49,733 - DEBUG -     Sample: [0 1 0 1 0 1 0 0 1 0 0 0]
2025-02-23 18:08:49,733 - DEBUG -      5 |     2 |   1.0
2025-02-23 18:08:49,733 - DEBUG -     Sample: [0 1 0 1 0 1 0 0 0 0 1 1]
2025-02-23 18:08:49,734 - DEBUG - Generated 181 unique samples from 200 total measurements
2025-02-23 18:08:49,735 - INFO - Found feasible solution: [0 1 0 1 1 0 1 0 0 0 0 0] with objective value 200.0
2025-02-23 18:08:49,738 - INFO -   Found feasible solution:
2025-02-23 18:08:49,738 - INFO -     Solution: [0, 1, 0, 1, 1, 0, 1, 0, 0, 0, 0, 0]
2025-02-23 18:08:49,738 - INFO -     Value: 200.0
2025-02-23 18:08:49,738 - INFO -     Gap to reference: 0.00%
2025-02-23 18:08:49,739 - INFO -   Constraint generation solution found:
2025-02-23 18:08:49,739 - INFO -     Solution: [0, 1, 0, 1, 1, 0, 1, 0, 0, 0, 0, 0]
2025-02-23 18:08:49,739 - INFO -     Value: 200.0
2025-02-23 18:08:49,739 - INFO - 
Instance 64 results:
2025-02-23 18:08:49,739 - INFO -   Classical value: 200.0
2025-02-23 18:08:49,739 - INFO -   QAOA value: 0.0
2025-02-23 18:08:49,740 - INFO -   Constraint generation value: 200.0
2025-02-23 18:08:49,740 - INFO - 
Running instance 65/100
2025-02-23 18:08:49,742 - INFO - 
Running Classical Reference Solver (SCIP):
2025-02-23 18:08:49,743 - DEBUG - Problem dimensions: 40 constraints, 12 variables
2025-02-23 18:08:49,743 - DEBUG - Row names: ['ELEM1', 'ELEM2', 'ELEM3', 'ELEM4', 'ELEM5', 'ELEM6', 'ELEM7', 'ELEM8', 'ELEM9', 'ELEM10', 'ELEM11', 'ELEM12', 'ELEM13', 'ELEM14', 'ELEM15', 'ELEM16', 'ELEM17', 'ELEM18', 'ELEM19', 'ELEM20', 'ELEM21', 'ELEM22', 'ELEM23', 'ELEM24', 'ELEM25', 'ELEM26', 'ELEM27', 'ELEM28', 'ELEM29', 'ELEM30', 'ELEM31', 'ELEM32', 'ELEM33', 'ELEM34', 'ELEM35', 'ELEM36', 'ELEM37', 'ELEM38', 'ELEM39', 'ELEM40']
2025-02-23 18:08:49,743 - DEBUG - RHS values: {'ELEM1': 1.0, 'ELEM2': 1.0, 'ELEM3': 1.0, 'ELEM4': 1.0, 'ELEM5': 1.0, 'ELEM6': 1.0, 'ELEM7': 1.0, 'ELEM8': 1.0, 'ELEM9': 1.0, 'ELEM10': 1.0, 'ELEM11': 1.0, 'ELEM12': 1.0, 'ELEM13': 1.0, 'ELEM14': 1.0, 'ELEM15': 1.0, 'ELEM16': 1.0, 'ELEM17': 1.0, 'ELEM18': 1.0, 'ELEM19': 1.0, 'ELEM20': 1.0, 'ELEM21': 1.0, 'ELEM22': 1.0, 'ELEM23': 1.0, 'ELEM24': 1.0, 'ELEM25': 1.0, 'ELEM26': 1.0, 'ELEM27': 1.0, 'ELEM28': 1.0, 'ELEM29': 1.0, 'ELEM30': 1.0, 'ELEM31': 1.0, 'ELEM32': 1.0, 'ELEM33': 1.0, 'ELEM34': 1.0, 'ELEM35': 1.0, 'ELEM36': 1.0, 'ELEM37': 1.0, 'ELEM38': 1.0, 'ELEM39': 1.0, 'ELEM40': 1.0}
2025-02-23 18:08:49,755 - INFO -   Reference solution found:
2025-02-23 18:08:49,755 - INFO -     Solution: [1, 1, 0, 0, 0, 0, 0, 1, 1, 1, 0, 0]
2025-02-23 18:08:49,755 - INFO -     Value: 249.0
2025-02-23 18:08:49,755 - INFO - 
Running QAOA Reference Solution (with all constraints):
