
Problem information:
  Number of variables (n): 12
  Number of constraints (m): 40

Starting reference QAOA with parameters:
  sample_size (total shots): 200
Added all constraints
No feasible solution found
  QAOA solver found no feasible solution

Running Constraint Generation:

Problem information:
  Number of variables (n): 12
  Number of constraints (m): 40

Running classical reference solver:
  Reference solution found:
    Solution: [1, 0, 0, 0, 0, 0, 1, 1, 0, 1, 0, 0]
    Value: 165.0

Starting quantum constraint generation with parameters:
  sample_size (total shots): 200
  tau: 0.1
  max_iters: 1000

Iteration 0:
  No feasible solution found in this iteration
  Added 2 new constraints: [17, 26]

Iteration 1:
  No feasible solution found in this iteration
  Added 1 new constraints: [28]

Iteration 2:
  No feasible solution found in this iteration
  Added 1 new constraints: [20]

Iteration 3:
  No feasible solution found in this iteration
  Added 1 new constraints: [6]

Iteration 4:
  No feasible solution found in this iteration
  Added 1 new constraints: [36]

Iteration 5:
  No feasible solution found in this iteration
  Added 3 new constraints: [11, 15, 21]

Iteration 6:
  No feasible solution found in this iteration
  No new constraints added, lowered tau multiplier: 1.0 -> 0.9
  Added 1 new constraints: [14]

Iteration 7:
  No feasible solution found in this iteration
  Added 1 new constraints: [38]

Iteration 8:
  No feasible solution found in this iteration
  Added 1 new constraints: [10]

Iteration 9:
  No feasible solution found in this iteration
  No new constraints added, lowered tau multiplier: 1.0 -> 0.9
  Added 3 new constraints: [2, 12, 23]

Iteration 10:
  No feasible solution found in this iteration
  No new constraints added, lowered tau multiplier: 1.0 -> 0.9
  Added 2 new constraints: [5, 9]

Iteration 11:
  No feasible solution found in this iteration
  Added 1 new constraints: [25]

Iteration 12:
  No feasible solution found in this iteration
  Added 3 new constraints: [3, 8, 31]

Iteration 13:
  No feasible solution found in this iteration
  No new constraints added, lowered tau multiplier: 1.0 -> 0.9
  Added 2 new constraints: [22, 34]

Iteration 14:
  No feasible solution found in this iteration
  No new constraints added, lowered tau multiplier: 1.0 -> 0.9
  No new constraints added, lowered tau multiplier: 0.9 -> 0.8
  Added 9 new constraints: [4, 7, 16, 18, 19, 24, 30, 32, 35]

Iteration 15:
  No feasible solution found in this iteration
  Added 2 new constraints: [0, 37]

Iteration 16:
  No feasible solution found in this iteration
  No new constraints added, lowered tau multiplier: 1.0 -> 0.9
  No new constraints added, lowered tau multiplier: 0.9 -> 0.8
  No new constraints added, lowered tau multiplier: 0.8 -> 0.7
  Added 2 new constraints: [13, 29]

Iteration 17:
  No feasible solution found in this iteration
  No new constraints added, lowered tau multiplier: 1.0 -> 0.9
  Added 4 new constraints: [1, 27, 33, 39]

Iteration 18:
  No feasible solution found in this iteration
  All constraints added, exiting
  Constraint generation found no feasible solution

Instance 85 results:
  Classical value: 165.0
  QAOA value: 0.0
  Constraint generation value: 0.0

Running instance 86/100

Running Classical Reference Solver (SCIP):
  Reference solution found:
    Solution: [0, 0, 1, 1, 1, 0, 0, 0, 0, 0, 1, 0]
    Value: 161.0

Running QAOA Reference Solution (with all constraints):
