
Problem information:
  Number of variables (n): 10
  Number of constraints (m): 30

Starting reference QAOA with parameters:
  sample_size (total shots): 200
Added all constraints
No feasible solution found
  QAOA solver found no feasible solution

Running Constraint Generation:

Problem information:
  Number of variables (n): 10
  Number of constraints (m): 30

Running classical reference solver:
  Reference solution found:
    Solution: [0, 0, 0, 0, 1, 0, 1, 1, 0, 0]
    Value: 89.0

Starting quantum constraint generation with parameters:
  sample_size (total shots): 200
  tau: 0.1
  max_iters: 1000

Iteration 0:
  No feasible solution found in this iteration
  Added 1 new constraints: [10]

Iteration 1:
  No feasible solution found in this iteration
  No new constraints added, lowered tau multiplier: 1.0 -> 0.9
  No new constraints added, lowered tau multiplier: 0.9 -> 0.8
  No new constraints added, lowered tau multiplier: 0.8 -> 0.7
  Added 4 new constraints: [5, 6, 14, 22]

Iteration 2:
  No feasible solution found in this iteration
  No new constraints added, lowered tau multiplier: 1.0 -> 0.9
  No new constraints added, lowered tau multiplier: 0.9 -> 0.8
  No new constraints added, lowered tau multiplier: 0.8 -> 0.7
  No new constraints added, lowered tau multiplier: 0.7 -> 0.6
  Added 18 new constraints: [0, 1, 2, 3, 7, 8, 12, 15, 16, 18, 19, 20, 21, 24, 25, 27, 28, 29]

Iteration 3:
Found feasible solution: [0 0 0 0 1 0 1 1 0 0] with objective value 89.0
  Found feasible solution:
    Solution: [0, 0, 0, 0, 1, 0, 1, 1, 0, 0]
    Value: 89.0
    Gap to reference: 0.00%
  Constraint generation solution found:
    Solution: [0, 0, 0, 0, 1, 0, 1, 1, 0, 0]
    Value: 89.0

Instance 1 results:
  Classical value: 89.0
  QAOA value: 0.0
  Constraint generation value: 89.0

Running instance 2/20

Running Classical Reference Solver (SCIP):
  Reference solution found:
    Solution: [1, 0, 0, 1, 0, 1, 0, 0, 1, 0]
    Value: 154.0

Running QAOA Reference Solution (with all constraints):
