2025-02-23 18:47:44,737 - INFO - 
Problem information:
2025-02-23 18:47:44,737 - INFO -   Number of variables (n): 10
2025-02-23 18:47:44,737 - INFO -   Number of constraints (m): 20
2025-02-23 18:47:44,738 - DEBUG -   Density of A: 50.00%
2025-02-23 18:47:44,738 - INFO - 
Starting reference QAOA with parameters:
2025-02-23 18:47:44,738 - INFO -   sample_size (total shots): 100
2025-02-23 18:47:44,738 - INFO - Added all constraints
2025-02-23 18:47:44,738 - DEBUG - Generated Ising Hamiltonian
2025-02-23 18:47:44,917 - DEBUG - Optimizing QAOA circuit...
2025-02-23 18:47:46,452 - DEBUG - Circuit optimization successful
2025-02-23 18:47:46,452 - DEBUG - Circuit optimization successful, final value: -1148.2557442557443
2025-02-23 18:47:46,452 - DEBUG - Sampling from optimized circuit...
2025-02-23 18:47:46,465 - DEBUG - Generated 93 unique samples from 100 total measurements
2025-02-23 18:47:46,466 - DEBUG - 
Top 5 most frequent samples:
2025-02-23 18:47:46,466 - DEBUG -   Rank | Count |   %   
2025-02-23 18:47:46,466 - DEBUG -   -----|-------|-------
2025-02-23 18:47:46,466 - DEBUG -      1 |     2 |   2.0
2025-02-23 18:47:46,466 - DEBUG -     Sample: [1 1 1 0 0 0 0 1 0 0]
2025-02-23 18:47:46,467 - DEBUG -      2 |     2 |   2.0
2025-02-23 18:47:46,467 - DEBUG -     Sample: [0 1 1 1 0 0 1 0 1 0]
2025-02-23 18:47:46,467 - DEBUG -      3 |     2 |   2.0
2025-02-23 18:47:46,467 - DEBUG -     Sample: [1 1 0 1 0 1 0 1 0 0]
2025-02-23 18:47:46,467 - DEBUG -      4 |     2 |   2.0
2025-02-23 18:47:46,468 - DEBUG -     Sample: [1 0 1 0 0 1 1 1 1 0]
2025-02-23 18:47:46,468 - DEBUG -      5 |     2 |   2.0
2025-02-23 18:47:46,468 - DEBUG -     Sample: [0 0 0 0 0 1 1 1 1 0]
2025-02-23 18:47:46,468 - DEBUG - Generated 93 unique samples from 100 total measurements
2025-02-23 18:47:46,470 - INFO - Found feasible solution: [0 0 0 1 0 1 0 0 0 0] with objective value 180.0
2025-02-23 18:47:46,470 - INFO - Found feasible solution:
2025-02-23 18:47:46,470 - INFO -   Solution: [0, 0, 0, 1, 0, 1, 0, 0, 0, 0]
2025-02-23 18:47:46,471 - INFO -   Value: 180.0
2025-02-23 18:47:46,471 - INFO -   QAOA solution found:
2025-02-23 18:47:46,471 - INFO -     Solution: [0, 0, 0, 1, 0, 1, 0, 0, 0, 0]
2025-02-23 18:47:46,471 - INFO -     Value: 180.0
2025-02-23 18:47:46,471 - INFO - 
Running Constraint Generation:
2025-02-23 18:47:46,472 - INFO - 
Problem information:
2025-02-23 18:47:46,473 - INFO -   Number of variables (n): 10
2025-02-23 18:47:46,473 - INFO -   Number of constraints (m): 20
2025-02-23 18:47:46,473 - DEBUG -   Density of A: 50.00%
2025-02-23 18:47:46,473 - INFO - 
Running classical reference solver:
2025-02-23 18:47:46,484 - INFO -   Reference solution found:
2025-02-23 18:47:46,485 - INFO -     Solution: [0, 1, 0, 0, 0, 0, 0, 1, 0, 0]
2025-02-23 18:47:46,485 - INFO -     Value: 74.0
2025-02-23 18:47:46,485 - INFO - 
Starting quantum constraint generation with parameters:
2025-02-23 18:47:46,485 - INFO -   sample_size (total shots): 100
2025-02-23 18:47:46,485 - INFO -   tau: 0.1
2025-02-23 18:47:46,485 - INFO -   max_iters: 1000
2025-02-23 18:47:46,486 - INFO - 
Iteration 0:
2025-02-23 18:47:46,486 - DEBUG - Generated Ising Hamiltonian
2025-02-23 18:47:46,688 - DEBUG - Optimizing QAOA circuit...
2025-02-23 18:47:47,716 - DEBUG - Circuit optimization successful
2025-02-23 18:47:47,716 - DEBUG - Circuit optimization successful, final value: -512.0
2025-02-23 18:47:47,716 - DEBUG - Sampling from optimized circuit...
2025-02-23 18:47:47,727 - DEBUG - Generated 39 unique samples from 100 total measurements
2025-02-23 18:47:47,728 - DEBUG - 
Top 5 most frequent samples:
2025-02-23 18:47:47,728 - DEBUG -   Rank | Count |   %   
2025-02-23 18:47:47,728 - DEBUG -   -----|-------|-------
2025-02-23 18:47:47,728 - DEBUG -      1 |    26 |  26.0
2025-02-23 18:47:47,729 - DEBUG -     Sample: [1 1 1 1 1 1 1 1 1 1]
2025-02-23 18:47:47,729 - DEBUG -      2 |     9 |   9.0
2025-02-23 18:47:47,729 - DEBUG -     Sample: [1 0 1 1 1 1 1 1 1 1]
2025-02-23 18:47:47,729 - DEBUG -      3 |     7 |   7.0
2025-02-23 18:47:47,729 - DEBUG -     Sample: [1 1 1 1 1 1 0 1 1 1]
2025-02-23 18:47:47,730 - DEBUG -      4 |     7 |   7.0
2025-02-23 18:47:47,730 - DEBUG -     Sample: [1 1 1 1 1 1 1 0 1 1]
2025-02-23 18:47:47,730 - DEBUG -      5 |     4 |   4.0
2025-02-23 18:47:47,730 - DEBUG -     Sample: [1 1 1 1 0 1 1 1 1 1]
2025-02-23 18:47:47,731 - DEBUG - Generated 39 unique samples from 100 total measurements
2025-02-23 18:47:47,732 - INFO -   No feasible solution found in this iteration
2025-02-23 18:47:47,733 - INFO -   Added 19 new constraints: [0, 2, 3, 4, 5, 6, 7, 8, 9, 10, 11, 12, 13, 14, 15, 16, 17, 18, 19]
2025-02-23 18:47:47,733 - INFO - 
Iteration 1:
2025-02-23 18:47:47,733 - DEBUG - Generated Ising Hamiltonian
2025-02-23 18:47:47,942 - DEBUG - Optimizing QAOA circuit...
2025-02-23 18:47:49,495 - DEBUG - Circuit optimization successful
2025-02-23 18:47:49,495 - DEBUG - Circuit optimization successful, final value: 28025.2137862138
2025-02-23 18:47:49,495 - DEBUG - Sampling from optimized circuit...
2025-02-23 18:47:49,511 - DEBUG - Generated 43 unique samples from 100 total measurements
2025-02-23 18:47:49,511 - DEBUG - 
Top 5 most frequent samples:
2025-02-23 18:47:49,511 - DEBUG -   Rank | Count |   %   
2025-02-23 18:47:49,512 - DEBUG -   -----|-------|-------
2025-02-23 18:47:49,512 - DEBUG -      1 |    25 |  25.0
2025-02-23 18:47:49,512 - DEBUG -     Sample: [1 1 0 1 0 1 0 1 0 0]
2025-02-23 18:47:49,512 - DEBUG -      2 |    11 |  11.0
2025-02-23 18:47:49,512 - DEBUG -     Sample: [1 1 1 1 0 1 0 1 0 1]
2025-02-23 18:47:49,512 - DEBUG -      3 |    11 |  11.0
2025-02-23 18:47:49,512 - DEBUG -     Sample: [1 1 1 1 0 1 0 1 0 0]
2025-02-23 18:47:49,513 - DEBUG -      4 |     4 |   4.0
2025-02-23 18:47:49,513 - DEBUG -     Sample: [1 1 0 1 0 0 0 1 0 0]
2025-02-23 18:47:49,513 - DEBUG -      5 |     3 |   3.0
2025-02-23 18:47:49,513 - DEBUG -     Sample: [0 1 1 1 0 1 0 1 0 0]
2025-02-23 18:47:49,514 - DEBUG - Generated 43 unique samples from 100 total measurements
2025-02-23 18:47:49,514 - INFO - Found feasible solution: [0 0 0 1 0 1 0 0 0 0] with objective value 180.0
2025-02-23 18:47:49,515 - INFO -   Found feasible solution:
2025-02-23 18:47:49,515 - INFO -     Solution: [0, 0, 0, 1, 0, 1, 0, 0, 0, 0]
2025-02-23 18:47:49,515 - INFO -     Value: 180.0
2025-02-23 18:47:49,516 - INFO -     Gap to reference: 143.24%
2025-02-23 18:47:49,517 - INFO -   Constraint generation solution found:
2025-02-23 18:47:49,517 - INFO -     Solution: [0, 0, 0, 1, 0, 1, 0, 0, 0, 0]
2025-02-23 18:47:49,517 - INFO -     Value: 180.0
2025-02-23 18:47:49,517 - INFO - 
Instance 27 results:
2025-02-23 18:47:49,517 - INFO -   Classical value: 74.0
2025-02-23 18:47:49,518 - INFO -   QAOA value: 180.0
2025-02-23 18:47:49,518 - INFO -   Constraint generation value: 180.0
2025-02-23 18:47:49,518 - INFO - 
Running instance 28/100
2025-02-23 18:47:49,520 - INFO - 
Running Classical Reference Solver (SCIP):
2025-02-23 18:47:49,521 - DEBUG - Problem dimensions: 20 constraints, 10 variables
2025-02-23 18:47:49,521 - DEBUG - Row names: ['ELEM1', 'ELEM2', 'ELEM3', 'ELEM4', 'ELEM5', 'ELEM6', 'ELEM7', 'ELEM8', 'ELEM9', 'ELEM10', 'ELEM11', 'ELEM12', 'ELEM13', 'ELEM14', 'ELEM15', 'ELEM16', 'ELEM17', 'ELEM18', 'ELEM19', 'ELEM20']
2025-02-23 18:47:49,521 - DEBUG - RHS values: {'ELEM1': 1.0, 'ELEM2': 1.0, 'ELEM3': 1.0, 'ELEM4': 1.0, 'ELEM5': 1.0, 'ELEM6': 1.0, 'ELEM7': 1.0, 'ELEM8': 1.0, 'ELEM9': 1.0, 'ELEM10': 1.0, 'ELEM11': 1.0, 'ELEM12': 1.0, 'ELEM13': 1.0, 'ELEM14': 1.0, 'ELEM15': 1.0, 'ELEM16': 1.0, 'ELEM17': 1.0, 'ELEM18': 1.0, 'ELEM19': 1.0, 'ELEM20': 1.0}
2025-02-23 18:47:49,533 - INFO -   Reference solution found:
2025-02-23 18:47:49,533 - INFO -     Solution: [0, 0, 0, 0, 1, 0, 1, 0, 0, 0]
2025-02-23 18:47:49,534 - INFO -     Value: 52.0
2025-02-23 18:47:49,534 - INFO - 
Running QAOA Reference Solution (with all constraints):
