
Problem information:
  Number of variables (n): 10
  Number of constraints (m): 20

Starting reference QAOA with parameters:
  sample_size (total shots): 100
Added all constraints
Found feasible solution: [0 0 0 1 0 1 0 0 0 0] with objective value 180.0
Found feasible solution:
  Solution: [0, 0, 0, 1, 0, 1, 0, 0, 0, 0]
  Value: 180.0
  QAOA solution found:
    Solution: [0, 0, 0, 1, 0, 1, 0, 0, 0, 0]
    Value: 180.0

Running Constraint Generation:

Problem information:
  Number of variables (n): 10
  Number of constraints (m): 20

Running classical reference solver:
  Reference solution found:
    Solution: [0, 1, 0, 0, 0, 0, 0, 1, 0, 0]
    Value: 74.0

Starting quantum constraint generation with parameters:
  sample_size (total shots): 100
  tau: 0.1
  max_iters: 1000

Iteration 0:
  No feasible solution found in this iteration
  Added 19 new constraints: [0, 2, 3, 4, 5, 6, 7, 8, 9, 10, 11, 12, 13, 14, 15, 16, 17, 18, 19]

Iteration 1:
Found feasible solution: [0 0 0 1 0 1 0 0 0 0] with objective value 180.0
  Found feasible solution:
    Solution: [0, 0, 0, 1, 0, 1, 0, 0, 0, 0]
    Value: 180.0
    Gap to reference: 143.24%
  Constraint generation solution found:
    Solution: [0, 0, 0, 1, 0, 1, 0, 0, 0, 0]
    Value: 180.0

Instance 27 results:
  Classical value: 74.0
  QAOA value: 180.0
  Constraint generation value: 180.0

Running instance 28/100

Running Classical Reference Solver (SCIP):
  Reference solution found:
    Solution: [0, 0, 0, 0, 1, 0, 1, 0, 0, 0]
    Value: 52.0

Running QAOA Reference Solution (with all constraints):
