2025-02-24 14:26:07,557 - INFO - 
Problem information:
2025-02-24 14:26:07,558 - INFO -   Number of variables (n): 12
2025-02-24 14:26:07,558 - INFO -   Number of constraints (m): 40
2025-02-24 14:26:07,558 - DEBUG -   Density of A: 21.04%
2025-02-24 14:26:07,558 - INFO - 
Starting reference QAOA with parameters:
2025-02-24 14:26:07,558 - INFO -   sample_size (total shots): 1000
2025-02-24 14:26:07,558 - INFO - Added all constraints
2025-02-24 14:26:07,558 - DEBUG - Generated Ising Hamiltonian
2025-02-24 14:26:07,841 - DEBUG - Optimizing QAOA circuit...
2025-02-24 14:26:11,589 - DEBUG - Circuit optimization successful
2025-02-24 14:26:11,590 - DEBUG - Circuit optimization successful, final value: 42067.629870129866
2025-02-24 14:26:11,590 - DEBUG - Sampling from optimized circuit...
2025-02-24 14:26:11,625 - DEBUG - Generated 420 unique samples from 1000 total measurements
2025-02-24 14:26:11,625 - DEBUG - 
Top 5 most frequent samples:
2025-02-24 14:26:11,625 - DEBUG -   Rank | Count |   %   
2025-02-24 14:26:11,625 - DEBUG -   -----|-------|-------
2025-02-24 14:26:11,625 - DEBUG -      1 |    23 |   2.3
2025-02-24 14:26:11,626 - DEBUG -     Sample: [0 1 1 1 1 1 1 0 0 0 1 1]
2025-02-24 14:26:11,626 - DEBUG -      2 |    23 |   2.3
2025-02-24 14:26:11,626 - DEBUG -     Sample: [0 1 1 1 1 1 1 0 1 0 1 1]
2025-02-24 14:26:11,626 - DEBUG -      3 |    22 |   2.2
2025-02-24 14:26:11,626 - DEBUG -     Sample: [0 1 1 1 1 1 1 1 1 0 1 1]
2025-02-24 14:26:11,626 - DEBUG -      4 |    21 |   2.1
2025-02-24 14:26:11,626 - DEBUG -     Sample: [0 1 1 1 1 1 1 1 0 0 1 1]
2025-02-24 14:26:11,626 - DEBUG -      5 |    17 |   1.7
2025-02-24 14:26:11,627 - DEBUG -     Sample: [0 1 0 1 1 1 1 1 1 0 1 1]
2025-02-24 14:26:11,628 - DEBUG - Generated 420 unique samples from 1000 total measurements
2025-02-24 14:26:11,634 - INFO - No feasible solution found
2025-02-24 14:26:11,635 - INFO -   QAOA solver found no feasible solution
2025-02-24 14:26:11,635 - INFO - 
Running Constraint Generation:
2025-02-24 14:26:11,636 - INFO - 
Problem information:
2025-02-24 14:26:11,636 - INFO -   Number of variables (n): 12
2025-02-24 14:26:11,636 - INFO -   Number of constraints (m): 40
2025-02-24 14:26:11,636 - DEBUG -   Density of A: 21.04%
2025-02-24 14:26:11,636 - INFO - 
Running classical reference solver:
2025-02-24 14:26:11,646 - INFO -   Reference solution found:
2025-02-24 14:26:11,647 - INFO -     Solution: [1, 0, 0, 0, 0, 0, 0, 1, 0, 0, 1, 1]
2025-02-24 14:26:11,647 - INFO -     Value: 159.00000000000003
2025-02-24 14:26:11,647 - INFO - 
Starting quantum constraint generation with parameters:
2025-02-24 14:26:11,647 - INFO -   sample_size (total shots): 1000
2025-02-24 14:26:11,647 - INFO -   tau: 0.1
2025-02-24 14:26:11,647 - INFO -   max_iters: 1000
2025-02-24 14:26:11,647 - INFO - 
Iteration 0:
2025-02-24 14:26:11,648 - DEBUG - Generated Ising Hamiltonian
2025-02-24 14:26:11,649 - DEBUG - Optimizing QAOA circuit...
2025-02-24 14:26:18,594 - WARNING - Circuit optimization did not converge
2025-02-24 14:26:18,594 - WARNING - Circuit optimization did not converge
2025-02-24 14:26:18,594 - DEBUG - Sampling from optimized circuit...
2025-02-24 14:26:18,652 - DEBUG - Generated 8 unique samples from 1000 total measurements
2025-02-24 14:26:18,652 - DEBUG - 
Top 5 most frequent samples:
2025-02-24 14:26:18,652 - DEBUG -   Rank | Count |   %   
2025-02-24 14:26:18,652 - DEBUG -   -----|-------|-------
2025-02-24 14:26:18,652 - DEBUG -      1 |   462 |  46.2
2025-02-24 14:26:18,652 - DEBUG -     Sample: [0 0 0 0 0 0 0 0 1 1 1 1]
2025-02-24 14:26:18,652 - DEBUG -      2 |   363 |  36.3
2025-02-24 14:26:18,652 - DEBUG -     Sample: [0 0 0 0 0 0 0 0 1 1 0 1]
2025-02-24 14:26:18,653 - DEBUG -      3 |    72 |   7.2
2025-02-24 14:26:18,653 - DEBUG -     Sample: [0 0 0 0 0 0 0 0 0 1 1 1]
2025-02-24 14:26:18,653 - DEBUG -      4 |    61 |   6.1
2025-02-24 14:26:18,653 - DEBUG -     Sample: [0 0 0 0 0 0 0 0 0 1 0 1]
2025-02-24 14:26:18,653 - DEBUG -      5 |    24 |   2.4
2025-02-24 14:26:18,653 - DEBUG -     Sample: [0 0 0 0 0 0 0 0 1 0 1 1]
2025-02-24 14:26:18,653 - DEBUG - Generated 8 unique samples from 1000 total measurements
2025-02-24 14:26:18,654 - INFO -   No feasible solution found in this iteration
2025-02-24 14:26:18,654 - INFO -   Added 7 new constraints: [0, 1, 6, 19, 24, 28, 34]
2025-02-24 14:26:18,654 - INFO - 
Iteration 1:
2025-02-24 14:26:18,654 - DEBUG - Generated Ising Hamiltonian
2025-02-24 14:26:18,656 - DEBUG - Optimizing QAOA circuit...
2025-02-24 14:26:27,675 - WARNING - Circuit optimization did not converge
2025-02-24 14:26:27,676 - WARNING - Circuit optimization did not converge
2025-02-24 14:26:27,676 - DEBUG - Sampling from optimized circuit...
2025-02-24 14:26:27,730 - DEBUG - Generated 7 unique samples from 1000 total measurements
2025-02-24 14:26:27,730 - DEBUG - 
Top 5 most frequent samples:
2025-02-24 14:26:27,730 - DEBUG -   Rank | Count |   %   
2025-02-24 14:26:27,730 - DEBUG -   -----|-------|-------
2025-02-24 14:26:27,730 - DEBUG -      1 |   574 |  57.4
2025-02-24 14:26:27,730 - DEBUG -     Sample: [0 0 0 0 0 0 0 0 1 1 1 0]
2025-02-24 14:26:27,730 - DEBUG -      2 |   284 |  28.4
2025-02-24 14:26:27,730 - DEBUG -     Sample: [0 0 0 0 0 0 0 0 1 1 0 0]
2025-02-24 14:26:27,730 - DEBUG -      3 |    76 |   7.6
2025-02-24 14:26:27,731 - DEBUG -     Sample: [0 0 0 0 0 0 0 0 1 0 1 0]
2025-02-24 14:26:27,731 - DEBUG -      4 |    37 |   3.7
2025-02-24 14:26:27,731 - DEBUG -     Sample: [0 0 0 0 0 0 0 0 1 0 0 0]
2025-02-24 14:26:27,731 - DEBUG -      5 |    16 |   1.6
2025-02-24 14:26:27,731 - DEBUG -     Sample: [0 0 0 0 0 0 0 0 0 1 1 0]
2025-02-24 14:26:27,731 - DEBUG - Generated 7 unique samples from 1000 total measurements
2025-02-24 14:26:27,731 - INFO -   No feasible solution found in this iteration
2025-02-24 14:26:27,731 - INFO -   Added 5 new constraints: [4, 8, 11, 16, 29]
2025-02-24 14:26:27,731 - INFO - 
Iteration 2:
2025-02-24 14:26:27,732 - DEBUG - Generated Ising Hamiltonian
2025-02-24 14:26:27,733 - DEBUG - Optimizing QAOA circuit...
2025-02-24 14:26:33,350 - WARNING - Circuit optimization did not converge
2025-02-24 14:26:33,350 - WARNING - Circuit optimization did not converge
2025-02-24 14:26:33,350 - DEBUG - Sampling from optimized circuit...
2025-02-24 14:26:33,395 - DEBUG - Generated 9 unique samples from 1000 total measurements
2025-02-24 14:26:33,395 - DEBUG - 
Top 5 most frequent samples:
2025-02-24 14:26:33,395 - DEBUG -   Rank | Count |   %   
2025-02-24 14:26:33,395 - DEBUG -   -----|-------|-------
2025-02-24 14:26:33,396 - DEBUG -      1 |   461 |  46.1
2025-02-24 14:26:33,396 - DEBUG -     Sample: [0 0 0 0 0 0 0 0 1 1 1 0]
2025-02-24 14:26:33,396 - DEBUG -      2 |   242 |  24.2
2025-02-24 14:26:33,396 - DEBUG -     Sample: [0 0 0 0 0 0 0 0 1 1 0 0]
2025-02-24 14:26:33,396 - DEBUG -      3 |   109 |  10.9
2025-02-24 14:26:33,396 - DEBUG -     Sample: [0 0 0 0 0 0 0 0 0 1 1 0]
2025-02-24 14:26:33,396 - DEBUG -      4 |    72 |   7.2
2025-02-24 14:26:33,397 - DEBUG -     Sample: [0 0 0 0 0 0 0 0 1 0 1 0]
2025-02-24 14:26:33,397 - DEBUG -      5 |    58 |   5.8
2025-02-24 14:26:33,397 - DEBUG -     Sample: [0 0 0 0 0 0 0 0 0 1 0 0]
2025-02-24 14:26:33,397 - DEBUG - Generated 9 unique samples from 1000 total measurements
2025-02-24 14:26:33,397 - INFO -   No feasible solution found in this iteration
2025-02-24 14:26:33,397 - INFO -   No new constraints added, lowered tau multiplier: 1.0 -> 0.9
2025-02-24 14:26:33,397 - INFO -   No new constraints added, lowered tau multiplier: 0.9 -> 0.8
2025-02-24 14:26:33,397 - INFO -   No new constraints added, lowered tau multiplier: 0.8 -> 0.7
2025-02-24 14:26:33,398 - INFO -   No new constraints added, lowered tau multiplier: 0.7 -> 0.6
2025-02-24 14:26:33,398 - INFO -   No new constraints added, lowered tau multiplier: 0.6 -> 0.5
2025-02-24 14:26:33,398 - INFO -   Added 9 new constraints: [5, 7, 17, 22, 26, 32, 36, 37, 39]
2025-02-24 14:26:33,398 - INFO - 
Iteration 3:
2025-02-24 14:26:33,398 - DEBUG - Generated Ising Hamiltonian
2025-02-24 14:26:33,399 - DEBUG - Optimizing QAOA circuit...
2025-02-24 14:26:45,045 - WARNING - Circuit optimization did not converge
2025-02-24 14:26:45,045 - WARNING - Circuit optimization did not converge
2025-02-24 14:26:45,045 - DEBUG - Sampling from optimized circuit...
2025-02-24 14:26:45,093 - DEBUG - Generated 16 unique samples from 1000 total measurements
2025-02-24 14:26:45,093 - DEBUG - 
Top 5 most frequent samples:
2025-02-24 14:26:45,093 - DEBUG -   Rank | Count |   %   
2025-02-24 14:26:45,093 - DEBUG -   -----|-------|-------
2025-02-24 14:26:45,093 - DEBUG -      1 |   335 |  33.5
2025-02-24 14:26:45,093 - DEBUG -     Sample: [0 0 0 0 0 0 0 0 1 1 0 0]
2025-02-24 14:26:45,093 - DEBUG -      2 |   218 |  21.8
2025-02-24 14:26:45,094 - DEBUG -     Sample: [0 0 0 0 0 0 0 0 0 1 0 0]
2025-02-24 14:26:45,094 - DEBUG -      3 |   168 |  16.8
2025-02-24 14:26:45,094 - DEBUG -     Sample: [0 0 0 0 0 0 0 0 1 0 0 0]
2025-02-24 14:26:45,094 - DEBUG -      4 |   122 |  12.2
2025-02-24 14:26:45,094 - DEBUG -     Sample: [0 0 0 0 0 0 0 0 0 0 0 0]
2025-02-24 14:26:45,094 - DEBUG -      5 |    42 |   4.2
2025-02-24 14:26:45,094 - DEBUG -     Sample: [0 0 0 0 0 0 0 0 1 1 1 0]
2025-02-24 14:26:45,095 - DEBUG - Generated 16 unique samples from 1000 total measurements
2025-02-24 14:26:45,095 - INFO -   No feasible solution found in this iteration
2025-02-24 14:26:45,095 - INFO -   No new constraints added, lowered tau multiplier: 1.0 -> 0.9
2025-02-24 14:26:45,095 - INFO -   No new constraints added, lowered tau multiplier: 0.9 -> 0.8
2025-02-24 14:26:45,096 - INFO -   No new constraints added, lowered tau multiplier: 0.8 -> 0.7
2025-02-24 14:26:45,096 - INFO -   No new constraints added, lowered tau multiplier: 0.7 -> 0.6
2025-02-24 14:26:45,096 - INFO -   No new constraints added, lowered tau multiplier: 0.6 -> 0.5
2025-02-24 14:26:45,096 - INFO -   No new constraints added, lowered tau multiplier: 0.5 -> 0.4
2025-02-24 14:26:45,096 - INFO -   Added 19 new constraints: [2, 3, 9, 10, 12, 13, 14, 15, 18, 20, 21, 23, 25, 27, 30, 31, 33, 35, 38]
2025-02-24 14:26:45,096 - INFO - 
Iteration 4:
2025-02-24 14:26:45,096 - DEBUG - Generated Ising Hamiltonian
2025-02-24 14:26:45,098 - DEBUG - Optimizing QAOA circuit...
2025-02-24 14:26:55,147 - WARNING - Circuit optimization did not converge
2025-02-24 14:26:55,147 - WARNING - Circuit optimization did not converge
2025-02-24 14:26:55,147 - DEBUG - Sampling from optimized circuit...
2025-02-24 14:26:55,201 - DEBUG - Generated 16 unique samples from 1000 total measurements
2025-02-24 14:26:55,201 - DEBUG - 
Top 5 most frequent samples:
2025-02-24 14:26:55,201 - DEBUG -   Rank | Count |   %   
2025-02-24 14:26:55,201 - DEBUG -   -----|-------|-------
2025-02-24 14:26:55,201 - DEBUG -      1 |   305 |  30.5
2025-02-24 14:26:55,201 - DEBUG -     Sample: [0 0 0 0 0 0 0 0 0 1 0 0]
2025-02-24 14:26:55,201 - DEBUG -      2 |   209 |  20.9
2025-02-24 14:26:55,202 - DEBUG -     Sample: [0 0 0 0 0 0 0 0 0 0 0 0]
2025-02-24 14:26:55,202 - DEBUG -      3 |   116 |  11.6
2025-02-24 14:26:55,202 - DEBUG -     Sample: [0 0 0 0 0 0 0 0 0 1 0 1]
2025-02-24 14:26:55,202 - DEBUG -      4 |    81 |   8.1
2025-02-24 14:26:55,202 - DEBUG -     Sample: [0 0 0 0 0 0 0 0 0 0 0 1]
2025-02-24 14:26:55,202 - DEBUG -      5 |    63 |   6.3
2025-02-24 14:26:55,203 - DEBUG -     Sample: [0 0 0 0 0 0 0 0 1 0 0 0]
2025-02-24 14:26:55,203 - DEBUG - Generated 16 unique samples from 1000 total measurements
2025-02-24 14:26:55,203 - INFO -   No feasible solution found in this iteration
2025-02-24 14:26:55,203 - INFO -   All constraints added, exiting
2025-02-24 14:26:55,203 - INFO -   Constraint generation found no feasible solution
2025-02-24 14:26:55,204 - INFO - 
Instance 31 results:
2025-02-24 14:26:55,204 - INFO -   Classical value: 159.00000000000003
2025-02-24 14:26:55,204 - INFO -   QAOA value: 0.0
2025-02-24 14:26:55,204 - INFO -   Constraint generation value: 0.0
2025-02-24 14:26:55,204 - INFO - 
Running instance 32/100
2025-02-24 14:26:55,205 - INFO - 
Running Classical Reference Solver (SCIP):
2025-02-24 14:26:55,206 - DEBUG - Problem dimensions: 40 constraints, 12 variables
2025-02-24 14:26:55,206 - DEBUG - Row names: ['ELEM1', 'ELEM2', 'ELEM3', 'ELEM4', 'ELEM5', 'ELEM6', 'ELEM7', 'ELEM8', 'ELEM9', 'ELEM10', 'ELEM11', 'ELEM12', 'ELEM13', 'ELEM14', 'ELEM15', 'ELEM16', 'ELEM17', 'ELEM18', 'ELEM19', 'ELEM20', 'ELEM21', 'ELEM22', 'ELEM23', 'ELEM24', 'ELEM25', 'ELEM26', 'ELEM27', 'ELEM28', 'ELEM29', 'ELEM30', 'ELEM31', 'ELEM32', 'ELEM33', 'ELEM34', 'ELEM35', 'ELEM36', 'ELEM37', 'ELEM38', 'ELEM39', 'ELEM40']
2025-02-24 14:26:55,206 - DEBUG - RHS values: {'ELEM1': 1.0, 'ELEM2': 1.0, 'ELEM3': 1.0, 'ELEM4': 1.0, 'ELEM5': 1.0, 'ELEM6': 1.0, 'ELEM7': 1.0, 'ELEM8': 1.0, 'ELEM9': 1.0, 'ELEM10': 1.0, 'ELEM11': 1.0, 'ELEM12': 1.0, 'ELEM13': 1.0, 'ELEM14': 1.0, 'ELEM15': 1.0, 'ELEM16': 1.0, 'ELEM17': 1.0, 'ELEM18': 1.0, 'ELEM19': 1.0, 'ELEM20': 1.0, 'ELEM21': 1.0, 'ELEM22': 1.0, 'ELEM23': 1.0, 'ELEM24': 1.0, 'ELEM25': 1.0, 'ELEM26': 1.0, 'ELEM27': 1.0, 'ELEM28': 1.0, 'ELEM29': 1.0, 'ELEM30': 1.0, 'ELEM31': 1.0, 'ELEM32': 1.0, 'ELEM33': 1.0, 'ELEM34': 1.0, 'ELEM35': 1.0, 'ELEM36': 1.0, 'ELEM37': 1.0, 'ELEM38': 1.0, 'ELEM39': 1.0, 'ELEM40': 1.0}
2025-02-24 14:26:55,214 - INFO -   Reference solution found:
2025-02-24 14:26:55,214 - INFO -     Solution: [1, 0, 1, 0, 0, 0, 0, 0, 0, 0, 1, 1]
2025-02-24 14:26:55,214 - INFO -     Value: 130.99999999999997
2025-02-24 14:26:55,214 - INFO - 
Running QAOA Reference Solution (with all constraints):
