
Problem information:
  Number of variables (n): 12
  Number of constraints (m): 40

Starting reference QAOA with parameters:
  sample_size (total shots): 1000
Added all constraints
Found feasible solution: [0 0 1 1 1 1 0 0 0 1 0 1] with objective value 375.0
Found feasible solution:
  Solution: [0, 0, 1, 1, 1, 1, 0, 0, 0, 1, 0, 1]
  Value: 375.0
  QAOA solution found:
    Solution: [0, 0, 1, 1, 1, 1, 0, 0, 0, 1, 0, 1]
    Value: 375.0

Running Constraint Generation:

Problem information:
  Number of variables (n): 12
  Number of constraints (m): 40

Running classical reference solver:
  Reference solution found:
    Solution: [1, 1, 0, 0, 0, 0, 1, 1, 0, 0, 0, 0]
    Value: 228.99999999999997

Starting quantum constraint generation with parameters:
  sample_size (total shots): 1000
  tau: 0.1
  max_iters: 1000

Iteration 0:
Circuit optimization did not converge
Circuit optimization did not converge
  No feasible solution found in this iteration
  Added 14 new constraints: [1, 2, 3, 4, 7, 8, 10, 13, 17, 20, 23, 26, 33, 35]

Iteration 1:
Circuit optimization did not converge
Circuit optimization did not converge
  No feasible solution found in this iteration
  No new constraints added, lowered tau multiplier: 1.0 -> 0.9
  No new constraints added, lowered tau multiplier: 0.9 -> 0.8
  No new constraints added, lowered tau multiplier: 0.8 -> 0.7
  No new constraints added, lowered tau multiplier: 0.7 -> 0.6
  No new constraints added, lowered tau multiplier: 0.6 -> 0.5
  No new constraints added, lowered tau multiplier: 0.5 -> 0.4
  Added 26 new constraints: [0, 5, 6, 9, 11, 12, 14, 15, 16, 18, 19, 21, 22, 24, 25, 27, 28, 29, 30, 31, 32, 34, 36, 37, 38, 39]

Iteration 2:
Circuit optimization did not converge
Circuit optimization did not converge
  No feasible solution found in this iteration
  All constraints added, exiting
  Constraint generation found no feasible solution

Instance 43 results:
  Classical value: 228.99999999999997
  QAOA value: 375.0
  Constraint generation value: 0.0

Running instance 44/100

Running Classical Reference Solver (SCIP):
  Reference solution found:
    Solution: [0, 0, 1, 1, 0, 0, 1, 1, 0, 0, 0, 0]
    Value: 186.0

Running QAOA Reference Solution (with all constraints):
