
Problem information:
  Number of variables (n): 12
  Number of constraints (m): 40

Starting reference QAOA with parameters:
  sample_size (total shots): 200
Added all constraints
Found feasible solution: [1 0 0 1 0 0 0 0 0 0 0 1] with objective value 200.0
Found feasible solution:
  Solution: [1, 0, 0, 1, 0, 0, 0, 0, 0, 0, 0, 1]
  Value: 200.0
  QAOA solution found:
    Solution: [1, 0, 0, 1, 0, 0, 0, 0, 0, 0, 0, 1]
    Value: 200.0

Running Constraint Generation:

Problem information:
  Number of variables (n): 12
  Number of constraints (m): 40

Running classical reference solver:
  Reference solution found:
    Solution: [1, 0, 0, 1, 0, 0, 0, 0, 0, 0, 0, 1]
    Value: 200.0

Starting quantum constraint generation with parameters:
  sample_size (total shots): 200
  tau: 0.1
  max_iters: 1000

Iteration 0:
  No feasible solution found in this iteration
  Added 2 new constraints: [9, 38]

Iteration 1:
  No feasible solution found in this iteration
  Added 1 new constraints: [7]

Iteration 2:
Found feasible solution: [1 0 0 1 0 0 0 0 0 0 0 1] with objective value 200.0
  Found feasible solution:
    Solution: [1, 0, 0, 1, 0, 0, 0, 0, 0, 0, 0, 1]
    Value: 200.0
    Gap to reference: 0.00%
  Constraint generation solution found:
    Solution: [1, 0, 0, 1, 0, 0, 0, 0, 0, 0, 0, 1]
    Value: 200.0

Instance 21 results:
  Classical value: 200.0
  QAOA value: 200.0
  Constraint generation value: 200.0

Running instance 22/100

Running Classical Reference Solver (SCIP):
  Reference solution found:
    Solution: [1, 0, 1, 0, 0, 0, 0, 1, 0, 1, 0, 1]
    Value: 149.00000000000003

Running QAOA Reference Solution (with all constraints):
