2025-02-23 17:47:23,510 - INFO - 
Problem information:
2025-02-23 17:47:23,511 - INFO -   Number of variables (n): 12
2025-02-23 17:47:23,511 - INFO -   Number of constraints (m): 40
2025-02-23 17:47:23,511 - DEBUG -   Density of A: 17.50%
2025-02-23 17:47:23,511 - INFO - 
Starting reference QAOA with parameters:
2025-02-23 17:47:23,511 - INFO -   sample_size (total shots): 200
2025-02-23 17:47:23,511 - INFO - Added all constraints
2025-02-23 17:47:23,512 - DEBUG - Generated Ising Hamiltonian
2025-02-23 17:47:23,686 - DEBUG - Optimizing QAOA circuit...
2025-02-23 17:47:25,311 - DEBUG - Circuit optimization successful
2025-02-23 17:47:25,311 - DEBUG - Circuit optimization successful, final value: -12938.387612387614
2025-02-23 17:47:25,311 - DEBUG - Sampling from optimized circuit...
2025-02-23 17:47:25,327 - DEBUG - Generated 182 unique samples from 200 total measurements
2025-02-23 17:47:25,327 - DEBUG - 
Top 5 most frequent samples:
2025-02-23 17:47:25,327 - DEBUG -   Rank | Count |   %   
2025-02-23 17:47:25,327 - DEBUG -   -----|-------|-------
2025-02-23 17:47:25,327 - DEBUG -      1 |     3 |   1.5
2025-02-23 17:47:25,327 - DEBUG -     Sample: [1 1 1 1 0 0 1 0 0 0 0 0]
2025-02-23 17:47:25,328 - DEBUG -      2 |     3 |   1.5
2025-02-23 17:47:25,328 - DEBUG -     Sample: [0 0 0 1 0 0 1 1 1 1 0 0]
2025-02-23 17:47:25,328 - DEBUG -      3 |     2 |   1.0
2025-02-23 17:47:25,328 - DEBUG -     Sample: [0 0 0 0 0 1 1 0 1 1 1 0]
2025-02-23 17:47:25,328 - DEBUG -      4 |     2 |   1.0
2025-02-23 17:47:25,329 - DEBUG -     Sample: [1 0 0 1 1 0 0 1 1 1 0 0]
2025-02-23 17:47:25,329 - DEBUG -      5 |     2 |   1.0
2025-02-23 17:47:25,329 - DEBUG -     Sample: [1 1 1 1 0 1 1 1 0 1 0 0]
2025-02-23 17:47:25,329 - DEBUG - Generated 182 unique samples from 200 total measurements
2025-02-23 17:47:25,332 - INFO - No feasible solution found
2025-02-23 17:47:25,333 - INFO -   QAOA solver found no feasible solution
2025-02-23 17:47:25,333 - INFO - 
Running Constraint Generation:
2025-02-23 17:47:25,334 - INFO - 
Problem information:
2025-02-23 17:47:25,334 - INFO -   Number of variables (n): 12
2025-02-23 17:47:25,334 - INFO -   Number of constraints (m): 40
2025-02-23 17:47:25,335 - DEBUG -   Density of A: 17.50%
2025-02-23 17:47:25,335 - INFO - 
Running classical reference solver:
2025-02-23 17:47:25,344 - INFO -   Reference solution found:
2025-02-23 17:47:25,344 - INFO -     Solution: [1, 0, 0, 1, 0, 1, 0, 0, 1, 1, 0, 0]
2025-02-23 17:47:25,344 - INFO -     Value: 253.0
2025-02-23 17:47:25,344 - INFO - 
Starting quantum constraint generation with parameters:
2025-02-23 17:47:25,344 - INFO -   sample_size (total shots): 200
2025-02-23 17:47:25,345 - INFO -   tau: 0.1
2025-02-23 17:47:25,345 - INFO -   max_iters: 1000
2025-02-23 17:47:25,345 - INFO - 
Iteration 0:
2025-02-23 17:47:25,345 - DEBUG - Generated Ising Hamiltonian
2025-02-23 17:47:25,562 - DEBUG - Optimizing QAOA circuit...
2025-02-23 17:47:26,556 - DEBUG - Circuit optimization successful
2025-02-23 17:47:26,557 - DEBUG - Circuit optimization successful, final value: -123.59740259740262
2025-02-23 17:47:26,557 - DEBUG - Sampling from optimized circuit...
2025-02-23 17:47:26,569 - DEBUG - Generated 173 unique samples from 200 total measurements
2025-02-23 17:47:26,569 - DEBUG - 
Top 5 most frequent samples:
2025-02-23 17:47:26,570 - DEBUG -   Rank | Count |   %   
2025-02-23 17:47:26,570 - DEBUG -   -----|-------|-------
2025-02-23 17:47:26,570 - DEBUG -      1 |     4 |   2.0
2025-02-23 17:47:26,570 - DEBUG -     Sample: [1 0 1 1 0 0 1 0 0 1 1 1]
2025-02-23 17:47:26,570 - DEBUG -      2 |     3 |   1.5
2025-02-23 17:47:26,571 - DEBUG -     Sample: [0 0 1 1 0 1 1 0 0 1 0 1]
2025-02-23 17:47:26,571 - DEBUG -      3 |     3 |   1.5
2025-02-23 17:47:26,571 - DEBUG -     Sample: [0 1 1 1 0 0 1 0 0 1 1 1]
2025-02-23 17:47:26,571 - DEBUG -      4 |     2 |   1.0
2025-02-23 17:47:26,571 - DEBUG -     Sample: [0 1 1 1 1 1 1 0 0 0 1 1]
2025-02-23 17:47:26,571 - DEBUG -      5 |     2 |   1.0
2025-02-23 17:47:26,572 - DEBUG -     Sample: [1 0 1 1 0 0 0 0 0 1 1 1]
2025-02-23 17:47:26,572 - DEBUG - Generated 173 unique samples from 200 total measurements
2025-02-23 17:47:26,575 - INFO -   No feasible solution found in this iteration
2025-02-23 17:47:26,576 - INFO -   Added 1 new constraints: [19]
2025-02-23 17:47:26,576 - INFO - 
Iteration 1:
2025-02-23 17:47:26,576 - DEBUG - Generated Ising Hamiltonian
2025-02-23 17:47:26,788 - DEBUG - Optimizing QAOA circuit...
2025-02-23 17:47:27,816 - DEBUG - Circuit optimization successful
2025-02-23 17:47:27,816 - DEBUG - Circuit optimization successful, final value: -2382.794955044955
2025-02-23 17:47:27,816 - DEBUG - Sampling from optimized circuit...
2025-02-23 17:47:27,829 - DEBUG - Generated 94 unique samples from 200 total measurements
2025-02-23 17:47:27,829 - DEBUG - 
Top 5 most frequent samples:
2025-02-23 17:47:27,829 - DEBUG -   Rank | Count |   %   
2025-02-23 17:47:27,829 - DEBUG -   -----|-------|-------
2025-02-23 17:47:27,829 - DEBUG -      1 |    22 |  11.0
2025-02-23 17:47:27,829 - DEBUG -     Sample: [0 0 1 0 0 1 0 1 1 1 1 0]
2025-02-23 17:47:27,829 - DEBUG -      2 |    13 |   6.5
2025-02-23 17:47:27,829 - DEBUG -     Sample: [0 0 1 0 1 1 0 1 1 1 1 0]
2025-02-23 17:47:27,830 - DEBUG -      3 |     9 |   4.5
2025-02-23 17:47:27,830 - DEBUG -     Sample: [0 0 1 0 0 1 0 1 1 1 0 0]
2025-02-23 17:47:27,830 - DEBUG -      4 |     9 |   4.5
2025-02-23 17:47:27,830 - DEBUG -     Sample: [0 0 1 0 1 1 0 0 1 1 1 0]
2025-02-23 17:47:27,830 - DEBUG -      5 |     8 |   4.0
2025-02-23 17:47:27,830 - DEBUG -     Sample: [0 0 0 0 0 1 0 1 1 1 1 0]
2025-02-23 17:47:27,831 - DEBUG - Generated 94 unique samples from 200 total measurements
2025-02-23 17:47:27,833 - INFO -   No feasible solution found in this iteration
2025-02-23 17:47:27,833 - INFO -   Added 1 new constraints: [25]
2025-02-23 17:47:27,834 - INFO - 
Iteration 2:
2025-02-23 17:47:27,834 - DEBUG - Generated Ising Hamiltonian
2025-02-23 17:47:28,029 - DEBUG - Optimizing QAOA circuit...
2025-02-23 17:47:28,961 - DEBUG - Circuit optimization successful
2025-02-23 17:47:28,961 - DEBUG - Circuit optimization successful, final value: -7458.854645354644
2025-02-23 17:47:28,961 - DEBUG - Sampling from optimized circuit...
2025-02-23 17:47:28,976 - DEBUG - Generated 76 unique samples from 200 total measurements
2025-02-23 17:47:28,977 - DEBUG - 
Top 5 most frequent samples:
2025-02-23 17:47:28,977 - DEBUG -   Rank | Count |   %   
2025-02-23 17:47:28,977 - DEBUG -   -----|-------|-------
2025-02-23 17:47:28,977 - DEBUG -      1 |    25 |  12.5
2025-02-23 17:47:28,977 - DEBUG -     Sample: [0 0 1 0 1 1 0 0 0 1 0 0]
2025-02-23 17:47:28,977 - DEBUG -      2 |    19 |   9.5
2025-02-23 17:47:28,978 - DEBUG -     Sample: [0 0 0 0 1 1 0 0 0 1 0 0]
2025-02-23 17:47:28,978 - DEBUG -      3 |    14 |   7.0
2025-02-23 17:47:28,979 - DEBUG -     Sample: [0 0 1 0 0 1 0 0 0 1 0 0]
2025-02-23 17:47:28,979 - DEBUG -      4 |    12 |   6.0
2025-02-23 17:47:28,979 - DEBUG -     Sample: [0 0 0 0 0 1 0 1 0 1 0 0]
2025-02-23 17:47:28,979 - DEBUG -      5 |    10 |   5.0
2025-02-23 17:47:28,980 - DEBUG -     Sample: [0 0 1 0 1 1 0 1 0 1 0 0]
2025-02-23 17:47:28,980 - DEBUG - Generated 76 unique samples from 200 total measurements
2025-02-23 17:47:28,982 - INFO -   No feasible solution found in this iteration
2025-02-23 17:47:28,983 - INFO -   Added 1 new constraints: [5]
2025-02-23 17:47:28,984 - INFO - 
Iteration 3:
2025-02-23 17:47:28,984 - DEBUG - Generated Ising Hamiltonian
2025-02-23 17:47:29,205 - DEBUG - Optimizing QAOA circuit...
2025-02-23 17:47:30,465 - DEBUG - Circuit optimization successful
2025-02-23 17:47:30,465 - DEBUG - Circuit optimization successful, final value: -6892.198051948051
2025-02-23 17:47:30,465 - DEBUG - Sampling from optimized circuit...
2025-02-23 17:47:30,478 - DEBUG - Generated 155 unique samples from 200 total measurements
2025-02-23 17:47:30,478 - DEBUG - 
Top 5 most frequent samples:
2025-02-23 17:47:30,478 - DEBUG -   Rank | Count |   %   
2025-02-23 17:47:30,478 - DEBUG -   -----|-------|-------
2025-02-23 17:47:30,478 - DEBUG -      1 |     6 |   3.0
2025-02-23 17:47:30,479 - DEBUG -     Sample: [0 1 1 1 1 1 1 0 0 1 0 1]
2025-02-23 17:47:30,479 - DEBUG -      2 |     5 |   2.5
2025-02-23 17:47:30,479 - DEBUG -     Sample: [0 0 1 0 0 1 1 0 0 1 0 1]
2025-02-23 17:47:30,479 - DEBUG -      3 |     4 |   2.0
2025-02-23 17:47:30,479 - DEBUG -     Sample: [0 1 1 0 1 1 1 0 0 1 0 1]
2025-02-23 17:47:30,480 - DEBUG -      4 |     4 |   2.0
2025-02-23 17:47:30,480 - DEBUG -     Sample: [0 0 1 0 0 1 1 0 0 1 0 0]
2025-02-23 17:47:30,480 - DEBUG -      5 |     4 |   2.0
2025-02-23 17:47:30,480 - DEBUG -     Sample: [0 1 1 0 1 1 1 0 0 1 0 0]
2025-02-23 17:47:30,481 - DEBUG - Generated 155 unique samples from 200 total measurements
2025-02-23 17:47:30,484 - INFO -   No feasible solution found in this iteration
2025-02-23 17:47:30,484 - INFO -   Added 1 new constraints: [3]
2025-02-23 17:47:30,485 - INFO - 
Iteration 4:
2025-02-23 17:47:30,485 - DEBUG - Generated Ising Hamiltonian
2025-02-23 17:47:30,676 - DEBUG - Optimizing QAOA circuit...
2025-02-23 17:47:31,708 - DEBUG - Circuit optimization successful
2025-02-23 17:47:31,708 - DEBUG - Circuit optimization successful, final value: -6960.466033966033
2025-02-23 17:47:31,708 - DEBUG - Sampling from optimized circuit...
2025-02-23 17:47:31,720 - DEBUG - Generated 100 unique samples from 200 total measurements
2025-02-23 17:47:31,720 - DEBUG - 
Top 5 most frequent samples:
2025-02-23 17:47:31,720 - DEBUG -   Rank | Count |   %   
2025-02-23 17:47:31,720 - DEBUG -   -----|-------|-------
2025-02-23 17:47:31,720 - DEBUG -      1 |    11 |   5.5
2025-02-23 17:47:31,721 - DEBUG -     Sample: [0 1 0 0 1 1 0 0 0 1 0 0]
2025-02-23 17:47:31,721 - DEBUG -      2 |     8 |   4.0
2025-02-23 17:47:31,721 - DEBUG -     Sample: [0 1 0 0 1 1 0 0 0 0 0 0]
2025-02-23 17:47:31,721 - DEBUG -      3 |     7 |   3.5
2025-02-23 17:47:31,721 - DEBUG -     Sample: [0 1 1 0 1 1 0 0 0 1 0 0]
2025-02-23 17:47:31,721 - DEBUG -      4 |     7 |   3.5
2025-02-23 17:47:31,721 - DEBUG -     Sample: [0 1 0 0 1 1 0 0 0 1 0 1]
2025-02-23 17:47:31,722 - DEBUG -      5 |     7 |   3.5
2025-02-23 17:47:31,722 - DEBUG -     Sample: [0 1 0 1 1 1 0 0 0 1 0 0]
2025-02-23 17:47:31,722 - DEBUG - Generated 100 unique samples from 200 total measurements
2025-02-23 17:47:31,724 - INFO -   No feasible solution found in this iteration
2025-02-23 17:47:31,724 - INFO -   Added 1 new constraints: [29]
2025-02-23 17:47:31,724 - INFO - 
Iteration 5:
2025-02-23 17:47:31,724 - DEBUG - Generated Ising Hamiltonian
2025-02-23 17:47:31,958 - DEBUG - Optimizing QAOA circuit...
2025-02-23 17:47:32,889 - DEBUG - Circuit optimization successful
2025-02-23 17:47:32,889 - DEBUG - Circuit optimization successful, final value: -22504.482267732266
2025-02-23 17:47:32,889 - DEBUG - Sampling from optimized circuit...
2025-02-23 17:47:32,903 - DEBUG - Generated 108 unique samples from 200 total measurements
2025-02-23 17:47:32,904 - DEBUG - 
Top 5 most frequent samples:
2025-02-23 17:47:32,904 - DEBUG -   Rank | Count |   %   
2025-02-23 17:47:32,904 - DEBUG -   -----|-------|-------
2025-02-23 17:47:32,904 - DEBUG -      1 |    13 |   6.5
2025-02-23 17:47:32,904 - DEBUG -     Sample: [0 0 0 0 1 0 0 0 0 1 0 0]
2025-02-23 17:47:32,904 - DEBUG -      2 |    11 |   5.5
2025-02-23 17:47:32,905 - DEBUG -     Sample: [0 0 0 0 1 0 0 0 0 1 1 0]
2025-02-23 17:47:32,905 - DEBUG -      3 |     9 |   4.5
2025-02-23 17:47:32,905 - DEBUG -     Sample: [0 1 0 0 1 0 0 0 0 1 0 0]
2025-02-23 17:47:32,905 - DEBUG -      4 |     7 |   3.5
2025-02-23 17:47:32,906 - DEBUG -     Sample: [0 0 0 0 1 0 0 0 1 1 0 0]
2025-02-23 17:47:32,906 - DEBUG -      5 |     5 |   2.5
2025-02-23 17:47:32,906 - DEBUG -     Sample: [0 0 0 0 1 0 0 0 0 0 0 0]
2025-02-23 17:47:32,907 - DEBUG - Generated 108 unique samples from 200 total measurements
2025-02-23 17:47:32,909 - INFO -   No feasible solution found in this iteration
2025-02-23 17:47:32,909 - INFO -   Added 2 new constraints: [33, 38]
2025-02-23 17:47:32,909 - INFO - 
Iteration 6:
2025-02-23 17:47:32,910 - DEBUG - Generated Ising Hamiltonian
2025-02-23 17:47:33,122 - DEBUG - Optimizing QAOA circuit...
2025-02-23 17:47:34,202 - DEBUG - Circuit optimization successful
2025-02-23 17:47:34,202 - DEBUG - Circuit optimization successful, final value: 5508.5442057942055
2025-02-23 17:47:34,203 - DEBUG - Sampling from optimized circuit...
2025-02-23 17:47:34,216 - DEBUG - Generated 138 unique samples from 200 total measurements
2025-02-23 17:47:34,216 - DEBUG - 
Top 5 most frequent samples:
2025-02-23 17:47:34,216 - DEBUG -   Rank | Count |   %   
2025-02-23 17:47:34,216 - DEBUG -   -----|-------|-------
2025-02-23 17:47:34,216 - DEBUG -      1 |     6 |   3.0
2025-02-23 17:47:34,216 - DEBUG -     Sample: [1 0 1 1 1 1 1 0 1 1 1 0]
2025-02-23 17:47:34,216 - DEBUG -      2 |     5 |   2.5
2025-02-23 17:47:34,217 - DEBUG -     Sample: [1 0 1 0 0 1 1 0 1 1 1 0]
2025-02-23 17:47:34,217 - DEBUG -      3 |     5 |   2.5
2025-02-23 17:47:34,217 - DEBUG -     Sample: [0 0 1 0 1 1 1 0 1 1 1 0]
2025-02-23 17:47:34,217 - DEBUG -      4 |     5 |   2.5
2025-02-23 17:47:34,217 - DEBUG -     Sample: [1 0 1 0 1 0 1 0 1 1 1 0]
2025-02-23 17:47:34,217 - DEBUG -      5 |     4 |   2.0
2025-02-23 17:47:34,218 - DEBUG -     Sample: [1 0 1 1 1 0 1 0 1 1 1 0]
2025-02-23 17:47:34,218 - DEBUG - Generated 138 unique samples from 200 total measurements
2025-02-23 17:47:34,220 - INFO -   No feasible solution found in this iteration
2025-02-23 17:47:34,221 - INFO -   No new constraints added, lowered tau multiplier: 1.0 -> 0.9
2025-02-23 17:47:34,221 - INFO -   No new constraints added, lowered tau multiplier: 0.9 -> 0.8
2025-02-23 17:47:34,222 - INFO -   Added 1 new constraints: [21]
2025-02-23 17:47:34,222 - INFO - 
Iteration 7:
2025-02-23 17:47:34,222 - DEBUG - Generated Ising Hamiltonian
2025-02-23 17:47:34,417 - DEBUG - Optimizing QAOA circuit...
2025-02-23 17:47:35,592 - DEBUG - Circuit optimization successful
2025-02-23 17:47:35,592 - DEBUG - Circuit optimization successful, final value: -3655.327172827172
2025-02-23 17:47:35,593 - DEBUG - Sampling from optimized circuit...
2025-02-23 17:47:35,605 - DEBUG - Generated 106 unique samples from 200 total measurements
2025-02-23 17:47:35,605 - DEBUG - 
Top 5 most frequent samples:
2025-02-23 17:47:35,605 - DEBUG -   Rank | Count |   %   
2025-02-23 17:47:35,606 - DEBUG -   -----|-------|-------
2025-02-23 17:47:35,606 - DEBUG -      1 |    12 |   6.0
2025-02-23 17:47:35,606 - DEBUG -     Sample: [1 1 1 1 0 0 1 0 0 1 1 1]
2025-02-23 17:47:35,606 - DEBUG -      2 |    11 |   5.5
2025-02-23 17:47:35,606 - DEBUG -     Sample: [0 1 1 1 0 0 1 0 0 1 1 0]
2025-02-23 17:47:35,607 - DEBUG -      3 |    10 |   5.0
2025-02-23 17:47:35,607 - DEBUG -     Sample: [0 0 1 1 0 0 1 0 0 1 1 0]
2025-02-23 17:47:35,607 - DEBUG -      4 |     9 |   4.5
2025-02-23 17:47:35,607 - DEBUG -     Sample: [1 0 1 1 0 0 1 0 0 1 1 1]
2025-02-23 17:47:35,608 - DEBUG -      5 |     8 |   4.0
2025-02-23 17:47:35,608 - DEBUG -     Sample: [1 1 1 1 0 0 1 0 0 1 1 0]
2025-02-23 17:47:35,608 - DEBUG - Generated 106 unique samples from 200 total measurements
2025-02-23 17:47:35,610 - INFO -   No feasible solution found in this iteration
2025-02-23 17:47:35,610 - INFO -   No new constraints added, lowered tau multiplier: 1.0 -> 0.9
2025-02-23 17:47:35,611 - INFO -   Added 2 new constraints: [28, 35]
2025-02-23 17:47:35,611 - INFO - 
Iteration 8:
2025-02-23 17:47:35,611 - DEBUG - Generated Ising Hamiltonian
2025-02-23 17:47:35,802 - DEBUG - Optimizing QAOA circuit...
2025-02-23 17:47:37,062 - DEBUG - Circuit optimization successful
2025-02-23 17:47:37,063 - DEBUG - Circuit optimization successful, final value: 9955.590909090908
2025-02-23 17:47:37,063 - DEBUG - Sampling from optimized circuit...
2025-02-23 17:47:37,078 - DEBUG - Generated 85 unique samples from 200 total measurements
2025-02-23 17:47:37,078 - DEBUG - 
Top 5 most frequent samples:
2025-02-23 17:47:37,078 - DEBUG -   Rank | Count |   %   
2025-02-23 17:47:37,078 - DEBUG -   -----|-------|-------
2025-02-23 17:47:37,078 - DEBUG -      1 |    17 |   8.5
2025-02-23 17:47:37,079 - DEBUG -     Sample: [1 0 0 1 1 1 0 1 1 1 0 1]
2025-02-23 17:47:37,079 - DEBUG -      2 |    12 |   6.0
2025-02-23 17:47:37,079 - DEBUG -     Sample: [1 0 0 1 1 0 0 0 1 1 0 1]
2025-02-23 17:47:37,079 - DEBUG -      3 |    10 |   5.0
2025-02-23 17:47:37,079 - DEBUG -     Sample: [1 0 0 1 1 1 0 0 1 1 0 1]
2025-02-23 17:47:37,080 - DEBUG -      4 |     9 |   4.5
2025-02-23 17:47:37,080 - DEBUG -     Sample: [1 0 0 1 1 0 0 1 1 1 0 1]
2025-02-23 17:47:37,080 - DEBUG -      5 |     8 |   4.0
2025-02-23 17:47:37,080 - DEBUG -     Sample: [1 0 0 1 1 1 0 1 1 0 0 0]
2025-02-23 17:47:37,081 - DEBUG - Generated 85 unique samples from 200 total measurements
2025-02-23 17:47:37,083 - INFO -   No feasible solution found in this iteration
2025-02-23 17:47:37,083 - INFO -   Added 2 new constraints: [17, 18]
2025-02-23 17:47:37,084 - INFO - 
Iteration 9:
2025-02-23 17:47:37,084 - DEBUG - Generated Ising Hamiltonian
2025-02-23 17:47:37,281 - DEBUG - Optimizing QAOA circuit...
2025-02-23 17:47:38,593 - DEBUG - Circuit optimization successful
2025-02-23 17:47:38,593 - DEBUG - Circuit optimization successful, final value: 6959.074425574425
2025-02-23 17:47:38,593 - DEBUG - Sampling from optimized circuit...
2025-02-23 17:47:38,607 - DEBUG - Generated 161 unique samples from 200 total measurements
2025-02-23 17:47:38,608 - DEBUG - 
Top 5 most frequent samples:
2025-02-23 17:47:38,608 - DEBUG -   Rank | Count |   %   
2025-02-23 17:47:38,608 - DEBUG -   -----|-------|-------
2025-02-23 17:47:38,608 - DEBUG -      1 |     6 |   3.0
2025-02-23 17:47:38,608 - DEBUG -     Sample: [1 0 0 0 1 0 0 0 1 0 0 1]
2025-02-23 17:47:38,608 - DEBUG -      2 |     4 |   2.0
2025-02-23 17:47:38,609 - DEBUG -     Sample: [1 1 0 0 1 0 0 0 1 0 1 1]
2025-02-23 17:47:38,609 - DEBUG -      3 |     4 |   2.0
2025-02-23 17:47:38,609 - DEBUG -     Sample: [1 1 0 0 1 0 0 1 1 1 1 1]
2025-02-23 17:47:38,609 - DEBUG -      4 |     3 |   1.5
2025-02-23 17:47:38,609 - DEBUG -     Sample: [1 1 0 1 1 0 0 0 1 1 0 1]
2025-02-23 17:47:38,609 - DEBUG -      5 |     3 |   1.5
2025-02-23 17:47:38,610 - DEBUG -     Sample: [1 0 0 0 1 0 0 1 1 0 0 1]
2025-02-23 17:47:38,610 - DEBUG - Generated 161 unique samples from 200 total measurements
2025-02-23 17:47:38,613 - INFO -   No feasible solution found in this iteration
2025-02-23 17:47:38,614 - INFO -   No new constraints added, lowered tau multiplier: 1.0 -> 0.9
2025-02-23 17:47:38,614 - INFO -   No new constraints added, lowered tau multiplier: 0.9 -> 0.8
2025-02-23 17:47:38,614 - INFO -   No new constraints added, lowered tau multiplier: 0.8 -> 0.7
2025-02-23 17:47:38,614 - INFO -   Added 9 new constraints: [2, 7, 9, 13, 14, 24, 30, 36, 39]
2025-02-23 17:47:38,615 - INFO - 
Iteration 10:
2025-02-23 17:47:38,615 - DEBUG - Generated Ising Hamiltonian
2025-02-23 17:47:38,811 - DEBUG - Optimizing QAOA circuit...
2025-02-23 17:47:40,208 - DEBUG - Circuit optimization successful
2025-02-23 17:47:40,208 - DEBUG - Circuit optimization successful, final value: 5270.4502997003
2025-02-23 17:47:40,209 - DEBUG - Sampling from optimized circuit...
2025-02-23 17:47:40,224 - DEBUG - Generated 181 unique samples from 200 total measurements
2025-02-23 17:47:40,224 - DEBUG - 
Top 5 most frequent samples:
2025-02-23 17:47:40,224 - DEBUG -   Rank | Count |   %   
2025-02-23 17:47:40,224 - DEBUG -   -----|-------|-------
2025-02-23 17:47:40,224 - DEBUG -      1 |     3 |   1.5
2025-02-23 17:47:40,225 - DEBUG -     Sample: [1 1 1 1 1 1 1 0 1 1 0 0]
2025-02-23 17:47:40,225 - DEBUG -      2 |     2 |   1.0
2025-02-23 17:47:40,225 - DEBUG -     Sample: [0 1 1 0 0 1 1 1 1 1 1 1]
2025-02-23 17:47:40,225 - DEBUG -      3 |     2 |   1.0
2025-02-23 17:47:40,225 - DEBUG -     Sample: [1 0 0 0 0 1 0 0 1 1 1 0]
2025-02-23 17:47:40,225 - DEBUG -      4 |     2 |   1.0
2025-02-23 17:47:40,226 - DEBUG -     Sample: [1 1 0 0 0 1 1 1 1 1 1 0]
2025-02-23 17:47:40,226 - DEBUG -      5 |     2 |   1.0
2025-02-23 17:47:40,226 - DEBUG -     Sample: [1 1 1 0 1 0 0 0 1 1 1 0]
2025-02-23 17:47:40,226 - DEBUG - Generated 181 unique samples from 200 total measurements
2025-02-23 17:47:40,229 - INFO -   No feasible solution found in this iteration
2025-02-23 17:47:40,230 - INFO -   No new constraints added, lowered tau multiplier: 1.0 -> 0.9
2025-02-23 17:47:40,230 - INFO -   No new constraints added, lowered tau multiplier: 0.9 -> 0.8
2025-02-23 17:47:40,230 - INFO -   No new constraints added, lowered tau multiplier: 0.8 -> 0.7
2025-02-23 17:47:40,230 - INFO -   Added 1 new constraints: [8]
2025-02-23 17:47:40,230 - INFO - 
Iteration 11:
2025-02-23 17:47:40,230 - DEBUG - Generated Ising Hamiltonian
2025-02-23 17:47:40,405 - DEBUG - Optimizing QAOA circuit...
2025-02-23 17:47:41,733 - DEBUG - Circuit optimization successful
2025-02-23 17:47:41,734 - DEBUG - Circuit optimization successful, final value: -20229.38561438561
2025-02-23 17:47:41,734 - DEBUG - Sampling from optimized circuit...
2025-02-23 17:47:41,747 - DEBUG - Generated 98 unique samples from 200 total measurements
2025-02-23 17:47:41,747 - DEBUG - 
Top 5 most frequent samples:
2025-02-23 17:47:41,747 - DEBUG -   Rank | Count |   %   
2025-02-23 17:47:41,747 - DEBUG -   -----|-------|-------
2025-02-23 17:47:41,747 - DEBUG -      1 |    21 |  10.5
2025-02-23 17:47:41,748 - DEBUG -     Sample: [1 0 0 1 0 1 0 0 1 0 0 0]
2025-02-23 17:47:41,748 - DEBUG -      2 |    12 |   6.0
2025-02-23 17:47:41,748 - DEBUG -     Sample: [1 0 0 0 0 1 0 0 1 0 0 0]
2025-02-23 17:47:41,748 - DEBUG -      3 |     9 |   4.5
2025-02-23 17:47:41,748 - DEBUG -     Sample: [1 0 0 1 0 1 0 0 0 0 0 0]
2025-02-23 17:47:41,748 - DEBUG -      4 |     8 |   4.0
2025-02-23 17:47:41,748 - DEBUG -     Sample: [1 0 0 0 0 1 0 1 1 0 0 0]
2025-02-23 17:47:41,749 - DEBUG -      5 |     8 |   4.0
2025-02-23 17:47:41,749 - DEBUG -     Sample: [0 0 0 1 0 1 0 0 1 0 0 0]
2025-02-23 17:47:41,749 - DEBUG - Generated 98 unique samples from 200 total measurements
2025-02-23 17:47:41,750 - INFO - Found feasible solution: [1 0 0 1 0 1 0 0 1 1 0 0] with objective value 253.0
2025-02-23 17:47:41,751 - INFO -   Found feasible solution:
2025-02-23 17:47:41,751 - INFO -     Solution: [1, 0, 0, 1, 0, 1, 0, 0, 1, 1, 0, 0]
2025-02-23 17:47:41,751 - INFO -     Value: 253.0
2025-02-23 17:47:41,751 - INFO -     Gap to reference: 0.00%
2025-02-23 17:47:41,752 - INFO -   Constraint generation solution found:
2025-02-23 17:47:41,752 - INFO -     Solution: [1, 0, 0, 1, 0, 1, 0, 0, 1, 1, 0, 0]
2025-02-23 17:47:41,752 - INFO -     Value: 253.0
2025-02-23 17:47:41,752 - INFO - 
Instance 2 results:
2025-02-23 17:47:41,753 - INFO -   Classical value: 253.0
2025-02-23 17:47:41,753 - INFO -   QAOA value: 0.0
2025-02-23 17:47:41,753 - INFO -   Constraint generation value: 253.0
2025-02-23 17:47:41,754 - INFO - 
Running instance 3/100
2025-02-23 17:47:41,756 - INFO - 
Running Classical Reference Solver (SCIP):
2025-02-23 17:47:41,757 - DEBUG - Problem dimensions: 40 constraints, 12 variables
2025-02-23 17:47:41,757 - DEBUG - Row names: ['ELEM1', 'ELEM2', 'ELEM3', 'ELEM4', 'ELEM5', 'ELEM6', 'ELEM7', 'ELEM8', 'ELEM9', 'ELEM10', 'ELEM11', 'ELEM12', 'ELEM13', 'ELEM14', 'ELEM15', 'ELEM16', 'ELEM17', 'ELEM18', 'ELEM19', 'ELEM20', 'ELEM21', 'ELEM22', 'ELEM23', 'ELEM24', 'ELEM25', 'ELEM26', 'ELEM27', 'ELEM28', 'ELEM29', 'ELEM30', 'ELEM31', 'ELEM32', 'ELEM33', 'ELEM34', 'ELEM35', 'ELEM36', 'ELEM37', 'ELEM38', 'ELEM39', 'ELEM40']
2025-02-23 17:47:41,758 - DEBUG - RHS values: {'ELEM1': 1.0, 'ELEM2': 1.0, 'ELEM3': 1.0, 'ELEM4': 1.0, 'ELEM5': 1.0, 'ELEM6': 1.0, 'ELEM7': 1.0, 'ELEM8': 1.0, 'ELEM9': 1.0, 'ELEM10': 1.0, 'ELEM11': 1.0, 'ELEM12': 1.0, 'ELEM13': 1.0, 'ELEM14': 1.0, 'ELEM15': 1.0, 'ELEM16': 1.0, 'ELEM17': 1.0, 'ELEM18': 1.0, 'ELEM19': 1.0, 'ELEM20': 1.0, 'ELEM21': 1.0, 'ELEM22': 1.0, 'ELEM23': 1.0, 'ELEM24': 1.0, 'ELEM25': 1.0, 'ELEM26': 1.0, 'ELEM27': 1.0, 'ELEM28': 1.0, 'ELEM29': 1.0, 'ELEM30': 1.0, 'ELEM31': 1.0, 'ELEM32': 1.0, 'ELEM33': 1.0, 'ELEM34': 1.0, 'ELEM35': 1.0, 'ELEM36': 1.0, 'ELEM37': 1.0, 'ELEM38': 1.0, 'ELEM39': 1.0, 'ELEM40': 1.0}
2025-02-23 17:47:41,767 - INFO -   Reference solution found:
2025-02-23 17:47:41,767 - INFO -     Solution: [0, 0, 0, 1, 0, 0, 0, 1, 0, 0, 0, 1]
2025-02-23 17:47:41,768 - INFO -     Value: 178.0
2025-02-23 17:47:41,768 - INFO - 
Running QAOA Reference Solution (with all constraints):
