2025-02-24 14:17:42,585 - INFO - 
Problem information:
2025-02-24 14:17:42,586 - INFO -   Number of variables (n): 12
2025-02-24 14:17:42,586 - INFO -   Number of constraints (m): 40
2025-02-24 14:17:42,586 - DEBUG -   Density of A: 25.00%
2025-02-24 14:17:42,586 - INFO - 
Starting reference QAOA with parameters:
2025-02-24 14:17:42,586 - INFO -   sample_size (total shots): 1000
2025-02-24 14:17:42,586 - INFO - Added all constraints
2025-02-24 14:17:42,586 - DEBUG - Generated Ising Hamiltonian
2025-02-24 14:17:42,711 - DEBUG - Optimizing QAOA circuit...
2025-02-24 14:17:45,917 - DEBUG - Circuit optimization successful
2025-02-24 14:17:45,917 - DEBUG - Circuit optimization successful, final value: 3393.888611388611
2025-02-24 14:17:45,917 - DEBUG - Sampling from optimized circuit...
2025-02-24 14:17:45,952 - DEBUG - Generated 762 unique samples from 1000 total measurements
2025-02-24 14:17:45,955 - DEBUG - 
Top 5 most frequent samples:
2025-02-24 14:17:45,955 - DEBUG -   Rank | Count |   %   
2025-02-24 14:17:45,955 - DEBUG -   -----|-------|-------
2025-02-24 14:17:45,955 - DEBUG -      1 |     5 |   0.5
2025-02-24 14:17:45,955 - DEBUG -     Sample: [0 1 0 0 0 1 1 1 0 1 0 0]
2025-02-24 14:17:45,955 - DEBUG -      2 |     5 |   0.5
2025-02-24 14:17:45,956 - DEBUG -     Sample: [0 1 1 1 1 0 1 0 0 1 0 1]
2025-02-24 14:17:45,956 - DEBUG -      3 |     5 |   0.5
2025-02-24 14:17:45,956 - DEBUG -     Sample: [0 0 0 1 1 1 0 1 1 0 0 0]
2025-02-24 14:17:45,956 - DEBUG -      4 |     4 |   0.4
2025-02-24 14:17:45,956 - DEBUG -     Sample: [0 1 0 1 0 0 1 1 0 1 0 0]
2025-02-24 14:17:45,956 - DEBUG -      5 |     4 |   0.4
2025-02-24 14:17:45,957 - DEBUG -     Sample: [1 0 1 0 0 1 1 0 1 1 0 0]
2025-02-24 14:17:45,958 - DEBUG - Generated 762 unique samples from 1000 total measurements
2025-02-24 14:17:45,967 - INFO - No feasible solution found
2025-02-24 14:17:45,968 - INFO -   QAOA solver found no feasible solution
2025-02-24 14:17:45,968 - INFO - 
Running Constraint Generation:
2025-02-24 14:17:45,969 - INFO - 
Problem information:
2025-02-24 14:17:45,971 - INFO -   Number of variables (n): 12
2025-02-24 14:17:45,971 - INFO -   Number of constraints (m): 40
2025-02-24 14:17:45,971 - DEBUG -   Density of A: 25.00%
2025-02-24 14:17:45,971 - INFO - 
Running classical reference solver:
2025-02-24 14:17:45,981 - INFO -   Reference solution found:
2025-02-24 14:17:45,982 - INFO -     Solution: [1, 0, 0, 1, 0, 1, 0, 1, 0, 0, 0, 0]
2025-02-24 14:17:45,982 - INFO -     Value: 189.0
2025-02-24 14:17:45,982 - INFO - 
Starting quantum constraint generation with parameters:
2025-02-24 14:17:45,982 - INFO -   sample_size (total shots): 1000
2025-02-24 14:17:45,982 - INFO -   tau: 0.1
2025-02-24 14:17:45,982 - INFO -   max_iters: 1000
2025-02-24 14:17:45,982 - INFO - 
Iteration 0:
2025-02-24 14:17:45,983 - DEBUG - Generated Ising Hamiltonian
2025-02-24 14:17:45,983 - DEBUG - Optimizing QAOA circuit...
2025-02-24 14:17:50,557 - WARNING - Circuit optimization did not converge
2025-02-24 14:17:50,557 - WARNING - Circuit optimization did not converge
2025-02-24 14:17:50,557 - DEBUG - Sampling from optimized circuit...
2025-02-24 14:17:50,609 - DEBUG - Generated 16 unique samples from 1000 total measurements
2025-02-24 14:17:50,609 - DEBUG - 
Top 5 most frequent samples:
2025-02-24 14:17:50,610 - DEBUG -   Rank | Count |   %   
2025-02-24 14:17:50,610 - DEBUG -   -----|-------|-------
2025-02-24 14:17:50,610 - DEBUG -      1 |   321 |  32.1
2025-02-24 14:17:50,610 - DEBUG -     Sample: [0 0 0 0 0 0 0 0 1 0 0 0]
2025-02-24 14:17:50,610 - DEBUG -      2 |   160 |  16.0
2025-02-24 14:17:50,610 - DEBUG -     Sample: [0 0 0 0 0 0 0 0 1 0 1 0]
2025-02-24 14:17:50,610 - DEBUG -      3 |   147 |  14.7
2025-02-24 14:17:50,610 - DEBUG -     Sample: [0 0 0 0 0 0 0 0 0 0 0 0]
2025-02-24 14:17:50,610 - DEBUG -      4 |    98 |   9.8
2025-02-24 14:17:50,610 - DEBUG -     Sample: [0 0 0 0 0 0 0 0 1 1 0 0]
2025-02-24 14:17:50,611 - DEBUG -      5 |    56 |   5.6
2025-02-24 14:17:50,611 - DEBUG -     Sample: [0 0 0 0 0 0 0 0 0 0 1 0]
2025-02-24 14:17:50,611 - DEBUG - Generated 16 unique samples from 1000 total measurements
2025-02-24 14:17:50,611 - INFO -   No feasible solution found in this iteration
2025-02-24 14:17:50,611 - INFO -   Added 12 new constraints: [1, 7, 13, 14, 15, 17, 18, 24, 25, 30, 37, 38]
2025-02-24 14:17:50,612 - INFO - 
Iteration 1:
2025-02-24 14:17:50,612 - DEBUG - Generated Ising Hamiltonian
2025-02-24 14:17:50,613 - DEBUG - Optimizing QAOA circuit...
2025-02-24 14:17:59,779 - WARNING - Circuit optimization did not converge
2025-02-24 14:17:59,779 - WARNING - Circuit optimization did not converge
2025-02-24 14:17:59,779 - DEBUG - Sampling from optimized circuit...
2025-02-24 14:17:59,843 - DEBUG - Generated 16 unique samples from 1000 total measurements
2025-02-24 14:17:59,843 - DEBUG - 
Top 5 most frequent samples:
2025-02-24 14:17:59,843 - DEBUG -   Rank | Count |   %   
2025-02-24 14:17:59,843 - DEBUG -   -----|-------|-------
2025-02-24 14:17:59,843 - DEBUG -      1 |   288 |  28.8
2025-02-24 14:17:59,844 - DEBUG -     Sample: [0 0 0 0 0 0 0 0 0 1 1 1]
2025-02-24 14:17:59,844 - DEBUG -      2 |   147 |  14.7
2025-02-24 14:17:59,844 - DEBUG -     Sample: [0 0 0 0 0 0 0 0 0 1 1 0]
2025-02-24 14:17:59,844 - DEBUG -      3 |   134 |  13.4
2025-02-24 14:17:59,844 - DEBUG -     Sample: [0 0 0 0 0 0 0 0 1 1 1 1]
2025-02-24 14:17:59,844 - DEBUG -      4 |   105 |  10.5
2025-02-24 14:17:59,844 - DEBUG -     Sample: [0 0 0 0 0 0 0 0 0 0 1 1]
2025-02-24 14:17:59,844 - DEBUG -      5 |    69 |   6.9
2025-02-24 14:17:59,844 - DEBUG -     Sample: [0 0 0 0 0 0 0 0 0 0 1 0]
2025-02-24 14:17:59,845 - DEBUG - Generated 16 unique samples from 1000 total measurements
2025-02-24 14:17:59,845 - INFO -   No feasible solution found in this iteration
2025-02-24 14:17:59,845 - INFO -   No new constraints added, lowered tau multiplier: 1.0 -> 0.9
2025-02-24 14:17:59,845 - INFO -   No new constraints added, lowered tau multiplier: 0.9 -> 0.8
2025-02-24 14:17:59,845 - INFO -   No new constraints added, lowered tau multiplier: 0.8 -> 0.7
2025-02-24 14:17:59,845 - INFO -   No new constraints added, lowered tau multiplier: 0.7 -> 0.6
2025-02-24 14:17:59,846 - INFO -   No new constraints added, lowered tau multiplier: 0.6 -> 0.5
2025-02-24 14:17:59,846 - INFO -   No new constraints added, lowered tau multiplier: 0.5 -> 0.4
2025-02-24 14:17:59,846 - INFO -   Added 28 new constraints: [0, 2, 3, 4, 5, 6, 8, 9, 10, 11, 12, 16, 19, 20, 21, 22, 23, 26, 27, 28, 29, 31, 32, 33, 34, 35, 36, 39]
2025-02-24 14:17:59,846 - INFO - 
Iteration 2:
2025-02-24 14:17:59,846 - DEBUG - Generated Ising Hamiltonian
2025-02-24 14:17:59,848 - DEBUG - Optimizing QAOA circuit...
2025-02-24 14:18:13,136 - WARNING - Circuit optimization did not converge
2025-02-24 14:18:13,136 - WARNING - Circuit optimization did not converge
2025-02-24 14:18:13,136 - DEBUG - Sampling from optimized circuit...
2025-02-24 14:18:13,193 - DEBUG - Generated 16 unique samples from 1000 total measurements
2025-02-24 14:18:13,193 - DEBUG - 
Top 5 most frequent samples:
2025-02-24 14:18:13,194 - DEBUG -   Rank | Count |   %   
2025-02-24 14:18:13,194 - DEBUG -   -----|-------|-------
2025-02-24 14:18:13,194 - DEBUG -      1 |    93 |   9.3
2025-02-24 14:18:13,194 - DEBUG -     Sample: [0 0 0 0 0 0 0 0 0 0 0 0]
2025-02-24 14:18:13,194 - DEBUG -      2 |    88 |   8.8
2025-02-24 14:18:13,194 - DEBUG -     Sample: [0 0 0 0 0 0 0 0 0 0 1 0]
2025-02-24 14:18:13,194 - DEBUG -      3 |    80 |   8.0
2025-02-24 14:18:13,195 - DEBUG -     Sample: [0 0 0 0 0 0 0 0 0 0 0 1]
2025-02-24 14:18:13,195 - DEBUG -      4 |    75 |   7.5
2025-02-24 14:18:13,195 - DEBUG -     Sample: [0 0 0 0 0 0 0 0 0 0 1 1]
2025-02-24 14:18:13,195 - DEBUG -      5 |    67 |   6.7
2025-02-24 14:18:13,195 - DEBUG -     Sample: [0 0 0 0 0 0 0 0 0 1 0 0]
2025-02-24 14:18:13,195 - DEBUG - Generated 16 unique samples from 1000 total measurements
2025-02-24 14:18:13,195 - INFO -   No feasible solution found in this iteration
2025-02-24 14:18:13,196 - INFO -   All constraints added, exiting
2025-02-24 14:18:13,196 - INFO -   Constraint generation found no feasible solution
2025-02-24 14:18:13,196 - INFO - 
Instance 16 results:
2025-02-24 14:18:13,196 - INFO -   Classical value: 189.0
2025-02-24 14:18:13,196 - INFO -   QAOA value: 0.0
2025-02-24 14:18:13,196 - INFO -   Constraint generation value: 0.0
2025-02-24 14:18:13,196 - INFO - 
Running instance 17/100
2025-02-24 14:18:13,197 - INFO - 
Running Classical Reference Solver (SCIP):
2025-02-24 14:18:13,198 - DEBUG - Problem dimensions: 40 constraints, 12 variables
2025-02-24 14:18:13,198 - DEBUG - Row names: ['ELEM1', 'ELEM2', 'ELEM3', 'ELEM4', 'ELEM5', 'ELEM6', 'ELEM7', 'ELEM8', 'ELEM9', 'ELEM10', 'ELEM11', 'ELEM12', 'ELEM13', 'ELEM14', 'ELEM15', 'ELEM16', 'ELEM17', 'ELEM18', 'ELEM19', 'ELEM20', 'ELEM21', 'ELEM22', 'ELEM23', 'ELEM24', 'ELEM25', 'ELEM26', 'ELEM27', 'ELEM28', 'ELEM29', 'ELEM30', 'ELEM31', 'ELEM32', 'ELEM33', 'ELEM34', 'ELEM35', 'ELEM36', 'ELEM37', 'ELEM38', 'ELEM39', 'ELEM40']
2025-02-24 14:18:13,198 - DEBUG - RHS values: {'ELEM1': 1.0, 'ELEM2': 1.0, 'ELEM3': 1.0, 'ELEM4': 1.0, 'ELEM5': 1.0, 'ELEM6': 1.0, 'ELEM7': 1.0, 'ELEM8': 1.0, 'ELEM9': 1.0, 'ELEM10': 1.0, 'ELEM11': 1.0, 'ELEM12': 1.0, 'ELEM13': 1.0, 'ELEM14': 1.0, 'ELEM15': 1.0, 'ELEM16': 1.0, 'ELEM17': 1.0, 'ELEM18': 1.0, 'ELEM19': 1.0, 'ELEM20': 1.0, 'ELEM21': 1.0, 'ELEM22': 1.0, 'ELEM23': 1.0, 'ELEM24': 1.0, 'ELEM25': 1.0, 'ELEM26': 1.0, 'ELEM27': 1.0, 'ELEM28': 1.0, 'ELEM29': 1.0, 'ELEM30': 1.0, 'ELEM31': 1.0, 'ELEM32': 1.0, 'ELEM33': 1.0, 'ELEM34': 1.0, 'ELEM35': 1.0, 'ELEM36': 1.0, 'ELEM37': 1.0, 'ELEM38': 1.0, 'ELEM39': 1.0, 'ELEM40': 1.0}
2025-02-24 14:18:13,206 - INFO -   Reference solution found:
2025-02-24 14:18:13,206 - INFO -     Solution: [1, 0, 0, 0, 1, 0, 0, 0, 0, 1, 0, 1]
2025-02-24 14:18:13,206 - INFO -     Value: 195.0
2025-02-24 14:18:13,206 - INFO - 
Running QAOA Reference Solution (with all constraints):
