2025-02-23 18:03:32,884 - INFO - 
Problem information:
2025-02-23 18:03:32,884 - INFO -   Number of variables (n): 12
2025-02-23 18:03:32,884 - INFO -   Number of constraints (m): 40
2025-02-23 18:03:32,884 - DEBUG -   Density of A: 19.58%
2025-02-23 18:03:32,885 - INFO - 
Starting reference QAOA with parameters:
2025-02-23 18:03:32,885 - INFO -   sample_size (total shots): 200
2025-02-23 18:03:32,885 - INFO - Added all constraints
2025-02-23 18:03:32,886 - DEBUG - Generated Ising Hamiltonian
2025-02-23 18:03:33,118 - DEBUG - Optimizing QAOA circuit...
2025-02-23 18:03:35,622 - DEBUG - Circuit optimization successful
2025-02-23 18:03:35,622 - DEBUG - Circuit optimization successful, final value: -15732.601398601406
2025-02-23 18:03:35,622 - DEBUG - Sampling from optimized circuit...
2025-02-23 18:03:35,640 - DEBUG - Generated 173 unique samples from 200 total measurements
2025-02-23 18:03:35,640 - DEBUG - 
Top 5 most frequent samples:
2025-02-23 18:03:35,640 - DEBUG -   Rank | Count |   %   
2025-02-23 18:03:35,640 - DEBUG -   -----|-------|-------
2025-02-23 18:03:35,640 - DEBUG -      1 |     4 |   2.0
2025-02-23 18:03:35,641 - DEBUG -     Sample: [1 0 1 1 0 0 1 0 0 1 1 0]
2025-02-23 18:03:35,641 - DEBUG -      2 |     3 |   1.5
2025-02-23 18:03:35,641 - DEBUG -     Sample: [0 0 1 1 0 0 1 0 1 1 0 1]
2025-02-23 18:03:35,641 - DEBUG -      3 |     3 |   1.5
2025-02-23 18:03:35,641 - DEBUG -     Sample: [0 0 1 1 0 0 1 0 1 1 1 0]
2025-02-23 18:03:35,641 - DEBUG -      4 |     3 |   1.5
2025-02-23 18:03:35,642 - DEBUG -     Sample: [0 1 1 0 0 0 1 0 0 1 0 0]
2025-02-23 18:03:35,642 - DEBUG -      5 |     3 |   1.5
2025-02-23 18:03:35,642 - DEBUG -     Sample: [0 0 1 1 0 0 0 0 1 1 0 0]
2025-02-23 18:03:35,643 - DEBUG - Generated 173 unique samples from 200 total measurements
2025-02-23 18:03:35,646 - INFO - No feasible solution found
2025-02-23 18:03:35,646 - INFO -   QAOA solver found no feasible solution
2025-02-23 18:03:35,647 - INFO - 
Running Constraint Generation:
2025-02-23 18:03:35,648 - INFO - 
Problem information:
2025-02-23 18:03:35,648 - INFO -   Number of variables (n): 12
2025-02-23 18:03:35,648 - INFO -   Number of constraints (m): 40
2025-02-23 18:03:35,648 - DEBUG -   Density of A: 19.58%
2025-02-23 18:03:35,648 - INFO - 
Running classical reference solver:
2025-02-23 18:03:35,659 - INFO -   Reference solution found:
2025-02-23 18:03:35,659 - INFO -     Solution: [0, 0, 1, 1, 0, 0, 0, 1, 0, 1, 0, 0]
2025-02-23 18:03:35,660 - INFO -     Value: 200.0
2025-02-23 18:03:35,660 - INFO - 
Starting quantum constraint generation with parameters:
2025-02-23 18:03:35,660 - INFO -   sample_size (total shots): 200
2025-02-23 18:03:35,660 - INFO -   tau: 0.1
2025-02-23 18:03:35,661 - INFO -   max_iters: 1000
2025-02-23 18:03:35,661 - INFO - 
Iteration 0:
2025-02-23 18:03:35,662 - DEBUG - Generated Ising Hamiltonian
2025-02-23 18:03:35,897 - DEBUG - Optimizing QAOA circuit...
2025-02-23 18:03:36,859 - DEBUG - Circuit optimization successful
2025-02-23 18:03:36,859 - DEBUG - Circuit optimization successful, final value: -330.4095904095904
2025-02-23 18:03:36,859 - DEBUG - Sampling from optimized circuit...
2025-02-23 18:03:36,872 - DEBUG - Generated 57 unique samples from 200 total measurements
2025-02-23 18:03:36,872 - DEBUG - 
Top 5 most frequent samples:
2025-02-23 18:03:36,873 - DEBUG -   Rank | Count |   %   
2025-02-23 18:03:36,873 - DEBUG -   -----|-------|-------
2025-02-23 18:03:36,873 - DEBUG -      1 |    43 |  21.5
2025-02-23 18:03:36,873 - DEBUG -     Sample: [1 1 1 1 0 0 1 0 1 1 1 0]
2025-02-23 18:03:36,873 - DEBUG -      2 |    37 |  18.5
2025-02-23 18:03:36,873 - DEBUG -     Sample: [1 1 1 1 0 0 0 0 1 1 1 0]
2025-02-23 18:03:36,874 - DEBUG -      3 |    12 |   6.0
2025-02-23 18:03:36,874 - DEBUG -     Sample: [1 1 1 1 0 1 1 0 1 1 1 0]
2025-02-23 18:03:36,874 - DEBUG -      4 |    12 |   6.0
2025-02-23 18:03:36,874 - DEBUG -     Sample: [1 1 1 1 0 1 0 0 1 1 1 0]
2025-02-23 18:03:36,874 - DEBUG -      5 |     6 |   3.0
2025-02-23 18:03:36,874 - DEBUG -     Sample: [1 0 1 1 0 0 0 0 1 1 1 0]
2025-02-23 18:03:36,875 - DEBUG - Generated 57 unique samples from 200 total measurements
2025-02-23 18:03:36,876 - INFO -   No feasible solution found in this iteration
2025-02-23 18:03:36,879 - INFO -   Added 1 new constraints: [29]
2025-02-23 18:03:36,880 - INFO - 
Iteration 1:
2025-02-23 18:03:36,880 - DEBUG - Generated Ising Hamiltonian
2025-02-23 18:03:37,123 - DEBUG - Optimizing QAOA circuit...
2025-02-23 18:03:38,277 - DEBUG - Circuit optimization successful
2025-02-23 18:03:38,277 - DEBUG - Circuit optimization successful, final value: -7943.86013986014
2025-02-23 18:03:38,277 - DEBUG - Sampling from optimized circuit...
2025-02-23 18:03:38,291 - DEBUG - Generated 135 unique samples from 200 total measurements
2025-02-23 18:03:38,292 - DEBUG - 
Top 5 most frequent samples:
2025-02-23 18:03:38,292 - DEBUG -   Rank | Count |   %   
2025-02-23 18:03:38,292 - DEBUG -   -----|-------|-------
2025-02-23 18:03:38,292 - DEBUG -      1 |     8 |   4.0
2025-02-23 18:03:38,292 - DEBUG -     Sample: [0 1 0 1 0 1 1 1 0 1 1 1]
2025-02-23 18:03:38,292 - DEBUG -      2 |     6 |   3.0
2025-02-23 18:03:38,293 - DEBUG -     Sample: [0 0 0 1 0 1 1 1 0 1 1 1]
2025-02-23 18:03:38,293 - DEBUG -      3 |     6 |   3.0
2025-02-23 18:03:38,294 - DEBUG -     Sample: [0 0 0 1 0 1 1 1 0 1 0 1]
2025-02-23 18:03:38,294 - DEBUG -      4 |     5 |   2.5
2025-02-23 18:03:38,294 - DEBUG -     Sample: [0 1 0 0 0 1 1 1 0 1 1 1]
2025-02-23 18:03:38,294 - DEBUG -      5 |     4 |   2.0
2025-02-23 18:03:38,295 - DEBUG -     Sample: [0 1 0 1 0 1 1 1 0 1 0 1]
2025-02-23 18:03:38,296 - DEBUG - Generated 135 unique samples from 200 total measurements
2025-02-23 18:03:38,299 - INFO -   No feasible solution found in this iteration
2025-02-23 18:03:38,300 - INFO -   Added 1 new constraints: [15]
2025-02-23 18:03:38,300 - INFO - 
Iteration 2:
2025-02-23 18:03:38,300 - DEBUG - Generated Ising Hamiltonian
2025-02-23 18:03:38,507 - DEBUG - Optimizing QAOA circuit...
2025-02-23 18:03:39,783 - DEBUG - Circuit optimization successful
2025-02-23 18:03:39,783 - DEBUG - Circuit optimization successful, final value: -15233.97202797203
2025-02-23 18:03:39,784 - DEBUG - Sampling from optimized circuit...
2025-02-23 18:03:39,798 - DEBUG - Generated 137 unique samples from 200 total measurements
2025-02-23 18:03:39,798 - DEBUG - 
Top 5 most frequent samples:
2025-02-23 18:03:39,799 - DEBUG -   Rank | Count |   %   
2025-02-23 18:03:39,799 - DEBUG -   -----|-------|-------
2025-02-23 18:03:39,799 - DEBUG -      1 |     8 |   4.0
2025-02-23 18:03:39,799 - DEBUG -     Sample: [0 0 1 1 0 1 0 1 0 0 0 1]
2025-02-23 18:03:39,799 - DEBUG -      2 |     5 |   2.5
2025-02-23 18:03:39,800 - DEBUG -     Sample: [0 1 1 1 0 1 0 1 0 0 0 1]
2025-02-23 18:03:39,800 - DEBUG -      3 |     4 |   2.0
2025-02-23 18:03:39,800 - DEBUG -     Sample: [0 1 0 1 0 0 0 1 0 0 0 0]
2025-02-23 18:03:39,800 - DEBUG -      4 |     4 |   2.0
2025-02-23 18:03:39,800 - DEBUG -     Sample: [0 1 1 0 0 1 0 1 0 0 0 1]
2025-02-23 18:03:39,800 - DEBUG -      5 |     4 |   2.0
2025-02-23 18:03:39,800 - DEBUG -     Sample: [0 0 0 1 0 1 0 1 0 0 0 1]
2025-02-23 18:03:39,801 - DEBUG - Generated 137 unique samples from 200 total measurements
2025-02-23 18:03:39,803 - INFO - Found feasible solution: [0 0 1 1 0 0 0 1 0 1 0 0] with objective value 200.0
2025-02-23 18:03:39,804 - INFO -   Found feasible solution:
2025-02-23 18:03:39,805 - INFO -     Solution: [0, 0, 1, 1, 0, 0, 0, 1, 0, 1, 0, 0]
2025-02-23 18:03:39,805 - INFO -     Value: 200.0
2025-02-23 18:03:39,805 - INFO -     Gap to reference: 0.00%
2025-02-23 18:03:39,806 - INFO -   Constraint generation solution found:
2025-02-23 18:03:39,806 - INFO -     Solution: [0, 0, 1, 1, 0, 0, 0, 1, 0, 1, 0, 0]
2025-02-23 18:03:39,806 - INFO -     Value: 200.0
2025-02-23 18:03:39,806 - INFO - 
Instance 50 results:
2025-02-23 18:03:39,806 - INFO -   Classical value: 200.0
2025-02-23 18:03:39,806 - INFO -   QAOA value: 0.0
2025-02-23 18:03:39,807 - INFO -   Constraint generation value: 200.0
2025-02-23 18:03:39,807 - INFO - 
Running instance 51/100
2025-02-23 18:03:39,810 - INFO - 
Running Classical Reference Solver (SCIP):
2025-02-23 18:03:39,812 - DEBUG - Problem dimensions: 40 constraints, 12 variables
2025-02-23 18:03:39,812 - DEBUG - Row names: ['ELEM1', 'ELEM2', 'ELEM3', 'ELEM4', 'ELEM5', 'ELEM6', 'ELEM7', 'ELEM8', 'ELEM9', 'ELEM10', 'ELEM11', 'ELEM12', 'ELEM13', 'ELEM14', 'ELEM15', 'ELEM16', 'ELEM17', 'ELEM18', 'ELEM19', 'ELEM20', 'ELEM21', 'ELEM22', 'ELEM23', 'ELEM24', 'ELEM25', 'ELEM26', 'ELEM27', 'ELEM28', 'ELEM29', 'ELEM30', 'ELEM31', 'ELEM32', 'ELEM33', 'ELEM34', 'ELEM35', 'ELEM36', 'ELEM37', 'ELEM38', 'ELEM39', 'ELEM40']
2025-02-23 18:03:39,812 - DEBUG - RHS values: {'ELEM1': 1.0, 'ELEM2': 1.0, 'ELEM3': 1.0, 'ELEM4': 1.0, 'ELEM5': 1.0, 'ELEM6': 1.0, 'ELEM7': 1.0, 'ELEM8': 1.0, 'ELEM9': 1.0, 'ELEM10': 1.0, 'ELEM11': 1.0, 'ELEM12': 1.0, 'ELEM13': 1.0, 'ELEM14': 1.0, 'ELEM15': 1.0, 'ELEM16': 1.0, 'ELEM17': 1.0, 'ELEM18': 1.0, 'ELEM19': 1.0, 'ELEM20': 1.0, 'ELEM21': 1.0, 'ELEM22': 1.0, 'ELEM23': 1.0, 'ELEM24': 1.0, 'ELEM25': 1.0, 'ELEM26': 1.0, 'ELEM27': 1.0, 'ELEM28': 1.0, 'ELEM29': 1.0, 'ELEM30': 1.0, 'ELEM31': 1.0, 'ELEM32': 1.0, 'ELEM33': 1.0, 'ELEM34': 1.0, 'ELEM35': 1.0, 'ELEM36': 1.0, 'ELEM37': 1.0, 'ELEM38': 1.0, 'ELEM39': 1.0, 'ELEM40': 1.0}
2025-02-23 18:03:39,826 - INFO -   Reference solution found:
2025-02-23 18:03:39,827 - INFO -     Solution: [0, 0, 1, 1, 0, 1, 1, 0, 1, 0, 0, 0]
2025-02-23 18:03:39,828 - INFO -     Value: 218.0
2025-02-23 18:03:39,829 - INFO - 
Running QAOA Reference Solution (with all constraints):
