2025-02-24 14:22:10,572 - INFO - 
Problem information:
2025-02-24 14:22:10,573 - INFO -   Number of variables (n): 12
2025-02-24 14:22:10,573 - INFO -   Number of constraints (m): 40
2025-02-24 14:22:10,573 - DEBUG -   Density of A: 25.83%
2025-02-24 14:22:10,573 - INFO - 
Starting reference QAOA with parameters:
2025-02-24 14:22:10,573 - INFO -   sample_size (total shots): 1000
2025-02-24 14:22:10,574 - INFO - Added all constraints
2025-02-24 14:22:10,574 - DEBUG - Generated Ising Hamiltonian
2025-02-24 14:22:10,839 - DEBUG - Optimizing QAOA circuit...
2025-02-24 14:22:14,528 - DEBUG - Circuit optimization successful
2025-02-24 14:22:14,528 - DEBUG - Circuit optimization successful, final value: 48035.77822177822
2025-02-24 14:22:14,528 - DEBUG - Sampling from optimized circuit...
2025-02-24 14:22:14,569 - DEBUG - Generated 770 unique samples from 1000 total measurements
2025-02-24 14:22:14,570 - DEBUG - 
Top 5 most frequent samples:
2025-02-24 14:22:14,570 - DEBUG -   Rank | Count |   %   
2025-02-24 14:22:14,570 - DEBUG -   -----|-------|-------
2025-02-24 14:22:14,570 - DEBUG -      1 |     6 |   0.6
2025-02-24 14:22:14,570 - DEBUG -     Sample: [0 0 0 0 1 1 1 0 1 0 0 1]
2025-02-24 14:22:14,570 - DEBUG -      2 |     6 |   0.6
2025-02-24 14:22:14,571 - DEBUG -     Sample: [0 1 0 0 1 1 0 1 1 0 0 1]
2025-02-24 14:22:14,571 - DEBUG -      3 |     5 |   0.5
2025-02-24 14:22:14,571 - DEBUG -     Sample: [1 0 0 0 1 1 1 0 1 0 1 1]
2025-02-24 14:22:14,571 - DEBUG -      4 |     5 |   0.5
2025-02-24 14:22:14,571 - DEBUG -     Sample: [1 0 0 1 1 1 1 1 1 0 1 1]
2025-02-24 14:22:14,571 - DEBUG -      5 |     4 |   0.4
2025-02-24 14:22:14,571 - DEBUG -     Sample: [1 1 0 0 1 1 1 0 1 0 0 0]
2025-02-24 14:22:14,573 - DEBUG - Generated 770 unique samples from 1000 total measurements
2025-02-24 14:22:14,583 - INFO - No feasible solution found
2025-02-24 14:22:14,584 - INFO -   QAOA solver found no feasible solution
2025-02-24 14:22:14,584 - INFO - 
Running Constraint Generation:
2025-02-24 14:22:14,585 - INFO - 
Problem information:
2025-02-24 14:22:14,586 - INFO -   Number of variables (n): 12
2025-02-24 14:22:14,586 - INFO -   Number of constraints (m): 40
2025-02-24 14:22:14,586 - DEBUG -   Density of A: 25.83%
2025-02-24 14:22:14,586 - INFO - 
Running classical reference solver:
2025-02-24 14:22:14,596 - INFO -   Reference solution found:
2025-02-24 14:22:14,596 - INFO -     Solution: [0, 1, 1, 0, 0, 0, 0, 0, 0, 0, 1, 0]
2025-02-24 14:22:14,596 - INFO -     Value: 181.0
2025-02-24 14:22:14,596 - INFO - 
Starting quantum constraint generation with parameters:
2025-02-24 14:22:14,596 - INFO -   sample_size (total shots): 1000
2025-02-24 14:22:14,596 - INFO -   tau: 0.1
2025-02-24 14:22:14,596 - INFO -   max_iters: 1000
2025-02-24 14:22:14,597 - INFO - 
Iteration 0:
2025-02-24 14:22:14,597 - DEBUG - Generated Ising Hamiltonian
2025-02-24 14:22:14,598 - DEBUG - Optimizing QAOA circuit...
2025-02-24 14:22:21,673 - WARNING - Circuit optimization did not converge
2025-02-24 14:22:21,674 - WARNING - Circuit optimization did not converge
2025-02-24 14:22:21,674 - DEBUG - Sampling from optimized circuit...
2025-02-24 14:22:21,744 - DEBUG - Generated 9 unique samples from 1000 total measurements
2025-02-24 14:22:21,744 - DEBUG - 
Top 5 most frequent samples:
2025-02-24 14:22:21,744 - DEBUG -   Rank | Count |   %   
2025-02-24 14:22:21,744 - DEBUG -   -----|-------|-------
2025-02-24 14:22:21,744 - DEBUG -      1 |   647 |  64.7
2025-02-24 14:22:21,745 - DEBUG -     Sample: [0 0 0 0 0 0 0 0 1 1 1 1]
2025-02-24 14:22:21,745 - DEBUG -      2 |   293 |  29.3
2025-02-24 14:22:21,745 - DEBUG -     Sample: [0 0 0 0 0 0 0 0 0 1 1 1]
2025-02-24 14:22:21,745 - DEBUG -      3 |    28 |   2.8
2025-02-24 14:22:21,746 - DEBUG -     Sample: [0 0 0 0 0 0 0 0 1 0 1 1]
2025-02-24 14:22:21,746 - DEBUG -      4 |    17 |   1.7
2025-02-24 14:22:21,746 - DEBUG -     Sample: [0 0 0 0 0 0 0 0 0 0 1 1]
2025-02-24 14:22:21,746 - DEBUG -      5 |     4 |   0.4
2025-02-24 14:22:21,746 - DEBUG -     Sample: [0 0 0 0 0 0 0 0 0 1 0 1]
2025-02-24 14:22:21,747 - DEBUG - Generated 9 unique samples from 1000 total measurements
2025-02-24 14:22:21,747 - INFO -   No feasible solution found in this iteration
2025-02-24 14:22:21,747 - INFO -   Added 12 new constraints: [3, 4, 7, 10, 11, 13, 17, 18, 23, 25, 26, 39]
2025-02-24 14:22:21,747 - INFO - 
Iteration 1:
2025-02-24 14:22:21,748 - DEBUG - Generated Ising Hamiltonian
2025-02-24 14:22:21,749 - DEBUG - Optimizing QAOA circuit...
2025-02-24 14:22:30,413 - WARNING - Circuit optimization did not converge
2025-02-24 14:22:30,414 - WARNING - Circuit optimization did not converge
2025-02-24 14:22:30,414 - DEBUG - Sampling from optimized circuit...
2025-02-24 14:22:30,470 - DEBUG - Generated 14 unique samples from 1000 total measurements
2025-02-24 14:22:30,470 - DEBUG - 
Top 5 most frequent samples:
2025-02-24 14:22:30,470 - DEBUG -   Rank | Count |   %   
2025-02-24 14:22:30,470 - DEBUG -   -----|-------|-------
2025-02-24 14:22:30,470 - DEBUG -      1 |   360 |  36.0
2025-02-24 14:22:30,471 - DEBUG -     Sample: [0 0 0 0 0 0 0 0 1 1 1 1]
2025-02-24 14:22:30,471 - DEBUG -      2 |   182 |  18.2
2025-02-24 14:22:30,471 - DEBUG -     Sample: [0 0 0 0 0 0 0 0 1 1 0 1]
2025-02-24 14:22:30,471 - DEBUG -      3 |   156 |  15.6
2025-02-24 14:22:30,471 - DEBUG -     Sample: [0 0 0 0 0 0 0 0 1 1 1 0]
2025-02-24 14:22:30,471 - DEBUG -      4 |   107 |  10.7
2025-02-24 14:22:30,471 - DEBUG -     Sample: [0 0 0 0 0 0 0 0 0 1 1 1]
2025-02-24 14:22:30,471 - DEBUG -      5 |    73 |   7.3
2025-02-24 14:22:30,471 - DEBUG -     Sample: [0 0 0 0 0 0 0 0 1 1 0 0]
2025-02-24 14:22:30,471 - DEBUG - Generated 14 unique samples from 1000 total measurements
2025-02-24 14:22:30,472 - INFO -   No feasible solution found in this iteration
2025-02-24 14:22:30,472 - INFO -   No new constraints added, lowered tau multiplier: 1.0 -> 0.9
2025-02-24 14:22:30,472 - INFO -   No new constraints added, lowered tau multiplier: 0.9 -> 0.8
2025-02-24 14:22:30,472 - INFO -   No new constraints added, lowered tau multiplier: 0.8 -> 0.7
2025-02-24 14:22:30,472 - INFO -   No new constraints added, lowered tau multiplier: 0.7 -> 0.6
2025-02-24 14:22:30,472 - INFO -   Added 1 new constraints: [29]
2025-02-24 14:22:30,472 - INFO - 
Iteration 2:
2025-02-24 14:22:30,473 - DEBUG - Generated Ising Hamiltonian
2025-02-24 14:22:30,474 - DEBUG - Optimizing QAOA circuit...
2025-02-24 14:22:39,828 - WARNING - Circuit optimization did not converge
2025-02-24 14:22:39,829 - WARNING - Circuit optimization did not converge
2025-02-24 14:22:39,829 - DEBUG - Sampling from optimized circuit...
2025-02-24 14:22:39,883 - DEBUG - Generated 10 unique samples from 1000 total measurements
2025-02-24 14:22:39,883 - DEBUG - 
Top 5 most frequent samples:
2025-02-24 14:22:39,883 - DEBUG -   Rank | Count |   %   
2025-02-24 14:22:39,883 - DEBUG -   -----|-------|-------
2025-02-24 14:22:39,884 - DEBUG -      1 |   530 |  53.0
2025-02-24 14:22:39,884 - DEBUG -     Sample: [0 0 0 0 0 0 0 0 1 1 0 0]
2025-02-24 14:22:39,884 - DEBUG -      2 |   189 |  18.9
2025-02-24 14:22:39,884 - DEBUG -     Sample: [0 0 0 0 0 0 0 0 1 0 0 0]
2025-02-24 14:22:39,884 - DEBUG -      3 |   186 |  18.6
2025-02-24 14:22:39,884 - DEBUG -     Sample: [0 0 0 0 0 0 0 0 0 1 0 0]
2025-02-24 14:22:39,884 - DEBUG -      4 |    65 |   6.5
2025-02-24 14:22:39,884 - DEBUG -     Sample: [0 0 0 0 0 0 0 0 0 0 0 0]
2025-02-24 14:22:39,884 - DEBUG -      5 |    15 |   1.5
2025-02-24 14:22:39,885 - DEBUG -     Sample: [0 0 0 0 0 0 0 0 1 1 1 0]
2025-02-24 14:22:39,885 - DEBUG - Generated 10 unique samples from 1000 total measurements
2025-02-24 14:22:39,885 - INFO -   No feasible solution found in this iteration
2025-02-24 14:22:39,885 - INFO -   No new constraints added, lowered tau multiplier: 1.0 -> 0.9
2025-02-24 14:22:39,885 - INFO -   No new constraints added, lowered tau multiplier: 0.9 -> 0.8
2025-02-24 14:22:39,885 - INFO -   Added 7 new constraints: [5, 6, 12, 27, 34, 35, 38]
2025-02-24 14:22:39,885 - INFO - 
Iteration 3:
2025-02-24 14:22:39,886 - DEBUG - Generated Ising Hamiltonian
2025-02-24 14:22:39,888 - DEBUG - Optimizing QAOA circuit...
2025-02-24 14:22:45,278 - WARNING - Circuit optimization did not converge
2025-02-24 14:22:45,278 - WARNING - Circuit optimization did not converge
2025-02-24 14:22:45,279 - DEBUG - Sampling from optimized circuit...
2025-02-24 14:22:45,332 - DEBUG - Generated 14 unique samples from 1000 total measurements
2025-02-24 14:22:45,332 - DEBUG - 
Top 5 most frequent samples:
2025-02-24 14:22:45,332 - DEBUG -   Rank | Count |   %   
2025-02-24 14:22:45,332 - DEBUG -   -----|-------|-------
2025-02-24 14:22:45,332 - DEBUG -      1 |   490 |  49.0
2025-02-24 14:22:45,332 - DEBUG -     Sample: [0 0 0 0 0 0 0 0 1 1 0 0]
2025-02-24 14:22:45,333 - DEBUG -      2 |   222 |  22.2
2025-02-24 14:22:45,333 - DEBUG -     Sample: [0 0 0 0 0 0 0 0 1 0 0 0]
2025-02-24 14:22:45,333 - DEBUG -      3 |   121 |  12.1
2025-02-24 14:22:45,333 - DEBUG -     Sample: [0 0 0 0 0 0 0 0 0 1 0 0]
2025-02-24 14:22:45,333 - DEBUG -      4 |    67 |   6.7
2025-02-24 14:22:45,333 - DEBUG -     Sample: [0 0 0 0 0 0 0 0 0 0 0 0]
2025-02-24 14:22:45,333 - DEBUG -      5 |    50 |   5.0
2025-02-24 14:22:45,334 - DEBUG -     Sample: [0 0 0 0 0 0 0 0 1 1 1 0]
2025-02-24 14:22:45,334 - DEBUG - Generated 14 unique samples from 1000 total measurements
2025-02-24 14:22:45,334 - INFO -   No feasible solution found in this iteration
2025-02-24 14:22:45,334 - INFO -   No new constraints added, lowered tau multiplier: 1.0 -> 0.9
2025-02-24 14:22:45,335 - INFO -   No new constraints added, lowered tau multiplier: 0.9 -> 0.8
2025-02-24 14:22:45,335 - INFO -   No new constraints added, lowered tau multiplier: 0.8 -> 0.7
2025-02-24 14:22:45,335 - INFO -   No new constraints added, lowered tau multiplier: 0.7 -> 0.6
2025-02-24 14:22:45,335 - INFO -   No new constraints added, lowered tau multiplier: 0.6 -> 0.5
2025-02-24 14:22:45,335 - INFO -   Added 5 new constraints: [0, 14, 20, 31, 37]
2025-02-24 14:22:45,335 - INFO - 
Iteration 4:
2025-02-24 14:22:45,335 - DEBUG - Generated Ising Hamiltonian
2025-02-24 14:22:45,337 - DEBUG - Optimizing QAOA circuit...
2025-02-24 14:22:54,220 - WARNING - Circuit optimization did not converge
2025-02-24 14:22:54,221 - WARNING - Circuit optimization did not converge
2025-02-24 14:22:54,221 - DEBUG - Sampling from optimized circuit...
2025-02-24 14:22:54,274 - DEBUG - Generated 16 unique samples from 1000 total measurements
2025-02-24 14:22:54,274 - DEBUG - 
Top 5 most frequent samples:
2025-02-24 14:22:54,274 - DEBUG -   Rank | Count |   %   
2025-02-24 14:22:54,274 - DEBUG -   -----|-------|-------
2025-02-24 14:22:54,275 - DEBUG -      1 |   251 |  25.1
2025-02-24 14:22:54,275 - DEBUG -     Sample: [0 0 0 0 0 0 0 0 0 0 0 0]
2025-02-24 14:22:54,275 - DEBUG -      2 |   206 |  20.6
2025-02-24 14:22:54,275 - DEBUG -     Sample: [0 0 0 0 0 0 0 0 1 0 0 0]
2025-02-24 14:22:54,275 - DEBUG -      3 |   162 |  16.2
2025-02-24 14:22:54,275 - DEBUG -     Sample: [0 0 0 0 0 0 0 0 0 1 0 0]
2025-02-24 14:22:54,276 - DEBUG -      4 |   126 |  12.6
2025-02-24 14:22:54,276 - DEBUG -     Sample: [0 0 0 0 0 0 0 0 1 1 0 0]
2025-02-24 14:22:54,276 - DEBUG -      5 |    39 |   3.9
2025-02-24 14:22:54,276 - DEBUG -     Sample: [0 0 0 0 0 0 0 0 0 1 0 1]
2025-02-24 14:22:54,276 - DEBUG - Generated 16 unique samples from 1000 total measurements
2025-02-24 14:22:54,276 - INFO -   No feasible solution found in this iteration
2025-02-24 14:22:54,277 - INFO -   No new constraints added, lowered tau multiplier: 1.0 -> 0.9
2025-02-24 14:22:54,277 - INFO -   No new constraints added, lowered tau multiplier: 0.9 -> 0.8
2025-02-24 14:22:54,277 - INFO -   No new constraints added, lowered tau multiplier: 0.8 -> 0.7
2025-02-24 14:22:54,277 - INFO -   No new constraints added, lowered tau multiplier: 0.7 -> 0.6
2025-02-24 14:22:54,277 - INFO -   No new constraints added, lowered tau multiplier: 0.6 -> 0.5
2025-02-24 14:22:54,277 - INFO -   No new constraints added, lowered tau multiplier: 0.5 -> 0.4
2025-02-24 14:22:54,277 - INFO -   Added 15 new constraints: [1, 2, 8, 9, 15, 16, 19, 21, 22, 24, 28, 30, 32, 33, 36]
2025-02-24 14:22:54,277 - INFO - 
Iteration 5:
2025-02-24 14:22:54,277 - DEBUG - Generated Ising Hamiltonian
2025-02-24 14:22:54,280 - DEBUG - Optimizing QAOA circuit...
2025-02-24 14:23:03,518 - WARNING - Circuit optimization did not converge
2025-02-24 14:23:03,518 - WARNING - Circuit optimization did not converge
2025-02-24 14:23:03,518 - DEBUG - Sampling from optimized circuit...
2025-02-24 14:23:03,574 - DEBUG - Generated 16 unique samples from 1000 total measurements
2025-02-24 14:23:03,574 - DEBUG - 
Top 5 most frequent samples:
2025-02-24 14:23:03,574 - DEBUG -   Rank | Count |   %   
2025-02-24 14:23:03,574 - DEBUG -   -----|-------|-------
2025-02-24 14:23:03,574 - DEBUG -      1 |    77 |   7.7
2025-02-24 14:23:03,574 - DEBUG -     Sample: [0 0 0 0 0 0 0 0 1 1 1 1]
2025-02-24 14:23:03,575 - DEBUG -      2 |    75 |   7.5
2025-02-24 14:23:03,575 - DEBUG -     Sample: [0 0 0 0 0 0 0 0 0 0 1 0]
2025-02-24 14:23:03,575 - DEBUG -      3 |    72 |   7.2
2025-02-24 14:23:03,575 - DEBUG -     Sample: [0 0 0 0 0 0 0 0 1 1 0 0]
2025-02-24 14:23:03,575 - DEBUG -      4 |    70 |   7.0
2025-02-24 14:23:03,575 - DEBUG -     Sample: [0 0 0 0 0 0 0 0 1 0 0 1]
2025-02-24 14:23:03,575 - DEBUG -      5 |    67 |   6.7
2025-02-24 14:23:03,576 - DEBUG -     Sample: [0 0 0 0 0 0 0 0 0 0 0 1]
2025-02-24 14:23:03,576 - DEBUG - Generated 16 unique samples from 1000 total measurements
2025-02-24 14:23:03,576 - INFO -   No feasible solution found in this iteration
2025-02-24 14:23:03,576 - INFO -   All constraints added, exiting
2025-02-24 14:23:03,576 - INFO -   Constraint generation found no feasible solution
2025-02-24 14:23:03,576 - INFO - 
Instance 25 results:
2025-02-24 14:23:03,576 - INFO -   Classical value: 181.0
2025-02-24 14:23:03,576 - INFO -   QAOA value: 0.0
2025-02-24 14:23:03,577 - INFO -   Constraint generation value: 0.0
2025-02-24 14:23:03,577 - INFO - 
Running instance 26/100
2025-02-24 14:23:03,578 - INFO - 
Running Classical Reference Solver (SCIP):
2025-02-24 14:23:03,579 - DEBUG - Problem dimensions: 40 constraints, 12 variables
2025-02-24 14:23:03,579 - DEBUG - Row names: ['ELEM1', 'ELEM2', 'ELEM3', 'ELEM4', 'ELEM5', 'ELEM6', 'ELEM7', 'ELEM8', 'ELEM9', 'ELEM10', 'ELEM11', 'ELEM12', 'ELEM13', 'ELEM14', 'ELEM15', 'ELEM16', 'ELEM17', 'ELEM18', 'ELEM19', 'ELEM20', 'ELEM21', 'ELEM22', 'ELEM23', 'ELEM24', 'ELEM25', 'ELEM26', 'ELEM27', 'ELEM28', 'ELEM29', 'ELEM30', 'ELEM31', 'ELEM32', 'ELEM33', 'ELEM34', 'ELEM35', 'ELEM36', 'ELEM37', 'ELEM38', 'ELEM39', 'ELEM40']
2025-02-24 14:23:03,579 - DEBUG - RHS values: {'ELEM1': 1.0, 'ELEM2': 1.0, 'ELEM3': 1.0, 'ELEM4': 1.0, 'ELEM5': 1.0, 'ELEM6': 1.0, 'ELEM7': 1.0, 'ELEM8': 1.0, 'ELEM9': 1.0, 'ELEM10': 1.0, 'ELEM11': 1.0, 'ELEM12': 1.0, 'ELEM13': 1.0, 'ELEM14': 1.0, 'ELEM15': 1.0, 'ELEM16': 1.0, 'ELEM17': 1.0, 'ELEM18': 1.0, 'ELEM19': 1.0, 'ELEM20': 1.0, 'ELEM21': 1.0, 'ELEM22': 1.0, 'ELEM23': 1.0, 'ELEM24': 1.0, 'ELEM25': 1.0, 'ELEM26': 1.0, 'ELEM27': 1.0, 'ELEM28': 1.0, 'ELEM29': 1.0, 'ELEM30': 1.0, 'ELEM31': 1.0, 'ELEM32': 1.0, 'ELEM33': 1.0, 'ELEM34': 1.0, 'ELEM35': 1.0, 'ELEM36': 1.0, 'ELEM37': 1.0, 'ELEM38': 1.0, 'ELEM39': 1.0, 'ELEM40': 1.0}
2025-02-24 14:23:03,586 - INFO -   Reference solution found:
2025-02-24 14:23:03,586 - INFO -     Solution: [0, 0, 1, 1, 0, 0, 0, 1, 0, 0, 0, 0]
2025-02-24 14:23:03,586 - INFO -     Value: 92.0
2025-02-24 14:23:03,586 - INFO - 
Running QAOA Reference Solution (with all constraints):
