2025-02-24 13:10:31,880 - INFO - 
Problem information:
2025-02-24 13:10:31,881 - INFO -   Number of variables (n): 15
2025-02-24 13:10:31,881 - INFO -   Number of constraints (m): 50
2025-02-24 13:10:31,881 - DEBUG -   Density of A: 20.00%
2025-02-24 13:10:31,881 - INFO - 
Starting reference QAOA with parameters:
2025-02-24 13:10:31,881 - INFO -   sample_size (total shots): 2000
2025-02-24 13:10:31,881 - INFO - Added all constraints
2025-02-24 13:10:31,882 - DEBUG - Generated Ising Hamiltonian
2025-02-24 13:10:32,309 - DEBUG - Optimizing QAOA circuit...
2025-02-24 13:10:34,902 - DEBUG - Circuit optimization successful
2025-02-24 13:10:34,903 - DEBUG - Circuit optimization successful, final value: 7237132.362637361
2025-02-24 13:10:34,903 - DEBUG - Sampling from optimized circuit...
2025-02-24 13:10:34,943 - DEBUG - Generated 1697 unique samples from 2000 total measurements
2025-02-24 13:10:34,944 - DEBUG - 
Top 5 most frequent samples:
2025-02-24 13:10:34,944 - DEBUG -   Rank | Count |   %   
2025-02-24 13:10:34,944 - DEBUG -   -----|-------|-------
2025-02-24 13:10:34,944 - DEBUG -      1 |     5 |   0.2
2025-02-24 13:10:34,944 - DEBUG -     Sample: [1 0 1 0 1 0 0 1 0 0 1 0 0 1 1]
2025-02-24 13:10:34,944 - DEBUG -      2 |     5 |   0.2
2025-02-24 13:10:34,945 - DEBUG -     Sample: [0 1 1 1 1 0 0 1 1 0 0 0 1 1 0]
2025-02-24 13:10:34,945 - DEBUG -      3 |     5 |   0.2
2025-02-24 13:10:34,945 - DEBUG -     Sample: [0 1 1 1 1 0 0 1 1 1 0 0 1 1 0]
2025-02-24 13:10:34,945 - DEBUG -      4 |     4 |   0.2
2025-02-24 13:10:34,945 - DEBUG -     Sample: [0 0 0 1 1 0 0 1 1 0 0 0 1 1 1]
2025-02-24 13:10:34,945 - DEBUG -      5 |     4 |   0.2
2025-02-24 13:10:34,945 - DEBUG -     Sample: [0 1 0 1 1 1 1 1 0 1 0 0 1 1 1]
2025-02-24 13:10:34,947 - DEBUG - Generated 1697 unique samples from 2000 total measurements
2025-02-24 13:10:34,968 - INFO - No feasible solution found
2025-02-24 13:10:34,969 - INFO -   QAOA solver found no feasible solution
2025-02-24 13:10:34,969 - INFO - 
Running Classical Reference Solver (SCIP):
2025-02-24 13:10:34,970 - DEBUG - Problem dimensions: 50 constraints, 15 variables
2025-02-24 13:10:34,970 - DEBUG - Row names: ['ELEM1', 'ELEM2', 'ELEM3', 'ELEM4', 'ELEM5', 'ELEM6', 'ELEM7', 'ELEM8', 'ELEM9', 'ELEM10', 'ELEM11', 'ELEM12', 'ELEM13', 'ELEM14', 'ELEM15', 'ELEM16', 'ELEM17', 'ELEM18', 'ELEM19', 'ELEM20', 'ELEM21', 'ELEM22', 'ELEM23', 'ELEM24', 'ELEM25', 'ELEM26', 'ELEM27', 'ELEM28', 'ELEM29', 'ELEM30', 'ELEM31', 'ELEM32', 'ELEM33', 'ELEM34', 'ELEM35', 'ELEM36', 'ELEM37', 'ELEM38', 'ELEM39', 'ELEM40', 'ELEM41', 'ELEM42', 'ELEM43', 'ELEM44', 'ELEM45', 'ELEM46', 'ELEM47', 'ELEM48', 'ELEM49', 'ELEM50']
2025-02-24 13:10:34,971 - DEBUG - RHS values: {'ELEM1': 1.0, 'ELEM2': 1.0, 'ELEM3': 1.0, 'ELEM4': 1.0, 'ELEM5': 1.0, 'ELEM6': 1.0, 'ELEM7': 1.0, 'ELEM8': 1.0, 'ELEM9': 1.0, 'ELEM10': 1.0, 'ELEM11': 1.0, 'ELEM12': 1.0, 'ELEM13': 1.0, 'ELEM14': 1.0, 'ELEM15': 1.0, 'ELEM16': 1.0, 'ELEM17': 1.0, 'ELEM18': 1.0, 'ELEM19': 1.0, 'ELEM20': 1.0, 'ELEM21': 1.0, 'ELEM22': 1.0, 'ELEM23': 1.0, 'ELEM24': 1.0, 'ELEM25': 1.0, 'ELEM26': 1.0, 'ELEM27': 1.0, 'ELEM28': 1.0, 'ELEM29': 1.0, 'ELEM30': 1.0, 'ELEM31': 1.0, 'ELEM32': 1.0, 'ELEM33': 1.0, 'ELEM34': 1.0, 'ELEM35': 1.0, 'ELEM36': 1.0, 'ELEM37': 1.0, 'ELEM38': 1.0, 'ELEM39': 1.0, 'ELEM40': 1.0, 'ELEM41': 1.0, 'ELEM42': 1.0, 'ELEM43': 1.0, 'ELEM44': 1.0, 'ELEM45': 1.0, 'ELEM46': 1.0, 'ELEM47': 1.0, 'ELEM48': 1.0, 'ELEM49': 1.0, 'ELEM50': 1.0}
2025-02-24 13:10:34,984 - INFO -   Reference solution found:
2025-02-24 13:10:34,984 - INFO -     Solution: [0, 0, 0, 1, 0, 0, 1, 0, 0, 0, 1, 1, 0, 0, 0]
2025-02-24 13:10:34,985 - INFO -     Value: 99.0
2025-02-24 13:10:34,985 - INFO - 
Running Constraint Generation:
2025-02-24 13:10:34,986 - INFO - 
Problem information:
2025-02-24 13:10:34,986 - INFO -   Number of variables (n): 15
2025-02-24 13:10:34,986 - INFO -   Number of constraints (m): 50
2025-02-24 13:10:34,986 - DEBUG -   Density of A: 20.00%
2025-02-24 13:10:34,986 - INFO - 
Running classical reference solver:
2025-02-24 13:10:34,996 - INFO -   Reference solution found:
2025-02-24 13:10:34,996 - INFO -     Solution: [0, 0, 0, 1, 0, 0, 1, 0, 0, 0, 1, 1, 0, 0, 0]
2025-02-24 13:10:34,996 - INFO -     Value: 99.0
2025-02-24 13:10:34,996 - INFO - 
Starting quantum constraint generation with parameters:
2025-02-24 13:10:34,996 - INFO -   sample_size (total shots): 2000
2025-02-24 13:10:34,996 - INFO -   tau: 0.0
2025-02-24 13:10:34,996 - INFO -   max_iters: 1000
2025-02-24 13:10:34,997 - INFO - 
Iteration 0:
2025-02-24 13:10:34,997 - DEBUG - Generated Ising Hamiltonian
2025-02-24 13:10:34,998 - DEBUG - Optimizing QAOA circuit...
2025-02-24 13:10:38,137 - WARNING - Circuit optimization did not converge
2025-02-24 13:10:38,137 - WARNING - Circuit optimization did not converge
2025-02-24 13:10:38,137 - DEBUG - Sampling from optimized circuit...
2025-02-24 13:10:38,556 - DEBUG - Generated 57 unique samples from 2000 total measurements
2025-02-24 13:10:38,556 - DEBUG - 
Top 5 most frequent samples:
2025-02-24 13:10:38,556 - DEBUG -   Rank | Count |   %   
2025-02-24 13:10:38,556 - DEBUG -   -----|-------|-------
2025-02-24 13:10:38,556 - DEBUG -      1 |   319 |  16.0
2025-02-24 13:10:38,556 - DEBUG -     Sample: [0 0 0 0 0 0 0 0 1 0 1 0 1 0 1]
2025-02-24 13:10:38,556 - DEBUG -      2 |   210 |  10.5
2025-02-24 13:10:38,556 - DEBUG -     Sample: [0 0 0 0 0 0 0 0 1 0 1 0 1 1 1]
2025-02-24 13:10:38,556 - DEBUG -      3 |   194 |   9.7
2025-02-24 13:10:38,557 - DEBUG -     Sample: [0 0 0 0 0 0 0 0 1 0 0 0 1 0 1]
2025-02-24 13:10:38,557 - DEBUG -      4 |   122 |   6.1
2025-02-24 13:10:38,557 - DEBUG -     Sample: [0 0 0 0 0 0 0 0 1 1 1 0 1 0 1]
2025-02-24 13:10:38,557 - DEBUG -      5 |   120 |   6.0
2025-02-24 13:10:38,557 - DEBUG -     Sample: [0 0 0 0 0 0 0 0 1 0 0 0 1 1 1]
2025-02-24 13:10:38,557 - DEBUG - Generated 57 unique samples from 2000 total measurements
2025-02-24 13:10:38,558 - INFO -   No feasible solution found in this iteration
2025-02-24 13:10:38,558 - INFO -   Added 5 new constraints: [7, 9, 11, 22, 33]
2025-02-24 13:10:38,558 - INFO - 
Iteration 1:
2025-02-24 13:10:38,558 - DEBUG - Generated Ising Hamiltonian
2025-02-24 13:10:38,560 - DEBUG - Optimizing QAOA circuit...
2025-02-24 13:10:43,682 - WARNING - Circuit optimization did not converge
2025-02-24 13:10:43,682 - WARNING - Circuit optimization did not converge
2025-02-24 13:10:43,682 - DEBUG - Sampling from optimized circuit...
2025-02-24 13:10:44,098 - DEBUG - Generated 63 unique samples from 2000 total measurements
2025-02-24 13:10:44,098 - DEBUG - 
Top 5 most frequent samples:
2025-02-24 13:10:44,098 - DEBUG -   Rank | Count |   %   
2025-02-24 13:10:44,098 - DEBUG -   -----|-------|-------
2025-02-24 13:10:44,099 - DEBUG -      1 |   283 |  14.1
2025-02-24 13:10:44,099 - DEBUG -     Sample: [0 0 0 0 0 0 0 0 1 0 1 0 1 0 1]
2025-02-24 13:10:44,099 - DEBUG -      2 |   258 |  12.9
2025-02-24 13:10:44,099 - DEBUG -     Sample: [0 0 0 0 0 0 0 0 1 0 1 0 1 1 1]
2025-02-24 13:10:44,099 - DEBUG -      3 |   185 |   9.2
2025-02-24 13:10:44,099 - DEBUG -     Sample: [0 0 0 0 0 0 0 0 1 0 0 0 1 0 1]
2025-02-24 13:10:44,099 - DEBUG -      4 |   133 |   6.7
2025-02-24 13:10:44,099 - DEBUG -     Sample: [0 0 0 0 0 0 0 0 1 0 0 0 1 1 1]
2025-02-24 13:10:44,099 - DEBUG -      5 |   118 |   5.9
2025-02-24 13:10:44,100 - DEBUG -     Sample: [0 0 0 0 0 0 0 0 1 1 1 0 1 0 1]
2025-02-24 13:10:44,100 - DEBUG - Generated 63 unique samples from 2000 total measurements
2025-02-24 13:10:44,100 - INFO -   No feasible solution found in this iteration
2025-02-24 13:10:44,101 - INFO -   No new constraints added, lowered tau multiplier: 1.0 -> 0.9
2025-02-24 13:10:44,101 - INFO -   No new constraints added, lowered tau multiplier: 0.9 -> 0.8
2025-02-24 13:10:44,101 - INFO -   No new constraints added, lowered tau multiplier: 0.8 -> 0.7
2025-02-24 13:10:44,101 - INFO -   No new constraints added, lowered tau multiplier: 0.7 -> 0.6
2025-02-24 13:10:44,101 - INFO -   Added 9 new constraints: [4, 14, 19, 25, 28, 39, 43, 45, 46]
2025-02-24 13:10:44,101 - INFO - 
Iteration 2:
2025-02-24 13:10:44,101 - DEBUG - Generated Ising Hamiltonian
2025-02-24 13:10:44,104 - DEBUG - Optimizing QAOA circuit...
2025-02-24 13:10:50,632 - WARNING - Circuit optimization did not converge
2025-02-24 13:10:50,632 - WARNING - Circuit optimization did not converge
2025-02-24 13:10:50,632 - DEBUG - Sampling from optimized circuit...
2025-02-24 13:10:51,034 - DEBUG - Generated 120 unique samples from 2000 total measurements
2025-02-24 13:10:51,035 - DEBUG - 
Top 5 most frequent samples:
2025-02-24 13:10:51,035 - DEBUG -   Rank | Count |   %   
2025-02-24 13:10:51,035 - DEBUG -   -----|-------|-------
2025-02-24 13:10:51,035 - DEBUG -      1 |   149 |   7.4
2025-02-24 13:10:51,035 - DEBUG -     Sample: [0 0 0 0 0 0 0 0 0 0 0 1 0 0 1]
2025-02-24 13:10:51,036 - DEBUG -      2 |    76 |   3.8
2025-02-24 13:10:51,036 - DEBUG -     Sample: [0 0 0 0 0 0 0 0 0 0 0 0 1 0 1]
2025-02-24 13:10:51,036 - DEBUG -      3 |    69 |   3.5
2025-02-24 13:10:51,036 - DEBUG -     Sample: [0 0 0 0 0 0 0 0 0 1 1 1 0 1 0]
2025-02-24 13:10:51,036 - DEBUG -      4 |    66 |   3.3
2025-02-24 13:10:51,036 - DEBUG -     Sample: [0 0 0 0 0 0 0 0 1 0 0 1 0 0 1]
2025-02-24 13:10:51,036 - DEBUG -      5 |    64 |   3.2
2025-02-24 13:10:51,037 - DEBUG -     Sample: [0 0 0 0 0 0 0 0 1 1 1 1 0 0 0]
2025-02-24 13:10:51,037 - DEBUG - Generated 120 unique samples from 2000 total measurements
2025-02-24 13:10:51,038 - INFO -   No feasible solution found in this iteration
2025-02-24 13:10:51,042 - INFO -   No new constraints added, lowered tau multiplier: 1.0 -> 0.9
2025-02-24 13:10:51,042 - INFO -   No new constraints added, lowered tau multiplier: 0.9 -> 0.8
2025-02-24 13:10:51,042 - INFO -   No new constraints added, lowered tau multiplier: 0.8 -> 0.7
2025-02-24 13:10:51,042 - INFO -   No new constraints added, lowered tau multiplier: 0.7 -> 0.6
2025-02-24 13:10:51,042 - INFO -   No new constraints added, lowered tau multiplier: 0.6 -> 0.5
2025-02-24 13:10:51,043 - INFO -   Added 14 new constraints: [2, 3, 6, 10, 18, 23, 24, 27, 30, 34, 36, 41, 42, 44]
2025-02-24 13:10:51,043 - INFO - 
Iteration 3:
2025-02-24 13:10:51,043 - DEBUG - Generated Ising Hamiltonian
2025-02-24 13:10:51,046 - DEBUG - Optimizing QAOA circuit...
2025-02-24 13:10:59,770 - WARNING - Circuit optimization did not converge
2025-02-24 13:10:59,770 - WARNING - Circuit optimization did not converge
2025-02-24 13:10:59,770 - DEBUG - Sampling from optimized circuit...
2025-02-24 13:11:00,203 - DEBUG - Generated 128 unique samples from 2000 total measurements
2025-02-24 13:11:00,203 - DEBUG - 
Top 5 most frequent samples:
2025-02-24 13:11:00,203 - DEBUG -   Rank | Count |   %   
2025-02-24 13:11:00,203 - DEBUG -   -----|-------|-------
2025-02-24 13:11:00,203 - DEBUG -      1 |    37 |   1.8
2025-02-24 13:11:00,203 - DEBUG -     Sample: [0 0 0 0 0 0 0 0 0 0 0 0 0 0 1]
2025-02-24 13:11:00,203 - DEBUG -      2 |    32 |   1.6
2025-02-24 13:11:00,204 - DEBUG -     Sample: [0 0 0 0 0 0 0 0 0 1 1 0 1 1 1]
2025-02-24 13:11:00,204 - DEBUG -      3 |    30 |   1.5
2025-02-24 13:11:00,204 - DEBUG -     Sample: [0 0 0 0 0 0 0 0 0 0 1 0 1 0 0]
2025-02-24 13:11:00,204 - DEBUG -      4 |    29 |   1.5
2025-02-24 13:11:00,205 - DEBUG -     Sample: [0 0 0 0 0 0 0 0 0 0 1 0 0 0 0]
2025-02-24 13:11:00,205 - DEBUG -      5 |    29 |   1.5
2025-02-24 13:11:00,205 - DEBUG -     Sample: [0 0 0 0 0 0 0 0 1 1 0 0 1 0 0]
2025-02-24 13:11:00,205 - DEBUG - Generated 128 unique samples from 2000 total measurements
2025-02-24 13:11:00,206 - INFO -   No feasible solution found in this iteration
2025-02-24 13:11:00,212 - INFO -   No new constraints added, lowered tau multiplier: 1.0 -> 0.9
2025-02-24 13:11:00,212 - INFO -   No new constraints added, lowered tau multiplier: 0.9 -> 0.8
2025-02-24 13:11:00,212 - INFO -   No new constraints added, lowered tau multiplier: 0.8 -> 0.7
2025-02-24 13:11:00,212 - INFO -   No new constraints added, lowered tau multiplier: 0.7 -> 0.6
2025-02-24 13:11:00,212 - INFO -   No new constraints added, lowered tau multiplier: 0.6 -> 0.5
2025-02-24 13:11:00,213 - INFO -   No new constraints added, lowered tau multiplier: 0.5 -> 0.4
2025-02-24 13:11:00,213 - INFO -   Added 22 new constraints: [0, 1, 5, 8, 12, 13, 15, 16, 17, 20, 21, 26, 29, 31, 32, 35, 37, 38, 40, 47, 48, 49]
2025-02-24 13:11:00,213 - INFO - 
Iteration 4:
2025-02-24 13:11:00,213 - DEBUG - Generated Ising Hamiltonian
2025-02-24 13:11:00,216 - DEBUG - Optimizing QAOA circuit...
2025-02-24 13:11:12,690 - WARNING - Circuit optimization did not converge
2025-02-24 13:11:12,691 - WARNING - Circuit optimization did not converge
2025-02-24 13:11:12,691 - DEBUG - Sampling from optimized circuit...
2025-02-24 13:11:13,103 - DEBUG - Generated 128 unique samples from 2000 total measurements
2025-02-24 13:11:13,103 - DEBUG - 
Top 5 most frequent samples:
2025-02-24 13:11:13,103 - DEBUG -   Rank | Count |   %   
2025-02-24 13:11:13,103 - DEBUG -   -----|-------|-------
2025-02-24 13:11:13,103 - DEBUG -      1 |    32 |   1.6
2025-02-24 13:11:13,103 - DEBUG -     Sample: [0 0 0 0 0 0 0 0 0 0 1 0 0 1 1]
2025-02-24 13:11:13,103 - DEBUG -      2 |    30 |   1.5
2025-02-24 13:11:13,104 - DEBUG -     Sample: [0 0 0 0 0 0 0 0 0 0 1 0 0 0 0]
2025-02-24 13:11:13,104 - DEBUG -      3 |    30 |   1.5
2025-02-24 13:11:13,104 - DEBUG -     Sample: [0 0 0 0 0 0 0 0 0 0 1 0 0 0 1]
2025-02-24 13:11:13,104 - DEBUG -      4 |    29 |   1.5
2025-02-24 13:11:13,104 - DEBUG -     Sample: [0 0 0 0 0 0 0 0 1 0 1 0 1 1 0]
2025-02-24 13:11:13,104 - DEBUG -      5 |    28 |   1.4
2025-02-24 13:11:13,104 - DEBUG -     Sample: [0 0 0 0 0 0 0 0 1 1 0 0 0 1 1]
2025-02-24 13:11:13,105 - DEBUG - Generated 128 unique samples from 2000 total measurements
2025-02-24 13:11:13,106 - INFO -   No feasible solution found in this iteration
2025-02-24 13:11:13,106 - INFO -   All constraints added, exiting
2025-02-24 13:11:13,106 - INFO -   Constraint generation found no feasible solution
