
Problem information:
  Number of variables (n): 12
  Number of constraints (m): 40

Starting reference QAOA with parameters:
  sample_size (total shots): 1000
Added all constraints
No feasible solution found
  QAOA solver found no feasible solution

Running Constraint Generation:

Problem information:
  Number of variables (n): 12
  Number of constraints (m): 40

Running classical reference solver:
  Reference solution found:
    Solution: [0, 0, 0, 1, 1, 0, 0, 0, 1, 0, 0, 1]
    Value: 211.99999999999997

Starting quantum constraint generation with parameters:
  sample_size (total shots): 1000
  tau: 0.1
  max_iters: 1000

Iteration 0:
Found feasible solution: [0 1 0 0 0 1 0 1 0 1 1 0] with objective value 231.0
  Found feasible solution:
    Solution: [0, 1, 0, 0, 0, 1, 0, 1, 0, 1, 1, 0]
    Value: 231.0
    Gap to reference: 8.96%
  Constraint generation solution found:
    Solution: [0, 1, 0, 0, 0, 1, 0, 1, 0, 1, 1, 0]
    Value: 231.0

Instance 21 results:
  Classical value: 211.99999999999997
  QAOA value: 0.0
  Constraint generation value: 231.0

Running instance 22/100

Running Classical Reference Solver (SCIP):
  Reference solution found:
    Solution: [0, 1, 0, 0, 0, 0, 0, 1, 0, 0, 0, 1]
    Value: 160.0

Running QAOA Reference Solution (with all constraints):
