2025-02-23 18:14:25,413 - INFO - 
Problem information:
2025-02-23 18:14:25,413 - INFO -   Number of variables (n): 12
2025-02-23 18:14:25,414 - INFO -   Number of constraints (m): 40
2025-02-23 18:14:25,415 - DEBUG -   Density of A: 21.04%
2025-02-23 18:14:25,415 - INFO - 
Starting reference QAOA with parameters:
2025-02-23 18:14:25,416 - INFO -   sample_size (total shots): 200
2025-02-23 18:14:25,416 - INFO - Added all constraints
2025-02-23 18:14:25,417 - DEBUG - Generated Ising Hamiltonian
2025-02-23 18:14:25,650 - DEBUG - Optimizing QAOA circuit...
2025-02-23 18:14:27,757 - DEBUG - Circuit optimization successful
2025-02-23 18:14:27,758 - DEBUG - Circuit optimization successful, final value: 6521.428071928078
2025-02-23 18:14:27,758 - DEBUG - Sampling from optimized circuit...
2025-02-23 18:14:27,777 - DEBUG - Generated 100 unique samples from 200 total measurements
2025-02-23 18:14:27,777 - DEBUG - 
Top 5 most frequent samples:
2025-02-23 18:14:27,777 - DEBUG -   Rank | Count |   %   
2025-02-23 18:14:27,777 - DEBUG -   -----|-------|-------
2025-02-23 18:14:27,778 - DEBUG -      1 |    14 |   7.0
2025-02-23 18:14:27,778 - DEBUG -     Sample: [0 1 0 0 1 1 0 1 1 1 1 1]
2025-02-23 18:14:27,778 - DEBUG -      2 |     9 |   4.5
2025-02-23 18:14:27,778 - DEBUG -     Sample: [0 0 0 0 0 1 0 1 1 1 1 1]
2025-02-23 18:14:27,778 - DEBUG -      3 |     8 |   4.0
2025-02-23 18:14:27,779 - DEBUG -     Sample: [0 1 0 0 1 1 0 1 1 0 1 1]
2025-02-23 18:14:27,779 - DEBUG -      4 |     6 |   3.0
2025-02-23 18:14:27,779 - DEBUG -     Sample: [0 0 0 0 0 1 0 1 1 0 1 1]
2025-02-23 18:14:27,779 - DEBUG -      5 |     6 |   3.0
2025-02-23 18:14:27,779 - DEBUG -     Sample: [0 1 0 0 0 1 0 1 1 1 1 1]
2025-02-23 18:14:27,780 - DEBUG - Generated 100 unique samples from 200 total measurements
2025-02-23 18:14:27,782 - INFO - No feasible solution found
2025-02-23 18:14:27,783 - INFO -   QAOA solver found no feasible solution
2025-02-23 18:14:27,783 - INFO - 
Running Constraint Generation:
2025-02-23 18:14:27,785 - INFO - 
Problem information:
2025-02-23 18:14:27,785 - INFO -   Number of variables (n): 12
2025-02-23 18:14:27,785 - INFO -   Number of constraints (m): 40
2025-02-23 18:14:27,785 - DEBUG -   Density of A: 21.04%
2025-02-23 18:14:27,785 - INFO - 
Running classical reference solver:
2025-02-23 18:14:27,798 - INFO -   Reference solution found:
2025-02-23 18:14:27,798 - INFO -     Solution: [0, 0, 0, 1, 0, 0, 1, 1, 0, 1, 0, 0]
2025-02-23 18:14:27,798 - INFO -     Value: 235.0
2025-02-23 18:14:27,798 - INFO - 
Starting quantum constraint generation with parameters:
2025-02-23 18:14:27,798 - INFO -   sample_size (total shots): 200
2025-02-23 18:14:27,799 - INFO -   tau: 0.1
2025-02-23 18:14:27,799 - INFO -   max_iters: 1000
2025-02-23 18:14:27,799 - INFO - 
Iteration 0:
2025-02-23 18:14:27,799 - DEBUG - Generated Ising Hamiltonian
2025-02-23 18:14:28,036 - DEBUG - Optimizing QAOA circuit...
2025-02-23 18:14:29,255 - DEBUG - Circuit optimization successful
2025-02-23 18:14:29,255 - DEBUG - Circuit optimization successful, final value: -281.6013986013986
2025-02-23 18:14:29,256 - DEBUG - Sampling from optimized circuit...
2025-02-23 18:14:29,269 - DEBUG - Generated 117 unique samples from 200 total measurements
2025-02-23 18:14:29,269 - DEBUG - 
Top 5 most frequent samples:
2025-02-23 18:14:29,269 - DEBUG -   Rank | Count |   %   
2025-02-23 18:14:29,269 - DEBUG -   -----|-------|-------
2025-02-23 18:14:29,269 - DEBUG -      1 |     9 |   4.5
2025-02-23 18:14:29,269 - DEBUG -     Sample: [0 1 1 0 1 1 0 1 1 1 0 0]
2025-02-23 18:14:29,269 - DEBUG -      2 |     6 |   3.0
2025-02-23 18:14:29,270 - DEBUG -     Sample: [0 1 1 0 1 1 0 1 0 1 0 0]
2025-02-23 18:14:29,270 - DEBUG -      3 |     5 |   2.5
2025-02-23 18:14:29,270 - DEBUG -     Sample: [0 1 1 1 1 1 1 1 1 1 0 0]
2025-02-23 18:14:29,270 - DEBUG -      4 |     5 |   2.5
2025-02-23 18:14:29,270 - DEBUG -     Sample: [0 1 1 0 1 1 1 1 1 1 0 0]
2025-02-23 18:14:29,271 - DEBUG -      5 |     5 |   2.5
2025-02-23 18:14:29,271 - DEBUG -     Sample: [0 1 1 0 0 1 0 1 0 1 0 0]
2025-02-23 18:14:29,271 - DEBUG - Generated 117 unique samples from 200 total measurements
2025-02-23 18:14:29,275 - INFO -   No feasible solution found in this iteration
2025-02-23 18:14:29,276 - INFO -   Added 1 new constraints: [36]
2025-02-23 18:14:29,276 - INFO - 
Iteration 1:
2025-02-23 18:14:29,276 - DEBUG - Generated Ising Hamiltonian
2025-02-23 18:14:29,515 - DEBUG - Optimizing QAOA circuit...
2025-02-23 18:14:30,664 - DEBUG - Circuit optimization successful
2025-02-23 18:14:30,665 - DEBUG - Circuit optimization successful, final value: -5761.669080919081
2025-02-23 18:14:30,665 - DEBUG - Sampling from optimized circuit...
2025-02-23 18:14:30,680 - DEBUG - Generated 154 unique samples from 200 total measurements
2025-02-23 18:14:30,681 - DEBUG - 
Top 5 most frequent samples:
2025-02-23 18:14:30,681 - DEBUG -   Rank | Count |   %   
2025-02-23 18:14:30,681 - DEBUG -   -----|-------|-------
2025-02-23 18:14:30,681 - DEBUG -      1 |     5 |   2.5
2025-02-23 18:14:30,681 - DEBUG -     Sample: [0 1 0 0 0 0 1 1 1 0 1 0]
2025-02-23 18:14:30,681 - DEBUG -      2 |     4 |   2.0
2025-02-23 18:14:30,682 - DEBUG -     Sample: [0 0 0 0 0 0 1 1 1 0 1 0]
2025-02-23 18:14:30,682 - DEBUG -      3 |     4 |   2.0
2025-02-23 18:14:30,682 - DEBUG -     Sample: [1 1 0 0 0 0 1 1 1 0 1 0]
2025-02-23 18:14:30,682 - DEBUG -      4 |     3 |   1.5
2025-02-23 18:14:30,682 - DEBUG -     Sample: [0 1 0 0 1 0 1 1 1 0 1 1]
2025-02-23 18:14:30,682 - DEBUG -      5 |     3 |   1.5
2025-02-23 18:14:30,683 - DEBUG -     Sample: [0 1 0 0 0 0 1 1 1 0 1 1]
2025-02-23 18:14:30,683 - DEBUG - Generated 154 unique samples from 200 total measurements
2025-02-23 18:14:30,687 - INFO -   No feasible solution found in this iteration
2025-02-23 18:14:30,688 - INFO -   Added 1 new constraints: [9]
2025-02-23 18:14:30,688 - INFO - 
Iteration 2:
2025-02-23 18:14:30,688 - DEBUG - Generated Ising Hamiltonian
2025-02-23 18:14:30,933 - DEBUG - Optimizing QAOA circuit...
2025-02-23 18:14:32,209 - DEBUG - Circuit optimization successful
2025-02-23 18:14:32,210 - DEBUG - Circuit optimization successful, final value: -9559.716783216783
2025-02-23 18:14:32,210 - DEBUG - Sampling from optimized circuit...
2025-02-23 18:14:32,224 - DEBUG - Generated 135 unique samples from 200 total measurements
2025-02-23 18:14:32,225 - DEBUG - 
Top 5 most frequent samples:
2025-02-23 18:14:32,225 - DEBUG -   Rank | Count |   %   
2025-02-23 18:14:32,225 - DEBUG -   -----|-------|-------
2025-02-23 18:14:32,225 - DEBUG -      1 |    13 |   6.5
2025-02-23 18:14:32,225 - DEBUG -     Sample: [0 0 0 0 0 0 1 0 1 0 1 1]
2025-02-23 18:14:32,226 - DEBUG -      2 |     8 |   4.0
2025-02-23 18:14:32,226 - DEBUG -     Sample: [1 0 0 0 0 0 1 0 1 0 1 1]
2025-02-23 18:14:32,226 - DEBUG -      3 |     6 |   3.0
2025-02-23 18:14:32,226 - DEBUG -     Sample: [0 0 0 0 0 0 0 0 1 0 1 1]
2025-02-23 18:14:32,226 - DEBUG -      4 |     4 |   2.0
2025-02-23 18:14:32,227 - DEBUG -     Sample: [0 0 0 0 0 0 1 0 1 0 1 0]
2025-02-23 18:14:32,227 - DEBUG -      5 |     4 |   2.0
2025-02-23 18:14:32,227 - DEBUG -     Sample: [1 0 0 0 1 0 1 0 1 0 1 1]
2025-02-23 18:14:32,228 - DEBUG - Generated 135 unique samples from 200 total measurements
2025-02-23 18:14:32,231 - INFO -   No feasible solution found in this iteration
2025-02-23 18:14:32,232 - INFO -   Added 4 new constraints: [15, 17, 22, 25]
2025-02-23 18:14:32,233 - INFO - 
Iteration 3:
2025-02-23 18:14:32,233 - DEBUG - Generated Ising Hamiltonian
2025-02-23 18:14:32,437 - DEBUG - Optimizing QAOA circuit...
2025-02-23 18:14:34,048 - DEBUG - Circuit optimization successful
2025-02-23 18:14:34,049 - DEBUG - Circuit optimization successful, final value: 1252.935314685315
2025-02-23 18:14:34,049 - DEBUG - Sampling from optimized circuit...
2025-02-23 18:14:34,067 - DEBUG - Generated 192 unique samples from 200 total measurements
2025-02-23 18:14:34,068 - DEBUG - 
Top 5 most frequent samples:
2025-02-23 18:14:34,068 - DEBUG -   Rank | Count |   %   
2025-02-23 18:14:34,068 - DEBUG -   -----|-------|-------
2025-02-23 18:14:34,068 - DEBUG -      1 |     3 |   1.5
2025-02-23 18:14:34,068 - DEBUG -     Sample: [1 1 1 1 1 0 0 1 1 1 1 1]
2025-02-23 18:14:34,068 - DEBUG -      2 |     2 |   1.0
2025-02-23 18:14:34,069 - DEBUG -     Sample: [1 0 0 0 0 0 0 0 0 1 1 0]
2025-02-23 18:14:34,069 - DEBUG -      3 |     2 |   1.0
2025-02-23 18:14:34,069 - DEBUG -     Sample: [1 1 1 1 0 0 1 0 1 1 0 0]
2025-02-23 18:14:34,069 - DEBUG -      4 |     2 |   1.0
2025-02-23 18:14:34,069 - DEBUG -     Sample: [0 1 1 0 1 0 1 1 1 1 0 1]
2025-02-23 18:14:34,069 - DEBUG -      5 |     2 |   1.0
2025-02-23 18:14:34,070 - DEBUG -     Sample: [1 1 1 1 0 0 1 1 1 0 1 1]
2025-02-23 18:14:34,070 - DEBUG - Generated 192 unique samples from 200 total measurements
2025-02-23 18:14:34,075 - INFO -   No feasible solution found in this iteration
2025-02-23 18:14:34,075 - INFO -   No new constraints added, lowered tau multiplier: 1.0 -> 0.9
2025-02-23 18:14:34,076 - INFO -   No new constraints added, lowered tau multiplier: 0.9 -> 0.8
2025-02-23 18:14:34,076 - INFO -   Added 10 new constraints: [8, 11, 12, 13, 16, 20, 23, 31, 35, 39]
2025-02-23 18:14:34,076 - INFO - 
Iteration 4:
2025-02-23 18:14:34,076 - DEBUG - Generated Ising Hamiltonian
2025-02-23 18:14:34,315 - DEBUG - Optimizing QAOA circuit...
2025-02-23 18:14:36,258 - DEBUG - Circuit optimization successful
2025-02-23 18:14:36,258 - DEBUG - Circuit optimization successful, final value: -1748.462537462539
2025-02-23 18:14:36,258 - DEBUG - Sampling from optimized circuit...
2025-02-23 18:14:36,278 - DEBUG - Generated 180 unique samples from 200 total measurements
2025-02-23 18:14:36,278 - DEBUG - 
Top 5 most frequent samples:
2025-02-23 18:14:36,278 - DEBUG -   Rank | Count |   %   
2025-02-23 18:14:36,278 - DEBUG -   -----|-------|-------
2025-02-23 18:14:36,279 - DEBUG -      1 |     3 |   1.5
2025-02-23 18:14:36,279 - DEBUG -     Sample: [0 1 1 0 0 1 0 0 0 1 1 1]
2025-02-23 18:14:36,279 - DEBUG -      2 |     3 |   1.5
2025-02-23 18:14:36,279 - DEBUG -     Sample: [0 1 0 0 0 1 0 0 1 1 0 1]
2025-02-23 18:14:36,279 - DEBUG -      3 |     3 |   1.5
2025-02-23 18:14:36,280 - DEBUG -     Sample: [0 1 0 1 0 0 0 0 1 1 1 0]
2025-02-23 18:14:36,280 - DEBUG -      4 |     2 |   1.0
2025-02-23 18:14:36,280 - DEBUG -     Sample: [1 0 1 0 0 0 0 0 0 1 0 0]
2025-02-23 18:14:36,280 - DEBUG -      5 |     2 |   1.0
2025-02-23 18:14:36,280 - DEBUG -     Sample: [0 1 1 1 1 0 0 0 0 1 1 1]
2025-02-23 18:14:36,281 - DEBUG - Generated 180 unique samples from 200 total measurements
2025-02-23 18:14:36,285 - INFO -   No feasible solution found in this iteration
2025-02-23 18:14:36,285 - INFO -   No new constraints added, lowered tau multiplier: 1.0 -> 0.9
2025-02-23 18:14:36,285 - INFO -   Added 2 new constraints: [24, 37]
2025-02-23 18:14:36,286 - INFO - 
Iteration 5:
2025-02-23 18:14:36,286 - DEBUG - Generated Ising Hamiltonian
2025-02-23 18:14:36,518 - DEBUG - Optimizing QAOA circuit...
2025-02-23 18:14:38,491 - DEBUG - Circuit optimization successful
2025-02-23 18:14:38,492 - DEBUG - Circuit optimization successful, final value: 13259.607892107895
2025-02-23 18:14:38,492 - DEBUG - Sampling from optimized circuit...
2025-02-23 18:14:38,509 - DEBUG - Generated 103 unique samples from 200 total measurements
2025-02-23 18:14:38,509 - DEBUG - 
Top 5 most frequent samples:
2025-02-23 18:14:38,510 - DEBUG -   Rank | Count |   %   
2025-02-23 18:14:38,510 - DEBUG -   -----|-------|-------
2025-02-23 18:14:38,510 - DEBUG -      1 |    13 |   6.5
2025-02-23 18:14:38,510 - DEBUG -     Sample: [0 0 0 1 0 0 1 0 1 1 1 1]
2025-02-23 18:14:38,510 - DEBUG -      2 |    11 |   5.5
2025-02-23 18:14:38,510 - DEBUG -     Sample: [0 0 1 1 0 0 1 0 1 1 1 1]
2025-02-23 18:14:38,511 - DEBUG -      3 |    10 |   5.0
2025-02-23 18:14:38,511 - DEBUG -     Sample: [0 0 0 1 0 0 1 0 1 1 0 1]
2025-02-23 18:14:38,511 - DEBUG -      4 |     9 |   4.5
2025-02-23 18:14:38,511 - DEBUG -     Sample: [0 0 0 1 0 0 1 1 1 1 1 1]
2025-02-23 18:14:38,511 - DEBUG -      5 |     7 |   3.5
2025-02-23 18:14:38,511 - DEBUG -     Sample: [0 0 1 1 0 0 1 1 1 1 0 1]
2025-02-23 18:14:38,512 - DEBUG - Generated 103 unique samples from 200 total measurements
2025-02-23 18:14:38,514 - INFO -   No feasible solution found in this iteration
2025-02-23 18:14:38,515 - INFO -   No new constraints added, lowered tau multiplier: 1.0 -> 0.9
2025-02-23 18:14:38,516 - INFO -   No new constraints added, lowered tau multiplier: 0.9 -> 0.8
2025-02-23 18:14:38,516 - INFO -   No new constraints added, lowered tau multiplier: 0.8 -> 0.7
2025-02-23 18:14:38,516 - INFO -   Added 1 new constraints: [38]
2025-02-23 18:14:38,516 - INFO - 
Iteration 6:
2025-02-23 18:14:38,516 - DEBUG - Generated Ising Hamiltonian
2025-02-23 18:14:38,740 - DEBUG - Optimizing QAOA circuit...
2025-02-23 18:14:40,979 - DEBUG - Circuit optimization successful
2025-02-23 18:14:40,979 - DEBUG - Circuit optimization successful, final value: 893.7529970029964
2025-02-23 18:14:40,979 - DEBUG - Sampling from optimized circuit...
2025-02-23 18:14:40,999 - DEBUG - Generated 188 unique samples from 200 total measurements
2025-02-23 18:14:40,999 - DEBUG - 
Top 5 most frequent samples:
2025-02-23 18:14:40,999 - DEBUG -   Rank | Count |   %   
2025-02-23 18:14:40,999 - DEBUG -   -----|-------|-------
2025-02-23 18:14:41,000 - DEBUG -      1 |     3 |   1.5
2025-02-23 18:14:41,000 - DEBUG -     Sample: [1 0 0 0 1 1 0 1 0 1 1 0]
2025-02-23 18:14:41,000 - DEBUG -      2 |     3 |   1.5
2025-02-23 18:14:41,000 - DEBUG -     Sample: [0 0 1 1 0 0 0 0 0 1 0 0]
2025-02-23 18:14:41,001 - DEBUG -      3 |     2 |   1.0
2025-02-23 18:14:41,001 - DEBUG -     Sample: [1 0 0 1 1 0 0 1 0 1 0 0]
2025-02-23 18:14:41,001 - DEBUG -      4 |     2 |   1.0
2025-02-23 18:14:41,001 - DEBUG -     Sample: [0 0 0 1 0 1 1 1 1 0 0 1]
2025-02-23 18:14:41,001 - DEBUG -      5 |     2 |   1.0
2025-02-23 18:14:41,002 - DEBUG -     Sample: [1 1 1 0 1 1 0 0 0 1 0 0]
2025-02-23 18:14:41,002 - DEBUG - Generated 188 unique samples from 200 total measurements
2025-02-23 18:14:41,007 - INFO -   No feasible solution found in this iteration
2025-02-23 18:14:41,007 - INFO -   No new constraints added, lowered tau multiplier: 1.0 -> 0.9
2025-02-23 18:14:41,008 - INFO -   No new constraints added, lowered tau multiplier: 0.9 -> 0.8
2025-02-23 18:14:41,008 - INFO -   Added 7 new constraints: [4, 19, 21, 26, 28, 32, 34]
2025-02-23 18:14:41,008 - INFO - 
Iteration 7:
2025-02-23 18:14:41,009 - DEBUG - Generated Ising Hamiltonian
2025-02-23 18:14:41,238 - DEBUG - Optimizing QAOA circuit...
2025-02-23 18:14:43,352 - DEBUG - Circuit optimization successful
2025-02-23 18:14:43,353 - DEBUG - Circuit optimization successful, final value: -41747.21428571428
2025-02-23 18:14:43,353 - DEBUG - Sampling from optimized circuit...
2025-02-23 18:14:43,370 - DEBUG - Generated 165 unique samples from 200 total measurements
2025-02-23 18:14:43,370 - DEBUG - 
Top 5 most frequent samples:
2025-02-23 18:14:43,370 - DEBUG -   Rank | Count |   %   
2025-02-23 18:14:43,371 - DEBUG -   -----|-------|-------
2025-02-23 18:14:43,371 - DEBUG -      1 |     5 |   2.5
2025-02-23 18:14:43,371 - DEBUG -     Sample: [0 0 0 1 0 1 0 0 0 0 0 0]
2025-02-23 18:14:43,371 - DEBUG -      2 |     4 |   2.0
2025-02-23 18:14:43,371 - DEBUG -     Sample: [1 0 0 1 0 1 0 1 0 0 0 0]
2025-02-23 18:14:43,372 - DEBUG -      3 |     4 |   2.0
2025-02-23 18:14:43,372 - DEBUG -     Sample: [0 0 0 1 0 1 0 1 0 1 0 0]
2025-02-23 18:14:43,372 - DEBUG -      4 |     4 |   2.0
2025-02-23 18:14:43,372 - DEBUG -     Sample: [1 1 0 1 0 1 0 0 0 0 0 0]
2025-02-23 18:14:43,373 - DEBUG -      5 |     3 |   1.5
2025-02-23 18:14:43,373 - DEBUG -     Sample: [0 1 0 1 0 1 0 0 0 0 0 0]
2025-02-23 18:14:43,374 - DEBUG - Generated 165 unique samples from 200 total measurements
2025-02-23 18:14:43,377 - INFO -   No feasible solution found in this iteration
2025-02-23 18:14:43,377 - INFO -   No new constraints added, lowered tau multiplier: 1.0 -> 0.9
2025-02-23 18:14:43,378 - INFO -   No new constraints added, lowered tau multiplier: 0.9 -> 0.8
2025-02-23 18:14:43,378 - INFO -   No new constraints added, lowered tau multiplier: 0.8 -> 0.7
2025-02-23 18:14:43,378 - INFO -   Added 5 new constraints: [0, 1, 5, 7, 10]
2025-02-23 18:14:43,378 - INFO - 
Iteration 8:
2025-02-23 18:14:43,378 - DEBUG - Generated Ising Hamiltonian
2025-02-23 18:14:43,592 - DEBUG - Optimizing QAOA circuit...
2025-02-23 18:14:45,630 - DEBUG - Circuit optimization successful
2025-02-23 18:14:45,630 - DEBUG - Circuit optimization successful, final value: -47756.08016983018
2025-02-23 18:14:45,631 - DEBUG - Sampling from optimized circuit...
2025-02-23 18:14:45,649 - DEBUG - Generated 169 unique samples from 200 total measurements
2025-02-23 18:14:45,649 - DEBUG - 
Top 5 most frequent samples:
2025-02-23 18:14:45,649 - DEBUG -   Rank | Count |   %   
2025-02-23 18:14:45,649 - DEBUG -   -----|-------|-------
2025-02-23 18:14:45,649 - DEBUG -      1 |     4 |   2.0
2025-02-23 18:14:45,649 - DEBUG -     Sample: [0 0 0 1 0 0 1 0 0 0 1 0]
2025-02-23 18:14:45,650 - DEBUG -      2 |     4 |   2.0
2025-02-23 18:14:45,650 - DEBUG -     Sample: [0 1 0 1 0 1 1 0 0 0 0 0]
2025-02-23 18:14:45,650 - DEBUG -      3 |     4 |   2.0
2025-02-23 18:14:45,650 - DEBUG -     Sample: [0 0 0 1 0 1 0 1 0 1 0 0]
2025-02-23 18:14:45,650 - DEBUG -      4 |     4 |   2.0
2025-02-23 18:14:45,650 - DEBUG -     Sample: [0 0 0 1 0 1 0 1 0 0 0 0]
2025-02-23 18:14:45,650 - DEBUG -      5 |     3 |   1.5
2025-02-23 18:14:45,651 - DEBUG -     Sample: [0 0 0 1 0 1 1 1 0 1 0 0]
2025-02-23 18:14:45,651 - DEBUG - Generated 169 unique samples from 200 total measurements
2025-02-23 18:14:45,654 - INFO -   No feasible solution found in this iteration
2025-02-23 18:14:45,655 - INFO -   No new constraints added, lowered tau multiplier: 1.0 -> 0.9
2025-02-23 18:14:45,655 - INFO -   No new constraints added, lowered tau multiplier: 0.9 -> 0.8
2025-02-23 18:14:45,655 - INFO -   Added 2 new constraints: [2, 6]
2025-02-23 18:14:45,655 - INFO - 
Iteration 9:
2025-02-23 18:14:45,656 - DEBUG - Generated Ising Hamiltonian
2025-02-23 18:14:45,874 - DEBUG - Optimizing QAOA circuit...
2025-02-23 18:14:47,901 - DEBUG - Circuit optimization successful
2025-02-23 18:14:47,902 - DEBUG - Circuit optimization successful, final value: -1784.2844655344643
2025-02-23 18:14:47,902 - DEBUG - Sampling from optimized circuit...
2025-02-23 18:14:47,921 - DEBUG - Generated 165 unique samples from 200 total measurements
2025-02-23 18:14:47,921 - DEBUG - 
Top 5 most frequent samples:
2025-02-23 18:14:47,922 - DEBUG -   Rank | Count |   %   
2025-02-23 18:14:47,922 - DEBUG -   -----|-------|-------
2025-02-23 18:14:47,923 - DEBUG -      1 |     4 |   2.0
2025-02-23 18:14:47,923 - DEBUG -     Sample: [1 1 1 0 0 1 0 1 0 0 1 0]
2025-02-23 18:14:47,923 - DEBUG -      2 |     4 |   2.0
2025-02-23 18:14:47,924 - DEBUG -     Sample: [0 1 1 0 0 0 0 1 0 0 1 1]
2025-02-23 18:14:47,924 - DEBUG -      3 |     3 |   1.5
2025-02-23 18:14:47,925 - DEBUG -     Sample: [1 1 1 0 0 0 1 1 0 0 1 1]
2025-02-23 18:14:47,925 - DEBUG -      4 |     3 |   1.5
2025-02-23 18:14:47,925 - DEBUG -     Sample: [1 1 0 0 0 0 0 1 0 1 0 0]
2025-02-23 18:14:47,925 - DEBUG -      5 |     3 |   1.5
2025-02-23 18:14:47,926 - DEBUG -     Sample: [1 1 0 1 0 1 0 1 0 1 0 0]
2025-02-23 18:14:47,926 - DEBUG - Generated 165 unique samples from 200 total measurements
2025-02-23 18:14:47,930 - INFO -   No feasible solution found in this iteration
2025-02-23 18:14:47,930 - INFO -   No new constraints added, lowered tau multiplier: 1.0 -> 0.9
2025-02-23 18:14:47,931 - INFO -   No new constraints added, lowered tau multiplier: 0.9 -> 0.8
2025-02-23 18:14:47,931 - INFO -   No new constraints added, lowered tau multiplier: 0.8 -> 0.7
2025-02-23 18:14:47,931 - INFO -   Added 6 new constraints: [3, 14, 18, 27, 29, 30]
2025-02-23 18:14:47,931 - INFO - 
Iteration 10:
2025-02-23 18:14:47,932 - DEBUG - Generated Ising Hamiltonian
2025-02-23 18:14:48,155 - DEBUG - Optimizing QAOA circuit...
2025-02-23 18:14:50,586 - DEBUG - Circuit optimization successful
2025-02-23 18:14:50,587 - DEBUG - Circuit optimization successful, final value: -8483.334915084914
2025-02-23 18:14:50,587 - DEBUG - Sampling from optimized circuit...
2025-02-23 18:14:50,609 - DEBUG - Generated 189 unique samples from 200 total measurements
2025-02-23 18:14:50,609 - DEBUG - 
Top 5 most frequent samples:
2025-02-23 18:14:50,610 - DEBUG -   Rank | Count |   %   
2025-02-23 18:14:50,610 - DEBUG -   -----|-------|-------
2025-02-23 18:14:50,610 - DEBUG -      1 |     3 |   1.5
2025-02-23 18:14:50,610 - DEBUG -     Sample: [0 0 1 1 1 1 0 1 0 1 0 0]
2025-02-23 18:14:50,611 - DEBUG -      2 |     3 |   1.5
2025-02-23 18:14:50,611 - DEBUG -     Sample: [1 0 0 0 1 1 1 0 0 1 0 1]
2025-02-23 18:14:50,611 - DEBUG -      3 |     2 |   1.0
2025-02-23 18:14:50,611 - DEBUG -     Sample: [1 0 0 1 0 1 0 1 0 1 0 1]
2025-02-23 18:14:50,612 - DEBUG -      4 |     2 |   1.0
2025-02-23 18:14:50,612 - DEBUG -     Sample: [1 1 0 1 1 1 1 1 1 1 0 1]
2025-02-23 18:14:50,612 - DEBUG -      5 |     2 |   1.0
2025-02-23 18:14:50,612 - DEBUG -     Sample: [0 0 0 1 1 0 1 0 1 0 1 1]
2025-02-23 18:14:50,613 - DEBUG - Generated 189 unique samples from 200 total measurements
2025-02-23 18:14:50,617 - INFO -   No feasible solution found in this iteration
2025-02-23 18:14:50,618 - INFO -   No new constraints added, lowered tau multiplier: 1.0 -> 0.9
2025-02-23 18:14:50,618 - INFO -   No new constraints added, lowered tau multiplier: 0.9 -> 0.8
2025-02-23 18:14:50,618 - INFO -   No new constraints added, lowered tau multiplier: 0.8 -> 0.7
2025-02-23 18:14:50,618 - INFO -   No new constraints added, lowered tau multiplier: 0.7 -> 0.6
2025-02-23 18:14:50,618 - INFO -   Added 1 new constraints: [33]
2025-02-23 18:14:50,619 - INFO - 
Iteration 11:
2025-02-23 18:14:50,619 - DEBUG - Generated Ising Hamiltonian
2025-02-23 18:14:50,843 - DEBUG - Optimizing QAOA circuit...
2025-02-23 18:14:53,335 - DEBUG - Circuit optimization successful
2025-02-23 18:14:53,336 - DEBUG - Circuit optimization successful, final value: -5325.352647352647
2025-02-23 18:14:53,336 - DEBUG - Sampling from optimized circuit...
2025-02-23 18:14:53,355 - DEBUG - Generated 188 unique samples from 200 total measurements
2025-02-23 18:14:53,355 - DEBUG - 
Top 5 most frequent samples:
2025-02-23 18:14:53,355 - DEBUG -   Rank | Count |   %   
2025-02-23 18:14:53,356 - DEBUG -   -----|-------|-------
2025-02-23 18:14:53,356 - DEBUG -      1 |     2 |   1.0
2025-02-23 18:14:53,356 - DEBUG -     Sample: [1 1 1 0 0 0 0 1 1 0 1 1]
2025-02-23 18:14:53,356 - DEBUG -      2 |     2 |   1.0
2025-02-23 18:14:53,357 - DEBUG -     Sample: [1 0 1 0 0 0 0 1 1 0 1 1]
2025-02-23 18:14:53,357 - DEBUG -      3 |     2 |   1.0
2025-02-23 18:14:53,357 - DEBUG -     Sample: [1 0 0 1 1 0 1 1 0 1 0 1]
2025-02-23 18:14:53,357 - DEBUG -      4 |     2 |   1.0
2025-02-23 18:14:53,357 - DEBUG -     Sample: [0 0 0 0 0 1 0 1 1 1 1 1]
2025-02-23 18:14:53,358 - DEBUG -      5 |     2 |   1.0
2025-02-23 18:14:53,358 - DEBUG -     Sample: [1 0 0 0 0 0 1 1 1 0 1 0]
2025-02-23 18:14:53,358 - DEBUG - Generated 188 unique samples from 200 total measurements
2025-02-23 18:14:53,362 - INFO -   No feasible solution found in this iteration
2025-02-23 18:14:53,363 - INFO -   All constraints added, exiting
2025-02-23 18:14:53,363 - INFO -   Constraint generation found no feasible solution
2025-02-23 18:14:53,363 - INFO - 
Instance 81 results:
2025-02-23 18:14:53,364 - INFO -   Classical value: 235.0
2025-02-23 18:14:53,364 - INFO -   QAOA value: 0.0
2025-02-23 18:14:53,364 - INFO -   Constraint generation value: 0.0
2025-02-23 18:14:53,364 - INFO - 
Running instance 82/100
2025-02-23 18:14:53,366 - INFO - 
Running Classical Reference Solver (SCIP):
2025-02-23 18:14:53,367 - DEBUG - Problem dimensions: 40 constraints, 12 variables
2025-02-23 18:14:53,367 - DEBUG - Row names: ['ELEM1', 'ELEM2', 'ELEM3', 'ELEM4', 'ELEM5', 'ELEM6', 'ELEM7', 'ELEM8', 'ELEM9', 'ELEM10', 'ELEM11', 'ELEM12', 'ELEM13', 'ELEM14', 'ELEM15', 'ELEM16', 'ELEM17', 'ELEM18', 'ELEM19', 'ELEM20', 'ELEM21', 'ELEM22', 'ELEM23', 'ELEM24', 'ELEM25', 'ELEM26', 'ELEM27', 'ELEM28', 'ELEM29', 'ELEM30', 'ELEM31', 'ELEM32', 'ELEM33', 'ELEM34', 'ELEM35', 'ELEM36', 'ELEM37', 'ELEM38', 'ELEM39', 'ELEM40']
2025-02-23 18:14:53,367 - DEBUG - RHS values: {'ELEM1': 1.0, 'ELEM2': 1.0, 'ELEM3': 1.0, 'ELEM4': 1.0, 'ELEM5': 1.0, 'ELEM6': 1.0, 'ELEM7': 1.0, 'ELEM8': 1.0, 'ELEM9': 1.0, 'ELEM10': 1.0, 'ELEM11': 1.0, 'ELEM12': 1.0, 'ELEM13': 1.0, 'ELEM14': 1.0, 'ELEM15': 1.0, 'ELEM16': 1.0, 'ELEM17': 1.0, 'ELEM18': 1.0, 'ELEM19': 1.0, 'ELEM20': 1.0, 'ELEM21': 1.0, 'ELEM22': 1.0, 'ELEM23': 1.0, 'ELEM24': 1.0, 'ELEM25': 1.0, 'ELEM26': 1.0, 'ELEM27': 1.0, 'ELEM28': 1.0, 'ELEM29': 1.0, 'ELEM30': 1.0, 'ELEM31': 1.0, 'ELEM32': 1.0, 'ELEM33': 1.0, 'ELEM34': 1.0, 'ELEM35': 1.0, 'ELEM36': 1.0, 'ELEM37': 1.0, 'ELEM38': 1.0, 'ELEM39': 1.0, 'ELEM40': 1.0}
2025-02-23 18:14:53,381 - INFO -   Reference solution found:
2025-02-23 18:14:53,381 - INFO -     Solution: [0, 1, 0, 0, 1, 0, 0, 1, 0, 1, 0, 1]
2025-02-23 18:14:53,382 - INFO -     Value: 255.00000000000003
2025-02-23 18:14:53,382 - INFO - 
Running QAOA Reference Solution (with all constraints):
