2025-02-23 18:51:33,980 - INFO - 
Problem information:
2025-02-23 18:51:33,980 - INFO -   Number of variables (n): 10
2025-02-23 18:51:33,981 - INFO -   Number of constraints (m): 20
2025-02-23 18:51:33,981 - DEBUG -   Density of A: 43.00%
2025-02-23 18:51:33,981 - INFO - 
Starting reference QAOA with parameters:
2025-02-23 18:51:33,981 - INFO -   sample_size (total shots): 100
2025-02-23 18:51:33,981 - INFO - Added all constraints
2025-02-23 18:51:33,982 - DEBUG - Generated Ising Hamiltonian
2025-02-23 18:51:34,310 - DEBUG - Optimizing QAOA circuit...
2025-02-23 18:51:35,981 - DEBUG - Circuit optimization successful
2025-02-23 18:51:35,981 - DEBUG - Circuit optimization successful, final value: 90441.15784215785
2025-02-23 18:51:35,982 - DEBUG - Sampling from optimized circuit...
2025-02-23 18:51:35,994 - DEBUG - Generated 70 unique samples from 100 total measurements
2025-02-23 18:51:35,994 - DEBUG - 
Top 5 most frequent samples:
2025-02-23 18:51:35,994 - DEBUG -   Rank | Count |   %   
2025-02-23 18:51:35,994 - DEBUG -   -----|-------|-------
2025-02-23 18:51:35,994 - DEBUG -      1 |     5 |   5.0
2025-02-23 18:51:35,994 - DEBUG -     Sample: [1 0 1 1 0 0 0 1 1 1]
2025-02-23 18:51:35,994 - DEBUG -      2 |     4 |   4.0
2025-02-23 18:51:35,995 - DEBUG -     Sample: [1 0 0 1 0 1 1 1 1 1]
2025-02-23 18:51:35,995 - DEBUG -      3 |     3 |   3.0
2025-02-23 18:51:35,995 - DEBUG -     Sample: [1 0 0 1 0 0 1 1 1 1]
2025-02-23 18:51:35,995 - DEBUG -      4 |     3 |   3.0
2025-02-23 18:51:35,995 - DEBUG -     Sample: [1 0 1 1 0 1 0 1 1 1]
2025-02-23 18:51:35,995 - DEBUG -      5 |     3 |   3.0
2025-02-23 18:51:35,995 - DEBUG -     Sample: [1 0 1 1 0 0 1 1 1 1]
2025-02-23 18:51:35,996 - DEBUG - Generated 70 unique samples from 100 total measurements
2025-02-23 18:51:35,997 - INFO - No feasible solution found
2025-02-23 18:51:35,997 - INFO -   QAOA solver found no feasible solution
2025-02-23 18:51:35,998 - INFO - 
Running Constraint Generation:
2025-02-23 18:51:35,999 - INFO - 
Problem information:
2025-02-23 18:51:35,999 - INFO -   Number of variables (n): 10
2025-02-23 18:51:35,999 - INFO -   Number of constraints (m): 20
2025-02-23 18:51:35,999 - DEBUG -   Density of A: 43.00%
2025-02-23 18:51:36,000 - INFO - 
Running classical reference solver:
2025-02-23 18:51:36,010 - INFO -   Reference solution found:
2025-02-23 18:51:36,010 - INFO -     Solution: [0, 0, 0, 1, 0, 0, 0, 0, 1, 0]
2025-02-23 18:51:36,010 - INFO -     Value: 50.0
2025-02-23 18:51:36,010 - INFO - 
Starting quantum constraint generation with parameters:
2025-02-23 18:51:36,010 - INFO -   sample_size (total shots): 100
2025-02-23 18:51:36,010 - INFO -   tau: 0.1
2025-02-23 18:51:36,010 - INFO -   max_iters: 1000
2025-02-23 18:51:36,011 - INFO - 
Iteration 0:
2025-02-23 18:51:36,011 - DEBUG - Generated Ising Hamiltonian
2025-02-23 18:51:36,220 - DEBUG - Optimizing QAOA circuit...
2025-02-23 18:51:37,158 - DEBUG - Circuit optimization successful
2025-02-23 18:51:37,158 - DEBUG - Circuit optimization successful, final value: -266.16083916083915
2025-02-23 18:51:37,158 - DEBUG - Sampling from optimized circuit...
2025-02-23 18:51:37,167 - DEBUG - Generated 57 unique samples from 100 total measurements
2025-02-23 18:51:37,167 - DEBUG - 
Top 5 most frequent samples:
2025-02-23 18:51:37,167 - DEBUG -   Rank | Count |   %   
2025-02-23 18:51:37,168 - DEBUG -   -----|-------|-------
2025-02-23 18:51:37,168 - DEBUG -      1 |     6 |   6.0
2025-02-23 18:51:37,168 - DEBUG -     Sample: [1 1 1 1 1 0 1 1 1 1]
2025-02-23 18:51:37,168 - DEBUG -      2 |     6 |   6.0
2025-02-23 18:51:37,168 - DEBUG -     Sample: [1 1 0 1 1 0 0 1 1 1]
2025-02-23 18:51:37,168 - DEBUG -      3 |     6 |   6.0
2025-02-23 18:51:37,168 - DEBUG -     Sample: [0 1 1 1 1 0 1 1 1 1]
2025-02-23 18:51:37,169 - DEBUG -      4 |     6 |   6.0
2025-02-23 18:51:37,169 - DEBUG -     Sample: [1 1 0 1 1 0 1 1 1 1]
2025-02-23 18:51:37,169 - DEBUG -      5 |     5 |   5.0
2025-02-23 18:51:37,169 - DEBUG -     Sample: [1 1 0 0 1 0 1 1 1 1]
2025-02-23 18:51:37,169 - DEBUG - Generated 57 unique samples from 100 total measurements
2025-02-23 18:51:37,170 - INFO -   No feasible solution found in this iteration
2025-02-23 18:51:37,171 - INFO -   Added 3 new constraints: [2, 11, 18]
2025-02-23 18:51:37,171 - INFO - 
Iteration 1:
2025-02-23 18:51:37,172 - DEBUG - Generated Ising Hamiltonian
2025-02-23 18:51:37,368 - DEBUG - Optimizing QAOA circuit...
2025-02-23 18:51:38,522 - DEBUG - Circuit optimization successful
2025-02-23 18:51:38,522 - DEBUG - Circuit optimization successful, final value: 2045.176323676324
2025-02-23 18:51:38,522 - DEBUG - Sampling from optimized circuit...
2025-02-23 18:51:38,534 - DEBUG - Generated 90 unique samples from 100 total measurements
2025-02-23 18:51:38,535 - DEBUG - 
Top 5 most frequent samples:
2025-02-23 18:51:38,535 - DEBUG -   Rank | Count |   %   
2025-02-23 18:51:38,535 - DEBUG -   -----|-------|-------
2025-02-23 18:51:38,535 - DEBUG -      1 |     3 |   3.0
2025-02-23 18:51:38,535 - DEBUG -     Sample: [1 1 0 0 1 1 1 1 1 0]
2025-02-23 18:51:38,535 - DEBUG -      2 |     2 |   2.0
2025-02-23 18:51:38,536 - DEBUG -     Sample: [0 1 0 0 1 0 1 1 0 0]
2025-02-23 18:51:38,536 - DEBUG -      3 |     2 |   2.0
2025-02-23 18:51:38,536 - DEBUG -     Sample: [1 1 1 1 1 1 0 0 0 0]
2025-02-23 18:51:38,536 - DEBUG -      4 |     2 |   2.0
2025-02-23 18:51:38,536 - DEBUG -     Sample: [1 1 0 1 1 1 0 1 1 0]
2025-02-23 18:51:38,536 - DEBUG -      5 |     2 |   2.0
2025-02-23 18:51:38,537 - DEBUG -     Sample: [1 1 0 0 1 1 1 1 1 1]
2025-02-23 18:51:38,537 - DEBUG - Generated 90 unique samples from 100 total measurements
2025-02-23 18:51:38,539 - INFO -   No feasible solution found in this iteration
2025-02-23 18:51:38,540 - INFO -   No new constraints added, lowered tau multiplier: 1.0 -> 0.9
2025-02-23 18:51:38,541 - INFO -   Added 1 new constraints: [13]
2025-02-23 18:51:38,541 - INFO - 
Iteration 2:
2025-02-23 18:51:38,541 - DEBUG - Generated Ising Hamiltonian
2025-02-23 18:51:38,763 - DEBUG - Optimizing QAOA circuit...
2025-02-23 18:51:39,925 - DEBUG - Circuit optimization successful
2025-02-23 18:51:39,925 - DEBUG - Circuit optimization successful, final value: -3138.8056943056945
2025-02-23 18:51:39,925 - DEBUG - Sampling from optimized circuit...
2025-02-23 18:51:39,937 - DEBUG - Generated 67 unique samples from 100 total measurements
2025-02-23 18:51:39,937 - DEBUG - 
Top 5 most frequent samples:
2025-02-23 18:51:39,937 - DEBUG -   Rank | Count |   %   
2025-02-23 18:51:39,937 - DEBUG -   -----|-------|-------
2025-02-23 18:51:39,938 - DEBUG -      1 |     6 |   6.0
2025-02-23 18:51:39,938 - DEBUG -     Sample: [0 0 0 1 1 1 1 0 0 1]
2025-02-23 18:51:39,938 - DEBUG -      2 |     5 |   5.0
2025-02-23 18:51:39,938 - DEBUG -     Sample: [0 0 0 0 0 1 0 0 0 0]
2025-02-23 18:51:39,938 - DEBUG -      3 |     4 |   4.0
2025-02-23 18:51:39,939 - DEBUG -     Sample: [1 1 0 1 1 0 0 0 0 0]
2025-02-23 18:51:39,939 - DEBUG -      4 |     4 |   4.0
2025-02-23 18:51:39,939 - DEBUG -     Sample: [0 1 1 1 1 0 0 0 0 0]
2025-02-23 18:51:39,939 - DEBUG -      5 |     3 |   3.0
2025-02-23 18:51:39,939 - DEBUG -     Sample: [0 1 1 0 0 0 1 0 1 1]
2025-02-23 18:51:39,940 - DEBUG - Generated 67 unique samples from 100 total measurements
2025-02-23 18:51:39,941 - INFO - Found feasible solution: [0 0 0 0 0 1 0 0 0 1] with objective value 131.0
2025-02-23 18:51:39,942 - INFO -   Found feasible solution:
2025-02-23 18:51:39,942 - INFO -     Solution: [0, 0, 0, 0, 0, 1, 0, 0, 0, 1]
2025-02-23 18:51:39,942 - INFO -     Value: 131.0
2025-02-23 18:51:39,942 - INFO -     Gap to reference: 162.00%
2025-02-23 18:51:39,943 - INFO -   Constraint generation solution found:
2025-02-23 18:51:39,943 - INFO -     Solution: [0, 0, 0, 0, 0, 1, 0, 0, 0, 1]
2025-02-23 18:51:39,943 - INFO -     Value: 131.0
2025-02-23 18:51:39,943 - INFO - 
Instance 63 results:
2025-02-23 18:51:39,943 - INFO -   Classical value: 50.0
2025-02-23 18:51:39,943 - INFO -   QAOA value: 0.0
2025-02-23 18:51:39,943 - INFO -   Constraint generation value: 131.0
2025-02-23 18:51:39,944 - INFO - 
Running instance 64/100
2025-02-23 18:51:39,945 - INFO - 
Running Classical Reference Solver (SCIP):
2025-02-23 18:51:39,946 - DEBUG - Problem dimensions: 20 constraints, 10 variables
2025-02-23 18:51:39,946 - DEBUG - Row names: ['ELEM1', 'ELEM2', 'ELEM3', 'ELEM4', 'ELEM5', 'ELEM6', 'ELEM7', 'ELEM8', 'ELEM9', 'ELEM10', 'ELEM11', 'ELEM12', 'ELEM13', 'ELEM14', 'ELEM15', 'ELEM16', 'ELEM17', 'ELEM18', 'ELEM19', 'ELEM20']
2025-02-23 18:51:39,946 - DEBUG - RHS values: {'ELEM1': 1.0, 'ELEM2': 1.0, 'ELEM3': 1.0, 'ELEM4': 1.0, 'ELEM5': 1.0, 'ELEM6': 1.0, 'ELEM7': 1.0, 'ELEM8': 1.0, 'ELEM9': 1.0, 'ELEM10': 1.0, 'ELEM11': 1.0, 'ELEM12': 1.0, 'ELEM13': 1.0, 'ELEM14': 1.0, 'ELEM15': 1.0, 'ELEM16': 1.0, 'ELEM17': 1.0, 'ELEM18': 1.0, 'ELEM19': 1.0, 'ELEM20': 1.0}
2025-02-23 18:51:39,957 - INFO -   Reference solution found:
2025-02-23 18:51:39,957 - INFO -     Solution: [0, 0, 0, 0, 0, 0, 0, 0, 1, 1]
2025-02-23 18:51:39,957 - INFO -     Value: 55.0
2025-02-23 18:51:39,957 - INFO - 
Running QAOA Reference Solution (with all constraints):
