2025-02-24 16:53:52,452 - INFO - 
Problem information:
2025-02-24 16:53:52,452 - INFO -   Number of variables (n): 8
2025-02-24 16:53:52,452 - INFO -   Number of constraints (m): 25
2025-02-24 16:53:52,452 - DEBUG -   Density of A: 15.00%
2025-02-24 16:53:52,452 - INFO - 
Starting reference QAOA with parameters:
2025-02-24 16:53:52,453 - INFO -   sample_size (total shots): 500
2025-02-24 16:53:52,453 - INFO - Added all constraints
2025-02-24 16:53:52,453 - DEBUG - Generated Ising Hamiltonian
2025-02-24 16:53:52,711 - DEBUG - Optimizing QAOA circuit...
2025-02-24 16:53:54,530 - DEBUG - Circuit optimization successful
2025-02-24 16:53:54,531 - DEBUG - Circuit optimization successful, final value: -19504.43306693307
2025-02-24 16:53:54,531 - DEBUG - Sampling from optimized circuit...
2025-02-24 16:53:54,548 - DEBUG - Generated 86 unique samples from 500 total measurements
2025-02-24 16:53:54,549 - DEBUG - 
Top 5 most frequent samples:
2025-02-24 16:53:54,549 - DEBUG -   Rank | Count |   %   
2025-02-24 16:53:54,550 - DEBUG -   -----|-------|-------
2025-02-24 16:53:54,550 - DEBUG -      1 |    34 |   6.8
2025-02-24 16:53:54,550 - DEBUG -     Sample: [0 0 0 0 0 0 1 1]
2025-02-24 16:53:54,551 - DEBUG -      2 |    27 |   5.4
2025-02-24 16:53:54,551 - DEBUG -     Sample: [0 1 0 0 0 0 1 0]
2025-02-24 16:53:54,551 - DEBUG -      3 |    25 |   5.0
2025-02-24 16:53:54,552 - DEBUG -     Sample: [0 1 0 0 0 0 1 1]
2025-02-24 16:53:54,552 - DEBUG -      4 |    24 |   4.8
2025-02-24 16:53:54,552 - DEBUG -     Sample: [0 1 0 1 0 0 1 1]
2025-02-24 16:53:54,553 - DEBUG -      5 |    19 |   3.8
2025-02-24 16:53:54,553 - DEBUG -     Sample: [0 0 0 0 0 0 0 1]
2025-02-24 16:53:54,554 - DEBUG - Generated 86 unique samples from 500 total measurements
2025-02-24 16:53:54,556 - INFO - No feasible solution found
2025-02-24 16:53:54,557 - INFO -   QAOA solver found no feasible solution
2025-02-24 16:53:54,557 - INFO - 
Running Constraint Generation:
2025-02-24 16:53:54,559 - INFO - 
Problem information:
2025-02-24 16:53:54,559 - INFO -   Number of variables (n): 8
2025-02-24 16:53:54,560 - INFO -   Number of constraints (m): 25
2025-02-24 16:53:54,560 - DEBUG -   Density of A: 15.00%
2025-02-24 16:53:54,560 - INFO - 
Running classical reference solver:
2025-02-24 16:53:54,573 - INFO -   Reference solution found:
2025-02-24 16:53:54,573 - INFO -     Solution: [1, 0, 1, 1, 1, 1, 1, 0]
2025-02-24 16:53:54,573 - INFO -     Value: 355.0
2025-02-24 16:53:54,574 - INFO - 
Starting quantum constraint generation with parameters:
2025-02-24 16:53:54,574 - INFO -   sample_size (total shots): 500
2025-02-24 16:53:54,574 - INFO -   tau: 0.1
2025-02-24 16:53:54,574 - INFO -   max_iters: 1000
2025-02-24 16:53:54,575 - INFO - 
Iteration 0:
2025-02-24 16:53:54,575 - DEBUG - Generated Ising Hamiltonian
2025-02-24 16:53:54,874 - DEBUG - Optimizing QAOA circuit...
2025-02-24 16:53:56,556 - DEBUG - Circuit optimization successful
2025-02-24 16:53:56,557 - DEBUG - Circuit optimization successful, final value: -195.32767232767233
2025-02-24 16:53:56,557 - DEBUG - Sampling from optimized circuit...
2025-02-24 16:53:56,569 - DEBUG - Generated 48 unique samples from 500 total measurements
2025-02-24 16:53:56,569 - DEBUG - 
Top 5 most frequent samples:
2025-02-24 16:53:56,569 - DEBUG -   Rank | Count |   %   
2025-02-24 16:53:56,569 - DEBUG -   -----|-------|-------
2025-02-24 16:53:56,569 - DEBUG -      1 |   132 |  26.4
2025-02-24 16:53:56,570 - DEBUG -     Sample: [0 1 1 1 1 0 1 0]
2025-02-24 16:53:56,570 - DEBUG -      2 |    69 |  13.8
2025-02-24 16:53:56,570 - DEBUG -     Sample: [0 1 1 0 1 0 1 0]
2025-02-24 16:53:56,570 - DEBUG -      3 |    54 |  10.8
2025-02-24 16:53:56,570 - DEBUG -     Sample: [0 1 0 1 1 0 1 0]
2025-02-24 16:53:56,570 - DEBUG -      4 |    42 |   8.4
2025-02-24 16:53:56,571 - DEBUG -     Sample: [0 1 1 1 0 0 1 0]
2025-02-24 16:53:56,571 - DEBUG -      5 |    26 |   5.2
2025-02-24 16:53:56,571 - DEBUG -     Sample: [0 1 0 0 1 0 1 0]
2025-02-24 16:53:56,571 - DEBUG - Generated 48 unique samples from 500 total measurements
2025-02-24 16:53:56,573 - INFO -   No feasible solution found in this iteration
2025-02-24 16:53:56,573 - INFO -   Added 1 new constraints: [22]
2025-02-24 16:53:56,573 - INFO - 
Iteration 1:
2025-02-24 16:53:56,573 - DEBUG - Generated Ising Hamiltonian
2025-02-24 16:53:56,925 - DEBUG - Optimizing QAOA circuit...
2025-02-24 16:53:58,801 - DEBUG - Circuit optimization successful
2025-02-24 16:53:58,801 - DEBUG - Circuit optimization successful, final value: -1014.6296203796201
2025-02-24 16:53:58,801 - DEBUG - Sampling from optimized circuit...
2025-02-24 16:53:58,818 - DEBUG - Generated 53 unique samples from 500 total measurements
2025-02-24 16:53:58,818 - DEBUG - 
Top 5 most frequent samples:
2025-02-24 16:53:58,818 - DEBUG -   Rank | Count |   %   
2025-02-24 16:53:58,818 - DEBUG -   -----|-------|-------
2025-02-24 16:53:58,819 - DEBUG -      1 |    94 |  18.8
2025-02-24 16:53:58,819 - DEBUG -     Sample: [0 0 0 1 0 0 0 1]
2025-02-24 16:53:58,819 - DEBUG -      2 |    76 |  15.2
2025-02-24 16:53:58,819 - DEBUG -     Sample: [0 0 0 0 0 0 0 1]
2025-02-24 16:53:58,820 - DEBUG -      3 |    58 |  11.6
2025-02-24 16:53:58,820 - DEBUG -     Sample: [0 0 0 1 1 0 0 1]
2025-02-24 16:53:58,820 - DEBUG -      4 |    35 |   7.0
2025-02-24 16:53:58,821 - DEBUG -     Sample: [1 0 0 1 0 0 0 1]
2025-02-24 16:53:58,821 - DEBUG -      5 |    31 |   6.2
2025-02-24 16:53:58,821 - DEBUG -     Sample: [0 0 0 0 1 0 0 1]
2025-02-24 16:53:58,822 - DEBUG - Generated 53 unique samples from 500 total measurements
2025-02-24 16:53:58,823 - INFO -   No feasible solution found in this iteration
2025-02-24 16:53:58,824 - INFO -   Added 1 new constraints: [9]
2025-02-24 16:53:58,825 - INFO - 
Iteration 2:
2025-02-24 16:53:58,825 - DEBUG - Generated Ising Hamiltonian
2025-02-24 16:53:59,074 - DEBUG - Optimizing QAOA circuit...
2025-02-24 16:54:00,773 - DEBUG - Circuit optimization successful
2025-02-24 16:54:00,774 - DEBUG - Circuit optimization successful, final value: -2047.4555444555444
2025-02-24 16:54:00,774 - DEBUG - Sampling from optimized circuit...
2025-02-24 16:54:00,797 - DEBUG - Generated 67 unique samples from 500 total measurements
2025-02-24 16:54:00,799 - DEBUG - 
Top 5 most frequent samples:
2025-02-24 16:54:00,800 - DEBUG -   Rank | Count |   %   
2025-02-24 16:54:00,800 - DEBUG -   -----|-------|-------
2025-02-24 16:54:00,800 - DEBUG -      1 |    43 |   8.6
2025-02-24 16:54:00,801 - DEBUG -     Sample: [0 1 1 1 1 0 0 1]
2025-02-24 16:54:00,801 - DEBUG -      2 |    35 |   7.0
2025-02-24 16:54:00,801 - DEBUG -     Sample: [0 0 1 1 1 0 0 0]
2025-02-24 16:54:00,801 - DEBUG -      3 |    30 |   6.0
2025-02-24 16:54:00,801 - DEBUG -     Sample: [0 0 0 1 1 0 0 1]
2025-02-24 16:54:00,802 - DEBUG -      4 |    30 |   6.0
2025-02-24 16:54:00,802 - DEBUG -     Sample: [0 1 0 1 1 0 0 0]
2025-02-24 16:54:00,802 - DEBUG -      5 |    29 |   5.8
2025-02-24 16:54:00,803 - DEBUG -     Sample: [0 1 1 1 1 0 0 0]
2025-02-24 16:54:00,803 - DEBUG - Generated 67 unique samples from 500 total measurements
2025-02-24 16:54:00,805 - INFO -   No feasible solution found in this iteration
2025-02-24 16:54:00,806 - INFO -   No new constraints added, lowered tau multiplier: 1.0 -> 0.9
2025-02-24 16:54:00,806 - INFO -   No new constraints added, lowered tau multiplier: 0.9 -> 0.8
2025-02-24 16:54:00,806 - INFO -   No new constraints added, lowered tau multiplier: 0.8 -> 0.7
2025-02-24 16:54:00,807 - INFO -   No new constraints added, lowered tau multiplier: 0.7 -> 0.6
2025-02-24 16:54:00,807 - INFO -   Added 17 new constraints: [0, 2, 5, 8, 10, 11, 12, 13, 14, 15, 16, 17, 18, 19, 20, 21, 23]
2025-02-24 16:54:00,808 - INFO - 
Iteration 3:
2025-02-24 16:54:00,808 - DEBUG - Generated Ising Hamiltonian
2025-02-24 16:54:01,147 - DEBUG - Optimizing QAOA circuit...
2025-02-24 16:54:02,859 - DEBUG - Circuit optimization successful
2025-02-24 16:54:02,859 - DEBUG - Circuit optimization successful, final value: 6037.233516483517
2025-02-24 16:54:02,859 - DEBUG - Sampling from optimized circuit...
2025-02-24 16:54:02,876 - DEBUG - Generated 84 unique samples from 500 total measurements
2025-02-24 16:54:02,876 - DEBUG - 
Top 5 most frequent samples:
2025-02-24 16:54:02,876 - DEBUG -   Rank | Count |   %   
2025-02-24 16:54:02,877 - DEBUG -   -----|-------|-------
2025-02-24 16:54:02,877 - DEBUG -      1 |    42 |   8.4
2025-02-24 16:54:02,877 - DEBUG -     Sample: [1 1 0 0 0 0 0 0]
2025-02-24 16:54:02,877 - DEBUG -      2 |    40 |   8.0
2025-02-24 16:54:02,877 - DEBUG -     Sample: [1 1 0 0 0 0 0 1]
2025-02-24 16:54:02,878 - DEBUG -      3 |    40 |   8.0
2025-02-24 16:54:02,878 - DEBUG -     Sample: [1 1 1 0 0 0 0 0]
2025-02-24 16:54:02,878 - DEBUG -      4 |    27 |   5.4
2025-02-24 16:54:02,878 - DEBUG -     Sample: [1 1 1 0 0 0 0 1]
2025-02-24 16:54:02,878 - DEBUG -      5 |    22 |   4.4
2025-02-24 16:54:02,879 - DEBUG -     Sample: [1 0 1 0 0 0 0 0]
2025-02-24 16:54:02,879 - DEBUG - Generated 84 unique samples from 500 total measurements
2025-02-24 16:54:02,881 - INFO -   No feasible solution found in this iteration
2025-02-24 16:54:02,882 - INFO -   No new constraints added, lowered tau multiplier: 1.0 -> 0.9
2025-02-24 16:54:02,882 - INFO -   Added 2 new constraints: [1, 4]
2025-02-24 16:54:02,882 - INFO - 
Iteration 4:
2025-02-24 16:54:02,882 - DEBUG - Generated Ising Hamiltonian
2025-02-24 16:54:03,121 - DEBUG - Optimizing QAOA circuit...
2025-02-24 16:54:04,807 - DEBUG - Circuit optimization successful
2025-02-24 16:54:04,807 - DEBUG - Circuit optimization successful, final value: 3609.904345654348
2025-02-24 16:54:04,807 - DEBUG - Sampling from optimized circuit...
2025-02-24 16:54:04,824 - DEBUG - Generated 115 unique samples from 500 total measurements
2025-02-24 16:54:04,824 - DEBUG - 
Top 5 most frequent samples:
2025-02-24 16:54:04,824 - DEBUG -   Rank | Count |   %   
2025-02-24 16:54:04,824 - DEBUG -   -----|-------|-------
2025-02-24 16:54:04,825 - DEBUG -      1 |    48 |   9.6
2025-02-24 16:54:04,825 - DEBUG -     Sample: [1 1 1 0 0 0 1 0]
2025-02-24 16:54:04,825 - DEBUG -      2 |    27 |   5.4
2025-02-24 16:54:04,825 - DEBUG -     Sample: [1 1 1 1 0 0 1 0]
2025-02-24 16:54:04,825 - DEBUG -      3 |    24 |   4.8
2025-02-24 16:54:04,826 - DEBUG -     Sample: [1 1 1 0 0 1 1 0]
2025-02-24 16:54:04,826 - DEBUG -      4 |    19 |   3.8
2025-02-24 16:54:04,826 - DEBUG -     Sample: [1 1 1 1 0 1 1 0]
2025-02-24 16:54:04,826 - DEBUG -      5 |    19 |   3.8
2025-02-24 16:54:04,826 - DEBUG -     Sample: [1 1 1 1 0 0 0 0]
2025-02-24 16:54:04,827 - DEBUG - Generated 115 unique samples from 500 total measurements
2025-02-24 16:54:04,829 - INFO -   No feasible solution found in this iteration
2025-02-24 16:54:04,829 - INFO -   No new constraints added, lowered tau multiplier: 1.0 -> 0.9
2025-02-24 16:54:04,830 - INFO -   No new constraints added, lowered tau multiplier: 0.9 -> 0.8
2025-02-24 16:54:04,830 - INFO -   No new constraints added, lowered tau multiplier: 0.8 -> 0.7
2025-02-24 16:54:04,830 - INFO -   Added 1 new constraints: [7]
2025-02-24 16:54:04,830 - INFO - 
Iteration 5:
2025-02-24 16:54:04,831 - DEBUG - Generated Ising Hamiltonian
2025-02-24 16:54:05,055 - DEBUG - Optimizing QAOA circuit...
2025-02-24 16:54:07,248 - DEBUG - Circuit optimization successful
2025-02-24 16:54:07,248 - DEBUG - Circuit optimization successful, final value: -2879.647602397603
2025-02-24 16:54:07,249 - DEBUG - Sampling from optimized circuit...
2025-02-24 16:54:07,266 - DEBUG - Generated 111 unique samples from 500 total measurements
2025-02-24 16:54:07,266 - DEBUG - 
Top 5 most frequent samples:
2025-02-24 16:54:07,266 - DEBUG -   Rank | Count |   %   
2025-02-24 16:54:07,267 - DEBUG -   -----|-------|-------
2025-02-24 16:54:07,267 - DEBUG -      1 |    45 |   9.0
2025-02-24 16:54:07,267 - DEBUG -     Sample: [1 0 0 0 0 0 0 1]
2025-02-24 16:54:07,267 - DEBUG -      2 |    31 |   6.2
2025-02-24 16:54:07,267 - DEBUG -     Sample: [1 0 0 0 0 1 0 1]
2025-02-24 16:54:07,268 - DEBUG -      3 |    26 |   5.2
2025-02-24 16:54:07,268 - DEBUG -     Sample: [0 0 0 0 0 0 0 1]
2025-02-24 16:54:07,268 - DEBUG -      4 |    22 |   4.4
2025-02-24 16:54:07,268 - DEBUG -     Sample: [1 0 0 0 0 0 0 0]
2025-02-24 16:54:07,268 - DEBUG -      5 |    20 |   4.0
2025-02-24 16:54:07,269 - DEBUG -     Sample: [1 0 0 0 1 0 0 1]
2025-02-24 16:54:07,269 - DEBUG - Generated 111 unique samples from 500 total measurements
2025-02-24 16:54:07,271 - INFO -   No feasible solution found in this iteration
2025-02-24 16:54:07,271 - INFO -   No new constraints added, lowered tau multiplier: 1.0 -> 0.9
2025-02-24 16:54:07,272 - INFO -   Added 3 new constraints: [3, 6, 24]
2025-02-24 16:54:07,272 - INFO - 
Iteration 6:
2025-02-24 16:54:07,272 - DEBUG - Generated Ising Hamiltonian
2025-02-24 16:54:07,512 - DEBUG - Optimizing QAOA circuit...
2025-02-24 16:54:09,136 - DEBUG - Circuit optimization successful
2025-02-24 16:54:09,136 - DEBUG - Circuit optimization successful, final value: -3693.162337662339
2025-02-24 16:54:09,136 - DEBUG - Sampling from optimized circuit...
2025-02-24 16:54:09,153 - DEBUG - Generated 58 unique samples from 500 total measurements
2025-02-24 16:54:09,153 - DEBUG - 
Top 5 most frequent samples:
2025-02-24 16:54:09,154 - DEBUG -   Rank | Count |   %   
2025-02-24 16:54:09,154 - DEBUG -   -----|-------|-------
2025-02-24 16:54:09,154 - DEBUG -      1 |    81 |  16.2
2025-02-24 16:54:09,154 - DEBUG -     Sample: [1 0 0 1 0 1 0 0]
2025-02-24 16:54:09,154 - DEBUG -      2 |    69 |  13.8
2025-02-24 16:54:09,155 - DEBUG -     Sample: [1 0 0 1 0 0 0 0]
2025-02-24 16:54:09,155 - DEBUG -      3 |    59 |  11.8
2025-02-24 16:54:09,155 - DEBUG -     Sample: [0 0 0 1 0 1 0 1]
2025-02-24 16:54:09,155 - DEBUG -      4 |    36 |   7.2
2025-02-24 16:54:09,156 - DEBUG -     Sample: [0 0 0 1 0 0 0 1]
2025-02-24 16:54:09,156 - DEBUG -      5 |    25 |   5.0
2025-02-24 16:54:09,156 - DEBUG -     Sample: [1 0 0 1 0 1 0 1]
2025-02-24 16:54:09,157 - DEBUG - Generated 58 unique samples from 500 total measurements
2025-02-24 16:54:09,158 - INFO -   No feasible solution found in this iteration
2025-02-24 16:54:09,159 - INFO -   All constraints added, exiting
2025-02-24 16:54:09,160 - INFO -   Constraint generation found no feasible solution
2025-02-24 16:54:09,160 - INFO - 
Instance 77 results:
2025-02-24 16:54:09,160 - INFO -   Classical value: 355.0
2025-02-24 16:54:09,161 - INFO -   QAOA value: 0.0
2025-02-24 16:54:09,161 - INFO -   Constraint generation value: 0.0
2025-02-24 16:54:09,162 - INFO - 
Running instance 78/100
2025-02-24 16:54:09,164 - INFO - 
Running Classical Reference Solver (SCIP):
2025-02-24 16:54:09,165 - DEBUG - Problem dimensions: 25 constraints, 8 variables
2025-02-24 16:54:09,166 - DEBUG - Row names: ['ELEM1', 'ELEM2', 'ELEM3', 'ELEM4', 'ELEM5', 'ELEM6', 'ELEM7', 'ELEM8', 'ELEM9', 'ELEM10', 'ELEM11', 'ELEM12', 'ELEM13', 'ELEM14', 'ELEM15', 'ELEM16', 'ELEM17', 'ELEM18', 'ELEM19', 'ELEM20', 'ELEM21', 'ELEM22', 'ELEM23', 'ELEM24', 'ELEM25']
2025-02-24 16:54:09,166 - DEBUG - RHS values: {'ELEM1': 1.0, 'ELEM2': 1.0, 'ELEM3': 1.0, 'ELEM4': 1.0, 'ELEM5': 1.0, 'ELEM6': 1.0, 'ELEM7': 1.0, 'ELEM8': 1.0, 'ELEM9': 1.0, 'ELEM10': 1.0, 'ELEM11': 1.0, 'ELEM12': 1.0, 'ELEM13': 1.0, 'ELEM14': 1.0, 'ELEM15': 1.0, 'ELEM16': 1.0, 'ELEM17': 1.0, 'ELEM18': 1.0, 'ELEM19': 1.0, 'ELEM20': 1.0, 'ELEM21': 1.0, 'ELEM22': 1.0, 'ELEM23': 1.0, 'ELEM24': 1.0, 'ELEM25': 1.0}
2025-02-24 16:54:09,177 - INFO -   Reference solution found:
2025-02-24 16:54:09,177 - INFO -     Solution: [0, 0, 0, 1, 0, 1, 0, 1]
2025-02-24 16:54:09,178 - INFO -     Value: 123.0
2025-02-24 16:54:09,178 - INFO - 
Running QAOA Reference Solution (with all constraints):
