
Problem information:
  Number of variables (n): 10
  Number of constraints (m): 20

Starting reference QAOA with parameters:
  sample_size (total shots): 500
Added all constraints
Found feasible solution: [0 0 0 0 0 0 1 1 0 0] with objective value 139.0
Found feasible solution:
  Solution: [0, 0, 0, 0, 0, 0, 1, 1, 0, 0]
  Value: 139.0
  QAOA solution found:
    Solution: [0, 0, 0, 0, 0, 0, 1, 1, 0, 0]
    Value: 139.0

Running Constraint Generation:

Problem information:
  Number of variables (n): 10
  Number of constraints (m): 20

Running classical reference solver:
  Reference solution found:
    Solution: [1, 0, 0, 1, 0, 0, 0, 0, 0, 0]
    Value: 48.0

Starting quantum constraint generation with parameters:
  sample_size (total shots): 500
  tau: 0.1
  max_iters: 1000

Iteration 0:
