2025-02-24 16:51:01,907 - INFO - 
Problem information:
2025-02-24 16:51:01,907 - INFO -   Number of variables (n): 8
2025-02-24 16:51:01,908 - INFO -   Number of constraints (m): 25
2025-02-24 16:51:01,908 - DEBUG -   Density of A: 25.00%
2025-02-24 16:51:01,908 - INFO - 
Starting reference QAOA with parameters:
2025-02-24 16:51:01,908 - INFO -   sample_size (total shots): 500
2025-02-24 16:51:01,908 - INFO - Added all constraints
2025-02-24 16:51:01,909 - DEBUG - Generated Ising Hamiltonian
2025-02-24 16:51:02,151 - DEBUG - Optimizing QAOA circuit...
2025-02-24 16:51:03,967 - DEBUG - Circuit optimization successful
2025-02-24 16:51:03,968 - DEBUG - Circuit optimization successful, final value: 12583.139360639361
2025-02-24 16:51:03,968 - DEBUG - Sampling from optimized circuit...
2025-02-24 16:51:03,988 - DEBUG - Generated 113 unique samples from 500 total measurements
2025-02-24 16:51:03,988 - DEBUG - 
Top 5 most frequent samples:
2025-02-24 16:51:03,988 - DEBUG -   Rank | Count |   %   
2025-02-24 16:51:03,989 - DEBUG -   -----|-------|-------
2025-02-24 16:51:03,989 - DEBUG -      1 |    71 |  14.2
2025-02-24 16:51:03,989 - DEBUG -     Sample: [0 1 1 0 1 0 1 1]
2025-02-24 16:51:03,989 - DEBUG -      2 |    69 |  13.8
2025-02-24 16:51:03,990 - DEBUG -     Sample: [1 1 1 0 1 0 1 1]
2025-02-24 16:51:03,990 - DEBUG -      3 |    15 |   3.0
2025-02-24 16:51:03,990 - DEBUG -     Sample: [1 1 0 0 1 0 1 1]
2025-02-24 16:51:03,990 - DEBUG -      4 |    15 |   3.0
2025-02-24 16:51:03,990 - DEBUG -     Sample: [0 1 0 1 1 0 1 1]
2025-02-24 16:51:03,990 - DEBUG -      5 |    12 |   2.4
2025-02-24 16:51:03,991 - DEBUG -     Sample: [1 1 1 0 0 0 1 1]
2025-02-24 16:51:03,991 - DEBUG - Generated 113 unique samples from 500 total measurements
2025-02-24 16:51:03,992 - INFO - Found feasible solution: [1 1 1 0 0 0 1 1] with objective value 287.0
2025-02-24 16:51:03,993 - INFO - Found feasible solution: [0 0 0 1 1 1 0 0] with objective value 234.0
2025-02-24 16:51:03,994 - INFO - Found feasible solution:
2025-02-24 16:51:03,994 - INFO -   Solution: [0, 0, 0, 1, 1, 1, 0, 0]
2025-02-24 16:51:03,995 - INFO -   Value: 234.0
2025-02-24 16:51:03,995 - INFO -   QAOA solution found:
2025-02-24 16:51:03,995 - INFO -     Solution: [0, 0, 0, 1, 1, 1, 0, 0]
2025-02-24 16:51:03,995 - INFO -     Value: 234.0
2025-02-24 16:51:03,995 - INFO - 
Running Constraint Generation:
2025-02-24 16:51:03,996 - INFO - 
Problem information:
2025-02-24 16:51:03,998 - INFO -   Number of variables (n): 8
2025-02-24 16:51:03,998 - INFO -   Number of constraints (m): 25
2025-02-24 16:51:03,999 - DEBUG -   Density of A: 25.00%
2025-02-24 16:51:03,999 - INFO - 
Running classical reference solver:
2025-02-24 16:51:04,008 - INFO -   Reference solution found:
2025-02-24 16:51:04,009 - INFO -     Solution: [0, 0, 0, 1, 1, 1, 0, 0]
2025-02-24 16:51:04,009 - INFO -     Value: 234.0
2025-02-24 16:51:04,009 - INFO - 
Starting quantum constraint generation with parameters:
2025-02-24 16:51:04,009 - INFO -   sample_size (total shots): 500
2025-02-24 16:51:04,009 - INFO -   tau: 0.1
2025-02-24 16:51:04,009 - INFO -   max_iters: 1000
2025-02-24 16:51:04,009 - INFO - 
Iteration 0:
2025-02-24 16:51:04,010 - DEBUG - Generated Ising Hamiltonian
2025-02-24 16:51:04,239 - DEBUG - Optimizing QAOA circuit...
2025-02-24 16:51:05,861 - DEBUG - Circuit optimization successful
2025-02-24 16:51:05,861 - DEBUG - Circuit optimization successful, final value: -283.23976023976024
2025-02-24 16:51:05,861 - DEBUG - Sampling from optimized circuit...
2025-02-24 16:51:05,873 - DEBUG - Generated 45 unique samples from 500 total measurements
2025-02-24 16:51:05,873 - DEBUG - 
Top 5 most frequent samples:
2025-02-24 16:51:05,874 - DEBUG -   Rank | Count |   %   
2025-02-24 16:51:05,874 - DEBUG -   -----|-------|-------
2025-02-24 16:51:05,874 - DEBUG -      1 |   165 |  33.0
2025-02-24 16:51:05,874 - DEBUG -     Sample: [1 0 1 1 1 1 0 1]
2025-02-24 16:51:05,874 - DEBUG -      2 |    62 |  12.4
2025-02-24 16:51:05,874 - DEBUG -     Sample: [1 1 1 1 1 1 0 1]
2025-02-24 16:51:05,875 - DEBUG -      3 |    45 |   9.0
2025-02-24 16:51:05,875 - DEBUG -     Sample: [1 0 1 1 1 0 0 1]
2025-02-24 16:51:05,875 - DEBUG -      4 |    32 |   6.4
2025-02-24 16:51:05,875 - DEBUG -     Sample: [1 0 1 1 0 1 0 1]
2025-02-24 16:51:05,875 - DEBUG -      5 |    24 |   4.8
2025-02-24 16:51:05,875 - DEBUG -     Sample: [1 0 0 1 1 1 0 1]
2025-02-24 16:51:05,876 - DEBUG - Generated 45 unique samples from 500 total measurements
2025-02-24 16:51:05,877 - INFO -   No feasible solution found in this iteration
2025-02-24 16:51:05,877 - INFO -   Added 1 new constraints: [23]
2025-02-24 16:51:05,877 - INFO - 
Iteration 1:
2025-02-24 16:51:05,878 - DEBUG - Generated Ising Hamiltonian
2025-02-24 16:51:06,121 - DEBUG - Optimizing QAOA circuit...
2025-02-24 16:51:07,559 - DEBUG - Circuit optimization successful
2025-02-24 16:51:07,559 - DEBUG - Circuit optimization successful, final value: -3254.5579420579415
2025-02-24 16:51:07,559 - DEBUG - Sampling from optimized circuit...
2025-02-24 16:51:07,576 - DEBUG - Generated 84 unique samples from 500 total measurements
2025-02-24 16:51:07,576 - DEBUG - 
Top 5 most frequent samples:
2025-02-24 16:51:07,577 - DEBUG -   Rank | Count |   %   
2025-02-24 16:51:07,577 - DEBUG -   -----|-------|-------
2025-02-24 16:51:07,577 - DEBUG -      1 |   103 |  20.6
2025-02-24 16:51:07,577 - DEBUG -     Sample: [0 0 0 0 0 1 1 0]
2025-02-24 16:51:07,577 - DEBUG -      2 |    39 |   7.8
2025-02-24 16:51:07,578 - DEBUG -     Sample: [0 0 0 0 0 1 1 1]
2025-02-24 16:51:07,578 - DEBUG -      3 |    30 |   6.0
2025-02-24 16:51:07,578 - DEBUG -     Sample: [0 0 0 0 0 1 0 0]
2025-02-24 16:51:07,579 - DEBUG -      4 |    29 |   5.8
2025-02-24 16:51:07,579 - DEBUG -     Sample: [0 1 0 0 0 1 1 0]
2025-02-24 16:51:07,579 - DEBUG -      5 |    22 |   4.4
2025-02-24 16:51:07,580 - DEBUG -     Sample: [0 0 1 0 0 1 1 0]
2025-02-24 16:51:07,580 - DEBUG - Generated 84 unique samples from 500 total measurements
2025-02-24 16:51:07,582 - INFO -   No feasible solution found in this iteration
2025-02-24 16:51:07,583 - INFO -   No new constraints added, lowered tau multiplier: 1.0 -> 0.9
2025-02-24 16:51:07,583 - INFO -   No new constraints added, lowered tau multiplier: 0.9 -> 0.8
2025-02-24 16:51:07,583 - INFO -   Added 7 new constraints: [0, 2, 3, 4, 9, 21, 24]
2025-02-24 16:51:07,584 - INFO - 
Iteration 2:
2025-02-24 16:51:07,584 - DEBUG - Generated Ising Hamiltonian
2025-02-24 16:51:07,859 - DEBUG - Optimizing QAOA circuit...
2025-02-24 16:51:09,751 - DEBUG - Circuit optimization successful
2025-02-24 16:51:09,751 - DEBUG - Circuit optimization successful, final value: -12894.140359640358
2025-02-24 16:51:09,751 - DEBUG - Sampling from optimized circuit...
2025-02-24 16:51:09,769 - DEBUG - Generated 128 unique samples from 500 total measurements
2025-02-24 16:51:09,769 - DEBUG - 
Top 5 most frequent samples:
2025-02-24 16:51:09,769 - DEBUG -   Rank | Count |   %   
2025-02-24 16:51:09,769 - DEBUG -   -----|-------|-------
2025-02-24 16:51:09,769 - DEBUG -      1 |    34 |   6.8
2025-02-24 16:51:09,770 - DEBUG -     Sample: [0 0 0 0 0 0 0 0]
2025-02-24 16:51:09,770 - DEBUG -      2 |    24 |   4.8
2025-02-24 16:51:09,770 - DEBUG -     Sample: [0 0 1 0 0 0 0 0]
2025-02-24 16:51:09,770 - DEBUG -      3 |    20 |   4.0
2025-02-24 16:51:09,771 - DEBUG -     Sample: [1 0 0 0 0 0 0 0]
2025-02-24 16:51:09,771 - DEBUG -      4 |    19 |   3.8
2025-02-24 16:51:09,771 - DEBUG -     Sample: [1 0 0 1 0 0 0 1]
2025-02-24 16:51:09,772 - DEBUG -      5 |    16 |   3.2
2025-02-24 16:51:09,772 - DEBUG -     Sample: [0 0 0 1 0 0 0 1]
2025-02-24 16:51:09,772 - DEBUG - Generated 128 unique samples from 500 total measurements
2025-02-24 16:51:09,775 - INFO -   No feasible solution found in this iteration
2025-02-24 16:51:09,776 - INFO -   No new constraints added, lowered tau multiplier: 1.0 -> 0.9
2025-02-24 16:51:09,776 - INFO -   No new constraints added, lowered tau multiplier: 0.9 -> 0.8
2025-02-24 16:51:09,776 - INFO -   No new constraints added, lowered tau multiplier: 0.8 -> 0.7
2025-02-24 16:51:09,776 - INFO -   Added 16 new constraints: [1, 6, 7, 8, 10, 11, 12, 13, 14, 15, 16, 17, 18, 19, 20, 22]
2025-02-24 16:51:09,777 - INFO - 
Iteration 3:
2025-02-24 16:51:09,777 - DEBUG - Generated Ising Hamiltonian
2025-02-24 16:51:10,039 - DEBUG - Optimizing QAOA circuit...
2025-02-24 16:51:11,825 - DEBUG - Circuit optimization successful
2025-02-24 16:51:11,826 - DEBUG - Circuit optimization successful, final value: 11880.384615384617
2025-02-24 16:51:11,826 - DEBUG - Sampling from optimized circuit...
2025-02-24 16:51:11,846 - DEBUG - Generated 92 unique samples from 500 total measurements
2025-02-24 16:51:11,846 - DEBUG - 
Top 5 most frequent samples:
2025-02-24 16:51:11,847 - DEBUG -   Rank | Count |   %   
2025-02-24 16:51:11,847 - DEBUG -   -----|-------|-------
2025-02-24 16:51:11,847 - DEBUG -      1 |    65 |  13.0
2025-02-24 16:51:11,847 - DEBUG -     Sample: [1 0 0 1 0 1 0 0]
2025-02-24 16:51:11,847 - DEBUG -      2 |    37 |   7.4
2025-02-24 16:51:11,847 - DEBUG -     Sample: [1 0 0 1 1 1 0 0]
2025-02-24 16:51:11,848 - DEBUG -      3 |    29 |   5.8
2025-02-24 16:51:11,848 - DEBUG -     Sample: [1 0 0 1 1 1 0 1]
2025-02-24 16:51:11,848 - DEBUG -      4 |    29 |   5.8
2025-02-24 16:51:11,848 - DEBUG -     Sample: [1 0 0 1 0 1 0 1]
2025-02-24 16:51:11,848 - DEBUG -      5 |    28 |   5.6
2025-02-24 16:51:11,848 - DEBUG -     Sample: [1 0 0 1 0 1 1 0]
2025-02-24 16:51:11,849 - DEBUG - Generated 92 unique samples from 500 total measurements
2025-02-24 16:51:11,851 - INFO - Found feasible solution: [0 0 0 1 1 1 0 0] with objective value 234.0
2025-02-24 16:51:11,852 - INFO -   Found feasible solution:
2025-02-24 16:51:11,852 - INFO -     Solution: [0, 0, 0, 1, 1, 1, 0, 0]
2025-02-24 16:51:11,853 - INFO -     Value: 234.0
2025-02-24 16:51:11,853 - INFO -     Gap to reference: 0.00%
2025-02-24 16:51:11,853 - INFO -   Constraint generation solution found:
2025-02-24 16:51:11,854 - INFO -     Solution: [0, 0, 0, 1, 1, 1, 0, 0]
2025-02-24 16:51:11,854 - INFO -     Value: 234.0
2025-02-24 16:51:11,854 - INFO - 
Instance 53 results:
2025-02-24 16:51:11,854 - INFO -   Classical value: 234.0
2025-02-24 16:51:11,854 - INFO -   QAOA value: 234.0
2025-02-24 16:51:11,855 - INFO -   Constraint generation value: 234.0
2025-02-24 16:51:11,855 - INFO - 
Running instance 54/100
2025-02-24 16:51:11,857 - INFO - 
Running Classical Reference Solver (SCIP):
2025-02-24 16:51:11,858 - DEBUG - Problem dimensions: 25 constraints, 8 variables
2025-02-24 16:51:11,858 - DEBUG - Row names: ['ELEM1', 'ELEM2', 'ELEM3', 'ELEM4', 'ELEM5', 'ELEM6', 'ELEM7', 'ELEM8', 'ELEM9', 'ELEM10', 'ELEM11', 'ELEM12', 'ELEM13', 'ELEM14', 'ELEM15', 'ELEM16', 'ELEM17', 'ELEM18', 'ELEM19', 'ELEM20', 'ELEM21', 'ELEM22', 'ELEM23', 'ELEM24', 'ELEM25']
2025-02-24 16:51:11,858 - DEBUG - RHS values: {'ELEM1': 1.0, 'ELEM2': 1.0, 'ELEM3': 1.0, 'ELEM4': 1.0, 'ELEM5': 1.0, 'ELEM6': 1.0, 'ELEM7': 1.0, 'ELEM8': 1.0, 'ELEM9': 1.0, 'ELEM10': 1.0, 'ELEM11': 1.0, 'ELEM12': 1.0, 'ELEM13': 1.0, 'ELEM14': 1.0, 'ELEM15': 1.0, 'ELEM16': 1.0, 'ELEM17': 1.0, 'ELEM18': 1.0, 'ELEM19': 1.0, 'ELEM20': 1.0, 'ELEM21': 1.0, 'ELEM22': 1.0, 'ELEM23': 1.0, 'ELEM24': 1.0, 'ELEM25': 1.0}
2025-02-24 16:51:11,870 - INFO -   Reference solution found:
2025-02-24 16:51:11,870 - INFO -     Solution: [1, 1, 1, 0, 0, 0, 1, 1]
2025-02-24 16:51:11,870 - INFO -     Value: 131.0
2025-02-24 16:51:11,870 - INFO - 
Running QAOA Reference Solution (with all constraints):
