
Problem information:
  Number of variables (n): 12
  Number of constraints (m): 40

Starting reference QAOA with parameters:
  sample_size (total shots): 1000
Added all constraints
No feasible solution found
  QAOA solver found no feasible solution

Running Constraint Generation:

Problem information:
  Number of variables (n): 12
  Number of constraints (m): 40

Running classical reference solver:
  Reference solution found:
    Solution: [1, 1, 0, 1, 0, 0, 0, 0, 0, 0, 0, 0]
    Value: 94.0

Starting quantum constraint generation with parameters:
  sample_size (total shots): 1000
  tau: 0.1
  max_iters: 1000

Iteration 0:
  No feasible solution found in this iteration
  Added 3 new constraints: [3, 17, 33]

Iteration 1:
  No feasible solution found in this iteration
  Added 1 new constraints: [13]

Iteration 2:
Found feasible solution: [0 0 0 0 1 0 0 1 1 1 0 1] with objective value 240.0
  Found feasible solution:
    Solution: [0, 0, 0, 0, 1, 0, 0, 1, 1, 1, 0, 1]
    Value: 240.0
    Gap to reference: 155.32%
  Constraint generation solution found:
    Solution: [0, 0, 0, 0, 1, 0, 0, 1, 1, 1, 0, 1]
    Value: 240.0

Instance 7 results:
  Classical value: 94.0
  QAOA value: 0.0
  Constraint generation value: 240.0

Running instance 8/100

Running Classical Reference Solver (SCIP):
  Reference solution found:
    Solution: [0, 0, 0, 1, 0, 1, 0, 0, 1, 0, 0, 1]
    Value: 220.0

Running QAOA Reference Solution (with all constraints):
