2025-02-24 15:47:46,583 - INFO - 
Problem information:
2025-02-24 15:47:46,583 - INFO -   Number of variables (n): 12
2025-02-24 15:47:46,584 - INFO -   Number of constraints (m): 40
2025-02-24 15:47:46,584 - DEBUG -   Density of A: 19.38%
2025-02-24 15:47:46,584 - INFO - 
Starting reference QAOA with parameters:
2025-02-24 15:47:46,584 - INFO -   sample_size (total shots): 1000
2025-02-24 15:47:46,585 - INFO - Added all constraints
2025-02-24 15:47:46,585 - DEBUG - Generated Ising Hamiltonian
2025-02-24 15:47:46,861 - DEBUG - Optimizing QAOA circuit...
2025-02-24 15:47:51,056 - DEBUG - Circuit optimization successful
2025-02-24 15:47:51,056 - DEBUG - Circuit optimization successful, final value: 27029.611638361643
2025-02-24 15:47:51,057 - DEBUG - Sampling from optimized circuit...
2025-02-24 15:47:51,101 - DEBUG - Generated 477 unique samples from 1000 total measurements
2025-02-24 15:47:51,101 - DEBUG - 
Top 5 most frequent samples:
2025-02-24 15:47:51,102 - DEBUG -   Rank | Count |   %   
2025-02-24 15:47:51,102 - DEBUG -   -----|-------|-------
2025-02-24 15:47:51,102 - DEBUG -      1 |    20 |   2.0
2025-02-24 15:47:51,103 - DEBUG -     Sample: [1 0 1 0 1 1 0 1 0 0 1 0]
2025-02-24 15:47:51,103 - DEBUG -      2 |    18 |   1.8
2025-02-24 15:47:51,103 - DEBUG -     Sample: [1 0 1 0 1 0 0 1 0 0 1 1]
2025-02-24 15:47:51,103 - DEBUG -      3 |    17 |   1.7
2025-02-24 15:47:51,103 - DEBUG -     Sample: [1 0 1 0 1 1 1 1 0 0 1 1]
2025-02-24 15:47:51,103 - DEBUG -      4 |    17 |   1.7
2025-02-24 15:47:51,104 - DEBUG -     Sample: [1 0 1 0 1 1 0 1 0 0 1 1]
2025-02-24 15:47:51,104 - DEBUG -      5 |    14 |   1.4
2025-02-24 15:47:51,104 - DEBUG -     Sample: [1 0 1 0 1 0 1 1 0 0 1 1]
2025-02-24 15:47:51,105 - DEBUG - Generated 477 unique samples from 1000 total measurements
2025-02-24 15:47:51,108 - INFO - Found feasible solution: [1 0 1 0 0 0 0 0 0 0 1 1] with objective value 65.0
2025-02-24 15:47:51,115 - INFO - Found feasible solution:
2025-02-24 15:47:51,115 - INFO -   Solution: [1, 0, 1, 0, 0, 0, 0, 0, 0, 0, 1, 1]
2025-02-24 15:47:51,115 - INFO -   Value: 65.0
2025-02-24 15:47:51,116 - INFO -   QAOA solution found:
2025-02-24 15:47:51,116 - INFO -     Solution: [1, 0, 1, 0, 0, 0, 0, 0, 0, 0, 1, 1]
2025-02-24 15:47:51,116 - INFO -     Value: 65.0
2025-02-24 15:47:51,116 - INFO - 
Running Constraint Generation:
2025-02-24 15:47:51,118 - INFO - 
Problem information:
2025-02-24 15:47:51,118 - INFO -   Number of variables (n): 12
2025-02-24 15:47:51,118 - INFO -   Number of constraints (m): 40
2025-02-24 15:47:51,119 - DEBUG -   Density of A: 19.38%
2025-02-24 15:47:51,119 - INFO - 
Running classical reference solver:
2025-02-24 15:47:51,131 - INFO -   Reference solution found:
2025-02-24 15:47:51,132 - INFO -     Solution: [1, 0, 1, 0, 0, 0, 0, 0, 0, 0, 1, 1]
2025-02-24 15:47:51,132 - INFO -     Value: 64.99999999999999
2025-02-24 15:47:51,132 - INFO - 
Starting quantum constraint generation with parameters:
2025-02-24 15:47:51,132 - INFO -   sample_size (total shots): 1000
2025-02-24 15:47:51,133 - INFO -   tau: 0.1
2025-02-24 15:47:51,133 - INFO -   max_iters: 1000
2025-02-24 15:47:51,133 - INFO - 
Iteration 0:
2025-02-24 15:47:51,133 - DEBUG - Generated Ising Hamiltonian
2025-02-24 15:47:51,423 - DEBUG - Optimizing QAOA circuit...
2025-02-24 15:47:53,247 - DEBUG - Circuit optimization successful
2025-02-24 15:47:53,247 - DEBUG - Circuit optimization successful, final value: -314.0669330669331
2025-02-24 15:47:53,248 - DEBUG - Sampling from optimized circuit...
2025-02-24 15:47:53,272 - DEBUG - Generated 372 unique samples from 1000 total measurements
2025-02-24 15:47:53,273 - DEBUG - 
Top 5 most frequent samples:
2025-02-24 15:47:53,273 - DEBUG -   Rank | Count |   %   
2025-02-24 15:47:53,273 - DEBUG -   -----|-------|-------
2025-02-24 15:47:53,273 - DEBUG -      1 |    28 |   2.8
2025-02-24 15:47:53,273 - DEBUG -     Sample: [1 1 1 1 1 1 1 1 1 1 1 1]
2025-02-24 15:47:53,274 - DEBUG -      2 |    25 |   2.5
2025-02-24 15:47:53,274 - DEBUG -     Sample: [1 1 0 1 1 1 1 1 1 1 1 1]
2025-02-24 15:47:53,274 - DEBUG -      3 |    22 |   2.2
2025-02-24 15:47:53,275 - DEBUG -     Sample: [0 1 1 1 1 1 1 1 1 1 1 1]
2025-02-24 15:47:53,275 - DEBUG -      4 |    18 |   1.8
2025-02-24 15:47:53,275 - DEBUG -     Sample: [1 1 0 1 1 1 1 1 1 1 1 0]
2025-02-24 15:47:53,275 - DEBUG -      5 |    15 |   1.5
2025-02-24 15:47:53,276 - DEBUG -     Sample: [1 1 1 1 1 1 0 1 1 1 1 1]
2025-02-24 15:47:53,277 - DEBUG - Generated 372 unique samples from 1000 total measurements
2025-02-24 15:47:53,286 - INFO -   No feasible solution found in this iteration
2025-02-24 15:47:53,287 - INFO -   Added 3 new constraints: [1, 11, 21]
2025-02-24 15:47:53,287 - INFO - 
Iteration 1:
2025-02-24 15:47:53,287 - DEBUG - Generated Ising Hamiltonian
2025-02-24 15:47:53,532 - DEBUG - Optimizing QAOA circuit...
2025-02-24 15:47:55,852 - DEBUG - Circuit optimization successful
2025-02-24 15:47:55,852 - DEBUG - Circuit optimization successful, final value: -1190.0751748251748
2025-02-24 15:47:55,852 - DEBUG - Sampling from optimized circuit...
2025-02-24 15:47:55,905 - DEBUG - Generated 628 unique samples from 1000 total measurements
2025-02-24 15:47:55,905 - DEBUG - 
Top 5 most frequent samples:
2025-02-24 15:47:55,906 - DEBUG -   Rank | Count |   %   
2025-02-24 15:47:55,906 - DEBUG -   -----|-------|-------
2025-02-24 15:47:55,906 - DEBUG -      1 |    11 |   1.1
2025-02-24 15:47:55,907 - DEBUG -     Sample: [0 1 0 0 1 0 1 0 0 1 1 1]
2025-02-24 15:47:55,907 - DEBUG -      2 |     9 |   0.9
2025-02-24 15:47:55,907 - DEBUG -     Sample: [0 1 0 0 1 0 0 0 0 1 1 1]
2025-02-24 15:47:55,907 - DEBUG -      3 |     9 |   0.9
2025-02-24 15:47:55,908 - DEBUG -     Sample: [0 0 0 0 1 0 1 0 0 1 1 1]
2025-02-24 15:47:55,908 - DEBUG -      4 |     8 |   0.8
2025-02-24 15:47:55,908 - DEBUG -     Sample: [0 1 0 0 1 0 1 0 1 1 0 1]
2025-02-24 15:47:55,909 - DEBUG -      5 |     7 |   0.7
2025-02-24 15:47:55,909 - DEBUG -     Sample: [1 1 0 0 1 0 1 0 0 1 1 1]
2025-02-24 15:47:55,911 - DEBUG - Generated 628 unique samples from 1000 total measurements
2025-02-24 15:47:55,924 - INFO -   No feasible solution found in this iteration
2025-02-24 15:47:55,925 - INFO -   Added 1 new constraints: [5]
2025-02-24 15:47:55,925 - INFO - 
Iteration 2:
2025-02-24 15:47:55,925 - DEBUG - Generated Ising Hamiltonian
2025-02-24 15:47:56,143 - DEBUG - Optimizing QAOA circuit...
2025-02-24 15:47:59,130 - DEBUG - Circuit optimization successful
2025-02-24 15:47:59,130 - DEBUG - Circuit optimization successful, final value: 6282.187812187811
2025-02-24 15:47:59,130 - DEBUG - Sampling from optimized circuit...
2025-02-24 15:47:59,161 - DEBUG - Generated 676 unique samples from 1000 total measurements
2025-02-24 15:47:59,161 - DEBUG - 
Top 5 most frequent samples:
2025-02-24 15:47:59,162 - DEBUG -   Rank | Count |   %   
2025-02-24 15:47:59,162 - DEBUG -   -----|-------|-------
2025-02-24 15:47:59,162 - DEBUG -      1 |    11 |   1.1
2025-02-24 15:47:59,162 - DEBUG -     Sample: [1 1 1 0 0 0 0 1 1 1 1 1]
2025-02-24 15:47:59,162 - DEBUG -      2 |     7 |   0.7
2025-02-24 15:47:59,163 - DEBUG -     Sample: [1 1 1 1 0 0 0 0 1 1 0 0]
2025-02-24 15:47:59,163 - DEBUG -      3 |     6 |   0.6
2025-02-24 15:47:59,163 - DEBUG -     Sample: [1 1 1 1 0 0 0 1 1 1 1 1]
2025-02-24 15:47:59,163 - DEBUG -      4 |     6 |   0.6
2025-02-24 15:47:59,164 - DEBUG -     Sample: [1 0 1 1 0 0 0 1 1 1 1 1]
2025-02-24 15:47:59,164 - DEBUG -      5 |     6 |   0.6
2025-02-24 15:47:59,164 - DEBUG -     Sample: [1 1 1 1 0 0 1 1 1 0 0 1]
2025-02-24 15:47:59,167 - DEBUG - Generated 676 unique samples from 1000 total measurements
2025-02-24 15:47:59,182 - INFO -   No feasible solution found in this iteration
2025-02-24 15:47:59,183 - INFO -   No new constraints added, lowered tau multiplier: 1.0 -> 0.9
2025-02-24 15:47:59,184 - INFO -   Added 1 new constraints: [39]
2025-02-24 15:47:59,184 - INFO - 
Iteration 3:
2025-02-24 15:47:59,185 - DEBUG - Generated Ising Hamiltonian
2025-02-24 15:47:59,430 - DEBUG - Optimizing QAOA circuit...
2025-02-24 15:48:02,115 - DEBUG - Circuit optimization successful
2025-02-24 15:48:02,116 - DEBUG - Circuit optimization successful, final value: -4429.66108891109
2025-02-24 15:48:02,116 - DEBUG - Sampling from optimized circuit...
2025-02-24 15:48:02,154 - DEBUG - Generated 786 unique samples from 1000 total measurements
2025-02-24 15:48:02,156 - DEBUG - 
Top 5 most frequent samples:
2025-02-24 15:48:02,156 - DEBUG -   Rank | Count |   %   
2025-02-24 15:48:02,156 - DEBUG -   -----|-------|-------
2025-02-24 15:48:02,156 - DEBUG -      1 |    10 |   1.0
2025-02-24 15:48:02,156 - DEBUG -     Sample: [0 0 1 0 0 0 1 0 0 0 0 0]
2025-02-24 15:48:02,157 - DEBUG -      2 |     5 |   0.5
2025-02-24 15:48:02,157 - DEBUG -     Sample: [0 0 1 0 0 0 1 0 0 1 1 0]
2025-02-24 15:48:02,157 - DEBUG -      3 |     4 |   0.4
2025-02-24 15:48:02,157 - DEBUG -     Sample: [0 0 1 0 0 0 1 0 0 0 0 1]
2025-02-24 15:48:02,158 - DEBUG -      4 |     4 |   0.4
2025-02-24 15:48:02,158 - DEBUG -     Sample: [0 0 1 0 1 1 1 0 0 0 0 0]
2025-02-24 15:48:02,158 - DEBUG -      5 |     4 |   0.4
2025-02-24 15:48:02,159 - DEBUG -     Sample: [0 1 1 1 0 0 0 0 0 0 1 0]
2025-02-24 15:48:02,162 - DEBUG - Generated 786 unique samples from 1000 total measurements
2025-02-24 15:48:02,182 - INFO -   No feasible solution found in this iteration
2025-02-24 15:48:02,183 - INFO -   Added 1 new constraints: [13]
2025-02-24 15:48:02,184 - INFO - 
Iteration 4:
2025-02-24 15:48:02,184 - DEBUG - Generated Ising Hamiltonian
2025-02-24 15:48:02,413 - DEBUG - Optimizing QAOA circuit...
2025-02-24 15:48:05,321 - DEBUG - Circuit optimization successful
2025-02-24 15:48:05,322 - DEBUG - Circuit optimization successful, final value: 7396.956043956041
2025-02-24 15:48:05,322 - DEBUG - Sampling from optimized circuit...
2025-02-24 15:48:05,357 - DEBUG - Generated 470 unique samples from 1000 total measurements
2025-02-24 15:48:05,357 - DEBUG - 
Top 5 most frequent samples:
2025-02-24 15:48:05,357 - DEBUG -   Rank | Count |   %   
2025-02-24 15:48:05,357 - DEBUG -   -----|-------|-------
2025-02-24 15:48:05,358 - DEBUG -      1 |    21 |   2.1
2025-02-24 15:48:05,358 - DEBUG -     Sample: [1 1 0 1 1 1 0 1 0 1 0 1]
2025-02-24 15:48:05,358 - DEBUG -      2 |    19 |   1.9
2025-02-24 15:48:05,359 - DEBUG -     Sample: [1 1 0 1 0 1 0 1 1 1 0 1]
2025-02-24 15:48:05,359 - DEBUG -      3 |    16 |   1.6
2025-02-24 15:48:05,359 - DEBUG -     Sample: [1 1 0 1 0 1 0 1 0 1 1 1]
2025-02-24 15:48:05,359 - DEBUG -      4 |    14 |   1.4
2025-02-24 15:48:05,360 - DEBUG -     Sample: [1 1 0 1 1 1 0 1 1 1 0 1]
2025-02-24 15:48:05,360 - DEBUG -      5 |    14 |   1.4
2025-02-24 15:48:05,360 - DEBUG -     Sample: [1 1 0 1 0 1 0 1 0 1 0 1]
2025-02-24 15:48:05,362 - DEBUG - Generated 470 unique samples from 1000 total measurements
2025-02-24 15:48:05,373 - INFO -   No feasible solution found in this iteration
2025-02-24 15:48:05,374 - INFO -   No new constraints added, lowered tau multiplier: 1.0 -> 0.9
2025-02-24 15:48:05,374 - INFO -   No new constraints added, lowered tau multiplier: 0.9 -> 0.8
2025-02-24 15:48:05,375 - INFO -   Added 3 new constraints: [0, 4, 10]
2025-02-24 15:48:05,375 - INFO - 
Iteration 5:
2025-02-24 15:48:05,375 - DEBUG - Generated Ising Hamiltonian
2025-02-24 15:48:05,647 - DEBUG - Optimizing QAOA circuit...
2025-02-24 15:48:08,199 - DEBUG - Circuit optimization successful
2025-02-24 15:48:08,199 - DEBUG - Circuit optimization successful, final value: 22506.754995004994
2025-02-24 15:48:08,200 - DEBUG - Sampling from optimized circuit...
2025-02-24 15:48:08,235 - DEBUG - Generated 344 unique samples from 1000 total measurements
2025-02-24 15:48:08,235 - DEBUG - 
Top 5 most frequent samples:
2025-02-24 15:48:08,235 - DEBUG -   Rank | Count |   %   
2025-02-24 15:48:08,235 - DEBUG -   -----|-------|-------
2025-02-24 15:48:08,235 - DEBUG -      1 |    30 |   3.0
2025-02-24 15:48:08,235 - DEBUG -     Sample: [1 0 1 0 0 0 1 1 1 0 1 0]
2025-02-24 15:48:08,236 - DEBUG -      2 |    24 |   2.4
2025-02-24 15:48:08,236 - DEBUG -     Sample: [1 0 1 0 0 0 0 1 1 0 1 0]
2025-02-24 15:48:08,236 - DEBUG -      3 |    21 |   2.1
2025-02-24 15:48:08,236 - DEBUG -     Sample: [1 0 1 0 0 0 1 1 1 1 1 0]
2025-02-24 15:48:08,236 - DEBUG -      4 |    20 |   2.0
2025-02-24 15:48:08,236 - DEBUG -     Sample: [1 0 1 0 0 0 0 1 1 1 1 0]
2025-02-24 15:48:08,237 - DEBUG -      5 |    20 |   2.0
2025-02-24 15:48:08,237 - DEBUG -     Sample: [1 1 1 0 0 0 1 1 1 0 1 1]
2025-02-24 15:48:08,238 - DEBUG - Generated 344 unique samples from 1000 total measurements
2025-02-24 15:48:08,241 - INFO - Found feasible solution: [1 0 1 0 0 0 0 0 0 0 1 1] with objective value 65.0
2025-02-24 15:48:08,246 - INFO -   Found feasible solution:
2025-02-24 15:48:08,247 - INFO -     Solution: [1, 0, 1, 0, 0, 0, 0, 0, 0, 0, 1, 1]
2025-02-24 15:48:08,247 - INFO -     Value: 65.0
2025-02-24 15:48:08,248 - INFO -     Gap to reference: 0.00%
2025-02-24 15:48:08,248 - INFO -   Constraint generation solution found:
2025-02-24 15:48:08,249 - INFO -     Solution: [1, 0, 1, 0, 0, 0, 0, 0, 0, 0, 1, 1]
2025-02-24 15:48:08,249 - INFO -     Value: 65.0
2025-02-24 15:48:08,249 - INFO - 
Instance 85 results:
2025-02-24 15:48:08,249 - INFO -   Classical value: 64.99999999999999
2025-02-24 15:48:08,249 - INFO -   QAOA value: 65.0
2025-02-24 15:48:08,250 - INFO -   Constraint generation value: 65.0
2025-02-24 15:48:08,250 - INFO - 
Running instance 86/100
2025-02-24 15:48:08,253 - INFO - 
Running Classical Reference Solver (SCIP):
2025-02-24 15:48:08,254 - DEBUG - Problem dimensions: 40 constraints, 12 variables
2025-02-24 15:48:08,254 - DEBUG - Row names: ['ELEM1', 'ELEM2', 'ELEM3', 'ELEM4', 'ELEM5', 'ELEM6', 'ELEM7', 'ELEM8', 'ELEM9', 'ELEM10', 'ELEM11', 'ELEM12', 'ELEM13', 'ELEM14', 'ELEM15', 'ELEM16', 'ELEM17', 'ELEM18', 'ELEM19', 'ELEM20', 'ELEM21', 'ELEM22', 'ELEM23', 'ELEM24', 'ELEM25', 'ELEM26', 'ELEM27', 'ELEM28', 'ELEM29', 'ELEM30', 'ELEM31', 'ELEM32', 'ELEM33', 'ELEM34', 'ELEM35', 'ELEM36', 'ELEM37', 'ELEM38', 'ELEM39', 'ELEM40']
2025-02-24 15:48:08,254 - DEBUG - RHS values: {'ELEM1': 1.0, 'ELEM2': 1.0, 'ELEM3': 1.0, 'ELEM4': 1.0, 'ELEM5': 1.0, 'ELEM6': 1.0, 'ELEM7': 1.0, 'ELEM8': 1.0, 'ELEM9': 1.0, 'ELEM10': 1.0, 'ELEM11': 1.0, 'ELEM12': 1.0, 'ELEM13': 1.0, 'ELEM14': 1.0, 'ELEM15': 1.0, 'ELEM16': 1.0, 'ELEM17': 1.0, 'ELEM18': 1.0, 'ELEM19': 1.0, 'ELEM20': 1.0, 'ELEM21': 1.0, 'ELEM22': 1.0, 'ELEM23': 1.0, 'ELEM24': 1.0, 'ELEM25': 1.0, 'ELEM26': 1.0, 'ELEM27': 1.0, 'ELEM28': 1.0, 'ELEM29': 1.0, 'ELEM30': 1.0, 'ELEM31': 1.0, 'ELEM32': 1.0, 'ELEM33': 1.0, 'ELEM34': 1.0, 'ELEM35': 1.0, 'ELEM36': 1.0, 'ELEM37': 1.0, 'ELEM38': 1.0, 'ELEM39': 1.0, 'ELEM40': 1.0}
2025-02-24 15:48:08,268 - INFO -   Reference solution found:
2025-02-24 15:48:08,269 - INFO -     Solution: [0, 1, 1, 1, 0, 0, 0, 0, 1, 0, 0, 1]
2025-02-24 15:48:08,269 - INFO -     Value: 234.99999999999997
2025-02-24 15:48:08,270 - INFO - 
Running QAOA Reference Solution (with all constraints):
