
Problem information:
  Number of variables (n): 12
  Number of constraints (m): 40

Starting reference QAOA with parameters:
  sample_size (total shots): 1000
Added all constraints
Found feasible solution: [1 0 1 0 0 0 0 0 0 0 1 1] with objective value 65.0
Found feasible solution:
  Solution: [1, 0, 1, 0, 0, 0, 0, 0, 0, 0, 1, 1]
  Value: 65.0
  QAOA solution found:
    Solution: [1, 0, 1, 0, 0, 0, 0, 0, 0, 0, 1, 1]
    Value: 65.0

Running Constraint Generation:

Problem information:
  Number of variables (n): 12
  Number of constraints (m): 40

Running classical reference solver:
  Reference solution found:
    Solution: [1, 0, 1, 0, 0, 0, 0, 0, 0, 0, 1, 1]
    Value: 64.99999999999999

Starting quantum constraint generation with parameters:
  sample_size (total shots): 1000
  tau: 0.1
  max_iters: 1000

Iteration 0:
  No feasible solution found in this iteration
  Added 3 new constraints: [1, 11, 21]

Iteration 1:
  No feasible solution found in this iteration
  Added 1 new constraints: [5]

Iteration 2:
  No feasible solution found in this iteration
  No new constraints added, lowered tau multiplier: 1.0 -> 0.9
  Added 1 new constraints: [39]

Iteration 3:
  No feasible solution found in this iteration
  Added 1 new constraints: [13]

Iteration 4:
  No feasible solution found in this iteration
  No new constraints added, lowered tau multiplier: 1.0 -> 0.9
  No new constraints added, lowered tau multiplier: 0.9 -> 0.8
  Added 3 new constraints: [0, 4, 10]

Iteration 5:
Found feasible solution: [1 0 1 0 0 0 0 0 0 0 1 1] with objective value 65.0
  Found feasible solution:
    Solution: [1, 0, 1, 0, 0, 0, 0, 0, 0, 0, 1, 1]
    Value: 65.0
    Gap to reference: 0.00%
  Constraint generation solution found:
    Solution: [1, 0, 1, 0, 0, 0, 0, 0, 0, 0, 1, 1]
    Value: 65.0

Instance 85 results:
  Classical value: 64.99999999999999
  QAOA value: 65.0
  Constraint generation value: 65.0

Running instance 86/100

Running Classical Reference Solver (SCIP):
  Reference solution found:
    Solution: [0, 1, 1, 1, 0, 0, 0, 0, 1, 0, 0, 1]
    Value: 234.99999999999997

Running QAOA Reference Solution (with all constraints):
