
Problem information:
  Number of variables (n): 12
  Number of constraints (m): 40

Starting reference QAOA with parameters:
  sample_size (total shots): 200
Added all constraints
No feasible solution found
  QAOA solver found no feasible solution

Running Constraint Generation:

Problem information:
  Number of variables (n): 12
  Number of constraints (m): 40

Running classical reference solver:
  Reference solution found:
    Solution: [1, 0, 1, 0, 0, 0, 1, 0, 0, 0, 0, 0]
    Value: 68.0

Starting quantum constraint generation with parameters:
  sample_size (total shots): 200
  tau: 0.1
  max_iters: 1000

Iteration 0:
  No feasible solution found in this iteration
  Added 1 new constraints: [30]

Iteration 1:
  No feasible solution found in this iteration
  Added 1 new constraints: [7]

Iteration 2:
  No feasible solution found in this iteration
  Added 1 new constraints: [24]

Iteration 3:
  No feasible solution found in this iteration
  Added 1 new constraints: [38]

Iteration 4:
  No feasible solution found in this iteration
  No new constraints added, lowered tau multiplier: 1.0 -> 0.9
  Added 6 new constraints: [12, 13, 17, 21, 25, 36]

Iteration 5:
  No feasible solution found in this iteration
  No new constraints added, lowered tau multiplier: 1.0 -> 0.9
  Added 1 new constraints: [1]

Iteration 6:
  No feasible solution found in this iteration
  No new constraints added, lowered tau multiplier: 1.0 -> 0.9
  No new constraints added, lowered tau multiplier: 0.9 -> 0.8
  Added 14 new constraints: [2, 4, 5, 6, 10, 14, 16, 19, 20, 22, 31, 32, 35, 37]

Iteration 7:
  No feasible solution found in this iteration
  No new constraints added, lowered tau multiplier: 1.0 -> 0.9
  No new constraints added, lowered tau multiplier: 0.9 -> 0.8
  Added 2 new constraints: [11, 39]

Iteration 8:
  No feasible solution found in this iteration
  No new constraints added, lowered tau multiplier: 1.0 -> 0.9
  Added 3 new constraints: [0, 15, 18]

Iteration 9:
  No feasible solution found in this iteration
  Added 1 new constraints: [29]

Iteration 10:
  No feasible solution found in this iteration
  No new constraints added, lowered tau multiplier: 1.0 -> 0.9
  Added 1 new constraints: [27]

Iteration 11:
  No feasible solution found in this iteration
  No new constraints added, lowered tau multiplier: 1.0 -> 0.9
  Added 2 new constraints: [26, 34]

Iteration 12:
  No feasible solution found in this iteration
  No new constraints added, lowered tau multiplier: 1.0 -> 0.9
  No new constraints added, lowered tau multiplier: 0.9 -> 0.8
  Added 1 new constraints: [3]

Iteration 13:
Found feasible solution: [1 0 1 0 0 0 1 0 0 0 0 0] with objective value 68.0
  Found feasible solution:
    Solution: [1, 0, 1, 0, 0, 0, 1, 0, 0, 0, 0, 0]
    Value: 68.0
    Gap to reference: 0.00%
  Constraint generation solution found:
    Solution: [1, 0, 1, 0, 0, 0, 1, 0, 0, 0, 0, 0]
    Value: 68.0

Instance 27 results:
  Classical value: 68.0
  QAOA value: 0.0
  Constraint generation value: 68.0

Running instance 28/100

Running Classical Reference Solver (SCIP):
  Reference solution found:
    Solution: [1, 0, 1, 0, 0, 0, 0, 0, 1, 1, 0, 0]
    Value: 220.0

Running QAOA Reference Solution (with all constraints):
