2025-02-23 18:46:48,065 - INFO - 
Problem information:
2025-02-23 18:46:48,065 - INFO -   Number of variables (n): 10
2025-02-23 18:46:48,066 - INFO -   Number of constraints (m): 20
2025-02-23 18:46:48,066 - DEBUG -   Density of A: 50.00%
2025-02-23 18:46:48,066 - INFO - 
Starting reference QAOA with parameters:
2025-02-23 18:46:48,066 - INFO -   sample_size (total shots): 100
2025-02-23 18:46:48,066 - INFO - Added all constraints
2025-02-23 18:46:48,067 - DEBUG - Generated Ising Hamiltonian
2025-02-23 18:46:48,266 - DEBUG - Optimizing QAOA circuit...
2025-02-23 18:46:49,869 - DEBUG - Circuit optimization successful
2025-02-23 18:46:49,870 - DEBUG - Circuit optimization successful, final value: -5887.980019980018
2025-02-23 18:46:49,870 - DEBUG - Sampling from optimized circuit...
2025-02-23 18:46:49,883 - DEBUG - Generated 92 unique samples from 100 total measurements
2025-02-23 18:46:49,883 - DEBUG - 
Top 5 most frequent samples:
2025-02-23 18:46:49,884 - DEBUG -   Rank | Count |   %   
2025-02-23 18:46:49,884 - DEBUG -   -----|-------|-------
2025-02-23 18:46:49,884 - DEBUG -      1 |     3 |   3.0
2025-02-23 18:46:49,884 - DEBUG -     Sample: [0 0 0 0 1 1 1 1 1 1]
2025-02-23 18:46:49,885 - DEBUG -      2 |     2 |   2.0
2025-02-23 18:46:49,885 - DEBUG -     Sample: [1 1 0 1 0 1 0 1 1 1]
2025-02-23 18:46:49,885 - DEBUG -      3 |     2 |   2.0
2025-02-23 18:46:49,885 - DEBUG -     Sample: [0 0 1 1 0 0 0 1 0 0]
2025-02-23 18:46:49,885 - DEBUG -      4 |     2 |   2.0
2025-02-23 18:46:49,886 - DEBUG -     Sample: [1 1 1 0 1 0 1 1 1 0]
2025-02-23 18:46:49,886 - DEBUG -      5 |     2 |   2.0
2025-02-23 18:46:49,886 - DEBUG -     Sample: [0 0 0 0 0 1 0 1 0 1]
2025-02-23 18:46:49,887 - DEBUG - Generated 92 unique samples from 100 total measurements
2025-02-23 18:46:49,888 - INFO - No feasible solution found
2025-02-23 18:46:49,888 - INFO -   QAOA solver found no feasible solution
2025-02-23 18:46:49,889 - INFO - 
Running Constraint Generation:
2025-02-23 18:46:49,890 - INFO - 
Problem information:
2025-02-23 18:46:49,890 - INFO -   Number of variables (n): 10
2025-02-23 18:46:49,890 - INFO -   Number of constraints (m): 20
2025-02-23 18:46:49,891 - DEBUG -   Density of A: 50.00%
2025-02-23 18:46:49,891 - INFO - 
Running classical reference solver:
2025-02-23 18:46:49,901 - INFO -   Reference solution found:
2025-02-23 18:46:49,901 - INFO -     Solution: [1, 0, 0, 0, 0, 0, 0, 0, 0, 1]
2025-02-23 18:46:49,901 - INFO -     Value: 64.0
2025-02-23 18:46:49,901 - INFO - 
Starting quantum constraint generation with parameters:
2025-02-23 18:46:49,902 - INFO -   sample_size (total shots): 100
2025-02-23 18:46:49,902 - INFO -   tau: 0.1
2025-02-23 18:46:49,902 - INFO -   max_iters: 1000
2025-02-23 18:46:49,902 - INFO - 
Iteration 0:
2025-02-23 18:46:49,903 - DEBUG - Generated Ising Hamiltonian
2025-02-23 18:46:50,177 - DEBUG - Optimizing QAOA circuit...
2025-02-23 18:46:51,193 - DEBUG - Circuit optimization successful
2025-02-23 18:46:51,193 - DEBUG - Circuit optimization successful, final value: -292.2037962037962
2025-02-23 18:46:51,194 - DEBUG - Sampling from optimized circuit...
2025-02-23 18:46:51,203 - DEBUG - Generated 40 unique samples from 100 total measurements
2025-02-23 18:46:51,204 - DEBUG - 
Top 5 most frequent samples:
2025-02-23 18:46:51,204 - DEBUG -   Rank | Count |   %   
2025-02-23 18:46:51,204 - DEBUG -   -----|-------|-------
2025-02-23 18:46:51,204 - DEBUG -      1 |    13 |  13.0
2025-02-23 18:46:51,204 - DEBUG -     Sample: [0 0 1 1 0 1 0 1 1 0]
2025-02-23 18:46:51,204 - DEBUG -      2 |     8 |   8.0
2025-02-23 18:46:51,205 - DEBUG -     Sample: [1 0 1 1 0 1 0 1 1 0]
2025-02-23 18:46:51,205 - DEBUG -      3 |     7 |   7.0
2025-02-23 18:46:51,205 - DEBUG -     Sample: [1 0 1 1 0 1 1 1 1 0]
2025-02-23 18:46:51,205 - DEBUG -      4 |     7 |   7.0
2025-02-23 18:46:51,205 - DEBUG -     Sample: [0 0 1 1 0 1 1 1 1 0]
2025-02-23 18:46:51,205 - DEBUG -      5 |     6 |   6.0
2025-02-23 18:46:51,206 - DEBUG -     Sample: [0 0 1 1 0 1 0 1 0 0]
2025-02-23 18:46:51,206 - DEBUG - Generated 40 unique samples from 100 total measurements
2025-02-23 18:46:51,207 - INFO -   No feasible solution found in this iteration
2025-02-23 18:46:51,207 - INFO -   Added 7 new constraints: [0, 3, 4, 5, 6, 10, 19]
2025-02-23 18:46:51,207 - INFO - 
Iteration 1:
2025-02-23 18:46:51,208 - DEBUG - Generated Ising Hamiltonian
2025-02-23 18:46:51,429 - DEBUG - Optimizing QAOA circuit...
2025-02-23 18:46:53,244 - DEBUG - Circuit optimization successful
2025-02-23 18:46:53,244 - DEBUG - Circuit optimization successful, final value: 215.9550449550448
2025-02-23 18:46:53,245 - DEBUG - Sampling from optimized circuit...
2025-02-23 18:46:53,257 - DEBUG - Generated 91 unique samples from 100 total measurements
2025-02-23 18:46:53,257 - DEBUG - 
Top 5 most frequent samples:
2025-02-23 18:46:53,257 - DEBUG -   Rank | Count |   %   
2025-02-23 18:46:53,257 - DEBUG -   -----|-------|-------
2025-02-23 18:46:53,257 - DEBUG -      1 |     2 |   2.0
2025-02-23 18:46:53,257 - DEBUG -     Sample: [0 0 1 1 0 1 1 1 0 1]
2025-02-23 18:46:53,257 - DEBUG -      2 |     2 |   2.0
2025-02-23 18:46:53,258 - DEBUG -     Sample: [0 1 0 0 1 1 1 0 1 0]
2025-02-23 18:46:53,258 - DEBUG -      3 |     2 |   2.0
2025-02-23 18:46:53,258 - DEBUG -     Sample: [0 0 0 0 1 0 1 0 0 0]
2025-02-23 18:46:53,258 - DEBUG -      4 |     2 |   2.0
2025-02-23 18:46:53,258 - DEBUG -     Sample: [1 1 0 1 1 1 0 1 0 0]
2025-02-23 18:46:53,258 - DEBUG -      5 |     2 |   2.0
2025-02-23 18:46:53,259 - DEBUG -     Sample: [1 1 0 1 1 1 0 0 1 0]
2025-02-23 18:46:53,259 - DEBUG - Generated 91 unique samples from 100 total measurements
2025-02-23 18:46:53,261 - INFO - Found feasible solution: [1 0 0 0 0 0 0 0 0 1] with objective value 64.0
2025-02-23 18:46:53,261 - INFO -   Found feasible solution:
2025-02-23 18:46:53,261 - INFO -     Solution: [1, 0, 0, 0, 0, 0, 0, 0, 0, 1]
2025-02-23 18:46:53,262 - INFO -     Value: 64.0
2025-02-23 18:46:53,262 - INFO -     Gap to reference: 0.00%
2025-02-23 18:46:53,262 - INFO -   Constraint generation solution found:
2025-02-23 18:46:53,262 - INFO -     Solution: [1, 0, 0, 0, 0, 0, 0, 0, 0, 1]
2025-02-23 18:46:53,262 - INFO -     Value: 64.0
2025-02-23 18:46:53,262 - INFO - 
Instance 19 results:
2025-02-23 18:46:53,263 - INFO -   Classical value: 64.0
2025-02-23 18:46:53,263 - INFO -   QAOA value: 0.0
2025-02-23 18:46:53,263 - INFO -   Constraint generation value: 64.0
2025-02-23 18:46:53,263 - INFO - 
Running instance 20/100
2025-02-23 18:46:53,265 - INFO - 
Running Classical Reference Solver (SCIP):
2025-02-23 18:46:53,265 - DEBUG - Problem dimensions: 20 constraints, 10 variables
2025-02-23 18:46:53,266 - DEBUG - Row names: ['ELEM1', 'ELEM2', 'ELEM3', 'ELEM4', 'ELEM5', 'ELEM6', 'ELEM7', 'ELEM8', 'ELEM9', 'ELEM10', 'ELEM11', 'ELEM12', 'ELEM13', 'ELEM14', 'ELEM15', 'ELEM16', 'ELEM17', 'ELEM18', 'ELEM19', 'ELEM20']
2025-02-23 18:46:53,266 - DEBUG - RHS values: {'ELEM1': 1.0, 'ELEM2': 1.0, 'ELEM3': 1.0, 'ELEM4': 1.0, 'ELEM5': 1.0, 'ELEM6': 1.0, 'ELEM7': 1.0, 'ELEM8': 1.0, 'ELEM9': 1.0, 'ELEM10': 1.0, 'ELEM11': 1.0, 'ELEM12': 1.0, 'ELEM13': 1.0, 'ELEM14': 1.0, 'ELEM15': 1.0, 'ELEM16': 1.0, 'ELEM17': 1.0, 'ELEM18': 1.0, 'ELEM19': 1.0, 'ELEM20': 1.0}
2025-02-23 18:46:53,276 - INFO -   Reference solution found:
2025-02-23 18:46:53,276 - INFO -     Solution: [1, 0, 0, 0, 0, 0, 0, 1, 0, 0]
2025-02-23 18:46:53,276 - INFO -     Value: 48.0
2025-02-23 18:46:53,276 - INFO - 
Running QAOA Reference Solution (with all constraints):
