
Problem information:
  Number of variables (n): 8
  Number of constraints (m): 25

Starting reference QAOA with parameters:
  sample_size (total shots): 500
Added all constraints
Found feasible solution: [0 0 0 0 1 0 1 1] with objective value 172.0
Found feasible solution: [1 1 0 1 0 1 0 0] with objective value 210.0
Found feasible solution:
  Solution: [0, 0, 0, 0, 1, 0, 1, 1]
  Value: 172.0
  QAOA solution found:
    Solution: [0, 0, 0, 0, 1, 0, 1, 1]
    Value: 172.0

Running Constraint Generation:

Problem information:
  Number of variables (n): 8
  Number of constraints (m): 25

Running classical reference solver:
  Reference solution found:
    Solution: [0, 0, 0, 0, 1, 0, 1, 1]
    Value: 172.0

Starting quantum constraint generation with parameters:
  sample_size (total shots): 500
  tau: 0.1
  max_iters: 1000

Iteration 0:
Found feasible solution: [1 1 0 1 0 1 0 0] with objective value 210.0
  Found feasible solution:
    Solution: [1, 1, 0, 1, 0, 1, 0, 0]
    Value: 210.0
    Gap to reference: 22.09%
  Constraint generation solution found:
    Solution: [1, 1, 0, 1, 0, 1, 0, 0]
    Value: 210.0

Instance 51 results:
  Classical value: 172.0
  QAOA value: 172.0
  Constraint generation value: 210.0

Running instance 52/100

Running Classical Reference Solver (SCIP):
  Reference solution found:
    Solution: [1, 1, 0, 0, 0, 1, 0, 0]
    Value: 119.0

Running QAOA Reference Solution (with all constraints):
