
Problem information:
  Number of variables (n): 12
  Number of constraints (m): 40

Starting reference QAOA with parameters:
  sample_size (total shots): 200
Added all constraints
No feasible solution found
  QAOA solver found no feasible solution

Running Constraint Generation:

Problem information:
  Number of variables (n): 12
  Number of constraints (m): 40

Running classical reference solver:
  Reference solution found:
    Solution: [1, 1, 0, 1, 0, 0, 0, 1, 0, 0, 1, 0]
    Value: 182.0

Starting quantum constraint generation with parameters:
  sample_size (total shots): 200
  tau: 0.1
  max_iters: 1000

Iteration 0:
  No feasible solution found in this iteration
  Added 2 new constraints: [15, 17]

Iteration 1:
  No feasible solution found in this iteration
  Added 1 new constraints: [7]

Iteration 2:
  No feasible solution found in this iteration
  Added 2 new constraints: [21, 30]

Iteration 3:
  No feasible solution found in this iteration
  Added 1 new constraints: [38]

Iteration 4:
  No feasible solution found in this iteration
  No new constraints added, lowered tau multiplier: 1.0 -> 0.9
  Added 1 new constraints: [39]

Iteration 5:
  No feasible solution found in this iteration
  No new constraints added, lowered tau multiplier: 1.0 -> 0.9
  Added 6 new constraints: [0, 14, 25, 32, 33, 34]

Iteration 6:
  No feasible solution found in this iteration
  No new constraints added, lowered tau multiplier: 1.0 -> 0.9
  Added 2 new constraints: [6, 24]

Iteration 7:
  No feasible solution found in this iteration
  No new constraints added, lowered tau multiplier: 1.0 -> 0.9
  No new constraints added, lowered tau multiplier: 0.9 -> 0.8
  No new constraints added, lowered tau multiplier: 0.8 -> 0.7
  Added 6 new constraints: [3, 4, 12, 29, 31, 37]

Iteration 8:
  No feasible solution found in this iteration
  Added 1 new constraints: [20]

Iteration 9:
  No feasible solution found in this iteration
  No new constraints added, lowered tau multiplier: 1.0 -> 0.9
  No new constraints added, lowered tau multiplier: 0.9 -> 0.8
  No new constraints added, lowered tau multiplier: 0.8 -> 0.7
  Added 2 new constraints: [8, 11]

Iteration 10:
  No feasible solution found in this iteration
  No new constraints added, lowered tau multiplier: 1.0 -> 0.9
  No new constraints added, lowered tau multiplier: 0.9 -> 0.8
  Added 2 new constraints: [1, 26]

Iteration 11:
  No feasible solution found in this iteration
  Added 2 new constraints: [23, 27]

Iteration 12:
  No feasible solution found in this iteration
  No new constraints added, lowered tau multiplier: 1.0 -> 0.9
  Added 1 new constraints: [28]

Iteration 13:
  No feasible solution found in this iteration
  No new constraints added, lowered tau multiplier: 1.0 -> 0.9
  No new constraints added, lowered tau multiplier: 0.9 -> 0.8
  No new constraints added, lowered tau multiplier: 0.8 -> 0.7
  Added 3 new constraints: [10, 18, 19]

Iteration 14:
  No feasible solution found in this iteration
  No new constraints added, lowered tau multiplier: 1.0 -> 0.9
  No new constraints added, lowered tau multiplier: 0.9 -> 0.8
  No new constraints added, lowered tau multiplier: 0.8 -> 0.7
  Added 1 new constraints: [16]

Iteration 15:
  No feasible solution found in this iteration
  No new constraints added, lowered tau multiplier: 1.0 -> 0.9
  Added 1 new constraints: [5]

Iteration 16:
Found feasible solution: [0 0 1 0 1 1 1 0 1 1 0 0] with objective value 314.0
  Found feasible solution:
    Solution: [0, 0, 1, 0, 1, 1, 1, 0, 1, 1, 0, 0]
    Value: 314.0
    Gap to reference: 72.53%
  Constraint generation solution found:
    Solution: [0, 0, 1, 0, 1, 1, 1, 0, 1, 1, 0, 0]
    Value: 314.0

Instance 37 results:
  Classical value: 182.0
  QAOA value: 0.0
  Constraint generation value: 314.0

Running instance 38/100

Running Classical Reference Solver (SCIP):
  Reference solution found:
    Solution: [0, 0, 1, 1, 0, 1, 0, 0, 0, 0, 1, 1]
    Value: 128.0

Running QAOA Reference Solution (with all constraints):
