
Problem information:
  Number of variables (n): 12
  Number of constraints (m): 40

Starting reference QAOA with parameters:
  sample_size (total shots): 1000
Added all constraints
No feasible solution found
  QAOA solver found no feasible solution

Running Constraint Generation:

Problem information:
  Number of variables (n): 12
  Number of constraints (m): 40

Running classical reference solver:
  Reference solution found:
    Solution: [1, 0, 0, 1, 0, 0, 1, 1, 1, 1, 0, 0]
    Value: 224.00000000000003

Starting quantum constraint generation with parameters:
  sample_size (total shots): 1000
  tau: 0.1
  max_iters: 1000

Iteration 0:
  No feasible solution found in this iteration
  Added 1 new constraints: [12]

Iteration 1:
  No feasible solution found in this iteration
  Added 1 new constraints: [29]

Iteration 2:
  No feasible solution found in this iteration
  Added 1 new constraints: [36]

Iteration 3:
Found feasible solution: [0 1 0 0 1 1 0 0 0 0 1 1] with objective value 237.0
  Found feasible solution:
    Solution: [0, 1, 0, 0, 1, 1, 0, 0, 0, 0, 1, 1]
    Value: 237.0
    Gap to reference: 5.80%
  Constraint generation solution found:
    Solution: [0, 1, 0, 0, 1, 1, 0, 0, 0, 0, 1, 1]
    Value: 237.0

Instance 98 results:
  Classical value: 224.00000000000003
  QAOA value: 0.0
  Constraint generation value: 237.0

Running instance 99/100

Running Classical Reference Solver (SCIP):
  Reference solution found:
    Solution: [0, 0, 1, 0, 1, 0, 0, 0, 0, 0, 0, 1]
    Value: 38.0

Running QAOA Reference Solution (with all constraints):
