2025-02-24 16:51:11,872 - INFO - 
Problem information:
2025-02-24 16:51:11,873 - INFO -   Number of variables (n): 8
2025-02-24 16:51:11,873 - INFO -   Number of constraints (m): 25
2025-02-24 16:51:11,873 - DEBUG -   Density of A: 25.00%
2025-02-24 16:51:11,873 - INFO - 
Starting reference QAOA with parameters:
2025-02-24 16:51:11,873 - INFO -   sample_size (total shots): 500
2025-02-24 16:51:11,873 - INFO - Added all constraints
2025-02-24 16:51:11,874 - DEBUG - Generated Ising Hamiltonian
2025-02-24 16:51:12,301 - DEBUG - Optimizing QAOA circuit...
2025-02-24 16:51:14,273 - DEBUG - Circuit optimization successful
2025-02-24 16:51:14,274 - DEBUG - Circuit optimization successful, final value: -5012.491508491508
2025-02-24 16:51:14,274 - DEBUG - Sampling from optimized circuit...
2025-02-24 16:51:14,293 - DEBUG - Generated 132 unique samples from 500 total measurements
2025-02-24 16:51:14,293 - DEBUG - 
Top 5 most frequent samples:
2025-02-24 16:51:14,293 - DEBUG -   Rank | Count |   %   
2025-02-24 16:51:14,294 - DEBUG -   -----|-------|-------
2025-02-24 16:51:14,294 - DEBUG -      1 |    38 |   7.6
2025-02-24 16:51:14,294 - DEBUG -     Sample: [1 0 0 0 0 0 1 0]
2025-02-24 16:51:14,295 - DEBUG -      2 |    29 |   5.8
2025-02-24 16:51:14,295 - DEBUG -     Sample: [0 0 0 0 1 1 1 0]
2025-02-24 16:51:14,296 - DEBUG -      3 |    25 |   5.0
2025-02-24 16:51:14,296 - DEBUG -     Sample: [1 0 0 0 1 0 0 0]
2025-02-24 16:51:14,296 - DEBUG -      4 |    18 |   3.6
2025-02-24 16:51:14,297 - DEBUG -     Sample: [1 0 0 0 0 0 0 0]
2025-02-24 16:51:14,297 - DEBUG -      5 |    18 |   3.6
2025-02-24 16:51:14,297 - DEBUG -     Sample: [0 0 0 0 1 0 0 0]
2025-02-24 16:51:14,298 - DEBUG - Generated 132 unique samples from 500 total measurements
2025-02-24 16:51:14,301 - INFO - Found feasible solution: [0 0 0 1 1 1 0 0] with objective value 133.0
2025-02-24 16:51:14,303 - INFO - Found feasible solution:
2025-02-24 16:51:14,304 - INFO -   Solution: [0, 0, 0, 1, 1, 1, 0, 0]
2025-02-24 16:51:14,304 - INFO -   Value: 133.0
2025-02-24 16:51:14,304 - INFO -   QAOA solution found:
2025-02-24 16:51:14,304 - INFO -     Solution: [0, 0, 0, 1, 1, 1, 0, 0]
2025-02-24 16:51:14,305 - INFO -     Value: 133.0
2025-02-24 16:51:14,305 - INFO - 
Running Constraint Generation:
2025-02-24 16:51:14,307 - INFO - 
Problem information:
2025-02-24 16:51:14,307 - INFO -   Number of variables (n): 8
2025-02-24 16:51:14,307 - INFO -   Number of constraints (m): 25
2025-02-24 16:51:14,308 - DEBUG -   Density of A: 25.00%
2025-02-24 16:51:14,308 - INFO - 
Running classical reference solver:
2025-02-24 16:51:14,321 - INFO -   Reference solution found:
2025-02-24 16:51:14,321 - INFO -     Solution: [1, 1, 1, 0, 0, 0, 1, 1]
2025-02-24 16:51:14,321 - INFO -     Value: 131.0
2025-02-24 16:51:14,322 - INFO - 
Starting quantum constraint generation with parameters:
2025-02-24 16:51:14,322 - INFO -   sample_size (total shots): 500
2025-02-24 16:51:14,322 - INFO -   tau: 0.1
2025-02-24 16:51:14,322 - INFO -   max_iters: 1000
2025-02-24 16:51:14,322 - INFO - 
Iteration 0:
2025-02-24 16:51:14,323 - DEBUG - Generated Ising Hamiltonian
2025-02-24 16:51:14,766 - DEBUG - Optimizing QAOA circuit...
2025-02-24 16:51:16,753 - DEBUG - Circuit optimization successful
2025-02-24 16:51:16,753 - DEBUG - Circuit optimization successful, final value: -154.18381618381616
2025-02-24 16:51:16,753 - DEBUG - Sampling from optimized circuit...
2025-02-24 16:51:16,767 - DEBUG - Generated 64 unique samples from 500 total measurements
2025-02-24 16:51:16,767 - DEBUG - 
Top 5 most frequent samples:
2025-02-24 16:51:16,767 - DEBUG -   Rank | Count |   %   
2025-02-24 16:51:16,767 - DEBUG -   -----|-------|-------
2025-02-24 16:51:16,768 - DEBUG -      1 |    68 |  13.6
2025-02-24 16:51:16,768 - DEBUG -     Sample: [1 0 1 1 1 1 1 1]
2025-02-24 16:51:16,768 - DEBUG -      2 |    67 |  13.4
2025-02-24 16:51:16,768 - DEBUG -     Sample: [1 0 1 1 0 1 1 1]
2025-02-24 16:51:16,769 - DEBUG -      3 |    51 |  10.2
2025-02-24 16:51:16,769 - DEBUG -     Sample: [1 0 1 0 0 1 1 1]
2025-02-24 16:51:16,769 - DEBUG -      4 |    42 |   8.4
2025-02-24 16:51:16,770 - DEBUG -     Sample: [1 0 1 0 1 1 1 1]
2025-02-24 16:51:16,770 - DEBUG -      5 |    27 |   5.4
2025-02-24 16:51:16,770 - DEBUG -     Sample: [0 0 1 0 0 1 1 1]
2025-02-24 16:51:16,771 - DEBUG - Generated 64 unique samples from 500 total measurements
2025-02-24 16:51:16,772 - INFO -   No feasible solution found in this iteration
2025-02-24 16:51:16,773 - INFO -   Added 6 new constraints: [1, 9, 12, 19, 20, 22]
2025-02-24 16:51:16,773 - INFO - 
Iteration 1:
2025-02-24 16:51:16,773 - DEBUG - Generated Ising Hamiltonian
2025-02-24 16:51:17,000 - DEBUG - Optimizing QAOA circuit...
2025-02-24 16:51:18,796 - DEBUG - Circuit optimization successful
2025-02-24 16:51:18,796 - DEBUG - Circuit optimization successful, final value: -1837.8361638361637
2025-02-24 16:51:18,797 - DEBUG - Sampling from optimized circuit...
2025-02-24 16:51:18,812 - DEBUG - Generated 96 unique samples from 500 total measurements
2025-02-24 16:51:18,812 - DEBUG - 
Top 5 most frequent samples:
2025-02-24 16:51:18,812 - DEBUG -   Rank | Count |   %   
2025-02-24 16:51:18,812 - DEBUG -   -----|-------|-------
2025-02-24 16:51:18,812 - DEBUG -      1 |    76 |  15.2
2025-02-24 16:51:18,813 - DEBUG -     Sample: [0 0 1 1 1 0 1 1]
2025-02-24 16:51:18,813 - DEBUG -      2 |    45 |   9.0
2025-02-24 16:51:18,813 - DEBUG -     Sample: [0 0 1 0 1 0 1 1]
2025-02-24 16:51:18,813 - DEBUG -      3 |    29 |   5.8
2025-02-24 16:51:18,813 - DEBUG -     Sample: [0 0 1 1 1 0 0 1]
2025-02-24 16:51:18,814 - DEBUG -      4 |    21 |   4.2
2025-02-24 16:51:18,814 - DEBUG -     Sample: [0 1 1 1 1 0 1 1]
2025-02-24 16:51:18,814 - DEBUG -      5 |    20 |   4.0
2025-02-24 16:51:18,814 - DEBUG -     Sample: [0 0 0 1 1 0 1 1]
2025-02-24 16:51:18,815 - DEBUG - Generated 96 unique samples from 500 total measurements
2025-02-24 16:51:18,816 - INFO - Found feasible solution: [1 1 1 0 0 0 1 1] with objective value 131.0
2025-02-24 16:51:18,817 - INFO -   Found feasible solution:
2025-02-24 16:51:18,817 - INFO -     Solution: [1, 1, 1, 0, 0, 0, 1, 1]
2025-02-24 16:51:18,817 - INFO -     Value: 131.0
2025-02-24 16:51:18,818 - INFO -     Gap to reference: 0.00%
2025-02-24 16:51:18,818 - INFO -   Constraint generation solution found:
2025-02-24 16:51:18,818 - INFO -     Solution: [1, 1, 1, 0, 0, 0, 1, 1]
2025-02-24 16:51:18,818 - INFO -     Value: 131.0
2025-02-24 16:51:18,819 - INFO - 
Instance 54 results:
2025-02-24 16:51:18,819 - INFO -   Classical value: 131.0
2025-02-24 16:51:18,819 - INFO -   QAOA value: 133.0
2025-02-24 16:51:18,819 - INFO -   Constraint generation value: 131.0
2025-02-24 16:51:18,819 - INFO - 
Running instance 55/100
2025-02-24 16:51:18,821 - INFO - 
Running Classical Reference Solver (SCIP):
2025-02-24 16:51:18,822 - DEBUG - Problem dimensions: 25 constraints, 8 variables
2025-02-24 16:51:18,822 - DEBUG - Row names: ['ELEM1', 'ELEM2', 'ELEM3', 'ELEM4', 'ELEM5', 'ELEM6', 'ELEM7', 'ELEM8', 'ELEM9', 'ELEM10', 'ELEM11', 'ELEM12', 'ELEM13', 'ELEM14', 'ELEM15', 'ELEM16', 'ELEM17', 'ELEM18', 'ELEM19', 'ELEM20', 'ELEM21', 'ELEM22', 'ELEM23', 'ELEM24', 'ELEM25']
2025-02-24 16:51:18,822 - DEBUG - RHS values: {'ELEM1': 1.0, 'ELEM2': 1.0, 'ELEM3': 1.0, 'ELEM4': 1.0, 'ELEM5': 1.0, 'ELEM6': 1.0, 'ELEM7': 1.0, 'ELEM8': 1.0, 'ELEM9': 1.0, 'ELEM10': 1.0, 'ELEM11': 1.0, 'ELEM12': 1.0, 'ELEM13': 1.0, 'ELEM14': 1.0, 'ELEM15': 1.0, 'ELEM16': 1.0, 'ELEM17': 1.0, 'ELEM18': 1.0, 'ELEM19': 1.0, 'ELEM20': 1.0, 'ELEM21': 1.0, 'ELEM22': 1.0, 'ELEM23': 1.0, 'ELEM24': 1.0, 'ELEM25': 1.0}
2025-02-24 16:51:18,833 - INFO -   Reference solution found:
2025-02-24 16:51:18,833 - INFO -     Solution: [1, 0, 0, 1, 1, 0, 0, 0]
2025-02-24 16:51:18,833 - INFO -     Value: 85.0
2025-02-24 16:51:18,833 - INFO - 
Running QAOA Reference Solution (with all constraints):
