2025-02-23 18:45:24,287 - INFO - 
Problem information:
2025-02-23 18:45:24,287 - INFO -   Number of variables (n): 10
2025-02-23 18:45:24,287 - INFO -   Number of constraints (m): 20
2025-02-23 18:45:24,287 - DEBUG -   Density of A: 48.50%
2025-02-23 18:45:24,287 - INFO - 
Starting reference QAOA with parameters:
2025-02-23 18:45:24,287 - INFO -   sample_size (total shots): 100
2025-02-23 18:45:24,288 - INFO - Added all constraints
2025-02-23 18:45:24,288 - DEBUG - Generated Ising Hamiltonian
2025-02-23 18:45:24,490 - DEBUG - Optimizing QAOA circuit...
2025-02-23 18:45:26,393 - DEBUG - Circuit optimization successful
2025-02-23 18:45:26,394 - DEBUG - Circuit optimization successful, final value: -1544.6523476523475
2025-02-23 18:45:26,395 - DEBUG - Sampling from optimized circuit...
2025-02-23 18:45:26,408 - DEBUG - Generated 87 unique samples from 100 total measurements
2025-02-23 18:45:26,409 - DEBUG - 
Top 5 most frequent samples:
2025-02-23 18:45:26,409 - DEBUG -   Rank | Count |   %   
2025-02-23 18:45:26,409 - DEBUG -   -----|-------|-------
2025-02-23 18:45:26,409 - DEBUG -      1 |     4 |   4.0
2025-02-23 18:45:26,409 - DEBUG -     Sample: [1 0 0 0 1 1 0 0 1 0]
2025-02-23 18:45:26,409 - DEBUG -      2 |     3 |   3.0
2025-02-23 18:45:26,409 - DEBUG -     Sample: [0 1 1 0 1 1 0 0 1 0]
2025-02-23 18:45:26,409 - DEBUG -      3 |     2 |   2.0
2025-02-23 18:45:26,410 - DEBUG -     Sample: [0 1 0 0 1 1 0 0 0 1]
2025-02-23 18:45:26,410 - DEBUG -      4 |     2 |   2.0
2025-02-23 18:45:26,410 - DEBUG -     Sample: [1 0 1 1 0 0 0 0 1 1]
2025-02-23 18:45:26,410 - DEBUG -      5 |     2 |   2.0
2025-02-23 18:45:26,410 - DEBUG -     Sample: [1 1 1 1 1 0 1 1 1 1]
2025-02-23 18:45:26,410 - DEBUG - Generated 87 unique samples from 100 total measurements
2025-02-23 18:45:26,411 - INFO - Found feasible solution: [0 0 1 0 0 0 0 1 1 0] with objective value 18.0
2025-02-23 18:45:26,411 - INFO - Found feasible solution:
2025-02-23 18:45:26,412 - INFO -   Solution: [0, 0, 1, 0, 0, 0, 0, 1, 1, 0]
2025-02-23 18:45:26,412 - INFO -   Value: 18.0
2025-02-23 18:45:26,412 - INFO -   QAOA solution found:
2025-02-23 18:45:26,412 - INFO -     Solution: [0, 0, 1, 0, 0, 0, 0, 1, 1, 0]
2025-02-23 18:45:26,412 - INFO -     Value: 18.0
2025-02-23 18:45:26,412 - INFO - 
Running Constraint Generation:
2025-02-23 18:45:26,413 - INFO - 
Problem information:
2025-02-23 18:45:26,413 - INFO -   Number of variables (n): 10
2025-02-23 18:45:26,414 - INFO -   Number of constraints (m): 20
2025-02-23 18:45:26,414 - DEBUG -   Density of A: 48.50%
2025-02-23 18:45:26,414 - INFO - 
Running classical reference solver:
2025-02-23 18:45:26,424 - INFO -   Reference solution found:
2025-02-23 18:45:26,424 - INFO -     Solution: [0, 0, 1, 0, 0, 0, 0, 1, 1, 0]
2025-02-23 18:45:26,424 - INFO -     Value: 18.0
2025-02-23 18:45:26,424 - INFO - 
Starting quantum constraint generation with parameters:
2025-02-23 18:45:26,424 - INFO -   sample_size (total shots): 100
2025-02-23 18:45:26,425 - INFO -   tau: 0.1
2025-02-23 18:45:26,425 - INFO -   max_iters: 1000
2025-02-23 18:45:26,425 - INFO - 
Iteration 0:
2025-02-23 18:45:26,425 - DEBUG - Generated Ising Hamiltonian
2025-02-23 18:45:26,619 - DEBUG - Optimizing QAOA circuit...
2025-02-23 18:45:27,456 - DEBUG - Circuit optimization successful
2025-02-23 18:45:27,457 - DEBUG - Circuit optimization successful, final value: -48.03496503496502
2025-02-23 18:45:27,457 - DEBUG - Sampling from optimized circuit...
2025-02-23 18:45:27,466 - DEBUG - Generated 83 unique samples from 100 total measurements
2025-02-23 18:45:27,466 - DEBUG - 
Top 5 most frequent samples:
2025-02-23 18:45:27,466 - DEBUG -   Rank | Count |   %   
2025-02-23 18:45:27,467 - DEBUG -   -----|-------|-------
2025-02-23 18:45:27,467 - DEBUG -      1 |     4 |   4.0
2025-02-23 18:45:27,467 - DEBUG -     Sample: [1 0 1 0 0 1 1 0 1 0]
2025-02-23 18:45:27,467 - DEBUG -      2 |     4 |   4.0
2025-02-23 18:45:27,467 - DEBUG -     Sample: [1 0 1 1 0 1 1 0 1 0]
2025-02-23 18:45:27,467 - DEBUG -      3 |     3 |   3.0
2025-02-23 18:45:27,468 - DEBUG -     Sample: [1 0 1 0 1 1 1 0 0 0]
2025-02-23 18:45:27,468 - DEBUG -      4 |     3 |   3.0
2025-02-23 18:45:27,468 - DEBUG -     Sample: [1 0 1 0 1 1 1 1 0 1]
2025-02-23 18:45:27,468 - DEBUG -      5 |     2 |   2.0
2025-02-23 18:45:27,468 - DEBUG -     Sample: [1 0 1 1 0 1 1 1 0 1]
2025-02-23 18:45:27,468 - DEBUG - Generated 83 unique samples from 100 total measurements
2025-02-23 18:45:27,470 - INFO -   No feasible solution found in this iteration
2025-02-23 18:45:27,470 - INFO -   Added 4 new constraints: [0, 3, 7, 9]
2025-02-23 18:45:27,470 - INFO - 
Iteration 1:
2025-02-23 18:45:27,471 - DEBUG - Generated Ising Hamiltonian
2025-02-23 18:45:27,669 - DEBUG - Optimizing QAOA circuit...
2025-02-23 18:45:28,621 - DEBUG - Circuit optimization successful
2025-02-23 18:45:28,621 - DEBUG - Circuit optimization successful, final value: -7327.9645354645345
2025-02-23 18:45:28,621 - DEBUG - Sampling from optimized circuit...
2025-02-23 18:45:28,631 - DEBUG - Generated 36 unique samples from 100 total measurements
2025-02-23 18:45:28,631 - DEBUG - 
Top 5 most frequent samples:
2025-02-23 18:45:28,631 - DEBUG -   Rank | Count |   %   
2025-02-23 18:45:28,631 - DEBUG -   -----|-------|-------
2025-02-23 18:45:28,631 - DEBUG -      1 |    14 |  14.0
2025-02-23 18:45:28,631 - DEBUG -     Sample: [1 0 0 0 0 1 0 0 0 0]
2025-02-23 18:45:28,632 - DEBUG -      2 |    12 |  12.0
2025-02-23 18:45:28,632 - DEBUG -     Sample: [1 0 0 0 1 0 0 0 0 0]
2025-02-23 18:45:28,632 - DEBUG -      3 |    10 |  10.0
2025-02-23 18:45:28,632 - DEBUG -     Sample: [1 0 0 0 0 0 0 0 0 0]
2025-02-23 18:45:28,632 - DEBUG -      4 |     9 |   9.0
2025-02-23 18:45:28,632 - DEBUG -     Sample: [1 0 0 0 0 0 0 0 1 0]
2025-02-23 18:45:28,632 - DEBUG -      5 |     6 |   6.0
2025-02-23 18:45:28,633 - DEBUG -     Sample: [1 0 0 0 1 1 0 0 0 0]
2025-02-23 18:45:28,633 - DEBUG - Generated 36 unique samples from 100 total measurements
2025-02-23 18:45:28,633 - INFO -   No feasible solution found in this iteration
2025-02-23 18:45:28,634 - INFO -   Added 8 new constraints: [1, 6, 10, 11, 12, 14, 15, 18]
2025-02-23 18:45:28,634 - INFO - 
Iteration 2:
2025-02-23 18:45:28,634 - DEBUG - Generated Ising Hamiltonian
2025-02-23 18:45:28,806 - DEBUG - Optimizing QAOA circuit...
2025-02-23 18:45:29,872 - DEBUG - Circuit optimization successful
2025-02-23 18:45:29,873 - DEBUG - Circuit optimization successful, final value: 39096.21878121878
2025-02-23 18:45:29,873 - DEBUG - Sampling from optimized circuit...
2025-02-23 18:45:29,884 - DEBUG - Generated 77 unique samples from 100 total measurements
2025-02-23 18:45:29,884 - DEBUG - 
Top 5 most frequent samples:
2025-02-23 18:45:29,884 - DEBUG -   Rank | Count |   %   
2025-02-23 18:45:29,884 - DEBUG -   -----|-------|-------
2025-02-23 18:45:29,884 - DEBUG -      1 |     3 |   3.0
2025-02-23 18:45:29,884 - DEBUG -     Sample: [1 1 0 1 1 1 1 1 1 0]
2025-02-23 18:45:29,884 - DEBUG -      2 |     3 |   3.0
2025-02-23 18:45:29,885 - DEBUG -     Sample: [0 1 0 1 1 1 1 0 0 0]
2025-02-23 18:45:29,885 - DEBUG -      3 |     3 |   3.0
2025-02-23 18:45:29,885 - DEBUG -     Sample: [1 0 0 1 1 0 1 1 1 1]
2025-02-23 18:45:29,885 - DEBUG -      4 |     2 |   2.0
2025-02-23 18:45:29,885 - DEBUG -     Sample: [1 1 0 1 1 1 0 1 1 0]
2025-02-23 18:45:29,885 - DEBUG -      5 |     2 |   2.0
2025-02-23 18:45:29,886 - DEBUG -     Sample: [0 0 0 1 1 1 1 0 0 0]
2025-02-23 18:45:29,886 - DEBUG - Generated 77 unique samples from 100 total measurements
2025-02-23 18:45:29,887 - INFO -   No feasible solution found in this iteration
2025-02-23 18:45:29,887 - INFO -   Added 1 new constraints: [16]
2025-02-23 18:45:29,888 - INFO - 
Iteration 3:
2025-02-23 18:45:29,888 - DEBUG - Generated Ising Hamiltonian
2025-02-23 18:45:30,077 - DEBUG - Optimizing QAOA circuit...
2025-02-23 18:45:31,089 - DEBUG - Circuit optimization successful
2025-02-23 18:45:31,089 - DEBUG - Circuit optimization successful, final value: -59986.65084915085
2025-02-23 18:45:31,089 - DEBUG - Sampling from optimized circuit...
2025-02-23 18:45:31,100 - DEBUG - Generated 72 unique samples from 100 total measurements
2025-02-23 18:45:31,100 - DEBUG - 
Top 5 most frequent samples:
2025-02-23 18:45:31,100 - DEBUG -   Rank | Count |   %   
2025-02-23 18:45:31,100 - DEBUG -   -----|-------|-------
2025-02-23 18:45:31,100 - DEBUG -      1 |     5 |   5.0
2025-02-23 18:45:31,100 - DEBUG -     Sample: [0 1 1 0 0 0 0 1 1 0]
2025-02-23 18:45:31,100 - DEBUG -      2 |     5 |   5.0
2025-02-23 18:45:31,101 - DEBUG -     Sample: [0 1 1 0 1 0 0 1 0 0]
2025-02-23 18:45:31,101 - DEBUG -      3 |     4 |   4.0
2025-02-23 18:45:31,101 - DEBUG -     Sample: [0 1 1 0 1 0 1 1 0 0]
2025-02-23 18:45:31,101 - DEBUG -      4 |     3 |   3.0
2025-02-23 18:45:31,101 - DEBUG -     Sample: [1 0 1 0 0 0 0 1 1 0]
2025-02-23 18:45:31,101 - DEBUG -      5 |     3 |   3.0
2025-02-23 18:45:31,102 - DEBUG -     Sample: [0 0 1 0 0 0 0 1 0 1]
2025-02-23 18:45:31,102 - DEBUG - Generated 72 unique samples from 100 total measurements
2025-02-23 18:45:31,103 - INFO - Found feasible solution: [0 0 1 0 0 0 0 1 1 0] with objective value 18.0
2025-02-23 18:45:31,103 - INFO -   Found feasible solution:
2025-02-23 18:45:31,103 - INFO -     Solution: [0, 0, 1, 0, 0, 0, 0, 1, 1, 0]
2025-02-23 18:45:31,103 - INFO -     Value: 18.0
2025-02-23 18:45:31,104 - INFO -     Gap to reference: 0.00%
2025-02-23 18:45:31,104 - INFO -   Constraint generation solution found:
2025-02-23 18:45:31,104 - INFO -     Solution: [0, 0, 1, 0, 0, 0, 0, 1, 1, 0]
2025-02-23 18:45:31,104 - INFO -     Value: 18.0
2025-02-23 18:45:31,104 - INFO - 
Instance 7 results:
2025-02-23 18:45:31,104 - INFO -   Classical value: 18.0
2025-02-23 18:45:31,104 - INFO -   QAOA value: 18.0
2025-02-23 18:45:31,104 - INFO -   Constraint generation value: 18.0
2025-02-23 18:45:31,105 - INFO - 
Running instance 8/100
2025-02-23 18:45:31,106 - INFO - 
Running Classical Reference Solver (SCIP):
2025-02-23 18:45:31,107 - DEBUG - Problem dimensions: 20 constraints, 10 variables
2025-02-23 18:45:31,107 - DEBUG - Row names: ['ELEM1', 'ELEM2', 'ELEM3', 'ELEM4', 'ELEM5', 'ELEM6', 'ELEM7', 'ELEM8', 'ELEM9', 'ELEM10', 'ELEM11', 'ELEM12', 'ELEM13', 'ELEM14', 'ELEM15', 'ELEM16', 'ELEM17', 'ELEM18', 'ELEM19', 'ELEM20']
2025-02-23 18:45:31,107 - DEBUG - RHS values: {'ELEM1': 1.0, 'ELEM2': 1.0, 'ELEM3': 1.0, 'ELEM4': 1.0, 'ELEM5': 1.0, 'ELEM6': 1.0, 'ELEM7': 1.0, 'ELEM8': 1.0, 'ELEM9': 1.0, 'ELEM10': 1.0, 'ELEM11': 1.0, 'ELEM12': 1.0, 'ELEM13': 1.0, 'ELEM14': 1.0, 'ELEM15': 1.0, 'ELEM16': 1.0, 'ELEM17': 1.0, 'ELEM18': 1.0, 'ELEM19': 1.0, 'ELEM20': 1.0}
2025-02-23 18:45:31,117 - INFO -   Reference solution found:
2025-02-23 18:45:31,117 - INFO -     Solution: [0, 0, 1, 1, 0, 0, 0, 0, 0, 0]
2025-02-23 18:45:31,117 - INFO -     Value: 16.0
2025-02-23 18:45:31,117 - INFO - 
Running QAOA Reference Solution (with all constraints):
