2025-02-24 15:42:20,593 - INFO - 
Problem information:
2025-02-24 15:42:20,593 - INFO -   Number of variables (n): 12
2025-02-24 15:42:20,593 - INFO -   Number of constraints (m): 40
2025-02-24 15:42:20,594 - DEBUG -   Density of A: 28.75%
2025-02-24 15:42:20,594 - INFO - 
Starting reference QAOA with parameters:
2025-02-24 15:42:20,594 - INFO -   sample_size (total shots): 1000
2025-02-24 15:42:20,594 - INFO - Added all constraints
2025-02-24 15:42:20,595 - DEBUG - Generated Ising Hamiltonian
2025-02-24 15:42:20,883 - DEBUG - Optimizing QAOA circuit...
2025-02-24 15:42:26,370 - DEBUG - Circuit optimization successful
2025-02-24 15:42:26,371 - DEBUG - Circuit optimization successful, final value: -422.43156843156794
2025-02-24 15:42:26,371 - DEBUG - Sampling from optimized circuit...
2025-02-24 15:42:26,424 - DEBUG - Generated 791 unique samples from 1000 total measurements
2025-02-24 15:42:26,425 - DEBUG - 
Top 5 most frequent samples:
2025-02-24 15:42:26,425 - DEBUG -   Rank | Count |   %   
2025-02-24 15:42:26,425 - DEBUG -   -----|-------|-------
2025-02-24 15:42:26,425 - DEBUG -      1 |     4 |   0.4
2025-02-24 15:42:26,425 - DEBUG -     Sample: [0 1 1 0 0 1 1 1 0 0 1 1]
2025-02-24 15:42:26,426 - DEBUG -      2 |     4 |   0.4
2025-02-24 15:42:26,426 - DEBUG -     Sample: [1 0 1 1 1 1 0 0 0 0 0 1]
2025-02-24 15:42:26,426 - DEBUG -      3 |     4 |   0.4
2025-02-24 15:42:26,426 - DEBUG -     Sample: [0 1 0 1 0 0 0 1 1 1 0 0]
2025-02-24 15:42:26,426 - DEBUG -      4 |     4 |   0.4
2025-02-24 15:42:26,427 - DEBUG -     Sample: [1 0 0 1 0 1 0 1 0 1 0 1]
2025-02-24 15:42:26,427 - DEBUG -      5 |     4 |   0.4
2025-02-24 15:42:26,427 - DEBUG -     Sample: [1 1 1 1 0 0 1 1 1 1 1 0]
2025-02-24 15:42:26,429 - DEBUG - Generated 791 unique samples from 1000 total measurements
2025-02-24 15:42:26,437 - INFO - Found feasible solution: [0 0 0 0 1 0 0 1 1 0 1 0] with objective value 284.0
2025-02-24 15:42:26,444 - INFO - Found feasible solution:
2025-02-24 15:42:26,445 - INFO -   Solution: [0, 0, 0, 0, 1, 0, 0, 1, 1, 0, 1, 0]
2025-02-24 15:42:26,445 - INFO -   Value: 284.0
2025-02-24 15:42:26,446 - INFO -   QAOA solution found:
2025-02-24 15:42:26,446 - INFO -     Solution: [0, 0, 0, 0, 1, 0, 0, 1, 1, 0, 1, 0]
2025-02-24 15:42:26,446 - INFO -     Value: 284.0
2025-02-24 15:42:26,446 - INFO - 
Running Constraint Generation:
2025-02-24 15:42:26,448 - INFO - 
Problem information:
2025-02-24 15:42:26,448 - INFO -   Number of variables (n): 12
2025-02-24 15:42:26,448 - INFO -   Number of constraints (m): 40
2025-02-24 15:42:26,448 - DEBUG -   Density of A: 28.75%
2025-02-24 15:42:26,448 - INFO - 
Running classical reference solver:
2025-02-24 15:42:26,460 - INFO -   Reference solution found:
2025-02-24 15:42:26,461 - INFO -     Solution: [0, 1, 1, 1, 0, 0, 0, 0, 0, 0, 0, 0]
2025-02-24 15:42:26,461 - INFO -     Value: 141.0
2025-02-24 15:42:26,461 - INFO - 
Starting quantum constraint generation with parameters:
2025-02-24 15:42:26,461 - INFO -   sample_size (total shots): 1000
2025-02-24 15:42:26,461 - INFO -   tau: 0.1
2025-02-24 15:42:26,462 - INFO -   max_iters: 1000
2025-02-24 15:42:26,462 - INFO - 
Iteration 0:
2025-02-24 15:42:26,462 - DEBUG - Generated Ising Hamiltonian
2025-02-24 15:42:26,670 - DEBUG - Optimizing QAOA circuit...
2025-02-24 15:42:29,015 - DEBUG - Circuit optimization successful
2025-02-24 15:42:29,015 - DEBUG - Circuit optimization successful, final value: -265.45254745254744
2025-02-24 15:42:29,015 - DEBUG - Sampling from optimized circuit...
2025-02-24 15:42:29,040 - DEBUG - Generated 228 unique samples from 1000 total measurements
2025-02-24 15:42:29,040 - DEBUG - 
Top 5 most frequent samples:
2025-02-24 15:42:29,040 - DEBUG -   Rank | Count |   %   
2025-02-24 15:42:29,041 - DEBUG -   -----|-------|-------
2025-02-24 15:42:29,041 - DEBUG -      1 |    81 |   8.1
2025-02-24 15:42:29,041 - DEBUG -     Sample: [1 0 1 0 1 1 0 1 1 1 1 0]
2025-02-24 15:42:29,042 - DEBUG -      2 |    61 |   6.1
2025-02-24 15:42:29,042 - DEBUG -     Sample: [1 0 1 0 1 1 0 0 1 1 1 0]
2025-02-24 15:42:29,042 - DEBUG -      3 |    60 |   6.0
2025-02-24 15:42:29,043 - DEBUG -     Sample: [1 0 1 0 1 1 0 1 1 1 1 1]
2025-02-24 15:42:29,043 - DEBUG -      4 |    38 |   3.8
2025-02-24 15:42:29,044 - DEBUG -     Sample: [1 0 1 0 1 1 0 0 1 1 1 1]
2025-02-24 15:42:29,044 - DEBUG -      5 |    35 |   3.5
2025-02-24 15:42:29,044 - DEBUG -     Sample: [1 1 1 0 1 1 0 1 1 1 1 0]
2025-02-24 15:42:29,045 - DEBUG - Generated 228 unique samples from 1000 total measurements
2025-02-24 15:42:29,050 - INFO -   No feasible solution found in this iteration
2025-02-24 15:42:29,051 - INFO -   Added 1 new constraints: [9]
2025-02-24 15:42:29,051 - INFO - 
Iteration 1:
2025-02-24 15:42:29,052 - DEBUG - Generated Ising Hamiltonian
2025-02-24 15:42:29,304 - DEBUG - Optimizing QAOA circuit...
2025-02-24 15:42:31,451 - DEBUG - Circuit optimization successful
2025-02-24 15:42:31,451 - DEBUG - Circuit optimization successful, final value: -10844.923076923076
2025-02-24 15:42:31,451 - DEBUG - Sampling from optimized circuit...
2025-02-24 15:42:31,479 - DEBUG - Generated 410 unique samples from 1000 total measurements
2025-02-24 15:42:31,480 - DEBUG - 
Top 5 most frequent samples:
2025-02-24 15:42:31,480 - DEBUG -   Rank | Count |   %   
2025-02-24 15:42:31,480 - DEBUG -   -----|-------|-------
2025-02-24 15:42:31,480 - DEBUG -      1 |    25 |   2.5
2025-02-24 15:42:31,481 - DEBUG -     Sample: [1 1 0 0 0 0 1 1 1 0 0 0]
2025-02-24 15:42:31,481 - DEBUG -      2 |    18 |   1.8
2025-02-24 15:42:31,481 - DEBUG -     Sample: [1 1 0 0 0 1 1 0 1 0 0 0]
2025-02-24 15:42:31,482 - DEBUG -      3 |    16 |   1.6
2025-02-24 15:42:31,482 - DEBUG -     Sample: [1 1 0 0 0 0 1 0 1 0 0 0]
2025-02-24 15:42:31,482 - DEBUG -      4 |    15 |   1.5
2025-02-24 15:42:31,482 - DEBUG -     Sample: [1 1 0 1 0 0 1 1 1 0 0 0]
2025-02-24 15:42:31,483 - DEBUG -      5 |    13 |   1.3
2025-02-24 15:42:31,483 - DEBUG -     Sample: [1 1 0 0 0 1 1 1 1 0 0 0]
2025-02-24 15:42:31,484 - DEBUG - Generated 410 unique samples from 1000 total measurements
2025-02-24 15:42:31,485 - INFO - Found feasible solution: [0 0 0 0 1 0 0 1 1 0 1 0] with objective value 284.0
2025-02-24 15:42:31,493 - INFO -   Found feasible solution:
2025-02-24 15:42:31,494 - INFO -     Solution: [0, 0, 0, 0, 1, 0, 0, 1, 1, 0, 1, 0]
2025-02-24 15:42:31,494 - INFO -     Value: 284.0
2025-02-24 15:42:31,494 - INFO -     Gap to reference: 101.42%
2025-02-24 15:42:31,494 - INFO -   Constraint generation solution found:
2025-02-24 15:42:31,495 - INFO -     Solution: [0, 0, 0, 0, 1, 0, 0, 1, 1, 0, 1, 0]
2025-02-24 15:42:31,495 - INFO -     Value: 284.0
2025-02-24 15:42:31,495 - INFO - 
Instance 68 results:
2025-02-24 15:42:31,495 - INFO -   Classical value: 141.0
2025-02-24 15:42:31,495 - INFO -   QAOA value: 284.0
2025-02-24 15:42:31,496 - INFO -   Constraint generation value: 284.0
2025-02-24 15:42:31,496 - INFO - 
Running instance 69/100
2025-02-24 15:42:31,498 - INFO - 
Running Classical Reference Solver (SCIP):
2025-02-24 15:42:31,499 - DEBUG - Problem dimensions: 40 constraints, 12 variables
2025-02-24 15:42:31,499 - DEBUG - Row names: ['ELEM1', 'ELEM2', 'ELEM3', 'ELEM4', 'ELEM5', 'ELEM6', 'ELEM7', 'ELEM8', 'ELEM9', 'ELEM10', 'ELEM11', 'ELEM12', 'ELEM13', 'ELEM14', 'ELEM15', 'ELEM16', 'ELEM17', 'ELEM18', 'ELEM19', 'ELEM20', 'ELEM21', 'ELEM22', 'ELEM23', 'ELEM24', 'ELEM25', 'ELEM26', 'ELEM27', 'ELEM28', 'ELEM29', 'ELEM30', 'ELEM31', 'ELEM32', 'ELEM33', 'ELEM34', 'ELEM35', 'ELEM36', 'ELEM37', 'ELEM38', 'ELEM39', 'ELEM40']
2025-02-24 15:42:31,500 - DEBUG - RHS values: {'ELEM1': 1.0, 'ELEM2': 1.0, 'ELEM3': 1.0, 'ELEM4': 1.0, 'ELEM5': 1.0, 'ELEM6': 1.0, 'ELEM7': 1.0, 'ELEM8': 1.0, 'ELEM9': 1.0, 'ELEM10': 1.0, 'ELEM11': 1.0, 'ELEM12': 1.0, 'ELEM13': 1.0, 'ELEM14': 1.0, 'ELEM15': 1.0, 'ELEM16': 1.0, 'ELEM17': 1.0, 'ELEM18': 1.0, 'ELEM19': 1.0, 'ELEM20': 1.0, 'ELEM21': 1.0, 'ELEM22': 1.0, 'ELEM23': 1.0, 'ELEM24': 1.0, 'ELEM25': 1.0, 'ELEM26': 1.0, 'ELEM27': 1.0, 'ELEM28': 1.0, 'ELEM29': 1.0, 'ELEM30': 1.0, 'ELEM31': 1.0, 'ELEM32': 1.0, 'ELEM33': 1.0, 'ELEM34': 1.0, 'ELEM35': 1.0, 'ELEM36': 1.0, 'ELEM37': 1.0, 'ELEM38': 1.0, 'ELEM39': 1.0, 'ELEM40': 1.0}
2025-02-24 15:42:31,512 - INFO -   Reference solution found:
2025-02-24 15:42:31,512 - INFO -     Solution: [0, 0, 0, 1, 0, 1, 1, 1, 0, 0, 0, 0]
2025-02-24 15:42:31,513 - INFO -     Value: 182.0
2025-02-24 15:42:31,513 - INFO - 
Running QAOA Reference Solution (with all constraints):
