
Problem information:
  Number of variables (n): 10
  Number of constraints (m): 30

Starting reference QAOA with parameters:
  sample_size (total shots): 200
Added all constraints
Found feasible solution: [0 0 0 1 0 1 0 0 1 1] with objective value 209.0
Found feasible solution:
  Solution: [0, 0, 0, 1, 0, 1, 0, 0, 1, 1]
  Value: 209.0
  QAOA solution found:
    Solution: [0, 0, 0, 1, 0, 1, 0, 0, 1, 1]
    Value: 209.0

Running Constraint Generation:

Problem information:
  Number of variables (n): 10
  Number of constraints (m): 30

Running classical reference solver:
  Reference solution found:
    Solution: [0, 1, 1, 0, 0, 0, 0, 1, 0, 0]
    Value: 145.0

Starting quantum constraint generation with parameters:
  sample_size (total shots): 200
  tau: 0.1
  max_iters: 1000

Iteration 0:
  No feasible solution found in this iteration
  Added 1 new constraints: [23]

Iteration 1:
  No feasible solution found in this iteration
  Added 1 new constraints: [27]

Iteration 2:
  No feasible solution found in this iteration
  Added 2 new constraints: [1, 6]

Iteration 3:
Found feasible solution: [0 0 0 1 0 1 0 0 1 1] with objective value 209.0
  Found feasible solution:
    Solution: [0, 0, 0, 1, 0, 1, 0, 0, 1, 1]
    Value: 209.0
    Gap to reference: 44.14%
  Constraint generation solution found:
    Solution: [0, 0, 0, 1, 0, 1, 0, 0, 1, 1]
    Value: 209.0

Instance 18 results:
  Classical value: 145.0
  QAOA value: 209.0
  Constraint generation value: 209.0

Running instance 19/20

Running Classical Reference Solver (SCIP):
  Reference solution found:
    Solution: [1, 1, 0, 1, 1, 0, 1, 1, 0, 0]
    Value: 187.0

Running QAOA Reference Solution (with all constraints):
