2025-02-23 17:53:27,177 - INFO - 
Problem information:
2025-02-23 17:53:27,177 - INFO -   Number of variables (n): 12
2025-02-23 17:53:27,177 - INFO -   Number of constraints (m): 40
2025-02-23 17:53:27,177 - DEBUG -   Density of A: 25.00%
2025-02-23 17:53:27,177 - INFO - 
Starting reference QAOA with parameters:
2025-02-23 17:53:27,178 - INFO -   sample_size (total shots): 200
2025-02-23 17:53:27,178 - INFO - Added all constraints
2025-02-23 17:53:27,178 - DEBUG - Generated Ising Hamiltonian
2025-02-23 17:53:27,390 - DEBUG - Optimizing QAOA circuit...
2025-02-23 17:53:29,357 - DEBUG - Circuit optimization successful
2025-02-23 17:53:29,357 - DEBUG - Circuit optimization successful, final value: 71770.35764235765
2025-02-23 17:53:29,357 - DEBUG - Sampling from optimized circuit...
2025-02-23 17:53:29,376 - DEBUG - Generated 119 unique samples from 200 total measurements
2025-02-23 17:53:29,377 - DEBUG - 
Top 5 most frequent samples:
2025-02-23 17:53:29,377 - DEBUG -   Rank | Count |   %   
2025-02-23 17:53:29,377 - DEBUG -   -----|-------|-------
2025-02-23 17:53:29,377 - DEBUG -      1 |    14 |   7.0
2025-02-23 17:53:29,377 - DEBUG -     Sample: [0 0 0 1 1 1 1 0 1 1 1 1]
2025-02-23 17:53:29,377 - DEBUG -      2 |    10 |   5.0
2025-02-23 17:53:29,377 - DEBUG -     Sample: [0 0 1 1 1 1 1 0 1 1 1 1]
2025-02-23 17:53:29,377 - DEBUG -      3 |     7 |   3.5
2025-02-23 17:53:29,378 - DEBUG -     Sample: [0 0 0 1 1 1 0 0 1 1 1 1]
2025-02-23 17:53:29,378 - DEBUG -      4 |     6 |   3.0
2025-02-23 17:53:29,378 - DEBUG -     Sample: [0 1 1 1 1 1 0 1 1 1 0 1]
2025-02-23 17:53:29,378 - DEBUG -      5 |     6 |   3.0
2025-02-23 17:53:29,379 - DEBUG -     Sample: [0 0 0 1 1 1 1 1 1 1 1 1]
2025-02-23 17:53:29,379 - DEBUG - Generated 119 unique samples from 200 total measurements
2025-02-23 17:53:29,381 - INFO - No feasible solution found
2025-02-23 17:53:29,382 - INFO -   QAOA solver found no feasible solution
2025-02-23 17:53:29,382 - INFO - 
Running Constraint Generation:
2025-02-23 17:53:29,383 - INFO - 
Problem information:
2025-02-23 17:53:29,383 - INFO -   Number of variables (n): 12
2025-02-23 17:53:29,383 - INFO -   Number of constraints (m): 40
2025-02-23 17:53:29,384 - DEBUG -   Density of A: 25.00%
2025-02-23 17:53:29,384 - INFO - 
Running classical reference solver:
2025-02-23 17:53:29,394 - INFO -   Reference solution found:
2025-02-23 17:53:29,395 - INFO -     Solution: [0, 0, 0, 0, 0, 0, 1, 0, 0, 1, 1, 1]
2025-02-23 17:53:29,395 - INFO -     Value: 123.0
2025-02-23 17:53:29,395 - INFO - 
Starting quantum constraint generation with parameters:
2025-02-23 17:53:29,395 - INFO -   sample_size (total shots): 200
2025-02-23 17:53:29,395 - INFO -   tau: 0.1
2025-02-23 17:53:29,395 - INFO -   max_iters: 1000
2025-02-23 17:53:29,395 - INFO - 
Iteration 0:
2025-02-23 17:53:29,396 - DEBUG - Generated Ising Hamiltonian
2025-02-23 17:53:29,589 - DEBUG - Optimizing QAOA circuit...
2025-02-23 17:53:30,720 - DEBUG - Circuit optimization successful
2025-02-23 17:53:30,721 - DEBUG - Circuit optimization successful, final value: -109.10089910089911
2025-02-23 17:53:30,721 - DEBUG - Sampling from optimized circuit...
2025-02-23 17:53:30,738 - DEBUG - Generated 170 unique samples from 200 total measurements
2025-02-23 17:53:30,738 - DEBUG - 
Top 5 most frequent samples:
2025-02-23 17:53:30,738 - DEBUG -   Rank | Count |   %   
2025-02-23 17:53:30,738 - DEBUG -   -----|-------|-------
2025-02-23 17:53:30,738 - DEBUG -      1 |     6 |   3.0
2025-02-23 17:53:30,738 - DEBUG -     Sample: [0 1 0 1 0 1 1 1 1 0 0 1]
2025-02-23 17:53:30,739 - DEBUG -      2 |     3 |   1.5
2025-02-23 17:53:30,739 - DEBUG -     Sample: [0 1 0 0 0 1 1 1 1 0 0 1]
2025-02-23 17:53:30,739 - DEBUG -      3 |     3 |   1.5
2025-02-23 17:53:30,739 - DEBUG -     Sample: [0 1 0 1 0 1 0 1 1 0 0 1]
2025-02-23 17:53:30,739 - DEBUG -      4 |     3 |   1.5
2025-02-23 17:53:30,740 - DEBUG -     Sample: [0 0 1 1 0 1 1 1 1 0 1 1]
2025-02-23 17:53:30,740 - DEBUG -      5 |     2 |   1.0
2025-02-23 17:53:30,740 - DEBUG -     Sample: [0 1 0 1 0 1 0 1 1 1 0 1]
2025-02-23 17:53:30,741 - DEBUG - Generated 170 unique samples from 200 total measurements
2025-02-23 17:53:30,744 - INFO -   No feasible solution found in this iteration
2025-02-23 17:53:30,745 - INFO -   Added 1 new constraints: [25]
2025-02-23 17:53:30,745 - INFO - 
Iteration 1:
2025-02-23 17:53:30,746 - DEBUG - Generated Ising Hamiltonian
2025-02-23 17:53:30,943 - DEBUG - Optimizing QAOA circuit...
2025-02-23 17:53:32,015 - DEBUG - Circuit optimization successful
2025-02-23 17:53:32,015 - DEBUG - Circuit optimization successful, final value: -3878.088911088911
2025-02-23 17:53:32,016 - DEBUG - Sampling from optimized circuit...
2025-02-23 17:53:32,029 - DEBUG - Generated 168 unique samples from 200 total measurements
2025-02-23 17:53:32,029 - DEBUG - 
Top 5 most frequent samples:
2025-02-23 17:53:32,029 - DEBUG -   Rank | Count |   %   
2025-02-23 17:53:32,029 - DEBUG -   -----|-------|-------
2025-02-23 17:53:32,029 - DEBUG -      1 |     4 |   2.0
2025-02-23 17:53:32,030 - DEBUG -     Sample: [0 1 0 1 1 0 0 0 0 0 1 0]
2025-02-23 17:53:32,030 - DEBUG -      2 |     4 |   2.0
2025-02-23 17:53:32,030 - DEBUG -     Sample: [0 1 0 1 0 0 0 0 0 0 0 0]
2025-02-23 17:53:32,031 - DEBUG -      3 |     3 |   1.5
2025-02-23 17:53:32,031 - DEBUG -     Sample: [0 0 0 1 1 0 0 0 0 0 0 0]
2025-02-23 17:53:32,031 - DEBUG -      4 |     3 |   1.5
2025-02-23 17:53:32,032 - DEBUG -     Sample: [0 0 0 0 1 0 1 0 0 0 1 0]
2025-02-23 17:53:32,032 - DEBUG -      5 |     3 |   1.5
2025-02-23 17:53:32,032 - DEBUG -     Sample: [0 0 0 1 0 0 1 0 0 0 0 0]
2025-02-23 17:53:32,033 - DEBUG - Generated 168 unique samples from 200 total measurements
2025-02-23 17:53:32,036 - INFO -   No feasible solution found in this iteration
2025-02-23 17:53:32,037 - INFO -   No new constraints added, lowered tau multiplier: 1.0 -> 0.9
2025-02-23 17:53:32,038 - INFO -   Added 1 new constraints: [35]
2025-02-23 17:53:32,038 - INFO - 
Iteration 2:
2025-02-23 17:53:32,039 - DEBUG - Generated Ising Hamiltonian
2025-02-23 17:53:32,245 - DEBUG - Optimizing QAOA circuit...
2025-02-23 17:53:33,390 - DEBUG - Circuit optimization successful
2025-02-23 17:53:33,391 - DEBUG - Circuit optimization successful, final value: -4999.068931068931
2025-02-23 17:53:33,391 - DEBUG - Sampling from optimized circuit...
2025-02-23 17:53:33,405 - DEBUG - Generated 158 unique samples from 200 total measurements
2025-02-23 17:53:33,405 - DEBUG - 
Top 5 most frequent samples:
2025-02-23 17:53:33,405 - DEBUG -   Rank | Count |   %   
2025-02-23 17:53:33,405 - DEBUG -   -----|-------|-------
2025-02-23 17:53:33,405 - DEBUG -      1 |     5 |   2.5
2025-02-23 17:53:33,406 - DEBUG -     Sample: [0 1 0 1 1 0 0 0 0 0 0 0]
2025-02-23 17:53:33,406 - DEBUG -      2 |     5 |   2.5
2025-02-23 17:53:33,406 - DEBUG -     Sample: [0 0 0 0 1 0 0 0 0 0 0 0]
2025-02-23 17:53:33,406 - DEBUG -      3 |     3 |   1.5
2025-02-23 17:53:33,406 - DEBUG -     Sample: [0 0 0 1 1 0 0 0 0 0 0 0]
2025-02-23 17:53:33,407 - DEBUG -      4 |     3 |   1.5
2025-02-23 17:53:33,407 - DEBUG -     Sample: [0 0 0 0 1 0 1 0 0 0 0 1]
2025-02-23 17:53:33,407 - DEBUG -      5 |     3 |   1.5
2025-02-23 17:53:33,407 - DEBUG -     Sample: [0 0 0 0 1 1 0 0 0 0 0 0]
2025-02-23 17:53:33,408 - DEBUG - Generated 158 unique samples from 200 total measurements
2025-02-23 17:53:33,409 - INFO - Found feasible solution: [1 0 0 0 1 0 0 1 1 0 0 0] with objective value 166.0
2025-02-23 17:53:33,412 - INFO -   Found feasible solution:
2025-02-23 17:53:33,412 - INFO -     Solution: [1, 0, 0, 0, 1, 0, 0, 1, 1, 0, 0, 0]
2025-02-23 17:53:33,412 - INFO -     Value: 166.0
2025-02-23 17:53:33,412 - INFO -     Gap to reference: 34.96%
2025-02-23 17:53:33,413 - INFO -   Constraint generation solution found:
2025-02-23 17:53:33,413 - INFO -     Solution: [1, 0, 0, 0, 1, 0, 0, 1, 1, 0, 0, 0]
2025-02-23 17:53:33,413 - INFO -     Value: 166.0
2025-02-23 17:53:33,413 - INFO - 
Instance 19 results:
2025-02-23 17:53:33,413 - INFO -   Classical value: 123.0
2025-02-23 17:53:33,413 - INFO -   QAOA value: 0.0
2025-02-23 17:53:33,414 - INFO -   Constraint generation value: 166.0
2025-02-23 17:53:33,414 - INFO - 
Running instance 20/100
2025-02-23 17:53:33,416 - INFO - 
Running Classical Reference Solver (SCIP):
2025-02-23 17:53:33,417 - DEBUG - Problem dimensions: 40 constraints, 12 variables
2025-02-23 17:53:33,417 - DEBUG - Row names: ['ELEM1', 'ELEM2', 'ELEM3', 'ELEM4', 'ELEM5', 'ELEM6', 'ELEM7', 'ELEM8', 'ELEM9', 'ELEM10', 'ELEM11', 'ELEM12', 'ELEM13', 'ELEM14', 'ELEM15', 'ELEM16', 'ELEM17', 'ELEM18', 'ELEM19', 'ELEM20', 'ELEM21', 'ELEM22', 'ELEM23', 'ELEM24', 'ELEM25', 'ELEM26', 'ELEM27', 'ELEM28', 'ELEM29', 'ELEM30', 'ELEM31', 'ELEM32', 'ELEM33', 'ELEM34', 'ELEM35', 'ELEM36', 'ELEM37', 'ELEM38', 'ELEM39', 'ELEM40']
2025-02-23 17:53:33,417 - DEBUG - RHS values: {'ELEM1': 1.0, 'ELEM2': 1.0, 'ELEM3': 1.0, 'ELEM4': 1.0, 'ELEM5': 1.0, 'ELEM6': 1.0, 'ELEM7': 1.0, 'ELEM8': 1.0, 'ELEM9': 1.0, 'ELEM10': 1.0, 'ELEM11': 1.0, 'ELEM12': 1.0, 'ELEM13': 1.0, 'ELEM14': 1.0, 'ELEM15': 1.0, 'ELEM16': 1.0, 'ELEM17': 1.0, 'ELEM18': 1.0, 'ELEM19': 1.0, 'ELEM20': 1.0, 'ELEM21': 1.0, 'ELEM22': 1.0, 'ELEM23': 1.0, 'ELEM24': 1.0, 'ELEM25': 1.0, 'ELEM26': 1.0, 'ELEM27': 1.0, 'ELEM28': 1.0, 'ELEM29': 1.0, 'ELEM30': 1.0, 'ELEM31': 1.0, 'ELEM32': 1.0, 'ELEM33': 1.0, 'ELEM34': 1.0, 'ELEM35': 1.0, 'ELEM36': 1.0, 'ELEM37': 1.0, 'ELEM38': 1.0, 'ELEM39': 1.0, 'ELEM40': 1.0}
2025-02-23 17:53:33,429 - INFO -   Reference solution found:
2025-02-23 17:53:33,429 - INFO -     Solution: [0, 1, 1, 1, 0, 0, 0, 0, 1, 1, 1, 1]
2025-02-23 17:53:33,429 - INFO -     Value: 198.0
2025-02-23 17:53:33,430 - INFO - 
Running QAOA Reference Solution (with all constraints):
