
Problem information:
  Number of variables (n): 10
  Number of constraints (m): 30

Starting reference QAOA with parameters:
  sample_size (total shots): 200
Added all constraints
No feasible solution found

=====
Running Classical Reference Solver (SCIP):
  Reference solution found:
    Solution: [1, 0, 0, 0, 1, 1, 0, 1, 0, 0]
    Value: 168.0

=====
Running Constraint Generation:

Problem information:
  Number of variables (n): 10
  Number of constraints (m): 30

Running classical reference solver:
  Reference solution found:
    Solution: [1, 0, 0, 0, 1, 1, 0, 1, 0, 0]
    Value: 168.0

Starting quantum constraint generation with parameters:
  sample_size (total shots): 200
  tau: 0.1
  max_iters: 1000

Iteration 0:
  No feasible solution found in this iteration
  Added 1 new constraints: [23]

Iteration 1:
  No feasible solution found in this iteration
  No new constraints added, lowered tau multiplier: 1.0 -> 0.9
  No new constraints added, lowered tau multiplier: 0.9 -> 0.8
  No new constraints added, lowered tau multiplier: 0.8 -> 0.7
  Added 4 new constraints: [6, 8, 15, 25]

Iteration 2:
  No feasible solution found in this iteration
  Added 4 new constraints: [2, 3, 19, 27]

Iteration 3:
Found feasible solution: [1 0 0 0 1 1 0 1 0 0] with objective value 168.0
  Found feasible solution:
    Solution: [1, 0, 0, 0, 1, 1, 0, 1, 0, 0]
    Value: 168.0
    Gap to reference: 0.00%

---
Solution Comparison:
Gap to classical reference: 0.00%

Problem information:
  Number of variables (n): 10
  Number of constraints (m): 30

=====
Running Classical Reference Solver (SCIP):
  Reference solution found:
    Solution: [1, 0, 1, 0, 0, 1, 0, 0, 0, 1]
    Value: 202.0

=====
Running Constraint Generation:

Problem information:
  Number of variables (n): 10
  Number of constraints (m): 30

Running classical reference solver:
  Reference solution found:
    Solution: [1, 0, 1, 0, 0, 1, 0, 0, 0, 1]
    Value: 202.0

Starting quantum constraint generation with parameters:
  sample_size (total shots): 200
  tau: 0.1
  max_iters: 1000

Iteration 0:
  No feasible solution found in this iteration
  Added 1 new constraints: [1]

Iteration 1:
  No feasible solution found in this iteration
  No new constraints added, lowered tau multiplier: 1.0 -> 0.9
  No new constraints added, lowered tau multiplier: 0.9 -> 0.8
  Added 3 new constraints: [9, 16, 27]

Iteration 2:
  No feasible solution found in this iteration
  Added 2 new constraints: [0, 15]

Iteration 3:
  No feasible solution found in this iteration
  No new constraints added, lowered tau multiplier: 1.0 -> 0.9
  Added 2 new constraints: [17, 29]

Iteration 4:
  No feasible solution found in this iteration
  No new constraints added, lowered tau multiplier: 1.0 -> 0.9
  No new constraints added, lowered tau multiplier: 0.9 -> 0.8
  Added 1 new constraints: [22]

Iteration 5:
  No feasible solution found in this iteration
  No new constraints added, lowered tau multiplier: 1.0 -> 0.9
  Added 13 new constraints: [2, 3, 4, 5, 6, 7, 13, 14, 18, 20, 23, 24, 28]

Iteration 6:
  No feasible solution found in this iteration
  Added 1 new constraints: [8]

Iteration 7:
  No feasible solution found in this iteration
  No new constraints added, lowered tau multiplier: 1.0 -> 0.9
  No new constraints added, lowered tau multiplier: 0.9 -> 0.8
  Added 1 new constraints: [21]

Iteration 8:
  No feasible solution found in this iteration
  No new constraints added, lowered tau multiplier: 1.0 -> 0.9
  No new constraints added, lowered tau multiplier: 0.9 -> 0.8
  No new constraints added, lowered tau multiplier: 0.8 -> 0.7
  No new constraints added, lowered tau multiplier: 0.7 -> 0.6
  Added 3 new constraints: [10, 12, 25]

Iteration 9:
  No feasible solution found in this iteration
  No new constraints added, lowered tau multiplier: 1.0 -> 0.9
  No new constraints added, lowered tau multiplier: 0.9 -> 0.8
  No new constraints added, lowered tau multiplier: 0.8 -> 0.7
  No new constraints added, lowered tau multiplier: 0.7 -> 0.6
  No new constraints added, lowered tau multiplier: 0.6 -> 0.5
  Added 3 new constraints: [11, 19, 26]

Iteration 10:
  No feasible solution found in this iteration
  All constraints added, exiting

Instance 6 results:
  Classical value: 190.0
  QAOA value: 168.0
  Constraint generation value: 0.0

Running instance 7/10

Problem information:
  Number of variables (n): 10
  Number of constraints (m): 30

Running Classical Reference Solver (SCIP):

Problem information:
  Number of variables (n): 10
  Number of constraints (m): 30

=====
Running QAOA Reference Solution (with all constraints):
