2025-02-24 15:43:49,307 - INFO - 
Problem information:
2025-02-24 15:43:49,308 - INFO -   Number of variables (n): 12
2025-02-24 15:43:49,308 - INFO -   Number of constraints (m): 40
2025-02-24 15:43:49,308 - DEBUG -   Density of A: 20.42%
2025-02-24 15:43:49,309 - INFO - 
Starting reference QAOA with parameters:
2025-02-24 15:43:49,309 - INFO -   sample_size (total shots): 1000
2025-02-24 15:43:49,309 - INFO - Added all constraints
2025-02-24 15:43:49,310 - DEBUG - Generated Ising Hamiltonian
2025-02-24 15:43:49,584 - DEBUG - Optimizing QAOA circuit...
2025-02-24 15:43:54,369 - DEBUG - Circuit optimization successful
2025-02-24 15:43:54,370 - DEBUG - Circuit optimization successful, final value: 59086.40159840157
2025-02-24 15:43:54,370 - DEBUG - Sampling from optimized circuit...
2025-02-24 15:43:54,419 - DEBUG - Generated 441 unique samples from 1000 total measurements
2025-02-24 15:43:54,419 - DEBUG - 
Top 5 most frequent samples:
2025-02-24 15:43:54,420 - DEBUG -   Rank | Count |   %   
2025-02-24 15:43:54,420 - DEBUG -   -----|-------|-------
2025-02-24 15:43:54,420 - DEBUG -      1 |    32 |   3.2
2025-02-24 15:43:54,420 - DEBUG -     Sample: [1 1 0 1 0 1 0 0 1 0 1 1]
2025-02-24 15:43:54,421 - DEBUG -      2 |    22 |   2.2
2025-02-24 15:43:54,421 - DEBUG -     Sample: [1 1 0 1 0 1 0 0 1 0 0 1]
2025-02-24 15:43:54,421 - DEBUG -      3 |    18 |   1.8
2025-02-24 15:43:54,422 - DEBUG -     Sample: [1 1 0 1 0 1 0 0 0 0 1 1]
2025-02-24 15:43:54,422 - DEBUG -      4 |    17 |   1.7
2025-02-24 15:43:54,423 - DEBUG -     Sample: [1 1 0 1 1 1 0 0 1 0 1 1]
2025-02-24 15:43:54,423 - DEBUG -      5 |    17 |   1.7
2025-02-24 15:43:54,424 - DEBUG -     Sample: [1 1 1 1 0 1 0 0 0 0 1 1]
2025-02-24 15:43:54,426 - DEBUG - Generated 441 unique samples from 1000 total measurements
2025-02-24 15:43:54,436 - INFO - No feasible solution found
2025-02-24 15:43:54,437 - INFO -   QAOA solver found no feasible solution
2025-02-24 15:43:54,437 - INFO - 
Running Constraint Generation:
2025-02-24 15:43:54,439 - INFO - 
Problem information:
2025-02-24 15:43:54,440 - INFO -   Number of variables (n): 12
2025-02-24 15:43:54,440 - INFO -   Number of constraints (m): 40
2025-02-24 15:43:54,440 - DEBUG -   Density of A: 20.42%
2025-02-24 15:43:54,440 - INFO - 
Running classical reference solver:
2025-02-24 15:43:54,455 - INFO -   Reference solution found:
2025-02-24 15:43:54,455 - INFO -     Solution: [1, 0, 0, 0, 1, 0, 0, 1, 0, 0, 0, 1]
2025-02-24 15:43:54,455 - INFO -     Value: 237.0
2025-02-24 15:43:54,455 - INFO - 
Starting quantum constraint generation with parameters:
2025-02-24 15:43:54,456 - INFO -   sample_size (total shots): 1000
2025-02-24 15:43:54,456 - INFO -   tau: 0.1
2025-02-24 15:43:54,457 - INFO -   max_iters: 1000
2025-02-24 15:43:54,458 - INFO - 
Iteration 0:
2025-02-24 15:43:54,459 - DEBUG - Generated Ising Hamiltonian
2025-02-24 15:43:54,711 - DEBUG - Optimizing QAOA circuit...
2025-02-24 15:43:56,687 - DEBUG - Circuit optimization successful
2025-02-24 15:43:56,687 - DEBUG - Circuit optimization successful, final value: -209.36363636363635
2025-02-24 15:43:56,687 - DEBUG - Sampling from optimized circuit...
2025-02-24 15:43:56,708 - DEBUG - Generated 168 unique samples from 1000 total measurements
2025-02-24 15:43:56,708 - DEBUG - 
Top 5 most frequent samples:
2025-02-24 15:43:56,708 - DEBUG -   Rank | Count |   %   
2025-02-24 15:43:56,708 - DEBUG -   -----|-------|-------
2025-02-24 15:43:56,708 - DEBUG -      1 |    82 |   8.2
2025-02-24 15:43:56,709 - DEBUG -     Sample: [0 1 1 1 0 0 1 0 1 1 0 0]
2025-02-24 15:43:56,709 - DEBUG -      2 |    79 |   7.9
2025-02-24 15:43:56,709 - DEBUG -     Sample: [0 1 1 1 0 0 1 1 1 1 0 0]
2025-02-24 15:43:56,709 - DEBUG -      3 |    46 |   4.6
2025-02-24 15:43:56,710 - DEBUG -     Sample: [0 1 1 1 0 0 1 0 1 0 0 0]
2025-02-24 15:43:56,710 - DEBUG -      4 |    37 |   3.7
2025-02-24 15:43:56,710 - DEBUG -     Sample: [0 0 1 1 0 0 1 1 1 1 0 0]
2025-02-24 15:43:56,710 - DEBUG -      5 |    36 |   3.6
2025-02-24 15:43:56,710 - DEBUG -     Sample: [0 1 1 1 0 0 1 1 1 0 0 0]
2025-02-24 15:43:56,711 - DEBUG - Generated 168 unique samples from 1000 total measurements
2025-02-24 15:43:56,714 - INFO -   No feasible solution found in this iteration
2025-02-24 15:43:56,715 - INFO -   Added 1 new constraints: [8]
2025-02-24 15:43:56,715 - INFO - 
Iteration 1:
2025-02-24 15:43:56,715 - DEBUG - Generated Ising Hamiltonian
2025-02-24 15:43:56,946 - DEBUG - Optimizing QAOA circuit...
2025-02-24 15:43:59,060 - DEBUG - Circuit optimization successful
2025-02-24 15:43:59,061 - DEBUG - Circuit optimization successful, final value: -4886.143856143855
2025-02-24 15:43:59,061 - DEBUG - Sampling from optimized circuit...
2025-02-24 15:43:59,089 - DEBUG - Generated 309 unique samples from 1000 total measurements
2025-02-24 15:43:59,090 - DEBUG - 
Top 5 most frequent samples:
2025-02-24 15:43:59,090 - DEBUG -   Rank | Count |   %   
2025-02-24 15:43:59,091 - DEBUG -   -----|-------|-------
2025-02-24 15:43:59,091 - DEBUG -      1 |    22 |   2.2
2025-02-24 15:43:59,091 - DEBUG -     Sample: [0 0 0 0 1 1 1 1 0 1 0 1]
2025-02-24 15:43:59,092 - DEBUG -      2 |    21 |   2.1
2025-02-24 15:43:59,093 - DEBUG -     Sample: [0 1 0 0 1 1 1 1 0 1 0 1]
2025-02-24 15:43:59,093 - DEBUG -      3 |    19 |   1.9
2025-02-24 15:43:59,093 - DEBUG -     Sample: [1 1 0 0 1 1 1 1 0 1 0 1]
2025-02-24 15:43:59,093 - DEBUG -      4 |    17 |   1.7
2025-02-24 15:43:59,093 - DEBUG -     Sample: [0 0 0 0 0 1 1 1 0 1 0 1]
2025-02-24 15:43:59,094 - DEBUG -      5 |    17 |   1.7
2025-02-24 15:43:59,094 - DEBUG -     Sample: [1 0 0 0 1 1 1 1 0 1 0 1]
2025-02-24 15:43:59,095 - DEBUG - Generated 309 unique samples from 1000 total measurements
2025-02-24 15:43:59,101 - INFO -   No feasible solution found in this iteration
2025-02-24 15:43:59,102 - INFO -   Added 1 new constraints: [3]
2025-02-24 15:43:59,102 - INFO - 
Iteration 2:
2025-02-24 15:43:59,102 - DEBUG - Generated Ising Hamiltonian
2025-02-24 15:43:59,332 - DEBUG - Optimizing QAOA circuit...
2025-02-24 15:44:02,017 - DEBUG - Circuit optimization successful
2025-02-24 15:44:02,017 - DEBUG - Circuit optimization successful, final value: -6421.79795204795
2025-02-24 15:44:02,017 - DEBUG - Sampling from optimized circuit...
2025-02-24 15:44:02,048 - DEBUG - Generated 390 unique samples from 1000 total measurements
2025-02-24 15:44:02,049 - DEBUG - 
Top 5 most frequent samples:
2025-02-24 15:44:02,049 - DEBUG -   Rank | Count |   %   
2025-02-24 15:44:02,050 - DEBUG -   -----|-------|-------
2025-02-24 15:44:02,050 - DEBUG -      1 |    59 |   5.9
2025-02-24 15:44:02,050 - DEBUG -     Sample: [1 0 0 0 1 1 0 0 1 0 1 0]
2025-02-24 15:44:02,050 - DEBUG -      2 |    39 |   3.9
2025-02-24 15:44:02,050 - DEBUG -     Sample: [1 0 0 0 1 1 1 1 1 0 1 0]
2025-02-24 15:44:02,050 - DEBUG -      3 |    31 |   3.1
2025-02-24 15:44:02,051 - DEBUG -     Sample: [0 0 0 0 1 1 0 0 0 0 1 0]
2025-02-24 15:44:02,051 - DEBUG -      4 |    26 |   2.6
2025-02-24 15:44:02,051 - DEBUG -     Sample: [1 1 0 0 1 1 0 0 1 0 1 0]
2025-02-24 15:44:02,051 - DEBUG -      5 |    20 |   2.0
2025-02-24 15:44:02,051 - DEBUG -     Sample: [0 0 0 0 1 1 0 1 0 0 1 0]
2025-02-24 15:44:02,053 - DEBUG - Generated 390 unique samples from 1000 total measurements
2025-02-24 15:44:02,061 - INFO -   No feasible solution found in this iteration
2025-02-24 15:44:02,062 - INFO -   Added 1 new constraints: [20]
2025-02-24 15:44:02,062 - INFO - 
Iteration 3:
2025-02-24 15:44:02,062 - DEBUG - Generated Ising Hamiltonian
2025-02-24 15:44:02,312 - DEBUG - Optimizing QAOA circuit...
2025-02-24 15:44:05,103 - DEBUG - Circuit optimization successful
2025-02-24 15:44:05,103 - DEBUG - Circuit optimization successful, final value: -2715.376873126873
2025-02-24 15:44:05,103 - DEBUG - Sampling from optimized circuit...
2025-02-24 15:44:05,138 - DEBUG - Generated 404 unique samples from 1000 total measurements
2025-02-24 15:44:05,138 - DEBUG - 
Top 5 most frequent samples:
2025-02-24 15:44:05,138 - DEBUG -   Rank | Count |   %   
2025-02-24 15:44:05,139 - DEBUG -   -----|-------|-------
2025-02-24 15:44:05,139 - DEBUG -      1 |    34 |   3.4
2025-02-24 15:44:05,140 - DEBUG -     Sample: [1 1 0 1 0 1 0 0 1 0 0 1]
2025-02-24 15:44:05,141 - DEBUG -      2 |    32 |   3.2
2025-02-24 15:44:05,142 - DEBUG -     Sample: [1 0 0 1 0 1 0 0 1 0 0 1]
2025-02-24 15:44:05,142 - DEBUG -      3 |    17 |   1.7
2025-02-24 15:44:05,142 - DEBUG -     Sample: [1 0 0 1 0 0 0 0 1 0 0 1]
2025-02-24 15:44:05,143 - DEBUG -      4 |    17 |   1.7
2025-02-24 15:44:05,143 - DEBUG -     Sample: [0 0 0 1 0 1 0 0 0 0 0 1]
2025-02-24 15:44:05,143 - DEBUG -      5 |    16 |   1.6
2025-02-24 15:44:05,143 - DEBUG -     Sample: [0 1 0 1 0 1 0 0 0 0 0 1]
2025-02-24 15:44:05,145 - DEBUG - Generated 404 unique samples from 1000 total measurements
2025-02-24 15:44:05,154 - INFO -   No feasible solution found in this iteration
2025-02-24 15:44:05,155 - INFO -   Added 1 new constraints: [31]
2025-02-24 15:44:05,155 - INFO - 
Iteration 4:
2025-02-24 15:44:05,156 - DEBUG - Generated Ising Hamiltonian
2025-02-24 15:44:05,522 - DEBUG - Optimizing QAOA circuit...
2025-02-24 15:44:08,473 - DEBUG - Circuit optimization successful
2025-02-24 15:44:08,474 - DEBUG - Circuit optimization successful, final value: 6929.825674325674
2025-02-24 15:44:08,474 - DEBUG - Sampling from optimized circuit...
2025-02-24 15:44:08,507 - DEBUG - Generated 319 unique samples from 1000 total measurements
2025-02-24 15:44:08,507 - DEBUG - 
Top 5 most frequent samples:
2025-02-24 15:44:08,508 - DEBUG -   Rank | Count |   %   
2025-02-24 15:44:08,508 - DEBUG -   -----|-------|-------
2025-02-24 15:44:08,508 - DEBUG -      1 |    38 |   3.8
2025-02-24 15:44:08,509 - DEBUG -     Sample: [1 0 1 0 1 0 0 1 1 0 0 0]
2025-02-24 15:44:08,509 - DEBUG -      2 |    37 |   3.7
2025-02-24 15:44:08,509 - DEBUG -     Sample: [1 0 1 1 1 0 0 1 1 0 0 0]
2025-02-24 15:44:08,509 - DEBUG -      3 |    36 |   3.6
2025-02-24 15:44:08,510 - DEBUG -     Sample: [1 0 1 0 1 0 0 1 1 1 0 0]
2025-02-24 15:44:08,510 - DEBUG -      4 |    29 |   2.9
2025-02-24 15:44:08,511 - DEBUG -     Sample: [0 0 1 0 1 0 0 1 1 0 0 0]
2025-02-24 15:44:08,511 - DEBUG -      5 |    20 |   2.0
2025-02-24 15:44:08,511 - DEBUG -     Sample: [1 0 1 1 1 0 0 1 1 1 0 0]
2025-02-24 15:44:08,513 - DEBUG - Generated 319 unique samples from 1000 total measurements
2025-02-24 15:44:08,515 - INFO - Found feasible solution: [1 0 0 0 1 0 0 1 0 0 0 1] with objective value 237.0
2025-02-24 15:44:08,519 - INFO -   Found feasible solution:
2025-02-24 15:44:08,520 - INFO -     Solution: [1, 0, 0, 0, 1, 0, 0, 1, 0, 0, 0, 1]
2025-02-24 15:44:08,520 - INFO -     Value: 237.0
2025-02-24 15:44:08,520 - INFO -     Gap to reference: 0.00%
2025-02-24 15:44:08,520 - INFO -   Constraint generation solution found:
2025-02-24 15:44:08,520 - INFO -     Solution: [1, 0, 0, 0, 1, 0, 0, 1, 0, 0, 0, 1]
2025-02-24 15:44:08,521 - INFO -     Value: 237.0
2025-02-24 15:44:08,521 - INFO - 
Instance 73 results:
2025-02-24 15:44:08,521 - INFO -   Classical value: 237.0
2025-02-24 15:44:08,521 - INFO -   QAOA value: 0.0
2025-02-24 15:44:08,521 - INFO -   Constraint generation value: 237.0
2025-02-24 15:44:08,522 - INFO - 
Running instance 74/100
2025-02-24 15:44:08,524 - INFO - 
Running Classical Reference Solver (SCIP):
2025-02-24 15:44:08,525 - DEBUG - Problem dimensions: 40 constraints, 12 variables
2025-02-24 15:44:08,526 - DEBUG - Row names: ['ELEM1', 'ELEM2', 'ELEM3', 'ELEM4', 'ELEM5', 'ELEM6', 'ELEM7', 'ELEM8', 'ELEM9', 'ELEM10', 'ELEM11', 'ELEM12', 'ELEM13', 'ELEM14', 'ELEM15', 'ELEM16', 'ELEM17', 'ELEM18', 'ELEM19', 'ELEM20', 'ELEM21', 'ELEM22', 'ELEM23', 'ELEM24', 'ELEM25', 'ELEM26', 'ELEM27', 'ELEM28', 'ELEM29', 'ELEM30', 'ELEM31', 'ELEM32', 'ELEM33', 'ELEM34', 'ELEM35', 'ELEM36', 'ELEM37', 'ELEM38', 'ELEM39', 'ELEM40']
2025-02-24 15:44:08,526 - DEBUG - RHS values: {'ELEM1': 1.0, 'ELEM2': 1.0, 'ELEM3': 1.0, 'ELEM4': 1.0, 'ELEM5': 1.0, 'ELEM6': 1.0, 'ELEM7': 1.0, 'ELEM8': 1.0, 'ELEM9': 1.0, 'ELEM10': 1.0, 'ELEM11': 1.0, 'ELEM12': 1.0, 'ELEM13': 1.0, 'ELEM14': 1.0, 'ELEM15': 1.0, 'ELEM16': 1.0, 'ELEM17': 1.0, 'ELEM18': 1.0, 'ELEM19': 1.0, 'ELEM20': 1.0, 'ELEM21': 1.0, 'ELEM22': 1.0, 'ELEM23': 1.0, 'ELEM24': 1.0, 'ELEM25': 1.0, 'ELEM26': 1.0, 'ELEM27': 1.0, 'ELEM28': 1.0, 'ELEM29': 1.0, 'ELEM30': 1.0, 'ELEM31': 1.0, 'ELEM32': 1.0, 'ELEM33': 1.0, 'ELEM34': 1.0, 'ELEM35': 1.0, 'ELEM36': 1.0, 'ELEM37': 1.0, 'ELEM38': 1.0, 'ELEM39': 1.0, 'ELEM40': 1.0}
2025-02-24 15:44:08,539 - INFO -   Reference solution found:
2025-02-24 15:44:08,539 - INFO -     Solution: [0, 0, 0, 1, 0, 0, 1, 1, 0, 0, 1, 1]
2025-02-24 15:44:08,539 - INFO -     Value: 223.0
2025-02-24 15:44:08,540 - INFO - 
Running QAOA Reference Solution (with all constraints):
