2025-02-24 14:31:16,969 - INFO - 
Problem information:
2025-02-24 14:31:16,969 - INFO -   Number of variables (n): 12
2025-02-24 14:31:16,969 - INFO -   Number of constraints (m): 40
2025-02-24 14:31:16,969 - DEBUG -   Density of A: 21.88%
2025-02-24 14:31:16,969 - INFO - 
Starting reference QAOA with parameters:
2025-02-24 14:31:16,969 - INFO -   sample_size (total shots): 1000
2025-02-24 14:31:16,970 - INFO - Added all constraints
2025-02-24 14:31:16,970 - DEBUG - Generated Ising Hamiltonian
2025-02-24 14:31:17,120 - DEBUG - Optimizing QAOA circuit...
2025-02-24 14:31:21,141 - DEBUG - Circuit optimization successful
2025-02-24 14:31:21,141 - DEBUG - Circuit optimization successful, final value: 5560.06843156843
2025-02-24 14:31:21,142 - DEBUG - Sampling from optimized circuit...
2025-02-24 14:31:21,184 - DEBUG - Generated 579 unique samples from 1000 total measurements
2025-02-24 14:31:21,185 - DEBUG - 
Top 5 most frequent samples:
2025-02-24 14:31:21,185 - DEBUG -   Rank | Count |   %   
2025-02-24 14:31:21,186 - DEBUG -   -----|-------|-------
2025-02-24 14:31:21,186 - DEBUG -      1 |    20 |   2.0
2025-02-24 14:31:21,187 - DEBUG -     Sample: [1 1 0 1 1 0 1 0 0 0 0 1]
2025-02-24 14:31:21,187 - DEBUG -      2 |    17 |   1.7
2025-02-24 14:31:21,187 - DEBUG -     Sample: [0 0 1 1 1 0 1 0 0 1 1 1]
2025-02-24 14:31:21,187 - DEBUG -      3 |    16 |   1.6
2025-02-24 14:31:21,187 - DEBUG -     Sample: [0 0 1 1 1 0 1 0 0 0 1 1]
2025-02-24 14:31:21,188 - DEBUG -      4 |    15 |   1.5
2025-02-24 14:31:21,188 - DEBUG -     Sample: [0 0 0 1 1 0 1 0 0 0 1 1]
2025-02-24 14:31:21,188 - DEBUG -      5 |    13 |   1.3
2025-02-24 14:31:21,188 - DEBUG -     Sample: [0 1 0 1 1 0 1 0 0 0 1 1]
2025-02-24 14:31:21,189 - DEBUG - Generated 579 unique samples from 1000 total measurements
2025-02-24 14:31:21,199 - INFO - No feasible solution found
2025-02-24 14:31:21,200 - INFO -   QAOA solver found no feasible solution
2025-02-24 14:31:21,200 - INFO - 
Running Constraint Generation:
2025-02-24 14:31:21,201 - INFO - 
Problem information:
2025-02-24 14:31:21,201 - INFO -   Number of variables (n): 12
2025-02-24 14:31:21,201 - INFO -   Number of constraints (m): 40
2025-02-24 14:31:21,201 - DEBUG -   Density of A: 21.88%
2025-02-24 14:31:21,202 - INFO - 
Running classical reference solver:
2025-02-24 14:31:21,212 - INFO -   Reference solution found:
2025-02-24 14:31:21,213 - INFO -     Solution: [0, 1, 0, 0, 1, 0, 0, 0, 0, 1, 0, 1]
2025-02-24 14:31:21,213 - INFO -     Value: 175.0
2025-02-24 14:31:21,213 - INFO - 
Starting quantum constraint generation with parameters:
2025-02-24 14:31:21,213 - INFO -   sample_size (total shots): 1000
2025-02-24 14:31:21,213 - INFO -   tau: 0.1
2025-02-24 14:31:21,213 - INFO -   max_iters: 1000
2025-02-24 14:31:21,214 - INFO - 
Iteration 0:
2025-02-24 14:31:21,215 - DEBUG - Generated Ising Hamiltonian
2025-02-24 14:31:21,216 - DEBUG - Optimizing QAOA circuit...
2025-02-24 14:31:25,706 - WARNING - Circuit optimization did not converge
2025-02-24 14:31:25,706 - WARNING - Circuit optimization did not converge
2025-02-24 14:31:25,706 - DEBUG - Sampling from optimized circuit...
2025-02-24 14:31:25,753 - DEBUG - Generated 11 unique samples from 1000 total measurements
2025-02-24 14:31:25,753 - DEBUG - 
Top 5 most frequent samples:
2025-02-24 14:31:25,753 - DEBUG -   Rank | Count |   %   
2025-02-24 14:31:25,753 - DEBUG -   -----|-------|-------
2025-02-24 14:31:25,754 - DEBUG -      1 |   457 |  45.7
2025-02-24 14:31:25,754 - DEBUG -     Sample: [0 0 0 0 0 0 0 0 1 0 1 1]
2025-02-24 14:31:25,754 - DEBUG -      2 |   364 |  36.4
2025-02-24 14:31:25,754 - DEBUG -     Sample: [0 0 0 0 0 0 0 0 0 0 1 1]
2025-02-24 14:31:25,754 - DEBUG -      3 |    70 |   7.0
2025-02-24 14:31:25,754 - DEBUG -     Sample: [0 0 0 0 0 0 0 0 1 1 1 1]
2025-02-24 14:31:25,754 - DEBUG -      4 |    61 |   6.1
2025-02-24 14:31:25,755 - DEBUG -     Sample: [0 0 0 0 0 0 0 0 0 1 1 1]
2025-02-24 14:31:25,755 - DEBUG -      5 |    22 |   2.2
2025-02-24 14:31:25,755 - DEBUG -     Sample: [0 0 0 0 0 0 0 0 1 0 0 1]
2025-02-24 14:31:25,755 - DEBUG - Generated 11 unique samples from 1000 total measurements
2025-02-24 14:31:25,755 - INFO -   No feasible solution found in this iteration
2025-02-24 14:31:25,756 - INFO -   Added 9 new constraints: [2, 5, 14, 20, 26, 29, 34, 38, 39]
2025-02-24 14:31:25,756 - INFO - 
Iteration 1:
2025-02-24 14:31:25,756 - DEBUG - Generated Ising Hamiltonian
2025-02-24 14:31:25,757 - DEBUG - Optimizing QAOA circuit...
2025-02-24 14:31:35,724 - WARNING - Circuit optimization did not converge
2025-02-24 14:31:35,724 - WARNING - Circuit optimization did not converge
2025-02-24 14:31:35,724 - DEBUG - Sampling from optimized circuit...
2025-02-24 14:31:35,803 - DEBUG - Generated 14 unique samples from 1000 total measurements
2025-02-24 14:31:35,803 - DEBUG - 
Top 5 most frequent samples:
2025-02-24 14:31:35,803 - DEBUG -   Rank | Count |   %   
2025-02-24 14:31:35,803 - DEBUG -   -----|-------|-------
2025-02-24 14:31:35,803 - DEBUG -      1 |   407 |  40.7
2025-02-24 14:31:35,804 - DEBUG -     Sample: [0 0 0 0 0 0 0 0 1 0 1 1]
2025-02-24 14:31:35,804 - DEBUG -      2 |   384 |  38.4
2025-02-24 14:31:35,804 - DEBUG -     Sample: [0 0 0 0 0 0 0 0 0 0 1 1]
2025-02-24 14:31:35,804 - DEBUG -      3 |    69 |   6.9
2025-02-24 14:31:35,804 - DEBUG -     Sample: [0 0 0 0 0 0 0 0 1 1 1 1]
2025-02-24 14:31:35,804 - DEBUG -      4 |    68 |   6.8
2025-02-24 14:31:35,805 - DEBUG -     Sample: [0 0 0 0 0 0 0 0 0 1 1 1]
2025-02-24 14:31:35,805 - DEBUG -      5 |    36 |   3.6
2025-02-24 14:31:35,805 - DEBUG -     Sample: [0 0 0 0 0 0 0 0 1 0 0 1]
2025-02-24 14:31:35,805 - DEBUG - Generated 14 unique samples from 1000 total measurements
2025-02-24 14:31:35,806 - INFO -   No feasible solution found in this iteration
2025-02-24 14:31:35,806 - INFO -   No new constraints added, lowered tau multiplier: 1.0 -> 0.9
2025-02-24 14:31:35,806 - INFO -   No new constraints added, lowered tau multiplier: 0.9 -> 0.8
2025-02-24 14:31:35,806 - INFO -   No new constraints added, lowered tau multiplier: 0.8 -> 0.7
2025-02-24 14:31:35,806 - INFO -   No new constraints added, lowered tau multiplier: 0.7 -> 0.6
2025-02-24 14:31:35,807 - INFO -   Added 1 new constraints: [1]
2025-02-24 14:31:35,807 - INFO - 
Iteration 2:
2025-02-24 14:31:35,807 - DEBUG - Generated Ising Hamiltonian
2025-02-24 14:31:35,809 - DEBUG - Optimizing QAOA circuit...
2025-02-24 14:31:40,459 - WARNING - Circuit optimization did not converge
2025-02-24 14:31:40,459 - WARNING - Circuit optimization did not converge
2025-02-24 14:31:40,459 - DEBUG - Sampling from optimized circuit...
2025-02-24 14:31:40,516 - DEBUG - Generated 16 unique samples from 1000 total measurements
2025-02-24 14:31:40,516 - DEBUG - 
Top 5 most frequent samples:
2025-02-24 14:31:40,516 - DEBUG -   Rank | Count |   %   
2025-02-24 14:31:40,517 - DEBUG -   -----|-------|-------
2025-02-24 14:31:40,517 - DEBUG -      1 |   130 |  13.0
2025-02-24 14:31:40,517 - DEBUG -     Sample: [0 0 0 0 0 0 0 0 1 0 1 1]
2025-02-24 14:31:40,517 - DEBUG -      2 |   123 |  12.3
2025-02-24 14:31:40,517 - DEBUG -     Sample: [0 0 0 0 0 0 0 0 1 1 1 1]
2025-02-24 14:31:40,517 - DEBUG -      3 |   118 |  11.8
2025-02-24 14:31:40,517 - DEBUG -     Sample: [0 0 0 0 0 0 0 0 0 1 1 1]
2025-02-24 14:31:40,517 - DEBUG -      4 |   103 |  10.3
2025-02-24 14:31:40,517 - DEBUG -     Sample: [0 0 0 0 0 0 0 0 0 0 1 1]
2025-02-24 14:31:40,518 - DEBUG -      5 |   103 |  10.3
2025-02-24 14:31:40,518 - DEBUG -     Sample: [0 0 0 0 0 0 0 0 1 1 0 0]
2025-02-24 14:31:40,518 - DEBUG - Generated 16 unique samples from 1000 total measurements
2025-02-24 14:31:40,518 - INFO -   No feasible solution found in this iteration
2025-02-24 14:31:40,518 - INFO -   No new constraints added, lowered tau multiplier: 1.0 -> 0.9
2025-02-24 14:31:40,518 - INFO -   No new constraints added, lowered tau multiplier: 0.9 -> 0.8
2025-02-24 14:31:40,519 - INFO -   No new constraints added, lowered tau multiplier: 0.8 -> 0.7
2025-02-24 14:31:40,519 - INFO -   No new constraints added, lowered tau multiplier: 0.7 -> 0.6
2025-02-24 14:31:40,519 - INFO -   No new constraints added, lowered tau multiplier: 0.6 -> 0.5
2025-02-24 14:31:40,519 - INFO -   No new constraints added, lowered tau multiplier: 0.5 -> 0.4
2025-02-24 14:31:40,519 - INFO -   Added 30 new constraints: [0, 3, 4, 6, 7, 8, 9, 10, 11, 12, 13, 15, 16, 17, 18, 19, 21, 22, 23, 24, 25, 27, 28, 30, 31, 32, 33, 35, 36, 37]
2025-02-24 14:31:40,519 - INFO - 
Iteration 3:
2025-02-24 14:31:40,519 - DEBUG - Generated Ising Hamiltonian
2025-02-24 14:31:40,522 - DEBUG - Optimizing QAOA circuit...
2025-02-24 14:31:51,556 - WARNING - Circuit optimization did not converge
2025-02-24 14:31:51,556 - WARNING - Circuit optimization did not converge
2025-02-24 14:31:51,556 - DEBUG - Sampling from optimized circuit...
2025-02-24 14:31:51,622 - DEBUG - Generated 16 unique samples from 1000 total measurements
2025-02-24 14:31:51,622 - DEBUG - 
Top 5 most frequent samples:
2025-02-24 14:31:51,622 - DEBUG -   Rank | Count |   %   
2025-02-24 14:31:51,622 - DEBUG -   -----|-------|-------
2025-02-24 14:31:51,622 - DEBUG -      1 |    97 |   9.7
2025-02-24 14:31:51,622 - DEBUG -     Sample: [0 0 0 0 0 0 0 0 0 0 1 0]
2025-02-24 14:31:51,622 - DEBUG -      2 |    91 |   9.1
2025-02-24 14:31:51,623 - DEBUG -     Sample: [0 0 0 0 0 0 0 0 0 0 0 1]
2025-02-24 14:31:51,623 - DEBUG -      3 |    75 |   7.5
2025-02-24 14:31:51,623 - DEBUG -     Sample: [0 0 0 0 0 0 0 0 1 0 0 1]
2025-02-24 14:31:51,623 - DEBUG -      4 |    74 |   7.4
2025-02-24 14:31:51,623 - DEBUG -     Sample: [0 0 0 0 0 0 0 0 0 0 0 0]
2025-02-24 14:31:51,623 - DEBUG -      5 |    72 |   7.2
2025-02-24 14:31:51,623 - DEBUG -     Sample: [0 0 0 0 0 0 0 0 0 1 0 1]
2025-02-24 14:31:51,624 - DEBUG - Generated 16 unique samples from 1000 total measurements
2025-02-24 14:31:51,624 - INFO -   No feasible solution found in this iteration
2025-02-24 14:31:51,624 - INFO -   All constraints added, exiting
2025-02-24 14:31:51,624 - INFO -   Constraint generation found no feasible solution
2025-02-24 14:31:51,624 - INFO - 
Instance 39 results:
2025-02-24 14:31:51,624 - INFO -   Classical value: 175.0
2025-02-24 14:31:51,624 - INFO -   QAOA value: 0.0
2025-02-24 14:31:51,624 - INFO -   Constraint generation value: 0.0
2025-02-24 14:31:51,625 - INFO - 
Running instance 40/100
2025-02-24 14:31:51,626 - INFO - 
Running Classical Reference Solver (SCIP):
2025-02-24 14:31:51,627 - DEBUG - Problem dimensions: 40 constraints, 12 variables
2025-02-24 14:31:51,627 - DEBUG - Row names: ['ELEM1', 'ELEM2', 'ELEM3', 'ELEM4', 'ELEM5', 'ELEM6', 'ELEM7', 'ELEM8', 'ELEM9', 'ELEM10', 'ELEM11', 'ELEM12', 'ELEM13', 'ELEM14', 'ELEM15', 'ELEM16', 'ELEM17', 'ELEM18', 'ELEM19', 'ELEM20', 'ELEM21', 'ELEM22', 'ELEM23', 'ELEM24', 'ELEM25', 'ELEM26', 'ELEM27', 'ELEM28', 'ELEM29', 'ELEM30', 'ELEM31', 'ELEM32', 'ELEM33', 'ELEM34', 'ELEM35', 'ELEM36', 'ELEM37', 'ELEM38', 'ELEM39', 'ELEM40']
2025-02-24 14:31:51,627 - DEBUG - RHS values: {'ELEM1': 1.0, 'ELEM2': 1.0, 'ELEM3': 1.0, 'ELEM4': 1.0, 'ELEM5': 1.0, 'ELEM6': 1.0, 'ELEM7': 1.0, 'ELEM8': 1.0, 'ELEM9': 1.0, 'ELEM10': 1.0, 'ELEM11': 1.0, 'ELEM12': 1.0, 'ELEM13': 1.0, 'ELEM14': 1.0, 'ELEM15': 1.0, 'ELEM16': 1.0, 'ELEM17': 1.0, 'ELEM18': 1.0, 'ELEM19': 1.0, 'ELEM20': 1.0, 'ELEM21': 1.0, 'ELEM22': 1.0, 'ELEM23': 1.0, 'ELEM24': 1.0, 'ELEM25': 1.0, 'ELEM26': 1.0, 'ELEM27': 1.0, 'ELEM28': 1.0, 'ELEM29': 1.0, 'ELEM30': 1.0, 'ELEM31': 1.0, 'ELEM32': 1.0, 'ELEM33': 1.0, 'ELEM34': 1.0, 'ELEM35': 1.0, 'ELEM36': 1.0, 'ELEM37': 1.0, 'ELEM38': 1.0, 'ELEM39': 1.0, 'ELEM40': 1.0}
2025-02-24 14:31:51,637 - INFO -   Reference solution found:
2025-02-24 14:31:51,637 - INFO -     Solution: [0, 0, 0, 0, 0, 0, 1, 0, 0, 0, 1, 1]
2025-02-24 14:31:51,637 - INFO -     Value: 179.0
2025-02-24 14:31:51,637 - INFO - 
Running QAOA Reference Solution (with all constraints):
