2025-02-23 18:50:49,819 - INFO - 
Problem information:
2025-02-23 18:50:49,819 - INFO -   Number of variables (n): 10
2025-02-23 18:50:49,819 - INFO -   Number of constraints (m): 20
2025-02-23 18:50:49,820 - DEBUG -   Density of A: 50.00%
2025-02-23 18:50:49,820 - INFO - 
Starting reference QAOA with parameters:
2025-02-23 18:50:49,820 - INFO -   sample_size (total shots): 100
2025-02-23 18:50:49,820 - INFO - Added all constraints
2025-02-23 18:50:49,821 - DEBUG - Generated Ising Hamiltonian
2025-02-23 18:50:50,049 - DEBUG - Optimizing QAOA circuit...
2025-02-23 18:50:51,680 - DEBUG - Circuit optimization successful
2025-02-23 18:50:51,680 - DEBUG - Circuit optimization successful, final value: -7668.2147852147855
2025-02-23 18:50:51,680 - DEBUG - Sampling from optimized circuit...
2025-02-23 18:50:51,694 - DEBUG - Generated 94 unique samples from 100 total measurements
2025-02-23 18:50:51,694 - DEBUG - 
Top 5 most frequent samples:
2025-02-23 18:50:51,694 - DEBUG -   Rank | Count |   %   
2025-02-23 18:50:51,694 - DEBUG -   -----|-------|-------
2025-02-23 18:50:51,694 - DEBUG -      1 |     2 |   2.0
2025-02-23 18:50:51,695 - DEBUG -     Sample: [0 1 1 1 1 0 0 1 0 1]
2025-02-23 18:50:51,695 - DEBUG -      2 |     2 |   2.0
2025-02-23 18:50:51,695 - DEBUG -     Sample: [0 0 0 0 1 0 0 1 0 1]
2025-02-23 18:50:51,695 - DEBUG -      3 |     2 |   2.0
2025-02-23 18:50:51,695 - DEBUG -     Sample: [1 1 0 1 0 1 1 1 1 1]
2025-02-23 18:50:51,695 - DEBUG -      4 |     2 |   2.0
2025-02-23 18:50:51,695 - DEBUG -     Sample: [1 1 0 1 1 1 0 0 0 0]
2025-02-23 18:50:51,696 - DEBUG -      5 |     2 |   2.0
2025-02-23 18:50:51,696 - DEBUG -     Sample: [0 0 0 0 0 1 0 0 1 0]
2025-02-23 18:50:51,696 - DEBUG - Generated 94 unique samples from 100 total measurements
2025-02-23 18:50:51,698 - INFO - No feasible solution found
2025-02-23 18:50:51,698 - INFO -   QAOA solver found no feasible solution
2025-02-23 18:50:51,698 - INFO - 
Running Constraint Generation:
2025-02-23 18:50:51,700 - INFO - 
Problem information:
2025-02-23 18:50:51,700 - INFO -   Number of variables (n): 10
2025-02-23 18:50:51,700 - INFO -   Number of constraints (m): 20
2025-02-23 18:50:51,700 - DEBUG -   Density of A: 50.00%
2025-02-23 18:50:51,700 - INFO - 
Running classical reference solver:
2025-02-23 18:50:51,711 - INFO -   Reference solution found:
2025-02-23 18:50:51,712 - INFO -     Solution: [0, 1, 0, 0, 0, 0, 1, 0, 0, 0]
2025-02-23 18:50:51,712 - INFO -     Value: 16.0
2025-02-23 18:50:51,712 - INFO - 
Starting quantum constraint generation with parameters:
2025-02-23 18:50:51,712 - INFO -   sample_size (total shots): 100
2025-02-23 18:50:51,712 - INFO -   tau: 0.1
2025-02-23 18:50:51,712 - INFO -   max_iters: 1000
2025-02-23 18:50:51,713 - INFO - 
Iteration 0:
2025-02-23 18:50:51,713 - DEBUG - Generated Ising Hamiltonian
2025-02-23 18:50:51,936 - DEBUG - Optimizing QAOA circuit...
2025-02-23 18:50:52,987 - DEBUG - Circuit optimization successful
2025-02-23 18:50:52,988 - DEBUG - Circuit optimization successful, final value: -35.13786213786214
2025-02-23 18:50:52,988 - DEBUG - Sampling from optimized circuit...
2025-02-23 18:50:52,998 - DEBUG - Generated 87 unique samples from 100 total measurements
2025-02-23 18:50:52,998 - DEBUG - 
Top 5 most frequent samples:
2025-02-23 18:50:52,998 - DEBUG -   Rank | Count |   %   
2025-02-23 18:50:52,998 - DEBUG -   -----|-------|-------
2025-02-23 18:50:52,998 - DEBUG -      1 |     2 |   2.0
2025-02-23 18:50:52,999 - DEBUG -     Sample: [0 0 1 0 1 0 0 1 0 1]
2025-02-23 18:50:52,999 - DEBUG -      2 |     2 |   2.0
2025-02-23 18:50:52,999 - DEBUG -     Sample: [0 0 0 0 1 0 0 1 1 1]
2025-02-23 18:50:52,999 - DEBUG -      3 |     2 |   2.0
2025-02-23 18:50:52,999 - DEBUG -     Sample: [0 0 0 0 1 1 0 1 0 1]
2025-02-23 18:50:53,000 - DEBUG -      4 |     2 |   2.0
2025-02-23 18:50:53,000 - DEBUG -     Sample: [0 0 0 0 0 1 0 1 0 0]
2025-02-23 18:50:53,000 - DEBUG -      5 |     2 |   2.0
2025-02-23 18:50:53,000 - DEBUG -     Sample: [1 0 1 0 1 1 0 1 1 1]
2025-02-23 18:50:53,001 - DEBUG - Generated 87 unique samples from 100 total measurements
2025-02-23 18:50:53,003 - INFO -   No feasible solution found in this iteration
2025-02-23 18:50:53,003 - INFO -   Added 1 new constraints: [18]
2025-02-23 18:50:53,003 - INFO - 
Iteration 1:
2025-02-23 18:50:53,004 - DEBUG - Generated Ising Hamiltonian
2025-02-23 18:50:53,209 - DEBUG - Optimizing QAOA circuit...
2025-02-23 18:50:54,262 - DEBUG - Circuit optimization successful
2025-02-23 18:50:54,262 - DEBUG - Circuit optimization successful, final value: -5247.35014985015
2025-02-23 18:50:54,262 - DEBUG - Sampling from optimized circuit...
2025-02-23 18:50:54,273 - DEBUG - Generated 46 unique samples from 100 total measurements
2025-02-23 18:50:54,274 - DEBUG - 
Top 5 most frequent samples:
2025-02-23 18:50:54,274 - DEBUG -   Rank | Count |   %   
2025-02-23 18:50:54,274 - DEBUG -   -----|-------|-------
2025-02-23 18:50:54,274 - DEBUG -      1 |    14 |  14.0
2025-02-23 18:50:54,274 - DEBUG -     Sample: [0 0 0 1 0 0 1 0 0 0]
2025-02-23 18:50:54,274 - DEBUG -      2 |    10 |  10.0
2025-02-23 18:50:54,274 - DEBUG -     Sample: [1 0 0 1 0 0 1 0 1 0]
2025-02-23 18:50:54,275 - DEBUG -      3 |     6 |   6.0
2025-02-23 18:50:54,275 - DEBUG -     Sample: [0 0 0 1 0 0 1 0 1 0]
2025-02-23 18:50:54,275 - DEBUG -      4 |     5 |   5.0
2025-02-23 18:50:54,275 - DEBUG -     Sample: [0 1 0 1 0 0 1 0 0 0]
2025-02-23 18:50:54,275 - DEBUG -      5 |     4 |   4.0
2025-02-23 18:50:54,275 - DEBUG -     Sample: [1 0 0 1 1 0 1 0 1 0]
2025-02-23 18:50:54,276 - DEBUG - Generated 46 unique samples from 100 total measurements
2025-02-23 18:50:54,277 - INFO -   No feasible solution found in this iteration
2025-02-23 18:50:54,277 - INFO -   Added 2 new constraints: [12, 17]
2025-02-23 18:50:54,277 - INFO - 
Iteration 2:
2025-02-23 18:50:54,278 - DEBUG - Generated Ising Hamiltonian
2025-02-23 18:50:54,491 - DEBUG - Optimizing QAOA circuit...
2025-02-23 18:50:55,635 - DEBUG - Circuit optimization successful
2025-02-23 18:50:55,636 - DEBUG - Circuit optimization successful, final value: -2060.873626373627
2025-02-23 18:50:55,636 - DEBUG - Sampling from optimized circuit...
2025-02-23 18:50:55,647 - DEBUG - Generated 72 unique samples from 100 total measurements
2025-02-23 18:50:55,648 - DEBUG - 
Top 5 most frequent samples:
2025-02-23 18:50:55,648 - DEBUG -   Rank | Count |   %   
2025-02-23 18:50:55,648 - DEBUG -   -----|-------|-------
2025-02-23 18:50:55,648 - DEBUG -      1 |     7 |   7.0
2025-02-23 18:50:55,648 - DEBUG -     Sample: [1 0 0 1 0 0 1 0 1 0]
2025-02-23 18:50:55,648 - DEBUG -      2 |     6 |   6.0
2025-02-23 18:50:55,649 - DEBUG -     Sample: [0 0 0 1 0 0 1 0 1 0]
2025-02-23 18:50:55,649 - DEBUG -      3 |     4 |   4.0
2025-02-23 18:50:55,649 - DEBUG -     Sample: [1 0 1 1 1 0 0 0 1 0]
2025-02-23 18:50:55,649 - DEBUG -      4 |     4 |   4.0
2025-02-23 18:50:55,649 - DEBUG -     Sample: [0 0 0 1 0 0 1 0 0 0]
2025-02-23 18:50:55,649 - DEBUG -      5 |     3 |   3.0
2025-02-23 18:50:55,650 - DEBUG -     Sample: [0 0 0 0 0 0 0 0 0 0]
2025-02-23 18:50:55,650 - DEBUG - Generated 72 unique samples from 100 total measurements
2025-02-23 18:50:55,651 - INFO -   No feasible solution found in this iteration
2025-02-23 18:50:55,652 - INFO -   No new constraints added, lowered tau multiplier: 1.0 -> 0.9
2025-02-23 18:50:55,652 - INFO -   Added 6 new constraints: [2, 6, 7, 10, 11, 16]
2025-02-23 18:50:55,652 - INFO - 
Iteration 3:
2025-02-23 18:50:55,652 - DEBUG - Generated Ising Hamiltonian
2025-02-23 18:50:55,847 - DEBUG - Optimizing QAOA circuit...
2025-02-23 18:50:57,467 - DEBUG - Circuit optimization successful
2025-02-23 18:50:57,467 - DEBUG - Circuit optimization successful, final value: -2354.072427572428
2025-02-23 18:50:57,467 - DEBUG - Sampling from optimized circuit...
2025-02-23 18:50:57,484 - DEBUG - Generated 94 unique samples from 100 total measurements
2025-02-23 18:50:57,485 - DEBUG - 
Top 5 most frequent samples:
2025-02-23 18:50:57,485 - DEBUG -   Rank | Count |   %   
2025-02-23 18:50:57,485 - DEBUG -   -----|-------|-------
2025-02-23 18:50:57,485 - DEBUG -      1 |     2 |   2.0
2025-02-23 18:50:57,485 - DEBUG -     Sample: [0 1 0 1 0 0 1 1 1 1]
2025-02-23 18:50:57,485 - DEBUG -      2 |     2 |   2.0
2025-02-23 18:50:57,486 - DEBUG -     Sample: [0 1 1 1 1 0 0 0 1 1]
2025-02-23 18:50:57,486 - DEBUG -      3 |     2 |   2.0
2025-02-23 18:50:57,486 - DEBUG -     Sample: [1 0 0 1 0 0 0 0 1 0]
2025-02-23 18:50:57,486 - DEBUG -      4 |     2 |   2.0
2025-02-23 18:50:57,486 - DEBUG -     Sample: [0 0 0 0 0 1 0 1 1 0]
2025-02-23 18:50:57,486 - DEBUG -      5 |     2 |   2.0
2025-02-23 18:50:57,487 - DEBUG -     Sample: [1 0 0 0 1 1 0 0 0 0]
2025-02-23 18:50:57,487 - DEBUG - Generated 94 unique samples from 100 total measurements
2025-02-23 18:50:57,489 - INFO - Found feasible solution: [0 0 0 1 0 0 0 1 0 0] with objective value 149.0
2025-02-23 18:50:57,489 - INFO -   Found feasible solution:
2025-02-23 18:50:57,490 - INFO -     Solution: [0, 0, 0, 1, 0, 0, 0, 1, 0, 0]
2025-02-23 18:50:57,490 - INFO -     Value: 149.0
2025-02-23 18:50:57,490 - INFO -     Gap to reference: 831.25%
2025-02-23 18:50:57,490 - INFO -   Constraint generation solution found:
2025-02-23 18:50:57,490 - INFO -     Solution: [0, 0, 0, 1, 0, 0, 0, 1, 0, 0]
2025-02-23 18:50:57,490 - INFO -     Value: 149.0
2025-02-23 18:50:57,491 - INFO - 
Instance 56 results:
2025-02-23 18:50:57,491 - INFO -   Classical value: 16.0
2025-02-23 18:50:57,491 - INFO -   QAOA value: 0.0
2025-02-23 18:50:57,491 - INFO -   Constraint generation value: 149.0
2025-02-23 18:50:57,491 - INFO - 
Running instance 57/100
2025-02-23 18:50:57,493 - INFO - 
Running Classical Reference Solver (SCIP):
2025-02-23 18:50:57,494 - DEBUG - Problem dimensions: 20 constraints, 10 variables
2025-02-23 18:50:57,494 - DEBUG - Row names: ['ELEM1', 'ELEM2', 'ELEM3', 'ELEM4', 'ELEM5', 'ELEM6', 'ELEM7', 'ELEM8', 'ELEM9', 'ELEM10', 'ELEM11', 'ELEM12', 'ELEM13', 'ELEM14', 'ELEM15', 'ELEM16', 'ELEM17', 'ELEM18', 'ELEM19', 'ELEM20']
2025-02-23 18:50:57,494 - DEBUG - RHS values: {'ELEM1': 1.0, 'ELEM2': 1.0, 'ELEM3': 1.0, 'ELEM4': 1.0, 'ELEM5': 1.0, 'ELEM6': 1.0, 'ELEM7': 1.0, 'ELEM8': 1.0, 'ELEM9': 1.0, 'ELEM10': 1.0, 'ELEM11': 1.0, 'ELEM12': 1.0, 'ELEM13': 1.0, 'ELEM14': 1.0, 'ELEM15': 1.0, 'ELEM16': 1.0, 'ELEM17': 1.0, 'ELEM18': 1.0, 'ELEM19': 1.0, 'ELEM20': 1.0}
2025-02-23 18:50:57,506 - INFO -   Reference solution found:
2025-02-23 18:50:57,506 - INFO -     Solution: [0, 1, 1, 0, 0, 0, 0, 0, 0, 0]
2025-02-23 18:50:57,507 - INFO -     Value: 23.0
2025-02-23 18:50:57,507 - INFO - 
Running QAOA Reference Solution (with all constraints):
